<?xml version="1.0" encoding="UTF-8"?>
<testsuites name="09.1 - Settings (Invite users)" time="948.155" tests="5" failures="0" errors="0">
   <testsuite name="09.1 - Settings (Invite users)" tests="5" failures="0" errors="0" time="948.155" skipped="0" timestamp="2022-11-23 11:32:20" hostname="User - DESKTOP-QCRNR4M" id="Test Suites/TS-Organization/09.1 - Settings (Invite users)">
      <properties>
         <property name="deviceName" value=""/>
         <property name="devicePlatform" value=""/>
         <property name="logFolder" value="C:\\Users\\User\\Katalon Studio\\EverleaguesMain\\Reports\\20221123_113218\\TS-Organization\\09.1 - Settings (Invite users)\\20221123_113218"/>
         <property name="logFiles" value="C:\\Users\\User\\Katalon Studio\\EverleaguesMain\\Reports\\20221123_113218\\TS-Organization\\09.1 - Settings (Invite users)\\20221123_113218\\execution0.log"/>
         <property name="attachments" value=""/>
         <property name="hostName" value="User - DESKTOP-QCRNR4M"/>
         <property name="os" value="Windows 10 64bit"/>
         <property name="katalonVersion" value="8.4.1.208"/>
         <property name="browser" value="Chrome 107.0.0.0"/>
         <property name="hostAddress" value="192.168.5.124"/>
         <property name="sessionId" value="3c27de66d7081daf8ca0adb57eb0bae8"/>
         <property name="seleniumVersion" value="3.141.59"/>
         <property name="proxyInformation" value="ProxyInformation { proxyOption=NO_PROXY, proxyServerType=HTTP, username=, password=********, proxyServerAddress=, proxyServerPort=0, executionList=&quot;&quot;, isApplyToDesiredCapabilities=true }"/>
         <property name="platform" value="Windows 10"/>
      </properties>
      <testcase name="Test Cases/09-Settings/01 - Users (Invite new user but field are blank)" time="115.261" classname="Test Cases/09-Settings/01 - Users (Invite new user but field are blank)" status="PASSED">
         <system-out><![CDATA[2022-11-23 11:32:21 - [TEST_CASE][PASSED] - Test Cases/09-Settings/01 - Users (Invite new user but field are blank): Test Cases/09-Settings/01 - Users (Invite new user but field are blank)

2022-11-23 11:32:21 - [TEST_STEP][PASSED] - openBrowser(""): Browser is opened with url: ''

2022-11-23 11:32:21 - [MESSAGE][INFO] - Starting 'Chrome' driver

2022-11-23 11:32:21 - [MESSAGE][INFO] - Action delay is set to 0 milliseconds

2022-11-23 11:32:23 - [MESSAGE][PASSED] - Browser is opened with url: ''

2022-11-23 11:32:23 - [TEST_STEP][PASSED] - navigateToUrl("https://lab.everleagues.com/"): Navigate to 'https://lab.everleagues.com/' successfully

2022-11-23 11:33:02 - [MESSAGE][PASSED] - Navigate to 'https://lab.everleagues.com/' successfully

2022-11-23 11:33:02 - [TEST_STEP][PASSED] - maximizeWindow(): Current window maximized

2022-11-23 11:33:02 - [MESSAGE][PASSED] - Current window maximized

2022-11-23 11:33:02 - [TEST_STEP][PASSED] - setText(findTestObject("02-Side Icons(Organization)/Add Contact/Email Field"), "testuser02@mailinator.com"): Text 'testuser02@mailinator.com' is set on object 'Object Repository/02-Side Icons(Organization)/Add Contact/Email Field'

2022-11-23 11:33:03 - [MESSAGE][PASSED] - Text 'testuser02@mailinator.com' is set on object 'Object Repository/02-Side Icons(Organization)/Add Contact/Email Field'

2022-11-23 11:33:03 - [TEST_STEP][PASSED] - setEncryptedText(findTestObject("02-Side Icons(Organization)/Add Contact/Password Field"), "8yFRyszE6U6jvsCn51OQbg=="): Text ****** has been set on object 'Object Repository/02-Side Icons(Organization)/Add Contact/Password Field'

2022-11-23 11:33:04 - [MESSAGE][PASSED] - Text ****** has been set on object 'Object Repository/02-Side Icons(Organization)/Add Contact/Password Field'

2022-11-23 11:33:04 - [TEST_STEP][PASSED] - click(findTestObject("02-Side Icons(Organization)/Add Contact/button_Sign in")): Object: 'Object Repository/02-Side Icons(Organization)/Add Contact/button_Sign in' is clicked on

2022-11-23 11:33:05 - [MESSAGE][PASSED] - Object: 'Object Repository/02-Side Icons(Organization)/Add Contact/button_Sign in' is clicked on

2022-11-23 11:33:05 - [TEST_STEP][PASSED] - delay(2): Delayed 2 second(s)

2022-11-23 11:33:07 - [MESSAGE][PASSED] - Delayed 2 second(s)

2022-11-23 11:33:07 - [TEST_STEP][PASSED] - click(findTestObject("06-Teams/For 2FA/button_Confirm_2FA")): Object: 'Object Repository/06-Teams/For 2FA/button_Confirm_2FA' is clicked on

2022-11-23 11:33:07 - [MESSAGE][PASSED] - Object: 'Object Repository/06-Teams/For 2FA/button_Confirm_2FA' is clicked on

2022-11-23 11:33:07 - [TEST_STEP][PASSED] - executeJavaScript("window.open();", []): Execute JavaScript 'window.open();' successfully

2022-11-23 11:33:07 - [MESSAGE][PASSED] - Execute JavaScript 'window.open();' successfully

2022-11-23 11:33:07 - [TEST_STEP][PASSED] - currentWindow = getWindowIndex(): Current window's index is: 0

2022-11-23 11:33:07 - [MESSAGE][PASSED] - Current window's index is: 0

2022-11-23 11:33:07 - [TEST_STEP][PASSED] - delay(3): Delayed 3 second(s)

2022-11-23 11:33:10 - [MESSAGE][PASSED] - Delayed 3 second(s)

2022-11-23 11:33:10 - [TEST_STEP][PASSED] - switchToWindowIndex(currentWindow + 1): Switched to window with index: '1'

2022-11-23 11:33:10 - [MESSAGE][PASSED] - Switched to window with index: '1'

2022-11-23 11:33:10 - [TEST_STEP][PASSED] - navigateToUrl("https://www.mailinator.com/"): Navigate to 'https://www.mailinator.com/' successfully

2022-11-23 11:33:12 - [MESSAGE][PASSED] - Navigate to 'https://www.mailinator.com/' successfully

2022-11-23 11:33:12 - [TEST_STEP][PASSED] - delay(3): Delayed 3 second(s)

2022-11-23 11:33:15 - [MESSAGE][PASSED] - Delayed 3 second(s)

2022-11-23 11:33:15 - [TEST_STEP][PASSED] - setText(findTestObject("00-Signup and Activation/zMailinator/input_LOGIN_search"), "testuser02@mailinator.com"): Text 'testuser02@mailinator.com' is set on object 'Object Repository/00-Signup and Activation/zMailinator/input_LOGIN_search'

2022-11-23 11:33:16 - [MESSAGE][PASSED] - Text 'testuser02@mailinator.com' is set on object 'Object Repository/00-Signup and Activation/zMailinator/input_LOGIN_search'

2022-11-23 11:33:16 - [TEST_STEP][PASSED] - click(findTestObject("00-Signup and Activation/zMailinator/gobutton"), STOP_ON_FAILURE): Object: 'Object Repository/00-Signup and Activation/zMailinator/gobutton' is clicked on

2022-11-23 11:33:18 - [MESSAGE][PASSED] - Object: 'Object Repository/00-Signup and Activation/zMailinator/gobutton' is clicked on

2022-11-23 11:33:18 - [TEST_STEP][PASSED] - delay(3): Delayed 3 second(s)

2022-11-23 11:33:21 - [MESSAGE][PASSED] - Delayed 3 second(s)

2022-11-23 11:33:21 - [TEST_STEP][PASSED] - click(findTestObject("00-Signup and Activation/zMailinator/Email - everleagues")): Object: 'Object Repository/00-Signup and Activation/zMailinator/Email - everleagues' is clicked on

2022-11-23 11:33:21 - [MESSAGE][PASSED] - Object: 'Object Repository/00-Signup and Activation/zMailinator/Email - everleagues' is clicked on

2022-11-23 11:33:21 - [TEST_STEP][PASSED] - delay(3): Delayed 3 second(s)

2022-11-23 11:33:24 - [MESSAGE][PASSED] - Delayed 3 second(s)

2022-11-23 11:33:24 - [TEST_STEP][PASSED] - code = getText(findTestObject("Object Repository/06-Teams/For 2FA/2FA code")): Text of object 'Object Repository/06-Teams/For 2FA/2FA code' is: '603107'

2022-11-23 11:33:25 - [MESSAGE][PASSED] - Text of object 'Object Repository/06-Teams/For 2FA/2FA code' is: '603107'

2022-11-23 11:33:25 - [TEST_STEP][PASSED] - delay(3): Delayed 3 second(s)

2022-11-23 11:33:28 - [MESSAGE][PASSED] - Delayed 3 second(s)

2022-11-23 11:33:28 - [TEST_STEP][PASSED] - closeWindowTitle("Mailinator"): Window with title: 'Mailinator' is closed

2022-11-23 11:33:28 - [MESSAGE][PASSED] - Window with title: 'Mailinator' is closed

2022-11-23 11:33:28 - [TEST_STEP][PASSED] - delay(3): Delayed 3 second(s)

2022-11-23 11:33:31 - [MESSAGE][PASSED] - Delayed 3 second(s)

2022-11-23 11:33:31 - [TEST_STEP][PASSED] - switchToWindowIndex(0): Switched to window with index: '0'

2022-11-23 11:33:31 - [MESSAGE][PASSED] - Switched to window with index: '0'

2022-11-23 11:33:31 - [TEST_STEP][PASSED] - delay(3): Delayed 3 second(s)

2022-11-23 11:33:34 - [MESSAGE][PASSED] - Delayed 3 second(s)

2022-11-23 11:33:34 - [TEST_STEP][PASSED] - setText(findTestObject("Object Repository/06-Teams/For 2FA/input_Enter verification code_code"), code): Text '603107' is set on object 'Object Repository/06-Teams/For 2FA/input_Enter verification code_code'

2022-11-23 11:33:35 - [MESSAGE][PASSED] - Text '603107' is set on object 'Object Repository/06-Teams/For 2FA/input_Enter verification code_code'

2022-11-23 11:33:35 - [TEST_STEP][PASSED] - delay(3): Delayed 3 second(s)

2022-11-23 11:33:38 - [MESSAGE][PASSED] - Delayed 3 second(s)

2022-11-23 11:33:38 - [TEST_STEP][PASSED] - click(findTestObject("06-Teams/For 2FA/button_Verify_2FA")): Object: 'Object Repository/06-Teams/For 2FA/button_Verify_2FA' is clicked on

2022-11-23 11:33:38 - [MESSAGE][PASSED] - Object: 'Object Repository/06-Teams/For 2FA/button_Verify_2FA' is clicked on

2022-11-23 11:33:38 - [TEST_STEP][PASSED] - delay(5): Delayed 5 second(s)

2022-11-23 11:33:43 - [MESSAGE][PASSED] - Delayed 5 second(s)

2022-11-23 11:33:43 - [TEST_STEP][PASSED] - click(findTestObject("06-Teams/button_doublearrow")): Object: 'Object Repository/06-Teams/button_doublearrow' is clicked on

2022-11-23 11:33:45 - [MESSAGE][PASSED] - Object: 'Object Repository/06-Teams/button_doublearrow' is clicked on

2022-11-23 11:33:45 - [TEST_STEP][PASSED] - click(findTestObject("06-Teams/button_My Organizations")): Object: 'Object Repository/06-Teams/button_My Organizations' is clicked on

2022-11-23 11:33:45 - [MESSAGE][PASSED] - Object: 'Object Repository/06-Teams/button_My Organizations' is clicked on

2022-11-23 11:33:45 - [TEST_STEP][PASSED] - click(findTestObject("06-Teams/button_GG Automation")): Object: 'Object Repository/06-Teams/button_GG Automation' is clicked on

2022-11-23 11:33:46 - [MESSAGE][PASSED] - Object: 'Object Repository/06-Teams/button_GG Automation' is clicked on

2022-11-23 11:33:46 - [TEST_STEP][PASSED] - delay(4): Delayed 4 second(s)

2022-11-23 11:33:50 - [MESSAGE][PASSED] - Delayed 4 second(s)

2022-11-23 11:33:50 - [TEST_STEP][PASSED] - verifyElementVisible(findTestObject("06-Teams/span_GG Automation")): Object 'Object Repository/06-Teams/span_GG Automation' is visible

2022-11-23 11:33:51 - [MESSAGE][PASSED] - Object 'Object Repository/06-Teams/span_GG Automation' is visible

2022-11-23 11:33:51 - [TEST_STEP][PASSED] - delay(5): Delayed 5 second(s)

2022-11-23 11:33:56 - [MESSAGE][PASSED] - Delayed 5 second(s)

2022-11-23 11:33:56 - [TEST_STEP][PASSED] - click(findTestObject("03-Header Menu/Hamburger Button/div_Settings")): Object: 'Object Repository/03-Header Menu/Hamburger Button/div_Settings' is clicked on

2022-11-23 11:33:56 - [MESSAGE][PASSED] - Object: 'Object Repository/03-Header Menu/Hamburger Button/div_Settings' is clicked on

2022-11-23 11:33:56 - [TEST_STEP][PASSED] - verifyElementVisible(findTestObject("09-Settings/Users/div_Organization")): Object 'Object Repository/09-Settings/Users/div_Organization' is visible

2022-11-23 11:33:56 - [MESSAGE][PASSED] - Object 'Object Repository/09-Settings/Users/div_Organization' is visible

2022-11-23 11:33:56 - [TEST_STEP][PASSED] - verifyElementVisible(findTestObject("09-Settings/Users/div_Organization Units")): Object 'Object Repository/09-Settings/Users/div_Organization Units' is visible

2022-11-23 11:33:57 - [MESSAGE][PASSED] - Object 'Object Repository/09-Settings/Users/div_Organization Units' is visible

2022-11-23 11:33:57 - [TEST_STEP][PASSED] - verifyElementVisible(findTestObject("09-Settings/Users/div_Subscriptions")): Object 'Object Repository/09-Settings/Users/div_Subscriptions' is visible

2022-11-23 11:33:58 - [MESSAGE][PASSED] - Object 'Object Repository/09-Settings/Users/div_Subscriptions' is visible

2022-11-23 11:33:58 - [TEST_STEP][PASSED] - verifyElementVisible(findTestObject("09-Settings/Users/div_Users")): Object 'Object Repository/09-Settings/Users/div_Users' is visible

2022-11-23 11:33:58 - [MESSAGE][PASSED] - Object 'Object Repository/09-Settings/Users/div_Users' is visible

2022-11-23 11:33:58 - [TEST_STEP][PASSED] - delay(3): Delayed 3 second(s)

2022-11-23 11:34:01 - [MESSAGE][PASSED] - Delayed 3 second(s)

2022-11-23 11:34:01 - [TEST_STEP][PASSED] - click(findTestObject("09-Settings/Users/div_Users")): Object: 'Object Repository/09-Settings/Users/div_Users' is clicked on

2022-11-23 11:34:02 - [MESSAGE][PASSED] - Object: 'Object Repository/09-Settings/Users/div_Users' is clicked on

2022-11-23 11:34:02 - [TEST_STEP][PASSED] - verifyElementVisible(findTestObject("09-Settings/Users/h4_USERS")): Object 'Object Repository/09-Settings/Users/h4_USERS' is visible

2022-11-23 11:34:03 - [MESSAGE][PASSED] - Object 'Object Repository/09-Settings/Users/h4_USERS' is visible

2022-11-23 11:34:03 - [TEST_STEP][PASSED] - verifyElementVisible(findTestObject("09-Settings/Users/User Page")): Object 'Object Repository/09-Settings/Users/User Page' is visible

2022-11-23 11:34:03 - [MESSAGE][PASSED] - Object 'Object Repository/09-Settings/Users/User Page' is visible

2022-11-23 11:34:03 - [TEST_STEP][PASSED] - delay(3): Delayed 3 second(s)

2022-11-23 11:34:06 - [MESSAGE][PASSED] - Delayed 3 second(s)

2022-11-23 11:34:06 - [TEST_STEP][PASSED] - click(findTestObject("09-Settings/Users/button_add")): Object: 'Object Repository/09-Settings/Users/button_add' is clicked on

2022-11-23 11:34:07 - [MESSAGE][PASSED] - Object: 'Object Repository/09-Settings/Users/button_add' is clicked on

2022-11-23 11:34:07 - [TEST_STEP][PASSED] - verifyElementVisible(findTestObject("09-Settings/Users/User Invitation modal")): Object 'Object Repository/09-Settings/Users/User Invitation modal' is visible

2022-11-23 11:34:07 - [MESSAGE][PASSED] - Object 'Object Repository/09-Settings/Users/User Invitation modal' is visible

2022-11-23 11:34:07 - [TEST_STEP][PASSED] - delay(3): Delayed 3 second(s)

2022-11-23 11:34:10 - [MESSAGE][PASSED] - Delayed 3 second(s)

2022-11-23 11:34:10 - [TEST_STEP][PASSED] - click(findTestObject("09-Settings/Users/add Invite a single user")): Object: 'Object Repository/09-Settings/Users/add Invite a single user' is clicked on

2022-11-23 11:34:10 - [MESSAGE][PASSED] - Object: 'Object Repository/09-Settings/Users/add Invite a single user' is clicked on

2022-11-23 11:34:10 - [TEST_STEP][PASSED] - verifyElementVisible(findTestObject("09-Settings/Users/Invite new user modal")): Object 'Object Repository/09-Settings/Users/Invite new user modal' is visible

2022-11-23 11:34:12 - [MESSAGE][PASSED] - Object 'Object Repository/09-Settings/Users/Invite new user modal' is visible

2022-11-23 11:34:12 - [TEST_STEP][PASSED] - click(findTestObject("09-Settings/Users/input_email")): Object: 'Object Repository/09-Settings/Users/input_email' is clicked on

2022-11-23 11:34:12 - [MESSAGE][PASSED] - Object: 'Object Repository/09-Settings/Users/input_email' is clicked on

2022-11-23 11:34:12 - [TEST_STEP][PASSED] - click(findTestObject("09-Settings/Users/input_firstName")): Object: 'Object Repository/09-Settings/Users/input_firstName' is clicked on

2022-11-23 11:34:12 - [MESSAGE][PASSED] - Object: 'Object Repository/09-Settings/Users/input_firstName' is clicked on

2022-11-23 11:34:12 - [TEST_STEP][PASSED] - click(findTestObject("09-Settings/Users/input_lastName")): Object: 'Object Repository/09-Settings/Users/input_lastName' is clicked on

2022-11-23 11:34:13 - [MESSAGE][PASSED] - Object: 'Object Repository/09-Settings/Users/input_lastName' is clicked on

2022-11-23 11:34:13 - [TEST_STEP][PASSED] - click(findTestObject("09-Settings/Users/span_Role")): Object: 'Object Repository/09-Settings/Users/span_Role' is clicked on

2022-11-23 11:34:13 - [MESSAGE][PASSED] - Object: 'Object Repository/09-Settings/Users/span_Role' is clicked on

2022-11-23 11:34:13 - [TEST_STEP][PASSED] - clickOffset(findTestObject("09-Settings/Users/h4_Invite New User"), 100, 100): Object: 'Object Repository/09-Settings/Users/h4_Invite New User' is clicked on using offset x=100 and y=100

2022-11-23 11:34:14 - [MESSAGE][PASSED] - Object: 'Object Repository/09-Settings/Users/h4_Invite New User' is clicked on using offset x=100 and y=100

2022-11-23 11:34:14 - [TEST_STEP][PASSED] - verifyElementVisible(findTestObject("09-Settings/Users/Email required")): Object 'Object Repository/09-Settings/Users/Email required' is visible

2022-11-23 11:34:15 - [MESSAGE][PASSED] - Object 'Object Repository/09-Settings/Users/Email required' is visible

2022-11-23 11:34:15 - [TEST_STEP][PASSED] - verifyElementVisible(findTestObject("09-Settings/Users/Firstname required")): Object 'Object Repository/09-Settings/Users/Firstname required' is visible

2022-11-23 11:34:15 - [MESSAGE][PASSED] - Object 'Object Repository/09-Settings/Users/Firstname required' is visible

2022-11-23 11:34:15 - [TEST_STEP][PASSED] - verifyElementVisible(findTestObject("09-Settings/Users/last name required")): Object 'Object Repository/09-Settings/Users/last name required' is visible

2022-11-23 11:34:16 - [MESSAGE][PASSED] - Object 'Object Repository/09-Settings/Users/last name required' is visible

2022-11-23 11:34:16 - [TEST_STEP][PASSED] - verifyElementVisible(findTestObject("09-Settings/Users/error_Select a role")): Object 'Object Repository/09-Settings/Users/error_Select a role' is visible

2022-11-23 11:34:16 - [MESSAGE][PASSED] - Object 'Object Repository/09-Settings/Users/error_Select a role' is visible]]></system-out>
         <system-err><![CDATA[]]></system-err>
      </testcase>
      <testcase name="Test Cases/09-Settings/02 - Users (Invite new user as co worker)" time="343.317" classname="Test Cases/09-Settings/02 - Users (Invite new user as co worker)" status="PASSED">
         <system-out><![CDATA[2022-11-23 11:34:16 - [TEST_CASE][PASSED] - Test Cases/09-Settings/02 - Users (Invite new user as co worker): Test Cases/09-Settings/02 - Users (Invite new user as co worker)

2022-11-23 11:34:16 - [TEST_STEP][PASSED] - delay(3): Delayed 3 second(s)

2022-11-23 11:34:19 - [MESSAGE][PASSED] - Delayed 3 second(s)

2022-11-23 11:34:19 - [TEST_STEP][PASSED] - setText(findTestObject("09-Settings/Users/input_email"), "autotester04@mailinator.com"): Text 'autotester04@mailinator.com' is set on object 'Object Repository/09-Settings/Users/input_email'

2022-11-23 11:34:21 - [MESSAGE][PASSED] - Text 'autotester04@mailinator.com' is set on object 'Object Repository/09-Settings/Users/input_email'

2022-11-23 11:34:21 - [TEST_STEP][PASSED] - setText(findTestObject("09-Settings/Users/input_firstName"), "GG"): Text 'GG' is set on object 'Object Repository/09-Settings/Users/input_firstName'

2022-11-23 11:34:21 - [MESSAGE][PASSED] - Text 'GG' is set on object 'Object Repository/09-Settings/Users/input_firstName'

2022-11-23 11:34:21 - [TEST_STEP][PASSED] - setText(findTestObject("09-Settings/Users/input_lastName"), "Auto Contact 2"): Text 'Auto Contact 2' is set on object 'Object Repository/09-Settings/Users/input_lastName'

2022-11-23 11:34:22 - [MESSAGE][PASSED] - Text 'Auto Contact 2' is set on object 'Object Repository/09-Settings/Users/input_lastName'

2022-11-23 11:34:22 - [TEST_STEP][PASSED] - click(findTestObject("09-Settings/Users/span_Role")): Object: 'Object Repository/09-Settings/Users/span_Role' is clicked on

2022-11-23 11:34:23 - [MESSAGE][PASSED] - Object: 'Object Repository/09-Settings/Users/span_Role' is clicked on

2022-11-23 11:34:23 - [TEST_STEP][PASSED] - click(findTestObject("09-Settings/Users/span_CoWorker")): Object: 'Object Repository/09-Settings/Users/span_CoWorker' is clicked on

2022-11-23 11:34:23 - [MESSAGE][PASSED] - Object: 'Object Repository/09-Settings/Users/span_CoWorker' is clicked on

2022-11-23 11:34:23 - [TEST_STEP][PASSED] - click(findTestObject("09-Settings/Users/button_Send Invitation")): Object: 'Object Repository/09-Settings/Users/button_Send Invitation' is clicked on

2022-11-23 11:34:24 - [MESSAGE][PASSED] - Object: 'Object Repository/09-Settings/Users/button_Send Invitation' is clicked on

2022-11-23 11:34:24 - [TEST_STEP][PASSED] - delay(2): Delayed 2 second(s)

2022-11-23 11:34:26 - [MESSAGE][PASSED] - Delayed 2 second(s)

2022-11-23 11:34:26 - [TEST_STEP][PASSED] - verifyElementVisible(findTestObject("07-Directory/Connections/zContact Profile/Successfully invited user")): Object 'Object Repository/07-Directory/Connections/zContact Profile/Successfully invited user' is visible

2022-11-23 11:34:28 - [MESSAGE][PASSED] - Object 'Object Repository/07-Directory/Connections/zContact Profile/Successfully invited user' is visible

2022-11-23 11:34:28 - [TEST_STEP][PASSED] - delay(2): Delayed 2 second(s)

2022-11-23 11:34:30 - [MESSAGE][PASSED] - Delayed 2 second(s)

2022-11-23 11:34:30 - [TEST_STEP][PASSED] - executeJavaScript("window.open();", []): Execute JavaScript 'window.open();' successfully

2022-11-23 11:34:30 - [MESSAGE][PASSED] - Execute JavaScript 'window.open();' successfully

2022-11-23 11:34:30 - [TEST_STEP][PASSED] - currentWindow = getWindowIndex(): Current window's index is: 0

2022-11-23 11:34:30 - [MESSAGE][PASSED] - Current window's index is: 0

2022-11-23 11:34:30 - [TEST_STEP][PASSED] - delay(3): Delayed 3 second(s)

2022-11-23 11:34:33 - [MESSAGE][PASSED] - Delayed 3 second(s)

2022-11-23 11:34:33 - [TEST_STEP][PASSED] - switchToWindowIndex(currentWindow + 1): Switched to window with index: '1'

2022-11-23 11:34:33 - [MESSAGE][PASSED] - Switched to window with index: '1'

2022-11-23 11:34:33 - [TEST_STEP][PASSED] - navigateToUrl("https://www.mailinator.com/"): Navigate to 'https://www.mailinator.com/' successfully

2022-11-23 11:34:34 - [MESSAGE][PASSED] - Navigate to 'https://www.mailinator.com/' successfully

2022-11-23 11:34:34 - [TEST_STEP][PASSED] - delay(3): Delayed 3 second(s)

2022-11-23 11:34:37 - [MESSAGE][PASSED] - Delayed 3 second(s)

2022-11-23 11:34:37 - [TEST_STEP][PASSED] - setText(findTestObject("00-Signup and Activation/zMailinator/input_LOGIN_search"), "autotester04@mailinator.com"): Text 'autotester04@mailinator.com' is set on object 'Object Repository/00-Signup and Activation/zMailinator/input_LOGIN_search'

2022-11-23 11:34:38 - [MESSAGE][PASSED] - Text 'autotester04@mailinator.com' is set on object 'Object Repository/00-Signup and Activation/zMailinator/input_LOGIN_search'

2022-11-23 11:34:38 - [TEST_STEP][PASSED] - click(findTestObject("00-Signup and Activation/zMailinator/gobutton"), STOP_ON_FAILURE): Object: 'Object Repository/00-Signup and Activation/zMailinator/gobutton' is clicked on

2022-11-23 11:34:39 - [MESSAGE][PASSED] - Object: 'Object Repository/00-Signup and Activation/zMailinator/gobutton' is clicked on

2022-11-23 11:34:39 - [TEST_STEP][PASSED] - delay(3): Delayed 3 second(s)

2022-11-23 11:34:42 - [MESSAGE][PASSED] - Delayed 3 second(s)

2022-11-23 11:34:42 - [TEST_STEP][PASSED] - closeWindowTitle("Everleagues"): Window with title: 'Everleagues' is closed

2022-11-23 11:34:42 - [MESSAGE][PASSED] - Window with title: 'Everleagues' is closed

2022-11-23 11:34:42 - [TEST_STEP][PASSED] - switchToWindowIndex(0): Switched to window with index: '0'

2022-11-23 11:34:42 - [MESSAGE][PASSED] - Switched to window with index: '0'

2022-11-23 11:34:42 - [TEST_STEP][PASSED] - click(findTestObject("09-Settings/Users/Co worker/td_Invitation from GG Automation")): Object: 'Object Repository/09-Settings/Users/Co worker/td_Invitation from GG Automation' is clicked on

2022-11-23 11:34:42 - [MESSAGE][PASSED] - Object: 'Object Repository/09-Settings/Users/Co worker/td_Invitation from GG Automation' is clicked on

2022-11-23 11:34:42 - [TEST_STEP][PASSED] - click(findTestObject("09-Settings/Users/Co worker/a_Click here to join GG Automation on EverLeagues")): Object: 'Object Repository/09-Settings/Users/Co worker/a_Click here to join GG Automation on EverLeagues' is clicked on

2022-11-23 11:34:43 - [MESSAGE][PASSED] - Object: 'Object Repository/09-Settings/Users/Co worker/a_Click here to join GG Automation on EverLeagues' is clicked on

2022-11-23 11:34:43 - [TEST_STEP][PASSED] - closeWindowTitle("Mailinator"): Window with title: 'Mailinator' is closed

2022-11-23 11:34:44 - [MESSAGE][PASSED] - Window with title: 'Mailinator' is closed

2022-11-23 11:34:44 - [TEST_STEP][PASSED] - switchToWindowIndex(0): Switched to window with index: '0'

2022-11-23 11:34:44 - [MESSAGE][PASSED] - Switched to window with index: '0'

2022-11-23 11:34:44 - [TEST_STEP][PASSED] - verifyElementVisible(findTestObject("09-Settings/Users/Co worker/Logout before proceed modal")): Object 'Object Repository/09-Settings/Users/Co worker/Logout before proceed modal' is visible

2022-11-23 11:34:50 - [MESSAGE][PASSED] - Object 'Object Repository/09-Settings/Users/Co worker/Logout before proceed modal' is visible

2022-11-23 11:34:50 - [TEST_STEP][PASSED] - click(findTestObject("09-Settings/Users/Co worker/button_Yes")): Object: 'Object Repository/09-Settings/Users/Co worker/button_Yes' is clicked on

2022-11-23 11:34:50 - [MESSAGE][PASSED] - Object: 'Object Repository/09-Settings/Users/Co worker/button_Yes' is clicked on

2022-11-23 11:34:50 - [TEST_STEP][PASSED] - delay(3): Delayed 3 second(s)

2022-11-23 11:34:53 - [MESSAGE][PASSED] - Delayed 3 second(s)

2022-11-23 11:34:53 - [TEST_STEP][PASSED] - setText(findTestObject("09-Settings/Users/Co worker/input_Email_email"), "autotester04@mailinator.com"): Text 'autotester04@mailinator.com' is set on object 'Object Repository/09-Settings/Users/Co worker/input_Email_email'

2022-11-23 11:35:53 - [MESSAGE][PASSED] - Text 'autotester04@mailinator.com' is set on object 'Object Repository/09-Settings/Users/Co worker/input_Email_email'

2022-11-23 11:35:53 - [TEST_STEP][PASSED] - setEncryptedText(findTestObject("09-Settings/Users/Co worker/input__password"), "8yFRyszE6U6jvsCn51OQbg=="): Text ****** has been set on object 'Object Repository/09-Settings/Users/Co worker/input__password'

2022-11-23 11:36:24 - [MESSAGE][PASSED] - Text ****** has been set on object 'Object Repository/09-Settings/Users/Co worker/input__password'

2022-11-23 11:36:24 - [TEST_STEP][PASSED] - click(findTestObject("02-Side Icons(Organization)/Add Contact/button_Sign in")): Object: 'Object Repository/02-Side Icons(Organization)/Add Contact/button_Sign in' is clicked on

2022-11-23 11:36:54 - [MESSAGE][PASSED] - Object: 'Object Repository/02-Side Icons(Organization)/Add Contact/button_Sign in' is clicked on

2022-11-23 11:36:54 - [TEST_STEP][PASSED] - delay(2): Delayed 2 second(s)

2022-11-23 11:36:56 - [MESSAGE][PASSED] - Delayed 2 second(s)

2022-11-23 11:36:56 - [TEST_STEP][PASSED] - click(findTestObject("06-Teams/For 2FA/button_Confirm_2FA")): Object: 'Object Repository/06-Teams/For 2FA/button_Confirm_2FA' is clicked on

2022-11-23 11:37:26 - [MESSAGE][PASSED] - Object: 'Object Repository/06-Teams/For 2FA/button_Confirm_2FA' is clicked on

2022-11-23 11:37:26 - [TEST_STEP][PASSED] - executeJavaScript("window.open();", []): Execute JavaScript 'window.open();' successfully

2022-11-23 11:37:26 - [MESSAGE][PASSED] - Execute JavaScript 'window.open();' successfully

2022-11-23 11:37:26 - [TEST_STEP][PASSED] - currentWindow = getWindowIndex(): Current window's index is: 0

2022-11-23 11:37:26 - [MESSAGE][PASSED] - Current window's index is: 0

2022-11-23 11:37:26 - [TEST_STEP][PASSED] - delay(3): Delayed 3 second(s)

2022-11-23 11:37:29 - [MESSAGE][PASSED] - Delayed 3 second(s)

2022-11-23 11:37:29 - [TEST_STEP][PASSED] - switchToWindowIndex(currentWindow + 1): Switched to window with index: '1'

2022-11-23 11:37:29 - [MESSAGE][PASSED] - Switched to window with index: '1'

2022-11-23 11:37:29 - [TEST_STEP][PASSED] - navigateToUrl("https://www.mailinator.com/"): Navigate to 'https://www.mailinator.com/' successfully

2022-11-23 11:37:30 - [MESSAGE][PASSED] - Navigate to 'https://www.mailinator.com/' successfully

2022-11-23 11:37:30 - [TEST_STEP][PASSED] - delay(3): Delayed 3 second(s)

2022-11-23 11:37:33 - [MESSAGE][PASSED] - Delayed 3 second(s)

2022-11-23 11:37:33 - [TEST_STEP][PASSED] - setText(findTestObject("00-Signup and Activation/zMailinator/input_LOGIN_search"), "autotester04@mailinator.com"): Text 'autotester04@mailinator.com' is set on object 'Object Repository/00-Signup and Activation/zMailinator/input_LOGIN_search'

2022-11-23 11:37:34 - [MESSAGE][PASSED] - Text 'autotester04@mailinator.com' is set on object 'Object Repository/00-Signup and Activation/zMailinator/input_LOGIN_search'

2022-11-23 11:37:34 - [TEST_STEP][PASSED] - click(findTestObject("00-Signup and Activation/zMailinator/gobutton"), STOP_ON_FAILURE): Object: 'Object Repository/00-Signup and Activation/zMailinator/gobutton' is clicked on

2022-11-23 11:37:35 - [MESSAGE][PASSED] - Object: 'Object Repository/00-Signup and Activation/zMailinator/gobutton' is clicked on

2022-11-23 11:37:35 - [TEST_STEP][PASSED] - delay(3): Delayed 3 second(s)

2022-11-23 11:37:38 - [MESSAGE][PASSED] - Delayed 3 second(s)

2022-11-23 11:37:38 - [TEST_STEP][PASSED] - click(findTestObject("00-Signup and Activation/zMailinator/Email - everleagues")): Object: 'Object Repository/00-Signup and Activation/zMailinator/Email - everleagues' is clicked on

2022-11-23 11:37:38 - [MESSAGE][PASSED] - Object: 'Object Repository/00-Signup and Activation/zMailinator/Email - everleagues' is clicked on

2022-11-23 11:37:38 - [TEST_STEP][PASSED] - delay(3): Delayed 3 second(s)

2022-11-23 11:37:41 - [MESSAGE][PASSED] - Delayed 3 second(s)

2022-11-23 11:37:41 - [TEST_STEP][PASSED] - codetwo = getText(findTestObject("Object Repository/06-Teams/For 2FA/2FA code")): Text of object 'Object Repository/06-Teams/For 2FA/2FA code' is: '209924'

2022-11-23 11:37:42 - [MESSAGE][PASSED] - Text of object 'Object Repository/06-Teams/For 2FA/2FA code' is: '209924'

2022-11-23 11:37:42 - [TEST_STEP][PASSED] - delay(3): Delayed 3 second(s)

2022-11-23 11:37:45 - [MESSAGE][PASSED] - Delayed 3 second(s)

2022-11-23 11:37:45 - [TEST_STEP][PASSED] - closeWindowTitle("Mailinator"): Window with title: 'Mailinator' is closed

2022-11-23 11:37:45 - [MESSAGE][PASSED] - Window with title: 'Mailinator' is closed

2022-11-23 11:37:45 - [TEST_STEP][PASSED] - delay(3): Delayed 3 second(s)

2022-11-23 11:37:48 - [MESSAGE][PASSED] - Delayed 3 second(s)

2022-11-23 11:37:48 - [TEST_STEP][PASSED] - switchToWindowIndex(0): Switched to window with index: '0'

2022-11-23 11:37:48 - [MESSAGE][PASSED] - Switched to window with index: '0'

2022-11-23 11:37:48 - [TEST_STEP][PASSED] - delay(3): Delayed 3 second(s)

2022-11-23 11:37:51 - [MESSAGE][PASSED] - Delayed 3 second(s)

2022-11-23 11:37:51 - [TEST_STEP][PASSED] - setText(findTestObject("Object Repository/06-Teams/For 2FA/input_Enter verification code_code"), codetwo): Text '209924' is set on object 'Object Repository/06-Teams/For 2FA/input_Enter verification code_code'

2022-11-23 11:38:51 - [MESSAGE][PASSED] - Text '209924' is set on object 'Object Repository/06-Teams/For 2FA/input_Enter verification code_code'

2022-11-23 11:38:51 - [TEST_STEP][PASSED] - delay(3): Delayed 3 second(s)

2022-11-23 11:38:54 - [MESSAGE][PASSED] - Delayed 3 second(s)

2022-11-23 11:38:54 - [TEST_STEP][PASSED] - click(findTestObject("06-Teams/For 2FA/button_Verify_2FA")): Object: 'Object Repository/06-Teams/For 2FA/button_Verify_2FA' is clicked on

2022-11-23 11:39:25 - [MESSAGE][PASSED] - Object: 'Object Repository/06-Teams/For 2FA/button_Verify_2FA' is clicked on

2022-11-23 11:39:25 - [TEST_STEP][PASSED] - delay(5): Delayed 5 second(s)

2022-11-23 11:39:30 - [MESSAGE][PASSED] - Delayed 5 second(s)

2022-11-23 11:39:30 - [TEST_STEP][PASSED] - executeJavaScript("window.open();", []): Execute JavaScript 'window.open();' successfully

2022-11-23 11:39:30 - [MESSAGE][PASSED] - Execute JavaScript 'window.open();' successfully

2022-11-23 11:39:30 - [TEST_STEP][PASSED] - currentWindow = getWindowIndex(): Current window's index is: 0

2022-11-23 11:39:30 - [MESSAGE][PASSED] - Current window's index is: 0

2022-11-23 11:39:30 - [TEST_STEP][PASSED] - delay(3): Delayed 3 second(s)

2022-11-23 11:39:33 - [MESSAGE][PASSED] - Delayed 3 second(s)

2022-11-23 11:39:33 - [TEST_STEP][PASSED] - switchToWindowIndex(currentWindow + 1): Switched to window with index: '1'

2022-11-23 11:39:33 - [MESSAGE][PASSED] - Switched to window with index: '1'

2022-11-23 11:39:33 - [TEST_STEP][PASSED] - navigateToUrl("https://www.mailinator.com/"): Navigate to 'https://www.mailinator.com/' successfully

2022-11-23 11:39:34 - [MESSAGE][PASSED] - Navigate to 'https://www.mailinator.com/' successfully

2022-11-23 11:39:34 - [TEST_STEP][PASSED] - delay(3): Delayed 3 second(s)

2022-11-23 11:39:37 - [MESSAGE][PASSED] - Delayed 3 second(s)

2022-11-23 11:39:37 - [TEST_STEP][PASSED] - setText(findTestObject("00-Signup and Activation/zMailinator/input_LOGIN_search"), "autotester04@mailinator.com"): Text 'autotester04@mailinator.com' is set on object 'Object Repository/00-Signup and Activation/zMailinator/input_LOGIN_search'

2022-11-23 11:39:38 - [MESSAGE][PASSED] - Text 'autotester04@mailinator.com' is set on object 'Object Repository/00-Signup and Activation/zMailinator/input_LOGIN_search'

2022-11-23 11:39:38 - [TEST_STEP][PASSED] - click(findTestObject("00-Signup and Activation/zMailinator/gobutton"), STOP_ON_FAILURE): Object: 'Object Repository/00-Signup and Activation/zMailinator/gobutton' is clicked on

2022-11-23 11:39:39 - [MESSAGE][PASSED] - Object: 'Object Repository/00-Signup and Activation/zMailinator/gobutton' is clicked on

2022-11-23 11:39:39 - [TEST_STEP][PASSED] - delay(3): Delayed 3 second(s)

2022-11-23 11:39:42 - [MESSAGE][PASSED] - Delayed 3 second(s)

2022-11-23 11:39:42 - [TEST_STEP][PASSED] - closeWindowTitle("Everleagues"): Window with title: 'Everleagues' is closed

2022-11-23 11:39:42 - [MESSAGE][PASSED] - Window with title: 'Everleagues' is closed

2022-11-23 11:39:42 - [TEST_STEP][PASSED] - switchToWindowIndex(0): Switched to window with index: '0'

2022-11-23 11:39:42 - [MESSAGE][PASSED] - Switched to window with index: '0'

2022-11-23 11:39:42 - [TEST_STEP][PASSED] - click(findTestObject("09-Settings/Users/Co worker/td_Invitation from GG Automation")): Object: 'Object Repository/09-Settings/Users/Co worker/td_Invitation from GG Automation' is clicked on

2022-11-23 11:39:42 - [MESSAGE][PASSED] - Object: 'Object Repository/09-Settings/Users/Co worker/td_Invitation from GG Automation' is clicked on

2022-11-23 11:39:42 - [TEST_STEP][PASSED] - click(findTestObject("09-Settings/Users/Co worker/a_Click here to join GG Automation on EverLeagues")): Object: 'Object Repository/09-Settings/Users/Co worker/a_Click here to join GG Automation on EverLeagues' is clicked on

2022-11-23 11:39:43 - [MESSAGE][PASSED] - Object: 'Object Repository/09-Settings/Users/Co worker/a_Click here to join GG Automation on EverLeagues' is clicked on

2022-11-23 11:39:43 - [TEST_STEP][PASSED] - delay(3): Delayed 3 second(s)

2022-11-23 11:39:46 - [MESSAGE][PASSED] - Delayed 3 second(s)

2022-11-23 11:39:46 - [TEST_STEP][PASSED] - closeWindowTitle("Mailinator"): Window with title: 'Mailinator' is closed

2022-11-23 11:39:47 - [MESSAGE][PASSED] - Window with title: 'Mailinator' is closed

2022-11-23 11:39:47 - [TEST_STEP][PASSED] - switchToWindowIndex(0): Switched to window with index: '0'

2022-11-23 11:39:47 - [MESSAGE][PASSED] - Switched to window with index: '0'

2022-11-23 11:39:47 - [TEST_STEP][PASSED] - verifyElementVisible(findTestObject("09-Settings/Users/Co worker/Invite modal")): Object 'Object Repository/09-Settings/Users/Co worker/Invite modal' is visible

2022-11-23 11:39:49 - [MESSAGE][PASSED] - Object 'Object Repository/09-Settings/Users/Co worker/Invite modal' is visible

2022-11-23 11:39:49 - [TEST_STEP][PASSED] - click(findTestObject("09-Settings/Users/Co worker/button_Accept")): Object: 'Object Repository/09-Settings/Users/Co worker/button_Accept' is clicked on

2022-11-23 11:39:49 - [MESSAGE][PASSED] - Object: 'Object Repository/09-Settings/Users/Co worker/button_Accept' is clicked on

2022-11-23 11:39:49 - [TEST_STEP][PASSED] - delay(5): Delayed 5 second(s)

2022-11-23 11:39:54 - [MESSAGE][PASSED] - Delayed 5 second(s)

2022-11-23 11:39:54 - [TEST_STEP][PASSED] - verifyElementVisible(findTestObject("09-Settings/Users/Co worker/div_Joined as CoWorker")): Object 'Object Repository/09-Settings/Users/Co worker/div_Joined as CoWorker' is visible

2022-11-23 11:39:59 - [MESSAGE][PASSED] - Object 'Object Repository/09-Settings/Users/Co worker/div_Joined as CoWorker' is visible

2022-11-23 11:39:59 - [TEST_STEP][PASSED] - closeBrowser(): Browser is closed

2022-11-23 11:39:59 - [MESSAGE][PASSED] - Browser is closed]]></system-out>
         <system-err><![CDATA[]]></system-err>
      </testcase>
      <testcase name="Test Cases/09-Settings/03 - Users (Invite new user as client)" time="186.578" classname="Test Cases/09-Settings/03 - Users (Invite new user as client)" status="PASSED">
         <system-out><![CDATA[2022-11-23 11:39:59 - [TEST_CASE][PASSED] - Test Cases/09-Settings/03 - Users (Invite new user as client): Test Cases/09-Settings/03 - Users (Invite new user as client)

2022-11-23 11:40:00 - [TEST_STEP][PASSED] - openBrowser(""): Browser is opened with url: ''

2022-11-23 11:40:00 - [MESSAGE][INFO] - Starting 'Chrome' driver

2022-11-23 11:40:00 - [MESSAGE][INFO] - Action delay is set to 0 milliseconds

2022-11-23 11:40:01 - [MESSAGE][PASSED] - Browser is opened with url: ''

2022-11-23 11:40:01 - [TEST_STEP][PASSED] - navigateToUrl("https://lab.everleagues.com/"): Navigate to 'https://lab.everleagues.com/' successfully

2022-11-23 11:40:13 - [MESSAGE][PASSED] - Navigate to 'https://lab.everleagues.com/' successfully

2022-11-23 11:40:13 - [TEST_STEP][PASSED] - maximizeWindow(): Current window maximized

2022-11-23 11:40:13 - [MESSAGE][PASSED] - Current window maximized

2022-11-23 11:40:13 - [TEST_STEP][PASSED] - setText(findTestObject("02-Side Icons(Organization)/Add Contact/Email Field"), "testuser02@mailinator.com"): Text 'testuser02@mailinator.com' is set on object 'Object Repository/02-Side Icons(Organization)/Add Contact/Email Field'

2022-11-23 11:40:14 - [MESSAGE][PASSED] - Text 'testuser02@mailinator.com' is set on object 'Object Repository/02-Side Icons(Organization)/Add Contact/Email Field'

2022-11-23 11:40:14 - [TEST_STEP][PASSED] - setEncryptedText(findTestObject("02-Side Icons(Organization)/Add Contact/Password Field"), "8yFRyszE6U6jvsCn51OQbg=="): Text ****** has been set on object 'Object Repository/02-Side Icons(Organization)/Add Contact/Password Field'

2022-11-23 11:40:15 - [MESSAGE][PASSED] - Text ****** has been set on object 'Object Repository/02-Side Icons(Organization)/Add Contact/Password Field'

2022-11-23 11:40:15 - [TEST_STEP][PASSED] - click(findTestObject("02-Side Icons(Organization)/Add Contact/button_Sign in")): Object: 'Object Repository/02-Side Icons(Organization)/Add Contact/button_Sign in' is clicked on

2022-11-23 11:40:15 - [MESSAGE][PASSED] - Object: 'Object Repository/02-Side Icons(Organization)/Add Contact/button_Sign in' is clicked on

2022-11-23 11:40:15 - [TEST_STEP][PASSED] - delay(2): Delayed 2 second(s)

2022-11-23 11:40:17 - [MESSAGE][PASSED] - Delayed 2 second(s)

2022-11-23 11:40:17 - [TEST_STEP][PASSED] - click(findTestObject("06-Teams/For 2FA/button_Confirm_2FA")): Object: 'Object Repository/06-Teams/For 2FA/button_Confirm_2FA' is clicked on

2022-11-23 11:40:18 - [MESSAGE][PASSED] - Object: 'Object Repository/06-Teams/For 2FA/button_Confirm_2FA' is clicked on

2022-11-23 11:40:18 - [TEST_STEP][PASSED] - executeJavaScript("window.open();", []): Execute JavaScript 'window.open();' successfully

2022-11-23 11:40:18 - [MESSAGE][PASSED] - Execute JavaScript 'window.open();' successfully

2022-11-23 11:40:18 - [TEST_STEP][PASSED] - currentWindow = getWindowIndex(): Current window's index is: 0

2022-11-23 11:40:18 - [MESSAGE][PASSED] - Current window's index is: 0

2022-11-23 11:40:18 - [TEST_STEP][PASSED] - delay(3): Delayed 3 second(s)

2022-11-23 11:40:21 - [MESSAGE][PASSED] - Delayed 3 second(s)

2022-11-23 11:40:21 - [TEST_STEP][PASSED] - switchToWindowIndex(currentWindow + 1): Switched to window with index: '1'

2022-11-23 11:40:21 - [MESSAGE][PASSED] - Switched to window with index: '1'

2022-11-23 11:40:21 - [TEST_STEP][PASSED] - navigateToUrl("https://www.mailinator.com/"): Navigate to 'https://www.mailinator.com/' successfully

2022-11-23 11:40:23 - [MESSAGE][PASSED] - Navigate to 'https://www.mailinator.com/' successfully

2022-11-23 11:40:23 - [TEST_STEP][PASSED] - delay(3): Delayed 3 second(s)

2022-11-23 11:40:26 - [MESSAGE][PASSED] - Delayed 3 second(s)

2022-11-23 11:40:26 - [TEST_STEP][PASSED] - setText(findTestObject("00-Signup and Activation/zMailinator/input_LOGIN_search"), "testuser02@mailinator.com"): Text 'testuser02@mailinator.com' is set on object 'Object Repository/00-Signup and Activation/zMailinator/input_LOGIN_search'

2022-11-23 11:40:26 - [MESSAGE][PASSED] - Text 'testuser02@mailinator.com' is set on object 'Object Repository/00-Signup and Activation/zMailinator/input_LOGIN_search'

2022-11-23 11:40:26 - [TEST_STEP][PASSED] - click(findTestObject("00-Signup and Activation/zMailinator/gobutton"), STOP_ON_FAILURE): Object: 'Object Repository/00-Signup and Activation/zMailinator/gobutton' is clicked on

2022-11-23 11:40:28 - [MESSAGE][PASSED] - Object: 'Object Repository/00-Signup and Activation/zMailinator/gobutton' is clicked on

2022-11-23 11:40:28 - [TEST_STEP][PASSED] - delay(3): Delayed 3 second(s)

2022-11-23 11:40:31 - [MESSAGE][PASSED] - Delayed 3 second(s)

2022-11-23 11:40:31 - [TEST_STEP][PASSED] - click(findTestObject("00-Signup and Activation/zMailinator/Email - everleagues")): Object: 'Object Repository/00-Signup and Activation/zMailinator/Email - everleagues' is clicked on

2022-11-23 11:40:31 - [MESSAGE][PASSED] - Object: 'Object Repository/00-Signup and Activation/zMailinator/Email - everleagues' is clicked on

2022-11-23 11:40:31 - [TEST_STEP][PASSED] - delay(3): Delayed 3 second(s)

2022-11-23 11:40:34 - [MESSAGE][PASSED] - Delayed 3 second(s)

2022-11-23 11:40:34 - [TEST_STEP][PASSED] - code = getText(findTestObject("Object Repository/06-Teams/For 2FA/2FA code")): Text of object 'Object Repository/06-Teams/For 2FA/2FA code' is: '266745'

2022-11-23 11:40:35 - [MESSAGE][PASSED] - Text of object 'Object Repository/06-Teams/For 2FA/2FA code' is: '266745'

2022-11-23 11:40:35 - [TEST_STEP][PASSED] - delay(3): Delayed 3 second(s)

2022-11-23 11:40:38 - [MESSAGE][PASSED] - Delayed 3 second(s)

2022-11-23 11:40:38 - [TEST_STEP][PASSED] - closeWindowTitle("Mailinator"): Window with title: 'Mailinator' is closed

2022-11-23 11:40:38 - [MESSAGE][PASSED] - Window with title: 'Mailinator' is closed

2022-11-23 11:40:38 - [TEST_STEP][PASSED] - delay(3): Delayed 3 second(s)

2022-11-23 11:40:41 - [MESSAGE][PASSED] - Delayed 3 second(s)

2022-11-23 11:40:41 - [TEST_STEP][PASSED] - switchToWindowIndex(0): Switched to window with index: '0'

2022-11-23 11:40:41 - [MESSAGE][PASSED] - Switched to window with index: '0'

2022-11-23 11:40:41 - [TEST_STEP][PASSED] - delay(3): Delayed 3 second(s)

2022-11-23 11:40:44 - [MESSAGE][PASSED] - Delayed 3 second(s)

2022-11-23 11:40:44 - [TEST_STEP][PASSED] - setText(findTestObject("Object Repository/06-Teams/For 2FA/input_Enter verification code_code"), code): Text '266745' is set on object 'Object Repository/06-Teams/For 2FA/input_Enter verification code_code'

2022-11-23 11:40:45 - [MESSAGE][PASSED] - Text '266745' is set on object 'Object Repository/06-Teams/For 2FA/input_Enter verification code_code'

2022-11-23 11:40:45 - [TEST_STEP][PASSED] - delay(3): Delayed 3 second(s)

2022-11-23 11:40:48 - [MESSAGE][PASSED] - Delayed 3 second(s)

2022-11-23 11:40:48 - [TEST_STEP][PASSED] - click(findTestObject("06-Teams/For 2FA/button_Verify_2FA")): Object: 'Object Repository/06-Teams/For 2FA/button_Verify_2FA' is clicked on

2022-11-23 11:40:48 - [MESSAGE][PASSED] - Object: 'Object Repository/06-Teams/For 2FA/button_Verify_2FA' is clicked on

2022-11-23 11:40:48 - [TEST_STEP][PASSED] - delay(5): Delayed 5 second(s)

2022-11-23 11:40:53 - [MESSAGE][PASSED] - Delayed 5 second(s)

2022-11-23 11:40:53 - [TEST_STEP][PASSED] - click(findTestObject("06-Teams/button_doublearrow")): Object: 'Object Repository/06-Teams/button_doublearrow' is clicked on

2022-11-23 11:40:54 - [MESSAGE][PASSED] - Object: 'Object Repository/06-Teams/button_doublearrow' is clicked on

2022-11-23 11:40:54 - [TEST_STEP][PASSED] - click(findTestObject("06-Teams/button_My Organizations")): Object: 'Object Repository/06-Teams/button_My Organizations' is clicked on

2022-11-23 11:40:54 - [MESSAGE][PASSED] - Object: 'Object Repository/06-Teams/button_My Organizations' is clicked on

2022-11-23 11:40:54 - [TEST_STEP][PASSED] - click(findTestObject("06-Teams/button_GG Automation")): Object: 'Object Repository/06-Teams/button_GG Automation' is clicked on

2022-11-23 11:40:55 - [MESSAGE][PASSED] - Object: 'Object Repository/06-Teams/button_GG Automation' is clicked on

2022-11-23 11:40:55 - [TEST_STEP][PASSED] - delay(4): Delayed 4 second(s)

2022-11-23 11:40:59 - [MESSAGE][PASSED] - Delayed 4 second(s)

2022-11-23 11:40:59 - [TEST_STEP][PASSED] - verifyElementVisible(findTestObject("06-Teams/span_GG Automation")): Object 'Object Repository/06-Teams/span_GG Automation' is visible

2022-11-23 11:40:59 - [MESSAGE][PASSED] - Object 'Object Repository/06-Teams/span_GG Automation' is visible

2022-11-23 11:40:59 - [TEST_STEP][PASSED] - delay(5): Delayed 5 second(s)

2022-11-23 11:41:04 - [MESSAGE][PASSED] - Delayed 5 second(s)

2022-11-23 11:41:04 - [TEST_STEP][PASSED] - click(findTestObject("03-Header Menu/Hamburger Button/div_Settings")): Object: 'Object Repository/03-Header Menu/Hamburger Button/div_Settings' is clicked on

2022-11-23 11:41:05 - [MESSAGE][PASSED] - Object: 'Object Repository/03-Header Menu/Hamburger Button/div_Settings' is clicked on

2022-11-23 11:41:05 - [TEST_STEP][PASSED] - delay(3): Delayed 3 second(s)

2022-11-23 11:41:08 - [MESSAGE][PASSED] - Delayed 3 second(s)

2022-11-23 11:41:08 - [TEST_STEP][PASSED] - click(findTestObject("09-Settings/Users/div_Users")): Object: 'Object Repository/09-Settings/Users/div_Users' is clicked on

2022-11-23 11:41:08 - [MESSAGE][PASSED] - Object: 'Object Repository/09-Settings/Users/div_Users' is clicked on

2022-11-23 11:41:08 - [TEST_STEP][PASSED] - delay(3): Delayed 3 second(s)

2022-11-23 11:41:11 - [MESSAGE][PASSED] - Delayed 3 second(s)

2022-11-23 11:41:11 - [TEST_STEP][PASSED] - click(findTestObject("09-Settings/Users/button_add")): Object: 'Object Repository/09-Settings/Users/button_add' is clicked on

2022-11-23 11:41:12 - [MESSAGE][PASSED] - Object: 'Object Repository/09-Settings/Users/button_add' is clicked on

2022-11-23 11:41:12 - [TEST_STEP][PASSED] - delay(3): Delayed 3 second(s)

2022-11-23 11:41:15 - [MESSAGE][PASSED] - Delayed 3 second(s)

2022-11-23 11:41:15 - [TEST_STEP][PASSED] - click(findTestObject("09-Settings/Users/add Invite a single user")): Object: 'Object Repository/09-Settings/Users/add Invite a single user' is clicked on

2022-11-23 11:41:15 - [MESSAGE][PASSED] - Object: 'Object Repository/09-Settings/Users/add Invite a single user' is clicked on

2022-11-23 11:41:15 - [TEST_STEP][PASSED] - delay(3): Delayed 3 second(s)

2022-11-23 11:41:18 - [MESSAGE][PASSED] - Delayed 3 second(s)

2022-11-23 11:41:18 - [TEST_STEP][PASSED] - setText(findTestObject("09-Settings/Users/input_email"), "autotester09@mailinator.com"): Text 'autotester09@mailinator.com' is set on object 'Object Repository/09-Settings/Users/input_email'

2022-11-23 11:41:19 - [MESSAGE][PASSED] - Text 'autotester09@mailinator.com' is set on object 'Object Repository/09-Settings/Users/input_email'

2022-11-23 11:41:19 - [TEST_STEP][PASSED] - setText(findTestObject("09-Settings/Users/input_firstName"), "GG"): Text 'GG' is set on object 'Object Repository/09-Settings/Users/input_firstName'

2022-11-23 11:41:20 - [MESSAGE][PASSED] - Text 'GG' is set on object 'Object Repository/09-Settings/Users/input_firstName'

2022-11-23 11:41:20 - [TEST_STEP][PASSED] - setText(findTestObject("09-Settings/Users/input_lastName"), "Client"): Text 'Client' is set on object 'Object Repository/09-Settings/Users/input_lastName'

2022-11-23 11:41:21 - [MESSAGE][PASSED] - Text 'Client' is set on object 'Object Repository/09-Settings/Users/input_lastName'

2022-11-23 11:41:21 - [TEST_STEP][PASSED] - click(findTestObject("09-Settings/Users/span_Role")): Object: 'Object Repository/09-Settings/Users/span_Role' is clicked on

2022-11-23 11:41:21 - [MESSAGE][PASSED] - Object: 'Object Repository/09-Settings/Users/span_Role' is clicked on

2022-11-23 11:41:21 - [TEST_STEP][PASSED] - click(findTestObject("09-Settings/Users/span_Client")): Object: 'Object Repository/09-Settings/Users/span_Client' is clicked on

2022-11-23 11:41:22 - [MESSAGE][PASSED] - Object: 'Object Repository/09-Settings/Users/span_Client' is clicked on

2022-11-23 11:41:22 - [TEST_STEP][PASSED] - click(findTestObject("09-Settings/Users/button_Send Invitation")): Object: 'Object Repository/09-Settings/Users/button_Send Invitation' is clicked on

2022-11-23 11:41:23 - [MESSAGE][PASSED] - Object: 'Object Repository/09-Settings/Users/button_Send Invitation' is clicked on

2022-11-23 11:41:23 - [TEST_STEP][PASSED] - delay(2): Delayed 2 second(s)

2022-11-23 11:41:25 - [MESSAGE][PASSED] - Delayed 2 second(s)

2022-11-23 11:41:25 - [TEST_STEP][PASSED] - verifyElementVisible(findTestObject("07-Directory/Connections/zContact Profile/Successfully invited user")): Object 'Object Repository/07-Directory/Connections/zContact Profile/Successfully invited user' is visible

2022-11-23 11:41:26 - [MESSAGE][PASSED] - Object 'Object Repository/07-Directory/Connections/zContact Profile/Successfully invited user' is visible

2022-11-23 11:41:26 - [TEST_STEP][PASSED] - delay(2): Delayed 2 second(s)

2022-11-23 11:41:28 - [MESSAGE][PASSED] - Delayed 2 second(s)

2022-11-23 11:41:28 - [TEST_STEP][PASSED] - click(findTestObject("01-Login and Forgot Password/User menu drop")): Object: 'Object Repository/01-Login and Forgot Password/User menu drop' is clicked on

2022-11-23 11:41:29 - [MESSAGE][PASSED] - Object: 'Object Repository/01-Login and Forgot Password/User menu drop' is clicked on

2022-11-23 11:41:29 - [TEST_STEP][PASSED] - delay(2): Delayed 2 second(s)

2022-11-23 11:41:31 - [MESSAGE][PASSED] - Delayed 2 second(s)

2022-11-23 11:41:31 - [TEST_STEP][PASSED] - click(findTestObject("01-Login and Forgot Password/h4_Sign Out"), STOP_ON_FAILURE): Object: 'Object Repository/01-Login and Forgot Password/h4_Sign Out' is clicked on

2022-11-23 11:41:31 - [MESSAGE][PASSED] - Object: 'Object Repository/01-Login and Forgot Password/h4_Sign Out' is clicked on

2022-11-23 11:41:31 - [TEST_STEP][PASSED] - delay(2): Delayed 2 second(s)

2022-11-23 11:41:33 - [MESSAGE][PASSED] - Delayed 2 second(s)

2022-11-23 11:41:33 - [TEST_STEP][PASSED] - verifyElementPresent(findTestObject("01-Login and Forgot Password/Login_Card"), 0): Object 'Object Repository/01-Login and Forgot Password/Login_Card' is present

2022-11-23 11:41:34 - [MESSAGE][WARNING] - Timeout '0' is invalid. Using default page load timeout: '30'

2022-11-23 11:41:34 - [MESSAGE][PASSED] - Object 'Object Repository/01-Login and Forgot Password/Login_Card' is present

2022-11-23 11:41:34 - [TEST_STEP][PASSED] - delay(3): Delayed 3 second(s)

2022-11-23 11:41:37 - [MESSAGE][PASSED] - Delayed 3 second(s)

2022-11-23 11:41:37 - [TEST_STEP][PASSED] - closeBrowser(): Browser is closed

2022-11-23 11:41:37 - [MESSAGE][PASSED] - Browser is closed

2022-11-23 11:41:37 - [TEST_STEP][PASSED] - openBrowser(""): Browser is opened with url: ''

2022-11-23 11:41:37 - [MESSAGE][INFO] - Starting 'Chrome' driver

2022-11-23 11:41:37 - [MESSAGE][INFO] - Action delay is set to 0 milliseconds

2022-11-23 11:41:39 - [MESSAGE][PASSED] - Browser is opened with url: ''

2022-11-23 11:41:39 - [TEST_STEP][PASSED] - navigateToUrl("https://lab.everleagues.com/"): Navigate to 'https://lab.everleagues.com/' successfully

2022-11-23 11:41:50 - [MESSAGE][PASSED] - Navigate to 'https://lab.everleagues.com/' successfully

2022-11-23 11:41:50 - [TEST_STEP][PASSED] - maximizeWindow(): Current window maximized

2022-11-23 11:41:51 - [MESSAGE][PASSED] - Current window maximized

2022-11-23 11:41:51 - [TEST_STEP][PASSED] - setText(findTestObject("02-Side Icons(Organization)/Add Contact/Email Field"), "autotester09@mailinator.com"): Text 'autotester09@mailinator.com' is set on object 'Object Repository/02-Side Icons(Organization)/Add Contact/Email Field'

2022-11-23 11:41:52 - [MESSAGE][PASSED] - Text 'autotester09@mailinator.com' is set on object 'Object Repository/02-Side Icons(Organization)/Add Contact/Email Field'

2022-11-23 11:41:52 - [TEST_STEP][PASSED] - setEncryptedText(findTestObject("02-Side Icons(Organization)/Add Contact/Password Field"), "8yFRyszE6U6jvsCn51OQbg=="): Text ****** has been set on object 'Object Repository/02-Side Icons(Organization)/Add Contact/Password Field'

2022-11-23 11:41:52 - [MESSAGE][PASSED] - Text ****** has been set on object 'Object Repository/02-Side Icons(Organization)/Add Contact/Password Field'

2022-11-23 11:41:52 - [TEST_STEP][PASSED] - click(findTestObject("02-Side Icons(Organization)/Add Contact/button_Sign in")): Object: 'Object Repository/02-Side Icons(Organization)/Add Contact/button_Sign in' is clicked on

2022-11-23 11:41:53 - [MESSAGE][PASSED] - Object: 'Object Repository/02-Side Icons(Organization)/Add Contact/button_Sign in' is clicked on

2022-11-23 11:41:53 - [TEST_STEP][PASSED] - delay(2): Delayed 2 second(s)

2022-11-23 11:41:55 - [MESSAGE][PASSED] - Delayed 2 second(s)

2022-11-23 11:41:55 - [TEST_STEP][PASSED] - click(findTestObject("06-Teams/For 2FA/button_Confirm_2FA")): Object: 'Object Repository/06-Teams/For 2FA/button_Confirm_2FA' is clicked on

2022-11-23 11:41:55 - [MESSAGE][PASSED] - Object: 'Object Repository/06-Teams/For 2FA/button_Confirm_2FA' is clicked on

2022-11-23 11:41:55 - [TEST_STEP][PASSED] - executeJavaScript("window.open();", []): Execute JavaScript 'window.open();' successfully

2022-11-23 11:41:55 - [MESSAGE][PASSED] - Execute JavaScript 'window.open();' successfully

2022-11-23 11:41:55 - [TEST_STEP][PASSED] - currentWindow = getWindowIndex(): Current window's index is: 0

2022-11-23 11:41:55 - [MESSAGE][PASSED] - Current window's index is: 0

2022-11-23 11:41:55 - [TEST_STEP][PASSED] - delay(3): Delayed 3 second(s)

2022-11-23 11:41:58 - [MESSAGE][PASSED] - Delayed 3 second(s)

2022-11-23 11:41:58 - [TEST_STEP][PASSED] - switchToWindowIndex(currentWindow + 1): Switched to window with index: '1'

2022-11-23 11:41:58 - [MESSAGE][PASSED] - Switched to window with index: '1'

2022-11-23 11:41:58 - [TEST_STEP][PASSED] - navigateToUrl("https://www.mailinator.com/"): Navigate to 'https://www.mailinator.com/' successfully

2022-11-23 11:42:00 - [MESSAGE][PASSED] - Navigate to 'https://www.mailinator.com/' successfully

2022-11-23 11:42:00 - [TEST_STEP][PASSED] - delay(3): Delayed 3 second(s)

2022-11-23 11:42:03 - [MESSAGE][PASSED] - Delayed 3 second(s)

2022-11-23 11:42:03 - [TEST_STEP][PASSED] - setText(findTestObject("00-Signup and Activation/zMailinator/input_LOGIN_search"), "autotester09@mailinator.com"): Text 'autotester09@mailinator.com' is set on object 'Object Repository/00-Signup and Activation/zMailinator/input_LOGIN_search'

2022-11-23 11:42:04 - [MESSAGE][PASSED] - Text 'autotester09@mailinator.com' is set on object 'Object Repository/00-Signup and Activation/zMailinator/input_LOGIN_search'

2022-11-23 11:42:04 - [TEST_STEP][PASSED] - click(findTestObject("00-Signup and Activation/zMailinator/gobutton"), STOP_ON_FAILURE): Object: 'Object Repository/00-Signup and Activation/zMailinator/gobutton' is clicked on

2022-11-23 11:42:06 - [MESSAGE][PASSED] - Object: 'Object Repository/00-Signup and Activation/zMailinator/gobutton' is clicked on

2022-11-23 11:42:06 - [TEST_STEP][PASSED] - delay(3): Delayed 3 second(s)

2022-11-23 11:42:09 - [MESSAGE][PASSED] - Delayed 3 second(s)

2022-11-23 11:42:09 - [TEST_STEP][PASSED] - click(findTestObject("00-Signup and Activation/zMailinator/Email - everleagues")): Object: 'Object Repository/00-Signup and Activation/zMailinator/Email - everleagues' is clicked on

2022-11-23 11:42:10 - [MESSAGE][PASSED] - Object: 'Object Repository/00-Signup and Activation/zMailinator/Email - everleagues' is clicked on

2022-11-23 11:42:10 - [TEST_STEP][PASSED] - delay(3): Delayed 3 second(s)

2022-11-23 11:42:13 - [MESSAGE][PASSED] - Delayed 3 second(s)

2022-11-23 11:42:13 - [TEST_STEP][PASSED] - codetwo = getText(findTestObject("Object Repository/06-Teams/For 2FA/2FA code")): Text of object 'Object Repository/06-Teams/For 2FA/2FA code' is: '806321'

2022-11-23 11:42:13 - [MESSAGE][PASSED] - Text of object 'Object Repository/06-Teams/For 2FA/2FA code' is: '806321'

2022-11-23 11:42:13 - [TEST_STEP][PASSED] - delay(3): Delayed 3 second(s)

2022-11-23 11:42:16 - [MESSAGE][PASSED] - Delayed 3 second(s)

2022-11-23 11:42:16 - [TEST_STEP][PASSED] - closeWindowTitle("Mailinator"): Window with title: 'Mailinator' is closed

2022-11-23 11:42:16 - [MESSAGE][PASSED] - Window with title: 'Mailinator' is closed

2022-11-23 11:42:16 - [TEST_STEP][PASSED] - delay(3): Delayed 3 second(s)

2022-11-23 11:42:19 - [MESSAGE][PASSED] - Delayed 3 second(s)

2022-11-23 11:42:19 - [TEST_STEP][PASSED] - switchToWindowIndex(0): Switched to window with index: '0'

2022-11-23 11:42:19 - [MESSAGE][PASSED] - Switched to window with index: '0'

2022-11-23 11:42:19 - [TEST_STEP][PASSED] - delay(3): Delayed 3 second(s)

2022-11-23 11:42:22 - [MESSAGE][PASSED] - Delayed 3 second(s)

2022-11-23 11:42:22 - [TEST_STEP][PASSED] - setText(findTestObject("Object Repository/06-Teams/For 2FA/input_Enter verification code_code"), codetwo): Text '806321' is set on object 'Object Repository/06-Teams/For 2FA/input_Enter verification code_code'

2022-11-23 11:42:23 - [MESSAGE][PASSED] - Text '806321' is set on object 'Object Repository/06-Teams/For 2FA/input_Enter verification code_code'

2022-11-23 11:42:23 - [TEST_STEP][PASSED] - delay(3): Delayed 3 second(s)

2022-11-23 11:42:26 - [MESSAGE][PASSED] - Delayed 3 second(s)

2022-11-23 11:42:26 - [TEST_STEP][PASSED] - click(findTestObject("06-Teams/For 2FA/button_Verify_2FA")): Object: 'Object Repository/06-Teams/For 2FA/button_Verify_2FA' is clicked on

2022-11-23 11:42:27 - [MESSAGE][PASSED] - Object: 'Object Repository/06-Teams/For 2FA/button_Verify_2FA' is clicked on

2022-11-23 11:42:27 - [TEST_STEP][PASSED] - delay(5): Delayed 5 second(s)

2022-11-23 11:42:32 - [MESSAGE][PASSED] - Delayed 5 second(s)

2022-11-23 11:42:32 - [TEST_STEP][PASSED] - executeJavaScript("window.open();", []): Execute JavaScript 'window.open();' successfully

2022-11-23 11:42:32 - [MESSAGE][PASSED] - Execute JavaScript 'window.open();' successfully

2022-11-23 11:42:32 - [TEST_STEP][PASSED] - currentWindow = getWindowIndex(): Current window's index is: 0

2022-11-23 11:42:32 - [MESSAGE][PASSED] - Current window's index is: 0

2022-11-23 11:42:32 - [TEST_STEP][PASSED] - delay(3): Delayed 3 second(s)

2022-11-23 11:42:35 - [MESSAGE][PASSED] - Delayed 3 second(s)

2022-11-23 11:42:35 - [TEST_STEP][PASSED] - switchToWindowIndex(currentWindow + 1): Switched to window with index: '1'

2022-11-23 11:42:35 - [MESSAGE][PASSED] - Switched to window with index: '1'

2022-11-23 11:42:35 - [TEST_STEP][PASSED] - navigateToUrl("https://www.mailinator.com/"): Navigate to 'https://www.mailinator.com/' successfully

2022-11-23 11:42:36 - [MESSAGE][PASSED] - Navigate to 'https://www.mailinator.com/' successfully

2022-11-23 11:42:36 - [TEST_STEP][PASSED] - delay(3): Delayed 3 second(s)

2022-11-23 11:42:39 - [MESSAGE][PASSED] - Delayed 3 second(s)

2022-11-23 11:42:39 - [TEST_STEP][PASSED] - setText(findTestObject("00-Signup and Activation/zMailinator/input_LOGIN_search"), "autotester09@mailinator.com"): Text 'autotester09@mailinator.com' is set on object 'Object Repository/00-Signup and Activation/zMailinator/input_LOGIN_search'

2022-11-23 11:42:40 - [MESSAGE][PASSED] - Text 'autotester09@mailinator.com' is set on object 'Object Repository/00-Signup and Activation/zMailinator/input_LOGIN_search'

2022-11-23 11:42:40 - [TEST_STEP][PASSED] - click(findTestObject("00-Signup and Activation/zMailinator/gobutton"), STOP_ON_FAILURE): Object: 'Object Repository/00-Signup and Activation/zMailinator/gobutton' is clicked on

2022-11-23 11:42:41 - [MESSAGE][PASSED] - Object: 'Object Repository/00-Signup and Activation/zMailinator/gobutton' is clicked on

2022-11-23 11:42:41 - [TEST_STEP][PASSED] - delay(3): Delayed 3 second(s)

2022-11-23 11:42:44 - [MESSAGE][PASSED] - Delayed 3 second(s)

2022-11-23 11:42:44 - [TEST_STEP][PASSED] - closeWindowTitle("Everleagues"): Window with title: 'Everleagues' is closed

2022-11-23 11:42:44 - [MESSAGE][PASSED] - Window with title: 'Everleagues' is closed

2022-11-23 11:42:44 - [TEST_STEP][PASSED] - switchToWindowIndex(0): Switched to window with index: '0'

2022-11-23 11:42:44 - [MESSAGE][PASSED] - Switched to window with index: '0'

2022-11-23 11:42:44 - [TEST_STEP][PASSED] - click(findTestObject("09-Settings/Users/Co worker/td_Invitation from GG Automation")): Object: 'Object Repository/09-Settings/Users/Co worker/td_Invitation from GG Automation' is clicked on

2022-11-23 11:42:44 - [MESSAGE][PASSED] - Object: 'Object Repository/09-Settings/Users/Co worker/td_Invitation from GG Automation' is clicked on

2022-11-23 11:42:44 - [TEST_STEP][PASSED] - click(findTestObject("09-Settings/Users/Co worker/a_Click here to join GG Automation on EverLeagues")): Object: 'Object Repository/09-Settings/Users/Co worker/a_Click here to join GG Automation on EverLeagues' is clicked on

2022-11-23 11:42:45 - [MESSAGE][PASSED] - Object: 'Object Repository/09-Settings/Users/Co worker/a_Click here to join GG Automation on EverLeagues' is clicked on

2022-11-23 11:42:45 - [TEST_STEP][PASSED] - closeWindowTitle("Mailinator"): Window with title: 'Mailinator' is closed

2022-11-23 11:42:45 - [MESSAGE][PASSED] - Window with title: 'Mailinator' is closed

2022-11-23 11:42:45 - [TEST_STEP][PASSED] - switchToWindowIndex(0): Switched to window with index: '0'

2022-11-23 11:42:45 - [MESSAGE][PASSED] - Switched to window with index: '0'

2022-11-23 11:42:45 - [TEST_STEP][PASSED] - verifyElementVisible(findTestObject("09-Settings/Users/Client/Invite modal")): Object 'Object Repository/09-Settings/Users/Client/Invite modal' is visible

2022-11-23 11:42:51 - [MESSAGE][PASSED] - Object 'Object Repository/09-Settings/Users/Client/Invite modal' is visible

2022-11-23 11:42:51 - [TEST_STEP][PASSED] - setText(findTestObject("09-Settings/Users/Client/Company field"), "QA Company"): Text 'QA Company' is set on object 'Object Repository/09-Settings/Users/Client/Company field'

2022-11-23 11:42:52 - [MESSAGE][PASSED] - Text 'QA Company' is set on object 'Object Repository/09-Settings/Users/Client/Company field'

2022-11-23 11:42:52 - [TEST_STEP][PASSED] - click(findTestObject("09-Settings/Users/Client/button_Accept")): Object: 'Object Repository/09-Settings/Users/Client/button_Accept' is clicked on

2022-11-23 11:42:52 - [MESSAGE][PASSED] - Object: 'Object Repository/09-Settings/Users/Client/button_Accept' is clicked on

2022-11-23 11:42:52 - [TEST_STEP][PASSED] - delay(5): Delayed 5 second(s)

2022-11-23 11:42:57 - [MESSAGE][PASSED] - Delayed 5 second(s)

2022-11-23 11:42:57 - [TEST_STEP][PASSED] - verifyElementVisible(findTestObject("09-Settings/Users/Client/div_Joined as CLIENT")): Object 'Object Repository/09-Settings/Users/Client/div_Joined as CLIENT' is visible

2022-11-23 11:43:02 - [MESSAGE][PASSED] - Object 'Object Repository/09-Settings/Users/Client/div_Joined as CLIENT' is visible

2022-11-23 11:43:02 - [TEST_STEP][PASSED] - delay(3): Delayed 3 second(s)

2022-11-23 11:43:05 - [MESSAGE][PASSED] - Delayed 3 second(s)

2022-11-23 11:43:05 - [TEST_STEP][PASSED] - closeBrowser(): Browser is closed

2022-11-23 11:43:06 - [MESSAGE][PASSED] - Browser is closed]]></system-out>
         <system-err><![CDATA[]]></system-err>
      </testcase>
      <testcase name="Test Cases/09-Settings/04 - Users (Invite new user as partner)" time="199.673" classname="Test Cases/09-Settings/04 - Users (Invite new user as partner)" status="PASSED">
         <system-out><![CDATA[2022-11-23 11:43:06 - [TEST_CASE][PASSED] - Test Cases/09-Settings/04 - Users (Invite new user as partner): Test Cases/09-Settings/04 - Users (Invite new user as partner)

2022-11-23 11:43:06 - [TEST_STEP][PASSED] - openBrowser(""): Browser is opened with url: ''

2022-11-23 11:43:06 - [MESSAGE][INFO] - Starting 'Chrome' driver

2022-11-23 11:43:06 - [MESSAGE][INFO] - Action delay is set to 0 milliseconds

2022-11-23 11:43:07 - [MESSAGE][PASSED] - Browser is opened with url: ''

2022-11-23 11:43:07 - [TEST_STEP][PASSED] - navigateToUrl("https://lab.everleagues.com/"): Navigate to 'https://lab.everleagues.com/' successfully

2022-11-23 11:43:20 - [MESSAGE][PASSED] - Navigate to 'https://lab.everleagues.com/' successfully

2022-11-23 11:43:20 - [TEST_STEP][PASSED] - maximizeWindow(): Current window maximized

2022-11-23 11:43:20 - [MESSAGE][PASSED] - Current window maximized

2022-11-23 11:43:20 - [TEST_STEP][PASSED] - setText(findTestObject("02-Side Icons(Organization)/Add Contact/Email Field"), "testuser02@mailinator.com"): Text 'testuser02@mailinator.com' is set on object 'Object Repository/02-Side Icons(Organization)/Add Contact/Email Field'

2022-11-23 11:43:21 - [MESSAGE][PASSED] - Text 'testuser02@mailinator.com' is set on object 'Object Repository/02-Side Icons(Organization)/Add Contact/Email Field'

2022-11-23 11:43:21 - [TEST_STEP][PASSED] - setEncryptedText(findTestObject("02-Side Icons(Organization)/Add Contact/Password Field"), "8yFRyszE6U6jvsCn51OQbg=="): Text ****** has been set on object 'Object Repository/02-Side Icons(Organization)/Add Contact/Password Field'

2022-11-23 11:43:22 - [MESSAGE][PASSED] - Text ****** has been set on object 'Object Repository/02-Side Icons(Organization)/Add Contact/Password Field'

2022-11-23 11:43:22 - [TEST_STEP][PASSED] - click(findTestObject("02-Side Icons(Organization)/Add Contact/button_Sign in")): Object: 'Object Repository/02-Side Icons(Organization)/Add Contact/button_Sign in' is clicked on

2022-11-23 11:43:22 - [MESSAGE][PASSED] - Object: 'Object Repository/02-Side Icons(Organization)/Add Contact/button_Sign in' is clicked on

2022-11-23 11:43:22 - [TEST_STEP][PASSED] - delay(2): Delayed 2 second(s)

2022-11-23 11:43:24 - [MESSAGE][PASSED] - Delayed 2 second(s)

2022-11-23 11:43:24 - [TEST_STEP][PASSED] - click(findTestObject("06-Teams/For 2FA/button_Confirm_2FA")): Object: 'Object Repository/06-Teams/For 2FA/button_Confirm_2FA' is clicked on

2022-11-23 11:43:25 - [MESSAGE][PASSED] - Object: 'Object Repository/06-Teams/For 2FA/button_Confirm_2FA' is clicked on

2022-11-23 11:43:25 - [TEST_STEP][PASSED] - executeJavaScript("window.open();", []): Execute JavaScript 'window.open();' successfully

2022-11-23 11:43:25 - [MESSAGE][PASSED] - Execute JavaScript 'window.open();' successfully

2022-11-23 11:43:25 - [TEST_STEP][PASSED] - currentWindow = getWindowIndex(): Current window's index is: 0

2022-11-23 11:43:25 - [MESSAGE][PASSED] - Current window's index is: 0

2022-11-23 11:43:25 - [TEST_STEP][PASSED] - delay(3): Delayed 3 second(s)

2022-11-23 11:43:28 - [MESSAGE][PASSED] - Delayed 3 second(s)

2022-11-23 11:43:28 - [TEST_STEP][PASSED] - switchToWindowIndex(currentWindow + 1): Switched to window with index: '1'

2022-11-23 11:43:28 - [MESSAGE][PASSED] - Switched to window with index: '1'

2022-11-23 11:43:28 - [TEST_STEP][PASSED] - navigateToUrl("https://www.mailinator.com/"): Navigate to 'https://www.mailinator.com/' successfully

2022-11-23 11:43:29 - [MESSAGE][PASSED] - Navigate to 'https://www.mailinator.com/' successfully

2022-11-23 11:43:29 - [TEST_STEP][PASSED] - delay(3): Delayed 3 second(s)

2022-11-23 11:43:32 - [MESSAGE][PASSED] - Delayed 3 second(s)

2022-11-23 11:43:32 - [TEST_STEP][PASSED] - setText(findTestObject("00-Signup and Activation/zMailinator/input_LOGIN_search"), "testuser02@mailinator.com"): Text 'testuser02@mailinator.com' is set on object 'Object Repository/00-Signup and Activation/zMailinator/input_LOGIN_search'

2022-11-23 11:43:33 - [MESSAGE][PASSED] - Text 'testuser02@mailinator.com' is set on object 'Object Repository/00-Signup and Activation/zMailinator/input_LOGIN_search'

2022-11-23 11:43:33 - [TEST_STEP][PASSED] - click(findTestObject("00-Signup and Activation/zMailinator/gobutton"), STOP_ON_FAILURE): Object: 'Object Repository/00-Signup and Activation/zMailinator/gobutton' is clicked on

2022-11-23 11:43:36 - [MESSAGE][PASSED] - Object: 'Object Repository/00-Signup and Activation/zMailinator/gobutton' is clicked on

2022-11-23 11:43:36 - [TEST_STEP][PASSED] - delay(3): Delayed 3 second(s)

2022-11-23 11:43:39 - [MESSAGE][PASSED] - Delayed 3 second(s)

2022-11-23 11:43:39 - [TEST_STEP][PASSED] - click(findTestObject("00-Signup and Activation/zMailinator/Email - everleagues")): Object: 'Object Repository/00-Signup and Activation/zMailinator/Email - everleagues' is clicked on

2022-11-23 11:43:39 - [MESSAGE][PASSED] - Object: 'Object Repository/00-Signup and Activation/zMailinator/Email - everleagues' is clicked on

2022-11-23 11:43:39 - [TEST_STEP][PASSED] - delay(3): Delayed 3 second(s)

2022-11-23 11:43:42 - [MESSAGE][PASSED] - Delayed 3 second(s)

2022-11-23 11:43:42 - [TEST_STEP][PASSED] - code = getText(findTestObject("Object Repository/06-Teams/For 2FA/2FA code")): Text of object 'Object Repository/06-Teams/For 2FA/2FA code' is: '447798'

2022-11-23 11:43:42 - [MESSAGE][PASSED] - Text of object 'Object Repository/06-Teams/For 2FA/2FA code' is: '447798'

2022-11-23 11:43:42 - [TEST_STEP][PASSED] - delay(3): Delayed 3 second(s)

2022-11-23 11:43:45 - [MESSAGE][PASSED] - Delayed 3 second(s)

2022-11-23 11:43:45 - [TEST_STEP][PASSED] - closeWindowTitle("Mailinator"): Window with title: 'Mailinator' is closed

2022-11-23 11:43:46 - [MESSAGE][PASSED] - Window with title: 'Mailinator' is closed

2022-11-23 11:43:46 - [TEST_STEP][PASSED] - delay(3): Delayed 3 second(s)

2022-11-23 11:43:49 - [MESSAGE][PASSED] - Delayed 3 second(s)

2022-11-23 11:43:49 - [TEST_STEP][PASSED] - switchToWindowIndex(0): Switched to window with index: '0'

2022-11-23 11:43:49 - [MESSAGE][PASSED] - Switched to window with index: '0'

2022-11-23 11:43:49 - [TEST_STEP][PASSED] - delay(3): Delayed 3 second(s)

2022-11-23 11:43:52 - [MESSAGE][PASSED] - Delayed 3 second(s)

2022-11-23 11:43:52 - [TEST_STEP][PASSED] - setText(findTestObject("Object Repository/06-Teams/For 2FA/input_Enter verification code_code"), code): Text '447798' is set on object 'Object Repository/06-Teams/For 2FA/input_Enter verification code_code'

2022-11-23 11:43:52 - [MESSAGE][PASSED] - Text '447798' is set on object 'Object Repository/06-Teams/For 2FA/input_Enter verification code_code'

2022-11-23 11:43:52 - [TEST_STEP][PASSED] - delay(3): Delayed 3 second(s)

2022-11-23 11:43:55 - [MESSAGE][PASSED] - Delayed 3 second(s)

2022-11-23 11:43:55 - [TEST_STEP][PASSED] - click(findTestObject("06-Teams/For 2FA/button_Verify_2FA")): Object: 'Object Repository/06-Teams/For 2FA/button_Verify_2FA' is clicked on

2022-11-23 11:43:56 - [MESSAGE][PASSED] - Object: 'Object Repository/06-Teams/For 2FA/button_Verify_2FA' is clicked on

2022-11-23 11:43:56 - [TEST_STEP][PASSED] - delay(5): Delayed 5 second(s)

2022-11-23 11:44:01 - [MESSAGE][PASSED] - Delayed 5 second(s)

2022-11-23 11:44:01 - [TEST_STEP][PASSED] - click(findTestObject("06-Teams/button_doublearrow")): Object: 'Object Repository/06-Teams/button_doublearrow' is clicked on

2022-11-23 11:44:01 - [MESSAGE][PASSED] - Object: 'Object Repository/06-Teams/button_doublearrow' is clicked on

2022-11-23 11:44:01 - [TEST_STEP][PASSED] - click(findTestObject("06-Teams/button_My Organizations")): Object: 'Object Repository/06-Teams/button_My Organizations' is clicked on

2022-11-23 11:44:02 - [MESSAGE][PASSED] - Object: 'Object Repository/06-Teams/button_My Organizations' is clicked on

2022-11-23 11:44:02 - [TEST_STEP][PASSED] - click(findTestObject("06-Teams/button_GG Automation")): Object: 'Object Repository/06-Teams/button_GG Automation' is clicked on

2022-11-23 11:44:02 - [MESSAGE][PASSED] - Object: 'Object Repository/06-Teams/button_GG Automation' is clicked on

2022-11-23 11:44:02 - [TEST_STEP][PASSED] - delay(4): Delayed 4 second(s)

2022-11-23 11:44:06 - [MESSAGE][PASSED] - Delayed 4 second(s)

2022-11-23 11:44:06 - [TEST_STEP][PASSED] - verifyElementVisible(findTestObject("06-Teams/span_GG Automation")): Object 'Object Repository/06-Teams/span_GG Automation' is visible

2022-11-23 11:44:07 - [MESSAGE][PASSED] - Object 'Object Repository/06-Teams/span_GG Automation' is visible

2022-11-23 11:44:07 - [TEST_STEP][PASSED] - delay(5): Delayed 5 second(s)

2022-11-23 11:44:12 - [MESSAGE][PASSED] - Delayed 5 second(s)

2022-11-23 11:44:12 - [TEST_STEP][PASSED] - click(findTestObject("03-Header Menu/Hamburger Button/div_Settings")): Object: 'Object Repository/03-Header Menu/Hamburger Button/div_Settings' is clicked on

2022-11-23 11:44:13 - [MESSAGE][PASSED] - Object: 'Object Repository/03-Header Menu/Hamburger Button/div_Settings' is clicked on

2022-11-23 11:44:13 - [TEST_STEP][PASSED] - delay(3): Delayed 3 second(s)

2022-11-23 11:44:16 - [MESSAGE][PASSED] - Delayed 3 second(s)

2022-11-23 11:44:16 - [TEST_STEP][PASSED] - click(findTestObject("09-Settings/Users/div_Users")): Object: 'Object Repository/09-Settings/Users/div_Users' is clicked on

2022-11-23 11:44:16 - [MESSAGE][PASSED] - Object: 'Object Repository/09-Settings/Users/div_Users' is clicked on

2022-11-23 11:44:16 - [TEST_STEP][PASSED] - delay(3): Delayed 3 second(s)

2022-11-23 11:44:19 - [MESSAGE][PASSED] - Delayed 3 second(s)

2022-11-23 11:44:19 - [TEST_STEP][PASSED] - click(findTestObject("09-Settings/Users/button_add")): Object: 'Object Repository/09-Settings/Users/button_add' is clicked on

2022-11-23 11:44:20 - [MESSAGE][PASSED] - Object: 'Object Repository/09-Settings/Users/button_add' is clicked on

2022-11-23 11:44:20 - [TEST_STEP][PASSED] - delay(3): Delayed 3 second(s)

2022-11-23 11:44:23 - [MESSAGE][PASSED] - Delayed 3 second(s)

2022-11-23 11:44:23 - [TEST_STEP][PASSED] - click(findTestObject("09-Settings/Users/add Invite a single user")): Object: 'Object Repository/09-Settings/Users/add Invite a single user' is clicked on

2022-11-23 11:44:23 - [MESSAGE][PASSED] - Object: 'Object Repository/09-Settings/Users/add Invite a single user' is clicked on

2022-11-23 11:44:23 - [TEST_STEP][PASSED] - delay(3): Delayed 3 second(s)

2022-11-23 11:44:26 - [MESSAGE][PASSED] - Delayed 3 second(s)

2022-11-23 11:44:26 - [TEST_STEP][PASSED] - setText(findTestObject("09-Settings/Users/input_email"), "autotester10@mailinator.com"): Text 'autotester10@mailinator.com' is set on object 'Object Repository/09-Settings/Users/input_email'

2022-11-23 11:44:28 - [MESSAGE][PASSED] - Text 'autotester10@mailinator.com' is set on object 'Object Repository/09-Settings/Users/input_email'

2022-11-23 11:44:28 - [TEST_STEP][PASSED] - setText(findTestObject("09-Settings/Users/input_firstName"), "GG"): Text 'GG' is set on object 'Object Repository/09-Settings/Users/input_firstName'

2022-11-23 11:44:28 - [MESSAGE][PASSED] - Text 'GG' is set on object 'Object Repository/09-Settings/Users/input_firstName'

2022-11-23 11:44:28 - [TEST_STEP][PASSED] - setText(findTestObject("09-Settings/Users/input_lastName"), "Partner"): Text 'Partner' is set on object 'Object Repository/09-Settings/Users/input_lastName'

2022-11-23 11:44:29 - [MESSAGE][PASSED] - Text 'Partner' is set on object 'Object Repository/09-Settings/Users/input_lastName'

2022-11-23 11:44:29 - [TEST_STEP][PASSED] - click(findTestObject("09-Settings/Users/span_Role")): Object: 'Object Repository/09-Settings/Users/span_Role' is clicked on

2022-11-23 11:44:30 - [MESSAGE][PASSED] - Object: 'Object Repository/09-Settings/Users/span_Role' is clicked on

2022-11-23 11:44:30 - [TEST_STEP][PASSED] - click(findTestObject("09-Settings/Users/span_Partner")): Object: 'Object Repository/09-Settings/Users/span_Partner' is clicked on

2022-11-23 11:44:30 - [MESSAGE][PASSED] - Object: 'Object Repository/09-Settings/Users/span_Partner' is clicked on

2022-11-23 11:44:30 - [TEST_STEP][PASSED] - click(findTestObject("09-Settings/Users/button_Send Invitation")): Object: 'Object Repository/09-Settings/Users/button_Send Invitation' is clicked on

2022-11-23 11:44:31 - [MESSAGE][PASSED] - Object: 'Object Repository/09-Settings/Users/button_Send Invitation' is clicked on

2022-11-23 11:44:31 - [TEST_STEP][PASSED] - delay(2): Delayed 2 second(s)

2022-11-23 11:44:33 - [MESSAGE][PASSED] - Delayed 2 second(s)

2022-11-23 11:44:33 - [TEST_STEP][PASSED] - verifyElementVisible(findTestObject("07-Directory/Connections/zContact Profile/Successfully invited user")): Object 'Object Repository/07-Directory/Connections/zContact Profile/Successfully invited user' is visible

2022-11-23 11:44:35 - [MESSAGE][PASSED] - Object 'Object Repository/07-Directory/Connections/zContact Profile/Successfully invited user' is visible

2022-11-23 11:44:35 - [TEST_STEP][PASSED] - delay(2): Delayed 2 second(s)

2022-11-23 11:44:38 - [MESSAGE][PASSED] - Delayed 2 second(s)

2022-11-23 11:44:38 - [TEST_STEP][PASSED] - click(findTestObject("01-Login and Forgot Password/User menu drop")): Object: 'Object Repository/01-Login and Forgot Password/User menu drop' is clicked on

2022-11-23 11:44:38 - [MESSAGE][PASSED] - Object: 'Object Repository/01-Login and Forgot Password/User menu drop' is clicked on

2022-11-23 11:44:38 - [TEST_STEP][PASSED] - delay(2): Delayed 2 second(s)

2022-11-23 11:44:40 - [MESSAGE][PASSED] - Delayed 2 second(s)

2022-11-23 11:44:40 - [TEST_STEP][PASSED] - click(findTestObject("01-Login and Forgot Password/h4_Sign Out"), STOP_ON_FAILURE): Object: 'Object Repository/01-Login and Forgot Password/h4_Sign Out' is clicked on

2022-11-23 11:44:40 - [MESSAGE][PASSED] - Object: 'Object Repository/01-Login and Forgot Password/h4_Sign Out' is clicked on

2022-11-23 11:44:40 - [TEST_STEP][PASSED] - delay(2): Delayed 2 second(s)

2022-11-23 11:44:42 - [MESSAGE][PASSED] - Delayed 2 second(s)

2022-11-23 11:44:42 - [TEST_STEP][PASSED] - verifyElementPresent(findTestObject("01-Login and Forgot Password/Login_Card"), 0): Object 'Object Repository/01-Login and Forgot Password/Login_Card' is present

2022-11-23 11:44:42 - [MESSAGE][WARNING] - Timeout '0' is invalid. Using default page load timeout: '30'

2022-11-23 11:44:43 - [MESSAGE][PASSED] - Object 'Object Repository/01-Login and Forgot Password/Login_Card' is present

2022-11-23 11:44:43 - [TEST_STEP][PASSED] - delay(3): Delayed 3 second(s)

2022-11-23 11:44:46 - [MESSAGE][PASSED] - Delayed 3 second(s)

2022-11-23 11:44:46 - [TEST_STEP][PASSED] - closeBrowser(): Browser is closed

2022-11-23 11:44:46 - [MESSAGE][PASSED] - Browser is closed

2022-11-23 11:44:46 - [TEST_STEP][PASSED] - openBrowser(""): Browser is opened with url: ''

2022-11-23 11:44:46 - [MESSAGE][INFO] - Starting 'Chrome' driver

2022-11-23 11:44:46 - [MESSAGE][INFO] - Action delay is set to 0 milliseconds

2022-11-23 11:44:47 - [MESSAGE][PASSED] - Browser is opened with url: ''

2022-11-23 11:44:47 - [TEST_STEP][PASSED] - navigateToUrl("https://lab.everleagues.com/"): Navigate to 'https://lab.everleagues.com/' successfully

2022-11-23 11:45:14 - [MESSAGE][PASSED] - Navigate to 'https://lab.everleagues.com/' successfully

2022-11-23 11:45:14 - [TEST_STEP][PASSED] - maximizeWindow(): Current window maximized

2022-11-23 11:45:14 - [MESSAGE][PASSED] - Current window maximized

2022-11-23 11:45:14 - [TEST_STEP][PASSED] - setText(findTestObject("02-Side Icons(Organization)/Add Contact/Email Field"), "autotester10@mailinator.com"): Text 'autotester10@mailinator.com' is set on object 'Object Repository/02-Side Icons(Organization)/Add Contact/Email Field'

2022-11-23 11:45:15 - [MESSAGE][PASSED] - Text 'autotester10@mailinator.com' is set on object 'Object Repository/02-Side Icons(Organization)/Add Contact/Email Field'

2022-11-23 11:45:15 - [TEST_STEP][PASSED] - setEncryptedText(findTestObject("02-Side Icons(Organization)/Add Contact/Password Field"), "8yFRyszE6U6jvsCn51OQbg=="): Text ****** has been set on object 'Object Repository/02-Side Icons(Organization)/Add Contact/Password Field'

2022-11-23 11:45:16 - [MESSAGE][PASSED] - Text ****** has been set on object 'Object Repository/02-Side Icons(Organization)/Add Contact/Password Field'

2022-11-23 11:45:16 - [TEST_STEP][PASSED] - click(findTestObject("02-Side Icons(Organization)/Add Contact/button_Sign in")): Object: 'Object Repository/02-Side Icons(Organization)/Add Contact/button_Sign in' is clicked on

2022-11-23 11:45:16 - [MESSAGE][PASSED] - Object: 'Object Repository/02-Side Icons(Organization)/Add Contact/button_Sign in' is clicked on

2022-11-23 11:45:16 - [TEST_STEP][PASSED] - delay(2): Delayed 2 second(s)

2022-11-23 11:45:18 - [MESSAGE][PASSED] - Delayed 2 second(s)

2022-11-23 11:45:18 - [TEST_STEP][PASSED] - click(findTestObject("06-Teams/For 2FA/button_Confirm_2FA")): Object: 'Object Repository/06-Teams/For 2FA/button_Confirm_2FA' is clicked on

2022-11-23 11:45:19 - [MESSAGE][PASSED] - Object: 'Object Repository/06-Teams/For 2FA/button_Confirm_2FA' is clicked on

2022-11-23 11:45:19 - [TEST_STEP][PASSED] - executeJavaScript("window.open();", []): Execute JavaScript 'window.open();' successfully

2022-11-23 11:45:19 - [MESSAGE][PASSED] - Execute JavaScript 'window.open();' successfully

2022-11-23 11:45:19 - [TEST_STEP][PASSED] - currentWindow = getWindowIndex(): Current window's index is: 0

2022-11-23 11:45:19 - [MESSAGE][PASSED] - Current window's index is: 0

2022-11-23 11:45:19 - [TEST_STEP][PASSED] - delay(3): Delayed 3 second(s)

2022-11-23 11:45:22 - [MESSAGE][PASSED] - Delayed 3 second(s)

2022-11-23 11:45:22 - [TEST_STEP][PASSED] - switchToWindowIndex(currentWindow + 1): Switched to window with index: '1'

2022-11-23 11:45:22 - [MESSAGE][PASSED] - Switched to window with index: '1'

2022-11-23 11:45:22 - [TEST_STEP][PASSED] - navigateToUrl("https://www.mailinator.com/"): Navigate to 'https://www.mailinator.com/' successfully

2022-11-23 11:45:24 - [MESSAGE][PASSED] - Navigate to 'https://www.mailinator.com/' successfully

2022-11-23 11:45:24 - [TEST_STEP][PASSED] - delay(3): Delayed 3 second(s)

2022-11-23 11:45:27 - [MESSAGE][PASSED] - Delayed 3 second(s)

2022-11-23 11:45:27 - [TEST_STEP][PASSED] - setText(findTestObject("00-Signup and Activation/zMailinator/input_LOGIN_search"), "autotester10@mailinator.com"): Text 'autotester10@mailinator.com' is set on object 'Object Repository/00-Signup and Activation/zMailinator/input_LOGIN_search'

2022-11-23 11:45:28 - [MESSAGE][PASSED] - Text 'autotester10@mailinator.com' is set on object 'Object Repository/00-Signup and Activation/zMailinator/input_LOGIN_search'

2022-11-23 11:45:28 - [TEST_STEP][PASSED] - click(findTestObject("00-Signup and Activation/zMailinator/gobutton"), STOP_ON_FAILURE): Object: 'Object Repository/00-Signup and Activation/zMailinator/gobutton' is clicked on

2022-11-23 11:45:29 - [MESSAGE][PASSED] - Object: 'Object Repository/00-Signup and Activation/zMailinator/gobutton' is clicked on

2022-11-23 11:45:29 - [TEST_STEP][PASSED] - delay(3): Delayed 3 second(s)

2022-11-23 11:45:32 - [MESSAGE][PASSED] - Delayed 3 second(s)

2022-11-23 11:45:32 - [TEST_STEP][PASSED] - click(findTestObject("00-Signup and Activation/zMailinator/Email - everleagues")): Object: 'Object Repository/00-Signup and Activation/zMailinator/Email - everleagues' is clicked on

2022-11-23 11:45:33 - [MESSAGE][PASSED] - Object: 'Object Repository/00-Signup and Activation/zMailinator/Email - everleagues' is clicked on

2022-11-23 11:45:33 - [TEST_STEP][PASSED] - delay(3): Delayed 3 second(s)

2022-11-23 11:45:36 - [MESSAGE][PASSED] - Delayed 3 second(s)

2022-11-23 11:45:36 - [TEST_STEP][PASSED] - codetwo = getText(findTestObject("Object Repository/06-Teams/For 2FA/2FA code")): Text of object 'Object Repository/06-Teams/For 2FA/2FA code' is: '447447'

2022-11-23 11:45:36 - [MESSAGE][PASSED] - Text of object 'Object Repository/06-Teams/For 2FA/2FA code' is: '447447'

2022-11-23 11:45:36 - [TEST_STEP][PASSED] - delay(3): Delayed 3 second(s)

2022-11-23 11:45:39 - [MESSAGE][PASSED] - Delayed 3 second(s)

2022-11-23 11:45:39 - [TEST_STEP][PASSED] - closeWindowTitle("Mailinator"): Window with title: 'Mailinator' is closed

2022-11-23 11:45:39 - [MESSAGE][PASSED] - Window with title: 'Mailinator' is closed

2022-11-23 11:45:39 - [TEST_STEP][PASSED] - delay(3): Delayed 3 second(s)

2022-11-23 11:45:42 - [MESSAGE][PASSED] - Delayed 3 second(s)

2022-11-23 11:45:42 - [TEST_STEP][PASSED] - switchToWindowIndex(0): Switched to window with index: '0'

2022-11-23 11:45:42 - [MESSAGE][PASSED] - Switched to window with index: '0'

2022-11-23 11:45:42 - [TEST_STEP][PASSED] - delay(3): Delayed 3 second(s)

2022-11-23 11:45:45 - [MESSAGE][PASSED] - Delayed 3 second(s)

2022-11-23 11:45:45 - [TEST_STEP][PASSED] - setText(findTestObject("Object Repository/06-Teams/For 2FA/input_Enter verification code_code"), codetwo): Text '447447' is set on object 'Object Repository/06-Teams/For 2FA/input_Enter verification code_code'

2022-11-23 11:45:46 - [MESSAGE][PASSED] - Text '447447' is set on object 'Object Repository/06-Teams/For 2FA/input_Enter verification code_code'

2022-11-23 11:45:46 - [TEST_STEP][PASSED] - delay(3): Delayed 3 second(s)

2022-11-23 11:45:49 - [MESSAGE][PASSED] - Delayed 3 second(s)

2022-11-23 11:45:49 - [TEST_STEP][PASSED] - click(findTestObject("06-Teams/For 2FA/button_Verify_2FA")): Object: 'Object Repository/06-Teams/For 2FA/button_Verify_2FA' is clicked on

2022-11-23 11:45:50 - [MESSAGE][PASSED] - Object: 'Object Repository/06-Teams/For 2FA/button_Verify_2FA' is clicked on

2022-11-23 11:45:50 - [TEST_STEP][PASSED] - delay(5): Delayed 5 second(s)

2022-11-23 11:45:55 - [MESSAGE][PASSED] - Delayed 5 second(s)

2022-11-23 11:45:55 - [TEST_STEP][PASSED] - executeJavaScript("window.open();", []): Execute JavaScript 'window.open();' successfully

2022-11-23 11:45:55 - [MESSAGE][PASSED] - Execute JavaScript 'window.open();' successfully

2022-11-23 11:45:55 - [TEST_STEP][PASSED] - currentWindow = getWindowIndex(): Current window's index is: 0

2022-11-23 11:45:55 - [MESSAGE][PASSED] - Current window's index is: 0

2022-11-23 11:45:55 - [TEST_STEP][PASSED] - delay(3): Delayed 3 second(s)

2022-11-23 11:45:58 - [MESSAGE][PASSED] - Delayed 3 second(s)

2022-11-23 11:45:58 - [TEST_STEP][PASSED] - switchToWindowIndex(currentWindow + 1): Switched to window with index: '1'

2022-11-23 11:45:58 - [MESSAGE][PASSED] - Switched to window with index: '1'

2022-11-23 11:45:58 - [TEST_STEP][PASSED] - navigateToUrl("https://www.mailinator.com/"): Navigate to 'https://www.mailinator.com/' successfully

2022-11-23 11:45:59 - [MESSAGE][PASSED] - Navigate to 'https://www.mailinator.com/' successfully

2022-11-23 11:45:59 - [TEST_STEP][PASSED] - delay(3): Delayed 3 second(s)

2022-11-23 11:46:02 - [MESSAGE][PASSED] - Delayed 3 second(s)

2022-11-23 11:46:02 - [TEST_STEP][PASSED] - setText(findTestObject("00-Signup and Activation/zMailinator/input_LOGIN_search"), "autotester10@mailinator.com"): Text 'autotester10@mailinator.com' is set on object 'Object Repository/00-Signup and Activation/zMailinator/input_LOGIN_search'

2022-11-23 11:46:03 - [MESSAGE][PASSED] - Text 'autotester10@mailinator.com' is set on object 'Object Repository/00-Signup and Activation/zMailinator/input_LOGIN_search'

2022-11-23 11:46:03 - [TEST_STEP][PASSED] - click(findTestObject("00-Signup and Activation/zMailinator/gobutton"), STOP_ON_FAILURE): Object: 'Object Repository/00-Signup and Activation/zMailinator/gobutton' is clicked on

2022-11-23 11:46:04 - [MESSAGE][PASSED] - Object: 'Object Repository/00-Signup and Activation/zMailinator/gobutton' is clicked on

2022-11-23 11:46:04 - [TEST_STEP][PASSED] - delay(3): Delayed 3 second(s)

2022-11-23 11:46:07 - [MESSAGE][PASSED] - Delayed 3 second(s)

2022-11-23 11:46:07 - [TEST_STEP][PASSED] - closeWindowTitle("Everleagues"): Window with title: 'Everleagues' is closed

2022-11-23 11:46:07 - [MESSAGE][PASSED] - Window with title: 'Everleagues' is closed

2022-11-23 11:46:07 - [TEST_STEP][PASSED] - switchToWindowIndex(0): Switched to window with index: '0'

2022-11-23 11:46:07 - [MESSAGE][PASSED] - Switched to window with index: '0'

2022-11-23 11:46:07 - [TEST_STEP][PASSED] - click(findTestObject("09-Settings/Users/Co worker/td_Invitation from GG Automation")): Object: 'Object Repository/09-Settings/Users/Co worker/td_Invitation from GG Automation' is clicked on

2022-11-23 11:46:07 - [MESSAGE][PASSED] - Object: 'Object Repository/09-Settings/Users/Co worker/td_Invitation from GG Automation' is clicked on

2022-11-23 11:46:07 - [TEST_STEP][PASSED] - click(findTestObject("09-Settings/Users/Co worker/a_Click here to join GG Automation on EverLeagues")): Object: 'Object Repository/09-Settings/Users/Co worker/a_Click here to join GG Automation on EverLeagues' is clicked on

2022-11-23 11:46:08 - [MESSAGE][PASSED] - Object: 'Object Repository/09-Settings/Users/Co worker/a_Click here to join GG Automation on EverLeagues' is clicked on

2022-11-23 11:46:08 - [TEST_STEP][PASSED] - closeWindowTitle("Mailinator"): Window with title: 'Mailinator' is closed

2022-11-23 11:46:08 - [MESSAGE][PASSED] - Window with title: 'Mailinator' is closed

2022-11-23 11:46:08 - [TEST_STEP][PASSED] - switchToWindowIndex(0): Switched to window with index: '0'

2022-11-23 11:46:08 - [MESSAGE][PASSED] - Switched to window with index: '0'

2022-11-23 11:46:08 - [TEST_STEP][PASSED] - verifyElementVisible(findTestObject("09-Settings/Users/Client/Invite modal")): Object 'Object Repository/09-Settings/Users/Client/Invite modal' is visible

2022-11-23 11:46:14 - [MESSAGE][PASSED] - Object 'Object Repository/09-Settings/Users/Client/Invite modal' is visible

2022-11-23 11:46:14 - [TEST_STEP][PASSED] - setText(findTestObject("09-Settings/Users/Client/Company field"), "QA Company"): Text 'QA Company' is set on object 'Object Repository/09-Settings/Users/Client/Company field'

2022-11-23 11:46:15 - [MESSAGE][PASSED] - Text 'QA Company' is set on object 'Object Repository/09-Settings/Users/Client/Company field'

2022-11-23 11:46:15 - [TEST_STEP][PASSED] - click(findTestObject("09-Settings/Users/Client/button_Accept")): Object: 'Object Repository/09-Settings/Users/Client/button_Accept' is clicked on

2022-11-23 11:46:15 - [MESSAGE][PASSED] - Object: 'Object Repository/09-Settings/Users/Client/button_Accept' is clicked on

2022-11-23 11:46:15 - [TEST_STEP][PASSED] - delay(5): Delayed 5 second(s)

2022-11-23 11:46:20 - [MESSAGE][PASSED] - Delayed 5 second(s)

2022-11-23 11:46:20 - [TEST_STEP][PASSED] - verifyElementVisible(findTestObject("09-Settings/Users/div_Joined as Partner")): Object 'Object Repository/09-Settings/Users/div_Joined as Partner' is visible

2022-11-23 11:46:22 - [MESSAGE][PASSED] - Object 'Object Repository/09-Settings/Users/div_Joined as Partner' is visible

2022-11-23 11:46:22 - [TEST_STEP][PASSED] - delay(3): Delayed 3 second(s)

2022-11-23 11:46:25 - [MESSAGE][PASSED] - Delayed 3 second(s)

2022-11-23 11:46:25 - [TEST_STEP][PASSED] - closeBrowser(): Browser is closed

2022-11-23 11:46:26 - [MESSAGE][PASSED] - Browser is closed]]></system-out>
         <system-err><![CDATA[]]></system-err>
      </testcase>
      <testcase name="Test Cases/09-Settings/05 - Users (Invite batch of users via CSV file)" time="103.055" classname="Test Cases/09-Settings/05 - Users (Invite batch of users via CSV file)" status="PASSED">
         <system-out><![CDATA[2022-11-23 11:46:26 - [TEST_CASE][PASSED] - Test Cases/09-Settings/05 - Users (Invite batch of users via CSV file): Test Cases/09-Settings/05 - Users (Invite batch of users via CSV file)

2022-11-23 11:46:26 - [TEST_STEP][PASSED] - openBrowser(""): Browser is opened with url: ''

2022-11-23 11:46:26 - [MESSAGE][INFO] - Starting 'Chrome' driver

2022-11-23 11:46:26 - [MESSAGE][INFO] - Action delay is set to 0 milliseconds

2022-11-23 11:46:27 - [MESSAGE][PASSED] - Browser is opened with url: ''

2022-11-23 11:46:27 - [TEST_STEP][PASSED] - navigateToUrl("https://lab.everleagues.com/"): Navigate to 'https://lab.everleagues.com/' successfully

2022-11-23 11:46:39 - [MESSAGE][PASSED] - Navigate to 'https://lab.everleagues.com/' successfully

2022-11-23 11:46:39 - [TEST_STEP][PASSED] - maximizeWindow(): Current window maximized

2022-11-23 11:46:40 - [MESSAGE][PASSED] - Current window maximized

2022-11-23 11:46:40 - [TEST_STEP][PASSED] - setText(findTestObject("02-Side Icons(Organization)/Add Contact/Email Field"), "testuser02@mailinator.com"): Text 'testuser02@mailinator.com' is set on object 'Object Repository/02-Side Icons(Organization)/Add Contact/Email Field'

2022-11-23 11:46:40 - [MESSAGE][PASSED] - Text 'testuser02@mailinator.com' is set on object 'Object Repository/02-Side Icons(Organization)/Add Contact/Email Field'

2022-11-23 11:46:40 - [TEST_STEP][PASSED] - setEncryptedText(findTestObject("02-Side Icons(Organization)/Add Contact/Password Field"), "8yFRyszE6U6jvsCn51OQbg=="): Text ****** has been set on object 'Object Repository/02-Side Icons(Organization)/Add Contact/Password Field'

2022-11-23 11:46:41 - [MESSAGE][PASSED] - Text ****** has been set on object 'Object Repository/02-Side Icons(Organization)/Add Contact/Password Field'

2022-11-23 11:46:41 - [TEST_STEP][PASSED] - click(findTestObject("02-Side Icons(Organization)/Add Contact/button_Sign in")): Object: 'Object Repository/02-Side Icons(Organization)/Add Contact/button_Sign in' is clicked on

2022-11-23 11:46:41 - [MESSAGE][PASSED] - Object: 'Object Repository/02-Side Icons(Organization)/Add Contact/button_Sign in' is clicked on

2022-11-23 11:46:41 - [TEST_STEP][PASSED] - delay(2): Delayed 2 second(s)

2022-11-23 11:46:43 - [MESSAGE][PASSED] - Delayed 2 second(s)

2022-11-23 11:46:43 - [TEST_STEP][PASSED] - click(findTestObject("06-Teams/For 2FA/button_Confirm_2FA")): Object: 'Object Repository/06-Teams/For 2FA/button_Confirm_2FA' is clicked on

2022-11-23 11:46:44 - [MESSAGE][PASSED] - Object: 'Object Repository/06-Teams/For 2FA/button_Confirm_2FA' is clicked on

2022-11-23 11:46:44 - [TEST_STEP][PASSED] - executeJavaScript("window.open();", []): Execute JavaScript 'window.open();' successfully

2022-11-23 11:46:44 - [MESSAGE][PASSED] - Execute JavaScript 'window.open();' successfully

2022-11-23 11:46:44 - [TEST_STEP][PASSED] - currentWindow = getWindowIndex(): Current window's index is: 0

2022-11-23 11:46:44 - [MESSAGE][PASSED] - Current window's index is: 0

2022-11-23 11:46:44 - [TEST_STEP][PASSED] - delay(3): Delayed 3 second(s)

2022-11-23 11:46:47 - [MESSAGE][PASSED] - Delayed 3 second(s)

2022-11-23 11:46:47 - [TEST_STEP][PASSED] - switchToWindowIndex(currentWindow + 1): Switched to window with index: '1'

2022-11-23 11:46:47 - [MESSAGE][PASSED] - Switched to window with index: '1'

2022-11-23 11:46:47 - [TEST_STEP][PASSED] - navigateToUrl("https://www.mailinator.com/"): Navigate to 'https://www.mailinator.com/' successfully

2022-11-23 11:46:49 - [MESSAGE][PASSED] - Navigate to 'https://www.mailinator.com/' successfully

2022-11-23 11:46:49 - [TEST_STEP][PASSED] - delay(3): Delayed 3 second(s)

2022-11-23 11:46:52 - [MESSAGE][PASSED] - Delayed 3 second(s)

2022-11-23 11:46:52 - [TEST_STEP][PASSED] - setText(findTestObject("00-Signup and Activation/zMailinator/input_LOGIN_search"), "testuser02@mailinator.com"): Text 'testuser02@mailinator.com' is set on object 'Object Repository/00-Signup and Activation/zMailinator/input_LOGIN_search'

2022-11-23 11:46:52 - [MESSAGE][PASSED] - Text 'testuser02@mailinator.com' is set on object 'Object Repository/00-Signup and Activation/zMailinator/input_LOGIN_search'

2022-11-23 11:46:52 - [TEST_STEP][PASSED] - click(findTestObject("00-Signup and Activation/zMailinator/gobutton"), STOP_ON_FAILURE): Object: 'Object Repository/00-Signup and Activation/zMailinator/gobutton' is clicked on

2022-11-23 11:46:54 - [MESSAGE][PASSED] - Object: 'Object Repository/00-Signup and Activation/zMailinator/gobutton' is clicked on

2022-11-23 11:46:54 - [TEST_STEP][PASSED] - delay(3): Delayed 3 second(s)

2022-11-23 11:46:57 - [MESSAGE][PASSED] - Delayed 3 second(s)

2022-11-23 11:46:57 - [TEST_STEP][PASSED] - click(findTestObject("00-Signup and Activation/zMailinator/Email - everleagues")): Object: 'Object Repository/00-Signup and Activation/zMailinator/Email - everleagues' is clicked on

2022-11-23 11:46:58 - [MESSAGE][PASSED] - Object: 'Object Repository/00-Signup and Activation/zMailinator/Email - everleagues' is clicked on

2022-11-23 11:46:58 - [TEST_STEP][PASSED] - delay(3): Delayed 3 second(s)

2022-11-23 11:47:01 - [MESSAGE][PASSED] - Delayed 3 second(s)

2022-11-23 11:47:01 - [TEST_STEP][PASSED] - code = getText(findTestObject("Object Repository/06-Teams/For 2FA/2FA code")): Text of object 'Object Repository/06-Teams/For 2FA/2FA code' is: '865513'

2022-11-23 11:47:01 - [MESSAGE][PASSED] - Text of object 'Object Repository/06-Teams/For 2FA/2FA code' is: '865513'

2022-11-23 11:47:01 - [TEST_STEP][PASSED] - delay(3): Delayed 3 second(s)

2022-11-23 11:47:04 - [MESSAGE][PASSED] - Delayed 3 second(s)

2022-11-23 11:47:04 - [TEST_STEP][PASSED] - closeWindowTitle("Mailinator"): Window with title: 'Mailinator' is closed

2022-11-23 11:47:04 - [MESSAGE][PASSED] - Window with title: 'Mailinator' is closed

2022-11-23 11:47:04 - [TEST_STEP][PASSED] - delay(3): Delayed 3 second(s)

2022-11-23 11:47:07 - [MESSAGE][PASSED] - Delayed 3 second(s)

2022-11-23 11:47:07 - [TEST_STEP][PASSED] - switchToWindowIndex(0): Switched to window with index: '0'

2022-11-23 11:47:07 - [MESSAGE][PASSED] - Switched to window with index: '0'

2022-11-23 11:47:07 - [TEST_STEP][PASSED] - delay(3): Delayed 3 second(s)

2022-11-23 11:47:10 - [MESSAGE][PASSED] - Delayed 3 second(s)

2022-11-23 11:47:10 - [TEST_STEP][PASSED] - setText(findTestObject("Object Repository/06-Teams/For 2FA/input_Enter verification code_code"), code): Text '865513' is set on object 'Object Repository/06-Teams/For 2FA/input_Enter verification code_code'

2022-11-23 11:47:11 - [MESSAGE][PASSED] - Text '865513' is set on object 'Object Repository/06-Teams/For 2FA/input_Enter verification code_code'

2022-11-23 11:47:11 - [TEST_STEP][PASSED] - delay(3): Delayed 3 second(s)

2022-11-23 11:47:14 - [MESSAGE][PASSED] - Delayed 3 second(s)

2022-11-23 11:47:14 - [TEST_STEP][PASSED] - click(findTestObject("06-Teams/For 2FA/button_Verify_2FA")): Object: 'Object Repository/06-Teams/For 2FA/button_Verify_2FA' is clicked on

2022-11-23 11:47:15 - [MESSAGE][PASSED] - Object: 'Object Repository/06-Teams/For 2FA/button_Verify_2FA' is clicked on

2022-11-23 11:47:15 - [TEST_STEP][PASSED] - delay(5): Delayed 5 second(s)

2022-11-23 11:47:20 - [MESSAGE][PASSED] - Delayed 5 second(s)

2022-11-23 11:47:20 - [TEST_STEP][PASSED] - click(findTestObject("06-Teams/button_doublearrow")): Object: 'Object Repository/06-Teams/button_doublearrow' is clicked on

2022-11-23 11:47:20 - [MESSAGE][PASSED] - Object: 'Object Repository/06-Teams/button_doublearrow' is clicked on

2022-11-23 11:47:20 - [TEST_STEP][PASSED] - click(findTestObject("06-Teams/button_My Organizations")): Object: 'Object Repository/06-Teams/button_My Organizations' is clicked on

2022-11-23 11:47:20 - [MESSAGE][PASSED] - Object: 'Object Repository/06-Teams/button_My Organizations' is clicked on

2022-11-23 11:47:20 - [TEST_STEP][PASSED] - click(findTestObject("06-Teams/button_GG Automation")): Object: 'Object Repository/06-Teams/button_GG Automation' is clicked on

2022-11-23 11:47:21 - [MESSAGE][PASSED] - Object: 'Object Repository/06-Teams/button_GG Automation' is clicked on

2022-11-23 11:47:21 - [TEST_STEP][PASSED] - delay(4): Delayed 4 second(s)

2022-11-23 11:47:25 - [MESSAGE][PASSED] - Delayed 4 second(s)

2022-11-23 11:47:25 - [TEST_STEP][PASSED] - verifyElementVisible(findTestObject("06-Teams/span_GG Automation")): Object 'Object Repository/06-Teams/span_GG Automation' is visible

2022-11-23 11:47:26 - [MESSAGE][PASSED] - Object 'Object Repository/06-Teams/span_GG Automation' is visible

2022-11-23 11:47:26 - [TEST_STEP][PASSED] - delay(5): Delayed 5 second(s)

2022-11-23 11:47:31 - [MESSAGE][PASSED] - Delayed 5 second(s)

2022-11-23 11:47:31 - [TEST_STEP][PASSED] - click(findTestObject("03-Header Menu/Hamburger Button/div_Settings")): Object: 'Object Repository/03-Header Menu/Hamburger Button/div_Settings' is clicked on

2022-11-23 11:47:31 - [MESSAGE][PASSED] - Object: 'Object Repository/03-Header Menu/Hamburger Button/div_Settings' is clicked on

2022-11-23 11:47:31 - [TEST_STEP][PASSED] - delay(3): Delayed 3 second(s)

2022-11-23 11:47:34 - [MESSAGE][PASSED] - Delayed 3 second(s)

2022-11-23 11:47:34 - [TEST_STEP][PASSED] - click(findTestObject("09-Settings/Users/div_Users")): Object: 'Object Repository/09-Settings/Users/div_Users' is clicked on

2022-11-23 11:47:35 - [MESSAGE][PASSED] - Object: 'Object Repository/09-Settings/Users/div_Users' is clicked on

2022-11-23 11:47:35 - [TEST_STEP][PASSED] - delay(3): Delayed 3 second(s)

2022-11-23 11:47:38 - [MESSAGE][PASSED] - Delayed 3 second(s)

2022-11-23 11:47:38 - [TEST_STEP][PASSED] - click(findTestObject("09-Settings/Users/button_add")): Object: 'Object Repository/09-Settings/Users/button_add' is clicked on

2022-11-23 11:47:38 - [MESSAGE][PASSED] - Object: 'Object Repository/09-Settings/Users/button_add' is clicked on

2022-11-23 11:47:38 - [TEST_STEP][PASSED] - delay(3): Delayed 3 second(s)

2022-11-23 11:47:41 - [MESSAGE][PASSED] - Delayed 3 second(s)

2022-11-23 11:47:41 - [TEST_STEP][PASSED] - click(findTestObject("09-Settings/Users/Invite batch of users via CSV file")): Object: 'Object Repository/09-Settings/Users/Invite batch of users via CSV file' is clicked on

2022-11-23 11:47:42 - [MESSAGE][PASSED] - Object: 'Object Repository/09-Settings/Users/Invite batch of users via CSV file' is clicked on

2022-11-23 11:47:42 - [TEST_STEP][PASSED] - verifyElementVisible(findTestObject("09-Settings/Users/CSV Invite/Import CSV File modal")): Object 'Object Repository/09-Settings/Users/CSV Invite/Import CSV File modal' is visible

2022-11-23 11:47:42 - [MESSAGE][PASSED] - Object 'Object Repository/09-Settings/Users/CSV Invite/Import CSV File modal' is visible

2022-11-23 11:47:42 - [TEST_STEP][PASSED] - verifyElementNotClickable(findTestObject("09-Settings/Users/CSV Invite/button_Import")): Object 'Object Repository/09-Settings/Users/CSV Invite/button_Import' is NOT clickable

2022-11-23 11:47:43 - [MESSAGE][PASSED] - Object 'Object Repository/09-Settings/Users/CSV Invite/button_Import' is NOT clickable

2022-11-23 11:47:43 - [TEST_STEP][PASSED] - delay(3): Delayed 3 second(s)

2022-11-23 11:47:46 - [MESSAGE][PASSED] - Delayed 3 second(s)

2022-11-23 11:47:46 - [TEST_STEP][PASSED] - uploadpackage.Upload.uploadFile(findTestObject("Object Repository/09-Settings/Users/CSV Invite/button_Choose File"), "C:\Users\User\Desktop\EL automation\sample csv.csv"): uploadpackage.Upload.uploadFile is PASSED

2022-11-23 11:47:46 - [MESSAGE][PASSED] - Object: 'Object Repository/09-Settings/Users/CSV Invite/button_Choose File' is clicked on

2022-11-23 11:47:46 - [MESSAGE][PASSED] - uploadpackage.Upload.uploadFile is PASSED

2022-11-23 11:47:46 - [TEST_STEP][PASSED] - delay(3): Delayed 3 second(s)

2022-11-23 11:47:49 - [MESSAGE][PASSED] - Delayed 3 second(s)

2022-11-23 11:47:49 - [TEST_STEP][PASSED] - verifyElementVisible(findTestObject("09-Settings/Users/CSV Invite/div_Sample csv.csv")): Object 'Object Repository/09-Settings/Users/CSV Invite/div_Sample csv.csv' is visible

2022-11-23 11:47:52 - [MESSAGE][PASSED] - Object 'Object Repository/09-Settings/Users/CSV Invite/div_Sample csv.csv' is visible

2022-11-23 11:47:52 - [TEST_STEP][PASSED] - click(findTestObject("09-Settings/Users/CSV Invite/button_Import")): Object: 'Object Repository/09-Settings/Users/CSV Invite/button_Import' is clicked on

2022-11-23 11:47:52 - [MESSAGE][PASSED] - Object: 'Object Repository/09-Settings/Users/CSV Invite/button_Import' is clicked on

2022-11-23 11:47:52 - [TEST_STEP][PASSED] - delay(5): Delayed 5 second(s)

2022-11-23 11:47:57 - [MESSAGE][PASSED] - Delayed 5 second(s)

2022-11-23 11:47:57 - [TEST_STEP][PASSED] - verifyElementVisible(findTestObject("09-Settings/Users/CSV Invite/Success import modal")): Object 'Object Repository/09-Settings/Users/CSV Invite/Success import modal' is visible

2022-11-23 11:47:57 - [MESSAGE][PASSED] - Object 'Object Repository/09-Settings/Users/CSV Invite/Success import modal' is visible

2022-11-23 11:47:57 - [TEST_STEP][PASSED] - click(findTestObject("09-Settings/Users/CSV Invite/button_Close")): Object: 'Object Repository/09-Settings/Users/CSV Invite/button_Close' is clicked on

2022-11-23 11:47:58 - [MESSAGE][PASSED] - Object: 'Object Repository/09-Settings/Users/CSV Invite/button_Close' is clicked on

2022-11-23 11:47:58 - [TEST_STEP][PASSED] - click(findTestObject("09-Settings/Users/CSV Invite/Invited Users tab")): Object: 'Object Repository/09-Settings/Users/CSV Invite/Invited Users tab' is clicked on

2022-11-23 11:47:59 - [MESSAGE][PASSED] - Object: 'Object Repository/09-Settings/Users/CSV Invite/Invited Users tab' is clicked on

2022-11-23 11:47:59 - [TEST_STEP][PASSED] - delay(3): Delayed 3 second(s)

2022-11-23 11:48:02 - [MESSAGE][PASSED] - Delayed 3 second(s)

2022-11-23 11:48:02 - [TEST_STEP][PASSED] - verifyElementVisible(findTestObject("09-Settings/Users/CSV Invite/div_CTCSV test3")): Object 'Object Repository/09-Settings/Users/CSV Invite/div_CTCSV test3' is visible

2022-11-23 11:48:02 - [MESSAGE][PASSED] - Object 'Object Repository/09-Settings/Users/CSV Invite/div_CTCSV test3' is visible

2022-11-23 11:48:02 - [TEST_STEP][PASSED] - verifyElementVisible(findTestObject("09-Settings/Users/CSV Invite/div_autotester08mailinator.com")): Object 'Object Repository/09-Settings/Users/CSV Invite/div_autotester08mailinator.com' is visible

2022-11-23 11:48:02 - [MESSAGE][PASSED] - Object 'Object Repository/09-Settings/Users/CSV Invite/div_autotester08mailinator.com' is visible

2022-11-23 11:48:02 - [TEST_STEP][PASSED] - verifyElementVisible(findTestObject("09-Settings/Users/CSV Invite/div_Partner")): Object 'Object Repository/09-Settings/Users/CSV Invite/div_Partner' is visible

2022-11-23 11:48:03 - [MESSAGE][PASSED] - Object 'Object Repository/09-Settings/Users/CSV Invite/div_Partner' is visible

2022-11-23 11:48:03 - [TEST_STEP][PASSED] - verifyElementVisible(findTestObject("09-Settings/Users/CSV Invite/div_CTCSV test2")): Object 'Object Repository/09-Settings/Users/CSV Invite/div_CTCSV test2' is visible

2022-11-23 11:48:03 - [MESSAGE][PASSED] - Object 'Object Repository/09-Settings/Users/CSV Invite/div_CTCSV test2' is visible

2022-11-23 11:48:03 - [TEST_STEP][PASSED] - verifyElementVisible(findTestObject("09-Settings/Users/CSV Invite/div_autotester07mailinator.com")): Object 'Object Repository/09-Settings/Users/CSV Invite/div_autotester07mailinator.com' is visible

2022-11-23 11:48:03 - [MESSAGE][PASSED] - Object 'Object Repository/09-Settings/Users/CSV Invite/div_autotester07mailinator.com' is visible

2022-11-23 11:48:03 - [TEST_STEP][PASSED] - verifyElementVisible(findTestObject("09-Settings/Users/CSV Invite/div_Client")): Object 'Object Repository/09-Settings/Users/CSV Invite/div_Client' is visible

2022-11-23 11:48:04 - [MESSAGE][PASSED] - Object 'Object Repository/09-Settings/Users/CSV Invite/div_Client' is visible

2022-11-23 11:48:04 - [TEST_STEP][PASSED] - verifyElementVisible(findTestObject("09-Settings/Users/CSV Invite/div_CTCSV test1")): Object 'Object Repository/09-Settings/Users/CSV Invite/div_CTCSV test1' is visible

2022-11-23 11:48:04 - [MESSAGE][PASSED] - Object 'Object Repository/09-Settings/Users/CSV Invite/div_CTCSV test1' is visible

2022-11-23 11:48:04 - [TEST_STEP][PASSED] - verifyElementVisible(findTestObject("09-Settings/Users/CSV Invite/div_autotester06mailinator.com")): Object 'Object Repository/09-Settings/Users/CSV Invite/div_autotester06mailinator.com' is visible

2022-11-23 11:48:05 - [MESSAGE][PASSED] - Object 'Object Repository/09-Settings/Users/CSV Invite/div_autotester06mailinator.com' is visible

2022-11-23 11:48:05 - [TEST_STEP][PASSED] - verifyElementVisible(findTestObject("09-Settings/Users/CSV Invite/div_Coworker")): Object 'Object Repository/09-Settings/Users/CSV Invite/div_Coworker' is visible

2022-11-23 11:48:05 - [MESSAGE][PASSED] - Object 'Object Repository/09-Settings/Users/CSV Invite/div_Coworker' is visible

2022-11-23 11:48:05 - [TEST_STEP][PASSED] - delay(3): Delayed 3 second(s)

2022-11-23 11:48:08 - [MESSAGE][PASSED] - Delayed 3 second(s)

2022-11-23 11:48:08 - [TEST_STEP][PASSED] - closeBrowser(): Browser is closed

2022-11-23 11:48:09 - [MESSAGE][PASSED] - Browser is closed]]></system-out>
         <system-err><![CDATA[]]></system-err>
      </testcase>
      <system-out><![CDATA[2022-11-23 11:32:20 - [TEST_SUITE][PASSED] - 09.1 - Settings (Invite users): Test Cases/09-Settings/05 - Users (Invite batch of users via CSV file)]]></system-out>
      <system-err><![CDATA[]]></system-err>
   </testsuite>
</testsuites>
