<?xml version="1.0" encoding="UTF-8"?>
<testsuites name="01-Login and Forgot Password" time="184.796" tests="8" failures="0" errors="0">
   <testsuite name="01-Login and Forgot Password" tests="8" failures="0" errors="0" time="184.796" skipped="0" timestamp="2022-11-30 12:56:11" hostname="User - DESKTOP-QCRNR4M" id="Test Suites/TS-Organization/01-Login and Forgot Password">
      <properties>
         <property name="deviceName" value=""/>
         <property name="devicePlatform" value=""/>
         <property name="logFolder" value="C:\\Users\\User\\Katalon Studio\\EverleaguesMain\\Reports\\20221130_125609\\TS-Organization\\01-Login and Forgot Password\\20221130_125609"/>
         <property name="logFiles" value="C:\\Users\\User\\Katalon Studio\\EverleaguesMain\\Reports\\20221130_125609\\TS-Organization\\01-Login and Forgot Password\\20221130_125609\\execution0.log"/>
         <property name="attachments" value=""/>
         <property name="hostName" value="User - DESKTOP-QCRNR4M"/>
         <property name="os" value="Windows 10 64bit"/>
         <property name="katalonVersion" value="8.4.1.208"/>
         <property name="browser" value="Chrome 107.0.0.0"/>
         <property name="hostAddress" value="192.168.5.124"/>
         <property name="sessionId" value="e71756052671e98e9002b622068e5a8b"/>
         <property name="seleniumVersion" value="3.141.59"/>
         <property name="proxyInformation" value="ProxyInformation { proxyOption=NO_PROXY, proxyServerType=HTTP, username=, password=********, proxyServerAddress=, proxyServerPort=0, executionList=&quot;&quot;, isApplyToDesiredCapabilities=true }"/>
         <property name="platform" value="Windows 10"/>
      </properties>
      <testcase name="Test Cases/01-Login and Forgot Password/01-Login(Credentials Blank)" time="66.771" classname="Test Cases/01-Login and Forgot Password/01-Login(Credentials Blank)" status="PASSED">
         <system-out><![CDATA[2022-11-30 12:56:11 - [TEST_CASE][PASSED] - Test Cases/01-Login and Forgot Password/01-Login(Credentials Blank): Test Cases/01-Login and Forgot Password/01-Login(Credentials Blank)

2022-11-30 12:56:12 - [TEST_STEP][PASSED] - openBrowser(""): Browser is opened with url: ''

2022-11-30 12:56:12 - [MESSAGE][INFO] - Starting 'Chrome' driver

2022-11-30 12:56:12 - [MESSAGE][INFO] - Action delay is set to 0 milliseconds

2022-11-30 12:56:14 - [MESSAGE][PASSED] - Browser is opened with url: ''

2022-11-30 12:56:14 - [TEST_STEP][PASSED] - navigateToUrl("https://lab.everleagues.com/"): Navigate to 'https://lab.everleagues.com/' successfully

2022-11-30 12:57:11 - [MESSAGE][PASSED] - Navigate to 'https://lab.everleagues.com/' successfully

2022-11-30 12:57:11 - [TEST_STEP][PASSED] - maximizeWindow(): Current window maximized

2022-11-30 12:57:12 - [MESSAGE][PASSED] - Current window maximized

2022-11-30 12:57:12 - [TEST_STEP][PASSED] - verifyElementPresent(findTestObject("01-Login and Forgot Password/Login_Card"), 0): Object 'Object Repository/01-Login and Forgot Password/Login_Card' is present

2022-11-30 12:57:12 - [MESSAGE][WARNING] - Timeout '0' is invalid. Using default page load timeout: '30'

2022-11-30 12:57:12 - [MESSAGE][PASSED] - Object 'Object Repository/01-Login and Forgot Password/Login_Card' is present

2022-11-30 12:57:12 - [TEST_STEP][PASSED] - delay(2): Delayed 2 second(s)

2022-11-30 12:57:14 - [MESSAGE][PASSED] - Delayed 2 second(s)

2022-11-30 12:57:14 - [TEST_STEP][PASSED] - verifyElementNotClickable(findTestObject("01-Login and Forgot Password/button_Sign in")): Object 'Object Repository/01-Login and Forgot Password/button_Sign in' is NOT clickable

2022-11-30 12:57:15 - [MESSAGE][PASSED] - Object 'Object Repository/01-Login and Forgot Password/button_Sign in' is NOT clickable

2022-11-30 12:57:15 - [TEST_STEP][PASSED] - delay(3): Delayed 3 second(s)

2022-11-30 12:57:18 - [MESSAGE][PASSED] - Delayed 3 second(s)]]></system-out>
         <system-err><![CDATA[]]></system-err>
      </testcase>
      <testcase name="Test Cases/01-Login and Forgot Password/02-Login(Wrong Email)" time="11.333" classname="Test Cases/01-Login and Forgot Password/02-Login(Wrong Email)" status="PASSED">
         <system-out><![CDATA[2022-11-30 12:57:18 - [TEST_CASE][PASSED] - Test Cases/01-Login and Forgot Password/02-Login(Wrong Email): Test Cases/01-Login and Forgot Password/02-Login(Wrong Email)

2022-11-30 12:57:18 - [TEST_STEP][PASSED] - setText(findTestObject("01-Login and Forgot Password/input_Email_email"), "unregisteredemail@test.com"): Text 'unregisteredemail@test.com' is set on object 'Object Repository/01-Login and Forgot Password/input_Email_email'

2022-11-30 12:57:19 - [MESSAGE][PASSED] - Text 'unregisteredemail@test.com' is set on object 'Object Repository/01-Login and Forgot Password/input_Email_email'

2022-11-30 12:57:19 - [TEST_STEP][PASSED] - setEncryptedText(findTestObject("01-Login and Forgot Password/input_Email_password"), "pUQNV8a0dCQ="): Text ****** has been set on object 'Object Repository/01-Login and Forgot Password/input_Email_password'

2022-11-30 12:57:20 - [MESSAGE][PASSED] - Text ****** has been set on object 'Object Repository/01-Login and Forgot Password/input_Email_password'

2022-11-30 12:57:20 - [TEST_STEP][PASSED] - delay(3): Delayed 3 second(s)

2022-11-30 12:57:23 - [MESSAGE][PASSED] - Delayed 3 second(s)

2022-11-30 12:57:23 - [TEST_STEP][PASSED] - click(findTestObject("01-Login and Forgot Password/button_Sign in")): Object: 'Object Repository/01-Login and Forgot Password/button_Sign in' is clicked on

2022-11-30 12:57:23 - [MESSAGE][PASSED] - Object: 'Object Repository/01-Login and Forgot Password/button_Sign in' is clicked on

2022-11-30 12:57:23 - [TEST_STEP][PASSED] - delay(3): Delayed 3 second(s)

2022-11-30 12:57:26 - [MESSAGE][PASSED] - Delayed 3 second(s)

2022-11-30 12:57:26 - [TEST_STEP][PASSED] - verifyElementPresent(findTestObject("01-Login and Forgot Password/Invalid email error"), 0): Object 'Object Repository/01-Login and Forgot Password/Invalid email error' is present

2022-11-30 12:57:26 - [MESSAGE][WARNING] - Timeout '0' is invalid. Using default page load timeout: '30'

2022-11-30 12:57:26 - [MESSAGE][PASSED] - Object 'Object Repository/01-Login and Forgot Password/Invalid email error' is present

2022-11-30 12:57:26 - [TEST_STEP][PASSED] - delay(3): Delayed 3 second(s)

2022-11-30 12:57:29 - [MESSAGE][PASSED] - Delayed 3 second(s)]]></system-out>
         <system-err><![CDATA[]]></system-err>
      </testcase>
      <testcase name="Test Cases/01-Login and Forgot Password/03-Login(Valid email, wrong pass)" time="13.799" classname="Test Cases/01-Login and Forgot Password/03-Login(Valid email, wrong pass)" status="PASSED">
         <system-out><![CDATA[2022-11-30 12:57:29 - [TEST_CASE][PASSED] - Test Cases/01-Login and Forgot Password/03-Login(Valid email, wrong pass): Test Cases/01-Login and Forgot Password/03-Login(Valid email, wrong pass)

2022-11-30 12:57:30 - [TEST_STEP][PASSED] - setText(findTestObject("01-Login and Forgot Password/input_Email_email"), "testuser01@mailinator.com"): Text 'testuser01@mailinator.com' is set on object 'Object Repository/01-Login and Forgot Password/input_Email_email'

2022-11-30 12:57:31 - [MESSAGE][PASSED] - Text 'testuser01@mailinator.com' is set on object 'Object Repository/01-Login and Forgot Password/input_Email_email'

2022-11-30 12:57:31 - [TEST_STEP][PASSED] - setEncryptedText(findTestObject("01-Login and Forgot Password/input_Email_password"), "OxgQgnWTiECE3BxjMAl2ng=="): Text ****** has been set on object 'Object Repository/01-Login and Forgot Password/input_Email_password'

2022-11-30 12:57:31 - [MESSAGE][PASSED] - Text ****** has been set on object 'Object Repository/01-Login and Forgot Password/input_Email_password'

2022-11-30 12:57:31 - [TEST_STEP][PASSED] - delay(2): Delayed 2 second(s)

2022-11-30 12:57:33 - [MESSAGE][PASSED] - Delayed 2 second(s)

2022-11-30 12:57:33 - [TEST_STEP][PASSED] - click(findTestObject("01-Login and Forgot Password/show pass button")): Object: 'Object Repository/01-Login and Forgot Password/show pass button' is clicked on

2022-11-30 12:57:33 - [MESSAGE][PASSED] - Object: 'Object Repository/01-Login and Forgot Password/show pass button' is clicked on

2022-11-30 12:57:33 - [TEST_STEP][PASSED] - delay(3): Delayed 3 second(s)

2022-11-30 12:57:36 - [MESSAGE][PASSED] - Delayed 3 second(s)

2022-11-30 12:57:36 - [TEST_STEP][PASSED] - click(findTestObject("01-Login and Forgot Password/button_Sign in")): Object: 'Object Repository/01-Login and Forgot Password/button_Sign in' is clicked on

2022-11-30 12:57:37 - [MESSAGE][PASSED] - Object: 'Object Repository/01-Login and Forgot Password/button_Sign in' is clicked on

2022-11-30 12:57:37 - [TEST_STEP][PASSED] - delay(3): Delayed 3 second(s)

2022-11-30 12:57:40 - [MESSAGE][PASSED] - Delayed 3 second(s)

2022-11-30 12:57:40 - [TEST_STEP][PASSED] - verifyElementPresent(findTestObject("01-Login and Forgot Password/Invalid user name or password"), 0): Object 'Object Repository/01-Login and Forgot Password/Invalid user name or password' is present

2022-11-30 12:57:40 - [MESSAGE][WARNING] - Timeout '0' is invalid. Using default page load timeout: '30'

2022-11-30 12:57:40 - [MESSAGE][PASSED] - Object 'Object Repository/01-Login and Forgot Password/Invalid user name or password' is present

2022-11-30 12:57:40 - [TEST_STEP][PASSED] - delay(3): Delayed 3 second(s)

2022-11-30 12:57:43 - [MESSAGE][PASSED] - Delayed 3 second(s)]]></system-out>
         <system-err><![CDATA[]]></system-err>
      </testcase>
      <testcase name="Test Cases/01-Login and Forgot Password/04-Login (valid credentials)" time="46.565" classname="Test Cases/01-Login and Forgot Password/04-Login (valid credentials)" status="PASSED">
         <system-out><![CDATA[2022-11-30 12:57:43 - [TEST_CASE][PASSED] - Test Cases/01-Login and Forgot Password/04-Login (valid credentials): Test Cases/01-Login and Forgot Password/04-Login (valid credentials)

2022-11-30 12:57:44 - [TEST_STEP][PASSED] - setText(findTestObject("01-Login and Forgot Password/input_Email_email"), "testuser01@mailinator.com"): Text 'testuser01@mailinator.com' is set on object 'Object Repository/01-Login and Forgot Password/input_Email_email'

2022-11-30 12:57:45 - [MESSAGE][PASSED] - Text 'testuser01@mailinator.com' is set on object 'Object Repository/01-Login and Forgot Password/input_Email_email'

2022-11-30 12:57:45 - [TEST_STEP][PASSED] - setEncryptedText(findTestObject("01-Login and Forgot Password/input_Email_password2"), "8yFRyszE6U6jvsCn51OQbg=="): Text ****** has been set on object 'Object Repository/01-Login and Forgot Password/input_Email_password2'

2022-11-30 12:57:45 - [MESSAGE][PASSED] - Text ****** has been set on object 'Object Repository/01-Login and Forgot Password/input_Email_password2'

2022-11-30 12:57:45 - [TEST_STEP][PASSED] - delay(2): Delayed 2 second(s)

2022-11-30 12:57:47 - [MESSAGE][PASSED] - Delayed 2 second(s)

2022-11-30 12:57:47 - [TEST_STEP][PASSED] - click(findTestObject("01-Login and Forgot Password/show pass button")): Object: 'Object Repository/01-Login and Forgot Password/show pass button' is clicked on

2022-11-30 12:57:48 - [MESSAGE][PASSED] - Object: 'Object Repository/01-Login and Forgot Password/show pass button' is clicked on

2022-11-30 12:57:48 - [TEST_STEP][PASSED] - delay(3): Delayed 3 second(s)

2022-11-30 12:57:51 - [MESSAGE][PASSED] - Delayed 3 second(s)

2022-11-30 12:57:51 - [TEST_STEP][PASSED] - click(findTestObject("01-Login and Forgot Password/button_Sign in")): Object: 'Object Repository/01-Login and Forgot Password/button_Sign in' is clicked on

2022-11-30 12:57:51 - [MESSAGE][PASSED] - Object: 'Object Repository/01-Login and Forgot Password/button_Sign in' is clicked on

2022-11-30 12:57:51 - [TEST_STEP][PASSED] - delay(3): Delayed 3 second(s)

2022-11-30 12:57:54 - [MESSAGE][PASSED] - Delayed 3 second(s)

2022-11-30 12:57:54 - [TEST_STEP][PASSED] - click(findTestObject("06-Teams/For 2FA/button_Confirm_2FA")): Object: 'Object Repository/06-Teams/For 2FA/button_Confirm_2FA' is clicked on

2022-11-30 12:57:55 - [MESSAGE][PASSED] - Object: 'Object Repository/06-Teams/For 2FA/button_Confirm_2FA' is clicked on

2022-11-30 12:57:55 - [TEST_STEP][PASSED] - executeJavaScript("window.open();", []): Execute JavaScript 'window.open();' successfully

2022-11-30 12:57:55 - [MESSAGE][PASSED] - Execute JavaScript 'window.open();' successfully

2022-11-30 12:57:55 - [TEST_STEP][PASSED] - currentWindow = getWindowIndex(): Current window's index is: 0

2022-11-30 12:57:55 - [MESSAGE][PASSED] - Current window's index is: 0

2022-11-30 12:57:55 - [TEST_STEP][PASSED] - delay(3): Delayed 3 second(s)

2022-11-30 12:57:58 - [MESSAGE][PASSED] - Delayed 3 second(s)

2022-11-30 12:57:58 - [TEST_STEP][PASSED] - switchToWindowIndex(currentWindow + 1): Switched to window with index: '1'

2022-11-30 12:57:58 - [MESSAGE][PASSED] - Switched to window with index: '1'

2022-11-30 12:57:58 - [TEST_STEP][PASSED] - navigateToUrl("https://www.mailinator.com/"): Navigate to 'https://www.mailinator.com/' successfully

2022-11-30 12:58:01 - [MESSAGE][PASSED] - Navigate to 'https://www.mailinator.com/' successfully

2022-11-30 12:58:01 - [TEST_STEP][PASSED] - delay(3): Delayed 3 second(s)

2022-11-30 12:58:04 - [MESSAGE][PASSED] - Delayed 3 second(s)

2022-11-30 12:58:04 - [TEST_STEP][PASSED] - setText(findTestObject("00-Signup and Activation/zMailinator/input_LOGIN_search"), "testuser01@mailinator.com"): Text 'testuser01@mailinator.com' is set on object 'Object Repository/00-Signup and Activation/zMailinator/input_LOGIN_search'

2022-11-30 12:58:04 - [MESSAGE][PASSED] - Text 'testuser01@mailinator.com' is set on object 'Object Repository/00-Signup and Activation/zMailinator/input_LOGIN_search'

2022-11-30 12:58:04 - [TEST_STEP][PASSED] - click(findTestObject("00-Signup and Activation/zMailinator/gobutton"), STOP_ON_FAILURE): Object: 'Object Repository/00-Signup and Activation/zMailinator/gobutton' is clicked on

2022-11-30 12:58:06 - [MESSAGE][PASSED] - Object: 'Object Repository/00-Signup and Activation/zMailinator/gobutton' is clicked on

2022-11-30 12:58:06 - [TEST_STEP][PASSED] - delay(3): Delayed 3 second(s)

2022-11-30 12:58:09 - [MESSAGE][PASSED] - Delayed 3 second(s)

2022-11-30 12:58:09 - [TEST_STEP][PASSED] - click(findTestObject("00-Signup and Activation/zMailinator/Email - everleagues")): Object: 'Object Repository/00-Signup and Activation/zMailinator/Email - everleagues' is clicked on

2022-11-30 12:58:09 - [MESSAGE][PASSED] - Object: 'Object Repository/00-Signup and Activation/zMailinator/Email - everleagues' is clicked on

2022-11-30 12:58:09 - [TEST_STEP][PASSED] - delay(3): Delayed 3 second(s)

2022-11-30 12:58:12 - [MESSAGE][PASSED] - Delayed 3 second(s)

2022-11-30 12:58:12 - [TEST_STEP][PASSED] - code = getText(findTestObject("Object Repository/06-Teams/For 2FA/2FA code")): Text of object 'Object Repository/06-Teams/For 2FA/2FA code' is: '286896'

2022-11-30 12:58:13 - [MESSAGE][PASSED] - Text of object 'Object Repository/06-Teams/For 2FA/2FA code' is: '286896'

2022-11-30 12:58:13 - [TEST_STEP][PASSED] - delay(3): Delayed 3 second(s)

2022-11-30 12:58:16 - [MESSAGE][PASSED] - Delayed 3 second(s)

2022-11-30 12:58:16 - [TEST_STEP][PASSED] - closeWindowTitle("Mailinator"): Window with title: 'Mailinator' is closed

2022-11-30 12:58:16 - [MESSAGE][PASSED] - Window with title: 'Mailinator' is closed

2022-11-30 12:58:16 - [TEST_STEP][PASSED] - delay(3): Delayed 3 second(s)

2022-11-30 12:58:19 - [MESSAGE][PASSED] - Delayed 3 second(s)

2022-11-30 12:58:19 - [TEST_STEP][PASSED] - switchToWindowIndex(0): Switched to window with index: '0'

2022-11-30 12:58:19 - [MESSAGE][PASSED] - Switched to window with index: '0'

2022-11-30 12:58:19 - [TEST_STEP][PASSED] - delay(3): Delayed 3 second(s)

2022-11-30 12:58:22 - [MESSAGE][PASSED] - Delayed 3 second(s)

2022-11-30 12:58:22 - [TEST_STEP][PASSED] - setText(findTestObject("Object Repository/06-Teams/For 2FA/input_Enter verification code_code"), code): Text '286896' is set on object 'Object Repository/06-Teams/For 2FA/input_Enter verification code_code'

2022-11-30 12:58:23 - [MESSAGE][PASSED] - Text '286896' is set on object 'Object Repository/06-Teams/For 2FA/input_Enter verification code_code'

2022-11-30 12:58:23 - [TEST_STEP][PASSED] - delay(3): Delayed 3 second(s)

2022-11-30 12:58:26 - [MESSAGE][PASSED] - Delayed 3 second(s)

2022-11-30 12:58:26 - [TEST_STEP][PASSED] - click(findTestObject("06-Teams/For 2FA/button_Verify_2FA")): Object: 'Object Repository/06-Teams/For 2FA/button_Verify_2FA' is clicked on

2022-11-30 12:58:27 - [MESSAGE][PASSED] - Object: 'Object Repository/06-Teams/For 2FA/button_Verify_2FA' is clicked on

2022-11-30 12:58:27 - [TEST_STEP][PASSED] - delay(3): Delayed 3 second(s)

2022-11-30 12:58:30 - [MESSAGE][PASSED] - Delayed 3 second(s)]]></system-out>
         <system-err><![CDATA[]]></system-err>
      </testcase>
      <testcase name="Test Cases/01-Login and Forgot Password/05-Logout" time="10.464" classname="Test Cases/01-Login and Forgot Password/05-Logout" status="PASSED">
         <system-out><![CDATA[2022-11-30 12:58:30 - [TEST_CASE][PASSED] - Test Cases/01-Login and Forgot Password/05-Logout: Test Cases/01-Login and Forgot Password/05-Logout

2022-11-30 12:58:30 - [TEST_STEP][PASSED] - click(findTestObject("01-Login and Forgot Password/User menu drop")): Object: 'Object Repository/01-Login and Forgot Password/User menu drop' is clicked on

2022-11-30 12:58:33 - [MESSAGE][PASSED] - Object: 'Object Repository/01-Login and Forgot Password/User menu drop' is clicked on

2022-11-30 12:58:33 - [TEST_STEP][PASSED] - delay(2): Delayed 2 second(s)

2022-11-30 12:58:35 - [MESSAGE][PASSED] - Delayed 2 second(s)

2022-11-30 12:58:35 - [TEST_STEP][PASSED] - click(findTestObject("01-Login and Forgot Password/h4_Sign Out"), STOP_ON_FAILURE): Object: 'Object Repository/01-Login and Forgot Password/h4_Sign Out' is clicked on

2022-11-30 12:58:35 - [MESSAGE][PASSED] - Object: 'Object Repository/01-Login and Forgot Password/h4_Sign Out' is clicked on

2022-11-30 12:58:35 - [TEST_STEP][PASSED] - delay(2): Delayed 2 second(s)

2022-11-30 12:58:37 - [MESSAGE][PASSED] - Delayed 2 second(s)

2022-11-30 12:58:37 - [TEST_STEP][PASSED] - verifyElementPresent(findTestObject("01-Login and Forgot Password/Login_Card"), 0): Object 'Object Repository/01-Login and Forgot Password/Login_Card' is present

2022-11-30 12:58:37 - [MESSAGE][WARNING] - Timeout '0' is invalid. Using default page load timeout: '30'

2022-11-30 12:58:37 - [MESSAGE][PASSED] - Object 'Object Repository/01-Login and Forgot Password/Login_Card' is present

2022-11-30 12:58:37 - [TEST_STEP][PASSED] - delay(3): Delayed 3 second(s)

2022-11-30 12:58:40 - [MESSAGE][PASSED] - Delayed 3 second(s)]]></system-out>
         <system-err><![CDATA[]]></system-err>
      </testcase>
      <testcase name="Test Cases/01-Login and Forgot Password/06-Forgot Password(Credentials Blank)" time="6.542" classname="Test Cases/01-Login and Forgot Password/06-Forgot Password(Credentials Blank)" status="PASSED">
         <system-out><![CDATA[2022-11-30 12:58:40 - [TEST_CASE][PASSED] - Test Cases/01-Login and Forgot Password/06-Forgot Password(Credentials Blank): Test Cases/01-Login and Forgot Password/06-Forgot Password(Credentials Blank)

2022-11-30 12:58:41 - [TEST_STEP][PASSED] - click(findTestObject("01-Login and Forgot Password/zForgot Password/a_Forgot password")): Object: 'Object Repository/01-Login and Forgot Password/zForgot Password/a_Forgot password' is clicked on

2022-11-30 12:58:41 - [MESSAGE][PASSED] - Object: 'Object Repository/01-Login and Forgot Password/zForgot Password/a_Forgot password' is clicked on

2022-11-30 12:58:41 - [TEST_STEP][PASSED] - verifyElementPresent(findTestObject("01-Login and Forgot Password/zForgot Password/span_Reset Password"), 0): Object 'Object Repository/01-Login and Forgot Password/zForgot Password/span_Reset Password' is present

2022-11-30 12:58:41 - [MESSAGE][WARNING] - Timeout '0' is invalid. Using default page load timeout: '30'

2022-11-30 12:58:42 - [MESSAGE][PASSED] - Object 'Object Repository/01-Login and Forgot Password/zForgot Password/span_Reset Password' is present

2022-11-30 12:58:42 - [TEST_STEP][PASSED] - delay(2): Delayed 2 second(s)

2022-11-30 12:58:44 - [MESSAGE][PASSED] - Delayed 2 second(s)

2022-11-30 12:58:44 - [TEST_STEP][PASSED] - verifyElementNotClickable(findTestObject("01-Login and Forgot Password/zForgot Password/button_Reset Password")): Object 'Object Repository/01-Login and Forgot Password/zForgot Password/button_Reset Password' is NOT clickable

2022-11-30 12:58:44 - [MESSAGE][PASSED] - Object 'Object Repository/01-Login and Forgot Password/zForgot Password/button_Reset Password' is NOT clickable

2022-11-30 12:58:44 - [TEST_STEP][PASSED] - delay(3): Delayed 3 second(s)

2022-11-30 12:58:47 - [MESSAGE][PASSED] - Delayed 3 second(s)]]></system-out>
         <system-err><![CDATA[]]></system-err>
      </testcase>
      <testcase name="Test Cases/01-Login and Forgot Password/07-Forgot Password(Wrong email)" time="10.886" classname="Test Cases/01-Login and Forgot Password/07-Forgot Password(Wrong email)" status="PASSED">
         <system-out><![CDATA[2022-11-30 12:58:47 - [TEST_CASE][PASSED] - Test Cases/01-Login and Forgot Password/07-Forgot Password(Wrong email): Test Cases/01-Login and Forgot Password/07-Forgot Password(Wrong email)

2022-11-30 12:58:47 - [TEST_STEP][PASSED] - setText(findTestObject("01-Login and Forgot Password/zForgot Password/Reset pass email field"), "unregisteredemail@test.com"): Text 'unregisteredemail@test.com' is set on object 'Object Repository/01-Login and Forgot Password/zForgot Password/Reset pass email field'

2022-11-30 12:58:48 - [MESSAGE][PASSED] - Text 'unregisteredemail@test.com' is set on object 'Object Repository/01-Login and Forgot Password/zForgot Password/Reset pass email field'

2022-11-30 12:58:48 - [TEST_STEP][PASSED] - delay(2): Delayed 2 second(s)

2022-11-30 12:58:50 - [MESSAGE][PASSED] - Delayed 2 second(s)

2022-11-30 12:58:50 - [TEST_STEP][PASSED] - click(findTestObject("01-Login and Forgot Password/zForgot Password/button_Reset Password")): Object: 'Object Repository/01-Login and Forgot Password/zForgot Password/button_Reset Password' is clicked on

2022-11-30 12:58:50 - [MESSAGE][PASSED] - Object: 'Object Repository/01-Login and Forgot Password/zForgot Password/button_Reset Password' is clicked on

2022-11-30 12:58:50 - [TEST_STEP][PASSED] - verifyElementPresent(findTestObject("01-Login and Forgot Password/zForgot Password/Reset pass- wrong email"), 0): Object 'Object Repository/01-Login and Forgot Password/zForgot Password/Reset pass- wrong email' is present

2022-11-30 12:58:50 - [MESSAGE][WARNING] - Timeout '0' is invalid. Using default page load timeout: '30'

2022-11-30 12:58:51 - [MESSAGE][PASSED] - Object 'Object Repository/01-Login and Forgot Password/zForgot Password/Reset pass- wrong email' is present

2022-11-30 12:58:51 - [TEST_STEP][PASSED] - delay(3): Delayed 3 second(s)

2022-11-30 12:58:54 - [MESSAGE][PASSED] - Delayed 3 second(s)

2022-11-30 12:58:54 - [TEST_STEP][PASSED] - click(findTestObject("01-Login and Forgot Password/zForgot Password/button_Back to login")): Object: 'Object Repository/01-Login and Forgot Password/zForgot Password/button_Back to login' is clicked on

2022-11-30 12:58:55 - [MESSAGE][PASSED] - Object: 'Object Repository/01-Login and Forgot Password/zForgot Password/button_Back to login' is clicked on

2022-11-30 12:58:55 - [TEST_STEP][PASSED] - delay(3): Delayed 3 second(s)

2022-11-30 12:58:58 - [MESSAGE][PASSED] - Delayed 3 second(s)]]></system-out>
         <system-err><![CDATA[]]></system-err>
      </testcase>
      <testcase name="Test Cases/01-Login and Forgot Password/08-Forgot Password(Correct Email)" time="18.152" classname="Test Cases/01-Login and Forgot Password/08-Forgot Password(Correct Email)" status="PASSED">
         <system-out><![CDATA[2022-11-30 12:58:58 - [TEST_CASE][PASSED] - Test Cases/01-Login and Forgot Password/08-Forgot Password(Correct Email): Test Cases/01-Login and Forgot Password/08-Forgot Password(Correct Email)

2022-11-30 12:58:58 - [TEST_STEP][PASSED] - delay(2): Delayed 2 second(s)

2022-11-30 12:59:00 - [MESSAGE][PASSED] - Delayed 2 second(s)

2022-11-30 12:59:00 - [TEST_STEP][PASSED] - click(findTestObject("01-Login and Forgot Password/zForgot Password/a_Forgot password")): Object: 'Object Repository/01-Login and Forgot Password/zForgot Password/a_Forgot password' is clicked on

2022-11-30 12:59:00 - [MESSAGE][PASSED] - Object: 'Object Repository/01-Login and Forgot Password/zForgot Password/a_Forgot password' is clicked on

2022-11-30 12:59:00 - [TEST_STEP][PASSED] - verifyElementPresent(findTestObject("01-Login and Forgot Password/zForgot Password/span_Reset Password"), 0): Object 'Object Repository/01-Login and Forgot Password/zForgot Password/span_Reset Password' is present

2022-11-30 12:59:00 - [MESSAGE][WARNING] - Timeout '0' is invalid. Using default page load timeout: '30'

2022-11-30 12:59:01 - [MESSAGE][PASSED] - Object 'Object Repository/01-Login and Forgot Password/zForgot Password/span_Reset Password' is present

2022-11-30 12:59:01 - [TEST_STEP][PASSED] - delay(2): Delayed 2 second(s)

2022-11-30 12:59:03 - [MESSAGE][PASSED] - Delayed 2 second(s)

2022-11-30 12:59:03 - [TEST_STEP][PASSED] - setText(findTestObject("01-Login and Forgot Password/zForgot Password/Reset pass email field"), "testuser01@mailinator.com"): Text 'testuser01@mailinator.com' is set on object 'Object Repository/01-Login and Forgot Password/zForgot Password/Reset pass email field'

2022-11-30 12:59:04 - [MESSAGE][PASSED] - Text 'testuser01@mailinator.com' is set on object 'Object Repository/01-Login and Forgot Password/zForgot Password/Reset pass email field'

2022-11-30 12:59:04 - [TEST_STEP][PASSED] - delay(2): Delayed 2 second(s)

2022-11-30 12:59:06 - [MESSAGE][PASSED] - Delayed 2 second(s)

2022-11-30 12:59:06 - [TEST_STEP][PASSED] - click(findTestObject("01-Login and Forgot Password/zForgot Password/button_Reset Password")): Object: 'Object Repository/01-Login and Forgot Password/zForgot Password/button_Reset Password' is clicked on

2022-11-30 12:59:06 - [MESSAGE][PASSED] - Object: 'Object Repository/01-Login and Forgot Password/zForgot Password/button_Reset Password' is clicked on

2022-11-30 12:59:06 - [TEST_STEP][PASSED] - verifyElementPresent(findTestObject("01-Login and Forgot Password/zForgot Password/Reset pass - success msg"), 0): Object 'Object Repository/01-Login and Forgot Password/zForgot Password/Reset pass - success msg' is present

2022-11-30 12:59:06 - [MESSAGE][WARNING] - Timeout '0' is invalid. Using default page load timeout: '30'

2022-11-30 12:59:07 - [MESSAGE][PASSED] - Object 'Object Repository/01-Login and Forgot Password/zForgot Password/Reset pass - success msg' is present

2022-11-30 12:59:07 - [TEST_STEP][PASSED] - delay(2): Delayed 2 second(s)

2022-11-30 12:59:09 - [MESSAGE][PASSED] - Delayed 2 second(s)

2022-11-30 12:59:09 - [TEST_STEP][PASSED] - click(findTestObject("01-Login and Forgot Password/zForgot Password/button_Back to login")): Object: 'Object Repository/01-Login and Forgot Password/zForgot Password/button_Back to login' is clicked on

2022-11-30 12:59:10 - [MESSAGE][PASSED] - Object: 'Object Repository/01-Login and Forgot Password/zForgot Password/button_Back to login' is clicked on

2022-11-30 12:59:10 - [TEST_STEP][PASSED] - delay(3): Delayed 3 second(s)

2022-11-30 12:59:13 - [MESSAGE][PASSED] - Delayed 3 second(s)

2022-11-30 12:59:13 - [TEST_STEP][PASSED] - verifyElementVisible(findTestObject("01-Login and Forgot Password/Login_Card")): Object 'Object Repository/01-Login and Forgot Password/Login_Card' is visible

2022-11-30 12:59:13 - [MESSAGE][PASSED] - Object 'Object Repository/01-Login and Forgot Password/Login_Card' is visible

2022-11-30 12:59:13 - [TEST_STEP][PASSED] - delay(2): Delayed 2 second(s)

2022-11-30 12:59:15 - [MESSAGE][PASSED] - Delayed 2 second(s)

2022-11-30 12:59:15 - [TEST_STEP][PASSED] - closeBrowser(): Browser is closed

2022-11-30 12:59:16 - [MESSAGE][PASSED] - Browser is closed]]></system-out>
         <system-err><![CDATA[]]></system-err>
      </testcase>
      <system-out><![CDATA[2022-11-30 12:56:11 - [TEST_SUITE][PASSED] - 01-Login and Forgot Password: Test Cases/01-Login and Forgot Password/08-Forgot Password(Correct Email)]]></system-out>
      <system-err><![CDATA[]]></system-err>
   </testsuite>
</testsuites>
