<?xml version="1.0" encoding="UTF-8"?>
<testsuites name="00-Signup and Account Activation" time="110.57" tests="4" failures="0" errors="0">
   <testsuite name="00-Signup and Account Activation" tests="4" failures="0" errors="0" time="110.57" skipped="0" timestamp="2022-12-09 13:22:51" hostname="User - DESKTOP-QCRNR4M" id="Test Suites/TS-Organization/00-Signup and Account Activation">
      <properties>
         <property name="deviceName" value=""/>
         <property name="devicePlatform" value=""/>
         <property name="logFolder" value="C:\\Users\\User\\Katalon Studio\\EverleaguesMain\\Reports\\20221209_132248\\TS-Organization\\00-Signup and Account Activation\\20221209_132248"/>
         <property name="logFiles" value="C:\\Users\\User\\Katalon Studio\\EverleaguesMain\\Reports\\20221209_132248\\TS-Organization\\00-Signup and Account Activation\\20221209_132248\\execution0.log"/>
         <property name="attachments" value=""/>
         <property name="hostName" value="User - DESKTOP-QCRNR4M"/>
         <property name="os" value="Windows 10 64bit"/>
         <property name="katalonVersion" value="8.4.1.208"/>
         <property name="browser" value="Chrome 108.0.0.0"/>
         <property name="hostAddress" value="192.168.5.124"/>
         <property name="sessionId" value="73219e4ed771c08c25a56ba8b77336bd"/>
         <property name="seleniumVersion" value="3.141.59"/>
         <property name="proxyInformation" value="ProxyInformation { proxyOption=NO_PROXY, proxyServerType=HTTP, username=, password=********, proxyServerAddress=, proxyServerPort=0, executionList=&quot;&quot;, isApplyToDesiredCapabilities=true }"/>
         <property name="platform" value="Windows 10"/>
      </properties>
      <testcase name="Test Cases/00-SignUp and Account Activation/01-Signup(Credentials Blank)" time="23.765" classname="Test Cases/00-SignUp and Account Activation/01-Signup(Credentials Blank)" status="PASSED">
         <system-out><![CDATA[2022-12-09 13:22:52 - [TEST_CASE][PASSED] - Test Cases/00-SignUp and Account Activation/01-Signup(Credentials Blank): Test Cases/00-SignUp and Account Activation/01-Signup(Credentials Blank)

2022-12-09 13:22:52 - [TEST_STEP][PASSED] - openBrowser(""): Browser is opened with url: ''

2022-12-09 13:22:52 - [MESSAGE][INFO] - Starting 'Chrome' driver

2022-12-09 13:22:52 - [MESSAGE][INFO] - Action delay is set to 0 milliseconds

2022-12-09 13:22:54 - [MESSAGE][PASSED] - Browser is opened with url: ''

2022-12-09 13:22:54 - [TEST_STEP][PASSED] - navigateToUrl("https://lab.everleagues.com/"): Navigate to 'https://lab.everleagues.com/' successfully

2022-12-09 13:23:04 - [MESSAGE][PASSED] - Navigate to 'https://lab.everleagues.com/' successfully

2022-12-09 13:23:04 - [TEST_STEP][PASSED] - maximizeWindow(): Current window maximized

2022-12-09 13:23:04 - [MESSAGE][PASSED] - Current window maximized

2022-12-09 13:23:04 - [TEST_STEP][PASSED] - click(findTestObject("00-Signup and Activation/span_Sign up")): Object: 'Object Repository/00-Signup and Activation/span_Sign up' is clicked on

2022-12-09 13:23:05 - [MESSAGE][PASSED] - Object: 'Object Repository/00-Signup and Activation/span_Sign up' is clicked on

2022-12-09 13:23:05 - [TEST_STEP][PASSED] - delay(3): Delayed 3 second(s)

2022-12-09 13:23:08 - [MESSAGE][PASSED] - Delayed 3 second(s)

2022-12-09 13:23:08 - [TEST_STEP][PASSED] - verifyElementVisible(findTestObject("00-Signup and Activation/div_Already have an account Log In")): Object 'Object Repository/00-Signup and Activation/div_Already have an account Log In' is visible

2022-12-09 13:23:08 - [MESSAGE][PASSED] - Object 'Object Repository/00-Signup and Activation/div_Already have an account Log In' is visible

2022-12-09 13:23:08 - [TEST_STEP][PASSED] - delay(3): Delayed 3 second(s)

2022-12-09 13:23:11 - [MESSAGE][PASSED] - Delayed 3 second(s)

2022-12-09 13:23:11 - [TEST_STEP][PASSED] - verifyElementNotClickable(findTestObject("00-Signup and Activation/button_Sign up")): Object 'Object Repository/00-Signup and Activation/button_Sign up' is NOT clickable

2022-12-09 13:23:12 - [MESSAGE][PASSED] - Object 'Object Repository/00-Signup and Activation/button_Sign up' is NOT clickable

2022-12-09 13:23:12 - [TEST_STEP][PASSED] - delay(3): Delayed 3 second(s)

2022-12-09 13:23:15 - [MESSAGE][PASSED] - Delayed 3 second(s)]]></system-out>
         <system-err><![CDATA[]]></system-err>
      </testcase>
      <testcase name="Test Cases/00-SignUp and Account Activation/02-Signup(Wrong email)" time="9.683" classname="Test Cases/00-SignUp and Account Activation/02-Signup(Wrong email)" status="PASSED">
         <system-out><![CDATA[2022-12-09 13:23:15 - [TEST_CASE][PASSED] - Test Cases/00-SignUp and Account Activation/02-Signup(Wrong email): Test Cases/00-SignUp and Account Activation/02-Signup(Wrong email)

2022-12-09 13:23:16 - [TEST_STEP][PASSED] - delay(3): Delayed 3 second(s)

2022-12-09 13:23:19 - [MESSAGE][PASSED] - Delayed 3 second(s)

2022-12-09 13:23:19 - [TEST_STEP][PASSED] - setText(findTestObject("00-Signup and Activation/input_Email"), "QATESTinvalidemailformat"): Text 'QATESTinvalidemailformat' is set on object 'Object Repository/00-Signup and Activation/input_Email'

2022-12-09 13:23:19 - [MESSAGE][PASSED] - Text 'QATESTinvalidemailformat' is set on object 'Object Repository/00-Signup and Activation/input_Email'

2022-12-09 13:23:19 - [TEST_STEP][PASSED] - delay(2): Delayed 2 second(s)

2022-12-09 13:23:21 - [MESSAGE][PASSED] - Delayed 2 second(s)

2022-12-09 13:23:21 - [TEST_STEP][PASSED] - click(findTestObject("00-Signup and Activation/input_firstName")): Object: 'Object Repository/00-Signup and Activation/input_firstName' is clicked on

2022-12-09 13:23:22 - [MESSAGE][PASSED] - Object: 'Object Repository/00-Signup and Activation/input_firstName' is clicked on

2022-12-09 13:23:22 - [TEST_STEP][PASSED] - verifyElementPresent(findTestObject("00-Signup and Activation/error_valid email is required"), 0): Object 'Object Repository/00-Signup and Activation/error_valid email is required' is present

2022-12-09 13:23:22 - [MESSAGE][WARNING] - Timeout '0' is invalid. Using default page load timeout: '30'

2022-12-09 13:23:23 - [MESSAGE][PASSED] - Object 'Object Repository/00-Signup and Activation/error_valid email is required' is present

2022-12-09 13:23:23 - [TEST_STEP][PASSED] - delay(0): Delayed 0 second(s)

2022-12-09 13:23:23 - [MESSAGE][PASSED] - Delayed 0 second(s)

2022-12-09 13:23:23 - [TEST_STEP][PASSED] - setText(findTestObject("00-Signup and Activation/input_Email"), "testuser01@mailinator.com"): Text 'testuser01@mailinator.com' is set on object 'Object Repository/00-Signup and Activation/input_Email'

2022-12-09 13:23:24 - [MESSAGE][PASSED] - Text 'testuser01@mailinator.com' is set on object 'Object Repository/00-Signup and Activation/input_Email'

2022-12-09 13:23:24 - [TEST_STEP][PASSED] - delay(0): Delayed 0 second(s)

2022-12-09 13:23:24 - [MESSAGE][PASSED] - Delayed 0 second(s)

2022-12-09 13:23:24 - [TEST_STEP][PASSED] - click(findTestObject("00-Signup and Activation/input_firstName")): Object: 'Object Repository/00-Signup and Activation/input_firstName' is clicked on

2022-12-09 13:23:24 - [MESSAGE][PASSED] - Object: 'Object Repository/00-Signup and Activation/input_firstName' is clicked on

2022-12-09 13:23:24 - [TEST_STEP][PASSED] - verifyElementVisible(findTestObject("00-Signup and Activation/error_email already exists")): Object 'Object Repository/00-Signup and Activation/error_email already exists' is visible

2022-12-09 13:23:25 - [MESSAGE][PASSED] - Object 'Object Repository/00-Signup and Activation/error_email already exists' is visible

2022-12-09 13:23:25 - [TEST_STEP][PASSED] - delay(0): Delayed 0 second(s)

2022-12-09 13:23:25 - [MESSAGE][PASSED] - Delayed 0 second(s)]]></system-out>
         <system-err><![CDATA[]]></system-err>
      </testcase>
      <testcase name="Test Cases/00-SignUp and Account Activation/03-Signup(Correct Details)" time="44.223" classname="Test Cases/00-SignUp and Account Activation/03-Signup(Correct Details)" status="PASSED">
         <system-out><![CDATA[2022-12-09 13:23:25 - [TEST_CASE][PASSED] - Test Cases/00-SignUp and Account Activation/03-Signup(Correct Details): Test Cases/00-SignUp and Account Activation/03-Signup(Correct Details)

2022-12-09 13:23:25 - [TEST_STEP][PASSED] - delay(2): Delayed 2 second(s)

2022-12-09 13:23:27 - [MESSAGE][PASSED] - Delayed 2 second(s)

2022-12-09 13:23:27 - [TEST_STEP][PASSED] - setText(findTestObject("00-Signup and Activation/input_Email"), "autotester1034@mailinator.com"): Text 'autotester1034@mailinator.com' is set on object 'Object Repository/00-Signup and Activation/input_Email'

2022-12-09 13:23:28 - [MESSAGE][PASSED] - Text 'autotester1034@mailinator.com' is set on object 'Object Repository/00-Signup and Activation/input_Email'

2022-12-09 13:23:28 - [TEST_STEP][PASSED] - setText(findTestObject("00-Signup and Activation/input_firstName"), "GG"): Text 'GG' is set on object 'Object Repository/00-Signup and Activation/input_firstName'

2022-12-09 13:23:29 - [MESSAGE][PASSED] - Text 'GG' is set on object 'Object Repository/00-Signup and Activation/input_firstName'

2022-12-09 13:23:29 - [TEST_STEP][PASSED] - setText(findTestObject("00-Signup and Activation/input_lastName"), "tester"): Text 'tester' is set on object 'Object Repository/00-Signup and Activation/input_lastName'

2022-12-09 13:23:30 - [MESSAGE][PASSED] - Text 'tester' is set on object 'Object Repository/00-Signup and Activation/input_lastName'

2022-12-09 13:23:30 - [TEST_STEP][PASSED] - delay(2): Delayed 2 second(s)

2022-12-09 13:23:32 - [MESSAGE][PASSED] - Delayed 2 second(s)

2022-12-09 13:23:32 - [TEST_STEP][PASSED] - click(findTestObject("Object Repository/00-Signup and Activation/button_Sign up")): Object: 'Object Repository/00-Signup and Activation/button_Sign up' is clicked on

2022-12-09 13:23:33 - [MESSAGE][PASSED] - Object: 'Object Repository/00-Signup and Activation/button_Sign up' is clicked on

2022-12-09 13:23:33 - [TEST_STEP][PASSED] - delay(2): Delayed 2 second(s)

2022-12-09 13:23:35 - [MESSAGE][PASSED] - Delayed 2 second(s)

2022-12-09 13:23:35 - [TEST_STEP][PASSED] - executeJavaScript("window.open();", []): Execute JavaScript 'window.open();' successfully

2022-12-09 13:23:35 - [MESSAGE][PASSED] - Execute JavaScript 'window.open();' successfully

2022-12-09 13:23:35 - [TEST_STEP][PASSED] - currentWindow = getWindowIndex(): Current window's index is: 0

2022-12-09 13:23:35 - [MESSAGE][PASSED] - Current window's index is: 0

2022-12-09 13:23:35 - [TEST_STEP][PASSED] - delay(3): Delayed 3 second(s)

2022-12-09 13:23:38 - [MESSAGE][PASSED] - Delayed 3 second(s)

2022-12-09 13:23:38 - [TEST_STEP][PASSED] - switchToWindowIndex(currentWindow + 1): Switched to window with index: '1'

2022-12-09 13:23:38 - [MESSAGE][PASSED] - Switched to window with index: '1'

2022-12-09 13:23:38 - [TEST_STEP][PASSED] - navigateToUrl("https://www.mailinator.com/"): Navigate to 'https://www.mailinator.com/' successfully

2022-12-09 13:23:40 - [MESSAGE][PASSED] - Navigate to 'https://www.mailinator.com/' successfully

2022-12-09 13:23:40 - [TEST_STEP][PASSED] - delay(3): Delayed 3 second(s)

2022-12-09 13:23:43 - [MESSAGE][PASSED] - Delayed 3 second(s)

2022-12-09 13:23:43 - [TEST_STEP][PASSED] - setText(findTestObject("00-Signup and Activation/zMailinator/input_LOGIN_search"), "autotester1034@mailinator.com"): Text 'autotester1034@mailinator.com' is set on object 'Object Repository/00-Signup and Activation/zMailinator/input_LOGIN_search'

2022-12-09 13:23:44 - [MESSAGE][PASSED] - Text 'autotester1034@mailinator.com' is set on object 'Object Repository/00-Signup and Activation/zMailinator/input_LOGIN_search'

2022-12-09 13:23:44 - [TEST_STEP][PASSED] - click(findTestObject("00-Signup and Activation/zMailinator/gobutton"), STOP_ON_FAILURE): Object: 'Object Repository/00-Signup and Activation/zMailinator/gobutton' is clicked on

2022-12-09 13:23:45 - [MESSAGE][PASSED] - Object: 'Object Repository/00-Signup and Activation/zMailinator/gobutton' is clicked on

2022-12-09 13:23:45 - [TEST_STEP][PASSED] - delay(3): Delayed 3 second(s)

2022-12-09 13:23:48 - [MESSAGE][PASSED] - Delayed 3 second(s)

2022-12-09 13:23:48 - [TEST_STEP][PASSED] - click(findTestObject("00-Signup and Activation/zMailinator/Email - everleagues")): Object: 'Object Repository/00-Signup and Activation/zMailinator/Email - everleagues' is clicked on

2022-12-09 13:23:48 - [MESSAGE][PASSED] - Object: 'Object Repository/00-Signup and Activation/zMailinator/Email - everleagues' is clicked on

2022-12-09 13:23:48 - [TEST_STEP][PASSED] - delay(3): Delayed 3 second(s)

2022-12-09 13:23:51 - [MESSAGE][PASSED] - Delayed 3 second(s)

2022-12-09 13:23:51 - [TEST_STEP][PASSED] - code = getText(findTestObject("Object Repository/06-Teams/For 2FA/2FA code")): Text of object 'Object Repository/06-Teams/For 2FA/2FA code' is: '110419'

2022-12-09 13:23:52 - [MESSAGE][PASSED] - Text of object 'Object Repository/06-Teams/For 2FA/2FA code' is: '110419'

2022-12-09 13:23:52 - [TEST_STEP][PASSED] - delay(3): Delayed 3 second(s)

2022-12-09 13:23:55 - [MESSAGE][PASSED] - Delayed 3 second(s)

2022-12-09 13:23:55 - [TEST_STEP][PASSED] - closeWindowTitle("Mailinator"): Window with title: 'Mailinator' is closed

2022-12-09 13:23:55 - [MESSAGE][PASSED] - Window with title: 'Mailinator' is closed

2022-12-09 13:23:55 - [TEST_STEP][PASSED] - delay(3): Delayed 3 second(s)

2022-12-09 13:23:58 - [MESSAGE][PASSED] - Delayed 3 second(s)

2022-12-09 13:23:58 - [TEST_STEP][PASSED] - switchToWindowIndex(0): Switched to window with index: '0'

2022-12-09 13:23:58 - [MESSAGE][PASSED] - Switched to window with index: '0'

2022-12-09 13:23:58 - [TEST_STEP][PASSED] - delay(3): Delayed 3 second(s)

2022-12-09 13:24:01 - [MESSAGE][PASSED] - Delayed 3 second(s)

2022-12-09 13:24:01 - [TEST_STEP][PASSED] - setText(findTestObject("Object Repository/06-Teams/For 2FA/input_Enter verification code_code"), code): Text '110419' is set on object 'Object Repository/06-Teams/For 2FA/input_Enter verification code_code'

2022-12-09 13:24:03 - [MESSAGE][PASSED] - Text '110419' is set on object 'Object Repository/06-Teams/For 2FA/input_Enter verification code_code'

2022-12-09 13:24:03 - [TEST_STEP][PASSED] - delay(3): Delayed 3 second(s)

2022-12-09 13:24:06 - [MESSAGE][PASSED] - Delayed 3 second(s)

2022-12-09 13:24:06 - [TEST_STEP][PASSED] - click(findTestObject("06-Teams/For 2FA/button_Verify_2FA")): Object: 'Object Repository/06-Teams/For 2FA/button_Verify_2FA' is clicked on

2022-12-09 13:24:06 - [MESSAGE][PASSED] - Object: 'Object Repository/06-Teams/For 2FA/button_Verify_2FA' is clicked on

2022-12-09 13:24:06 - [TEST_STEP][PASSED] - delay(3): Delayed 3 second(s)

2022-12-09 13:24:09 - [MESSAGE][PASSED] - Delayed 3 second(s)]]></system-out>
         <system-err><![CDATA[]]></system-err>
      </testcase>
      <testcase name="Test Cases/00-SignUp and Account Activation/04-Set password" time="32.552" classname="Test Cases/00-SignUp and Account Activation/04-Set password" status="PASSED">
         <system-out><![CDATA[2022-12-09 13:24:09 - [TEST_CASE][PASSED] - Test Cases/00-SignUp and Account Activation/04-Set password: Test Cases/00-SignUp and Account Activation/04-Set password

2022-12-09 13:24:10 - [TEST_STEP][PASSED] - delay(2): Delayed 2 second(s)

2022-12-09 13:24:12 - [MESSAGE][PASSED] - Delayed 2 second(s)

2022-12-09 13:24:12 - [TEST_STEP][PASSED] - setEncryptedText(findTestObject("00-Signup and Activation/input_password"), "8yFRyszE6U6jvsCn51OQbg==", STOP_ON_FAILURE): Text ****** has been set on object 'Object Repository/00-Signup and Activation/input_password'

2022-12-09 13:24:12 - [MESSAGE][PASSED] - Text ****** has been set on object 'Object Repository/00-Signup and Activation/input_password'

2022-12-09 13:24:12 - [TEST_STEP][PASSED] - setEncryptedText(findTestObject("00-Signup and Activation/input_ConfirmPassword"), "8yFRyszE6U6jvsCn51OQbg==", STOP_ON_FAILURE): Text ****** has been set on object 'Object Repository/00-Signup and Activation/input_ConfirmPassword'

2022-12-09 13:24:13 - [MESSAGE][PASSED] - Text ****** has been set on object 'Object Repository/00-Signup and Activation/input_ConfirmPassword'

2022-12-09 13:24:13 - [TEST_STEP][PASSED] - delay(2): Delayed 2 second(s)

2022-12-09 13:24:15 - [MESSAGE][PASSED] - Delayed 2 second(s)

2022-12-09 13:24:15 - [TEST_STEP][PASSED] - click(findTestObject("00-Signup and Activation/show pass")): Object: 'Object Repository/00-Signup and Activation/show pass' is clicked on

2022-12-09 13:24:15 - [MESSAGE][PASSED] - Object: 'Object Repository/00-Signup and Activation/show pass' is clicked on

2022-12-09 13:24:15 - [TEST_STEP][PASSED] - click(findTestObject("00-Signup and Activation/show confirm pass")): Object: 'Object Repository/00-Signup and Activation/show confirm pass' is clicked on

2022-12-09 13:24:16 - [MESSAGE][PASSED] - Object: 'Object Repository/00-Signup and Activation/show confirm pass' is clicked on

2022-12-09 13:24:16 - [TEST_STEP][PASSED] - delay(2): Delayed 2 second(s)

2022-12-09 13:24:18 - [MESSAGE][PASSED] - Delayed 2 second(s)

2022-12-09 13:24:18 - [TEST_STEP][PASSED] - check(findTestObject("00-Signup and Activation/div_checkbox")): Object 'Object Repository/00-Signup and Activation/div_checkbox' is checked

2022-12-09 13:24:18 - [MESSAGE][PASSED] - Object 'Object Repository/00-Signup and Activation/div_checkbox' is checked

2022-12-09 13:24:18 - [TEST_STEP][PASSED] - delay(2): Delayed 2 second(s)

2022-12-09 13:24:21 - [MESSAGE][PASSED] - Delayed 2 second(s)

2022-12-09 13:24:21 - [TEST_STEP][PASSED] - click(findTestObject("00-Signup and Activation/button_Confirm")): Object: 'Object Repository/00-Signup and Activation/button_Confirm' is clicked on

2022-12-09 13:24:21 - [MESSAGE][PASSED] - Object: 'Object Repository/00-Signup and Activation/button_Confirm' is clicked on

2022-12-09 13:24:21 - [TEST_STEP][PASSED] - delay(5): Delayed 5 second(s)

2022-12-09 13:24:26 - [MESSAGE][PASSED] - Delayed 5 second(s)

2022-12-09 13:24:26 - [TEST_STEP][PASSED] - verifyElementVisible(findTestObject("00-Signup and Activation/h4_Welcome to Everleagues")): Object 'Object Repository/00-Signup and Activation/h4_Welcome to Everleagues' is visible

2022-12-09 13:24:32 - [MESSAGE][PASSED] - Object 'Object Repository/00-Signup and Activation/h4_Welcome to Everleagues' is visible

2022-12-09 13:24:32 - [TEST_STEP][PASSED] - verifyElementVisible(findTestObject("00-Signup and Activation/span_CREATE A BUSINESS ORGANIZATION")): Object 'Object Repository/00-Signup and Activation/span_CREATE A BUSINESS ORGANIZATION' is visible

2022-12-09 13:24:32 - [MESSAGE][PASSED] - Object 'Object Repository/00-Signup and Activation/span_CREATE A BUSINESS ORGANIZATION' is visible

2022-12-09 13:24:32 - [TEST_STEP][PASSED] - verifyElementVisible(findTestObject("00-Signup and Activation/span_INVITE FRIENDS  FAMILY")): Object 'Object Repository/00-Signup and Activation/span_INVITE FRIENDS  FAMILY' is visible

2022-12-09 13:24:33 - [MESSAGE][PASSED] - Object 'Object Repository/00-Signup and Activation/span_INVITE FRIENDS  FAMILY' is visible

2022-12-09 13:24:33 - [TEST_STEP][PASSED] - delay(3): Delayed 3 second(s)

2022-12-09 13:24:36 - [MESSAGE][PASSED] - Delayed 3 second(s)

2022-12-09 13:24:36 - [TEST_STEP][PASSED] - click(findTestObject("00-Signup and Activation/button_DO THIS LATER")): Object: 'Object Repository/00-Signup and Activation/button_DO THIS LATER' is clicked on

2022-12-09 13:24:36 - [MESSAGE][PASSED] - Object: 'Object Repository/00-Signup and Activation/button_DO THIS LATER' is clicked on

2022-12-09 13:24:36 - [TEST_STEP][PASSED] - delay(2): Delayed 2 second(s)

2022-12-09 13:24:38 - [MESSAGE][PASSED] - Delayed 2 second(s)

2022-12-09 13:24:38 - [TEST_STEP][PASSED] - verifyElementVisible(findTestObject("00-Signup and Activation/Create your first organization Card")): Object 'Object Repository/00-Signup and Activation/Create your first organization Card' is visible

2022-12-09 13:24:38 - [MESSAGE][PASSED] - Object 'Object Repository/00-Signup and Activation/Create your first organization Card' is visible

2022-12-09 13:24:38 - [TEST_STEP][PASSED] - verifyElementVisible(findTestObject("00-Signup and Activation/Still not sure where to start Card")): Object 'Object Repository/00-Signup and Activation/Still not sure where to start Card' is visible

2022-12-09 13:24:39 - [MESSAGE][PASSED] - Object 'Object Repository/00-Signup and Activation/Still not sure where to start Card' is visible

2022-12-09 13:24:39 - [TEST_STEP][PASSED] - verifyElementVisible(findTestObject("00-Signup and Activation/Welcome to Everleagues Card")): Object 'Object Repository/00-Signup and Activation/Welcome to Everleagues Card' is visible

2022-12-09 13:24:39 - [MESSAGE][PASSED] - Object 'Object Repository/00-Signup and Activation/Welcome to Everleagues Card' is visible

2022-12-09 13:24:39 - [TEST_STEP][PASSED] - delay(2): Delayed 2 second(s)

2022-12-09 13:24:41 - [MESSAGE][PASSED] - Delayed 2 second(s)

2022-12-09 13:24:41 - [TEST_STEP][PASSED] - closeBrowser(): Browser is closed

2022-12-09 13:24:42 - [MESSAGE][PASSED] - Browser is closed]]></system-out>
         <system-err><![CDATA[]]></system-err>
      </testcase>
      <system-out><![CDATA[2022-12-09 13:22:51 - [TEST_SUITE][PASSED] - 00-Signup and Account Activation: Test Cases/00-SignUp and Account Activation/04-Set password]]></system-out>
      <system-err><![CDATA[]]></system-err>
   </testsuite>
</testsuites>
