<?xml version="1.0" encoding="UTF-8"?>
<testsuites name="06.1- Teams - Add" time="487.482" tests="2" failures="0" errors="0">
   <testsuite name="06.1- Teams - Add" tests="2" failures="0" errors="0" time="487.482" skipped="0" timestamp="2022-12-26 15:58:44" hostname="asus - DESKTOP-3L3J9C1" id="Test Suites/TS-Organization/06.1- Teams - Add">
      <properties>
         <property name="deviceName" value=""/>
         <property name="devicePlatform" value=""/>
         <property name="logFolder" value="C:\\Users\\asus\\Katalon Studio\\Everleagues\\Everleagues\\Reports\\20221226_155822\\TS-Organization\\06.1- Teams - Add\\20221226_155822"/>
         <property name="logFiles" value="C:\\Users\\asus\\Katalon Studio\\Everleagues\\Everleagues\\Reports\\20221226_155822\\TS-Organization\\06.1- Teams - Add\\20221226_155822\\execution0.log"/>
         <property name="attachments" value=""/>
         <property name="hostName" value="asus - DESKTOP-3L3J9C1"/>
         <property name="os" value="Windows 10 64bit"/>
         <property name="katalonVersion" value="8.4.1.208"/>
         <property name="browser" value="Chrome 108.0.0.0"/>
         <property name="hostAddress" value="192.168.5.82"/>
         <property name="sessionId" value="695eab254c3f2f41da4870201dedc5ba"/>
         <property name="seleniumVersion" value="3.141.59"/>
         <property name="proxyInformation" value="ProxyInformation { proxyOption=NO_PROXY, proxyServerType=HTTP, username=, password=********, proxyServerAddress=, proxyServerPort=0, executionList=&quot;&quot;, isApplyToDesiredCapabilities=true }"/>
         <property name="platform" value="Windows 10"/>
      </properties>
      <testcase name="Test Cases/06- Teams/01- Add Team- Public" time="427.925" classname="Test Cases/06- Teams/01- Add Team- Public" status="PASSED">
         <system-out><![CDATA[2022-12-26 15:58:46 - [TEST_CASE][PASSED] - Test Cases/06- Teams/01- Add Team- Public: Test Cases/06- Teams/01- Add Team- Public

2022-12-26 15:58:49 - [TEST_STEP][PASSED] - openBrowser(""): Browser is opened with url: ''

2022-12-26 15:58:51 - [MESSAGE][INFO] - Starting 'Chrome' driver

2022-12-26 15:58:51 - [MESSAGE][INFO] - Action delay is set to 0 milliseconds

2022-12-26 15:59:10 - [MESSAGE][PASSED] - Browser is opened with url: ''

2022-12-26 15:59:10 - [TEST_STEP][PASSED] - navigateToUrl("https://lab.everleagues.com/"): Navigate to 'https://lab.everleagues.com/' successfully

2022-12-26 16:03:51 - [MESSAGE][PASSED] - Navigate to 'https://lab.everleagues.com/' successfully

2022-12-26 16:03:51 - [TEST_STEP][PASSED] - maximizeWindow(): Current window maximized

2022-12-26 16:03:51 - [MESSAGE][PASSED] - Current window maximized

2022-12-26 16:03:51 - [TEST_STEP][PASSED] - setText(findTestObject("02-Side Icons(Organization)/Add Contact/Email Field"), "testuser02@mailinator.com"): Text 'testuser02@mailinator.com' is set on object 'Object Repository/02-Side Icons(Organization)/Add Contact/Email Field'

2022-12-26 16:03:54 - [MESSAGE][PASSED] - Text 'testuser02@mailinator.com' is set on object 'Object Repository/02-Side Icons(Organization)/Add Contact/Email Field'

2022-12-26 16:03:54 - [TEST_STEP][PASSED] - setEncryptedText(findTestObject("02-Side Icons(Organization)/Add Contact/Password Field"), "8yFRyszE6U6jvsCn51OQbg=="): Text ****** has been set on object 'Object Repository/02-Side Icons(Organization)/Add Contact/Password Field'

2022-12-26 16:03:55 - [MESSAGE][PASSED] - Text ****** has been set on object 'Object Repository/02-Side Icons(Organization)/Add Contact/Password Field'

2022-12-26 16:03:55 - [TEST_STEP][PASSED] - click(findTestObject("02-Side Icons(Organization)/Add Contact/button_Sign in")): Object: 'Object Repository/02-Side Icons(Organization)/Add Contact/button_Sign in' is clicked on

2022-12-26 16:03:57 - [MESSAGE][PASSED] - Object: 'Object Repository/02-Side Icons(Organization)/Add Contact/button_Sign in' is clicked on

2022-12-26 16:03:57 - [TEST_STEP][PASSED] - delay(2): Delayed 2 second(s)

2022-12-26 16:03:59 - [MESSAGE][PASSED] - Delayed 2 second(s)

2022-12-26 16:03:59 - [TEST_STEP][PASSED] - click(findTestObject("06-Teams/For 2FA/button_Confirm_2FA")): Object: 'Object Repository/06-Teams/For 2FA/button_Confirm_2FA' is clicked on

2022-12-26 16:04:00 - [MESSAGE][PASSED] - Object: 'Object Repository/06-Teams/For 2FA/button_Confirm_2FA' is clicked on

2022-12-26 16:04:00 - [TEST_STEP][PASSED] - executeJavaScript("window.open();", []): Execute JavaScript 'window.open();' successfully

2022-12-26 16:04:00 - [MESSAGE][PASSED] - Execute JavaScript 'window.open();' successfully

2022-12-26 16:04:00 - [TEST_STEP][PASSED] - currentWindow = getWindowIndex(): Current window's index is: 0

2022-12-26 16:04:00 - [MESSAGE][PASSED] - Current window's index is: 0

2022-12-26 16:04:00 - [TEST_STEP][PASSED] - delay(3): Delayed 3 second(s)

2022-12-26 16:04:03 - [MESSAGE][PASSED] - Delayed 3 second(s)

2022-12-26 16:04:03 - [TEST_STEP][PASSED] - switchToWindowIndex(currentWindow + 1): Switched to window with index: '1'

2022-12-26 16:04:03 - [MESSAGE][PASSED] - Switched to window with index: '1'

2022-12-26 16:04:04 - [TEST_STEP][PASSED] - navigateToUrl("https://www.mailinator.com/"): Navigate to 'https://www.mailinator.com/' successfully

2022-12-26 16:04:13 - [MESSAGE][PASSED] - Navigate to 'https://www.mailinator.com/' successfully

2022-12-26 16:04:13 - [TEST_STEP][PASSED] - delay(3): Delayed 3 second(s)

2022-12-26 16:04:16 - [MESSAGE][PASSED] - Delayed 3 second(s)

2022-12-26 16:04:16 - [TEST_STEP][PASSED] - setText(findTestObject("00-Signup and Activation/zMailinator/input_LOGIN_search"), "testuser02@mailinator.com"): Text 'testuser02@mailinator.com' is set on object 'Object Repository/00-Signup and Activation/zMailinator/input_LOGIN_search'

2022-12-26 16:04:17 - [MESSAGE][PASSED] - Text 'testuser02@mailinator.com' is set on object 'Object Repository/00-Signup and Activation/zMailinator/input_LOGIN_search'

2022-12-26 16:04:17 - [TEST_STEP][PASSED] - click(findTestObject("00-Signup and Activation/zMailinator/gobutton"), STOP_ON_FAILURE): Object: 'Object Repository/00-Signup and Activation/zMailinator/gobutton' is clicked on

2022-12-26 16:04:22 - [MESSAGE][PASSED] - Object: 'Object Repository/00-Signup and Activation/zMailinator/gobutton' is clicked on

2022-12-26 16:04:22 - [TEST_STEP][PASSED] - delay(3): Delayed 3 second(s)

2022-12-26 16:04:25 - [MESSAGE][PASSED] - Delayed 3 second(s)

2022-12-26 16:04:25 - [TEST_STEP][PASSED] - click(findTestObject("00-Signup and Activation/zMailinator/Email - everleagues")): Object: 'Object Repository/00-Signup and Activation/zMailinator/Email - everleagues' is clicked on

2022-12-26 16:04:26 - [MESSAGE][PASSED] - Object: 'Object Repository/00-Signup and Activation/zMailinator/Email - everleagues' is clicked on

2022-12-26 16:04:26 - [TEST_STEP][PASSED] - delay(3): Delayed 3 second(s)

2022-12-26 16:04:29 - [MESSAGE][PASSED] - Delayed 3 second(s)

2022-12-26 16:04:29 - [TEST_STEP][PASSED] - code = getText(findTestObject("Object Repository/06-Teams/For 2FA/2FA code")): Text of object 'Object Repository/06-Teams/For 2FA/2FA code' is: '597261'

2022-12-26 16:04:30 - [MESSAGE][PASSED] - Text of object 'Object Repository/06-Teams/For 2FA/2FA code' is: '597261'

2022-12-26 16:04:30 - [TEST_STEP][PASSED] - delay(3): Delayed 3 second(s)

2022-12-26 16:04:33 - [MESSAGE][PASSED] - Delayed 3 second(s)

2022-12-26 16:04:33 - [TEST_STEP][PASSED] - closeWindowTitle("Mailinator"): Window with title: 'Mailinator' is closed

2022-12-26 16:04:34 - [MESSAGE][PASSED] - Window with title: 'Mailinator' is closed

2022-12-26 16:04:34 - [TEST_STEP][PASSED] - delay(3): Delayed 3 second(s)

2022-12-26 16:04:37 - [MESSAGE][PASSED] - Delayed 3 second(s)

2022-12-26 16:04:37 - [TEST_STEP][PASSED] - switchToWindowIndex(0): Switched to window with index: '0'

2022-12-26 16:04:37 - [MESSAGE][PASSED] - Switched to window with index: '0'

2022-12-26 16:04:37 - [TEST_STEP][PASSED] - delay(3): Delayed 3 second(s)

2022-12-26 16:04:40 - [MESSAGE][PASSED] - Delayed 3 second(s)

2022-12-26 16:04:40 - [TEST_STEP][PASSED] - setText(findTestObject("Object Repository/06-Teams/For 2FA/input_Enter verification code_code"), code): Text '597261' is set on object 'Object Repository/06-Teams/For 2FA/input_Enter verification code_code'

2022-12-26 16:04:42 - [MESSAGE][PASSED] - Text '597261' is set on object 'Object Repository/06-Teams/For 2FA/input_Enter verification code_code'

2022-12-26 16:04:42 - [TEST_STEP][PASSED] - delay(3): Delayed 3 second(s)

2022-12-26 16:04:45 - [MESSAGE][PASSED] - Delayed 3 second(s)

2022-12-26 16:04:45 - [TEST_STEP][PASSED] - click(findTestObject("06-Teams/For 2FA/button_Verify_2FA")): Object: 'Object Repository/06-Teams/For 2FA/button_Verify_2FA' is clicked on

2022-12-26 16:04:46 - [MESSAGE][PASSED] - Object: 'Object Repository/06-Teams/For 2FA/button_Verify_2FA' is clicked on

2022-12-26 16:04:46 - [TEST_STEP][PASSED] - delay(5): Delayed 5 second(s)

2022-12-26 16:04:51 - [MESSAGE][PASSED] - Delayed 5 second(s)

2022-12-26 16:04:51 - [TEST_STEP][PASSED] - click(findTestObject("06-Teams/button_doublearrow")): Object: 'Object Repository/06-Teams/button_doublearrow' is clicked on

2022-12-26 16:04:54 - [MESSAGE][PASSED] - Object: 'Object Repository/06-Teams/button_doublearrow' is clicked on

2022-12-26 16:04:54 - [TEST_STEP][PASSED] - click(findTestObject("06-Teams/button_My Organizations")): Object: 'Object Repository/06-Teams/button_My Organizations' is clicked on

2022-12-26 16:04:55 - [MESSAGE][PASSED] - Object: 'Object Repository/06-Teams/button_My Organizations' is clicked on

2022-12-26 16:04:55 - [TEST_STEP][PASSED] - click(findTestObject("06-Teams/button_GG Automation")): Object: 'Object Repository/06-Teams/button_GG Automation' is clicked on

2022-12-26 16:04:57 - [MESSAGE][PASSED] - Object: 'Object Repository/06-Teams/button_GG Automation' is clicked on

2022-12-26 16:04:57 - [TEST_STEP][PASSED] - delay(4): Delayed 4 second(s)

2022-12-26 16:05:01 - [MESSAGE][PASSED] - Delayed 4 second(s)

2022-12-26 16:05:01 - [TEST_STEP][PASSED] - verifyElementVisible(findTestObject("06-Teams/span_GG Automation")): Object 'Object Repository/06-Teams/span_GG Automation' is visible

2022-12-26 16:05:01 - [MESSAGE][PASSED] - Object 'Object Repository/06-Teams/span_GG Automation' is visible

2022-12-26 16:05:01 - [TEST_STEP][PASSED] - delay(2): Delayed 2 second(s)

2022-12-26 16:05:03 - [MESSAGE][PASSED] - Delayed 2 second(s)

2022-12-26 16:05:03 - [TEST_STEP][PASSED] - click(findTestObject("03-Header Menu/Hamburger Button/div_Teams")): Object: 'Object Repository/03-Header Menu/Hamburger Button/div_Teams' is clicked on

2022-12-26 16:05:05 - [MESSAGE][PASSED] - Object: 'Object Repository/03-Header Menu/Hamburger Button/div_Teams' is clicked on

2022-12-26 16:05:05 - [TEST_STEP][PASSED] - delay(2): Delayed 2 second(s)

2022-12-26 16:05:07 - [MESSAGE][PASSED] - Delayed 2 second(s)

2022-12-26 16:05:07 - [TEST_STEP][PASSED] - verifyElementVisible(findTestObject("06-Teams/h4_TEAMS")): Object 'Object Repository/06-Teams/h4_TEAMS' is visible

2022-12-26 16:05:07 - [MESSAGE][PASSED] - Object 'Object Repository/06-Teams/h4_TEAMS' is visible

2022-12-26 16:05:07 - [TEST_STEP][PASSED] - delay(3): Delayed 3 second(s)

2022-12-26 16:05:10 - [MESSAGE][PASSED] - Delayed 3 second(s)

2022-12-26 16:05:10 - [TEST_STEP][PASSED] - click(findTestObject("06-Teams/Add Team")): Object: 'Object Repository/06-Teams/Add Team' is clicked on

2022-12-26 16:05:11 - [MESSAGE][PASSED] - Object: 'Object Repository/06-Teams/Add Team' is clicked on

2022-12-26 16:05:11 - [TEST_STEP][PASSED] - delay(3): Delayed 3 second(s)

2022-12-26 16:05:14 - [MESSAGE][PASSED] - Delayed 3 second(s)

2022-12-26 16:05:14 - [TEST_STEP][PASSED] - verifyElementVisible(findTestObject("06-Teams/button_Public")): Object 'Object Repository/06-Teams/button_Public' is visible

2022-12-26 16:05:15 - [MESSAGE][PASSED] - Object 'Object Repository/06-Teams/button_Public' is visible

2022-12-26 16:05:15 - [TEST_STEP][PASSED] - verifyElementVisible(findTestObject("06-Teams/button_Private")): Object 'Object Repository/06-Teams/button_Private' is visible

2022-12-26 16:05:16 - [MESSAGE][PASSED] - Object 'Object Repository/06-Teams/button_Private' is visible

2022-12-26 16:05:16 - [TEST_STEP][PASSED] - delay(3): Delayed 3 second(s)

2022-12-26 16:05:19 - [MESSAGE][PASSED] - Delayed 3 second(s)

2022-12-26 16:05:19 - [TEST_STEP][PASSED] - click(findTestObject("06-Teams/button_Public")): Object: 'Object Repository/06-Teams/button_Public' is clicked on

2022-12-26 16:05:20 - [MESSAGE][PASSED] - Object: 'Object Repository/06-Teams/button_Public' is clicked on

2022-12-26 16:05:20 - [TEST_STEP][PASSED] - verifyElementVisible(findTestObject("06-Teams/01-Add Team-Public/Add Team_Public")): Object 'Object Repository/06-Teams/01-Add Team-Public/Add Team_Public' is visible

2022-12-26 16:05:21 - [MESSAGE][PASSED] - Object 'Object Repository/06-Teams/01-Add Team-Public/Add Team_Public' is visible

2022-12-26 16:05:21 - [TEST_STEP][PASSED] - scrollToElement(findTestObject("06-Teams/01-Add Team-Public/button_Create"), 0): Scroll to object 'Object Repository/06-Teams/01-Add Team-Public/button_Create' successfully

2022-12-26 16:05:22 - [MESSAGE][WARNING] - Timeout '0' is invalid. Using default page load timeout: '30'

2022-12-26 16:05:22 - [MESSAGE][PASSED] - Scroll to object 'Object Repository/06-Teams/01-Add Team-Public/button_Create' successfully

2022-12-26 16:05:22 - [TEST_STEP][PASSED] - verifyElementNotClickable(findTestObject("06-Teams/01-Add Team-Public/button_Create")): Object 'Object Repository/06-Teams/01-Add Team-Public/button_Create' is NOT clickable

2022-12-26 16:05:23 - [MESSAGE][PASSED] - Object 'Object Repository/06-Teams/01-Add Team-Public/button_Create' is NOT clickable

2022-12-26 16:05:23 - [TEST_STEP][PASSED] - delay(3): Delayed 3 second(s)

2022-12-26 16:05:26 - [MESSAGE][PASSED] - Delayed 3 second(s)

2022-12-26 16:05:26 - [TEST_STEP][PASSED] - click(findTestObject("06-Teams/01-Add Team-Public/input_teamName")): Object: 'Object Repository/06-Teams/01-Add Team-Public/input_teamName' is clicked on

2022-12-26 16:05:27 - [MESSAGE][PASSED] - Object: 'Object Repository/06-Teams/01-Add Team-Public/input_teamName' is clicked on

2022-12-26 16:05:27 - [TEST_STEP][PASSED] - click(findTestObject("06-Teams/01-Add Team-Public/Org unit")): Object: 'Object Repository/06-Teams/01-Add Team-Public/Org unit' is clicked on

2022-12-26 16:05:28 - [MESSAGE][PASSED] - Object: 'Object Repository/06-Teams/01-Add Team-Public/Org unit' is clicked on

2022-12-26 16:05:28 - [TEST_STEP][PASSED] - verifyElementVisible(findTestObject("06-Teams/01-Add Team-Public/h4_Select an organization unit")): Object 'Object Repository/06-Teams/01-Add Team-Public/h4_Select an organization unit' is visible

2022-12-26 16:05:29 - [MESSAGE][PASSED] - Object 'Object Repository/06-Teams/01-Add Team-Public/h4_Select an organization unit' is visible

2022-12-26 16:05:29 - [TEST_STEP][PASSED] - delay(3): Delayed 3 second(s)

2022-12-26 16:05:32 - [MESSAGE][PASSED] - Delayed 3 second(s)

2022-12-26 16:05:32 - [TEST_STEP][PASSED] - click(findTestObject("06-Teams/01-Add Team-Public/div_GG Automation")): Object: 'Object Repository/06-Teams/01-Add Team-Public/div_GG Automation' is clicked on

2022-12-26 16:05:33 - [MESSAGE][PASSED] - Object: 'Object Repository/06-Teams/01-Add Team-Public/div_GG Automation' is clicked on

2022-12-26 16:05:33 - [TEST_STEP][PASSED] - click(findTestObject("06-Teams/01-Add Team-Public/button_Select")): Object: 'Object Repository/06-Teams/01-Add Team-Public/button_Select' is clicked on

2022-12-26 16:05:34 - [MESSAGE][PASSED] - Object: 'Object Repository/06-Teams/01-Add Team-Public/button_Select' is clicked on

2022-12-26 16:05:34 - [TEST_STEP][PASSED] - verifyElementVisible(findTestObject("06-Teams/01-Add Team-Public/Error Team name")): Object 'Object Repository/06-Teams/01-Add Team-Public/Error Team name' is visible

2022-12-26 16:05:35 - [MESSAGE][PASSED] - Object 'Object Repository/06-Teams/01-Add Team-Public/Error Team name' is visible

2022-12-26 16:05:35 - [TEST_STEP][PASSED] - delay(3): Delayed 3 second(s)

2022-12-26 16:05:38 - [MESSAGE][PASSED] - Delayed 3 second(s)

2022-12-26 16:05:38 - [TEST_STEP][PASSED] - setText(findTestObject("06-Teams/01-Add Team-Public/input_teamName"), "Auto Team Public"): Text 'Auto Team Public' is set on object 'Object Repository/06-Teams/01-Add Team-Public/input_teamName'

2022-12-26 16:05:41 - [MESSAGE][PASSED] - Text 'Auto Team Public' is set on object 'Object Repository/06-Teams/01-Add Team-Public/input_teamName'

2022-12-26 16:05:41 - [TEST_STEP][PASSED] - scrollToElement(findTestObject("06-Teams/01-Add Team-Public/button_Create"), 0): Scroll to object 'Object Repository/06-Teams/01-Add Team-Public/button_Create' successfully

2022-12-26 16:05:41 - [MESSAGE][WARNING] - Timeout '0' is invalid. Using default page load timeout: '30'

2022-12-26 16:05:41 - [MESSAGE][PASSED] - Scroll to object 'Object Repository/06-Teams/01-Add Team-Public/button_Create' successfully

2022-12-26 16:05:41 - [TEST_STEP][PASSED] - click(findTestObject("06-Teams/01-Add Team-Public/button_Create")): Object: 'Object Repository/06-Teams/01-Add Team-Public/button_Create' is clicked on

2022-12-26 16:05:42 - [MESSAGE][PASSED] - Object: 'Object Repository/06-Teams/01-Add Team-Public/button_Create' is clicked on

2022-12-26 16:05:42 - [TEST_STEP][PASSED] - delay(3): Delayed 3 second(s)

2022-12-26 16:05:45 - [MESSAGE][PASSED] - Delayed 3 second(s)

2022-12-26 16:05:45 - [TEST_STEP][PASSED] - verifyElementVisible(findTestObject("06-Teams/01-Add Team-Public/span_Successfully added new team")): Object 'Object Repository/06-Teams/01-Add Team-Public/span_Successfully added new team' is visible

2022-12-26 16:05:47 - [MESSAGE][PASSED] - Object 'Object Repository/06-Teams/01-Add Team-Public/span_Successfully added new team' is visible

2022-12-26 16:05:47 - [TEST_STEP][PASSED] - delay(3): Delayed 3 second(s)

2022-12-26 16:05:50 - [MESSAGE][PASSED] - Delayed 3 second(s)

2022-12-26 16:05:50 - [TEST_STEP][PASSED] - verifyElementVisible(findTestObject("06-Teams/01-Add Team-Public/span_Auto Team Public")): Object 'Object Repository/06-Teams/01-Add Team-Public/span_Auto Team Public' is visible

2022-12-26 16:05:51 - [MESSAGE][PASSED] - Object 'Object Repository/06-Teams/01-Add Team-Public/span_Auto Team Public' is visible

2022-12-26 16:05:51 - [TEST_STEP][PASSED] - delay(3): Delayed 3 second(s)

2022-12-26 16:05:54 - [MESSAGE][PASSED] - Delayed 3 second(s)]]></system-out>
         <system-err><![CDATA[]]></system-err>
      </testcase>
      <testcase name="Test Cases/06- Teams/02-Add Team-Private" time="57.478" classname="Test Cases/06- Teams/02-Add Team-Private" status="PASSED">
         <system-out><![CDATA[2022-12-26 16:05:54 - [TEST_CASE][PASSED] - Test Cases/06- Teams/02-Add Team-Private: Test Cases/06- Teams/02-Add Team-Private

2022-12-26 16:05:56 - [TEST_STEP][PASSED] - click(findTestObject("06-Teams/Add Team")): Object: 'Object Repository/06-Teams/Add Team' is clicked on

2022-12-26 16:05:57 - [MESSAGE][PASSED] - Object: 'Object Repository/06-Teams/Add Team' is clicked on

2022-12-26 16:05:57 - [TEST_STEP][PASSED] - delay(3): Delayed 3 second(s)

2022-12-26 16:06:00 - [MESSAGE][PASSED] - Delayed 3 second(s)

2022-12-26 16:06:00 - [TEST_STEP][PASSED] - verifyElementVisible(findTestObject("06-Teams/button_Public")): Object 'Object Repository/06-Teams/button_Public' is visible

2022-12-26 16:06:01 - [MESSAGE][PASSED] - Object 'Object Repository/06-Teams/button_Public' is visible

2022-12-26 16:06:01 - [TEST_STEP][PASSED] - verifyElementVisible(findTestObject("06-Teams/button_Private")): Object 'Object Repository/06-Teams/button_Private' is visible

2022-12-26 16:06:01 - [MESSAGE][PASSED] - Object 'Object Repository/06-Teams/button_Private' is visible

2022-12-26 16:06:01 - [TEST_STEP][PASSED] - delay(3): Delayed 3 second(s)

2022-12-26 16:06:04 - [MESSAGE][PASSED] - Delayed 3 second(s)

2022-12-26 16:06:04 - [TEST_STEP][PASSED] - click(findTestObject("06-Teams/button_Private")): Object: 'Object Repository/06-Teams/button_Private' is clicked on

2022-12-26 16:06:06 - [MESSAGE][PASSED] - Object: 'Object Repository/06-Teams/button_Private' is clicked on

2022-12-26 16:06:06 - [TEST_STEP][PASSED] - delay(3): Delayed 3 second(s)

2022-12-26 16:06:09 - [MESSAGE][PASSED] - Delayed 3 second(s)

2022-12-26 16:06:09 - [TEST_STEP][PASSED] - verifyElementVisible(findTestObject("06-Teams/02-Add Team-Private/Add team- Private")): Object 'Object Repository/06-Teams/02-Add Team-Private/Add team- Private' is visible

2022-12-26 16:06:10 - [MESSAGE][PASSED] - Object 'Object Repository/06-Teams/02-Add Team-Private/Add team- Private' is visible

2022-12-26 16:06:10 - [TEST_STEP][PASSED] - verifyElementVisible(findTestObject("06-Teams/02-Add Team-Private/div_Settings")): Object 'Object Repository/06-Teams/02-Add Team-Private/div_Settings' is visible

2022-12-26 16:06:11 - [MESSAGE][PASSED] - Object 'Object Repository/06-Teams/02-Add Team-Private/div_Settings' is visible

2022-12-26 16:06:11 - [TEST_STEP][PASSED] - verifyElementVisible(findTestObject("06-Teams/02-Add Team-Private/div_Members")): Object 'Object Repository/06-Teams/02-Add Team-Private/div_Members' is visible

2022-12-26 16:06:11 - [MESSAGE][PASSED] - Object 'Object Repository/06-Teams/02-Add Team-Private/div_Members' is visible

2022-12-26 16:06:11 - [TEST_STEP][PASSED] - scrollToElement(findTestObject("06-Teams/01-Add Team-Public/button_Create"), 0): Scroll to object 'Object Repository/06-Teams/01-Add Team-Public/button_Create' successfully

2022-12-26 16:06:12 - [MESSAGE][WARNING] - Timeout '0' is invalid. Using default page load timeout: '30'

2022-12-26 16:06:12 - [MESSAGE][PASSED] - Scroll to object 'Object Repository/06-Teams/01-Add Team-Public/button_Create' successfully

2022-12-26 16:06:12 - [TEST_STEP][PASSED] - verifyElementNotClickable(findTestObject("06-Teams/01-Add Team-Public/button_Create")): Object 'Object Repository/06-Teams/01-Add Team-Public/button_Create' is NOT clickable

2022-12-26 16:06:13 - [MESSAGE][PASSED] - Object 'Object Repository/06-Teams/01-Add Team-Public/button_Create' is NOT clickable

2022-12-26 16:06:13 - [TEST_STEP][PASSED] - delay(3): Delayed 3 second(s)

2022-12-26 16:06:16 - [MESSAGE][PASSED] - Delayed 3 second(s)

2022-12-26 16:06:16 - [TEST_STEP][PASSED] - click(findTestObject("06-Teams/01-Add Team-Public/input_teamName")): Object: 'Object Repository/06-Teams/01-Add Team-Public/input_teamName' is clicked on

2022-12-26 16:06:17 - [MESSAGE][PASSED] - Object: 'Object Repository/06-Teams/01-Add Team-Public/input_teamName' is clicked on

2022-12-26 16:06:17 - [TEST_STEP][PASSED] - click(findTestObject("06-Teams/01-Add Team-Public/Org unit")): Object: 'Object Repository/06-Teams/01-Add Team-Public/Org unit' is clicked on

2022-12-26 16:06:18 - [MESSAGE][PASSED] - Object: 'Object Repository/06-Teams/01-Add Team-Public/Org unit' is clicked on

2022-12-26 16:06:18 - [TEST_STEP][PASSED] - verifyElementVisible(findTestObject("06-Teams/01-Add Team-Public/h4_Select an organization unit")): Object 'Object Repository/06-Teams/01-Add Team-Public/h4_Select an organization unit' is visible

2022-12-26 16:06:19 - [MESSAGE][PASSED] - Object 'Object Repository/06-Teams/01-Add Team-Public/h4_Select an organization unit' is visible

2022-12-26 16:06:19 - [TEST_STEP][PASSED] - delay(3): Delayed 3 second(s)

2022-12-26 16:06:22 - [MESSAGE][PASSED] - Delayed 3 second(s)

2022-12-26 16:06:22 - [TEST_STEP][PASSED] - click(findTestObject("06-Teams/01-Add Team-Public/div_GG Automation")): Object: 'Object Repository/06-Teams/01-Add Team-Public/div_GG Automation' is clicked on

2022-12-26 16:06:22 - [MESSAGE][PASSED] - Object: 'Object Repository/06-Teams/01-Add Team-Public/div_GG Automation' is clicked on

2022-12-26 16:06:22 - [TEST_STEP][PASSED] - click(findTestObject("06-Teams/01-Add Team-Public/button_Select")): Object: 'Object Repository/06-Teams/01-Add Team-Public/button_Select' is clicked on

2022-12-26 16:06:23 - [MESSAGE][PASSED] - Object: 'Object Repository/06-Teams/01-Add Team-Public/button_Select' is clicked on

2022-12-26 16:06:23 - [TEST_STEP][PASSED] - verifyElementVisible(findTestObject("06-Teams/01-Add Team-Public/Error Team name")): Object 'Object Repository/06-Teams/01-Add Team-Public/Error Team name' is visible

2022-12-26 16:06:24 - [MESSAGE][PASSED] - Object 'Object Repository/06-Teams/01-Add Team-Public/Error Team name' is visible

2022-12-26 16:06:24 - [TEST_STEP][PASSED] - delay(3): Delayed 3 second(s)

2022-12-26 16:06:27 - [MESSAGE][PASSED] - Delayed 3 second(s)

2022-12-26 16:06:27 - [TEST_STEP][PASSED] - setText(findTestObject("06-Teams/01-Add Team-Public/input_teamName"), "Auto Team Private"): Text 'Auto Team Private' is set on object 'Object Repository/06-Teams/01-Add Team-Public/input_teamName'

2022-12-26 16:06:30 - [MESSAGE][PASSED] - Text 'Auto Team Private' is set on object 'Object Repository/06-Teams/01-Add Team-Public/input_teamName'

2022-12-26 16:06:30 - [TEST_STEP][PASSED] - delay(3): Delayed 3 second(s)

2022-12-26 16:06:33 - [MESSAGE][PASSED] - Delayed 3 second(s)

2022-12-26 16:06:33 - [TEST_STEP][PASSED] - click(findTestObject("06-Teams/02-Add Team-Private/div_Members")): Object: 'Object Repository/06-Teams/02-Add Team-Private/div_Members' is clicked on

2022-12-26 16:06:34 - [MESSAGE][PASSED] - Object: 'Object Repository/06-Teams/02-Add Team-Private/div_Members' is clicked on

2022-12-26 16:06:34 - [TEST_STEP][PASSED] - verifyElementVisible(findTestObject("06-Teams/02-Add Team-Private/Members dialog box")): Object 'Object Repository/06-Teams/02-Add Team-Private/Members dialog box' is visible

2022-12-26 16:06:35 - [MESSAGE][PASSED] - Object 'Object Repository/06-Teams/02-Add Team-Private/Members dialog box' is visible

2022-12-26 16:06:35 - [TEST_STEP][PASSED] - delay(3): Delayed 3 second(s)

2022-12-26 16:06:38 - [MESSAGE][PASSED] - Delayed 3 second(s)

2022-12-26 16:06:38 - [TEST_STEP][PASSED] - scrollToElement(findTestObject("06-Teams/01-Add Team-Public/button_Create"), 0): Scroll to object 'Object Repository/06-Teams/01-Add Team-Public/button_Create' successfully

2022-12-26 16:06:38 - [MESSAGE][WARNING] - Timeout '0' is invalid. Using default page load timeout: '30'

2022-12-26 16:06:39 - [MESSAGE][PASSED] - Scroll to object 'Object Repository/06-Teams/01-Add Team-Public/button_Create' successfully

2022-12-26 16:06:39 - [TEST_STEP][PASSED] - click(findTestObject("06-Teams/01-Add Team-Public/button_Create")): Object: 'Object Repository/06-Teams/01-Add Team-Public/button_Create' is clicked on

2022-12-26 16:06:40 - [MESSAGE][PASSED] - Object: 'Object Repository/06-Teams/01-Add Team-Public/button_Create' is clicked on

2022-12-26 16:06:40 - [TEST_STEP][PASSED] - verifyElementVisible(findTestObject("06-Teams/01-Add Team-Public/span_Successfully added new team")): Object 'Object Repository/06-Teams/01-Add Team-Public/span_Successfully added new team' is visible

2022-12-26 16:06:43 - [MESSAGE][PASSED] - Object 'Object Repository/06-Teams/01-Add Team-Public/span_Successfully added new team' is visible

2022-12-26 16:06:43 - [TEST_STEP][PASSED] - delay(3): Delayed 3 second(s)

2022-12-26 16:06:46 - [MESSAGE][PASSED] - Delayed 3 second(s)

2022-12-26 16:06:46 - [TEST_STEP][PASSED] - verifyElementVisible(findTestObject("06-Teams/02-Add Team-Private/span_Auto Team Private")): Object 'Object Repository/06-Teams/02-Add Team-Private/span_Auto Team Private' is visible

2022-12-26 16:06:47 - [MESSAGE][PASSED] - Object 'Object Repository/06-Teams/02-Add Team-Private/span_Auto Team Private' is visible

2022-12-26 16:06:47 - [TEST_STEP][PASSED] - delay(3): Delayed 3 second(s)

2022-12-26 16:06:50 - [MESSAGE][PASSED] - Delayed 3 second(s)

2022-12-26 16:06:50 - [TEST_STEP][PASSED] - closeBrowser(): Browser is closed

2022-12-26 16:06:52 - [MESSAGE][PASSED] - Browser is closed]]></system-out>
         <system-err><![CDATA[]]></system-err>
      </testcase>
      <system-out><![CDATA[2022-12-26 15:58:44 - [TEST_SUITE][PASSED] - 06.1- Teams - Add: Test Cases/06- Teams/02-Add Team-Private]]></system-out>
      <system-err><![CDATA[]]></system-err>
   </testsuite>
</testsuites>
