<?xml version="1.0" encoding="UTF-8"?>
<testsuites name="07-Directory" time="242.869" tests="11" failures="0" errors="0">
   <testsuite name="07-Directory" tests="11" failures="0" errors="0" time="242.869" skipped="0" timestamp="2022-08-17 14:50:12" hostname="User - DESKTOP-QCRNR4M" id="Test Suites/TS-Organization/07-Directory">
      <properties>
         <property name="deviceName" value=""/>
         <property name="devicePlatform" value=""/>
         <property name="logFolder" value="C:\\Users\\User\\Katalon Studio\\EverleaguesMain\\Reports\\20220817_145010\\TS-Organization\\07-Directory\\20220817_145010"/>
         <property name="logFiles" value="C:\\Users\\User\\Katalon Studio\\EverleaguesMain\\Reports\\20220817_145010\\TS-Organization\\07-Directory\\20220817_145010\\execution0.log"/>
         <property name="attachments" value=""/>
         <property name="hostName" value="User - DESKTOP-QCRNR4M"/>
         <property name="os" value="Windows 10 64bit"/>
         <property name="katalonVersion" value="8.4.1.208"/>
         <property name="browser" value="Chrome 104.0.5112.81"/>
         <property name="hostAddress" value="192.168.5.124"/>
         <property name="sessionId" value="cac67908fd4049b908b8feae4dc73e2d"/>
         <property name="seleniumVersion" value="3.141.59"/>
         <property name="proxyInformation" value="ProxyInformation { proxyOption=NO_PROXY, proxyServerType=HTTP, username=, password=********, proxyServerAddress=, proxyServerPort=0, executionList=&quot;&quot;, isApplyToDesiredCapabilities=true }"/>
         <property name="platform" value="Windows 10"/>
      </properties>
      <testcase name="Test Cases/07-Directory/01 -Connections - Add New Contact (required field is blank)" time="91.81" classname="Test Cases/07-Directory/01 -Connections - Add New Contact (required field is blank)" status="PASSED">
         <system-out><![CDATA[2022-08-17 14:50:13 - [TEST_CASE][PASSED] - Test Cases/07-Directory/01 -Connections - Add New Contact (required field is blank): Test Cases/07-Directory/01 -Connections - Add New Contact (required field is blank)

2022-08-17 14:50:13 - [TEST_STEP][PASSED] - openBrowser(""): Browser is opened with url: ''

2022-08-17 14:50:13 - [MESSAGE][INFO] - Starting 'Chrome' driver

2022-08-17 14:50:13 - [MESSAGE][INFO] - Action delay is set to 0 milliseconds

2022-08-17 14:50:15 - [MESSAGE][PASSED] - Browser is opened with url: ''

2022-08-17 14:50:15 - [TEST_STEP][PASSED] - navigateToUrl("https://lab.everleagues.com/"): Navigate to 'https://lab.everleagues.com/' successfully

2022-08-17 14:50:30 - [MESSAGE][PASSED] - Navigate to 'https://lab.everleagues.com/' successfully

2022-08-17 14:50:30 - [TEST_STEP][PASSED] - maximizeWindow(): Current window maximized

2022-08-17 14:50:30 - [MESSAGE][PASSED] - Current window maximized

2022-08-17 14:50:30 - [TEST_STEP][PASSED] - setText(findTestObject("02-Side Icons(Organization)/Add Contact/Email Field"), "testuser02@mailinator.com"): Text 'testuser02@mailinator.com' is set on object 'Object Repository/02-Side Icons(Organization)/Add Contact/Email Field'

2022-08-17 14:50:31 - [MESSAGE][PASSED] - Text 'testuser02@mailinator.com' is set on object 'Object Repository/02-Side Icons(Organization)/Add Contact/Email Field'

2022-08-17 14:50:31 - [TEST_STEP][PASSED] - setEncryptedText(findTestObject("02-Side Icons(Organization)/Add Contact/Password Field"), "8yFRyszE6U6jvsCn51OQbg=="): Text ****** has been set on object 'Object Repository/02-Side Icons(Organization)/Add Contact/Password Field'

2022-08-17 14:50:32 - [MESSAGE][PASSED] - Text ****** has been set on object 'Object Repository/02-Side Icons(Organization)/Add Contact/Password Field'

2022-08-17 14:50:32 - [TEST_STEP][PASSED] - click(findTestObject("02-Side Icons(Organization)/Add Contact/button_Sign in")): Object: 'Object Repository/02-Side Icons(Organization)/Add Contact/button_Sign in' is clicked on

2022-08-17 14:50:32 - [MESSAGE][PASSED] - Object: 'Object Repository/02-Side Icons(Organization)/Add Contact/button_Sign in' is clicked on

2022-08-17 14:50:32 - [TEST_STEP][PASSED] - delay(3): Delayed 3 second(s)

2022-08-17 14:50:35 - [MESSAGE][PASSED] - Delayed 3 second(s)

2022-08-17 14:50:35 - [TEST_STEP][PASSED] - click(findTestObject("06-Teams/For 2FA/button_Confirm_2FA")): Object: 'Object Repository/06-Teams/For 2FA/button_Confirm_2FA' is clicked on

2022-08-17 14:50:36 - [MESSAGE][PASSED] - Object: 'Object Repository/06-Teams/For 2FA/button_Confirm_2FA' is clicked on

2022-08-17 14:50:36 - [TEST_STEP][PASSED] - executeJavaScript("window.open();", []): Execute JavaScript 'window.open();' successfully

2022-08-17 14:50:36 - [MESSAGE][PASSED] - Execute JavaScript 'window.open();' successfully

2022-08-17 14:50:36 - [TEST_STEP][PASSED] - currentWindow = getWindowIndex(): Current window's index is: 0

2022-08-17 14:50:36 - [MESSAGE][PASSED] - Current window's index is: 0

2022-08-17 14:50:36 - [TEST_STEP][PASSED] - delay(3): Delayed 3 second(s)

2022-08-17 14:50:39 - [MESSAGE][PASSED] - Delayed 3 second(s)

2022-08-17 14:50:39 - [TEST_STEP][PASSED] - switchToWindowIndex(currentWindow + 1): Switched to window with index: '1'

2022-08-17 14:50:39 - [MESSAGE][PASSED] - Switched to window with index: '1'

2022-08-17 14:50:39 - [TEST_STEP][PASSED] - navigateToUrl("https://www.mailinator.com/"): Navigate to 'https://www.mailinator.com/' successfully

2022-08-17 14:50:41 - [MESSAGE][PASSED] - Navigate to 'https://www.mailinator.com/' successfully

2022-08-17 14:50:41 - [TEST_STEP][PASSED] - delay(3): Delayed 3 second(s)

2022-08-17 14:50:44 - [MESSAGE][PASSED] - Delayed 3 second(s)

2022-08-17 14:50:44 - [TEST_STEP][PASSED] - setText(findTestObject("00-Signup and Activation/zMailinator/input_LOGIN_search"), "testuser02@mailinator.com"): Text 'testuser02@mailinator.com' is set on object 'Object Repository/00-Signup and Activation/zMailinator/input_LOGIN_search'

2022-08-17 14:50:45 - [MESSAGE][PASSED] - Text 'testuser02@mailinator.com' is set on object 'Object Repository/00-Signup and Activation/zMailinator/input_LOGIN_search'

2022-08-17 14:50:45 - [TEST_STEP][PASSED] - click(findTestObject("00-Signup and Activation/zMailinator/gobutton"), STOP_ON_FAILURE): Object: 'Object Repository/00-Signup and Activation/zMailinator/gobutton' is clicked on

2022-08-17 14:50:46 - [MESSAGE][PASSED] - Object: 'Object Repository/00-Signup and Activation/zMailinator/gobutton' is clicked on

2022-08-17 14:50:46 - [TEST_STEP][PASSED] - delay(3): Delayed 3 second(s)

2022-08-17 14:50:49 - [MESSAGE][PASSED] - Delayed 3 second(s)

2022-08-17 14:50:49 - [TEST_STEP][PASSED] - click(findTestObject("00-Signup and Activation/zMailinator/Email - everleagues")): Object: 'Object Repository/00-Signup and Activation/zMailinator/Email - everleagues' is clicked on

2022-08-17 14:50:50 - [MESSAGE][PASSED] - Object: 'Object Repository/00-Signup and Activation/zMailinator/Email - everleagues' is clicked on

2022-08-17 14:50:50 - [TEST_STEP][PASSED] - delay(3): Delayed 3 second(s)

2022-08-17 14:50:53 - [MESSAGE][PASSED] - Delayed 3 second(s)

2022-08-17 14:50:53 - [TEST_STEP][PASSED] - code = getText(findTestObject("Object Repository/06-Teams/For 2FA/2FA code")): Text of object 'Object Repository/06-Teams/For 2FA/2FA code' is: '658878'

2022-08-17 14:50:53 - [MESSAGE][PASSED] - Text of object 'Object Repository/06-Teams/For 2FA/2FA code' is: '658878'

2022-08-17 14:50:53 - [TEST_STEP][PASSED] - delay(3): Delayed 3 second(s)

2022-08-17 14:50:56 - [MESSAGE][PASSED] - Delayed 3 second(s)

2022-08-17 14:50:56 - [TEST_STEP][PASSED] - closeWindowTitle("Mailinator"): Window with title: 'Mailinator' is closed

2022-08-17 14:50:57 - [MESSAGE][PASSED] - Window with title: 'Mailinator' is closed

2022-08-17 14:50:57 - [TEST_STEP][PASSED] - delay(3): Delayed 3 second(s)

2022-08-17 14:51:00 - [MESSAGE][PASSED] - Delayed 3 second(s)

2022-08-17 14:51:00 - [TEST_STEP][PASSED] - switchToWindowIndex(0): Switched to window with index: '0'

2022-08-17 14:51:00 - [MESSAGE][PASSED] - Switched to window with index: '0'

2022-08-17 14:51:00 - [TEST_STEP][PASSED] - delay(3): Delayed 3 second(s)

2022-08-17 14:51:03 - [MESSAGE][PASSED] - Delayed 3 second(s)

2022-08-17 14:51:03 - [TEST_STEP][PASSED] - setText(findTestObject("Object Repository/06-Teams/For 2FA/input_Enter verification code_code"), code): Text '658878' is set on object 'Object Repository/06-Teams/For 2FA/input_Enter verification code_code'

2022-08-17 14:51:04 - [MESSAGE][PASSED] - Text '658878' is set on object 'Object Repository/06-Teams/For 2FA/input_Enter verification code_code'

2022-08-17 14:51:04 - [TEST_STEP][PASSED] - delay(3): Delayed 3 second(s)

2022-08-17 14:51:07 - [MESSAGE][PASSED] - Delayed 3 second(s)

2022-08-17 14:51:07 - [TEST_STEP][PASSED] - click(findTestObject("06-Teams/For 2FA/button_Verify_2FA")): Object: 'Object Repository/06-Teams/For 2FA/button_Verify_2FA' is clicked on

2022-08-17 14:51:07 - [MESSAGE][PASSED] - Object: 'Object Repository/06-Teams/For 2FA/button_Verify_2FA' is clicked on

2022-08-17 14:51:07 - [TEST_STEP][PASSED] - delay(5): Delayed 5 second(s)

2022-08-17 14:51:12 - [MESSAGE][PASSED] - Delayed 5 second(s)

2022-08-17 14:51:12 - [TEST_STEP][PASSED] - click(findTestObject("03-Header Menu/Hamburger Button/div_Directory")): Object: 'Object Repository/03-Header Menu/Hamburger Button/div_Directory' is clicked on

2022-08-17 14:51:13 - [MESSAGE][PASSED] - Object: 'Object Repository/03-Header Menu/Hamburger Button/div_Directory' is clicked on

2022-08-17 14:51:13 - [TEST_STEP][PASSED] - delay(3): Delayed 3 second(s)

2022-08-17 14:51:16 - [MESSAGE][PASSED] - Delayed 3 second(s)

2022-08-17 14:51:16 - [TEST_STEP][PASSED] - verifyElementVisible(findTestObject("07-Directory/Connections/div_Connections")): Object 'Object Repository/07-Directory/Connections/div_Connections' is visible

2022-08-17 14:51:16 - [MESSAGE][PASSED] - Object 'Object Repository/07-Directory/Connections/div_Connections' is visible

2022-08-17 14:51:16 - [TEST_STEP][PASSED] - verifyElementVisible(findTestObject("07-Directory/Connections/div_Labels")): Object 'Object Repository/07-Directory/Connections/div_Labels' is visible

2022-08-17 14:51:16 - [MESSAGE][PASSED] - Object 'Object Repository/07-Directory/Connections/div_Labels' is visible

2022-08-17 14:51:16 - [TEST_STEP][PASSED] - delay(3): Delayed 3 second(s)

2022-08-17 14:51:20 - [MESSAGE][PASSED] - Delayed 3 second(s)

2022-08-17 14:51:20 - [TEST_STEP][PASSED] - click(findTestObject("07-Directory/Connections/div_Connections")): Object: 'Object Repository/07-Directory/Connections/div_Connections' is clicked on

2022-08-17 14:51:20 - [MESSAGE][PASSED] - Object: 'Object Repository/07-Directory/Connections/div_Connections' is clicked on

2022-08-17 14:51:20 - [TEST_STEP][PASSED] - delay(3): Delayed 3 second(s)

2022-08-17 14:51:23 - [MESSAGE][PASSED] - Delayed 3 second(s)

2022-08-17 14:51:23 - [TEST_STEP][PASSED] - verifyElementVisible(findTestObject("07-Directory/Connections/h4_CONNECTIONS")): Object 'Object Repository/07-Directory/Connections/h4_CONNECTIONS' is visible

2022-08-17 14:51:23 - [MESSAGE][PASSED] - Object 'Object Repository/07-Directory/Connections/h4_CONNECTIONS' is visible

2022-08-17 14:51:23 - [TEST_STEP][PASSED] - verifyElementVisible(findTestObject("07-Directory/Connections/h5_Save your contacts here and throw your business cards away")): Object 'Object Repository/07-Directory/Connections/h5_Save your contacts here and throw your business cards away' is visible

2022-08-17 14:51:24 - [MESSAGE][PASSED] - Object 'Object Repository/07-Directory/Connections/h5_Save your contacts here and throw your business cards away' is visible

2022-08-17 14:51:24 - [TEST_STEP][PASSED] - verifyElementVisible(findTestObject("07-Directory/Connections/button_search")): Object 'Object Repository/07-Directory/Connections/button_search' is visible

2022-08-17 14:51:24 - [MESSAGE][PASSED] - Object 'Object Repository/07-Directory/Connections/button_search' is visible

2022-08-17 14:51:24 - [TEST_STEP][PASSED] - verifyElementVisible(findTestObject("07-Directory/Connections/button_add new contact")): Object 'Object Repository/07-Directory/Connections/button_add new contact' is visible

2022-08-17 14:51:24 - [MESSAGE][PASSED] - Object 'Object Repository/07-Directory/Connections/button_add new contact' is visible

2022-08-17 14:51:24 - [TEST_STEP][PASSED] - verifyElementVisible(findTestObject("07-Directory/Connections/button_Filter")): Object 'Object Repository/07-Directory/Connections/button_Filter' is visible

2022-08-17 14:51:25 - [MESSAGE][PASSED] - Object 'Object Repository/07-Directory/Connections/button_Filter' is visible

2022-08-17 14:51:25 - [TEST_STEP][PASSED] - delay(3): Delayed 3 second(s)

2022-08-17 14:51:28 - [MESSAGE][PASSED] - Delayed 3 second(s)

2022-08-17 14:51:28 - [TEST_STEP][PASSED] - click(findTestObject("07-Directory/Connections/button_add new contact")): Object: 'Object Repository/07-Directory/Connections/button_add new contact' is clicked on

2022-08-17 14:51:29 - [MESSAGE][PASSED] - Object: 'Object Repository/07-Directory/Connections/button_add new contact' is clicked on

2022-08-17 14:51:29 - [TEST_STEP][PASSED] - delay(3): Delayed 3 second(s)

2022-08-17 14:51:32 - [MESSAGE][PASSED] - Delayed 3 second(s)

2022-08-17 14:51:32 - [TEST_STEP][PASSED] - click(findTestObject("07-Directory/Connections/input_Type_email")): Object: 'Object Repository/07-Directory/Connections/input_Type_email' is clicked on

2022-08-17 14:51:32 - [MESSAGE][PASSED] - Object: 'Object Repository/07-Directory/Connections/input_Type_email' is clicked on

2022-08-17 14:51:32 - [TEST_STEP][PASSED] - verifyElementVisible(findTestObject("07-Directory/Connections/Add new contact modal")): Object 'Object Repository/07-Directory/Connections/Add new contact modal' is visible

2022-08-17 14:51:32 - [MESSAGE][PASSED] - Object 'Object Repository/07-Directory/Connections/Add new contact modal' is visible

2022-08-17 14:51:32 - [TEST_STEP][PASSED] - delay(3): Delayed 3 second(s)

2022-08-17 14:51:35 - [MESSAGE][PASSED] - Delayed 3 second(s)

2022-08-17 14:51:35 - [TEST_STEP][PASSED] - click(findTestObject("07-Directory/Connections/input_firstName")): Object: 'Object Repository/07-Directory/Connections/input_firstName' is clicked on

2022-08-17 14:51:36 - [MESSAGE][PASSED] - Object: 'Object Repository/07-Directory/Connections/input_firstName' is clicked on

2022-08-17 14:51:36 - [TEST_STEP][PASSED] - click(findTestObject("07-Directory/Connections/input_lastName")): Object: 'Object Repository/07-Directory/Connections/input_lastName' is clicked on

2022-08-17 14:51:36 - [MESSAGE][PASSED] - Object: 'Object Repository/07-Directory/Connections/input_lastName' is clicked on

2022-08-17 14:51:36 - [TEST_STEP][PASSED] - click(findTestObject("07-Directory/Connections/input_Type_email")): Object: 'Object Repository/07-Directory/Connections/input_Type_email' is clicked on

2022-08-17 14:51:37 - [MESSAGE][PASSED] - Object: 'Object Repository/07-Directory/Connections/input_Type_email' is clicked on

2022-08-17 14:51:37 - [TEST_STEP][PASSED] - delay(3): Delayed 3 second(s)

2022-08-17 14:51:40 - [MESSAGE][PASSED] - Delayed 3 second(s)

2022-08-17 14:51:40 - [TEST_STEP][PASSED] - verifyElementVisible(findTestObject("07-Directory/Connections/div_First Name Field is required")): Object 'Object Repository/07-Directory/Connections/div_First Name Field is required' is visible

2022-08-17 14:51:41 - [MESSAGE][PASSED] - Object 'Object Repository/07-Directory/Connections/div_First Name Field is required' is visible

2022-08-17 14:51:41 - [TEST_STEP][PASSED] - verifyElementVisible(findTestObject("07-Directory/Connections/div_Last Name Field is required")): Object 'Object Repository/07-Directory/Connections/div_Last Name Field is required' is visible

2022-08-17 14:51:41 - [MESSAGE][PASSED] - Object 'Object Repository/07-Directory/Connections/div_Last Name Field is required' is visible

2022-08-17 14:51:41 - [TEST_STEP][PASSED] - verifyElementNotClickable(findTestObject("07-Directory/Connections/button_Create")): Object 'Object Repository/07-Directory/Connections/button_Create' is NOT clickable

2022-08-17 14:51:41 - [MESSAGE][PASSED] - Object 'Object Repository/07-Directory/Connections/button_Create' is NOT clickable

2022-08-17 14:51:41 - [TEST_STEP][PASSED] - delay(3): Delayed 3 second(s)

2022-08-17 14:51:44 - [MESSAGE][PASSED] - Delayed 3 second(s)]]></system-out>
         <system-err><![CDATA[]]></system-err>
      </testcase>
      <testcase name="Test Cases/07-Directory/02 -Connections - Add New Contact (Fill out required field)" time="7.639" classname="Test Cases/07-Directory/02 -Connections - Add New Contact (Fill out required field)" status="PASSED">
         <system-out><![CDATA[2022-08-17 14:51:44 - [TEST_CASE][PASSED] - Test Cases/07-Directory/02 -Connections - Add New Contact (Fill out required field): Test Cases/07-Directory/02 -Connections - Add New Contact (Fill out required field)

2022-08-17 14:51:45 - [TEST_STEP][PASSED] - setText(findTestObject("07-Directory/Connections/input_firstName"), "GG"): Text 'GG' is set on object 'Object Repository/07-Directory/Connections/input_firstName'

2022-08-17 14:51:45 - [MESSAGE][PASSED] - Text 'GG' is set on object 'Object Repository/07-Directory/Connections/input_firstName'

2022-08-17 14:51:45 - [TEST_STEP][PASSED] - setText(findTestObject("07-Directory/Connections/input_lastName"), "Auto"): Text 'Auto' is set on object 'Object Repository/07-Directory/Connections/input_lastName'

2022-08-17 14:51:46 - [MESSAGE][PASSED] - Text 'Auto' is set on object 'Object Repository/07-Directory/Connections/input_lastName'

2022-08-17 14:51:46 - [TEST_STEP][PASSED] - setText(findTestObject("07-Directory/Connections/input_Type_email"), "autotester02@mailinator.com"): Text 'autotester02@mailinator.com' is set on object 'Object Repository/07-Directory/Connections/input_Type_email'

2022-08-17 14:51:48 - [MESSAGE][PASSED] - Text 'autotester02@mailinator.com' is set on object 'Object Repository/07-Directory/Connections/input_Type_email'

2022-08-17 14:51:48 - [TEST_STEP][PASSED] - click(findTestObject("07-Directory/Connections/input_Type_phone")): Object: 'Object Repository/07-Directory/Connections/input_Type_phone' is clicked on

2022-08-17 14:51:48 - [MESSAGE][PASSED] - Object: 'Object Repository/07-Directory/Connections/input_Type_phone' is clicked on

2022-08-17 14:51:48 - [TEST_STEP][PASSED] - click(findTestObject("07-Directory/Connections/button_area code")): Object: 'Object Repository/07-Directory/Connections/button_area code' is clicked on

2022-08-17 14:51:49 - [MESSAGE][PASSED] - Object: 'Object Repository/07-Directory/Connections/button_area code' is clicked on

2022-08-17 14:51:49 - [TEST_STEP][PASSED] - delay(3): Delayed 3 second(s)

2022-08-17 14:51:52 - [MESSAGE][PASSED] - Delayed 3 second(s)]]></system-out>
         <system-err><![CDATA[]]></system-err>
      </testcase>
      <testcase name="Test Cases/07-Directory/03 -Connections - Add New Contact (add phone number)" time="8.436" classname="Test Cases/07-Directory/03 -Connections - Add New Contact (add phone number)" status="PASSED">
         <system-out><![CDATA[2022-08-17 14:51:52 - [TEST_CASE][PASSED] - Test Cases/07-Directory/03 -Connections - Add New Contact (add phone number): Test Cases/07-Directory/03 -Connections - Add New Contact (add phone number)

2022-08-17 14:51:52 - [TEST_STEP][PASSED] - verifyElementVisible(findTestObject("07-Directory/Connections/area code modal")): Object 'Object Repository/07-Directory/Connections/area code modal' is visible

2022-08-17 14:51:53 - [MESSAGE][PASSED] - Object 'Object Repository/07-Directory/Connections/area code modal' is visible

2022-08-17 14:51:53 - [TEST_STEP][PASSED] - click(findTestObject("07-Directory/Connections/button_Australia")): Object: 'Object Repository/07-Directory/Connections/button_Australia' is clicked on

2022-08-17 14:51:53 - [MESSAGE][PASSED] - Object: 'Object Repository/07-Directory/Connections/button_Australia' is clicked on

2022-08-17 14:51:53 - [TEST_STEP][PASSED] - delay(3): Delayed 3 second(s)

2022-08-17 14:51:56 - [MESSAGE][PASSED] - Delayed 3 second(s)

2022-08-17 14:51:56 - [TEST_STEP][PASSED] - setText(findTestObject("07-Directory/Connections/input_Type_phone"), "488827341"): Text '488827341' is set on object 'Object Repository/07-Directory/Connections/input_Type_phone'

2022-08-17 14:51:58 - [MESSAGE][PASSED] - Text '488827341' is set on object 'Object Repository/07-Directory/Connections/input_Type_phone'

2022-08-17 14:51:58 - [TEST_STEP][PASSED] - delay(3): Delayed 3 second(s)

2022-08-17 14:52:01 - [MESSAGE][PASSED] - Delayed 3 second(s)]]></system-out>
         <system-err><![CDATA[]]></system-err>
      </testcase>
      <testcase name="Test Cases/07-Directory/04 -Connections - Add New Contact (address required fields blank)" time="24.523" classname="Test Cases/07-Directory/04 -Connections - Add New Contact (address required fields blank)" status="PASSED">
         <system-out><![CDATA[2022-08-17 14:52:01 - [TEST_CASE][PASSED] - Test Cases/07-Directory/04 -Connections - Add New Contact (address required fields blank): Test Cases/07-Directory/04 -Connections - Add New Contact (address required fields blank)

2022-08-17 14:52:01 - [TEST_STEP][PASSED] - click(findTestObject("07-Directory/Connections/button_add_address")): Object: 'Object Repository/07-Directory/Connections/button_add_address' is clicked on

2022-08-17 14:52:01 - [MESSAGE][PASSED] - Object: 'Object Repository/07-Directory/Connections/button_add_address' is clicked on

2022-08-17 14:52:01 - [TEST_STEP][PASSED] - click(findTestObject("07-Directory/Connections/button_add_address")): Object: 'Object Repository/07-Directory/Connections/button_add_address' is clicked on

2022-08-17 14:52:02 - [MESSAGE][PASSED] - Object: 'Object Repository/07-Directory/Connections/button_add_address' is clicked on

2022-08-17 14:52:02 - [TEST_STEP][PASSED] - verifyElementVisible(findTestObject("07-Directory/Connections/Edit address modal")): Object 'Object Repository/07-Directory/Connections/Edit address modal' is visible

2022-08-17 14:52:02 - [MESSAGE][PASSED] - Object 'Object Repository/07-Directory/Connections/Edit address modal' is visible

2022-08-17 14:52:02 - [TEST_STEP][PASSED] - delay(3): Delayed 3 second(s)

2022-08-17 14:52:06 - [MESSAGE][PASSED] - Delayed 3 second(s)

2022-08-17 14:52:06 - [TEST_STEP][PASSED] - click(findTestObject("07-Directory/Connections/input_Edit Address_street1")): Object: 'Object Repository/07-Directory/Connections/input_Edit Address_street1' is clicked on

2022-08-17 14:52:06 - [MESSAGE][PASSED] - Object: 'Object Repository/07-Directory/Connections/input_Edit Address_street1' is clicked on

2022-08-17 14:52:06 - [TEST_STEP][PASSED] - click(findTestObject("07-Directory/Connections/input_Street 1_street2")): Object: 'Object Repository/07-Directory/Connections/input_Street 1_street2' is clicked on

2022-08-17 14:52:06 - [MESSAGE][PASSED] - Object: 'Object Repository/07-Directory/Connections/input_Street 1_street2' is clicked on

2022-08-17 14:52:06 - [TEST_STEP][PASSED] - click(findTestObject("07-Directory/Connections/input_Street 2_postcode")): Object: 'Object Repository/07-Directory/Connections/input_Street 2_postcode' is clicked on

2022-08-17 14:52:07 - [MESSAGE][PASSED] - Object: 'Object Repository/07-Directory/Connections/input_Street 2_postcode' is clicked on

2022-08-17 14:52:07 - [TEST_STEP][PASSED] - click(findTestObject("07-Directory/Connections/input_Zip  Postal Code_city")): Object: 'Object Repository/07-Directory/Connections/input_Zip  Postal Code_city' is clicked on

2022-08-17 14:52:08 - [MESSAGE][PASSED] - Object: 'Object Repository/07-Directory/Connections/input_Zip  Postal Code_city' is clicked on

2022-08-17 14:52:08 - [TEST_STEP][PASSED] - click(findTestObject("07-Directory/Connections/input_City_state")): Object: 'Object Repository/07-Directory/Connections/input_City_state' is clicked on

2022-08-17 14:52:09 - [MESSAGE][PASSED] - Object: 'Object Repository/07-Directory/Connections/input_City_state' is clicked on

2022-08-17 14:52:09 - [TEST_STEP][PASSED] - click(findTestObject("07-Directory/Connections/input_State_country")): Object: 'Object Repository/07-Directory/Connections/input_State_country' is clicked on

2022-08-17 14:52:09 - [MESSAGE][PASSED] - Object: 'Object Repository/07-Directory/Connections/input_State_country' is clicked on

2022-08-17 14:52:09 - [TEST_STEP][PASSED] - click(findTestObject("07-Directory/Connections/input_Country_addressLabel")): Object: 'Object Repository/07-Directory/Connections/input_Country_addressLabel' is clicked on

2022-08-17 14:52:10 - [MESSAGE][PASSED] - Object: 'Object Repository/07-Directory/Connections/input_Country_addressLabel' is clicked on

2022-08-17 14:52:10 - [TEST_STEP][PASSED] - delay(3): Delayed 3 second(s)

2022-08-17 14:52:13 - [MESSAGE][PASSED] - Delayed 3 second(s)

2022-08-17 14:52:13 - [TEST_STEP][PASSED] - verifyElementVisible(findTestObject("07-Directory/Connections/span_Work")): Object 'Object Repository/07-Directory/Connections/span_Work' is visible

2022-08-17 14:52:13 - [MESSAGE][PASSED] - Object 'Object Repository/07-Directory/Connections/span_Work' is visible

2022-08-17 14:52:13 - [TEST_STEP][PASSED] - verifyElementVisible(findTestObject("07-Directory/Connections/span_Personal")): Object 'Object Repository/07-Directory/Connections/span_Personal' is visible

2022-08-17 14:52:13 - [MESSAGE][PASSED] - Object 'Object Repository/07-Directory/Connections/span_Personal' is visible

2022-08-17 14:52:13 - [TEST_STEP][PASSED] - verifyElementVisible(findTestObject("07-Directory/Connections/span_Other")): Object 'Object Repository/07-Directory/Connections/span_Other' is visible

2022-08-17 14:52:14 - [MESSAGE][PASSED] - Object 'Object Repository/07-Directory/Connections/span_Other' is visible

2022-08-17 14:52:14 - [TEST_STEP][PASSED] - delay(3): Delayed 3 second(s)

2022-08-17 14:52:17 - [MESSAGE][PASSED] - Delayed 3 second(s)

2022-08-17 14:52:17 - [TEST_STEP][PASSED] - click(findTestObject("07-Directory/Connections/h4_Edit Address")): Object: 'Object Repository/07-Directory/Connections/h4_Edit Address' is clicked on

2022-08-17 14:52:17 - [MESSAGE][PASSED] - Object: 'Object Repository/07-Directory/Connections/h4_Edit Address' is clicked on

2022-08-17 14:52:17 - [TEST_STEP][PASSED] - delay(3): Delayed 3 second(s)

2022-08-17 14:52:20 - [MESSAGE][PASSED] - Delayed 3 second(s)

2022-08-17 14:52:20 - [TEST_STEP][PASSED] - verifyElementVisible(findTestObject("07-Directory/Connections/street 1 error")): Object 'Object Repository/07-Directory/Connections/street 1 error' is visible

2022-08-17 14:52:21 - [MESSAGE][PASSED] - Object 'Object Repository/07-Directory/Connections/street 1 error' is visible

2022-08-17 14:52:21 - [TEST_STEP][PASSED] - verifyElementVisible(findTestObject("07-Directory/Connections/post code error")): Object 'Object Repository/07-Directory/Connections/post code error' is visible

2022-08-17 14:52:21 - [MESSAGE][PASSED] - Object 'Object Repository/07-Directory/Connections/post code error' is visible

2022-08-17 14:52:21 - [TEST_STEP][PASSED] - verifyElementVisible(findTestObject("07-Directory/Connections/city error")): Object 'Object Repository/07-Directory/Connections/city error' is visible

2022-08-17 14:52:21 - [MESSAGE][PASSED] - Object 'Object Repository/07-Directory/Connections/city error' is visible

2022-08-17 14:52:21 - [TEST_STEP][PASSED] - verifyElementVisible(findTestObject("07-Directory/Connections/state error")): Object 'Object Repository/07-Directory/Connections/state error' is visible

2022-08-17 14:52:22 - [MESSAGE][PASSED] - Object 'Object Repository/07-Directory/Connections/state error' is visible

2022-08-17 14:52:22 - [TEST_STEP][PASSED] - verifyElementVisible(findTestObject("07-Directory/Connections/country error")): Object 'Object Repository/07-Directory/Connections/country error' is visible

2022-08-17 14:52:22 - [MESSAGE][PASSED] - Object 'Object Repository/07-Directory/Connections/country error' is visible

2022-08-17 14:52:22 - [TEST_STEP][PASSED] - delay(3): Delayed 3 second(s)

2022-08-17 14:52:25 - [MESSAGE][PASSED] - Delayed 3 second(s)]]></system-out>
         <system-err><![CDATA[]]></system-err>
      </testcase>
      <testcase name="Test Cases/07-Directory/05 -Connections - Add New Contact (add address successfully and add new contact successfully)" time="18.057" classname="Test Cases/07-Directory/05 -Connections - Add New Contact (add address successfully and add new contact successfully)" status="PASSED">
         <system-out><![CDATA[2022-08-17 14:52:25 - [TEST_CASE][PASSED] - Test Cases/07-Directory/05 -Connections - Add New Contact (add address successfully and add new contact successfully): Test Cases/07-Directory/05 -Connections - Add New Contact (add address successfully and add new contact successfully)

2022-08-17 14:52:25 - [TEST_STEP][PASSED] - setText(findTestObject("07-Directory/Connections/input_Edit Address_street1"), "Auto street 1"): Text 'Auto street 1' is set on object 'Object Repository/07-Directory/Connections/input_Edit Address_street1'

2022-08-17 14:52:26 - [MESSAGE][PASSED] - Text 'Auto street 1' is set on object 'Object Repository/07-Directory/Connections/input_Edit Address_street1'

2022-08-17 14:52:26 - [TEST_STEP][PASSED] - setText(findTestObject("07-Directory/Connections/input_Street 1_street2"), "Auto street 2"): Text 'Auto street 2' is set on object 'Object Repository/07-Directory/Connections/input_Street 1_street2'

2022-08-17 14:52:28 - [MESSAGE][PASSED] - Text 'Auto street 2' is set on object 'Object Repository/07-Directory/Connections/input_Street 1_street2'

2022-08-17 14:52:28 - [TEST_STEP][PASSED] - setText(findTestObject("07-Directory/Connections/input_Street 2_postcode"), "54321"): Text '54321' is set on object 'Object Repository/07-Directory/Connections/input_Street 2_postcode'

2022-08-17 14:52:29 - [MESSAGE][PASSED] - Text '54321' is set on object 'Object Repository/07-Directory/Connections/input_Street 2_postcode'

2022-08-17 14:52:29 - [TEST_STEP][PASSED] - setText(findTestObject("07-Directory/Connections/input_Zip  Postal Code_city"), "Auto city"): Text 'Auto city' is set on object 'Object Repository/07-Directory/Connections/input_Zip  Postal Code_city'

2022-08-17 14:52:29 - [MESSAGE][PASSED] - Text 'Auto city' is set on object 'Object Repository/07-Directory/Connections/input_Zip  Postal Code_city'

2022-08-17 14:52:29 - [TEST_STEP][PASSED] - setText(findTestObject("07-Directory/Connections/input_City_state"), "Auto state"): Text 'Auto state' is set on object 'Object Repository/07-Directory/Connections/input_City_state'

2022-08-17 14:52:30 - [MESSAGE][PASSED] - Text 'Auto state' is set on object 'Object Repository/07-Directory/Connections/input_City_state'

2022-08-17 14:52:30 - [TEST_STEP][PASSED] - setText(findTestObject("07-Directory/Connections/input_State_country"), "Auto country"): Text 'Auto country' is set on object 'Object Repository/07-Directory/Connections/input_State_country'

2022-08-17 14:52:31 - [MESSAGE][PASSED] - Text 'Auto country' is set on object 'Object Repository/07-Directory/Connections/input_State_country'

2022-08-17 14:52:31 - [TEST_STEP][PASSED] - click(findTestObject("07-Directory/Connections/input_Country_addressLabel"), STOP_ON_FAILURE): Object: 'Object Repository/07-Directory/Connections/input_Country_addressLabel' is clicked on

2022-08-17 14:52:32 - [MESSAGE][PASSED] - Object: 'Object Repository/07-Directory/Connections/input_Country_addressLabel' is clicked on

2022-08-17 14:52:32 - [TEST_STEP][PASSED] - delay(3): Delayed 3 second(s)

2022-08-17 14:52:35 - [MESSAGE][PASSED] - Delayed 3 second(s)

2022-08-17 14:52:35 - [TEST_STEP][PASSED] - click(findTestObject("07-Directory/Connections/span_Work")): Object: 'Object Repository/07-Directory/Connections/span_Work' is clicked on

2022-08-17 14:52:36 - [MESSAGE][PASSED] - Object: 'Object Repository/07-Directory/Connections/span_Work' is clicked on

2022-08-17 14:52:36 - [TEST_STEP][PASSED] - click(findTestObject("07-Directory/Connections/address_Save")): Object: 'Object Repository/07-Directory/Connections/address_Save' is clicked on

2022-08-17 14:52:36 - [MESSAGE][PASSED] - Object: 'Object Repository/07-Directory/Connections/address_Save' is clicked on

2022-08-17 14:52:36 - [TEST_STEP][PASSED] - delay(3): Delayed 3 second(s)

2022-08-17 14:52:39 - [MESSAGE][PASSED] - Delayed 3 second(s)

2022-08-17 14:52:39 - [TEST_STEP][PASSED] - verifyElementVisible(findTestObject("07-Directory/Connections/added address")): Object 'Object Repository/07-Directory/Connections/added address' is visible

2022-08-17 14:52:39 - [MESSAGE][PASSED] - Object 'Object Repository/07-Directory/Connections/added address' is visible

2022-08-17 14:52:39 - [TEST_STEP][PASSED] - click(findTestObject("07-Directory/Connections/button_Create")): Object: 'Object Repository/07-Directory/Connections/button_Create' is clicked on

2022-08-17 14:52:40 - [MESSAGE][PASSED] - Object: 'Object Repository/07-Directory/Connections/button_Create' is clicked on

2022-08-17 14:52:40 - [TEST_STEP][PASSED] - delay(3): Delayed 3 second(s)

2022-08-17 14:52:43 - [MESSAGE][PASSED] - Delayed 3 second(s)

2022-08-17 14:52:43 - [TEST_STEP][PASSED] - verifyElementVisible(findTestObject("07-Directory/Connections/div_added user")): Object 'Object Repository/07-Directory/Connections/div_added user' is visible

2022-08-17 14:52:43 - [MESSAGE][PASSED] - Object 'Object Repository/07-Directory/Connections/div_added user' is visible]]></system-out>
         <system-err><![CDATA[]]></system-err>
      </testcase>
      <testcase name="Test Cases/07-Directory/06- Connections - Invite contact as new user" time="27.717" classname="Test Cases/07-Directory/06- Connections - Invite contact as new user" status="PASSED">
         <system-out><![CDATA[2022-08-17 14:52:43 - [TEST_CASE][PASSED] - Test Cases/07-Directory/06- Connections - Invite contact as new user: Test Cases/07-Directory/06- Connections - Invite contact as new user

2022-08-17 14:52:43 - [TEST_STEP][PASSED] - delay(3): Delayed 3 second(s)

2022-08-17 14:52:46 - [MESSAGE][PASSED] - Delayed 3 second(s)

2022-08-17 14:52:46 - [TEST_STEP][PASSED] - click(findTestObject("07-Directory/Connections/div_added user")): Object: 'Object Repository/07-Directory/Connections/div_added user' is clicked on

2022-08-17 14:52:47 - [MESSAGE][PASSED] - Object: 'Object Repository/07-Directory/Connections/div_added user' is clicked on

2022-08-17 14:52:47 - [TEST_STEP][PASSED] - click(findTestObject("07-Directory/Connections/zContact Profile/button_invite")): Object: 'Object Repository/07-Directory/Connections/zContact Profile/button_invite' is clicked on

2022-08-17 14:52:49 - [MESSAGE][PASSED] - Object: 'Object Repository/07-Directory/Connections/zContact Profile/button_invite' is clicked on

2022-08-17 14:52:49 - [TEST_STEP][PASSED] - delay(3): Delayed 3 second(s)

2022-08-17 14:52:52 - [MESSAGE][PASSED] - Delayed 3 second(s)

2022-08-17 14:52:52 - [TEST_STEP][PASSED] - verifyElementVisible(findTestObject("07-Directory/Connections/zContact Profile/Invite new user modal")): Object 'Object Repository/07-Directory/Connections/zContact Profile/Invite new user modal' is visible

2022-08-17 14:52:53 - [MESSAGE][PASSED] - Object 'Object Repository/07-Directory/Connections/zContact Profile/Invite new user modal' is visible

2022-08-17 14:52:53 - [TEST_STEP][PASSED] - verifyElementNotClickable(findTestObject("07-Directory/Connections/zContact Profile/button_Send Invitation")): Object 'Object Repository/07-Directory/Connections/zContact Profile/button_Send Invitation' is NOT clickable

2022-08-17 14:52:53 - [MESSAGE][PASSED] - Object 'Object Repository/07-Directory/Connections/zContact Profile/button_Send Invitation' is NOT clickable

2022-08-17 14:52:53 - [TEST_STEP][PASSED] - delay(3): Delayed 3 second(s)

2022-08-17 14:52:56 - [MESSAGE][PASSED] - Delayed 3 second(s)

2022-08-17 14:52:56 - [TEST_STEP][PASSED] - click(findTestObject("07-Directory/Connections/zContact Profile/Role")): Object: 'Object Repository/07-Directory/Connections/zContact Profile/Role' is clicked on

2022-08-17 14:52:56 - [MESSAGE][PASSED] - Object: 'Object Repository/07-Directory/Connections/zContact Profile/Role' is clicked on

2022-08-17 14:52:56 - [TEST_STEP][PASSED] - clickOffset(findTestObject("07-Directory/Connections/zContact Profile/h4_Invite New User"), 100, 100): Object: 'Object Repository/07-Directory/Connections/zContact Profile/h4_Invite New User' is clicked on using offset x=100 and y=100

2022-08-17 14:52:58 - [MESSAGE][PASSED] - Object: 'Object Repository/07-Directory/Connections/zContact Profile/h4_Invite New User' is clicked on using offset x=100 and y=100

2022-08-17 14:52:58 - [TEST_STEP][PASSED] - verifyElementVisible(findTestObject("07-Directory/Connections/zContact Profile/Select a role error")): Object 'Object Repository/07-Directory/Connections/zContact Profile/Select a role error' is visible

2022-08-17 14:52:59 - [MESSAGE][PASSED] - Object 'Object Repository/07-Directory/Connections/zContact Profile/Select a role error' is visible

2022-08-17 14:52:59 - [TEST_STEP][PASSED] - delay(3): Delayed 3 second(s)

2022-08-17 14:53:02 - [MESSAGE][PASSED] - Delayed 3 second(s)

2022-08-17 14:53:02 - [TEST_STEP][PASSED] - click(findTestObject("07-Directory/Connections/zContact Profile/Role")): Object: 'Object Repository/07-Directory/Connections/zContact Profile/Role' is clicked on

2022-08-17 14:53:02 - [MESSAGE][PASSED] - Object: 'Object Repository/07-Directory/Connections/zContact Profile/Role' is clicked on

2022-08-17 14:53:02 - [TEST_STEP][PASSED] - verifyElementVisible(findTestObject("07-Directory/Connections/zContact Profile/span_Client")): Object 'Object Repository/07-Directory/Connections/zContact Profile/span_Client' is visible

2022-08-17 14:53:03 - [MESSAGE][PASSED] - Object 'Object Repository/07-Directory/Connections/zContact Profile/span_Client' is visible

2022-08-17 14:53:03 - [TEST_STEP][PASSED] - verifyElementVisible(findTestObject("07-Directory/Connections/zContact Profile/span_CoWorker")): Object 'Object Repository/07-Directory/Connections/zContact Profile/span_CoWorker' is visible

2022-08-17 14:53:03 - [MESSAGE][PASSED] - Object 'Object Repository/07-Directory/Connections/zContact Profile/span_CoWorker' is visible

2022-08-17 14:53:03 - [TEST_STEP][PASSED] - verifyElementVisible(findTestObject("07-Directory/Connections/zContact Profile/span_Partner")): Object 'Object Repository/07-Directory/Connections/zContact Profile/span_Partner' is visible

2022-08-17 14:53:03 - [MESSAGE][PASSED] - Object 'Object Repository/07-Directory/Connections/zContact Profile/span_Partner' is visible

2022-08-17 14:53:03 - [TEST_STEP][PASSED] - click(findTestObject("07-Directory/Connections/zContact Profile/span_CoWorker")): Object: 'Object Repository/07-Directory/Connections/zContact Profile/span_CoWorker' is clicked on

2022-08-17 14:53:04 - [MESSAGE][PASSED] - Object: 'Object Repository/07-Directory/Connections/zContact Profile/span_CoWorker' is clicked on

2022-08-17 14:53:04 - [TEST_STEP][PASSED] - delay(3): Delayed 3 second(s)

2022-08-17 14:53:07 - [MESSAGE][PASSED] - Delayed 3 second(s)

2022-08-17 14:53:07 - [TEST_STEP][PASSED] - click(findTestObject("07-Directory/Connections/zContact Profile/button_Send Invitation")): Object: 'Object Repository/07-Directory/Connections/zContact Profile/button_Send Invitation' is clicked on

2022-08-17 14:53:07 - [MESSAGE][PASSED] - Object: 'Object Repository/07-Directory/Connections/zContact Profile/button_Send Invitation' is clicked on

2022-08-17 14:53:07 - [TEST_STEP][PASSED] - verifyElementVisible(findTestObject("07-Directory/Connections/zContact Profile/Successfully invited user")): Object 'Object Repository/07-Directory/Connections/zContact Profile/Successfully invited user' is visible

2022-08-17 14:53:11 - [MESSAGE][PASSED] - Object 'Object Repository/07-Directory/Connections/zContact Profile/Successfully invited user' is visible]]></system-out>
         <system-err><![CDATA[]]></system-err>
      </testcase>
      <testcase name="Test Cases/07-Directory/07- Connections - Edit Profile" time="11.82" classname="Test Cases/07-Directory/07- Connections - Edit Profile" status="PASSED">
         <system-out><![CDATA[2022-08-17 14:53:11 - [TEST_CASE][PASSED] - Test Cases/07-Directory/07- Connections - Edit Profile: Test Cases/07-Directory/07- Connections - Edit Profile

2022-08-17 14:53:11 - [TEST_STEP][PASSED] - delay(3): Delayed 3 second(s)

2022-08-17 14:53:14 - [MESSAGE][PASSED] - Delayed 3 second(s)

2022-08-17 14:53:14 - [TEST_STEP][PASSED] - click(findTestObject("07-Directory/Connections/div_added user")): Object: 'Object Repository/07-Directory/Connections/div_added user' is clicked on

2022-08-17 14:53:14 - [MESSAGE][PASSED] - Object: 'Object Repository/07-Directory/Connections/div_added user' is clicked on

2022-08-17 14:53:14 - [TEST_STEP][PASSED] - click(findTestObject("07-Directory/Connections/zContact Profile/button_edit profile")): Object: 'Object Repository/07-Directory/Connections/zContact Profile/button_edit profile' is clicked on

2022-08-17 14:53:15 - [MESSAGE][PASSED] - Object: 'Object Repository/07-Directory/Connections/zContact Profile/button_edit profile' is clicked on

2022-08-17 14:53:15 - [TEST_STEP][PASSED] - verifyElementVisible(findTestObject("07-Directory/Connections/zContact Profile/connection profile modal")): Object 'Object Repository/07-Directory/Connections/zContact Profile/connection profile modal' is visible

2022-08-17 14:53:16 - [MESSAGE][PASSED] - Object 'Object Repository/07-Directory/Connections/zContact Profile/connection profile modal' is visible

2022-08-17 14:53:16 - [TEST_STEP][PASSED] - delay(2): Delayed 2 second(s)

2022-08-17 14:53:18 - [MESSAGE][PASSED] - Delayed 2 second(s)

2022-08-17 14:53:18 - [TEST_STEP][PASSED] - setText(findTestObject("07-Directory/Connections/zContact Profile/input_firstName"), "GGedit"): Text 'GGedit' is set on object 'Object Repository/07-Directory/Connections/zContact Profile/input_firstName'

2022-08-17 14:53:19 - [MESSAGE][PASSED] - Text 'GGedit' is set on object 'Object Repository/07-Directory/Connections/zContact Profile/input_firstName'

2022-08-17 14:53:19 - [TEST_STEP][PASSED] - setText(findTestObject("07-Directory/Connections/zContact Profile/input_lastName"), "Autoedit"): Text 'Autoedit' is set on object 'Object Repository/07-Directory/Connections/zContact Profile/input_lastName'

2022-08-17 14:53:20 - [MESSAGE][PASSED] - Text 'Autoedit' is set on object 'Object Repository/07-Directory/Connections/zContact Profile/input_lastName'

2022-08-17 14:53:20 - [TEST_STEP][PASSED] - setText(findTestObject("07-Directory/Connections/zContact Profile/notes"), "Automation Notes"): Text 'Automation Notes' is set on object 'Object Repository/07-Directory/Connections/zContact Profile/notes'

2022-08-17 14:53:21 - [MESSAGE][PASSED] - Text 'Automation Notes' is set on object 'Object Repository/07-Directory/Connections/zContact Profile/notes'

2022-08-17 14:53:21 - [TEST_STEP][PASSED] - click(findTestObject("07-Directory/Connections/zContact Profile/button_save changes")): Object: 'Object Repository/07-Directory/Connections/zContact Profile/button_save changes' is clicked on

2022-08-17 14:53:22 - [MESSAGE][PASSED] - Object: 'Object Repository/07-Directory/Connections/zContact Profile/button_save changes' is clicked on

2022-08-17 14:53:22 - [TEST_STEP][PASSED] - verifyElementVisible(findTestObject("07-Directory/Connections/zContact Profile/success msg")): Object 'Object Repository/07-Directory/Connections/zContact Profile/success msg' is visible

2022-08-17 14:53:23 - [MESSAGE][PASSED] - Object 'Object Repository/07-Directory/Connections/zContact Profile/success msg' is visible]]></system-out>
         <system-err><![CDATA[]]></system-err>
      </testcase>
      <testcase name="Test Cases/07-Directory/08- Connections- delete" time="8.466" classname="Test Cases/07-Directory/08- Connections- delete" status="PASSED">
         <system-out><![CDATA[2022-08-17 14:53:23 - [TEST_CASE][PASSED] - Test Cases/07-Directory/08- Connections- delete: Test Cases/07-Directory/08- Connections- delete

2022-08-17 14:53:23 - [TEST_STEP][PASSED] - delay(2): Delayed 2 second(s)

2022-08-17 14:53:25 - [MESSAGE][PASSED] - Delayed 2 second(s)

2022-08-17 14:53:25 - [TEST_STEP][PASSED] - click(findTestObject("07-Directory/Connections/zContact Profile/GG edited")): Object: 'Object Repository/07-Directory/Connections/zContact Profile/GG edited' is clicked on

2022-08-17 14:53:26 - [MESSAGE][PASSED] - Object: 'Object Repository/07-Directory/Connections/zContact Profile/GG edited' is clicked on

2022-08-17 14:53:26 - [TEST_STEP][PASSED] - click(findTestObject("07-Directory/Connections/zContact Profile/button_delete")): Object: 'Object Repository/07-Directory/Connections/zContact Profile/button_delete' is clicked on

2022-08-17 14:53:27 - [MESSAGE][PASSED] - Object: 'Object Repository/07-Directory/Connections/zContact Profile/button_delete' is clicked on

2022-08-17 14:53:27 - [TEST_STEP][PASSED] - verifyElementVisible(findTestObject("07-Directory/Connections/zContact Profile/delete modal")): Object 'Object Repository/07-Directory/Connections/zContact Profile/delete modal' is visible

2022-08-17 14:53:27 - [MESSAGE][PASSED] - Object 'Object Repository/07-Directory/Connections/zContact Profile/delete modal' is visible

2022-08-17 14:53:27 - [TEST_STEP][PASSED] - click(findTestObject("07-Directory/Connections/zContact Profile/button_Deletemsg")): Object: 'Object Repository/07-Directory/Connections/zContact Profile/button_Deletemsg' is clicked on

2022-08-17 14:53:28 - [MESSAGE][PASSED] - Object: 'Object Repository/07-Directory/Connections/zContact Profile/button_Deletemsg' is clicked on

2022-08-17 14:53:28 - [TEST_STEP][PASSED] - verifyElementVisible(findTestObject("07-Directory/Connections/zContact Profile/success delete msg")): Object 'Object Repository/07-Directory/Connections/zContact Profile/success delete msg' is visible

2022-08-17 14:53:29 - [MESSAGE][PASSED] - Object 'Object Repository/07-Directory/Connections/zContact Profile/success delete msg' is visible

2022-08-17 14:53:29 - [TEST_STEP][PASSED] - delay(2): Delayed 2 second(s)

2022-08-17 14:53:31 - [MESSAGE][PASSED] - Delayed 2 second(s)]]></system-out>
         <system-err><![CDATA[]]></system-err>
      </testcase>
      <testcase name="Test Cases/07-Directory/09 - Add new label" time="22.918" classname="Test Cases/07-Directory/09 - Add new label" status="PASSED">
         <system-out><![CDATA[2022-08-17 14:53:31 - [TEST_CASE][PASSED] - Test Cases/07-Directory/09 - Add new label: Test Cases/07-Directory/09 - Add new label

2022-08-17 14:53:31 - [TEST_STEP][PASSED] - delay(3): Delayed 3 second(s)

2022-08-17 14:53:34 - [MESSAGE][PASSED] - Delayed 3 second(s)

2022-08-17 14:53:34 - [TEST_STEP][PASSED] - click(findTestObject("07-Directory/Connections/div_Labels")): Object: 'Object Repository/07-Directory/Connections/div_Labels' is clicked on

2022-08-17 14:53:35 - [MESSAGE][PASSED] - Object: 'Object Repository/07-Directory/Connections/div_Labels' is clicked on

2022-08-17 14:53:35 - [TEST_STEP][PASSED] - delay(3): Delayed 3 second(s)

2022-08-17 14:53:38 - [MESSAGE][PASSED] - Delayed 3 second(s)

2022-08-17 14:53:38 - [TEST_STEP][PASSED] - verifyElementVisible(findTestObject("07-Directory/Labels/Labels page")): Object 'Object Repository/07-Directory/Labels/Labels page' is visible

2022-08-17 14:53:38 - [MESSAGE][PASSED] - Object 'Object Repository/07-Directory/Labels/Labels page' is visible

2022-08-17 14:53:38 - [TEST_STEP][PASSED] - verifyElementVisible(findTestObject("07-Directory/Labels/h4_LABELS")): Object 'Object Repository/07-Directory/Labels/h4_LABELS' is visible

2022-08-17 14:53:38 - [MESSAGE][PASSED] - Object 'Object Repository/07-Directory/Labels/h4_LABELS' is visible

2022-08-17 14:53:38 - [TEST_STEP][PASSED] - delay(3): Delayed 3 second(s)

2022-08-17 14:53:41 - [MESSAGE][PASSED] - Delayed 3 second(s)

2022-08-17 14:53:41 - [TEST_STEP][PASSED] - click(findTestObject("07-Directory/Labels/plus_add label")): Object: 'Object Repository/07-Directory/Labels/plus_add label' is clicked on

2022-08-17 14:53:42 - [MESSAGE][PASSED] - Object: 'Object Repository/07-Directory/Labels/plus_add label' is clicked on

2022-08-17 14:53:42 - [TEST_STEP][PASSED] - verifyElementVisible(findTestObject("07-Directory/Labels/add new label modal")): Object 'Object Repository/07-Directory/Labels/add new label modal' is visible

2022-08-17 14:53:42 - [MESSAGE][PASSED] - Object 'Object Repository/07-Directory/Labels/add new label modal' is visible

2022-08-17 14:53:42 - [TEST_STEP][PASSED] - delay(3): Delayed 3 second(s)

2022-08-17 14:53:45 - [MESSAGE][PASSED] - Delayed 3 second(s)

2022-08-17 14:53:45 - [TEST_STEP][PASSED] - click(findTestObject("07-Directory/Labels/h4_Add New Label")): Object: 'Object Repository/07-Directory/Labels/h4_Add New Label' is clicked on

2022-08-17 14:53:46 - [MESSAGE][PASSED] - Object: 'Object Repository/07-Directory/Labels/h4_Add New Label' is clicked on

2022-08-17 14:53:46 - [TEST_STEP][PASSED] - verifyElementVisible(findTestObject("07-Directory/Labels/div_Label Name Field is required")): Object 'Object Repository/07-Directory/Labels/div_Label Name Field is required' is visible

2022-08-17 14:53:46 - [MESSAGE][PASSED] - Object 'Object Repository/07-Directory/Labels/div_Label Name Field is required' is visible

2022-08-17 14:53:46 - [TEST_STEP][PASSED] - verifyElementNotClickable(findTestObject("07-Directory/Labels/button_Add Label")): Object 'Object Repository/07-Directory/Labels/button_Add Label' is NOT clickable

2022-08-17 14:53:47 - [MESSAGE][PASSED] - Object 'Object Repository/07-Directory/Labels/button_Add Label' is NOT clickable

2022-08-17 14:53:47 - [TEST_STEP][PASSED] - delay(3): Delayed 3 second(s)

2022-08-17 14:53:50 - [MESSAGE][PASSED] - Delayed 3 second(s)

2022-08-17 14:53:50 - [TEST_STEP][PASSED] - setText(findTestObject("07-Directory/Labels/input_Add New Label Name"), "Label QA"): Text 'Label QA' is set on object 'Object Repository/07-Directory/Labels/input_Add New Label Name'

2022-08-17 14:53:51 - [MESSAGE][PASSED] - Text 'Label QA' is set on object 'Object Repository/07-Directory/Labels/input_Add New Label Name'

2022-08-17 14:53:51 - [TEST_STEP][PASSED] - click(findTestObject("07-Directory/Labels/button_Add Label")): Object: 'Object Repository/07-Directory/Labels/button_Add Label' is clicked on

2022-08-17 14:53:51 - [MESSAGE][PASSED] - Object: 'Object Repository/07-Directory/Labels/button_Add Label' is clicked on

2022-08-17 14:53:51 - [TEST_STEP][PASSED] - delay(2): Delayed 2 second(s)

2022-08-17 14:53:53 - [MESSAGE][PASSED] - Delayed 2 second(s)

2022-08-17 14:53:53 - [TEST_STEP][PASSED] - verifyElementVisible(findTestObject("07-Directory/Labels/success msg label")): Object 'Object Repository/07-Directory/Labels/success msg label' is visible

2022-08-17 14:53:54 - [MESSAGE][PASSED] - Object 'Object Repository/07-Directory/Labels/success msg label' is visible

2022-08-17 14:53:54 - [TEST_STEP][PASSED] - verifyElementVisible(findTestObject("07-Directory/Labels/div_Label QA added")): Object 'Object Repository/07-Directory/Labels/div_Label QA added' is visible

2022-08-17 14:53:54 - [MESSAGE][PASSED] - Object 'Object Repository/07-Directory/Labels/div_Label QA added' is visible]]></system-out>
         <system-err><![CDATA[]]></system-err>
      </testcase>
      <testcase name="Test Cases/07-Directory/10 - Edit a label" time="10.746" classname="Test Cases/07-Directory/10 - Edit a label" status="PASSED">
         <system-out><![CDATA[2022-08-17 14:53:54 - [TEST_CASE][PASSED] - Test Cases/07-Directory/10 - Edit a label: Test Cases/07-Directory/10 - Edit a label

2022-08-17 14:53:54 - [TEST_STEP][PASSED] - delay(3): Delayed 3 second(s)

2022-08-17 14:53:57 - [MESSAGE][PASSED] - Delayed 3 second(s)

2022-08-17 14:53:57 - [TEST_STEP][PASSED] - click(findTestObject("07-Directory/Labels/button_create")): Object: 'Object Repository/07-Directory/Labels/button_create' is clicked on

2022-08-17 14:53:58 - [MESSAGE][PASSED] - Object: 'Object Repository/07-Directory/Labels/button_create' is clicked on

2022-08-17 14:53:58 - [TEST_STEP][PASSED] - verifyElementVisible(findTestObject("07-Directory/Labels/Edit Label modal")): Object 'Object Repository/07-Directory/Labels/Edit Label modal' is visible

2022-08-17 14:53:58 - [MESSAGE][PASSED] - Object 'Object Repository/07-Directory/Labels/Edit Label modal' is visible

2022-08-17 14:53:58 - [TEST_STEP][PASSED] - verifyElementNotClickable(findTestObject("07-Directory/Labels/button_Edit Label")): Object 'Object Repository/07-Directory/Labels/button_Edit Label' is NOT clickable

2022-08-17 14:53:59 - [MESSAGE][PASSED] - Object 'Object Repository/07-Directory/Labels/button_Edit Label' is NOT clickable

2022-08-17 14:53:59 - [TEST_STEP][PASSED] - delay(3): Delayed 3 second(s)

2022-08-17 14:54:02 - [MESSAGE][PASSED] - Delayed 3 second(s)

2022-08-17 14:54:02 - [TEST_STEP][PASSED] - setText(findTestObject("07-Directory/Labels/input_Add New Label Name"), "Label QA Edit"): Text 'Label QA Edit' is set on object 'Object Repository/07-Directory/Labels/input_Add New Label Name'

2022-08-17 14:54:03 - [MESSAGE][PASSED] - Text 'Label QA Edit' is set on object 'Object Repository/07-Directory/Labels/input_Add New Label Name'

2022-08-17 14:54:03 - [TEST_STEP][PASSED] - click(findTestObject("07-Directory/Labels/button_Edit Label")): Object: 'Object Repository/07-Directory/Labels/button_Edit Label' is clicked on

2022-08-17 14:54:03 - [MESSAGE][PASSED] - Object: 'Object Repository/07-Directory/Labels/button_Edit Label' is clicked on

2022-08-17 14:54:03 - [TEST_STEP][PASSED] - verifyElementVisible(findTestObject("07-Directory/Labels/edit success msg")): Object 'Object Repository/07-Directory/Labels/edit success msg' is visible

2022-08-17 14:54:05 - [MESSAGE][PASSED] - Object 'Object Repository/07-Directory/Labels/edit success msg' is visible

2022-08-17 14:54:05 - [TEST_STEP][PASSED] - verifyElementVisible(findTestObject("07-Directory/Labels/div_Label QA Edited")): Object 'Object Repository/07-Directory/Labels/div_Label QA Edited' is visible

2022-08-17 14:54:05 - [MESSAGE][PASSED] - Object 'Object Repository/07-Directory/Labels/div_Label QA Edited' is visible]]></system-out>
         <system-err><![CDATA[]]></system-err>
      </testcase>
      <testcase name="Test Cases/07-Directory/11- Delete a label" time="10.348" classname="Test Cases/07-Directory/11- Delete a label" status="PASSED">
         <system-out><![CDATA[2022-08-17 14:54:05 - [TEST_CASE][PASSED] - Test Cases/07-Directory/11- Delete a label: Test Cases/07-Directory/11- Delete a label

2022-08-17 14:54:05 - [TEST_STEP][PASSED] - delay(3): Delayed 3 second(s)

2022-08-17 14:54:08 - [MESSAGE][PASSED] - Delayed 3 second(s)

2022-08-17 14:54:08 - [TEST_STEP][PASSED] - click(findTestObject("07-Directory/Labels/trash_delete label")): Object: 'Object Repository/07-Directory/Labels/trash_delete label' is clicked on

2022-08-17 14:54:09 - [MESSAGE][PASSED] - Object: 'Object Repository/07-Directory/Labels/trash_delete label' is clicked on

2022-08-17 14:54:09 - [TEST_STEP][PASSED] - verifyElementVisible(findTestObject("07-Directory/Labels/delete label modal")): Object 'Object Repository/07-Directory/Labels/delete label modal' is visible

2022-08-17 14:54:09 - [MESSAGE][PASSED] - Object 'Object Repository/07-Directory/Labels/delete label modal' is visible

2022-08-17 14:54:09 - [TEST_STEP][PASSED] - click(findTestObject("07-Directory/Labels/button_Delete Label")): Object: 'Object Repository/07-Directory/Labels/button_Delete Label' is clicked on

2022-08-17 14:54:10 - [MESSAGE][PASSED] - Object: 'Object Repository/07-Directory/Labels/button_Delete Label' is clicked on

2022-08-17 14:54:10 - [TEST_STEP][PASSED] - verifyElementVisible(findTestObject("07-Directory/Labels/success delete msg")): Object 'Object Repository/07-Directory/Labels/success delete msg' is visible

2022-08-17 14:54:11 - [MESSAGE][PASSED] - Object 'Object Repository/07-Directory/Labels/success delete msg' is visible

2022-08-17 14:54:11 - [TEST_STEP][PASSED] - verifyElementVisible(findTestObject("07-Directory/Labels/Labels page")): Object 'Object Repository/07-Directory/Labels/Labels page' is visible

2022-08-17 14:54:11 - [MESSAGE][PASSED] - Object 'Object Repository/07-Directory/Labels/Labels page' is visible

2022-08-17 14:54:11 - [TEST_STEP][PASSED] - delay(3): Delayed 3 second(s)

2022-08-17 14:54:15 - [MESSAGE][PASSED] - Delayed 3 second(s)

2022-08-17 14:54:15 - [TEST_STEP][PASSED] - closeBrowser(): Browser is closed

2022-08-17 14:54:15 - [MESSAGE][PASSED] - Browser is closed]]></system-out>
         <system-err><![CDATA[]]></system-err>
      </testcase>
      <system-out><![CDATA[2022-08-17 14:50:12 - [TEST_SUITE][PASSED] - 07-Directory: Test Cases/07-Directory/11- Delete a label]]></system-out>
      <system-err><![CDATA[]]></system-err>
   </testsuite>
</testsuites>
