<?xml version="1.0" encoding="UTF-8"?>
<testsuites name="09.1 - Settings (Invite users)" time="931.372" tests="5" failures="0" errors="0">
   <testsuite name="09.1 - Settings (Invite users)" tests="5" failures="0" errors="0" time="931.372" skipped="0" timestamp="2022-11-21 15:40:55" hostname="User - DESKTOP-QCRNR4M" id="Test Suites/TS-Organization/09.1 - Settings (Invite users)">
      <properties>
         <property name="deviceName" value=""/>
         <property name="devicePlatform" value=""/>
         <property name="logFolder" value="C:\\Users\\User\\Katalon Studio\\EverleaguesMain\\Reports\\20221121_154053\\TS-Organization\\09.1 - Settings (Invite users)\\20221121_154053"/>
         <property name="logFiles" value="C:\\Users\\User\\Katalon Studio\\EverleaguesMain\\Reports\\20221121_154053\\TS-Organization\\09.1 - Settings (Invite users)\\20221121_154053\\execution0.log"/>
         <property name="attachments" value=""/>
         <property name="hostName" value="User - DESKTOP-QCRNR4M"/>
         <property name="os" value="Windows 10 64bit"/>
         <property name="katalonVersion" value="8.4.1.208"/>
         <property name="browser" value="Chrome 107.0.0.0"/>
         <property name="hostAddress" value="192.168.5.124"/>
         <property name="sessionId" value="2ee034be79c92ebcacd847b2db8dc9c8"/>
         <property name="seleniumVersion" value="3.141.59"/>
         <property name="proxyInformation" value="ProxyInformation { proxyOption=NO_PROXY, proxyServerType=HTTP, username=, password=********, proxyServerAddress=, proxyServerPort=0, executionList=&quot;&quot;, isApplyToDesiredCapabilities=true }"/>
         <property name="platform" value="Windows 10"/>
      </properties>
      <testcase name="Test Cases/09-Settings/01 - Users (Invite new user but field are blank)" time="123.496" classname="Test Cases/09-Settings/01 - Users (Invite new user but field are blank)" status="PASSED">
         <system-out><![CDATA[2022-11-21 15:40:55 - [TEST_CASE][PASSED] - Test Cases/09-Settings/01 - Users (Invite new user but field are blank): Test Cases/09-Settings/01 - Users (Invite new user but field are blank)

2022-11-21 15:40:56 - [TEST_STEP][PASSED] - openBrowser(""): Browser is opened with url: ''

2022-11-21 15:40:56 - [MESSAGE][INFO] - Starting 'Chrome' driver

2022-11-21 15:40:56 - [MESSAGE][INFO] - Action delay is set to 0 milliseconds

2022-11-21 15:40:58 - [MESSAGE][PASSED] - Browser is opened with url: ''

2022-11-21 15:40:58 - [TEST_STEP][PASSED] - navigateToUrl("https://lab.everleagues.com/"): Navigate to 'https://lab.everleagues.com/' successfully

2022-11-21 15:41:45 - [MESSAGE][PASSED] - Navigate to 'https://lab.everleagues.com/' successfully

2022-11-21 15:41:45 - [TEST_STEP][PASSED] - maximizeWindow(): Current window maximized

2022-11-21 15:41:46 - [MESSAGE][PASSED] - Current window maximized

2022-11-21 15:41:46 - [TEST_STEP][PASSED] - setText(findTestObject("02-Side Icons(Organization)/Add Contact/Email Field"), "testuser02@mailinator.com"): Text 'testuser02@mailinator.com' is set on object 'Object Repository/02-Side Icons(Organization)/Add Contact/Email Field'

2022-11-21 15:41:46 - [MESSAGE][PASSED] - Text 'testuser02@mailinator.com' is set on object 'Object Repository/02-Side Icons(Organization)/Add Contact/Email Field'

2022-11-21 15:41:46 - [TEST_STEP][PASSED] - setEncryptedText(findTestObject("02-Side Icons(Organization)/Add Contact/Password Field"), "8yFRyszE6U6jvsCn51OQbg=="): Text ****** has been set on object 'Object Repository/02-Side Icons(Organization)/Add Contact/Password Field'

2022-11-21 15:41:47 - [MESSAGE][PASSED] - Text ****** has been set on object 'Object Repository/02-Side Icons(Organization)/Add Contact/Password Field'

2022-11-21 15:41:47 - [TEST_STEP][PASSED] - click(findTestObject("02-Side Icons(Organization)/Add Contact/button_Sign in")): Object: 'Object Repository/02-Side Icons(Organization)/Add Contact/button_Sign in' is clicked on

2022-11-21 15:41:48 - [MESSAGE][PASSED] - Object: 'Object Repository/02-Side Icons(Organization)/Add Contact/button_Sign in' is clicked on

2022-11-21 15:41:48 - [TEST_STEP][PASSED] - delay(2): Delayed 2 second(s)

2022-11-21 15:41:50 - [MESSAGE][PASSED] - Delayed 2 second(s)

2022-11-21 15:41:50 - [TEST_STEP][PASSED] - click(findTestObject("06-Teams/For 2FA/button_Confirm_2FA")): Object: 'Object Repository/06-Teams/For 2FA/button_Confirm_2FA' is clicked on

2022-11-21 15:41:50 - [MESSAGE][PASSED] - Object: 'Object Repository/06-Teams/For 2FA/button_Confirm_2FA' is clicked on

2022-11-21 15:41:50 - [TEST_STEP][PASSED] - executeJavaScript("window.open();", []): Execute JavaScript 'window.open();' successfully

2022-11-21 15:41:50 - [MESSAGE][PASSED] - Execute JavaScript 'window.open();' successfully

2022-11-21 15:41:50 - [TEST_STEP][PASSED] - currentWindow = getWindowIndex(): Current window's index is: 0

2022-11-21 15:41:50 - [MESSAGE][PASSED] - Current window's index is: 0

2022-11-21 15:41:50 - [TEST_STEP][PASSED] - delay(3): Delayed 3 second(s)

2022-11-21 15:41:53 - [MESSAGE][PASSED] - Delayed 3 second(s)

2022-11-21 15:41:53 - [TEST_STEP][PASSED] - switchToWindowIndex(currentWindow + 1): Switched to window with index: '1'

2022-11-21 15:41:53 - [MESSAGE][PASSED] - Switched to window with index: '1'

2022-11-21 15:41:53 - [TEST_STEP][PASSED] - navigateToUrl("https://www.mailinator.com/"): Navigate to 'https://www.mailinator.com/' successfully

2022-11-21 15:41:55 - [MESSAGE][PASSED] - Navigate to 'https://www.mailinator.com/' successfully

2022-11-21 15:41:55 - [TEST_STEP][PASSED] - delay(3): Delayed 3 second(s)

2022-11-21 15:41:58 - [MESSAGE][PASSED] - Delayed 3 second(s)

2022-11-21 15:41:58 - [TEST_STEP][PASSED] - setText(findTestObject("00-Signup and Activation/zMailinator/input_LOGIN_search"), "testuser02@mailinator.com"): Text 'testuser02@mailinator.com' is set on object 'Object Repository/00-Signup and Activation/zMailinator/input_LOGIN_search'

2022-11-21 15:41:59 - [MESSAGE][PASSED] - Text 'testuser02@mailinator.com' is set on object 'Object Repository/00-Signup and Activation/zMailinator/input_LOGIN_search'

2022-11-21 15:41:59 - [TEST_STEP][PASSED] - click(findTestObject("00-Signup and Activation/zMailinator/gobutton"), STOP_ON_FAILURE): Object: 'Object Repository/00-Signup and Activation/zMailinator/gobutton' is clicked on

2022-11-21 15:42:00 - [MESSAGE][PASSED] - Object: 'Object Repository/00-Signup and Activation/zMailinator/gobutton' is clicked on

2022-11-21 15:42:00 - [TEST_STEP][PASSED] - delay(3): Delayed 3 second(s)

2022-11-21 15:42:03 - [MESSAGE][PASSED] - Delayed 3 second(s)

2022-11-21 15:42:03 - [TEST_STEP][PASSED] - click(findTestObject("00-Signup and Activation/zMailinator/Email - everleagues")): Object: 'Object Repository/00-Signup and Activation/zMailinator/Email - everleagues' is clicked on

2022-11-21 15:42:04 - [MESSAGE][PASSED] - Object: 'Object Repository/00-Signup and Activation/zMailinator/Email - everleagues' is clicked on

2022-11-21 15:42:04 - [TEST_STEP][PASSED] - delay(3): Delayed 3 second(s)

2022-11-21 15:42:07 - [MESSAGE][PASSED] - Delayed 3 second(s)

2022-11-21 15:42:07 - [TEST_STEP][PASSED] - code = getText(findTestObject("Object Repository/06-Teams/For 2FA/2FA code")): Text of object 'Object Repository/06-Teams/For 2FA/2FA code' is: '972140'

2022-11-21 15:42:07 - [MESSAGE][PASSED] - Text of object 'Object Repository/06-Teams/For 2FA/2FA code' is: '972140'

2022-11-21 15:42:07 - [TEST_STEP][PASSED] - delay(3): Delayed 3 second(s)

2022-11-21 15:42:10 - [MESSAGE][PASSED] - Delayed 3 second(s)

2022-11-21 15:42:10 - [TEST_STEP][PASSED] - closeWindowTitle("Mailinator"): Window with title: 'Mailinator' is closed

2022-11-21 15:42:10 - [MESSAGE][PASSED] - Window with title: 'Mailinator' is closed

2022-11-21 15:42:10 - [TEST_STEP][PASSED] - delay(3): Delayed 3 second(s)

2022-11-21 15:42:13 - [MESSAGE][PASSED] - Delayed 3 second(s)

2022-11-21 15:42:13 - [TEST_STEP][PASSED] - switchToWindowIndex(0): Switched to window with index: '0'

2022-11-21 15:42:13 - [MESSAGE][PASSED] - Switched to window with index: '0'

2022-11-21 15:42:13 - [TEST_STEP][PASSED] - delay(3): Delayed 3 second(s)

2022-11-21 15:42:17 - [MESSAGE][PASSED] - Delayed 3 second(s)

2022-11-21 15:42:17 - [TEST_STEP][PASSED] - setText(findTestObject("Object Repository/06-Teams/For 2FA/input_Enter verification code_code"), code): Text '972140' is set on object 'Object Repository/06-Teams/For 2FA/input_Enter verification code_code'

2022-11-21 15:42:17 - [MESSAGE][PASSED] - Text '972140' is set on object 'Object Repository/06-Teams/For 2FA/input_Enter verification code_code'

2022-11-21 15:42:17 - [TEST_STEP][PASSED] - delay(3): Delayed 3 second(s)

2022-11-21 15:42:20 - [MESSAGE][PASSED] - Delayed 3 second(s)

2022-11-21 15:42:20 - [TEST_STEP][PASSED] - click(findTestObject("06-Teams/For 2FA/button_Verify_2FA")): Object: 'Object Repository/06-Teams/For 2FA/button_Verify_2FA' is clicked on

2022-11-21 15:42:21 - [MESSAGE][PASSED] - Object: 'Object Repository/06-Teams/For 2FA/button_Verify_2FA' is clicked on

2022-11-21 15:42:21 - [TEST_STEP][PASSED] - delay(5): Delayed 5 second(s)

2022-11-21 15:42:26 - [MESSAGE][PASSED] - Delayed 5 second(s)

2022-11-21 15:42:26 - [TEST_STEP][PASSED] - click(findTestObject("06-Teams/button_doublearrow")): Object: 'Object Repository/06-Teams/button_doublearrow' is clicked on

2022-11-21 15:42:27 - [MESSAGE][PASSED] - Object: 'Object Repository/06-Teams/button_doublearrow' is clicked on

2022-11-21 15:42:27 - [TEST_STEP][PASSED] - click(findTestObject("06-Teams/button_My Organizations")): Object: 'Object Repository/06-Teams/button_My Organizations' is clicked on

2022-11-21 15:42:28 - [MESSAGE][PASSED] - Object: 'Object Repository/06-Teams/button_My Organizations' is clicked on

2022-11-21 15:42:28 - [TEST_STEP][PASSED] - click(findTestObject("06-Teams/button_GG Automation")): Object: 'Object Repository/06-Teams/button_GG Automation' is clicked on

2022-11-21 15:42:29 - [MESSAGE][PASSED] - Object: 'Object Repository/06-Teams/button_GG Automation' is clicked on

2022-11-21 15:42:29 - [TEST_STEP][PASSED] - delay(4): Delayed 4 second(s)

2022-11-21 15:42:33 - [MESSAGE][PASSED] - Delayed 4 second(s)

2022-11-21 15:42:33 - [TEST_STEP][PASSED] - verifyElementVisible(findTestObject("06-Teams/span_GG Automation")): Object 'Object Repository/06-Teams/span_GG Automation' is visible

2022-11-21 15:42:33 - [MESSAGE][PASSED] - Object 'Object Repository/06-Teams/span_GG Automation' is visible

2022-11-21 15:42:33 - [TEST_STEP][PASSED] - delay(5): Delayed 5 second(s)

2022-11-21 15:42:38 - [MESSAGE][PASSED] - Delayed 5 second(s)

2022-11-21 15:42:38 - [TEST_STEP][PASSED] - click(findTestObject("03-Header Menu/Hamburger Button/div_Settings")): Object: 'Object Repository/03-Header Menu/Hamburger Button/div_Settings' is clicked on

2022-11-21 15:42:38 - [MESSAGE][PASSED] - Object: 'Object Repository/03-Header Menu/Hamburger Button/div_Settings' is clicked on

2022-11-21 15:42:38 - [TEST_STEP][PASSED] - verifyElementVisible(findTestObject("09-Settings/Users/div_Organization")): Object 'Object Repository/09-Settings/Users/div_Organization' is visible

2022-11-21 15:42:39 - [MESSAGE][PASSED] - Object 'Object Repository/09-Settings/Users/div_Organization' is visible

2022-11-21 15:42:39 - [TEST_STEP][PASSED] - verifyElementVisible(findTestObject("09-Settings/Users/div_Organization Units")): Object 'Object Repository/09-Settings/Users/div_Organization Units' is visible

2022-11-21 15:42:39 - [MESSAGE][PASSED] - Object 'Object Repository/09-Settings/Users/div_Organization Units' is visible

2022-11-21 15:42:39 - [TEST_STEP][PASSED] - verifyElementVisible(findTestObject("09-Settings/Users/div_Subscriptions")): Object 'Object Repository/09-Settings/Users/div_Subscriptions' is visible

2022-11-21 15:42:40 - [MESSAGE][PASSED] - Object 'Object Repository/09-Settings/Users/div_Subscriptions' is visible

2022-11-21 15:42:40 - [TEST_STEP][PASSED] - verifyElementVisible(findTestObject("09-Settings/Users/div_Users")): Object 'Object Repository/09-Settings/Users/div_Users' is visible

2022-11-21 15:42:40 - [MESSAGE][PASSED] - Object 'Object Repository/09-Settings/Users/div_Users' is visible

2022-11-21 15:42:40 - [TEST_STEP][PASSED] - delay(3): Delayed 3 second(s)

2022-11-21 15:42:43 - [MESSAGE][PASSED] - Delayed 3 second(s)

2022-11-21 15:42:43 - [TEST_STEP][PASSED] - click(findTestObject("09-Settings/Users/div_Users")): Object: 'Object Repository/09-Settings/Users/div_Users' is clicked on

2022-11-21 15:42:44 - [MESSAGE][PASSED] - Object: 'Object Repository/09-Settings/Users/div_Users' is clicked on

2022-11-21 15:42:44 - [TEST_STEP][PASSED] - verifyElementVisible(findTestObject("09-Settings/Users/h4_USERS")): Object 'Object Repository/09-Settings/Users/h4_USERS' is visible

2022-11-21 15:42:45 - [MESSAGE][PASSED] - Object 'Object Repository/09-Settings/Users/h4_USERS' is visible

2022-11-21 15:42:45 - [TEST_STEP][PASSED] - verifyElementVisible(findTestObject("09-Settings/Users/User Page")): Object 'Object Repository/09-Settings/Users/User Page' is visible

2022-11-21 15:42:45 - [MESSAGE][PASSED] - Object 'Object Repository/09-Settings/Users/User Page' is visible

2022-11-21 15:42:45 - [TEST_STEP][PASSED] - delay(3): Delayed 3 second(s)

2022-11-21 15:42:48 - [MESSAGE][PASSED] - Delayed 3 second(s)

2022-11-21 15:42:48 - [TEST_STEP][PASSED] - click(findTestObject("09-Settings/Users/button_add")): Object: 'Object Repository/09-Settings/Users/button_add' is clicked on

2022-11-21 15:42:49 - [MESSAGE][PASSED] - Object: 'Object Repository/09-Settings/Users/button_add' is clicked on

2022-11-21 15:42:49 - [TEST_STEP][PASSED] - verifyElementVisible(findTestObject("09-Settings/Users/User Invitation modal")): Object 'Object Repository/09-Settings/Users/User Invitation modal' is visible

2022-11-21 15:42:49 - [MESSAGE][PASSED] - Object 'Object Repository/09-Settings/Users/User Invitation modal' is visible

2022-11-21 15:42:49 - [TEST_STEP][PASSED] - delay(3): Delayed 3 second(s)

2022-11-21 15:42:52 - [MESSAGE][PASSED] - Delayed 3 second(s)

2022-11-21 15:42:52 - [TEST_STEP][PASSED] - click(findTestObject("09-Settings/Users/add Invite a single user")): Object: 'Object Repository/09-Settings/Users/add Invite a single user' is clicked on

2022-11-21 15:42:53 - [MESSAGE][PASSED] - Object: 'Object Repository/09-Settings/Users/add Invite a single user' is clicked on

2022-11-21 15:42:53 - [TEST_STEP][PASSED] - verifyElementVisible(findTestObject("09-Settings/Users/Invite new user modal")): Object 'Object Repository/09-Settings/Users/Invite new user modal' is visible

2022-11-21 15:42:54 - [MESSAGE][PASSED] - Object 'Object Repository/09-Settings/Users/Invite new user modal' is visible

2022-11-21 15:42:54 - [TEST_STEP][PASSED] - click(findTestObject("09-Settings/Users/input_email")): Object: 'Object Repository/09-Settings/Users/input_email' is clicked on

2022-11-21 15:42:54 - [MESSAGE][PASSED] - Object: 'Object Repository/09-Settings/Users/input_email' is clicked on

2022-11-21 15:42:54 - [TEST_STEP][PASSED] - click(findTestObject("09-Settings/Users/input_firstName")): Object: 'Object Repository/09-Settings/Users/input_firstName' is clicked on

2022-11-21 15:42:55 - [MESSAGE][PASSED] - Object: 'Object Repository/09-Settings/Users/input_firstName' is clicked on

2022-11-21 15:42:55 - [TEST_STEP][PASSED] - click(findTestObject("09-Settings/Users/input_lastName")): Object: 'Object Repository/09-Settings/Users/input_lastName' is clicked on

2022-11-21 15:42:55 - [MESSAGE][PASSED] - Object: 'Object Repository/09-Settings/Users/input_lastName' is clicked on

2022-11-21 15:42:55 - [TEST_STEP][PASSED] - click(findTestObject("09-Settings/Users/span_Role")): Object: 'Object Repository/09-Settings/Users/span_Role' is clicked on

2022-11-21 15:42:56 - [MESSAGE][PASSED] - Object: 'Object Repository/09-Settings/Users/span_Role' is clicked on

2022-11-21 15:42:56 - [TEST_STEP][PASSED] - clickOffset(findTestObject("09-Settings/Users/h4_Invite New User"), 100, 100): Object: 'Object Repository/09-Settings/Users/h4_Invite New User' is clicked on using offset x=100 and y=100

2022-11-21 15:42:57 - [MESSAGE][PASSED] - Object: 'Object Repository/09-Settings/Users/h4_Invite New User' is clicked on using offset x=100 and y=100

2022-11-21 15:42:57 - [TEST_STEP][PASSED] - verifyElementVisible(findTestObject("09-Settings/Users/Email required")): Object 'Object Repository/09-Settings/Users/Email required' is visible

2022-11-21 15:42:58 - [MESSAGE][PASSED] - Object 'Object Repository/09-Settings/Users/Email required' is visible

2022-11-21 15:42:58 - [TEST_STEP][PASSED] - verifyElementVisible(findTestObject("09-Settings/Users/Firstname required")): Object 'Object Repository/09-Settings/Users/Firstname required' is visible

2022-11-21 15:42:58 - [MESSAGE][PASSED] - Object 'Object Repository/09-Settings/Users/Firstname required' is visible

2022-11-21 15:42:58 - [TEST_STEP][PASSED] - verifyElementVisible(findTestObject("09-Settings/Users/last name required")): Object 'Object Repository/09-Settings/Users/last name required' is visible

2022-11-21 15:42:59 - [MESSAGE][PASSED] - Object 'Object Repository/09-Settings/Users/last name required' is visible

2022-11-21 15:42:59 - [TEST_STEP][PASSED] - verifyElementVisible(findTestObject("09-Settings/Users/error_Select a role")): Object 'Object Repository/09-Settings/Users/error_Select a role' is visible

2022-11-21 15:42:59 - [MESSAGE][PASSED] - Object 'Object Repository/09-Settings/Users/error_Select a role' is visible]]></system-out>
         <system-err><![CDATA[]]></system-err>
      </testcase>
      <testcase name="Test Cases/09-Settings/02 - Users (Invite new user as co worker)" time="339.25" classname="Test Cases/09-Settings/02 - Users (Invite new user as co worker)" status="PASSED">
         <system-out><![CDATA[2022-11-21 15:42:59 - [TEST_CASE][PASSED] - Test Cases/09-Settings/02 - Users (Invite new user as co worker): Test Cases/09-Settings/02 - Users (Invite new user as co worker)

2022-11-21 15:42:59 - [TEST_STEP][PASSED] - delay(3): Delayed 3 second(s)

2022-11-21 15:43:02 - [MESSAGE][PASSED] - Delayed 3 second(s)

2022-11-21 15:43:02 - [TEST_STEP][PASSED] - setText(findTestObject("09-Settings/Users/input_email"), "autotester04@mailinator.com"): Text 'autotester04@mailinator.com' is set on object 'Object Repository/09-Settings/Users/input_email'

2022-11-21 15:43:03 - [MESSAGE][PASSED] - Text 'autotester04@mailinator.com' is set on object 'Object Repository/09-Settings/Users/input_email'

2022-11-21 15:43:03 - [TEST_STEP][PASSED] - setText(findTestObject("09-Settings/Users/input_firstName"), "GG"): Text 'GG' is set on object 'Object Repository/09-Settings/Users/input_firstName'

2022-11-21 15:43:04 - [MESSAGE][PASSED] - Text 'GG' is set on object 'Object Repository/09-Settings/Users/input_firstName'

2022-11-21 15:43:04 - [TEST_STEP][PASSED] - setText(findTestObject("09-Settings/Users/input_lastName"), "Auto Contact 2"): Text 'Auto Contact 2' is set on object 'Object Repository/09-Settings/Users/input_lastName'

2022-11-21 15:43:05 - [MESSAGE][PASSED] - Text 'Auto Contact 2' is set on object 'Object Repository/09-Settings/Users/input_lastName'

2022-11-21 15:43:05 - [TEST_STEP][PASSED] - click(findTestObject("09-Settings/Users/span_Role")): Object: 'Object Repository/09-Settings/Users/span_Role' is clicked on

2022-11-21 15:43:05 - [MESSAGE][PASSED] - Object: 'Object Repository/09-Settings/Users/span_Role' is clicked on

2022-11-21 15:43:05 - [TEST_STEP][PASSED] - click(findTestObject("09-Settings/Users/span_CoWorker")): Object: 'Object Repository/09-Settings/Users/span_CoWorker' is clicked on

2022-11-21 15:43:06 - [MESSAGE][PASSED] - Object: 'Object Repository/09-Settings/Users/span_CoWorker' is clicked on

2022-11-21 15:43:06 - [TEST_STEP][PASSED] - click(findTestObject("09-Settings/Users/button_Send Invitation")): Object: 'Object Repository/09-Settings/Users/button_Send Invitation' is clicked on

2022-11-21 15:43:07 - [MESSAGE][PASSED] - Object: 'Object Repository/09-Settings/Users/button_Send Invitation' is clicked on

2022-11-21 15:43:07 - [TEST_STEP][PASSED] - delay(2): Delayed 2 second(s)

2022-11-21 15:43:09 - [MESSAGE][PASSED] - Delayed 2 second(s)

2022-11-21 15:43:09 - [TEST_STEP][PASSED] - verifyElementVisible(findTestObject("07-Directory/Connections/zContact Profile/Successfully invited user")): Object 'Object Repository/07-Directory/Connections/zContact Profile/Successfully invited user' is visible

2022-11-21 15:43:10 - [MESSAGE][PASSED] - Object 'Object Repository/07-Directory/Connections/zContact Profile/Successfully invited user' is visible

2022-11-21 15:43:10 - [TEST_STEP][PASSED] - delay(2): Delayed 2 second(s)

2022-11-21 15:43:12 - [MESSAGE][PASSED] - Delayed 2 second(s)

2022-11-21 15:43:12 - [TEST_STEP][PASSED] - executeJavaScript("window.open();", []): Execute JavaScript 'window.open();' successfully

2022-11-21 15:43:12 - [MESSAGE][PASSED] - Execute JavaScript 'window.open();' successfully

2022-11-21 15:43:12 - [TEST_STEP][PASSED] - currentWindow = getWindowIndex(): Current window's index is: 0

2022-11-21 15:43:12 - [MESSAGE][PASSED] - Current window's index is: 0

2022-11-21 15:43:12 - [TEST_STEP][PASSED] - delay(3): Delayed 3 second(s)

2022-11-21 15:43:15 - [MESSAGE][PASSED] - Delayed 3 second(s)

2022-11-21 15:43:15 - [TEST_STEP][PASSED] - switchToWindowIndex(currentWindow + 1): Switched to window with index: '1'

2022-11-21 15:43:15 - [MESSAGE][PASSED] - Switched to window with index: '1'

2022-11-21 15:43:15 - [TEST_STEP][PASSED] - navigateToUrl("https://www.mailinator.com/"): Navigate to 'https://www.mailinator.com/' successfully

2022-11-21 15:43:17 - [MESSAGE][PASSED] - Navigate to 'https://www.mailinator.com/' successfully

2022-11-21 15:43:17 - [TEST_STEP][PASSED] - delay(3): Delayed 3 second(s)

2022-11-21 15:43:20 - [MESSAGE][PASSED] - Delayed 3 second(s)

2022-11-21 15:43:20 - [TEST_STEP][PASSED] - setText(findTestObject("00-Signup and Activation/zMailinator/input_LOGIN_search"), "autotester04@mailinator.com"): Text 'autotester04@mailinator.com' is set on object 'Object Repository/00-Signup and Activation/zMailinator/input_LOGIN_search'

2022-11-21 15:43:20 - [MESSAGE][PASSED] - Text 'autotester04@mailinator.com' is set on object 'Object Repository/00-Signup and Activation/zMailinator/input_LOGIN_search'

2022-11-21 15:43:20 - [TEST_STEP][PASSED] - click(findTestObject("00-Signup and Activation/zMailinator/gobutton"), STOP_ON_FAILURE): Object: 'Object Repository/00-Signup and Activation/zMailinator/gobutton' is clicked on

2022-11-21 15:43:21 - [MESSAGE][PASSED] - Object: 'Object Repository/00-Signup and Activation/zMailinator/gobutton' is clicked on

2022-11-21 15:43:21 - [TEST_STEP][PASSED] - delay(3): Delayed 3 second(s)

2022-11-21 15:43:24 - [MESSAGE][PASSED] - Delayed 3 second(s)

2022-11-21 15:43:24 - [TEST_STEP][PASSED] - closeWindowTitle("Everleagues"): Window with title: 'Everleagues' is closed

2022-11-21 15:43:25 - [MESSAGE][PASSED] - Window with title: 'Everleagues' is closed

2022-11-21 15:43:25 - [TEST_STEP][PASSED] - switchToWindowIndex(0): Switched to window with index: '0'

2022-11-21 15:43:25 - [MESSAGE][PASSED] - Switched to window with index: '0'

2022-11-21 15:43:25 - [TEST_STEP][PASSED] - click(findTestObject("09-Settings/Users/Co worker/td_Invitation from GG Automation")): Object: 'Object Repository/09-Settings/Users/Co worker/td_Invitation from GG Automation' is clicked on

2022-11-21 15:43:25 - [MESSAGE][PASSED] - Object: 'Object Repository/09-Settings/Users/Co worker/td_Invitation from GG Automation' is clicked on

2022-11-21 15:43:25 - [TEST_STEP][PASSED] - click(findTestObject("09-Settings/Users/Co worker/a_Click here to join GG Automation on EverLeagues")): Object: 'Object Repository/09-Settings/Users/Co worker/a_Click here to join GG Automation on EverLeagues' is clicked on

2022-11-21 15:43:26 - [MESSAGE][PASSED] - Object: 'Object Repository/09-Settings/Users/Co worker/a_Click here to join GG Automation on EverLeagues' is clicked on

2022-11-21 15:43:26 - [TEST_STEP][PASSED] - closeWindowTitle("Mailinator"): Window with title: 'Mailinator' is closed

2022-11-21 15:43:26 - [MESSAGE][PASSED] - Window with title: 'Mailinator' is closed

2022-11-21 15:43:26 - [TEST_STEP][PASSED] - switchToWindowIndex(0): Switched to window with index: '0'

2022-11-21 15:43:26 - [MESSAGE][PASSED] - Switched to window with index: '0'

2022-11-21 15:43:26 - [TEST_STEP][PASSED] - verifyElementVisible(findTestObject("09-Settings/Users/Co worker/Logout before proceed modal")): Object 'Object Repository/09-Settings/Users/Co worker/Logout before proceed modal' is visible

2022-11-21 15:43:32 - [MESSAGE][PASSED] - Object 'Object Repository/09-Settings/Users/Co worker/Logout before proceed modal' is visible

2022-11-21 15:43:32 - [TEST_STEP][PASSED] - click(findTestObject("09-Settings/Users/Co worker/button_Yes")): Object: 'Object Repository/09-Settings/Users/Co worker/button_Yes' is clicked on

2022-11-21 15:43:33 - [MESSAGE][PASSED] - Object: 'Object Repository/09-Settings/Users/Co worker/button_Yes' is clicked on

2022-11-21 15:43:33 - [TEST_STEP][PASSED] - delay(3): Delayed 3 second(s)

2022-11-21 15:43:36 - [MESSAGE][PASSED] - Delayed 3 second(s)

2022-11-21 15:43:36 - [TEST_STEP][PASSED] - setText(findTestObject("09-Settings/Users/Co worker/input_Email_email"), "autotester04@mailinator.com"): Text 'autotester04@mailinator.com' is set on object 'Object Repository/09-Settings/Users/Co worker/input_Email_email'

2022-11-21 15:44:36 - [MESSAGE][PASSED] - Text 'autotester04@mailinator.com' is set on object 'Object Repository/09-Settings/Users/Co worker/input_Email_email'

2022-11-21 15:44:36 - [TEST_STEP][PASSED] - setEncryptedText(findTestObject("09-Settings/Users/Co worker/input__password"), "8yFRyszE6U6jvsCn51OQbg=="): Text ****** has been set on object 'Object Repository/09-Settings/Users/Co worker/input__password'

2022-11-21 15:45:06 - [MESSAGE][PASSED] - Text ****** has been set on object 'Object Repository/09-Settings/Users/Co worker/input__password'

2022-11-21 15:45:06 - [TEST_STEP][PASSED] - click(findTestObject("02-Side Icons(Organization)/Add Contact/button_Sign in")): Object: 'Object Repository/02-Side Icons(Organization)/Add Contact/button_Sign in' is clicked on

2022-11-21 15:45:36 - [MESSAGE][PASSED] - Object: 'Object Repository/02-Side Icons(Organization)/Add Contact/button_Sign in' is clicked on

2022-11-21 15:45:36 - [TEST_STEP][PASSED] - delay(2): Delayed 2 second(s)

2022-11-21 15:45:38 - [MESSAGE][PASSED] - Delayed 2 second(s)

2022-11-21 15:45:38 - [TEST_STEP][PASSED] - click(findTestObject("06-Teams/For 2FA/button_Confirm_2FA")): Object: 'Object Repository/06-Teams/For 2FA/button_Confirm_2FA' is clicked on

2022-11-21 15:46:09 - [MESSAGE][PASSED] - Object: 'Object Repository/06-Teams/For 2FA/button_Confirm_2FA' is clicked on

2022-11-21 15:46:09 - [TEST_STEP][PASSED] - executeJavaScript("window.open();", []): Execute JavaScript 'window.open();' successfully

2022-11-21 15:46:09 - [MESSAGE][PASSED] - Execute JavaScript 'window.open();' successfully

2022-11-21 15:46:09 - [TEST_STEP][PASSED] - currentWindow = getWindowIndex(): Current window's index is: 0

2022-11-21 15:46:09 - [MESSAGE][PASSED] - Current window's index is: 0

2022-11-21 15:46:09 - [TEST_STEP][PASSED] - delay(3): Delayed 3 second(s)

2022-11-21 15:46:12 - [MESSAGE][PASSED] - Delayed 3 second(s)

2022-11-21 15:46:12 - [TEST_STEP][PASSED] - switchToWindowIndex(currentWindow + 1): Switched to window with index: '1'

2022-11-21 15:46:12 - [MESSAGE][PASSED] - Switched to window with index: '1'

2022-11-21 15:46:12 - [TEST_STEP][PASSED] - navigateToUrl("https://www.mailinator.com/"): Navigate to 'https://www.mailinator.com/' successfully

2022-11-21 15:46:13 - [MESSAGE][PASSED] - Navigate to 'https://www.mailinator.com/' successfully

2022-11-21 15:46:13 - [TEST_STEP][PASSED] - delay(3): Delayed 3 second(s)

2022-11-21 15:46:16 - [MESSAGE][PASSED] - Delayed 3 second(s)

2022-11-21 15:46:16 - [TEST_STEP][PASSED] - setText(findTestObject("00-Signup and Activation/zMailinator/input_LOGIN_search"), "autotester04@mailinator.com"): Text 'autotester04@mailinator.com' is set on object 'Object Repository/00-Signup and Activation/zMailinator/input_LOGIN_search'

2022-11-21 15:46:16 - [MESSAGE][PASSED] - Text 'autotester04@mailinator.com' is set on object 'Object Repository/00-Signup and Activation/zMailinator/input_LOGIN_search'

2022-11-21 15:46:16 - [TEST_STEP][PASSED] - click(findTestObject("00-Signup and Activation/zMailinator/gobutton"), STOP_ON_FAILURE): Object: 'Object Repository/00-Signup and Activation/zMailinator/gobutton' is clicked on

2022-11-21 15:46:17 - [MESSAGE][PASSED] - Object: 'Object Repository/00-Signup and Activation/zMailinator/gobutton' is clicked on

2022-11-21 15:46:17 - [TEST_STEP][PASSED] - delay(3): Delayed 3 second(s)

2022-11-21 15:46:20 - [MESSAGE][PASSED] - Delayed 3 second(s)

2022-11-21 15:46:20 - [TEST_STEP][PASSED] - click(findTestObject("00-Signup and Activation/zMailinator/Email - everleagues")): Object: 'Object Repository/00-Signup and Activation/zMailinator/Email - everleagues' is clicked on

2022-11-21 15:46:21 - [MESSAGE][PASSED] - Object: 'Object Repository/00-Signup and Activation/zMailinator/Email - everleagues' is clicked on

2022-11-21 15:46:21 - [TEST_STEP][PASSED] - delay(3): Delayed 3 second(s)

2022-11-21 15:46:24 - [MESSAGE][PASSED] - Delayed 3 second(s)

2022-11-21 15:46:24 - [TEST_STEP][PASSED] - codetwo = getText(findTestObject("Object Repository/06-Teams/For 2FA/2FA code")): Text of object 'Object Repository/06-Teams/For 2FA/2FA code' is: '379169'

2022-11-21 15:46:24 - [MESSAGE][PASSED] - Text of object 'Object Repository/06-Teams/For 2FA/2FA code' is: '379169'

2022-11-21 15:46:24 - [TEST_STEP][PASSED] - delay(3): Delayed 3 second(s)

2022-11-21 15:46:27 - [MESSAGE][PASSED] - Delayed 3 second(s)

2022-11-21 15:46:27 - [TEST_STEP][PASSED] - closeWindowTitle("Mailinator"): Window with title: 'Mailinator' is closed

2022-11-21 15:46:27 - [MESSAGE][PASSED] - Window with title: 'Mailinator' is closed

2022-11-21 15:46:27 - [TEST_STEP][PASSED] - delay(3): Delayed 3 second(s)

2022-11-21 15:46:30 - [MESSAGE][PASSED] - Delayed 3 second(s)

2022-11-21 15:46:30 - [TEST_STEP][PASSED] - switchToWindowIndex(0): Switched to window with index: '0'

2022-11-21 15:46:30 - [MESSAGE][PASSED] - Switched to window with index: '0'

2022-11-21 15:46:30 - [TEST_STEP][PASSED] - delay(3): Delayed 3 second(s)

2022-11-21 15:46:33 - [MESSAGE][PASSED] - Delayed 3 second(s)

2022-11-21 15:46:33 - [TEST_STEP][PASSED] - setText(findTestObject("Object Repository/06-Teams/For 2FA/input_Enter verification code_code"), codetwo): Text '379169' is set on object 'Object Repository/06-Teams/For 2FA/input_Enter verification code_code'

2022-11-21 15:47:34 - [MESSAGE][PASSED] - Text '379169' is set on object 'Object Repository/06-Teams/For 2FA/input_Enter verification code_code'

2022-11-21 15:47:34 - [TEST_STEP][PASSED] - delay(3): Delayed 3 second(s)

2022-11-21 15:47:37 - [MESSAGE][PASSED] - Delayed 3 second(s)

2022-11-21 15:47:37 - [TEST_STEP][PASSED] - click(findTestObject("06-Teams/For 2FA/button_Verify_2FA")): Object: 'Object Repository/06-Teams/For 2FA/button_Verify_2FA' is clicked on

2022-11-21 15:48:07 - [MESSAGE][PASSED] - Object: 'Object Repository/06-Teams/For 2FA/button_Verify_2FA' is clicked on

2022-11-21 15:48:07 - [TEST_STEP][PASSED] - delay(5): Delayed 5 second(s)

2022-11-21 15:48:12 - [MESSAGE][PASSED] - Delayed 5 second(s)

2022-11-21 15:48:12 - [TEST_STEP][PASSED] - executeJavaScript("window.open();", []): Execute JavaScript 'window.open();' successfully

2022-11-21 15:48:12 - [MESSAGE][PASSED] - Execute JavaScript 'window.open();' successfully

2022-11-21 15:48:12 - [TEST_STEP][PASSED] - currentWindow = getWindowIndex(): Current window's index is: 0

2022-11-21 15:48:12 - [MESSAGE][PASSED] - Current window's index is: 0

2022-11-21 15:48:12 - [TEST_STEP][PASSED] - delay(3): Delayed 3 second(s)

2022-11-21 15:48:15 - [MESSAGE][PASSED] - Delayed 3 second(s)

2022-11-21 15:48:15 - [TEST_STEP][PASSED] - switchToWindowIndex(currentWindow + 1): Switched to window with index: '1'

2022-11-21 15:48:15 - [MESSAGE][PASSED] - Switched to window with index: '1'

2022-11-21 15:48:15 - [TEST_STEP][PASSED] - navigateToUrl("https://www.mailinator.com/"): Navigate to 'https://www.mailinator.com/' successfully

2022-11-21 15:48:16 - [MESSAGE][PASSED] - Navigate to 'https://www.mailinator.com/' successfully

2022-11-21 15:48:16 - [TEST_STEP][PASSED] - delay(3): Delayed 3 second(s)

2022-11-21 15:48:19 - [MESSAGE][PASSED] - Delayed 3 second(s)

2022-11-21 15:48:19 - [TEST_STEP][PASSED] - setText(findTestObject("00-Signup and Activation/zMailinator/input_LOGIN_search"), "autotester04@mailinator.com"): Text 'autotester04@mailinator.com' is set on object 'Object Repository/00-Signup and Activation/zMailinator/input_LOGIN_search'

2022-11-21 15:48:20 - [MESSAGE][PASSED] - Text 'autotester04@mailinator.com' is set on object 'Object Repository/00-Signup and Activation/zMailinator/input_LOGIN_search'

2022-11-21 15:48:20 - [TEST_STEP][PASSED] - click(findTestObject("00-Signup and Activation/zMailinator/gobutton"), STOP_ON_FAILURE): Object: 'Object Repository/00-Signup and Activation/zMailinator/gobutton' is clicked on

2022-11-21 15:48:21 - [MESSAGE][PASSED] - Object: 'Object Repository/00-Signup and Activation/zMailinator/gobutton' is clicked on

2022-11-21 15:48:21 - [TEST_STEP][PASSED] - delay(3): Delayed 3 second(s)

2022-11-21 15:48:24 - [MESSAGE][PASSED] - Delayed 3 second(s)

2022-11-21 15:48:24 - [TEST_STEP][PASSED] - closeWindowTitle("Everleagues"): Window with title: 'Everleagues' is closed

2022-11-21 15:48:24 - [MESSAGE][PASSED] - Window with title: 'Everleagues' is closed

2022-11-21 15:48:24 - [TEST_STEP][PASSED] - switchToWindowIndex(0): Switched to window with index: '0'

2022-11-21 15:48:24 - [MESSAGE][PASSED] - Switched to window with index: '0'

2022-11-21 15:48:24 - [TEST_STEP][PASSED] - click(findTestObject("09-Settings/Users/Co worker/td_Invitation from GG Automation")): Object: 'Object Repository/09-Settings/Users/Co worker/td_Invitation from GG Automation' is clicked on

2022-11-21 15:48:24 - [MESSAGE][PASSED] - Object: 'Object Repository/09-Settings/Users/Co worker/td_Invitation from GG Automation' is clicked on

2022-11-21 15:48:24 - [TEST_STEP][PASSED] - click(findTestObject("09-Settings/Users/Co worker/a_Click here to join GG Automation on EverLeagues")): Object: 'Object Repository/09-Settings/Users/Co worker/a_Click here to join GG Automation on EverLeagues' is clicked on

2022-11-21 15:48:25 - [MESSAGE][PASSED] - Object: 'Object Repository/09-Settings/Users/Co worker/a_Click here to join GG Automation on EverLeagues' is clicked on

2022-11-21 15:48:25 - [TEST_STEP][PASSED] - delay(3): Delayed 3 second(s)

2022-11-21 15:48:28 - [MESSAGE][PASSED] - Delayed 3 second(s)

2022-11-21 15:48:28 - [TEST_STEP][PASSED] - closeWindowTitle("Mailinator"): Window with title: 'Mailinator' is closed

2022-11-21 15:48:28 - [MESSAGE][PASSED] - Window with title: 'Mailinator' is closed

2022-11-21 15:48:28 - [TEST_STEP][PASSED] - switchToWindowIndex(0): Switched to window with index: '0'

2022-11-21 15:48:28 - [MESSAGE][PASSED] - Switched to window with index: '0'

2022-11-21 15:48:28 - [TEST_STEP][PASSED] - verifyElementVisible(findTestObject("09-Settings/Users/Co worker/Invite modal")): Object 'Object Repository/09-Settings/Users/Co worker/Invite modal' is visible

2022-11-21 15:48:30 - [MESSAGE][PASSED] - Object 'Object Repository/09-Settings/Users/Co worker/Invite modal' is visible

2022-11-21 15:48:30 - [TEST_STEP][PASSED] - click(findTestObject("09-Settings/Users/Co worker/button_Accept")): Object: 'Object Repository/09-Settings/Users/Co worker/button_Accept' is clicked on

2022-11-21 15:48:31 - [MESSAGE][PASSED] - Object: 'Object Repository/09-Settings/Users/Co worker/button_Accept' is clicked on

2022-11-21 15:48:31 - [TEST_STEP][PASSED] - delay(5): Delayed 5 second(s)

2022-11-21 15:48:36 - [MESSAGE][PASSED] - Delayed 5 second(s)

2022-11-21 15:48:36 - [TEST_STEP][PASSED] - verifyElementVisible(findTestObject("09-Settings/Users/Co worker/div_Joined as CoWorker")): Object 'Object Repository/09-Settings/Users/Co worker/div_Joined as CoWorker' is visible

2022-11-21 15:48:37 - [MESSAGE][PASSED] - Object 'Object Repository/09-Settings/Users/Co worker/div_Joined as CoWorker' is visible

2022-11-21 15:48:37 - [TEST_STEP][PASSED] - closeBrowser(): Browser is closed

2022-11-21 15:48:38 - [MESSAGE][PASSED] - Browser is closed]]></system-out>
         <system-err><![CDATA[]]></system-err>
      </testcase>
      <testcase name="Test Cases/09-Settings/03 - Users (Invite new user as client)" time="179.88" classname="Test Cases/09-Settings/03 - Users (Invite new user as client)" status="PASSED">
         <system-out><![CDATA[2022-11-21 15:48:38 - [TEST_CASE][PASSED] - Test Cases/09-Settings/03 - Users (Invite new user as client): Test Cases/09-Settings/03 - Users (Invite new user as client)

2022-11-21 15:48:38 - [TEST_STEP][PASSED] - openBrowser(""): Browser is opened with url: ''

2022-11-21 15:48:38 - [MESSAGE][INFO] - Starting 'Chrome' driver

2022-11-21 15:48:38 - [MESSAGE][INFO] - Action delay is set to 0 milliseconds

2022-11-21 15:48:40 - [MESSAGE][PASSED] - Browser is opened with url: ''

2022-11-21 15:48:40 - [TEST_STEP][PASSED] - navigateToUrl("https://lab.everleagues.com/"): Navigate to 'https://lab.everleagues.com/' successfully

2022-11-21 15:48:50 - [MESSAGE][PASSED] - Navigate to 'https://lab.everleagues.com/' successfully

2022-11-21 15:48:50 - [TEST_STEP][PASSED] - maximizeWindow(): Current window maximized

2022-11-21 15:48:50 - [MESSAGE][PASSED] - Current window maximized

2022-11-21 15:48:50 - [TEST_STEP][PASSED] - setText(findTestObject("02-Side Icons(Organization)/Add Contact/Email Field"), "testuser02@mailinator.com"): Text 'testuser02@mailinator.com' is set on object 'Object Repository/02-Side Icons(Organization)/Add Contact/Email Field'

2022-11-21 15:48:51 - [MESSAGE][PASSED] - Text 'testuser02@mailinator.com' is set on object 'Object Repository/02-Side Icons(Organization)/Add Contact/Email Field'

2022-11-21 15:48:51 - [TEST_STEP][PASSED] - setEncryptedText(findTestObject("02-Side Icons(Organization)/Add Contact/Password Field"), "8yFRyszE6U6jvsCn51OQbg=="): Text ****** has been set on object 'Object Repository/02-Side Icons(Organization)/Add Contact/Password Field'

2022-11-21 15:48:51 - [MESSAGE][PASSED] - Text ****** has been set on object 'Object Repository/02-Side Icons(Organization)/Add Contact/Password Field'

2022-11-21 15:48:51 - [TEST_STEP][PASSED] - click(findTestObject("02-Side Icons(Organization)/Add Contact/button_Sign in")): Object: 'Object Repository/02-Side Icons(Organization)/Add Contact/button_Sign in' is clicked on

2022-11-21 15:48:52 - [MESSAGE][PASSED] - Object: 'Object Repository/02-Side Icons(Organization)/Add Contact/button_Sign in' is clicked on

2022-11-21 15:48:52 - [TEST_STEP][PASSED] - delay(2): Delayed 2 second(s)

2022-11-21 15:48:54 - [MESSAGE][PASSED] - Delayed 2 second(s)

2022-11-21 15:48:54 - [TEST_STEP][PASSED] - click(findTestObject("06-Teams/For 2FA/button_Confirm_2FA")): Object: 'Object Repository/06-Teams/For 2FA/button_Confirm_2FA' is clicked on

2022-11-21 15:48:54 - [MESSAGE][PASSED] - Object: 'Object Repository/06-Teams/For 2FA/button_Confirm_2FA' is clicked on

2022-11-21 15:48:54 - [TEST_STEP][PASSED] - executeJavaScript("window.open();", []): Execute JavaScript 'window.open();' successfully

2022-11-21 15:48:54 - [MESSAGE][PASSED] - Execute JavaScript 'window.open();' successfully

2022-11-21 15:48:54 - [TEST_STEP][PASSED] - currentWindow = getWindowIndex(): Current window's index is: 0

2022-11-21 15:48:54 - [MESSAGE][PASSED] - Current window's index is: 0

2022-11-21 15:48:54 - [TEST_STEP][PASSED] - delay(3): Delayed 3 second(s)

2022-11-21 15:48:57 - [MESSAGE][PASSED] - Delayed 3 second(s)

2022-11-21 15:48:57 - [TEST_STEP][PASSED] - switchToWindowIndex(currentWindow + 1): Switched to window with index: '1'

2022-11-21 15:48:57 - [MESSAGE][PASSED] - Switched to window with index: '1'

2022-11-21 15:48:57 - [TEST_STEP][PASSED] - navigateToUrl("https://www.mailinator.com/"): Navigate to 'https://www.mailinator.com/' successfully

2022-11-21 15:48:59 - [MESSAGE][PASSED] - Navigate to 'https://www.mailinator.com/' successfully

2022-11-21 15:48:59 - [TEST_STEP][PASSED] - delay(3): Delayed 3 second(s)

2022-11-21 15:49:02 - [MESSAGE][PASSED] - Delayed 3 second(s)

2022-11-21 15:49:02 - [TEST_STEP][PASSED] - setText(findTestObject("00-Signup and Activation/zMailinator/input_LOGIN_search"), "testuser02@mailinator.com"): Text 'testuser02@mailinator.com' is set on object 'Object Repository/00-Signup and Activation/zMailinator/input_LOGIN_search'

2022-11-21 15:49:03 - [MESSAGE][PASSED] - Text 'testuser02@mailinator.com' is set on object 'Object Repository/00-Signup and Activation/zMailinator/input_LOGIN_search'

2022-11-21 15:49:03 - [TEST_STEP][PASSED] - click(findTestObject("00-Signup and Activation/zMailinator/gobutton"), STOP_ON_FAILURE): Object: 'Object Repository/00-Signup and Activation/zMailinator/gobutton' is clicked on

2022-11-21 15:49:04 - [MESSAGE][PASSED] - Object: 'Object Repository/00-Signup and Activation/zMailinator/gobutton' is clicked on

2022-11-21 15:49:04 - [TEST_STEP][PASSED] - delay(3): Delayed 3 second(s)

2022-11-21 15:49:07 - [MESSAGE][PASSED] - Delayed 3 second(s)

2022-11-21 15:49:07 - [TEST_STEP][PASSED] - click(findTestObject("00-Signup and Activation/zMailinator/Email - everleagues")): Object: 'Object Repository/00-Signup and Activation/zMailinator/Email - everleagues' is clicked on

2022-11-21 15:49:08 - [MESSAGE][PASSED] - Object: 'Object Repository/00-Signup and Activation/zMailinator/Email - everleagues' is clicked on

2022-11-21 15:49:08 - [TEST_STEP][PASSED] - delay(3): Delayed 3 second(s)

2022-11-21 15:49:11 - [MESSAGE][PASSED] - Delayed 3 second(s)

2022-11-21 15:49:11 - [TEST_STEP][PASSED] - code = getText(findTestObject("Object Repository/06-Teams/For 2FA/2FA code")): Text of object 'Object Repository/06-Teams/For 2FA/2FA code' is: '383464'

2022-11-21 15:49:11 - [MESSAGE][PASSED] - Text of object 'Object Repository/06-Teams/For 2FA/2FA code' is: '383464'

2022-11-21 15:49:11 - [TEST_STEP][PASSED] - delay(3): Delayed 3 second(s)

2022-11-21 15:49:14 - [MESSAGE][PASSED] - Delayed 3 second(s)

2022-11-21 15:49:14 - [TEST_STEP][PASSED] - closeWindowTitle("Mailinator"): Window with title: 'Mailinator' is closed

2022-11-21 15:49:14 - [MESSAGE][PASSED] - Window with title: 'Mailinator' is closed

2022-11-21 15:49:14 - [TEST_STEP][PASSED] - delay(3): Delayed 3 second(s)

2022-11-21 15:49:17 - [MESSAGE][PASSED] - Delayed 3 second(s)

2022-11-21 15:49:17 - [TEST_STEP][PASSED] - switchToWindowIndex(0): Switched to window with index: '0'

2022-11-21 15:49:17 - [MESSAGE][PASSED] - Switched to window with index: '0'

2022-11-21 15:49:17 - [TEST_STEP][PASSED] - delay(3): Delayed 3 second(s)

2022-11-21 15:49:20 - [MESSAGE][PASSED] - Delayed 3 second(s)

2022-11-21 15:49:20 - [TEST_STEP][PASSED] - setText(findTestObject("Object Repository/06-Teams/For 2FA/input_Enter verification code_code"), code): Text '383464' is set on object 'Object Repository/06-Teams/For 2FA/input_Enter verification code_code'

2022-11-21 15:49:21 - [MESSAGE][PASSED] - Text '383464' is set on object 'Object Repository/06-Teams/For 2FA/input_Enter verification code_code'

2022-11-21 15:49:21 - [TEST_STEP][PASSED] - delay(3): Delayed 3 second(s)

2022-11-21 15:49:24 - [MESSAGE][PASSED] - Delayed 3 second(s)

2022-11-21 15:49:24 - [TEST_STEP][PASSED] - click(findTestObject("06-Teams/For 2FA/button_Verify_2FA")): Object: 'Object Repository/06-Teams/For 2FA/button_Verify_2FA' is clicked on

2022-11-21 15:49:25 - [MESSAGE][PASSED] - Object: 'Object Repository/06-Teams/For 2FA/button_Verify_2FA' is clicked on

2022-11-21 15:49:25 - [TEST_STEP][PASSED] - delay(5): Delayed 5 second(s)

2022-11-21 15:49:30 - [MESSAGE][PASSED] - Delayed 5 second(s)

2022-11-21 15:49:30 - [TEST_STEP][PASSED] - click(findTestObject("06-Teams/button_doublearrow")): Object: 'Object Repository/06-Teams/button_doublearrow' is clicked on

2022-11-21 15:49:31 - [MESSAGE][PASSED] - Object: 'Object Repository/06-Teams/button_doublearrow' is clicked on

2022-11-21 15:49:31 - [TEST_STEP][PASSED] - click(findTestObject("06-Teams/button_My Organizations")): Object: 'Object Repository/06-Teams/button_My Organizations' is clicked on

2022-11-21 15:49:32 - [MESSAGE][PASSED] - Object: 'Object Repository/06-Teams/button_My Organizations' is clicked on

2022-11-21 15:49:32 - [TEST_STEP][PASSED] - click(findTestObject("06-Teams/button_GG Automation")): Object: 'Object Repository/06-Teams/button_GG Automation' is clicked on

2022-11-21 15:49:32 - [MESSAGE][PASSED] - Object: 'Object Repository/06-Teams/button_GG Automation' is clicked on

2022-11-21 15:49:32 - [TEST_STEP][PASSED] - delay(4): Delayed 4 second(s)

2022-11-21 15:49:36 - [MESSAGE][PASSED] - Delayed 4 second(s)

2022-11-21 15:49:36 - [TEST_STEP][PASSED] - verifyElementVisible(findTestObject("06-Teams/span_GG Automation")): Object 'Object Repository/06-Teams/span_GG Automation' is visible

2022-11-21 15:49:37 - [MESSAGE][PASSED] - Object 'Object Repository/06-Teams/span_GG Automation' is visible

2022-11-21 15:49:37 - [TEST_STEP][PASSED] - delay(5): Delayed 5 second(s)

2022-11-21 15:49:42 - [MESSAGE][PASSED] - Delayed 5 second(s)

2022-11-21 15:49:42 - [TEST_STEP][PASSED] - click(findTestObject("03-Header Menu/Hamburger Button/div_Settings")): Object: 'Object Repository/03-Header Menu/Hamburger Button/div_Settings' is clicked on

2022-11-21 15:49:42 - [MESSAGE][PASSED] - Object: 'Object Repository/03-Header Menu/Hamburger Button/div_Settings' is clicked on

2022-11-21 15:49:42 - [TEST_STEP][PASSED] - delay(3): Delayed 3 second(s)

2022-11-21 15:49:45 - [MESSAGE][PASSED] - Delayed 3 second(s)

2022-11-21 15:49:45 - [TEST_STEP][PASSED] - click(findTestObject("09-Settings/Users/div_Users")): Object: 'Object Repository/09-Settings/Users/div_Users' is clicked on

2022-11-21 15:49:46 - [MESSAGE][PASSED] - Object: 'Object Repository/09-Settings/Users/div_Users' is clicked on

2022-11-21 15:49:46 - [TEST_STEP][PASSED] - delay(3): Delayed 3 second(s)

2022-11-21 15:49:49 - [MESSAGE][PASSED] - Delayed 3 second(s)

2022-11-21 15:49:49 - [TEST_STEP][PASSED] - click(findTestObject("09-Settings/Users/button_add")): Object: 'Object Repository/09-Settings/Users/button_add' is clicked on

2022-11-21 15:49:49 - [MESSAGE][PASSED] - Object: 'Object Repository/09-Settings/Users/button_add' is clicked on

2022-11-21 15:49:49 - [TEST_STEP][PASSED] - delay(3): Delayed 3 second(s)

2022-11-21 15:49:52 - [MESSAGE][PASSED] - Delayed 3 second(s)

2022-11-21 15:49:52 - [TEST_STEP][PASSED] - click(findTestObject("09-Settings/Users/add Invite a single user")): Object: 'Object Repository/09-Settings/Users/add Invite a single user' is clicked on

2022-11-21 15:49:53 - [MESSAGE][PASSED] - Object: 'Object Repository/09-Settings/Users/add Invite a single user' is clicked on

2022-11-21 15:49:53 - [TEST_STEP][PASSED] - delay(3): Delayed 3 second(s)

2022-11-21 15:49:56 - [MESSAGE][PASSED] - Delayed 3 second(s)

2022-11-21 15:49:56 - [TEST_STEP][PASSED] - setText(findTestObject("09-Settings/Users/input_email"), "autotester09@mailinator.com"): Text 'autotester09@mailinator.com' is set on object 'Object Repository/09-Settings/Users/input_email'

2022-11-21 15:49:57 - [MESSAGE][PASSED] - Text 'autotester09@mailinator.com' is set on object 'Object Repository/09-Settings/Users/input_email'

2022-11-21 15:49:57 - [TEST_STEP][PASSED] - setText(findTestObject("09-Settings/Users/input_firstName"), "GG"): Text 'GG' is set on object 'Object Repository/09-Settings/Users/input_firstName'

2022-11-21 15:49:58 - [MESSAGE][PASSED] - Text 'GG' is set on object 'Object Repository/09-Settings/Users/input_firstName'

2022-11-21 15:49:58 - [TEST_STEP][PASSED] - setText(findTestObject("09-Settings/Users/input_lastName"), "Client"): Text 'Client' is set on object 'Object Repository/09-Settings/Users/input_lastName'

2022-11-21 15:49:58 - [MESSAGE][PASSED] - Text 'Client' is set on object 'Object Repository/09-Settings/Users/input_lastName'

2022-11-21 15:49:58 - [TEST_STEP][PASSED] - click(findTestObject("09-Settings/Users/span_Role")): Object: 'Object Repository/09-Settings/Users/span_Role' is clicked on

2022-11-21 15:49:59 - [MESSAGE][PASSED] - Object: 'Object Repository/09-Settings/Users/span_Role' is clicked on

2022-11-21 15:49:59 - [TEST_STEP][PASSED] - click(findTestObject("09-Settings/Users/span_Client")): Object: 'Object Repository/09-Settings/Users/span_Client' is clicked on

2022-11-21 15:49:59 - [MESSAGE][PASSED] - Object: 'Object Repository/09-Settings/Users/span_Client' is clicked on

2022-11-21 15:49:59 - [TEST_STEP][PASSED] - click(findTestObject("09-Settings/Users/button_Send Invitation")): Object: 'Object Repository/09-Settings/Users/button_Send Invitation' is clicked on

2022-11-21 15:50:00 - [MESSAGE][PASSED] - Object: 'Object Repository/09-Settings/Users/button_Send Invitation' is clicked on

2022-11-21 15:50:00 - [TEST_STEP][PASSED] - delay(2): Delayed 2 second(s)

2022-11-21 15:50:03 - [MESSAGE][PASSED] - Delayed 2 second(s)

2022-11-21 15:50:03 - [TEST_STEP][PASSED] - verifyElementVisible(findTestObject("07-Directory/Connections/zContact Profile/Successfully invited user")): Object 'Object Repository/07-Directory/Connections/zContact Profile/Successfully invited user' is visible

2022-11-21 15:50:03 - [MESSAGE][PASSED] - Object 'Object Repository/07-Directory/Connections/zContact Profile/Successfully invited user' is visible

2022-11-21 15:50:03 - [TEST_STEP][PASSED] - delay(2): Delayed 2 second(s)

2022-11-21 15:50:05 - [MESSAGE][PASSED] - Delayed 2 second(s)

2022-11-21 15:50:05 - [TEST_STEP][PASSED] - click(findTestObject("01-Login and Forgot Password/User menu drop")): Object: 'Object Repository/01-Login and Forgot Password/User menu drop' is clicked on

2022-11-21 15:50:05 - [MESSAGE][PASSED] - Object: 'Object Repository/01-Login and Forgot Password/User menu drop' is clicked on

2022-11-21 15:50:05 - [TEST_STEP][PASSED] - delay(2): Delayed 2 second(s)

2022-11-21 15:50:07 - [MESSAGE][PASSED] - Delayed 2 second(s)

2022-11-21 15:50:07 - [TEST_STEP][PASSED] - click(findTestObject("01-Login and Forgot Password/h4_Sign Out"), STOP_ON_FAILURE): Object: 'Object Repository/01-Login and Forgot Password/h4_Sign Out' is clicked on

2022-11-21 15:50:08 - [MESSAGE][PASSED] - Object: 'Object Repository/01-Login and Forgot Password/h4_Sign Out' is clicked on

2022-11-21 15:50:08 - [TEST_STEP][PASSED] - delay(2): Delayed 2 second(s)

2022-11-21 15:50:10 - [MESSAGE][PASSED] - Delayed 2 second(s)

2022-11-21 15:50:10 - [TEST_STEP][PASSED] - verifyElementPresent(findTestObject("01-Login and Forgot Password/Login_Card"), 0): Object 'Object Repository/01-Login and Forgot Password/Login_Card' is present

2022-11-21 15:50:10 - [MESSAGE][WARNING] - Timeout '0' is invalid. Using default page load timeout: '30'

2022-11-21 15:50:10 - [MESSAGE][PASSED] - Object 'Object Repository/01-Login and Forgot Password/Login_Card' is present

2022-11-21 15:50:10 - [TEST_STEP][PASSED] - delay(3): Delayed 3 second(s)

2022-11-21 15:50:13 - [MESSAGE][PASSED] - Delayed 3 second(s)

2022-11-21 15:50:13 - [TEST_STEP][PASSED] - closeBrowser(): Browser is closed

2022-11-21 15:50:14 - [MESSAGE][PASSED] - Browser is closed

2022-11-21 15:50:14 - [TEST_STEP][PASSED] - openBrowser(""): Browser is opened with url: ''

2022-11-21 15:50:14 - [MESSAGE][INFO] - Starting 'Chrome' driver

2022-11-21 15:50:14 - [MESSAGE][INFO] - Action delay is set to 0 milliseconds

2022-11-21 15:50:15 - [MESSAGE][PASSED] - Browser is opened with url: ''

2022-11-21 15:50:15 - [TEST_STEP][PASSED] - navigateToUrl("https://lab.everleagues.com/"): Navigate to 'https://lab.everleagues.com/' successfully

2022-11-21 15:50:27 - [MESSAGE][PASSED] - Navigate to 'https://lab.everleagues.com/' successfully

2022-11-21 15:50:27 - [TEST_STEP][PASSED] - maximizeWindow(): Current window maximized

2022-11-21 15:50:27 - [MESSAGE][PASSED] - Current window maximized

2022-11-21 15:50:27 - [TEST_STEP][PASSED] - setText(findTestObject("02-Side Icons(Organization)/Add Contact/Email Field"), "autotester09@mailinator.com"): Text 'autotester09@mailinator.com' is set on object 'Object Repository/02-Side Icons(Organization)/Add Contact/Email Field'

2022-11-21 15:50:28 - [MESSAGE][PASSED] - Text 'autotester09@mailinator.com' is set on object 'Object Repository/02-Side Icons(Organization)/Add Contact/Email Field'

2022-11-21 15:50:28 - [TEST_STEP][PASSED] - setEncryptedText(findTestObject("02-Side Icons(Organization)/Add Contact/Password Field"), "8yFRyszE6U6jvsCn51OQbg=="): Text ****** has been set on object 'Object Repository/02-Side Icons(Organization)/Add Contact/Password Field'

2022-11-21 15:50:28 - [MESSAGE][PASSED] - Text ****** has been set on object 'Object Repository/02-Side Icons(Organization)/Add Contact/Password Field'

2022-11-21 15:50:28 - [TEST_STEP][PASSED] - click(findTestObject("02-Side Icons(Organization)/Add Contact/button_Sign in")): Object: 'Object Repository/02-Side Icons(Organization)/Add Contact/button_Sign in' is clicked on

2022-11-21 15:50:29 - [MESSAGE][PASSED] - Object: 'Object Repository/02-Side Icons(Organization)/Add Contact/button_Sign in' is clicked on

2022-11-21 15:50:29 - [TEST_STEP][PASSED] - delay(2): Delayed 2 second(s)

2022-11-21 15:50:31 - [MESSAGE][PASSED] - Delayed 2 second(s)

2022-11-21 15:50:31 - [TEST_STEP][PASSED] - click(findTestObject("06-Teams/For 2FA/button_Confirm_2FA")): Object: 'Object Repository/06-Teams/For 2FA/button_Confirm_2FA' is clicked on

2022-11-21 15:50:31 - [MESSAGE][PASSED] - Object: 'Object Repository/06-Teams/For 2FA/button_Confirm_2FA' is clicked on

2022-11-21 15:50:31 - [TEST_STEP][PASSED] - executeJavaScript("window.open();", []): Execute JavaScript 'window.open();' successfully

2022-11-21 15:50:31 - [MESSAGE][PASSED] - Execute JavaScript 'window.open();' successfully

2022-11-21 15:50:31 - [TEST_STEP][PASSED] - currentWindow = getWindowIndex(): Current window's index is: 0

2022-11-21 15:50:31 - [MESSAGE][PASSED] - Current window's index is: 0

2022-11-21 15:50:31 - [TEST_STEP][PASSED] - delay(3): Delayed 3 second(s)

2022-11-21 15:50:34 - [MESSAGE][PASSED] - Delayed 3 second(s)

2022-11-21 15:50:34 - [TEST_STEP][PASSED] - switchToWindowIndex(currentWindow + 1): Switched to window with index: '1'

2022-11-21 15:50:34 - [MESSAGE][PASSED] - Switched to window with index: '1'

2022-11-21 15:50:34 - [TEST_STEP][PASSED] - navigateToUrl("https://www.mailinator.com/"): Navigate to 'https://www.mailinator.com/' successfully

2022-11-21 15:50:36 - [MESSAGE][PASSED] - Navigate to 'https://www.mailinator.com/' successfully

2022-11-21 15:50:36 - [TEST_STEP][PASSED] - delay(3): Delayed 3 second(s)

2022-11-21 15:50:39 - [MESSAGE][PASSED] - Delayed 3 second(s)

2022-11-21 15:50:39 - [TEST_STEP][PASSED] - setText(findTestObject("00-Signup and Activation/zMailinator/input_LOGIN_search"), "autotester09@mailinator.com"): Text 'autotester09@mailinator.com' is set on object 'Object Repository/00-Signup and Activation/zMailinator/input_LOGIN_search'

2022-11-21 15:50:40 - [MESSAGE][PASSED] - Text 'autotester09@mailinator.com' is set on object 'Object Repository/00-Signup and Activation/zMailinator/input_LOGIN_search'

2022-11-21 15:50:40 - [TEST_STEP][PASSED] - click(findTestObject("00-Signup and Activation/zMailinator/gobutton"), STOP_ON_FAILURE): Object: 'Object Repository/00-Signup and Activation/zMailinator/gobutton' is clicked on

2022-11-21 15:50:41 - [MESSAGE][PASSED] - Object: 'Object Repository/00-Signup and Activation/zMailinator/gobutton' is clicked on

2022-11-21 15:50:41 - [TEST_STEP][PASSED] - delay(3): Delayed 3 second(s)

2022-11-21 15:50:44 - [MESSAGE][PASSED] - Delayed 3 second(s)

2022-11-21 15:50:44 - [TEST_STEP][PASSED] - click(findTestObject("00-Signup and Activation/zMailinator/Email - everleagues")): Object: 'Object Repository/00-Signup and Activation/zMailinator/Email - everleagues' is clicked on

2022-11-21 15:50:45 - [MESSAGE][PASSED] - Object: 'Object Repository/00-Signup and Activation/zMailinator/Email - everleagues' is clicked on

2022-11-21 15:50:45 - [TEST_STEP][PASSED] - delay(3): Delayed 3 second(s)

2022-11-21 15:50:48 - [MESSAGE][PASSED] - Delayed 3 second(s)

2022-11-21 15:50:48 - [TEST_STEP][PASSED] - codetwo = getText(findTestObject("Object Repository/06-Teams/For 2FA/2FA code")): Text of object 'Object Repository/06-Teams/For 2FA/2FA code' is: '001262'

2022-11-21 15:50:48 - [MESSAGE][PASSED] - Text of object 'Object Repository/06-Teams/For 2FA/2FA code' is: '001262'

2022-11-21 15:50:48 - [TEST_STEP][PASSED] - delay(3): Delayed 3 second(s)

2022-11-21 15:50:51 - [MESSAGE][PASSED] - Delayed 3 second(s)

2022-11-21 15:50:51 - [TEST_STEP][PASSED] - closeWindowTitle("Mailinator"): Window with title: 'Mailinator' is closed

2022-11-21 15:50:51 - [MESSAGE][PASSED] - Window with title: 'Mailinator' is closed

2022-11-21 15:50:51 - [TEST_STEP][PASSED] - delay(3): Delayed 3 second(s)

2022-11-21 15:50:54 - [MESSAGE][PASSED] - Delayed 3 second(s)

2022-11-21 15:50:54 - [TEST_STEP][PASSED] - switchToWindowIndex(0): Switched to window with index: '0'

2022-11-21 15:50:54 - [MESSAGE][PASSED] - Switched to window with index: '0'

2022-11-21 15:50:54 - [TEST_STEP][PASSED] - delay(3): Delayed 3 second(s)

2022-11-21 15:50:57 - [MESSAGE][PASSED] - Delayed 3 second(s)

2022-11-21 15:50:57 - [TEST_STEP][PASSED] - setText(findTestObject("Object Repository/06-Teams/For 2FA/input_Enter verification code_code"), codetwo): Text '001262' is set on object 'Object Repository/06-Teams/For 2FA/input_Enter verification code_code'

2022-11-21 15:50:58 - [MESSAGE][PASSED] - Text '001262' is set on object 'Object Repository/06-Teams/For 2FA/input_Enter verification code_code'

2022-11-21 15:50:58 - [TEST_STEP][PASSED] - delay(3): Delayed 3 second(s)

2022-11-21 15:51:01 - [MESSAGE][PASSED] - Delayed 3 second(s)

2022-11-21 15:51:01 - [TEST_STEP][PASSED] - click(findTestObject("06-Teams/For 2FA/button_Verify_2FA")): Object: 'Object Repository/06-Teams/For 2FA/button_Verify_2FA' is clicked on

2022-11-21 15:51:02 - [MESSAGE][PASSED] - Object: 'Object Repository/06-Teams/For 2FA/button_Verify_2FA' is clicked on

2022-11-21 15:51:02 - [TEST_STEP][PASSED] - delay(5): Delayed 5 second(s)

2022-11-21 15:51:07 - [MESSAGE][PASSED] - Delayed 5 second(s)

2022-11-21 15:51:07 - [TEST_STEP][PASSED] - executeJavaScript("window.open();", []): Execute JavaScript 'window.open();' successfully

2022-11-21 15:51:07 - [MESSAGE][PASSED] - Execute JavaScript 'window.open();' successfully

2022-11-21 15:51:07 - [TEST_STEP][PASSED] - currentWindow = getWindowIndex(): Current window's index is: 0

2022-11-21 15:51:07 - [MESSAGE][PASSED] - Current window's index is: 0

2022-11-21 15:51:07 - [TEST_STEP][PASSED] - delay(3): Delayed 3 second(s)

2022-11-21 15:51:10 - [MESSAGE][PASSED] - Delayed 3 second(s)

2022-11-21 15:51:10 - [TEST_STEP][PASSED] - switchToWindowIndex(currentWindow + 1): Switched to window with index: '1'

2022-11-21 15:51:10 - [MESSAGE][PASSED] - Switched to window with index: '1'

2022-11-21 15:51:10 - [TEST_STEP][PASSED] - navigateToUrl("https://www.mailinator.com/"): Navigate to 'https://www.mailinator.com/' successfully

2022-11-21 15:51:11 - [MESSAGE][PASSED] - Navigate to 'https://www.mailinator.com/' successfully

2022-11-21 15:51:11 - [TEST_STEP][PASSED] - delay(3): Delayed 3 second(s)

2022-11-21 15:51:14 - [MESSAGE][PASSED] - Delayed 3 second(s)

2022-11-21 15:51:14 - [TEST_STEP][PASSED] - setText(findTestObject("00-Signup and Activation/zMailinator/input_LOGIN_search"), "autotester09@mailinator.com"): Text 'autotester09@mailinator.com' is set on object 'Object Repository/00-Signup and Activation/zMailinator/input_LOGIN_search'

2022-11-21 15:51:15 - [MESSAGE][PASSED] - Text 'autotester09@mailinator.com' is set on object 'Object Repository/00-Signup and Activation/zMailinator/input_LOGIN_search'

2022-11-21 15:51:15 - [TEST_STEP][PASSED] - click(findTestObject("00-Signup and Activation/zMailinator/gobutton"), STOP_ON_FAILURE): Object: 'Object Repository/00-Signup and Activation/zMailinator/gobutton' is clicked on

2022-11-21 15:51:16 - [MESSAGE][PASSED] - Object: 'Object Repository/00-Signup and Activation/zMailinator/gobutton' is clicked on

2022-11-21 15:51:16 - [TEST_STEP][PASSED] - delay(3): Delayed 3 second(s)

2022-11-21 15:51:19 - [MESSAGE][PASSED] - Delayed 3 second(s)

2022-11-21 15:51:19 - [TEST_STEP][PASSED] - closeWindowTitle("Everleagues"): Window with title: 'Everleagues' is closed

2022-11-21 15:51:19 - [MESSAGE][PASSED] - Window with title: 'Everleagues' is closed

2022-11-21 15:51:19 - [TEST_STEP][PASSED] - switchToWindowIndex(0): Switched to window with index: '0'

2022-11-21 15:51:19 - [MESSAGE][PASSED] - Switched to window with index: '0'

2022-11-21 15:51:19 - [TEST_STEP][PASSED] - click(findTestObject("09-Settings/Users/Co worker/td_Invitation from GG Automation")): Object: 'Object Repository/09-Settings/Users/Co worker/td_Invitation from GG Automation' is clicked on

2022-11-21 15:51:19 - [MESSAGE][PASSED] - Object: 'Object Repository/09-Settings/Users/Co worker/td_Invitation from GG Automation' is clicked on

2022-11-21 15:51:19 - [TEST_STEP][PASSED] - click(findTestObject("09-Settings/Users/Co worker/a_Click here to join GG Automation on EverLeagues")): Object: 'Object Repository/09-Settings/Users/Co worker/a_Click here to join GG Automation on EverLeagues' is clicked on

2022-11-21 15:51:21 - [MESSAGE][PASSED] - Object: 'Object Repository/09-Settings/Users/Co worker/a_Click here to join GG Automation on EverLeagues' is clicked on

2022-11-21 15:51:21 - [TEST_STEP][PASSED] - closeWindowTitle("Mailinator"): Window with title: 'Mailinator' is closed

2022-11-21 15:51:21 - [MESSAGE][PASSED] - Window with title: 'Mailinator' is closed

2022-11-21 15:51:21 - [TEST_STEP][PASSED] - switchToWindowIndex(0): Switched to window with index: '0'

2022-11-21 15:51:21 - [MESSAGE][PASSED] - Switched to window with index: '0'

2022-11-21 15:51:21 - [TEST_STEP][PASSED] - verifyElementVisible(findTestObject("09-Settings/Users/Client/Invite modal")): Object 'Object Repository/09-Settings/Users/Client/Invite modal' is visible

2022-11-21 15:51:27 - [MESSAGE][PASSED] - Object 'Object Repository/09-Settings/Users/Client/Invite modal' is visible

2022-11-21 15:51:27 - [TEST_STEP][PASSED] - setText(findTestObject("09-Settings/Users/Client/Company field"), "QA Company"): Text 'QA Company' is set on object 'Object Repository/09-Settings/Users/Client/Company field'

2022-11-21 15:51:27 - [MESSAGE][PASSED] - Text 'QA Company' is set on object 'Object Repository/09-Settings/Users/Client/Company field'

2022-11-21 15:51:27 - [TEST_STEP][PASSED] - click(findTestObject("09-Settings/Users/Client/button_Accept")): Object: 'Object Repository/09-Settings/Users/Client/button_Accept' is clicked on

2022-11-21 15:51:28 - [MESSAGE][PASSED] - Object: 'Object Repository/09-Settings/Users/Client/button_Accept' is clicked on

2022-11-21 15:51:28 - [TEST_STEP][PASSED] - delay(5): Delayed 5 second(s)

2022-11-21 15:51:33 - [MESSAGE][PASSED] - Delayed 5 second(s)

2022-11-21 15:51:33 - [TEST_STEP][PASSED] - verifyElementVisible(findTestObject("09-Settings/Users/Client/div_Joined as CLIENT")): Object 'Object Repository/09-Settings/Users/Client/div_Joined as CLIENT' is visible

2022-11-21 15:51:34 - [MESSAGE][PASSED] - Object 'Object Repository/09-Settings/Users/Client/div_Joined as CLIENT' is visible

2022-11-21 15:51:34 - [TEST_STEP][PASSED] - delay(3): Delayed 3 second(s)

2022-11-21 15:51:37 - [MESSAGE][PASSED] - Delayed 3 second(s)

2022-11-21 15:51:37 - [TEST_STEP][PASSED] - closeBrowser(): Browser is closed

2022-11-21 15:51:38 - [MESSAGE][PASSED] - Browser is closed]]></system-out>
         <system-err><![CDATA[]]></system-err>
      </testcase>
      <testcase name="Test Cases/09-Settings/04 - Users (Invite new user as partner)" time="185.628" classname="Test Cases/09-Settings/04 - Users (Invite new user as partner)" status="PASSED">
         <system-out><![CDATA[2022-11-21 15:51:38 - [TEST_CASE][PASSED] - Test Cases/09-Settings/04 - Users (Invite new user as partner): Test Cases/09-Settings/04 - Users (Invite new user as partner)

2022-11-21 15:51:38 - [TEST_STEP][PASSED] - openBrowser(""): Browser is opened with url: ''

2022-11-21 15:51:38 - [MESSAGE][INFO] - Starting 'Chrome' driver

2022-11-21 15:51:38 - [MESSAGE][INFO] - Action delay is set to 0 milliseconds

2022-11-21 15:51:39 - [MESSAGE][PASSED] - Browser is opened with url: ''

2022-11-21 15:51:39 - [TEST_STEP][PASSED] - navigateToUrl("https://lab.everleagues.com/"): Navigate to 'https://lab.everleagues.com/' successfully

2022-11-21 15:51:52 - [MESSAGE][PASSED] - Navigate to 'https://lab.everleagues.com/' successfully

2022-11-21 15:51:52 - [TEST_STEP][PASSED] - maximizeWindow(): Current window maximized

2022-11-21 15:51:52 - [MESSAGE][PASSED] - Current window maximized

2022-11-21 15:51:52 - [TEST_STEP][PASSED] - setText(findTestObject("02-Side Icons(Organization)/Add Contact/Email Field"), "testuser02@mailinator.com"): Text 'testuser02@mailinator.com' is set on object 'Object Repository/02-Side Icons(Organization)/Add Contact/Email Field'

2022-11-21 15:51:53 - [MESSAGE][PASSED] - Text 'testuser02@mailinator.com' is set on object 'Object Repository/02-Side Icons(Organization)/Add Contact/Email Field'

2022-11-21 15:51:53 - [TEST_STEP][PASSED] - setEncryptedText(findTestObject("02-Side Icons(Organization)/Add Contact/Password Field"), "8yFRyszE6U6jvsCn51OQbg=="): Text ****** has been set on object 'Object Repository/02-Side Icons(Organization)/Add Contact/Password Field'

2022-11-21 15:51:53 - [MESSAGE][PASSED] - Text ****** has been set on object 'Object Repository/02-Side Icons(Organization)/Add Contact/Password Field'

2022-11-21 15:51:53 - [TEST_STEP][PASSED] - click(findTestObject("02-Side Icons(Organization)/Add Contact/button_Sign in")): Object: 'Object Repository/02-Side Icons(Organization)/Add Contact/button_Sign in' is clicked on

2022-11-21 15:51:54 - [MESSAGE][PASSED] - Object: 'Object Repository/02-Side Icons(Organization)/Add Contact/button_Sign in' is clicked on

2022-11-21 15:51:54 - [TEST_STEP][PASSED] - delay(2): Delayed 2 second(s)

2022-11-21 15:51:56 - [MESSAGE][PASSED] - Delayed 2 second(s)

2022-11-21 15:51:56 - [TEST_STEP][PASSED] - click(findTestObject("06-Teams/For 2FA/button_Confirm_2FA")): Object: 'Object Repository/06-Teams/For 2FA/button_Confirm_2FA' is clicked on

2022-11-21 15:51:56 - [MESSAGE][PASSED] - Object: 'Object Repository/06-Teams/For 2FA/button_Confirm_2FA' is clicked on

2022-11-21 15:51:56 - [TEST_STEP][PASSED] - executeJavaScript("window.open();", []): Execute JavaScript 'window.open();' successfully

2022-11-21 15:51:57 - [MESSAGE][PASSED] - Execute JavaScript 'window.open();' successfully

2022-11-21 15:51:57 - [TEST_STEP][PASSED] - currentWindow = getWindowIndex(): Current window's index is: 0

2022-11-21 15:51:57 - [MESSAGE][PASSED] - Current window's index is: 0

2022-11-21 15:51:57 - [TEST_STEP][PASSED] - delay(3): Delayed 3 second(s)

2022-11-21 15:52:00 - [MESSAGE][PASSED] - Delayed 3 second(s)

2022-11-21 15:52:00 - [TEST_STEP][PASSED] - switchToWindowIndex(currentWindow + 1): Switched to window with index: '1'

2022-11-21 15:52:00 - [MESSAGE][PASSED] - Switched to window with index: '1'

2022-11-21 15:52:00 - [TEST_STEP][PASSED] - navigateToUrl("https://www.mailinator.com/"): Navigate to 'https://www.mailinator.com/' successfully

2022-11-21 15:52:02 - [MESSAGE][PASSED] - Navigate to 'https://www.mailinator.com/' successfully

2022-11-21 15:52:02 - [TEST_STEP][PASSED] - delay(3): Delayed 3 second(s)

2022-11-21 15:52:05 - [MESSAGE][PASSED] - Delayed 3 second(s)

2022-11-21 15:52:05 - [TEST_STEP][PASSED] - setText(findTestObject("00-Signup and Activation/zMailinator/input_LOGIN_search"), "testuser02@mailinator.com"): Text 'testuser02@mailinator.com' is set on object 'Object Repository/00-Signup and Activation/zMailinator/input_LOGIN_search'

2022-11-21 15:52:06 - [MESSAGE][PASSED] - Text 'testuser02@mailinator.com' is set on object 'Object Repository/00-Signup and Activation/zMailinator/input_LOGIN_search'

2022-11-21 15:52:06 - [TEST_STEP][PASSED] - click(findTestObject("00-Signup and Activation/zMailinator/gobutton"), STOP_ON_FAILURE): Object: 'Object Repository/00-Signup and Activation/zMailinator/gobutton' is clicked on

2022-11-21 15:52:07 - [MESSAGE][PASSED] - Object: 'Object Repository/00-Signup and Activation/zMailinator/gobutton' is clicked on

2022-11-21 15:52:07 - [TEST_STEP][PASSED] - delay(3): Delayed 3 second(s)

2022-11-21 15:52:10 - [MESSAGE][PASSED] - Delayed 3 second(s)

2022-11-21 15:52:10 - [TEST_STEP][PASSED] - click(findTestObject("00-Signup and Activation/zMailinator/Email - everleagues")): Object: 'Object Repository/00-Signup and Activation/zMailinator/Email - everleagues' is clicked on

2022-11-21 15:52:11 - [MESSAGE][PASSED] - Object: 'Object Repository/00-Signup and Activation/zMailinator/Email - everleagues' is clicked on

2022-11-21 15:52:11 - [TEST_STEP][PASSED] - delay(3): Delayed 3 second(s)

2022-11-21 15:52:14 - [MESSAGE][PASSED] - Delayed 3 second(s)

2022-11-21 15:52:14 - [TEST_STEP][PASSED] - code = getText(findTestObject("Object Repository/06-Teams/For 2FA/2FA code")): Text of object 'Object Repository/06-Teams/For 2FA/2FA code' is: '421558'

2022-11-21 15:52:14 - [MESSAGE][PASSED] - Text of object 'Object Repository/06-Teams/For 2FA/2FA code' is: '421558'

2022-11-21 15:52:14 - [TEST_STEP][PASSED] - delay(3): Delayed 3 second(s)

2022-11-21 15:52:17 - [MESSAGE][PASSED] - Delayed 3 second(s)

2022-11-21 15:52:17 - [TEST_STEP][PASSED] - closeWindowTitle("Mailinator"): Window with title: 'Mailinator' is closed

2022-11-21 15:52:17 - [MESSAGE][PASSED] - Window with title: 'Mailinator' is closed

2022-11-21 15:52:17 - [TEST_STEP][PASSED] - delay(3): Delayed 3 second(s)

2022-11-21 15:52:20 - [MESSAGE][PASSED] - Delayed 3 second(s)

2022-11-21 15:52:20 - [TEST_STEP][PASSED] - switchToWindowIndex(0): Switched to window with index: '0'

2022-11-21 15:52:20 - [MESSAGE][PASSED] - Switched to window with index: '0'

2022-11-21 15:52:20 - [TEST_STEP][PASSED] - delay(3): Delayed 3 second(s)

2022-11-21 15:52:23 - [MESSAGE][PASSED] - Delayed 3 second(s)

2022-11-21 15:52:23 - [TEST_STEP][PASSED] - setText(findTestObject("Object Repository/06-Teams/For 2FA/input_Enter verification code_code"), code): Text '421558' is set on object 'Object Repository/06-Teams/For 2FA/input_Enter verification code_code'

2022-11-21 15:52:24 - [MESSAGE][PASSED] - Text '421558' is set on object 'Object Repository/06-Teams/For 2FA/input_Enter verification code_code'

2022-11-21 15:52:24 - [TEST_STEP][PASSED] - delay(3): Delayed 3 second(s)

2022-11-21 15:52:27 - [MESSAGE][PASSED] - Delayed 3 second(s)

2022-11-21 15:52:27 - [TEST_STEP][PASSED] - click(findTestObject("06-Teams/For 2FA/button_Verify_2FA")): Object: 'Object Repository/06-Teams/For 2FA/button_Verify_2FA' is clicked on

2022-11-21 15:52:28 - [MESSAGE][PASSED] - Object: 'Object Repository/06-Teams/For 2FA/button_Verify_2FA' is clicked on

2022-11-21 15:52:28 - [TEST_STEP][PASSED] - delay(5): Delayed 5 second(s)

2022-11-21 15:52:33 - [MESSAGE][PASSED] - Delayed 5 second(s)

2022-11-21 15:52:33 - [TEST_STEP][PASSED] - click(findTestObject("06-Teams/button_doublearrow")): Object: 'Object Repository/06-Teams/button_doublearrow' is clicked on

2022-11-21 15:52:35 - [MESSAGE][PASSED] - Object: 'Object Repository/06-Teams/button_doublearrow' is clicked on

2022-11-21 15:52:35 - [TEST_STEP][PASSED] - click(findTestObject("06-Teams/button_My Organizations")): Object: 'Object Repository/06-Teams/button_My Organizations' is clicked on

2022-11-21 15:52:35 - [MESSAGE][PASSED] - Object: 'Object Repository/06-Teams/button_My Organizations' is clicked on

2022-11-21 15:52:35 - [TEST_STEP][PASSED] - click(findTestObject("06-Teams/button_GG Automation")): Object: 'Object Repository/06-Teams/button_GG Automation' is clicked on

2022-11-21 15:52:36 - [MESSAGE][PASSED] - Object: 'Object Repository/06-Teams/button_GG Automation' is clicked on

2022-11-21 15:52:36 - [TEST_STEP][PASSED] - delay(4): Delayed 4 second(s)

2022-11-21 15:52:40 - [MESSAGE][PASSED] - Delayed 4 second(s)

2022-11-21 15:52:40 - [TEST_STEP][PASSED] - verifyElementVisible(findTestObject("06-Teams/span_GG Automation")): Object 'Object Repository/06-Teams/span_GG Automation' is visible

2022-11-21 15:52:41 - [MESSAGE][PASSED] - Object 'Object Repository/06-Teams/span_GG Automation' is visible

2022-11-21 15:52:41 - [TEST_STEP][PASSED] - delay(5): Delayed 5 second(s)

2022-11-21 15:52:46 - [MESSAGE][PASSED] - Delayed 5 second(s)

2022-11-21 15:52:46 - [TEST_STEP][PASSED] - click(findTestObject("03-Header Menu/Hamburger Button/div_Settings")): Object: 'Object Repository/03-Header Menu/Hamburger Button/div_Settings' is clicked on

2022-11-21 15:52:46 - [MESSAGE][PASSED] - Object: 'Object Repository/03-Header Menu/Hamburger Button/div_Settings' is clicked on

2022-11-21 15:52:46 - [TEST_STEP][PASSED] - delay(3): Delayed 3 second(s)

2022-11-21 15:52:49 - [MESSAGE][PASSED] - Delayed 3 second(s)

2022-11-21 15:52:49 - [TEST_STEP][PASSED] - click(findTestObject("09-Settings/Users/div_Users")): Object: 'Object Repository/09-Settings/Users/div_Users' is clicked on

2022-11-21 15:52:50 - [MESSAGE][PASSED] - Object: 'Object Repository/09-Settings/Users/div_Users' is clicked on

2022-11-21 15:52:50 - [TEST_STEP][PASSED] - delay(3): Delayed 3 second(s)

2022-11-21 15:52:53 - [MESSAGE][PASSED] - Delayed 3 second(s)

2022-11-21 15:52:53 - [TEST_STEP][PASSED] - click(findTestObject("09-Settings/Users/button_add")): Object: 'Object Repository/09-Settings/Users/button_add' is clicked on

2022-11-21 15:52:53 - [MESSAGE][PASSED] - Object: 'Object Repository/09-Settings/Users/button_add' is clicked on

2022-11-21 15:52:53 - [TEST_STEP][PASSED] - delay(3): Delayed 3 second(s)

2022-11-21 15:52:56 - [MESSAGE][PASSED] - Delayed 3 second(s)

2022-11-21 15:52:56 - [TEST_STEP][PASSED] - click(findTestObject("09-Settings/Users/add Invite a single user")): Object: 'Object Repository/09-Settings/Users/add Invite a single user' is clicked on

2022-11-21 15:52:56 - [MESSAGE][PASSED] - Object: 'Object Repository/09-Settings/Users/add Invite a single user' is clicked on

2022-11-21 15:52:56 - [TEST_STEP][PASSED] - delay(3): Delayed 3 second(s)

2022-11-21 15:52:59 - [MESSAGE][PASSED] - Delayed 3 second(s)

2022-11-21 15:52:59 - [TEST_STEP][PASSED] - setText(findTestObject("09-Settings/Users/input_email"), "autotester10@mailinator.com"): Text 'autotester10@mailinator.com' is set on object 'Object Repository/09-Settings/Users/input_email'

2022-11-21 15:53:00 - [MESSAGE][PASSED] - Text 'autotester10@mailinator.com' is set on object 'Object Repository/09-Settings/Users/input_email'

2022-11-21 15:53:00 - [TEST_STEP][PASSED] - setText(findTestObject("09-Settings/Users/input_firstName"), "GG"): Text 'GG' is set on object 'Object Repository/09-Settings/Users/input_firstName'

2022-11-21 15:53:01 - [MESSAGE][PASSED] - Text 'GG' is set on object 'Object Repository/09-Settings/Users/input_firstName'

2022-11-21 15:53:01 - [TEST_STEP][PASSED] - setText(findTestObject("09-Settings/Users/input_lastName"), "Partner"): Text 'Partner' is set on object 'Object Repository/09-Settings/Users/input_lastName'

2022-11-21 15:53:02 - [MESSAGE][PASSED] - Text 'Partner' is set on object 'Object Repository/09-Settings/Users/input_lastName'

2022-11-21 15:53:02 - [TEST_STEP][PASSED] - click(findTestObject("09-Settings/Users/span_Role")): Object: 'Object Repository/09-Settings/Users/span_Role' is clicked on

2022-11-21 15:53:03 - [MESSAGE][PASSED] - Object: 'Object Repository/09-Settings/Users/span_Role' is clicked on

2022-11-21 15:53:03 - [TEST_STEP][PASSED] - click(findTestObject("09-Settings/Users/span_Partner")): Object: 'Object Repository/09-Settings/Users/span_Partner' is clicked on

2022-11-21 15:53:03 - [MESSAGE][PASSED] - Object: 'Object Repository/09-Settings/Users/span_Partner' is clicked on

2022-11-21 15:53:03 - [TEST_STEP][PASSED] - click(findTestObject("09-Settings/Users/button_Send Invitation")): Object: 'Object Repository/09-Settings/Users/button_Send Invitation' is clicked on

2022-11-21 15:53:04 - [MESSAGE][PASSED] - Object: 'Object Repository/09-Settings/Users/button_Send Invitation' is clicked on

2022-11-21 15:53:04 - [TEST_STEP][PASSED] - delay(2): Delayed 2 second(s)

2022-11-21 15:53:06 - [MESSAGE][PASSED] - Delayed 2 second(s)

2022-11-21 15:53:06 - [TEST_STEP][PASSED] - verifyElementVisible(findTestObject("07-Directory/Connections/zContact Profile/Successfully invited user")): Object 'Object Repository/07-Directory/Connections/zContact Profile/Successfully invited user' is visible

2022-11-21 15:53:07 - [MESSAGE][PASSED] - Object 'Object Repository/07-Directory/Connections/zContact Profile/Successfully invited user' is visible

2022-11-21 15:53:07 - [TEST_STEP][PASSED] - delay(2): Delayed 2 second(s)

2022-11-21 15:53:09 - [MESSAGE][PASSED] - Delayed 2 second(s)

2022-11-21 15:53:09 - [TEST_STEP][PASSED] - click(findTestObject("01-Login and Forgot Password/User menu drop")): Object: 'Object Repository/01-Login and Forgot Password/User menu drop' is clicked on

2022-11-21 15:53:10 - [MESSAGE][PASSED] - Object: 'Object Repository/01-Login and Forgot Password/User menu drop' is clicked on

2022-11-21 15:53:10 - [TEST_STEP][PASSED] - delay(2): Delayed 2 second(s)

2022-11-21 15:53:12 - [MESSAGE][PASSED] - Delayed 2 second(s)

2022-11-21 15:53:12 - [TEST_STEP][PASSED] - click(findTestObject("01-Login and Forgot Password/h4_Sign Out"), STOP_ON_FAILURE): Object: 'Object Repository/01-Login and Forgot Password/h4_Sign Out' is clicked on

2022-11-21 15:53:12 - [MESSAGE][PASSED] - Object: 'Object Repository/01-Login and Forgot Password/h4_Sign Out' is clicked on

2022-11-21 15:53:12 - [TEST_STEP][PASSED] - delay(2): Delayed 2 second(s)

2022-11-21 15:53:14 - [MESSAGE][PASSED] - Delayed 2 second(s)

2022-11-21 15:53:14 - [TEST_STEP][PASSED] - verifyElementPresent(findTestObject("01-Login and Forgot Password/Login_Card"), 0): Object 'Object Repository/01-Login and Forgot Password/Login_Card' is present

2022-11-21 15:53:14 - [MESSAGE][WARNING] - Timeout '0' is invalid. Using default page load timeout: '30'

2022-11-21 15:53:15 - [MESSAGE][PASSED] - Object 'Object Repository/01-Login and Forgot Password/Login_Card' is present

2022-11-21 15:53:15 - [TEST_STEP][PASSED] - delay(3): Delayed 3 second(s)

2022-11-21 15:53:18 - [MESSAGE][PASSED] - Delayed 3 second(s)

2022-11-21 15:53:18 - [TEST_STEP][PASSED] - closeBrowser(): Browser is closed

2022-11-21 15:53:18 - [MESSAGE][PASSED] - Browser is closed

2022-11-21 15:53:18 - [TEST_STEP][PASSED] - openBrowser(""): Browser is opened with url: ''

2022-11-21 15:53:18 - [MESSAGE][INFO] - Starting 'Chrome' driver

2022-11-21 15:53:18 - [MESSAGE][INFO] - Action delay is set to 0 milliseconds

2022-11-21 15:53:19 - [MESSAGE][PASSED] - Browser is opened with url: ''

2022-11-21 15:53:19 - [TEST_STEP][PASSED] - navigateToUrl("https://lab.everleagues.com/"): Navigate to 'https://lab.everleagues.com/' successfully

2022-11-21 15:53:30 - [MESSAGE][PASSED] - Navigate to 'https://lab.everleagues.com/' successfully

2022-11-21 15:53:30 - [TEST_STEP][PASSED] - maximizeWindow(): Current window maximized

2022-11-21 15:53:30 - [MESSAGE][PASSED] - Current window maximized

2022-11-21 15:53:30 - [TEST_STEP][PASSED] - setText(findTestObject("02-Side Icons(Organization)/Add Contact/Email Field"), "autotester10@mailinator.com"): Text 'autotester10@mailinator.com' is set on object 'Object Repository/02-Side Icons(Organization)/Add Contact/Email Field'

2022-11-21 15:53:31 - [MESSAGE][PASSED] - Text 'autotester10@mailinator.com' is set on object 'Object Repository/02-Side Icons(Organization)/Add Contact/Email Field'

2022-11-21 15:53:31 - [TEST_STEP][PASSED] - setEncryptedText(findTestObject("02-Side Icons(Organization)/Add Contact/Password Field"), "8yFRyszE6U6jvsCn51OQbg=="): Text ****** has been set on object 'Object Repository/02-Side Icons(Organization)/Add Contact/Password Field'

2022-11-21 15:53:32 - [MESSAGE][PASSED] - Text ****** has been set on object 'Object Repository/02-Side Icons(Organization)/Add Contact/Password Field'

2022-11-21 15:53:32 - [TEST_STEP][PASSED] - click(findTestObject("02-Side Icons(Organization)/Add Contact/button_Sign in")): Object: 'Object Repository/02-Side Icons(Organization)/Add Contact/button_Sign in' is clicked on

2022-11-21 15:53:32 - [MESSAGE][PASSED] - Object: 'Object Repository/02-Side Icons(Organization)/Add Contact/button_Sign in' is clicked on

2022-11-21 15:53:32 - [TEST_STEP][PASSED] - delay(2): Delayed 2 second(s)

2022-11-21 15:53:34 - [MESSAGE][PASSED] - Delayed 2 second(s)

2022-11-21 15:53:34 - [TEST_STEP][PASSED] - click(findTestObject("06-Teams/For 2FA/button_Confirm_2FA")): Object: 'Object Repository/06-Teams/For 2FA/button_Confirm_2FA' is clicked on

2022-11-21 15:53:35 - [MESSAGE][PASSED] - Object: 'Object Repository/06-Teams/For 2FA/button_Confirm_2FA' is clicked on

2022-11-21 15:53:35 - [TEST_STEP][PASSED] - executeJavaScript("window.open();", []): Execute JavaScript 'window.open();' successfully

2022-11-21 15:53:35 - [MESSAGE][PASSED] - Execute JavaScript 'window.open();' successfully

2022-11-21 15:53:35 - [TEST_STEP][PASSED] - currentWindow = getWindowIndex(): Current window's index is: 0

2022-11-21 15:53:35 - [MESSAGE][PASSED] - Current window's index is: 0

2022-11-21 15:53:35 - [TEST_STEP][PASSED] - delay(3): Delayed 3 second(s)

2022-11-21 15:53:38 - [MESSAGE][PASSED] - Delayed 3 second(s)

2022-11-21 15:53:38 - [TEST_STEP][PASSED] - switchToWindowIndex(currentWindow + 1): Switched to window with index: '1'

2022-11-21 15:53:38 - [MESSAGE][PASSED] - Switched to window with index: '1'

2022-11-21 15:53:38 - [TEST_STEP][PASSED] - navigateToUrl("https://www.mailinator.com/"): Navigate to 'https://www.mailinator.com/' successfully

2022-11-21 15:53:40 - [MESSAGE][PASSED] - Navigate to 'https://www.mailinator.com/' successfully

2022-11-21 15:53:40 - [TEST_STEP][PASSED] - delay(3): Delayed 3 second(s)

2022-11-21 15:53:43 - [MESSAGE][PASSED] - Delayed 3 second(s)

2022-11-21 15:53:43 - [TEST_STEP][PASSED] - setText(findTestObject("00-Signup and Activation/zMailinator/input_LOGIN_search"), "autotester10@mailinator.com"): Text 'autotester10@mailinator.com' is set on object 'Object Repository/00-Signup and Activation/zMailinator/input_LOGIN_search'

2022-11-21 15:53:44 - [MESSAGE][PASSED] - Text 'autotester10@mailinator.com' is set on object 'Object Repository/00-Signup and Activation/zMailinator/input_LOGIN_search'

2022-11-21 15:53:44 - [TEST_STEP][PASSED] - click(findTestObject("00-Signup and Activation/zMailinator/gobutton"), STOP_ON_FAILURE): Object: 'Object Repository/00-Signup and Activation/zMailinator/gobutton' is clicked on

2022-11-21 15:53:47 - [MESSAGE][PASSED] - Object: 'Object Repository/00-Signup and Activation/zMailinator/gobutton' is clicked on

2022-11-21 15:53:47 - [TEST_STEP][PASSED] - delay(3): Delayed 3 second(s)

2022-11-21 15:53:50 - [MESSAGE][PASSED] - Delayed 3 second(s)

2022-11-21 15:53:50 - [TEST_STEP][PASSED] - click(findTestObject("00-Signup and Activation/zMailinator/Email - everleagues")): Object: 'Object Repository/00-Signup and Activation/zMailinator/Email - everleagues' is clicked on

2022-11-21 15:53:50 - [MESSAGE][PASSED] - Object: 'Object Repository/00-Signup and Activation/zMailinator/Email - everleagues' is clicked on

2022-11-21 15:53:50 - [TEST_STEP][PASSED] - delay(3): Delayed 3 second(s)

2022-11-21 15:53:53 - [MESSAGE][PASSED] - Delayed 3 second(s)

2022-11-21 15:53:53 - [TEST_STEP][PASSED] - codetwo = getText(findTestObject("Object Repository/06-Teams/For 2FA/2FA code")): Text of object 'Object Repository/06-Teams/For 2FA/2FA code' is: '684061'

2022-11-21 15:53:54 - [MESSAGE][PASSED] - Text of object 'Object Repository/06-Teams/For 2FA/2FA code' is: '684061'

2022-11-21 15:53:54 - [TEST_STEP][PASSED] - delay(3): Delayed 3 second(s)

2022-11-21 15:53:57 - [MESSAGE][PASSED] - Delayed 3 second(s)

2022-11-21 15:53:57 - [TEST_STEP][PASSED] - closeWindowTitle("Mailinator"): Window with title: 'Mailinator' is closed

2022-11-21 15:53:57 - [MESSAGE][PASSED] - Window with title: 'Mailinator' is closed

2022-11-21 15:53:57 - [TEST_STEP][PASSED] - delay(3): Delayed 3 second(s)

2022-11-21 15:54:00 - [MESSAGE][PASSED] - Delayed 3 second(s)

2022-11-21 15:54:00 - [TEST_STEP][PASSED] - switchToWindowIndex(0): Switched to window with index: '0'

2022-11-21 15:54:00 - [MESSAGE][PASSED] - Switched to window with index: '0'

2022-11-21 15:54:00 - [TEST_STEP][PASSED] - delay(3): Delayed 3 second(s)

2022-11-21 15:54:03 - [MESSAGE][PASSED] - Delayed 3 second(s)

2022-11-21 15:54:03 - [TEST_STEP][PASSED] - setText(findTestObject("Object Repository/06-Teams/For 2FA/input_Enter verification code_code"), codetwo): Text '684061' is set on object 'Object Repository/06-Teams/For 2FA/input_Enter verification code_code'

2022-11-21 15:54:03 - [MESSAGE][PASSED] - Text '684061' is set on object 'Object Repository/06-Teams/For 2FA/input_Enter verification code_code'

2022-11-21 15:54:03 - [TEST_STEP][PASSED] - delay(3): Delayed 3 second(s)

2022-11-21 15:54:06 - [MESSAGE][PASSED] - Delayed 3 second(s)

2022-11-21 15:54:06 - [TEST_STEP][PASSED] - click(findTestObject("06-Teams/For 2FA/button_Verify_2FA")): Object: 'Object Repository/06-Teams/For 2FA/button_Verify_2FA' is clicked on

2022-11-21 15:54:07 - [MESSAGE][PASSED] - Object: 'Object Repository/06-Teams/For 2FA/button_Verify_2FA' is clicked on

2022-11-21 15:54:07 - [TEST_STEP][PASSED] - delay(5): Delayed 5 second(s)

2022-11-21 15:54:12 - [MESSAGE][PASSED] - Delayed 5 second(s)

2022-11-21 15:54:12 - [TEST_STEP][PASSED] - executeJavaScript("window.open();", []): Execute JavaScript 'window.open();' successfully

2022-11-21 15:54:12 - [MESSAGE][PASSED] - Execute JavaScript 'window.open();' successfully

2022-11-21 15:54:12 - [TEST_STEP][PASSED] - currentWindow = getWindowIndex(): Current window's index is: 0

2022-11-21 15:54:12 - [MESSAGE][PASSED] - Current window's index is: 0

2022-11-21 15:54:12 - [TEST_STEP][PASSED] - delay(3): Delayed 3 second(s)

2022-11-21 15:54:15 - [MESSAGE][PASSED] - Delayed 3 second(s)

2022-11-21 15:54:15 - [TEST_STEP][PASSED] - switchToWindowIndex(currentWindow + 1): Switched to window with index: '1'

2022-11-21 15:54:15 - [MESSAGE][PASSED] - Switched to window with index: '1'

2022-11-21 15:54:15 - [TEST_STEP][PASSED] - navigateToUrl("https://www.mailinator.com/"): Navigate to 'https://www.mailinator.com/' successfully

2022-11-21 15:54:16 - [MESSAGE][PASSED] - Navigate to 'https://www.mailinator.com/' successfully

2022-11-21 15:54:16 - [TEST_STEP][PASSED] - delay(3): Delayed 3 second(s)

2022-11-21 15:54:19 - [MESSAGE][PASSED] - Delayed 3 second(s)

2022-11-21 15:54:19 - [TEST_STEP][PASSED] - setText(findTestObject("00-Signup and Activation/zMailinator/input_LOGIN_search"), "autotester10@mailinator.com"): Text 'autotester10@mailinator.com' is set on object 'Object Repository/00-Signup and Activation/zMailinator/input_LOGIN_search'

2022-11-21 15:54:20 - [MESSAGE][PASSED] - Text 'autotester10@mailinator.com' is set on object 'Object Repository/00-Signup and Activation/zMailinator/input_LOGIN_search'

2022-11-21 15:54:20 - [TEST_STEP][PASSED] - click(findTestObject("00-Signup and Activation/zMailinator/gobutton"), STOP_ON_FAILURE): Object: 'Object Repository/00-Signup and Activation/zMailinator/gobutton' is clicked on

2022-11-21 15:54:21 - [MESSAGE][PASSED] - Object: 'Object Repository/00-Signup and Activation/zMailinator/gobutton' is clicked on

2022-11-21 15:54:21 - [TEST_STEP][PASSED] - delay(3): Delayed 3 second(s)

2022-11-21 15:54:24 - [MESSAGE][PASSED] - Delayed 3 second(s)

2022-11-21 15:54:24 - [TEST_STEP][PASSED] - closeWindowTitle("Everleagues"): Window with title: 'Everleagues' is closed

2022-11-21 15:54:24 - [MESSAGE][PASSED] - Window with title: 'Everleagues' is closed

2022-11-21 15:54:24 - [TEST_STEP][PASSED] - switchToWindowIndex(0): Switched to window with index: '0'

2022-11-21 15:54:24 - [MESSAGE][PASSED] - Switched to window with index: '0'

2022-11-21 15:54:24 - [TEST_STEP][PASSED] - click(findTestObject("09-Settings/Users/Co worker/td_Invitation from GG Automation")): Object: 'Object Repository/09-Settings/Users/Co worker/td_Invitation from GG Automation' is clicked on

2022-11-21 15:54:25 - [MESSAGE][PASSED] - Object: 'Object Repository/09-Settings/Users/Co worker/td_Invitation from GG Automation' is clicked on

2022-11-21 15:54:25 - [TEST_STEP][PASSED] - click(findTestObject("09-Settings/Users/Co worker/a_Click here to join GG Automation on EverLeagues")): Object: 'Object Repository/09-Settings/Users/Co worker/a_Click here to join GG Automation on EverLeagues' is clicked on

2022-11-21 15:54:26 - [MESSAGE][PASSED] - Object: 'Object Repository/09-Settings/Users/Co worker/a_Click here to join GG Automation on EverLeagues' is clicked on

2022-11-21 15:54:26 - [TEST_STEP][PASSED] - closeWindowTitle("Mailinator"): Window with title: 'Mailinator' is closed

2022-11-21 15:54:26 - [MESSAGE][PASSED] - Window with title: 'Mailinator' is closed

2022-11-21 15:54:26 - [TEST_STEP][PASSED] - switchToWindowIndex(0): Switched to window with index: '0'

2022-11-21 15:54:26 - [MESSAGE][PASSED] - Switched to window with index: '0'

2022-11-21 15:54:26 - [TEST_STEP][PASSED] - verifyElementVisible(findTestObject("09-Settings/Users/Client/Invite modal")): Object 'Object Repository/09-Settings/Users/Client/Invite modal' is visible

2022-11-21 15:54:31 - [MESSAGE][PASSED] - Object 'Object Repository/09-Settings/Users/Client/Invite modal' is visible

2022-11-21 15:54:31 - [TEST_STEP][PASSED] - setText(findTestObject("09-Settings/Users/Client/Company field"), "QA Company"): Text 'QA Company' is set on object 'Object Repository/09-Settings/Users/Client/Company field'

2022-11-21 15:54:32 - [MESSAGE][PASSED] - Text 'QA Company' is set on object 'Object Repository/09-Settings/Users/Client/Company field'

2022-11-21 15:54:32 - [TEST_STEP][PASSED] - click(findTestObject("09-Settings/Users/Client/button_Accept")): Object: 'Object Repository/09-Settings/Users/Client/button_Accept' is clicked on

2022-11-21 15:54:33 - [MESSAGE][PASSED] - Object: 'Object Repository/09-Settings/Users/Client/button_Accept' is clicked on

2022-11-21 15:54:33 - [TEST_STEP][PASSED] - delay(5): Delayed 5 second(s)

2022-11-21 15:54:38 - [MESSAGE][PASSED] - Delayed 5 second(s)

2022-11-21 15:54:38 - [TEST_STEP][PASSED] - verifyElementVisible(findTestObject("09-Settings/Users/div_Joined as Partner")): Object 'Object Repository/09-Settings/Users/div_Joined as Partner' is visible

2022-11-21 15:54:40 - [MESSAGE][PASSED] - Object 'Object Repository/09-Settings/Users/div_Joined as Partner' is visible

2022-11-21 15:54:40 - [TEST_STEP][PASSED] - delay(3): Delayed 3 second(s)

2022-11-21 15:54:43 - [MESSAGE][PASSED] - Delayed 3 second(s)

2022-11-21 15:54:43 - [TEST_STEP][PASSED] - closeBrowser(): Browser is closed

2022-11-21 15:54:44 - [MESSAGE][PASSED] - Browser is closed]]></system-out>
         <system-err><![CDATA[]]></system-err>
      </testcase>
      <testcase name="Test Cases/09-Settings/05 - Users (Invite batch of users via CSV file)" time="102.816" classname="Test Cases/09-Settings/05 - Users (Invite batch of users via CSV file)" status="PASSED">
         <system-out><![CDATA[2022-11-21 15:54:44 - [TEST_CASE][PASSED] - Test Cases/09-Settings/05 - Users (Invite batch of users via CSV file): Test Cases/09-Settings/05 - Users (Invite batch of users via CSV file)

2022-11-21 15:54:44 - [TEST_STEP][PASSED] - openBrowser(""): Browser is opened with url: ''

2022-11-21 15:54:44 - [MESSAGE][INFO] - Starting 'Chrome' driver

2022-11-21 15:54:44 - [MESSAGE][INFO] - Action delay is set to 0 milliseconds

2022-11-21 15:54:45 - [MESSAGE][PASSED] - Browser is opened with url: ''

2022-11-21 15:54:45 - [TEST_STEP][PASSED] - navigateToUrl("https://lab.everleagues.com/"): Navigate to 'https://lab.everleagues.com/' successfully

2022-11-21 15:54:57 - [MESSAGE][PASSED] - Navigate to 'https://lab.everleagues.com/' successfully

2022-11-21 15:54:57 - [TEST_STEP][PASSED] - maximizeWindow(): Current window maximized

2022-11-21 15:54:58 - [MESSAGE][PASSED] - Current window maximized

2022-11-21 15:54:58 - [TEST_STEP][PASSED] - setText(findTestObject("02-Side Icons(Organization)/Add Contact/Email Field"), "testuser02@mailinator.com"): Text 'testuser02@mailinator.com' is set on object 'Object Repository/02-Side Icons(Organization)/Add Contact/Email Field'

2022-11-21 15:54:58 - [MESSAGE][PASSED] - Text 'testuser02@mailinator.com' is set on object 'Object Repository/02-Side Icons(Organization)/Add Contact/Email Field'

2022-11-21 15:54:58 - [TEST_STEP][PASSED] - setEncryptedText(findTestObject("02-Side Icons(Organization)/Add Contact/Password Field"), "8yFRyszE6U6jvsCn51OQbg=="): Text ****** has been set on object 'Object Repository/02-Side Icons(Organization)/Add Contact/Password Field'

2022-11-21 15:54:59 - [MESSAGE][PASSED] - Text ****** has been set on object 'Object Repository/02-Side Icons(Organization)/Add Contact/Password Field'

2022-11-21 15:54:59 - [TEST_STEP][PASSED] - click(findTestObject("02-Side Icons(Organization)/Add Contact/button_Sign in")): Object: 'Object Repository/02-Side Icons(Organization)/Add Contact/button_Sign in' is clicked on

2022-11-21 15:54:59 - [MESSAGE][PASSED] - Object: 'Object Repository/02-Side Icons(Organization)/Add Contact/button_Sign in' is clicked on

2022-11-21 15:54:59 - [TEST_STEP][PASSED] - delay(2): Delayed 2 second(s)

2022-11-21 15:55:01 - [MESSAGE][PASSED] - Delayed 2 second(s)

2022-11-21 15:55:01 - [TEST_STEP][PASSED] - click(findTestObject("06-Teams/For 2FA/button_Confirm_2FA")): Object: 'Object Repository/06-Teams/For 2FA/button_Confirm_2FA' is clicked on

2022-11-21 15:55:02 - [MESSAGE][PASSED] - Object: 'Object Repository/06-Teams/For 2FA/button_Confirm_2FA' is clicked on

2022-11-21 15:55:02 - [TEST_STEP][PASSED] - executeJavaScript("window.open();", []): Execute JavaScript 'window.open();' successfully

2022-11-21 15:55:02 - [MESSAGE][PASSED] - Execute JavaScript 'window.open();' successfully

2022-11-21 15:55:02 - [TEST_STEP][PASSED] - currentWindow = getWindowIndex(): Current window's index is: 0

2022-11-21 15:55:02 - [MESSAGE][PASSED] - Current window's index is: 0

2022-11-21 15:55:02 - [TEST_STEP][PASSED] - delay(3): Delayed 3 second(s)

2022-11-21 15:55:05 - [MESSAGE][PASSED] - Delayed 3 second(s)

2022-11-21 15:55:05 - [TEST_STEP][PASSED] - switchToWindowIndex(currentWindow + 1): Switched to window with index: '1'

2022-11-21 15:55:05 - [MESSAGE][PASSED] - Switched to window with index: '1'

2022-11-21 15:55:05 - [TEST_STEP][PASSED] - navigateToUrl("https://www.mailinator.com/"): Navigate to 'https://www.mailinator.com/' successfully

2022-11-21 15:55:07 - [MESSAGE][PASSED] - Navigate to 'https://www.mailinator.com/' successfully

2022-11-21 15:55:07 - [TEST_STEP][PASSED] - delay(3): Delayed 3 second(s)

2022-11-21 15:55:10 - [MESSAGE][PASSED] - Delayed 3 second(s)

2022-11-21 15:55:10 - [TEST_STEP][PASSED] - setText(findTestObject("00-Signup and Activation/zMailinator/input_LOGIN_search"), "testuser02@mailinator.com"): Text 'testuser02@mailinator.com' is set on object 'Object Repository/00-Signup and Activation/zMailinator/input_LOGIN_search'

2022-11-21 15:55:11 - [MESSAGE][PASSED] - Text 'testuser02@mailinator.com' is set on object 'Object Repository/00-Signup and Activation/zMailinator/input_LOGIN_search'

2022-11-21 15:55:11 - [TEST_STEP][PASSED] - click(findTestObject("00-Signup and Activation/zMailinator/gobutton"), STOP_ON_FAILURE): Object: 'Object Repository/00-Signup and Activation/zMailinator/gobutton' is clicked on

2022-11-21 15:55:13 - [MESSAGE][PASSED] - Object: 'Object Repository/00-Signup and Activation/zMailinator/gobutton' is clicked on

2022-11-21 15:55:13 - [TEST_STEP][PASSED] - delay(3): Delayed 3 second(s)

2022-11-21 15:55:16 - [MESSAGE][PASSED] - Delayed 3 second(s)

2022-11-21 15:55:16 - [TEST_STEP][PASSED] - click(findTestObject("00-Signup and Activation/zMailinator/Email - everleagues")): Object: 'Object Repository/00-Signup and Activation/zMailinator/Email - everleagues' is clicked on

2022-11-21 15:55:17 - [MESSAGE][PASSED] - Object: 'Object Repository/00-Signup and Activation/zMailinator/Email - everleagues' is clicked on

2022-11-21 15:55:17 - [TEST_STEP][PASSED] - delay(3): Delayed 3 second(s)

2022-11-21 15:55:20 - [MESSAGE][PASSED] - Delayed 3 second(s)

2022-11-21 15:55:20 - [TEST_STEP][PASSED] - code = getText(findTestObject("Object Repository/06-Teams/For 2FA/2FA code")): Text of object 'Object Repository/06-Teams/For 2FA/2FA code' is: '960979'

2022-11-21 15:55:20 - [MESSAGE][PASSED] - Text of object 'Object Repository/06-Teams/For 2FA/2FA code' is: '960979'

2022-11-21 15:55:20 - [TEST_STEP][PASSED] - delay(3): Delayed 3 second(s)

2022-11-21 15:55:23 - [MESSAGE][PASSED] - Delayed 3 second(s)

2022-11-21 15:55:23 - [TEST_STEP][PASSED] - closeWindowTitle("Mailinator"): Window with title: 'Mailinator' is closed

2022-11-21 15:55:23 - [MESSAGE][PASSED] - Window with title: 'Mailinator' is closed

2022-11-21 15:55:23 - [TEST_STEP][PASSED] - delay(3): Delayed 3 second(s)

2022-11-21 15:55:26 - [MESSAGE][PASSED] - Delayed 3 second(s)

2022-11-21 15:55:26 - [TEST_STEP][PASSED] - switchToWindowIndex(0): Switched to window with index: '0'

2022-11-21 15:55:26 - [MESSAGE][PASSED] - Switched to window with index: '0'

2022-11-21 15:55:26 - [TEST_STEP][PASSED] - delay(3): Delayed 3 second(s)

2022-11-21 15:55:29 - [MESSAGE][PASSED] - Delayed 3 second(s)

2022-11-21 15:55:29 - [TEST_STEP][PASSED] - setText(findTestObject("Object Repository/06-Teams/For 2FA/input_Enter verification code_code"), code): Text '960979' is set on object 'Object Repository/06-Teams/For 2FA/input_Enter verification code_code'

2022-11-21 15:55:30 - [MESSAGE][PASSED] - Text '960979' is set on object 'Object Repository/06-Teams/For 2FA/input_Enter verification code_code'

2022-11-21 15:55:30 - [TEST_STEP][PASSED] - delay(3): Delayed 3 second(s)

2022-11-21 15:55:33 - [MESSAGE][PASSED] - Delayed 3 second(s)

2022-11-21 15:55:33 - [TEST_STEP][PASSED] - click(findTestObject("06-Teams/For 2FA/button_Verify_2FA")): Object: 'Object Repository/06-Teams/For 2FA/button_Verify_2FA' is clicked on

2022-11-21 15:55:34 - [MESSAGE][PASSED] - Object: 'Object Repository/06-Teams/For 2FA/button_Verify_2FA' is clicked on

2022-11-21 15:55:34 - [TEST_STEP][PASSED] - delay(5): Delayed 5 second(s)

2022-11-21 15:55:39 - [MESSAGE][PASSED] - Delayed 5 second(s)

2022-11-21 15:55:39 - [TEST_STEP][PASSED] - click(findTestObject("06-Teams/button_doublearrow")): Object: 'Object Repository/06-Teams/button_doublearrow' is clicked on

2022-11-21 15:55:40 - [MESSAGE][PASSED] - Object: 'Object Repository/06-Teams/button_doublearrow' is clicked on

2022-11-21 15:55:40 - [TEST_STEP][PASSED] - click(findTestObject("06-Teams/button_My Organizations")): Object: 'Object Repository/06-Teams/button_My Organizations' is clicked on

2022-11-21 15:55:40 - [MESSAGE][PASSED] - Object: 'Object Repository/06-Teams/button_My Organizations' is clicked on

2022-11-21 15:55:40 - [TEST_STEP][PASSED] - click(findTestObject("06-Teams/button_GG Automation")): Object: 'Object Repository/06-Teams/button_GG Automation' is clicked on

2022-11-21 15:55:41 - [MESSAGE][PASSED] - Object: 'Object Repository/06-Teams/button_GG Automation' is clicked on

2022-11-21 15:55:41 - [TEST_STEP][PASSED] - delay(4): Delayed 4 second(s)

2022-11-21 15:55:45 - [MESSAGE][PASSED] - Delayed 4 second(s)

2022-11-21 15:55:45 - [TEST_STEP][PASSED] - verifyElementVisible(findTestObject("06-Teams/span_GG Automation")): Object 'Object Repository/06-Teams/span_GG Automation' is visible

2022-11-21 15:55:45 - [MESSAGE][PASSED] - Object 'Object Repository/06-Teams/span_GG Automation' is visible

2022-11-21 15:55:45 - [TEST_STEP][PASSED] - delay(5): Delayed 5 second(s)

2022-11-21 15:55:50 - [MESSAGE][PASSED] - Delayed 5 second(s)

2022-11-21 15:55:50 - [TEST_STEP][PASSED] - click(findTestObject("03-Header Menu/Hamburger Button/div_Settings")): Object: 'Object Repository/03-Header Menu/Hamburger Button/div_Settings' is clicked on

2022-11-21 15:55:51 - [MESSAGE][PASSED] - Object: 'Object Repository/03-Header Menu/Hamburger Button/div_Settings' is clicked on

2022-11-21 15:55:51 - [TEST_STEP][PASSED] - delay(3): Delayed 3 second(s)

2022-11-21 15:55:54 - [MESSAGE][PASSED] - Delayed 3 second(s)

2022-11-21 15:55:54 - [TEST_STEP][PASSED] - click(findTestObject("09-Settings/Users/div_Users")): Object: 'Object Repository/09-Settings/Users/div_Users' is clicked on

2022-11-21 15:55:55 - [MESSAGE][PASSED] - Object: 'Object Repository/09-Settings/Users/div_Users' is clicked on

2022-11-21 15:55:55 - [TEST_STEP][PASSED] - delay(3): Delayed 3 second(s)

2022-11-21 15:55:58 - [MESSAGE][PASSED] - Delayed 3 second(s)

2022-11-21 15:55:58 - [TEST_STEP][PASSED] - click(findTestObject("09-Settings/Users/button_add")): Object: 'Object Repository/09-Settings/Users/button_add' is clicked on

2022-11-21 15:55:58 - [MESSAGE][PASSED] - Object: 'Object Repository/09-Settings/Users/button_add' is clicked on

2022-11-21 15:55:58 - [TEST_STEP][PASSED] - delay(3): Delayed 3 second(s)

2022-11-21 15:56:01 - [MESSAGE][PASSED] - Delayed 3 second(s)

2022-11-21 15:56:01 - [TEST_STEP][PASSED] - click(findTestObject("09-Settings/Users/Invite batch of users via CSV file")): Object: 'Object Repository/09-Settings/Users/Invite batch of users via CSV file' is clicked on

2022-11-21 15:56:02 - [MESSAGE][PASSED] - Object: 'Object Repository/09-Settings/Users/Invite batch of users via CSV file' is clicked on

2022-11-21 15:56:02 - [TEST_STEP][PASSED] - verifyElementVisible(findTestObject("09-Settings/Users/CSV Invite/Import CSV File modal")): Object 'Object Repository/09-Settings/Users/CSV Invite/Import CSV File modal' is visible

2022-11-21 15:56:02 - [MESSAGE][PASSED] - Object 'Object Repository/09-Settings/Users/CSV Invite/Import CSV File modal' is visible

2022-11-21 15:56:02 - [TEST_STEP][PASSED] - verifyElementNotClickable(findTestObject("09-Settings/Users/CSV Invite/button_Import")): Object 'Object Repository/09-Settings/Users/CSV Invite/button_Import' is NOT clickable

2022-11-21 15:56:03 - [MESSAGE][PASSED] - Object 'Object Repository/09-Settings/Users/CSV Invite/button_Import' is NOT clickable

2022-11-21 15:56:03 - [TEST_STEP][PASSED] - delay(3): Delayed 3 second(s)

2022-11-21 15:56:06 - [MESSAGE][PASSED] - Delayed 3 second(s)

2022-11-21 15:56:06 - [TEST_STEP][PASSED] - uploadpackage.Upload.uploadFile(findTestObject("Object Repository/09-Settings/Users/CSV Invite/button_Choose File"), "C:\Users\User\Desktop\EL automation\sample csv.csv"): uploadpackage.Upload.uploadFile is PASSED

2022-11-21 15:56:06 - [MESSAGE][PASSED] - Object: 'Object Repository/09-Settings/Users/CSV Invite/button_Choose File' is clicked on

2022-11-21 15:56:06 - [MESSAGE][PASSED] - uploadpackage.Upload.uploadFile is PASSED

2022-11-21 15:56:06 - [TEST_STEP][PASSED] - delay(3): Delayed 3 second(s)

2022-11-21 15:56:09 - [MESSAGE][PASSED] - Delayed 3 second(s)

2022-11-21 15:56:09 - [TEST_STEP][PASSED] - verifyElementVisible(findTestObject("09-Settings/Users/CSV Invite/div_Sample csv.csv")): Object 'Object Repository/09-Settings/Users/CSV Invite/div_Sample csv.csv' is visible

2022-11-21 15:56:10 - [MESSAGE][PASSED] - Object 'Object Repository/09-Settings/Users/CSV Invite/div_Sample csv.csv' is visible

2022-11-21 15:56:10 - [TEST_STEP][PASSED] - click(findTestObject("09-Settings/Users/CSV Invite/button_Import")): Object: 'Object Repository/09-Settings/Users/CSV Invite/button_Import' is clicked on

2022-11-21 15:56:10 - [MESSAGE][PASSED] - Object: 'Object Repository/09-Settings/Users/CSV Invite/button_Import' is clicked on

2022-11-21 15:56:10 - [TEST_STEP][PASSED] - delay(5): Delayed 5 second(s)

2022-11-21 15:56:15 - [MESSAGE][PASSED] - Delayed 5 second(s)

2022-11-21 15:56:15 - [TEST_STEP][PASSED] - verifyElementVisible(findTestObject("09-Settings/Users/CSV Invite/Success import modal")): Object 'Object Repository/09-Settings/Users/CSV Invite/Success import modal' is visible

2022-11-21 15:56:15 - [MESSAGE][PASSED] - Object 'Object Repository/09-Settings/Users/CSV Invite/Success import modal' is visible

2022-11-21 15:56:15 - [TEST_STEP][PASSED] - click(findTestObject("09-Settings/Users/CSV Invite/button_Close")): Object: 'Object Repository/09-Settings/Users/CSV Invite/button_Close' is clicked on

2022-11-21 15:56:16 - [MESSAGE][PASSED] - Object: 'Object Repository/09-Settings/Users/CSV Invite/button_Close' is clicked on

2022-11-21 15:56:16 - [TEST_STEP][PASSED] - click(findTestObject("09-Settings/Users/CSV Invite/Invited Users tab")): Object: 'Object Repository/09-Settings/Users/CSV Invite/Invited Users tab' is clicked on

2022-11-21 15:56:17 - [MESSAGE][PASSED] - Object: 'Object Repository/09-Settings/Users/CSV Invite/Invited Users tab' is clicked on

2022-11-21 15:56:17 - [TEST_STEP][PASSED] - delay(3): Delayed 3 second(s)

2022-11-21 15:56:20 - [MESSAGE][PASSED] - Delayed 3 second(s)

2022-11-21 15:56:20 - [TEST_STEP][PASSED] - verifyElementVisible(findTestObject("09-Settings/Users/CSV Invite/div_CTCSV test3")): Object 'Object Repository/09-Settings/Users/CSV Invite/div_CTCSV test3' is visible

2022-11-21 15:56:20 - [MESSAGE][PASSED] - Object 'Object Repository/09-Settings/Users/CSV Invite/div_CTCSV test3' is visible

2022-11-21 15:56:20 - [TEST_STEP][PASSED] - verifyElementVisible(findTestObject("09-Settings/Users/CSV Invite/div_autotester08mailinator.com")): Object 'Object Repository/09-Settings/Users/CSV Invite/div_autotester08mailinator.com' is visible

2022-11-21 15:56:20 - [MESSAGE][PASSED] - Object 'Object Repository/09-Settings/Users/CSV Invite/div_autotester08mailinator.com' is visible

2022-11-21 15:56:20 - [TEST_STEP][PASSED] - verifyElementVisible(findTestObject("09-Settings/Users/CSV Invite/div_Partner")): Object 'Object Repository/09-Settings/Users/CSV Invite/div_Partner' is visible

2022-11-21 15:56:21 - [MESSAGE][PASSED] - Object 'Object Repository/09-Settings/Users/CSV Invite/div_Partner' is visible

2022-11-21 15:56:21 - [TEST_STEP][PASSED] - verifyElementVisible(findTestObject("09-Settings/Users/CSV Invite/div_CTCSV test2")): Object 'Object Repository/09-Settings/Users/CSV Invite/div_CTCSV test2' is visible

2022-11-21 15:56:21 - [MESSAGE][PASSED] - Object 'Object Repository/09-Settings/Users/CSV Invite/div_CTCSV test2' is visible

2022-11-21 15:56:21 - [TEST_STEP][PASSED] - verifyElementVisible(findTestObject("09-Settings/Users/CSV Invite/div_autotester07mailinator.com")): Object 'Object Repository/09-Settings/Users/CSV Invite/div_autotester07mailinator.com' is visible

2022-11-21 15:56:21 - [MESSAGE][PASSED] - Object 'Object Repository/09-Settings/Users/CSV Invite/div_autotester07mailinator.com' is visible

2022-11-21 15:56:21 - [TEST_STEP][PASSED] - verifyElementVisible(findTestObject("09-Settings/Users/CSV Invite/div_Client")): Object 'Object Repository/09-Settings/Users/CSV Invite/div_Client' is visible

2022-11-21 15:56:22 - [MESSAGE][PASSED] - Object 'Object Repository/09-Settings/Users/CSV Invite/div_Client' is visible

2022-11-21 15:56:22 - [TEST_STEP][PASSED] - verifyElementVisible(findTestObject("09-Settings/Users/CSV Invite/div_CTCSV test1")): Object 'Object Repository/09-Settings/Users/CSV Invite/div_CTCSV test1' is visible

2022-11-21 15:56:22 - [MESSAGE][PASSED] - Object 'Object Repository/09-Settings/Users/CSV Invite/div_CTCSV test1' is visible

2022-11-21 15:56:22 - [TEST_STEP][PASSED] - verifyElementVisible(findTestObject("09-Settings/Users/CSV Invite/div_autotester06mailinator.com")): Object 'Object Repository/09-Settings/Users/CSV Invite/div_autotester06mailinator.com' is visible

2022-11-21 15:56:22 - [MESSAGE][PASSED] - Object 'Object Repository/09-Settings/Users/CSV Invite/div_autotester06mailinator.com' is visible

2022-11-21 15:56:22 - [TEST_STEP][PASSED] - verifyElementVisible(findTestObject("09-Settings/Users/CSV Invite/div_Coworker")): Object 'Object Repository/09-Settings/Users/CSV Invite/div_Coworker' is visible

2022-11-21 15:56:23 - [MESSAGE][PASSED] - Object 'Object Repository/09-Settings/Users/CSV Invite/div_Coworker' is visible

2022-11-21 15:56:23 - [TEST_STEP][PASSED] - delay(3): Delayed 3 second(s)

2022-11-21 15:56:26 - [MESSAGE][PASSED] - Delayed 3 second(s)

2022-11-21 15:56:26 - [TEST_STEP][PASSED] - closeBrowser(): Browser is closed

2022-11-21 15:56:26 - [MESSAGE][PASSED] - Browser is closed]]></system-out>
         <system-err><![CDATA[]]></system-err>
      </testcase>
      <system-out><![CDATA[2022-11-21 15:40:55 - [TEST_SUITE][PASSED] - 09.1 - Settings (Invite users): Test Cases/09-Settings/05 - Users (Invite batch of users via CSV file)]]></system-out>
      <system-err><![CDATA[]]></system-err>
   </testsuite>
</testsuites>
