<?xml version="1.0" encoding="UTF-8"?>
<testsuites name="09.1 - Settings (Invite users)" time="1490.202" tests="5" failures="0" errors="0">
   <testsuite name="09.1 - Settings (Invite users)" tests="5" failures="0" errors="0" time="1490.202" skipped="0" timestamp="2022-12-19 18:07:11" hostname="asus - DESKTOP-3L3J9C1" id="Test Suites/TS-Organization/09.1 - Settings (Invite users)">
      <properties>
         <property name="deviceName" value=""/>
         <property name="devicePlatform" value=""/>
         <property name="logFolder" value="C:\\Users\\asus\\Katalon Studio\\Everleagues\\Everleagues\\Reports\\20221219_180655\\TS-Organization\\09.1 - Settings (Invite users)\\20221219_180655"/>
         <property name="logFiles" value="C:\\Users\\asus\\Katalon Studio\\Everleagues\\Everleagues\\Reports\\20221219_180655\\TS-Organization\\09.1 - Settings (Invite users)\\20221219_180655\\execution0.log"/>
         <property name="attachments" value=""/>
         <property name="hostName" value="asus - DESKTOP-3L3J9C1"/>
         <property name="os" value="Windows 10 64bit"/>
         <property name="katalonVersion" value="8.4.1.208"/>
         <property name="browser" value="Chrome 108.0.0.0"/>
         <property name="hostAddress" value="192.168.5.82"/>
         <property name="sessionId" value="e3e338675c8913df7d3db94a9a2d0743"/>
         <property name="seleniumVersion" value="3.141.59"/>
         <property name="proxyInformation" value="ProxyInformation { proxyOption=NO_PROXY, proxyServerType=HTTP, username=, password=********, proxyServerAddress=, proxyServerPort=0, executionList=&quot;&quot;, isApplyToDesiredCapabilities=true }"/>
         <property name="platform" value="Windows 10"/>
      </properties>
      <testcase name="Test Cases/09-Settings/01 - Users (Invite new user but field are blank)" time="164.857" classname="Test Cases/09-Settings/01 - Users (Invite new user but field are blank)" status="PASSED">
         <system-out><![CDATA[2022-12-19 18:07:12 - [TEST_CASE][PASSED] - Test Cases/09-Settings/01 - Users (Invite new user but field are blank): Test Cases/09-Settings/01 - Users (Invite new user but field are blank)

2022-12-19 18:07:15 - [TEST_STEP][PASSED] - openBrowser(""): Browser is opened with url: ''

2022-12-19 18:07:17 - [MESSAGE][INFO] - Starting 'Chrome' driver

2022-12-19 18:07:18 - [MESSAGE][INFO] - Action delay is set to 0 milliseconds

2022-12-19 18:07:28 - [MESSAGE][PASSED] - Browser is opened with url: ''

2022-12-19 18:07:28 - [TEST_STEP][PASSED] - navigateToUrl("https://lab.everleagues.com/"): Navigate to 'https://lab.everleagues.com/' successfully

2022-12-19 18:08:02 - [MESSAGE][PASSED] - Navigate to 'https://lab.everleagues.com/' successfully

2022-12-19 18:08:02 - [TEST_STEP][PASSED] - maximizeWindow(): Current window maximized

2022-12-19 18:08:03 - [MESSAGE][PASSED] - Current window maximized

2022-12-19 18:08:03 - [TEST_STEP][PASSED] - setText(findTestObject("02-Side Icons(Organization)/Add Contact/Email Field"), "testuser02@mailinator.com"): Text 'testuser02@mailinator.com' is set on object 'Object Repository/02-Side Icons(Organization)/Add Contact/Email Field'

2022-12-19 18:08:06 - [MESSAGE][PASSED] - Text 'testuser02@mailinator.com' is set on object 'Object Repository/02-Side Icons(Organization)/Add Contact/Email Field'

2022-12-19 18:08:06 - [TEST_STEP][PASSED] - setEncryptedText(findTestObject("02-Side Icons(Organization)/Add Contact/Password Field"), "8yFRyszE6U6jvsCn51OQbg=="): Text ****** has been set on object 'Object Repository/02-Side Icons(Organization)/Add Contact/Password Field'

2022-12-19 18:08:08 - [MESSAGE][PASSED] - Text ****** has been set on object 'Object Repository/02-Side Icons(Organization)/Add Contact/Password Field'

2022-12-19 18:08:08 - [TEST_STEP][PASSED] - click(findTestObject("02-Side Icons(Organization)/Add Contact/button_Sign in")): Object: 'Object Repository/02-Side Icons(Organization)/Add Contact/button_Sign in' is clicked on

2022-12-19 18:08:09 - [MESSAGE][PASSED] - Object: 'Object Repository/02-Side Icons(Organization)/Add Contact/button_Sign in' is clicked on

2022-12-19 18:08:09 - [TEST_STEP][PASSED] - delay(2): Delayed 2 second(s)

2022-12-19 18:08:11 - [MESSAGE][PASSED] - Delayed 2 second(s)

2022-12-19 18:08:11 - [TEST_STEP][PASSED] - click(findTestObject("06-Teams/For 2FA/button_Confirm_2FA")): Object: 'Object Repository/06-Teams/For 2FA/button_Confirm_2FA' is clicked on

2022-12-19 18:08:13 - [MESSAGE][PASSED] - Object: 'Object Repository/06-Teams/For 2FA/button_Confirm_2FA' is clicked on

2022-12-19 18:08:13 - [TEST_STEP][PASSED] - executeJavaScript("window.open();", []): Execute JavaScript 'window.open();' successfully

2022-12-19 18:08:13 - [MESSAGE][PASSED] - Execute JavaScript 'window.open();' successfully

2022-12-19 18:08:13 - [TEST_STEP][PASSED] - currentWindow = getWindowIndex(): Current window's index is: 0

2022-12-19 18:08:13 - [MESSAGE][PASSED] - Current window's index is: 0

2022-12-19 18:08:13 - [TEST_STEP][PASSED] - delay(3): Delayed 3 second(s)

2022-12-19 18:08:16 - [MESSAGE][PASSED] - Delayed 3 second(s)

2022-12-19 18:08:16 - [TEST_STEP][PASSED] - switchToWindowIndex(currentWindow + 1): Switched to window with index: '1'

2022-12-19 18:08:16 - [MESSAGE][PASSED] - Switched to window with index: '1'

2022-12-19 18:08:16 - [TEST_STEP][PASSED] - navigateToUrl("https://www.mailinator.com/"): Navigate to 'https://www.mailinator.com/' successfully

2022-12-19 18:08:24 - [MESSAGE][PASSED] - Navigate to 'https://www.mailinator.com/' successfully

2022-12-19 18:08:24 - [TEST_STEP][PASSED] - delay(3): Delayed 3 second(s)

2022-12-19 18:08:27 - [MESSAGE][PASSED] - Delayed 3 second(s)

2022-12-19 18:08:27 - [TEST_STEP][PASSED] - setText(findTestObject("00-Signup and Activation/zMailinator/input_LOGIN_search"), "testuser02@mailinator.com"): Text 'testuser02@mailinator.com' is set on object 'Object Repository/00-Signup and Activation/zMailinator/input_LOGIN_search'

2022-12-19 18:08:29 - [MESSAGE][PASSED] - Text 'testuser02@mailinator.com' is set on object 'Object Repository/00-Signup and Activation/zMailinator/input_LOGIN_search'

2022-12-19 18:08:29 - [TEST_STEP][PASSED] - click(findTestObject("00-Signup and Activation/zMailinator/gobutton"), STOP_ON_FAILURE): Object: 'Object Repository/00-Signup and Activation/zMailinator/gobutton' is clicked on

2022-12-19 18:08:34 - [MESSAGE][PASSED] - Object: 'Object Repository/00-Signup and Activation/zMailinator/gobutton' is clicked on

2022-12-19 18:08:34 - [TEST_STEP][PASSED] - delay(3): Delayed 3 second(s)

2022-12-19 18:08:37 - [MESSAGE][PASSED] - Delayed 3 second(s)

2022-12-19 18:08:37 - [TEST_STEP][PASSED] - click(findTestObject("00-Signup and Activation/zMailinator/Email - everleagues")): Object: 'Object Repository/00-Signup and Activation/zMailinator/Email - everleagues' is clicked on

2022-12-19 18:08:38 - [MESSAGE][PASSED] - Object: 'Object Repository/00-Signup and Activation/zMailinator/Email - everleagues' is clicked on

2022-12-19 18:08:38 - [TEST_STEP][PASSED] - delay(3): Delayed 3 second(s)

2022-12-19 18:08:41 - [MESSAGE][PASSED] - Delayed 3 second(s)

2022-12-19 18:08:41 - [TEST_STEP][PASSED] - code = getText(findTestObject("Object Repository/06-Teams/For 2FA/2FA code")): Text of object 'Object Repository/06-Teams/For 2FA/2FA code' is: '336720'

2022-12-19 18:08:42 - [MESSAGE][PASSED] - Text of object 'Object Repository/06-Teams/For 2FA/2FA code' is: '336720'

2022-12-19 18:08:42 - [TEST_STEP][PASSED] - delay(3): Delayed 3 second(s)

2022-12-19 18:08:45 - [MESSAGE][PASSED] - Delayed 3 second(s)

2022-12-19 18:08:45 - [TEST_STEP][PASSED] - closeWindowTitle("Mailinator"): Window with title: 'Mailinator' is closed

2022-12-19 18:08:46 - [MESSAGE][PASSED] - Window with title: 'Mailinator' is closed

2022-12-19 18:08:46 - [TEST_STEP][PASSED] - delay(3): Delayed 3 second(s)

2022-12-19 18:08:49 - [MESSAGE][PASSED] - Delayed 3 second(s)

2022-12-19 18:08:49 - [TEST_STEP][PASSED] - switchToWindowIndex(0): Switched to window with index: '0'

2022-12-19 18:08:49 - [MESSAGE][PASSED] - Switched to window with index: '0'

2022-12-19 18:08:49 - [TEST_STEP][PASSED] - delay(3): Delayed 3 second(s)

2022-12-19 18:08:52 - [MESSAGE][PASSED] - Delayed 3 second(s)

2022-12-19 18:08:52 - [TEST_STEP][PASSED] - setText(findTestObject("Object Repository/06-Teams/For 2FA/input_Enter verification code_code"), code): Text '336720' is set on object 'Object Repository/06-Teams/For 2FA/input_Enter verification code_code'

2022-12-19 18:08:54 - [MESSAGE][PASSED] - Text '336720' is set on object 'Object Repository/06-Teams/For 2FA/input_Enter verification code_code'

2022-12-19 18:08:54 - [TEST_STEP][PASSED] - delay(3): Delayed 3 second(s)

2022-12-19 18:08:57 - [MESSAGE][PASSED] - Delayed 3 second(s)

2022-12-19 18:08:57 - [TEST_STEP][PASSED] - click(findTestObject("06-Teams/For 2FA/button_Verify_2FA")): Object: 'Object Repository/06-Teams/For 2FA/button_Verify_2FA' is clicked on

2022-12-19 18:08:58 - [MESSAGE][PASSED] - Object: 'Object Repository/06-Teams/For 2FA/button_Verify_2FA' is clicked on

2022-12-19 18:08:58 - [TEST_STEP][PASSED] - delay(5): Delayed 5 second(s)

2022-12-19 18:09:03 - [MESSAGE][PASSED] - Delayed 5 second(s)

2022-12-19 18:09:03 - [TEST_STEP][PASSED] - click(findTestObject("06-Teams/button_doublearrow")): Object: 'Object Repository/06-Teams/button_doublearrow' is clicked on

2022-12-19 18:09:05 - [MESSAGE][PASSED] - Object: 'Object Repository/06-Teams/button_doublearrow' is clicked on

2022-12-19 18:09:05 - [TEST_STEP][PASSED] - click(findTestObject("06-Teams/button_My Organizations")): Object: 'Object Repository/06-Teams/button_My Organizations' is clicked on

2022-12-19 18:09:07 - [MESSAGE][PASSED] - Object: 'Object Repository/06-Teams/button_My Organizations' is clicked on

2022-12-19 18:09:07 - [TEST_STEP][PASSED] - click(findTestObject("06-Teams/button_GG Automation")): Object: 'Object Repository/06-Teams/button_GG Automation' is clicked on

2022-12-19 18:09:08 - [MESSAGE][PASSED] - Object: 'Object Repository/06-Teams/button_GG Automation' is clicked on

2022-12-19 18:09:08 - [TEST_STEP][PASSED] - delay(4): Delayed 4 second(s)

2022-12-19 18:09:12 - [MESSAGE][PASSED] - Delayed 4 second(s)

2022-12-19 18:09:12 - [TEST_STEP][PASSED] - verifyElementVisible(findTestObject("06-Teams/span_GG Automation")): Object 'Object Repository/06-Teams/span_GG Automation' is visible

2022-12-19 18:09:13 - [MESSAGE][PASSED] - Object 'Object Repository/06-Teams/span_GG Automation' is visible

2022-12-19 18:09:13 - [TEST_STEP][PASSED] - delay(5): Delayed 5 second(s)

2022-12-19 18:09:18 - [MESSAGE][PASSED] - Delayed 5 second(s)

2022-12-19 18:09:18 - [TEST_STEP][PASSED] - click(findTestObject("03-Header Menu/Hamburger Button/div_Settings")): Object: 'Object Repository/03-Header Menu/Hamburger Button/div_Settings' is clicked on

2022-12-19 18:09:19 - [MESSAGE][PASSED] - Object: 'Object Repository/03-Header Menu/Hamburger Button/div_Settings' is clicked on

2022-12-19 18:09:19 - [TEST_STEP][PASSED] - verifyElementVisible(findTestObject("09-Settings/Users/div_Organization")): Object 'Object Repository/09-Settings/Users/div_Organization' is visible

2022-12-19 18:09:20 - [MESSAGE][PASSED] - Object 'Object Repository/09-Settings/Users/div_Organization' is visible

2022-12-19 18:09:20 - [TEST_STEP][PASSED] - verifyElementVisible(findTestObject("09-Settings/Users/div_Organization Units")): Object 'Object Repository/09-Settings/Users/div_Organization Units' is visible

2022-12-19 18:09:21 - [MESSAGE][PASSED] - Object 'Object Repository/09-Settings/Users/div_Organization Units' is visible

2022-12-19 18:09:21 - [TEST_STEP][PASSED] - scrollToElement(findTestObject("09-Settings/Users/div_Subscriptions"), 0): Scroll to object 'Object Repository/09-Settings/Users/div_Subscriptions' successfully

2022-12-19 18:09:22 - [MESSAGE][WARNING] - Timeout '0' is invalid. Using default page load timeout: '30'

2022-12-19 18:09:23 - [MESSAGE][PASSED] - Scroll to object 'Object Repository/09-Settings/Users/div_Subscriptions' successfully

2022-12-19 18:09:23 - [TEST_STEP][PASSED] - verifyElementVisible(findTestObject("09-Settings/Users/div_Subscriptions")): Object 'Object Repository/09-Settings/Users/div_Subscriptions' is visible

2022-12-19 18:09:24 - [MESSAGE][PASSED] - Object 'Object Repository/09-Settings/Users/div_Subscriptions' is visible

2022-12-19 18:09:24 - [TEST_STEP][PASSED] - verifyElementVisible(findTestObject("09-Settings/Users/div_Users")): Object 'Object Repository/09-Settings/Users/div_Users' is visible

2022-12-19 18:09:25 - [MESSAGE][PASSED] - Object 'Object Repository/09-Settings/Users/div_Users' is visible

2022-12-19 18:09:25 - [TEST_STEP][PASSED] - delay(3): Delayed 3 second(s)

2022-12-19 18:09:28 - [MESSAGE][PASSED] - Delayed 3 second(s)

2022-12-19 18:09:28 - [TEST_STEP][PASSED] - click(findTestObject("09-Settings/Users/div_Users")): Object: 'Object Repository/09-Settings/Users/div_Users' is clicked on

2022-12-19 18:09:31 - [MESSAGE][PASSED] - Object: 'Object Repository/09-Settings/Users/div_Users' is clicked on

2022-12-19 18:09:31 - [TEST_STEP][PASSED] - verifyElementVisible(findTestObject("09-Settings/Users/h4_USERS")): Object 'Object Repository/09-Settings/Users/h4_USERS' is visible

2022-12-19 18:09:33 - [MESSAGE][PASSED] - Object 'Object Repository/09-Settings/Users/h4_USERS' is visible

2022-12-19 18:09:33 - [TEST_STEP][PASSED] - verifyElementVisible(findTestObject("09-Settings/Users/User Page")): Object 'Object Repository/09-Settings/Users/User Page' is visible

2022-12-19 18:09:34 - [MESSAGE][PASSED] - Object 'Object Repository/09-Settings/Users/User Page' is visible

2022-12-19 18:09:34 - [TEST_STEP][PASSED] - delay(3): Delayed 3 second(s)

2022-12-19 18:09:37 - [MESSAGE][PASSED] - Delayed 3 second(s)

2022-12-19 18:09:37 - [TEST_STEP][PASSED] - click(findTestObject("09-Settings/Users/button_add")): Object: 'Object Repository/09-Settings/Users/button_add' is clicked on

2022-12-19 18:09:38 - [MESSAGE][PASSED] - Object: 'Object Repository/09-Settings/Users/button_add' is clicked on

2022-12-19 18:09:38 - [TEST_STEP][PASSED] - verifyElementVisible(findTestObject("09-Settings/Users/User Invitation modal")): Object 'Object Repository/09-Settings/Users/User Invitation modal' is visible

2022-12-19 18:09:39 - [MESSAGE][PASSED] - Object 'Object Repository/09-Settings/Users/User Invitation modal' is visible

2022-12-19 18:09:39 - [TEST_STEP][PASSED] - delay(3): Delayed 3 second(s)

2022-12-19 18:09:42 - [MESSAGE][PASSED] - Delayed 3 second(s)

2022-12-19 18:09:42 - [TEST_STEP][PASSED] - click(findTestObject("09-Settings/Users/add Invite a single user")): Object: 'Object Repository/09-Settings/Users/add Invite a single user' is clicked on

2022-12-19 18:09:43 - [MESSAGE][PASSED] - Object: 'Object Repository/09-Settings/Users/add Invite a single user' is clicked on

2022-12-19 18:09:43 - [TEST_STEP][PASSED] - verifyElementVisible(findTestObject("09-Settings/Users/Invite new user modal")): Object 'Object Repository/09-Settings/Users/Invite new user modal' is visible

2022-12-19 18:09:46 - [MESSAGE][PASSED] - Object 'Object Repository/09-Settings/Users/Invite new user modal' is visible

2022-12-19 18:09:46 - [TEST_STEP][PASSED] - click(findTestObject("09-Settings/Users/input_email")): Object: 'Object Repository/09-Settings/Users/input_email' is clicked on

2022-12-19 18:09:47 - [MESSAGE][PASSED] - Object: 'Object Repository/09-Settings/Users/input_email' is clicked on

2022-12-19 18:09:47 - [TEST_STEP][PASSED] - click(findTestObject("09-Settings/Users/input_firstName")): Object: 'Object Repository/09-Settings/Users/input_firstName' is clicked on

2022-12-19 18:09:49 - [MESSAGE][PASSED] - Object: 'Object Repository/09-Settings/Users/input_firstName' is clicked on

2022-12-19 18:09:49 - [TEST_STEP][PASSED] - click(findTestObject("09-Settings/Users/input_lastName")): Object: 'Object Repository/09-Settings/Users/input_lastName' is clicked on

2022-12-19 18:09:50 - [MESSAGE][PASSED] - Object: 'Object Repository/09-Settings/Users/input_lastName' is clicked on

2022-12-19 18:09:50 - [TEST_STEP][PASSED] - click(findTestObject("09-Settings/Users/span_Role")): Object: 'Object Repository/09-Settings/Users/span_Role' is clicked on

2022-12-19 18:09:52 - [MESSAGE][PASSED] - Object: 'Object Repository/09-Settings/Users/span_Role' is clicked on

2022-12-19 18:09:52 - [TEST_STEP][PASSED] - clickOffset(findTestObject("09-Settings/Users/h4_Invite New User"), 100, 100): Object: 'Object Repository/09-Settings/Users/h4_Invite New User' is clicked on using offset x=100 and y=100

2022-12-19 18:09:53 - [MESSAGE][PASSED] - Object: 'Object Repository/09-Settings/Users/h4_Invite New User' is clicked on using offset x=100 and y=100

2022-12-19 18:09:53 - [TEST_STEP][PASSED] - verifyElementVisible(findTestObject("09-Settings/Users/Email required")): Object 'Object Repository/09-Settings/Users/Email required' is visible

2022-12-19 18:09:54 - [MESSAGE][PASSED] - Object 'Object Repository/09-Settings/Users/Email required' is visible

2022-12-19 18:09:54 - [TEST_STEP][PASSED] - verifyElementVisible(findTestObject("09-Settings/Users/Firstname required")): Object 'Object Repository/09-Settings/Users/Firstname required' is visible

2022-12-19 18:09:55 - [MESSAGE][PASSED] - Object 'Object Repository/09-Settings/Users/Firstname required' is visible

2022-12-19 18:09:55 - [TEST_STEP][PASSED] - verifyElementVisible(findTestObject("09-Settings/Users/last name required")): Object 'Object Repository/09-Settings/Users/last name required' is visible

2022-12-19 18:09:56 - [MESSAGE][PASSED] - Object 'Object Repository/09-Settings/Users/last name required' is visible

2022-12-19 18:09:56 - [TEST_STEP][PASSED] - verifyElementVisible(findTestObject("09-Settings/Users/error_Select a role")): Object 'Object Repository/09-Settings/Users/error_Select a role' is visible

2022-12-19 18:09:57 - [MESSAGE][PASSED] - Object 'Object Repository/09-Settings/Users/error_Select a role' is visible]]></system-out>
         <system-err><![CDATA[]]></system-err>
      </testcase>
      <testcase name="Test Cases/09-Settings/02 - Users (Invite new user as co worker)" time="457.656" classname="Test Cases/09-Settings/02 - Users (Invite new user as co worker)" status="PASSED">
         <system-out><![CDATA[2022-12-19 18:09:57 - [TEST_CASE][PASSED] - Test Cases/09-Settings/02 - Users (Invite new user as co worker): Test Cases/09-Settings/02 - Users (Invite new user as co worker)

2022-12-19 18:10:03 - [TEST_STEP][PASSED] - delay(3): Delayed 3 second(s)

2022-12-19 18:10:06 - [MESSAGE][PASSED] - Delayed 3 second(s)

2022-12-19 18:10:06 - [TEST_STEP][PASSED] - setText(findTestObject("09-Settings/Users/input_email"), "autotester04@mailinator.com"): Text 'autotester04@mailinator.com' is set on object 'Object Repository/09-Settings/Users/input_email'

2022-12-19 18:10:12 - [MESSAGE][PASSED] - Text 'autotester04@mailinator.com' is set on object 'Object Repository/09-Settings/Users/input_email'

2022-12-19 18:10:12 - [TEST_STEP][PASSED] - setText(findTestObject("09-Settings/Users/input_firstName"), "GG"): Text 'GG' is set on object 'Object Repository/09-Settings/Users/input_firstName'

2022-12-19 18:10:15 - [MESSAGE][PASSED] - Text 'GG' is set on object 'Object Repository/09-Settings/Users/input_firstName'

2022-12-19 18:10:15 - [TEST_STEP][PASSED] - setText(findTestObject("09-Settings/Users/input_lastName"), "Auto Contact 2"): Text 'Auto Contact 2' is set on object 'Object Repository/09-Settings/Users/input_lastName'

2022-12-19 18:10:19 - [MESSAGE][PASSED] - Text 'Auto Contact 2' is set on object 'Object Repository/09-Settings/Users/input_lastName'

2022-12-19 18:10:19 - [TEST_STEP][PASSED] - click(findTestObject("09-Settings/Users/span_Role")): Object: 'Object Repository/09-Settings/Users/span_Role' is clicked on

2022-12-19 18:10:21 - [MESSAGE][PASSED] - Object: 'Object Repository/09-Settings/Users/span_Role' is clicked on

2022-12-19 18:10:21 - [TEST_STEP][PASSED] - click(findTestObject("09-Settings/Users/span_CoWorker")): Object: 'Object Repository/09-Settings/Users/span_CoWorker' is clicked on

2022-12-19 18:10:23 - [MESSAGE][PASSED] - Object: 'Object Repository/09-Settings/Users/span_CoWorker' is clicked on

2022-12-19 18:10:23 - [TEST_STEP][PASSED] - click(findTestObject("09-Settings/Users/button_Send Invitation")): Object: 'Object Repository/09-Settings/Users/button_Send Invitation' is clicked on

2022-12-19 18:10:25 - [MESSAGE][PASSED] - Object: 'Object Repository/09-Settings/Users/button_Send Invitation' is clicked on

2022-12-19 18:10:25 - [TEST_STEP][PASSED] - delay(2): Delayed 2 second(s)

2022-12-19 18:10:27 - [MESSAGE][PASSED] - Delayed 2 second(s)

2022-12-19 18:10:27 - [TEST_STEP][PASSED] - verifyElementVisible(findTestObject("07-Directory/Connections/zContact Profile/Successfully invited user")): Object 'Object Repository/07-Directory/Connections/zContact Profile/Successfully invited user' is visible

2022-12-19 18:10:30 - [MESSAGE][PASSED] - Object 'Object Repository/07-Directory/Connections/zContact Profile/Successfully invited user' is visible

2022-12-19 18:10:30 - [TEST_STEP][PASSED] - delay(2): Delayed 2 second(s)

2022-12-19 18:10:32 - [MESSAGE][PASSED] - Delayed 2 second(s)

2022-12-19 18:10:32 - [TEST_STEP][PASSED] - executeJavaScript("window.open();", []): Execute JavaScript 'window.open();' successfully

2022-12-19 18:10:32 - [MESSAGE][PASSED] - Execute JavaScript 'window.open();' successfully

2022-12-19 18:10:32 - [TEST_STEP][PASSED] - currentWindow = getWindowIndex(): Current window's index is: 0

2022-12-19 18:10:32 - [MESSAGE][PASSED] - Current window's index is: 0

2022-12-19 18:10:32 - [TEST_STEP][PASSED] - delay(3): Delayed 3 second(s)

2022-12-19 18:10:35 - [MESSAGE][PASSED] - Delayed 3 second(s)

2022-12-19 18:10:35 - [TEST_STEP][PASSED] - switchToWindowIndex(currentWindow + 1): Switched to window with index: '1'

2022-12-19 18:10:36 - [MESSAGE][PASSED] - Switched to window with index: '1'

2022-12-19 18:10:36 - [TEST_STEP][PASSED] - navigateToUrl("https://www.mailinator.com/"): Navigate to 'https://www.mailinator.com/' successfully

2022-12-19 18:10:43 - [MESSAGE][PASSED] - Navigate to 'https://www.mailinator.com/' successfully

2022-12-19 18:10:43 - [TEST_STEP][PASSED] - delay(3): Delayed 3 second(s)

2022-12-19 18:10:46 - [MESSAGE][PASSED] - Delayed 3 second(s)

2022-12-19 18:10:46 - [TEST_STEP][PASSED] - setText(findTestObject("00-Signup and Activation/zMailinator/input_LOGIN_search"), "autotester04@mailinator.com"): Text 'autotester04@mailinator.com' is set on object 'Object Repository/00-Signup and Activation/zMailinator/input_LOGIN_search'

2022-12-19 18:10:48 - [MESSAGE][PASSED] - Text 'autotester04@mailinator.com' is set on object 'Object Repository/00-Signup and Activation/zMailinator/input_LOGIN_search'

2022-12-19 18:10:48 - [TEST_STEP][PASSED] - click(findTestObject("00-Signup and Activation/zMailinator/gobutton"), STOP_ON_FAILURE): Object: 'Object Repository/00-Signup and Activation/zMailinator/gobutton' is clicked on

2022-12-19 18:10:52 - [MESSAGE][PASSED] - Object: 'Object Repository/00-Signup and Activation/zMailinator/gobutton' is clicked on

2022-12-19 18:10:52 - [TEST_STEP][PASSED] - delay(3): Delayed 3 second(s)

2022-12-19 18:10:55 - [MESSAGE][PASSED] - Delayed 3 second(s)

2022-12-19 18:10:55 - [TEST_STEP][PASSED] - closeWindowTitle("Everleagues"): Window with title: 'Everleagues' is closed

2022-12-19 18:10:56 - [MESSAGE][PASSED] - Window with title: 'Everleagues' is closed

2022-12-19 18:10:56 - [TEST_STEP][PASSED] - switchToWindowIndex(0): Switched to window with index: '0'

2022-12-19 18:10:56 - [MESSAGE][PASSED] - Switched to window with index: '0'

2022-12-19 18:10:56 - [TEST_STEP][PASSED] - click(findTestObject("09-Settings/Users/Co worker/td_Invitation from GG Automation")): Object: 'Object Repository/09-Settings/Users/Co worker/td_Invitation from GG Automation' is clicked on

2022-12-19 18:10:57 - [MESSAGE][PASSED] - Object: 'Object Repository/09-Settings/Users/Co worker/td_Invitation from GG Automation' is clicked on

2022-12-19 18:10:57 - [TEST_STEP][PASSED] - click(findTestObject("09-Settings/Users/Co worker/a_Click here to join GG Automation on EverLeagues")): Object: 'Object Repository/09-Settings/Users/Co worker/a_Click here to join GG Automation on EverLeagues' is clicked on

2022-12-19 18:10:58 - [MESSAGE][PASSED] - Object: 'Object Repository/09-Settings/Users/Co worker/a_Click here to join GG Automation on EverLeagues' is clicked on

2022-12-19 18:10:58 - [TEST_STEP][PASSED] - closeWindowTitle("Mailinator"): Window with title: 'Mailinator' is closed

2022-12-19 18:10:59 - [MESSAGE][PASSED] - Window with title: 'Mailinator' is closed

2022-12-19 18:10:59 - [TEST_STEP][PASSED] - switchToWindowIndex(0): Switched to window with index: '0'

2022-12-19 18:10:59 - [MESSAGE][PASSED] - Switched to window with index: '0'

2022-12-19 18:10:59 - [TEST_STEP][PASSED] - verifyElementVisible(findTestObject("09-Settings/Users/Co worker/Logout before proceed modal")): Object 'Object Repository/09-Settings/Users/Co worker/Logout before proceed modal' is visible

2022-12-19 18:11:29 - [MESSAGE][PASSED] - Object 'Object Repository/09-Settings/Users/Co worker/Logout before proceed modal' is visible

2022-12-19 18:11:29 - [TEST_STEP][PASSED] - click(findTestObject("09-Settings/Users/Co worker/button_Yes")): Object: 'Object Repository/09-Settings/Users/Co worker/button_Yes' is clicked on

2022-12-19 18:11:31 - [MESSAGE][PASSED] - Object: 'Object Repository/09-Settings/Users/Co worker/button_Yes' is clicked on

2022-12-19 18:11:31 - [TEST_STEP][PASSED] - delay(3): Delayed 3 second(s)

2022-12-19 18:11:34 - [MESSAGE][PASSED] - Delayed 3 second(s)

2022-12-19 18:11:34 - [TEST_STEP][PASSED] - setText(findTestObject("09-Settings/Users/Co worker/input_Email_email"), "autotester04@mailinator.com"): Text 'autotester04@mailinator.com' is set on object 'Object Repository/09-Settings/Users/Co worker/input_Email_email'

2022-12-19 18:12:37 - [MESSAGE][PASSED] - Text 'autotester04@mailinator.com' is set on object 'Object Repository/09-Settings/Users/Co worker/input_Email_email'

2022-12-19 18:12:37 - [TEST_STEP][PASSED] - setEncryptedText(findTestObject("09-Settings/Users/Co worker/input__password"), "8yFRyszE6U6jvsCn51OQbg=="): Text ****** has been set on object 'Object Repository/09-Settings/Users/Co worker/input__password'

2022-12-19 18:13:10 - [MESSAGE][PASSED] - Text ****** has been set on object 'Object Repository/09-Settings/Users/Co worker/input__password'

2022-12-19 18:13:10 - [TEST_STEP][PASSED] - click(findTestObject("02-Side Icons(Organization)/Add Contact/button_Sign in")): Object: 'Object Repository/02-Side Icons(Organization)/Add Contact/button_Sign in' is clicked on

2022-12-19 18:13:41 - [MESSAGE][PASSED] - Object: 'Object Repository/02-Side Icons(Organization)/Add Contact/button_Sign in' is clicked on

2022-12-19 18:13:41 - [TEST_STEP][PASSED] - delay(2): Delayed 2 second(s)

2022-12-19 18:13:43 - [MESSAGE][PASSED] - Delayed 2 second(s)

2022-12-19 18:13:43 - [TEST_STEP][PASSED] - click(findTestObject("06-Teams/For 2FA/button_Confirm_2FA")): Object: 'Object Repository/06-Teams/For 2FA/button_Confirm_2FA' is clicked on

2022-12-19 18:14:14 - [MESSAGE][PASSED] - Object: 'Object Repository/06-Teams/For 2FA/button_Confirm_2FA' is clicked on

2022-12-19 18:14:14 - [TEST_STEP][PASSED] - executeJavaScript("window.open();", []): Execute JavaScript 'window.open();' successfully

2022-12-19 18:14:15 - [MESSAGE][PASSED] - Execute JavaScript 'window.open();' successfully

2022-12-19 18:14:15 - [TEST_STEP][PASSED] - currentWindow = getWindowIndex(): Current window's index is: 0

2022-12-19 18:14:15 - [MESSAGE][PASSED] - Current window's index is: 0

2022-12-19 18:14:15 - [TEST_STEP][PASSED] - delay(3): Delayed 3 second(s)

2022-12-19 18:14:18 - [MESSAGE][PASSED] - Delayed 3 second(s)

2022-12-19 18:14:18 - [TEST_STEP][PASSED] - switchToWindowIndex(currentWindow + 1): Switched to window with index: '1'

2022-12-19 18:14:18 - [MESSAGE][PASSED] - Switched to window with index: '1'

2022-12-19 18:14:18 - [TEST_STEP][PASSED] - navigateToUrl("https://www.mailinator.com/"): Navigate to 'https://www.mailinator.com/' successfully

2022-12-19 18:14:24 - [MESSAGE][PASSED] - Navigate to 'https://www.mailinator.com/' successfully

2022-12-19 18:14:24 - [TEST_STEP][PASSED] - delay(3): Delayed 3 second(s)

2022-12-19 18:14:27 - [MESSAGE][PASSED] - Delayed 3 second(s)

2022-12-19 18:14:27 - [TEST_STEP][PASSED] - setText(findTestObject("00-Signup and Activation/zMailinator/input_LOGIN_search"), "autotester04@mailinator.com"): Text 'autotester04@mailinator.com' is set on object 'Object Repository/00-Signup and Activation/zMailinator/input_LOGIN_search'

2022-12-19 18:14:29 - [MESSAGE][PASSED] - Text 'autotester04@mailinator.com' is set on object 'Object Repository/00-Signup and Activation/zMailinator/input_LOGIN_search'

2022-12-19 18:14:29 - [TEST_STEP][PASSED] - click(findTestObject("00-Signup and Activation/zMailinator/gobutton"), STOP_ON_FAILURE): Object: 'Object Repository/00-Signup and Activation/zMailinator/gobutton' is clicked on

2022-12-19 18:14:32 - [MESSAGE][PASSED] - Object: 'Object Repository/00-Signup and Activation/zMailinator/gobutton' is clicked on

2022-12-19 18:14:32 - [TEST_STEP][PASSED] - delay(3): Delayed 3 second(s)

2022-12-19 18:14:35 - [MESSAGE][PASSED] - Delayed 3 second(s)

2022-12-19 18:14:35 - [TEST_STEP][PASSED] - click(findTestObject("00-Signup and Activation/zMailinator/Email - everleagues")): Object: 'Object Repository/00-Signup and Activation/zMailinator/Email - everleagues' is clicked on

2022-12-19 18:14:36 - [MESSAGE][PASSED] - Object: 'Object Repository/00-Signup and Activation/zMailinator/Email - everleagues' is clicked on

2022-12-19 18:14:36 - [TEST_STEP][PASSED] - delay(3): Delayed 3 second(s)

2022-12-19 18:14:39 - [MESSAGE][PASSED] - Delayed 3 second(s)

2022-12-19 18:14:39 - [TEST_STEP][PASSED] - codetwo = getText(findTestObject("Object Repository/06-Teams/For 2FA/2FA code")): Text of object 'Object Repository/06-Teams/For 2FA/2FA code' is: '224256'

2022-12-19 18:14:40 - [MESSAGE][PASSED] - Text of object 'Object Repository/06-Teams/For 2FA/2FA code' is: '224256'

2022-12-19 18:14:40 - [TEST_STEP][PASSED] - delay(3): Delayed 3 second(s)

2022-12-19 18:14:43 - [MESSAGE][PASSED] - Delayed 3 second(s)

2022-12-19 18:14:43 - [TEST_STEP][PASSED] - closeWindowTitle("Mailinator"): Window with title: 'Mailinator' is closed

2022-12-19 18:14:45 - [MESSAGE][PASSED] - Window with title: 'Mailinator' is closed

2022-12-19 18:14:45 - [TEST_STEP][PASSED] - delay(3): Delayed 3 second(s)

2022-12-19 18:14:48 - [MESSAGE][PASSED] - Delayed 3 second(s)

2022-12-19 18:14:48 - [TEST_STEP][PASSED] - switchToWindowIndex(0): Switched to window with index: '0'

2022-12-19 18:14:48 - [MESSAGE][PASSED] - Switched to window with index: '0'

2022-12-19 18:14:48 - [TEST_STEP][PASSED] - delay(3): Delayed 3 second(s)

2022-12-19 18:14:51 - [MESSAGE][PASSED] - Delayed 3 second(s)

2022-12-19 18:14:51 - [TEST_STEP][PASSED] - setText(findTestObject("Object Repository/06-Teams/For 2FA/input_Enter verification code_code"), codetwo): Text '224256' is set on object 'Object Repository/06-Teams/For 2FA/input_Enter verification code_code'

2022-12-19 18:15:52 - [MESSAGE][PASSED] - Text '224256' is set on object 'Object Repository/06-Teams/For 2FA/input_Enter verification code_code'

2022-12-19 18:15:52 - [TEST_STEP][PASSED] - delay(3): Delayed 3 second(s)

2022-12-19 18:15:55 - [MESSAGE][PASSED] - Delayed 3 second(s)

2022-12-19 18:15:55 - [TEST_STEP][PASSED] - click(findTestObject("06-Teams/For 2FA/button_Verify_2FA")): Object: 'Object Repository/06-Teams/For 2FA/button_Verify_2FA' is clicked on

2022-12-19 18:16:26 - [MESSAGE][PASSED] - Object: 'Object Repository/06-Teams/For 2FA/button_Verify_2FA' is clicked on

2022-12-19 18:16:26 - [TEST_STEP][PASSED] - delay(5): Delayed 5 second(s)

2022-12-19 18:16:31 - [MESSAGE][PASSED] - Delayed 5 second(s)

2022-12-19 18:16:31 - [TEST_STEP][PASSED] - executeJavaScript("window.open();", []): Execute JavaScript 'window.open();' successfully

2022-12-19 18:16:31 - [MESSAGE][PASSED] - Execute JavaScript 'window.open();' successfully

2022-12-19 18:16:31 - [TEST_STEP][PASSED] - currentWindow = getWindowIndex(): Current window's index is: 0

2022-12-19 18:16:32 - [MESSAGE][PASSED] - Current window's index is: 0

2022-12-19 18:16:32 - [TEST_STEP][PASSED] - delay(3): Delayed 3 second(s)

2022-12-19 18:16:35 - [MESSAGE][PASSED] - Delayed 3 second(s)

2022-12-19 18:16:35 - [TEST_STEP][PASSED] - switchToWindowIndex(currentWindow + 1): Switched to window with index: '1'

2022-12-19 18:16:35 - [MESSAGE][PASSED] - Switched to window with index: '1'

2022-12-19 18:16:35 - [TEST_STEP][PASSED] - navigateToUrl("https://www.mailinator.com/"): Navigate to 'https://www.mailinator.com/' successfully

2022-12-19 18:16:42 - [MESSAGE][PASSED] - Navigate to 'https://www.mailinator.com/' successfully

2022-12-19 18:16:42 - [TEST_STEP][PASSED] - delay(3): Delayed 3 second(s)

2022-12-19 18:16:45 - [MESSAGE][PASSED] - Delayed 3 second(s)

2022-12-19 18:16:45 - [TEST_STEP][PASSED] - setText(findTestObject("00-Signup and Activation/zMailinator/input_LOGIN_search"), "autotester04@mailinator.com"): Text 'autotester04@mailinator.com' is set on object 'Object Repository/00-Signup and Activation/zMailinator/input_LOGIN_search'

2022-12-19 18:16:47 - [MESSAGE][PASSED] - Text 'autotester04@mailinator.com' is set on object 'Object Repository/00-Signup and Activation/zMailinator/input_LOGIN_search'

2022-12-19 18:16:47 - [TEST_STEP][PASSED] - click(findTestObject("00-Signup and Activation/zMailinator/gobutton"), STOP_ON_FAILURE): Object: 'Object Repository/00-Signup and Activation/zMailinator/gobutton' is clicked on

2022-12-19 18:16:51 - [MESSAGE][PASSED] - Object: 'Object Repository/00-Signup and Activation/zMailinator/gobutton' is clicked on

2022-12-19 18:16:51 - [TEST_STEP][PASSED] - delay(3): Delayed 3 second(s)

2022-12-19 18:16:54 - [MESSAGE][PASSED] - Delayed 3 second(s)

2022-12-19 18:16:54 - [TEST_STEP][PASSED] - closeWindowTitle("Everleagues"): Window with title: 'Everleagues' is closed

2022-12-19 18:16:54 - [MESSAGE][PASSED] - Window with title: 'Everleagues' is closed

2022-12-19 18:16:54 - [TEST_STEP][PASSED] - switchToWindowIndex(0): Switched to window with index: '0'

2022-12-19 18:16:55 - [MESSAGE][PASSED] - Switched to window with index: '0'

2022-12-19 18:16:55 - [TEST_STEP][PASSED] - click(findTestObject("09-Settings/Users/Co worker/td_Invitation from GG Automation")): Object: 'Object Repository/09-Settings/Users/Co worker/td_Invitation from GG Automation' is clicked on

2022-12-19 18:16:56 - [MESSAGE][PASSED] - Object: 'Object Repository/09-Settings/Users/Co worker/td_Invitation from GG Automation' is clicked on

2022-12-19 18:16:56 - [TEST_STEP][PASSED] - click(findTestObject("09-Settings/Users/Co worker/a_Click here to join GG Automation on EverLeagues")): Object: 'Object Repository/09-Settings/Users/Co worker/a_Click here to join GG Automation on EverLeagues' is clicked on

2022-12-19 18:16:57 - [MESSAGE][PASSED] - Object: 'Object Repository/09-Settings/Users/Co worker/a_Click here to join GG Automation on EverLeagues' is clicked on

2022-12-19 18:16:57 - [TEST_STEP][PASSED] - delay(3): Delayed 3 second(s)

2022-12-19 18:17:00 - [MESSAGE][PASSED] - Delayed 3 second(s)

2022-12-19 18:17:00 - [TEST_STEP][PASSED] - closeWindowTitle("Mailinator"): Window with title: 'Mailinator' is closed

2022-12-19 18:17:12 - [MESSAGE][PASSED] - Window with title: 'Mailinator' is closed

2022-12-19 18:17:12 - [TEST_STEP][PASSED] - switchToWindowIndex(0): Switched to window with index: '0'

2022-12-19 18:17:12 - [MESSAGE][PASSED] - Switched to window with index: '0'

2022-12-19 18:17:12 - [TEST_STEP][PASSED] - verifyElementVisible(findTestObject("09-Settings/Users/Co worker/Invite modal")): Object 'Object Repository/09-Settings/Users/Co worker/Invite modal' is visible

2022-12-19 18:17:22 - [MESSAGE][PASSED] - Object 'Object Repository/09-Settings/Users/Co worker/Invite modal' is visible

2022-12-19 18:17:22 - [TEST_STEP][PASSED] - click(findTestObject("09-Settings/Users/Co worker/button_Accept")): Object: 'Object Repository/09-Settings/Users/Co worker/button_Accept' is clicked on

2022-12-19 18:17:23 - [MESSAGE][PASSED] - Object: 'Object Repository/09-Settings/Users/Co worker/button_Accept' is clicked on

2022-12-19 18:17:23 - [TEST_STEP][PASSED] - delay(5): Delayed 5 second(s)

2022-12-19 18:17:28 - [MESSAGE][PASSED] - Delayed 5 second(s)

2022-12-19 18:17:28 - [TEST_STEP][PASSED] - verifyElementVisible(findTestObject("09-Settings/Users/Co worker/div_Joined as CoWorker")): Object 'Object Repository/09-Settings/Users/Co worker/div_Joined as CoWorker' is visible

2022-12-19 18:17:33 - [MESSAGE][PASSED] - Object 'Object Repository/09-Settings/Users/Co worker/div_Joined as CoWorker' is visible

2022-12-19 18:17:33 - [TEST_STEP][PASSED] - closeBrowser(): Browser is closed

2022-12-19 18:17:35 - [MESSAGE][PASSED] - Browser is closed]]></system-out>
         <system-err><![CDATA[]]></system-err>
      </testcase>
      <testcase name="Test Cases/09-Settings/03 - Users (Invite new user as client)" time="320.71" classname="Test Cases/09-Settings/03 - Users (Invite new user as client)" status="PASSED">
         <system-out><![CDATA[2022-12-19 18:17:35 - [TEST_CASE][PASSED] - Test Cases/09-Settings/03 - Users (Invite new user as client): Test Cases/09-Settings/03 - Users (Invite new user as client)

2022-12-19 18:17:39 - [TEST_STEP][PASSED] - openBrowser(""): Browser is opened with url: ''

2022-12-19 18:17:39 - [MESSAGE][INFO] - Starting 'Chrome' driver

2022-12-19 18:17:39 - [MESSAGE][INFO] - Action delay is set to 0 milliseconds

2022-12-19 18:17:42 - [MESSAGE][PASSED] - Browser is opened with url: ''

2022-12-19 18:17:42 - [TEST_STEP][PASSED] - navigateToUrl("https://lab.everleagues.com/"): Navigate to 'https://lab.everleagues.com/' successfully

2022-12-19 18:18:13 - [MESSAGE][PASSED] - Navigate to 'https://lab.everleagues.com/' successfully

2022-12-19 18:18:13 - [TEST_STEP][PASSED] - maximizeWindow(): Current window maximized

2022-12-19 18:18:13 - [MESSAGE][PASSED] - Current window maximized

2022-12-19 18:18:13 - [TEST_STEP][PASSED] - setText(findTestObject("02-Side Icons(Organization)/Add Contact/Email Field"), "testuser02@mailinator.com"): Text 'testuser02@mailinator.com' is set on object 'Object Repository/02-Side Icons(Organization)/Add Contact/Email Field'

2022-12-19 18:18:15 - [MESSAGE][PASSED] - Text 'testuser02@mailinator.com' is set on object 'Object Repository/02-Side Icons(Organization)/Add Contact/Email Field'

2022-12-19 18:18:15 - [TEST_STEP][PASSED] - setEncryptedText(findTestObject("02-Side Icons(Organization)/Add Contact/Password Field"), "8yFRyszE6U6jvsCn51OQbg=="): Text ****** has been set on object 'Object Repository/02-Side Icons(Organization)/Add Contact/Password Field'

2022-12-19 18:18:17 - [MESSAGE][PASSED] - Text ****** has been set on object 'Object Repository/02-Side Icons(Organization)/Add Contact/Password Field'

2022-12-19 18:18:17 - [TEST_STEP][PASSED] - click(findTestObject("02-Side Icons(Organization)/Add Contact/button_Sign in")): Object: 'Object Repository/02-Side Icons(Organization)/Add Contact/button_Sign in' is clicked on

2022-12-19 18:18:18 - [MESSAGE][PASSED] - Object: 'Object Repository/02-Side Icons(Organization)/Add Contact/button_Sign in' is clicked on

2022-12-19 18:18:18 - [TEST_STEP][PASSED] - delay(2): Delayed 2 second(s)

2022-12-19 18:18:20 - [MESSAGE][PASSED] - Delayed 2 second(s)

2022-12-19 18:18:20 - [TEST_STEP][PASSED] - click(findTestObject("06-Teams/For 2FA/button_Confirm_2FA")): Object: 'Object Repository/06-Teams/For 2FA/button_Confirm_2FA' is clicked on

2022-12-19 18:18:21 - [MESSAGE][PASSED] - Object: 'Object Repository/06-Teams/For 2FA/button_Confirm_2FA' is clicked on

2022-12-19 18:18:21 - [TEST_STEP][PASSED] - executeJavaScript("window.open();", []): Execute JavaScript 'window.open();' successfully

2022-12-19 18:18:22 - [MESSAGE][PASSED] - Execute JavaScript 'window.open();' successfully

2022-12-19 18:18:22 - [TEST_STEP][PASSED] - currentWindow = getWindowIndex(): Current window's index is: 0

2022-12-19 18:18:22 - [MESSAGE][PASSED] - Current window's index is: 0

2022-12-19 18:18:22 - [TEST_STEP][PASSED] - delay(3): Delayed 3 second(s)

2022-12-19 18:18:25 - [MESSAGE][PASSED] - Delayed 3 second(s)

2022-12-19 18:18:25 - [TEST_STEP][PASSED] - switchToWindowIndex(currentWindow + 1): Switched to window with index: '1'

2022-12-19 18:18:25 - [MESSAGE][PASSED] - Switched to window with index: '1'

2022-12-19 18:18:25 - [TEST_STEP][PASSED] - navigateToUrl("https://www.mailinator.com/"): Navigate to 'https://www.mailinator.com/' successfully

2022-12-19 18:18:34 - [MESSAGE][PASSED] - Navigate to 'https://www.mailinator.com/' successfully

2022-12-19 18:18:34 - [TEST_STEP][PASSED] - delay(3): Delayed 3 second(s)

2022-12-19 18:18:37 - [MESSAGE][PASSED] - Delayed 3 second(s)

2022-12-19 18:18:37 - [TEST_STEP][PASSED] - setText(findTestObject("00-Signup and Activation/zMailinator/input_LOGIN_search"), "testuser02@mailinator.com"): Text 'testuser02@mailinator.com' is set on object 'Object Repository/00-Signup and Activation/zMailinator/input_LOGIN_search'

2022-12-19 18:18:39 - [MESSAGE][PASSED] - Text 'testuser02@mailinator.com' is set on object 'Object Repository/00-Signup and Activation/zMailinator/input_LOGIN_search'

2022-12-19 18:18:39 - [TEST_STEP][PASSED] - click(findTestObject("00-Signup and Activation/zMailinator/gobutton"), STOP_ON_FAILURE): Object: 'Object Repository/00-Signup and Activation/zMailinator/gobutton' is clicked on

2022-12-19 18:18:44 - [MESSAGE][PASSED] - Object: 'Object Repository/00-Signup and Activation/zMailinator/gobutton' is clicked on

2022-12-19 18:18:44 - [TEST_STEP][PASSED] - delay(3): Delayed 3 second(s)

2022-12-19 18:18:47 - [MESSAGE][PASSED] - Delayed 3 second(s)

2022-12-19 18:18:47 - [TEST_STEP][PASSED] - click(findTestObject("00-Signup and Activation/zMailinator/Email - everleagues")): Object: 'Object Repository/00-Signup and Activation/zMailinator/Email - everleagues' is clicked on

2022-12-19 18:18:48 - [MESSAGE][PASSED] - Object: 'Object Repository/00-Signup and Activation/zMailinator/Email - everleagues' is clicked on

2022-12-19 18:18:48 - [TEST_STEP][PASSED] - delay(3): Delayed 3 second(s)

2022-12-19 18:18:51 - [MESSAGE][PASSED] - Delayed 3 second(s)

2022-12-19 18:18:51 - [TEST_STEP][PASSED] - code = getText(findTestObject("Object Repository/06-Teams/For 2FA/2FA code")): Text of object 'Object Repository/06-Teams/For 2FA/2FA code' is: '944566'

2022-12-19 18:18:53 - [MESSAGE][PASSED] - Text of object 'Object Repository/06-Teams/For 2FA/2FA code' is: '944566'

2022-12-19 18:18:53 - [TEST_STEP][PASSED] - delay(3): Delayed 3 second(s)

2022-12-19 18:18:56 - [MESSAGE][PASSED] - Delayed 3 second(s)

2022-12-19 18:18:56 - [TEST_STEP][PASSED] - closeWindowTitle("Mailinator"): Window with title: 'Mailinator' is closed

2022-12-19 18:18:56 - [MESSAGE][PASSED] - Window with title: 'Mailinator' is closed

2022-12-19 18:18:56 - [TEST_STEP][PASSED] - delay(3): Delayed 3 second(s)

2022-12-19 18:18:59 - [MESSAGE][PASSED] - Delayed 3 second(s)

2022-12-19 18:18:59 - [TEST_STEP][PASSED] - switchToWindowIndex(0): Switched to window with index: '0'

2022-12-19 18:18:59 - [MESSAGE][PASSED] - Switched to window with index: '0'

2022-12-19 18:18:59 - [TEST_STEP][PASSED] - delay(3): Delayed 3 second(s)

2022-12-19 18:19:02 - [MESSAGE][PASSED] - Delayed 3 second(s)

2022-12-19 18:19:03 - [TEST_STEP][PASSED] - setText(findTestObject("Object Repository/06-Teams/For 2FA/input_Enter verification code_code"), code): Text '944566' is set on object 'Object Repository/06-Teams/For 2FA/input_Enter verification code_code'

2022-12-19 18:19:04 - [MESSAGE][PASSED] - Text '944566' is set on object 'Object Repository/06-Teams/For 2FA/input_Enter verification code_code'

2022-12-19 18:19:04 - [TEST_STEP][PASSED] - delay(3): Delayed 3 second(s)

2022-12-19 18:19:07 - [MESSAGE][PASSED] - Delayed 3 second(s)

2022-12-19 18:19:07 - [TEST_STEP][PASSED] - click(findTestObject("06-Teams/For 2FA/button_Verify_2FA")): Object: 'Object Repository/06-Teams/For 2FA/button_Verify_2FA' is clicked on

2022-12-19 18:19:08 - [MESSAGE][PASSED] - Object: 'Object Repository/06-Teams/For 2FA/button_Verify_2FA' is clicked on

2022-12-19 18:19:08 - [TEST_STEP][PASSED] - delay(5): Delayed 5 second(s)

2022-12-19 18:19:13 - [MESSAGE][PASSED] - Delayed 5 second(s)

2022-12-19 18:19:13 - [TEST_STEP][PASSED] - click(findTestObject("06-Teams/button_doublearrow")): Object: 'Object Repository/06-Teams/button_doublearrow' is clicked on

2022-12-19 18:19:15 - [MESSAGE][PASSED] - Object: 'Object Repository/06-Teams/button_doublearrow' is clicked on

2022-12-19 18:19:15 - [TEST_STEP][PASSED] - click(findTestObject("06-Teams/button_My Organizations")): Object: 'Object Repository/06-Teams/button_My Organizations' is clicked on

2022-12-19 18:19:17 - [MESSAGE][PASSED] - Object: 'Object Repository/06-Teams/button_My Organizations' is clicked on

2022-12-19 18:19:17 - [TEST_STEP][PASSED] - click(findTestObject("06-Teams/button_GG Automation")): Object: 'Object Repository/06-Teams/button_GG Automation' is clicked on

2022-12-19 18:19:18 - [MESSAGE][PASSED] - Object: 'Object Repository/06-Teams/button_GG Automation' is clicked on

2022-12-19 18:19:18 - [TEST_STEP][PASSED] - delay(4): Delayed 4 second(s)

2022-12-19 18:19:22 - [MESSAGE][PASSED] - Delayed 4 second(s)

2022-12-19 18:19:22 - [TEST_STEP][PASSED] - verifyElementVisible(findTestObject("06-Teams/span_GG Automation")): Object 'Object Repository/06-Teams/span_GG Automation' is visible

2022-12-19 18:19:23 - [MESSAGE][PASSED] - Object 'Object Repository/06-Teams/span_GG Automation' is visible

2022-12-19 18:19:23 - [TEST_STEP][PASSED] - delay(5): Delayed 5 second(s)

2022-12-19 18:19:28 - [MESSAGE][PASSED] - Delayed 5 second(s)

2022-12-19 18:19:28 - [TEST_STEP][PASSED] - click(findTestObject("03-Header Menu/Hamburger Button/div_Settings")): Object: 'Object Repository/03-Header Menu/Hamburger Button/div_Settings' is clicked on

2022-12-19 18:19:29 - [MESSAGE][PASSED] - Object: 'Object Repository/03-Header Menu/Hamburger Button/div_Settings' is clicked on

2022-12-19 18:19:29 - [TEST_STEP][PASSED] - delay(3): Delayed 3 second(s)

2022-12-19 18:19:32 - [MESSAGE][PASSED] - Delayed 3 second(s)

2022-12-19 18:19:32 - [TEST_STEP][PASSED] - scrollToElement(findTestObject("09-Settings/Users/div_Users"), 0): Scroll to object 'Object Repository/09-Settings/Users/div_Users' successfully

2022-12-19 18:19:32 - [MESSAGE][WARNING] - Timeout '0' is invalid. Using default page load timeout: '30'

2022-12-19 18:19:33 - [MESSAGE][PASSED] - Scroll to object 'Object Repository/09-Settings/Users/div_Users' successfully

2022-12-19 18:19:33 - [TEST_STEP][PASSED] - click(findTestObject("09-Settings/Users/div_Users")): Object: 'Object Repository/09-Settings/Users/div_Users' is clicked on

2022-12-19 18:19:36 - [MESSAGE][PASSED] - Object: 'Object Repository/09-Settings/Users/div_Users' is clicked on

2022-12-19 18:19:36 - [TEST_STEP][PASSED] - delay(3): Delayed 3 second(s)

2022-12-19 18:19:39 - [MESSAGE][PASSED] - Delayed 3 second(s)

2022-12-19 18:19:39 - [TEST_STEP][PASSED] - click(findTestObject("09-Settings/Users/button_add")): Object: 'Object Repository/09-Settings/Users/button_add' is clicked on

2022-12-19 18:19:39 - [MESSAGE][PASSED] - Object: 'Object Repository/09-Settings/Users/button_add' is clicked on

2022-12-19 18:19:40 - [TEST_STEP][PASSED] - delay(3): Delayed 3 second(s)

2022-12-19 18:19:43 - [MESSAGE][PASSED] - Delayed 3 second(s)

2022-12-19 18:19:43 - [TEST_STEP][PASSED] - click(findTestObject("09-Settings/Users/add Invite a single user")): Object: 'Object Repository/09-Settings/Users/add Invite a single user' is clicked on

2022-12-19 18:19:43 - [MESSAGE][PASSED] - Object: 'Object Repository/09-Settings/Users/add Invite a single user' is clicked on

2022-12-19 18:19:43 - [TEST_STEP][PASSED] - delay(3): Delayed 3 second(s)

2022-12-19 18:19:46 - [MESSAGE][PASSED] - Delayed 3 second(s)

2022-12-19 18:19:46 - [TEST_STEP][PASSED] - setText(findTestObject("09-Settings/Users/input_email"), "autotester09@mailinator.com"): Text 'autotester09@mailinator.com' is set on object 'Object Repository/09-Settings/Users/input_email'

2022-12-19 18:19:50 - [MESSAGE][PASSED] - Text 'autotester09@mailinator.com' is set on object 'Object Repository/09-Settings/Users/input_email'

2022-12-19 18:19:50 - [TEST_STEP][PASSED] - setText(findTestObject("09-Settings/Users/input_firstName"), "GG"): Text 'GG' is set on object 'Object Repository/09-Settings/Users/input_firstName'

2022-12-19 18:19:52 - [MESSAGE][PASSED] - Text 'GG' is set on object 'Object Repository/09-Settings/Users/input_firstName'

2022-12-19 18:19:52 - [TEST_STEP][PASSED] - setText(findTestObject("09-Settings/Users/input_lastName"), "Client"): Text 'Client' is set on object 'Object Repository/09-Settings/Users/input_lastName'

2022-12-19 18:19:54 - [MESSAGE][PASSED] - Text 'Client' is set on object 'Object Repository/09-Settings/Users/input_lastName'

2022-12-19 18:19:54 - [TEST_STEP][PASSED] - click(findTestObject("09-Settings/Users/span_Role")): Object: 'Object Repository/09-Settings/Users/span_Role' is clicked on

2022-12-19 18:19:55 - [MESSAGE][PASSED] - Object: 'Object Repository/09-Settings/Users/span_Role' is clicked on

2022-12-19 18:19:55 - [TEST_STEP][PASSED] - click(findTestObject("09-Settings/Users/span_Client")): Object: 'Object Repository/09-Settings/Users/span_Client' is clicked on

2022-12-19 18:19:57 - [MESSAGE][PASSED] - Object: 'Object Repository/09-Settings/Users/span_Client' is clicked on

2022-12-19 18:19:57 - [TEST_STEP][PASSED] - click(findTestObject("09-Settings/Users/button_Send Invitation")): Object: 'Object Repository/09-Settings/Users/button_Send Invitation' is clicked on

2022-12-19 18:19:58 - [MESSAGE][PASSED] - Object: 'Object Repository/09-Settings/Users/button_Send Invitation' is clicked on

2022-12-19 18:19:58 - [TEST_STEP][PASSED] - delay(2): Delayed 2 second(s)

2022-12-19 18:20:00 - [MESSAGE][PASSED] - Delayed 2 second(s)

2022-12-19 18:20:00 - [TEST_STEP][PASSED] - verifyElementVisible(findTestObject("07-Directory/Connections/zContact Profile/Successfully invited user")): Object 'Object Repository/07-Directory/Connections/zContact Profile/Successfully invited user' is visible

2022-12-19 18:20:03 - [MESSAGE][PASSED] - Object 'Object Repository/07-Directory/Connections/zContact Profile/Successfully invited user' is visible

2022-12-19 18:20:03 - [TEST_STEP][PASSED] - delay(2): Delayed 2 second(s)

2022-12-19 18:20:05 - [MESSAGE][PASSED] - Delayed 2 second(s)

2022-12-19 18:20:05 - [TEST_STEP][PASSED] - click(findTestObject("01-Login and Forgot Password/User menu drop")): Object: 'Object Repository/01-Login and Forgot Password/User menu drop' is clicked on

2022-12-19 18:20:06 - [MESSAGE][PASSED] - Object: 'Object Repository/01-Login and Forgot Password/User menu drop' is clicked on

2022-12-19 18:20:06 - [TEST_STEP][PASSED] - delay(2): Delayed 2 second(s)

2022-12-19 18:20:08 - [MESSAGE][PASSED] - Delayed 2 second(s)

2022-12-19 18:20:08 - [TEST_STEP][PASSED] - click(findTestObject("01-Login and Forgot Password/h4_Sign Out"), STOP_ON_FAILURE): Object: 'Object Repository/01-Login and Forgot Password/h4_Sign Out' is clicked on

2022-12-19 18:20:09 - [MESSAGE][PASSED] - Object: 'Object Repository/01-Login and Forgot Password/h4_Sign Out' is clicked on

2022-12-19 18:20:09 - [TEST_STEP][PASSED] - delay(2): Delayed 2 second(s)

2022-12-19 18:20:11 - [MESSAGE][PASSED] - Delayed 2 second(s)

2022-12-19 18:20:11 - [TEST_STEP][PASSED] - verifyElementPresent(findTestObject("01-Login and Forgot Password/Login_Card"), 0): Object 'Object Repository/01-Login and Forgot Password/Login_Card' is present

2022-12-19 18:20:12 - [MESSAGE][WARNING] - Timeout '0' is invalid. Using default page load timeout: '30'

2022-12-19 18:20:13 - [MESSAGE][PASSED] - Object 'Object Repository/01-Login and Forgot Password/Login_Card' is present

2022-12-19 18:20:13 - [TEST_STEP][PASSED] - delay(3): Delayed 3 second(s)

2022-12-19 18:20:16 - [MESSAGE][PASSED] - Delayed 3 second(s)

2022-12-19 18:20:16 - [TEST_STEP][PASSED] - closeBrowser(): Browser is closed

2022-12-19 18:20:18 - [MESSAGE][PASSED] - Browser is closed

2022-12-19 18:20:18 - [TEST_STEP][PASSED] - openBrowser(""): Browser is opened with url: ''

2022-12-19 18:20:18 - [MESSAGE][INFO] - Starting 'Chrome' driver

2022-12-19 18:20:18 - [MESSAGE][INFO] - Action delay is set to 0 milliseconds

2022-12-19 18:20:21 - [MESSAGE][PASSED] - Browser is opened with url: ''

2022-12-19 18:20:21 - [TEST_STEP][PASSED] - navigateToUrl("https://lab.everleagues.com/"): Navigate to 'https://lab.everleagues.com/' successfully

2022-12-19 18:20:45 - [MESSAGE][PASSED] - Navigate to 'https://lab.everleagues.com/' successfully

2022-12-19 18:20:45 - [TEST_STEP][PASSED] - maximizeWindow(): Current window maximized

2022-12-19 18:20:46 - [MESSAGE][PASSED] - Current window maximized

2022-12-19 18:20:46 - [TEST_STEP][PASSED] - setText(findTestObject("02-Side Icons(Organization)/Add Contact/Email Field"), "autotester09@mailinator.com"): Text 'autotester09@mailinator.com' is set on object 'Object Repository/02-Side Icons(Organization)/Add Contact/Email Field'

2022-12-19 18:20:48 - [MESSAGE][PASSED] - Text 'autotester09@mailinator.com' is set on object 'Object Repository/02-Side Icons(Organization)/Add Contact/Email Field'

2022-12-19 18:20:48 - [TEST_STEP][PASSED] - setEncryptedText(findTestObject("02-Side Icons(Organization)/Add Contact/Password Field"), "8yFRyszE6U6jvsCn51OQbg=="): Text ****** has been set on object 'Object Repository/02-Side Icons(Organization)/Add Contact/Password Field'

2022-12-19 18:20:49 - [MESSAGE][PASSED] - Text ****** has been set on object 'Object Repository/02-Side Icons(Organization)/Add Contact/Password Field'

2022-12-19 18:20:49 - [TEST_STEP][PASSED] - click(findTestObject("02-Side Icons(Organization)/Add Contact/button_Sign in")): Object: 'Object Repository/02-Side Icons(Organization)/Add Contact/button_Sign in' is clicked on

2022-12-19 18:20:50 - [MESSAGE][PASSED] - Object: 'Object Repository/02-Side Icons(Organization)/Add Contact/button_Sign in' is clicked on

2022-12-19 18:20:50 - [TEST_STEP][PASSED] - delay(2): Delayed 2 second(s)

2022-12-19 18:20:52 - [MESSAGE][PASSED] - Delayed 2 second(s)

2022-12-19 18:20:52 - [TEST_STEP][PASSED] - click(findTestObject("06-Teams/For 2FA/button_Confirm_2FA")): Object: 'Object Repository/06-Teams/For 2FA/button_Confirm_2FA' is clicked on

2022-12-19 18:20:53 - [MESSAGE][PASSED] - Object: 'Object Repository/06-Teams/For 2FA/button_Confirm_2FA' is clicked on

2022-12-19 18:20:53 - [TEST_STEP][PASSED] - executeJavaScript("window.open();", []): Execute JavaScript 'window.open();' successfully

2022-12-19 18:20:53 - [MESSAGE][PASSED] - Execute JavaScript 'window.open();' successfully

2022-12-19 18:20:53 - [TEST_STEP][PASSED] - currentWindow = getWindowIndex(): Current window's index is: 0

2022-12-19 18:20:54 - [MESSAGE][PASSED] - Current window's index is: 0

2022-12-19 18:20:54 - [TEST_STEP][PASSED] - delay(3): Delayed 3 second(s)

2022-12-19 18:20:57 - [MESSAGE][PASSED] - Delayed 3 second(s)

2022-12-19 18:20:57 - [TEST_STEP][PASSED] - switchToWindowIndex(currentWindow + 1): Switched to window with index: '1'

2022-12-19 18:20:57 - [MESSAGE][PASSED] - Switched to window with index: '1'

2022-12-19 18:20:57 - [TEST_STEP][PASSED] - navigateToUrl("https://www.mailinator.com/"): Navigate to 'https://www.mailinator.com/' successfully

2022-12-19 18:21:06 - [MESSAGE][PASSED] - Navigate to 'https://www.mailinator.com/' successfully

2022-12-19 18:21:06 - [TEST_STEP][PASSED] - delay(3): Delayed 3 second(s)

2022-12-19 18:21:09 - [MESSAGE][PASSED] - Delayed 3 second(s)

2022-12-19 18:21:09 - [TEST_STEP][PASSED] - setText(findTestObject("00-Signup and Activation/zMailinator/input_LOGIN_search"), "autotester09@mailinator.com"): Text 'autotester09@mailinator.com' is set on object 'Object Repository/00-Signup and Activation/zMailinator/input_LOGIN_search'

2022-12-19 18:21:12 - [MESSAGE][PASSED] - Text 'autotester09@mailinator.com' is set on object 'Object Repository/00-Signup and Activation/zMailinator/input_LOGIN_search'

2022-12-19 18:21:12 - [TEST_STEP][PASSED] - click(findTestObject("00-Signup and Activation/zMailinator/gobutton"), STOP_ON_FAILURE): Object: 'Object Repository/00-Signup and Activation/zMailinator/gobutton' is clicked on

2022-12-19 18:21:18 - [MESSAGE][PASSED] - Object: 'Object Repository/00-Signup and Activation/zMailinator/gobutton' is clicked on

2022-12-19 18:21:18 - [TEST_STEP][PASSED] - delay(3): Delayed 3 second(s)

2022-12-19 18:21:21 - [MESSAGE][PASSED] - Delayed 3 second(s)

2022-12-19 18:21:21 - [TEST_STEP][PASSED] - click(findTestObject("00-Signup and Activation/zMailinator/Email - everleagues")): Object: 'Object Repository/00-Signup and Activation/zMailinator/Email - everleagues' is clicked on

2022-12-19 18:21:22 - [MESSAGE][PASSED] - Object: 'Object Repository/00-Signup and Activation/zMailinator/Email - everleagues' is clicked on

2022-12-19 18:21:22 - [TEST_STEP][PASSED] - delay(3): Delayed 3 second(s)

2022-12-19 18:21:25 - [MESSAGE][PASSED] - Delayed 3 second(s)

2022-12-19 18:21:25 - [TEST_STEP][PASSED] - codetwo = getText(findTestObject("Object Repository/06-Teams/For 2FA/2FA code")): Text of object 'Object Repository/06-Teams/For 2FA/2FA code' is: '438844'

2022-12-19 18:21:27 - [MESSAGE][PASSED] - Text of object 'Object Repository/06-Teams/For 2FA/2FA code' is: '438844'

2022-12-19 18:21:27 - [TEST_STEP][PASSED] - delay(3): Delayed 3 second(s)

2022-12-19 18:21:30 - [MESSAGE][PASSED] - Delayed 3 second(s)

2022-12-19 18:21:30 - [TEST_STEP][PASSED] - closeWindowTitle("Mailinator"): Window with title: 'Mailinator' is closed

2022-12-19 18:21:31 - [MESSAGE][PASSED] - Window with title: 'Mailinator' is closed

2022-12-19 18:21:31 - [TEST_STEP][PASSED] - delay(3): Delayed 3 second(s)

2022-12-19 18:21:34 - [MESSAGE][PASSED] - Delayed 3 second(s)

2022-12-19 18:21:34 - [TEST_STEP][PASSED] - switchToWindowIndex(0): Switched to window with index: '0'

2022-12-19 18:21:34 - [MESSAGE][PASSED] - Switched to window with index: '0'

2022-12-19 18:21:34 - [TEST_STEP][PASSED] - delay(3): Delayed 3 second(s)

2022-12-19 18:21:37 - [MESSAGE][PASSED] - Delayed 3 second(s)

2022-12-19 18:21:37 - [TEST_STEP][PASSED] - setText(findTestObject("Object Repository/06-Teams/For 2FA/input_Enter verification code_code"), codetwo): Text '438844' is set on object 'Object Repository/06-Teams/For 2FA/input_Enter verification code_code'

2022-12-19 18:21:38 - [MESSAGE][PASSED] - Text '438844' is set on object 'Object Repository/06-Teams/For 2FA/input_Enter verification code_code'

2022-12-19 18:21:38 - [TEST_STEP][PASSED] - delay(3): Delayed 3 second(s)

2022-12-19 18:21:41 - [MESSAGE][PASSED] - Delayed 3 second(s)

2022-12-19 18:21:41 - [TEST_STEP][PASSED] - click(findTestObject("06-Teams/For 2FA/button_Verify_2FA")): Object: 'Object Repository/06-Teams/For 2FA/button_Verify_2FA' is clicked on

2022-12-19 18:21:42 - [MESSAGE][PASSED] - Object: 'Object Repository/06-Teams/For 2FA/button_Verify_2FA' is clicked on

2022-12-19 18:21:42 - [TEST_STEP][PASSED] - delay(5): Delayed 5 second(s)

2022-12-19 18:21:47 - [MESSAGE][PASSED] - Delayed 5 second(s)

2022-12-19 18:21:47 - [TEST_STEP][PASSED] - executeJavaScript("window.open();", []): Execute JavaScript 'window.open();' successfully

2022-12-19 18:21:48 - [MESSAGE][PASSED] - Execute JavaScript 'window.open();' successfully

2022-12-19 18:21:48 - [TEST_STEP][PASSED] - currentWindow = getWindowIndex(): Current window's index is: 0

2022-12-19 18:21:48 - [MESSAGE][PASSED] - Current window's index is: 0

2022-12-19 18:21:48 - [TEST_STEP][PASSED] - delay(3): Delayed 3 second(s)

2022-12-19 18:21:51 - [MESSAGE][PASSED] - Delayed 3 second(s)

2022-12-19 18:21:51 - [TEST_STEP][PASSED] - switchToWindowIndex(currentWindow + 1): Switched to window with index: '1'

2022-12-19 18:21:51 - [MESSAGE][PASSED] - Switched to window with index: '1'

2022-12-19 18:21:51 - [TEST_STEP][PASSED] - navigateToUrl("https://www.mailinator.com/"): Navigate to 'https://www.mailinator.com/' successfully

2022-12-19 18:21:58 - [MESSAGE][PASSED] - Navigate to 'https://www.mailinator.com/' successfully

2022-12-19 18:21:58 - [TEST_STEP][PASSED] - delay(3): Delayed 3 second(s)

2022-12-19 18:22:01 - [MESSAGE][PASSED] - Delayed 3 second(s)

2022-12-19 18:22:01 - [TEST_STEP][PASSED] - setText(findTestObject("00-Signup and Activation/zMailinator/input_LOGIN_search"), "autotester09@mailinator.com"): Text 'autotester09@mailinator.com' is set on object 'Object Repository/00-Signup and Activation/zMailinator/input_LOGIN_search'

2022-12-19 18:22:02 - [MESSAGE][PASSED] - Text 'autotester09@mailinator.com' is set on object 'Object Repository/00-Signup and Activation/zMailinator/input_LOGIN_search'

2022-12-19 18:22:02 - [TEST_STEP][PASSED] - click(findTestObject("00-Signup and Activation/zMailinator/gobutton"), STOP_ON_FAILURE): Object: 'Object Repository/00-Signup and Activation/zMailinator/gobutton' is clicked on

2022-12-19 18:22:06 - [MESSAGE][PASSED] - Object: 'Object Repository/00-Signup and Activation/zMailinator/gobutton' is clicked on

2022-12-19 18:22:06 - [TEST_STEP][PASSED] - delay(3): Delayed 3 second(s)

2022-12-19 18:22:09 - [MESSAGE][PASSED] - Delayed 3 second(s)

2022-12-19 18:22:09 - [TEST_STEP][PASSED] - closeWindowTitle("Everleagues"): Window with title: 'Everleagues' is closed

2022-12-19 18:22:09 - [MESSAGE][PASSED] - Window with title: 'Everleagues' is closed

2022-12-19 18:22:09 - [TEST_STEP][PASSED] - switchToWindowIndex(0): Switched to window with index: '0'

2022-12-19 18:22:09 - [MESSAGE][PASSED] - Switched to window with index: '0'

2022-12-19 18:22:09 - [TEST_STEP][PASSED] - click(findTestObject("09-Settings/Users/Co worker/td_Invitation from GG Automation")): Object: 'Object Repository/09-Settings/Users/Co worker/td_Invitation from GG Automation' is clicked on

2022-12-19 18:22:10 - [MESSAGE][PASSED] - Object: 'Object Repository/09-Settings/Users/Co worker/td_Invitation from GG Automation' is clicked on

2022-12-19 18:22:10 - [TEST_STEP][PASSED] - click(findTestObject("09-Settings/Users/Co worker/a_Click here to join GG Automation on EverLeagues")): Object: 'Object Repository/09-Settings/Users/Co worker/a_Click here to join GG Automation on EverLeagues' is clicked on

2022-12-19 18:22:12 - [MESSAGE][PASSED] - Object: 'Object Repository/09-Settings/Users/Co worker/a_Click here to join GG Automation on EverLeagues' is clicked on

2022-12-19 18:22:12 - [TEST_STEP][PASSED] - closeWindowTitle("Mailinator"): Window with title: 'Mailinator' is closed

2022-12-19 18:22:12 - [MESSAGE][PASSED] - Window with title: 'Mailinator' is closed

2022-12-19 18:22:12 - [TEST_STEP][PASSED] - switchToWindowIndex(0): Switched to window with index: '0'

2022-12-19 18:22:13 - [MESSAGE][PASSED] - Switched to window with index: '0'

2022-12-19 18:22:13 - [TEST_STEP][PASSED] - verifyElementVisible(findTestObject("09-Settings/Users/Client/Invite modal")): Object 'Object Repository/09-Settings/Users/Client/Invite modal' is visible

2022-12-19 18:22:39 - [MESSAGE][PASSED] - Object 'Object Repository/09-Settings/Users/Client/Invite modal' is visible

2022-12-19 18:22:39 - [TEST_STEP][PASSED] - setText(findTestObject("09-Settings/Users/Client/Company field"), "QA Company"): Text 'QA Company' is set on object 'Object Repository/09-Settings/Users/Client/Company field'

2022-12-19 18:22:41 - [MESSAGE][PASSED] - Text 'QA Company' is set on object 'Object Repository/09-Settings/Users/Client/Company field'

2022-12-19 18:22:41 - [TEST_STEP][PASSED] - click(findTestObject("09-Settings/Users/Client/button_Accept")): Object: 'Object Repository/09-Settings/Users/Client/button_Accept' is clicked on

2022-12-19 18:22:42 - [MESSAGE][PASSED] - Object: 'Object Repository/09-Settings/Users/Client/button_Accept' is clicked on

2022-12-19 18:22:42 - [TEST_STEP][PASSED] - delay(5): Delayed 5 second(s)

2022-12-19 18:22:47 - [MESSAGE][PASSED] - Delayed 5 second(s)

2022-12-19 18:22:47 - [TEST_STEP][PASSED] - verifyElementVisible(findTestObject("09-Settings/Users/Client/div_Joined as CLIENT")): Object 'Object Repository/09-Settings/Users/Client/div_Joined as CLIENT' is visible

2022-12-19 18:22:51 - [MESSAGE][PASSED] - Object 'Object Repository/09-Settings/Users/Client/div_Joined as CLIENT' is visible

2022-12-19 18:22:51 - [TEST_STEP][PASSED] - delay(3): Delayed 3 second(s)

2022-12-19 18:22:54 - [MESSAGE][PASSED] - Delayed 3 second(s)

2022-12-19 18:22:54 - [TEST_STEP][PASSED] - closeBrowser(): Browser is closed

2022-12-19 18:22:56 - [MESSAGE][PASSED] - Browser is closed]]></system-out>
         <system-err><![CDATA[]]></system-err>
      </testcase>
      <testcase name="Test Cases/09-Settings/04 - Users (Invite new user as partner)" time="353.417" classname="Test Cases/09-Settings/04 - Users (Invite new user as partner)" status="PASSED">
         <system-out><![CDATA[2022-12-19 18:22:56 - [TEST_CASE][PASSED] - Test Cases/09-Settings/04 - Users (Invite new user as partner): Test Cases/09-Settings/04 - Users (Invite new user as partner)

2022-12-19 18:22:58 - [TEST_STEP][PASSED] - openBrowser(""): Browser is opened with url: ''

2022-12-19 18:22:58 - [MESSAGE][INFO] - Starting 'Chrome' driver

2022-12-19 18:22:58 - [MESSAGE][INFO] - Action delay is set to 0 milliseconds

2022-12-19 18:23:02 - [MESSAGE][PASSED] - Browser is opened with url: ''

2022-12-19 18:23:02 - [TEST_STEP][PASSED] - navigateToUrl("https://lab.everleagues.com/"): Navigate to 'https://lab.everleagues.com/' successfully

2022-12-19 18:23:25 - [MESSAGE][PASSED] - Navigate to 'https://lab.everleagues.com/' successfully

2022-12-19 18:23:25 - [TEST_STEP][PASSED] - maximizeWindow(): Current window maximized

2022-12-19 18:23:26 - [MESSAGE][PASSED] - Current window maximized

2022-12-19 18:23:26 - [TEST_STEP][PASSED] - setText(findTestObject("02-Side Icons(Organization)/Add Contact/Email Field"), "testuser02@mailinator.com"): Text 'testuser02@mailinator.com' is set on object 'Object Repository/02-Side Icons(Organization)/Add Contact/Email Field'

2022-12-19 18:23:28 - [MESSAGE][PASSED] - Text 'testuser02@mailinator.com' is set on object 'Object Repository/02-Side Icons(Organization)/Add Contact/Email Field'

2022-12-19 18:23:28 - [TEST_STEP][PASSED] - setEncryptedText(findTestObject("02-Side Icons(Organization)/Add Contact/Password Field"), "8yFRyszE6U6jvsCn51OQbg=="): Text ****** has been set on object 'Object Repository/02-Side Icons(Organization)/Add Contact/Password Field'

2022-12-19 18:23:29 - [MESSAGE][PASSED] - Text ****** has been set on object 'Object Repository/02-Side Icons(Organization)/Add Contact/Password Field'

2022-12-19 18:23:29 - [TEST_STEP][PASSED] - click(findTestObject("02-Side Icons(Organization)/Add Contact/button_Sign in")): Object: 'Object Repository/02-Side Icons(Organization)/Add Contact/button_Sign in' is clicked on

2022-12-19 18:23:30 - [MESSAGE][PASSED] - Object: 'Object Repository/02-Side Icons(Organization)/Add Contact/button_Sign in' is clicked on

2022-12-19 18:23:30 - [TEST_STEP][PASSED] - delay(2): Delayed 2 second(s)

2022-12-19 18:23:32 - [MESSAGE][PASSED] - Delayed 2 second(s)

2022-12-19 18:23:32 - [TEST_STEP][PASSED] - click(findTestObject("06-Teams/For 2FA/button_Confirm_2FA")): Object: 'Object Repository/06-Teams/For 2FA/button_Confirm_2FA' is clicked on

2022-12-19 18:23:33 - [MESSAGE][PASSED] - Object: 'Object Repository/06-Teams/For 2FA/button_Confirm_2FA' is clicked on

2022-12-19 18:23:33 - [TEST_STEP][PASSED] - executeJavaScript("window.open();", []): Execute JavaScript 'window.open();' successfully

2022-12-19 18:23:33 - [MESSAGE][PASSED] - Execute JavaScript 'window.open();' successfully

2022-12-19 18:23:33 - [TEST_STEP][PASSED] - currentWindow = getWindowIndex(): Current window's index is: 0

2022-12-19 18:23:33 - [MESSAGE][PASSED] - Current window's index is: 0

2022-12-19 18:23:33 - [TEST_STEP][PASSED] - delay(3): Delayed 3 second(s)

2022-12-19 18:23:36 - [MESSAGE][PASSED] - Delayed 3 second(s)

2022-12-19 18:23:36 - [TEST_STEP][PASSED] - switchToWindowIndex(currentWindow + 1): Switched to window with index: '1'

2022-12-19 18:23:36 - [MESSAGE][PASSED] - Switched to window with index: '1'

2022-12-19 18:23:36 - [TEST_STEP][PASSED] - navigateToUrl("https://www.mailinator.com/"): Navigate to 'https://www.mailinator.com/' successfully

2022-12-19 18:23:45 - [MESSAGE][PASSED] - Navigate to 'https://www.mailinator.com/' successfully

2022-12-19 18:23:45 - [TEST_STEP][PASSED] - delay(3): Delayed 3 second(s)

2022-12-19 18:23:48 - [MESSAGE][PASSED] - Delayed 3 second(s)

2022-12-19 18:23:48 - [TEST_STEP][PASSED] - setText(findTestObject("00-Signup and Activation/zMailinator/input_LOGIN_search"), "testuser02@mailinator.com"): Text 'testuser02@mailinator.com' is set on object 'Object Repository/00-Signup and Activation/zMailinator/input_LOGIN_search'

2022-12-19 18:23:50 - [MESSAGE][PASSED] - Text 'testuser02@mailinator.com' is set on object 'Object Repository/00-Signup and Activation/zMailinator/input_LOGIN_search'

2022-12-19 18:23:50 - [TEST_STEP][PASSED] - click(findTestObject("00-Signup and Activation/zMailinator/gobutton"), STOP_ON_FAILURE): Object: 'Object Repository/00-Signup and Activation/zMailinator/gobutton' is clicked on

2022-12-19 18:23:59 - [MESSAGE][PASSED] - Object: 'Object Repository/00-Signup and Activation/zMailinator/gobutton' is clicked on

2022-12-19 18:23:59 - [TEST_STEP][PASSED] - delay(3): Delayed 3 second(s)

2022-12-19 18:24:02 - [MESSAGE][PASSED] - Delayed 3 second(s)

2022-12-19 18:24:02 - [TEST_STEP][PASSED] - click(findTestObject("00-Signup and Activation/zMailinator/Email - everleagues")): Object: 'Object Repository/00-Signup and Activation/zMailinator/Email - everleagues' is clicked on

2022-12-19 18:24:03 - [MESSAGE][PASSED] - Object: 'Object Repository/00-Signup and Activation/zMailinator/Email - everleagues' is clicked on

2022-12-19 18:24:03 - [TEST_STEP][PASSED] - delay(3): Delayed 3 second(s)

2022-12-19 18:24:06 - [MESSAGE][PASSED] - Delayed 3 second(s)

2022-12-19 18:24:06 - [TEST_STEP][PASSED] - code = getText(findTestObject("Object Repository/06-Teams/For 2FA/2FA code")): Text of object 'Object Repository/06-Teams/For 2FA/2FA code' is: '628993'

2022-12-19 18:24:07 - [MESSAGE][PASSED] - Text of object 'Object Repository/06-Teams/For 2FA/2FA code' is: '628993'

2022-12-19 18:24:07 - [TEST_STEP][PASSED] - delay(3): Delayed 3 second(s)

2022-12-19 18:24:10 - [MESSAGE][PASSED] - Delayed 3 second(s)

2022-12-19 18:24:10 - [TEST_STEP][PASSED] - closeWindowTitle("Mailinator"): Window with title: 'Mailinator' is closed

2022-12-19 18:24:11 - [MESSAGE][PASSED] - Window with title: 'Mailinator' is closed

2022-12-19 18:24:11 - [TEST_STEP][PASSED] - delay(3): Delayed 3 second(s)

2022-12-19 18:24:14 - [MESSAGE][PASSED] - Delayed 3 second(s)

2022-12-19 18:24:14 - [TEST_STEP][PASSED] - switchToWindowIndex(0): Switched to window with index: '0'

2022-12-19 18:24:14 - [MESSAGE][PASSED] - Switched to window with index: '0'

2022-12-19 18:24:14 - [TEST_STEP][PASSED] - delay(3): Delayed 3 second(s)

2022-12-19 18:24:17 - [MESSAGE][PASSED] - Delayed 3 second(s)

2022-12-19 18:24:17 - [TEST_STEP][PASSED] - setText(findTestObject("Object Repository/06-Teams/For 2FA/input_Enter verification code_code"), code): Text '628993' is set on object 'Object Repository/06-Teams/For 2FA/input_Enter verification code_code'

2022-12-19 18:24:19 - [MESSAGE][PASSED] - Text '628993' is set on object 'Object Repository/06-Teams/For 2FA/input_Enter verification code_code'

2022-12-19 18:24:19 - [TEST_STEP][PASSED] - delay(3): Delayed 3 second(s)

2022-12-19 18:24:22 - [MESSAGE][PASSED] - Delayed 3 second(s)

2022-12-19 18:24:22 - [TEST_STEP][PASSED] - click(findTestObject("06-Teams/For 2FA/button_Verify_2FA")): Object: 'Object Repository/06-Teams/For 2FA/button_Verify_2FA' is clicked on

2022-12-19 18:24:23 - [MESSAGE][PASSED] - Object: 'Object Repository/06-Teams/For 2FA/button_Verify_2FA' is clicked on

2022-12-19 18:24:23 - [TEST_STEP][PASSED] - delay(5): Delayed 5 second(s)

2022-12-19 18:24:28 - [MESSAGE][PASSED] - Delayed 5 second(s)

2022-12-19 18:24:28 - [TEST_STEP][PASSED] - click(findTestObject("06-Teams/button_doublearrow")): Object: 'Object Repository/06-Teams/button_doublearrow' is clicked on

2022-12-19 18:24:34 - [MESSAGE][PASSED] - Object: 'Object Repository/06-Teams/button_doublearrow' is clicked on

2022-12-19 18:24:34 - [TEST_STEP][PASSED] - click(findTestObject("06-Teams/button_My Organizations")): Object: 'Object Repository/06-Teams/button_My Organizations' is clicked on

2022-12-19 18:24:35 - [MESSAGE][PASSED] - Object: 'Object Repository/06-Teams/button_My Organizations' is clicked on

2022-12-19 18:24:35 - [TEST_STEP][PASSED] - click(findTestObject("06-Teams/button_GG Automation")): Object: 'Object Repository/06-Teams/button_GG Automation' is clicked on

2022-12-19 18:24:39 - [MESSAGE][PASSED] - Object: 'Object Repository/06-Teams/button_GG Automation' is clicked on

2022-12-19 18:24:39 - [TEST_STEP][PASSED] - delay(4): Delayed 4 second(s)

2022-12-19 18:24:43 - [MESSAGE][PASSED] - Delayed 4 second(s)

2022-12-19 18:24:43 - [TEST_STEP][PASSED] - verifyElementVisible(findTestObject("06-Teams/span_GG Automation")): Object 'Object Repository/06-Teams/span_GG Automation' is visible

2022-12-19 18:24:44 - [MESSAGE][PASSED] - Object 'Object Repository/06-Teams/span_GG Automation' is visible

2022-12-19 18:24:44 - [TEST_STEP][PASSED] - delay(5): Delayed 5 second(s)

2022-12-19 18:24:49 - [MESSAGE][PASSED] - Delayed 5 second(s)

2022-12-19 18:24:49 - [TEST_STEP][PASSED] - click(findTestObject("03-Header Menu/Hamburger Button/div_Settings")): Object: 'Object Repository/03-Header Menu/Hamburger Button/div_Settings' is clicked on

2022-12-19 18:24:51 - [MESSAGE][PASSED] - Object: 'Object Repository/03-Header Menu/Hamburger Button/div_Settings' is clicked on

2022-12-19 18:24:51 - [TEST_STEP][PASSED] - delay(3): Delayed 3 second(s)

2022-12-19 18:24:54 - [MESSAGE][PASSED] - Delayed 3 second(s)

2022-12-19 18:24:54 - [TEST_STEP][PASSED] - scrollToElement(findTestObject("09-Settings/Users/div_Users"), 0): Scroll to object 'Object Repository/09-Settings/Users/div_Users' successfully

2022-12-19 18:24:54 - [MESSAGE][WARNING] - Timeout '0' is invalid. Using default page load timeout: '30'

2022-12-19 18:24:54 - [MESSAGE][PASSED] - Scroll to object 'Object Repository/09-Settings/Users/div_Users' successfully

2022-12-19 18:24:54 - [TEST_STEP][PASSED] - click(findTestObject("09-Settings/Users/div_Users")): Object: 'Object Repository/09-Settings/Users/div_Users' is clicked on

2022-12-19 18:25:00 - [MESSAGE][PASSED] - Object: 'Object Repository/09-Settings/Users/div_Users' is clicked on

2022-12-19 18:25:00 - [TEST_STEP][PASSED] - delay(3): Delayed 3 second(s)

2022-12-19 18:25:03 - [MESSAGE][PASSED] - Delayed 3 second(s)

2022-12-19 18:25:03 - [TEST_STEP][PASSED] - click(findTestObject("09-Settings/Users/button_add")): Object: 'Object Repository/09-Settings/Users/button_add' is clicked on

2022-12-19 18:25:04 - [MESSAGE][PASSED] - Object: 'Object Repository/09-Settings/Users/button_add' is clicked on

2022-12-19 18:25:04 - [TEST_STEP][PASSED] - delay(3): Delayed 3 second(s)

2022-12-19 18:25:07 - [MESSAGE][PASSED] - Delayed 3 second(s)

2022-12-19 18:25:07 - [TEST_STEP][PASSED] - click(findTestObject("09-Settings/Users/add Invite a single user")): Object: 'Object Repository/09-Settings/Users/add Invite a single user' is clicked on

2022-12-19 18:25:08 - [MESSAGE][PASSED] - Object: 'Object Repository/09-Settings/Users/add Invite a single user' is clicked on

2022-12-19 18:25:08 - [TEST_STEP][PASSED] - delay(3): Delayed 3 second(s)

2022-12-19 18:25:11 - [MESSAGE][PASSED] - Delayed 3 second(s)

2022-12-19 18:25:11 - [TEST_STEP][PASSED] - setText(findTestObject("09-Settings/Users/input_email"), "autotester10@mailinator.com"): Text 'autotester10@mailinator.com' is set on object 'Object Repository/09-Settings/Users/input_email'

2022-12-19 18:25:14 - [MESSAGE][PASSED] - Text 'autotester10@mailinator.com' is set on object 'Object Repository/09-Settings/Users/input_email'

2022-12-19 18:25:14 - [TEST_STEP][PASSED] - setText(findTestObject("09-Settings/Users/input_firstName"), "GG"): Text 'GG' is set on object 'Object Repository/09-Settings/Users/input_firstName'

2022-12-19 18:25:18 - [MESSAGE][PASSED] - Text 'GG' is set on object 'Object Repository/09-Settings/Users/input_firstName'

2022-12-19 18:25:18 - [TEST_STEP][PASSED] - setText(findTestObject("09-Settings/Users/input_lastName"), "Partner"): Text 'Partner' is set on object 'Object Repository/09-Settings/Users/input_lastName'

2022-12-19 18:25:20 - [MESSAGE][PASSED] - Text 'Partner' is set on object 'Object Repository/09-Settings/Users/input_lastName'

2022-12-19 18:25:20 - [TEST_STEP][PASSED] - click(findTestObject("09-Settings/Users/span_Role")): Object: 'Object Repository/09-Settings/Users/span_Role' is clicked on

2022-12-19 18:25:22 - [MESSAGE][PASSED] - Object: 'Object Repository/09-Settings/Users/span_Role' is clicked on

2022-12-19 18:25:22 - [TEST_STEP][PASSED] - click(findTestObject("09-Settings/Users/span_Partner")): Object: 'Object Repository/09-Settings/Users/span_Partner' is clicked on

2022-12-19 18:25:23 - [MESSAGE][PASSED] - Object: 'Object Repository/09-Settings/Users/span_Partner' is clicked on

2022-12-19 18:25:23 - [TEST_STEP][PASSED] - click(findTestObject("09-Settings/Users/button_Send Invitation")): Object: 'Object Repository/09-Settings/Users/button_Send Invitation' is clicked on

2022-12-19 18:25:25 - [MESSAGE][PASSED] - Object: 'Object Repository/09-Settings/Users/button_Send Invitation' is clicked on

2022-12-19 18:25:25 - [TEST_STEP][PASSED] - delay(2): Delayed 2 second(s)

2022-12-19 18:25:27 - [MESSAGE][PASSED] - Delayed 2 second(s)

2022-12-19 18:25:27 - [TEST_STEP][PASSED] - verifyElementVisible(findTestObject("07-Directory/Connections/zContact Profile/Successfully invited user")): Object 'Object Repository/07-Directory/Connections/zContact Profile/Successfully invited user' is visible

2022-12-19 18:25:30 - [MESSAGE][PASSED] - Object 'Object Repository/07-Directory/Connections/zContact Profile/Successfully invited user' is visible

2022-12-19 18:25:30 - [TEST_STEP][PASSED] - delay(2): Delayed 2 second(s)

2022-12-19 18:25:32 - [MESSAGE][PASSED] - Delayed 2 second(s)

2022-12-19 18:25:32 - [TEST_STEP][PASSED] - click(findTestObject("01-Login and Forgot Password/User menu drop")): Object: 'Object Repository/01-Login and Forgot Password/User menu drop' is clicked on

2022-12-19 18:25:33 - [MESSAGE][PASSED] - Object: 'Object Repository/01-Login and Forgot Password/User menu drop' is clicked on

2022-12-19 18:25:33 - [TEST_STEP][PASSED] - delay(2): Delayed 2 second(s)

2022-12-19 18:25:35 - [MESSAGE][PASSED] - Delayed 2 second(s)

2022-12-19 18:25:35 - [TEST_STEP][PASSED] - click(findTestObject("01-Login and Forgot Password/h4_Sign Out"), STOP_ON_FAILURE): Object: 'Object Repository/01-Login and Forgot Password/h4_Sign Out' is clicked on

2022-12-19 18:25:36 - [MESSAGE][PASSED] - Object: 'Object Repository/01-Login and Forgot Password/h4_Sign Out' is clicked on

2022-12-19 18:25:36 - [TEST_STEP][PASSED] - delay(2): Delayed 2 second(s)

2022-12-19 18:25:38 - [MESSAGE][PASSED] - Delayed 2 second(s)

2022-12-19 18:25:38 - [TEST_STEP][PASSED] - verifyElementPresent(findTestObject("01-Login and Forgot Password/Login_Card"), 0): Object 'Object Repository/01-Login and Forgot Password/Login_Card' is present

2022-12-19 18:25:39 - [MESSAGE][WARNING] - Timeout '0' is invalid. Using default page load timeout: '30'

2022-12-19 18:25:40 - [MESSAGE][PASSED] - Object 'Object Repository/01-Login and Forgot Password/Login_Card' is present

2022-12-19 18:25:40 - [TEST_STEP][PASSED] - delay(3): Delayed 3 second(s)

2022-12-19 18:25:43 - [MESSAGE][PASSED] - Delayed 3 second(s)

2022-12-19 18:25:43 - [TEST_STEP][PASSED] - closeBrowser(): Browser is closed

2022-12-19 18:25:45 - [MESSAGE][PASSED] - Browser is closed

2022-12-19 18:25:45 - [TEST_STEP][PASSED] - openBrowser(""): Browser is opened with url: ''

2022-12-19 18:25:45 - [MESSAGE][INFO] - Starting 'Chrome' driver

2022-12-19 18:25:45 - [MESSAGE][INFO] - Action delay is set to 0 milliseconds

2022-12-19 18:25:49 - [MESSAGE][PASSED] - Browser is opened with url: ''

2022-12-19 18:25:49 - [TEST_STEP][PASSED] - navigateToUrl("https://lab.everleagues.com/"): Navigate to 'https://lab.everleagues.com/' successfully

2022-12-19 18:26:26 - [MESSAGE][PASSED] - Navigate to 'https://lab.everleagues.com/' successfully

2022-12-19 18:26:26 - [TEST_STEP][PASSED] - maximizeWindow(): Current window maximized

2022-12-19 18:26:26 - [MESSAGE][PASSED] - Current window maximized

2022-12-19 18:26:26 - [TEST_STEP][PASSED] - setText(findTestObject("02-Side Icons(Organization)/Add Contact/Email Field"), "autotester10@mailinator.com"): Text 'autotester10@mailinator.com' is set on object 'Object Repository/02-Side Icons(Organization)/Add Contact/Email Field'

2022-12-19 18:26:28 - [MESSAGE][PASSED] - Text 'autotester10@mailinator.com' is set on object 'Object Repository/02-Side Icons(Organization)/Add Contact/Email Field'

2022-12-19 18:26:28 - [TEST_STEP][PASSED] - setEncryptedText(findTestObject("02-Side Icons(Organization)/Add Contact/Password Field"), "8yFRyszE6U6jvsCn51OQbg=="): Text ****** has been set on object 'Object Repository/02-Side Icons(Organization)/Add Contact/Password Field'

2022-12-19 18:26:30 - [MESSAGE][PASSED] - Text ****** has been set on object 'Object Repository/02-Side Icons(Organization)/Add Contact/Password Field'

2022-12-19 18:26:30 - [TEST_STEP][PASSED] - click(findTestObject("02-Side Icons(Organization)/Add Contact/button_Sign in")): Object: 'Object Repository/02-Side Icons(Organization)/Add Contact/button_Sign in' is clicked on

2022-12-19 18:26:31 - [MESSAGE][PASSED] - Object: 'Object Repository/02-Side Icons(Organization)/Add Contact/button_Sign in' is clicked on

2022-12-19 18:26:31 - [TEST_STEP][PASSED] - delay(2): Delayed 2 second(s)

2022-12-19 18:26:33 - [MESSAGE][PASSED] - Delayed 2 second(s)

2022-12-19 18:26:33 - [TEST_STEP][PASSED] - click(findTestObject("06-Teams/For 2FA/button_Confirm_2FA")): Object: 'Object Repository/06-Teams/For 2FA/button_Confirm_2FA' is clicked on

2022-12-19 18:26:34 - [MESSAGE][PASSED] - Object: 'Object Repository/06-Teams/For 2FA/button_Confirm_2FA' is clicked on

2022-12-19 18:26:34 - [TEST_STEP][PASSED] - executeJavaScript("window.open();", []): Execute JavaScript 'window.open();' successfully

2022-12-19 18:26:34 - [MESSAGE][PASSED] - Execute JavaScript 'window.open();' successfully

2022-12-19 18:26:34 - [TEST_STEP][PASSED] - currentWindow = getWindowIndex(): Current window's index is: 0

2022-12-19 18:26:34 - [MESSAGE][PASSED] - Current window's index is: 0

2022-12-19 18:26:34 - [TEST_STEP][PASSED] - delay(3): Delayed 3 second(s)

2022-12-19 18:26:37 - [MESSAGE][PASSED] - Delayed 3 second(s)

2022-12-19 18:26:37 - [TEST_STEP][PASSED] - switchToWindowIndex(currentWindow + 1): Switched to window with index: '1'

2022-12-19 18:26:37 - [MESSAGE][PASSED] - Switched to window with index: '1'

2022-12-19 18:26:37 - [TEST_STEP][PASSED] - navigateToUrl("https://www.mailinator.com/"): Navigate to 'https://www.mailinator.com/' successfully

2022-12-19 18:26:46 - [MESSAGE][PASSED] - Navigate to 'https://www.mailinator.com/' successfully

2022-12-19 18:26:46 - [TEST_STEP][PASSED] - delay(3): Delayed 3 second(s)

2022-12-19 18:26:49 - [MESSAGE][PASSED] - Delayed 3 second(s)

2022-12-19 18:26:49 - [TEST_STEP][PASSED] - setText(findTestObject("00-Signup and Activation/zMailinator/input_LOGIN_search"), "autotester10@mailinator.com"): Text 'autotester10@mailinator.com' is set on object 'Object Repository/00-Signup and Activation/zMailinator/input_LOGIN_search'

2022-12-19 18:26:51 - [MESSAGE][PASSED] - Text 'autotester10@mailinator.com' is set on object 'Object Repository/00-Signup and Activation/zMailinator/input_LOGIN_search'

2022-12-19 18:26:51 - [TEST_STEP][PASSED] - click(findTestObject("00-Signup and Activation/zMailinator/gobutton"), STOP_ON_FAILURE): Object: 'Object Repository/00-Signup and Activation/zMailinator/gobutton' is clicked on

2022-12-19 18:27:02 - [MESSAGE][PASSED] - Object: 'Object Repository/00-Signup and Activation/zMailinator/gobutton' is clicked on

2022-12-19 18:27:02 - [TEST_STEP][PASSED] - delay(3): Delayed 3 second(s)

2022-12-19 18:27:05 - [MESSAGE][PASSED] - Delayed 3 second(s)

2022-12-19 18:27:06 - [TEST_STEP][PASSED] - click(findTestObject("00-Signup and Activation/zMailinator/Email - everleagues")): Object: 'Object Repository/00-Signup and Activation/zMailinator/Email - everleagues' is clicked on

2022-12-19 18:27:07 - [MESSAGE][PASSED] - Object: 'Object Repository/00-Signup and Activation/zMailinator/Email - everleagues' is clicked on

2022-12-19 18:27:07 - [TEST_STEP][PASSED] - delay(3): Delayed 3 second(s)

2022-12-19 18:27:10 - [MESSAGE][PASSED] - Delayed 3 second(s)

2022-12-19 18:27:10 - [TEST_STEP][PASSED] - codetwo = getText(findTestObject("Object Repository/06-Teams/For 2FA/2FA code")): Text of object 'Object Repository/06-Teams/For 2FA/2FA code' is: '753937'

2022-12-19 18:27:11 - [MESSAGE][PASSED] - Text of object 'Object Repository/06-Teams/For 2FA/2FA code' is: '753937'

2022-12-19 18:27:11 - [TEST_STEP][PASSED] - delay(3): Delayed 3 second(s)

2022-12-19 18:27:14 - [MESSAGE][PASSED] - Delayed 3 second(s)

2022-12-19 18:27:14 - [TEST_STEP][PASSED] - closeWindowTitle("Mailinator"): Window with title: 'Mailinator' is closed

2022-12-19 18:27:15 - [MESSAGE][PASSED] - Window with title: 'Mailinator' is closed

2022-12-19 18:27:15 - [TEST_STEP][PASSED] - delay(3): Delayed 3 second(s)

2022-12-19 18:27:18 - [MESSAGE][PASSED] - Delayed 3 second(s)

2022-12-19 18:27:18 - [TEST_STEP][PASSED] - switchToWindowIndex(0): Switched to window with index: '0'

2022-12-19 18:27:18 - [MESSAGE][PASSED] - Switched to window with index: '0'

2022-12-19 18:27:18 - [TEST_STEP][PASSED] - delay(3): Delayed 3 second(s)

2022-12-19 18:27:21 - [MESSAGE][PASSED] - Delayed 3 second(s)

2022-12-19 18:27:21 - [TEST_STEP][PASSED] - setText(findTestObject("Object Repository/06-Teams/For 2FA/input_Enter verification code_code"), codetwo): Text '753937' is set on object 'Object Repository/06-Teams/For 2FA/input_Enter verification code_code'

2022-12-19 18:27:23 - [MESSAGE][PASSED] - Text '753937' is set on object 'Object Repository/06-Teams/For 2FA/input_Enter verification code_code'

2022-12-19 18:27:23 - [TEST_STEP][PASSED] - delay(3): Delayed 3 second(s)

2022-12-19 18:27:26 - [MESSAGE][PASSED] - Delayed 3 second(s)

2022-12-19 18:27:26 - [TEST_STEP][PASSED] - click(findTestObject("06-Teams/For 2FA/button_Verify_2FA")): Object: 'Object Repository/06-Teams/For 2FA/button_Verify_2FA' is clicked on

2022-12-19 18:27:27 - [MESSAGE][PASSED] - Object: 'Object Repository/06-Teams/For 2FA/button_Verify_2FA' is clicked on

2022-12-19 18:27:27 - [TEST_STEP][PASSED] - delay(5): Delayed 5 second(s)

2022-12-19 18:27:32 - [MESSAGE][PASSED] - Delayed 5 second(s)

2022-12-19 18:27:32 - [TEST_STEP][PASSED] - executeJavaScript("window.open();", []): Execute JavaScript 'window.open();' successfully

2022-12-19 18:27:33 - [MESSAGE][PASSED] - Execute JavaScript 'window.open();' successfully

2022-12-19 18:27:33 - [TEST_STEP][PASSED] - currentWindow = getWindowIndex(): Current window's index is: 0

2022-12-19 18:27:33 - [MESSAGE][PASSED] - Current window's index is: 0

2022-12-19 18:27:33 - [TEST_STEP][PASSED] - delay(3): Delayed 3 second(s)

2022-12-19 18:27:36 - [MESSAGE][PASSED] - Delayed 3 second(s)

2022-12-19 18:27:36 - [TEST_STEP][PASSED] - switchToWindowIndex(currentWindow + 1): Switched to window with index: '1'

2022-12-19 18:27:36 - [MESSAGE][PASSED] - Switched to window with index: '1'

2022-12-19 18:27:36 - [TEST_STEP][PASSED] - navigateToUrl("https://www.mailinator.com/"): Navigate to 'https://www.mailinator.com/' successfully

2022-12-19 18:27:43 - [MESSAGE][PASSED] - Navigate to 'https://www.mailinator.com/' successfully

2022-12-19 18:27:43 - [TEST_STEP][PASSED] - delay(3): Delayed 3 second(s)

2022-12-19 18:27:46 - [MESSAGE][PASSED] - Delayed 3 second(s)

2022-12-19 18:27:46 - [TEST_STEP][PASSED] - setText(findTestObject("00-Signup and Activation/zMailinator/input_LOGIN_search"), "autotester10@mailinator.com"): Text 'autotester10@mailinator.com' is set on object 'Object Repository/00-Signup and Activation/zMailinator/input_LOGIN_search'

2022-12-19 18:27:47 - [MESSAGE][PASSED] - Text 'autotester10@mailinator.com' is set on object 'Object Repository/00-Signup and Activation/zMailinator/input_LOGIN_search'

2022-12-19 18:27:47 - [TEST_STEP][PASSED] - click(findTestObject("00-Signup and Activation/zMailinator/gobutton"), STOP_ON_FAILURE): Object: 'Object Repository/00-Signup and Activation/zMailinator/gobutton' is clicked on

2022-12-19 18:27:51 - [MESSAGE][PASSED] - Object: 'Object Repository/00-Signup and Activation/zMailinator/gobutton' is clicked on

2022-12-19 18:27:51 - [TEST_STEP][PASSED] - delay(3): Delayed 3 second(s)

2022-12-19 18:27:54 - [MESSAGE][PASSED] - Delayed 3 second(s)

2022-12-19 18:27:54 - [TEST_STEP][PASSED] - closeWindowTitle("Everleagues"): Window with title: 'Everleagues' is closed

2022-12-19 18:27:55 - [MESSAGE][PASSED] - Window with title: 'Everleagues' is closed

2022-12-19 18:27:55 - [TEST_STEP][PASSED] - switchToWindowIndex(0): Switched to window with index: '0'

2022-12-19 18:27:55 - [MESSAGE][PASSED] - Switched to window with index: '0'

2022-12-19 18:27:55 - [TEST_STEP][PASSED] - click(findTestObject("09-Settings/Users/Co worker/td_Invitation from GG Automation")): Object: 'Object Repository/09-Settings/Users/Co worker/td_Invitation from GG Automation' is clicked on

2022-12-19 18:27:57 - [MESSAGE][PASSED] - Object: 'Object Repository/09-Settings/Users/Co worker/td_Invitation from GG Automation' is clicked on

2022-12-19 18:27:57 - [TEST_STEP][PASSED] - click(findTestObject("09-Settings/Users/Co worker/a_Click here to join GG Automation on EverLeagues")): Object: 'Object Repository/09-Settings/Users/Co worker/a_Click here to join GG Automation on EverLeagues' is clicked on

2022-12-19 18:27:58 - [MESSAGE][PASSED] - Object: 'Object Repository/09-Settings/Users/Co worker/a_Click here to join GG Automation on EverLeagues' is clicked on

2022-12-19 18:27:58 - [TEST_STEP][PASSED] - closeWindowTitle("Mailinator"): Window with title: 'Mailinator' is closed

2022-12-19 18:27:59 - [MESSAGE][PASSED] - Window with title: 'Mailinator' is closed

2022-12-19 18:27:59 - [TEST_STEP][PASSED] - switchToWindowIndex(0): Switched to window with index: '0'

2022-12-19 18:27:59 - [MESSAGE][PASSED] - Switched to window with index: '0'

2022-12-19 18:27:59 - [TEST_STEP][PASSED] - verifyElementVisible(findTestObject("09-Settings/Users/Client/Invite modal")): Object 'Object Repository/09-Settings/Users/Client/Invite modal' is visible

2022-12-19 18:28:31 - [MESSAGE][PASSED] - Object 'Object Repository/09-Settings/Users/Client/Invite modal' is visible

2022-12-19 18:28:31 - [TEST_STEP][PASSED] - setText(findTestObject("09-Settings/Users/Client/Company field"), "QA Company"): Text 'QA Company' is set on object 'Object Repository/09-Settings/Users/Client/Company field'

2022-12-19 18:28:33 - [MESSAGE][PASSED] - Text 'QA Company' is set on object 'Object Repository/09-Settings/Users/Client/Company field'

2022-12-19 18:28:33 - [TEST_STEP][PASSED] - click(findTestObject("09-Settings/Users/Client/button_Accept")): Object: 'Object Repository/09-Settings/Users/Client/button_Accept' is clicked on

2022-12-19 18:28:34 - [MESSAGE][PASSED] - Object: 'Object Repository/09-Settings/Users/Client/button_Accept' is clicked on

2022-12-19 18:28:34 - [TEST_STEP][PASSED] - delay(5): Delayed 5 second(s)

2022-12-19 18:28:39 - [MESSAGE][PASSED] - Delayed 5 second(s)

2022-12-19 18:28:39 - [TEST_STEP][PASSED] - verifyElementVisible(findTestObject("09-Settings/Users/div_Joined as Partner")): Object 'Object Repository/09-Settings/Users/div_Joined as Partner' is visible

2022-12-19 18:28:44 - [MESSAGE][PASSED] - Object 'Object Repository/09-Settings/Users/div_Joined as Partner' is visible

2022-12-19 18:28:44 - [TEST_STEP][PASSED] - delay(3): Delayed 3 second(s)

2022-12-19 18:28:47 - [MESSAGE][PASSED] - Delayed 3 second(s)

2022-12-19 18:28:47 - [TEST_STEP][PASSED] - closeBrowser(): Browser is closed

2022-12-19 18:28:49 - [MESSAGE][PASSED] - Browser is closed]]></system-out>
         <system-err><![CDATA[]]></system-err>
      </testcase>
      <testcase name="Test Cases/09-Settings/05 - Users (Invite batch of users via CSV file)" time="191.529" classname="Test Cases/09-Settings/05 - Users (Invite batch of users via CSV file)" status="PASSED">
         <system-out><![CDATA[2022-12-19 18:28:49 - [TEST_CASE][PASSED] - Test Cases/09-Settings/05 - Users (Invite batch of users via CSV file): Test Cases/09-Settings/05 - Users (Invite batch of users via CSV file)

2022-12-19 18:28:52 - [TEST_STEP][PASSED] - openBrowser(""): Browser is opened with url: ''

2022-12-19 18:28:52 - [MESSAGE][INFO] - Starting 'Chrome' driver

2022-12-19 18:28:52 - [MESSAGE][INFO] - Action delay is set to 0 milliseconds

2022-12-19 18:28:56 - [MESSAGE][PASSED] - Browser is opened with url: ''

2022-12-19 18:28:56 - [TEST_STEP][PASSED] - navigateToUrl("https://lab.everleagues.com/"): Navigate to 'https://lab.everleagues.com/' successfully

2022-12-19 18:29:19 - [MESSAGE][PASSED] - Navigate to 'https://lab.everleagues.com/' successfully

2022-12-19 18:29:19 - [TEST_STEP][PASSED] - maximizeWindow(): Current window maximized

2022-12-19 18:29:19 - [MESSAGE][PASSED] - Current window maximized

2022-12-19 18:29:19 - [TEST_STEP][PASSED] - setText(findTestObject("02-Side Icons(Organization)/Add Contact/Email Field"), "testuser02@mailinator.com"): Text 'testuser02@mailinator.com' is set on object 'Object Repository/02-Side Icons(Organization)/Add Contact/Email Field'

2022-12-19 18:29:21 - [MESSAGE][PASSED] - Text 'testuser02@mailinator.com' is set on object 'Object Repository/02-Side Icons(Organization)/Add Contact/Email Field'

2022-12-19 18:29:21 - [TEST_STEP][PASSED] - setEncryptedText(findTestObject("02-Side Icons(Organization)/Add Contact/Password Field"), "8yFRyszE6U6jvsCn51OQbg=="): Text ****** has been set on object 'Object Repository/02-Side Icons(Organization)/Add Contact/Password Field'

2022-12-19 18:29:22 - [MESSAGE][PASSED] - Text ****** has been set on object 'Object Repository/02-Side Icons(Organization)/Add Contact/Password Field'

2022-12-19 18:29:22 - [TEST_STEP][PASSED] - click(findTestObject("02-Side Icons(Organization)/Add Contact/button_Sign in")): Object: 'Object Repository/02-Side Icons(Organization)/Add Contact/button_Sign in' is clicked on

2022-12-19 18:29:23 - [MESSAGE][PASSED] - Object: 'Object Repository/02-Side Icons(Organization)/Add Contact/button_Sign in' is clicked on

2022-12-19 18:29:23 - [TEST_STEP][PASSED] - delay(2): Delayed 2 second(s)

2022-12-19 18:29:25 - [MESSAGE][PASSED] - Delayed 2 second(s)

2022-12-19 18:29:25 - [TEST_STEP][PASSED] - click(findTestObject("06-Teams/For 2FA/button_Confirm_2FA")): Object: 'Object Repository/06-Teams/For 2FA/button_Confirm_2FA' is clicked on

2022-12-19 18:29:26 - [MESSAGE][PASSED] - Object: 'Object Repository/06-Teams/For 2FA/button_Confirm_2FA' is clicked on

2022-12-19 18:29:26 - [TEST_STEP][PASSED] - executeJavaScript("window.open();", []): Execute JavaScript 'window.open();' successfully

2022-12-19 18:29:27 - [MESSAGE][PASSED] - Execute JavaScript 'window.open();' successfully

2022-12-19 18:29:27 - [TEST_STEP][PASSED] - currentWindow = getWindowIndex(): Current window's index is: 0

2022-12-19 18:29:27 - [MESSAGE][PASSED] - Current window's index is: 0

2022-12-19 18:29:27 - [TEST_STEP][PASSED] - delay(3): Delayed 3 second(s)

2022-12-19 18:29:30 - [MESSAGE][PASSED] - Delayed 3 second(s)

2022-12-19 18:29:30 - [TEST_STEP][PASSED] - switchToWindowIndex(currentWindow + 1): Switched to window with index: '1'

2022-12-19 18:29:30 - [MESSAGE][PASSED] - Switched to window with index: '1'

2022-12-19 18:29:30 - [TEST_STEP][PASSED] - navigateToUrl("https://www.mailinator.com/"): Navigate to 'https://www.mailinator.com/' successfully

2022-12-19 18:29:42 - [MESSAGE][PASSED] - Navigate to 'https://www.mailinator.com/' successfully

2022-12-19 18:29:42 - [TEST_STEP][PASSED] - delay(3): Delayed 3 second(s)

2022-12-19 18:29:45 - [MESSAGE][PASSED] - Delayed 3 second(s)

2022-12-19 18:29:45 - [TEST_STEP][PASSED] - setText(findTestObject("00-Signup and Activation/zMailinator/input_LOGIN_search"), "testuser02@mailinator.com"): Text 'testuser02@mailinator.com' is set on object 'Object Repository/00-Signup and Activation/zMailinator/input_LOGIN_search'

2022-12-19 18:29:48 - [MESSAGE][PASSED] - Text 'testuser02@mailinator.com' is set on object 'Object Repository/00-Signup and Activation/zMailinator/input_LOGIN_search'

2022-12-19 18:29:48 - [TEST_STEP][PASSED] - click(findTestObject("00-Signup and Activation/zMailinator/gobutton"), STOP_ON_FAILURE): Object: 'Object Repository/00-Signup and Activation/zMailinator/gobutton' is clicked on

2022-12-19 18:29:59 - [MESSAGE][PASSED] - Object: 'Object Repository/00-Signup and Activation/zMailinator/gobutton' is clicked on

2022-12-19 18:29:59 - [TEST_STEP][PASSED] - delay(3): Delayed 3 second(s)

2022-12-19 18:30:02 - [MESSAGE][PASSED] - Delayed 3 second(s)

2022-12-19 18:30:02 - [TEST_STEP][PASSED] - click(findTestObject("00-Signup and Activation/zMailinator/Email - everleagues")): Object: 'Object Repository/00-Signup and Activation/zMailinator/Email - everleagues' is clicked on

2022-12-19 18:30:03 - [MESSAGE][PASSED] - Object: 'Object Repository/00-Signup and Activation/zMailinator/Email - everleagues' is clicked on

2022-12-19 18:30:03 - [TEST_STEP][PASSED] - delay(3): Delayed 3 second(s)

2022-12-19 18:30:06 - [MESSAGE][PASSED] - Delayed 3 second(s)

2022-12-19 18:30:06 - [TEST_STEP][PASSED] - code = getText(findTestObject("Object Repository/06-Teams/For 2FA/2FA code")): Text of object 'Object Repository/06-Teams/For 2FA/2FA code' is: '342495'

2022-12-19 18:30:08 - [MESSAGE][PASSED] - Text of object 'Object Repository/06-Teams/For 2FA/2FA code' is: '342495'

2022-12-19 18:30:08 - [TEST_STEP][PASSED] - delay(3): Delayed 3 second(s)

2022-12-19 18:30:11 - [MESSAGE][PASSED] - Delayed 3 second(s)

2022-12-19 18:30:11 - [TEST_STEP][PASSED] - closeWindowTitle("Mailinator"): Window with title: 'Mailinator' is closed

2022-12-19 18:30:12 - [MESSAGE][PASSED] - Window with title: 'Mailinator' is closed

2022-12-19 18:30:12 - [TEST_STEP][PASSED] - delay(3): Delayed 3 second(s)

2022-12-19 18:30:15 - [MESSAGE][PASSED] - Delayed 3 second(s)

2022-12-19 18:30:15 - [TEST_STEP][PASSED] - switchToWindowIndex(0): Switched to window with index: '0'

2022-12-19 18:30:15 - [MESSAGE][PASSED] - Switched to window with index: '0'

2022-12-19 18:30:15 - [TEST_STEP][PASSED] - delay(3): Delayed 3 second(s)

2022-12-19 18:30:18 - [MESSAGE][PASSED] - Delayed 3 second(s)

2022-12-19 18:30:18 - [TEST_STEP][PASSED] - setText(findTestObject("Object Repository/06-Teams/For 2FA/input_Enter verification code_code"), code): Text '342495' is set on object 'Object Repository/06-Teams/For 2FA/input_Enter verification code_code'

2022-12-19 18:30:20 - [MESSAGE][PASSED] - Text '342495' is set on object 'Object Repository/06-Teams/For 2FA/input_Enter verification code_code'

2022-12-19 18:30:20 - [TEST_STEP][PASSED] - delay(3): Delayed 3 second(s)

2022-12-19 18:30:23 - [MESSAGE][PASSED] - Delayed 3 second(s)

2022-12-19 18:30:23 - [TEST_STEP][PASSED] - click(findTestObject("06-Teams/For 2FA/button_Verify_2FA")): Object: 'Object Repository/06-Teams/For 2FA/button_Verify_2FA' is clicked on

2022-12-19 18:30:24 - [MESSAGE][PASSED] - Object: 'Object Repository/06-Teams/For 2FA/button_Verify_2FA' is clicked on

2022-12-19 18:30:24 - [TEST_STEP][PASSED] - delay(5): Delayed 5 second(s)

2022-12-19 18:30:29 - [MESSAGE][PASSED] - Delayed 5 second(s)

2022-12-19 18:30:29 - [TEST_STEP][PASSED] - click(findTestObject("06-Teams/button_doublearrow")): Object: 'Object Repository/06-Teams/button_doublearrow' is clicked on

2022-12-19 18:30:34 - [MESSAGE][PASSED] - Object: 'Object Repository/06-Teams/button_doublearrow' is clicked on

2022-12-19 18:30:34 - [TEST_STEP][PASSED] - click(findTestObject("06-Teams/button_My Organizations")): Object: 'Object Repository/06-Teams/button_My Organizations' is clicked on

2022-12-19 18:30:35 - [MESSAGE][PASSED] - Object: 'Object Repository/06-Teams/button_My Organizations' is clicked on

2022-12-19 18:30:35 - [TEST_STEP][PASSED] - click(findTestObject("06-Teams/button_GG Automation")): Object: 'Object Repository/06-Teams/button_GG Automation' is clicked on

2022-12-19 18:30:37 - [MESSAGE][PASSED] - Object: 'Object Repository/06-Teams/button_GG Automation' is clicked on

2022-12-19 18:30:37 - [TEST_STEP][PASSED] - delay(4): Delayed 4 second(s)

2022-12-19 18:30:41 - [MESSAGE][PASSED] - Delayed 4 second(s)

2022-12-19 18:30:41 - [TEST_STEP][PASSED] - verifyElementVisible(findTestObject("06-Teams/span_GG Automation")): Object 'Object Repository/06-Teams/span_GG Automation' is visible

2022-12-19 18:30:42 - [MESSAGE][PASSED] - Object 'Object Repository/06-Teams/span_GG Automation' is visible

2022-12-19 18:30:42 - [TEST_STEP][PASSED] - delay(5): Delayed 5 second(s)

2022-12-19 18:30:47 - [MESSAGE][PASSED] - Delayed 5 second(s)

2022-12-19 18:30:47 - [TEST_STEP][PASSED] - click(findTestObject("03-Header Menu/Hamburger Button/div_Settings")): Object: 'Object Repository/03-Header Menu/Hamburger Button/div_Settings' is clicked on

2022-12-19 18:30:49 - [MESSAGE][PASSED] - Object: 'Object Repository/03-Header Menu/Hamburger Button/div_Settings' is clicked on

2022-12-19 18:30:49 - [TEST_STEP][PASSED] - delay(3): Delayed 3 second(s)

2022-12-19 18:30:52 - [MESSAGE][PASSED] - Delayed 3 second(s)

2022-12-19 18:30:52 - [TEST_STEP][PASSED] - scrollToElement(findTestObject("09-Settings/Users/div_Users"), 0): Scroll to object 'Object Repository/09-Settings/Users/div_Users' successfully

2022-12-19 18:30:53 - [MESSAGE][WARNING] - Timeout '0' is invalid. Using default page load timeout: '30'

2022-12-19 18:30:53 - [MESSAGE][PASSED] - Scroll to object 'Object Repository/09-Settings/Users/div_Users' successfully

2022-12-19 18:30:53 - [TEST_STEP][PASSED] - click(findTestObject("09-Settings/Users/div_Users")): Object: 'Object Repository/09-Settings/Users/div_Users' is clicked on

2022-12-19 18:30:58 - [MESSAGE][PASSED] - Object: 'Object Repository/09-Settings/Users/div_Users' is clicked on

2022-12-19 18:30:58 - [TEST_STEP][PASSED] - delay(3): Delayed 3 second(s)

2022-12-19 18:31:01 - [MESSAGE][PASSED] - Delayed 3 second(s)

2022-12-19 18:31:01 - [TEST_STEP][PASSED] - click(findTestObject("09-Settings/Users/button_add")): Object: 'Object Repository/09-Settings/Users/button_add' is clicked on

2022-12-19 18:31:02 - [MESSAGE][PASSED] - Object: 'Object Repository/09-Settings/Users/button_add' is clicked on

2022-12-19 18:31:02 - [TEST_STEP][PASSED] - delay(3): Delayed 3 second(s)

2022-12-19 18:31:05 - [MESSAGE][PASSED] - Delayed 3 second(s)

2022-12-19 18:31:05 - [TEST_STEP][PASSED] - click(findTestObject("09-Settings/Users/Invite batch of users via CSV file")): Object: 'Object Repository/09-Settings/Users/Invite batch of users via CSV file' is clicked on

2022-12-19 18:31:07 - [MESSAGE][PASSED] - Object: 'Object Repository/09-Settings/Users/Invite batch of users via CSV file' is clicked on

2022-12-19 18:31:07 - [TEST_STEP][PASSED] - verifyElementVisible(findTestObject("09-Settings/Users/CSV Invite/Import CSV File modal")): Object 'Object Repository/09-Settings/Users/CSV Invite/Import CSV File modal' is visible

2022-12-19 18:31:10 - [MESSAGE][PASSED] - Object 'Object Repository/09-Settings/Users/CSV Invite/Import CSV File modal' is visible

2022-12-19 18:31:10 - [TEST_STEP][PASSED] - verifyElementNotClickable(findTestObject("09-Settings/Users/CSV Invite/button_Import")): Object 'Object Repository/09-Settings/Users/CSV Invite/button_Import' is NOT clickable

2022-12-19 18:31:12 - [MESSAGE][PASSED] - Object 'Object Repository/09-Settings/Users/CSV Invite/button_Import' is NOT clickable

2022-12-19 18:31:12 - [TEST_STEP][PASSED] - delay(3): Delayed 3 second(s)

2022-12-19 18:31:15 - [MESSAGE][PASSED] - Delayed 3 second(s)

2022-12-19 18:31:15 - [TEST_STEP][PASSED] - uploadpackage.Upload.uploadFile(findTestObject("Object Repository/09-Settings/Users/CSV Invite/button_Choose File"), "C:\Users\asus\Desktop\EL automation\sample csv.csv"): uploadpackage.Upload.uploadFile is PASSED

2022-12-19 18:31:17 - [MESSAGE][PASSED] - Object: 'Object Repository/09-Settings/Users/CSV Invite/button_Choose File' is clicked on

2022-12-19 18:31:25 - [MESSAGE][PASSED] - uploadpackage.Upload.uploadFile is PASSED

2022-12-19 18:31:25 - [TEST_STEP][PASSED] - delay(3): Delayed 3 second(s)

2022-12-19 18:31:28 - [MESSAGE][PASSED] - Delayed 3 second(s)

2022-12-19 18:31:28 - [TEST_STEP][PASSED] - verifyElementVisible(findTestObject("09-Settings/Users/CSV Invite/div_Sample csv.csv")): Object 'Object Repository/09-Settings/Users/CSV Invite/div_Sample csv.csv' is visible

2022-12-19 18:31:30 - [MESSAGE][PASSED] - Object 'Object Repository/09-Settings/Users/CSV Invite/div_Sample csv.csv' is visible

2022-12-19 18:31:30 - [TEST_STEP][PASSED] - click(findTestObject("09-Settings/Users/CSV Invite/button_Import")): Object: 'Object Repository/09-Settings/Users/CSV Invite/button_Import' is clicked on

2022-12-19 18:31:31 - [MESSAGE][PASSED] - Object: 'Object Repository/09-Settings/Users/CSV Invite/button_Import' is clicked on

2022-12-19 18:31:31 - [TEST_STEP][PASSED] - delay(5): Delayed 5 second(s)

2022-12-19 18:31:36 - [MESSAGE][PASSED] - Delayed 5 second(s)

2022-12-19 18:31:36 - [TEST_STEP][PASSED] - verifyElementVisible(findTestObject("09-Settings/Users/CSV Invite/Success import modal")): Object 'Object Repository/09-Settings/Users/CSV Invite/Success import modal' is visible

2022-12-19 18:31:37 - [MESSAGE][PASSED] - Object 'Object Repository/09-Settings/Users/CSV Invite/Success import modal' is visible

2022-12-19 18:31:37 - [TEST_STEP][PASSED] - click(findTestObject("09-Settings/Users/CSV Invite/button_Close")): Object: 'Object Repository/09-Settings/Users/CSV Invite/button_Close' is clicked on

2022-12-19 18:31:39 - [MESSAGE][PASSED] - Object: 'Object Repository/09-Settings/Users/CSV Invite/button_Close' is clicked on

2022-12-19 18:31:39 - [TEST_STEP][PASSED] - click(findTestObject("09-Settings/Users/CSV Invite/Invited Users tab")): Object: 'Object Repository/09-Settings/Users/CSV Invite/Invited Users tab' is clicked on

2022-12-19 18:31:41 - [MESSAGE][PASSED] - Object: 'Object Repository/09-Settings/Users/CSV Invite/Invited Users tab' is clicked on

2022-12-19 18:31:41 - [TEST_STEP][PASSED] - delay(3): Delayed 3 second(s)

2022-12-19 18:31:44 - [MESSAGE][PASSED] - Delayed 3 second(s)

2022-12-19 18:31:44 - [TEST_STEP][PASSED] - verifyElementVisible(findTestObject("09-Settings/Users/CSV Invite/div_CTCSV test3")): Object 'Object Repository/09-Settings/Users/CSV Invite/div_CTCSV test3' is visible

2022-12-19 18:31:45 - [MESSAGE][PASSED] - Object 'Object Repository/09-Settings/Users/CSV Invite/div_CTCSV test3' is visible

2022-12-19 18:31:45 - [TEST_STEP][PASSED] - verifyElementVisible(findTestObject("09-Settings/Users/CSV Invite/div_autotester08mailinator.com")): Object 'Object Repository/09-Settings/Users/CSV Invite/div_autotester08mailinator.com' is visible

2022-12-19 18:31:48 - [MESSAGE][PASSED] - Object 'Object Repository/09-Settings/Users/CSV Invite/div_autotester08mailinator.com' is visible

2022-12-19 18:31:48 - [TEST_STEP][PASSED] - verifyElementVisible(findTestObject("09-Settings/Users/CSV Invite/div_Partner")): Object 'Object Repository/09-Settings/Users/CSV Invite/div_Partner' is visible

2022-12-19 18:31:49 - [MESSAGE][PASSED] - Object 'Object Repository/09-Settings/Users/CSV Invite/div_Partner' is visible

2022-12-19 18:31:49 - [TEST_STEP][PASSED] - verifyElementVisible(findTestObject("09-Settings/Users/CSV Invite/div_CTCSV test2")): Object 'Object Repository/09-Settings/Users/CSV Invite/div_CTCSV test2' is visible

2022-12-19 18:31:50 - [MESSAGE][PASSED] - Object 'Object Repository/09-Settings/Users/CSV Invite/div_CTCSV test2' is visible

2022-12-19 18:31:50 - [TEST_STEP][PASSED] - verifyElementVisible(findTestObject("09-Settings/Users/CSV Invite/div_autotester07mailinator.com")): Object 'Object Repository/09-Settings/Users/CSV Invite/div_autotester07mailinator.com' is visible

2022-12-19 18:31:50 - [MESSAGE][PASSED] - Object 'Object Repository/09-Settings/Users/CSV Invite/div_autotester07mailinator.com' is visible

2022-12-19 18:31:50 - [TEST_STEP][PASSED] - verifyElementVisible(findTestObject("09-Settings/Users/CSV Invite/div_Client")): Object 'Object Repository/09-Settings/Users/CSV Invite/div_Client' is visible

2022-12-19 18:31:51 - [MESSAGE][PASSED] - Object 'Object Repository/09-Settings/Users/CSV Invite/div_Client' is visible

2022-12-19 18:31:51 - [TEST_STEP][PASSED] - verifyElementVisible(findTestObject("09-Settings/Users/CSV Invite/div_CTCSV test1")): Object 'Object Repository/09-Settings/Users/CSV Invite/div_CTCSV test1' is visible

2022-12-19 18:31:52 - [MESSAGE][PASSED] - Object 'Object Repository/09-Settings/Users/CSV Invite/div_CTCSV test1' is visible

2022-12-19 18:31:52 - [TEST_STEP][PASSED] - verifyElementVisible(findTestObject("09-Settings/Users/CSV Invite/div_autotester06mailinator.com")): Object 'Object Repository/09-Settings/Users/CSV Invite/div_autotester06mailinator.com' is visible

2022-12-19 18:31:54 - [MESSAGE][PASSED] - Object 'Object Repository/09-Settings/Users/CSV Invite/div_autotester06mailinator.com' is visible

2022-12-19 18:31:54 - [TEST_STEP][PASSED] - verifyElementVisible(findTestObject("09-Settings/Users/CSV Invite/div_Coworker")): Object 'Object Repository/09-Settings/Users/CSV Invite/div_Coworker' is visible

2022-12-19 18:31:55 - [MESSAGE][PASSED] - Object 'Object Repository/09-Settings/Users/CSV Invite/div_Coworker' is visible

2022-12-19 18:31:55 - [TEST_STEP][PASSED] - delay(3): Delayed 3 second(s)

2022-12-19 18:31:58 - [MESSAGE][PASSED] - Delayed 3 second(s)

2022-12-19 18:31:58 - [TEST_STEP][PASSED] - closeBrowser(): Browser is closed

2022-12-19 18:32:01 - [MESSAGE][PASSED] - Browser is closed]]></system-out>
         <system-err><![CDATA[]]></system-err>
      </testcase>
      <system-out><![CDATA[2022-12-19 18:07:11 - [TEST_SUITE][PASSED] - 09.1 - Settings (Invite users): Test Cases/09-Settings/05 - Users (Invite batch of users via CSV file)]]></system-out>
      <system-err><![CDATA[]]></system-err>
   </testsuite>
</testsuites>
