<?xml version="1.0" encoding="UTF-8"?>
<testsuites name="00-Signup and Account Activation" time="164.972" tests="4" failures="0" errors="0">
   <testsuite name="00-Signup and Account Activation" tests="4" failures="0" errors="0" time="164.972" skipped="0" timestamp="2022-04-27 13:16:16" hostname="User - DESKTOP-QCRNR4M" id="Test Suites/TS-Organization/00-Signup and Account Activation">
      <properties>
         <property name="deviceName" value=""/>
         <property name="devicePlatform" value=""/>
         <property name="logFolder" value="C:\\Users\\User\\Katalon Studio\\EverleaguesMain\\Reports\\20220427_131613\\TS-Organization\\00-Signup and Account Activation\\20220427_131613"/>
         <property name="logFiles" value="C:\\Users\\User\\Katalon Studio\\EverleaguesMain\\Reports\\20220427_131613\\TS-Organization\\00-Signup and Account Activation\\20220427_131613\\execution0.log"/>
         <property name="attachments" value=""/>
         <property name="hostName" value="User - DESKTOP-QCRNR4M"/>
         <property name="os" value="Windows 10 64bit"/>
         <property name="katalonVersion" value="8.3.0.208"/>
         <property name="browser" value="Chrome 101.0.4951.41"/>
         <property name="hostAddress" value="192.168.5.83"/>
         <property name="sessionId" value="70fd307a2b4f3effcd1922f38521c0e9"/>
         <property name="seleniumVersion" value="3.141.59"/>
         <property name="proxyInformation" value="ProxyInformation { proxyOption=NO_PROXY, proxyServerType=HTTP, username=, password=********, proxyServerAddress=, proxyServerPort=0, executionList=&quot;&quot;, isApplyToDesiredCapabilities=true }"/>
         <property name="platform" value="Windows 10"/>
      </properties>
      <testcase name="Test Cases/00-SignUp and Account Activation/01-Signup(Credentials Blank)" time="78.117" classname="Test Cases/00-SignUp and Account Activation/01-Signup(Credentials Blank)" status="PASSED">
         <system-out><![CDATA[2022-04-27 13:16:16 - [TEST_CASE][PASSED] - Test Cases/00-SignUp and Account Activation/01-Signup(Credentials Blank): Test Cases/00-SignUp and Account Activation/01-Signup(Credentials Blank)

2022-04-27 13:16:17 - [TEST_STEP][PASSED] - openBrowser(""): Browser is opened with url: ''

2022-04-27 13:16:17 - [MESSAGE][INFO] - Starting 'Chrome' driver

2022-04-27 13:16:17 - [MESSAGE][INFO] - Action delay is set to 0 milliseconds

2022-04-27 13:16:19 - [MESSAGE][PASSED] - Browser is opened with url: ''

2022-04-27 13:16:19 - [TEST_STEP][PASSED] - navigateToUrl("https://lab.everleagues.com/"): Navigate to 'https://lab.everleagues.com/' successfully

2022-04-27 13:17:24 - [MESSAGE][PASSED] - Navigate to 'https://lab.everleagues.com/' successfully

2022-04-27 13:17:24 - [TEST_STEP][PASSED] - maximizeWindow(): Current window maximized

2022-04-27 13:17:24 - [MESSAGE][PASSED] - Current window maximized

2022-04-27 13:17:24 - [TEST_STEP][PASSED] - click(findTestObject("00-Signup and Activation/span_Sign up")): Object: 'Object Repository/00-Signup and Activation/span_Sign up' is clicked on

2022-04-27 13:17:24 - [MESSAGE][PASSED] - Object: 'Object Repository/00-Signup and Activation/span_Sign up' is clicked on

2022-04-27 13:17:24 - [TEST_STEP][PASSED] - delay(3): Delayed 3 second(s)

2022-04-27 13:17:27 - [MESSAGE][PASSED] - Delayed 3 second(s)

2022-04-27 13:17:27 - [TEST_STEP][PASSED] - verifyElementVisible(findTestObject("00-Signup and Activation/div_Already have an account Log In")): Object 'Object Repository/00-Signup and Activation/div_Already have an account Log In' is visible

2022-04-27 13:17:28 - [MESSAGE][PASSED] - Object 'Object Repository/00-Signup and Activation/div_Already have an account Log In' is visible

2022-04-27 13:17:28 - [TEST_STEP][PASSED] - delay(3): Delayed 3 second(s)

2022-04-27 13:17:31 - [MESSAGE][PASSED] - Delayed 3 second(s)

2022-04-27 13:17:31 - [TEST_STEP][PASSED] - verifyElementNotClickable(findTestObject("00-Signup and Activation/button_Sign up")): Object 'Object Repository/00-Signup and Activation/button_Sign up' is NOT clickable

2022-04-27 13:17:31 - [MESSAGE][PASSED] - Object 'Object Repository/00-Signup and Activation/button_Sign up' is NOT clickable

2022-04-27 13:17:31 - [TEST_STEP][PASSED] - delay(3): Delayed 3 second(s)

2022-04-27 13:17:34 - [MESSAGE][PASSED] - Delayed 3 second(s)]]></system-out>
         <system-err><![CDATA[]]></system-err>
      </testcase>
      <testcase name="Test Cases/00-SignUp and Account Activation/02-Signup(Wrong email)" time="9.424" classname="Test Cases/00-SignUp and Account Activation/02-Signup(Wrong email)" status="PASSED">
         <system-out><![CDATA[2022-04-27 13:17:34 - [TEST_CASE][PASSED] - Test Cases/00-SignUp and Account Activation/02-Signup(Wrong email): Test Cases/00-SignUp and Account Activation/02-Signup(Wrong email)

2022-04-27 13:17:35 - [TEST_STEP][PASSED] - delay(3): Delayed 3 second(s)

2022-04-27 13:17:38 - [MESSAGE][PASSED] - Delayed 3 second(s)

2022-04-27 13:17:38 - [TEST_STEP][PASSED] - setText(findTestObject("00-Signup and Activation/input_Email"), "QATESTinvalidemailformat"): Text 'QATESTinvalidemailformat' is set on object 'Object Repository/00-Signup and Activation/input_Email'

2022-04-27 13:17:38 - [MESSAGE][PASSED] - Text 'QATESTinvalidemailformat' is set on object 'Object Repository/00-Signup and Activation/input_Email'

2022-04-27 13:17:38 - [TEST_STEP][PASSED] - delay(2): Delayed 2 second(s)

2022-04-27 13:17:40 - [MESSAGE][PASSED] - Delayed 2 second(s)

2022-04-27 13:17:40 - [TEST_STEP][PASSED] - click(findTestObject("00-Signup and Activation/input_firstName")): Object: 'Object Repository/00-Signup and Activation/input_firstName' is clicked on

2022-04-27 13:17:41 - [MESSAGE][PASSED] - Object: 'Object Repository/00-Signup and Activation/input_firstName' is clicked on

2022-04-27 13:17:41 - [TEST_STEP][PASSED] - verifyElementPresent(findTestObject("00-Signup and Activation/error_valid email is required"), 0): Object 'Object Repository/00-Signup and Activation/error_valid email is required' is present

2022-04-27 13:17:41 - [MESSAGE][WARNING] - Timeout '0' is invalid. Using default page load timeout: '30'

2022-04-27 13:17:41 - [MESSAGE][PASSED] - Object 'Object Repository/00-Signup and Activation/error_valid email is required' is present

2022-04-27 13:17:41 - [TEST_STEP][PASSED] - delay(0): Delayed 0 second(s)

2022-04-27 13:17:41 - [MESSAGE][PASSED] - Delayed 0 second(s)

2022-04-27 13:17:41 - [TEST_STEP][PASSED] - setText(findTestObject("00-Signup and Activation/input_Email"), "testuser01@mailinator.com"): Text 'testuser01@mailinator.com' is set on object 'Object Repository/00-Signup and Activation/input_Email'

2022-04-27 13:17:42 - [MESSAGE][PASSED] - Text 'testuser01@mailinator.com' is set on object 'Object Repository/00-Signup and Activation/input_Email'

2022-04-27 13:17:42 - [TEST_STEP][PASSED] - delay(0): Delayed 0 second(s)

2022-04-27 13:17:42 - [MESSAGE][PASSED] - Delayed 0 second(s)

2022-04-27 13:17:42 - [TEST_STEP][PASSED] - click(findTestObject("00-Signup and Activation/input_firstName")): Object: 'Object Repository/00-Signup and Activation/input_firstName' is clicked on

2022-04-27 13:17:43 - [MESSAGE][PASSED] - Object: 'Object Repository/00-Signup and Activation/input_firstName' is clicked on

2022-04-27 13:17:43 - [TEST_STEP][PASSED] - verifyElementVisible(findTestObject("00-Signup and Activation/error_email already exists")): Object 'Object Repository/00-Signup and Activation/error_email already exists' is visible

2022-04-27 13:17:44 - [MESSAGE][PASSED] - Object 'Object Repository/00-Signup and Activation/error_email already exists' is visible

2022-04-27 13:17:44 - [TEST_STEP][PASSED] - delay(0): Delayed 0 second(s)

2022-04-27 13:17:44 - [MESSAGE][PASSED] - Delayed 0 second(s)]]></system-out>
         <system-err><![CDATA[]]></system-err>
      </testcase>
      <testcase name="Test Cases/00-SignUp and Account Activation/03-Signup(Correct Details)" time="45.983" classname="Test Cases/00-SignUp and Account Activation/03-Signup(Correct Details)" status="PASSED">
         <system-out><![CDATA[2022-04-27 13:17:44 - [TEST_CASE][PASSED] - Test Cases/00-SignUp and Account Activation/03-Signup(Correct Details): Test Cases/00-SignUp and Account Activation/03-Signup(Correct Details)

2022-04-27 13:17:44 - [TEST_STEP][PASSED] - delay(2): Delayed 2 second(s)

2022-04-27 13:17:46 - [MESSAGE][PASSED] - Delayed 2 second(s)

2022-04-27 13:17:46 - [TEST_STEP][PASSED] - setText(findTestObject("00-Signup and Activation/input_Email"), "autotester28@mailinator.com"): Text 'autotester28@mailinator.com' is set on object 'Object Repository/00-Signup and Activation/input_Email'

2022-04-27 13:17:47 - [MESSAGE][PASSED] - Text 'autotester28@mailinator.com' is set on object 'Object Repository/00-Signup and Activation/input_Email'

2022-04-27 13:17:47 - [TEST_STEP][PASSED] - setText(findTestObject("00-Signup and Activation/input_firstName"), "GG"): Text 'GG' is set on object 'Object Repository/00-Signup and Activation/input_firstName'

2022-04-27 13:17:48 - [MESSAGE][PASSED] - Text 'GG' is set on object 'Object Repository/00-Signup and Activation/input_firstName'

2022-04-27 13:17:48 - [TEST_STEP][PASSED] - setText(findTestObject("00-Signup and Activation/input_lastName"), "tester"): Text 'tester' is set on object 'Object Repository/00-Signup and Activation/input_lastName'

2022-04-27 13:17:49 - [MESSAGE][PASSED] - Text 'tester' is set on object 'Object Repository/00-Signup and Activation/input_lastName'

2022-04-27 13:17:49 - [TEST_STEP][PASSED] - delay(2): Delayed 2 second(s)

2022-04-27 13:17:51 - [MESSAGE][PASSED] - Delayed 2 second(s)

2022-04-27 13:17:51 - [TEST_STEP][PASSED] - click(findTestObject("Object Repository/00-Signup and Activation/button_Sign up")): Object: 'Object Repository/00-Signup and Activation/button_Sign up' is clicked on

2022-04-27 13:17:52 - [MESSAGE][PASSED] - Object: 'Object Repository/00-Signup and Activation/button_Sign up' is clicked on

2022-04-27 13:17:52 - [TEST_STEP][PASSED] - delay(2): Delayed 2 second(s)

2022-04-27 13:17:54 - [MESSAGE][PASSED] - Delayed 2 second(s)

2022-04-27 13:17:54 - [TEST_STEP][PASSED] - executeJavaScript("window.open();", []): Execute JavaScript 'window.open();' successfully

2022-04-27 13:17:54 - [MESSAGE][PASSED] - Execute JavaScript 'window.open();' successfully

2022-04-27 13:17:54 - [TEST_STEP][PASSED] - currentWindow = getWindowIndex(): Current window's index is: 0

2022-04-27 13:17:54 - [MESSAGE][PASSED] - Current window's index is: 0

2022-04-27 13:17:54 - [TEST_STEP][PASSED] - delay(3): Delayed 3 second(s)

2022-04-27 13:17:57 - [MESSAGE][PASSED] - Delayed 3 second(s)

2022-04-27 13:17:57 - [TEST_STEP][PASSED] - switchToWindowIndex(currentWindow + 1): Switched to window with index: '1'

2022-04-27 13:17:57 - [MESSAGE][PASSED] - Switched to window with index: '1'

2022-04-27 13:17:57 - [TEST_STEP][PASSED] - navigateToUrl("https://www.mailinator.com/"): Navigate to 'https://www.mailinator.com/' successfully

2022-04-27 13:17:59 - [MESSAGE][PASSED] - Navigate to 'https://www.mailinator.com/' successfully

2022-04-27 13:17:59 - [TEST_STEP][PASSED] - delay(3): Delayed 3 second(s)

2022-04-27 13:18:02 - [MESSAGE][PASSED] - Delayed 3 second(s)

2022-04-27 13:18:02 - [TEST_STEP][PASSED] - setText(findTestObject("00-Signup and Activation/zMailinator/input_LOGIN_search"), "autotester28@mailinator.com"): Text 'autotester28@mailinator.com' is set on object 'Object Repository/00-Signup and Activation/zMailinator/input_LOGIN_search'

2022-04-27 13:18:03 - [MESSAGE][PASSED] - Text 'autotester28@mailinator.com' is set on object 'Object Repository/00-Signup and Activation/zMailinator/input_LOGIN_search'

2022-04-27 13:18:03 - [TEST_STEP][PASSED] - click(findTestObject("00-Signup and Activation/zMailinator/gobutton"), STOP_ON_FAILURE): Object: 'Object Repository/00-Signup and Activation/zMailinator/gobutton' is clicked on

2022-04-27 13:18:04 - [MESSAGE][PASSED] - Object: 'Object Repository/00-Signup and Activation/zMailinator/gobutton' is clicked on

2022-04-27 13:18:04 - [TEST_STEP][PASSED] - delay(3): Delayed 3 second(s)

2022-04-27 13:18:07 - [MESSAGE][PASSED] - Delayed 3 second(s)

2022-04-27 13:18:07 - [TEST_STEP][PASSED] - click(findTestObject("00-Signup and Activation/zMailinator/Email - everleagues")): Object: 'Object Repository/00-Signup and Activation/zMailinator/Email - everleagues' is clicked on

2022-04-27 13:18:08 - [MESSAGE][PASSED] - Object: 'Object Repository/00-Signup and Activation/zMailinator/Email - everleagues' is clicked on

2022-04-27 13:18:08 - [TEST_STEP][PASSED] - delay(3): Delayed 3 second(s)

2022-04-27 13:18:11 - [MESSAGE][PASSED] - Delayed 3 second(s)

2022-04-27 13:18:11 - [TEST_STEP][PASSED] - code = getText(findTestObject("Object Repository/06-Teams/For 2FA/2FA code")): Text of object 'Object Repository/06-Teams/For 2FA/2FA code' is: '187207'

2022-04-27 13:18:11 - [MESSAGE][PASSED] - Text of object 'Object Repository/06-Teams/For 2FA/2FA code' is: '187207'

2022-04-27 13:18:11 - [TEST_STEP][PASSED] - delay(3): Delayed 3 second(s)

2022-04-27 13:18:14 - [MESSAGE][PASSED] - Delayed 3 second(s)

2022-04-27 13:18:14 - [TEST_STEP][PASSED] - closeWindowTitle("Mailinator"): Window with title: 'Mailinator' is closed

2022-04-27 13:18:14 - [MESSAGE][PASSED] - Window with title: 'Mailinator' is closed

2022-04-27 13:18:14 - [TEST_STEP][PASSED] - delay(3): Delayed 3 second(s)

2022-04-27 13:18:17 - [MESSAGE][PASSED] - Delayed 3 second(s)

2022-04-27 13:18:17 - [TEST_STEP][PASSED] - switchToWindowIndex(0): Switched to window with index: '0'

2022-04-27 13:18:17 - [MESSAGE][PASSED] - Switched to window with index: '0'

2022-04-27 13:18:17 - [TEST_STEP][PASSED] - delay(3): Delayed 3 second(s)

2022-04-27 13:18:20 - [MESSAGE][PASSED] - Delayed 3 second(s)

2022-04-27 13:18:20 - [TEST_STEP][PASSED] - setText(findTestObject("Object Repository/06-Teams/For 2FA/input_Enter verification code_code"), code): Text '187207' is set on object 'Object Repository/06-Teams/For 2FA/input_Enter verification code_code'

2022-04-27 13:18:21 - [MESSAGE][PASSED] - Text '187207' is set on object 'Object Repository/06-Teams/For 2FA/input_Enter verification code_code'

2022-04-27 13:18:21 - [TEST_STEP][PASSED] - delay(3): Delayed 3 second(s)

2022-04-27 13:18:24 - [MESSAGE][PASSED] - Delayed 3 second(s)

2022-04-27 13:18:24 - [TEST_STEP][PASSED] - click(findTestObject("06-Teams/For 2FA/button_Verify_2FA")): Object: 'Object Repository/06-Teams/For 2FA/button_Verify_2FA' is clicked on

2022-04-27 13:18:25 - [MESSAGE][PASSED] - Object: 'Object Repository/06-Teams/For 2FA/button_Verify_2FA' is clicked on

2022-04-27 13:18:25 - [TEST_STEP][PASSED] - delay(5): Delayed 5 second(s)

2022-04-27 13:18:30 - [MESSAGE][PASSED] - Delayed 5 second(s)]]></system-out>
         <system-err><![CDATA[]]></system-err>
      </testcase>
      <testcase name="Test Cases/00-SignUp and Account Activation/04-Set password" time="31.099" classname="Test Cases/00-SignUp and Account Activation/04-Set password" status="PASSED">
         <system-out><![CDATA[2022-04-27 13:18:30 - [TEST_CASE][PASSED] - Test Cases/00-SignUp and Account Activation/04-Set password: Test Cases/00-SignUp and Account Activation/04-Set password

2022-04-27 13:18:30 - [TEST_STEP][PASSED] - delay(2): Delayed 2 second(s)

2022-04-27 13:18:32 - [MESSAGE][PASSED] - Delayed 2 second(s)

2022-04-27 13:18:32 - [TEST_STEP][PASSED] - setEncryptedText(findTestObject("00-Signup and Activation/input_password"), "8yFRyszE6U6jvsCn51OQbg==", STOP_ON_FAILURE): Text ****** has been set on object 'Object Repository/00-Signup and Activation/input_password'

2022-04-27 13:18:33 - [MESSAGE][PASSED] - Text ****** has been set on object 'Object Repository/00-Signup and Activation/input_password'

2022-04-27 13:18:33 - [TEST_STEP][PASSED] - setEncryptedText(findTestObject("00-Signup and Activation/input_ConfirmPassword"), "8yFRyszE6U6jvsCn51OQbg==", STOP_ON_FAILURE): Text ****** has been set on object 'Object Repository/00-Signup and Activation/input_ConfirmPassword'

2022-04-27 13:18:33 - [MESSAGE][PASSED] - Text ****** has been set on object 'Object Repository/00-Signup and Activation/input_ConfirmPassword'

2022-04-27 13:18:33 - [TEST_STEP][PASSED] - delay(2): Delayed 2 second(s)

2022-04-27 13:18:35 - [MESSAGE][PASSED] - Delayed 2 second(s)

2022-04-27 13:18:35 - [TEST_STEP][PASSED] - click(findTestObject("00-Signup and Activation/show pass")): Object: 'Object Repository/00-Signup and Activation/show pass' is clicked on

2022-04-27 13:18:36 - [MESSAGE][PASSED] - Object: 'Object Repository/00-Signup and Activation/show pass' is clicked on

2022-04-27 13:18:36 - [TEST_STEP][PASSED] - click(findTestObject("00-Signup and Activation/show confirm pass")): Object: 'Object Repository/00-Signup and Activation/show confirm pass' is clicked on

2022-04-27 13:18:37 - [MESSAGE][PASSED] - Object: 'Object Repository/00-Signup and Activation/show confirm pass' is clicked on

2022-04-27 13:18:37 - [TEST_STEP][PASSED] - delay(2): Delayed 2 second(s)

2022-04-27 13:18:39 - [MESSAGE][PASSED] - Delayed 2 second(s)

2022-04-27 13:18:39 - [TEST_STEP][PASSED] - check(findTestObject("00-Signup and Activation/div_checkbox")): Object 'Object Repository/00-Signup and Activation/div_checkbox' is checked

2022-04-27 13:18:40 - [MESSAGE][PASSED] - Object 'Object Repository/00-Signup and Activation/div_checkbox' is checked

2022-04-27 13:18:40 - [TEST_STEP][PASSED] - delay(2): Delayed 2 second(s)

2022-04-27 13:18:42 - [MESSAGE][PASSED] - Delayed 2 second(s)

2022-04-27 13:18:42 - [TEST_STEP][PASSED] - click(findTestObject("00-Signup and Activation/button_Confirm")): Object: 'Object Repository/00-Signup and Activation/button_Confirm' is clicked on

2022-04-27 13:18:42 - [MESSAGE][PASSED] - Object: 'Object Repository/00-Signup and Activation/button_Confirm' is clicked on

2022-04-27 13:18:42 - [TEST_STEP][PASSED] - delay(2): Delayed 2 second(s)

2022-04-27 13:18:44 - [MESSAGE][PASSED] - Delayed 2 second(s)

2022-04-27 13:18:44 - [TEST_STEP][PASSED] - verifyElementVisible(findTestObject("00-Signup and Activation/h4_Welcome to Everleagues")): Object 'Object Repository/00-Signup and Activation/h4_Welcome to Everleagues' is visible

2022-04-27 13:18:51 - [MESSAGE][PASSED] - Object 'Object Repository/00-Signup and Activation/h4_Welcome to Everleagues' is visible

2022-04-27 13:18:51 - [TEST_STEP][PASSED] - verifyElementVisible(findTestObject("00-Signup and Activation/span_CREATE A BUSINESS ORGANIZATION")): Object 'Object Repository/00-Signup and Activation/span_CREATE A BUSINESS ORGANIZATION' is visible

2022-04-27 13:18:51 - [MESSAGE][PASSED] - Object 'Object Repository/00-Signup and Activation/span_CREATE A BUSINESS ORGANIZATION' is visible

2022-04-27 13:18:51 - [TEST_STEP][PASSED] - verifyElementVisible(findTestObject("00-Signup and Activation/span_INVITE FRIENDS  FAMILY")): Object 'Object Repository/00-Signup and Activation/span_INVITE FRIENDS  FAMILY' is visible

2022-04-27 13:18:52 - [MESSAGE][PASSED] - Object 'Object Repository/00-Signup and Activation/span_INVITE FRIENDS  FAMILY' is visible

2022-04-27 13:18:52 - [TEST_STEP][PASSED] - delay(3): Delayed 3 second(s)

2022-04-27 13:18:55 - [MESSAGE][PASSED] - Delayed 3 second(s)

2022-04-27 13:18:55 - [TEST_STEP][PASSED] - click(findTestObject("00-Signup and Activation/button_DO THIS LATER")): Object: 'Object Repository/00-Signup and Activation/button_DO THIS LATER' is clicked on

2022-04-27 13:18:55 - [MESSAGE][PASSED] - Object: 'Object Repository/00-Signup and Activation/button_DO THIS LATER' is clicked on

2022-04-27 13:18:55 - [TEST_STEP][PASSED] - delay(2): Delayed 2 second(s)

2022-04-27 13:18:57 - [MESSAGE][PASSED] - Delayed 2 second(s)

2022-04-27 13:18:57 - [TEST_STEP][PASSED] - verifyElementVisible(findTestObject("00-Signup and Activation/Create your first organization Card")): Object 'Object Repository/00-Signup and Activation/Create your first organization Card' is visible

2022-04-27 13:18:57 - [MESSAGE][PASSED] - Object 'Object Repository/00-Signup and Activation/Create your first organization Card' is visible

2022-04-27 13:18:57 - [TEST_STEP][PASSED] - verifyElementVisible(findTestObject("00-Signup and Activation/Still not sure where to start Card")): Object 'Object Repository/00-Signup and Activation/Still not sure where to start Card' is visible

2022-04-27 13:18:58 - [MESSAGE][PASSED] - Object 'Object Repository/00-Signup and Activation/Still not sure where to start Card' is visible

2022-04-27 13:18:58 - [TEST_STEP][PASSED] - verifyElementVisible(findTestObject("00-Signup and Activation/Welcome to Everleagues Card")): Object 'Object Repository/00-Signup and Activation/Welcome to Everleagues Card' is visible

2022-04-27 13:18:58 - [MESSAGE][PASSED] - Object 'Object Repository/00-Signup and Activation/Welcome to Everleagues Card' is visible

2022-04-27 13:18:58 - [TEST_STEP][PASSED] - delay(2): Delayed 2 second(s)

2022-04-27 13:19:00 - [MESSAGE][PASSED] - Delayed 2 second(s)

2022-04-27 13:19:00 - [TEST_STEP][PASSED] - closeBrowser(): Browser is closed

2022-04-27 13:19:01 - [MESSAGE][PASSED] - Browser is closed]]></system-out>
         <system-err><![CDATA[]]></system-err>
      </testcase>
      <system-out><![CDATA[2022-04-27 13:16:16 - [TEST_SUITE][PASSED] - 00-Signup and Account Activation: Test Cases/00-SignUp and Account Activation/04-Set password]]></system-out>
      <system-err><![CDATA[]]></system-err>
   </testsuite>
</testsuites>
