<?xml version="1.0" encoding="UTF-8"?>
<testsuites name="03-Header Menu" time="675.827" tests="18" failures="0" errors="0">
   <testsuite name="03-Header Menu" tests="18" failures="0" errors="0" time="675.827" skipped="0" timestamp="2023-07-03 18:44:29" hostname="Mike - LAPTOP-LF5VTH4H" id="Test Suites/TS-Organization/03-Header Menu">
      <properties>
         <property name="deviceName" value=""/>
         <property name="devicePlatform" value=""/>
         <property name="logFolder" value="D:\\Users\\Michelle\\Project\\Everleagues\\Reports\\20230703_184421\\TS-Organization\\03-Header Menu\\20230703_184421"/>
         <property name="logFiles" value="D:\\Users\\Michelle\\Project\\Everleagues\\Reports\\20230703_184421\\TS-Organization\\03-Header Menu\\20230703_184421\\execution0.log"/>
         <property name="attachments" value=""/>
         <property name="hostName" value="Mike - LAPTOP-LF5VTH4H"/>
         <property name="os" value="Windows 11 64bit"/>
         <property name="katalonVersion" value="8.6.5.208"/>
         <property name="browser" value="Chrome 114.0.0.0"/>
         <property name="hostAddress" value="172.20.10.10"/>
         <property name="sessionId" value="65ba64700e7e21b0decf98b6c0ce0636"/>
         <property name="seleniumVersion" value="3.141.59"/>
         <property name="proxyInformation" value="ProxyInformation { proxyOption=NO_PROXY, proxyServerType=HTTP, username=, password=********, proxyServerAddress=, proxyServerPort=0, executionList=&quot;&quot;, isApplyToDesiredCapabilities=true }"/>
         <property name="platform" value="Windows 11"/>
      </properties>
      <testcase name="Test Cases/03-Header Menu/01- Hamburger Button" time="96.835" classname="Test Cases/03-Header Menu/01- Hamburger Button" status="PASSED">
         <system-out><![CDATA[2023-07-03 18:44:29 - [TEST_CASE][PASSED] - Test Cases/03-Header Menu/01- Hamburger Button: Test Cases/03-Header Menu/01- Hamburger Button

2023-07-03 18:44:30 - [TEST_STEP][PASSED] - openBrowser(""): Browser is opened with url: ''

2023-07-03 18:44:30 - [MESSAGE][INFO] - Starting 'Chrome' driver

2023-07-03 18:44:30 - [MESSAGE][INFO] - User set preference: ['args', '[--disable-web-security, --ignore-certificate-errors, --no-first-run, --disable-gpu]']

2023-07-03 18:44:30 - [MESSAGE][INFO] - Action delay is set to 0 milliseconds

2023-07-03 18:44:35 - [MESSAGE][PASSED] - Browser is opened with url: ''

2023-07-03 18:44:35 - [TEST_STEP][PASSED] - navigateToUrl(app_url_login): Navigate to 'https://lab.everleagues.com/login' successfully

2023-07-03 18:44:50 - [MESSAGE][PASSED] - Navigate to 'https://lab.everleagues.com/login' successfully

2023-07-03 18:44:50 - [TEST_STEP][PASSED] - maximizeWindow(): Current window maximized

2023-07-03 18:44:50 - [MESSAGE][PASSED] - Current window maximized

2023-07-03 18:44:50 - [TEST_STEP][PASSED] - setText(findTestObject("02-Side Icons(Organization)/Add Contact/Email Field"), email_without_subscription): Text 'testuser01@mailinator.com' is set on object 'Object Repository/02-Side Icons(Organization)/Add Contact/Email Field'

2023-07-03 18:44:52 - [MESSAGE][PASSED] - Text 'testuser01@mailinator.com' is set on object 'Object Repository/02-Side Icons(Organization)/Add Contact/Email Field'

2023-07-03 18:44:52 - [TEST_STEP][PASSED] - setEncryptedText(findTestObject("02-Side Icons(Organization)/Add Contact/Password Field"), password): Text ****** has been set on object 'Object Repository/02-Side Icons(Organization)/Add Contact/Password Field'

2023-07-03 18:44:52 - [MESSAGE][PASSED] - Text ****** has been set on object 'Object Repository/02-Side Icons(Organization)/Add Contact/Password Field'

2023-07-03 18:44:52 - [TEST_STEP][PASSED] - click(findTestObject("02-Side Icons(Organization)/Add Contact/button_Sign in")): Object: 'Object Repository/02-Side Icons(Organization)/Add Contact/button_Sign in' is clicked on

2023-07-03 18:44:53 - [MESSAGE][PASSED] - Object: 'Object Repository/02-Side Icons(Organization)/Add Contact/button_Sign in' is clicked on

2023-07-03 18:44:54 - [TEST_STEP][PASSED] - delay(delay_2seconds): Delayed 2 second(s)

2023-07-03 18:44:56 - [MESSAGE][PASSED] - Delayed 2 second(s)

2023-07-03 18:44:56 - [TEST_STEP][PASSED] - click(findTestObject("06-Teams/For 2FA/button_Confirm_2FA")): Object: 'Object Repository/06-Teams/For 2FA/button_Confirm_2FA' is clicked on

2023-07-03 18:44:56 - [MESSAGE][PASSED] - Object: 'Object Repository/06-Teams/For 2FA/button_Confirm_2FA' is clicked on

2023-07-03 18:44:56 - [TEST_STEP][PASSED] - executeJavaScript("window.open();", []): Execute JavaScript 'window.open();' successfully

2023-07-03 18:44:56 - [MESSAGE][PASSED] - Execute JavaScript 'window.open();' successfully

2023-07-03 18:44:56 - [TEST_STEP][PASSED] - currentWindow = getWindowIndex(): Current window's index is: 0

2023-07-03 18:44:56 - [MESSAGE][PASSED] - Current window's index is: 0

2023-07-03 18:44:56 - [TEST_STEP][PASSED] - delay(delay_3seconds): Delayed 3 second(s)

2023-07-03 18:44:59 - [MESSAGE][PASSED] - Delayed 3 second(s)

2023-07-03 18:44:59 - [TEST_STEP][PASSED] - switchToWindowIndex(currentWindow + 1): Switched to window with index: '1'

2023-07-03 18:44:59 - [MESSAGE][PASSED] - Switched to window with index: '1'

2023-07-03 18:44:59 - [TEST_STEP][PASSED] - navigateToUrl(app_mailinator): Navigate to 'https://www.mailinator.com/' successfully

2023-07-03 18:45:06 - [MESSAGE][PASSED] - Navigate to 'https://www.mailinator.com/' successfully

2023-07-03 18:45:06 - [TEST_STEP][PASSED] - delay(delay_3seconds): Delayed 3 second(s)

2023-07-03 18:45:09 - [MESSAGE][PASSED] - Delayed 3 second(s)

2023-07-03 18:45:09 - [TEST_STEP][PASSED] - setText(findTestObject("00-Signup and Activation/zMailinator/input_LOGIN_search"), email_for_searchmailinator_testuser01): Text 'testuser01@mailinator.com' is set on object 'Object Repository/00-Signup and Activation/zMailinator/input_LOGIN_search'

2023-07-03 18:45:10 - [MESSAGE][PASSED] - Text 'testuser01@mailinator.com' is set on object 'Object Repository/00-Signup and Activation/zMailinator/input_LOGIN_search'

2023-07-03 18:45:10 - [TEST_STEP][PASSED] - click(findTestObject("00-Signup and Activation/zMailinator/gobutton"), STOP_ON_FAILURE): Object: 'Object Repository/00-Signup and Activation/zMailinator/gobutton' is clicked on

2023-07-03 18:45:16 - [MESSAGE][PASSED] - Object: 'Object Repository/00-Signup and Activation/zMailinator/gobutton' is clicked on

2023-07-03 18:45:16 - [TEST_STEP][PASSED] - delay(delay_3seconds): Delayed 3 second(s)

2023-07-03 18:45:19 - [MESSAGE][PASSED] - Delayed 3 second(s)

2023-07-03 18:45:19 - [TEST_STEP][PASSED] - click(findTestObject("00-Signup and Activation/zMailinator/Email - everleagues")): Object: 'Object Repository/00-Signup and Activation/zMailinator/Email - everleagues' is clicked on

2023-07-03 18:45:19 - [MESSAGE][PASSED] - Object: 'Object Repository/00-Signup and Activation/zMailinator/Email - everleagues' is clicked on

2023-07-03 18:45:19 - [TEST_STEP][PASSED] - delay(delay_3seconds): Delayed 3 second(s)

2023-07-03 18:45:22 - [MESSAGE][PASSED] - Delayed 3 second(s)

2023-07-03 18:45:22 - [TEST_STEP][PASSED] - code = getText(findTestObject("Object Repository/06-Teams/For 2FA/2FA code")): Text of object 'Object Repository/06-Teams/For 2FA/2FA code' is: '752050'

2023-07-03 18:45:23 - [MESSAGE][PASSED] - Text of object 'Object Repository/06-Teams/For 2FA/2FA code' is: '752050'

2023-07-03 18:45:23 - [TEST_STEP][PASSED] - delay(delay_3seconds): Delayed 3 second(s)

2023-07-03 18:45:26 - [MESSAGE][PASSED] - Delayed 3 second(s)

2023-07-03 18:45:26 - [TEST_STEP][PASSED] - closeWindowTitle("Mailinator"): Window with title: 'Mailinator' is closed

2023-07-03 18:45:26 - [MESSAGE][PASSED] - Window with title: 'Mailinator' is closed

2023-07-03 18:45:26 - [TEST_STEP][PASSED] - delay(delay_3seconds): Delayed 3 second(s)

2023-07-03 18:45:29 - [MESSAGE][PASSED] - Delayed 3 second(s)

2023-07-03 18:45:29 - [TEST_STEP][PASSED] - switchToWindowIndex(0): Switched to window with index: '0'

2023-07-03 18:45:29 - [MESSAGE][PASSED] - Switched to window with index: '0'

2023-07-03 18:45:29 - [TEST_STEP][PASSED] - delay(delay_3seconds): Delayed 3 second(s)

2023-07-03 18:45:32 - [MESSAGE][PASSED] - Delayed 3 second(s)

2023-07-03 18:45:32 - [TEST_STEP][PASSED] - setText(findTestObject("Object Repository/06-Teams/For 2FA/input_Enter verification code_code"), code): Text '752050' is set on object 'Object Repository/06-Teams/For 2FA/input_Enter verification code_code'

2023-07-03 18:45:33 - [MESSAGE][PASSED] - Text '752050' is set on object 'Object Repository/06-Teams/For 2FA/input_Enter verification code_code'

2023-07-03 18:45:33 - [TEST_STEP][PASSED] - delay(delay_3seconds): Delayed 3 second(s)

2023-07-03 18:45:36 - [MESSAGE][PASSED] - Delayed 3 second(s)

2023-07-03 18:45:36 - [TEST_STEP][PASSED] - click(findTestObject("06-Teams/For 2FA/button_Verify_2FA")): Object: 'Object Repository/06-Teams/For 2FA/button_Verify_2FA' is clicked on

2023-07-03 18:45:36 - [MESSAGE][PASSED] - Object: 'Object Repository/06-Teams/For 2FA/button_Verify_2FA' is clicked on

2023-07-03 18:45:36 - [TEST_STEP][PASSED] - delay(delay_5seconds): Delayed 5 second(s)

2023-07-03 18:45:41 - [MESSAGE][PASSED] - Delayed 5 second(s)

2023-07-03 18:45:41 - [TEST_STEP][PASSED] - click(findTestObject("03-Header Menu/Hamburger Button/button_menu")): Object: 'Object Repository/03-Header Menu/Hamburger Button/button_menu' is clicked on

2023-07-03 18:45:42 - [MESSAGE][PASSED] - Object: 'Object Repository/03-Header Menu/Hamburger Button/button_menu' is clicked on

2023-07-03 18:45:42 - [TEST_STEP][PASSED] - delay(delay_5seconds): Delayed 5 second(s)

2023-07-03 18:45:47 - [MESSAGE][PASSED] - Delayed 5 second(s)

2023-07-03 18:45:47 - [TEST_STEP][PASSED] - verifyElementNotVisible(findTestObject("03-Header Menu/Hamburger Button/div_Add My Organization"), STOP_ON_FAILURE): Object 'Object Repository/03-Header Menu/Hamburger Button/div_Add My Organization' is NOT visible

2023-07-03 18:45:48 - [MESSAGE][PASSED] - Object 'Object Repository/03-Header Menu/Hamburger Button/div_Add My Organization' is NOT visible

2023-07-03 18:45:48 - [TEST_STEP][PASSED] - verifyElementNotVisible(findTestObject("03-Header Menu/Hamburger Button/div_Dashboard"), STOP_ON_FAILURE): Object 'Object Repository/03-Header Menu/Hamburger Button/div_Dashboard' is NOT visible

2023-07-03 18:45:48 - [MESSAGE][PASSED] - Object 'Object Repository/03-Header Menu/Hamburger Button/div_Dashboard' is NOT visible

2023-07-03 18:45:48 - [TEST_STEP][PASSED] - verifyElementNotVisible(findTestObject("03-Header Menu/Hamburger Button/div_Chat"), STOP_ON_FAILURE): Object 'Object Repository/03-Header Menu/Hamburger Button/div_Chat' is NOT visible

2023-07-03 18:45:48 - [MESSAGE][PASSED] - Object 'Object Repository/03-Header Menu/Hamburger Button/div_Chat' is NOT visible

2023-07-03 18:45:48 - [TEST_STEP][PASSED] - verifyElementNotVisible(findTestObject("03-Header Menu/Hamburger Button/div_Teams"), STOP_ON_FAILURE): Object 'Object Repository/03-Header Menu/Hamburger Button/div_Teams' is NOT visible

2023-07-03 18:45:49 - [MESSAGE][PASSED] - Object 'Object Repository/03-Header Menu/Hamburger Button/div_Teams' is NOT visible

2023-07-03 18:45:49 - [TEST_STEP][PASSED] - verifyElementNotVisible(findTestObject("03-Header Menu/Hamburger Button/div_Directory"), STOP_ON_FAILURE): Object 'Object Repository/03-Header Menu/Hamburger Button/div_Directory' is NOT visible

2023-07-03 18:45:49 - [MESSAGE][PASSED] - Object 'Object Repository/03-Header Menu/Hamburger Button/div_Directory' is NOT visible

2023-07-03 18:45:49 - [TEST_STEP][PASSED] - verifyElementNotVisible(findTestObject("03-Header Menu/Hamburger Button/div_Operation"), STOP_ON_FAILURE): Object 'Object Repository/03-Header Menu/Hamburger Button/div_Operation' is NOT visible

2023-07-03 18:45:49 - [MESSAGE][PASSED] - Object 'Object Repository/03-Header Menu/Hamburger Button/div_Operation' is NOT visible

2023-07-03 18:45:49 - [TEST_STEP][PASSED] - verifyElementNotVisible(findTestObject("03-Header Menu/Hamburger Button/div_Settings"), STOP_ON_FAILURE): Object 'Object Repository/03-Header Menu/Hamburger Button/div_Settings' is NOT visible

2023-07-03 18:45:50 - [MESSAGE][PASSED] - Object 'Object Repository/03-Header Menu/Hamburger Button/div_Settings' is NOT visible

2023-07-03 18:45:50 - [TEST_STEP][PASSED] - verifyElementNotVisible(findTestObject("03-Header Menu/Hamburger Button/div_Open Video Conference"), STOP_ON_FAILURE): Object 'Object Repository/03-Header Menu/Hamburger Button/div_Open Video Conference' is NOT visible

2023-07-03 18:45:50 - [MESSAGE][PASSED] - Object 'Object Repository/03-Header Menu/Hamburger Button/div_Open Video Conference' is NOT visible

2023-07-03 18:45:50 - [TEST_STEP][PASSED] - verifyElementNotVisible(findTestObject("03-Header Menu/Hamburger Button/div_Cloud Files"), STOP_ON_FAILURE): Object 'Object Repository/03-Header Menu/Hamburger Button/div_Cloud Files' is NOT visible

2023-07-03 18:45:50 - [MESSAGE][PASSED] - Object 'Object Repository/03-Header Menu/Hamburger Button/div_Cloud Files' is NOT visible

2023-07-03 18:45:50 - [TEST_STEP][PASSED] - verifyElementNotVisible(findTestObject("03-Header Menu/Hamburger Button/div_ELSign"), STOP_ON_FAILURE): Object 'Object Repository/03-Header Menu/Hamburger Button/div_ELSign' is NOT visible

2023-07-03 18:45:51 - [MESSAGE][PASSED] - Object 'Object Repository/03-Header Menu/Hamburger Button/div_ELSign' is NOT visible

2023-07-03 18:45:51 - [TEST_STEP][PASSED] - verifyElementNotVisible(findTestObject("03-Header Menu/Hamburger Button/div_Income and Expense"), STOP_ON_FAILURE): Object 'Object Repository/03-Header Menu/Hamburger Button/div_Income and Expense' is NOT visible

2023-07-03 18:45:51 - [MESSAGE][PASSED] - Object 'Object Repository/03-Header Menu/Hamburger Button/div_Income and Expense' is NOT visible

2023-07-03 18:45:51 - [TEST_STEP][PASSED] - verifyElementNotVisible(findTestObject("03-Header Menu/Hamburger Button/div_ELNet"), CONTINUE_ON_FAILURE): Object 'Object Repository/03-Header Menu/Hamburger Button/div_ELNet' is NOT visible

2023-07-03 18:45:52 - [MESSAGE][PASSED] - Object 'Object Repository/03-Header Menu/Hamburger Button/div_ELNet' is NOT visible

2023-07-03 18:45:52 - [TEST_STEP][PASSED] - verifyElementNotVisible(findTestObject("03-Header Menu/Hamburger Button/div_Help"), STOP_ON_FAILURE): Object 'Object Repository/03-Header Menu/Hamburger Button/div_Help' is NOT visible

2023-07-03 18:45:52 - [MESSAGE][PASSED] - Object 'Object Repository/03-Header Menu/Hamburger Button/div_Help' is NOT visible

2023-07-03 18:45:52 - [TEST_STEP][PASSED] - delay(delay_5seconds): Delayed 5 second(s)

2023-07-03 18:45:57 - [MESSAGE][PASSED] - Delayed 5 second(s)

2023-07-03 18:45:57 - [TEST_STEP][PASSED] - click(findTestObject("03-Header Menu/Hamburger Button/button_menu")): Object: 'Object Repository/03-Header Menu/Hamburger Button/button_menu' is clicked on

2023-07-03 18:45:57 - [MESSAGE][PASSED] - Object: 'Object Repository/03-Header Menu/Hamburger Button/button_menu' is clicked on

2023-07-03 18:45:57 - [TEST_STEP][PASSED] - verifyElementVisible(findTestObject("03-Header Menu/Hamburger Button/div_Add My Organization"), STOP_ON_FAILURE): Object 'Object Repository/03-Header Menu/Hamburger Button/div_Add My Organization' is visible

2023-07-03 18:45:58 - [MESSAGE][PASSED] - Object 'Object Repository/03-Header Menu/Hamburger Button/div_Add My Organization' is visible

2023-07-03 18:45:58 - [TEST_STEP][PASSED] - verifyElementVisible(findTestObject("03-Header Menu/Hamburger Button/div_Dashboard"), STOP_ON_FAILURE): Object 'Object Repository/03-Header Menu/Hamburger Button/div_Dashboard' is visible

2023-07-03 18:45:58 - [MESSAGE][PASSED] - Object 'Object Repository/03-Header Menu/Hamburger Button/div_Dashboard' is visible

2023-07-03 18:45:58 - [TEST_STEP][PASSED] - verifyElementVisible(findTestObject("03-Header Menu/Hamburger Button/div_Chat"), STOP_ON_FAILURE): Object 'Object Repository/03-Header Menu/Hamburger Button/div_Chat' is visible

2023-07-03 18:45:59 - [MESSAGE][PASSED] - Object 'Object Repository/03-Header Menu/Hamburger Button/div_Chat' is visible

2023-07-03 18:45:59 - [TEST_STEP][PASSED] - verifyElementVisible(findTestObject("03-Header Menu/Hamburger Button/div_Teams"), STOP_ON_FAILURE): Object 'Object Repository/03-Header Menu/Hamburger Button/div_Teams' is visible

2023-07-03 18:45:59 - [MESSAGE][PASSED] - Object 'Object Repository/03-Header Menu/Hamburger Button/div_Teams' is visible

2023-07-03 18:45:59 - [TEST_STEP][PASSED] - verifyElementVisible(findTestObject("03-Header Menu/Hamburger Button/div_Directory"), STOP_ON_FAILURE): Object 'Object Repository/03-Header Menu/Hamburger Button/div_Directory' is visible

2023-07-03 18:45:59 - [MESSAGE][PASSED] - Object 'Object Repository/03-Header Menu/Hamburger Button/div_Directory' is visible

2023-07-03 18:45:59 - [TEST_STEP][PASSED] - verifyElementVisible(findTestObject("03-Header Menu/Hamburger Button/div_Operation"), CONTINUE_ON_FAILURE): Object 'Object Repository/03-Header Menu/Hamburger Button/div_Operation' is visible

2023-07-03 18:46:00 - [MESSAGE][PASSED] - Object 'Object Repository/03-Header Menu/Hamburger Button/div_Operation' is visible

2023-07-03 18:46:00 - [TEST_STEP][PASSED] - verifyElementVisible(findTestObject("03-Header Menu/Hamburger Button/div_Settings"), CONTINUE_ON_FAILURE): Object 'Object Repository/03-Header Menu/Hamburger Button/div_Settings' is visible

2023-07-03 18:46:00 - [MESSAGE][PASSED] - Object 'Object Repository/03-Header Menu/Hamburger Button/div_Settings' is visible

2023-07-03 18:46:00 - [TEST_STEP][PASSED] - verifyElementVisible(findTestObject("03-Header Menu/Hamburger Button/div_Open Video Conference"), STOP_ON_FAILURE): Object 'Object Repository/03-Header Menu/Hamburger Button/div_Open Video Conference' is visible

2023-07-03 18:46:00 - [MESSAGE][PASSED] - Object 'Object Repository/03-Header Menu/Hamburger Button/div_Open Video Conference' is visible

2023-07-03 18:46:00 - [TEST_STEP][PASSED] - verifyElementVisible(findTestObject("03-Header Menu/Hamburger Button/div_Cloud Files"), STOP_ON_FAILURE): Object 'Object Repository/03-Header Menu/Hamburger Button/div_Cloud Files' is visible

2023-07-03 18:46:01 - [MESSAGE][PASSED] - Object 'Object Repository/03-Header Menu/Hamburger Button/div_Cloud Files' is visible

2023-07-03 18:46:01 - [TEST_STEP][PASSED] - scrollToElement(findTestObject("03-Header Menu/Hamburger Button/div_ELSign"), 0): Scroll to object 'Object Repository/03-Header Menu/Hamburger Button/div_ELSign' successfully

2023-07-03 18:46:01 - [MESSAGE][WARNING] - Timeout '0' is invalid. Using default page load timeout: '30'

2023-07-03 18:46:01 - [MESSAGE][PASSED] - Scroll to object 'Object Repository/03-Header Menu/Hamburger Button/div_ELSign' successfully

2023-07-03 18:46:01 - [TEST_STEP][PASSED] - verifyElementVisible(findTestObject("03-Header Menu/Hamburger Button/div_ELSign"), STOP_ON_FAILURE): Object 'Object Repository/03-Header Menu/Hamburger Button/div_ELSign' is visible

2023-07-03 18:46:02 - [MESSAGE][PASSED] - Object 'Object Repository/03-Header Menu/Hamburger Button/div_ELSign' is visible

2023-07-03 18:46:02 - [TEST_STEP][PASSED] - verifyElementVisible(findTestObject("03-Header Menu/Hamburger Button/div_Income and Expense"), STOP_ON_FAILURE): Object 'Object Repository/03-Header Menu/Hamburger Button/div_Income and Expense' is visible

2023-07-03 18:46:02 - [MESSAGE][PASSED] - Object 'Object Repository/03-Header Menu/Hamburger Button/div_Income and Expense' is visible

2023-07-03 18:46:02 - [TEST_STEP][PASSED] - verifyElementVisible(findTestObject("03-Header Menu/Hamburger Button/div_ELNet"), CONTINUE_ON_FAILURE): Object 'Object Repository/03-Header Menu/Hamburger Button/div_ELNet' is visible

2023-07-03 18:46:02 - [MESSAGE][PASSED] - Object 'Object Repository/03-Header Menu/Hamburger Button/div_ELNet' is visible

2023-07-03 18:46:02 - [TEST_STEP][PASSED] - verifyElementVisible(findTestObject("03-Header Menu/Hamburger Button/div_Help"), STOP_ON_FAILURE): Object 'Object Repository/03-Header Menu/Hamburger Button/div_Help' is visible

2023-07-03 18:46:03 - [MESSAGE][PASSED] - Object 'Object Repository/03-Header Menu/Hamburger Button/div_Help' is visible

2023-07-03 18:46:03 - [TEST_STEP][PASSED] - scrollToElement(findTestObject("03-Header Menu/Hamburger Button/div_Dashboard"), 0): Scroll to object 'Object Repository/03-Header Menu/Hamburger Button/div_Dashboard' successfully

2023-07-03 18:46:03 - [MESSAGE][WARNING] - Timeout '0' is invalid. Using default page load timeout: '30'

2023-07-03 18:46:03 - [MESSAGE][PASSED] - Scroll to object 'Object Repository/03-Header Menu/Hamburger Button/div_Dashboard' successfully

2023-07-03 18:46:03 - [TEST_STEP][PASSED] - delay(delay_3seconds): Delayed 3 second(s)

2023-07-03 18:46:06 - [MESSAGE][PASSED] - Delayed 3 second(s)]]></system-out>
         <system-err><![CDATA[]]></system-err>
      </testcase>
      <testcase name="Test Cases/03-Header Menu/02- Language Selector" time="58.026" classname="Test Cases/03-Header Menu/02- Language Selector" status="PASSED">
         <system-out><![CDATA[2023-07-03 18:46:06 - [TEST_CASE][PASSED] - Test Cases/03-Header Menu/02- Language Selector: Test Cases/03-Header Menu/02- Language Selector

2023-07-03 18:46:06 - [TEST_STEP][PASSED] - click(findTestObject("03-Header Menu/Language/button_Language Selector")): Object: 'Object Repository/03-Header Menu/Language/button_Language Selector' is clicked on

2023-07-03 18:46:07 - [MESSAGE][PASSED] - Object: 'Object Repository/03-Header Menu/Language/button_Language Selector' is clicked on

2023-07-03 18:46:07 - [TEST_STEP][PASSED] - delay(delay_2seconds): Delayed 2 second(s)

2023-07-03 18:46:09 - [MESSAGE][PASSED] - Delayed 2 second(s)

2023-07-03 18:46:09 - [TEST_STEP][PASSED] - click(findTestObject("03-Header Menu/Language/button_chinese 1")): Object: 'Object Repository/03-Header Menu/Language/button_chinese 1' is clicked on

2023-07-03 18:46:09 - [MESSAGE][PASSED] - Object: 'Object Repository/03-Header Menu/Language/button_chinese 1' is clicked on

2023-07-03 18:46:09 - [TEST_STEP][PASSED] - delay(delay_2seconds): Delayed 2 second(s)

2023-07-03 18:46:11 - [MESSAGE][PASSED] - Delayed 2 second(s)

2023-07-03 18:46:11 - [TEST_STEP][PASSED] - verifyElementVisible(findTestObject("03-Header Menu/Language/Language Div/div_chinese1 dashboard")): Object 'Object Repository/03-Header Menu/Language/Language Div/div_chinese1 dashboard' is visible

2023-07-03 18:46:12 - [MESSAGE][PASSED] - Object 'Object Repository/03-Header Menu/Language/Language Div/div_chinese1 dashboard' is visible

2023-07-03 18:46:12 - [TEST_STEP][PASSED] - verifyElementVisible(findTestObject("03-Header Menu/Language/Language Div/div_chinese1 chat")): Object 'Object Repository/03-Header Menu/Language/Language Div/div_chinese1 chat' is visible

2023-07-03 18:46:12 - [MESSAGE][PASSED] - Object 'Object Repository/03-Header Menu/Language/Language Div/div_chinese1 chat' is visible

2023-07-03 18:46:12 - [TEST_STEP][PASSED] - verifyElementVisible(findTestObject("03-Header Menu/Language/Language Div/div_chinese1 teams")): Object 'Object Repository/03-Header Menu/Language/Language Div/div_chinese1 teams' is visible

2023-07-03 18:46:12 - [MESSAGE][PASSED] - Object 'Object Repository/03-Header Menu/Language/Language Div/div_chinese1 teams' is visible

2023-07-03 18:46:12 - [TEST_STEP][PASSED] - delay(delay_2seconds): Delayed 2 second(s)

2023-07-03 18:46:14 - [MESSAGE][PASSED] - Delayed 2 second(s)

2023-07-03 18:46:14 - [TEST_STEP][PASSED] - click(findTestObject("03-Header Menu/Language/button_Language Selector")): Object: 'Object Repository/03-Header Menu/Language/button_Language Selector' is clicked on

2023-07-03 18:46:16 - [MESSAGE][PASSED] - Object: 'Object Repository/03-Header Menu/Language/button_Language Selector' is clicked on

2023-07-03 18:46:16 - [TEST_STEP][PASSED] - delay(delay_2seconds): Delayed 2 second(s)

2023-07-03 18:46:18 - [MESSAGE][PASSED] - Delayed 2 second(s)

2023-07-03 18:46:18 - [TEST_STEP][PASSED] - click(findTestObject("03-Header Menu/Language/button_chinese 2")): Object: 'Object Repository/03-Header Menu/Language/button_chinese 2' is clicked on

2023-07-03 18:46:18 - [MESSAGE][PASSED] - Object: 'Object Repository/03-Header Menu/Language/button_chinese 2' is clicked on

2023-07-03 18:46:18 - [TEST_STEP][PASSED] - delay(delay_2seconds): Delayed 2 second(s)

2023-07-03 18:46:20 - [MESSAGE][PASSED] - Delayed 2 second(s)

2023-07-03 18:46:20 - [TEST_STEP][PASSED] - verifyElementVisible(findTestObject("03-Header Menu/Language/Language Div/div_chinese2 dashboard")): Object 'Object Repository/03-Header Menu/Language/Language Div/div_chinese2 dashboard' is visible

2023-07-03 18:46:21 - [MESSAGE][PASSED] - Object 'Object Repository/03-Header Menu/Language/Language Div/div_chinese2 dashboard' is visible

2023-07-03 18:46:21 - [TEST_STEP][PASSED] - verifyElementVisible(findTestObject("03-Header Menu/Language/Language Div/div_chinese2 chat")): Object 'Object Repository/03-Header Menu/Language/Language Div/div_chinese2 chat' is visible

2023-07-03 18:46:21 - [MESSAGE][PASSED] - Object 'Object Repository/03-Header Menu/Language/Language Div/div_chinese2 chat' is visible

2023-07-03 18:46:21 - [TEST_STEP][PASSED] - verifyElementVisible(findTestObject("03-Header Menu/Language/Language Div/div_chinese2 teams")): Object 'Object Repository/03-Header Menu/Language/Language Div/div_chinese2 teams' is visible

2023-07-03 18:46:22 - [MESSAGE][PASSED] - Object 'Object Repository/03-Header Menu/Language/Language Div/div_chinese2 teams' is visible

2023-07-03 18:46:22 - [TEST_STEP][PASSED] - delay(delay_2seconds): Delayed 2 second(s)

2023-07-03 18:46:24 - [MESSAGE][PASSED] - Delayed 2 second(s)

2023-07-03 18:46:24 - [TEST_STEP][PASSED] - click(findTestObject("03-Header Menu/Language/button_Language Selector")): Object: 'Object Repository/03-Header Menu/Language/button_Language Selector' is clicked on

2023-07-03 18:46:24 - [MESSAGE][PASSED] - Object: 'Object Repository/03-Header Menu/Language/button_Language Selector' is clicked on

2023-07-03 18:46:24 - [TEST_STEP][PASSED] - delay(delay_2seconds): Delayed 2 second(s)

2023-07-03 18:46:26 - [MESSAGE][PASSED] - Delayed 2 second(s)

2023-07-03 18:46:26 - [TEST_STEP][PASSED] - click(findTestObject("03-Header Menu/Language/button_chinese 3")): Object: 'Object Repository/03-Header Menu/Language/button_chinese 3' is clicked on

2023-07-03 18:46:27 - [MESSAGE][PASSED] - Object: 'Object Repository/03-Header Menu/Language/button_chinese 3' is clicked on

2023-07-03 18:46:27 - [TEST_STEP][PASSED] - delay(delay_2seconds): Delayed 2 second(s)

2023-07-03 18:46:29 - [MESSAGE][PASSED] - Delayed 2 second(s)

2023-07-03 18:46:29 - [TEST_STEP][PASSED] - verifyElementVisible(findTestObject("03-Header Menu/Language/Language Div/div_chinese3 dashboard")): Object 'Object Repository/03-Header Menu/Language/Language Div/div_chinese3 dashboard' is visible

2023-07-03 18:46:29 - [MESSAGE][PASSED] - Object 'Object Repository/03-Header Menu/Language/Language Div/div_chinese3 dashboard' is visible

2023-07-03 18:46:29 - [TEST_STEP][PASSED] - verifyElementVisible(findTestObject("03-Header Menu/Language/Language Div/div_chinese3 chat")): Object 'Object Repository/03-Header Menu/Language/Language Div/div_chinese3 chat' is visible

2023-07-03 18:46:30 - [MESSAGE][PASSED] - Object 'Object Repository/03-Header Menu/Language/Language Div/div_chinese3 chat' is visible

2023-07-03 18:46:30 - [TEST_STEP][PASSED] - verifyElementVisible(findTestObject("03-Header Menu/Language/Language Div/div_chinese3 teams")): Object 'Object Repository/03-Header Menu/Language/Language Div/div_chinese3 teams' is visible

2023-07-03 18:46:30 - [MESSAGE][PASSED] - Object 'Object Repository/03-Header Menu/Language/Language Div/div_chinese3 teams' is visible

2023-07-03 18:46:30 - [TEST_STEP][PASSED] - delay(delay_2seconds): Delayed 2 second(s)

2023-07-03 18:46:33 - [MESSAGE][PASSED] - Delayed 2 second(s)

2023-07-03 18:46:33 - [TEST_STEP][PASSED] - click(findTestObject("03-Header Menu/Language/button_Language Selector")): Object: 'Object Repository/03-Header Menu/Language/button_Language Selector' is clicked on

2023-07-03 18:46:33 - [MESSAGE][PASSED] - Object: 'Object Repository/03-Header Menu/Language/button_Language Selector' is clicked on

2023-07-03 18:46:33 - [TEST_STEP][PASSED] - delay(delay_2seconds): Delayed 2 second(s)

2023-07-03 18:46:35 - [MESSAGE][PASSED] - Delayed 2 second(s)

2023-07-03 18:46:35 - [TEST_STEP][PASSED] - click(findTestObject("03-Header Menu/Language/button_Espanol")): Object: 'Object Repository/03-Header Menu/Language/button_Espanol' is clicked on

2023-07-03 18:46:37 - [MESSAGE][PASSED] - Object: 'Object Repository/03-Header Menu/Language/button_Espanol' is clicked on

2023-07-03 18:46:37 - [TEST_STEP][PASSED] - delay(delay_2seconds): Delayed 2 second(s)

2023-07-03 18:46:39 - [MESSAGE][PASSED] - Delayed 2 second(s)

2023-07-03 18:46:39 - [TEST_STEP][PASSED] - verifyElementVisible(findTestObject("03-Header Menu/Language/Language Div/div_spanish_Panel")): Object 'Object Repository/03-Header Menu/Language/Language Div/div_spanish_Panel' is visible

2023-07-03 18:46:39 - [MESSAGE][PASSED] - Object 'Object Repository/03-Header Menu/Language/Language Div/div_spanish_Panel' is visible

2023-07-03 18:46:39 - [TEST_STEP][PASSED] - verifyElementVisible(findTestObject("03-Header Menu/Language/Language Div/div_spanish_Equipo")): Object 'Object Repository/03-Header Menu/Language/Language Div/div_spanish_Equipo' is visible

2023-07-03 18:46:40 - [MESSAGE][PASSED] - Object 'Object Repository/03-Header Menu/Language/Language Div/div_spanish_Equipo' is visible

2023-07-03 18:46:40 - [TEST_STEP][PASSED] - delay(delay_2seconds): Delayed 2 second(s)

2023-07-03 18:46:42 - [MESSAGE][PASSED] - Delayed 2 second(s)

2023-07-03 18:46:42 - [TEST_STEP][PASSED] - click(findTestObject("03-Header Menu/Language/button_Language Selector")): Object: 'Object Repository/03-Header Menu/Language/button_Language Selector' is clicked on

2023-07-03 18:46:42 - [MESSAGE][PASSED] - Object: 'Object Repository/03-Header Menu/Language/button_Language Selector' is clicked on

2023-07-03 18:46:42 - [TEST_STEP][PASSED] - delay(delay_2seconds): Delayed 2 second(s)

2023-07-03 18:46:44 - [MESSAGE][PASSED] - Delayed 2 second(s)

2023-07-03 18:46:44 - [TEST_STEP][PASSED] - click(findTestObject("03-Header Menu/Language/button_Italiano")): Object: 'Object Repository/03-Header Menu/Language/button_Italiano' is clicked on

2023-07-03 18:46:45 - [MESSAGE][PASSED] - Object: 'Object Repository/03-Header Menu/Language/button_Italiano' is clicked on

2023-07-03 18:46:45 - [TEST_STEP][PASSED] - delay(delay_10seconds): Delayed 10 second(s)

2023-07-03 18:46:55 - [MESSAGE][PASSED] - Delayed 10 second(s)

2023-07-03 18:46:55 - [TEST_STEP][PASSED] - verifyElementVisible(findTestObject("03-Header Menu/Language/Language Div/div_Pannello di controllo")): Object 'Object Repository/03-Header Menu/Language/Language Div/div_Pannello di controllo' is visible

2023-07-03 18:46:55 - [MESSAGE][PASSED] - Object 'Object Repository/03-Header Menu/Language/Language Div/div_Pannello di controllo' is visible

2023-07-03 18:46:55 - [TEST_STEP][PASSED] - verifyElementVisible(findTestObject("03-Header Menu/Language/Language Div/div_Impostazioni"), CONTINUE_ON_FAILURE): Object 'Object Repository/03-Header Menu/Language/Language Div/div_Impostazioni' is visible

2023-07-03 18:46:56 - [MESSAGE][PASSED] - Object 'Object Repository/03-Header Menu/Language/Language Div/div_Impostazioni' is visible

2023-07-03 18:46:56 - [TEST_STEP][PASSED] - click(findTestObject("03-Header Menu/Language/button_Language Selector")): Object: 'Object Repository/03-Header Menu/Language/button_Language Selector' is clicked on

2023-07-03 18:46:57 - [MESSAGE][PASSED] - Object: 'Object Repository/03-Header Menu/Language/button_Language Selector' is clicked on

2023-07-03 18:46:57 - [TEST_STEP][PASSED] - delay(delay_2seconds): Delayed 2 second(s)

2023-07-03 18:46:59 - [MESSAGE][PASSED] - Delayed 2 second(s)

2023-07-03 18:46:59 - [TEST_STEP][PASSED] - click(findTestObject("03-Header Menu/Language/button_English")): Object: 'Object Repository/03-Header Menu/Language/button_English' is clicked on

2023-07-03 18:46:59 - [MESSAGE][PASSED] - Object: 'Object Repository/03-Header Menu/Language/button_English' is clicked on

2023-07-03 18:46:59 - [TEST_STEP][PASSED] - delay(delay_2seconds): Delayed 2 second(s)

2023-07-03 18:47:01 - [MESSAGE][PASSED] - Delayed 2 second(s)

2023-07-03 18:47:01 - [TEST_STEP][PASSED] - verifyElementVisible(findTestObject("03-Header Menu/Language/Language Div/div_Dashboard")): Object 'Object Repository/03-Header Menu/Language/Language Div/div_Dashboard' is visible

2023-07-03 18:47:02 - [MESSAGE][PASSED] - Object 'Object Repository/03-Header Menu/Language/Language Div/div_Dashboard' is visible

2023-07-03 18:47:02 - [TEST_STEP][PASSED] - verifyElementVisible(findTestObject("03-Header Menu/Language/Language Div/div_Teams")): Object 'Object Repository/03-Header Menu/Language/Language Div/div_Teams' is visible

2023-07-03 18:47:02 - [MESSAGE][PASSED] - Object 'Object Repository/03-Header Menu/Language/Language Div/div_Teams' is visible

2023-07-03 18:47:02 - [TEST_STEP][PASSED] - delay(delay_2seconds): Delayed 2 second(s)

2023-07-03 18:47:04 - [MESSAGE][PASSED] - Delayed 2 second(s)]]></system-out>
         <system-err><![CDATA[]]></system-err>
      </testcase>
      <testcase name="Test Cases/03-Header Menu/03- Users Profile menu and notification button" time="17.057" classname="Test Cases/03-Header Menu/03- Users Profile menu and notification button" status="PASSED">
         <system-out><![CDATA[2023-07-03 18:47:04 - [TEST_CASE][PASSED] - Test Cases/03-Header Menu/03- Users Profile menu and notification button: Test Cases/03-Header Menu/03- Users Profile menu and notification button

2023-07-03 18:47:04 - [TEST_STEP][PASSED] - click(findTestObject("03-Header Menu/User Profile/Users Profile menu and notification button/button_notification bell"), CONTINUE_ON_FAILURE): Object: 'Object Repository/03-Header Menu/User Profile/Users Profile menu and notification button/button_notification bell' is clicked on

2023-07-03 18:47:05 - [MESSAGE][PASSED] - Object: 'Object Repository/03-Header Menu/User Profile/Users Profile menu and notification button/button_notification bell' is clicked on

2023-07-03 18:47:05 - [TEST_STEP][PASSED] - delay(delay_2seconds): Delayed 2 second(s)

2023-07-03 18:47:07 - [MESSAGE][PASSED] - Delayed 2 second(s)

2023-07-03 18:47:07 - [TEST_STEP][PASSED] - verifyElementVisible(findTestObject("03-Header Menu/User Profile/Users Profile menu and notification button/div_notification modal"), CONTINUE_ON_FAILURE): Object 'Object Repository/03-Header Menu/User Profile/Users Profile menu and notification button/div_notification modal' is visible

2023-07-03 18:47:07 - [MESSAGE][PASSED] - Object 'Object Repository/03-Header Menu/User Profile/Users Profile menu and notification button/div_notification modal' is visible

2023-07-03 18:47:07 - [TEST_STEP][PASSED] - delay(delay_2seconds): Delayed 2 second(s)

2023-07-03 18:47:09 - [MESSAGE][PASSED] - Delayed 2 second(s)

2023-07-03 18:47:09 - [TEST_STEP][PASSED] - clickOffset(findTestObject("03-Header Menu/User Profile/Users Profile menu and notification button/div_notification modal"), 100, 100, CONTINUE_ON_FAILURE): Object: 'Object Repository/03-Header Menu/User Profile/Users Profile menu and notification button/div_notification modal' is clicked on using offset x=100 and y=100

2023-07-03 18:47:10 - [MESSAGE][PASSED] - Object: 'Object Repository/03-Header Menu/User Profile/Users Profile menu and notification button/div_notification modal' is clicked on using offset x=100 and y=100

2023-07-03 18:47:10 - [TEST_STEP][PASSED] - click(findTestObject("03-Header Menu/User Profile/Users Profile menu and notification button/div_User drop down menu button")): Object: 'Object Repository/03-Header Menu/User Profile/Users Profile menu and notification button/div_User drop down menu button' is clicked on

2023-07-03 18:47:11 - [MESSAGE][PASSED] - Object: 'Object Repository/03-Header Menu/User Profile/Users Profile menu and notification button/div_User drop down menu button' is clicked on

2023-07-03 18:47:11 - [TEST_STEP][PASSED] - delay(delay_1second): Delayed 1 second(s)

2023-07-03 18:47:12 - [MESSAGE][PASSED] - Delayed 1 second(s)

2023-07-03 18:47:12 - [TEST_STEP][PASSED] - verifyElementVisible(findTestObject("03-Header Menu/User Profile/Users Profile menu and notification button/h4_View Profile")): Object 'Object Repository/03-Header Menu/User Profile/Users Profile menu and notification button/h4_View Profile' is visible

2023-07-03 18:47:12 - [MESSAGE][PASSED] - Object 'Object Repository/03-Header Menu/User Profile/Users Profile menu and notification button/h4_View Profile' is visible

2023-07-03 18:47:12 - [TEST_STEP][PASSED] - verifyElementVisible(findTestObject("03-Header Menu/User Profile/Users Profile menu and notification button/h4_Change Password")): Object 'Object Repository/03-Header Menu/User Profile/Users Profile menu and notification button/h4_Change Password' is visible

2023-07-03 18:47:12 - [MESSAGE][PASSED] - Object 'Object Repository/03-Header Menu/User Profile/Users Profile menu and notification button/h4_Change Password' is visible

2023-07-03 18:47:12 - [TEST_STEP][PASSED] - verifyElementVisible(findTestObject("03-Header Menu/User Profile/Users Profile menu and notification button/h4_Sign Out")): Object 'Object Repository/03-Header Menu/User Profile/Users Profile menu and notification button/h4_Sign Out' is visible

2023-07-03 18:47:13 - [MESSAGE][PASSED] - Object 'Object Repository/03-Header Menu/User Profile/Users Profile menu and notification button/h4_Sign Out' is visible

2023-07-03 18:47:13 - [TEST_STEP][PASSED] - delay(delay_2seconds): Delayed 2 second(s)

2023-07-03 18:47:15 - [MESSAGE][PASSED] - Delayed 2 second(s)

2023-07-03 18:47:15 - [TEST_STEP][PASSED] - click(findTestObject("03-Header Menu/User Profile/Users Profile menu and notification button/h4_Sign Out")): Object: 'Object Repository/03-Header Menu/User Profile/Users Profile menu and notification button/h4_Sign Out' is clicked on

2023-07-03 18:47:15 - [MESSAGE][PASSED] - Object: 'Object Repository/03-Header Menu/User Profile/Users Profile menu and notification button/h4_Sign Out' is clicked on

2023-07-03 18:47:15 - [TEST_STEP][PASSED] - verifyElementVisible(findTestObject("03-Header Menu/User Profile/Users Profile menu and notification button/Login card")): Object 'Object Repository/03-Header Menu/User Profile/Users Profile menu and notification button/Login card' is visible

2023-07-03 18:47:17 - [MESSAGE][PASSED] - Object 'Object Repository/03-Header Menu/User Profile/Users Profile menu and notification button/Login card' is visible

2023-07-03 18:47:17 - [TEST_STEP][PASSED] - delay(delay_2seconds): Delayed 2 second(s)

2023-07-03 18:47:19 - [MESSAGE][PASSED] - Delayed 2 second(s)

2023-07-03 18:47:19 - [TEST_STEP][PASSED] - closeBrowser(): Browser is closed

2023-07-03 18:47:21 - [MESSAGE][PASSED] - Browser is closed]]></system-out>
         <system-err><![CDATA[]]></system-err>
      </testcase>
      <testcase name="Test Cases/03-Header Menu/04- View Profile" time="72.957" classname="Test Cases/03-Header Menu/04- View Profile" status="PASSED">
         <system-out><![CDATA[2023-07-03 18:47:21 - [TEST_CASE][PASSED] - Test Cases/03-Header Menu/04- View Profile: Test Cases/03-Header Menu/04- View Profile

2023-07-03 18:47:21 - [TEST_STEP][PASSED] - openBrowser(""): Browser is opened with url: ''

2023-07-03 18:47:22 - [MESSAGE][INFO] - Starting 'Chrome' driver

2023-07-03 18:47:22 - [MESSAGE][INFO] - User set preference: ['args', '[--disable-web-security, --ignore-certificate-errors, --no-first-run, --disable-gpu]']

2023-07-03 18:47:22 - [MESSAGE][INFO] - Action delay is set to 0 milliseconds

2023-07-03 18:47:23 - [MESSAGE][PASSED] - Browser is opened with url: ''

2023-07-03 18:47:23 - [TEST_STEP][PASSED] - navigateToUrl(appURL): Navigate to 'https://lab.everleagues.com/login' successfully

2023-07-03 18:47:35 - [MESSAGE][PASSED] - Navigate to 'https://lab.everleagues.com/login' successfully

2023-07-03 18:47:35 - [TEST_STEP][PASSED] - maximizeWindow(): Current window maximized

2023-07-03 18:47:35 - [MESSAGE][PASSED] - Current window maximized

2023-07-03 18:47:35 - [TEST_STEP][PASSED] - callTestCase(findTestCase("01-Login and Forgot Password/04-Login(Valid Credentials-With Subscription)"), [:], STOP_ON_FAILURE): Call Test Case 'Test Cases/01-Login and Forgot Password/04-Login(Valid Credentials-With Subscription)' successfully

2023-07-03 18:47:35 - [TEST_CASE][PASSED] - Test Cases/01-Login and Forgot Password/04-Login(Valid Credentials-With Subscription): Test Cases/01-Login and Forgot Password/04-Login(Valid Credentials-With Subscription)

2023-07-03 18:47:35 - [TEST_STEP][PASSED] - setText(findTestObject("01-Login and Forgot Password/input_Email_email"), email_with_subscription): Text 'testuser05@mailinator.com' is set on object 'Object Repository/01-Login and Forgot Password/input_Email_email'

2023-07-03 18:47:36 - [MESSAGE][PASSED] - Text 'testuser05@mailinator.com' is set on object 'Object Repository/01-Login and Forgot Password/input_Email_email'

2023-07-03 18:47:36 - [TEST_STEP][PASSED] - setEncryptedText(findTestObject("01-Login and Forgot Password/input_Email_password"), password): Text ****** has been set on object 'Object Repository/01-Login and Forgot Password/input_Email_password'

2023-07-03 18:47:37 - [MESSAGE][PASSED] - Text ****** has been set on object 'Object Repository/01-Login and Forgot Password/input_Email_password'

2023-07-03 18:47:37 - [TEST_STEP][PASSED] - delay(delay_2seconds): Delayed 2 second(s)

2023-07-03 18:47:39 - [MESSAGE][PASSED] - Delayed 2 second(s)

2023-07-03 18:47:39 - [TEST_STEP][PASSED] - click(findTestObject("01-Login and Forgot Password/show pass button")): Object: 'Object Repository/01-Login and Forgot Password/show pass button' is clicked on

2023-07-03 18:47:39 - [MESSAGE][PASSED] - Object: 'Object Repository/01-Login and Forgot Password/show pass button' is clicked on

2023-07-03 18:47:39 - [TEST_STEP][PASSED] - delay(delay_3seconds): Delayed 3 second(s)

2023-07-03 18:47:42 - [MESSAGE][PASSED] - Delayed 3 second(s)

2023-07-03 18:47:42 - [TEST_STEP][PASSED] - click(findTestObject("01-Login and Forgot Password/button_Sign in")): Object: 'Object Repository/01-Login and Forgot Password/button_Sign in' is clicked on

2023-07-03 18:47:43 - [MESSAGE][PASSED] - Object: 'Object Repository/01-Login and Forgot Password/button_Sign in' is clicked on

2023-07-03 18:47:43 - [TEST_STEP][PASSED] - delay(delay_3seconds): Delayed 3 second(s)

2023-07-03 18:47:46 - [MESSAGE][PASSED] - Delayed 3 second(s)

2023-07-03 18:47:46 - [TEST_STEP][PASSED] - click(findTestObject("06-Teams/For 2FA/button_Confirm_2FA")): Object: 'Object Repository/06-Teams/For 2FA/button_Confirm_2FA' is clicked on

2023-07-03 18:47:46 - [MESSAGE][PASSED] - Object: 'Object Repository/06-Teams/For 2FA/button_Confirm_2FA' is clicked on

2023-07-03 18:47:46 - [TEST_STEP][PASSED] - executeJavaScript("window.open();", []): Execute JavaScript 'window.open();' successfully

2023-07-03 18:47:47 - [MESSAGE][PASSED] - Execute JavaScript 'window.open();' successfully

2023-07-03 18:47:47 - [TEST_STEP][PASSED] - currentWindow = getWindowIndex(): Current window's index is: 0

2023-07-03 18:47:47 - [MESSAGE][PASSED] - Current window's index is: 0

2023-07-03 18:47:47 - [TEST_STEP][PASSED] - delay(delay_3seconds): Delayed 3 second(s)

2023-07-03 18:47:50 - [MESSAGE][PASSED] - Delayed 3 second(s)

2023-07-03 18:47:50 - [TEST_STEP][PASSED] - switchToWindowIndex(currentWindow + 1): Switched to window with index: '1'

2023-07-03 18:47:50 - [MESSAGE][PASSED] - Switched to window with index: '1'

2023-07-03 18:47:50 - [TEST_STEP][PASSED] - navigateToUrl(app_mailinator): Navigate to 'https://www.mailinator.com/' successfully

2023-07-03 18:47:54 - [MESSAGE][PASSED] - Navigate to 'https://www.mailinator.com/' successfully

2023-07-03 18:47:54 - [TEST_STEP][PASSED] - delay(delay_3seconds): Delayed 3 second(s)

2023-07-03 18:47:57 - [MESSAGE][PASSED] - Delayed 3 second(s)

2023-07-03 18:47:57 - [TEST_STEP][PASSED] - setText(findTestObject("00-Signup and Activation/zMailinator/input_LOGIN_search"), email_for_searchmailinator_testuser05): Text 'testuser05@mailinator.com' is set on object 'Object Repository/00-Signup and Activation/zMailinator/input_LOGIN_search'

2023-07-03 18:47:57 - [MESSAGE][PASSED] - Text 'testuser05@mailinator.com' is set on object 'Object Repository/00-Signup and Activation/zMailinator/input_LOGIN_search'

2023-07-03 18:47:57 - [TEST_STEP][PASSED] - click(findTestObject("00-Signup and Activation/zMailinator/gobutton"), STOP_ON_FAILURE): Object: 'Object Repository/00-Signup and Activation/zMailinator/gobutton' is clicked on

2023-07-03 18:48:00 - [MESSAGE][PASSED] - Object: 'Object Repository/00-Signup and Activation/zMailinator/gobutton' is clicked on

2023-07-03 18:48:00 - [TEST_STEP][PASSED] - delay(delay_3seconds): Delayed 3 second(s)

2023-07-03 18:48:03 - [MESSAGE][PASSED] - Delayed 3 second(s)

2023-07-03 18:48:03 - [TEST_STEP][PASSED] - click(findTestObject("00-Signup and Activation/zMailinator/Email - everleagues")): Object: 'Object Repository/00-Signup and Activation/zMailinator/Email - everleagues' is clicked on

2023-07-03 18:48:04 - [MESSAGE][PASSED] - Object: 'Object Repository/00-Signup and Activation/zMailinator/Email - everleagues' is clicked on

2023-07-03 18:48:04 - [TEST_STEP][PASSED] - delay(delay_3seconds): Delayed 3 second(s)

2023-07-03 18:48:07 - [MESSAGE][PASSED] - Delayed 3 second(s)

2023-07-03 18:48:07 - [TEST_STEP][PASSED] - code = getText(findTestObject("Object Repository/06-Teams/For 2FA/2FA code")): Text of object 'Object Repository/06-Teams/For 2FA/2FA code' is: '146227'

2023-07-03 18:48:07 - [MESSAGE][PASSED] - Text of object 'Object Repository/06-Teams/For 2FA/2FA code' is: '146227'

2023-07-03 18:48:07 - [TEST_STEP][PASSED] - delay(delay_3seconds): Delayed 3 second(s)

2023-07-03 18:48:10 - [MESSAGE][PASSED] - Delayed 3 second(s)

2023-07-03 18:48:10 - [TEST_STEP][PASSED] - closeWindowTitle("Mailinator"): Window with title: 'Mailinator' is closed

2023-07-03 18:48:10 - [MESSAGE][PASSED] - Window with title: 'Mailinator' is closed

2023-07-03 18:48:10 - [TEST_STEP][PASSED] - delay(delay_3seconds): Delayed 3 second(s)

2023-07-03 18:48:13 - [MESSAGE][PASSED] - Delayed 3 second(s)

2023-07-03 18:48:13 - [TEST_STEP][PASSED] - switchToWindowIndex(0): Switched to window with index: '0'

2023-07-03 18:48:13 - [MESSAGE][PASSED] - Switched to window with index: '0'

2023-07-03 18:48:13 - [TEST_STEP][PASSED] - delay(delay_3seconds): Delayed 3 second(s)

2023-07-03 18:48:16 - [MESSAGE][PASSED] - Delayed 3 second(s)

2023-07-03 18:48:16 - [TEST_STEP][PASSED] - setText(findTestObject("Object Repository/06-Teams/For 2FA/input_Enter verification code_code"), code): Text '146227' is set on object 'Object Repository/06-Teams/For 2FA/input_Enter verification code_code'

2023-07-03 18:48:18 - [MESSAGE][PASSED] - Text '146227' is set on object 'Object Repository/06-Teams/For 2FA/input_Enter verification code_code'

2023-07-03 18:48:18 - [TEST_STEP][PASSED] - delay(delay_3seconds): Delayed 3 second(s)

2023-07-03 18:48:21 - [MESSAGE][PASSED] - Delayed 3 second(s)

2023-07-03 18:48:21 - [TEST_STEP][PASSED] - click(findTestObject("06-Teams/For 2FA/button_Verify_2FA")): Object: 'Object Repository/06-Teams/For 2FA/button_Verify_2FA' is clicked on

2023-07-03 18:48:21 - [MESSAGE][PASSED] - Object: 'Object Repository/06-Teams/For 2FA/button_Verify_2FA' is clicked on

2023-07-03 18:48:21 - [TEST_STEP][PASSED] - delay(delay_3seconds): Delayed 3 second(s)

2023-07-03 18:48:24 - [MESSAGE][PASSED] - Delayed 3 second(s)

2023-07-03 18:48:24 - [MESSAGE][PASSED] - Call Test Case 'Test Cases/01-Login and Forgot Password/04-Login(Valid Credentials-With Subscription)' successfully

2023-07-03 18:48:24 - [TEST_STEP][PASSED] - click(findTestObject("03-Header Menu/User Profile/Users Profile menu and notification button/div_User drop down menu button")): Object: 'Object Repository/03-Header Menu/User Profile/Users Profile menu and notification button/div_User drop down menu button' is clicked on

2023-07-03 18:48:26 - [MESSAGE][PASSED] - Object: 'Object Repository/03-Header Menu/User Profile/Users Profile menu and notification button/div_User drop down menu button' is clicked on

2023-07-03 18:48:26 - [TEST_STEP][PASSED] - delay(delay_1second): Delayed 1 second(s)

2023-07-03 18:48:27 - [MESSAGE][PASSED] - Delayed 1 second(s)

2023-07-03 18:48:27 - [TEST_STEP][PASSED] - click(findTestObject("03-Header Menu/User Profile/Users Profile menu and notification button/h4_View Profile")): Object: 'Object Repository/03-Header Menu/User Profile/Users Profile menu and notification button/h4_View Profile' is clicked on

2023-07-03 18:48:28 - [MESSAGE][PASSED] - Object: 'Object Repository/03-Header Menu/User Profile/Users Profile menu and notification button/h4_View Profile' is clicked on

2023-07-03 18:48:28 - [TEST_STEP][PASSED] - delay(delay_2seconds): Delayed 2 second(s)

2023-07-03 18:48:30 - [MESSAGE][PASSED] - Delayed 2 second(s)

2023-07-03 18:48:30 - [TEST_STEP][PASSED] - verifyElementVisible(findTestObject("03-Header Menu/User Profile/View Profile/div_Contact Info")): Object 'Object Repository/03-Header Menu/User Profile/View Profile/div_Contact Info' is visible

2023-07-03 18:48:30 - [MESSAGE][PASSED] - Object 'Object Repository/03-Header Menu/User Profile/View Profile/div_Contact Info' is visible

2023-07-03 18:48:30 - [TEST_STEP][PASSED] - verifyElementVisible(findTestObject("03-Header Menu/User Profile/View Profile/div_Profile")): Object 'Object Repository/03-Header Menu/User Profile/View Profile/div_Profile' is visible

2023-07-03 18:48:31 - [MESSAGE][PASSED] - Object 'Object Repository/03-Header Menu/User Profile/View Profile/div_Profile' is visible

2023-07-03 18:48:31 - [TEST_STEP][PASSED] - verifyElementVisible(findTestObject("03-Header Menu/User Profile/View Profile/div_Security")): Object 'Object Repository/03-Header Menu/User Profile/View Profile/div_Security' is visible

2023-07-03 18:48:31 - [MESSAGE][PASSED] - Object 'Object Repository/03-Header Menu/User Profile/View Profile/div_Security' is visible

2023-07-03 18:48:31 - [TEST_STEP][PASSED] - verifyElementVisible(findTestObject("03-Header Menu/User Profile/View Profile/div_Settings")): Object 'Object Repository/03-Header Menu/User Profile/View Profile/div_Settings' is visible

2023-07-03 18:48:32 - [MESSAGE][PASSED] - Object 'Object Repository/03-Header Menu/User Profile/View Profile/div_Settings' is visible

2023-07-03 18:48:32 - [TEST_STEP][PASSED] - delay(delay_2seconds): Delayed 2 second(s)

2023-07-03 18:48:34 - [MESSAGE][PASSED] - Delayed 2 second(s)]]></system-out>
         <system-err><![CDATA[]]></system-err>
      </testcase>
      <testcase name="Test Cases/03-Header Menu/05 - Edit Profile Tab (No changes made)" time="7.734" classname="Test Cases/03-Header Menu/05 - Edit Profile Tab (No changes made)" status="PASSED">
         <system-out><![CDATA[2023-07-03 18:48:34 - [TEST_CASE][PASSED] - Test Cases/03-Header Menu/05 - Edit Profile Tab (No changes made): Test Cases/03-Header Menu/05 - Edit Profile Tab (No changes made)

2023-07-03 18:48:34 - [TEST_STEP][PASSED] - mouseOver(findTestObject("03-Header Menu/User Profile/View Profile/Profile Tab/img tray")): Object: 'Object Repository/03-Header Menu/User Profile/View Profile/Profile Tab/img tray' is hovered

2023-07-03 18:48:35 - [MESSAGE][PASSED] - Object: 'Object Repository/03-Header Menu/User Profile/View Profile/Profile Tab/img tray' is hovered

2023-07-03 18:48:35 - [TEST_STEP][PASSED] - click(findTestObject("03-Header Menu/User Profile/View Profile/Profile Tab/Upload Icon")): Object: 'Object Repository/03-Header Menu/User Profile/View Profile/Profile Tab/Upload Icon' is clicked on

2023-07-03 18:48:35 - [MESSAGE][PASSED] - Object: 'Object Repository/03-Header Menu/User Profile/View Profile/Profile Tab/Upload Icon' is clicked on

2023-07-03 18:48:36 - [TEST_STEP][PASSED] - delay(delay_2seconds): Delayed 2 second(s)

2023-07-03 18:48:38 - [MESSAGE][PASSED] - Delayed 2 second(s)

2023-07-03 18:48:38 - [TEST_STEP][PASSED] - verifyElementVisible(findTestObject("03-Header Menu/User Profile/View Profile/Profile Tab/Upload User Image modal")): Object 'Object Repository/03-Header Menu/User Profile/View Profile/Profile Tab/Upload User Image modal' is visible

2023-07-03 18:48:38 - [MESSAGE][PASSED] - Object 'Object Repository/03-Header Menu/User Profile/View Profile/Profile Tab/Upload User Image modal' is visible

2023-07-03 18:48:38 - [TEST_STEP][PASSED] - verifyElementNotClickable(findTestObject("03-Header Menu/User Profile/View Profile/Profile Tab/button_Upload Image")): Object 'Object Repository/03-Header Menu/User Profile/View Profile/Profile Tab/button_Upload Image' is NOT clickable

2023-07-03 18:48:38 - [MESSAGE][PASSED] - Object 'Object Repository/03-Header Menu/User Profile/View Profile/Profile Tab/button_Upload Image' is NOT clickable

2023-07-03 18:48:38 - [TEST_STEP][PASSED] - delay(delay_1second): Delayed 1 second(s)

2023-07-03 18:48:39 - [MESSAGE][PASSED] - Delayed 1 second(s)

2023-07-03 18:48:39 - [TEST_STEP][PASSED] - click(findTestObject("03-Header Menu/User Profile/View Profile/Profile Tab/button_Cancel")): Object: 'Object Repository/03-Header Menu/User Profile/View Profile/Profile Tab/button_Cancel' is clicked on

2023-07-03 18:48:40 - [MESSAGE][PASSED] - Object: 'Object Repository/03-Header Menu/User Profile/View Profile/Profile Tab/button_Cancel' is clicked on

2023-07-03 18:48:40 - [TEST_STEP][PASSED] - delay(delay_2seconds): Delayed 2 second(s)

2023-07-03 18:48:42 - [MESSAGE][PASSED] - Delayed 2 second(s)]]></system-out>
         <system-err><![CDATA[]]></system-err>
      </testcase>
      <testcase name="Test Cases/03-Header Menu/06- Edit Profile Tab (with changes)" time="32.844" classname="Test Cases/03-Header Menu/06- Edit Profile Tab (with changes)" status="PASSED">
         <system-out><![CDATA[2023-07-03 18:48:42 - [TEST_CASE][PASSED] - Test Cases/03-Header Menu/06- Edit Profile Tab (with changes): Test Cases/03-Header Menu/06- Edit Profile Tab (with changes)

2023-07-03 18:48:42 - [TEST_STEP][PASSED] - delay(delay_3seconds): Delayed 3 second(s)

2023-07-03 18:48:45 - [MESSAGE][PASSED] - Delayed 3 second(s)

2023-07-03 18:48:45 - [TEST_STEP][PASSED] - setText(findTestObject("03-Header Menu/User Profile/View Profile/Profile Tab/input_FirstName"), first_name): Text 'THIS IS' is set on object 'Object Repository/03-Header Menu/User Profile/View Profile/Profile Tab/input_FirstName'

2023-07-03 18:48:46 - [MESSAGE][PASSED] - Text 'THIS IS' is set on object 'Object Repository/03-Header Menu/User Profile/View Profile/Profile Tab/input_FirstName'

2023-07-03 18:48:46 - [TEST_STEP][PASSED] - setText(findTestObject("03-Header Menu/User Profile/View Profile/Profile Tab/input_LastName"), last_name): Text 'AUTOMATION' is set on object 'Object Repository/03-Header Menu/User Profile/View Profile/Profile Tab/input_LastName'

2023-07-03 18:48:47 - [MESSAGE][PASSED] - Text 'AUTOMATION' is set on object 'Object Repository/03-Header Menu/User Profile/View Profile/Profile Tab/input_LastName'

2023-07-03 18:48:47 - [TEST_STEP][PASSED] - delay(delay_2seconds): Delayed 2 second(s)

2023-07-03 18:48:49 - [MESSAGE][PASSED] - Delayed 2 second(s)

2023-07-03 18:48:49 - [TEST_STEP][PASSED] - click(findTestObject("03-Header Menu/User Profile/View Profile/Profile Tab/button_Save")): Object: 'Object Repository/03-Header Menu/User Profile/View Profile/Profile Tab/button_Save' is clicked on

2023-07-03 18:48:50 - [MESSAGE][PASSED] - Object: 'Object Repository/03-Header Menu/User Profile/View Profile/Profile Tab/button_Save' is clicked on

2023-07-03 18:48:50 - [TEST_STEP][PASSED] - verifyElementVisible(findTestObject("03-Header Menu/User Profile/View Profile/Profile Tab/success msg")): Object 'Object Repository/03-Header Menu/User Profile/View Profile/Profile Tab/success msg' is visible

2023-07-03 18:48:51 - [MESSAGE][PASSED] - Object 'Object Repository/03-Header Menu/User Profile/View Profile/Profile Tab/success msg' is visible

2023-07-03 18:48:51 - [TEST_STEP][PASSED] - delay(delay_2seconds): Delayed 2 second(s)

2023-07-03 18:48:53 - [MESSAGE][PASSED] - Delayed 2 second(s)

2023-07-03 18:48:53 - [TEST_STEP][PASSED] - setText(findTestObject("03-Header Menu/User Profile/View Profile/Profile Tab/input_FirstName"), first_name1): Text 'GG' is set on object 'Object Repository/03-Header Menu/User Profile/View Profile/Profile Tab/input_FirstName'

2023-07-03 18:48:54 - [MESSAGE][PASSED] - Text 'GG' is set on object 'Object Repository/03-Header Menu/User Profile/View Profile/Profile Tab/input_FirstName'

2023-07-03 18:48:54 - [TEST_STEP][PASSED] - setText(findTestObject("03-Header Menu/User Profile/View Profile/Profile Tab/input_LastName"), last_name1): Text 'TESTER' is set on object 'Object Repository/03-Header Menu/User Profile/View Profile/Profile Tab/input_LastName'

2023-07-03 18:48:55 - [MESSAGE][PASSED] - Text 'TESTER' is set on object 'Object Repository/03-Header Menu/User Profile/View Profile/Profile Tab/input_LastName'

2023-07-03 18:48:55 - [TEST_STEP][PASSED] - delay(delay_2seconds): Delayed 2 second(s)

2023-07-03 18:48:57 - [MESSAGE][PASSED] - Delayed 2 second(s)

2023-07-03 18:48:57 - [TEST_STEP][PASSED] - click(findTestObject("03-Header Menu/User Profile/View Profile/Profile Tab/button_Save")): Object: 'Object Repository/03-Header Menu/User Profile/View Profile/Profile Tab/button_Save' is clicked on

2023-07-03 18:48:58 - [MESSAGE][PASSED] - Object: 'Object Repository/03-Header Menu/User Profile/View Profile/Profile Tab/button_Save' is clicked on

2023-07-03 18:48:58 - [TEST_STEP][PASSED] - verifyElementVisible(findTestObject("03-Header Menu/User Profile/View Profile/Profile Tab/success msg")): Object 'Object Repository/03-Header Menu/User Profile/View Profile/Profile Tab/success msg' is visible

2023-07-03 18:48:59 - [MESSAGE][PASSED] - Object 'Object Repository/03-Header Menu/User Profile/View Profile/Profile Tab/success msg' is visible

2023-07-03 18:48:59 - [TEST_STEP][PASSED] - delay(delay_2seconds): Delayed 2 second(s)

2023-07-03 18:49:01 - [MESSAGE][PASSED] - Delayed 2 second(s)

2023-07-03 18:49:01 - [TEST_STEP][PASSED] - mouseOver(findTestObject("03-Header Menu/User Profile/View Profile/Profile Tab/img tray")): Object: 'Object Repository/03-Header Menu/User Profile/View Profile/Profile Tab/img tray' is hovered

2023-07-03 18:49:01 - [MESSAGE][PASSED] - Object: 'Object Repository/03-Header Menu/User Profile/View Profile/Profile Tab/img tray' is hovered

2023-07-03 18:49:01 - [TEST_STEP][PASSED] - click(findTestObject("03-Header Menu/User Profile/View Profile/Profile Tab/Upload Icon")): Object: 'Object Repository/03-Header Menu/User Profile/View Profile/Profile Tab/Upload Icon' is clicked on

2023-07-03 18:49:03 - [MESSAGE][PASSED] - Object: 'Object Repository/03-Header Menu/User Profile/View Profile/Profile Tab/Upload Icon' is clicked on

2023-07-03 18:49:03 - [TEST_STEP][PASSED] - uploadpackage.Upload.uploadFile(findTestObject("Object Repository/03-Header Menu/User Profile/View Profile/Profile Tab/button_folderBrowse"), upload_file): uploadpackage.Upload.uploadFile is PASSED

2023-07-03 18:49:04 - [MESSAGE][PASSED] - Object: 'Object Repository/03-Header Menu/User Profile/View Profile/Profile Tab/button_folderBrowse' is clicked on

2023-07-03 18:49:07 - [MESSAGE][PASSED] - uploadpackage.Upload.uploadFile is PASSED

2023-07-03 18:49:07 - [TEST_STEP][PASSED] - delay(delay_2seconds): Delayed 2 second(s)

2023-07-03 18:49:09 - [MESSAGE][PASSED] - Delayed 2 second(s)

2023-07-03 18:49:09 - [TEST_STEP][PASSED] - click(findTestObject("03-Header Menu/User Profile/View Profile/Profile Tab/button_Upload Image")): Object: 'Object Repository/03-Header Menu/User Profile/View Profile/Profile Tab/button_Upload Image' is clicked on

2023-07-03 18:49:09 - [MESSAGE][PASSED] - Object: 'Object Repository/03-Header Menu/User Profile/View Profile/Profile Tab/button_Upload Image' is clicked on

2023-07-03 18:49:09 - [TEST_STEP][PASSED] - verifyElementVisible(findTestObject("03-Header Menu/User Profile/View Profile/Contact Info/Successfully changed profile image")): Object 'Object Repository/03-Header Menu/User Profile/View Profile/Contact Info/Successfully changed profile image' is visible

2023-07-03 18:49:12 - [MESSAGE][PASSED] - Object 'Object Repository/03-Header Menu/User Profile/View Profile/Contact Info/Successfully changed profile image' is visible

2023-07-03 18:49:12 - [TEST_STEP][PASSED] - delay(delay_3seconds): Delayed 3 second(s)

2023-07-03 18:49:15 - [MESSAGE][PASSED] - Delayed 3 second(s)]]></system-out>
         <system-err><![CDATA[]]></system-err>
      </testcase>
      <testcase name="Test Cases/03-Header Menu/07- Security Tab (Blank phone number field)" time="18.815" classname="Test Cases/03-Header Menu/07- Security Tab (Blank phone number field)" status="PASSED">
         <system-out><![CDATA[2023-07-03 18:49:15 - [TEST_CASE][PASSED] - Test Cases/03-Header Menu/07- Security Tab (Blank phone number field): Test Cases/03-Header Menu/07- Security Tab (Blank phone number field)

2023-07-03 18:49:15 - [TEST_STEP][PASSED] - click(findTestObject("03-Header Menu/User Profile/View Profile/div_Security")): Object: 'Object Repository/03-Header Menu/User Profile/View Profile/div_Security' is clicked on

2023-07-03 18:49:16 - [MESSAGE][PASSED] - Object: 'Object Repository/03-Header Menu/User Profile/View Profile/div_Security' is clicked on

2023-07-03 18:49:16 - [TEST_STEP][PASSED] - delay(delay_1second): Delayed 1 second(s)

2023-07-03 18:49:17 - [MESSAGE][PASSED] - Delayed 1 second(s)

2023-07-03 18:49:17 - [TEST_STEP][PASSED] - verifyElementVisible(findTestObject("03-Header Menu/User Profile/View Profile/Security Tab (2FA)/title_2FA")): Object 'Object Repository/03-Header Menu/User Profile/View Profile/Security Tab (2FA)/title_2FA' is visible

2023-07-03 18:49:17 - [MESSAGE][PASSED] - Object 'Object Repository/03-Header Menu/User Profile/View Profile/Security Tab (2FA)/title_2FA' is visible

2023-07-03 18:49:17 - [TEST_STEP][PASSED] - verifyElementVisible(findTestObject("03-Header Menu/User Profile/View Profile/Security Tab (2FA)/2FA_toggle")): Object 'Object Repository/03-Header Menu/User Profile/View Profile/Security Tab (2FA)/2FA_toggle' is visible

2023-07-03 18:49:17 - [MESSAGE][PASSED] - Object 'Object Repository/03-Header Menu/User Profile/View Profile/Security Tab (2FA)/2FA_toggle' is visible

2023-07-03 18:49:17 - [TEST_STEP][PASSED] - verifyElementVisible(findTestObject("03-Header Menu/User Profile/View Profile/Security Tab (2FA)/input_Email")): Object 'Object Repository/03-Header Menu/User Profile/View Profile/Security Tab (2FA)/input_Email' is visible

2023-07-03 18:49:18 - [MESSAGE][PASSED] - Object 'Object Repository/03-Header Menu/User Profile/View Profile/Security Tab (2FA)/input_Email' is visible

2023-07-03 18:49:18 - [TEST_STEP][PASSED] - delay(delay_1second): Delayed 1 second(s)

2023-07-03 18:49:19 - [MESSAGE][PASSED] - Delayed 1 second(s)

2023-07-03 18:49:19 - [TEST_STEP][PASSED] - click(findTestObject("03-Header Menu/User Profile/View Profile/Security Tab (2FA)/2FA_toggle")): Object: 'Object Repository/03-Header Menu/User Profile/View Profile/Security Tab (2FA)/2FA_toggle' is clicked on

2023-07-03 18:49:19 - [MESSAGE][PASSED] - Object: 'Object Repository/03-Header Menu/User Profile/View Profile/Security Tab (2FA)/2FA_toggle' is clicked on

2023-07-03 18:49:19 - [TEST_STEP][PASSED] - verifyElementVisible(findTestObject("03-Header Menu/User Profile/View Profile/Security Tab (2FA)/Success enable")): Object 'Object Repository/03-Header Menu/User Profile/View Profile/Security Tab (2FA)/Success enable' is visible

2023-07-03 18:49:20 - [MESSAGE][PASSED] - Object 'Object Repository/03-Header Menu/User Profile/View Profile/Security Tab (2FA)/Success enable' is visible

2023-07-03 18:49:20 - [TEST_STEP][PASSED] - delay(delay_1second): Delayed 1 second(s)

2023-07-03 18:49:21 - [MESSAGE][PASSED] - Delayed 1 second(s)

2023-07-03 18:49:21 - [TEST_STEP][PASSED] - click(findTestObject("03-Header Menu/User Profile/View Profile/Security Tab (2FA)/button_edit")): Object: 'Object Repository/03-Header Menu/User Profile/View Profile/Security Tab (2FA)/button_edit' is clicked on

2023-07-03 18:49:24 - [MESSAGE][PASSED] - Object: 'Object Repository/03-Header Menu/User Profile/View Profile/Security Tab (2FA)/button_edit' is clicked on

2023-07-03 18:49:24 - [TEST_STEP][PASSED] - verifyElementVisible(findTestObject("03-Header Menu/User Profile/View Profile/Security Tab (2FA)/2FA Phone Number modal")): Object 'Object Repository/03-Header Menu/User Profile/View Profile/Security Tab (2FA)/2FA Phone Number modal' is visible

2023-07-03 18:49:25 - [MESSAGE][PASSED] - Object 'Object Repository/03-Header Menu/User Profile/View Profile/Security Tab (2FA)/2FA Phone Number modal' is visible

2023-07-03 18:49:25 - [TEST_STEP][PASSED] - verifyElementVisible(findTestObject("03-Header Menu/User Profile/View Profile/Security Tab (2FA)/h4_Edit 2FA Phone Number")): Object 'Object Repository/03-Header Menu/User Profile/View Profile/Security Tab (2FA)/h4_Edit 2FA Phone Number' is visible

2023-07-03 18:49:25 - [MESSAGE][PASSED] - Object 'Object Repository/03-Header Menu/User Profile/View Profile/Security Tab (2FA)/h4_Edit 2FA Phone Number' is visible

2023-07-03 18:49:25 - [TEST_STEP][PASSED] - delay(delay_1second): Delayed 1 second(s)

2023-07-03 18:49:26 - [MESSAGE][PASSED] - Delayed 1 second(s)

2023-07-03 18:49:26 - [TEST_STEP][PASSED] - click(findTestObject("03-Header Menu/User Profile/View Profile/Security Tab (2FA)/button_area code")): Object: 'Object Repository/03-Header Menu/User Profile/View Profile/Security Tab (2FA)/button_area code' is clicked on

2023-07-03 18:49:27 - [MESSAGE][PASSED] - Object: 'Object Repository/03-Header Menu/User Profile/View Profile/Security Tab (2FA)/button_area code' is clicked on

2023-07-03 18:49:27 - [TEST_STEP][PASSED] - setText(findTestObject("03-Header Menu/User Profile/View Profile/Security Tab (2FA)/area code search"), "PH"): Text 'PH' is set on object 'Object Repository/03-Header Menu/User Profile/View Profile/Security Tab (2FA)/area code search'

2023-07-03 18:49:28 - [MESSAGE][PASSED] - Text 'PH' is set on object 'Object Repository/03-Header Menu/User Profile/View Profile/Security Tab (2FA)/area code search'

2023-07-03 18:49:28 - [TEST_STEP][PASSED] - click(findTestObject("03-Header Menu/User Profile/View Profile/Security Tab (2FA)/button_Philippines 63")): Object: 'Object Repository/03-Header Menu/User Profile/View Profile/Security Tab (2FA)/button_Philippines 63' is clicked on

2023-07-03 18:49:29 - [MESSAGE][PASSED] - Object: 'Object Repository/03-Header Menu/User Profile/View Profile/Security Tab (2FA)/button_Philippines 63' is clicked on

2023-07-03 18:49:29 - [TEST_STEP][PASSED] - delay(delay_3seconds): Delayed 3 second(s)

2023-07-03 18:49:32 - [MESSAGE][PASSED] - Delayed 3 second(s)

2023-07-03 18:49:32 - [TEST_STEP][PASSED] - verifyElementVisible(findTestObject("03-Header Menu/User Profile/View Profile/Security Tab (2FA)/Phone_Error")): Object 'Object Repository/03-Header Menu/User Profile/View Profile/Security Tab (2FA)/Phone_Error' is visible

2023-07-03 18:49:33 - [MESSAGE][PASSED] - Object 'Object Repository/03-Header Menu/User Profile/View Profile/Security Tab (2FA)/Phone_Error' is visible

2023-07-03 18:49:33 - [TEST_STEP][PASSED] - delay(delay_1second): Delayed 1 second(s)

2023-07-03 18:49:34 - [MESSAGE][PASSED] - Delayed 1 second(s)]]></system-out>
         <system-err><![CDATA[]]></system-err>
      </testcase>
      <testcase name="Test Cases/03-Header Menu/08-Security Tab (Wrong phone number)" time="13.11" classname="Test Cases/03-Header Menu/08-Security Tab (Wrong phone number)" status="PASSED">
         <system-out><![CDATA[2023-07-03 18:49:34 - [TEST_CASE][PASSED] - Test Cases/03-Header Menu/08-Security Tab (Wrong phone number): Test Cases/03-Header Menu/08-Security Tab (Wrong phone number)

2023-07-03 18:49:34 - [TEST_STEP][PASSED] - setText(findTestObject("03-Header Menu/User Profile/View Profile/Security Tab (2FA)/input_phone number"), phone_number): Text '212968902' is set on object 'Object Repository/03-Header Menu/User Profile/View Profile/Security Tab (2FA)/input_phone number'

2023-07-03 18:49:35 - [MESSAGE][PASSED] - Text '212968902' is set on object 'Object Repository/03-Header Menu/User Profile/View Profile/Security Tab (2FA)/input_phone number'

2023-07-03 18:49:35 - [TEST_STEP][PASSED] - delay(delay_2seconds): Delayed 2 second(s)

2023-07-03 18:49:37 - [MESSAGE][PASSED] - Delayed 2 second(s)

2023-07-03 18:49:37 - [TEST_STEP][PASSED] - click(findTestObject("03-Header Menu/User Profile/View Profile/Security Tab (2FA)/button_Next")): Object: 'Object Repository/03-Header Menu/User Profile/View Profile/Security Tab (2FA)/button_Next' is clicked on

2023-07-03 18:49:37 - [MESSAGE][PASSED] - Object: 'Object Repository/03-Header Menu/User Profile/View Profile/Security Tab (2FA)/button_Next' is clicked on

2023-07-03 18:49:37 - [TEST_STEP][PASSED] - delay(delay_1second): Delayed 1 second(s)

2023-07-03 18:49:38 - [MESSAGE][PASSED] - Delayed 1 second(s)

2023-07-03 18:49:38 - [TEST_STEP][PASSED] - verifyElementVisible(findTestObject("03-Header Menu/User Profile/View Profile/Security Tab (2FA)/div_Failed to send SMS")): Object 'Object Repository/03-Header Menu/User Profile/View Profile/Security Tab (2FA)/div_Failed to send SMS' is visible

2023-07-03 18:49:39 - [MESSAGE][PASSED] - Object 'Object Repository/03-Header Menu/User Profile/View Profile/Security Tab (2FA)/div_Failed to send SMS' is visible

2023-07-03 18:49:39 - [TEST_STEP][PASSED] - delay(delay_2seconds): Delayed 2 second(s)

2023-07-03 18:49:41 - [MESSAGE][PASSED] - Delayed 2 second(s)

2023-07-03 18:49:41 - [TEST_STEP][PASSED] - click(findTestObject("03-Header Menu/User Profile/View Profile/Security Tab (2FA)/button_Cancel")): Object: 'Object Repository/03-Header Menu/User Profile/View Profile/Security Tab (2FA)/button_Cancel' is clicked on

2023-07-03 18:49:42 - [MESSAGE][PASSED] - Object: 'Object Repository/03-Header Menu/User Profile/View Profile/Security Tab (2FA)/button_Cancel' is clicked on

2023-07-03 18:49:42 - [TEST_STEP][PASSED] - click(findTestObject("03-Header Menu/User Profile/View Profile/Security Tab (2FA)/2FA_toggle")): Object: 'Object Repository/03-Header Menu/User Profile/View Profile/Security Tab (2FA)/2FA_toggle' is clicked on

2023-07-03 18:49:42 - [MESSAGE][PASSED] - Object: 'Object Repository/03-Header Menu/User Profile/View Profile/Security Tab (2FA)/2FA_toggle' is clicked on

2023-07-03 18:49:42 - [TEST_STEP][PASSED] - delay(delay_2seconds): Delayed 2 second(s)

2023-07-03 18:49:44 - [MESSAGE][PASSED] - Delayed 2 second(s)

2023-07-03 18:49:44 - [TEST_STEP][PASSED] - verifyElementVisible(findTestObject("03-Header Menu/User Profile/View Profile/Security Tab (2FA)/Success disable")): Object 'Object Repository/03-Header Menu/User Profile/View Profile/Security Tab (2FA)/Success disable' is visible

2023-07-03 18:49:45 - [MESSAGE][PASSED] - Object 'Object Repository/03-Header Menu/User Profile/View Profile/Security Tab (2FA)/Success disable' is visible

2023-07-03 18:49:45 - [TEST_STEP][PASSED] - delay(delay_2seconds): Delayed 2 second(s)

2023-07-03 18:49:47 - [MESSAGE][PASSED] - Delayed 2 second(s)]]></system-out>
         <system-err><![CDATA[]]></system-err>
      </testcase>
      <testcase name="Test Cases/03-Header Menu/09- Security Tab (Enabling 2FA)" time="20.444" classname="Test Cases/03-Header Menu/09- Security Tab (Enabling 2FA)" status="PASSED">
         <system-out><![CDATA[2023-07-03 18:49:47 - [TEST_CASE][PASSED] - Test Cases/03-Header Menu/09- Security Tab (Enabling 2FA): Test Cases/03-Header Menu/09- Security Tab (Enabling 2FA)

2023-07-03 18:49:47 - [TEST_STEP][PASSED] - click(findTestObject("03-Header Menu/User Profile/View Profile/Security Tab (2FA)/2FA_toggle")): Object: 'Object Repository/03-Header Menu/User Profile/View Profile/Security Tab (2FA)/2FA_toggle' is clicked on

2023-07-03 18:49:47 - [MESSAGE][PASSED] - Object: 'Object Repository/03-Header Menu/User Profile/View Profile/Security Tab (2FA)/2FA_toggle' is clicked on

2023-07-03 18:49:47 - [TEST_STEP][PASSED] - verifyElementVisible(findTestObject("03-Header Menu/User Profile/View Profile/Security Tab (2FA)/Success enable")): Object 'Object Repository/03-Header Menu/User Profile/View Profile/Security Tab (2FA)/Success enable' is visible

2023-07-03 18:49:48 - [MESSAGE][PASSED] - Object 'Object Repository/03-Header Menu/User Profile/View Profile/Security Tab (2FA)/Success enable' is visible

2023-07-03 18:49:48 - [TEST_STEP][PASSED] - delay(delay_1second): Delayed 1 second(s)

2023-07-03 18:49:49 - [MESSAGE][PASSED] - Delayed 1 second(s)

2023-07-03 18:49:49 - [TEST_STEP][PASSED] - click(findTestObject("03-Header Menu/User Profile/View Profile/Security Tab (2FA)/button_edit")): Object: 'Object Repository/03-Header Menu/User Profile/View Profile/Security Tab (2FA)/button_edit' is clicked on

2023-07-03 18:49:50 - [MESSAGE][PASSED] - Object: 'Object Repository/03-Header Menu/User Profile/View Profile/Security Tab (2FA)/button_edit' is clicked on

2023-07-03 18:49:50 - [TEST_STEP][PASSED] - verifyElementVisible(findTestObject("03-Header Menu/User Profile/View Profile/Security Tab (2FA)/2FA Phone Number modal")): Object 'Object Repository/03-Header Menu/User Profile/View Profile/Security Tab (2FA)/2FA Phone Number modal' is visible

2023-07-03 18:49:51 - [MESSAGE][PASSED] - Object 'Object Repository/03-Header Menu/User Profile/View Profile/Security Tab (2FA)/2FA Phone Number modal' is visible

2023-07-03 18:49:51 - [TEST_STEP][PASSED] - delay(delay_1second): Delayed 1 second(s)

2023-07-03 18:49:52 - [MESSAGE][PASSED] - Delayed 1 second(s)

2023-07-03 18:49:52 - [TEST_STEP][PASSED] - click(findTestObject("03-Header Menu/User Profile/View Profile/Security Tab (2FA)/button_area code")): Object: 'Object Repository/03-Header Menu/User Profile/View Profile/Security Tab (2FA)/button_area code' is clicked on

2023-07-03 18:49:53 - [MESSAGE][PASSED] - Object: 'Object Repository/03-Header Menu/User Profile/View Profile/Security Tab (2FA)/button_area code' is clicked on

2023-07-03 18:49:53 - [TEST_STEP][PASSED] - verifyElementVisible(findTestObject("03-Header Menu/User Profile/View Profile/Security Tab (2FA)/Area code modal")): Object 'Object Repository/03-Header Menu/User Profile/View Profile/Security Tab (2FA)/Area code modal' is visible

2023-07-03 18:49:53 - [MESSAGE][PASSED] - Object 'Object Repository/03-Header Menu/User Profile/View Profile/Security Tab (2FA)/Area code modal' is visible

2023-07-03 18:49:53 - [TEST_STEP][PASSED] - setText(findTestObject("03-Header Menu/User Profile/View Profile/Security Tab (2FA)/area code search"), "PH"): Text 'PH' is set on object 'Object Repository/03-Header Menu/User Profile/View Profile/Security Tab (2FA)/area code search'

2023-07-03 18:49:54 - [MESSAGE][PASSED] - Text 'PH' is set on object 'Object Repository/03-Header Menu/User Profile/View Profile/Security Tab (2FA)/area code search'

2023-07-03 18:49:54 - [TEST_STEP][PASSED] - click(findTestObject("03-Header Menu/User Profile/View Profile/Security Tab (2FA)/button_Philippines 63")): Object: 'Object Repository/03-Header Menu/User Profile/View Profile/Security Tab (2FA)/button_Philippines 63' is clicked on

2023-07-03 18:49:55 - [MESSAGE][PASSED] - Object: 'Object Repository/03-Header Menu/User Profile/View Profile/Security Tab (2FA)/button_Philippines 63' is clicked on

2023-07-03 18:49:55 - [TEST_STEP][PASSED] - setText(findTestObject("03-Header Menu/User Profile/View Profile/Security Tab (2FA)/input_phone number"), correct_phone_number): Text '9212968902' is set on object 'Object Repository/03-Header Menu/User Profile/View Profile/Security Tab (2FA)/input_phone number'

2023-07-03 18:49:56 - [MESSAGE][PASSED] - Text '9212968902' is set on object 'Object Repository/03-Header Menu/User Profile/View Profile/Security Tab (2FA)/input_phone number'

2023-07-03 18:49:56 - [TEST_STEP][PASSED] - delay(delay_2seconds): Delayed 2 second(s)

2023-07-03 18:49:58 - [MESSAGE][PASSED] - Delayed 2 second(s)

2023-07-03 18:49:58 - [TEST_STEP][PASSED] - click(findTestObject("03-Header Menu/User Profile/View Profile/Security Tab (2FA)/button_Next")): Object: 'Object Repository/03-Header Menu/User Profile/View Profile/Security Tab (2FA)/button_Next' is clicked on

2023-07-03 18:49:59 - [MESSAGE][PASSED] - Object: 'Object Repository/03-Header Menu/User Profile/View Profile/Security Tab (2FA)/button_Next' is clicked on

2023-07-03 18:49:59 - [TEST_STEP][PASSED] - delay(delay_1second): Delayed 1 second(s)

2023-07-03 18:50:00 - [MESSAGE][PASSED] - Delayed 1 second(s)

2023-07-03 18:50:00 - [TEST_STEP][PASSED] - verifyElementVisible(findTestObject("03-Header Menu/User Profile/View Profile/Security Tab (2FA)/ver_code_success")): Object 'Object Repository/03-Header Menu/User Profile/View Profile/Security Tab (2FA)/ver_code_success' is visible

2023-07-03 18:50:01 - [MESSAGE][PASSED] - Object 'Object Repository/03-Header Menu/User Profile/View Profile/Security Tab (2FA)/ver_code_success' is visible

2023-07-03 18:50:01 - [TEST_STEP][PASSED] - delay(delay_2seconds): Delayed 2 second(s)

2023-07-03 18:50:03 - [MESSAGE][PASSED] - Delayed 2 second(s)

2023-07-03 18:50:03 - [TEST_STEP][PASSED] - click(findTestObject("03-Header Menu/User Profile/View Profile/Security Tab (2FA)/button_Cancel")): Object: 'Object Repository/03-Header Menu/User Profile/View Profile/Security Tab (2FA)/button_Cancel' is clicked on

2023-07-03 18:50:03 - [MESSAGE][PASSED] - Object: 'Object Repository/03-Header Menu/User Profile/View Profile/Security Tab (2FA)/button_Cancel' is clicked on

2023-07-03 18:50:03 - [TEST_STEP][PASSED] - click(findTestObject("03-Header Menu/User Profile/View Profile/Security Tab (2FA)/2FA_toggle")): Object: 'Object Repository/03-Header Menu/User Profile/View Profile/Security Tab (2FA)/2FA_toggle' is clicked on

2023-07-03 18:50:04 - [MESSAGE][PASSED] - Object: 'Object Repository/03-Header Menu/User Profile/View Profile/Security Tab (2FA)/2FA_toggle' is clicked on

2023-07-03 18:50:04 - [TEST_STEP][PASSED] - verifyElementVisible(findTestObject("03-Header Menu/User Profile/View Profile/Security Tab (2FA)/Success disable")): Object 'Object Repository/03-Header Menu/User Profile/View Profile/Security Tab (2FA)/Success disable' is visible

2023-07-03 18:50:05 - [MESSAGE][PASSED] - Object 'Object Repository/03-Header Menu/User Profile/View Profile/Security Tab (2FA)/Success disable' is visible

2023-07-03 18:50:05 - [TEST_STEP][PASSED] - delay(delay_2seconds): Delayed 2 second(s)

2023-07-03 18:50:07 - [MESSAGE][PASSED] - Delayed 2 second(s)]]></system-out>
         <system-err><![CDATA[]]></system-err>
      </testcase>
      <testcase name="Test Cases/03-Header Menu/10- Settings (Timezone select)" time="17.449" classname="Test Cases/03-Header Menu/10- Settings (Timezone select)" status="PASSED">
         <system-out><![CDATA[2023-07-03 18:50:07 - [TEST_CASE][PASSED] - Test Cases/03-Header Menu/10- Settings (Timezone select): Test Cases/03-Header Menu/10- Settings (Timezone select)

2023-07-03 18:50:07 - [TEST_STEP][PASSED] - click(findTestObject("03-Header Menu/User Profile/View Profile/div_Settings")): Object: 'Object Repository/03-Header Menu/User Profile/View Profile/div_Settings' is clicked on

2023-07-03 18:50:08 - [MESSAGE][PASSED] - Object: 'Object Repository/03-Header Menu/User Profile/View Profile/div_Settings' is clicked on

2023-07-03 18:50:08 - [TEST_STEP][PASSED] - delay(delay_1second): Delayed 1 second(s)

2023-07-03 18:50:09 - [MESSAGE][PASSED] - Delayed 1 second(s)

2023-07-03 18:50:09 - [TEST_STEP][PASSED] - verifyElementVisible(findTestObject("03-Header Menu/User Profile/View Profile/Settings/Dashboard Card")): Object 'Object Repository/03-Header Menu/User Profile/View Profile/Settings/Dashboard Card' is visible

2023-07-03 18:50:10 - [MESSAGE][PASSED] - Object 'Object Repository/03-Header Menu/User Profile/View Profile/Settings/Dashboard Card' is visible

2023-07-03 18:50:10 - [TEST_STEP][PASSED] - verifyElementVisible(findTestObject("03-Header Menu/User Profile/View Profile/Settings/Email Frequency")): Object 'Object Repository/03-Header Menu/User Profile/View Profile/Settings/Email Frequency' is visible

2023-07-03 18:50:10 - [MESSAGE][PASSED] - Object 'Object Repository/03-Header Menu/User Profile/View Profile/Settings/Email Frequency' is visible

2023-07-03 18:50:10 - [TEST_STEP][PASSED] - verifyElementVisible(findTestObject("03-Header Menu/User Profile/View Profile/Settings/Timezone")): Object 'Object Repository/03-Header Menu/User Profile/View Profile/Settings/Timezone' is visible

2023-07-03 18:50:10 - [MESSAGE][PASSED] - Object 'Object Repository/03-Header Menu/User Profile/View Profile/Settings/Timezone' is visible

2023-07-03 18:50:10 - [TEST_STEP][PASSED] - delay(delay_3seconds): Delayed 3 second(s)

2023-07-03 18:50:13 - [MESSAGE][PASSED] - Delayed 3 second(s)

2023-07-03 18:50:13 - [TEST_STEP][PASSED] - click(findTestObject("03-Header Menu/User Profile/View Profile/Settings/Timezone selector")): Object: 'Object Repository/03-Header Menu/User Profile/View Profile/Settings/Timezone selector' is clicked on

2023-07-03 18:50:14 - [MESSAGE][PASSED] - Object: 'Object Repository/03-Header Menu/User Profile/View Profile/Settings/Timezone selector' is clicked on

2023-07-03 18:50:14 - [TEST_STEP][PASSED] - click(findTestObject("03-Header Menu/User Profile/View Profile/Settings/span_(UTC0800) Beijing, Chongqing, Hong Kong, Urumqi")): Object: 'Object Repository/03-Header Menu/User Profile/View Profile/Settings/span_(UTC0800) Beijing, Chongqing, Hong Kong, Urumqi' is clicked on

2023-07-03 18:50:14 - [MESSAGE][PASSED] - Object: 'Object Repository/03-Header Menu/User Profile/View Profile/Settings/span_(UTC0800) Beijing, Chongqing, Hong Kong, Urumqi' is clicked on

2023-07-03 18:50:14 - [TEST_STEP][PASSED] - click(findTestObject("03-Header Menu/User Profile/View Profile/Settings/button_Save")): Object: 'Object Repository/03-Header Menu/User Profile/View Profile/Settings/button_Save' is clicked on

2023-07-03 18:50:15 - [MESSAGE][PASSED] - Object: 'Object Repository/03-Header Menu/User Profile/View Profile/Settings/button_Save' is clicked on

2023-07-03 18:50:15 - [TEST_STEP][PASSED] - delay(delay_1second): Delayed 1 second(s)

2023-07-03 18:50:16 - [MESSAGE][PASSED] - Delayed 1 second(s)

2023-07-03 18:50:16 - [TEST_STEP][PASSED] - verifyElementVisible(findTestObject("03-Header Menu/User Profile/View Profile/Settings/Successfully msg")): Object 'Object Repository/03-Header Menu/User Profile/View Profile/Settings/Successfully msg' is visible

2023-07-03 18:50:17 - [MESSAGE][PASSED] - Object 'Object Repository/03-Header Menu/User Profile/View Profile/Settings/Successfully msg' is visible

2023-07-03 18:50:17 - [TEST_STEP][PASSED] - delay(delay_2seconds): Delayed 2 second(s)

2023-07-03 18:50:19 - [MESSAGE][PASSED] - Delayed 2 second(s)

2023-07-03 18:50:19 - [TEST_STEP][PASSED] - click(findTestObject("03-Header Menu/User Profile/View Profile/Settings/Timezone selector")): Object: 'Object Repository/03-Header Menu/User Profile/View Profile/Settings/Timezone selector' is clicked on

2023-07-03 18:50:19 - [MESSAGE][PASSED] - Object: 'Object Repository/03-Header Menu/User Profile/View Profile/Settings/Timezone selector' is clicked on

2023-07-03 18:50:19 - [TEST_STEP][PASSED] - click(findTestObject("03-Header Menu/User Profile/View Profile/Settings/span_(UTC0800) Kuala Lumpur, Singapore")): Object: 'Object Repository/03-Header Menu/User Profile/View Profile/Settings/span_(UTC0800) Kuala Lumpur, Singapore' is clicked on

2023-07-03 18:50:20 - [MESSAGE][PASSED] - Object: 'Object Repository/03-Header Menu/User Profile/View Profile/Settings/span_(UTC0800) Kuala Lumpur, Singapore' is clicked on

2023-07-03 18:50:20 - [TEST_STEP][PASSED] - click(findTestObject("03-Header Menu/User Profile/View Profile/Settings/button_Save")): Object: 'Object Repository/03-Header Menu/User Profile/View Profile/Settings/button_Save' is clicked on

2023-07-03 18:50:21 - [MESSAGE][PASSED] - Object: 'Object Repository/03-Header Menu/User Profile/View Profile/Settings/button_Save' is clicked on

2023-07-03 18:50:21 - [TEST_STEP][PASSED] - delay(delay_1second): Delayed 1 second(s)

2023-07-03 18:50:22 - [MESSAGE][PASSED] - Delayed 1 second(s)

2023-07-03 18:50:22 - [TEST_STEP][PASSED] - verifyElementVisible(findTestObject("03-Header Menu/User Profile/View Profile/Settings/Successfully msg")): Object 'Object Repository/03-Header Menu/User Profile/View Profile/Settings/Successfully msg' is visible

2023-07-03 18:50:23 - [MESSAGE][PASSED] - Object 'Object Repository/03-Header Menu/User Profile/View Profile/Settings/Successfully msg' is visible

2023-07-03 18:50:23 - [TEST_STEP][PASSED] - delay(delay_2seconds): Delayed 2 second(s)

2023-07-03 18:50:25 - [MESSAGE][PASSED] - Delayed 2 second(s)]]></system-out>
         <system-err><![CDATA[]]></system-err>
      </testcase>
      <testcase name="Test Cases/03-Header Menu/11-Settings (Email Frequency select)" time="36.467" classname="Test Cases/03-Header Menu/11-Settings (Email Frequency select)" status="PASSED">
         <system-out><![CDATA[2023-07-03 18:50:25 - [TEST_CASE][PASSED] - Test Cases/03-Header Menu/11-Settings (Email Frequency select): Test Cases/03-Header Menu/11-Settings (Email Frequency select)

2023-07-03 18:50:25 - [TEST_STEP][PASSED] - scrollToElement(findTestObject("03-Header Menu/User Profile/View Profile/Settings/Email Frequency selector"), 0): Scroll to object 'Object Repository/03-Header Menu/User Profile/View Profile/Settings/Email Frequency selector' successfully

2023-07-03 18:50:25 - [MESSAGE][WARNING] - Timeout '0' is invalid. Using default page load timeout: '30'

2023-07-03 18:50:25 - [MESSAGE][PASSED] - Scroll to object 'Object Repository/03-Header Menu/User Profile/View Profile/Settings/Email Frequency selector' successfully

2023-07-03 18:50:25 - [TEST_STEP][PASSED] - click(findTestObject("03-Header Menu/User Profile/View Profile/Settings/Email Frequency selector")): Object: 'Object Repository/03-Header Menu/User Profile/View Profile/Settings/Email Frequency selector' is clicked on

2023-07-03 18:50:26 - [MESSAGE][PASSED] - Object: 'Object Repository/03-Header Menu/User Profile/View Profile/Settings/Email Frequency selector' is clicked on

2023-07-03 18:50:26 - [TEST_STEP][PASSED] - click(findTestObject("03-Header Menu/User Profile/View Profile/Settings/span_None")): Object: 'Object Repository/03-Header Menu/User Profile/View Profile/Settings/span_None' is clicked on

2023-07-03 18:50:26 - [MESSAGE][PASSED] - Object: 'Object Repository/03-Header Menu/User Profile/View Profile/Settings/span_None' is clicked on

2023-07-03 18:50:26 - [TEST_STEP][PASSED] - click(findTestObject("03-Header Menu/User Profile/View Profile/Settings/button_Save")): Object: 'Object Repository/03-Header Menu/User Profile/View Profile/Settings/button_Save' is clicked on

2023-07-03 18:50:27 - [MESSAGE][PASSED] - Object: 'Object Repository/03-Header Menu/User Profile/View Profile/Settings/button_Save' is clicked on

2023-07-03 18:50:27 - [TEST_STEP][PASSED] - verifyElementVisible(findTestObject("03-Header Menu/User Profile/View Profile/Settings/Successfully msg")): Object 'Object Repository/03-Header Menu/User Profile/View Profile/Settings/Successfully msg' is visible

2023-07-03 18:50:28 - [MESSAGE][PASSED] - Object 'Object Repository/03-Header Menu/User Profile/View Profile/Settings/Successfully msg' is visible

2023-07-03 18:50:28 - [TEST_STEP][PASSED] - delay(delay_2seconds): Delayed 2 second(s)

2023-07-03 18:50:30 - [MESSAGE][PASSED] - Delayed 2 second(s)

2023-07-03 18:50:30 - [TEST_STEP][PASSED] - click(findTestObject("03-Header Menu/User Profile/View Profile/Settings/Email Frequency selector")): Object: 'Object Repository/03-Header Menu/User Profile/View Profile/Settings/Email Frequency selector' is clicked on

2023-07-03 18:50:31 - [MESSAGE][PASSED] - Object: 'Object Repository/03-Header Menu/User Profile/View Profile/Settings/Email Frequency selector' is clicked on

2023-07-03 18:50:31 - [TEST_STEP][PASSED] - click(findTestObject("03-Header Menu/User Profile/View Profile/Settings/span_Every 2 hours")): Object: 'Object Repository/03-Header Menu/User Profile/View Profile/Settings/span_Every 2 hours' is clicked on

2023-07-03 18:50:31 - [MESSAGE][PASSED] - Object: 'Object Repository/03-Header Menu/User Profile/View Profile/Settings/span_Every 2 hours' is clicked on

2023-07-03 18:50:31 - [TEST_STEP][PASSED] - click(findTestObject("03-Header Menu/User Profile/View Profile/Settings/button_Save")): Object: 'Object Repository/03-Header Menu/User Profile/View Profile/Settings/button_Save' is clicked on

2023-07-03 18:50:33 - [MESSAGE][PASSED] - Object: 'Object Repository/03-Header Menu/User Profile/View Profile/Settings/button_Save' is clicked on

2023-07-03 18:50:33 - [TEST_STEP][PASSED] - verifyElementVisible(findTestObject("03-Header Menu/User Profile/View Profile/Settings/Successfully msg")): Object 'Object Repository/03-Header Menu/User Profile/View Profile/Settings/Successfully msg' is visible

2023-07-03 18:50:34 - [MESSAGE][PASSED] - Object 'Object Repository/03-Header Menu/User Profile/View Profile/Settings/Successfully msg' is visible

2023-07-03 18:50:34 - [TEST_STEP][PASSED] - delay(delay_2seconds): Delayed 2 second(s)

2023-07-03 18:50:36 - [MESSAGE][PASSED] - Delayed 2 second(s)

2023-07-03 18:50:36 - [TEST_STEP][PASSED] - click(findTestObject("03-Header Menu/User Profile/View Profile/Settings/Email Frequency selector")): Object: 'Object Repository/03-Header Menu/User Profile/View Profile/Settings/Email Frequency selector' is clicked on

2023-07-03 18:50:36 - [MESSAGE][PASSED] - Object: 'Object Repository/03-Header Menu/User Profile/View Profile/Settings/Email Frequency selector' is clicked on

2023-07-03 18:50:36 - [TEST_STEP][PASSED] - click(findTestObject("03-Header Menu/User Profile/View Profile/Settings/span_Every 6 hours")): Object: 'Object Repository/03-Header Menu/User Profile/View Profile/Settings/span_Every 6 hours' is clicked on

2023-07-03 18:50:37 - [MESSAGE][PASSED] - Object: 'Object Repository/03-Header Menu/User Profile/View Profile/Settings/span_Every 6 hours' is clicked on

2023-07-03 18:50:37 - [TEST_STEP][PASSED] - click(findTestObject("03-Header Menu/User Profile/View Profile/Settings/button_Save")): Object: 'Object Repository/03-Header Menu/User Profile/View Profile/Settings/button_Save' is clicked on

2023-07-03 18:50:38 - [MESSAGE][PASSED] - Object: 'Object Repository/03-Header Menu/User Profile/View Profile/Settings/button_Save' is clicked on

2023-07-03 18:50:38 - [TEST_STEP][PASSED] - verifyElementVisible(findTestObject("03-Header Menu/User Profile/View Profile/Settings/Successfully msg")): Object 'Object Repository/03-Header Menu/User Profile/View Profile/Settings/Successfully msg' is visible

2023-07-03 18:50:39 - [MESSAGE][PASSED] - Object 'Object Repository/03-Header Menu/User Profile/View Profile/Settings/Successfully msg' is visible

2023-07-03 18:50:39 - [TEST_STEP][PASSED] - delay(delay_2seconds): Delayed 2 second(s)

2023-07-03 18:50:41 - [MESSAGE][PASSED] - Delayed 2 second(s)

2023-07-03 18:50:41 - [TEST_STEP][PASSED] - click(findTestObject("03-Header Menu/User Profile/View Profile/Settings/Email Frequency selector")): Object: 'Object Repository/03-Header Menu/User Profile/View Profile/Settings/Email Frequency selector' is clicked on

2023-07-03 18:50:41 - [MESSAGE][PASSED] - Object: 'Object Repository/03-Header Menu/User Profile/View Profile/Settings/Email Frequency selector' is clicked on

2023-07-03 18:50:41 - [TEST_STEP][PASSED] - click(findTestObject("03-Header Menu/User Profile/View Profile/Settings/span_Every 12 hours")): Object: 'Object Repository/03-Header Menu/User Profile/View Profile/Settings/span_Every 12 hours' is clicked on

2023-07-03 18:50:43 - [MESSAGE][PASSED] - Object: 'Object Repository/03-Header Menu/User Profile/View Profile/Settings/span_Every 12 hours' is clicked on

2023-07-03 18:50:43 - [TEST_STEP][PASSED] - click(findTestObject("03-Header Menu/User Profile/View Profile/Settings/button_Save")): Object: 'Object Repository/03-Header Menu/User Profile/View Profile/Settings/button_Save' is clicked on

2023-07-03 18:50:44 - [MESSAGE][PASSED] - Object: 'Object Repository/03-Header Menu/User Profile/View Profile/Settings/button_Save' is clicked on

2023-07-03 18:50:44 - [TEST_STEP][PASSED] - verifyElementVisible(findTestObject("03-Header Menu/User Profile/View Profile/Settings/Successfully msg")): Object 'Object Repository/03-Header Menu/User Profile/View Profile/Settings/Successfully msg' is visible

2023-07-03 18:50:45 - [MESSAGE][PASSED] - Object 'Object Repository/03-Header Menu/User Profile/View Profile/Settings/Successfully msg' is visible

2023-07-03 18:50:45 - [TEST_STEP][PASSED] - delay(delay_2seconds): Delayed 2 second(s)

2023-07-03 18:50:47 - [MESSAGE][PASSED] - Delayed 2 second(s)

2023-07-03 18:50:47 - [TEST_STEP][PASSED] - click(findTestObject("03-Header Menu/User Profile/View Profile/Settings/Email Frequency selector")): Object: 'Object Repository/03-Header Menu/User Profile/View Profile/Settings/Email Frequency selector' is clicked on

2023-07-03 18:50:47 - [MESSAGE][PASSED] - Object: 'Object Repository/03-Header Menu/User Profile/View Profile/Settings/Email Frequency selector' is clicked on

2023-07-03 18:50:47 - [TEST_STEP][PASSED] - click(findTestObject("03-Header Menu/User Profile/View Profile/Settings/span_Once a day (9pm local time)")): Object: 'Object Repository/03-Header Menu/User Profile/View Profile/Settings/span_Once a day (9pm local time)' is clicked on

2023-07-03 18:50:48 - [MESSAGE][PASSED] - Object: 'Object Repository/03-Header Menu/User Profile/View Profile/Settings/span_Once a day (9pm local time)' is clicked on

2023-07-03 18:50:48 - [TEST_STEP][PASSED] - click(findTestObject("03-Header Menu/User Profile/View Profile/Settings/button_Save")): Object: 'Object Repository/03-Header Menu/User Profile/View Profile/Settings/button_Save' is clicked on

2023-07-03 18:50:49 - [MESSAGE][PASSED] - Object: 'Object Repository/03-Header Menu/User Profile/View Profile/Settings/button_Save' is clicked on

2023-07-03 18:50:49 - [TEST_STEP][PASSED] - verifyElementVisible(findTestObject("03-Header Menu/User Profile/View Profile/Settings/Successfully msg")): Object 'Object Repository/03-Header Menu/User Profile/View Profile/Settings/Successfully msg' is visible

2023-07-03 18:50:50 - [MESSAGE][PASSED] - Object 'Object Repository/03-Header Menu/User Profile/View Profile/Settings/Successfully msg' is visible

2023-07-03 18:50:50 - [TEST_STEP][PASSED] - delay(delay_2seconds): Delayed 2 second(s)

2023-07-03 18:50:52 - [MESSAGE][PASSED] - Delayed 2 second(s)

2023-07-03 18:50:52 - [TEST_STEP][PASSED] - click(findTestObject("03-Header Menu/User Profile/View Profile/Settings/Email Frequency selector")): Object: 'Object Repository/03-Header Menu/User Profile/View Profile/Settings/Email Frequency selector' is clicked on

2023-07-03 18:50:53 - [MESSAGE][PASSED] - Object: 'Object Repository/03-Header Menu/User Profile/View Profile/Settings/Email Frequency selector' is clicked on

2023-07-03 18:50:53 - [TEST_STEP][PASSED] - click(findTestObject("03-Header Menu/User Profile/View Profile/Settings/span_Every 4 hours")): Object: 'Object Repository/03-Header Menu/User Profile/View Profile/Settings/span_Every 4 hours' is clicked on

2023-07-03 18:50:54 - [MESSAGE][PASSED] - Object: 'Object Repository/03-Header Menu/User Profile/View Profile/Settings/span_Every 4 hours' is clicked on

2023-07-03 18:50:54 - [TEST_STEP][PASSED] - click(findTestObject("03-Header Menu/User Profile/View Profile/Settings/button_Save")): Object: 'Object Repository/03-Header Menu/User Profile/View Profile/Settings/button_Save' is clicked on

2023-07-03 18:50:54 - [MESSAGE][PASSED] - Object: 'Object Repository/03-Header Menu/User Profile/View Profile/Settings/button_Save' is clicked on

2023-07-03 18:50:54 - [TEST_STEP][PASSED] - verifyElementVisible(findTestObject("03-Header Menu/User Profile/View Profile/Settings/Successfully msg")): Object 'Object Repository/03-Header Menu/User Profile/View Profile/Settings/Successfully msg' is visible

2023-07-03 18:50:56 - [MESSAGE][PASSED] - Object 'Object Repository/03-Header Menu/User Profile/View Profile/Settings/Successfully msg' is visible

2023-07-03 18:50:56 - [TEST_STEP][PASSED] - delay(delay_2seconds): Delayed 2 second(s)

2023-07-03 18:50:58 - [MESSAGE][PASSED] - Delayed 2 second(s)

2023-07-03 18:50:58 - [TEST_STEP][PASSED] - scrollToElement(findTestObject("03-Header Menu/User Profile/View Profile/Settings/Dashboard Card"), 0): Scroll to object 'Object Repository/03-Header Menu/User Profile/View Profile/Settings/Dashboard Card' successfully

2023-07-03 18:50:58 - [MESSAGE][WARNING] - Timeout '0' is invalid. Using default page load timeout: '30'

2023-07-03 18:50:58 - [MESSAGE][PASSED] - Scroll to object 'Object Repository/03-Header Menu/User Profile/View Profile/Settings/Dashboard Card' successfully

2023-07-03 18:50:58 - [TEST_STEP][PASSED] - scrollToElement(findTestObject("03-Header Menu/User Profile/View Profile/div_Contact Info"), 0): Scroll to object 'Object Repository/03-Header Menu/User Profile/View Profile/div_Contact Info' successfully

2023-07-03 18:50:58 - [MESSAGE][WARNING] - Timeout '0' is invalid. Using default page load timeout: '30'

2023-07-03 18:50:59 - [MESSAGE][PASSED] - Scroll to object 'Object Repository/03-Header Menu/User Profile/View Profile/div_Contact Info' successfully

2023-07-03 18:50:59 - [TEST_STEP][PASSED] - delay(delay_2seconds): Delayed 2 second(s)

2023-07-03 18:51:01 - [MESSAGE][PASSED] - Delayed 2 second(s)]]></system-out>
         <system-err><![CDATA[]]></system-err>
      </testcase>
      <testcase name="Test Cases/03-Header Menu/12- Contact Info (add-remove email)" time="27.353" classname="Test Cases/03-Header Menu/12- Contact Info (add-remove email)" status="PASSED">
         <system-out><![CDATA[2023-07-03 18:51:01 - [TEST_CASE][PASSED] - Test Cases/03-Header Menu/12- Contact Info (add-remove email): Test Cases/03-Header Menu/12- Contact Info (add-remove email)

2023-07-03 18:51:01 - [TEST_STEP][PASSED] - click(findTestObject("03-Header Menu/User Profile/View Profile/div_Contact Info")): Object: 'Object Repository/03-Header Menu/User Profile/View Profile/div_Contact Info' is clicked on

2023-07-03 18:51:03 - [MESSAGE][PASSED] - Object: 'Object Repository/03-Header Menu/User Profile/View Profile/div_Contact Info' is clicked on

2023-07-03 18:51:03 - [TEST_STEP][PASSED] - delay(delay_1second): Delayed 1 second(s)

2023-07-03 18:51:04 - [MESSAGE][PASSED] - Delayed 1 second(s)

2023-07-03 18:51:04 - [TEST_STEP][PASSED] - verifyElementVisible(findTestObject("03-Header Menu/User Profile/View Profile/Contact Info/div_Email")): Object 'Object Repository/03-Header Menu/User Profile/View Profile/Contact Info/div_Email' is visible

2023-07-03 18:51:04 - [MESSAGE][PASSED] - Object 'Object Repository/03-Header Menu/User Profile/View Profile/Contact Info/div_Email' is visible

2023-07-03 18:51:04 - [TEST_STEP][PASSED] - verifyElementVisible(findTestObject("03-Header Menu/User Profile/View Profile/Contact Info/div_Phone")): Object 'Object Repository/03-Header Menu/User Profile/View Profile/Contact Info/div_Phone' is visible

2023-07-03 18:51:05 - [MESSAGE][PASSED] - Object 'Object Repository/03-Header Menu/User Profile/View Profile/Contact Info/div_Phone' is visible

2023-07-03 18:51:05 - [TEST_STEP][PASSED] - verifyElementVisible(findTestObject("03-Header Menu/User Profile/View Profile/Contact Info/div_Address")): Object 'Object Repository/03-Header Menu/User Profile/View Profile/Contact Info/div_Address' is visible

2023-07-03 18:51:05 - [MESSAGE][PASSED] - Object 'Object Repository/03-Header Menu/User Profile/View Profile/Contact Info/div_Address' is visible

2023-07-03 18:51:05 - [TEST_STEP][PASSED] - delay(delay_1second): Delayed 1 second(s)

2023-07-03 18:51:06 - [MESSAGE][PASSED] - Delayed 1 second(s)

2023-07-03 18:51:06 - [TEST_STEP][PASSED] - setText(findTestObject("03-Header Menu/User Profile/View Profile/Contact Info/Positon Field"), "Auto"): Text 'Auto' is set on object 'Object Repository/03-Header Menu/User Profile/View Profile/Contact Info/Positon Field'

2023-07-03 18:51:07 - [MESSAGE][PASSED] - Text 'Auto' is set on object 'Object Repository/03-Header Menu/User Profile/View Profile/Contact Info/Positon Field'

2023-07-03 18:51:07 - [TEST_STEP][PASSED] - click(findTestObject("03-Header Menu/User Profile/View Profile/Contact Info/div_Email Type")): Object: 'Object Repository/03-Header Menu/User Profile/View Profile/Contact Info/div_Email Type' is clicked on

2023-07-03 18:51:08 - [MESSAGE][PASSED] - Object: 'Object Repository/03-Header Menu/User Profile/View Profile/Contact Info/div_Email Type' is clicked on

2023-07-03 18:51:08 - [TEST_STEP][PASSED] - verifyElementVisible(findTestObject("03-Header Menu/User Profile/View Profile/Contact Info/span_Work")): Object 'Object Repository/03-Header Menu/User Profile/View Profile/Contact Info/span_Work' is visible

2023-07-03 18:51:08 - [MESSAGE][PASSED] - Object 'Object Repository/03-Header Menu/User Profile/View Profile/Contact Info/span_Work' is visible

2023-07-03 18:51:08 - [TEST_STEP][PASSED] - verifyElementVisible(findTestObject("03-Header Menu/User Profile/View Profile/Contact Info/span_Personal")): Object 'Object Repository/03-Header Menu/User Profile/View Profile/Contact Info/span_Personal' is visible

2023-07-03 18:51:08 - [MESSAGE][PASSED] - Object 'Object Repository/03-Header Menu/User Profile/View Profile/Contact Info/span_Personal' is visible

2023-07-03 18:51:08 - [TEST_STEP][PASSED] - verifyElementVisible(findTestObject("03-Header Menu/User Profile/View Profile/Contact Info/span_Other")): Object 'Object Repository/03-Header Menu/User Profile/View Profile/Contact Info/span_Other' is visible

2023-07-03 18:51:09 - [MESSAGE][PASSED] - Object 'Object Repository/03-Header Menu/User Profile/View Profile/Contact Info/span_Other' is visible

2023-07-03 18:51:09 - [TEST_STEP][PASSED] - delay(delay_1second): Delayed 1 second(s)

2023-07-03 18:51:10 - [MESSAGE][PASSED] - Delayed 1 second(s)

2023-07-03 18:51:10 - [TEST_STEP][PASSED] - click(findTestObject("03-Header Menu/User Profile/View Profile/Contact Info/div_Email")): Object: 'Object Repository/03-Header Menu/User Profile/View Profile/Contact Info/div_Email' is clicked on

2023-07-03 18:51:10 - [MESSAGE][PASSED] - Object: 'Object Repository/03-Header Menu/User Profile/View Profile/Contact Info/div_Email' is clicked on

2023-07-03 18:51:10 - [TEST_STEP][PASSED] - click(findTestObject("03-Header Menu/User Profile/View Profile/Contact Info/add email button")): Object: 'Object Repository/03-Header Menu/User Profile/View Profile/Contact Info/add email button' is clicked on

2023-07-03 18:51:11 - [MESSAGE][PASSED] - Object: 'Object Repository/03-Header Menu/User Profile/View Profile/Contact Info/add email button' is clicked on

2023-07-03 18:51:11 - [TEST_STEP][PASSED] - setText(findTestObject("03-Header Menu/User Profile/View Profile/Contact Info/email field"), "auto@automation.com"): Text 'auto@automation.com' is set on object 'Object Repository/03-Header Menu/User Profile/View Profile/Contact Info/email field'

2023-07-03 18:51:13 - [MESSAGE][PASSED] - Text 'auto@automation.com' is set on object 'Object Repository/03-Header Menu/User Profile/View Profile/Contact Info/email field'

2023-07-03 18:51:13 - [TEST_STEP][PASSED] - sendKeys(findTestObject("03-Header Menu/User Profile/View Profile/Contact Info/email field"), Keys.chord(ENTER)): Keys 'ENTER + ' sent to object: 'Object Repository/03-Header Menu/User Profile/View Profile/Contact Info/email field'

2023-07-03 18:51:14 - [MESSAGE][PASSED] - Keys 'ENTER + ' sent to object: 'Object Repository/03-Header Menu/User Profile/View Profile/Contact Info/email field'

2023-07-03 18:51:14 - [TEST_STEP][PASSED] - scrollToElement(findTestObject("03-Header Menu/User Profile/View Profile/Contact Info/button_Save"), 0): Scroll to object 'Object Repository/03-Header Menu/User Profile/View Profile/Contact Info/button_Save' successfully

2023-07-03 18:51:14 - [MESSAGE][WARNING] - Timeout '0' is invalid. Using default page load timeout: '30'

2023-07-03 18:51:14 - [MESSAGE][PASSED] - Scroll to object 'Object Repository/03-Header Menu/User Profile/View Profile/Contact Info/button_Save' successfully

2023-07-03 18:51:14 - [TEST_STEP][PASSED] - click(findTestObject("03-Header Menu/User Profile/View Profile/Contact Info/button_Save")): Object: 'Object Repository/03-Header Menu/User Profile/View Profile/Contact Info/button_Save' is clicked on

2023-07-03 18:51:14 - [MESSAGE][PASSED] - Object: 'Object Repository/03-Header Menu/User Profile/View Profile/Contact Info/button_Save' is clicked on

2023-07-03 18:51:14 - [TEST_STEP][PASSED] - verifyElementVisible(findTestObject("03-Header Menu/User Profile/View Profile/Contact Info/Success Msg")): Object 'Object Repository/03-Header Menu/User Profile/View Profile/Contact Info/Success Msg' is visible

2023-07-03 18:51:16 - [MESSAGE][PASSED] - Object 'Object Repository/03-Header Menu/User Profile/View Profile/Contact Info/Success Msg' is visible

2023-07-03 18:51:16 - [TEST_STEP][PASSED] - delay(delay_2seconds): Delayed 2 second(s)

2023-07-03 18:51:18 - [MESSAGE][PASSED] - Delayed 2 second(s)

2023-07-03 18:51:18 - [TEST_STEP][PASSED] - mouseOver(findTestObject("03-Header Menu/User Profile/View Profile/Contact Info/email field")): Object: 'Object Repository/03-Header Menu/User Profile/View Profile/Contact Info/email field' is hovered

2023-07-03 18:51:19 - [MESSAGE][PASSED] - Object: 'Object Repository/03-Header Menu/User Profile/View Profile/Contact Info/email field' is hovered

2023-07-03 18:51:19 - [TEST_STEP][PASSED] - click(findTestObject("03-Header Menu/User Profile/View Profile/Contact Info/remove email")): Object: 'Object Repository/03-Header Menu/User Profile/View Profile/Contact Info/remove email' is clicked on

2023-07-03 18:51:20 - [MESSAGE][PASSED] - Object: 'Object Repository/03-Header Menu/User Profile/View Profile/Contact Info/remove email' is clicked on

2023-07-03 18:51:20 - [TEST_STEP][PASSED] - sendKeys(findTestObject("03-Header Menu/User Profile/View Profile/Contact Info/Positon Field"), Keys.chord(ENTER)): Keys 'ENTER + ' sent to object: 'Object Repository/03-Header Menu/User Profile/View Profile/Contact Info/Positon Field'

2023-07-03 18:51:20 - [MESSAGE][PASSED] - Keys 'ENTER + ' sent to object: 'Object Repository/03-Header Menu/User Profile/View Profile/Contact Info/Positon Field'

2023-07-03 18:51:20 - [TEST_STEP][PASSED] - delay(delay_2seconds): Delayed 2 second(s)

2023-07-03 18:51:22 - [MESSAGE][PASSED] - Delayed 2 second(s)

2023-07-03 18:51:22 - [TEST_STEP][PASSED] - click(findTestObject("03-Header Menu/User Profile/View Profile/Contact Info/button_Save")): Object: 'Object Repository/03-Header Menu/User Profile/View Profile/Contact Info/button_Save' is clicked on

2023-07-03 18:51:23 - [MESSAGE][PASSED] - Object: 'Object Repository/03-Header Menu/User Profile/View Profile/Contact Info/button_Save' is clicked on

2023-07-03 18:51:23 - [TEST_STEP][PASSED] - verifyElementVisible(findTestObject("03-Header Menu/User Profile/View Profile/Contact Info/Success Msg")): Object 'Object Repository/03-Header Menu/User Profile/View Profile/Contact Info/Success Msg' is visible

2023-07-03 18:51:24 - [MESSAGE][PASSED] - Object 'Object Repository/03-Header Menu/User Profile/View Profile/Contact Info/Success Msg' is visible

2023-07-03 18:51:24 - [TEST_STEP][PASSED] - delay(delay_2seconds): Delayed 2 second(s)

2023-07-03 18:51:26 - [MESSAGE][PASSED] - Delayed 2 second(s)

2023-07-03 18:51:26 - [TEST_STEP][PASSED] - scrollToElement(findTestObject("03-Header Menu/User Profile/View Profile/div_Contact Info"), 0): Scroll to object 'Object Repository/03-Header Menu/User Profile/View Profile/div_Contact Info' successfully

2023-07-03 18:51:26 - [MESSAGE][WARNING] - Timeout '0' is invalid. Using default page load timeout: '30'

2023-07-03 18:51:26 - [MESSAGE][PASSED] - Scroll to object 'Object Repository/03-Header Menu/User Profile/View Profile/div_Contact Info' successfully

2023-07-03 18:51:26 - [TEST_STEP][PASSED] - delay(delay_2seconds): Delayed 2 second(s)

2023-07-03 18:51:28 - [MESSAGE][PASSED] - Delayed 2 second(s)]]></system-out>
         <system-err><![CDATA[]]></system-err>
      </testcase>
      <testcase name="Test Cases/03-Header Menu/13- Contact Info (add-remove phone number)" time="20.555" classname="Test Cases/03-Header Menu/13- Contact Info (add-remove phone number)" status="PASSED">
         <system-out><![CDATA[2023-07-03 18:51:29 - [TEST_CASE][PASSED] - Test Cases/03-Header Menu/13- Contact Info (add-remove phone number): Test Cases/03-Header Menu/13- Contact Info (add-remove phone number)

2023-07-03 18:51:29 - [TEST_STEP][PASSED] - click(findTestObject("03-Header Menu/User Profile/View Profile/Contact Info/phone field")): Object: 'Object Repository/03-Header Menu/User Profile/View Profile/Contact Info/phone field' is clicked on

2023-07-03 18:51:29 - [MESSAGE][PASSED] - Object: 'Object Repository/03-Header Menu/User Profile/View Profile/Contact Info/phone field' is clicked on

2023-07-03 18:51:29 - [TEST_STEP][PASSED] - click(findTestObject("03-Header Menu/User Profile/View Profile/Contact Info/area code selector")): Object: 'Object Repository/03-Header Menu/User Profile/View Profile/Contact Info/area code selector' is clicked on

2023-07-03 18:51:30 - [MESSAGE][PASSED] - Object: 'Object Repository/03-Header Menu/User Profile/View Profile/Contact Info/area code selector' is clicked on

2023-07-03 18:51:30 - [TEST_STEP][PASSED] - verifyElementVisible(findTestObject("03-Header Menu/User Profile/View Profile/Contact Info/area code modal")): Object 'Object Repository/03-Header Menu/User Profile/View Profile/Contact Info/area code modal' is visible

2023-07-03 18:51:30 - [MESSAGE][PASSED] - Object 'Object Repository/03-Header Menu/User Profile/View Profile/Contact Info/area code modal' is visible

2023-07-03 18:51:30 - [TEST_STEP][PASSED] - click(findTestObject("03-Header Menu/User Profile/View Profile/Contact Info/button_Philippines 63")): Object: 'Object Repository/03-Header Menu/User Profile/View Profile/Contact Info/button_Philippines 63' is clicked on

2023-07-03 18:51:31 - [MESSAGE][PASSED] - Object: 'Object Repository/03-Header Menu/User Profile/View Profile/Contact Info/button_Philippines 63' is clicked on

2023-07-03 18:51:31 - [TEST_STEP][PASSED] - setText(findTestObject("03-Header Menu/User Profile/View Profile/Contact Info/phone field"), "9211234567"): Text '9211234567' is set on object 'Object Repository/03-Header Menu/User Profile/View Profile/Contact Info/phone field'

2023-07-03 18:51:33 - [MESSAGE][PASSED] - Text '9211234567' is set on object 'Object Repository/03-Header Menu/User Profile/View Profile/Contact Info/phone field'

2023-07-03 18:51:33 - [TEST_STEP][PASSED] - sendKeys(findTestObject("03-Header Menu/User Profile/View Profile/Contact Info/Positon Field"), Keys.chord(ENTER)): Keys 'ENTER + ' sent to object: 'Object Repository/03-Header Menu/User Profile/View Profile/Contact Info/Positon Field'

2023-07-03 18:51:33 - [MESSAGE][PASSED] - Keys 'ENTER + ' sent to object: 'Object Repository/03-Header Menu/User Profile/View Profile/Contact Info/Positon Field'

2023-07-03 18:51:33 - [TEST_STEP][PASSED] - click(findTestObject("03-Header Menu/User Profile/View Profile/Contact Info/button_Save")): Object: 'Object Repository/03-Header Menu/User Profile/View Profile/Contact Info/button_Save' is clicked on

2023-07-03 18:51:34 - [MESSAGE][PASSED] - Object: 'Object Repository/03-Header Menu/User Profile/View Profile/Contact Info/button_Save' is clicked on

2023-07-03 18:51:34 - [TEST_STEP][PASSED] - delay(delay_3seconds): Delayed 3 second(s)

2023-07-03 18:51:37 - [MESSAGE][PASSED] - Delayed 3 second(s)

2023-07-03 18:51:37 - [TEST_STEP][PASSED] - verifyElementVisible(findTestObject("03-Header Menu/User Profile/View Profile/Contact Info/Success Msg")): Object 'Object Repository/03-Header Menu/User Profile/View Profile/Contact Info/Success Msg' is visible

2023-07-03 18:51:37 - [MESSAGE][PASSED] - Object 'Object Repository/03-Header Menu/User Profile/View Profile/Contact Info/Success Msg' is visible

2023-07-03 18:51:37 - [TEST_STEP][PASSED] - delay(delay_3seconds): Delayed 3 second(s)

2023-07-03 18:51:40 - [MESSAGE][PASSED] - Delayed 3 second(s)

2023-07-03 18:51:40 - [TEST_STEP][PASSED] - mouseOver(findTestObject("03-Header Menu/User Profile/View Profile/Contact Info/phone field")): Object: 'Object Repository/03-Header Menu/User Profile/View Profile/Contact Info/phone field' is hovered

2023-07-03 18:51:41 - [MESSAGE][PASSED] - Object: 'Object Repository/03-Header Menu/User Profile/View Profile/Contact Info/phone field' is hovered

2023-07-03 18:51:41 - [TEST_STEP][PASSED] - delay(delay_3seconds): Delayed 3 second(s)

2023-07-03 18:51:44 - [MESSAGE][PASSED] - Delayed 3 second(s)

2023-07-03 18:51:44 - [TEST_STEP][PASSED] - click(findTestObject("03-Header Menu/User Profile/View Profile/Contact Info/phone remove button")): Object: 'Object Repository/03-Header Menu/User Profile/View Profile/Contact Info/phone remove button' is clicked on

2023-07-03 18:51:44 - [MESSAGE][PASSED] - Object: 'Object Repository/03-Header Menu/User Profile/View Profile/Contact Info/phone remove button' is clicked on

2023-07-03 18:51:44 - [TEST_STEP][PASSED] - sendKeys(findTestObject("03-Header Menu/User Profile/View Profile/Contact Info/Positon Field"), Keys.chord(ENTER)): Keys 'ENTER + ' sent to object: 'Object Repository/03-Header Menu/User Profile/View Profile/Contact Info/Positon Field'

2023-07-03 18:51:45 - [MESSAGE][PASSED] - Keys 'ENTER + ' sent to object: 'Object Repository/03-Header Menu/User Profile/View Profile/Contact Info/Positon Field'

2023-07-03 18:51:45 - [TEST_STEP][PASSED] - click(findTestObject("03-Header Menu/User Profile/View Profile/Contact Info/button_Save")): Object: 'Object Repository/03-Header Menu/User Profile/View Profile/Contact Info/button_Save' is clicked on

2023-07-03 18:51:45 - [MESSAGE][PASSED] - Object: 'Object Repository/03-Header Menu/User Profile/View Profile/Contact Info/button_Save' is clicked on

2023-07-03 18:51:45 - [TEST_STEP][PASSED] - verifyElementVisible(findTestObject("03-Header Menu/User Profile/View Profile/Contact Info/Success Msg")): Object 'Object Repository/03-Header Menu/User Profile/View Profile/Contact Info/Success Msg' is visible

2023-07-03 18:51:46 - [MESSAGE][PASSED] - Object 'Object Repository/03-Header Menu/User Profile/View Profile/Contact Info/Success Msg' is visible

2023-07-03 18:51:46 - [TEST_STEP][PASSED] - delay(delay_3seconds): Delayed 3 second(s)

2023-07-03 18:51:49 - [MESSAGE][PASSED] - Delayed 3 second(s)]]></system-out>
         <system-err><![CDATA[]]></system-err>
      </testcase>
      <testcase name="Test Cases/03-Header Menu/14- Contact Info (add-remove address)" time="49.306" classname="Test Cases/03-Header Menu/14- Contact Info (add-remove address)" status="PASSED">
         <system-out><![CDATA[2023-07-03 18:51:49 - [TEST_CASE][PASSED] - Test Cases/03-Header Menu/14- Contact Info (add-remove address): Test Cases/03-Header Menu/14- Contact Info (add-remove address)

2023-07-03 18:51:49 - [TEST_STEP][PASSED] - delay(delay_2seconds): Delayed 2 second(s)

2023-07-03 18:51:51 - [MESSAGE][PASSED] - Delayed 2 second(s)

2023-07-03 18:51:51 - [TEST_STEP][PASSED] - click(findTestObject("03-Header Menu/User Profile/View Profile/Contact Info/add address button")): Object: 'Object Repository/03-Header Menu/User Profile/View Profile/Contact Info/add address button' is clicked on

2023-07-03 18:51:53 - [MESSAGE][PASSED] - Object: 'Object Repository/03-Header Menu/User Profile/View Profile/Contact Info/add address button' is clicked on

2023-07-03 18:51:53 - [TEST_STEP][PASSED] - verifyElementVisible(findTestObject("03-Header Menu/User Profile/View Profile/Contact Info/h4_Edit Address")): Object 'Object Repository/03-Header Menu/User Profile/View Profile/Contact Info/h4_Edit Address' is visible

2023-07-03 18:51:54 - [MESSAGE][PASSED] - Object 'Object Repository/03-Header Menu/User Profile/View Profile/Contact Info/h4_Edit Address' is visible

2023-07-03 18:51:54 - [TEST_STEP][PASSED] - delay(delay_2seconds): Delayed 2 second(s)

2023-07-03 18:51:56 - [MESSAGE][PASSED] - Delayed 2 second(s)

2023-07-03 18:51:56 - [TEST_STEP][PASSED] - click(findTestObject("03-Header Menu/User Profile/View Profile/Contact Info/input_street1")): Object: 'Object Repository/03-Header Menu/User Profile/View Profile/Contact Info/input_street1' is clicked on

2023-07-03 18:51:56 - [MESSAGE][PASSED] - Object: 'Object Repository/03-Header Menu/User Profile/View Profile/Contact Info/input_street1' is clicked on

2023-07-03 18:51:56 - [TEST_STEP][PASSED] - click(findTestObject("03-Header Menu/User Profile/View Profile/Contact Info/input_street2")): Object: 'Object Repository/03-Header Menu/User Profile/View Profile/Contact Info/input_street2' is clicked on

2023-07-03 18:51:57 - [MESSAGE][PASSED] - Object: 'Object Repository/03-Header Menu/User Profile/View Profile/Contact Info/input_street2' is clicked on

2023-07-03 18:51:57 - [TEST_STEP][PASSED] - click(findTestObject("03-Header Menu/User Profile/View Profile/Contact Info/input_postcode")): Object: 'Object Repository/03-Header Menu/User Profile/View Profile/Contact Info/input_postcode' is clicked on

2023-07-03 18:51:57 - [MESSAGE][PASSED] - Object: 'Object Repository/03-Header Menu/User Profile/View Profile/Contact Info/input_postcode' is clicked on

2023-07-03 18:51:57 - [TEST_STEP][PASSED] - click(findTestObject("03-Header Menu/User Profile/View Profile/Contact Info/input_city")): Object: 'Object Repository/03-Header Menu/User Profile/View Profile/Contact Info/input_city' is clicked on

2023-07-03 18:51:58 - [MESSAGE][PASSED] - Object: 'Object Repository/03-Header Menu/User Profile/View Profile/Contact Info/input_city' is clicked on

2023-07-03 18:51:58 - [TEST_STEP][PASSED] - click(findTestObject("03-Header Menu/User Profile/View Profile/Contact Info/input_state")): Object: 'Object Repository/03-Header Menu/User Profile/View Profile/Contact Info/input_state' is clicked on

2023-07-03 18:51:58 - [MESSAGE][PASSED] - Object: 'Object Repository/03-Header Menu/User Profile/View Profile/Contact Info/input_state' is clicked on

2023-07-03 18:51:58 - [TEST_STEP][PASSED] - click(findTestObject("03-Header Menu/User Profile/View Profile/Contact Info/input_country")): Object: 'Object Repository/03-Header Menu/User Profile/View Profile/Contact Info/input_country' is clicked on

2023-07-03 18:51:59 - [MESSAGE][PASSED] - Object: 'Object Repository/03-Header Menu/User Profile/View Profile/Contact Info/input_country' is clicked on

2023-07-03 18:51:59 - [TEST_STEP][PASSED] - doubleClick(findTestObject("03-Header Menu/User Profile/View Profile/Contact Info/input_state")): Object: 'Object Repository/03-Header Menu/User Profile/View Profile/Contact Info/input_state' is double clicked on

2023-07-03 18:51:59 - [MESSAGE][PASSED] - Object: 'Object Repository/03-Header Menu/User Profile/View Profile/Contact Info/input_state' is double clicked on

2023-07-03 18:51:59 - [TEST_STEP][PASSED] - scrollToElement(findTestObject("03-Header Menu/User Profile/View Profile/Contact Info/input_address type"), 0): Scroll to object 'Object Repository/03-Header Menu/User Profile/View Profile/Contact Info/input_address type' successfully

2023-07-03 18:51:59 - [MESSAGE][WARNING] - Timeout '0' is invalid. Using default page load timeout: '30'

2023-07-03 18:52:00 - [MESSAGE][PASSED] - Scroll to object 'Object Repository/03-Header Menu/User Profile/View Profile/Contact Info/input_address type' successfully

2023-07-03 18:52:00 - [TEST_STEP][PASSED] - click(findTestObject("03-Header Menu/User Profile/View Profile/Contact Info/input_address type")): Object: 'Object Repository/03-Header Menu/User Profile/View Profile/Contact Info/input_address type' is clicked on

2023-07-03 18:52:01 - [MESSAGE][PASSED] - Object: 'Object Repository/03-Header Menu/User Profile/View Profile/Contact Info/input_address type' is clicked on

2023-07-03 18:52:01 - [TEST_STEP][PASSED] - verifyElementVisible(findTestObject("03-Header Menu/User Profile/View Profile/Contact Info/span_Work")): Object 'Object Repository/03-Header Menu/User Profile/View Profile/Contact Info/span_Work' is visible

2023-07-03 18:52:01 - [MESSAGE][PASSED] - Object 'Object Repository/03-Header Menu/User Profile/View Profile/Contact Info/span_Work' is visible

2023-07-03 18:52:01 - [TEST_STEP][PASSED] - verifyElementVisible(findTestObject("03-Header Menu/User Profile/View Profile/Contact Info/span_Personal")): Object 'Object Repository/03-Header Menu/User Profile/View Profile/Contact Info/span_Personal' is visible

2023-07-03 18:52:01 - [MESSAGE][PASSED] - Object 'Object Repository/03-Header Menu/User Profile/View Profile/Contact Info/span_Personal' is visible

2023-07-03 18:52:01 - [TEST_STEP][PASSED] - verifyElementVisible(findTestObject("03-Header Menu/User Profile/View Profile/Contact Info/span_Other")): Object 'Object Repository/03-Header Menu/User Profile/View Profile/Contact Info/span_Other' is visible

2023-07-03 18:52:03 - [MESSAGE][PASSED] - Object 'Object Repository/03-Header Menu/User Profile/View Profile/Contact Info/span_Other' is visible

2023-07-03 18:52:03 - [TEST_STEP][PASSED] - scrollToElement(findTestObject("03-Header Menu/User Profile/View Profile/Contact Info/input_street1"), 0): Scroll to object 'Object Repository/03-Header Menu/User Profile/View Profile/Contact Info/input_street1' successfully

2023-07-03 18:52:03 - [MESSAGE][WARNING] - Timeout '0' is invalid. Using default page load timeout: '30'

2023-07-03 18:52:03 - [MESSAGE][PASSED] - Scroll to object 'Object Repository/03-Header Menu/User Profile/View Profile/Contact Info/input_street1' successfully

2023-07-03 18:52:03 - [TEST_STEP][PASSED] - doubleClick(findTestObject("03-Header Menu/User Profile/View Profile/Contact Info/input_street1")): Object: 'Object Repository/03-Header Menu/User Profile/View Profile/Contact Info/input_street1' is double clicked on

2023-07-03 18:52:04 - [MESSAGE][PASSED] - Object: 'Object Repository/03-Header Menu/User Profile/View Profile/Contact Info/input_street1' is double clicked on

2023-07-03 18:52:04 - [TEST_STEP][PASSED] - verifyElementVisible(findTestObject("03-Header Menu/User Profile/View Profile/Contact Info/invalid street 1")): Object 'Object Repository/03-Header Menu/User Profile/View Profile/Contact Info/invalid street 1' is visible

2023-07-03 18:52:04 - [MESSAGE][PASSED] - Object 'Object Repository/03-Header Menu/User Profile/View Profile/Contact Info/invalid street 1' is visible

2023-07-03 18:52:04 - [TEST_STEP][PASSED] - verifyElementVisible(findTestObject("03-Header Menu/User Profile/View Profile/Contact Info/invalid ZIP")): Object 'Object Repository/03-Header Menu/User Profile/View Profile/Contact Info/invalid ZIP' is visible

2023-07-03 18:52:05 - [MESSAGE][PASSED] - Object 'Object Repository/03-Header Menu/User Profile/View Profile/Contact Info/invalid ZIP' is visible

2023-07-03 18:52:05 - [TEST_STEP][PASSED] - verifyElementVisible(findTestObject("03-Header Menu/User Profile/View Profile/Contact Info/invalid City")): Object 'Object Repository/03-Header Menu/User Profile/View Profile/Contact Info/invalid City' is visible

2023-07-03 18:52:05 - [MESSAGE][PASSED] - Object 'Object Repository/03-Header Menu/User Profile/View Profile/Contact Info/invalid City' is visible

2023-07-03 18:52:05 - [TEST_STEP][PASSED] - verifyElementVisible(findTestObject("03-Header Menu/User Profile/View Profile/Contact Info/invalid state")): Object 'Object Repository/03-Header Menu/User Profile/View Profile/Contact Info/invalid state' is visible

2023-07-03 18:52:05 - [MESSAGE][PASSED] - Object 'Object Repository/03-Header Menu/User Profile/View Profile/Contact Info/invalid state' is visible

2023-07-03 18:52:05 - [TEST_STEP][PASSED] - delay(delay_2seconds): Delayed 2 second(s)

2023-07-03 18:52:07 - [MESSAGE][PASSED] - Delayed 2 second(s)

2023-07-03 18:52:07 - [TEST_STEP][PASSED] - click(findTestObject("03-Header Menu/User Profile/View Profile/Contact Info/input_street1")): Object: 'Object Repository/03-Header Menu/User Profile/View Profile/Contact Info/input_street1' is clicked on

2023-07-03 18:52:08 - [MESSAGE][PASSED] - Object: 'Object Repository/03-Header Menu/User Profile/View Profile/Contact Info/input_street1' is clicked on

2023-07-03 18:52:08 - [TEST_STEP][PASSED] - verifyElementNotClickable(findTestObject("03-Header Menu/User Profile/View Profile/Contact Info/button_Save_address")): Object 'Object Repository/03-Header Menu/User Profile/View Profile/Contact Info/button_Save_address' is NOT clickable

2023-07-03 18:52:08 - [MESSAGE][PASSED] - Object 'Object Repository/03-Header Menu/User Profile/View Profile/Contact Info/button_Save_address' is NOT clickable

2023-07-03 18:52:08 - [TEST_STEP][PASSED] - click(findTestObject("03-Header Menu/User Profile/View Profile/Contact Info/button_Cancel")): Object: 'Object Repository/03-Header Menu/User Profile/View Profile/Contact Info/button_Cancel' is clicked on

2023-07-03 18:52:09 - [MESSAGE][PASSED] - Object: 'Object Repository/03-Header Menu/User Profile/View Profile/Contact Info/button_Cancel' is clicked on

2023-07-03 18:52:09 - [TEST_STEP][PASSED] - delay(delay_2seconds): Delayed 2 second(s)

2023-07-03 18:52:11 - [MESSAGE][PASSED] - Delayed 2 second(s)

2023-07-03 18:52:11 - [TEST_STEP][PASSED] - click(findTestObject("03-Header Menu/User Profile/View Profile/Contact Info/add address button")): Object: 'Object Repository/03-Header Menu/User Profile/View Profile/Contact Info/add address button' is clicked on

2023-07-03 18:52:11 - [MESSAGE][PASSED] - Object: 'Object Repository/03-Header Menu/User Profile/View Profile/Contact Info/add address button' is clicked on

2023-07-03 18:52:11 - [TEST_STEP][PASSED] - verifyElementVisible(findTestObject("03-Header Menu/User Profile/View Profile/Contact Info/h4_Edit Address")): Object 'Object Repository/03-Header Menu/User Profile/View Profile/Contact Info/h4_Edit Address' is visible

2023-07-03 18:52:12 - [MESSAGE][PASSED] - Object 'Object Repository/03-Header Menu/User Profile/View Profile/Contact Info/h4_Edit Address' is visible

2023-07-03 18:52:12 - [TEST_STEP][PASSED] - setText(findTestObject("03-Header Menu/User Profile/View Profile/Contact Info/input_street1"), "05 Test"): Text '05 Test' is set on object 'Object Repository/03-Header Menu/User Profile/View Profile/Contact Info/input_street1'

2023-07-03 18:52:13 - [MESSAGE][PASSED] - Text '05 Test' is set on object 'Object Repository/03-Header Menu/User Profile/View Profile/Contact Info/input_street1'

2023-07-03 18:52:13 - [TEST_STEP][PASSED] - setText(findTestObject("03-Header Menu/User Profile/View Profile/Contact Info/input_street2"), "corner Automation"): Text 'corner Automation' is set on object 'Object Repository/03-Header Menu/User Profile/View Profile/Contact Info/input_street2'

2023-07-03 18:52:14 - [MESSAGE][PASSED] - Text 'corner Automation' is set on object 'Object Repository/03-Header Menu/User Profile/View Profile/Contact Info/input_street2'

2023-07-03 18:52:14 - [TEST_STEP][PASSED] - setText(findTestObject("03-Header Menu/User Profile/View Profile/Contact Info/input_postcode"), "54321"): Text '54321' is set on object 'Object Repository/03-Header Menu/User Profile/View Profile/Contact Info/input_postcode'

2023-07-03 18:52:15 - [MESSAGE][PASSED] - Text '54321' is set on object 'Object Repository/03-Header Menu/User Profile/View Profile/Contact Info/input_postcode'

2023-07-03 18:52:15 - [TEST_STEP][PASSED] - setText(findTestObject("03-Header Menu/User Profile/View Profile/Contact Info/input_city"), "Test City"): Text 'Test City' is set on object 'Object Repository/03-Header Menu/User Profile/View Profile/Contact Info/input_city'

2023-07-03 18:52:16 - [MESSAGE][PASSED] - Text 'Test City' is set on object 'Object Repository/03-Header Menu/User Profile/View Profile/Contact Info/input_city'

2023-07-03 18:52:16 - [TEST_STEP][PASSED] - setText(findTestObject("03-Header Menu/User Profile/View Profile/Contact Info/input_state"), "Test State"): Text 'Test State' is set on object 'Object Repository/03-Header Menu/User Profile/View Profile/Contact Info/input_state'

2023-07-03 18:52:17 - [MESSAGE][PASSED] - Text 'Test State' is set on object 'Object Repository/03-Header Menu/User Profile/View Profile/Contact Info/input_state'

2023-07-03 18:52:17 - [TEST_STEP][PASSED] - click(findTestObject("03-Header Menu/User Profile/View Profile/Contact Info/input_country"), STOP_ON_FAILURE): Object: 'Object Repository/03-Header Menu/User Profile/View Profile/Contact Info/input_country' is clicked on

2023-07-03 18:52:18 - [MESSAGE][PASSED] - Object: 'Object Repository/03-Header Menu/User Profile/View Profile/Contact Info/input_country' is clicked on

2023-07-03 18:52:18 - [TEST_STEP][PASSED] - click(findTestObject("03-Header Menu/User Profile/View Profile/Contact Info/span_United States"), STOP_ON_FAILURE): Object: 'Object Repository/03-Header Menu/User Profile/View Profile/Contact Info/span_United States' is clicked on

2023-07-03 18:52:18 - [MESSAGE][PASSED] - Object: 'Object Repository/03-Header Menu/User Profile/View Profile/Contact Info/span_United States' is clicked on

2023-07-03 18:52:18 - [TEST_STEP][PASSED] - scrollToElement(findTestObject("03-Header Menu/User Profile/View Profile/Contact Info/input_address type"), 0): Scroll to object 'Object Repository/03-Header Menu/User Profile/View Profile/Contact Info/input_address type' successfully

2023-07-03 18:52:18 - [MESSAGE][WARNING] - Timeout '0' is invalid. Using default page load timeout: '30'

2023-07-03 18:52:19 - [MESSAGE][PASSED] - Scroll to object 'Object Repository/03-Header Menu/User Profile/View Profile/Contact Info/input_address type' successfully

2023-07-03 18:52:19 - [TEST_STEP][PASSED] - click(findTestObject("03-Header Menu/User Profile/View Profile/Contact Info/input_address type")): Object: 'Object Repository/03-Header Menu/User Profile/View Profile/Contact Info/input_address type' is clicked on

2023-07-03 18:52:19 - [MESSAGE][PASSED] - Object: 'Object Repository/03-Header Menu/User Profile/View Profile/Contact Info/input_address type' is clicked on

2023-07-03 18:52:19 - [TEST_STEP][PASSED] - click(findTestObject("03-Header Menu/User Profile/View Profile/Contact Info/span_Work")): Object: 'Object Repository/03-Header Menu/User Profile/View Profile/Contact Info/span_Work' is clicked on

2023-07-03 18:52:20 - [MESSAGE][PASSED] - Object: 'Object Repository/03-Header Menu/User Profile/View Profile/Contact Info/span_Work' is clicked on

2023-07-03 18:52:20 - [TEST_STEP][PASSED] - delay(delay_2seconds): Delayed 2 second(s)

2023-07-03 18:52:22 - [MESSAGE][PASSED] - Delayed 2 second(s)

2023-07-03 18:52:22 - [TEST_STEP][PASSED] - click(findTestObject("03-Header Menu/User Profile/View Profile/Contact Info/button_Save_address")): Object: 'Object Repository/03-Header Menu/User Profile/View Profile/Contact Info/button_Save_address' is clicked on

2023-07-03 18:52:23 - [MESSAGE][PASSED] - Object: 'Object Repository/03-Header Menu/User Profile/View Profile/Contact Info/button_Save_address' is clicked on

2023-07-03 18:52:23 - [TEST_STEP][PASSED] - delay(delay_2seconds): Delayed 2 second(s)

2023-07-03 18:52:25 - [MESSAGE][PASSED] - Delayed 2 second(s)

2023-07-03 18:52:25 - [TEST_STEP][PASSED] - scrollToElement(findTestObject("03-Header Menu/User Profile/View Profile/Contact Info/Address Added"), 0): Scroll to object 'Object Repository/03-Header Menu/User Profile/View Profile/Contact Info/Address Added' successfully

2023-07-03 18:52:25 - [MESSAGE][WARNING] - Timeout '0' is invalid. Using default page load timeout: '30'

2023-07-03 18:52:25 - [MESSAGE][PASSED] - Scroll to object 'Object Repository/03-Header Menu/User Profile/View Profile/Contact Info/Address Added' successfully

2023-07-03 18:52:25 - [TEST_STEP][PASSED] - verifyElementVisible(findTestObject("03-Header Menu/User Profile/View Profile/Contact Info/Address Added")): Object 'Object Repository/03-Header Menu/User Profile/View Profile/Contact Info/Address Added' is visible

2023-07-03 18:52:25 - [MESSAGE][PASSED] - Object 'Object Repository/03-Header Menu/User Profile/View Profile/Contact Info/Address Added' is visible

2023-07-03 18:52:25 - [TEST_STEP][PASSED] - delay(delay_2seconds): Delayed 2 second(s)

2023-07-03 18:52:28 - [MESSAGE][PASSED] - Delayed 2 second(s)

2023-07-03 18:52:28 - [TEST_STEP][PASSED] - click(findTestObject("03-Header Menu/User Profile/View Profile/Contact Info/button_Save")): Object: 'Object Repository/03-Header Menu/User Profile/View Profile/Contact Info/button_Save' is clicked on

2023-07-03 18:52:28 - [MESSAGE][PASSED] - Object: 'Object Repository/03-Header Menu/User Profile/View Profile/Contact Info/button_Save' is clicked on

2023-07-03 18:52:28 - [TEST_STEP][PASSED] - verifyElementVisible(findTestObject("03-Header Menu/User Profile/View Profile/Contact Info/Success Msg")): Object 'Object Repository/03-Header Menu/User Profile/View Profile/Contact Info/Success Msg' is visible

2023-07-03 18:52:29 - [MESSAGE][PASSED] - Object 'Object Repository/03-Header Menu/User Profile/View Profile/Contact Info/Success Msg' is visible

2023-07-03 18:52:29 - [TEST_STEP][PASSED] - delay(delay_2seconds): Delayed 2 second(s)

2023-07-03 18:52:31 - [MESSAGE][PASSED] - Delayed 2 second(s)

2023-07-03 18:52:31 - [TEST_STEP][PASSED] - mouseOver(findTestObject("03-Header Menu/User Profile/View Profile/Contact Info/Mouse over target")): Object: 'Object Repository/03-Header Menu/User Profile/View Profile/Contact Info/Mouse over target' is hovered

2023-07-03 18:52:32 - [MESSAGE][PASSED] - Object: 'Object Repository/03-Header Menu/User Profile/View Profile/Contact Info/Mouse over target' is hovered

2023-07-03 18:52:32 - [TEST_STEP][PASSED] - click(findTestObject("03-Header Menu/User Profile/View Profile/Contact Info/button_remove_address")): Object: 'Object Repository/03-Header Menu/User Profile/View Profile/Contact Info/button_remove_address' is clicked on

2023-07-03 18:52:33 - [MESSAGE][PASSED] - Object: 'Object Repository/03-Header Menu/User Profile/View Profile/Contact Info/button_remove_address' is clicked on

2023-07-03 18:52:33 - [TEST_STEP][PASSED] - click(findTestObject("03-Header Menu/User Profile/View Profile/Contact Info/button_Save")): Object: 'Object Repository/03-Header Menu/User Profile/View Profile/Contact Info/button_Save' is clicked on

2023-07-03 18:52:33 - [MESSAGE][PASSED] - Object: 'Object Repository/03-Header Menu/User Profile/View Profile/Contact Info/button_Save' is clicked on

2023-07-03 18:52:33 - [TEST_STEP][PASSED] - verifyElementVisible(findTestObject("03-Header Menu/User Profile/View Profile/Contact Info/Success Msg")): Object 'Object Repository/03-Header Menu/User Profile/View Profile/Contact Info/Success Msg' is visible

2023-07-03 18:52:34 - [MESSAGE][PASSED] - Object 'Object Repository/03-Header Menu/User Profile/View Profile/Contact Info/Success Msg' is visible

2023-07-03 18:52:34 - [TEST_STEP][PASSED] - delay(delay_3seconds): Delayed 3 second(s)

2023-07-03 18:52:37 - [MESSAGE][PASSED] - Delayed 3 second(s)

2023-07-03 18:52:37 - [TEST_STEP][PASSED] - closeBrowser(): Browser is closed

2023-07-03 18:52:38 - [MESSAGE][PASSED] - Browser is closed]]></system-out>
         <system-err><![CDATA[]]></system-err>
      </testcase>
      <testcase name="Test Cases/03-Header Menu/15- Change Password (Blank Fields)" time="78.85" classname="Test Cases/03-Header Menu/15- Change Password (Blank Fields)" status="PASSED">
         <system-out><![CDATA[2023-07-03 18:52:38 - [TEST_CASE][PASSED] - Test Cases/03-Header Menu/15- Change Password (Blank Fields): Test Cases/03-Header Menu/15- Change Password (Blank Fields)

2023-07-03 18:52:39 - [TEST_STEP][PASSED] - openBrowser(""): Browser is opened with url: ''

2023-07-03 18:52:39 - [MESSAGE][INFO] - Starting 'Chrome' driver

2023-07-03 18:52:39 - [MESSAGE][INFO] - User set preference: ['args', '[--disable-web-security, --ignore-certificate-errors, --no-first-run, --disable-gpu]']

2023-07-03 18:52:39 - [MESSAGE][INFO] - Action delay is set to 0 milliseconds

2023-07-03 18:52:40 - [MESSAGE][PASSED] - Browser is opened with url: ''

2023-07-03 18:52:40 - [TEST_STEP][PASSED] - navigateToUrl(app_url_login): Navigate to 'https://lab.everleagues.com/login' successfully

2023-07-03 18:52:52 - [MESSAGE][PASSED] - Navigate to 'https://lab.everleagues.com/login' successfully

2023-07-03 18:52:52 - [TEST_STEP][PASSED] - maximizeWindow(): Current window maximized

2023-07-03 18:52:52 - [MESSAGE][PASSED] - Current window maximized

2023-07-03 18:52:52 - [TEST_STEP][PASSED] - callTestCase(findTestCase("01-Login and Forgot Password/04-Login(Valid Credentials-With Subscription)"), [:], STOP_ON_FAILURE): Call Test Case 'Test Cases/01-Login and Forgot Password/04-Login(Valid Credentials-With Subscription)' successfully

2023-07-03 18:52:52 - [TEST_CASE][PASSED] - Test Cases/01-Login and Forgot Password/04-Login(Valid Credentials-With Subscription): Test Cases/01-Login and Forgot Password/04-Login(Valid Credentials-With Subscription)

2023-07-03 18:52:52 - [TEST_STEP][PASSED] - setText(findTestObject("01-Login and Forgot Password/input_Email_email"), email_with_subscription): Text 'testuser05@mailinator.com' is set on object 'Object Repository/01-Login and Forgot Password/input_Email_email'

2023-07-03 18:52:53 - [MESSAGE][PASSED] - Text 'testuser05@mailinator.com' is set on object 'Object Repository/01-Login and Forgot Password/input_Email_email'

2023-07-03 18:52:53 - [TEST_STEP][PASSED] - setEncryptedText(findTestObject("01-Login and Forgot Password/input_Email_password"), password): Text ****** has been set on object 'Object Repository/01-Login and Forgot Password/input_Email_password'

2023-07-03 18:52:54 - [MESSAGE][PASSED] - Text ****** has been set on object 'Object Repository/01-Login and Forgot Password/input_Email_password'

2023-07-03 18:52:54 - [TEST_STEP][PASSED] - delay(delay_2seconds): Delayed 2 second(s)

2023-07-03 18:52:56 - [MESSAGE][PASSED] - Delayed 2 second(s)

2023-07-03 18:52:56 - [TEST_STEP][PASSED] - click(findTestObject("01-Login and Forgot Password/show pass button")): Object: 'Object Repository/01-Login and Forgot Password/show pass button' is clicked on

2023-07-03 18:52:56 - [MESSAGE][PASSED] - Object: 'Object Repository/01-Login and Forgot Password/show pass button' is clicked on

2023-07-03 18:52:56 - [TEST_STEP][PASSED] - delay(delay_3seconds): Delayed 3 second(s)

2023-07-03 18:52:59 - [MESSAGE][PASSED] - Delayed 3 second(s)

2023-07-03 18:53:00 - [TEST_STEP][PASSED] - click(findTestObject("01-Login and Forgot Password/button_Sign in")): Object: 'Object Repository/01-Login and Forgot Password/button_Sign in' is clicked on

2023-07-03 18:53:00 - [MESSAGE][PASSED] - Object: 'Object Repository/01-Login and Forgot Password/button_Sign in' is clicked on

2023-07-03 18:53:00 - [TEST_STEP][PASSED] - delay(delay_3seconds): Delayed 3 second(s)

2023-07-03 18:53:03 - [MESSAGE][PASSED] - Delayed 3 second(s)

2023-07-03 18:53:03 - [TEST_STEP][PASSED] - click(findTestObject("06-Teams/For 2FA/button_Confirm_2FA")): Object: 'Object Repository/06-Teams/For 2FA/button_Confirm_2FA' is clicked on

2023-07-03 18:53:03 - [MESSAGE][PASSED] - Object: 'Object Repository/06-Teams/For 2FA/button_Confirm_2FA' is clicked on

2023-07-03 18:53:03 - [TEST_STEP][PASSED] - executeJavaScript("window.open();", []): Execute JavaScript 'window.open();' successfully

2023-07-03 18:53:04 - [MESSAGE][PASSED] - Execute JavaScript 'window.open();' successfully

2023-07-03 18:53:04 - [TEST_STEP][PASSED] - currentWindow = getWindowIndex(): Current window's index is: 0

2023-07-03 18:53:04 - [MESSAGE][PASSED] - Current window's index is: 0

2023-07-03 18:53:04 - [TEST_STEP][PASSED] - delay(delay_3seconds): Delayed 3 second(s)

2023-07-03 18:53:07 - [MESSAGE][PASSED] - Delayed 3 second(s)

2023-07-03 18:53:07 - [TEST_STEP][PASSED] - switchToWindowIndex(currentWindow + 1): Switched to window with index: '1'

2023-07-03 18:53:07 - [MESSAGE][PASSED] - Switched to window with index: '1'

2023-07-03 18:53:07 - [TEST_STEP][PASSED] - navigateToUrl(app_mailinator): Navigate to 'https://www.mailinator.com/' successfully

2023-07-03 18:53:12 - [MESSAGE][PASSED] - Navigate to 'https://www.mailinator.com/' successfully

2023-07-03 18:53:12 - [TEST_STEP][PASSED] - delay(delay_3seconds): Delayed 3 second(s)

2023-07-03 18:53:15 - [MESSAGE][PASSED] - Delayed 3 second(s)

2023-07-03 18:53:15 - [TEST_STEP][PASSED] - setText(findTestObject("00-Signup and Activation/zMailinator/input_LOGIN_search"), email_for_searchmailinator_testuser05): Text 'testuser05@mailinator.com' is set on object 'Object Repository/00-Signup and Activation/zMailinator/input_LOGIN_search'

2023-07-03 18:53:16 - [MESSAGE][PASSED] - Text 'testuser05@mailinator.com' is set on object 'Object Repository/00-Signup and Activation/zMailinator/input_LOGIN_search'

2023-07-03 18:53:16 - [TEST_STEP][PASSED] - click(findTestObject("00-Signup and Activation/zMailinator/gobutton"), STOP_ON_FAILURE): Object: 'Object Repository/00-Signup and Activation/zMailinator/gobutton' is clicked on

2023-07-03 18:53:19 - [MESSAGE][PASSED] - Object: 'Object Repository/00-Signup and Activation/zMailinator/gobutton' is clicked on

2023-07-03 18:53:19 - [TEST_STEP][PASSED] - delay(delay_3seconds): Delayed 3 second(s)

2023-07-03 18:53:22 - [MESSAGE][PASSED] - Delayed 3 second(s)

2023-07-03 18:53:22 - [TEST_STEP][PASSED] - click(findTestObject("00-Signup and Activation/zMailinator/Email - everleagues")): Object: 'Object Repository/00-Signup and Activation/zMailinator/Email - everleagues' is clicked on

2023-07-03 18:53:23 - [MESSAGE][PASSED] - Object: 'Object Repository/00-Signup and Activation/zMailinator/Email - everleagues' is clicked on

2023-07-03 18:53:23 - [TEST_STEP][PASSED] - delay(delay_3seconds): Delayed 3 second(s)

2023-07-03 18:53:26 - [MESSAGE][PASSED] - Delayed 3 second(s)

2023-07-03 18:53:26 - [TEST_STEP][PASSED] - code = getText(findTestObject("Object Repository/06-Teams/For 2FA/2FA code")): Text of object 'Object Repository/06-Teams/For 2FA/2FA code' is: '865152'

2023-07-03 18:53:26 - [MESSAGE][PASSED] - Text of object 'Object Repository/06-Teams/For 2FA/2FA code' is: '865152'

2023-07-03 18:53:26 - [TEST_STEP][PASSED] - delay(delay_3seconds): Delayed 3 second(s)

2023-07-03 18:53:29 - [MESSAGE][PASSED] - Delayed 3 second(s)

2023-07-03 18:53:29 - [TEST_STEP][PASSED] - closeWindowTitle("Mailinator"): Window with title: 'Mailinator' is closed

2023-07-03 18:53:30 - [MESSAGE][PASSED] - Window with title: 'Mailinator' is closed

2023-07-03 18:53:30 - [TEST_STEP][PASSED] - delay(delay_3seconds): Delayed 3 second(s)

2023-07-03 18:53:33 - [MESSAGE][PASSED] - Delayed 3 second(s)

2023-07-03 18:53:33 - [TEST_STEP][PASSED] - switchToWindowIndex(0): Switched to window with index: '0'

2023-07-03 18:53:33 - [MESSAGE][PASSED] - Switched to window with index: '0'

2023-07-03 18:53:33 - [TEST_STEP][PASSED] - delay(delay_3seconds): Delayed 3 second(s)

2023-07-03 18:53:36 - [MESSAGE][PASSED] - Delayed 3 second(s)

2023-07-03 18:53:36 - [TEST_STEP][PASSED] - setText(findTestObject("Object Repository/06-Teams/For 2FA/input_Enter verification code_code"), code): Text '865152' is set on object 'Object Repository/06-Teams/For 2FA/input_Enter verification code_code'

2023-07-03 18:53:37 - [MESSAGE][PASSED] - Text '865152' is set on object 'Object Repository/06-Teams/For 2FA/input_Enter verification code_code'

2023-07-03 18:53:37 - [TEST_STEP][PASSED] - delay(delay_3seconds): Delayed 3 second(s)

2023-07-03 18:53:40 - [MESSAGE][PASSED] - Delayed 3 second(s)

2023-07-03 18:53:40 - [TEST_STEP][PASSED] - click(findTestObject("06-Teams/For 2FA/button_Verify_2FA")): Object: 'Object Repository/06-Teams/For 2FA/button_Verify_2FA' is clicked on

2023-07-03 18:53:40 - [MESSAGE][PASSED] - Object: 'Object Repository/06-Teams/For 2FA/button_Verify_2FA' is clicked on

2023-07-03 18:53:40 - [TEST_STEP][PASSED] - delay(delay_3seconds): Delayed 3 second(s)

2023-07-03 18:53:43 - [MESSAGE][PASSED] - Delayed 3 second(s)

2023-07-03 18:53:43 - [MESSAGE][PASSED] - Call Test Case 'Test Cases/01-Login and Forgot Password/04-Login(Valid Credentials-With Subscription)' successfully

2023-07-03 18:53:43 - [TEST_STEP][PASSED] - click(findTestObject("03-Header Menu/User Profile/Users Profile menu and notification button/div_User drop down menu button")): Object: 'Object Repository/03-Header Menu/User Profile/Users Profile menu and notification button/div_User drop down menu button' is clicked on

2023-07-03 18:53:44 - [MESSAGE][PASSED] - Object: 'Object Repository/03-Header Menu/User Profile/Users Profile menu and notification button/div_User drop down menu button' is clicked on

2023-07-03 18:53:44 - [TEST_STEP][PASSED] - delay(delay_2seconds): Delayed 2 second(s)

2023-07-03 18:53:46 - [MESSAGE][PASSED] - Delayed 2 second(s)

2023-07-03 18:53:46 - [TEST_STEP][PASSED] - click(findTestObject("03-Header Menu/Header Menu Verifications/h4_Change Password")): Object: 'Object Repository/03-Header Menu/Header Menu Verifications/h4_Change Password' is clicked on

2023-07-03 18:53:47 - [MESSAGE][PASSED] - Object: 'Object Repository/03-Header Menu/Header Menu Verifications/h4_Change Password' is clicked on

2023-07-03 18:53:47 - [TEST_STEP][PASSED] - verifyElementVisible(findTestObject("03-Header Menu/User Profile/Change Password/h4_Change Password")): Object 'Object Repository/03-Header Menu/User Profile/Change Password/h4_Change Password' is visible

2023-07-03 18:53:48 - [MESSAGE][PASSED] - Object 'Object Repository/03-Header Menu/User Profile/Change Password/h4_Change Password' is visible

2023-07-03 18:53:48 - [TEST_STEP][PASSED] - delay(delay_2seconds): Delayed 2 second(s)

2023-07-03 18:53:50 - [MESSAGE][PASSED] - Delayed 2 second(s)

2023-07-03 18:53:50 - [TEST_STEP][PASSED] - click(findTestObject("03-Header Menu/User Profile/Change Password/input_Old password")): Object: 'Object Repository/03-Header Menu/User Profile/Change Password/input_Old password' is clicked on

2023-07-03 18:53:50 - [MESSAGE][PASSED] - Object: 'Object Repository/03-Header Menu/User Profile/Change Password/input_Old password' is clicked on

2023-07-03 18:53:50 - [TEST_STEP][PASSED] - click(findTestObject("03-Header Menu/User Profile/Change Password/input_new password")): Object: 'Object Repository/03-Header Menu/User Profile/Change Password/input_new password' is clicked on

2023-07-03 18:53:51 - [MESSAGE][PASSED] - Object: 'Object Repository/03-Header Menu/User Profile/Change Password/input_new password' is clicked on

2023-07-03 18:53:51 - [TEST_STEP][PASSED] - click(findTestObject("03-Header Menu/User Profile/Change Password/input_Confirm password")): Object: 'Object Repository/03-Header Menu/User Profile/Change Password/input_Confirm password' is clicked on

2023-07-03 18:53:51 - [MESSAGE][PASSED] - Object: 'Object Repository/03-Header Menu/User Profile/Change Password/input_Confirm password' is clicked on

2023-07-03 18:53:51 - [TEST_STEP][PASSED] - click(findTestObject("03-Header Menu/User Profile/Change Password/input_Old password")): Object: 'Object Repository/03-Header Menu/User Profile/Change Password/input_Old password' is clicked on

2023-07-03 18:53:52 - [MESSAGE][PASSED] - Object: 'Object Repository/03-Header Menu/User Profile/Change Password/input_Old password' is clicked on

2023-07-03 18:53:52 - [TEST_STEP][PASSED] - delay(delay_2seconds): Delayed 2 second(s)

2023-07-03 18:53:54 - [MESSAGE][PASSED] - Delayed 2 second(s)

2023-07-03 18:53:54 - [TEST_STEP][PASSED] - verifyElementVisible(findTestObject("03-Header Menu/User Profile/Change Password/error_Enter your password")): Object 'Object Repository/03-Header Menu/User Profile/Change Password/error_Enter your password' is visible

2023-07-03 18:53:54 - [MESSAGE][PASSED] - Object 'Object Repository/03-Header Menu/User Profile/Change Password/error_Enter your password' is visible

2023-07-03 18:53:54 - [TEST_STEP][PASSED] - verifyElementVisible(findTestObject("03-Header Menu/User Profile/Change Password/error_Password must be at least 8 characters")): Object 'Object Repository/03-Header Menu/User Profile/Change Password/error_Password must be at least 8 characters' is visible

2023-07-03 18:53:54 - [MESSAGE][PASSED] - Object 'Object Repository/03-Header Menu/User Profile/Change Password/error_Password must be at least 8 characters' is visible

2023-07-03 18:53:54 - [TEST_STEP][PASSED] - verifyElementNotClickable(findTestObject("03-Header Menu/User Profile/Change Password/button_Change Password")): Object 'Object Repository/03-Header Menu/User Profile/Change Password/button_Change Password' is NOT clickable

2023-07-03 18:53:55 - [MESSAGE][PASSED] - Object 'Object Repository/03-Header Menu/User Profile/Change Password/button_Change Password' is NOT clickable

2023-07-03 18:53:55 - [TEST_STEP][PASSED] - click(findTestObject("03-Header Menu/User Profile/Change Password/button_Cancel")): Object: 'Object Repository/03-Header Menu/User Profile/Change Password/button_Cancel' is clicked on

2023-07-03 18:53:55 - [MESSAGE][PASSED] - Object: 'Object Repository/03-Header Menu/User Profile/Change Password/button_Cancel' is clicked on

2023-07-03 18:53:55 - [TEST_STEP][PASSED] - delay(delay_2seconds): Delayed 2 second(s)

2023-07-03 18:53:57 - [MESSAGE][PASSED] - Delayed 2 second(s)]]></system-out>
         <system-err><![CDATA[]]></system-err>
      </testcase>
      <testcase name="Test Cases/03-Header Menu/16- Change Password (Incorrect Old Password)" time="10.477" classname="Test Cases/03-Header Menu/16- Change Password (Incorrect Old Password)" status="PASSED">
         <system-out><![CDATA[2023-07-03 18:53:57 - [TEST_CASE][PASSED] - Test Cases/03-Header Menu/16- Change Password (Incorrect Old Password): Test Cases/03-Header Menu/16- Change Password (Incorrect Old Password)

2023-07-03 18:53:58 - [TEST_STEP][PASSED] - click(findTestObject("03-Header Menu/User Profile/Users Profile menu and notification button/div_User drop down menu button")): Object: 'Object Repository/03-Header Menu/User Profile/Users Profile menu and notification button/div_User drop down menu button' is clicked on

2023-07-03 18:53:58 - [MESSAGE][PASSED] - Object: 'Object Repository/03-Header Menu/User Profile/Users Profile menu and notification button/div_User drop down menu button' is clicked on

2023-07-03 18:53:58 - [TEST_STEP][PASSED] - delay(delay_2seconds): Delayed 2 second(s)

2023-07-03 18:54:00 - [MESSAGE][PASSED] - Delayed 2 second(s)

2023-07-03 18:54:00 - [TEST_STEP][PASSED] - click(findTestObject("03-Header Menu/Header Menu Verifications/h4_Change Password")): Object: 'Object Repository/03-Header Menu/Header Menu Verifications/h4_Change Password' is clicked on

2023-07-03 18:54:00 - [MESSAGE][PASSED] - Object: 'Object Repository/03-Header Menu/Header Menu Verifications/h4_Change Password' is clicked on

2023-07-03 18:54:00 - [TEST_STEP][PASSED] - delay(delay_1second): Delayed 1 second(s)

2023-07-03 18:54:01 - [MESSAGE][PASSED] - Delayed 1 second(s)

2023-07-03 18:54:01 - [TEST_STEP][PASSED] - setEncryptedText(findTestObject("03-Header Menu/User Profile/Change Password/input_Old password"), old_password): Text ****** has been set on object 'Object Repository/03-Header Menu/User Profile/Change Password/input_Old password'

2023-07-03 18:54:02 - [MESSAGE][PASSED] - Text ****** has been set on object 'Object Repository/03-Header Menu/User Profile/Change Password/input_Old password'

2023-07-03 18:54:02 - [TEST_STEP][PASSED] - setEncryptedText(findTestObject("03-Header Menu/User Profile/Change Password/input_new password"), new_password): Text ****** has been set on object 'Object Repository/03-Header Menu/User Profile/Change Password/input_new password'

2023-07-03 18:54:02 - [MESSAGE][PASSED] - Text ****** has been set on object 'Object Repository/03-Header Menu/User Profile/Change Password/input_new password'

2023-07-03 18:54:02 - [TEST_STEP][PASSED] - setEncryptedText(findTestObject("03-Header Menu/User Profile/Change Password/input_Confirm password"), confirm_password): Text ****** has been set on object 'Object Repository/03-Header Menu/User Profile/Change Password/input_Confirm password'

2023-07-03 18:54:03 - [MESSAGE][PASSED] - Text ****** has been set on object 'Object Repository/03-Header Menu/User Profile/Change Password/input_Confirm password'

2023-07-03 18:54:03 - [TEST_STEP][PASSED] - click(findTestObject("03-Header Menu/User Profile/Change Password/button_Change Password")): Object: 'Object Repository/03-Header Menu/User Profile/Change Password/button_Change Password' is clicked on

2023-07-03 18:54:04 - [MESSAGE][PASSED] - Object: 'Object Repository/03-Header Menu/User Profile/Change Password/button_Change Password' is clicked on

2023-07-03 18:54:04 - [TEST_STEP][PASSED] - verifyElementVisible(findTestObject("03-Header Menu/User Profile/Change Password/Failed to change password")): Object 'Object Repository/03-Header Menu/User Profile/Change Password/Failed to change password' is visible

2023-07-03 18:54:05 - [MESSAGE][PASSED] - Object 'Object Repository/03-Header Menu/User Profile/Change Password/Failed to change password' is visible

2023-07-03 18:54:05 - [TEST_STEP][PASSED] - click(findTestObject("09-Settings/Users/Active User/button_Cancel_restore")): Object: 'Object Repository/09-Settings/Users/Active User/button_Cancel_restore' is clicked on

2023-07-03 18:54:06 - [MESSAGE][PASSED] - Object: 'Object Repository/09-Settings/Users/Active User/button_Cancel_restore' is clicked on

2023-07-03 18:54:06 - [TEST_STEP][PASSED] - delay(delay_2seconds): Delayed 2 second(s)

2023-07-03 18:54:08 - [MESSAGE][PASSED] - Delayed 2 second(s)]]></system-out>
         <system-err><![CDATA[]]></system-err>
      </testcase>
      <testcase name="Test Cases/03-Header Menu/17- Change Password (old and new didnt match)" time="10.116" classname="Test Cases/03-Header Menu/17- Change Password (old and new didnt match)" status="PASSED">
         <system-out><![CDATA[2023-07-03 18:54:08 - [TEST_CASE][PASSED] - Test Cases/03-Header Menu/17- Change Password (old and new didnt match): Test Cases/03-Header Menu/17- Change Password (old and new didnt match)

2023-07-03 18:54:08 - [TEST_STEP][PASSED] - click(findTestObject("03-Header Menu/User Profile/Users Profile menu and notification button/div_User drop down menu button")): Object: 'Object Repository/03-Header Menu/User Profile/Users Profile menu and notification button/div_User drop down menu button' is clicked on

2023-07-03 18:54:08 - [MESSAGE][PASSED] - Object: 'Object Repository/03-Header Menu/User Profile/Users Profile menu and notification button/div_User drop down menu button' is clicked on

2023-07-03 18:54:08 - [TEST_STEP][PASSED] - delay(delay_2seconds): Delayed 2 second(s)

2023-07-03 18:54:10 - [MESSAGE][PASSED] - Delayed 2 second(s)

2023-07-03 18:54:10 - [TEST_STEP][PASSED] - click(findTestObject("03-Header Menu/Header Menu Verifications/h4_Change Password")): Object: 'Object Repository/03-Header Menu/Header Menu Verifications/h4_Change Password' is clicked on

2023-07-03 18:54:11 - [MESSAGE][PASSED] - Object: 'Object Repository/03-Header Menu/Header Menu Verifications/h4_Change Password' is clicked on

2023-07-03 18:54:11 - [TEST_STEP][PASSED] - delay(delay_1second): Delayed 1 second(s)

2023-07-03 18:54:12 - [MESSAGE][PASSED] - Delayed 1 second(s)

2023-07-03 18:54:12 - [TEST_STEP][PASSED] - setEncryptedText(findTestObject("03-Header Menu/User Profile/Change Password/input_Old password"), "8yFRyszE6U6jvsCn51OQbg=="): Text ****** has been set on object 'Object Repository/03-Header Menu/User Profile/Change Password/input_Old password'

2023-07-03 18:54:12 - [MESSAGE][PASSED] - Text ****** has been set on object 'Object Repository/03-Header Menu/User Profile/Change Password/input_Old password'

2023-07-03 18:54:12 - [TEST_STEP][PASSED] - setText(findTestObject("03-Header Menu/User Profile/Change Password/input_new password"), "wrongformatpass"): Text 'wrongformatpass' is set on object 'Object Repository/03-Header Menu/User Profile/Change Password/input_new password'

2023-07-03 18:54:13 - [MESSAGE][PASSED] - Text 'wrongformatpass' is set on object 'Object Repository/03-Header Menu/User Profile/Change Password/input_new password'

2023-07-03 18:54:13 - [TEST_STEP][PASSED] - setText(findTestObject("03-Header Menu/User Profile/Change Password/input_Confirm password"), "xmatch"): Text 'xmatch' is set on object 'Object Repository/03-Header Menu/User Profile/Change Password/input_Confirm password'

2023-07-03 18:54:14 - [MESSAGE][PASSED] - Text 'xmatch' is set on object 'Object Repository/03-Header Menu/User Profile/Change Password/input_Confirm password'

2023-07-03 18:54:14 - [TEST_STEP][PASSED] - click(findTestObject("03-Header Menu/User Profile/Change Password/input_Old password")): Object: 'Object Repository/03-Header Menu/User Profile/Change Password/input_Old password' is clicked on

2023-07-03 18:54:15 - [MESSAGE][PASSED] - Object: 'Object Repository/03-Header Menu/User Profile/Change Password/input_Old password' is clicked on

2023-07-03 18:54:15 - [TEST_STEP][PASSED] - verifyElementVisible(findTestObject("03-Header Menu/User Profile/Change Password/error_Password must be at least 8 characters")): Object 'Object Repository/03-Header Menu/User Profile/Change Password/error_Password must be at least 8 characters' is visible

2023-07-03 18:54:15 - [MESSAGE][PASSED] - Object 'Object Repository/03-Header Menu/User Profile/Change Password/error_Password must be at least 8 characters' is visible

2023-07-03 18:54:15 - [TEST_STEP][PASSED] - verifyElementVisible(findTestObject("03-Header Menu/User Profile/Change Password/error_Password does not match")): Object 'Object Repository/03-Header Menu/User Profile/Change Password/error_Password does not match' is visible

2023-07-03 18:54:16 - [MESSAGE][PASSED] - Object 'Object Repository/03-Header Menu/User Profile/Change Password/error_Password does not match' is visible

2023-07-03 18:54:16 - [TEST_STEP][PASSED] - verifyElementNotClickable(findTestObject("03-Header Menu/User Profile/Change Password/button_Change Password")): Object 'Object Repository/03-Header Menu/User Profile/Change Password/button_Change Password' is NOT clickable

2023-07-03 18:54:16 - [MESSAGE][PASSED] - Object 'Object Repository/03-Header Menu/User Profile/Change Password/button_Change Password' is NOT clickable

2023-07-03 18:54:16 - [TEST_STEP][PASSED] - delay(delay_2seconds): Delayed 2 second(s)

2023-07-03 18:54:18 - [MESSAGE][PASSED] - Delayed 2 second(s)]]></system-out>
         <system-err><![CDATA[]]></system-err>
      </testcase>
      <testcase name="Test Cases/03-Header Menu/18-Change Password(Positive Scenario)" time="86.535" classname="Test Cases/03-Header Menu/18-Change Password(Positive Scenario)" status="PASSED">
         <system-out><![CDATA[2023-07-03 18:54:18 - [TEST_CASE][PASSED] - Test Cases/03-Header Menu/18-Change Password(Positive Scenario): Test Cases/03-Header Menu/18-Change Password(Positive Scenario)

2023-07-03 18:54:18 - [TEST_STEP][PASSED] - setEncryptedText(findTestObject("03-Header Menu/User Profile/Change Password/input_Old password"), password): Text ****** has been set on object 'Object Repository/03-Header Menu/User Profile/Change Password/input_Old password'

2023-07-03 18:54:19 - [MESSAGE][PASSED] - Text ****** has been set on object 'Object Repository/03-Header Menu/User Profile/Change Password/input_Old password'

2023-07-03 18:54:19 - [TEST_STEP][PASSED] - setEncryptedText(findTestObject("03-Header Menu/User Profile/Change Password/input_new password"), new_password): Text ****** has been set on object 'Object Repository/03-Header Menu/User Profile/Change Password/input_new password'

2023-07-03 18:54:20 - [MESSAGE][PASSED] - Text ****** has been set on object 'Object Repository/03-Header Menu/User Profile/Change Password/input_new password'

2023-07-03 18:54:20 - [TEST_STEP][PASSED] - setEncryptedText(findTestObject("03-Header Menu/User Profile/Change Password/input_Confirm password"), confirm_password): Text ****** has been set on object 'Object Repository/03-Header Menu/User Profile/Change Password/input_Confirm password'

2023-07-03 18:54:21 - [MESSAGE][PASSED] - Text ****** has been set on object 'Object Repository/03-Header Menu/User Profile/Change Password/input_Confirm password'

2023-07-03 18:54:21 - [TEST_STEP][PASSED] - click(findTestObject("03-Header Menu/User Profile/Change Password/button_Change Password")): Object: 'Object Repository/03-Header Menu/User Profile/Change Password/button_Change Password' is clicked on

2023-07-03 18:54:21 - [MESSAGE][PASSED] - Object: 'Object Repository/03-Header Menu/User Profile/Change Password/button_Change Password' is clicked on

2023-07-03 18:54:21 - [TEST_STEP][PASSED] - verifyElementVisible(findTestObject("03-Header Menu/User Profile/Change Password/Successfully changed password")): Object 'Object Repository/03-Header Menu/User Profile/Change Password/Successfully changed password' is visible

2023-07-03 18:54:23 - [MESSAGE][PASSED] - Object 'Object Repository/03-Header Menu/User Profile/Change Password/Successfully changed password' is visible

2023-07-03 18:54:23 - [TEST_STEP][PASSED] - delay(delay_2seconds): Delayed 2 second(s)

2023-07-03 18:54:25 - [MESSAGE][PASSED] - Delayed 2 second(s)

2023-07-03 18:54:25 - [TEST_STEP][PASSED] - click(findTestObject("03-Header Menu/User Profile/Users Profile menu and notification button/div_User drop down menu button")): Object: 'Object Repository/03-Header Menu/User Profile/Users Profile menu and notification button/div_User drop down menu button' is clicked on

2023-07-03 18:54:25 - [MESSAGE][PASSED] - Object: 'Object Repository/03-Header Menu/User Profile/Users Profile menu and notification button/div_User drop down menu button' is clicked on

2023-07-03 18:54:25 - [TEST_STEP][PASSED] - delay(delay_2seconds): Delayed 2 second(s)

2023-07-03 18:54:27 - [MESSAGE][PASSED] - Delayed 2 second(s)

2023-07-03 18:54:27 - [TEST_STEP][PASSED] - click(findTestObject("03-Header Menu/Header Menu Verifications/h4_Sign Out")): Object: 'Object Repository/03-Header Menu/Header Menu Verifications/h4_Sign Out' is clicked on

2023-07-03 18:54:27 - [MESSAGE][PASSED] - Object: 'Object Repository/03-Header Menu/Header Menu Verifications/h4_Sign Out' is clicked on

2023-07-03 18:54:27 - [TEST_STEP][PASSED] - delay(delay_2seconds): Delayed 2 second(s)

2023-07-03 18:54:29 - [MESSAGE][PASSED] - Delayed 2 second(s)

2023-07-03 18:54:29 - [TEST_STEP][PASSED] - closeBrowser(): Browser is closed

2023-07-03 18:54:30 - [MESSAGE][PASSED] - Browser is closed

2023-07-03 18:54:30 - [TEST_STEP][PASSED] - openBrowser(""): Browser is opened with url: ''

2023-07-03 18:54:30 - [MESSAGE][INFO] - Starting 'Chrome' driver

2023-07-03 18:54:30 - [MESSAGE][INFO] - User set preference: ['args', '[--disable-web-security, --ignore-certificate-errors, --no-first-run, --disable-gpu]']

2023-07-03 18:54:30 - [MESSAGE][INFO] - Action delay is set to 0 milliseconds

2023-07-03 18:54:32 - [MESSAGE][PASSED] - Browser is opened with url: ''

2023-07-03 18:54:32 - [TEST_STEP][PASSED] - navigateToUrl(appURL): Navigate to 'https://lab.everleagues.com/login' successfully

2023-07-03 18:54:42 - [MESSAGE][PASSED] - Navigate to 'https://lab.everleagues.com/login' successfully

2023-07-03 18:54:42 - [TEST_STEP][PASSED] - maximizeWindow(): Current window maximized

2023-07-03 18:54:42 - [MESSAGE][PASSED] - Current window maximized

2023-07-03 18:54:42 - [TEST_STEP][PASSED] - setText(findTestObject("02-Side Icons(Organization)/Add Contact/Email Field"), email_with_subscription): Text 'testuser05@mailinator.com' is set on object 'Object Repository/02-Side Icons(Organization)/Add Contact/Email Field'

2023-07-03 18:54:43 - [MESSAGE][PASSED] - Text 'testuser05@mailinator.com' is set on object 'Object Repository/02-Side Icons(Organization)/Add Contact/Email Field'

2023-07-03 18:54:43 - [TEST_STEP][PASSED] - setEncryptedText(findTestObject("02-Side Icons(Organization)/Add Contact/Password Field"), new_password): Text ****** has been set on object 'Object Repository/02-Side Icons(Organization)/Add Contact/Password Field'

2023-07-03 18:54:44 - [MESSAGE][PASSED] - Text ****** has been set on object 'Object Repository/02-Side Icons(Organization)/Add Contact/Password Field'

2023-07-03 18:54:44 - [TEST_STEP][PASSED] - click(findTestObject("02-Side Icons(Organization)/Add Contact/button_Sign in")): Object: 'Object Repository/02-Side Icons(Organization)/Add Contact/button_Sign in' is clicked on

2023-07-03 18:54:45 - [MESSAGE][PASSED] - Object: 'Object Repository/02-Side Icons(Organization)/Add Contact/button_Sign in' is clicked on

2023-07-03 18:54:45 - [TEST_STEP][PASSED] - delay(delay_2seconds): Delayed 2 second(s)

2023-07-03 18:54:47 - [MESSAGE][PASSED] - Delayed 2 second(s)

2023-07-03 18:54:47 - [TEST_STEP][PASSED] - click(findTestObject("06-Teams/For 2FA/button_Confirm_2FA")): Object: 'Object Repository/06-Teams/For 2FA/button_Confirm_2FA' is clicked on

2023-07-03 18:54:47 - [MESSAGE][PASSED] - Object: 'Object Repository/06-Teams/For 2FA/button_Confirm_2FA' is clicked on

2023-07-03 18:54:47 - [TEST_STEP][PASSED] - executeJavaScript("window.open();", []): Execute JavaScript 'window.open();' successfully

2023-07-03 18:54:48 - [MESSAGE][PASSED] - Execute JavaScript 'window.open();' successfully

2023-07-03 18:54:48 - [TEST_STEP][PASSED] - currentWindow = getWindowIndex(): Current window's index is: 0

2023-07-03 18:54:48 - [MESSAGE][PASSED] - Current window's index is: 0

2023-07-03 18:54:48 - [TEST_STEP][PASSED] - delay(delay_3seconds): Delayed 3 second(s)

2023-07-03 18:54:51 - [MESSAGE][PASSED] - Delayed 3 second(s)

2023-07-03 18:54:51 - [TEST_STEP][PASSED] - switchToWindowIndex(currentWindow + 1): Switched to window with index: '1'

2023-07-03 18:54:51 - [MESSAGE][PASSED] - Switched to window with index: '1'

2023-07-03 18:54:51 - [TEST_STEP][PASSED] - navigateToUrl(app_mailinator): Navigate to 'https://www.mailinator.com/' successfully

2023-07-03 18:54:54 - [MESSAGE][PASSED] - Navigate to 'https://www.mailinator.com/' successfully

2023-07-03 18:54:54 - [TEST_STEP][PASSED] - delay(delay_3seconds): Delayed 3 second(s)

2023-07-03 18:54:57 - [MESSAGE][PASSED] - Delayed 3 second(s)

2023-07-03 18:54:57 - [TEST_STEP][PASSED] - setText(findTestObject("00-Signup and Activation/zMailinator/input_LOGIN_search"), email_for_searchmailinator_testuser05): Text 'testuser05@mailinator.com' is set on object 'Object Repository/00-Signup and Activation/zMailinator/input_LOGIN_search'

2023-07-03 18:54:58 - [MESSAGE][PASSED] - Text 'testuser05@mailinator.com' is set on object 'Object Repository/00-Signup and Activation/zMailinator/input_LOGIN_search'

2023-07-03 18:54:58 - [TEST_STEP][PASSED] - click(findTestObject("00-Signup and Activation/zMailinator/gobutton"), STOP_ON_FAILURE): Object: 'Object Repository/00-Signup and Activation/zMailinator/gobutton' is clicked on

2023-07-03 18:55:03 - [MESSAGE][PASSED] - Object: 'Object Repository/00-Signup and Activation/zMailinator/gobutton' is clicked on

2023-07-03 18:55:03 - [TEST_STEP][PASSED] - delay(delay_3seconds): Delayed 3 second(s)

2023-07-03 18:55:06 - [MESSAGE][PASSED] - Delayed 3 second(s)

2023-07-03 18:55:06 - [TEST_STEP][PASSED] - click(findTestObject("00-Signup and Activation/zMailinator/Email - everleagues")): Object: 'Object Repository/00-Signup and Activation/zMailinator/Email - everleagues' is clicked on

2023-07-03 18:55:06 - [MESSAGE][PASSED] - Object: 'Object Repository/00-Signup and Activation/zMailinator/Email - everleagues' is clicked on

2023-07-03 18:55:06 - [TEST_STEP][PASSED] - delay(delay_3seconds): Delayed 3 second(s)

2023-07-03 18:55:09 - [MESSAGE][PASSED] - Delayed 3 second(s)

2023-07-03 18:55:09 - [TEST_STEP][PASSED] - code = getText(findTestObject("Object Repository/06-Teams/For 2FA/2FA code")): Text of object 'Object Repository/06-Teams/For 2FA/2FA code' is: '500378'

2023-07-03 18:55:10 - [MESSAGE][PASSED] - Text of object 'Object Repository/06-Teams/For 2FA/2FA code' is: '500378'

2023-07-03 18:55:10 - [TEST_STEP][PASSED] - delay(delay_3seconds): Delayed 3 second(s)

2023-07-03 18:55:13 - [MESSAGE][PASSED] - Delayed 3 second(s)

2023-07-03 18:55:13 - [TEST_STEP][PASSED] - closeWindowTitle("Mailinator"): Window with title: 'Mailinator' is closed

2023-07-03 18:55:13 - [MESSAGE][PASSED] - Window with title: 'Mailinator' is closed

2023-07-03 18:55:13 - [TEST_STEP][PASSED] - delay(delay_3seconds): Delayed 3 second(s)

2023-07-03 18:55:16 - [MESSAGE][PASSED] - Delayed 3 second(s)

2023-07-03 18:55:16 - [TEST_STEP][PASSED] - switchToWindowIndex(0): Switched to window with index: '0'

2023-07-03 18:55:16 - [MESSAGE][PASSED] - Switched to window with index: '0'

2023-07-03 18:55:16 - [TEST_STEP][PASSED] - delay(delay_3seconds): Delayed 3 second(s)

2023-07-03 18:55:19 - [MESSAGE][PASSED] - Delayed 3 second(s)

2023-07-03 18:55:19 - [TEST_STEP][PASSED] - setText(findTestObject("Object Repository/06-Teams/For 2FA/input_Enter verification code_code"), code): Text '500378' is set on object 'Object Repository/06-Teams/For 2FA/input_Enter verification code_code'

2023-07-03 18:55:21 - [MESSAGE][PASSED] - Text '500378' is set on object 'Object Repository/06-Teams/For 2FA/input_Enter verification code_code'

2023-07-03 18:55:21 - [TEST_STEP][PASSED] - delay(delay_3seconds): Delayed 3 second(s)

2023-07-03 18:55:24 - [MESSAGE][PASSED] - Delayed 3 second(s)

2023-07-03 18:55:24 - [TEST_STEP][PASSED] - click(findTestObject("06-Teams/For 2FA/button_Verify_2FA")): Object: 'Object Repository/06-Teams/For 2FA/button_Verify_2FA' is clicked on

2023-07-03 18:55:25 - [MESSAGE][PASSED] - Object: 'Object Repository/06-Teams/For 2FA/button_Verify_2FA' is clicked on

2023-07-03 18:55:25 - [TEST_STEP][PASSED] - delay(delay_5seconds): Delayed 5 second(s)

2023-07-03 18:55:30 - [MESSAGE][PASSED] - Delayed 5 second(s)

2023-07-03 18:55:30 - [TEST_STEP][PASSED] - click(findTestObject("03-Header Menu/User Profile/Users Profile menu and notification button/div_User drop down menu button")): Object: 'Object Repository/03-Header Menu/User Profile/Users Profile menu and notification button/div_User drop down menu button' is clicked on

2023-07-03 18:55:32 - [MESSAGE][PASSED] - Object: 'Object Repository/03-Header Menu/User Profile/Users Profile menu and notification button/div_User drop down menu button' is clicked on

2023-07-03 18:55:32 - [TEST_STEP][PASSED] - delay(delay_2seconds): Delayed 2 second(s)

2023-07-03 18:55:34 - [MESSAGE][PASSED] - Delayed 2 second(s)

2023-07-03 18:55:34 - [TEST_STEP][PASSED] - click(findTestObject("03-Header Menu/Header Menu Verifications/h4_Change Password")): Object: 'Object Repository/03-Header Menu/Header Menu Verifications/h4_Change Password' is clicked on

2023-07-03 18:55:35 - [MESSAGE][PASSED] - Object: 'Object Repository/03-Header Menu/Header Menu Verifications/h4_Change Password' is clicked on

2023-07-03 18:55:35 - [TEST_STEP][PASSED] - verifyElementVisible(findTestObject("03-Header Menu/User Profile/Change Password/h4_Change Password")): Object 'Object Repository/03-Header Menu/User Profile/Change Password/h4_Change Password' is visible

2023-07-03 18:55:35 - [MESSAGE][PASSED] - Object 'Object Repository/03-Header Menu/User Profile/Change Password/h4_Change Password' is visible

2023-07-03 18:55:35 - [TEST_STEP][PASSED] - delay(delay_2seconds): Delayed 2 second(s)

2023-07-03 18:55:37 - [MESSAGE][PASSED] - Delayed 2 second(s)

2023-07-03 18:55:37 - [TEST_STEP][PASSED] - setEncryptedText(findTestObject("03-Header Menu/User Profile/Change Password/input_Old password"), new_password): Text ****** has been set on object 'Object Repository/03-Header Menu/User Profile/Change Password/input_Old password'

2023-07-03 18:55:38 - [MESSAGE][PASSED] - Text ****** has been set on object 'Object Repository/03-Header Menu/User Profile/Change Password/input_Old password'

2023-07-03 18:55:38 - [TEST_STEP][PASSED] - setEncryptedText(findTestObject("03-Header Menu/User Profile/Change Password/input_new password"), password): Text ****** has been set on object 'Object Repository/03-Header Menu/User Profile/Change Password/input_new password'

2023-07-03 18:55:39 - [MESSAGE][PASSED] - Text ****** has been set on object 'Object Repository/03-Header Menu/User Profile/Change Password/input_new password'

2023-07-03 18:55:39 - [TEST_STEP][PASSED] - setEncryptedText(findTestObject("03-Header Menu/User Profile/Change Password/input_Confirm password"), password): Text ****** has been set on object 'Object Repository/03-Header Menu/User Profile/Change Password/input_Confirm password'

2023-07-03 18:55:39 - [MESSAGE][PASSED] - Text ****** has been set on object 'Object Repository/03-Header Menu/User Profile/Change Password/input_Confirm password'

2023-07-03 18:55:39 - [TEST_STEP][PASSED] - click(findTestObject("03-Header Menu/User Profile/Change Password/button_Change Password")): Object: 'Object Repository/03-Header Menu/User Profile/Change Password/button_Change Password' is clicked on

2023-07-03 18:55:40 - [MESSAGE][PASSED] - Object: 'Object Repository/03-Header Menu/User Profile/Change Password/button_Change Password' is clicked on

2023-07-03 18:55:40 - [TEST_STEP][PASSED] - verifyElementVisible(findTestObject("03-Header Menu/User Profile/Change Password/Successfully changed password")): Object 'Object Repository/03-Header Menu/User Profile/Change Password/Successfully changed password' is visible

2023-07-03 18:55:41 - [MESSAGE][PASSED] - Object 'Object Repository/03-Header Menu/User Profile/Change Password/Successfully changed password' is visible

2023-07-03 18:55:41 - [TEST_STEP][PASSED] - delay(delay_2seconds): Delayed 2 second(s)

2023-07-03 18:55:43 - [MESSAGE][PASSED] - Delayed 2 second(s)

2023-07-03 18:55:43 - [TEST_STEP][PASSED] - closeBrowser(): Browser is closed

2023-07-03 18:55:44 - [MESSAGE][PASSED] - Browser is closed]]></system-out>
         <system-err><![CDATA[]]></system-err>
      </testcase>
      <system-out><![CDATA[2023-07-03 18:44:29 - [TEST_SUITE][PASSED] - 03-Header Menu: Test Cases/03-Header Menu/18-Change Password(Positive Scenario)]]></system-out>
      <system-err><![CDATA[]]></system-err>
   </testsuite>
</testsuites>
