<?xml version="1.0" encoding="UTF-8"?>
<testsuites name="09.5 - Settings (Organization)" time="272.119" tests="3" failures="0" errors="0">
   <testsuite name="09.5 - Settings (Organization)" tests="3" failures="0" errors="0" time="272.119" skipped="0" timestamp="2022-11-09 16:39:07" hostname="User - DESKTOP-QCRNR4M" id="Test Suites/TS-Organization/09.5 - Settings (Organization)">
      <properties>
         <property name="deviceName" value=""/>
         <property name="devicePlatform" value=""/>
         <property name="logFolder" value="C:\\Users\\User\\Katalon Studio\\EverleaguesMain\\Reports\\20221109_163904\\TS-Organization\\09.5 - Settings (Organization)\\20221109_163904"/>
         <property name="logFiles" value="C:\\Users\\User\\Katalon Studio\\EverleaguesMain\\Reports\\20221109_163904\\TS-Organization\\09.5 - Settings (Organization)\\20221109_163904\\execution0.log"/>
         <property name="attachments" value=""/>
         <property name="hostName" value="User - DESKTOP-QCRNR4M"/>
         <property name="os" value="Windows 10 64bit"/>
         <property name="katalonVersion" value="8.4.1.208"/>
         <property name="browser" value="Chrome 107.0.0.0"/>
         <property name="hostAddress" value="192.168.5.124"/>
         <property name="sessionId" value="14183de891ea90437e451d2a5cc0ee59"/>
         <property name="seleniumVersion" value="3.141.59"/>
         <property name="proxyInformation" value="ProxyInformation { proxyOption=NO_PROXY, proxyServerType=HTTP, username=, password=********, proxyServerAddress=, proxyServerPort=0, executionList=&quot;&quot;, isApplyToDesiredCapabilities=true }"/>
         <property name="platform" value="Windows 10"/>
      </properties>
      <testcase name="Test Cases/09-Settings/23 - Organization - Profile Settings" time="164.435" classname="Test Cases/09-Settings/23 - Organization - Profile Settings" status="PASSED">
         <system-out><![CDATA[2022-11-09 16:39:07 - [TEST_CASE][PASSED] - Test Cases/09-Settings/23 - Organization - Profile Settings: Test Cases/09-Settings/23 - Organization - Profile Settings

2022-11-09 16:39:08 - [TEST_STEP][PASSED] - openBrowser(""): Browser is opened with url: ''

2022-11-09 16:39:08 - [MESSAGE][INFO] - Starting 'Chrome' driver

2022-11-09 16:39:08 - [MESSAGE][INFO] - Action delay is set to 0 milliseconds

2022-11-09 16:39:10 - [MESSAGE][PASSED] - Browser is opened with url: ''

2022-11-09 16:39:10 - [TEST_STEP][PASSED] - navigateToUrl("https://lab.everleagues.com/"): Navigate to 'https://lab.everleagues.com/' successfully

2022-11-09 16:39:37 - [MESSAGE][PASSED] - Navigate to 'https://lab.everleagues.com/' successfully

2022-11-09 16:39:37 - [TEST_STEP][PASSED] - maximizeWindow(): Current window maximized

2022-11-09 16:39:37 - [MESSAGE][PASSED] - Current window maximized

2022-11-09 16:39:37 - [TEST_STEP][PASSED] - setText(findTestObject("02-Side Icons(Organization)/Add Contact/Email Field"), "testuser02@mailinator.com"): Text 'testuser02@mailinator.com' is set on object 'Object Repository/02-Side Icons(Organization)/Add Contact/Email Field'

2022-11-09 16:39:38 - [MESSAGE][PASSED] - Text 'testuser02@mailinator.com' is set on object 'Object Repository/02-Side Icons(Organization)/Add Contact/Email Field'

2022-11-09 16:39:38 - [TEST_STEP][PASSED] - setEncryptedText(findTestObject("02-Side Icons(Organization)/Add Contact/Password Field"), "8yFRyszE6U6jvsCn51OQbg=="): Text ****** has been set on object 'Object Repository/02-Side Icons(Organization)/Add Contact/Password Field'

2022-11-09 16:39:39 - [MESSAGE][PASSED] - Text ****** has been set on object 'Object Repository/02-Side Icons(Organization)/Add Contact/Password Field'

2022-11-09 16:39:39 - [TEST_STEP][PASSED] - click(findTestObject("02-Side Icons(Organization)/Add Contact/button_Sign in")): Object: 'Object Repository/02-Side Icons(Organization)/Add Contact/button_Sign in' is clicked on

2022-11-09 16:39:40 - [MESSAGE][PASSED] - Object: 'Object Repository/02-Side Icons(Organization)/Add Contact/button_Sign in' is clicked on

2022-11-09 16:39:40 - [TEST_STEP][PASSED] - delay(2): Delayed 2 second(s)

2022-11-09 16:39:42 - [MESSAGE][PASSED] - Delayed 2 second(s)

2022-11-09 16:39:42 - [TEST_STEP][PASSED] - click(findTestObject("06-Teams/For 2FA/button_Confirm_2FA")): Object: 'Object Repository/06-Teams/For 2FA/button_Confirm_2FA' is clicked on

2022-11-09 16:39:42 - [MESSAGE][PASSED] - Object: 'Object Repository/06-Teams/For 2FA/button_Confirm_2FA' is clicked on

2022-11-09 16:39:42 - [TEST_STEP][PASSED] - executeJavaScript("window.open();", []): Execute JavaScript 'window.open();' successfully

2022-11-09 16:39:42 - [MESSAGE][PASSED] - Execute JavaScript 'window.open();' successfully

2022-11-09 16:39:42 - [TEST_STEP][PASSED] - currentWindow = getWindowIndex(): Current window's index is: 0

2022-11-09 16:39:42 - [MESSAGE][PASSED] - Current window's index is: 0

2022-11-09 16:39:42 - [TEST_STEP][PASSED] - delay(3): Delayed 3 second(s)

2022-11-09 16:39:45 - [MESSAGE][PASSED] - Delayed 3 second(s)

2022-11-09 16:39:45 - [TEST_STEP][PASSED] - switchToWindowIndex(currentWindow + 1): Switched to window with index: '1'

2022-11-09 16:39:45 - [MESSAGE][PASSED] - Switched to window with index: '1'

2022-11-09 16:39:45 - [TEST_STEP][PASSED] - navigateToUrl("https://www.mailinator.com/"): Navigate to 'https://www.mailinator.com/' successfully

2022-11-09 16:39:47 - [MESSAGE][PASSED] - Navigate to 'https://www.mailinator.com/' successfully

2022-11-09 16:39:47 - [TEST_STEP][PASSED] - delay(3): Delayed 3 second(s)

2022-11-09 16:39:50 - [MESSAGE][PASSED] - Delayed 3 second(s)

2022-11-09 16:39:50 - [TEST_STEP][PASSED] - setText(findTestObject("00-Signup and Activation/zMailinator/input_LOGIN_search"), "testuser02@mailinator.com"): Text 'testuser02@mailinator.com' is set on object 'Object Repository/00-Signup and Activation/zMailinator/input_LOGIN_search'

2022-11-09 16:39:51 - [MESSAGE][PASSED] - Text 'testuser02@mailinator.com' is set on object 'Object Repository/00-Signup and Activation/zMailinator/input_LOGIN_search'

2022-11-09 16:39:51 - [TEST_STEP][PASSED] - click(findTestObject("00-Signup and Activation/zMailinator/gobutton"), STOP_ON_FAILURE): Object: 'Object Repository/00-Signup and Activation/zMailinator/gobutton' is clicked on

2022-11-09 16:39:53 - [MESSAGE][PASSED] - Object: 'Object Repository/00-Signup and Activation/zMailinator/gobutton' is clicked on

2022-11-09 16:39:53 - [TEST_STEP][PASSED] - delay(3): Delayed 3 second(s)

2022-11-09 16:39:56 - [MESSAGE][PASSED] - Delayed 3 second(s)

2022-11-09 16:39:56 - [TEST_STEP][PASSED] - click(findTestObject("00-Signup and Activation/zMailinator/Email - everleagues")): Object: 'Object Repository/00-Signup and Activation/zMailinator/Email - everleagues' is clicked on

2022-11-09 16:39:57 - [MESSAGE][PASSED] - Object: 'Object Repository/00-Signup and Activation/zMailinator/Email - everleagues' is clicked on

2022-11-09 16:39:57 - [TEST_STEP][PASSED] - delay(3): Delayed 3 second(s)

2022-11-09 16:40:00 - [MESSAGE][PASSED] - Delayed 3 second(s)

2022-11-09 16:40:00 - [TEST_STEP][PASSED] - code = getText(findTestObject("Object Repository/06-Teams/For 2FA/2FA code")): Text of object 'Object Repository/06-Teams/For 2FA/2FA code' is: '971706'

2022-11-09 16:40:00 - [MESSAGE][PASSED] - Text of object 'Object Repository/06-Teams/For 2FA/2FA code' is: '971706'

2022-11-09 16:40:00 - [TEST_STEP][PASSED] - delay(3): Delayed 3 second(s)

2022-11-09 16:40:03 - [MESSAGE][PASSED] - Delayed 3 second(s)

2022-11-09 16:40:03 - [TEST_STEP][PASSED] - closeWindowTitle("Mailinator"): Window with title: 'Mailinator' is closed

2022-11-09 16:40:03 - [MESSAGE][PASSED] - Window with title: 'Mailinator' is closed

2022-11-09 16:40:03 - [TEST_STEP][PASSED] - delay(3): Delayed 3 second(s)

2022-11-09 16:40:06 - [MESSAGE][PASSED] - Delayed 3 second(s)

2022-11-09 16:40:06 - [TEST_STEP][PASSED] - switchToWindowIndex(0): Switched to window with index: '0'

2022-11-09 16:40:06 - [MESSAGE][PASSED] - Switched to window with index: '0'

2022-11-09 16:40:06 - [TEST_STEP][PASSED] - delay(3): Delayed 3 second(s)

2022-11-09 16:40:09 - [MESSAGE][PASSED] - Delayed 3 second(s)

2022-11-09 16:40:09 - [TEST_STEP][PASSED] - setText(findTestObject("Object Repository/06-Teams/For 2FA/input_Enter verification code_code"), code): Text '971706' is set on object 'Object Repository/06-Teams/For 2FA/input_Enter verification code_code'

2022-11-09 16:40:10 - [MESSAGE][PASSED] - Text '971706' is set on object 'Object Repository/06-Teams/For 2FA/input_Enter verification code_code'

2022-11-09 16:40:10 - [TEST_STEP][PASSED] - delay(3): Delayed 3 second(s)

2022-11-09 16:40:13 - [MESSAGE][PASSED] - Delayed 3 second(s)

2022-11-09 16:40:13 - [TEST_STEP][PASSED] - click(findTestObject("06-Teams/For 2FA/button_Verify_2FA")): Object: 'Object Repository/06-Teams/For 2FA/button_Verify_2FA' is clicked on

2022-11-09 16:40:14 - [MESSAGE][PASSED] - Object: 'Object Repository/06-Teams/For 2FA/button_Verify_2FA' is clicked on

2022-11-09 16:40:14 - [TEST_STEP][PASSED] - delay(5): Delayed 5 second(s)

2022-11-09 16:40:19 - [MESSAGE][PASSED] - Delayed 5 second(s)

2022-11-09 16:40:19 - [TEST_STEP][PASSED] - click(findTestObject("06-Teams/button_doublearrow")): Object: 'Object Repository/06-Teams/button_doublearrow' is clicked on

2022-11-09 16:40:19 - [MESSAGE][PASSED] - Object: 'Object Repository/06-Teams/button_doublearrow' is clicked on

2022-11-09 16:40:19 - [TEST_STEP][PASSED] - click(findTestObject("06-Teams/button_My Organizations")): Object: 'Object Repository/06-Teams/button_My Organizations' is clicked on

2022-11-09 16:40:20 - [MESSAGE][PASSED] - Object: 'Object Repository/06-Teams/button_My Organizations' is clicked on

2022-11-09 16:40:20 - [TEST_STEP][PASSED] - click(findTestObject("06-Teams/button_GG Automation")): Object: 'Object Repository/06-Teams/button_GG Automation' is clicked on

2022-11-09 16:40:21 - [MESSAGE][PASSED] - Object: 'Object Repository/06-Teams/button_GG Automation' is clicked on

2022-11-09 16:40:21 - [TEST_STEP][PASSED] - delay(4): Delayed 4 second(s)

2022-11-09 16:40:25 - [MESSAGE][PASSED] - Delayed 4 second(s)

2022-11-09 16:40:25 - [TEST_STEP][PASSED] - verifyElementVisible(findTestObject("06-Teams/span_GG Automation")): Object 'Object Repository/06-Teams/span_GG Automation' is visible

2022-11-09 16:40:25 - [MESSAGE][PASSED] - Object 'Object Repository/06-Teams/span_GG Automation' is visible

2022-11-09 16:40:25 - [TEST_STEP][PASSED] - delay(10): Delayed 10 second(s)

2022-11-09 16:40:35 - [MESSAGE][PASSED] - Delayed 10 second(s)

2022-11-09 16:40:35 - [TEST_STEP][PASSED] - click(findTestObject("03-Header Menu/Hamburger Button/div_Settings")): Object: 'Object Repository/03-Header Menu/Hamburger Button/div_Settings' is clicked on

2022-11-09 16:40:35 - [MESSAGE][PASSED] - Object: 'Object Repository/03-Header Menu/Hamburger Button/div_Settings' is clicked on

2022-11-09 16:40:35 - [TEST_STEP][PASSED] - verifyElementVisible(findTestObject("09-Settings/Users/div_Organization")): Object 'Object Repository/09-Settings/Users/div_Organization' is visible

2022-11-09 16:40:36 - [MESSAGE][PASSED] - Object 'Object Repository/09-Settings/Users/div_Organization' is visible

2022-11-09 16:40:36 - [TEST_STEP][PASSED] - verifyElementVisible(findTestObject("09-Settings/Users/div_Organization Units")): Object 'Object Repository/09-Settings/Users/div_Organization Units' is visible

2022-11-09 16:40:37 - [MESSAGE][PASSED] - Object 'Object Repository/09-Settings/Users/div_Organization Units' is visible

2022-11-09 16:40:37 - [TEST_STEP][PASSED] - verifyElementVisible(findTestObject("09-Settings/Users/div_Subscriptions")): Object 'Object Repository/09-Settings/Users/div_Subscriptions' is visible

2022-11-09 16:40:37 - [MESSAGE][PASSED] - Object 'Object Repository/09-Settings/Users/div_Subscriptions' is visible

2022-11-09 16:40:37 - [TEST_STEP][PASSED] - verifyElementVisible(findTestObject("09-Settings/Users/div_Users")): Object 'Object Repository/09-Settings/Users/div_Users' is visible

2022-11-09 16:40:38 - [MESSAGE][PASSED] - Object 'Object Repository/09-Settings/Users/div_Users' is visible

2022-11-09 16:40:38 - [TEST_STEP][PASSED] - delay(3): Delayed 3 second(s)

2022-11-09 16:40:41 - [MESSAGE][PASSED] - Delayed 3 second(s)

2022-11-09 16:40:41 - [TEST_STEP][PASSED] - click(findTestObject("09-Settings/Users/div_Organization")): Object: 'Object Repository/09-Settings/Users/div_Organization' is clicked on

2022-11-09 16:40:42 - [MESSAGE][PASSED] - Object: 'Object Repository/09-Settings/Users/div_Organization' is clicked on

2022-11-09 16:40:42 - [TEST_STEP][PASSED] - verifyElementVisible(findTestObject("09-Settings/Organization/h4_ORGANIZATION SETTINGS")): Object 'Object Repository/09-Settings/Organization/h4_ORGANIZATION SETTINGS' is visible

2022-11-09 16:40:42 - [MESSAGE][PASSED] - Object 'Object Repository/09-Settings/Organization/h4_ORGANIZATION SETTINGS' is visible

2022-11-09 16:40:42 - [TEST_STEP][PASSED] - click(findTestObject("09-Settings/Organization/div_Profile")): Object: 'Object Repository/09-Settings/Organization/div_Profile' is clicked on

2022-11-09 16:40:43 - [MESSAGE][PASSED] - Object: 'Object Repository/09-Settings/Organization/div_Profile' is clicked on

2022-11-09 16:40:43 - [TEST_STEP][PASSED] - verifyElementVisible(findTestObject("09-Settings/Organization/div_ProfileSettings page")): Object 'Object Repository/09-Settings/Organization/div_ProfileSettings page' is visible

2022-11-09 16:40:43 - [MESSAGE][PASSED] - Object 'Object Repository/09-Settings/Organization/div_ProfileSettings page' is visible

2022-11-09 16:40:43 - [TEST_STEP][PASSED] - delay(3): Delayed 3 second(s)

2022-11-09 16:40:46 - [MESSAGE][PASSED] - Delayed 3 second(s)

2022-11-09 16:40:46 - [TEST_STEP][PASSED] - verifyElementVisible(findTestObject("09-Settings/Organization/mat-card-title_Profile")): Object 'Object Repository/09-Settings/Organization/mat-card-title_Profile' is visible

2022-11-09 16:40:46 - [MESSAGE][PASSED] - Object 'Object Repository/09-Settings/Organization/mat-card-title_Profile' is visible

2022-11-09 16:40:46 - [TEST_STEP][PASSED] - verifyElementVisible(findTestObject("09-Settings/Organization/input_Industry")): Object 'Object Repository/09-Settings/Organization/input_Industry' is visible

2022-11-09 16:40:47 - [MESSAGE][PASSED] - Object 'Object Repository/09-Settings/Organization/input_Industry' is visible

2022-11-09 16:40:47 - [TEST_STEP][PASSED] - verifyElementVisible(findTestObject("09-Settings/Organization/input_Organization number")): Object 'Object Repository/09-Settings/Organization/input_Organization number' is visible

2022-11-09 16:40:47 - [MESSAGE][PASSED] - Object 'Object Repository/09-Settings/Organization/input_Organization number' is visible

2022-11-09 16:40:47 - [TEST_STEP][PASSED] - delay(3): Delayed 3 second(s)

2022-11-09 16:40:50 - [MESSAGE][PASSED] - Delayed 3 second(s)

2022-11-09 16:40:50 - [TEST_STEP][PASSED] - click(findTestObject("03-Header Menu/User Profile/View Profile/Profile Tab/Upload Icon")): Object: 'Object Repository/03-Header Menu/User Profile/View Profile/Profile Tab/Upload Icon' is clicked on

2022-11-09 16:40:51 - [MESSAGE][PASSED] - Object: 'Object Repository/03-Header Menu/User Profile/View Profile/Profile Tab/Upload Icon' is clicked on

2022-11-09 16:40:51 - [TEST_STEP][PASSED] - delay(2): Delayed 2 second(s)

2022-11-09 16:40:53 - [MESSAGE][PASSED] - Delayed 2 second(s)

2022-11-09 16:40:53 - [TEST_STEP][PASSED] - verifyElementVisible(findTestObject("03-Header Menu/User Profile/View Profile/Profile Tab/Upload User Image modal")): Object 'Object Repository/03-Header Menu/User Profile/View Profile/Profile Tab/Upload User Image modal' is visible

2022-11-09 16:40:53 - [MESSAGE][PASSED] - Object 'Object Repository/03-Header Menu/User Profile/View Profile/Profile Tab/Upload User Image modal' is visible

2022-11-09 16:40:53 - [TEST_STEP][PASSED] - verifyElementNotClickable(findTestObject("03-Header Menu/User Profile/View Profile/Profile Tab/button_Upload Image")): Object 'Object Repository/03-Header Menu/User Profile/View Profile/Profile Tab/button_Upload Image' is NOT clickable

2022-11-09 16:40:53 - [MESSAGE][PASSED] - Object 'Object Repository/03-Header Menu/User Profile/View Profile/Profile Tab/button_Upload Image' is NOT clickable

2022-11-09 16:40:53 - [TEST_STEP][PASSED] - delay(1): Delayed 1 second(s)

2022-11-09 16:40:54 - [MESSAGE][PASSED] - Delayed 1 second(s)

2022-11-09 16:40:54 - [TEST_STEP][PASSED] - click(findTestObject("03-Header Menu/User Profile/View Profile/Profile Tab/button_Cancel")): Object: 'Object Repository/03-Header Menu/User Profile/View Profile/Profile Tab/button_Cancel' is clicked on

2022-11-09 16:40:55 - [MESSAGE][PASSED] - Object: 'Object Repository/03-Header Menu/User Profile/View Profile/Profile Tab/button_Cancel' is clicked on

2022-11-09 16:40:55 - [TEST_STEP][PASSED] - delay(3): Delayed 3 second(s)

2022-11-09 16:40:58 - [MESSAGE][PASSED] - Delayed 3 second(s)

2022-11-09 16:40:58 - [TEST_STEP][PASSED] - click(findTestObject("03-Header Menu/User Profile/View Profile/Profile Tab/Upload Icon")): Object: 'Object Repository/03-Header Menu/User Profile/View Profile/Profile Tab/Upload Icon' is clicked on

2022-11-09 16:40:58 - [MESSAGE][PASSED] - Object: 'Object Repository/03-Header Menu/User Profile/View Profile/Profile Tab/Upload Icon' is clicked on

2022-11-09 16:40:58 - [TEST_STEP][PASSED] - uploadpackage.Upload.uploadFile(findTestObject("Object Repository/03-Header Menu/User Profile/View Profile/Profile Tab/button_folderBrowse"), "C:\Users\User\Desktop\EL automation\qa.jpg"): uploadpackage.Upload.uploadFile is PASSED

2022-11-09 16:40:59 - [MESSAGE][PASSED] - Object: 'Object Repository/03-Header Menu/User Profile/View Profile/Profile Tab/button_folderBrowse' is clicked on

2022-11-09 16:40:59 - [MESSAGE][PASSED] - uploadpackage.Upload.uploadFile is PASSED

2022-11-09 16:40:59 - [TEST_STEP][PASSED] - delay(2): Delayed 2 second(s)

2022-11-09 16:41:01 - [MESSAGE][PASSED] - Delayed 2 second(s)

2022-11-09 16:41:01 - [TEST_STEP][PASSED] - click(findTestObject("03-Header Menu/User Profile/View Profile/Profile Tab/button_Upload Image")): Object: 'Object Repository/03-Header Menu/User Profile/View Profile/Profile Tab/button_Upload Image' is clicked on

2022-11-09 16:41:01 - [MESSAGE][PASSED] - Object: 'Object Repository/03-Header Menu/User Profile/View Profile/Profile Tab/button_Upload Image' is clicked on

2022-11-09 16:41:01 - [TEST_STEP][PASSED] - verifyElementVisible(findTestObject("09-Settings/Organization/snack-bar-container_Successfully changed organization imageOK")): Object 'Object Repository/09-Settings/Organization/snack-bar-container_Successfully changed organization imageOK' is visible

2022-11-09 16:41:03 - [MESSAGE][PASSED] - Object 'Object Repository/09-Settings/Organization/snack-bar-container_Successfully changed organization imageOK' is visible

2022-11-09 16:41:03 - [TEST_STEP][PASSED] - click(findTestObject("09-Settings/Organization/input_name")): Object: 'Object Repository/09-Settings/Organization/input_name' is clicked on

2022-11-09 16:41:04 - [MESSAGE][PASSED] - Object: 'Object Repository/09-Settings/Organization/input_name' is clicked on

2022-11-09 16:41:04 - [TEST_STEP][PASSED] - setText(findTestObject("09-Settings/Organization/input_name"), "THIS IS AUTOMATION"): Text 'THIS IS AUTOMATION' is set on object 'Object Repository/09-Settings/Organization/input_name'

2022-11-09 16:41:04 - [MESSAGE][PASSED] - Text 'THIS IS AUTOMATION' is set on object 'Object Repository/09-Settings/Organization/input_name'

2022-11-09 16:41:04 - [TEST_STEP][PASSED] - delay(3): Delayed 3 second(s)

2022-11-09 16:41:07 - [MESSAGE][PASSED] - Delayed 3 second(s)

2022-11-09 16:41:07 - [TEST_STEP][PASSED] - click(findTestObject("09-Settings/Users/Active User/button_Save")): Object: 'Object Repository/09-Settings/Users/Active User/button_Save' is clicked on

2022-11-09 16:41:08 - [MESSAGE][PASSED] - Object: 'Object Repository/09-Settings/Users/Active User/button_Save' is clicked on

2022-11-09 16:41:08 - [TEST_STEP][PASSED] - verifyElementVisible(findTestObject("09-Settings/Organization/snack-bar-container_Settings savedOK")): Object 'Object Repository/09-Settings/Organization/snack-bar-container_Settings savedOK' is visible

2022-11-09 16:41:09 - [MESSAGE][PASSED] - Object 'Object Repository/09-Settings/Organization/snack-bar-container_Settings savedOK' is visible

2022-11-09 16:41:09 - [TEST_STEP][PASSED] - delay(3): Delayed 3 second(s)

2022-11-09 16:41:12 - [MESSAGE][PASSED] - Delayed 3 second(s)

2022-11-09 16:41:12 - [TEST_STEP][PASSED] - click(findTestObject("09-Settings/Organization/input_name")): Object: 'Object Repository/09-Settings/Organization/input_name' is clicked on

2022-11-09 16:41:13 - [MESSAGE][PASSED] - Object: 'Object Repository/09-Settings/Organization/input_name' is clicked on

2022-11-09 16:41:13 - [TEST_STEP][PASSED] - setText(findTestObject("09-Settings/Organization/input_name"), "GG Automation"): Text 'GG Automation' is set on object 'Object Repository/09-Settings/Organization/input_name'

2022-11-09 16:41:14 - [MESSAGE][PASSED] - Text 'GG Automation' is set on object 'Object Repository/09-Settings/Organization/input_name'

2022-11-09 16:41:14 - [TEST_STEP][PASSED] - delay(3): Delayed 3 second(s)

2022-11-09 16:41:17 - [MESSAGE][PASSED] - Delayed 3 second(s)

2022-11-09 16:41:17 - [TEST_STEP][PASSED] - click(findTestObject("09-Settings/Users/Active User/button_Save")): Object: 'Object Repository/09-Settings/Users/Active User/button_Save' is clicked on

2022-11-09 16:41:17 - [MESSAGE][PASSED] - Object: 'Object Repository/09-Settings/Users/Active User/button_Save' is clicked on

2022-11-09 16:41:17 - [TEST_STEP][PASSED] - verifyElementVisible(findTestObject("09-Settings/Organization/snack-bar-container_Settings savedOK")): Object 'Object Repository/09-Settings/Organization/snack-bar-container_Settings savedOK' is visible

2022-11-09 16:41:18 - [MESSAGE][PASSED] - Object 'Object Repository/09-Settings/Organization/snack-bar-container_Settings savedOK' is visible

2022-11-09 16:41:18 - [TEST_STEP][PASSED] - delay(3): Delayed 3 second(s)

2022-11-09 16:41:21 - [MESSAGE][PASSED] - Delayed 3 second(s)

2022-11-09 16:41:21 - [TEST_STEP][PASSED] - verifyElementVisible(findTestObject("09-Settings/Organization/mat-card_Address")): Object 'Object Repository/09-Settings/Organization/mat-card_Address' is visible

2022-11-09 16:41:22 - [MESSAGE][PASSED] - Object 'Object Repository/09-Settings/Organization/mat-card_Address' is visible

2022-11-09 16:41:22 - [TEST_STEP][PASSED] - verifyElementVisible(findTestObject("09-Settings/Organization/mat-card-title_Address")): Object 'Object Repository/09-Settings/Organization/mat-card-title_Address' is visible

2022-11-09 16:41:22 - [MESSAGE][PASSED] - Object 'Object Repository/09-Settings/Organization/mat-card-title_Address' is visible

2022-11-09 16:41:22 - [TEST_STEP][PASSED] - setText(findTestObject("09-Settings/Organization/input_Street"), "4711 Hardy Street"): Text '4711 Hardy Street' is set on object 'Object Repository/09-Settings/Organization/input_Street'

2022-11-09 16:41:23 - [MESSAGE][PASSED] - Text '4711 Hardy Street' is set on object 'Object Repository/09-Settings/Organization/input_Street'

2022-11-09 16:41:23 - [TEST_STEP][PASSED] - setText(findTestObject("09-Settings/Organization/input_City"), "Kelowna"): Text 'Kelowna' is set on object 'Object Repository/09-Settings/Organization/input_City'

2022-11-09 16:41:24 - [MESSAGE][PASSED] - Text 'Kelowna' is set on object 'Object Repository/09-Settings/Organization/input_City'

2022-11-09 16:41:24 - [TEST_STEP][PASSED] - setText(findTestObject("09-Settings/Organization/input_Zip"), "V1Y 8H2"): Text 'V1Y 8H2' is set on object 'Object Repository/09-Settings/Organization/input_Zip'

2022-11-09 16:41:24 - [MESSAGE][PASSED] - Text 'V1Y 8H2' is set on object 'Object Repository/09-Settings/Organization/input_Zip'

2022-11-09 16:41:24 - [TEST_STEP][PASSED] - setText(findTestObject("09-Settings/Organization/input_State"), "British Columbia"): Text 'British Columbia' is set on object 'Object Repository/09-Settings/Organization/input_State'

2022-11-09 16:41:25 - [MESSAGE][PASSED] - Text 'British Columbia' is set on object 'Object Repository/09-Settings/Organization/input_State'

2022-11-09 16:41:25 - [TEST_STEP][PASSED] - click(findTestObject("09-Settings/Organization/input_Country"), STOP_ON_FAILURE): Object: 'Object Repository/09-Settings/Organization/input_Country' is clicked on

2022-11-09 16:41:25 - [MESSAGE][PASSED] - Object: 'Object Repository/09-Settings/Organization/input_Country' is clicked on

2022-11-09 16:41:25 - [TEST_STEP][PASSED] - click(findTestObject("09-Settings/Organization/mat-option_united states"), STOP_ON_FAILURE): Object: 'Object Repository/09-Settings/Organization/mat-option_united states' is clicked on

2022-11-09 16:41:26 - [MESSAGE][PASSED] - Object: 'Object Repository/09-Settings/Organization/mat-option_united states' is clicked on

2022-11-09 16:41:26 - [TEST_STEP][PASSED] - delay(3): Delayed 3 second(s)

2022-11-09 16:41:29 - [MESSAGE][PASSED] - Delayed 3 second(s)

2022-11-09 16:41:29 - [TEST_STEP][PASSED] - click(findTestObject("09-Settings/Users/Active User/button_Save")): Object: 'Object Repository/09-Settings/Users/Active User/button_Save' is clicked on

2022-11-09 16:41:29 - [MESSAGE][PASSED] - Object: 'Object Repository/09-Settings/Users/Active User/button_Save' is clicked on

2022-11-09 16:41:29 - [TEST_STEP][PASSED] - verifyElementVisible(findTestObject("09-Settings/Organization/snack-bar-container_Settings savedOK")): Object 'Object Repository/09-Settings/Organization/snack-bar-container_Settings savedOK' is visible

2022-11-09 16:41:30 - [MESSAGE][PASSED] - Object 'Object Repository/09-Settings/Organization/snack-bar-container_Settings savedOK' is visible

2022-11-09 16:41:30 - [TEST_STEP][PASSED] - delay(3): Delayed 3 second(s)

2022-11-09 16:41:33 - [MESSAGE][PASSED] - Delayed 3 second(s)

2022-11-09 16:41:33 - [TEST_STEP][PASSED] - verifyElementVisible(findTestObject("09-Settings/Organization/mat-card_Contact")): Object 'Object Repository/09-Settings/Organization/mat-card_Contact' is visible

2022-11-09 16:41:33 - [MESSAGE][PASSED] - Object 'Object Repository/09-Settings/Organization/mat-card_Contact' is visible

2022-11-09 16:41:33 - [TEST_STEP][PASSED] - verifyElementVisible(findTestObject("09-Settings/Organization/mat-card-title_Contact")): Object 'Object Repository/09-Settings/Organization/mat-card-title_Contact' is visible

2022-11-09 16:41:34 - [MESSAGE][PASSED] - Object 'Object Repository/09-Settings/Organization/mat-card-title_Contact' is visible

2022-11-09 16:41:34 - [TEST_STEP][PASSED] - setText(findTestObject("09-Settings/Organization/input_Email"), "testuser02@mailinator.com"): Text 'testuser02@mailinator.com' is set on object 'Object Repository/09-Settings/Organization/input_Email'

2022-11-09 16:41:35 - [MESSAGE][PASSED] - Text 'testuser02@mailinator.com' is set on object 'Object Repository/09-Settings/Organization/input_Email'

2022-11-09 16:41:35 - [TEST_STEP][PASSED] - setText(findTestObject("09-Settings/Organization/input_Web"), "https://lab.everleagues.com"): Text 'https://lab.everleagues.com' is set on object 'Object Repository/09-Settings/Organization/input_Web'

2022-11-09 16:41:36 - [MESSAGE][PASSED] - Text 'https://lab.everleagues.com' is set on object 'Object Repository/09-Settings/Organization/input_Web'

2022-11-09 16:41:36 - [TEST_STEP][PASSED] - click(findTestObject("09-Settings/Organization/button_Phone")): Object: 'Object Repository/09-Settings/Organization/button_Phone' is clicked on

2022-11-09 16:41:36 - [MESSAGE][PASSED] - Object: 'Object Repository/09-Settings/Organization/button_Phone' is clicked on

2022-11-09 16:41:36 - [TEST_STEP][PASSED] - setText(findTestObject("09-Settings/Organization/input_phone search"), "PH"): Text 'PH' is set on object 'Object Repository/09-Settings/Organization/input_phone search'

2022-11-09 16:41:37 - [MESSAGE][PASSED] - Text 'PH' is set on object 'Object Repository/09-Settings/Organization/input_phone search'

2022-11-09 16:41:37 - [TEST_STEP][PASSED] - click(findTestObject("09-Settings/Organization/button_Philippines 63")): Object: 'Object Repository/09-Settings/Organization/button_Philippines 63' is clicked on

2022-11-09 16:41:38 - [MESSAGE][PASSED] - Object: 'Object Repository/09-Settings/Organization/button_Philippines 63' is clicked on

2022-11-09 16:41:38 - [TEST_STEP][PASSED] - setText(findTestObject("09-Settings/Organization/input_phone"), "9211234567"): Text '9211234567' is set on object 'Object Repository/09-Settings/Organization/input_phone'

2022-11-09 16:41:39 - [MESSAGE][PASSED] - Text '9211234567' is set on object 'Object Repository/09-Settings/Organization/input_phone'

2022-11-09 16:41:39 - [TEST_STEP][PASSED] - click(findTestObject("09-Settings/Organization/button_fax")): Object: 'Object Repository/09-Settings/Organization/button_fax' is clicked on

2022-11-09 16:41:40 - [MESSAGE][PASSED] - Object: 'Object Repository/09-Settings/Organization/button_fax' is clicked on

2022-11-09 16:41:40 - [TEST_STEP][PASSED] - setText(findTestObject("09-Settings/Organization/input_phone search"), "PH"): Text 'PH' is set on object 'Object Repository/09-Settings/Organization/input_phone search'

2022-11-09 16:41:41 - [MESSAGE][PASSED] - Text 'PH' is set on object 'Object Repository/09-Settings/Organization/input_phone search'

2022-11-09 16:41:41 - [TEST_STEP][PASSED] - click(findTestObject("09-Settings/Organization/button_Philippines 63")): Object: 'Object Repository/09-Settings/Organization/button_Philippines 63' is clicked on

2022-11-09 16:41:41 - [MESSAGE][PASSED] - Object: 'Object Repository/09-Settings/Organization/button_Philippines 63' is clicked on

2022-11-09 16:41:41 - [TEST_STEP][PASSED] - setText(findTestObject("09-Settings/Organization/input_fax"), "9211234567"): Text '9211234567' is set on object 'Object Repository/09-Settings/Organization/input_fax'

2022-11-09 16:41:43 - [MESSAGE][PASSED] - Text '9211234567' is set on object 'Object Repository/09-Settings/Organization/input_fax'

2022-11-09 16:41:43 - [TEST_STEP][PASSED] - delay(3): Delayed 3 second(s)

2022-11-09 16:41:46 - [MESSAGE][PASSED] - Delayed 3 second(s)

2022-11-09 16:41:46 - [TEST_STEP][PASSED] - click(findTestObject("09-Settings/Users/Active User/button_Save")): Object: 'Object Repository/09-Settings/Users/Active User/button_Save' is clicked on

2022-11-09 16:41:46 - [MESSAGE][PASSED] - Object: 'Object Repository/09-Settings/Users/Active User/button_Save' is clicked on

2022-11-09 16:41:46 - [TEST_STEP][PASSED] - verifyElementVisible(findTestObject("09-Settings/Organization/snack-bar-container_Settings savedOK")): Object 'Object Repository/09-Settings/Organization/snack-bar-container_Settings savedOK' is visible

2022-11-09 16:41:47 - [MESSAGE][PASSED] - Object 'Object Repository/09-Settings/Organization/snack-bar-container_Settings savedOK' is visible

2022-11-09 16:41:47 - [TEST_STEP][PASSED] - delay(4): Delayed 4 second(s)

2022-11-09 16:41:51 - [MESSAGE][PASSED] - Delayed 4 second(s)]]></system-out>
         <system-err><![CDATA[]]></system-err>
      </testcase>
      <testcase name="Test Cases/09-Settings/24 - Organization - Settings" time="89.507" classname="Test Cases/09-Settings/24 - Organization - Settings" status="PASSED">
         <system-out><![CDATA[2022-11-09 16:41:52 - [TEST_CASE][PASSED] - Test Cases/09-Settings/24 - Organization - Settings: Test Cases/09-Settings/24 - Organization - Settings

2022-11-09 16:41:52 - [TEST_STEP][PASSED] - delay(3): Delayed 3 second(s)

2022-11-09 16:41:55 - [MESSAGE][PASSED] - Delayed 3 second(s)

2022-11-09 16:41:55 - [TEST_STEP][PASSED] - click(findTestObject("09-Settings/Organization/div_Settings")): Object: 'Object Repository/09-Settings/Organization/div_Settings' is clicked on

2022-11-09 16:41:55 - [MESSAGE][PASSED] - Object: 'Object Repository/09-Settings/Organization/div_Settings' is clicked on

2022-11-09 16:41:55 - [TEST_STEP][PASSED] - verifyElementVisible(findTestObject("09-Settings/Organization/div_Settings page")): Object 'Object Repository/09-Settings/Organization/div_Settings page' is visible

2022-11-09 16:41:57 - [MESSAGE][PASSED] - Object 'Object Repository/09-Settings/Organization/div_Settings page' is visible

2022-11-09 16:41:57 - [TEST_STEP][PASSED] - delay(3): Delayed 3 second(s)

2022-11-09 16:42:00 - [MESSAGE][PASSED] - Delayed 3 second(s)

2022-11-09 16:42:00 - [TEST_STEP][PASSED] - verifyElementVisible(findTestObject("09-Settings/Organization/mat-card_Chat Message Settings")): Object 'Object Repository/09-Settings/Organization/mat-card_Chat Message Settings' is visible

2022-11-09 16:42:00 - [MESSAGE][PASSED] - Object 'Object Repository/09-Settings/Organization/mat-card_Chat Message Settings' is visible

2022-11-09 16:42:00 - [TEST_STEP][PASSED] - verifyElementVisible(findTestObject("09-Settings/Organization/mat-card-title_Chat Message Settings")): Object 'Object Repository/09-Settings/Organization/mat-card-title_Chat Message Settings' is visible

2022-11-09 16:42:00 - [MESSAGE][PASSED] - Object 'Object Repository/09-Settings/Organization/mat-card-title_Chat Message Settings' is visible

2022-11-09 16:42:00 - [TEST_STEP][PASSED] - click(findTestObject("09-Settings/Organization/toggle_Enable chat message editing")): Object: 'Object Repository/09-Settings/Organization/toggle_Enable chat message editing' is clicked on

2022-11-09 16:42:01 - [MESSAGE][PASSED] - Object: 'Object Repository/09-Settings/Organization/toggle_Enable chat message editing' is clicked on

2022-11-09 16:42:01 - [TEST_STEP][PASSED] - click(findTestObject("09-Settings/Organization/toggle_Enable chat message deletion")): Object: 'Object Repository/09-Settings/Organization/toggle_Enable chat message deletion' is clicked on

2022-11-09 16:42:01 - [MESSAGE][PASSED] - Object: 'Object Repository/09-Settings/Organization/toggle_Enable chat message deletion' is clicked on

2022-11-09 16:42:01 - [TEST_STEP][PASSED] - delay(3): Delayed 3 second(s)

2022-11-09 16:42:04 - [MESSAGE][PASSED] - Delayed 3 second(s)

2022-11-09 16:42:04 - [TEST_STEP][PASSED] - click(findTestObject("09-Settings/Organization/toggle_Enable chat message editing")): Object: 'Object Repository/09-Settings/Organization/toggle_Enable chat message editing' is clicked on

2022-11-09 16:42:05 - [MESSAGE][PASSED] - Object: 'Object Repository/09-Settings/Organization/toggle_Enable chat message editing' is clicked on

2022-11-09 16:42:05 - [TEST_STEP][PASSED] - click(findTestObject("09-Settings/Organization/toggle_Enable chat message deletion")): Object: 'Object Repository/09-Settings/Organization/toggle_Enable chat message deletion' is clicked on

2022-11-09 16:42:05 - [MESSAGE][PASSED] - Object: 'Object Repository/09-Settings/Organization/toggle_Enable chat message deletion' is clicked on

2022-11-09 16:42:05 - [TEST_STEP][PASSED] - delay(2): Delayed 2 second(s)

2022-11-09 16:42:07 - [MESSAGE][PASSED] - Delayed 2 second(s)

2022-11-09 16:42:07 - [TEST_STEP][PASSED] - refresh(STOP_ON_FAILURE): Refresh successfully

2022-11-09 16:42:09 - [MESSAGE][PASSED] - Refresh successfully

2022-11-09 16:42:09 - [TEST_STEP][PASSED] - click(findTestObject("09-Settings/Organization/div_Settings")): Object: 'Object Repository/09-Settings/Organization/div_Settings' is clicked on

2022-11-09 16:42:14 - [MESSAGE][PASSED] - Object: 'Object Repository/09-Settings/Organization/div_Settings' is clicked on

2022-11-09 16:42:14 - [TEST_STEP][PASSED] - delay(2): Delayed 2 second(s)

2022-11-09 16:42:16 - [MESSAGE][PASSED] - Delayed 2 second(s)

2022-11-09 16:42:16 - [TEST_STEP][PASSED] - verifyElementVisible(findTestObject("09-Settings/Organization/mat-card_Membership")): Object 'Object Repository/09-Settings/Organization/mat-card_Membership' is visible

2022-11-09 16:42:17 - [MESSAGE][PASSED] - Object 'Object Repository/09-Settings/Organization/mat-card_Membership' is visible

2022-11-09 16:42:17 - [TEST_STEP][PASSED] - verifyElementVisible(findTestObject("09-Settings/Organization/mat-card-title_Membership")): Object 'Object Repository/09-Settings/Organization/mat-card-title_Membership' is visible

2022-11-09 16:42:17 - [MESSAGE][PASSED] - Object 'Object Repository/09-Settings/Organization/mat-card-title_Membership' is visible

2022-11-09 16:42:17 - [TEST_STEP][PASSED] - verifyElementVisible(findTestObject("09-Settings/Organization/div_By enabling this option, all join requests via URL will be automatically approved")): Object 'Object Repository/09-Settings/Organization/div_By enabling this option, all join requests via URL will be automatically approved' is visible

2022-11-09 16:42:17 - [MESSAGE][PASSED] - Object 'Object Repository/09-Settings/Organization/div_By enabling this option, all join requests via URL will be automatically approved' is visible

2022-11-09 16:42:17 - [TEST_STEP][PASSED] - click(findTestObject("09-Settings/Organization/toggle_Enable auto approve")): Object: 'Object Repository/09-Settings/Organization/toggle_Enable auto approve' is clicked on

2022-11-09 16:42:18 - [MESSAGE][PASSED] - Object: 'Object Repository/09-Settings/Organization/toggle_Enable auto approve' is clicked on

2022-11-09 16:42:18 - [TEST_STEP][PASSED] - verifyElementVisible(findTestObject("09-Settings/Organization/div_By enabling this option, all join requests via URL will be automatically approved")): Object 'Object Repository/09-Settings/Organization/div_By enabling this option, all join requests via URL will be automatically approved' is visible

2022-11-09 16:42:19 - [MESSAGE][PASSED] - Object 'Object Repository/09-Settings/Organization/div_By enabling this option, all join requests via URL will be automatically approved' is visible

2022-11-09 16:42:19 - [TEST_STEP][PASSED] - verifyElementVisible(findTestObject("09-Settings/Organization/h4_Auto Approval Disabled for Free Limited Plan")): Object 'Object Repository/09-Settings/Organization/h4_Auto Approval Disabled for Free Limited Plan' is visible

2022-11-09 16:42:19 - [MESSAGE][PASSED] - Object 'Object Repository/09-Settings/Organization/h4_Auto Approval Disabled for Free Limited Plan' is visible

2022-11-09 16:42:19 - [TEST_STEP][PASSED] - delay(1): Delayed 1 second(s)

2022-11-09 16:42:20 - [MESSAGE][PASSED] - Delayed 1 second(s)

2022-11-09 16:42:20 - [TEST_STEP][PASSED] - click(findTestObject("09-Settings/Users/Active User/button_Cancel_restore")): Object: 'Object Repository/09-Settings/Users/Active User/button_Cancel_restore' is clicked on

2022-11-09 16:42:21 - [MESSAGE][PASSED] - Object: 'Object Repository/09-Settings/Users/Active User/button_Cancel_restore' is clicked on

2022-11-09 16:42:21 - [TEST_STEP][PASSED] - click(findTestObject("09-Settings/Organization/toggle_Enable auto approve")): Object: 'Object Repository/09-Settings/Organization/toggle_Enable auto approve' is clicked on

2022-11-09 16:42:21 - [MESSAGE][PASSED] - Object: 'Object Repository/09-Settings/Organization/toggle_Enable auto approve' is clicked on

2022-11-09 16:42:21 - [TEST_STEP][PASSED] - delay(3): Delayed 3 second(s)

2022-11-09 16:42:24 - [MESSAGE][PASSED] - Delayed 3 second(s)

2022-11-09 16:42:24 - [TEST_STEP][PASSED] - click(findTestObject("09-Settings/Organization/button_Go to Subscription")): Object: 'Object Repository/09-Settings/Organization/button_Go to Subscription' is clicked on

2022-11-09 16:42:25 - [MESSAGE][PASSED] - Object: 'Object Repository/09-Settings/Organization/button_Go to Subscription' is clicked on

2022-11-09 16:42:25 - [TEST_STEP][PASSED] - delay(2): Delayed 2 second(s)

2022-11-09 16:42:27 - [MESSAGE][PASSED] - Delayed 2 second(s)

2022-11-09 16:42:27 - [TEST_STEP][PASSED] - click(findTestObject("03-Header Menu/Hamburger Button/div_Settings")): Object: 'Object Repository/03-Header Menu/Hamburger Button/div_Settings' is clicked on

2022-11-09 16:42:27 - [MESSAGE][PASSED] - Object: 'Object Repository/03-Header Menu/Hamburger Button/div_Settings' is clicked on

2022-11-09 16:42:27 - [TEST_STEP][PASSED] - click(findTestObject("09-Settings/Users/div_Organization")): Object: 'Object Repository/09-Settings/Users/div_Organization' is clicked on

2022-11-09 16:42:28 - [MESSAGE][PASSED] - Object: 'Object Repository/09-Settings/Users/div_Organization' is clicked on

2022-11-09 16:42:28 - [TEST_STEP][PASSED] - click(findTestObject("09-Settings/Organization/div_Settings")): Object: 'Object Repository/09-Settings/Organization/div_Settings' is clicked on

2022-11-09 16:42:29 - [MESSAGE][PASSED] - Object: 'Object Repository/09-Settings/Organization/div_Settings' is clicked on

2022-11-09 16:42:29 - [TEST_STEP][PASSED] - delay(3): Delayed 3 second(s)

2022-11-09 16:42:32 - [MESSAGE][PASSED] - Delayed 3 second(s)

2022-11-09 16:42:32 - [TEST_STEP][PASSED] - verifyElementVisible(findTestObject("09-Settings/Organization/mat-card_Tools")): Object 'Object Repository/09-Settings/Organization/mat-card_Tools' is visible

2022-11-09 16:42:32 - [MESSAGE][PASSED] - Object 'Object Repository/09-Settings/Organization/mat-card_Tools' is visible

2022-11-09 16:42:32 - [TEST_STEP][PASSED] - verifyElementVisible(findTestObject("09-Settings/Organization/mat-card-title_Tools")): Object 'Object Repository/09-Settings/Organization/mat-card-title_Tools' is visible

2022-11-09 16:42:32 - [MESSAGE][PASSED] - Object 'Object Repository/09-Settings/Organization/mat-card-title_Tools' is visible

2022-11-09 16:42:32 - [TEST_STEP][PASSED] - verifyElementVisible(findTestObject("09-Settings/Organization/div_Enable or disable tools by clicking on the toggle")): Object 'Object Repository/09-Settings/Organization/div_Enable or disable tools by clicking on the toggle' is visible

2022-11-09 16:42:33 - [MESSAGE][PASSED] - Object 'Object Repository/09-Settings/Organization/div_Enable or disable tools by clicking on the toggle' is visible

2022-11-09 16:42:33 - [TEST_STEP][PASSED] - click(findTestObject("09-Settings/Organization/toggle_EL Net")): Object: 'Object Repository/09-Settings/Organization/toggle_EL Net' is clicked on

2022-11-09 16:42:33 - [MESSAGE][PASSED] - Object: 'Object Repository/09-Settings/Organization/toggle_EL Net' is clicked on

2022-11-09 16:42:33 - [TEST_STEP][PASSED] - verifyElementVisible(findTestObject("09-Settings/Organization/snack-bar-container_ELNet tool disabled.OK")): Object 'Object Repository/09-Settings/Organization/snack-bar-container_ELNet tool disabled.OK' is visible

2022-11-09 16:42:34 - [MESSAGE][PASSED] - Object 'Object Repository/09-Settings/Organization/snack-bar-container_ELNet tool disabled.OK' is visible

2022-11-09 16:42:34 - [TEST_STEP][PASSED] - delay(3): Delayed 3 second(s)

2022-11-09 16:42:37 - [MESSAGE][PASSED] - Delayed 3 second(s)

2022-11-09 16:42:37 - [TEST_STEP][PASSED] - click(findTestObject("09-Settings/Organization/toggle_EL Sign")): Object: 'Object Repository/09-Settings/Organization/toggle_EL Sign' is clicked on

2022-11-09 16:42:37 - [MESSAGE][PASSED] - Object: 'Object Repository/09-Settings/Organization/toggle_EL Sign' is clicked on

2022-11-09 16:42:37 - [TEST_STEP][PASSED] - verifyElementVisible(findTestObject("09-Settings/Organization/snack-bar-container_ELSign tool disabled.OK")): Object 'Object Repository/09-Settings/Organization/snack-bar-container_ELSign tool disabled.OK' is visible

2022-11-09 16:42:38 - [MESSAGE][PASSED] - Object 'Object Repository/09-Settings/Organization/snack-bar-container_ELSign tool disabled.OK' is visible

2022-11-09 16:42:38 - [TEST_STEP][PASSED] - delay(3): Delayed 3 second(s)

2022-11-09 16:42:41 - [MESSAGE][PASSED] - Delayed 3 second(s)

2022-11-09 16:42:41 - [TEST_STEP][PASSED] - click(findTestObject("09-Settings/Organization/toggle_EL HealthCheck")): Object: 'Object Repository/09-Settings/Organization/toggle_EL HealthCheck' is clicked on

2022-11-09 16:42:42 - [MESSAGE][PASSED] - Object: 'Object Repository/09-Settings/Organization/toggle_EL HealthCheck' is clicked on

2022-11-09 16:42:42 - [TEST_STEP][PASSED] - verifyElementVisible(findTestObject("09-Settings/Organization/snack-bar-container_EL HealthCheck tool enabled.OK")): Object 'Object Repository/09-Settings/Organization/snack-bar-container_EL HealthCheck tool enabled.OK' is visible

2022-11-09 16:42:43 - [MESSAGE][PASSED] - Object 'Object Repository/09-Settings/Organization/snack-bar-container_EL HealthCheck tool enabled.OK' is visible

2022-11-09 16:42:43 - [TEST_STEP][PASSED] - delay(3): Delayed 3 second(s)

2022-11-09 16:42:46 - [MESSAGE][PASSED] - Delayed 3 second(s)

2022-11-09 16:42:46 - [TEST_STEP][PASSED] - click(findTestObject("09-Settings/Organization/toggle_Income and expense")): Object: 'Object Repository/09-Settings/Organization/toggle_Income and expense' is clicked on

2022-11-09 16:42:46 - [MESSAGE][PASSED] - Object: 'Object Repository/09-Settings/Organization/toggle_Income and expense' is clicked on

2022-11-09 16:42:46 - [TEST_STEP][PASSED] - verifyElementVisible(findTestObject("09-Settings/Organization/snack-bar-container_Income and Expense tool disabled.OK")): Object 'Object Repository/09-Settings/Organization/snack-bar-container_Income and Expense tool disabled.OK' is visible

2022-11-09 16:42:47 - [MESSAGE][PASSED] - Object 'Object Repository/09-Settings/Organization/snack-bar-container_Income and Expense tool disabled.OK' is visible

2022-11-09 16:42:47 - [TEST_STEP][PASSED] - delay(3): Delayed 3 second(s)

2022-11-09 16:42:51 - [MESSAGE][PASSED] - Delayed 3 second(s)

2022-11-09 16:42:51 - [TEST_STEP][PASSED] - click(findTestObject("09-Settings/Organization/toggle_PDF Converter")): Object: 'Object Repository/09-Settings/Organization/toggle_PDF Converter' is clicked on

2022-11-09 16:42:51 - [MESSAGE][PASSED] - Object: 'Object Repository/09-Settings/Organization/toggle_PDF Converter' is clicked on

2022-11-09 16:42:51 - [TEST_STEP][PASSED] - verifyElementVisible(findTestObject("09-Settings/Organization/snack-bar-container_PDF Converter tool disabled.OK")): Object 'Object Repository/09-Settings/Organization/snack-bar-container_PDF Converter tool disabled.OK' is visible

2022-11-09 16:42:52 - [MESSAGE][PASSED] - Object 'Object Repository/09-Settings/Organization/snack-bar-container_PDF Converter tool disabled.OK' is visible

2022-11-09 16:42:52 - [TEST_STEP][PASSED] - delay(3): Delayed 3 second(s)

2022-11-09 16:42:55 - [MESSAGE][PASSED] - Delayed 3 second(s)

2022-11-09 16:42:55 - [TEST_STEP][PASSED] - click(findTestObject("09-Settings/Organization/toggle_EL Net")): Object: 'Object Repository/09-Settings/Organization/toggle_EL Net' is clicked on

2022-11-09 16:42:56 - [MESSAGE][PASSED] - Object: 'Object Repository/09-Settings/Organization/toggle_EL Net' is clicked on

2022-11-09 16:42:56 - [TEST_STEP][PASSED] - verifyElementVisible(findTestObject("09-Settings/Organization/snack-bar-container_ELNet tool enabled.OK")): Object 'Object Repository/09-Settings/Organization/snack-bar-container_ELNet tool enabled.OK' is visible

2022-11-09 16:42:57 - [MESSAGE][PASSED] - Object 'Object Repository/09-Settings/Organization/snack-bar-container_ELNet tool enabled.OK' is visible

2022-11-09 16:42:57 - [TEST_STEP][PASSED] - delay(3): Delayed 3 second(s)

2022-11-09 16:43:00 - [MESSAGE][PASSED] - Delayed 3 second(s)

2022-11-09 16:43:00 - [TEST_STEP][PASSED] - click(findTestObject("09-Settings/Organization/toggle_EL Sign")): Object: 'Object Repository/09-Settings/Organization/toggle_EL Sign' is clicked on

2022-11-09 16:43:02 - [MESSAGE][PASSED] - Object: 'Object Repository/09-Settings/Organization/toggle_EL Sign' is clicked on

2022-11-09 16:43:02 - [TEST_STEP][PASSED] - verifyElementVisible(findTestObject("09-Settings/Organization/snack-bar-container_ELSign tool enabled.OK")): Object 'Object Repository/09-Settings/Organization/snack-bar-container_ELSign tool enabled.OK' is visible

2022-11-09 16:43:03 - [MESSAGE][PASSED] - Object 'Object Repository/09-Settings/Organization/snack-bar-container_ELSign tool enabled.OK' is visible

2022-11-09 16:43:03 - [TEST_STEP][PASSED] - delay(3): Delayed 3 second(s)

2022-11-09 16:43:06 - [MESSAGE][PASSED] - Delayed 3 second(s)

2022-11-09 16:43:06 - [TEST_STEP][PASSED] - click(findTestObject("09-Settings/Organization/toggle_EL HealthCheck")): Object: 'Object Repository/09-Settings/Organization/toggle_EL HealthCheck' is clicked on

2022-11-09 16:43:06 - [MESSAGE][PASSED] - Object: 'Object Repository/09-Settings/Organization/toggle_EL HealthCheck' is clicked on

2022-11-09 16:43:06 - [TEST_STEP][PASSED] - verifyElementVisible(findTestObject("09-Settings/Organization/snack-bar-container_EL HealthCheck tool disabled.OK")): Object 'Object Repository/09-Settings/Organization/snack-bar-container_EL HealthCheck tool disabled.OK' is visible

2022-11-09 16:43:07 - [MESSAGE][PASSED] - Object 'Object Repository/09-Settings/Organization/snack-bar-container_EL HealthCheck tool disabled.OK' is visible

2022-11-09 16:43:07 - [TEST_STEP][PASSED] - delay(3): Delayed 3 second(s)

2022-11-09 16:43:10 - [MESSAGE][PASSED] - Delayed 3 second(s)

2022-11-09 16:43:10 - [TEST_STEP][PASSED] - click(findTestObject("09-Settings/Organization/toggle_Income and expense")): Object: 'Object Repository/09-Settings/Organization/toggle_Income and expense' is clicked on

2022-11-09 16:43:10 - [MESSAGE][PASSED] - Object: 'Object Repository/09-Settings/Organization/toggle_Income and expense' is clicked on

2022-11-09 16:43:10 - [TEST_STEP][PASSED] - verifyElementVisible(findTestObject("09-Settings/Organization/snack-bar-container_Income and Expense tool enabled.OK")): Object 'Object Repository/09-Settings/Organization/snack-bar-container_Income and Expense tool enabled.OK' is visible

2022-11-09 16:43:13 - [MESSAGE][PASSED] - Object 'Object Repository/09-Settings/Organization/snack-bar-container_Income and Expense tool enabled.OK' is visible

2022-11-09 16:43:13 - [TEST_STEP][PASSED] - delay(3): Delayed 3 second(s)

2022-11-09 16:43:16 - [MESSAGE][PASSED] - Delayed 3 second(s)

2022-11-09 16:43:16 - [TEST_STEP][PASSED] - click(findTestObject("09-Settings/Organization/toggle_PDF Converter")): Object: 'Object Repository/09-Settings/Organization/toggle_PDF Converter' is clicked on

2022-11-09 16:43:16 - [MESSAGE][PASSED] - Object: 'Object Repository/09-Settings/Organization/toggle_PDF Converter' is clicked on

2022-11-09 16:43:16 - [TEST_STEP][PASSED] - verifyElementVisible(findTestObject("09-Settings/Organization/snack-bar-container_PDF Converter tool enabled.OK")): Object 'Object Repository/09-Settings/Organization/snack-bar-container_PDF Converter tool enabled.OK' is visible

2022-11-09 16:43:17 - [MESSAGE][PASSED] - Object 'Object Repository/09-Settings/Organization/snack-bar-container_PDF Converter tool enabled.OK' is visible

2022-11-09 16:43:17 - [TEST_STEP][PASSED] - delay(4): Delayed 4 second(s)

2022-11-09 16:43:21 - [MESSAGE][PASSED] - Delayed 4 second(s)]]></system-out>
         <system-err><![CDATA[]]></system-err>
      </testcase>
      <testcase name="Test Cases/09-Settings/25 - Organization - Delete Organization" time="17.898" classname="Test Cases/09-Settings/25 - Organization - Delete Organization" status="PASSED">
         <system-out><![CDATA[2022-11-09 16:43:21 - [TEST_CASE][PASSED] - Test Cases/09-Settings/25 - Organization - Delete Organization: Test Cases/09-Settings/25 - Organization - Delete Organization

2022-11-09 16:43:21 - [TEST_STEP][PASSED] - delay(3): Delayed 3 second(s)

2022-11-09 16:43:24 - [MESSAGE][PASSED] - Delayed 3 second(s)

2022-11-09 16:43:24 - [TEST_STEP][PASSED] - click(findTestObject("09-Settings/Organization/div_Profile")): Object: 'Object Repository/09-Settings/Organization/div_Profile' is clicked on

2022-11-09 16:43:25 - [MESSAGE][PASSED] - Object: 'Object Repository/09-Settings/Organization/div_Profile' is clicked on

2022-11-09 16:43:25 - [TEST_STEP][PASSED] - delay(3): Delayed 3 second(s)

2022-11-09 16:43:28 - [MESSAGE][PASSED] - Delayed 3 second(s)

2022-11-09 16:43:28 - [TEST_STEP][PASSED] - verifyElementVisible(findTestObject("09-Settings/Organization/mat-card_Profile")): Object 'Object Repository/09-Settings/Organization/mat-card_Profile' is visible

2022-11-09 16:43:28 - [MESSAGE][PASSED] - Object 'Object Repository/09-Settings/Organization/mat-card_Profile' is visible

2022-11-09 16:43:28 - [TEST_STEP][PASSED] - verifyElementVisible(findTestObject("09-Settings/Organization/mat-card_Address")): Object 'Object Repository/09-Settings/Organization/mat-card_Address' is visible

2022-11-09 16:43:28 - [MESSAGE][PASSED] - Object 'Object Repository/09-Settings/Organization/mat-card_Address' is visible

2022-11-09 16:43:28 - [TEST_STEP][PASSED] - verifyElementVisible(findTestObject("09-Settings/Organization/mat-card_Contact")): Object 'Object Repository/09-Settings/Organization/mat-card_Contact' is visible

2022-11-09 16:43:29 - [MESSAGE][PASSED] - Object 'Object Repository/09-Settings/Organization/mat-card_Contact' is visible

2022-11-09 16:43:29 - [TEST_STEP][PASSED] - delay(5): Delayed 5 second(s)

2022-11-09 16:43:34 - [MESSAGE][PASSED] - Delayed 5 second(s)

2022-11-09 16:43:34 - [TEST_STEP][PASSED] - click(findTestObject("09-Settings/Organization/button_Delete Organization")): Object: 'Object Repository/09-Settings/Organization/button_Delete Organization' is clicked on

2022-11-09 16:43:34 - [MESSAGE][PASSED] - Object: 'Object Repository/09-Settings/Organization/button_Delete Organization' is clicked on

2022-11-09 16:43:34 - [TEST_STEP][PASSED] - delay(4): Delayed 4 second(s)

2022-11-09 16:43:38 - [MESSAGE][PASSED] - Delayed 4 second(s)

2022-11-09 16:43:38 - [TEST_STEP][PASSED] - closeBrowser(): Browser is closed

2022-11-09 16:43:39 - [MESSAGE][PASSED] - Browser is closed]]></system-out>
         <system-err><![CDATA[]]></system-err>
      </testcase>
      <system-out><![CDATA[2022-11-09 16:39:07 - [TEST_SUITE][PASSED] - 09.5 - Settings (Organization): Test Cases/09-Settings/25 - Organization - Delete Organization]]></system-out>
      <system-err><![CDATA[]]></system-err>
   </testsuite>
</testsuites>
