<?xml version="1.0" encoding="UTF-8"?>
<testsuites name="06.2 - Teams - Settings" time="526.48" tests="2" failures="0" errors="0">
   <testsuite name="06.2 - Teams - Settings" tests="2" failures="0" errors="0" time="526.48" skipped="0" timestamp="2022-04-25 16:54:40" hostname="User - DESKTOP-QCRNR4M" id="Test Suites/TS-Organization/06.2 - Teams - Settings">
      <properties>
         <property name="deviceName" value=""/>
         <property name="devicePlatform" value=""/>
         <property name="logFolder" value="C:\\Users\\User\\Katalon Studio\\EverleaguesMain\\Reports\\20220425_165436\\TS-Organization\\06.2 - Teams - Settings\\20220425_165437"/>
         <property name="logFiles" value="C:\\Users\\User\\Katalon Studio\\EverleaguesMain\\Reports\\20220425_165436\\TS-Organization\\06.2 - Teams - Settings\\20220425_165437\\execution0.log"/>
         <property name="attachments" value=""/>
         <property name="hostName" value="User - DESKTOP-QCRNR4M"/>
         <property name="os" value="Windows 10 64bit"/>
         <property name="katalonVersion" value="8.3.0.208"/>
         <property name="browser" value="Chrome 100.0.4896.127"/>
         <property name="hostAddress" value="192.168.5.83"/>
         <property name="sessionId" value="b6cc9a8f1bf7902a07c28e48dea3b09f"/>
         <property name="seleniumVersion" value="3.141.59"/>
         <property name="proxyInformation" value="ProxyInformation { proxyOption=NO_PROXY, proxyServerType=HTTP, username=, password=********, proxyServerAddress=, proxyServerPort=0, executionList=&quot;&quot;, isApplyToDesiredCapabilities=true }"/>
         <property name="platform" value="Windows 10"/>
      </properties>
      <testcase name="Test Cases/06-Teams/03-Edit Team - Private" time="178.848" classname="Test Cases/06-Teams/03-Edit Team - Private" status="PASSED">
         <system-out><![CDATA[2022-04-25 16:54:40 - [TEST_CASE][PASSED] - Test Cases/06-Teams/03-Edit Team - Private: Test Cases/06-Teams/03-Edit Team - Private

2022-04-25 16:54:40 - [TEST_STEP][PASSED] - openBrowser(""): Browser is opened with url: ''

2022-04-25 16:54:41 - [MESSAGE][INFO] - Starting 'Chrome' driver

2022-04-25 16:54:41 - [MESSAGE][INFO] - Action delay is set to 0 milliseconds

2022-04-25 16:54:43 - [MESSAGE][PASSED] - Browser is opened with url: ''

2022-04-25 16:54:43 - [TEST_STEP][PASSED] - navigateToUrl("https://lab.everleagues.com/"): Navigate to 'https://lab.everleagues.com/' successfully

2022-04-25 16:55:27 - [MESSAGE][PASSED] - Navigate to 'https://lab.everleagues.com/' successfully

2022-04-25 16:55:27 - [TEST_STEP][PASSED] - maximizeWindow(): Current window maximized

2022-04-25 16:55:27 - [MESSAGE][PASSED] - Current window maximized

2022-04-25 16:55:27 - [TEST_STEP][PASSED] - setText(findTestObject("02-Side Icons(Organization)/Add Contact/Email Field"), "testuser02@mailinator.com"): Text 'testuser02@mailinator.com' is set on object 'Object Repository/02-Side Icons(Organization)/Add Contact/Email Field'

2022-04-25 16:55:28 - [MESSAGE][PASSED] - Text 'testuser02@mailinator.com' is set on object 'Object Repository/02-Side Icons(Organization)/Add Contact/Email Field'

2022-04-25 16:55:28 - [TEST_STEP][PASSED] - setEncryptedText(findTestObject("02-Side Icons(Organization)/Add Contact/Password Field"), "8yFRyszE6U6jvsCn51OQbg=="): Text ****** has been set on object 'Object Repository/02-Side Icons(Organization)/Add Contact/Password Field'

2022-04-25 16:55:28 - [MESSAGE][PASSED] - Text ****** has been set on object 'Object Repository/02-Side Icons(Organization)/Add Contact/Password Field'

2022-04-25 16:55:28 - [TEST_STEP][PASSED] - click(findTestObject("02-Side Icons(Organization)/Add Contact/button_Sign in")): Object: 'Object Repository/02-Side Icons(Organization)/Add Contact/button_Sign in' is clicked on

2022-04-25 16:55:29 - [MESSAGE][PASSED] - Object: 'Object Repository/02-Side Icons(Organization)/Add Contact/button_Sign in' is clicked on

2022-04-25 16:55:29 - [TEST_STEP][PASSED] - delay(3): Delayed 3 second(s)

2022-04-25 16:55:32 - [MESSAGE][PASSED] - Delayed 3 second(s)

2022-04-25 16:55:32 - [TEST_STEP][PASSED] - click(findTestObject("06-Teams/For 2FA/button_Confirm_2FA")): Object: 'Object Repository/06-Teams/For 2FA/button_Confirm_2FA' is clicked on

2022-04-25 16:55:33 - [MESSAGE][PASSED] - Object: 'Object Repository/06-Teams/For 2FA/button_Confirm_2FA' is clicked on

2022-04-25 16:55:33 - [TEST_STEP][PASSED] - executeJavaScript("window.open();", []): Execute JavaScript 'window.open();' successfully

2022-04-25 16:55:33 - [MESSAGE][PASSED] - Execute JavaScript 'window.open();' successfully

2022-04-25 16:55:33 - [TEST_STEP][PASSED] - currentWindow = getWindowIndex(): Current window's index is: 0

2022-04-25 16:55:33 - [MESSAGE][PASSED] - Current window's index is: 0

2022-04-25 16:55:33 - [TEST_STEP][PASSED] - delay(3): Delayed 3 second(s)

2022-04-25 16:55:36 - [MESSAGE][PASSED] - Delayed 3 second(s)

2022-04-25 16:55:36 - [TEST_STEP][PASSED] - switchToWindowIndex(currentWindow + 1): Switched to window with index: '1'

2022-04-25 16:55:36 - [MESSAGE][PASSED] - Switched to window with index: '1'

2022-04-25 16:55:36 - [TEST_STEP][PASSED] - navigateToUrl("https://www.mailinator.com/"): Navigate to 'https://www.mailinator.com/' successfully

2022-04-25 16:55:38 - [MESSAGE][PASSED] - Navigate to 'https://www.mailinator.com/' successfully

2022-04-25 16:55:38 - [TEST_STEP][PASSED] - delay(3): Delayed 3 second(s)

2022-04-25 16:55:41 - [MESSAGE][PASSED] - Delayed 3 second(s)

2022-04-25 16:55:41 - [TEST_STEP][PASSED] - setText(findTestObject("00-Signup and Activation/zMailinator/input_LOGIN_search"), "testuser02@mailinator.com"): Text 'testuser02@mailinator.com' is set on object 'Object Repository/00-Signup and Activation/zMailinator/input_LOGIN_search'

2022-04-25 16:55:41 - [MESSAGE][PASSED] - Text 'testuser02@mailinator.com' is set on object 'Object Repository/00-Signup and Activation/zMailinator/input_LOGIN_search'

2022-04-25 16:55:41 - [TEST_STEP][PASSED] - click(findTestObject("00-Signup and Activation/zMailinator/gobutton"), STOP_ON_FAILURE): Object: 'Object Repository/00-Signup and Activation/zMailinator/gobutton' is clicked on

2022-04-25 16:55:42 - [MESSAGE][PASSED] - Object: 'Object Repository/00-Signup and Activation/zMailinator/gobutton' is clicked on

2022-04-25 16:55:42 - [TEST_STEP][PASSED] - delay(3): Delayed 3 second(s)

2022-04-25 16:55:45 - [MESSAGE][PASSED] - Delayed 3 second(s)

2022-04-25 16:55:45 - [TEST_STEP][PASSED] - click(findTestObject("00-Signup and Activation/zMailinator/Email - everleagues")): Object: 'Object Repository/00-Signup and Activation/zMailinator/Email - everleagues' is clicked on

2022-04-25 16:55:46 - [MESSAGE][PASSED] - Object: 'Object Repository/00-Signup and Activation/zMailinator/Email - everleagues' is clicked on

2022-04-25 16:55:46 - [TEST_STEP][PASSED] - delay(3): Delayed 3 second(s)

2022-04-25 16:55:49 - [MESSAGE][PASSED] - Delayed 3 second(s)

2022-04-25 16:55:49 - [TEST_STEP][PASSED] - code = getText(findTestObject("Object Repository/06-Teams/For 2FA/2FA code")): Text of object 'Object Repository/06-Teams/For 2FA/2FA code' is: '288028'

2022-04-25 16:55:49 - [MESSAGE][PASSED] - Text of object 'Object Repository/06-Teams/For 2FA/2FA code' is: '288028'

2022-04-25 16:55:49 - [TEST_STEP][PASSED] - delay(3): Delayed 3 second(s)

2022-04-25 16:55:52 - [MESSAGE][PASSED] - Delayed 3 second(s)

2022-04-25 16:55:52 - [TEST_STEP][PASSED] - closeWindowTitle("Mailinator"): Window with title: 'Mailinator' is closed

2022-04-25 16:55:53 - [MESSAGE][PASSED] - Window with title: 'Mailinator' is closed

2022-04-25 16:55:53 - [TEST_STEP][PASSED] - delay(3): Delayed 3 second(s)

2022-04-25 16:55:56 - [MESSAGE][PASSED] - Delayed 3 second(s)

2022-04-25 16:55:56 - [TEST_STEP][PASSED] - switchToWindowIndex(0): Switched to window with index: '0'

2022-04-25 16:55:56 - [MESSAGE][PASSED] - Switched to window with index: '0'

2022-04-25 16:55:56 - [TEST_STEP][PASSED] - delay(3): Delayed 3 second(s)

2022-04-25 16:55:59 - [MESSAGE][PASSED] - Delayed 3 second(s)

2022-04-25 16:55:59 - [TEST_STEP][PASSED] - setText(findTestObject("Object Repository/06-Teams/For 2FA/input_Enter verification code_code"), code): Text '288028' is set on object 'Object Repository/06-Teams/For 2FA/input_Enter verification code_code'

2022-04-25 16:56:00 - [MESSAGE][PASSED] - Text '288028' is set on object 'Object Repository/06-Teams/For 2FA/input_Enter verification code_code'

2022-04-25 16:56:00 - [TEST_STEP][PASSED] - delay(3): Delayed 3 second(s)

2022-04-25 16:56:03 - [MESSAGE][PASSED] - Delayed 3 second(s)

2022-04-25 16:56:03 - [TEST_STEP][PASSED] - click(findTestObject("06-Teams/For 2FA/button_Verify_2FA")): Object: 'Object Repository/06-Teams/For 2FA/button_Verify_2FA' is clicked on

2022-04-25 16:56:03 - [MESSAGE][PASSED] - Object: 'Object Repository/06-Teams/For 2FA/button_Verify_2FA' is clicked on

2022-04-25 16:56:03 - [TEST_STEP][PASSED] - delay(5): Delayed 5 second(s)

2022-04-25 16:56:08 - [MESSAGE][PASSED] - Delayed 5 second(s)

2022-04-25 16:56:08 - [TEST_STEP][PASSED] - click(findTestObject("06-Teams/button_doublearrow")): Object: 'Object Repository/06-Teams/button_doublearrow' is clicked on

2022-04-25 16:56:09 - [MESSAGE][PASSED] - Object: 'Object Repository/06-Teams/button_doublearrow' is clicked on

2022-04-25 16:56:09 - [TEST_STEP][PASSED] - click(findTestObject("06-Teams/button_My Organizations")): Object: 'Object Repository/06-Teams/button_My Organizations' is clicked on

2022-04-25 16:56:09 - [MESSAGE][PASSED] - Object: 'Object Repository/06-Teams/button_My Organizations' is clicked on

2022-04-25 16:56:09 - [TEST_STEP][PASSED] - click(findTestObject("06-Teams/button_GG Automation")): Object: 'Object Repository/06-Teams/button_GG Automation' is clicked on

2022-04-25 16:56:10 - [MESSAGE][PASSED] - Object: 'Object Repository/06-Teams/button_GG Automation' is clicked on

2022-04-25 16:56:10 - [TEST_STEP][PASSED] - delay(4): Delayed 4 second(s)

2022-04-25 16:56:14 - [MESSAGE][PASSED] - Delayed 4 second(s)

2022-04-25 16:56:14 - [TEST_STEP][PASSED] - verifyElementVisible(findTestObject("06-Teams/span_GG Automation")): Object 'Object Repository/06-Teams/span_GG Automation' is visible

2022-04-25 16:56:15 - [MESSAGE][PASSED] - Object 'Object Repository/06-Teams/span_GG Automation' is visible

2022-04-25 16:56:15 - [TEST_STEP][PASSED] - delay(2): Delayed 2 second(s)

2022-04-25 16:56:17 - [MESSAGE][PASSED] - Delayed 2 second(s)

2022-04-25 16:56:17 - [TEST_STEP][PASSED] - click(findTestObject("03-Header Menu/Hamburger Button/div_Teams")): Object: 'Object Repository/03-Header Menu/Hamburger Button/div_Teams' is clicked on

2022-04-25 16:56:17 - [MESSAGE][PASSED] - Object: 'Object Repository/03-Header Menu/Hamburger Button/div_Teams' is clicked on

2022-04-25 16:56:17 - [TEST_STEP][PASSED] - delay(2): Delayed 2 second(s)

2022-04-25 16:56:20 - [MESSAGE][PASSED] - Delayed 2 second(s)

2022-04-25 16:56:20 - [TEST_STEP][PASSED] - verifyElementVisible(findTestObject("06-Teams/h4_TEAMS")): Object 'Object Repository/06-Teams/h4_TEAMS' is visible

2022-04-25 16:56:20 - [MESSAGE][PASSED] - Object 'Object Repository/06-Teams/h4_TEAMS' is visible

2022-04-25 16:56:20 - [TEST_STEP][PASSED] - delay(3): Delayed 3 second(s)

2022-04-25 16:56:23 - [MESSAGE][PASSED] - Delayed 3 second(s)

2022-04-25 16:56:23 - [TEST_STEP][PASSED] - click(findTestObject("06-Teams/03-Edit Team - Private/button_edit Auto Team Private")): Object: 'Object Repository/06-Teams/03-Edit Team - Private/button_edit Auto Team Private' is clicked on

2022-04-25 16:56:23 - [MESSAGE][PASSED] - Object: 'Object Repository/06-Teams/03-Edit Team - Private/button_edit Auto Team Private' is clicked on

2022-04-25 16:56:23 - [TEST_STEP][PASSED] - delay(3): Delayed 3 second(s)

2022-04-25 16:56:26 - [MESSAGE][PASSED] - Delayed 3 second(s)

2022-04-25 16:56:26 - [TEST_STEP][PASSED] - verifyElementVisible(findTestObject("06-Teams/03-Edit Team - Private/h4_Edit Auto Team Private")): Object 'Object Repository/06-Teams/03-Edit Team - Private/h4_Edit Auto Team Private' is visible

2022-04-25 16:56:27 - [MESSAGE][PASSED] - Object 'Object Repository/06-Teams/03-Edit Team - Private/h4_Edit Auto Team Private' is visible

2022-04-25 16:56:27 - [TEST_STEP][PASSED] - verifyElementVisible(findTestObject("06-Teams/03-Edit Team - Private/div_Members")): Object 'Object Repository/06-Teams/03-Edit Team - Private/div_Members' is visible

2022-04-25 16:56:27 - [MESSAGE][PASSED] - Object 'Object Repository/06-Teams/03-Edit Team - Private/div_Members' is visible

2022-04-25 16:56:27 - [TEST_STEP][PASSED] - verifyElementVisible(findTestObject("06-Teams/03-Edit Team - Private/div_Channels")): Object 'Object Repository/06-Teams/03-Edit Team - Private/div_Channels' is visible

2022-04-25 16:56:28 - [MESSAGE][PASSED] - Object 'Object Repository/06-Teams/03-Edit Team - Private/div_Channels' is visible

2022-04-25 16:56:28 - [TEST_STEP][PASSED] - verifyElementVisible(findTestObject("06-Teams/03-Edit Team - Private/div_Settings")): Object 'Object Repository/06-Teams/03-Edit Team - Private/div_Settings' is visible

2022-04-25 16:56:28 - [MESSAGE][PASSED] - Object 'Object Repository/06-Teams/03-Edit Team - Private/div_Settings' is visible

2022-04-25 16:56:28 - [TEST_STEP][PASSED] - delay(3): Delayed 3 second(s)

2022-04-25 16:56:31 - [MESSAGE][PASSED] - Delayed 3 second(s)

2022-04-25 16:56:31 - [TEST_STEP][PASSED] - click(findTestObject("06-Teams/03-Edit Team - Private/input_name or group")): Object: 'Object Repository/06-Teams/03-Edit Team - Private/input_name or group' is clicked on

2022-04-25 16:56:31 - [MESSAGE][PASSED] - Object: 'Object Repository/06-Teams/03-Edit Team - Private/input_name or group' is clicked on

2022-04-25 16:56:31 - [TEST_STEP][PASSED] - click(findTestObject("06-Teams/03-Edit Team - Private/select_GG tester 2")): Object: 'Object Repository/06-Teams/03-Edit Team - Private/select_GG tester 2' is clicked on

2022-04-25 16:56:32 - [MESSAGE][PASSED] - Object: 'Object Repository/06-Teams/03-Edit Team - Private/select_GG tester 2' is clicked on

2022-04-25 16:56:32 - [TEST_STEP][PASSED] - verifyElementVisible(findTestObject("06-Teams/03-Edit Team - Private/selected_GG tester 2")): Object 'Object Repository/06-Teams/03-Edit Team - Private/selected_GG tester 2' is visible

2022-04-25 16:56:33 - [MESSAGE][PASSED] - Object 'Object Repository/06-Teams/03-Edit Team - Private/selected_GG tester 2' is visible

2022-04-25 16:56:33 - [TEST_STEP][PASSED] - delay(3): Delayed 3 second(s)

2022-04-25 16:56:36 - [MESSAGE][PASSED] - Delayed 3 second(s)

2022-04-25 16:56:36 - [TEST_STEP][PASSED] - click(findTestObject("06-Teams/03-Edit Team - Private/div_INVITE")): Object: 'Object Repository/06-Teams/03-Edit Team - Private/div_INVITE' is clicked on

2022-04-25 16:56:36 - [MESSAGE][PASSED] - Object: 'Object Repository/06-Teams/03-Edit Team - Private/div_INVITE' is clicked on

2022-04-25 16:56:36 - [TEST_STEP][PASSED] - verifyElementVisible(findTestObject("06-Teams/03-Edit Team - Private/added_GTGG tester 2")): Object 'Object Repository/06-Teams/03-Edit Team - Private/added_GTGG tester 2' is visible

2022-04-25 16:56:37 - [MESSAGE][PASSED] - Object 'Object Repository/06-Teams/03-Edit Team - Private/added_GTGG tester 2' is visible

2022-04-25 16:56:37 - [TEST_STEP][PASSED] - delay(3): Delayed 3 second(s)

2022-04-25 16:56:40 - [MESSAGE][PASSED] - Delayed 3 second(s)

2022-04-25 16:56:40 - [TEST_STEP][PASSED] - mouseOver(findTestObject("06-Teams/03-Edit Team - Private/mouse over target element")): Object: 'Object Repository/06-Teams/03-Edit Team - Private/mouse over target element' is hovered

2022-04-25 16:56:41 - [MESSAGE][PASSED] - Object: 'Object Repository/06-Teams/03-Edit Team - Private/mouse over target element' is hovered

2022-04-25 16:56:41 - [TEST_STEP][PASSED] - click(findTestObject("06-Teams/03-Edit Team - Private/button_promote to admin")): Object: 'Object Repository/06-Teams/03-Edit Team - Private/button_promote to admin' is clicked on

2022-04-25 16:56:41 - [MESSAGE][PASSED] - Object: 'Object Repository/06-Teams/03-Edit Team - Private/button_promote to admin' is clicked on

2022-04-25 16:56:41 - [TEST_STEP][PASSED] - verifyElementVisible(findTestObject("06-Teams/03-Edit Team - Private/span_Admin")): Object 'Object Repository/06-Teams/03-Edit Team - Private/span_Admin' is visible

2022-04-25 16:56:42 - [MESSAGE][PASSED] - Object 'Object Repository/06-Teams/03-Edit Team - Private/span_Admin' is visible

2022-04-25 16:56:42 - [TEST_STEP][PASSED] - delay(3): Delayed 3 second(s)

2022-04-25 16:56:45 - [MESSAGE][PASSED] - Delayed 3 second(s)

2022-04-25 16:56:45 - [TEST_STEP][PASSED] - mouseOver(findTestObject("06-Teams/03-Edit Team - Private/mouse over target element 2")): Object: 'Object Repository/06-Teams/03-Edit Team - Private/mouse over target element 2' is hovered

2022-04-25 16:56:46 - [MESSAGE][PASSED] - Object: 'Object Repository/06-Teams/03-Edit Team - Private/mouse over target element 2' is hovered

2022-04-25 16:56:46 - [TEST_STEP][PASSED] - click(findTestObject("06-Teams/03-Edit Team - Private/button_remove member")): Object: 'Object Repository/06-Teams/03-Edit Team - Private/button_remove member' is clicked on

2022-04-25 16:56:46 - [MESSAGE][PASSED] - Object: 'Object Repository/06-Teams/03-Edit Team - Private/button_remove member' is clicked on

2022-04-25 16:56:46 - [TEST_STEP][PASSED] - verifyElementNotPresent(findTestObject("06-Teams/03-Edit Team - Private/added_GTGG tester 2"), 0): Web element with id: 'Object Repository/06-Teams/03-Edit Team - Private/added_GTGG tester 2' located by 'By.xpath: //td[(text() = 'GTGG tester 2' or . = 'GTGG tester 2')]' is not present after '30' second(s)

2022-04-25 16:56:46 - [MESSAGE][WARNING] - Timeout '0' is invalid. Using default page load timeout: '30'

2022-04-25 16:56:47 - [MESSAGE][PASSED] - Web element with id: 'Object Repository/06-Teams/03-Edit Team - Private/added_GTGG tester 2' located by 'By.xpath: //td[(text() = 'GTGG tester 2' or . = 'GTGG tester 2')]' is not present after '30' second(s)

2022-04-25 16:56:47 - [TEST_STEP][PASSED] - delay(5): Delayed 5 second(s)

2022-04-25 16:56:52 - [MESSAGE][PASSED] - Delayed 5 second(s)

2022-04-25 16:56:52 - [TEST_STEP][PASSED] - click(findTestObject("06-Teams/03-Edit Team - Private/div_Channels")): Object: 'Object Repository/06-Teams/03-Edit Team - Private/div_Channels' is clicked on

2022-04-25 16:56:52 - [MESSAGE][PASSED] - Object: 'Object Repository/06-Teams/03-Edit Team - Private/div_Channels' is clicked on

2022-04-25 16:56:52 - [TEST_STEP][PASSED] - verifyElementVisible(findTestObject("06-Teams/03-Edit Team - Private/div_Showing channels in team_Add Channel")): Object 'Object Repository/06-Teams/03-Edit Team - Private/div_Showing channels in team_Add Channel' is visible

2022-04-25 16:56:53 - [MESSAGE][PASSED] - Object 'Object Repository/06-Teams/03-Edit Team - Private/div_Showing channels in team_Add Channel' is visible

2022-04-25 16:56:53 - [TEST_STEP][PASSED] - delay(3): Delayed 3 second(s)

2022-04-25 16:56:56 - [MESSAGE][PASSED] - Delayed 3 second(s)

2022-04-25 16:56:56 - [TEST_STEP][PASSED] - click(findTestObject("06-Teams/03-Edit Team - Private/div_Add Channel")): Object: 'Object Repository/06-Teams/03-Edit Team - Private/div_Add Channel' is clicked on

2022-04-25 16:56:57 - [MESSAGE][PASSED] - Object: 'Object Repository/06-Teams/03-Edit Team - Private/div_Add Channel' is clicked on

2022-04-25 16:56:57 - [TEST_STEP][PASSED] - verifyElementVisible(findTestObject("06-Teams/03-Edit Team - Private/add channel modal")): Object 'Object Repository/06-Teams/03-Edit Team - Private/add channel modal' is visible

2022-04-25 16:56:57 - [MESSAGE][PASSED] - Object 'Object Repository/06-Teams/03-Edit Team - Private/add channel modal' is visible

2022-04-25 16:56:57 - [TEST_STEP][PASSED] - verifyElementNotClickable(findTestObject("06-Teams/03-Edit Team - Private/button_Add")): Object 'Object Repository/06-Teams/03-Edit Team - Private/button_Add' is NOT clickable

2022-04-25 16:56:57 - [MESSAGE][PASSED] - Object 'Object Repository/06-Teams/03-Edit Team - Private/button_Add' is NOT clickable

2022-04-25 16:56:57 - [TEST_STEP][PASSED] - delay(3): Delayed 3 second(s)

2022-04-25 16:57:00 - [MESSAGE][PASSED] - Delayed 3 second(s)

2022-04-25 16:57:00 - [TEST_STEP][PASSED] - click(findTestObject("06-Teams/03-Edit Team - Private/input_channel name")): Object: 'Object Repository/06-Teams/03-Edit Team - Private/input_channel name' is clicked on

2022-04-25 16:57:01 - [MESSAGE][PASSED] - Object: 'Object Repository/06-Teams/03-Edit Team - Private/input_channel name' is clicked on

2022-04-25 16:57:01 - [TEST_STEP][PASSED] - click(findTestObject("06-Teams/03-Edit Team - Private/h4_Add Channel")): Object: 'Object Repository/06-Teams/03-Edit Team - Private/h4_Add Channel' is clicked on

2022-04-25 16:57:01 - [MESSAGE][PASSED] - Object: 'Object Repository/06-Teams/03-Edit Team - Private/h4_Add Channel' is clicked on

2022-04-25 16:57:01 - [TEST_STEP][PASSED] - verifyElementVisible(findTestObject("06-Teams/03-Edit Team - Private/div_Channel Name Field is required")): Object 'Object Repository/06-Teams/03-Edit Team - Private/div_Channel Name Field is required' is visible

2022-04-25 16:57:02 - [MESSAGE][PASSED] - Object 'Object Repository/06-Teams/03-Edit Team - Private/div_Channel Name Field is required' is visible

2022-04-25 16:57:02 - [TEST_STEP][PASSED] - delay(3): Delayed 3 second(s)

2022-04-25 16:57:05 - [MESSAGE][PASSED] - Delayed 3 second(s)

2022-04-25 16:57:05 - [TEST_STEP][PASSED] - setText(findTestObject("06-Teams/03-Edit Team - Private/input_channel name"), "Auto Channel"): Text 'Auto Channel' is set on object 'Object Repository/06-Teams/03-Edit Team - Private/input_channel name'

2022-04-25 16:57:05 - [MESSAGE][PASSED] - Text 'Auto Channel' is set on object 'Object Repository/06-Teams/03-Edit Team - Private/input_channel name'

2022-04-25 16:57:05 - [TEST_STEP][PASSED] - click(findTestObject("06-Teams/03-Edit Team - Private/button_Add")): Object: 'Object Repository/06-Teams/03-Edit Team - Private/button_Add' is clicked on

2022-04-25 16:57:06 - [MESSAGE][PASSED] - Object: 'Object Repository/06-Teams/03-Edit Team - Private/button_Add' is clicked on

2022-04-25 16:57:06 - [TEST_STEP][PASSED] - verifyElementVisible(findTestObject("06-Teams/03-Edit Team - Private/Successfully added channel to team")): Object 'Object Repository/06-Teams/03-Edit Team - Private/Successfully added channel to team' is visible

2022-04-25 16:57:07 - [MESSAGE][PASSED] - Object 'Object Repository/06-Teams/03-Edit Team - Private/Successfully added channel to team' is visible

2022-04-25 16:57:07 - [TEST_STEP][PASSED] - delay(3): Delayed 3 second(s)

2022-04-25 16:57:10 - [MESSAGE][PASSED] - Delayed 3 second(s)

2022-04-25 16:57:10 - [TEST_STEP][PASSED] - verifyElementVisible(findTestObject("06-Teams/03-Edit Team - Private/div_Auto Channel")): Object 'Object Repository/06-Teams/03-Edit Team - Private/div_Auto Channel' is visible

2022-04-25 16:57:11 - [MESSAGE][PASSED] - Object 'Object Repository/06-Teams/03-Edit Team - Private/div_Auto Channel' is visible

2022-04-25 16:57:11 - [TEST_STEP][PASSED] - delay(3): Delayed 3 second(s)

2022-04-25 16:57:14 - [MESSAGE][PASSED] - Delayed 3 second(s)

2022-04-25 16:57:14 - [TEST_STEP][PASSED] - click(findTestObject("06-Teams/03-Edit Team - Private/button_edit channel")): Object: 'Object Repository/06-Teams/03-Edit Team - Private/button_edit channel' is clicked on

2022-04-25 16:57:14 - [MESSAGE][PASSED] - Object: 'Object Repository/06-Teams/03-Edit Team - Private/button_edit channel' is clicked on

2022-04-25 16:57:14 - [TEST_STEP][PASSED] - verifyElementVisible(findTestObject("06-Teams/03-Edit Team - Private/Edit channel modal")): Object 'Object Repository/06-Teams/03-Edit Team - Private/Edit channel modal' is visible

2022-04-25 16:57:15 - [MESSAGE][PASSED] - Object 'Object Repository/06-Teams/03-Edit Team - Private/Edit channel modal' is visible

2022-04-25 16:57:15 - [TEST_STEP][PASSED] - verifyElementNotClickable(findTestObject("06-Teams/03-Edit Team - Private/button_Save")): Object 'Object Repository/06-Teams/03-Edit Team - Private/button_Save' is NOT clickable

2022-04-25 16:57:16 - [MESSAGE][PASSED] - Object 'Object Repository/06-Teams/03-Edit Team - Private/button_Save' is NOT clickable

2022-04-25 16:57:16 - [TEST_STEP][PASSED] - delay(3): Delayed 3 second(s)

2022-04-25 16:57:19 - [MESSAGE][PASSED] - Delayed 3 second(s)

2022-04-25 16:57:19 - [TEST_STEP][PASSED] - setText(findTestObject("06-Teams/03-Edit Team - Private/input_Edit Channel name"), "Auto Channel Edit"): Text 'Auto Channel Edit' is set on object 'Object Repository/06-Teams/03-Edit Team - Private/input_Edit Channel name'

2022-04-25 16:57:20 - [MESSAGE][PASSED] - Text 'Auto Channel Edit' is set on object 'Object Repository/06-Teams/03-Edit Team - Private/input_Edit Channel name'

2022-04-25 16:57:20 - [TEST_STEP][PASSED] - click(findTestObject("06-Teams/03-Edit Team - Private/button_Save")): Object: 'Object Repository/06-Teams/03-Edit Team - Private/button_Save' is clicked on

2022-04-25 16:57:20 - [MESSAGE][PASSED] - Object: 'Object Repository/06-Teams/03-Edit Team - Private/button_Save' is clicked on

2022-04-25 16:57:20 - [TEST_STEP][PASSED] - verifyElementVisible(findTestObject("06-Teams/03-Edit Team - Private/Successfully edited channel")): Object 'Object Repository/06-Teams/03-Edit Team - Private/Successfully edited channel' is visible

2022-04-25 16:57:22 - [MESSAGE][PASSED] - Object 'Object Repository/06-Teams/03-Edit Team - Private/Successfully edited channel' is visible

2022-04-25 16:57:22 - [TEST_STEP][PASSED] - delay(3): Delayed 3 second(s)

2022-04-25 16:57:25 - [MESSAGE][PASSED] - Delayed 3 second(s)

2022-04-25 16:57:25 - [TEST_STEP][PASSED] - click(findTestObject("06-Teams/03-Edit Team - Private/button_delete channel")): Object: 'Object Repository/06-Teams/03-Edit Team - Private/button_delete channel' is clicked on

2022-04-25 16:57:25 - [MESSAGE][PASSED] - Object: 'Object Repository/06-Teams/03-Edit Team - Private/button_delete channel' is clicked on

2022-04-25 16:57:25 - [TEST_STEP][PASSED] - verifyElementVisible(findTestObject("06-Teams/03-Edit Team - Private/Delete confirm modal")): Object 'Object Repository/06-Teams/03-Edit Team - Private/Delete confirm modal' is visible

2022-04-25 16:57:26 - [MESSAGE][PASSED] - Object 'Object Repository/06-Teams/03-Edit Team - Private/Delete confirm modal' is visible

2022-04-25 16:57:26 - [TEST_STEP][PASSED] - click(findTestObject("06-Teams/03-Edit Team - Private/button_delete")): Object: 'Object Repository/06-Teams/03-Edit Team - Private/button_delete' is clicked on

2022-04-25 16:57:27 - [MESSAGE][PASSED] - Object: 'Object Repository/06-Teams/03-Edit Team - Private/button_delete' is clicked on

2022-04-25 16:57:27 - [TEST_STEP][PASSED] - verifyElementVisible(findTestObject("06-Teams/03-Edit Team - Private/Successfully deleted channel")): Object 'Object Repository/06-Teams/03-Edit Team - Private/Successfully deleted channel' is visible

2022-04-25 16:57:28 - [MESSAGE][PASSED] - Object 'Object Repository/06-Teams/03-Edit Team - Private/Successfully deleted channel' is visible

2022-04-25 16:57:28 - [TEST_STEP][PASSED] - delay(3): Delayed 3 second(s)

2022-04-25 16:57:31 - [MESSAGE][PASSED] - Delayed 3 second(s)

2022-04-25 16:57:31 - [TEST_STEP][PASSED] - click(findTestObject("06-Teams/03-Edit Team - Private/div_Settings")): Object: 'Object Repository/06-Teams/03-Edit Team - Private/div_Settings' is clicked on

2022-04-25 16:57:31 - [MESSAGE][PASSED] - Object: 'Object Repository/06-Teams/03-Edit Team - Private/div_Settings' is clicked on

2022-04-25 16:57:31 - [TEST_STEP][PASSED] - delay(3): Delayed 3 second(s)

2022-04-25 16:57:34 - [MESSAGE][PASSED] - Delayed 3 second(s)

2022-04-25 16:57:34 - [TEST_STEP][PASSED] - verifyElementVisible(findTestObject("06-Teams/03-Edit Team - Private/Private_settings")): Object 'Object Repository/06-Teams/03-Edit Team - Private/Private_settings' is visible

2022-04-25 16:57:35 - [MESSAGE][PASSED] - Object 'Object Repository/06-Teams/03-Edit Team - Private/Private_settings' is visible

2022-04-25 16:57:35 - [TEST_STEP][PASSED] - delay(3): Delayed 3 second(s)

2022-04-25 16:57:38 - [MESSAGE][PASSED] - Delayed 3 second(s)

2022-04-25 16:57:38 - [TEST_STEP][PASSED] - closeBrowser(): Browser is closed

2022-04-25 16:57:39 - [MESSAGE][PASSED] - Browser is closed]]></system-out>
         <system-err><![CDATA[]]></system-err>
      </testcase>
      <testcase name="Test Cases/06-Teams/04-Edit Team- Public" time="347.352" classname="Test Cases/06-Teams/04-Edit Team- Public" status="PASSED">
         <system-out><![CDATA[2022-04-25 16:57:39 - [TEST_CASE][PASSED] - Test Cases/06-Teams/04-Edit Team- Public: Test Cases/06-Teams/04-Edit Team- Public

2022-04-25 16:57:39 - [TEST_STEP][PASSED] - openBrowser(""): Browser is opened with url: ''

2022-04-25 16:57:39 - [MESSAGE][INFO] - Starting 'Chrome' driver

2022-04-25 16:57:39 - [MESSAGE][INFO] - Action delay is set to 0 milliseconds

2022-04-25 16:57:40 - [MESSAGE][PASSED] - Browser is opened with url: ''

2022-04-25 16:57:40 - [TEST_STEP][PASSED] - navigateToUrl("https://lab.everleagues.com/"): Navigate to 'https://lab.everleagues.com/' successfully

2022-04-25 17:01:43 - [MESSAGE][PASSED] - Navigate to 'https://lab.everleagues.com/' successfully

2022-04-25 17:01:43 - [TEST_STEP][PASSED] - maximizeWindow(): Current window maximized

2022-04-25 17:01:43 - [MESSAGE][PASSED] - Current window maximized

2022-04-25 17:01:43 - [TEST_STEP][PASSED] - setText(findTestObject("02-Side Icons(Organization)/Add Contact/Email Field"), "testuser02@mailinator.com"): Text 'testuser02@mailinator.com' is set on object 'Object Repository/02-Side Icons(Organization)/Add Contact/Email Field'

2022-04-25 17:01:44 - [MESSAGE][PASSED] - Text 'testuser02@mailinator.com' is set on object 'Object Repository/02-Side Icons(Organization)/Add Contact/Email Field'

2022-04-25 17:01:44 - [TEST_STEP][PASSED] - setEncryptedText(findTestObject("02-Side Icons(Organization)/Add Contact/Password Field"), "8yFRyszE6U6jvsCn51OQbg=="): Text ****** has been set on object 'Object Repository/02-Side Icons(Organization)/Add Contact/Password Field'

2022-04-25 17:01:44 - [MESSAGE][PASSED] - Text ****** has been set on object 'Object Repository/02-Side Icons(Organization)/Add Contact/Password Field'

2022-04-25 17:01:44 - [TEST_STEP][PASSED] - click(findTestObject("02-Side Icons(Organization)/Add Contact/button_Sign in")): Object: 'Object Repository/02-Side Icons(Organization)/Add Contact/button_Sign in' is clicked on

2022-04-25 17:01:46 - [MESSAGE][PASSED] - Object: 'Object Repository/02-Side Icons(Organization)/Add Contact/button_Sign in' is clicked on

2022-04-25 17:01:46 - [TEST_STEP][PASSED] - delay(3): Delayed 3 second(s)

2022-04-25 17:01:49 - [MESSAGE][PASSED] - Delayed 3 second(s)

2022-04-25 17:01:49 - [TEST_STEP][PASSED] - click(findTestObject("06-Teams/For 2FA/button_Confirm_2FA")): Object: 'Object Repository/06-Teams/For 2FA/button_Confirm_2FA' is clicked on

2022-04-25 17:01:49 - [MESSAGE][PASSED] - Object: 'Object Repository/06-Teams/For 2FA/button_Confirm_2FA' is clicked on

2022-04-25 17:01:49 - [TEST_STEP][PASSED] - executeJavaScript("window.open();", []): Execute JavaScript 'window.open();' successfully

2022-04-25 17:01:49 - [MESSAGE][PASSED] - Execute JavaScript 'window.open();' successfully

2022-04-25 17:01:49 - [TEST_STEP][PASSED] - currentWindow = getWindowIndex(): Current window's index is: 0

2022-04-25 17:01:49 - [MESSAGE][PASSED] - Current window's index is: 0

2022-04-25 17:01:49 - [TEST_STEP][PASSED] - delay(3): Delayed 3 second(s)

2022-04-25 17:01:52 - [MESSAGE][PASSED] - Delayed 3 second(s)

2022-04-25 17:01:52 - [TEST_STEP][PASSED] - switchToWindowIndex(currentWindow + 1): Switched to window with index: '1'

2022-04-25 17:01:52 - [MESSAGE][PASSED] - Switched to window with index: '1'

2022-04-25 17:01:52 - [TEST_STEP][PASSED] - navigateToUrl("https://www.mailinator.com/"): Navigate to 'https://www.mailinator.com/' successfully

2022-04-25 17:01:55 - [MESSAGE][PASSED] - Navigate to 'https://www.mailinator.com/' successfully

2022-04-25 17:01:55 - [TEST_STEP][PASSED] - delay(3): Delayed 3 second(s)

2022-04-25 17:01:58 - [MESSAGE][PASSED] - Delayed 3 second(s)

2022-04-25 17:01:58 - [TEST_STEP][PASSED] - setText(findTestObject("00-Signup and Activation/zMailinator/input_LOGIN_search"), "testuser02@mailinator.com"): Text 'testuser02@mailinator.com' is set on object 'Object Repository/00-Signup and Activation/zMailinator/input_LOGIN_search'

2022-04-25 17:01:58 - [MESSAGE][PASSED] - Text 'testuser02@mailinator.com' is set on object 'Object Repository/00-Signup and Activation/zMailinator/input_LOGIN_search'

2022-04-25 17:01:58 - [TEST_STEP][PASSED] - click(findTestObject("00-Signup and Activation/zMailinator/gobutton"), STOP_ON_FAILURE): Object: 'Object Repository/00-Signup and Activation/zMailinator/gobutton' is clicked on

2022-04-25 17:02:00 - [MESSAGE][PASSED] - Object: 'Object Repository/00-Signup and Activation/zMailinator/gobutton' is clicked on

2022-04-25 17:02:00 - [TEST_STEP][PASSED] - delay(3): Delayed 3 second(s)

2022-04-25 17:02:03 - [MESSAGE][PASSED] - Delayed 3 second(s)

2022-04-25 17:02:03 - [TEST_STEP][PASSED] - click(findTestObject("00-Signup and Activation/zMailinator/Email - everleagues")): Object: 'Object Repository/00-Signup and Activation/zMailinator/Email - everleagues' is clicked on

2022-04-25 17:02:03 - [MESSAGE][PASSED] - Object: 'Object Repository/00-Signup and Activation/zMailinator/Email - everleagues' is clicked on

2022-04-25 17:02:03 - [TEST_STEP][PASSED] - delay(3): Delayed 3 second(s)

2022-04-25 17:02:07 - [MESSAGE][PASSED] - Delayed 3 second(s)

2022-04-25 17:02:07 - [TEST_STEP][PASSED] - code = getText(findTestObject("Object Repository/06-Teams/For 2FA/2FA code")): Text of object 'Object Repository/06-Teams/For 2FA/2FA code' is: '778608'

2022-04-25 17:02:07 - [MESSAGE][PASSED] - Text of object 'Object Repository/06-Teams/For 2FA/2FA code' is: '778608'

2022-04-25 17:02:07 - [TEST_STEP][PASSED] - delay(3): Delayed 3 second(s)

2022-04-25 17:02:10 - [MESSAGE][PASSED] - Delayed 3 second(s)

2022-04-25 17:02:10 - [TEST_STEP][PASSED] - closeWindowTitle("Mailinator"): Window with title: 'Mailinator' is closed

2022-04-25 17:02:10 - [MESSAGE][PASSED] - Window with title: 'Mailinator' is closed

2022-04-25 17:02:10 - [TEST_STEP][PASSED] - delay(3): Delayed 3 second(s)

2022-04-25 17:02:13 - [MESSAGE][PASSED] - Delayed 3 second(s)

2022-04-25 17:02:13 - [TEST_STEP][PASSED] - switchToWindowIndex(0): Switched to window with index: '0'

2022-04-25 17:02:13 - [MESSAGE][PASSED] - Switched to window with index: '0'

2022-04-25 17:02:13 - [TEST_STEP][PASSED] - delay(3): Delayed 3 second(s)

2022-04-25 17:02:16 - [MESSAGE][PASSED] - Delayed 3 second(s)

2022-04-25 17:02:16 - [TEST_STEP][PASSED] - setText(findTestObject("Object Repository/06-Teams/For 2FA/input_Enter verification code_code"), code): Text '778608' is set on object 'Object Repository/06-Teams/For 2FA/input_Enter verification code_code'

2022-04-25 17:02:17 - [MESSAGE][PASSED] - Text '778608' is set on object 'Object Repository/06-Teams/For 2FA/input_Enter verification code_code'

2022-04-25 17:02:17 - [TEST_STEP][PASSED] - delay(3): Delayed 3 second(s)

2022-04-25 17:02:20 - [MESSAGE][PASSED] - Delayed 3 second(s)

2022-04-25 17:02:20 - [TEST_STEP][PASSED] - click(findTestObject("06-Teams/For 2FA/button_Verify_2FA")): Object: 'Object Repository/06-Teams/For 2FA/button_Verify_2FA' is clicked on

2022-04-25 17:02:21 - [MESSAGE][PASSED] - Object: 'Object Repository/06-Teams/For 2FA/button_Verify_2FA' is clicked on

2022-04-25 17:02:21 - [TEST_STEP][PASSED] - delay(5): Delayed 5 second(s)

2022-04-25 17:02:26 - [MESSAGE][PASSED] - Delayed 5 second(s)

2022-04-25 17:02:26 - [TEST_STEP][PASSED] - click(findTestObject("06-Teams/button_doublearrow")): Object: 'Object Repository/06-Teams/button_doublearrow' is clicked on

2022-04-25 17:02:26 - [MESSAGE][PASSED] - Object: 'Object Repository/06-Teams/button_doublearrow' is clicked on

2022-04-25 17:02:26 - [TEST_STEP][PASSED] - click(findTestObject("06-Teams/button_My Organizations")): Object: 'Object Repository/06-Teams/button_My Organizations' is clicked on

2022-04-25 17:02:27 - [MESSAGE][PASSED] - Object: 'Object Repository/06-Teams/button_My Organizations' is clicked on

2022-04-25 17:02:27 - [TEST_STEP][PASSED] - click(findTestObject("06-Teams/button_GG Automation")): Object: 'Object Repository/06-Teams/button_GG Automation' is clicked on

2022-04-25 17:02:28 - [MESSAGE][PASSED] - Object: 'Object Repository/06-Teams/button_GG Automation' is clicked on

2022-04-25 17:02:28 - [TEST_STEP][PASSED] - delay(4): Delayed 4 second(s)

2022-04-25 17:02:32 - [MESSAGE][PASSED] - Delayed 4 second(s)

2022-04-25 17:02:32 - [TEST_STEP][PASSED] - verifyElementVisible(findTestObject("06-Teams/span_GG Automation")): Object 'Object Repository/06-Teams/span_GG Automation' is visible

2022-04-25 17:02:32 - [MESSAGE][PASSED] - Object 'Object Repository/06-Teams/span_GG Automation' is visible

2022-04-25 17:02:32 - [TEST_STEP][PASSED] - delay(2): Delayed 2 second(s)

2022-04-25 17:02:34 - [MESSAGE][PASSED] - Delayed 2 second(s)

2022-04-25 17:02:34 - [TEST_STEP][PASSED] - click(findTestObject("03-Header Menu/Hamburger Button/div_Teams")): Object: 'Object Repository/03-Header Menu/Hamburger Button/div_Teams' is clicked on

2022-04-25 17:02:35 - [MESSAGE][PASSED] - Object: 'Object Repository/03-Header Menu/Hamburger Button/div_Teams' is clicked on

2022-04-25 17:02:35 - [TEST_STEP][PASSED] - delay(2): Delayed 2 second(s)

2022-04-25 17:02:37 - [MESSAGE][PASSED] - Delayed 2 second(s)

2022-04-25 17:02:37 - [TEST_STEP][PASSED] - verifyElementVisible(findTestObject("06-Teams/h4_TEAMS")): Object 'Object Repository/06-Teams/h4_TEAMS' is visible

2022-04-25 17:02:37 - [MESSAGE][PASSED] - Object 'Object Repository/06-Teams/h4_TEAMS' is visible

2022-04-25 17:02:37 - [TEST_STEP][PASSED] - delay(3): Delayed 3 second(s)

2022-04-25 17:02:40 - [MESSAGE][PASSED] - Delayed 3 second(s)

2022-04-25 17:02:40 - [TEST_STEP][PASSED] - click(findTestObject("06-Teams/04-Edit Team-Public/button_edit Auto Team Public")): Object: 'Object Repository/06-Teams/04-Edit Team-Public/button_edit Auto Team Public' is clicked on

2022-04-25 17:02:40 - [MESSAGE][PASSED] - Object: 'Object Repository/06-Teams/04-Edit Team-Public/button_edit Auto Team Public' is clicked on

2022-04-25 17:02:40 - [TEST_STEP][PASSED] - verifyElementVisible(findTestObject("06-Teams/04-Edit Team-Public/h4_Edit Auto Team Public")): Object 'Object Repository/06-Teams/04-Edit Team-Public/h4_Edit Auto Team Public' is visible

2022-04-25 17:02:41 - [MESSAGE][PASSED] - Object 'Object Repository/06-Teams/04-Edit Team-Public/h4_Edit Auto Team Public' is visible

2022-04-25 17:02:41 - [TEST_STEP][PASSED] - delay(3): Delayed 3 second(s)

2022-04-25 17:02:44 - [MESSAGE][PASSED] - Delayed 3 second(s)

2022-04-25 17:02:44 - [TEST_STEP][PASSED] - click(findTestObject("06-Teams/03-Edit Team - Private/div_Add Channel")): Object: 'Object Repository/06-Teams/03-Edit Team - Private/div_Add Channel' is clicked on

2022-04-25 17:02:45 - [MESSAGE][PASSED] - Object: 'Object Repository/06-Teams/03-Edit Team - Private/div_Add Channel' is clicked on

2022-04-25 17:02:45 - [TEST_STEP][PASSED] - verifyElementVisible(findTestObject("06-Teams/03-Edit Team - Private/add channel modal")): Object 'Object Repository/06-Teams/03-Edit Team - Private/add channel modal' is visible

2022-04-25 17:02:45 - [MESSAGE][PASSED] - Object 'Object Repository/06-Teams/03-Edit Team - Private/add channel modal' is visible

2022-04-25 17:02:45 - [TEST_STEP][PASSED] - verifyElementNotClickable(findTestObject("06-Teams/03-Edit Team - Private/button_Add")): Object 'Object Repository/06-Teams/03-Edit Team - Private/button_Add' is NOT clickable

2022-04-25 17:02:46 - [MESSAGE][PASSED] - Object 'Object Repository/06-Teams/03-Edit Team - Private/button_Add' is NOT clickable

2022-04-25 17:02:46 - [TEST_STEP][PASSED] - delay(3): Delayed 3 second(s)

2022-04-25 17:02:49 - [MESSAGE][PASSED] - Delayed 3 second(s)

2022-04-25 17:02:49 - [TEST_STEP][PASSED] - click(findTestObject("06-Teams/03-Edit Team - Private/input_channel name")): Object: 'Object Repository/06-Teams/03-Edit Team - Private/input_channel name' is clicked on

2022-04-25 17:02:49 - [MESSAGE][PASSED] - Object: 'Object Repository/06-Teams/03-Edit Team - Private/input_channel name' is clicked on

2022-04-25 17:02:49 - [TEST_STEP][PASSED] - click(findTestObject("06-Teams/03-Edit Team - Private/h4_Add Channel")): Object: 'Object Repository/06-Teams/03-Edit Team - Private/h4_Add Channel' is clicked on

2022-04-25 17:02:49 - [MESSAGE][PASSED] - Object: 'Object Repository/06-Teams/03-Edit Team - Private/h4_Add Channel' is clicked on

2022-04-25 17:02:49 - [TEST_STEP][PASSED] - verifyElementVisible(findTestObject("06-Teams/03-Edit Team - Private/div_Channel Name Field is required")): Object 'Object Repository/06-Teams/03-Edit Team - Private/div_Channel Name Field is required' is visible

2022-04-25 17:02:50 - [MESSAGE][PASSED] - Object 'Object Repository/06-Teams/03-Edit Team - Private/div_Channel Name Field is required' is visible

2022-04-25 17:02:50 - [TEST_STEP][PASSED] - delay(3): Delayed 3 second(s)

2022-04-25 17:02:53 - [MESSAGE][PASSED] - Delayed 3 second(s)

2022-04-25 17:02:53 - [TEST_STEP][PASSED] - setText(findTestObject("06-Teams/03-Edit Team - Private/input_channel name"), "Auto Channel"): Text 'Auto Channel' is set on object 'Object Repository/06-Teams/03-Edit Team - Private/input_channel name'

2022-04-25 17:02:54 - [MESSAGE][PASSED] - Text 'Auto Channel' is set on object 'Object Repository/06-Teams/03-Edit Team - Private/input_channel name'

2022-04-25 17:02:54 - [TEST_STEP][PASSED] - click(findTestObject("06-Teams/03-Edit Team - Private/button_Add")): Object: 'Object Repository/06-Teams/03-Edit Team - Private/button_Add' is clicked on

2022-04-25 17:02:54 - [MESSAGE][PASSED] - Object: 'Object Repository/06-Teams/03-Edit Team - Private/button_Add' is clicked on

2022-04-25 17:02:54 - [TEST_STEP][PASSED] - verifyElementVisible(findTestObject("06-Teams/03-Edit Team - Private/Successfully added channel to team")): Object 'Object Repository/06-Teams/03-Edit Team - Private/Successfully added channel to team' is visible

2022-04-25 17:02:56 - [MESSAGE][PASSED] - Object 'Object Repository/06-Teams/03-Edit Team - Private/Successfully added channel to team' is visible

2022-04-25 17:02:56 - [TEST_STEP][PASSED] - delay(3): Delayed 3 second(s)

2022-04-25 17:02:59 - [MESSAGE][PASSED] - Delayed 3 second(s)

2022-04-25 17:02:59 - [TEST_STEP][PASSED] - verifyElementVisible(findTestObject("06-Teams/03-Edit Team - Private/div_Auto Channel")): Object 'Object Repository/06-Teams/03-Edit Team - Private/div_Auto Channel' is visible

2022-04-25 17:02:59 - [MESSAGE][PASSED] - Object 'Object Repository/06-Teams/03-Edit Team - Private/div_Auto Channel' is visible

2022-04-25 17:02:59 - [TEST_STEP][PASSED] - delay(3): Delayed 3 second(s)

2022-04-25 17:03:02 - [MESSAGE][PASSED] - Delayed 3 second(s)

2022-04-25 17:03:02 - [TEST_STEP][PASSED] - click(findTestObject("06-Teams/03-Edit Team - Private/button_edit channel")): Object: 'Object Repository/06-Teams/03-Edit Team - Private/button_edit channel' is clicked on

2022-04-25 17:03:03 - [MESSAGE][PASSED] - Object: 'Object Repository/06-Teams/03-Edit Team - Private/button_edit channel' is clicked on

2022-04-25 17:03:03 - [TEST_STEP][PASSED] - verifyElementVisible(findTestObject("06-Teams/03-Edit Team - Private/Edit channel modal")): Object 'Object Repository/06-Teams/03-Edit Team - Private/Edit channel modal' is visible

2022-04-25 17:03:03 - [MESSAGE][PASSED] - Object 'Object Repository/06-Teams/03-Edit Team - Private/Edit channel modal' is visible

2022-04-25 17:03:03 - [TEST_STEP][PASSED] - verifyElementNotClickable(findTestObject("06-Teams/03-Edit Team - Private/button_Save")): Object 'Object Repository/06-Teams/03-Edit Team - Private/button_Save' is NOT clickable

2022-04-25 17:03:04 - [MESSAGE][PASSED] - Object 'Object Repository/06-Teams/03-Edit Team - Private/button_Save' is NOT clickable

2022-04-25 17:03:04 - [TEST_STEP][PASSED] - delay(3): Delayed 3 second(s)

2022-04-25 17:03:07 - [MESSAGE][PASSED] - Delayed 3 second(s)

2022-04-25 17:03:07 - [TEST_STEP][PASSED] - setText(findTestObject("06-Teams/03-Edit Team - Private/input_Edit Channel name"), "Auto Channel Edit"): Text 'Auto Channel Edit' is set on object 'Object Repository/06-Teams/03-Edit Team - Private/input_Edit Channel name'

2022-04-25 17:03:08 - [MESSAGE][PASSED] - Text 'Auto Channel Edit' is set on object 'Object Repository/06-Teams/03-Edit Team - Private/input_Edit Channel name'

2022-04-25 17:03:08 - [TEST_STEP][PASSED] - click(findTestObject("06-Teams/03-Edit Team - Private/button_Save")): Object: 'Object Repository/06-Teams/03-Edit Team - Private/button_Save' is clicked on

2022-04-25 17:03:08 - [MESSAGE][PASSED] - Object: 'Object Repository/06-Teams/03-Edit Team - Private/button_Save' is clicked on

2022-04-25 17:03:08 - [TEST_STEP][PASSED] - verifyElementVisible(findTestObject("06-Teams/03-Edit Team - Private/Successfully edited channel")): Object 'Object Repository/06-Teams/03-Edit Team - Private/Successfully edited channel' is visible

2022-04-25 17:03:09 - [MESSAGE][PASSED] - Object 'Object Repository/06-Teams/03-Edit Team - Private/Successfully edited channel' is visible

2022-04-25 17:03:09 - [TEST_STEP][PASSED] - delay(3): Delayed 3 second(s)

2022-04-25 17:03:12 - [MESSAGE][PASSED] - Delayed 3 second(s)

2022-04-25 17:03:12 - [TEST_STEP][PASSED] - click(findTestObject("06-Teams/03-Edit Team - Private/button_delete channel")): Object: 'Object Repository/06-Teams/03-Edit Team - Private/button_delete channel' is clicked on

2022-04-25 17:03:13 - [MESSAGE][PASSED] - Object: 'Object Repository/06-Teams/03-Edit Team - Private/button_delete channel' is clicked on

2022-04-25 17:03:13 - [TEST_STEP][PASSED] - verifyElementVisible(findTestObject("06-Teams/03-Edit Team - Private/Delete confirm modal")): Object 'Object Repository/06-Teams/03-Edit Team - Private/Delete confirm modal' is visible

2022-04-25 17:03:13 - [MESSAGE][PASSED] - Object 'Object Repository/06-Teams/03-Edit Team - Private/Delete confirm modal' is visible

2022-04-25 17:03:13 - [TEST_STEP][PASSED] - click(findTestObject("06-Teams/03-Edit Team - Private/button_delete")): Object: 'Object Repository/06-Teams/03-Edit Team - Private/button_delete' is clicked on

2022-04-25 17:03:14 - [MESSAGE][PASSED] - Object: 'Object Repository/06-Teams/03-Edit Team - Private/button_delete' is clicked on

2022-04-25 17:03:14 - [TEST_STEP][PASSED] - verifyElementVisible(findTestObject("06-Teams/03-Edit Team - Private/Successfully deleted channel")): Object 'Object Repository/06-Teams/03-Edit Team - Private/Successfully deleted channel' is visible

2022-04-25 17:03:16 - [MESSAGE][PASSED] - Object 'Object Repository/06-Teams/03-Edit Team - Private/Successfully deleted channel' is visible

2022-04-25 17:03:16 - [TEST_STEP][PASSED] - delay(3): Delayed 3 second(s)

2022-04-25 17:03:19 - [MESSAGE][PASSED] - Delayed 3 second(s)

2022-04-25 17:03:19 - [TEST_STEP][PASSED] - click(findTestObject("06-Teams/03-Edit Team - Private/div_Settings")): Object: 'Object Repository/06-Teams/03-Edit Team - Private/div_Settings' is clicked on

2022-04-25 17:03:19 - [MESSAGE][PASSED] - Object: 'Object Repository/06-Teams/03-Edit Team - Private/div_Settings' is clicked on

2022-04-25 17:03:19 - [TEST_STEP][PASSED] - delay(3): Delayed 3 second(s)

2022-04-25 17:03:22 - [MESSAGE][PASSED] - Delayed 3 second(s)

2022-04-25 17:03:22 - [TEST_STEP][PASSED] - verifyElementVisible(findTestObject("06-Teams/04-Edit Team-Public/Public_settings")): Object 'Object Repository/06-Teams/04-Edit Team-Public/Public_settings' is visible

2022-04-25 17:03:22 - [MESSAGE][PASSED] - Object 'Object Repository/06-Teams/04-Edit Team-Public/Public_settings' is visible

2022-04-25 17:03:22 - [TEST_STEP][PASSED] - delay(3): Delayed 3 second(s)

2022-04-25 17:03:25 - [MESSAGE][PASSED] - Delayed 3 second(s)

2022-04-25 17:03:25 - [TEST_STEP][PASSED] - closeBrowser(): Browser is closed

2022-04-25 17:03:26 - [MESSAGE][PASSED] - Browser is closed]]></system-out>
         <system-err><![CDATA[]]></system-err>
      </testcase>
      <system-out><![CDATA[2022-04-25 16:54:40 - [TEST_SUITE][PASSED] - 06.2 - Teams - Settings: Test Cases/06-Teams/04-Edit Team- Public]]></system-out>
      <system-err><![CDATA[]]></system-err>
   </testsuite>
</testsuites>
