<?xml version="1.0" encoding="UTF-8"?>
<testsuites name="06.2 - Teams - Settings" time="1017.996" tests="3" failures="0" errors="0">
   <testsuite name="06.2 - Teams - Settings" tests="3" failures="0" errors="0" time="1017.996" skipped="0" timestamp="2022-05-11 15:53:50" hostname="User - DESKTOP-QCRNR4M" id="Test Suites/TS-Organization/06.2 - Teams - Settings">
      <properties>
         <property name="deviceName" value=""/>
         <property name="devicePlatform" value=""/>
         <property name="logFolder" value="C:\\Users\\User\\Katalon Studio\\EverleaguesMain\\Reports\\20220511_155348\\TS-Organization\\06.2 - Teams - Settings\\20220511_155348"/>
         <property name="logFiles" value="C:\\Users\\User\\Katalon Studio\\EverleaguesMain\\Reports\\20220511_155348\\TS-Organization\\06.2 - Teams - Settings\\20220511_155348\\execution0.log"/>
         <property name="attachments" value=""/>
         <property name="hostName" value="User - DESKTOP-QCRNR4M"/>
         <property name="os" value="Windows 10 64bit"/>
         <property name="katalonVersion" value="8.3.0.208"/>
         <property name="browser" value="Chrome 101.0.4951.54"/>
         <property name="hostAddress" value="192.168.5.83"/>
         <property name="sessionId" value="74c702bb39bde1f9e9013349f86ab627"/>
         <property name="seleniumVersion" value="3.141.59"/>
         <property name="proxyInformation" value="ProxyInformation { proxyOption=NO_PROXY, proxyServerType=HTTP, username=, password=********, proxyServerAddress=, proxyServerPort=0, executionList=&quot;&quot;, isApplyToDesiredCapabilities=true }"/>
         <property name="platform" value="Windows 10"/>
      </properties>
      <testcase name="Test Cases/06-Teams/03-Edit Team - Private" time="371.795" classname="Test Cases/06-Teams/03-Edit Team - Private" status="PASSED">
         <system-out><![CDATA[2022-05-11 15:53:51 - [TEST_CASE][PASSED] - Test Cases/06-Teams/03-Edit Team - Private: Test Cases/06-Teams/03-Edit Team - Private

2022-05-11 15:53:51 - [TEST_STEP][PASSED] - openBrowser(""): Browser is opened with url: ''

2022-05-11 15:53:51 - [MESSAGE][INFO] - Starting 'Chrome' driver

2022-05-11 15:53:51 - [MESSAGE][INFO] - Action delay is set to 0 milliseconds

2022-05-11 15:53:53 - [MESSAGE][PASSED] - Browser is opened with url: ''

2022-05-11 15:53:53 - [TEST_STEP][PASSED] - navigateToUrl("https://lab.everleagues.com/"): Navigate to 'https://lab.everleagues.com/' successfully

2022-05-11 15:57:49 - [MESSAGE][PASSED] - Navigate to 'https://lab.everleagues.com/' successfully

2022-05-11 15:57:49 - [TEST_STEP][PASSED] - maximizeWindow(): Current window maximized

2022-05-11 15:57:49 - [MESSAGE][PASSED] - Current window maximized

2022-05-11 15:57:49 - [TEST_STEP][PASSED] - setText(findTestObject("02-Side Icons(Organization)/Add Contact/Email Field"), "testuser02@mailinator.com"): Text 'testuser02@mailinator.com' is set on object 'Object Repository/02-Side Icons(Organization)/Add Contact/Email Field'

2022-05-11 15:57:50 - [MESSAGE][PASSED] - Text 'testuser02@mailinator.com' is set on object 'Object Repository/02-Side Icons(Organization)/Add Contact/Email Field'

2022-05-11 15:57:50 - [TEST_STEP][PASSED] - setEncryptedText(findTestObject("02-Side Icons(Organization)/Add Contact/Password Field"), "8yFRyszE6U6jvsCn51OQbg=="): Text ****** has been set on object 'Object Repository/02-Side Icons(Organization)/Add Contact/Password Field'

2022-05-11 15:57:51 - [MESSAGE][PASSED] - Text ****** has been set on object 'Object Repository/02-Side Icons(Organization)/Add Contact/Password Field'

2022-05-11 15:57:51 - [TEST_STEP][PASSED] - click(findTestObject("02-Side Icons(Organization)/Add Contact/button_Sign in")): Object: 'Object Repository/02-Side Icons(Organization)/Add Contact/button_Sign in' is clicked on

2022-05-11 15:57:52 - [MESSAGE][PASSED] - Object: 'Object Repository/02-Side Icons(Organization)/Add Contact/button_Sign in' is clicked on

2022-05-11 15:57:52 - [TEST_STEP][PASSED] - delay(3): Delayed 3 second(s)

2022-05-11 15:57:55 - [MESSAGE][PASSED] - Delayed 3 second(s)

2022-05-11 15:57:55 - [TEST_STEP][PASSED] - click(findTestObject("06-Teams/For 2FA/button_Confirm_2FA")): Object: 'Object Repository/06-Teams/For 2FA/button_Confirm_2FA' is clicked on

2022-05-11 15:57:55 - [MESSAGE][PASSED] - Object: 'Object Repository/06-Teams/For 2FA/button_Confirm_2FA' is clicked on

2022-05-11 15:57:55 - [TEST_STEP][PASSED] - executeJavaScript("window.open();", []): Execute JavaScript 'window.open();' successfully

2022-05-11 15:57:55 - [MESSAGE][PASSED] - Execute JavaScript 'window.open();' successfully

2022-05-11 15:57:55 - [TEST_STEP][PASSED] - currentWindow = getWindowIndex(): Current window's index is: 0

2022-05-11 15:57:55 - [MESSAGE][PASSED] - Current window's index is: 0

2022-05-11 15:57:55 - [TEST_STEP][PASSED] - delay(3): Delayed 3 second(s)

2022-05-11 15:57:58 - [MESSAGE][PASSED] - Delayed 3 second(s)

2022-05-11 15:57:58 - [TEST_STEP][PASSED] - switchToWindowIndex(currentWindow + 1): Switched to window with index: '1'

2022-05-11 15:57:58 - [MESSAGE][PASSED] - Switched to window with index: '1'

2022-05-11 15:57:58 - [TEST_STEP][PASSED] - navigateToUrl("https://www.mailinator.com/"): Navigate to 'https://www.mailinator.com/' successfully

2022-05-11 15:58:01 - [MESSAGE][PASSED] - Navigate to 'https://www.mailinator.com/' successfully

2022-05-11 15:58:01 - [TEST_STEP][PASSED] - delay(3): Delayed 3 second(s)

2022-05-11 15:58:04 - [MESSAGE][PASSED] - Delayed 3 second(s)

2022-05-11 15:58:04 - [TEST_STEP][PASSED] - setText(findTestObject("00-Signup and Activation/zMailinator/input_LOGIN_search"), "testuser02@mailinator.com"): Text 'testuser02@mailinator.com' is set on object 'Object Repository/00-Signup and Activation/zMailinator/input_LOGIN_search'

2022-05-11 15:58:05 - [MESSAGE][PASSED] - Text 'testuser02@mailinator.com' is set on object 'Object Repository/00-Signup and Activation/zMailinator/input_LOGIN_search'

2022-05-11 15:58:05 - [TEST_STEP][PASSED] - click(findTestObject("00-Signup and Activation/zMailinator/gobutton"), STOP_ON_FAILURE): Object: 'Object Repository/00-Signup and Activation/zMailinator/gobutton' is clicked on

2022-05-11 15:58:06 - [MESSAGE][PASSED] - Object: 'Object Repository/00-Signup and Activation/zMailinator/gobutton' is clicked on

2022-05-11 15:58:06 - [TEST_STEP][PASSED] - delay(3): Delayed 3 second(s)

2022-05-11 15:58:09 - [MESSAGE][PASSED] - Delayed 3 second(s)

2022-05-11 15:58:09 - [TEST_STEP][PASSED] - click(findTestObject("00-Signup and Activation/zMailinator/Email - everleagues")): Object: 'Object Repository/00-Signup and Activation/zMailinator/Email - everleagues' is clicked on

2022-05-11 15:58:09 - [MESSAGE][PASSED] - Object: 'Object Repository/00-Signup and Activation/zMailinator/Email - everleagues' is clicked on

2022-05-11 15:58:09 - [TEST_STEP][PASSED] - delay(3): Delayed 3 second(s)

2022-05-11 15:58:12 - [MESSAGE][PASSED] - Delayed 3 second(s)

2022-05-11 15:58:12 - [TEST_STEP][PASSED] - code = getText(findTestObject("Object Repository/06-Teams/For 2FA/2FA code")): Text of object 'Object Repository/06-Teams/For 2FA/2FA code' is: '112172'

2022-05-11 15:58:13 - [MESSAGE][PASSED] - Text of object 'Object Repository/06-Teams/For 2FA/2FA code' is: '112172'

2022-05-11 15:58:13 - [TEST_STEP][PASSED] - delay(3): Delayed 3 second(s)

2022-05-11 15:58:16 - [MESSAGE][PASSED] - Delayed 3 second(s)

2022-05-11 15:58:16 - [TEST_STEP][PASSED] - closeWindowTitle("Mailinator"): Window with title: 'Mailinator' is closed

2022-05-11 15:58:16 - [MESSAGE][PASSED] - Window with title: 'Mailinator' is closed

2022-05-11 15:58:16 - [TEST_STEP][PASSED] - delay(3): Delayed 3 second(s)

2022-05-11 15:58:19 - [MESSAGE][PASSED] - Delayed 3 second(s)

2022-05-11 15:58:19 - [TEST_STEP][PASSED] - switchToWindowIndex(0): Switched to window with index: '0'

2022-05-11 15:58:19 - [MESSAGE][PASSED] - Switched to window with index: '0'

2022-05-11 15:58:19 - [TEST_STEP][PASSED] - delay(3): Delayed 3 second(s)

2022-05-11 15:58:22 - [MESSAGE][PASSED] - Delayed 3 second(s)

2022-05-11 15:58:22 - [TEST_STEP][PASSED] - setText(findTestObject("Object Repository/06-Teams/For 2FA/input_Enter verification code_code"), code): Text '112172' is set on object 'Object Repository/06-Teams/For 2FA/input_Enter verification code_code'

2022-05-11 15:58:23 - [MESSAGE][PASSED] - Text '112172' is set on object 'Object Repository/06-Teams/For 2FA/input_Enter verification code_code'

2022-05-11 15:58:23 - [TEST_STEP][PASSED] - delay(3): Delayed 3 second(s)

2022-05-11 15:58:26 - [MESSAGE][PASSED] - Delayed 3 second(s)

2022-05-11 15:58:26 - [TEST_STEP][PASSED] - click(findTestObject("06-Teams/For 2FA/button_Verify_2FA")): Object: 'Object Repository/06-Teams/For 2FA/button_Verify_2FA' is clicked on

2022-05-11 15:58:26 - [MESSAGE][PASSED] - Object: 'Object Repository/06-Teams/For 2FA/button_Verify_2FA' is clicked on

2022-05-11 15:58:26 - [TEST_STEP][PASSED] - delay(5): Delayed 5 second(s)

2022-05-11 15:58:31 - [MESSAGE][PASSED] - Delayed 5 second(s)

2022-05-11 15:58:31 - [TEST_STEP][PASSED] - click(findTestObject("06-Teams/button_doublearrow")): Object: 'Object Repository/06-Teams/button_doublearrow' is clicked on

2022-05-11 15:58:32 - [MESSAGE][PASSED] - Object: 'Object Repository/06-Teams/button_doublearrow' is clicked on

2022-05-11 15:58:32 - [TEST_STEP][PASSED] - click(findTestObject("06-Teams/button_My Organizations")): Object: 'Object Repository/06-Teams/button_My Organizations' is clicked on

2022-05-11 15:58:32 - [MESSAGE][PASSED] - Object: 'Object Repository/06-Teams/button_My Organizations' is clicked on

2022-05-11 15:58:32 - [TEST_STEP][PASSED] - click(findTestObject("06-Teams/button_GG Automation")): Object: 'Object Repository/06-Teams/button_GG Automation' is clicked on

2022-05-11 15:58:33 - [MESSAGE][PASSED] - Object: 'Object Repository/06-Teams/button_GG Automation' is clicked on

2022-05-11 15:58:33 - [TEST_STEP][PASSED] - delay(4): Delayed 4 second(s)

2022-05-11 15:58:37 - [MESSAGE][PASSED] - Delayed 4 second(s)

2022-05-11 15:58:37 - [TEST_STEP][PASSED] - verifyElementVisible(findTestObject("06-Teams/span_GG Automation")): Object 'Object Repository/06-Teams/span_GG Automation' is visible

2022-05-11 15:58:38 - [MESSAGE][PASSED] - Object 'Object Repository/06-Teams/span_GG Automation' is visible

2022-05-11 15:58:38 - [TEST_STEP][PASSED] - delay(2): Delayed 2 second(s)

2022-05-11 15:58:40 - [MESSAGE][PASSED] - Delayed 2 second(s)

2022-05-11 15:58:40 - [TEST_STEP][PASSED] - click(findTestObject("03-Header Menu/Hamburger Button/div_Teams")): Object: 'Object Repository/03-Header Menu/Hamburger Button/div_Teams' is clicked on

2022-05-11 15:58:41 - [MESSAGE][PASSED] - Object: 'Object Repository/03-Header Menu/Hamburger Button/div_Teams' is clicked on

2022-05-11 15:58:41 - [TEST_STEP][PASSED] - delay(2): Delayed 2 second(s)

2022-05-11 15:58:43 - [MESSAGE][PASSED] - Delayed 2 second(s)

2022-05-11 15:58:43 - [TEST_STEP][PASSED] - verifyElementVisible(findTestObject("06-Teams/h4_TEAMS")): Object 'Object Repository/06-Teams/h4_TEAMS' is visible

2022-05-11 15:58:43 - [MESSAGE][PASSED] - Object 'Object Repository/06-Teams/h4_TEAMS' is visible

2022-05-11 15:58:43 - [TEST_STEP][PASSED] - delay(3): Delayed 3 second(s)

2022-05-11 15:58:46 - [MESSAGE][PASSED] - Delayed 3 second(s)

2022-05-11 15:58:46 - [TEST_STEP][PASSED] - click(findTestObject("06-Teams/03-Edit Team - Private/button_edit Auto Team Private")): Object: 'Object Repository/06-Teams/03-Edit Team - Private/button_edit Auto Team Private' is clicked on

2022-05-11 15:58:47 - [MESSAGE][PASSED] - Object: 'Object Repository/06-Teams/03-Edit Team - Private/button_edit Auto Team Private' is clicked on

2022-05-11 15:58:47 - [TEST_STEP][PASSED] - delay(3): Delayed 3 second(s)

2022-05-11 15:58:50 - [MESSAGE][PASSED] - Delayed 3 second(s)

2022-05-11 15:58:50 - [TEST_STEP][PASSED] - verifyElementVisible(findTestObject("06-Teams/03-Edit Team - Private/h4_Edit Auto Team Private")): Object 'Object Repository/06-Teams/03-Edit Team - Private/h4_Edit Auto Team Private' is visible

2022-05-11 15:58:50 - [MESSAGE][PASSED] - Object 'Object Repository/06-Teams/03-Edit Team - Private/h4_Edit Auto Team Private' is visible

2022-05-11 15:58:50 - [TEST_STEP][PASSED] - verifyElementVisible(findTestObject("06-Teams/03-Edit Team - Private/div_Members")): Object 'Object Repository/06-Teams/03-Edit Team - Private/div_Members' is visible

2022-05-11 15:58:50 - [MESSAGE][PASSED] - Object 'Object Repository/06-Teams/03-Edit Team - Private/div_Members' is visible

2022-05-11 15:58:50 - [TEST_STEP][PASSED] - verifyElementVisible(findTestObject("06-Teams/03-Edit Team - Private/div_Channels")): Object 'Object Repository/06-Teams/03-Edit Team - Private/div_Channels' is visible

2022-05-11 15:58:51 - [MESSAGE][PASSED] - Object 'Object Repository/06-Teams/03-Edit Team - Private/div_Channels' is visible

2022-05-11 15:58:51 - [TEST_STEP][PASSED] - verifyElementVisible(findTestObject("06-Teams/03-Edit Team - Private/div_Settings")): Object 'Object Repository/06-Teams/03-Edit Team - Private/div_Settings' is visible

2022-05-11 15:58:51 - [MESSAGE][PASSED] - Object 'Object Repository/06-Teams/03-Edit Team - Private/div_Settings' is visible

2022-05-11 15:58:51 - [TEST_STEP][PASSED] - delay(3): Delayed 3 second(s)

2022-05-11 15:58:54 - [MESSAGE][PASSED] - Delayed 3 second(s)

2022-05-11 15:58:54 - [TEST_STEP][PASSED] - click(findTestObject("06-Teams/03-Edit Team - Private/input_name or group")): Object: 'Object Repository/06-Teams/03-Edit Team - Private/input_name or group' is clicked on

2022-05-11 15:58:55 - [MESSAGE][PASSED] - Object: 'Object Repository/06-Teams/03-Edit Team - Private/input_name or group' is clicked on

2022-05-11 15:58:55 - [TEST_STEP][PASSED] - click(findTestObject("06-Teams/03-Edit Team - Private/select_GG tester 2")): Object: 'Object Repository/06-Teams/03-Edit Team - Private/select_GG tester 2' is clicked on

2022-05-11 15:58:55 - [MESSAGE][PASSED] - Object: 'Object Repository/06-Teams/03-Edit Team - Private/select_GG tester 2' is clicked on

2022-05-11 15:58:55 - [TEST_STEP][PASSED] - verifyElementVisible(findTestObject("06-Teams/03-Edit Team - Private/selected_GG tester 2")): Object 'Object Repository/06-Teams/03-Edit Team - Private/selected_GG tester 2' is visible

2022-05-11 15:58:56 - [MESSAGE][PASSED] - Object 'Object Repository/06-Teams/03-Edit Team - Private/selected_GG tester 2' is visible

2022-05-11 15:58:56 - [TEST_STEP][PASSED] - delay(3): Delayed 3 second(s)

2022-05-11 15:58:59 - [MESSAGE][PASSED] - Delayed 3 second(s)

2022-05-11 15:58:59 - [TEST_STEP][PASSED] - click(findTestObject("06-Teams/03-Edit Team - Private/div_INVITE")): Object: 'Object Repository/06-Teams/03-Edit Team - Private/div_INVITE' is clicked on

2022-05-11 15:58:59 - [MESSAGE][PASSED] - Object: 'Object Repository/06-Teams/03-Edit Team - Private/div_INVITE' is clicked on

2022-05-11 15:58:59 - [TEST_STEP][PASSED] - verifyElementVisible(findTestObject("06-Teams/03-Edit Team - Private/added_GTGG tester 2")): Object 'Object Repository/06-Teams/03-Edit Team - Private/added_GTGG tester 2' is visible

2022-05-11 15:59:00 - [MESSAGE][PASSED] - Object 'Object Repository/06-Teams/03-Edit Team - Private/added_GTGG tester 2' is visible

2022-05-11 15:59:00 - [TEST_STEP][PASSED] - delay(3): Delayed 3 second(s)

2022-05-11 15:59:03 - [MESSAGE][PASSED] - Delayed 3 second(s)

2022-05-11 15:59:03 - [TEST_STEP][PASSED] - mouseOver(findTestObject("06-Teams/03-Edit Team - Private/mouse over target element")): Object: 'Object Repository/06-Teams/03-Edit Team - Private/mouse over target element' is hovered

2022-05-11 15:59:04 - [MESSAGE][PASSED] - Object: 'Object Repository/06-Teams/03-Edit Team - Private/mouse over target element' is hovered

2022-05-11 15:59:04 - [TEST_STEP][PASSED] - click(findTestObject("06-Teams/03-Edit Team - Private/button_promote to admin")): Object: 'Object Repository/06-Teams/03-Edit Team - Private/button_promote to admin' is clicked on

2022-05-11 15:59:05 - [MESSAGE][PASSED] - Object: 'Object Repository/06-Teams/03-Edit Team - Private/button_promote to admin' is clicked on

2022-05-11 15:59:05 - [TEST_STEP][PASSED] - verifyElementVisible(findTestObject("06-Teams/03-Edit Team - Private/span_Admin")): Object 'Object Repository/06-Teams/03-Edit Team - Private/span_Admin' is visible

2022-05-11 15:59:06 - [MESSAGE][PASSED] - Object 'Object Repository/06-Teams/03-Edit Team - Private/span_Admin' is visible

2022-05-11 15:59:06 - [TEST_STEP][PASSED] - delay(3): Delayed 3 second(s)

2022-05-11 15:59:09 - [MESSAGE][PASSED] - Delayed 3 second(s)

2022-05-11 15:59:09 - [TEST_STEP][PASSED] - mouseOver(findTestObject("06-Teams/03-Edit Team - Private/mouse over target element 2")): Object: 'Object Repository/06-Teams/03-Edit Team - Private/mouse over target element 2' is hovered

2022-05-11 15:59:09 - [MESSAGE][PASSED] - Object: 'Object Repository/06-Teams/03-Edit Team - Private/mouse over target element 2' is hovered

2022-05-11 15:59:09 - [TEST_STEP][PASSED] - click(findTestObject("06-Teams/03-Edit Team - Private/button_remove member")): Object: 'Object Repository/06-Teams/03-Edit Team - Private/button_remove member' is clicked on

2022-05-11 15:59:10 - [MESSAGE][PASSED] - Object: 'Object Repository/06-Teams/03-Edit Team - Private/button_remove member' is clicked on

2022-05-11 15:59:10 - [TEST_STEP][PASSED] - verifyElementNotPresent(findTestObject("06-Teams/03-Edit Team - Private/added_GTGG tester 2"), 0): Web element with id: 'Object Repository/06-Teams/03-Edit Team - Private/added_GTGG tester 2' located by 'By.xpath: //td[(text() = 'GTGG tester 2' or . = 'GTGG tester 2')]' is not present after '30' second(s)

2022-05-11 15:59:10 - [MESSAGE][WARNING] - Timeout '0' is invalid. Using default page load timeout: '30'

2022-05-11 15:59:12 - [MESSAGE][PASSED] - Web element with id: 'Object Repository/06-Teams/03-Edit Team - Private/added_GTGG tester 2' located by 'By.xpath: //td[(text() = 'GTGG tester 2' or . = 'GTGG tester 2')]' is not present after '30' second(s)

2022-05-11 15:59:12 - [TEST_STEP][PASSED] - delay(5): Delayed 5 second(s)

2022-05-11 15:59:17 - [MESSAGE][PASSED] - Delayed 5 second(s)

2022-05-11 15:59:17 - [TEST_STEP][PASSED] - click(findTestObject("06-Teams/03-Edit Team - Private/div_Channels")): Object: 'Object Repository/06-Teams/03-Edit Team - Private/div_Channels' is clicked on

2022-05-11 15:59:17 - [MESSAGE][PASSED] - Object: 'Object Repository/06-Teams/03-Edit Team - Private/div_Channels' is clicked on

2022-05-11 15:59:17 - [TEST_STEP][PASSED] - verifyElementVisible(findTestObject("06-Teams/03-Edit Team - Private/div_Showing channels in team_Add Channel")): Object 'Object Repository/06-Teams/03-Edit Team - Private/div_Showing channels in team_Add Channel' is visible

2022-05-11 15:59:18 - [MESSAGE][PASSED] - Object 'Object Repository/06-Teams/03-Edit Team - Private/div_Showing channels in team_Add Channel' is visible

2022-05-11 15:59:18 - [TEST_STEP][PASSED] - delay(3): Delayed 3 second(s)

2022-05-11 15:59:21 - [MESSAGE][PASSED] - Delayed 3 second(s)

2022-05-11 15:59:21 - [TEST_STEP][PASSED] - click(findTestObject("06-Teams/03-Edit Team - Private/div_Add Channel")): Object: 'Object Repository/06-Teams/03-Edit Team - Private/div_Add Channel' is clicked on

2022-05-11 15:59:21 - [MESSAGE][PASSED] - Object: 'Object Repository/06-Teams/03-Edit Team - Private/div_Add Channel' is clicked on

2022-05-11 15:59:21 - [TEST_STEP][PASSED] - verifyElementVisible(findTestObject("06-Teams/03-Edit Team - Private/add channel modal")): Object 'Object Repository/06-Teams/03-Edit Team - Private/add channel modal' is visible

2022-05-11 15:59:22 - [MESSAGE][PASSED] - Object 'Object Repository/06-Teams/03-Edit Team - Private/add channel modal' is visible

2022-05-11 15:59:22 - [TEST_STEP][PASSED] - verifyElementNotClickable(findTestObject("06-Teams/03-Edit Team - Private/button_Add")): Object 'Object Repository/06-Teams/03-Edit Team - Private/button_Add' is NOT clickable

2022-05-11 15:59:22 - [MESSAGE][PASSED] - Object 'Object Repository/06-Teams/03-Edit Team - Private/button_Add' is NOT clickable

2022-05-11 15:59:22 - [TEST_STEP][PASSED] - delay(3): Delayed 3 second(s)

2022-05-11 15:59:25 - [MESSAGE][PASSED] - Delayed 3 second(s)

2022-05-11 15:59:25 - [TEST_STEP][PASSED] - click(findTestObject("06-Teams/03-Edit Team - Private/input_channel name")): Object: 'Object Repository/06-Teams/03-Edit Team - Private/input_channel name' is clicked on

2022-05-11 15:59:25 - [MESSAGE][PASSED] - Object: 'Object Repository/06-Teams/03-Edit Team - Private/input_channel name' is clicked on

2022-05-11 15:59:25 - [TEST_STEP][PASSED] - click(findTestObject("06-Teams/03-Edit Team - Private/h4_Add Channel")): Object: 'Object Repository/06-Teams/03-Edit Team - Private/h4_Add Channel' is clicked on

2022-05-11 15:59:26 - [MESSAGE][PASSED] - Object: 'Object Repository/06-Teams/03-Edit Team - Private/h4_Add Channel' is clicked on

2022-05-11 15:59:26 - [TEST_STEP][PASSED] - verifyElementVisible(findTestObject("06-Teams/03-Edit Team - Private/div_Channel Name Field is required")): Object 'Object Repository/06-Teams/03-Edit Team - Private/div_Channel Name Field is required' is visible

2022-05-11 15:59:26 - [MESSAGE][PASSED] - Object 'Object Repository/06-Teams/03-Edit Team - Private/div_Channel Name Field is required' is visible

2022-05-11 15:59:26 - [TEST_STEP][PASSED] - delay(3): Delayed 3 second(s)

2022-05-11 15:59:29 - [MESSAGE][PASSED] - Delayed 3 second(s)

2022-05-11 15:59:29 - [TEST_STEP][PASSED] - setText(findTestObject("06-Teams/03-Edit Team - Private/input_channel name"), "Auto Channel"): Text 'Auto Channel' is set on object 'Object Repository/06-Teams/03-Edit Team - Private/input_channel name'

2022-05-11 15:59:30 - [MESSAGE][PASSED] - Text 'Auto Channel' is set on object 'Object Repository/06-Teams/03-Edit Team - Private/input_channel name'

2022-05-11 15:59:30 - [TEST_STEP][PASSED] - click(findTestObject("06-Teams/03-Edit Team - Private/button_Add")): Object: 'Object Repository/06-Teams/03-Edit Team - Private/button_Add' is clicked on

2022-05-11 15:59:31 - [MESSAGE][PASSED] - Object: 'Object Repository/06-Teams/03-Edit Team - Private/button_Add' is clicked on

2022-05-11 15:59:31 - [TEST_STEP][PASSED] - verifyElementVisible(findTestObject("06-Teams/03-Edit Team - Private/Successfully added channel to team")): Object 'Object Repository/06-Teams/03-Edit Team - Private/Successfully added channel to team' is visible

2022-05-11 15:59:32 - [MESSAGE][PASSED] - Object 'Object Repository/06-Teams/03-Edit Team - Private/Successfully added channel to team' is visible

2022-05-11 15:59:32 - [TEST_STEP][PASSED] - delay(3): Delayed 3 second(s)

2022-05-11 15:59:35 - [MESSAGE][PASSED] - Delayed 3 second(s)

2022-05-11 15:59:35 - [TEST_STEP][PASSED] - verifyElementVisible(findTestObject("06-Teams/03-Edit Team - Private/div_Auto Channel")): Object 'Object Repository/06-Teams/03-Edit Team - Private/div_Auto Channel' is visible

2022-05-11 15:59:35 - [MESSAGE][PASSED] - Object 'Object Repository/06-Teams/03-Edit Team - Private/div_Auto Channel' is visible

2022-05-11 15:59:35 - [TEST_STEP][PASSED] - delay(3): Delayed 3 second(s)

2022-05-11 15:59:38 - [MESSAGE][PASSED] - Delayed 3 second(s)

2022-05-11 15:59:38 - [TEST_STEP][PASSED] - click(findTestObject("06-Teams/03-Edit Team - Private/button_edit channel")): Object: 'Object Repository/06-Teams/03-Edit Team - Private/button_edit channel' is clicked on

2022-05-11 15:59:39 - [MESSAGE][PASSED] - Object: 'Object Repository/06-Teams/03-Edit Team - Private/button_edit channel' is clicked on

2022-05-11 15:59:39 - [TEST_STEP][PASSED] - verifyElementVisible(findTestObject("06-Teams/03-Edit Team - Private/Edit channel modal")): Object 'Object Repository/06-Teams/03-Edit Team - Private/Edit channel modal' is visible

2022-05-11 15:59:39 - [MESSAGE][PASSED] - Object 'Object Repository/06-Teams/03-Edit Team - Private/Edit channel modal' is visible

2022-05-11 15:59:39 - [TEST_STEP][PASSED] - verifyElementNotClickable(findTestObject("06-Teams/03-Edit Team - Private/button_Save")): Object 'Object Repository/06-Teams/03-Edit Team - Private/button_Save' is NOT clickable

2022-05-11 15:59:40 - [MESSAGE][PASSED] - Object 'Object Repository/06-Teams/03-Edit Team - Private/button_Save' is NOT clickable

2022-05-11 15:59:40 - [TEST_STEP][PASSED] - delay(3): Delayed 3 second(s)

2022-05-11 15:59:43 - [MESSAGE][PASSED] - Delayed 3 second(s)

2022-05-11 15:59:43 - [TEST_STEP][PASSED] - setText(findTestObject("06-Teams/03-Edit Team - Private/input_Edit Channel name"), "Auto Channel Edit"): Text 'Auto Channel Edit' is set on object 'Object Repository/06-Teams/03-Edit Team - Private/input_Edit Channel name'

2022-05-11 15:59:44 - [MESSAGE][PASSED] - Text 'Auto Channel Edit' is set on object 'Object Repository/06-Teams/03-Edit Team - Private/input_Edit Channel name'

2022-05-11 15:59:44 - [TEST_STEP][PASSED] - click(findTestObject("06-Teams/03-Edit Team - Private/button_Save")): Object: 'Object Repository/06-Teams/03-Edit Team - Private/button_Save' is clicked on

2022-05-11 15:59:44 - [MESSAGE][PASSED] - Object: 'Object Repository/06-Teams/03-Edit Team - Private/button_Save' is clicked on

2022-05-11 15:59:44 - [TEST_STEP][PASSED] - verifyElementVisible(findTestObject("06-Teams/03-Edit Team - Private/Successfully edited channel")): Object 'Object Repository/06-Teams/03-Edit Team - Private/Successfully edited channel' is visible

2022-05-11 15:59:46 - [MESSAGE][PASSED] - Object 'Object Repository/06-Teams/03-Edit Team - Private/Successfully edited channel' is visible

2022-05-11 15:59:46 - [TEST_STEP][PASSED] - delay(3): Delayed 3 second(s)

2022-05-11 15:59:49 - [MESSAGE][PASSED] - Delayed 3 second(s)

2022-05-11 15:59:49 - [TEST_STEP][PASSED] - click(findTestObject("06-Teams/03-Edit Team - Private/button_delete channel")): Object: 'Object Repository/06-Teams/03-Edit Team - Private/button_delete channel' is clicked on

2022-05-11 15:59:49 - [MESSAGE][PASSED] - Object: 'Object Repository/06-Teams/03-Edit Team - Private/button_delete channel' is clicked on

2022-05-11 15:59:49 - [TEST_STEP][PASSED] - verifyElementVisible(findTestObject("06-Teams/03-Edit Team - Private/Delete confirm modal")): Object 'Object Repository/06-Teams/03-Edit Team - Private/Delete confirm modal' is visible

2022-05-11 15:59:50 - [MESSAGE][PASSED] - Object 'Object Repository/06-Teams/03-Edit Team - Private/Delete confirm modal' is visible

2022-05-11 15:59:50 - [TEST_STEP][PASSED] - click(findTestObject("06-Teams/03-Edit Team - Private/button_delete")): Object: 'Object Repository/06-Teams/03-Edit Team - Private/button_delete' is clicked on

2022-05-11 15:59:51 - [MESSAGE][PASSED] - Object: 'Object Repository/06-Teams/03-Edit Team - Private/button_delete' is clicked on

2022-05-11 15:59:51 - [TEST_STEP][PASSED] - verifyElementVisible(findTestObject("06-Teams/03-Edit Team - Private/Successfully deleted channel")): Object 'Object Repository/06-Teams/03-Edit Team - Private/Successfully deleted channel' is visible

2022-05-11 15:59:52 - [MESSAGE][PASSED] - Object 'Object Repository/06-Teams/03-Edit Team - Private/Successfully deleted channel' is visible

2022-05-11 15:59:52 - [TEST_STEP][PASSED] - delay(3): Delayed 3 second(s)

2022-05-11 15:59:55 - [MESSAGE][PASSED] - Delayed 3 second(s)

2022-05-11 15:59:55 - [TEST_STEP][PASSED] - click(findTestObject("06-Teams/03-Edit Team - Private/div_Settings")): Object: 'Object Repository/06-Teams/03-Edit Team - Private/div_Settings' is clicked on

2022-05-11 15:59:55 - [MESSAGE][PASSED] - Object: 'Object Repository/06-Teams/03-Edit Team - Private/div_Settings' is clicked on

2022-05-11 15:59:55 - [TEST_STEP][PASSED] - delay(3): Delayed 3 second(s)

2022-05-11 15:59:58 - [MESSAGE][PASSED] - Delayed 3 second(s)

2022-05-11 15:59:58 - [TEST_STEP][PASSED] - verifyElementVisible(findTestObject("06-Teams/03-Edit Team - Private/Private_settings")): Object 'Object Repository/06-Teams/03-Edit Team - Private/Private_settings' is visible

2022-05-11 15:59:59 - [MESSAGE][PASSED] - Object 'Object Repository/06-Teams/03-Edit Team - Private/Private_settings' is visible

2022-05-11 15:59:59 - [TEST_STEP][PASSED] - delay(3): Delayed 3 second(s)

2022-05-11 16:00:02 - [MESSAGE][PASSED] - Delayed 3 second(s)

2022-05-11 16:00:02 - [TEST_STEP][PASSED] - closeBrowser(): Browser is closed

2022-05-11 16:00:02 - [MESSAGE][PASSED] - Browser is closed]]></system-out>
         <system-err><![CDATA[]]></system-err>
      </testcase>
      <testcase name="Test Cases/06-Teams/04-Edit Team- Public" time="324.381" classname="Test Cases/06-Teams/04-Edit Team- Public" status="PASSED">
         <system-out><![CDATA[2022-05-11 16:00:02 - [TEST_CASE][PASSED] - Test Cases/06-Teams/04-Edit Team- Public: Test Cases/06-Teams/04-Edit Team- Public

2022-05-11 16:00:03 - [TEST_STEP][PASSED] - openBrowser(""): Browser is opened with url: ''

2022-05-11 16:00:03 - [MESSAGE][INFO] - Starting 'Chrome' driver

2022-05-11 16:00:03 - [MESSAGE][INFO] - Action delay is set to 0 milliseconds

2022-05-11 16:00:04 - [MESSAGE][PASSED] - Browser is opened with url: ''

2022-05-11 16:00:04 - [TEST_STEP][PASSED] - navigateToUrl("https://lab.everleagues.com/"): Navigate to 'https://lab.everleagues.com/' successfully

2022-05-11 16:03:42 - [MESSAGE][PASSED] - Navigate to 'https://lab.everleagues.com/' successfully

2022-05-11 16:03:42 - [TEST_STEP][PASSED] - maximizeWindow(): Current window maximized

2022-05-11 16:03:42 - [MESSAGE][PASSED] - Current window maximized

2022-05-11 16:03:42 - [TEST_STEP][PASSED] - setText(findTestObject("02-Side Icons(Organization)/Add Contact/Email Field"), "testuser02@mailinator.com"): Text 'testuser02@mailinator.com' is set on object 'Object Repository/02-Side Icons(Organization)/Add Contact/Email Field'

2022-05-11 16:03:43 - [MESSAGE][PASSED] - Text 'testuser02@mailinator.com' is set on object 'Object Repository/02-Side Icons(Organization)/Add Contact/Email Field'

2022-05-11 16:03:43 - [TEST_STEP][PASSED] - setEncryptedText(findTestObject("02-Side Icons(Organization)/Add Contact/Password Field"), "8yFRyszE6U6jvsCn51OQbg=="): Text ****** has been set on object 'Object Repository/02-Side Icons(Organization)/Add Contact/Password Field'

2022-05-11 16:03:43 - [MESSAGE][PASSED] - Text ****** has been set on object 'Object Repository/02-Side Icons(Organization)/Add Contact/Password Field'

2022-05-11 16:03:43 - [TEST_STEP][PASSED] - click(findTestObject("02-Side Icons(Organization)/Add Contact/button_Sign in")): Object: 'Object Repository/02-Side Icons(Organization)/Add Contact/button_Sign in' is clicked on

2022-05-11 16:03:44 - [MESSAGE][PASSED] - Object: 'Object Repository/02-Side Icons(Organization)/Add Contact/button_Sign in' is clicked on

2022-05-11 16:03:44 - [TEST_STEP][PASSED] - delay(3): Delayed 3 second(s)

2022-05-11 16:03:47 - [MESSAGE][PASSED] - Delayed 3 second(s)

2022-05-11 16:03:47 - [TEST_STEP][PASSED] - click(findTestObject("06-Teams/For 2FA/button_Confirm_2FA")): Object: 'Object Repository/06-Teams/For 2FA/button_Confirm_2FA' is clicked on

2022-05-11 16:03:47 - [MESSAGE][PASSED] - Object: 'Object Repository/06-Teams/For 2FA/button_Confirm_2FA' is clicked on

2022-05-11 16:03:47 - [TEST_STEP][PASSED] - executeJavaScript("window.open();", []): Execute JavaScript 'window.open();' successfully

2022-05-11 16:03:48 - [MESSAGE][PASSED] - Execute JavaScript 'window.open();' successfully

2022-05-11 16:03:48 - [TEST_STEP][PASSED] - currentWindow = getWindowIndex(): Current window's index is: 0

2022-05-11 16:03:48 - [MESSAGE][PASSED] - Current window's index is: 0

2022-05-11 16:03:48 - [TEST_STEP][PASSED] - delay(3): Delayed 3 second(s)

2022-05-11 16:03:51 - [MESSAGE][PASSED] - Delayed 3 second(s)

2022-05-11 16:03:51 - [TEST_STEP][PASSED] - switchToWindowIndex(currentWindow + 1): Switched to window with index: '1'

2022-05-11 16:03:51 - [MESSAGE][PASSED] - Switched to window with index: '1'

2022-05-11 16:03:51 - [TEST_STEP][PASSED] - navigateToUrl("https://www.mailinator.com/"): Navigate to 'https://www.mailinator.com/' successfully

2022-05-11 16:03:54 - [MESSAGE][PASSED] - Navigate to 'https://www.mailinator.com/' successfully

2022-05-11 16:03:54 - [TEST_STEP][PASSED] - delay(3): Delayed 3 second(s)

2022-05-11 16:03:57 - [MESSAGE][PASSED] - Delayed 3 second(s)

2022-05-11 16:03:57 - [TEST_STEP][PASSED] - setText(findTestObject("00-Signup and Activation/zMailinator/input_LOGIN_search"), "testuser02@mailinator.com"): Text 'testuser02@mailinator.com' is set on object 'Object Repository/00-Signup and Activation/zMailinator/input_LOGIN_search'

2022-05-11 16:03:58 - [MESSAGE][PASSED] - Text 'testuser02@mailinator.com' is set on object 'Object Repository/00-Signup and Activation/zMailinator/input_LOGIN_search'

2022-05-11 16:03:58 - [TEST_STEP][PASSED] - click(findTestObject("00-Signup and Activation/zMailinator/gobutton"), STOP_ON_FAILURE): Object: 'Object Repository/00-Signup and Activation/zMailinator/gobutton' is clicked on

2022-05-11 16:03:59 - [MESSAGE][PASSED] - Object: 'Object Repository/00-Signup and Activation/zMailinator/gobutton' is clicked on

2022-05-11 16:03:59 - [TEST_STEP][PASSED] - delay(3): Delayed 3 second(s)

2022-05-11 16:04:02 - [MESSAGE][PASSED] - Delayed 3 second(s)

2022-05-11 16:04:02 - [TEST_STEP][PASSED] - click(findTestObject("00-Signup and Activation/zMailinator/Email - everleagues")): Object: 'Object Repository/00-Signup and Activation/zMailinator/Email - everleagues' is clicked on

2022-05-11 16:04:02 - [MESSAGE][PASSED] - Object: 'Object Repository/00-Signup and Activation/zMailinator/Email - everleagues' is clicked on

2022-05-11 16:04:02 - [TEST_STEP][PASSED] - delay(3): Delayed 3 second(s)

2022-05-11 16:04:05 - [MESSAGE][PASSED] - Delayed 3 second(s)

2022-05-11 16:04:05 - [TEST_STEP][PASSED] - code = getText(findTestObject("Object Repository/06-Teams/For 2FA/2FA code")): Text of object 'Object Repository/06-Teams/For 2FA/2FA code' is: '577004'

2022-05-11 16:04:06 - [MESSAGE][PASSED] - Text of object 'Object Repository/06-Teams/For 2FA/2FA code' is: '577004'

2022-05-11 16:04:06 - [TEST_STEP][PASSED] - delay(3): Delayed 3 second(s)

2022-05-11 16:04:09 - [MESSAGE][PASSED] - Delayed 3 second(s)

2022-05-11 16:04:09 - [TEST_STEP][PASSED] - closeWindowTitle("Mailinator"): Window with title: 'Mailinator' is closed

2022-05-11 16:04:09 - [MESSAGE][PASSED] - Window with title: 'Mailinator' is closed

2022-05-11 16:04:09 - [TEST_STEP][PASSED] - delay(3): Delayed 3 second(s)

2022-05-11 16:04:12 - [MESSAGE][PASSED] - Delayed 3 second(s)

2022-05-11 16:04:12 - [TEST_STEP][PASSED] - switchToWindowIndex(0): Switched to window with index: '0'

2022-05-11 16:04:12 - [MESSAGE][PASSED] - Switched to window with index: '0'

2022-05-11 16:04:12 - [TEST_STEP][PASSED] - delay(3): Delayed 3 second(s)

2022-05-11 16:04:15 - [MESSAGE][PASSED] - Delayed 3 second(s)

2022-05-11 16:04:15 - [TEST_STEP][PASSED] - setText(findTestObject("Object Repository/06-Teams/For 2FA/input_Enter verification code_code"), code): Text '577004' is set on object 'Object Repository/06-Teams/For 2FA/input_Enter verification code_code'

2022-05-11 16:04:16 - [MESSAGE][PASSED] - Text '577004' is set on object 'Object Repository/06-Teams/For 2FA/input_Enter verification code_code'

2022-05-11 16:04:16 - [TEST_STEP][PASSED] - delay(3): Delayed 3 second(s)

2022-05-11 16:04:19 - [MESSAGE][PASSED] - Delayed 3 second(s)

2022-05-11 16:04:19 - [TEST_STEP][PASSED] - click(findTestObject("06-Teams/For 2FA/button_Verify_2FA")): Object: 'Object Repository/06-Teams/For 2FA/button_Verify_2FA' is clicked on

2022-05-11 16:04:19 - [MESSAGE][PASSED] - Object: 'Object Repository/06-Teams/For 2FA/button_Verify_2FA' is clicked on

2022-05-11 16:04:19 - [TEST_STEP][PASSED] - delay(5): Delayed 5 second(s)

2022-05-11 16:04:24 - [MESSAGE][PASSED] - Delayed 5 second(s)

2022-05-11 16:04:24 - [TEST_STEP][PASSED] - click(findTestObject("06-Teams/button_doublearrow")): Object: 'Object Repository/06-Teams/button_doublearrow' is clicked on

2022-05-11 16:04:25 - [MESSAGE][PASSED] - Object: 'Object Repository/06-Teams/button_doublearrow' is clicked on

2022-05-11 16:04:25 - [TEST_STEP][PASSED] - click(findTestObject("06-Teams/button_My Organizations")): Object: 'Object Repository/06-Teams/button_My Organizations' is clicked on

2022-05-11 16:04:25 - [MESSAGE][PASSED] - Object: 'Object Repository/06-Teams/button_My Organizations' is clicked on

2022-05-11 16:04:25 - [TEST_STEP][PASSED] - click(findTestObject("06-Teams/button_GG Automation")): Object: 'Object Repository/06-Teams/button_GG Automation' is clicked on

2022-05-11 16:04:26 - [MESSAGE][PASSED] - Object: 'Object Repository/06-Teams/button_GG Automation' is clicked on

2022-05-11 16:04:26 - [TEST_STEP][PASSED] - delay(4): Delayed 4 second(s)

2022-05-11 16:04:30 - [MESSAGE][PASSED] - Delayed 4 second(s)

2022-05-11 16:04:30 - [TEST_STEP][PASSED] - verifyElementVisible(findTestObject("06-Teams/span_GG Automation")): Object 'Object Repository/06-Teams/span_GG Automation' is visible

2022-05-11 16:04:31 - [MESSAGE][PASSED] - Object 'Object Repository/06-Teams/span_GG Automation' is visible

2022-05-11 16:04:31 - [TEST_STEP][PASSED] - delay(2): Delayed 2 second(s)

2022-05-11 16:04:33 - [MESSAGE][PASSED] - Delayed 2 second(s)

2022-05-11 16:04:33 - [TEST_STEP][PASSED] - click(findTestObject("03-Header Menu/Hamburger Button/div_Teams")): Object: 'Object Repository/03-Header Menu/Hamburger Button/div_Teams' is clicked on

2022-05-11 16:04:33 - [MESSAGE][PASSED] - Object: 'Object Repository/03-Header Menu/Hamburger Button/div_Teams' is clicked on

2022-05-11 16:04:33 - [TEST_STEP][PASSED] - delay(2): Delayed 2 second(s)

2022-05-11 16:04:35 - [MESSAGE][PASSED] - Delayed 2 second(s)

2022-05-11 16:04:35 - [TEST_STEP][PASSED] - verifyElementVisible(findTestObject("06-Teams/h4_TEAMS")): Object 'Object Repository/06-Teams/h4_TEAMS' is visible

2022-05-11 16:04:36 - [MESSAGE][PASSED] - Object 'Object Repository/06-Teams/h4_TEAMS' is visible

2022-05-11 16:04:36 - [TEST_STEP][PASSED] - delay(3): Delayed 3 second(s)

2022-05-11 16:04:39 - [MESSAGE][PASSED] - Delayed 3 second(s)

2022-05-11 16:04:39 - [TEST_STEP][PASSED] - click(findTestObject("06-Teams/04-Edit Team-Public/button_edit Auto Team Public")): Object: 'Object Repository/06-Teams/04-Edit Team-Public/button_edit Auto Team Public' is clicked on

2022-05-11 16:04:39 - [MESSAGE][PASSED] - Object: 'Object Repository/06-Teams/04-Edit Team-Public/button_edit Auto Team Public' is clicked on

2022-05-11 16:04:39 - [TEST_STEP][PASSED] - verifyElementVisible(findTestObject("06-Teams/04-Edit Team-Public/h4_Edit Auto Team Public")): Object 'Object Repository/06-Teams/04-Edit Team-Public/h4_Edit Auto Team Public' is visible

2022-05-11 16:04:40 - [MESSAGE][PASSED] - Object 'Object Repository/06-Teams/04-Edit Team-Public/h4_Edit Auto Team Public' is visible

2022-05-11 16:04:40 - [TEST_STEP][PASSED] - delay(3): Delayed 3 second(s)

2022-05-11 16:04:43 - [MESSAGE][PASSED] - Delayed 3 second(s)

2022-05-11 16:04:43 - [TEST_STEP][PASSED] - click(findTestObject("06-Teams/03-Edit Team - Private/div_Add Channel")): Object: 'Object Repository/06-Teams/03-Edit Team - Private/div_Add Channel' is clicked on

2022-05-11 16:04:43 - [MESSAGE][PASSED] - Object: 'Object Repository/06-Teams/03-Edit Team - Private/div_Add Channel' is clicked on

2022-05-11 16:04:43 - [TEST_STEP][PASSED] - verifyElementVisible(findTestObject("06-Teams/03-Edit Team - Private/add channel modal")): Object 'Object Repository/06-Teams/03-Edit Team - Private/add channel modal' is visible

2022-05-11 16:04:44 - [MESSAGE][PASSED] - Object 'Object Repository/06-Teams/03-Edit Team - Private/add channel modal' is visible

2022-05-11 16:04:44 - [TEST_STEP][PASSED] - verifyElementNotClickable(findTestObject("06-Teams/03-Edit Team - Private/button_Add")): Object 'Object Repository/06-Teams/03-Edit Team - Private/button_Add' is NOT clickable

2022-05-11 16:04:44 - [MESSAGE][PASSED] - Object 'Object Repository/06-Teams/03-Edit Team - Private/button_Add' is NOT clickable

2022-05-11 16:04:44 - [TEST_STEP][PASSED] - delay(3): Delayed 3 second(s)

2022-05-11 16:04:47 - [MESSAGE][PASSED] - Delayed 3 second(s)

2022-05-11 16:04:47 - [TEST_STEP][PASSED] - click(findTestObject("06-Teams/03-Edit Team - Private/input_channel name")): Object: 'Object Repository/06-Teams/03-Edit Team - Private/input_channel name' is clicked on

2022-05-11 16:04:48 - [MESSAGE][PASSED] - Object: 'Object Repository/06-Teams/03-Edit Team - Private/input_channel name' is clicked on

2022-05-11 16:04:48 - [TEST_STEP][PASSED] - click(findTestObject("06-Teams/03-Edit Team - Private/h4_Add Channel")): Object: 'Object Repository/06-Teams/03-Edit Team - Private/h4_Add Channel' is clicked on

2022-05-11 16:04:49 - [MESSAGE][PASSED] - Object: 'Object Repository/06-Teams/03-Edit Team - Private/h4_Add Channel' is clicked on

2022-05-11 16:04:49 - [TEST_STEP][PASSED] - verifyElementVisible(findTestObject("06-Teams/03-Edit Team - Private/div_Channel Name Field is required")): Object 'Object Repository/06-Teams/03-Edit Team - Private/div_Channel Name Field is required' is visible

2022-05-11 16:04:49 - [MESSAGE][PASSED] - Object 'Object Repository/06-Teams/03-Edit Team - Private/div_Channel Name Field is required' is visible

2022-05-11 16:04:49 - [TEST_STEP][PASSED] - delay(3): Delayed 3 second(s)

2022-05-11 16:04:52 - [MESSAGE][PASSED] - Delayed 3 second(s)

2022-05-11 16:04:52 - [TEST_STEP][PASSED] - setText(findTestObject("06-Teams/03-Edit Team - Private/input_channel name"), "Auto Channel"): Text 'Auto Channel' is set on object 'Object Repository/06-Teams/03-Edit Team - Private/input_channel name'

2022-05-11 16:04:53 - [MESSAGE][PASSED] - Text 'Auto Channel' is set on object 'Object Repository/06-Teams/03-Edit Team - Private/input_channel name'

2022-05-11 16:04:53 - [TEST_STEP][PASSED] - click(findTestObject("06-Teams/03-Edit Team - Private/button_Add")): Object: 'Object Repository/06-Teams/03-Edit Team - Private/button_Add' is clicked on

2022-05-11 16:04:53 - [MESSAGE][PASSED] - Object: 'Object Repository/06-Teams/03-Edit Team - Private/button_Add' is clicked on

2022-05-11 16:04:53 - [TEST_STEP][PASSED] - verifyElementVisible(findTestObject("06-Teams/03-Edit Team - Private/Successfully added channel to team")): Object 'Object Repository/06-Teams/03-Edit Team - Private/Successfully added channel to team' is visible

2022-05-11 16:04:55 - [MESSAGE][PASSED] - Object 'Object Repository/06-Teams/03-Edit Team - Private/Successfully added channel to team' is visible

2022-05-11 16:04:55 - [TEST_STEP][PASSED] - delay(3): Delayed 3 second(s)

2022-05-11 16:04:58 - [MESSAGE][PASSED] - Delayed 3 second(s)

2022-05-11 16:04:58 - [TEST_STEP][PASSED] - verifyElementVisible(findTestObject("06-Teams/03-Edit Team - Private/div_Auto Channel")): Object 'Object Repository/06-Teams/03-Edit Team - Private/div_Auto Channel' is visible

2022-05-11 16:04:59 - [MESSAGE][PASSED] - Object 'Object Repository/06-Teams/03-Edit Team - Private/div_Auto Channel' is visible

2022-05-11 16:04:59 - [TEST_STEP][PASSED] - delay(3): Delayed 3 second(s)

2022-05-11 16:05:02 - [MESSAGE][PASSED] - Delayed 3 second(s)

2022-05-11 16:05:02 - [TEST_STEP][PASSED] - click(findTestObject("06-Teams/03-Edit Team - Private/button_edit channel")): Object: 'Object Repository/06-Teams/03-Edit Team - Private/button_edit channel' is clicked on

2022-05-11 16:05:02 - [MESSAGE][PASSED] - Object: 'Object Repository/06-Teams/03-Edit Team - Private/button_edit channel' is clicked on

2022-05-11 16:05:02 - [TEST_STEP][PASSED] - verifyElementVisible(findTestObject("06-Teams/03-Edit Team - Private/Edit channel modal")): Object 'Object Repository/06-Teams/03-Edit Team - Private/Edit channel modal' is visible

2022-05-11 16:05:03 - [MESSAGE][PASSED] - Object 'Object Repository/06-Teams/03-Edit Team - Private/Edit channel modal' is visible

2022-05-11 16:05:03 - [TEST_STEP][PASSED] - verifyElementNotClickable(findTestObject("06-Teams/03-Edit Team - Private/button_Save")): Object 'Object Repository/06-Teams/03-Edit Team - Private/button_Save' is NOT clickable

2022-05-11 16:05:04 - [MESSAGE][PASSED] - Object 'Object Repository/06-Teams/03-Edit Team - Private/button_Save' is NOT clickable

2022-05-11 16:05:04 - [TEST_STEP][PASSED] - delay(3): Delayed 3 second(s)

2022-05-11 16:05:07 - [MESSAGE][PASSED] - Delayed 3 second(s)

2022-05-11 16:05:07 - [TEST_STEP][PASSED] - setText(findTestObject("06-Teams/03-Edit Team - Private/input_Edit Channel name"), "Auto Channel Edit"): Text 'Auto Channel Edit' is set on object 'Object Repository/06-Teams/03-Edit Team - Private/input_Edit Channel name'

2022-05-11 16:05:08 - [MESSAGE][PASSED] - Text 'Auto Channel Edit' is set on object 'Object Repository/06-Teams/03-Edit Team - Private/input_Edit Channel name'

2022-05-11 16:05:08 - [TEST_STEP][PASSED] - click(findTestObject("06-Teams/03-Edit Team - Private/button_Save")): Object: 'Object Repository/06-Teams/03-Edit Team - Private/button_Save' is clicked on

2022-05-11 16:05:08 - [MESSAGE][PASSED] - Object: 'Object Repository/06-Teams/03-Edit Team - Private/button_Save' is clicked on

2022-05-11 16:05:08 - [TEST_STEP][PASSED] - verifyElementVisible(findTestObject("06-Teams/03-Edit Team - Private/Successfully edited channel")): Object 'Object Repository/06-Teams/03-Edit Team - Private/Successfully edited channel' is visible

2022-05-11 16:05:10 - [MESSAGE][PASSED] - Object 'Object Repository/06-Teams/03-Edit Team - Private/Successfully edited channel' is visible

2022-05-11 16:05:10 - [TEST_STEP][PASSED] - delay(3): Delayed 3 second(s)

2022-05-11 16:05:13 - [MESSAGE][PASSED] - Delayed 3 second(s)

2022-05-11 16:05:13 - [TEST_STEP][PASSED] - click(findTestObject("06-Teams/03-Edit Team - Private/button_delete channel")): Object: 'Object Repository/06-Teams/03-Edit Team - Private/button_delete channel' is clicked on

2022-05-11 16:05:13 - [MESSAGE][PASSED] - Object: 'Object Repository/06-Teams/03-Edit Team - Private/button_delete channel' is clicked on

2022-05-11 16:05:13 - [TEST_STEP][PASSED] - verifyElementVisible(findTestObject("06-Teams/03-Edit Team - Private/Delete confirm modal")): Object 'Object Repository/06-Teams/03-Edit Team - Private/Delete confirm modal' is visible

2022-05-11 16:05:14 - [MESSAGE][PASSED] - Object 'Object Repository/06-Teams/03-Edit Team - Private/Delete confirm modal' is visible

2022-05-11 16:05:14 - [TEST_STEP][PASSED] - click(findTestObject("06-Teams/03-Edit Team - Private/button_delete")): Object: 'Object Repository/06-Teams/03-Edit Team - Private/button_delete' is clicked on

2022-05-11 16:05:14 - [MESSAGE][PASSED] - Object: 'Object Repository/06-Teams/03-Edit Team - Private/button_delete' is clicked on

2022-05-11 16:05:14 - [TEST_STEP][PASSED] - verifyElementVisible(findTestObject("06-Teams/03-Edit Team - Private/Successfully deleted channel")): Object 'Object Repository/06-Teams/03-Edit Team - Private/Successfully deleted channel' is visible

2022-05-11 16:05:16 - [MESSAGE][PASSED] - Object 'Object Repository/06-Teams/03-Edit Team - Private/Successfully deleted channel' is visible

2022-05-11 16:05:16 - [TEST_STEP][PASSED] - delay(3): Delayed 3 second(s)

2022-05-11 16:05:19 - [MESSAGE][PASSED] - Delayed 3 second(s)

2022-05-11 16:05:19 - [TEST_STEP][PASSED] - click(findTestObject("06-Teams/03-Edit Team - Private/div_Settings")): Object: 'Object Repository/06-Teams/03-Edit Team - Private/div_Settings' is clicked on

2022-05-11 16:05:20 - [MESSAGE][PASSED] - Object: 'Object Repository/06-Teams/03-Edit Team - Private/div_Settings' is clicked on

2022-05-11 16:05:20 - [TEST_STEP][PASSED] - delay(3): Delayed 3 second(s)

2022-05-11 16:05:23 - [MESSAGE][PASSED] - Delayed 3 second(s)

2022-05-11 16:05:23 - [TEST_STEP][PASSED] - verifyElementVisible(findTestObject("06-Teams/04-Edit Team-Public/Public_settings")): Object 'Object Repository/06-Teams/04-Edit Team-Public/Public_settings' is visible

2022-05-11 16:05:23 - [MESSAGE][PASSED] - Object 'Object Repository/06-Teams/04-Edit Team-Public/Public_settings' is visible

2022-05-11 16:05:23 - [TEST_STEP][PASSED] - delay(3): Delayed 3 second(s)

2022-05-11 16:05:26 - [MESSAGE][PASSED] - Delayed 3 second(s)

2022-05-11 16:05:26 - [TEST_STEP][PASSED] - closeBrowser(): Browser is closed

2022-05-11 16:05:27 - [MESSAGE][PASSED] - Browser is closed]]></system-out>
         <system-err><![CDATA[]]></system-err>
      </testcase>
      <testcase name="Test Cases/06-Teams/05 - Teams - General Channel" time="321.481" classname="Test Cases/06-Teams/05 - Teams - General Channel" status="PASSED">
         <system-out><![CDATA[2022-05-11 16:05:27 - [TEST_CASE][PASSED] - Test Cases/06-Teams/05 - Teams - General Channel: Test Cases/06-Teams/05 - Teams - General Channel

2022-05-11 16:05:27 - [TEST_STEP][PASSED] - openBrowser(""): Browser is opened with url: ''

2022-05-11 16:05:27 - [MESSAGE][INFO] - Starting 'Chrome' driver

2022-05-11 16:05:27 - [MESSAGE][INFO] - Action delay is set to 0 milliseconds

2022-05-11 16:05:29 - [MESSAGE][PASSED] - Browser is opened with url: ''

2022-05-11 16:05:29 - [TEST_STEP][PASSED] - navigateToUrl("https://lab.everleagues.com/"): Navigate to 'https://lab.everleagues.com/' successfully

2022-05-11 16:05:59 - [MESSAGE][PASSED] - Navigate to 'https://lab.everleagues.com/' successfully

2022-05-11 16:05:59 - [TEST_STEP][PASSED] - maximizeWindow(): Current window maximized

2022-05-11 16:05:59 - [MESSAGE][PASSED] - Current window maximized

2022-05-11 16:05:59 - [TEST_STEP][PASSED] - setText(findTestObject("02-Side Icons(Organization)/Add Contact/Email Field"), "testuser02@mailinator.com"): Text 'testuser02@mailinator.com' is set on object 'Object Repository/02-Side Icons(Organization)/Add Contact/Email Field'

2022-05-11 16:06:00 - [MESSAGE][PASSED] - Text 'testuser02@mailinator.com' is set on object 'Object Repository/02-Side Icons(Organization)/Add Contact/Email Field'

2022-05-11 16:06:00 - [TEST_STEP][PASSED] - setEncryptedText(findTestObject("02-Side Icons(Organization)/Add Contact/Password Field"), "8yFRyszE6U6jvsCn51OQbg=="): Text ****** has been set on object 'Object Repository/02-Side Icons(Organization)/Add Contact/Password Field'

2022-05-11 16:06:01 - [MESSAGE][PASSED] - Text ****** has been set on object 'Object Repository/02-Side Icons(Organization)/Add Contact/Password Field'

2022-05-11 16:06:01 - [TEST_STEP][PASSED] - click(findTestObject("02-Side Icons(Organization)/Add Contact/button_Sign in")): Object: 'Object Repository/02-Side Icons(Organization)/Add Contact/button_Sign in' is clicked on

2022-05-11 16:06:02 - [MESSAGE][PASSED] - Object: 'Object Repository/02-Side Icons(Organization)/Add Contact/button_Sign in' is clicked on

2022-05-11 16:06:02 - [TEST_STEP][PASSED] - delay(3): Delayed 3 second(s)

2022-05-11 16:06:05 - [MESSAGE][PASSED] - Delayed 3 second(s)

2022-05-11 16:06:05 - [TEST_STEP][PASSED] - click(findTestObject("06-Teams/For 2FA/button_Confirm_2FA")): Object: 'Object Repository/06-Teams/For 2FA/button_Confirm_2FA' is clicked on

2022-05-11 16:06:05 - [MESSAGE][PASSED] - Object: 'Object Repository/06-Teams/For 2FA/button_Confirm_2FA' is clicked on

2022-05-11 16:06:05 - [TEST_STEP][PASSED] - executeJavaScript("window.open();", []): Execute JavaScript 'window.open();' successfully

2022-05-11 16:06:05 - [MESSAGE][PASSED] - Execute JavaScript 'window.open();' successfully

2022-05-11 16:06:05 - [TEST_STEP][PASSED] - currentWindow = getWindowIndex(): Current window's index is: 0

2022-05-11 16:06:05 - [MESSAGE][PASSED] - Current window's index is: 0

2022-05-11 16:06:05 - [TEST_STEP][PASSED] - delay(3): Delayed 3 second(s)

2022-05-11 16:06:08 - [MESSAGE][PASSED] - Delayed 3 second(s)

2022-05-11 16:06:08 - [TEST_STEP][PASSED] - switchToWindowIndex(currentWindow + 1): Switched to window with index: '1'

2022-05-11 16:06:08 - [MESSAGE][PASSED] - Switched to window with index: '1'

2022-05-11 16:06:08 - [TEST_STEP][PASSED] - navigateToUrl("https://www.mailinator.com/"): Navigate to 'https://www.mailinator.com/' successfully

2022-05-11 16:06:11 - [MESSAGE][PASSED] - Navigate to 'https://www.mailinator.com/' successfully

2022-05-11 16:06:11 - [TEST_STEP][PASSED] - delay(3): Delayed 3 second(s)

2022-05-11 16:06:14 - [MESSAGE][PASSED] - Delayed 3 second(s)

2022-05-11 16:06:14 - [TEST_STEP][PASSED] - setText(findTestObject("00-Signup and Activation/zMailinator/input_LOGIN_search"), "testuser02@mailinator.com"): Text 'testuser02@mailinator.com' is set on object 'Object Repository/00-Signup and Activation/zMailinator/input_LOGIN_search'

2022-05-11 16:06:14 - [MESSAGE][PASSED] - Text 'testuser02@mailinator.com' is set on object 'Object Repository/00-Signup and Activation/zMailinator/input_LOGIN_search'

2022-05-11 16:06:14 - [TEST_STEP][PASSED] - click(findTestObject("00-Signup and Activation/zMailinator/gobutton"), STOP_ON_FAILURE): Object: 'Object Repository/00-Signup and Activation/zMailinator/gobutton' is clicked on

2022-05-11 16:06:15 - [MESSAGE][PASSED] - Object: 'Object Repository/00-Signup and Activation/zMailinator/gobutton' is clicked on

2022-05-11 16:06:15 - [TEST_STEP][PASSED] - delay(3): Delayed 3 second(s)

2022-05-11 16:06:18 - [MESSAGE][PASSED] - Delayed 3 second(s)

2022-05-11 16:06:18 - [TEST_STEP][PASSED] - click(findTestObject("00-Signup and Activation/zMailinator/Email - everleagues")): Object: 'Object Repository/00-Signup and Activation/zMailinator/Email - everleagues' is clicked on

2022-05-11 16:06:19 - [MESSAGE][PASSED] - Object: 'Object Repository/00-Signup and Activation/zMailinator/Email - everleagues' is clicked on

2022-05-11 16:06:19 - [TEST_STEP][PASSED] - delay(3): Delayed 3 second(s)

2022-05-11 16:06:22 - [MESSAGE][PASSED] - Delayed 3 second(s)

2022-05-11 16:06:22 - [TEST_STEP][PASSED] - code = getText(findTestObject("Object Repository/06-Teams/For 2FA/2FA code")): Text of object 'Object Repository/06-Teams/For 2FA/2FA code' is: '878752'

2022-05-11 16:06:22 - [MESSAGE][PASSED] - Text of object 'Object Repository/06-Teams/For 2FA/2FA code' is: '878752'

2022-05-11 16:06:22 - [TEST_STEP][PASSED] - delay(3): Delayed 3 second(s)

2022-05-11 16:06:25 - [MESSAGE][PASSED] - Delayed 3 second(s)

2022-05-11 16:06:25 - [TEST_STEP][PASSED] - closeWindowTitle("Mailinator"): Window with title: 'Mailinator' is closed

2022-05-11 16:06:26 - [MESSAGE][PASSED] - Window with title: 'Mailinator' is closed

2022-05-11 16:06:26 - [TEST_STEP][PASSED] - delay(3): Delayed 3 second(s)

2022-05-11 16:06:29 - [MESSAGE][PASSED] - Delayed 3 second(s)

2022-05-11 16:06:29 - [TEST_STEP][PASSED] - switchToWindowIndex(0): Switched to window with index: '0'

2022-05-11 16:06:29 - [MESSAGE][PASSED] - Switched to window with index: '0'

2022-05-11 16:06:29 - [TEST_STEP][PASSED] - delay(3): Delayed 3 second(s)

2022-05-11 16:06:32 - [MESSAGE][PASSED] - Delayed 3 second(s)

2022-05-11 16:06:32 - [TEST_STEP][PASSED] - setText(findTestObject("Object Repository/06-Teams/For 2FA/input_Enter verification code_code"), code): Text '878752' is set on object 'Object Repository/06-Teams/For 2FA/input_Enter verification code_code'

2022-05-11 16:06:32 - [MESSAGE][PASSED] - Text '878752' is set on object 'Object Repository/06-Teams/For 2FA/input_Enter verification code_code'

2022-05-11 16:06:32 - [TEST_STEP][PASSED] - delay(3): Delayed 3 second(s)

2022-05-11 16:06:35 - [MESSAGE][PASSED] - Delayed 3 second(s)

2022-05-11 16:06:35 - [TEST_STEP][PASSED] - click(findTestObject("06-Teams/For 2FA/button_Verify_2FA")): Object: 'Object Repository/06-Teams/For 2FA/button_Verify_2FA' is clicked on

2022-05-11 16:06:36 - [MESSAGE][PASSED] - Object: 'Object Repository/06-Teams/For 2FA/button_Verify_2FA' is clicked on

2022-05-11 16:06:36 - [TEST_STEP][PASSED] - delay(5): Delayed 5 second(s)

2022-05-11 16:06:41 - [MESSAGE][PASSED] - Delayed 5 second(s)

2022-05-11 16:06:41 - [TEST_STEP][PASSED] - click(findTestObject("06-Teams/button_doublearrow")): Object: 'Object Repository/06-Teams/button_doublearrow' is clicked on

2022-05-11 16:06:41 - [MESSAGE][PASSED] - Object: 'Object Repository/06-Teams/button_doublearrow' is clicked on

2022-05-11 16:06:41 - [TEST_STEP][PASSED] - click(findTestObject("06-Teams/button_My Organizations")): Object: 'Object Repository/06-Teams/button_My Organizations' is clicked on

2022-05-11 16:06:42 - [MESSAGE][PASSED] - Object: 'Object Repository/06-Teams/button_My Organizations' is clicked on

2022-05-11 16:06:42 - [TEST_STEP][PASSED] - click(findTestObject("06-Teams/button_GG Automation")): Object: 'Object Repository/06-Teams/button_GG Automation' is clicked on

2022-05-11 16:06:43 - [MESSAGE][PASSED] - Object: 'Object Repository/06-Teams/button_GG Automation' is clicked on

2022-05-11 16:06:43 - [TEST_STEP][PASSED] - delay(4): Delayed 4 second(s)

2022-05-11 16:06:47 - [MESSAGE][PASSED] - Delayed 4 second(s)

2022-05-11 16:06:47 - [TEST_STEP][PASSED] - verifyElementVisible(findTestObject("06-Teams/span_GG Automation")): Object 'Object Repository/06-Teams/span_GG Automation' is visible

2022-05-11 16:06:47 - [MESSAGE][PASSED] - Object 'Object Repository/06-Teams/span_GG Automation' is visible

2022-05-11 16:06:47 - [TEST_STEP][PASSED] - delay(2): Delayed 2 second(s)

2022-05-11 16:06:49 - [MESSAGE][PASSED] - Delayed 2 second(s)

2022-05-11 16:06:49 - [TEST_STEP][PASSED] - click(findTestObject("03-Header Menu/Hamburger Button/div_Teams")): Object: 'Object Repository/03-Header Menu/Hamburger Button/div_Teams' is clicked on

2022-05-11 16:06:50 - [MESSAGE][PASSED] - Object: 'Object Repository/03-Header Menu/Hamburger Button/div_Teams' is clicked on

2022-05-11 16:06:50 - [TEST_STEP][PASSED] - delay(2): Delayed 2 second(s)

2022-05-11 16:06:52 - [MESSAGE][PASSED] - Delayed 2 second(s)

2022-05-11 16:06:52 - [TEST_STEP][PASSED] - verifyElementVisible(findTestObject("06-Teams/h4_TEAMS")): Object 'Object Repository/06-Teams/h4_TEAMS' is visible

2022-05-11 16:06:52 - [MESSAGE][PASSED] - Object 'Object Repository/06-Teams/h4_TEAMS' is visible

2022-05-11 16:06:52 - [TEST_STEP][PASSED] - delay(3): Delayed 3 second(s)

2022-05-11 16:06:55 - [MESSAGE][PASSED] - Delayed 3 second(s)

2022-05-11 16:06:55 - [TEST_STEP][PASSED] - click(findTestObject("06-Teams/05- Teams-General Channel/div_General")): Object: 'Object Repository/06-Teams/05- Teams-General Channel/div_General' is clicked on

2022-05-11 16:06:55 - [MESSAGE][PASSED] - Object: 'Object Repository/06-Teams/05- Teams-General Channel/div_General' is clicked on

2022-05-11 16:06:55 - [TEST_STEP][PASSED] - delay(3): Delayed 3 second(s)

2022-05-11 16:06:58 - [MESSAGE][PASSED] - Delayed 3 second(s)

2022-05-11 16:06:58 - [TEST_STEP][PASSED] - uploadFile(findTestObject("06-Teams/05- Teams-General Channel/button_attache_file"), "C:\Users\User\Desktop\EL automation\sample.pdf"): File 'C:\Users\User\Desktop\EL automation\sample.pdf' sent to object: 'Object Repository/06-Teams/05- Teams-General Channel/button_attache_file'

2022-05-11 16:06:59 - [MESSAGE][PASSED] - File 'C:\Users\User\Desktop\EL automation\sample.pdf' sent to object: 'Object Repository/06-Teams/05- Teams-General Channel/button_attache_file'

2022-05-11 16:06:59 - [TEST_STEP][PASSED] - verifyElementVisible(findTestObject("06-Teams/05- Teams-General Channel/added PDF")): Object 'Object Repository/06-Teams/05- Teams-General Channel/added PDF' is visible

2022-05-11 16:06:59 - [MESSAGE][PASSED] - Object 'Object Repository/06-Teams/05- Teams-General Channel/added PDF' is visible

2022-05-11 16:06:59 - [TEST_STEP][PASSED] - click(findTestObject("06-Teams/05- Teams-General Channel/button_send")): Object: 'Object Repository/06-Teams/05- Teams-General Channel/button_send' is clicked on

2022-05-11 16:07:00 - [MESSAGE][PASSED] - Object: 'Object Repository/06-Teams/05- Teams-General Channel/button_send' is clicked on

2022-05-11 16:07:00 - [TEST_STEP][PASSED] - verifyElementVisible(findTestObject("06-Teams/05- Teams-General Channel/added new post msg")): Object 'Object Repository/06-Teams/05- Teams-General Channel/added new post msg' is visible

2022-05-11 16:07:02 - [MESSAGE][PASSED] - Object 'Object Repository/06-Teams/05- Teams-General Channel/added new post msg' is visible

2022-05-11 16:07:02 - [TEST_STEP][PASSED] - verifyElementVisible(findTestObject("06-Teams/05- Teams-General Channel/posted pdf")): Object 'Object Repository/06-Teams/05- Teams-General Channel/posted pdf' is visible

2022-05-11 16:07:02 - [MESSAGE][PASSED] - Object 'Object Repository/06-Teams/05- Teams-General Channel/posted pdf' is visible

2022-05-11 16:07:02 - [TEST_STEP][PASSED] - delay(10): Delayed 10 second(s)

2022-05-11 16:07:12 - [MESSAGE][PASSED] - Delayed 10 second(s)

2022-05-11 16:07:12 - [TEST_STEP][PASSED] - uploadFile(findTestObject("06-Teams/05- Teams-General Channel/button_add image"), "C:\Users\User\Desktop\EL automation\qa.jpg"): File 'C:\Users\User\Desktop\EL automation\qa.jpg' sent to object: 'Object Repository/06-Teams/05- Teams-General Channel/button_add image'

2022-05-11 16:07:13 - [MESSAGE][PASSED] - File 'C:\Users\User\Desktop\EL automation\qa.jpg' sent to object: 'Object Repository/06-Teams/05- Teams-General Channel/button_add image'

2022-05-11 16:07:13 - [TEST_STEP][PASSED] - verifyElementVisible(findTestObject("06-Teams/05- Teams-General Channel/added image")): Object 'Object Repository/06-Teams/05- Teams-General Channel/added image' is visible

2022-05-11 16:07:13 - [MESSAGE][PASSED] - Object 'Object Repository/06-Teams/05- Teams-General Channel/added image' is visible

2022-05-11 16:07:13 - [TEST_STEP][PASSED] - delay(3): Delayed 3 second(s)

2022-05-11 16:07:16 - [MESSAGE][PASSED] - Delayed 3 second(s)

2022-05-11 16:07:16 - [TEST_STEP][PASSED] - click(findTestObject("06-Teams/05- Teams-General Channel/button_send")): Object: 'Object Repository/06-Teams/05- Teams-General Channel/button_send' is clicked on

2022-05-11 16:07:17 - [MESSAGE][PASSED] - Object: 'Object Repository/06-Teams/05- Teams-General Channel/button_send' is clicked on

2022-05-11 16:07:17 - [TEST_STEP][PASSED] - verifyElementVisible(findTestObject("06-Teams/05- Teams-General Channel/added new post msg")): Object 'Object Repository/06-Teams/05- Teams-General Channel/added new post msg' is visible

2022-05-11 16:07:19 - [MESSAGE][PASSED] - Object 'Object Repository/06-Teams/05- Teams-General Channel/added new post msg' is visible

2022-05-11 16:07:19 - [TEST_STEP][PASSED] - delay(3): Delayed 3 second(s)

2022-05-11 16:07:22 - [MESSAGE][PASSED] - Delayed 3 second(s)

2022-05-11 16:07:22 - [TEST_STEP][PASSED] - verifyElementVisible(findTestObject("06-Teams/05- Teams-General Channel/posted image")): Object 'Object Repository/06-Teams/05- Teams-General Channel/posted image' is visible

2022-05-11 16:07:22 - [MESSAGE][PASSED] - Object 'Object Repository/06-Teams/05- Teams-General Channel/posted image' is visible

2022-05-11 16:07:22 - [TEST_STEP][PASSED] - delay(10): Delayed 10 second(s)

2022-05-11 16:07:32 - [MESSAGE][PASSED] - Delayed 10 second(s)

2022-05-11 16:07:32 - [TEST_STEP][PASSED] - uploadFile(findTestObject("06-Teams/05- Teams-General Channel/button_attache_file"), "C:\Users\User\Desktop\EL automation\video.mp4"): File 'C:\Users\User\Desktop\EL automation\video.mp4' sent to object: 'Object Repository/06-Teams/05- Teams-General Channel/button_attache_file'

2022-05-11 16:07:32 - [MESSAGE][PASSED] - File 'C:\Users\User\Desktop\EL automation\video.mp4' sent to object: 'Object Repository/06-Teams/05- Teams-General Channel/button_attache_file'

2022-05-11 16:07:32 - [TEST_STEP][PASSED] - verifyElementVisible(findTestObject("06-Teams/05- Teams-General Channel/added video")): Object 'Object Repository/06-Teams/05- Teams-General Channel/added video' is visible

2022-05-11 16:07:33 - [MESSAGE][PASSED] - Object 'Object Repository/06-Teams/05- Teams-General Channel/added video' is visible

2022-05-11 16:07:33 - [TEST_STEP][PASSED] - click(findTestObject("06-Teams/05- Teams-General Channel/button_send")): Object: 'Object Repository/06-Teams/05- Teams-General Channel/button_send' is clicked on

2022-05-11 16:07:33 - [MESSAGE][PASSED] - Object: 'Object Repository/06-Teams/05- Teams-General Channel/button_send' is clicked on

2022-05-11 16:07:33 - [TEST_STEP][PASSED] - delay(5): Delayed 5 second(s)

2022-05-11 16:07:38 - [MESSAGE][PASSED] - Delayed 5 second(s)

2022-05-11 16:07:38 - [TEST_STEP][PASSED] - verifyElementVisible(findTestObject("06-Teams/05- Teams-General Channel/posted video")): Object 'Object Repository/06-Teams/05- Teams-General Channel/posted video' is visible

2022-05-11 16:08:09 - [MESSAGE][PASSED] - Object 'Object Repository/06-Teams/05- Teams-General Channel/posted video' is visible

2022-05-11 16:08:09 - [TEST_STEP][PASSED] - delay(10): Delayed 10 second(s)

2022-05-11 16:08:19 - [MESSAGE][PASSED] - Delayed 10 second(s)

2022-05-11 16:08:19 - [TEST_STEP][PASSED] - setText(findTestObject("06-Teams/05- Teams-General Channel/Input field_post"), "This is automation"): Text 'This is automation' is set on object 'Object Repository/06-Teams/05- Teams-General Channel/Input field_post'

2022-05-11 16:09:19 - [MESSAGE][PASSED] - Text 'This is automation' is set on object 'Object Repository/06-Teams/05- Teams-General Channel/Input field_post'

2022-05-11 16:09:19 - [TEST_STEP][PASSED] - click(findTestObject("06-Teams/05- Teams-General Channel/button_send")): Object: 'Object Repository/06-Teams/05- Teams-General Channel/button_send' is clicked on

2022-05-11 16:09:49 - [MESSAGE][PASSED] - Object: 'Object Repository/06-Teams/05- Teams-General Channel/button_send' is clicked on

2022-05-11 16:09:49 - [TEST_STEP][PASSED] - delay(3): Delayed 3 second(s)

2022-05-11 16:09:52 - [MESSAGE][PASSED] - Delayed 3 second(s)

2022-05-11 16:09:52 - [TEST_STEP][PASSED] - verifyElementVisible(findTestObject("06-Teams/05- Teams-General Channel/added new post msg")): Object 'Object Repository/06-Teams/05- Teams-General Channel/added new post msg' is visible

2022-05-11 16:10:09 - [MESSAGE][PASSED] - Object 'Object Repository/06-Teams/05- Teams-General Channel/added new post msg' is visible

2022-05-11 16:10:09 - [TEST_STEP][PASSED] - verifyElementVisible(findTestObject("06-Teams/05- Teams-General Channel/posted_This is automation")): Object 'Object Repository/06-Teams/05- Teams-General Channel/posted_This is automation' is visible

2022-05-11 16:10:10 - [MESSAGE][PASSED] - Object 'Object Repository/06-Teams/05- Teams-General Channel/posted_This is automation' is visible

2022-05-11 16:10:10 - [TEST_STEP][PASSED] - delay(3): Delayed 3 second(s)

2022-05-11 16:10:13 - [MESSAGE][PASSED] - Delayed 3 second(s)

2022-05-11 16:10:13 - [TEST_STEP][PASSED] - click(findTestObject("06-Teams/05- Teams-General Channel/ellipsis 1")): Object: 'Object Repository/06-Teams/05- Teams-General Channel/ellipsis 1' is clicked on

2022-05-11 16:10:13 - [MESSAGE][PASSED] - Object: 'Object Repository/06-Teams/05- Teams-General Channel/ellipsis 1' is clicked on

2022-05-11 16:10:13 - [TEST_STEP][PASSED] - click(findTestObject("06-Teams/05- Teams-General Channel/button_Edit Post")): Object: 'Object Repository/06-Teams/05- Teams-General Channel/button_Edit Post' is clicked on

2022-05-11 16:10:14 - [MESSAGE][PASSED] - Object: 'Object Repository/06-Teams/05- Teams-General Channel/button_Edit Post' is clicked on

2022-05-11 16:10:14 - [TEST_STEP][PASSED] - setText(findTestObject("06-Teams/05- Teams-General Channel/Edit field"), "Automation Edit "): Text 'Automation Edit ' is set on object 'Object Repository/06-Teams/05- Teams-General Channel/Edit field'

2022-05-11 16:10:16 - [MESSAGE][PASSED] - Text 'Automation Edit ' is set on object 'Object Repository/06-Teams/05- Teams-General Channel/Edit field'

2022-05-11 16:10:16 - [TEST_STEP][PASSED] - click(findTestObject("06-Teams/05- Teams-General Channel/button_send edit")): Object: 'Object Repository/06-Teams/05- Teams-General Channel/button_send edit' is clicked on

2022-05-11 16:10:16 - [MESSAGE][PASSED] - Object: 'Object Repository/06-Teams/05- Teams-General Channel/button_send edit' is clicked on

2022-05-11 16:10:16 - [TEST_STEP][PASSED] - verifyElementVisible(findTestObject("06-Teams/05- Teams-General Channel/Successfully edited post msg")): Object 'Object Repository/06-Teams/05- Teams-General Channel/Successfully edited post msg' is visible

2022-05-11 16:10:18 - [MESSAGE][PASSED] - Object 'Object Repository/06-Teams/05- Teams-General Channel/Successfully edited post msg' is visible

2022-05-11 16:10:18 - [TEST_STEP][PASSED] - delay(3): Delayed 3 second(s)

2022-05-11 16:10:21 - [MESSAGE][PASSED] - Delayed 3 second(s)

2022-05-11 16:10:21 - [TEST_STEP][PASSED] - click(findTestObject("06-Teams/05- Teams-General Channel/ellipsis 1")): Object: 'Object Repository/06-Teams/05- Teams-General Channel/ellipsis 1' is clicked on

2022-05-11 16:10:21 - [MESSAGE][PASSED] - Object: 'Object Repository/06-Teams/05- Teams-General Channel/ellipsis 1' is clicked on

2022-05-11 16:10:21 - [TEST_STEP][PASSED] - click(findTestObject("06-Teams/05- Teams-General Channel/button_Delete Post")): Object: 'Object Repository/06-Teams/05- Teams-General Channel/button_Delete Post' is clicked on

2022-05-11 16:10:22 - [MESSAGE][PASSED] - Object: 'Object Repository/06-Teams/05- Teams-General Channel/button_Delete Post' is clicked on

2022-05-11 16:10:22 - [TEST_STEP][PASSED] - verifyElementVisible(findTestObject("06-Teams/05- Teams-General Channel/delete post box")): Object 'Object Repository/06-Teams/05- Teams-General Channel/delete post box' is visible

2022-05-11 16:10:23 - [MESSAGE][PASSED] - Object 'Object Repository/06-Teams/05- Teams-General Channel/delete post box' is visible

2022-05-11 16:10:23 - [TEST_STEP][PASSED] - click(findTestObject("06-Teams/05- Teams-General Channel/button_Delete")): Object: 'Object Repository/06-Teams/05- Teams-General Channel/button_Delete' is clicked on

2022-05-11 16:10:23 - [MESSAGE][PASSED] - Object: 'Object Repository/06-Teams/05- Teams-General Channel/button_Delete' is clicked on

2022-05-11 16:10:23 - [TEST_STEP][PASSED] - verifyElementVisible(findTestObject("06-Teams/05- Teams-General Channel/Successfully deleted post msg")): Object 'Object Repository/06-Teams/05- Teams-General Channel/Successfully deleted post msg' is visible

2022-05-11 16:10:24 - [MESSAGE][PASSED] - Object 'Object Repository/06-Teams/05- Teams-General Channel/Successfully deleted post msg' is visible

2022-05-11 16:10:24 - [TEST_STEP][PASSED] - delay(3): Delayed 3 second(s)

2022-05-11 16:10:27 - [MESSAGE][PASSED] - Delayed 3 second(s)

2022-05-11 16:10:27 - [TEST_STEP][PASSED] - click(findTestObject("06-Teams/05- Teams-General Channel/ellipsis 1")): Object: 'Object Repository/06-Teams/05- Teams-General Channel/ellipsis 1' is clicked on

2022-05-11 16:10:28 - [MESSAGE][PASSED] - Object: 'Object Repository/06-Teams/05- Teams-General Channel/ellipsis 1' is clicked on

2022-05-11 16:10:28 - [TEST_STEP][PASSED] - click(findTestObject("06-Teams/05- Teams-General Channel/button_Delete Post")): Object: 'Object Repository/06-Teams/05- Teams-General Channel/button_Delete Post' is clicked on

2022-05-11 16:10:28 - [MESSAGE][PASSED] - Object: 'Object Repository/06-Teams/05- Teams-General Channel/button_Delete Post' is clicked on

2022-05-11 16:10:28 - [TEST_STEP][PASSED] - verifyElementVisible(findTestObject("06-Teams/05- Teams-General Channel/delete post box")): Object 'Object Repository/06-Teams/05- Teams-General Channel/delete post box' is visible

2022-05-11 16:10:29 - [MESSAGE][PASSED] - Object 'Object Repository/06-Teams/05- Teams-General Channel/delete post box' is visible

2022-05-11 16:10:29 - [TEST_STEP][PASSED] - click(findTestObject("06-Teams/05- Teams-General Channel/button_Delete")): Object: 'Object Repository/06-Teams/05- Teams-General Channel/button_Delete' is clicked on

2022-05-11 16:10:30 - [MESSAGE][PASSED] - Object: 'Object Repository/06-Teams/05- Teams-General Channel/button_Delete' is clicked on

2022-05-11 16:10:30 - [TEST_STEP][PASSED] - verifyElementVisible(findTestObject("06-Teams/05- Teams-General Channel/Successfully deleted post msg")): Object 'Object Repository/06-Teams/05- Teams-General Channel/Successfully deleted post msg' is visible

2022-05-11 16:10:31 - [MESSAGE][PASSED] - Object 'Object Repository/06-Teams/05- Teams-General Channel/Successfully deleted post msg' is visible

2022-05-11 16:10:31 - [TEST_STEP][PASSED] - delay(3): Delayed 3 second(s)

2022-05-11 16:10:34 - [MESSAGE][PASSED] - Delayed 3 second(s)

2022-05-11 16:10:34 - [TEST_STEP][PASSED] - click(findTestObject("06-Teams/05- Teams-General Channel/ellipsis 1")): Object: 'Object Repository/06-Teams/05- Teams-General Channel/ellipsis 1' is clicked on

2022-05-11 16:10:35 - [MESSAGE][PASSED] - Object: 'Object Repository/06-Teams/05- Teams-General Channel/ellipsis 1' is clicked on

2022-05-11 16:10:35 - [TEST_STEP][PASSED] - click(findTestObject("06-Teams/05- Teams-General Channel/button_Delete Post")): Object: 'Object Repository/06-Teams/05- Teams-General Channel/button_Delete Post' is clicked on

2022-05-11 16:10:35 - [MESSAGE][PASSED] - Object: 'Object Repository/06-Teams/05- Teams-General Channel/button_Delete Post' is clicked on

2022-05-11 16:10:35 - [TEST_STEP][PASSED] - verifyElementVisible(findTestObject("06-Teams/05- Teams-General Channel/delete post box")): Object 'Object Repository/06-Teams/05- Teams-General Channel/delete post box' is visible

2022-05-11 16:10:36 - [MESSAGE][PASSED] - Object 'Object Repository/06-Teams/05- Teams-General Channel/delete post box' is visible

2022-05-11 16:10:36 - [TEST_STEP][PASSED] - click(findTestObject("06-Teams/05- Teams-General Channel/button_Delete")): Object: 'Object Repository/06-Teams/05- Teams-General Channel/button_Delete' is clicked on

2022-05-11 16:10:36 - [MESSAGE][PASSED] - Object: 'Object Repository/06-Teams/05- Teams-General Channel/button_Delete' is clicked on

2022-05-11 16:10:36 - [TEST_STEP][PASSED] - verifyElementVisible(findTestObject("06-Teams/05- Teams-General Channel/Successfully deleted post msg")): Object 'Object Repository/06-Teams/05- Teams-General Channel/Successfully deleted post msg' is visible

2022-05-11 16:10:38 - [MESSAGE][PASSED] - Object 'Object Repository/06-Teams/05- Teams-General Channel/Successfully deleted post msg' is visible

2022-05-11 16:10:38 - [TEST_STEP][PASSED] - delay(3): Delayed 3 second(s)

2022-05-11 16:10:41 - [MESSAGE][PASSED] - Delayed 3 second(s)

2022-05-11 16:10:41 - [TEST_STEP][PASSED] - click(findTestObject("06-Teams/05- Teams-General Channel/ellipsis 1")): Object: 'Object Repository/06-Teams/05- Teams-General Channel/ellipsis 1' is clicked on

2022-05-11 16:10:41 - [MESSAGE][PASSED] - Object: 'Object Repository/06-Teams/05- Teams-General Channel/ellipsis 1' is clicked on

2022-05-11 16:10:41 - [TEST_STEP][PASSED] - click(findTestObject("06-Teams/05- Teams-General Channel/button_Delete Post")): Object: 'Object Repository/06-Teams/05- Teams-General Channel/button_Delete Post' is clicked on

2022-05-11 16:10:42 - [MESSAGE][PASSED] - Object: 'Object Repository/06-Teams/05- Teams-General Channel/button_Delete Post' is clicked on

2022-05-11 16:10:42 - [TEST_STEP][PASSED] - verifyElementVisible(findTestObject("06-Teams/05- Teams-General Channel/delete post box")): Object 'Object Repository/06-Teams/05- Teams-General Channel/delete post box' is visible

2022-05-11 16:10:43 - [MESSAGE][PASSED] - Object 'Object Repository/06-Teams/05- Teams-General Channel/delete post box' is visible

2022-05-11 16:10:43 - [TEST_STEP][PASSED] - click(findTestObject("06-Teams/05- Teams-General Channel/button_Delete")): Object: 'Object Repository/06-Teams/05- Teams-General Channel/button_Delete' is clicked on

2022-05-11 16:10:43 - [MESSAGE][PASSED] - Object: 'Object Repository/06-Teams/05- Teams-General Channel/button_Delete' is clicked on

2022-05-11 16:10:43 - [TEST_STEP][PASSED] - verifyElementVisible(findTestObject("06-Teams/05- Teams-General Channel/Successfully deleted post msg")): Object 'Object Repository/06-Teams/05- Teams-General Channel/Successfully deleted post msg' is visible

2022-05-11 16:10:45 - [MESSAGE][PASSED] - Object 'Object Repository/06-Teams/05- Teams-General Channel/Successfully deleted post msg' is visible

2022-05-11 16:10:45 - [TEST_STEP][PASSED] - delay(3): Delayed 3 second(s)

2022-05-11 16:10:48 - [MESSAGE][PASSED] - Delayed 3 second(s)

2022-05-11 16:10:48 - [TEST_STEP][PASSED] - closeBrowser(): Browser is closed

2022-05-11 16:10:48 - [MESSAGE][PASSED] - Browser is closed]]></system-out>
         <system-err><![CDATA[]]></system-err>
      </testcase>
      <system-out><![CDATA[2022-05-11 15:53:50 - [TEST_SUITE][PASSED] - 06.2 - Teams - Settings: Test Cases/06-Teams/05 - Teams - General Channel]]></system-out>
      <system-err><![CDATA[]]></system-err>
   </testsuite>
</testsuites>
