<?xml version="1.0" encoding="UTF-8"?>
<testsuites name="06.2 - Teams - Settings" time="678.942" tests="16" failures="0" errors="0">
   <testsuite name="06.2 - Teams - Settings" tests="16" failures="0" errors="0" time="678.942" skipped="0" timestamp="2023-05-19 12:43:13" hostname="Mike - LAPTOP-LF5VTH4H" id="Test Suites/TS-Organization/06.2 - Teams - Settings">
      <properties>
         <property name="deviceName" value=""/>
         <property name="devicePlatform" value=""/>
         <property name="logFolder" value="D:\\Users\\Michelle\\Project\\Everleagues\\Reports\\20230519_124306\\TS-Organization\\06.2 - Teams - Settings\\20230519_124306"/>
         <property name="logFiles" value="D:\\Users\\Michelle\\Project\\Everleagues\\Reports\\20230519_124306\\TS-Organization\\06.2 - Teams - Settings\\20230519_124306\\execution0.log"/>
         <property name="attachments" value=""/>
         <property name="hostName" value="Mike - LAPTOP-LF5VTH4H"/>
         <property name="os" value="Windows 10 64bit"/>
         <property name="katalonVersion" value="8.6.0.208"/>
         <property name="browser" value="Chrome 113.0.0.0"/>
         <property name="hostAddress" value="192.168.100.69"/>
         <property name="sessionId" value="8ddc29f716d3c3d333ccedda15548ee9"/>
         <property name="seleniumVersion" value="3.141.59"/>
         <property name="proxyInformation" value="ProxyInformation { proxyOption=NO_PROXY, proxyServerType=HTTP, username=, password=********, proxyServerAddress=, proxyServerPort=0, executionList=&quot;&quot;, isApplyToDesiredCapabilities=true }"/>
         <property name="platform" value="Windows 10"/>
      </properties>
      <testcase name="Test Cases/06- Teams/03-Edit Team - Private (adding member)" time="108.573" classname="Test Cases/06- Teams/03-Edit Team - Private (adding member)" status="PASSED">
         <system-out><![CDATA[2023-05-19 12:43:14 - [TEST_CASE][PASSED] - Test Cases/06- Teams/03-Edit Team - Private (adding member): Test Cases/06- Teams/03-Edit Team - Private (adding member)

2023-05-19 12:43:15 - [TEST_STEP][PASSED] - openBrowser(""): Browser is opened with url: ''

2023-05-19 12:43:15 - [MESSAGE][INFO] - Starting 'Chrome' driver

2023-05-19 12:43:15 - [MESSAGE][INFO] - Action delay is set to 0 milliseconds

2023-05-19 12:43:20 - [MESSAGE][PASSED] - Browser is opened with url: ''

2023-05-19 12:43:20 - [TEST_STEP][PASSED] - navigateToUrl(appURL): Navigate to 'https://lab.everleagues.com/' successfully

2023-05-19 12:43:33 - [MESSAGE][PASSED] - Navigate to 'https://lab.everleagues.com/' successfully

2023-05-19 12:43:33 - [TEST_STEP][PASSED] - maximizeWindow(): Current window maximized

2023-05-19 12:43:33 - [MESSAGE][PASSED] - Current window maximized

2023-05-19 12:43:33 - [TEST_STEP][PASSED] - setText(findTestObject("02-Side Icons(Organization)/Add Contact/Email Field"), email_with_subscription): Text 'testuser05@mailinator.com' is set on object 'Object Repository/02-Side Icons(Organization)/Add Contact/Email Field'

2023-05-19 12:43:40 - [MESSAGE][PASSED] - Text 'testuser05@mailinator.com' is set on object 'Object Repository/02-Side Icons(Organization)/Add Contact/Email Field'

2023-05-19 12:43:40 - [TEST_STEP][PASSED] - setEncryptedText(findTestObject("02-Side Icons(Organization)/Add Contact/Password Field"), password): Text ****** has been set on object 'Object Repository/02-Side Icons(Organization)/Add Contact/Password Field'

2023-05-19 12:43:40 - [MESSAGE][PASSED] - Text ****** has been set on object 'Object Repository/02-Side Icons(Organization)/Add Contact/Password Field'

2023-05-19 12:43:40 - [TEST_STEP][PASSED] - click(findTestObject("02-Side Icons(Organization)/Add Contact/button_Sign in")): Object: 'Object Repository/02-Side Icons(Organization)/Add Contact/button_Sign in' is clicked on

2023-05-19 12:43:43 - [MESSAGE][PASSED] - Object: 'Object Repository/02-Side Icons(Organization)/Add Contact/button_Sign in' is clicked on

2023-05-19 12:43:43 - [TEST_STEP][PASSED] - delay(delay_3seconds): Delayed 3 second(s)

2023-05-19 12:43:46 - [MESSAGE][PASSED] - Delayed 3 second(s)

2023-05-19 12:43:46 - [TEST_STEP][PASSED] - click(findTestObject("06-Teams/For 2FA/button_Confirm_2FA")): Object: 'Object Repository/06-Teams/For 2FA/button_Confirm_2FA' is clicked on

2023-05-19 12:43:49 - [MESSAGE][PASSED] - Object: 'Object Repository/06-Teams/For 2FA/button_Confirm_2FA' is clicked on

2023-05-19 12:43:49 - [TEST_STEP][PASSED] - executeJavaScript("window.open();", []): Execute JavaScript 'window.open();' successfully

2023-05-19 12:43:49 - [MESSAGE][PASSED] - Execute JavaScript 'window.open();' successfully

2023-05-19 12:43:49 - [TEST_STEP][PASSED] - currentWindow = getWindowIndex(): Current window's index is: 0

2023-05-19 12:43:49 - [MESSAGE][PASSED] - Current window's index is: 0

2023-05-19 12:43:49 - [TEST_STEP][PASSED] - delay(delay_3seconds): Delayed 3 second(s)

2023-05-19 12:43:52 - [MESSAGE][PASSED] - Delayed 3 second(s)

2023-05-19 12:43:52 - [TEST_STEP][PASSED] - switchToWindowIndex(currentWindow + 1): Switched to window with index: '1'

2023-05-19 12:43:52 - [MESSAGE][PASSED] - Switched to window with index: '1'

2023-05-19 12:43:52 - [TEST_STEP][PASSED] - navigateToUrl(app_mailinator): Navigate to 'https://www.mailinator.com/' successfully

2023-05-19 12:43:56 - [MESSAGE][PASSED] - Navigate to 'https://www.mailinator.com/' successfully

2023-05-19 12:43:56 - [TEST_STEP][PASSED] - delay(delay_3seconds): Delayed 3 second(s)

2023-05-19 12:43:59 - [MESSAGE][PASSED] - Delayed 3 second(s)

2023-05-19 12:43:59 - [TEST_STEP][PASSED] - setText(findTestObject("00-Signup and Activation/zMailinator/input_LOGIN_search"), email_for_searchmailinator_testuser05): Text 'testuser05@mailinator.com' is set on object 'Object Repository/00-Signup and Activation/zMailinator/input_LOGIN_search'

2023-05-19 12:44:00 - [MESSAGE][PASSED] - Text 'testuser05@mailinator.com' is set on object 'Object Repository/00-Signup and Activation/zMailinator/input_LOGIN_search'

2023-05-19 12:44:00 - [TEST_STEP][PASSED] - click(findTestObject("00-Signup and Activation/zMailinator/gobutton"), STOP_ON_FAILURE): Object: 'Object Repository/00-Signup and Activation/zMailinator/gobutton' is clicked on

2023-05-19 12:44:01 - [MESSAGE][PASSED] - Object: 'Object Repository/00-Signup and Activation/zMailinator/gobutton' is clicked on

2023-05-19 12:44:01 - [TEST_STEP][PASSED] - delay(delay_3seconds): Delayed 3 second(s)

2023-05-19 12:44:04 - [MESSAGE][PASSED] - Delayed 3 second(s)

2023-05-19 12:44:04 - [TEST_STEP][PASSED] - click(findTestObject("00-Signup and Activation/zMailinator/Email - everleagues")): Object: 'Object Repository/00-Signup and Activation/zMailinator/Email - everleagues' is clicked on

2023-05-19 12:44:04 - [MESSAGE][PASSED] - Object: 'Object Repository/00-Signup and Activation/zMailinator/Email - everleagues' is clicked on

2023-05-19 12:44:04 - [TEST_STEP][PASSED] - delay(delay_3seconds): Delayed 3 second(s)

2023-05-19 12:44:07 - [MESSAGE][PASSED] - Delayed 3 second(s)

2023-05-19 12:44:07 - [TEST_STEP][PASSED] - code = getText(findTestObject("Object Repository/06-Teams/For 2FA/2FA code")): Text of object 'Object Repository/06-Teams/For 2FA/2FA code' is: '186087'

2023-05-19 12:44:08 - [MESSAGE][PASSED] - Text of object 'Object Repository/06-Teams/For 2FA/2FA code' is: '186087'

2023-05-19 12:44:08 - [TEST_STEP][PASSED] - delay(delay_3seconds): Delayed 3 second(s)

2023-05-19 12:44:11 - [MESSAGE][PASSED] - Delayed 3 second(s)

2023-05-19 12:44:11 - [TEST_STEP][PASSED] - closeWindowTitle("Mailinator"): Window with title: 'Mailinator' is closed

2023-05-19 12:44:11 - [MESSAGE][PASSED] - Window with title: 'Mailinator' is closed

2023-05-19 12:44:11 - [TEST_STEP][PASSED] - delay(delay_3seconds): Delayed 3 second(s)

2023-05-19 12:44:14 - [MESSAGE][PASSED] - Delayed 3 second(s)

2023-05-19 12:44:14 - [TEST_STEP][PASSED] - switchToWindowIndex(0): Switched to window with index: '0'

2023-05-19 12:44:14 - [MESSAGE][PASSED] - Switched to window with index: '0'

2023-05-19 12:44:14 - [TEST_STEP][PASSED] - delay(delay_3seconds): Delayed 3 second(s)

2023-05-19 12:44:17 - [MESSAGE][PASSED] - Delayed 3 second(s)

2023-05-19 12:44:17 - [TEST_STEP][PASSED] - setText(findTestObject("Object Repository/06-Teams/For 2FA/input_Enter verification code_code"), code): Text '186087' is set on object 'Object Repository/06-Teams/For 2FA/input_Enter verification code_code'

2023-05-19 12:44:18 - [MESSAGE][PASSED] - Text '186087' is set on object 'Object Repository/06-Teams/For 2FA/input_Enter verification code_code'

2023-05-19 12:44:18 - [TEST_STEP][PASSED] - delay(delay_3seconds): Delayed 3 second(s)

2023-05-19 12:44:21 - [MESSAGE][PASSED] - Delayed 3 second(s)

2023-05-19 12:44:21 - [TEST_STEP][PASSED] - click(findTestObject("06-Teams/For 2FA/button_Verify_2FA")): Object: 'Object Repository/06-Teams/For 2FA/button_Verify_2FA' is clicked on

2023-05-19 12:44:22 - [MESSAGE][PASSED] - Object: 'Object Repository/06-Teams/For 2FA/button_Verify_2FA' is clicked on

2023-05-19 12:44:22 - [TEST_STEP][PASSED] - delay(delay_5seconds): Delayed 5 second(s)

2023-05-19 12:44:27 - [MESSAGE][PASSED] - Delayed 5 second(s)

2023-05-19 12:44:27 - [TEST_STEP][PASSED] - click(findTestObject("06-Teams/button_doublearrow")): Object: 'Object Repository/06-Teams/button_doublearrow' is clicked on

2023-05-19 12:44:29 - [MESSAGE][PASSED] - Object: 'Object Repository/06-Teams/button_doublearrow' is clicked on

2023-05-19 12:44:29 - [TEST_STEP][PASSED] - click(findTestObject("06-Teams/button_My Organizations")): Object: 'Object Repository/06-Teams/button_My Organizations' is clicked on

2023-05-19 12:44:30 - [MESSAGE][PASSED] - Object: 'Object Repository/06-Teams/button_My Organizations' is clicked on

2023-05-19 12:44:30 - [TEST_STEP][PASSED] - click(findTestObject("06-Teams/button_GG Automation")): Object: 'Object Repository/06-Teams/button_GG Automation' is clicked on

2023-05-19 12:44:31 - [MESSAGE][PASSED] - Object: 'Object Repository/06-Teams/button_GG Automation' is clicked on

2023-05-19 12:44:31 - [TEST_STEP][PASSED] - delay(delay_4seconds): Delayed 4 second(s)

2023-05-19 12:44:35 - [MESSAGE][PASSED] - Delayed 4 second(s)

2023-05-19 12:44:35 - [TEST_STEP][PASSED] - verifyElementVisible(findTestObject("06-Teams/span_GG Automation")): Object 'Object Repository/06-Teams/span_GG Automation' is visible

2023-05-19 12:44:35 - [MESSAGE][PASSED] - Object 'Object Repository/06-Teams/span_GG Automation' is visible

2023-05-19 12:44:35 - [TEST_STEP][PASSED] - delay(delay_2seconds): Delayed 2 second(s)

2023-05-19 12:44:37 - [MESSAGE][PASSED] - Delayed 2 second(s)

2023-05-19 12:44:37 - [TEST_STEP][PASSED] - click(findTestObject("03-Header Menu/Hamburger Button/div_Teams")): Object: 'Object Repository/03-Header Menu/Hamburger Button/div_Teams' is clicked on

2023-05-19 12:44:38 - [MESSAGE][PASSED] - Object: 'Object Repository/03-Header Menu/Hamburger Button/div_Teams' is clicked on

2023-05-19 12:44:38 - [TEST_STEP][PASSED] - delay(delay_2seconds): Delayed 2 second(s)

2023-05-19 12:44:40 - [MESSAGE][PASSED] - Delayed 2 second(s)

2023-05-19 12:44:40 - [TEST_STEP][PASSED] - verifyElementVisible(findTestObject("06-Teams/h4_TEAMS")): Object 'Object Repository/06-Teams/h4_TEAMS' is visible

2023-05-19 12:44:40 - [MESSAGE][PASSED] - Object 'Object Repository/06-Teams/h4_TEAMS' is visible

2023-05-19 12:44:40 - [TEST_STEP][PASSED] - delay(delay_3seconds): Delayed 3 second(s)

2023-05-19 12:44:43 - [MESSAGE][PASSED] - Delayed 3 second(s)

2023-05-19 12:44:43 - [TEST_STEP][PASSED] - click(findTestObject("06-Teams/03-Edit Team - Private/button_edit Auto Team Private")): Object: 'Object Repository/06-Teams/03-Edit Team - Private/button_edit Auto Team Private' is clicked on

2023-05-19 12:44:45 - [MESSAGE][PASSED] - Object: 'Object Repository/06-Teams/03-Edit Team - Private/button_edit Auto Team Private' is clicked on

2023-05-19 12:44:45 - [TEST_STEP][PASSED] - delay(delay_3seconds): Delayed 3 second(s)

2023-05-19 12:44:48 - [MESSAGE][PASSED] - Delayed 3 second(s)

2023-05-19 12:44:48 - [TEST_STEP][PASSED] - verifyElementVisible(findTestObject("06-Teams/03-Edit Team - Private/h4_Edit Auto Team Private")): Object 'Object Repository/06-Teams/03-Edit Team - Private/h4_Edit Auto Team Private' is visible

2023-05-19 12:44:48 - [MESSAGE][PASSED] - Object 'Object Repository/06-Teams/03-Edit Team - Private/h4_Edit Auto Team Private' is visible

2023-05-19 12:44:48 - [TEST_STEP][PASSED] - verifyElementVisible(findTestObject("06-Teams/03-Edit Team - Private/div_Members")): Object 'Object Repository/06-Teams/03-Edit Team - Private/div_Members' is visible

2023-05-19 12:44:49 - [MESSAGE][PASSED] - Object 'Object Repository/06-Teams/03-Edit Team - Private/div_Members' is visible

2023-05-19 12:44:49 - [TEST_STEP][PASSED] - verifyElementVisible(findTestObject("06-Teams/03-Edit Team - Private/div_Channels")): Object 'Object Repository/06-Teams/03-Edit Team - Private/div_Channels' is visible

2023-05-19 12:44:49 - [MESSAGE][PASSED] - Object 'Object Repository/06-Teams/03-Edit Team - Private/div_Channels' is visible

2023-05-19 12:44:49 - [TEST_STEP][PASSED] - verifyElementVisible(findTestObject("06-Teams/03-Edit Team - Private/div_Settings")): Object 'Object Repository/06-Teams/03-Edit Team - Private/div_Settings' is visible

2023-05-19 12:44:50 - [MESSAGE][PASSED] - Object 'Object Repository/06-Teams/03-Edit Team - Private/div_Settings' is visible

2023-05-19 12:44:50 - [TEST_STEP][PASSED] - delay(delay_3seconds): Delayed 3 second(s)

2023-05-19 12:44:53 - [MESSAGE][PASSED] - Delayed 3 second(s)

2023-05-19 12:44:53 - [TEST_STEP][PASSED] - click(findTestObject("06-Teams/03-Edit Team - Private/input_name or group")): Object: 'Object Repository/06-Teams/03-Edit Team - Private/input_name or group' is clicked on

2023-05-19 12:44:53 - [MESSAGE][PASSED] - Object: 'Object Repository/06-Teams/03-Edit Team - Private/input_name or group' is clicked on

2023-05-19 12:44:53 - [TEST_STEP][PASSED] - click(findTestObject("06-Teams/03-Edit Team - Private/select_GG tester 2")): Object: 'Object Repository/06-Teams/03-Edit Team - Private/select_GG tester 2' is clicked on

2023-05-19 12:44:54 - [MESSAGE][PASSED] - Object: 'Object Repository/06-Teams/03-Edit Team - Private/select_GG tester 2' is clicked on

2023-05-19 12:44:54 - [TEST_STEP][PASSED] - verifyElementVisible(findTestObject("06-Teams/03-Edit Team - Private/selected_GG tester 2")): Object 'Object Repository/06-Teams/03-Edit Team - Private/selected_GG tester 2' is visible

2023-05-19 12:44:55 - [MESSAGE][PASSED] - Object 'Object Repository/06-Teams/03-Edit Team - Private/selected_GG tester 2' is visible

2023-05-19 12:44:55 - [TEST_STEP][PASSED] - delay(delay_3seconds): Delayed 3 second(s)

2023-05-19 12:44:58 - [MESSAGE][PASSED] - Delayed 3 second(s)

2023-05-19 12:44:58 - [TEST_STEP][PASSED] - click(findTestObject("06-Teams/03-Edit Team - Private/div_INVITE")): Object: 'Object Repository/06-Teams/03-Edit Team - Private/div_INVITE' is clicked on

2023-05-19 12:44:59 - [MESSAGE][PASSED] - Object: 'Object Repository/06-Teams/03-Edit Team - Private/div_INVITE' is clicked on

2023-05-19 12:44:59 - [TEST_STEP][PASSED] - verifyElementVisible(findTestObject("06-Teams/03-Edit Team - Private/added_GTGG tester 2")): Object 'Object Repository/06-Teams/03-Edit Team - Private/added_GTGG tester 2' is visible

2023-05-19 12:44:59 - [MESSAGE][PASSED] - Object 'Object Repository/06-Teams/03-Edit Team - Private/added_GTGG tester 2' is visible

2023-05-19 12:44:59 - [TEST_STEP][PASSED] - delay(delay_3seconds): Delayed 3 second(s)

2023-05-19 12:45:02 - [MESSAGE][PASSED] - Delayed 3 second(s)]]></system-out>
         <system-err><![CDATA[]]></system-err>
      </testcase>
      <testcase name="Test Cases/06- Teams/04-Edit Team - Private (promoting member to admin)" time="12.849" classname="Test Cases/06- Teams/04-Edit Team - Private (promoting member to admin)" status="PASSED">
         <system-out><![CDATA[2023-05-19 12:45:03 - [TEST_CASE][PASSED] - Test Cases/06- Teams/04-Edit Team - Private (promoting member to admin): Test Cases/06- Teams/04-Edit Team - Private (promoting member to admin)

2023-05-19 12:45:03 - [TEST_STEP][PASSED] - mouseOver(findTestObject("06-Teams/03-Edit Team - Private/mouse over target element")): Object: 'Object Repository/06-Teams/03-Edit Team - Private/mouse over target element' is hovered

2023-05-19 12:45:05 - [MESSAGE][PASSED] - Object: 'Object Repository/06-Teams/03-Edit Team - Private/mouse over target element' is hovered

2023-05-19 12:45:05 - [TEST_STEP][PASSED] - delay(delay_2seconds): Delayed 2 second(s)

2023-05-19 12:45:07 - [MESSAGE][PASSED] - Delayed 2 second(s)

2023-05-19 12:45:07 - [TEST_STEP][PASSED] - click(findTestObject("06-Teams/03-Edit Team - Private/button_promote to admin")): Object: 'Object Repository/06-Teams/03-Edit Team - Private/button_promote to admin' is clicked on

2023-05-19 12:45:07 - [MESSAGE][PASSED] - Object: 'Object Repository/06-Teams/03-Edit Team - Private/button_promote to admin' is clicked on

2023-05-19 12:45:07 - [TEST_STEP][PASSED] - verifyElementVisible(findTestObject("06-Teams/03-Edit Team - Private/span_Admin")): Object 'Object Repository/06-Teams/03-Edit Team - Private/span_Admin' is visible

2023-05-19 12:45:12 - [MESSAGE][PASSED] - Object 'Object Repository/06-Teams/03-Edit Team - Private/span_Admin' is visible

2023-05-19 12:45:12 - [TEST_STEP][PASSED] - delay(delay_3seconds): Delayed 3 second(s)

2023-05-19 12:45:15 - [MESSAGE][PASSED] - Delayed 3 second(s)]]></system-out>
         <system-err><![CDATA[]]></system-err>
      </testcase>
      <testcase name="Test Cases/06- Teams/05-Edit Team - Private (removing a member)" time="37.907" classname="Test Cases/06- Teams/05-Edit Team - Private (removing a member)" status="PASSED">
         <system-out><![CDATA[2023-05-19 12:45:15 - [TEST_CASE][PASSED] - Test Cases/06- Teams/05-Edit Team - Private (removing a member): Test Cases/06- Teams/05-Edit Team - Private (removing a member)

2023-05-19 12:45:16 - [TEST_STEP][PASSED] - mouseOver(findTestObject("06-Teams/03-Edit Team - Private/mouse over target element 2")): Object: 'Object Repository/06-Teams/03-Edit Team - Private/mouse over target element 2' is hovered

2023-05-19 12:45:16 - [MESSAGE][PASSED] - Object: 'Object Repository/06-Teams/03-Edit Team - Private/mouse over target element 2' is hovered

2023-05-19 12:45:16 - [TEST_STEP][PASSED] - click(findTestObject("06-Teams/03-Edit Team - Private/button_remove member")): Object: 'Object Repository/06-Teams/03-Edit Team - Private/button_remove member' is clicked on

2023-05-19 12:45:17 - [MESSAGE][PASSED] - Object: 'Object Repository/06-Teams/03-Edit Team - Private/button_remove member' is clicked on

2023-05-19 12:45:17 - [TEST_STEP][PASSED] - verifyElementNotPresent(findTestObject("06-Teams/03-Edit Team - Private/added_GTGG tester 2"), 0): Web element with id: 'Object Repository/06-Teams/03-Edit Team - Private/added_GTGG tester 2' located by 'By.xpath: //td[(text() = 'GTGG tester 2' or . = 'GTGG tester 2')]' is not present after '30' second(s)

2023-05-19 12:45:17 - [MESSAGE][WARNING] - Timeout '0' is invalid. Using default page load timeout: '30'

2023-05-19 12:45:48 - [MESSAGE][INFO] - Unable to find the element located by 'By.xpath: //td[(text() = 'GTGG tester 2' or . = 'GTGG tester 2')]'. Please recheck the objects properties to make sure the desired element is located. 

2023-05-19 12:45:48 - [MESSAGE][PASSED] - Web element with id: 'Object Repository/06-Teams/03-Edit Team - Private/added_GTGG tester 2' located by 'By.xpath: //td[(text() = 'GTGG tester 2' or . = 'GTGG tester 2')]' is not present after '30' second(s)

2023-05-19 12:45:48 - [TEST_STEP][PASSED] - delay(delay_5seconds): Delayed 5 second(s)

2023-05-19 12:45:53 - [MESSAGE][PASSED] - Delayed 5 second(s)]]></system-out>
         <system-err><![CDATA[]]></system-err>
      </testcase>
      <testcase name="Test Cases/06- Teams/06-Edit Team - Private (adding a channel)" time="20.74" classname="Test Cases/06- Teams/06-Edit Team - Private (adding a channel)" status="PASSED">
         <system-out><![CDATA[2023-05-19 12:45:53 - [TEST_CASE][PASSED] - Test Cases/06- Teams/06-Edit Team - Private (adding a channel): Test Cases/06- Teams/06-Edit Team - Private (adding a channel)

2023-05-19 12:45:54 - [TEST_STEP][PASSED] - click(findTestObject("06-Teams/03-Edit Team - Private/div_Channels")): Object: 'Object Repository/06-Teams/03-Edit Team - Private/div_Channels' is clicked on

2023-05-19 12:45:54 - [MESSAGE][PASSED] - Object: 'Object Repository/06-Teams/03-Edit Team - Private/div_Channels' is clicked on

2023-05-19 12:45:54 - [TEST_STEP][PASSED] - click(findTestObject("06-Teams/03-Edit Team - Private/div_Showing channels in team_Add Channel")): Object: 'Object Repository/06-Teams/03-Edit Team - Private/div_Showing channels in team_Add Channel' is clicked on

2023-05-19 12:45:55 - [MESSAGE][PASSED] - Object: 'Object Repository/06-Teams/03-Edit Team - Private/div_Showing channels in team_Add Channel' is clicked on

2023-05-19 12:45:55 - [TEST_STEP][PASSED] - delay(delay_3seconds): Delayed 3 second(s)

2023-05-19 12:45:58 - [MESSAGE][PASSED] - Delayed 3 second(s)

2023-05-19 12:45:58 - [TEST_STEP][PASSED] - click(findTestObject("06-Teams/03-Edit Team - Private/div_Add Channel")): Object: 'Object Repository/06-Teams/03-Edit Team - Private/div_Add Channel' is clicked on

2023-05-19 12:45:59 - [MESSAGE][PASSED] - Object: 'Object Repository/06-Teams/03-Edit Team - Private/div_Add Channel' is clicked on

2023-05-19 12:45:59 - [TEST_STEP][PASSED] - verifyElementVisible(findTestObject("06-Teams/03-Edit Team - Private/add channel modal")): Object 'Object Repository/06-Teams/03-Edit Team - Private/add channel modal' is visible

2023-05-19 12:45:59 - [MESSAGE][PASSED] - Object 'Object Repository/06-Teams/03-Edit Team - Private/add channel modal' is visible

2023-05-19 12:45:59 - [TEST_STEP][PASSED] - verifyElementNotClickable(findTestObject("06-Teams/03-Edit Team - Private/button_Add")): Object 'Object Repository/06-Teams/03-Edit Team - Private/button_Add' is NOT clickable

2023-05-19 12:46:00 - [MESSAGE][PASSED] - Object 'Object Repository/06-Teams/03-Edit Team - Private/button_Add' is NOT clickable

2023-05-19 12:46:00 - [TEST_STEP][PASSED] - delay(delay_3seconds): Delayed 3 second(s)

2023-05-19 12:46:03 - [MESSAGE][PASSED] - Delayed 3 second(s)

2023-05-19 12:46:03 - [TEST_STEP][PASSED] - click(findTestObject("06-Teams/03-Edit Team - Private/input_channel name")): Object: 'Object Repository/06-Teams/03-Edit Team - Private/input_channel name' is clicked on

2023-05-19 12:46:04 - [MESSAGE][PASSED] - Object: 'Object Repository/06-Teams/03-Edit Team - Private/input_channel name' is clicked on

2023-05-19 12:46:04 - [TEST_STEP][PASSED] - click(findTestObject("06-Teams/03-Edit Team - Private/h4_Add Channel")): Object: 'Object Repository/06-Teams/03-Edit Team - Private/h4_Add Channel' is clicked on

2023-05-19 12:46:05 - [MESSAGE][PASSED] - Object: 'Object Repository/06-Teams/03-Edit Team - Private/h4_Add Channel' is clicked on

2023-05-19 12:46:05 - [TEST_STEP][PASSED] - verifyElementVisible(findTestObject("06-Teams/03-Edit Team - Private/div_Channel Name Field is required")): Object 'Object Repository/06-Teams/03-Edit Team - Private/div_Channel Name Field is required' is visible

2023-05-19 12:46:05 - [MESSAGE][PASSED] - Object 'Object Repository/06-Teams/03-Edit Team - Private/div_Channel Name Field is required' is visible

2023-05-19 12:46:05 - [TEST_STEP][PASSED] - delay(delay_3seconds): Delayed 3 second(s)

2023-05-19 12:46:08 - [MESSAGE][PASSED] - Delayed 3 second(s)

2023-05-19 12:46:08 - [TEST_STEP][PASSED] - setText(findTestObject("06-Teams/03-Edit Team - Private/input_channel name"), "Auto Channel"): Text 'Auto Channel' is set on object 'Object Repository/06-Teams/03-Edit Team - Private/input_channel name'

2023-05-19 12:46:09 - [MESSAGE][PASSED] - Text 'Auto Channel' is set on object 'Object Repository/06-Teams/03-Edit Team - Private/input_channel name'

2023-05-19 12:46:09 - [TEST_STEP][PASSED] - click(findTestObject("06-Teams/03-Edit Team - Private/button_Add")): Object: 'Object Repository/06-Teams/03-Edit Team - Private/button_Add' is clicked on

2023-05-19 12:46:10 - [MESSAGE][PASSED] - Object: 'Object Repository/06-Teams/03-Edit Team - Private/button_Add' is clicked on

2023-05-19 12:46:10 - [TEST_STEP][PASSED] - verifyElementVisible(findTestObject("06-Teams/03-Edit Team - Private/Successfully added channel to team")): Object 'Object Repository/06-Teams/03-Edit Team - Private/Successfully added channel to team' is visible

2023-05-19 12:46:11 - [MESSAGE][PASSED] - Object 'Object Repository/06-Teams/03-Edit Team - Private/Successfully added channel to team' is visible

2023-05-19 12:46:11 - [TEST_STEP][PASSED] - delay(delay_3seconds): Delayed 3 second(s)

2023-05-19 12:46:14 - [MESSAGE][PASSED] - Delayed 3 second(s)]]></system-out>
         <system-err><![CDATA[]]></system-err>
      </testcase>
      <testcase name="Test Cases/06- Teams/07-Edit Team - Private (editing a channel)" time="15.891" classname="Test Cases/06- Teams/07-Edit Team - Private (editing a channel)" status="PASSED">
         <system-out><![CDATA[2023-05-19 12:46:14 - [TEST_CASE][PASSED] - Test Cases/06- Teams/07-Edit Team - Private (editing a channel): Test Cases/06- Teams/07-Edit Team - Private (editing a channel)

2023-05-19 12:46:15 - [TEST_STEP][PASSED] - verifyElementVisible(findTestObject("06-Teams/03-Edit Team - Private/div_Auto Channel")): Object 'Object Repository/06-Teams/03-Edit Team - Private/div_Auto Channel' is visible

2023-05-19 12:46:15 - [MESSAGE][PASSED] - Object 'Object Repository/06-Teams/03-Edit Team - Private/div_Auto Channel' is visible

2023-05-19 12:46:15 - [TEST_STEP][PASSED] - delay(delay_3seconds): Delayed 3 second(s)

2023-05-19 12:46:18 - [MESSAGE][PASSED] - Delayed 3 second(s)

2023-05-19 12:46:18 - [TEST_STEP][PASSED] - click(findTestObject("06-Teams/03-Edit Team - Private/button_edit channel")): Object: 'Object Repository/06-Teams/03-Edit Team - Private/button_edit channel' is clicked on

2023-05-19 12:46:19 - [MESSAGE][PASSED] - Object: 'Object Repository/06-Teams/03-Edit Team - Private/button_edit channel' is clicked on

2023-05-19 12:46:19 - [TEST_STEP][PASSED] - verifyElementVisible(findTestObject("06-Teams/03-Edit Team - Private/Edit channel modal")): Object 'Object Repository/06-Teams/03-Edit Team - Private/Edit channel modal' is visible

2023-05-19 12:46:20 - [MESSAGE][PASSED] - Object 'Object Repository/06-Teams/03-Edit Team - Private/Edit channel modal' is visible

2023-05-19 12:46:20 - [TEST_STEP][PASSED] - verifyElementNotClickable(findTestObject("06-Teams/03-Edit Team - Private/button_Save")): Object 'Object Repository/06-Teams/03-Edit Team - Private/button_Save' is NOT clickable

2023-05-19 12:46:20 - [MESSAGE][PASSED] - Object 'Object Repository/06-Teams/03-Edit Team - Private/button_Save' is NOT clickable

2023-05-19 12:46:20 - [TEST_STEP][PASSED] - delay(delay_3seconds): Delayed 3 second(s)

2023-05-19 12:46:23 - [MESSAGE][PASSED] - Delayed 3 second(s)

2023-05-19 12:46:23 - [TEST_STEP][PASSED] - setText(findTestObject("06-Teams/03-Edit Team - Private/input_Edit Channel name"), "Auto Channel Edit"): Text 'Auto Channel Edit' is set on object 'Object Repository/06-Teams/03-Edit Team - Private/input_Edit Channel name'

2023-05-19 12:46:25 - [MESSAGE][PASSED] - Text 'Auto Channel Edit' is set on object 'Object Repository/06-Teams/03-Edit Team - Private/input_Edit Channel name'

2023-05-19 12:46:25 - [TEST_STEP][PASSED] - click(findTestObject("06-Teams/03-Edit Team - Private/button_Save")): Object: 'Object Repository/06-Teams/03-Edit Team - Private/button_Save' is clicked on

2023-05-19 12:46:26 - [MESSAGE][PASSED] - Object: 'Object Repository/06-Teams/03-Edit Team - Private/button_Save' is clicked on

2023-05-19 12:46:26 - [TEST_STEP][PASSED] - verifyElementVisible(findTestObject("06-Teams/03-Edit Team - Private/Successfully edited channel")): Object 'Object Repository/06-Teams/03-Edit Team - Private/Successfully edited channel' is visible

2023-05-19 12:46:27 - [MESSAGE][PASSED] - Object 'Object Repository/06-Teams/03-Edit Team - Private/Successfully edited channel' is visible

2023-05-19 12:46:27 - [TEST_STEP][PASSED] - delay(delay_3seconds): Delayed 3 second(s)

2023-05-19 12:46:30 - [MESSAGE][PASSED] - Delayed 3 second(s)]]></system-out>
         <system-err><![CDATA[]]></system-err>
      </testcase>
      <testcase name="Test Cases/06- Teams/08-Edit Team - Private (deleting a channel)" time="6.526" classname="Test Cases/06- Teams/08-Edit Team - Private (deleting a channel)" status="PASSED">
         <system-out><![CDATA[2023-05-19 12:46:30 - [TEST_CASE][PASSED] - Test Cases/06- Teams/08-Edit Team - Private (deleting a channel): Test Cases/06- Teams/08-Edit Team - Private (deleting a channel)

2023-05-19 12:46:30 - [TEST_STEP][PASSED] - click(findTestObject("06-Teams/03-Edit Team - Private/button_delete channel")): Object: 'Object Repository/06-Teams/03-Edit Team - Private/button_delete channel' is clicked on

2023-05-19 12:46:31 - [MESSAGE][PASSED] - Object: 'Object Repository/06-Teams/03-Edit Team - Private/button_delete channel' is clicked on

2023-05-19 12:46:31 - [TEST_STEP][PASSED] - verifyElementVisible(findTestObject("06-Teams/03-Edit Team - Private/Delete confirm modal")): Object 'Object Repository/06-Teams/03-Edit Team - Private/Delete confirm modal' is visible

2023-05-19 12:46:32 - [MESSAGE][PASSED] - Object 'Object Repository/06-Teams/03-Edit Team - Private/Delete confirm modal' is visible

2023-05-19 12:46:32 - [TEST_STEP][PASSED] - click(findTestObject("06-Teams/03-Edit Team - Private/button_delete")): Object: 'Object Repository/06-Teams/03-Edit Team - Private/button_delete' is clicked on

2023-05-19 12:46:32 - [MESSAGE][PASSED] - Object: 'Object Repository/06-Teams/03-Edit Team - Private/button_delete' is clicked on

2023-05-19 12:46:32 - [TEST_STEP][PASSED] - verifyElementVisible(findTestObject("06-Teams/03-Edit Team - Private/Successfully deleted channel")): Object 'Object Repository/06-Teams/03-Edit Team - Private/Successfully deleted channel' is visible

2023-05-19 12:46:34 - [MESSAGE][PASSED] - Object 'Object Repository/06-Teams/03-Edit Team - Private/Successfully deleted channel' is visible

2023-05-19 12:46:34 - [TEST_STEP][PASSED] - delay(delay_3seconds): Delayed 3 second(s)

2023-05-19 12:46:37 - [MESSAGE][PASSED] - Delayed 3 second(s)]]></system-out>
         <system-err><![CDATA[]]></system-err>
      </testcase>
      <testcase name="Test Cases/06- Teams/09-Edit Team - Private (settings)" time="8.964" classname="Test Cases/06- Teams/09-Edit Team - Private (settings)" status="PASSED">
         <system-out><![CDATA[2023-05-19 12:46:37 - [TEST_CASE][PASSED] - Test Cases/06- Teams/09-Edit Team - Private (settings): Test Cases/06- Teams/09-Edit Team - Private (settings)

2023-05-19 12:46:37 - [TEST_STEP][PASSED] - click(findTestObject("06-Teams/03-Edit Team - Private/div_Settings")): Object: 'Object Repository/06-Teams/03-Edit Team - Private/div_Settings' is clicked on

2023-05-19 12:46:38 - [MESSAGE][PASSED] - Object: 'Object Repository/06-Teams/03-Edit Team - Private/div_Settings' is clicked on

2023-05-19 12:46:38 - [TEST_STEP][PASSED] - delay(delay_3seconds): Delayed 3 second(s)

2023-05-19 12:46:41 - [MESSAGE][PASSED] - Delayed 3 second(s)

2023-05-19 12:46:41 - [TEST_STEP][PASSED] - verifyElementVisible(findTestObject("06-Teams/03-Edit Team - Private/Private_settings")): Object 'Object Repository/06-Teams/03-Edit Team - Private/Private_settings' is visible

2023-05-19 12:46:41 - [MESSAGE][PASSED] - Object 'Object Repository/06-Teams/03-Edit Team - Private/Private_settings' is visible

2023-05-19 12:46:41 - [TEST_STEP][PASSED] - delay(delay_3seconds): Delayed 3 second(s)

2023-05-19 12:46:44 - [MESSAGE][PASSED] - Delayed 3 second(s)

2023-05-19 12:46:44 - [TEST_STEP][PASSED] - closeBrowser(): Browser is closed

2023-05-19 12:46:46 - [MESSAGE][PASSED] - Browser is closed]]></system-out>
         <system-err><![CDATA[]]></system-err>
      </testcase>
      <testcase name="Test Cases/06- Teams/10-Edit Team- Public (adding a channel)" time="106.767" classname="Test Cases/06- Teams/10-Edit Team- Public (adding a channel)" status="PASSED">
         <system-out><![CDATA[2023-05-19 12:46:46 - [TEST_CASE][PASSED] - Test Cases/06- Teams/10-Edit Team- Public (adding a channel): Test Cases/06- Teams/10-Edit Team- Public (adding a channel)

2023-05-19 12:46:46 - [TEST_STEP][PASSED] - openBrowser(""): Browser is opened with url: ''

2023-05-19 12:46:46 - [MESSAGE][INFO] - Starting 'Chrome' driver

2023-05-19 12:46:46 - [MESSAGE][INFO] - Action delay is set to 0 milliseconds

2023-05-19 12:46:48 - [MESSAGE][PASSED] - Browser is opened with url: ''

2023-05-19 12:46:48 - [TEST_STEP][PASSED] - navigateToUrl(appURL): Navigate to 'https://lab.everleagues.com/' successfully

2023-05-19 12:46:58 - [MESSAGE][PASSED] - Navigate to 'https://lab.everleagues.com/' successfully

2023-05-19 12:46:58 - [TEST_STEP][PASSED] - maximizeWindow(): Current window maximized

2023-05-19 12:46:58 - [MESSAGE][PASSED] - Current window maximized

2023-05-19 12:46:58 - [TEST_STEP][PASSED] - setText(findTestObject("02-Side Icons(Organization)/Add Contact/Email Field"), email_with_subscription): Text 'testuser05@mailinator.com' is set on object 'Object Repository/02-Side Icons(Organization)/Add Contact/Email Field'

2023-05-19 12:47:04 - [MESSAGE][PASSED] - Text 'testuser05@mailinator.com' is set on object 'Object Repository/02-Side Icons(Organization)/Add Contact/Email Field'

2023-05-19 12:47:04 - [TEST_STEP][PASSED] - setEncryptedText(findTestObject("02-Side Icons(Organization)/Add Contact/Password Field"), password): Text ****** has been set on object 'Object Repository/02-Side Icons(Organization)/Add Contact/Password Field'

2023-05-19 12:47:04 - [MESSAGE][PASSED] - Text ****** has been set on object 'Object Repository/02-Side Icons(Organization)/Add Contact/Password Field'

2023-05-19 12:47:04 - [TEST_STEP][PASSED] - click(findTestObject("02-Side Icons(Organization)/Add Contact/button_Sign in")): Object: 'Object Repository/02-Side Icons(Organization)/Add Contact/button_Sign in' is clicked on

2023-05-19 12:47:06 - [MESSAGE][PASSED] - Object: 'Object Repository/02-Side Icons(Organization)/Add Contact/button_Sign in' is clicked on

2023-05-19 12:47:06 - [TEST_STEP][PASSED] - delay(delay_3seconds): Delayed 3 second(s)

2023-05-19 12:47:09 - [MESSAGE][PASSED] - Delayed 3 second(s)

2023-05-19 12:47:09 - [TEST_STEP][PASSED] - click(findTestObject("06-Teams/For 2FA/button_Confirm_2FA")): Object: 'Object Repository/06-Teams/For 2FA/button_Confirm_2FA' is clicked on

2023-05-19 12:47:09 - [MESSAGE][PASSED] - Object: 'Object Repository/06-Teams/For 2FA/button_Confirm_2FA' is clicked on

2023-05-19 12:47:09 - [TEST_STEP][PASSED] - executeJavaScript("window.open();", []): Execute JavaScript 'window.open();' successfully

2023-05-19 12:47:09 - [MESSAGE][PASSED] - Execute JavaScript 'window.open();' successfully

2023-05-19 12:47:09 - [TEST_STEP][PASSED] - currentWindow = getWindowIndex(): Current window's index is: 0

2023-05-19 12:47:10 - [MESSAGE][PASSED] - Current window's index is: 0

2023-05-19 12:47:10 - [TEST_STEP][PASSED] - delay(delay_3seconds): Delayed 3 second(s)

2023-05-19 12:47:13 - [MESSAGE][PASSED] - Delayed 3 second(s)

2023-05-19 12:47:13 - [TEST_STEP][PASSED] - switchToWindowIndex(currentWindow + 1): Switched to window with index: '1'

2023-05-19 12:47:13 - [MESSAGE][PASSED] - Switched to window with index: '1'

2023-05-19 12:47:13 - [TEST_STEP][PASSED] - navigateToUrl(app_mailinator): Navigate to 'https://www.mailinator.com/' successfully

2023-05-19 12:47:16 - [MESSAGE][PASSED] - Navigate to 'https://www.mailinator.com/' successfully

2023-05-19 12:47:16 - [TEST_STEP][PASSED] - delay(delay_3seconds): Delayed 3 second(s)

2023-05-19 12:47:19 - [MESSAGE][PASSED] - Delayed 3 second(s)

2023-05-19 12:47:19 - [TEST_STEP][PASSED] - setText(findTestObject("00-Signup and Activation/zMailinator/input_LOGIN_search"), email_for_searchmailinator_testuser05): Text 'testuser05@mailinator.com' is set on object 'Object Repository/00-Signup and Activation/zMailinator/input_LOGIN_search'

2023-05-19 12:47:20 - [MESSAGE][PASSED] - Text 'testuser05@mailinator.com' is set on object 'Object Repository/00-Signup and Activation/zMailinator/input_LOGIN_search'

2023-05-19 12:47:20 - [TEST_STEP][PASSED] - click(findTestObject("00-Signup and Activation/zMailinator/gobutton"), STOP_ON_FAILURE): Object: 'Object Repository/00-Signup and Activation/zMailinator/gobutton' is clicked on

2023-05-19 12:47:27 - [MESSAGE][PASSED] - Object: 'Object Repository/00-Signup and Activation/zMailinator/gobutton' is clicked on

2023-05-19 12:47:27 - [TEST_STEP][PASSED] - delay(delay_3seconds): Delayed 3 second(s)

2023-05-19 12:47:30 - [MESSAGE][PASSED] - Delayed 3 second(s)

2023-05-19 12:47:30 - [TEST_STEP][PASSED] - click(findTestObject("00-Signup and Activation/zMailinator/Email - everleagues")): Object: 'Object Repository/00-Signup and Activation/zMailinator/Email - everleagues' is clicked on

2023-05-19 12:47:31 - [MESSAGE][PASSED] - Object: 'Object Repository/00-Signup and Activation/zMailinator/Email - everleagues' is clicked on

2023-05-19 12:47:31 - [TEST_STEP][PASSED] - delay(delay_3seconds): Delayed 3 second(s)

2023-05-19 12:47:34 - [MESSAGE][PASSED] - Delayed 3 second(s)

2023-05-19 12:47:34 - [TEST_STEP][PASSED] - code = getText(findTestObject("Object Repository/06-Teams/For 2FA/2FA code")): Text of object 'Object Repository/06-Teams/For 2FA/2FA code' is: '660520'

2023-05-19 12:47:34 - [MESSAGE][PASSED] - Text of object 'Object Repository/06-Teams/For 2FA/2FA code' is: '660520'

2023-05-19 12:47:34 - [TEST_STEP][PASSED] - delay(delay_3seconds): Delayed 3 second(s)

2023-05-19 12:47:37 - [MESSAGE][PASSED] - Delayed 3 second(s)

2023-05-19 12:47:37 - [TEST_STEP][PASSED] - closeWindowTitle("Mailinator"): Window with title: 'Mailinator' is closed

2023-05-19 12:47:38 - [MESSAGE][PASSED] - Window with title: 'Mailinator' is closed

2023-05-19 12:47:38 - [TEST_STEP][PASSED] - delay(delay_3seconds): Delayed 3 second(s)

2023-05-19 12:47:41 - [MESSAGE][PASSED] - Delayed 3 second(s)

2023-05-19 12:47:41 - [TEST_STEP][PASSED] - switchToWindowIndex(0): Switched to window with index: '0'

2023-05-19 12:47:41 - [MESSAGE][PASSED] - Switched to window with index: '0'

2023-05-19 12:47:41 - [TEST_STEP][PASSED] - delay(delay_3seconds): Delayed 3 second(s)

2023-05-19 12:47:44 - [MESSAGE][PASSED] - Delayed 3 second(s)

2023-05-19 12:47:44 - [TEST_STEP][PASSED] - setText(findTestObject("Object Repository/06-Teams/For 2FA/input_Enter verification code_code"), code): Text '660520' is set on object 'Object Repository/06-Teams/For 2FA/input_Enter verification code_code'

2023-05-19 12:47:45 - [MESSAGE][PASSED] - Text '660520' is set on object 'Object Repository/06-Teams/For 2FA/input_Enter verification code_code'

2023-05-19 12:47:45 - [TEST_STEP][PASSED] - delay(delay_3seconds): Delayed 3 second(s)

2023-05-19 12:47:48 - [MESSAGE][PASSED] - Delayed 3 second(s)

2023-05-19 12:47:48 - [TEST_STEP][PASSED] - click(findTestObject("06-Teams/For 2FA/button_Verify_2FA")): Object: 'Object Repository/06-Teams/For 2FA/button_Verify_2FA' is clicked on

2023-05-19 12:47:48 - [MESSAGE][PASSED] - Object: 'Object Repository/06-Teams/For 2FA/button_Verify_2FA' is clicked on

2023-05-19 12:47:48 - [TEST_STEP][PASSED] - delay(delay_5seconds): Delayed 5 second(s)

2023-05-19 12:47:53 - [MESSAGE][PASSED] - Delayed 5 second(s)

2023-05-19 12:47:53 - [TEST_STEP][PASSED] - click(findTestObject("06-Teams/button_doublearrow")): Object: 'Object Repository/06-Teams/button_doublearrow' is clicked on

2023-05-19 12:47:54 - [MESSAGE][PASSED] - Object: 'Object Repository/06-Teams/button_doublearrow' is clicked on

2023-05-19 12:47:54 - [TEST_STEP][PASSED] - click(findTestObject("06-Teams/button_My Organizations")): Object: 'Object Repository/06-Teams/button_My Organizations' is clicked on

2023-05-19 12:47:55 - [MESSAGE][PASSED] - Object: 'Object Repository/06-Teams/button_My Organizations' is clicked on

2023-05-19 12:47:55 - [TEST_STEP][PASSED] - click(findTestObject("06-Teams/button_GG Automation")): Object: 'Object Repository/06-Teams/button_GG Automation' is clicked on

2023-05-19 12:47:56 - [MESSAGE][PASSED] - Object: 'Object Repository/06-Teams/button_GG Automation' is clicked on

2023-05-19 12:47:56 - [TEST_STEP][PASSED] - delay(delay_4seconds): Delayed 4 second(s)

2023-05-19 12:48:00 - [MESSAGE][PASSED] - Delayed 4 second(s)

2023-05-19 12:48:00 - [TEST_STEP][PASSED] - verifyElementVisible(findTestObject("06-Teams/span_GG Automation")): Object 'Object Repository/06-Teams/span_GG Automation' is visible

2023-05-19 12:48:00 - [MESSAGE][PASSED] - Object 'Object Repository/06-Teams/span_GG Automation' is visible

2023-05-19 12:48:00 - [TEST_STEP][PASSED] - delay(delay_2seconds): Delayed 2 second(s)

2023-05-19 12:48:03 - [MESSAGE][PASSED] - Delayed 2 second(s)

2023-05-19 12:48:03 - [TEST_STEP][PASSED] - click(findTestObject("03-Header Menu/Hamburger Button/div_Teams")): Object: 'Object Repository/03-Header Menu/Hamburger Button/div_Teams' is clicked on

2023-05-19 12:48:03 - [MESSAGE][PASSED] - Object: 'Object Repository/03-Header Menu/Hamburger Button/div_Teams' is clicked on

2023-05-19 12:48:03 - [TEST_STEP][PASSED] - delay(delay_2seconds): Delayed 2 second(s)

2023-05-19 12:48:05 - [MESSAGE][PASSED] - Delayed 2 second(s)

2023-05-19 12:48:05 - [TEST_STEP][PASSED] - verifyElementVisible(findTestObject("06-Teams/h4_TEAMS")): Object 'Object Repository/06-Teams/h4_TEAMS' is visible

2023-05-19 12:48:06 - [MESSAGE][PASSED] - Object 'Object Repository/06-Teams/h4_TEAMS' is visible

2023-05-19 12:48:06 - [TEST_STEP][PASSED] - delay(delay_3seconds): Delayed 3 second(s)

2023-05-19 12:48:09 - [MESSAGE][PASSED] - Delayed 3 second(s)

2023-05-19 12:48:09 - [TEST_STEP][PASSED] - click(findTestObject("06-Teams/04-Edit Team-Public/button_edit Auto Team Public")): Object: 'Object Repository/06-Teams/04-Edit Team-Public/button_edit Auto Team Public' is clicked on

2023-05-19 12:48:10 - [MESSAGE][PASSED] - Object: 'Object Repository/06-Teams/04-Edit Team-Public/button_edit Auto Team Public' is clicked on

2023-05-19 12:48:10 - [TEST_STEP][PASSED] - verifyElementVisible(findTestObject("06-Teams/04-Edit Team-Public/h4_Edit Auto Team Public")): Object 'Object Repository/06-Teams/04-Edit Team-Public/h4_Edit Auto Team Public' is visible

2023-05-19 12:48:11 - [MESSAGE][PASSED] - Object 'Object Repository/06-Teams/04-Edit Team-Public/h4_Edit Auto Team Public' is visible

2023-05-19 12:48:11 - [TEST_STEP][PASSED] - delay(delay_3seconds): Delayed 3 second(s)

2023-05-19 12:48:14 - [MESSAGE][PASSED] - Delayed 3 second(s)

2023-05-19 12:48:14 - [TEST_STEP][PASSED] - click(findTestObject("06-Teams/03-Edit Team - Private/div_Add Channel")): Object: 'Object Repository/06-Teams/03-Edit Team - Private/div_Add Channel' is clicked on

2023-05-19 12:48:14 - [MESSAGE][PASSED] - Object: 'Object Repository/06-Teams/03-Edit Team - Private/div_Add Channel' is clicked on

2023-05-19 12:48:14 - [TEST_STEP][PASSED] - verifyElementVisible(findTestObject("06-Teams/03-Edit Team - Private/add channel modal")): Object 'Object Repository/06-Teams/03-Edit Team - Private/add channel modal' is visible

2023-05-19 12:48:15 - [MESSAGE][PASSED] - Object 'Object Repository/06-Teams/03-Edit Team - Private/add channel modal' is visible

2023-05-19 12:48:15 - [TEST_STEP][PASSED] - verifyElementNotClickable(findTestObject("06-Teams/03-Edit Team - Private/button_Add")): Object 'Object Repository/06-Teams/03-Edit Team - Private/button_Add' is NOT clickable

2023-05-19 12:48:15 - [MESSAGE][PASSED] - Object 'Object Repository/06-Teams/03-Edit Team - Private/button_Add' is NOT clickable

2023-05-19 12:48:15 - [TEST_STEP][PASSED] - delay(delay_3seconds): Delayed 3 second(s)

2023-05-19 12:48:18 - [MESSAGE][PASSED] - Delayed 3 second(s)

2023-05-19 12:48:18 - [TEST_STEP][PASSED] - click(findTestObject("06-Teams/03-Edit Team - Private/input_channel name")): Object: 'Object Repository/06-Teams/03-Edit Team - Private/input_channel name' is clicked on

2023-05-19 12:48:19 - [MESSAGE][PASSED] - Object: 'Object Repository/06-Teams/03-Edit Team - Private/input_channel name' is clicked on

2023-05-19 12:48:19 - [TEST_STEP][PASSED] - click(findTestObject("06-Teams/03-Edit Team - Private/h4_Add Channel")): Object: 'Object Repository/06-Teams/03-Edit Team - Private/h4_Add Channel' is clicked on

2023-05-19 12:48:20 - [MESSAGE][PASSED] - Object: 'Object Repository/06-Teams/03-Edit Team - Private/h4_Add Channel' is clicked on

2023-05-19 12:48:20 - [TEST_STEP][PASSED] - verifyElementVisible(findTestObject("06-Teams/03-Edit Team - Private/div_Channel Name Field is required")): Object 'Object Repository/06-Teams/03-Edit Team - Private/div_Channel Name Field is required' is visible

2023-05-19 12:48:20 - [MESSAGE][PASSED] - Object 'Object Repository/06-Teams/03-Edit Team - Private/div_Channel Name Field is required' is visible

2023-05-19 12:48:20 - [TEST_STEP][PASSED] - delay(delay_3seconds): Delayed 3 second(s)

2023-05-19 12:48:23 - [MESSAGE][PASSED] - Delayed 3 second(s)

2023-05-19 12:48:23 - [TEST_STEP][PASSED] - setText(findTestObject("06-Teams/03-Edit Team - Private/input_channel name"), create_channelname): Text 'Auto Channel' is set on object 'Object Repository/06-Teams/03-Edit Team - Private/input_channel name'

2023-05-19 12:48:24 - [MESSAGE][PASSED] - Text 'Auto Channel' is set on object 'Object Repository/06-Teams/03-Edit Team - Private/input_channel name'

2023-05-19 12:48:24 - [TEST_STEP][PASSED] - click(findTestObject("06-Teams/03-Edit Team - Private/button_Add")): Object: 'Object Repository/06-Teams/03-Edit Team - Private/button_Add' is clicked on

2023-05-19 12:48:25 - [MESSAGE][PASSED] - Object: 'Object Repository/06-Teams/03-Edit Team - Private/button_Add' is clicked on

2023-05-19 12:48:25 - [TEST_STEP][PASSED] - verifyElementVisible(findTestObject("06-Teams/03-Edit Team - Private/Successfully added channel to team")): Object 'Object Repository/06-Teams/03-Edit Team - Private/Successfully added channel to team' is visible

2023-05-19 12:48:26 - [MESSAGE][PASSED] - Object 'Object Repository/06-Teams/03-Edit Team - Private/Successfully added channel to team' is visible

2023-05-19 12:48:26 - [TEST_STEP][PASSED] - delay(delay_3seconds): Delayed 3 second(s)

2023-05-19 12:48:29 - [MESSAGE][PASSED] - Delayed 3 second(s)

2023-05-19 12:48:29 - [TEST_STEP][PASSED] - verifyElementVisible(findTestObject("06-Teams/03-Edit Team - Private/div_Auto Channel")): Object 'Object Repository/06-Teams/03-Edit Team - Private/div_Auto Channel' is visible

2023-05-19 12:48:29 - [MESSAGE][PASSED] - Object 'Object Repository/06-Teams/03-Edit Team - Private/div_Auto Channel' is visible

2023-05-19 12:48:29 - [TEST_STEP][PASSED] - delay(delay_3seconds): Delayed 3 second(s)

2023-05-19 12:48:32 - [MESSAGE][PASSED] - Delayed 3 second(s)]]></system-out>
         <system-err><![CDATA[]]></system-err>
      </testcase>
      <testcase name="Test Cases/06- Teams/11-Edit Team- Public (editing a channel)" time="11.948" classname="Test Cases/06- Teams/11-Edit Team- Public (editing a channel)" status="PASSED">
         <system-out><![CDATA[2023-05-19 12:48:32 - [TEST_CASE][PASSED] - Test Cases/06- Teams/11-Edit Team- Public (editing a channel): Test Cases/06- Teams/11-Edit Team- Public (editing a channel)

2023-05-19 12:48:33 - [TEST_STEP][PASSED] - click(findTestObject("06-Teams/03-Edit Team - Private/button_edit channel")): Object: 'Object Repository/06-Teams/03-Edit Team - Private/button_edit channel' is clicked on

2023-05-19 12:48:33 - [MESSAGE][PASSED] - Object: 'Object Repository/06-Teams/03-Edit Team - Private/button_edit channel' is clicked on

2023-05-19 12:48:33 - [TEST_STEP][PASSED] - verifyElementVisible(findTestObject("06-Teams/03-Edit Team - Private/Edit channel modal")): Object 'Object Repository/06-Teams/03-Edit Team - Private/Edit channel modal' is visible

2023-05-19 12:48:34 - [MESSAGE][PASSED] - Object 'Object Repository/06-Teams/03-Edit Team - Private/Edit channel modal' is visible

2023-05-19 12:48:34 - [TEST_STEP][PASSED] - verifyElementNotClickable(findTestObject("06-Teams/03-Edit Team - Private/button_Save")): Object 'Object Repository/06-Teams/03-Edit Team - Private/button_Save' is NOT clickable

2023-05-19 12:48:35 - [MESSAGE][PASSED] - Object 'Object Repository/06-Teams/03-Edit Team - Private/button_Save' is NOT clickable

2023-05-19 12:48:35 - [TEST_STEP][PASSED] - delay(delay_3seconds): Delayed 3 second(s)

2023-05-19 12:48:38 - [MESSAGE][PASSED] - Delayed 3 second(s)

2023-05-19 12:48:38 - [TEST_STEP][PASSED] - setText(findTestObject("06-Teams/03-Edit Team - Private/input_Edit Channel name"), edit_channelname): Text 'Auto Channel Edit' is set on object 'Object Repository/06-Teams/03-Edit Team - Private/input_Edit Channel name'

2023-05-19 12:48:40 - [MESSAGE][PASSED] - Text 'Auto Channel Edit' is set on object 'Object Repository/06-Teams/03-Edit Team - Private/input_Edit Channel name'

2023-05-19 12:48:40 - [TEST_STEP][PASSED] - click(findTestObject("06-Teams/03-Edit Team - Private/button_Save")): Object: 'Object Repository/06-Teams/03-Edit Team - Private/button_Save' is clicked on

2023-05-19 12:48:40 - [MESSAGE][PASSED] - Object: 'Object Repository/06-Teams/03-Edit Team - Private/button_Save' is clicked on

2023-05-19 12:48:40 - [TEST_STEP][PASSED] - verifyElementVisible(findTestObject("06-Teams/03-Edit Team - Private/Successfully edited channel")): Object 'Object Repository/06-Teams/03-Edit Team - Private/Successfully edited channel' is visible

2023-05-19 12:48:41 - [MESSAGE][PASSED] - Object 'Object Repository/06-Teams/03-Edit Team - Private/Successfully edited channel' is visible

2023-05-19 12:48:41 - [TEST_STEP][PASSED] - delay(delay_3seconds): Delayed 3 second(s)

2023-05-19 12:48:44 - [MESSAGE][PASSED] - Delayed 3 second(s)]]></system-out>
         <system-err><![CDATA[]]></system-err>
      </testcase>
      <testcase name="Test Cases/06- Teams/12-Edit Team- Public (deleting a channel)" time="6.665" classname="Test Cases/06- Teams/12-Edit Team- Public (deleting a channel)" status="PASSED">
         <system-out><![CDATA[2023-05-19 12:48:44 - [TEST_CASE][PASSED] - Test Cases/06- Teams/12-Edit Team- Public (deleting a channel): Test Cases/06- Teams/12-Edit Team- Public (deleting a channel)

2023-05-19 12:48:45 - [TEST_STEP][PASSED] - click(findTestObject("06-Teams/03-Edit Team - Private/button_delete channel")): Object: 'Object Repository/06-Teams/03-Edit Team - Private/button_delete channel' is clicked on

2023-05-19 12:48:45 - [MESSAGE][PASSED] - Object: 'Object Repository/06-Teams/03-Edit Team - Private/button_delete channel' is clicked on

2023-05-19 12:48:45 - [TEST_STEP][PASSED] - verifyElementVisible(findTestObject("06-Teams/03-Edit Team - Private/Delete confirm modal")): Object 'Object Repository/06-Teams/03-Edit Team - Private/Delete confirm modal' is visible

2023-05-19 12:48:46 - [MESSAGE][PASSED] - Object 'Object Repository/06-Teams/03-Edit Team - Private/Delete confirm modal' is visible

2023-05-19 12:48:46 - [TEST_STEP][PASSED] - click(findTestObject("06-Teams/03-Edit Team - Private/button_delete")): Object: 'Object Repository/06-Teams/03-Edit Team - Private/button_delete' is clicked on

2023-05-19 12:48:47 - [MESSAGE][PASSED] - Object: 'Object Repository/06-Teams/03-Edit Team - Private/button_delete' is clicked on

2023-05-19 12:48:47 - [TEST_STEP][PASSED] - verifyElementVisible(findTestObject("06-Teams/03-Edit Team - Private/Successfully deleted channel")): Object 'Object Repository/06-Teams/03-Edit Team - Private/Successfully deleted channel' is visible

2023-05-19 12:48:48 - [MESSAGE][PASSED] - Object 'Object Repository/06-Teams/03-Edit Team - Private/Successfully deleted channel' is visible

2023-05-19 12:48:48 - [TEST_STEP][PASSED] - delay(delay_3seconds): Delayed 3 second(s)

2023-05-19 12:48:51 - [MESSAGE][PASSED] - Delayed 3 second(s)]]></system-out>
         <system-err><![CDATA[]]></system-err>
      </testcase>
      <testcase name="Test Cases/06- Teams/13-Edit Team- Public (settings)" time="8.824" classname="Test Cases/06- Teams/13-Edit Team- Public (settings)" status="PASSED">
         <system-out><![CDATA[2023-05-19 12:48:51 - [TEST_CASE][PASSED] - Test Cases/06- Teams/13-Edit Team- Public (settings): Test Cases/06- Teams/13-Edit Team- Public (settings)

2023-05-19 12:48:52 - [TEST_STEP][PASSED] - click(findTestObject("06-Teams/03-Edit Team - Private/div_Settings")): Object: 'Object Repository/06-Teams/03-Edit Team - Private/div_Settings' is clicked on

2023-05-19 12:48:52 - [MESSAGE][PASSED] - Object: 'Object Repository/06-Teams/03-Edit Team - Private/div_Settings' is clicked on

2023-05-19 12:48:52 - [TEST_STEP][PASSED] - delay(delay_3seconds): Delayed 3 second(s)

2023-05-19 12:48:55 - [MESSAGE][PASSED] - Delayed 3 second(s)

2023-05-19 12:48:55 - [TEST_STEP][PASSED] - verifyElementVisible(findTestObject("06-Teams/04-Edit Team-Public/Public_settings")): Object 'Object Repository/06-Teams/04-Edit Team-Public/Public_settings' is visible

2023-05-19 12:48:56 - [MESSAGE][PASSED] - Object 'Object Repository/06-Teams/04-Edit Team-Public/Public_settings' is visible

2023-05-19 12:48:56 - [TEST_STEP][PASSED] - delay(delay_3seconds): Delayed 3 second(s)

2023-05-19 12:48:59 - [MESSAGE][PASSED] - Delayed 3 second(s)

2023-05-19 12:48:59 - [TEST_STEP][PASSED] - closeBrowser(): Browser is closed

2023-05-19 12:49:00 - [MESSAGE][PASSED] - Browser is closed]]></system-out>
         <system-err><![CDATA[]]></system-err>
      </testcase>
      <testcase name="Test Cases/06- Teams/14 - Teams - General Channel (attaching PDF)" time="102.406" classname="Test Cases/06- Teams/14 - Teams - General Channel (attaching PDF)" status="PASSED">
         <system-out><![CDATA[2023-05-19 12:49:00 - [TEST_CASE][PASSED] - Test Cases/06- Teams/14 - Teams - General Channel (attaching PDF): Test Cases/06- Teams/14 - Teams - General Channel (attaching PDF)

2023-05-19 12:49:00 - [TEST_STEP][PASSED] - openBrowser(""): Browser is opened with url: ''

2023-05-19 12:49:00 - [MESSAGE][INFO] - Starting 'Chrome' driver

2023-05-19 12:49:00 - [MESSAGE][INFO] - Action delay is set to 0 milliseconds

2023-05-19 12:49:02 - [MESSAGE][PASSED] - Browser is opened with url: ''

2023-05-19 12:49:02 - [TEST_STEP][PASSED] - navigateToUrl(appURL): Navigate to 'https://lab.everleagues.com/' successfully

2023-05-19 12:49:14 - [MESSAGE][PASSED] - Navigate to 'https://lab.everleagues.com/' successfully

2023-05-19 12:49:14 - [TEST_STEP][PASSED] - maximizeWindow(): Current window maximized

2023-05-19 12:49:15 - [MESSAGE][PASSED] - Current window maximized

2023-05-19 12:49:15 - [TEST_STEP][PASSED] - callTestCase(findTestCase("01-Login and Forgot Password/04-Login(Valid Credentials-With Subscription)"), [:], STOP_ON_FAILURE): Call Test Case 'Test Cases/01-Login and Forgot Password/04-Login(Valid Credentials-With Subscription)' successfully

2023-05-19 12:49:15 - [TEST_CASE][PASSED] - Test Cases/01-Login and Forgot Password/04-Login(Valid Credentials-With Subscription): Test Cases/01-Login and Forgot Password/04-Login(Valid Credentials-With Subscription)

2023-05-19 12:49:16 - [TEST_STEP][PASSED] - setText(findTestObject("01-Login and Forgot Password/input_Email_email"), email_with_subscription): Text 'testuser05@mailinator.com' is set on object 'Object Repository/01-Login and Forgot Password/input_Email_email'

2023-05-19 12:49:19 - [MESSAGE][PASSED] - Text 'testuser05@mailinator.com' is set on object 'Object Repository/01-Login and Forgot Password/input_Email_email'

2023-05-19 12:49:19 - [TEST_STEP][PASSED] - setEncryptedText(findTestObject("01-Login and Forgot Password/input_Email_password"), password): Text ****** has been set on object 'Object Repository/01-Login and Forgot Password/input_Email_password'

2023-05-19 12:49:20 - [MESSAGE][PASSED] - Text ****** has been set on object 'Object Repository/01-Login and Forgot Password/input_Email_password'

2023-05-19 12:49:20 - [TEST_STEP][PASSED] - delay(delay_2seconds): Delayed 2 second(s)

2023-05-19 12:49:22 - [MESSAGE][PASSED] - Delayed 2 second(s)

2023-05-19 12:49:22 - [TEST_STEP][PASSED] - click(findTestObject("01-Login and Forgot Password/show pass button")): Object: 'Object Repository/01-Login and Forgot Password/show pass button' is clicked on

2023-05-19 12:49:23 - [MESSAGE][PASSED] - Object: 'Object Repository/01-Login and Forgot Password/show pass button' is clicked on

2023-05-19 12:49:23 - [TEST_STEP][PASSED] - delay(delay_3seconds): Delayed 3 second(s)

2023-05-19 12:49:26 - [MESSAGE][PASSED] - Delayed 3 second(s)

2023-05-19 12:49:26 - [TEST_STEP][PASSED] - click(findTestObject("01-Login and Forgot Password/button_Sign in")): Object: 'Object Repository/01-Login and Forgot Password/button_Sign in' is clicked on

2023-05-19 12:49:26 - [MESSAGE][PASSED] - Object: 'Object Repository/01-Login and Forgot Password/button_Sign in' is clicked on

2023-05-19 12:49:26 - [TEST_STEP][PASSED] - delay(delay_3seconds): Delayed 3 second(s)

2023-05-19 12:49:29 - [MESSAGE][PASSED] - Delayed 3 second(s)

2023-05-19 12:49:29 - [TEST_STEP][PASSED] - click(findTestObject("06-Teams/For 2FA/button_Confirm_2FA")): Object: 'Object Repository/06-Teams/For 2FA/button_Confirm_2FA' is clicked on

2023-05-19 12:49:30 - [MESSAGE][PASSED] - Object: 'Object Repository/06-Teams/For 2FA/button_Confirm_2FA' is clicked on

2023-05-19 12:49:30 - [TEST_STEP][PASSED] - executeJavaScript("window.open();", []): Execute JavaScript 'window.open();' successfully

2023-05-19 12:49:30 - [MESSAGE][PASSED] - Execute JavaScript 'window.open();' successfully

2023-05-19 12:49:30 - [TEST_STEP][PASSED] - currentWindow = getWindowIndex(): Current window's index is: 0

2023-05-19 12:49:30 - [MESSAGE][PASSED] - Current window's index is: 0

2023-05-19 12:49:30 - [TEST_STEP][PASSED] - delay(delay_3seconds): Delayed 3 second(s)

2023-05-19 12:49:33 - [MESSAGE][PASSED] - Delayed 3 second(s)

2023-05-19 12:49:33 - [TEST_STEP][PASSED] - switchToWindowIndex(currentWindow + 1): Switched to window with index: '1'

2023-05-19 12:49:33 - [MESSAGE][PASSED] - Switched to window with index: '1'

2023-05-19 12:49:33 - [TEST_STEP][PASSED] - navigateToUrl(app_mailinator): Navigate to 'https://www.mailinator.com/' successfully

2023-05-19 12:49:39 - [MESSAGE][PASSED] - Navigate to 'https://www.mailinator.com/' successfully

2023-05-19 12:49:39 - [TEST_STEP][PASSED] - delay(delay_3seconds): Delayed 3 second(s)

2023-05-19 12:49:42 - [MESSAGE][PASSED] - Delayed 3 second(s)

2023-05-19 12:49:42 - [TEST_STEP][PASSED] - setText(findTestObject("00-Signup and Activation/zMailinator/input_LOGIN_search"), email_for_searchmailinator_testuser05): Text 'testuser05@mailinator.com' is set on object 'Object Repository/00-Signup and Activation/zMailinator/input_LOGIN_search'

2023-05-19 12:49:43 - [MESSAGE][PASSED] - Text 'testuser05@mailinator.com' is set on object 'Object Repository/00-Signup and Activation/zMailinator/input_LOGIN_search'

2023-05-19 12:49:43 - [TEST_STEP][PASSED] - click(findTestObject("00-Signup and Activation/zMailinator/gobutton"), STOP_ON_FAILURE): Object: 'Object Repository/00-Signup and Activation/zMailinator/gobutton' is clicked on

2023-05-19 12:49:46 - [MESSAGE][PASSED] - Object: 'Object Repository/00-Signup and Activation/zMailinator/gobutton' is clicked on

2023-05-19 12:49:46 - [TEST_STEP][PASSED] - delay(delay_3seconds): Delayed 3 second(s)

2023-05-19 12:49:49 - [MESSAGE][PASSED] - Delayed 3 second(s)

2023-05-19 12:49:49 - [TEST_STEP][PASSED] - click(findTestObject("00-Signup and Activation/zMailinator/Email - everleagues")): Object: 'Object Repository/00-Signup and Activation/zMailinator/Email - everleagues' is clicked on

2023-05-19 12:49:50 - [MESSAGE][PASSED] - Object: 'Object Repository/00-Signup and Activation/zMailinator/Email - everleagues' is clicked on

2023-05-19 12:49:50 - [TEST_STEP][PASSED] - delay(delay_3seconds): Delayed 3 second(s)

2023-05-19 12:49:53 - [MESSAGE][PASSED] - Delayed 3 second(s)

2023-05-19 12:49:53 - [TEST_STEP][PASSED] - code = getText(findTestObject("Object Repository/06-Teams/For 2FA/2FA code")): Text of object 'Object Repository/06-Teams/For 2FA/2FA code' is: '195217'

2023-05-19 12:49:54 - [MESSAGE][PASSED] - Text of object 'Object Repository/06-Teams/For 2FA/2FA code' is: '195217'

2023-05-19 12:49:54 - [TEST_STEP][PASSED] - delay(delay_3seconds): Delayed 3 second(s)

2023-05-19 12:49:57 - [MESSAGE][PASSED] - Delayed 3 second(s)

2023-05-19 12:49:57 - [TEST_STEP][PASSED] - closeWindowTitle("Mailinator"): Window with title: 'Mailinator' is closed

2023-05-19 12:49:57 - [MESSAGE][PASSED] - Window with title: 'Mailinator' is closed

2023-05-19 12:49:57 - [TEST_STEP][PASSED] - delay(delay_3seconds): Delayed 3 second(s)

2023-05-19 12:50:00 - [MESSAGE][PASSED] - Delayed 3 second(s)

2023-05-19 12:50:00 - [TEST_STEP][PASSED] - switchToWindowIndex(0): Switched to window with index: '0'

2023-05-19 12:50:00 - [MESSAGE][PASSED] - Switched to window with index: '0'

2023-05-19 12:50:00 - [TEST_STEP][PASSED] - delay(delay_3seconds): Delayed 3 second(s)

2023-05-19 12:50:03 - [MESSAGE][PASSED] - Delayed 3 second(s)

2023-05-19 12:50:03 - [TEST_STEP][PASSED] - setText(findTestObject("Object Repository/06-Teams/For 2FA/input_Enter verification code_code"), code): Text '195217' is set on object 'Object Repository/06-Teams/For 2FA/input_Enter verification code_code'

2023-05-19 12:50:04 - [MESSAGE][PASSED] - Text '195217' is set on object 'Object Repository/06-Teams/For 2FA/input_Enter verification code_code'

2023-05-19 12:50:04 - [TEST_STEP][PASSED] - delay(delay_3seconds): Delayed 3 second(s)

2023-05-19 12:50:07 - [MESSAGE][PASSED] - Delayed 3 second(s)

2023-05-19 12:50:07 - [TEST_STEP][PASSED] - click(findTestObject("06-Teams/For 2FA/button_Verify_2FA")): Object: 'Object Repository/06-Teams/For 2FA/button_Verify_2FA' is clicked on

2023-05-19 12:50:08 - [MESSAGE][PASSED] - Object: 'Object Repository/06-Teams/For 2FA/button_Verify_2FA' is clicked on

2023-05-19 12:50:08 - [TEST_STEP][PASSED] - delay(delay_3seconds): Delayed 3 second(s)

2023-05-19 12:50:11 - [MESSAGE][PASSED] - Delayed 3 second(s)

2023-05-19 12:50:11 - [MESSAGE][PASSED] - Call Test Case 'Test Cases/01-Login and Forgot Password/04-Login(Valid Credentials-With Subscription)' successfully

2023-05-19 12:50:11 - [TEST_STEP][PASSED] - click(findTestObject("06-Teams/button_doublearrow")): Object: 'Object Repository/06-Teams/button_doublearrow' is clicked on

2023-05-19 12:50:15 - [MESSAGE][PASSED] - Object: 'Object Repository/06-Teams/button_doublearrow' is clicked on

2023-05-19 12:50:15 - [TEST_STEP][PASSED] - click(findTestObject("06-Teams/button_My Organizations")): Object: 'Object Repository/06-Teams/button_My Organizations' is clicked on

2023-05-19 12:50:16 - [MESSAGE][PASSED] - Object: 'Object Repository/06-Teams/button_My Organizations' is clicked on

2023-05-19 12:50:16 - [TEST_STEP][PASSED] - click(findTestObject("06-Teams/button_GG Automation")): Object: 'Object Repository/06-Teams/button_GG Automation' is clicked on

2023-05-19 12:50:17 - [MESSAGE][PASSED] - Object: 'Object Repository/06-Teams/button_GG Automation' is clicked on

2023-05-19 12:50:17 - [TEST_STEP][PASSED] - delay(delay_4seconds): Delayed 4 second(s)

2023-05-19 12:50:21 - [MESSAGE][PASSED] - Delayed 4 second(s)

2023-05-19 12:50:21 - [TEST_STEP][PASSED] - verifyElementVisible(findTestObject("06-Teams/span_GG Automation")): Object 'Object Repository/06-Teams/span_GG Automation' is visible

2023-05-19 12:50:21 - [MESSAGE][PASSED] - Object 'Object Repository/06-Teams/span_GG Automation' is visible

2023-05-19 12:50:21 - [TEST_STEP][PASSED] - delay(delay_2seconds): Delayed 2 second(s)

2023-05-19 12:50:23 - [MESSAGE][PASSED] - Delayed 2 second(s)

2023-05-19 12:50:23 - [TEST_STEP][PASSED] - click(findTestObject("03-Header Menu/Hamburger Button/div_Teams")): Object: 'Object Repository/03-Header Menu/Hamburger Button/div_Teams' is clicked on

2023-05-19 12:50:24 - [MESSAGE][PASSED] - Object: 'Object Repository/03-Header Menu/Hamburger Button/div_Teams' is clicked on

2023-05-19 12:50:24 - [TEST_STEP][PASSED] - delay(delay_2seconds): Delayed 2 second(s)

2023-05-19 12:50:26 - [MESSAGE][PASSED] - Delayed 2 second(s)

2023-05-19 12:50:26 - [TEST_STEP][PASSED] - verifyElementVisible(findTestObject("06-Teams/h4_TEAMS")): Object 'Object Repository/06-Teams/h4_TEAMS' is visible

2023-05-19 12:50:26 - [MESSAGE][PASSED] - Object 'Object Repository/06-Teams/h4_TEAMS' is visible

2023-05-19 12:50:26 - [TEST_STEP][PASSED] - delay(delay_3seconds): Delayed 3 second(s)

2023-05-19 12:50:29 - [MESSAGE][PASSED] - Delayed 3 second(s)

2023-05-19 12:50:29 - [TEST_STEP][PASSED] - click(findTestObject("06-Teams/05- Teams-General Channel/div_General")): Object: 'Object Repository/06-Teams/05- Teams-General Channel/div_General' is clicked on

2023-05-19 12:50:30 - [MESSAGE][PASSED] - Object: 'Object Repository/06-Teams/05- Teams-General Channel/div_General' is clicked on

2023-05-19 12:50:30 - [TEST_STEP][PASSED] - delay(delay_3seconds): Delayed 3 second(s)

2023-05-19 12:50:33 - [MESSAGE][PASSED] - Delayed 3 second(s)

2023-05-19 12:50:33 - [TEST_STEP][PASSED] - uploadFile(findTestObject("06-Teams/05- Teams-General Channel/button_attache_file"), upload_pdf_file): File 'D:\Users\EL automation\sample.pdf' sent to object: 'Object Repository/06-Teams/05- Teams-General Channel/button_attache_file'

2023-05-19 12:50:33 - [MESSAGE][PASSED] - File 'D:\Users\EL automation\sample.pdf' sent to object: 'Object Repository/06-Teams/05- Teams-General Channel/button_attache_file'

2023-05-19 12:50:33 - [TEST_STEP][PASSED] - verifyElementVisible(findTestObject("06-Teams/05- Teams-General Channel/added PDF")): Object 'Object Repository/06-Teams/05- Teams-General Channel/added PDF' is visible

2023-05-19 12:50:34 - [MESSAGE][PASSED] - Object 'Object Repository/06-Teams/05- Teams-General Channel/added PDF' is visible

2023-05-19 12:50:34 - [TEST_STEP][PASSED] - click(findTestObject("06-Teams/05- Teams-General Channel/button_send")): Object: 'Object Repository/06-Teams/05- Teams-General Channel/button_send' is clicked on

2023-05-19 12:50:35 - [MESSAGE][PASSED] - Object: 'Object Repository/06-Teams/05- Teams-General Channel/button_send' is clicked on

2023-05-19 12:50:35 - [TEST_STEP][PASSED] - verifyElementVisible(findTestObject("06-Teams/05- Teams-General Channel/added new post msg")): Object 'Object Repository/06-Teams/05- Teams-General Channel/added new post msg' is visible

2023-05-19 12:50:37 - [MESSAGE][PASSED] - Object 'Object Repository/06-Teams/05- Teams-General Channel/added new post msg' is visible

2023-05-19 12:50:37 - [TEST_STEP][PASSED] - verifyElementVisible(findTestObject("06-Teams/05- Teams-General Channel/posted pdf")): Object 'Object Repository/06-Teams/05- Teams-General Channel/posted pdf' is visible

2023-05-19 12:50:37 - [MESSAGE][PASSED] - Object 'Object Repository/06-Teams/05- Teams-General Channel/posted pdf' is visible

2023-05-19 12:50:37 - [TEST_STEP][PASSED] - delay(delay_5seconds): Delayed 5 second(s)

2023-05-19 12:50:42 - [MESSAGE][PASSED] - Delayed 5 second(s)]]></system-out>
         <system-err><![CDATA[]]></system-err>
      </testcase>
      <testcase name="Test Cases/06- Teams/15 - Teams - General Channel (Uploading Photo)" time="15.457" classname="Test Cases/06- Teams/15 - Teams - General Channel (Uploading Photo)" status="PASSED">
         <system-out><![CDATA[2023-05-19 12:50:42 - [TEST_CASE][PASSED] - Test Cases/06- Teams/15 - Teams - General Channel (Uploading Photo): Test Cases/06- Teams/15 - Teams - General Channel (Uploading Photo)

2023-05-19 12:50:43 - [TEST_STEP][PASSED] - uploadFile(findTestObject("06-Teams/05- Teams-General Channel/button_add image"), upload_file): File 'D:\Users\EL automation\qa.jpg' sent to object: 'Object Repository/06-Teams/05- Teams-General Channel/button_add image'

2023-05-19 12:50:43 - [MESSAGE][PASSED] - File 'D:\Users\EL automation\qa.jpg' sent to object: 'Object Repository/06-Teams/05- Teams-General Channel/button_add image'

2023-05-19 12:50:43 - [TEST_STEP][PASSED] - verifyElementVisible(findTestObject("06-Teams/05- Teams-General Channel/added image")): Object 'Object Repository/06-Teams/05- Teams-General Channel/added image' is visible

2023-05-19 12:50:44 - [MESSAGE][PASSED] - Object 'Object Repository/06-Teams/05- Teams-General Channel/added image' is visible

2023-05-19 12:50:44 - [TEST_STEP][PASSED] - delay(delay_3seconds): Delayed 3 second(s)

2023-05-19 12:50:47 - [MESSAGE][PASSED] - Delayed 3 second(s)

2023-05-19 12:50:47 - [TEST_STEP][PASSED] - click(findTestObject("06-Teams/05- Teams-General Channel/button_send")): Object: 'Object Repository/06-Teams/05- Teams-General Channel/button_send' is clicked on

2023-05-19 12:50:47 - [MESSAGE][PASSED] - Object: 'Object Repository/06-Teams/05- Teams-General Channel/button_send' is clicked on

2023-05-19 12:50:47 - [TEST_STEP][PASSED] - verifyElementVisible(findTestObject("06-Teams/05- Teams-General Channel/added new post msg")): Object 'Object Repository/06-Teams/05- Teams-General Channel/added new post msg' is visible

2023-05-19 12:50:49 - [MESSAGE][PASSED] - Object 'Object Repository/06-Teams/05- Teams-General Channel/added new post msg' is visible

2023-05-19 12:50:49 - [TEST_STEP][PASSED] - delay(delay_3seconds): Delayed 3 second(s)

2023-05-19 12:50:52 - [MESSAGE][PASSED] - Delayed 3 second(s)

2023-05-19 12:50:52 - [TEST_STEP][PASSED] - verifyElementVisible(findTestObject("06-Teams/05- Teams-General Channel/posted image")): Object 'Object Repository/06-Teams/05- Teams-General Channel/posted image' is visible

2023-05-19 12:50:53 - [MESSAGE][PASSED] - Object 'Object Repository/06-Teams/05- Teams-General Channel/posted image' is visible

2023-05-19 12:50:53 - [TEST_STEP][PASSED] - delay(delay_5seconds): Delayed 5 second(s)

2023-05-19 12:50:58 - [MESSAGE][PASSED] - Delayed 5 second(s)]]></system-out>
         <system-err><![CDATA[]]></system-err>
      </testcase>
      <testcase name="Test Cases/06- Teams/16 - Teams - General Channel (attaching Video)" time="47.197" classname="Test Cases/06- Teams/16 - Teams - General Channel (attaching Video)" status="PASSED">
         <system-out><![CDATA[2023-05-19 12:50:58 - [TEST_CASE][PASSED] - Test Cases/06- Teams/16 - Teams - General Channel (attaching Video): Test Cases/06- Teams/16 - Teams - General Channel (attaching Video)

2023-05-19 12:50:58 - [TEST_STEP][PASSED] - uploadFile(findTestObject("06-Teams/05- Teams-General Channel/button_attache_file"), upload_mp4_file): File 'D:\Users\EL automation\video.mp4' sent to object: 'Object Repository/06-Teams/05- Teams-General Channel/button_attache_file'

2023-05-19 12:50:59 - [MESSAGE][PASSED] - File 'D:\Users\EL automation\video.mp4' sent to object: 'Object Repository/06-Teams/05- Teams-General Channel/button_attache_file'

2023-05-19 12:50:59 - [TEST_STEP][PASSED] - verifyElementVisible(findTestObject("06-Teams/05- Teams-General Channel/added video")): Object 'Object Repository/06-Teams/05- Teams-General Channel/added video' is visible

2023-05-19 12:50:59 - [MESSAGE][PASSED] - Object 'Object Repository/06-Teams/05- Teams-General Channel/added video' is visible

2023-05-19 12:50:59 - [TEST_STEP][PASSED] - click(findTestObject("06-Teams/05- Teams-General Channel/button_send")): Object: 'Object Repository/06-Teams/05- Teams-General Channel/button_send' is clicked on

2023-05-19 12:51:00 - [MESSAGE][PASSED] - Object: 'Object Repository/06-Teams/05- Teams-General Channel/button_send' is clicked on

2023-05-19 12:51:00 - [TEST_STEP][PASSED] - delay(delay_5seconds): Delayed 5 second(s)

2023-05-19 12:51:05 - [MESSAGE][PASSED] - Delayed 5 second(s)

2023-05-19 12:51:05 - [TEST_STEP][PASSED] - verifyElementVisible(findTestObject("06-Teams/05- Teams-General Channel/posted video")): Object 'Object Repository/06-Teams/05- Teams-General Channel/posted video' is visible

2023-05-19 12:51:35 - [MESSAGE][PASSED] - Object 'Object Repository/06-Teams/05- Teams-General Channel/posted video' is visible

2023-05-19 12:51:35 - [TEST_STEP][PASSED] - delay(delay_10seconds): Delayed 10 second(s)

2023-05-19 12:51:45 - [MESSAGE][PASSED] - Delayed 10 second(s)]]></system-out>
         <system-err><![CDATA[]]></system-err>
      </testcase>
      <testcase name="Test Cases/06- Teams/17 - Teams - General Channel (Creating a post)" time="97.021" classname="Test Cases/06- Teams/17 - Teams - General Channel (Creating a post)" status="PASSED">
         <system-out><![CDATA[2023-05-19 12:51:45 - [TEST_CASE][PASSED] - Test Cases/06- Teams/17 - Teams - General Channel (Creating a post): Test Cases/06- Teams/17 - Teams - General Channel (Creating a post)

2023-05-19 12:51:45 - [TEST_STEP][PASSED] - delay(delay_3seconds): Delayed 3 second(s)

2023-05-19 12:51:48 - [MESSAGE][PASSED] - Delayed 3 second(s)

2023-05-19 12:51:48 - [TEST_STEP][PASSED] - setText(findTestObject("06-Teams/05- Teams-General Channel/Input field_post"), "This is automation"): Text 'This is automation' is set on object 'Object Repository/06-Teams/05- Teams-General Channel/Input field_post'

2023-05-19 12:52:19 - [MESSAGE][PASSED] - Text 'This is automation' is set on object 'Object Repository/06-Teams/05- Teams-General Channel/Input field_post'

2023-05-19 12:52:19 - [TEST_STEP][PASSED] - click(findTestObject("06-Teams/05- Teams-General Channel/button_send")): Object: 'Object Repository/06-Teams/05- Teams-General Channel/button_send' is clicked on

2023-05-19 12:52:20 - [MESSAGE][PASSED] - Object: 'Object Repository/06-Teams/05- Teams-General Channel/button_send' is clicked on

2023-05-19 12:52:20 - [TEST_STEP][PASSED] - delay(delay_2seconds): Delayed 2 second(s)

2023-05-19 12:52:22 - [MESSAGE][PASSED] - Delayed 2 second(s)

2023-05-19 12:52:22 - [TEST_STEP][PASSED] - verifyElementVisible(findTestObject("06-Teams/05- Teams-General Channel/added new post msg")): Object 'Object Repository/06-Teams/05- Teams-General Channel/added new post msg' is visible

2023-05-19 12:52:23 - [MESSAGE][PASSED] - Object 'Object Repository/06-Teams/05- Teams-General Channel/added new post msg' is visible

2023-05-19 12:52:23 - [TEST_STEP][PASSED] - verifyElementVisible(findTestObject("06-Teams/05- Teams-General Channel/posted_This is automation")): Object 'Object Repository/06-Teams/05- Teams-General Channel/posted_This is automation' is visible

2023-05-19 12:52:23 - [MESSAGE][PASSED] - Object 'Object Repository/06-Teams/05- Teams-General Channel/posted_This is automation' is visible

2023-05-19 12:52:23 - [TEST_STEP][PASSED] - delay(delay_3seconds): Delayed 3 second(s)

2023-05-19 12:52:26 - [MESSAGE][PASSED] - Delayed 3 second(s)

2023-05-19 12:52:26 - [TEST_STEP][PASSED] - click(findTestObject("06-Teams/05- Teams-General Channel/ellipsis 1")): Object: 'Object Repository/06-Teams/05- Teams-General Channel/ellipsis 1' is clicked on

2023-05-19 12:52:27 - [MESSAGE][PASSED] - Object: 'Object Repository/06-Teams/05- Teams-General Channel/ellipsis 1' is clicked on

2023-05-19 12:52:27 - [TEST_STEP][PASSED] - click(findTestObject("06-Teams/05- Teams-General Channel/button_Edit Post")): Object: 'Object Repository/06-Teams/05- Teams-General Channel/button_Edit Post' is clicked on

2023-05-19 12:52:28 - [MESSAGE][PASSED] - Object: 'Object Repository/06-Teams/05- Teams-General Channel/button_Edit Post' is clicked on

2023-05-19 12:52:28 - [TEST_STEP][PASSED] - setText(findTestObject("06-Teams/05- Teams-General Channel/Edit field"), "Automation Edit "): Text 'Automation Edit ' is set on object 'Object Repository/06-Teams/05- Teams-General Channel/Edit field'

2023-05-19 12:52:30 - [MESSAGE][PASSED] - Text 'Automation Edit ' is set on object 'Object Repository/06-Teams/05- Teams-General Channel/Edit field'

2023-05-19 12:52:30 - [TEST_STEP][PASSED] - click(findTestObject("06-Teams/05- Teams-General Channel/button_send edit")): Object: 'Object Repository/06-Teams/05- Teams-General Channel/button_send edit' is clicked on

2023-05-19 12:52:30 - [MESSAGE][PASSED] - Object: 'Object Repository/06-Teams/05- Teams-General Channel/button_send edit' is clicked on

2023-05-19 12:52:30 - [TEST_STEP][PASSED] - verifyElementVisible(findTestObject("06-Teams/05- Teams-General Channel/Successfully edited post msg")): Object 'Object Repository/06-Teams/05- Teams-General Channel/Successfully edited post msg' is visible

2023-05-19 12:52:31 - [MESSAGE][PASSED] - Object 'Object Repository/06-Teams/05- Teams-General Channel/Successfully edited post msg' is visible

2023-05-19 12:52:31 - [TEST_STEP][PASSED] - delay(delay_3seconds): Delayed 3 second(s)

2023-05-19 12:52:34 - [MESSAGE][PASSED] - Delayed 3 second(s)

2023-05-19 12:52:34 - [TEST_STEP][PASSED] - click(findTestObject("06-Teams/05- Teams-General Channel/Bold select")): Object: 'Object Repository/06-Teams/05- Teams-General Channel/Bold select' is clicked on

2023-05-19 12:52:36 - [MESSAGE][PASSED] - Object: 'Object Repository/06-Teams/05- Teams-General Channel/Bold select' is clicked on

2023-05-19 12:52:36 - [TEST_STEP][PASSED] - click(findTestObject("06-Teams/05- Teams-General Channel/Input field_post"), STOP_ON_FAILURE): Object: 'Object Repository/06-Teams/05- Teams-General Channel/Input field_post' is clicked on

2023-05-19 12:52:36 - [MESSAGE][PASSED] - Object: 'Object Repository/06-Teams/05- Teams-General Channel/Input field_post' is clicked on

2023-05-19 12:52:36 - [TEST_STEP][PASSED] - sendKeys(findTestObject("Object Repository/06-Teams/05- Teams-General Channel/Input field_post"), "Bold"): Keys 'Bold' sent to object: 'Object Repository/06-Teams/05- Teams-General Channel/Input field_post'

2023-05-19 12:52:37 - [MESSAGE][PASSED] - Keys 'Bold' sent to object: 'Object Repository/06-Teams/05- Teams-General Channel/Input field_post'

2023-05-19 12:52:37 - [TEST_STEP][PASSED] - click(findTestObject("06-Teams/05- Teams-General Channel/button_send")): Object: 'Object Repository/06-Teams/05- Teams-General Channel/button_send' is clicked on

2023-05-19 12:52:38 - [MESSAGE][PASSED] - Object: 'Object Repository/06-Teams/05- Teams-General Channel/button_send' is clicked on

2023-05-19 12:52:38 - [TEST_STEP][PASSED] - verifyElementVisible(findTestObject("06-Teams/05- Teams-General Channel/added new post msg")): Object 'Object Repository/06-Teams/05- Teams-General Channel/added new post msg' is visible

2023-05-19 12:52:39 - [MESSAGE][PASSED] - Object 'Object Repository/06-Teams/05- Teams-General Channel/added new post msg' is visible

2023-05-19 12:52:39 - [TEST_STEP][PASSED] - verifyElementVisible(findTestObject("06-Teams/05- Teams-General Channel/Bold")): Object 'Object Repository/06-Teams/05- Teams-General Channel/Bold' is visible

2023-05-19 12:52:39 - [MESSAGE][PASSED] - Object 'Object Repository/06-Teams/05- Teams-General Channel/Bold' is visible

2023-05-19 12:52:39 - [TEST_STEP][PASSED] - delay(delay_3seconds): Delayed 3 second(s)

2023-05-19 12:52:42 - [MESSAGE][PASSED] - Delayed 3 second(s)

2023-05-19 12:52:42 - [TEST_STEP][PASSED] - click(findTestObject("06-Teams/05- Teams-General Channel/Italic Select")): Object: 'Object Repository/06-Teams/05- Teams-General Channel/Italic Select' is clicked on

2023-05-19 12:52:42 - [MESSAGE][PASSED] - Object: 'Object Repository/06-Teams/05- Teams-General Channel/Italic Select' is clicked on

2023-05-19 12:52:42 - [TEST_STEP][PASSED] - click(findTestObject("06-Teams/05- Teams-General Channel/Input field_post"), STOP_ON_FAILURE): Object: 'Object Repository/06-Teams/05- Teams-General Channel/Input field_post' is clicked on

2023-05-19 12:52:43 - [MESSAGE][PASSED] - Object: 'Object Repository/06-Teams/05- Teams-General Channel/Input field_post' is clicked on

2023-05-19 12:52:43 - [TEST_STEP][PASSED] - sendKeys(findTestObject("Object Repository/06-Teams/05- Teams-General Channel/Input field_post"), "Italic"): Keys 'Italic' sent to object: 'Object Repository/06-Teams/05- Teams-General Channel/Input field_post'

2023-05-19 12:52:43 - [MESSAGE][PASSED] - Keys 'Italic' sent to object: 'Object Repository/06-Teams/05- Teams-General Channel/Input field_post'

2023-05-19 12:52:43 - [TEST_STEP][PASSED] - click(findTestObject("06-Teams/05- Teams-General Channel/button_send")): Object: 'Object Repository/06-Teams/05- Teams-General Channel/button_send' is clicked on

2023-05-19 12:52:44 - [MESSAGE][PASSED] - Object: 'Object Repository/06-Teams/05- Teams-General Channel/button_send' is clicked on

2023-05-19 12:52:44 - [TEST_STEP][PASSED] - verifyElementVisible(findTestObject("06-Teams/05- Teams-General Channel/added new post msg")): Object 'Object Repository/06-Teams/05- Teams-General Channel/added new post msg' is visible

2023-05-19 12:52:45 - [MESSAGE][PASSED] - Object 'Object Repository/06-Teams/05- Teams-General Channel/added new post msg' is visible

2023-05-19 12:52:45 - [TEST_STEP][PASSED] - verifyElementVisible(findTestObject("06-Teams/05- Teams-General Channel/Italic")): Object 'Object Repository/06-Teams/05- Teams-General Channel/Italic' is visible

2023-05-19 12:52:46 - [MESSAGE][PASSED] - Object 'Object Repository/06-Teams/05- Teams-General Channel/Italic' is visible

2023-05-19 12:52:46 - [TEST_STEP][PASSED] - delay(delay_3seconds): Delayed 3 second(s)

2023-05-19 12:52:49 - [MESSAGE][PASSED] - Delayed 3 second(s)

2023-05-19 12:52:49 - [TEST_STEP][PASSED] - click(findTestObject("06-Teams/05- Teams-General Channel/Underline select")): Object: 'Object Repository/06-Teams/05- Teams-General Channel/Underline select' is clicked on

2023-05-19 12:52:49 - [MESSAGE][PASSED] - Object: 'Object Repository/06-Teams/05- Teams-General Channel/Underline select' is clicked on

2023-05-19 12:52:49 - [TEST_STEP][PASSED] - click(findTestObject("06-Teams/05- Teams-General Channel/Input field_post"), STOP_ON_FAILURE): Object: 'Object Repository/06-Teams/05- Teams-General Channel/Input field_post' is clicked on

2023-05-19 12:52:50 - [MESSAGE][PASSED] - Object: 'Object Repository/06-Teams/05- Teams-General Channel/Input field_post' is clicked on

2023-05-19 12:52:50 - [TEST_STEP][PASSED] - sendKeys(findTestObject("Object Repository/06-Teams/05- Teams-General Channel/Input field_post"), "Underline"): Keys 'Underline' sent to object: 'Object Repository/06-Teams/05- Teams-General Channel/Input field_post'

2023-05-19 12:52:50 - [MESSAGE][PASSED] - Keys 'Underline' sent to object: 'Object Repository/06-Teams/05- Teams-General Channel/Input field_post'

2023-05-19 12:52:50 - [TEST_STEP][PASSED] - click(findTestObject("06-Teams/05- Teams-General Channel/button_send")): Object: 'Object Repository/06-Teams/05- Teams-General Channel/button_send' is clicked on

2023-05-19 12:52:51 - [MESSAGE][PASSED] - Object: 'Object Repository/06-Teams/05- Teams-General Channel/button_send' is clicked on

2023-05-19 12:52:51 - [TEST_STEP][PASSED] - verifyElementVisible(findTestObject("06-Teams/05- Teams-General Channel/added new post msg")): Object 'Object Repository/06-Teams/05- Teams-General Channel/added new post msg' is visible

2023-05-19 12:52:52 - [MESSAGE][PASSED] - Object 'Object Repository/06-Teams/05- Teams-General Channel/added new post msg' is visible

2023-05-19 12:52:52 - [TEST_STEP][PASSED] - verifyElementVisible(findTestObject("06-Teams/05- Teams-General Channel/Underline")): Object 'Object Repository/06-Teams/05- Teams-General Channel/Underline' is visible

2023-05-19 12:52:52 - [MESSAGE][PASSED] - Object 'Object Repository/06-Teams/05- Teams-General Channel/Underline' is visible

2023-05-19 12:52:52 - [TEST_STEP][PASSED] - delay(delay_3seconds): Delayed 3 second(s)

2023-05-19 12:52:55 - [MESSAGE][PASSED] - Delayed 3 second(s)

2023-05-19 12:52:55 - [TEST_STEP][PASSED] - click(findTestObject("06-Teams/05- Teams-General Channel/Strikethrough select")): Object: 'Object Repository/06-Teams/05- Teams-General Channel/Strikethrough select' is clicked on

2023-05-19 12:52:56 - [MESSAGE][PASSED] - Object: 'Object Repository/06-Teams/05- Teams-General Channel/Strikethrough select' is clicked on

2023-05-19 12:52:56 - [TEST_STEP][PASSED] - click(findTestObject("06-Teams/05- Teams-General Channel/Input field_post"), STOP_ON_FAILURE): Object: 'Object Repository/06-Teams/05- Teams-General Channel/Input field_post' is clicked on

2023-05-19 12:52:56 - [MESSAGE][PASSED] - Object: 'Object Repository/06-Teams/05- Teams-General Channel/Input field_post' is clicked on

2023-05-19 12:52:56 - [TEST_STEP][PASSED] - sendKeys(findTestObject("Object Repository/06-Teams/05- Teams-General Channel/Input field_post"), "Strikethrough"): Keys 'Strikethrough' sent to object: 'Object Repository/06-Teams/05- Teams-General Channel/Input field_post'

2023-05-19 12:52:57 - [MESSAGE][PASSED] - Keys 'Strikethrough' sent to object: 'Object Repository/06-Teams/05- Teams-General Channel/Input field_post'

2023-05-19 12:52:57 - [TEST_STEP][PASSED] - click(findTestObject("06-Teams/05- Teams-General Channel/button_send")): Object: 'Object Repository/06-Teams/05- Teams-General Channel/button_send' is clicked on

2023-05-19 12:52:58 - [MESSAGE][PASSED] - Object: 'Object Repository/06-Teams/05- Teams-General Channel/button_send' is clicked on

2023-05-19 12:52:58 - [TEST_STEP][PASSED] - verifyElementVisible(findTestObject("06-Teams/05- Teams-General Channel/added new post msg")): Object 'Object Repository/06-Teams/05- Teams-General Channel/added new post msg' is visible

2023-05-19 12:52:58 - [MESSAGE][PASSED] - Object 'Object Repository/06-Teams/05- Teams-General Channel/added new post msg' is visible

2023-05-19 12:52:58 - [TEST_STEP][PASSED] - verifyElementVisible(findTestObject("06-Teams/05- Teams-General Channel/Strikethrough")): Object 'Object Repository/06-Teams/05- Teams-General Channel/Strikethrough' is visible

2023-05-19 12:52:59 - [MESSAGE][PASSED] - Object 'Object Repository/06-Teams/05- Teams-General Channel/Strikethrough' is visible

2023-05-19 12:52:59 - [TEST_STEP][PASSED] - delay(delay_3seconds): Delayed 3 second(s)

2023-05-19 12:53:02 - [MESSAGE][PASSED] - Delayed 3 second(s)

2023-05-19 12:53:02 - [TEST_STEP][PASSED] - click(findTestObject("06-Teams/05- Teams-General Channel/Heading dropdown")): Object: 'Object Repository/06-Teams/05- Teams-General Channel/Heading dropdown' is clicked on

2023-05-19 12:53:02 - [MESSAGE][PASSED] - Object: 'Object Repository/06-Teams/05- Teams-General Channel/Heading dropdown' is clicked on

2023-05-19 12:53:02 - [TEST_STEP][PASSED] - verifyElementVisible(findTestObject("06-Teams/05- Teams-General Channel/div_Header 1")): Object 'Object Repository/06-Teams/05- Teams-General Channel/div_Header 1' is visible

2023-05-19 12:53:03 - [MESSAGE][PASSED] - Object 'Object Repository/06-Teams/05- Teams-General Channel/div_Header 1' is visible

2023-05-19 12:53:03 - [TEST_STEP][PASSED] - verifyElementVisible(findTestObject("06-Teams/05- Teams-General Channel/div_Header 2")): Object 'Object Repository/06-Teams/05- Teams-General Channel/div_Header 2' is visible

2023-05-19 12:53:03 - [MESSAGE][PASSED] - Object 'Object Repository/06-Teams/05- Teams-General Channel/div_Header 2' is visible

2023-05-19 12:53:03 - [TEST_STEP][PASSED] - verifyElementVisible(findTestObject("06-Teams/05- Teams-General Channel/div_Header 3")): Object 'Object Repository/06-Teams/05- Teams-General Channel/div_Header 3' is visible

2023-05-19 12:53:04 - [MESSAGE][PASSED] - Object 'Object Repository/06-Teams/05- Teams-General Channel/div_Header 3' is visible

2023-05-19 12:53:04 - [TEST_STEP][PASSED] - verifyElementVisible(findTestObject("06-Teams/05- Teams-General Channel/div_Header 4")): Object 'Object Repository/06-Teams/05- Teams-General Channel/div_Header 4' is visible

2023-05-19 12:53:04 - [MESSAGE][PASSED] - Object 'Object Repository/06-Teams/05- Teams-General Channel/div_Header 4' is visible

2023-05-19 12:53:04 - [TEST_STEP][PASSED] - verifyElementVisible(findTestObject("06-Teams/05- Teams-General Channel/div_Header 5")): Object 'Object Repository/06-Teams/05- Teams-General Channel/div_Header 5' is visible

2023-05-19 12:53:04 - [MESSAGE][PASSED] - Object 'Object Repository/06-Teams/05- Teams-General Channel/div_Header 5' is visible

2023-05-19 12:53:04 - [TEST_STEP][PASSED] - verifyElementVisible(findTestObject("06-Teams/05- Teams-General Channel/div_Header 6")): Object 'Object Repository/06-Teams/05- Teams-General Channel/div_Header 6' is visible

2023-05-19 12:53:06 - [MESSAGE][PASSED] - Object 'Object Repository/06-Teams/05- Teams-General Channel/div_Header 6' is visible

2023-05-19 12:53:06 - [TEST_STEP][PASSED] - delay(delay_3seconds): Delayed 3 second(s)

2023-05-19 12:53:09 - [MESSAGE][PASSED] - Delayed 3 second(s)

2023-05-19 12:53:09 - [TEST_STEP][PASSED] - click(findTestObject("06-Teams/05- Teams-General Channel/div_Header 4")): Object: 'Object Repository/06-Teams/05- Teams-General Channel/div_Header 4' is clicked on

2023-05-19 12:53:09 - [MESSAGE][PASSED] - Object: 'Object Repository/06-Teams/05- Teams-General Channel/div_Header 4' is clicked on

2023-05-19 12:53:09 - [TEST_STEP][PASSED] - click(findTestObject("06-Teams/05- Teams-General Channel/Input field_post"), STOP_ON_FAILURE): Object: 'Object Repository/06-Teams/05- Teams-General Channel/Input field_post' is clicked on

2023-05-19 12:53:10 - [MESSAGE][PASSED] - Object: 'Object Repository/06-Teams/05- Teams-General Channel/Input field_post' is clicked on

2023-05-19 12:53:10 - [TEST_STEP][PASSED] - sendKeys(findTestObject("Object Repository/06-Teams/05- Teams-General Channel/Input field_post"), "Four"): Keys 'Four' sent to object: 'Object Repository/06-Teams/05- Teams-General Channel/Input field_post'

2023-05-19 12:53:10 - [MESSAGE][PASSED] - Keys 'Four' sent to object: 'Object Repository/06-Teams/05- Teams-General Channel/Input field_post'

2023-05-19 12:53:10 - [TEST_STEP][PASSED] - click(findTestObject("06-Teams/05- Teams-General Channel/button_send")): Object: 'Object Repository/06-Teams/05- Teams-General Channel/button_send' is clicked on

2023-05-19 12:53:11 - [MESSAGE][PASSED] - Object: 'Object Repository/06-Teams/05- Teams-General Channel/button_send' is clicked on

2023-05-19 12:53:11 - [TEST_STEP][PASSED] - verifyElementVisible(findTestObject("06-Teams/05- Teams-General Channel/added new post msg")): Object 'Object Repository/06-Teams/05- Teams-General Channel/added new post msg' is visible

2023-05-19 12:53:12 - [MESSAGE][PASSED] - Object 'Object Repository/06-Teams/05- Teams-General Channel/added new post msg' is visible

2023-05-19 12:53:12 - [TEST_STEP][PASSED] - verifyElementVisible(findTestObject("06-Teams/05- Teams-General Channel/h4_Four")): Object 'Object Repository/06-Teams/05- Teams-General Channel/h4_Four' is visible

2023-05-19 12:53:12 - [MESSAGE][PASSED] - Object 'Object Repository/06-Teams/05- Teams-General Channel/h4_Four' is visible

2023-05-19 12:53:12 - [TEST_STEP][PASSED] - delay(delay_3seconds): Delayed 3 second(s)

2023-05-19 12:53:15 - [MESSAGE][PASSED] - Delayed 3 second(s)

2023-05-19 12:53:15 - [TEST_STEP][PASSED] - click(findTestObject("06-Teams/05- Teams-General Channel/Heading dropdown")): Object: 'Object Repository/06-Teams/05- Teams-General Channel/Heading dropdown' is clicked on

2023-05-19 12:53:16 - [MESSAGE][PASSED] - Object: 'Object Repository/06-Teams/05- Teams-General Channel/Heading dropdown' is clicked on

2023-05-19 12:53:16 - [TEST_STEP][PASSED] - click(findTestObject("06-Teams/05- Teams-General Channel/div_Header 5")): Object: 'Object Repository/06-Teams/05- Teams-General Channel/div_Header 5' is clicked on

2023-05-19 12:53:16 - [MESSAGE][PASSED] - Object: 'Object Repository/06-Teams/05- Teams-General Channel/div_Header 5' is clicked on

2023-05-19 12:53:16 - [TEST_STEP][PASSED] - click(findTestObject("06-Teams/05- Teams-General Channel/Input field_post"), STOP_ON_FAILURE): Object: 'Object Repository/06-Teams/05- Teams-General Channel/Input field_post' is clicked on

2023-05-19 12:53:17 - [MESSAGE][PASSED] - Object: 'Object Repository/06-Teams/05- Teams-General Channel/Input field_post' is clicked on

2023-05-19 12:53:17 - [TEST_STEP][PASSED] - sendKeys(findTestObject("Object Repository/06-Teams/05- Teams-General Channel/Input field_post"), "Five"): Keys 'Five' sent to object: 'Object Repository/06-Teams/05- Teams-General Channel/Input field_post'

2023-05-19 12:53:17 - [MESSAGE][PASSED] - Keys 'Five' sent to object: 'Object Repository/06-Teams/05- Teams-General Channel/Input field_post'

2023-05-19 12:53:17 - [TEST_STEP][PASSED] - click(findTestObject("06-Teams/05- Teams-General Channel/button_send")): Object: 'Object Repository/06-Teams/05- Teams-General Channel/button_send' is clicked on

2023-05-19 12:53:18 - [MESSAGE][PASSED] - Object: 'Object Repository/06-Teams/05- Teams-General Channel/button_send' is clicked on

2023-05-19 12:53:18 - [TEST_STEP][PASSED] - verifyElementVisible(findTestObject("06-Teams/05- Teams-General Channel/added new post msg")): Object 'Object Repository/06-Teams/05- Teams-General Channel/added new post msg' is visible

2023-05-19 12:53:19 - [MESSAGE][PASSED] - Object 'Object Repository/06-Teams/05- Teams-General Channel/added new post msg' is visible

2023-05-19 12:53:19 - [TEST_STEP][PASSED] - verifyElementVisible(findTestObject("06-Teams/05- Teams-General Channel/h5_Five")): Object 'Object Repository/06-Teams/05- Teams-General Channel/h5_Five' is visible

2023-05-19 12:53:19 - [MESSAGE][PASSED] - Object 'Object Repository/06-Teams/05- Teams-General Channel/h5_Five' is visible

2023-05-19 12:53:19 - [TEST_STEP][PASSED] - delay(delay_3seconds): Delayed 3 second(s)

2023-05-19 12:53:22 - [MESSAGE][PASSED] - Delayed 3 second(s)]]></system-out>
         <system-err><![CDATA[]]></system-err>
      </testcase>
      <testcase name="Test Cases/06- Teams/18 - Teams - General Channel (deleting a post)" time="70.259" classname="Test Cases/06- Teams/18 - Teams - General Channel (deleting a post)" status="PASSED">
         <system-out><![CDATA[2023-05-19 12:53:22 - [TEST_CASE][PASSED] - Test Cases/06- Teams/18 - Teams - General Channel (deleting a post): Test Cases/06- Teams/18 - Teams - General Channel (deleting a post)

2023-05-19 12:53:23 - [TEST_STEP][PASSED] - click(findTestObject("06-Teams/05- Teams-General Channel/ellipsis 1")): Object: 'Object Repository/06-Teams/05- Teams-General Channel/ellipsis 1' is clicked on

2023-05-19 12:53:23 - [MESSAGE][PASSED] - Object: 'Object Repository/06-Teams/05- Teams-General Channel/ellipsis 1' is clicked on

2023-05-19 12:53:23 - [TEST_STEP][PASSED] - click(findTestObject("06-Teams/05- Teams-General Channel/button_Delete Post")): Object: 'Object Repository/06-Teams/05- Teams-General Channel/button_Delete Post' is clicked on

2023-05-19 12:53:24 - [MESSAGE][PASSED] - Object: 'Object Repository/06-Teams/05- Teams-General Channel/button_Delete Post' is clicked on

2023-05-19 12:53:24 - [TEST_STEP][PASSED] - verifyElementVisible(findTestObject("06-Teams/05- Teams-General Channel/delete post box")): Object 'Object Repository/06-Teams/05- Teams-General Channel/delete post box' is visible

2023-05-19 12:53:25 - [MESSAGE][PASSED] - Object 'Object Repository/06-Teams/05- Teams-General Channel/delete post box' is visible

2023-05-19 12:53:25 - [TEST_STEP][PASSED] - click(findTestObject("06-Teams/05- Teams-General Channel/button_Delete")): Object: 'Object Repository/06-Teams/05- Teams-General Channel/button_Delete' is clicked on

2023-05-19 12:53:26 - [MESSAGE][PASSED] - Object: 'Object Repository/06-Teams/05- Teams-General Channel/button_Delete' is clicked on

2023-05-19 12:53:26 - [TEST_STEP][PASSED] - verifyElementVisible(findTestObject("06-Teams/05- Teams-General Channel/Successfully deleted post msg")): Object 'Object Repository/06-Teams/05- Teams-General Channel/Successfully deleted post msg' is visible

2023-05-19 12:53:27 - [MESSAGE][PASSED] - Object 'Object Repository/06-Teams/05- Teams-General Channel/Successfully deleted post msg' is visible

2023-05-19 12:53:27 - [TEST_STEP][PASSED] - delay(delay_3seconds): Delayed 3 second(s)

2023-05-19 12:53:30 - [MESSAGE][PASSED] - Delayed 3 second(s)

2023-05-19 12:53:30 - [TEST_STEP][PASSED] - click(findTestObject("06-Teams/05- Teams-General Channel/ellipsis 1")): Object: 'Object Repository/06-Teams/05- Teams-General Channel/ellipsis 1' is clicked on

2023-05-19 12:53:30 - [MESSAGE][PASSED] - Object: 'Object Repository/06-Teams/05- Teams-General Channel/ellipsis 1' is clicked on

2023-05-19 12:53:30 - [TEST_STEP][PASSED] - click(findTestObject("06-Teams/05- Teams-General Channel/button_Delete Post")): Object: 'Object Repository/06-Teams/05- Teams-General Channel/button_Delete Post' is clicked on

2023-05-19 12:53:31 - [MESSAGE][PASSED] - Object: 'Object Repository/06-Teams/05- Teams-General Channel/button_Delete Post' is clicked on

2023-05-19 12:53:31 - [TEST_STEP][PASSED] - verifyElementVisible(findTestObject("06-Teams/05- Teams-General Channel/delete post box")): Object 'Object Repository/06-Teams/05- Teams-General Channel/delete post box' is visible

2023-05-19 12:53:32 - [MESSAGE][PASSED] - Object 'Object Repository/06-Teams/05- Teams-General Channel/delete post box' is visible

2023-05-19 12:53:32 - [TEST_STEP][PASSED] - click(findTestObject("06-Teams/05- Teams-General Channel/button_Delete")): Object: 'Object Repository/06-Teams/05- Teams-General Channel/button_Delete' is clicked on

2023-05-19 12:53:32 - [MESSAGE][PASSED] - Object: 'Object Repository/06-Teams/05- Teams-General Channel/button_Delete' is clicked on

2023-05-19 12:53:32 - [TEST_STEP][PASSED] - verifyElementVisible(findTestObject("06-Teams/05- Teams-General Channel/Successfully deleted post msg")): Object 'Object Repository/06-Teams/05- Teams-General Channel/Successfully deleted post msg' is visible

2023-05-19 12:53:33 - [MESSAGE][PASSED] - Object 'Object Repository/06-Teams/05- Teams-General Channel/Successfully deleted post msg' is visible

2023-05-19 12:53:33 - [TEST_STEP][PASSED] - delay(delay_3seconds): Delayed 3 second(s)

2023-05-19 12:53:36 - [MESSAGE][PASSED] - Delayed 3 second(s)

2023-05-19 12:53:36 - [TEST_STEP][PASSED] - click(findTestObject("06-Teams/05- Teams-General Channel/ellipsis 1")): Object: 'Object Repository/06-Teams/05- Teams-General Channel/ellipsis 1' is clicked on

2023-05-19 12:53:37 - [MESSAGE][PASSED] - Object: 'Object Repository/06-Teams/05- Teams-General Channel/ellipsis 1' is clicked on

2023-05-19 12:53:37 - [TEST_STEP][PASSED] - click(findTestObject("06-Teams/05- Teams-General Channel/button_Delete Post")): Object: 'Object Repository/06-Teams/05- Teams-General Channel/button_Delete Post' is clicked on

2023-05-19 12:53:38 - [MESSAGE][PASSED] - Object: 'Object Repository/06-Teams/05- Teams-General Channel/button_Delete Post' is clicked on

2023-05-19 12:53:38 - [TEST_STEP][PASSED] - verifyElementVisible(findTestObject("06-Teams/05- Teams-General Channel/delete post box")): Object 'Object Repository/06-Teams/05- Teams-General Channel/delete post box' is visible

2023-05-19 12:53:38 - [MESSAGE][PASSED] - Object 'Object Repository/06-Teams/05- Teams-General Channel/delete post box' is visible

2023-05-19 12:53:38 - [TEST_STEP][PASSED] - click(findTestObject("06-Teams/05- Teams-General Channel/button_Delete")): Object: 'Object Repository/06-Teams/05- Teams-General Channel/button_Delete' is clicked on

2023-05-19 12:53:39 - [MESSAGE][PASSED] - Object: 'Object Repository/06-Teams/05- Teams-General Channel/button_Delete' is clicked on

2023-05-19 12:53:39 - [TEST_STEP][PASSED] - verifyElementVisible(findTestObject("06-Teams/05- Teams-General Channel/Successfully deleted post msg")): Object 'Object Repository/06-Teams/05- Teams-General Channel/Successfully deleted post msg' is visible

2023-05-19 12:53:40 - [MESSAGE][PASSED] - Object 'Object Repository/06-Teams/05- Teams-General Channel/Successfully deleted post msg' is visible

2023-05-19 12:53:40 - [TEST_STEP][PASSED] - delay(delay_3seconds): Delayed 3 second(s)

2023-05-19 12:53:43 - [MESSAGE][PASSED] - Delayed 3 second(s)

2023-05-19 12:53:43 - [TEST_STEP][PASSED] - click(findTestObject("06-Teams/05- Teams-General Channel/ellipsis 1")): Object: 'Object Repository/06-Teams/05- Teams-General Channel/ellipsis 1' is clicked on

2023-05-19 12:53:43 - [MESSAGE][PASSED] - Object: 'Object Repository/06-Teams/05- Teams-General Channel/ellipsis 1' is clicked on

2023-05-19 12:53:43 - [TEST_STEP][PASSED] - click(findTestObject("06-Teams/05- Teams-General Channel/button_Delete Post")): Object: 'Object Repository/06-Teams/05- Teams-General Channel/button_Delete Post' is clicked on

2023-05-19 12:53:44 - [MESSAGE][PASSED] - Object: 'Object Repository/06-Teams/05- Teams-General Channel/button_Delete Post' is clicked on

2023-05-19 12:53:44 - [TEST_STEP][PASSED] - verifyElementVisible(findTestObject("06-Teams/05- Teams-General Channel/delete post box")): Object 'Object Repository/06-Teams/05- Teams-General Channel/delete post box' is visible

2023-05-19 12:53:46 - [MESSAGE][PASSED] - Object 'Object Repository/06-Teams/05- Teams-General Channel/delete post box' is visible

2023-05-19 12:53:46 - [TEST_STEP][PASSED] - click(findTestObject("06-Teams/05- Teams-General Channel/button_Delete")): Object: 'Object Repository/06-Teams/05- Teams-General Channel/button_Delete' is clicked on

2023-05-19 12:53:46 - [MESSAGE][PASSED] - Object: 'Object Repository/06-Teams/05- Teams-General Channel/button_Delete' is clicked on

2023-05-19 12:53:46 - [TEST_STEP][PASSED] - verifyElementVisible(findTestObject("06-Teams/05- Teams-General Channel/Successfully deleted post msg")): Object 'Object Repository/06-Teams/05- Teams-General Channel/Successfully deleted post msg' is visible

2023-05-19 12:53:47 - [MESSAGE][PASSED] - Object 'Object Repository/06-Teams/05- Teams-General Channel/Successfully deleted post msg' is visible

2023-05-19 12:53:47 - [TEST_STEP][PASSED] - delay(delay_3seconds): Delayed 3 second(s)

2023-05-19 12:53:50 - [MESSAGE][PASSED] - Delayed 3 second(s)

2023-05-19 12:53:50 - [TEST_STEP][PASSED] - click(findTestObject("06-Teams/05- Teams-General Channel/ellipsis 1")): Object: 'Object Repository/06-Teams/05- Teams-General Channel/ellipsis 1' is clicked on

2023-05-19 12:53:50 - [MESSAGE][PASSED] - Object: 'Object Repository/06-Teams/05- Teams-General Channel/ellipsis 1' is clicked on

2023-05-19 12:53:50 - [TEST_STEP][PASSED] - click(findTestObject("06-Teams/05- Teams-General Channel/button_Delete Post")): Object: 'Object Repository/06-Teams/05- Teams-General Channel/button_Delete Post' is clicked on

2023-05-19 12:53:51 - [MESSAGE][PASSED] - Object: 'Object Repository/06-Teams/05- Teams-General Channel/button_Delete Post' is clicked on

2023-05-19 12:53:51 - [TEST_STEP][PASSED] - verifyElementVisible(findTestObject("06-Teams/05- Teams-General Channel/delete post box")): Object 'Object Repository/06-Teams/05- Teams-General Channel/delete post box' is visible

2023-05-19 12:53:52 - [MESSAGE][PASSED] - Object 'Object Repository/06-Teams/05- Teams-General Channel/delete post box' is visible

2023-05-19 12:53:52 - [TEST_STEP][PASSED] - click(findTestObject("06-Teams/05- Teams-General Channel/button_Delete")): Object: 'Object Repository/06-Teams/05- Teams-General Channel/button_Delete' is clicked on

2023-05-19 12:53:53 - [MESSAGE][PASSED] - Object: 'Object Repository/06-Teams/05- Teams-General Channel/button_Delete' is clicked on

2023-05-19 12:53:53 - [TEST_STEP][PASSED] - verifyElementVisible(findTestObject("06-Teams/05- Teams-General Channel/Successfully deleted post msg")): Object 'Object Repository/06-Teams/05- Teams-General Channel/Successfully deleted post msg' is visible

2023-05-19 12:53:54 - [MESSAGE][PASSED] - Object 'Object Repository/06-Teams/05- Teams-General Channel/Successfully deleted post msg' is visible

2023-05-19 12:53:54 - [TEST_STEP][PASSED] - delay(delay_3seconds): Delayed 3 second(s)

2023-05-19 12:53:57 - [MESSAGE][PASSED] - Delayed 3 second(s)

2023-05-19 12:53:57 - [TEST_STEP][PASSED] - click(findTestObject("06-Teams/05- Teams-General Channel/ellipsis 1")): Object: 'Object Repository/06-Teams/05- Teams-General Channel/ellipsis 1' is clicked on

2023-05-19 12:53:57 - [MESSAGE][PASSED] - Object: 'Object Repository/06-Teams/05- Teams-General Channel/ellipsis 1' is clicked on

2023-05-19 12:53:57 - [TEST_STEP][PASSED] - click(findTestObject("06-Teams/05- Teams-General Channel/button_Delete Post")): Object: 'Object Repository/06-Teams/05- Teams-General Channel/button_Delete Post' is clicked on

2023-05-19 12:53:58 - [MESSAGE][PASSED] - Object: 'Object Repository/06-Teams/05- Teams-General Channel/button_Delete Post' is clicked on

2023-05-19 12:53:58 - [TEST_STEP][PASSED] - verifyElementVisible(findTestObject("06-Teams/05- Teams-General Channel/delete post box")): Object 'Object Repository/06-Teams/05- Teams-General Channel/delete post box' is visible

2023-05-19 12:53:59 - [MESSAGE][PASSED] - Object 'Object Repository/06-Teams/05- Teams-General Channel/delete post box' is visible

2023-05-19 12:53:59 - [TEST_STEP][PASSED] - click(findTestObject("06-Teams/05- Teams-General Channel/button_Delete")): Object: 'Object Repository/06-Teams/05- Teams-General Channel/button_Delete' is clicked on

2023-05-19 12:53:59 - [MESSAGE][PASSED] - Object: 'Object Repository/06-Teams/05- Teams-General Channel/button_Delete' is clicked on

2023-05-19 12:53:59 - [TEST_STEP][PASSED] - verifyElementVisible(findTestObject("06-Teams/05- Teams-General Channel/Successfully deleted post msg")): Object 'Object Repository/06-Teams/05- Teams-General Channel/Successfully deleted post msg' is visible

2023-05-19 12:54:00 - [MESSAGE][PASSED] - Object 'Object Repository/06-Teams/05- Teams-General Channel/Successfully deleted post msg' is visible

2023-05-19 12:54:00 - [TEST_STEP][PASSED] - delay(delay_3seconds): Delayed 3 second(s)

2023-05-19 12:54:03 - [MESSAGE][PASSED] - Delayed 3 second(s)

2023-05-19 12:54:03 - [TEST_STEP][PASSED] - click(findTestObject("06-Teams/05- Teams-General Channel/ellipsis 1")): Object: 'Object Repository/06-Teams/05- Teams-General Channel/ellipsis 1' is clicked on

2023-05-19 12:54:04 - [MESSAGE][PASSED] - Object: 'Object Repository/06-Teams/05- Teams-General Channel/ellipsis 1' is clicked on

2023-05-19 12:54:04 - [TEST_STEP][PASSED] - click(findTestObject("06-Teams/05- Teams-General Channel/button_Delete Post")): Object: 'Object Repository/06-Teams/05- Teams-General Channel/button_Delete Post' is clicked on

2023-05-19 12:54:05 - [MESSAGE][PASSED] - Object: 'Object Repository/06-Teams/05- Teams-General Channel/button_Delete Post' is clicked on

2023-05-19 12:54:05 - [TEST_STEP][PASSED] - verifyElementVisible(findTestObject("06-Teams/05- Teams-General Channel/delete post box")): Object 'Object Repository/06-Teams/05- Teams-General Channel/delete post box' is visible

2023-05-19 12:54:06 - [MESSAGE][PASSED] - Object 'Object Repository/06-Teams/05- Teams-General Channel/delete post box' is visible

2023-05-19 12:54:06 - [TEST_STEP][PASSED] - click(findTestObject("06-Teams/05- Teams-General Channel/button_Delete")): Object: 'Object Repository/06-Teams/05- Teams-General Channel/button_Delete' is clicked on

2023-05-19 12:54:06 - [MESSAGE][PASSED] - Object: 'Object Repository/06-Teams/05- Teams-General Channel/button_Delete' is clicked on

2023-05-19 12:54:06 - [TEST_STEP][PASSED] - verifyElementVisible(findTestObject("06-Teams/05- Teams-General Channel/Successfully deleted post msg")): Object 'Object Repository/06-Teams/05- Teams-General Channel/Successfully deleted post msg' is visible

2023-05-19 12:54:08 - [MESSAGE][PASSED] - Object 'Object Repository/06-Teams/05- Teams-General Channel/Successfully deleted post msg' is visible

2023-05-19 12:54:08 - [TEST_STEP][PASSED] - delay(delay_3seconds): Delayed 3 second(s)

2023-05-19 12:54:11 - [MESSAGE][PASSED] - Delayed 3 second(s)

2023-05-19 12:54:11 - [TEST_STEP][PASSED] - click(findTestObject("06-Teams/05- Teams-General Channel/ellipsis 1")): Object: 'Object Repository/06-Teams/05- Teams-General Channel/ellipsis 1' is clicked on

2023-05-19 12:54:11 - [MESSAGE][PASSED] - Object: 'Object Repository/06-Teams/05- Teams-General Channel/ellipsis 1' is clicked on

2023-05-19 12:54:11 - [TEST_STEP][PASSED] - click(findTestObject("06-Teams/05- Teams-General Channel/button_Delete Post")): Object: 'Object Repository/06-Teams/05- Teams-General Channel/button_Delete Post' is clicked on

2023-05-19 12:54:12 - [MESSAGE][PASSED] - Object: 'Object Repository/06-Teams/05- Teams-General Channel/button_Delete Post' is clicked on

2023-05-19 12:54:12 - [TEST_STEP][PASSED] - verifyElementVisible(findTestObject("06-Teams/05- Teams-General Channel/delete post box")): Object 'Object Repository/06-Teams/05- Teams-General Channel/delete post box' is visible

2023-05-19 12:54:13 - [MESSAGE][PASSED] - Object 'Object Repository/06-Teams/05- Teams-General Channel/delete post box' is visible

2023-05-19 12:54:13 - [TEST_STEP][PASSED] - click(findTestObject("06-Teams/05- Teams-General Channel/button_Delete")): Object: 'Object Repository/06-Teams/05- Teams-General Channel/button_Delete' is clicked on

2023-05-19 12:54:13 - [MESSAGE][PASSED] - Object: 'Object Repository/06-Teams/05- Teams-General Channel/button_Delete' is clicked on

2023-05-19 12:54:13 - [TEST_STEP][PASSED] - verifyElementVisible(findTestObject("06-Teams/05- Teams-General Channel/Successfully deleted post msg")): Object 'Object Repository/06-Teams/05- Teams-General Channel/Successfully deleted post msg' is visible

2023-05-19 12:54:14 - [MESSAGE][PASSED] - Object 'Object Repository/06-Teams/05- Teams-General Channel/Successfully deleted post msg' is visible

2023-05-19 12:54:14 - [TEST_STEP][PASSED] - delay(delay_3seconds): Delayed 3 second(s)

2023-05-19 12:54:17 - [MESSAGE][PASSED] - Delayed 3 second(s)

2023-05-19 12:54:17 - [TEST_STEP][PASSED] - click(findTestObject("06-Teams/05- Teams-General Channel/ellipsis 1")): Object: 'Object Repository/06-Teams/05- Teams-General Channel/ellipsis 1' is clicked on

2023-05-19 12:54:18 - [MESSAGE][PASSED] - Object: 'Object Repository/06-Teams/05- Teams-General Channel/ellipsis 1' is clicked on

2023-05-19 12:54:18 - [TEST_STEP][PASSED] - click(findTestObject("06-Teams/05- Teams-General Channel/button_Delete Post")): Object: 'Object Repository/06-Teams/05- Teams-General Channel/button_Delete Post' is clicked on

2023-05-19 12:54:19 - [MESSAGE][PASSED] - Object: 'Object Repository/06-Teams/05- Teams-General Channel/button_Delete Post' is clicked on

2023-05-19 12:54:19 - [TEST_STEP][PASSED] - verifyElementVisible(findTestObject("06-Teams/05- Teams-General Channel/delete post box")): Object 'Object Repository/06-Teams/05- Teams-General Channel/delete post box' is visible

2023-05-19 12:54:19 - [MESSAGE][PASSED] - Object 'Object Repository/06-Teams/05- Teams-General Channel/delete post box' is visible

2023-05-19 12:54:19 - [TEST_STEP][PASSED] - click(findTestObject("06-Teams/05- Teams-General Channel/button_Delete")): Object: 'Object Repository/06-Teams/05- Teams-General Channel/button_Delete' is clicked on

2023-05-19 12:54:20 - [MESSAGE][PASSED] - Object: 'Object Repository/06-Teams/05- Teams-General Channel/button_Delete' is clicked on

2023-05-19 12:54:20 - [TEST_STEP][PASSED] - verifyElementVisible(findTestObject("06-Teams/05- Teams-General Channel/Successfully deleted post msg")): Object 'Object Repository/06-Teams/05- Teams-General Channel/Successfully deleted post msg' is visible

2023-05-19 12:54:21 - [MESSAGE][PASSED] - Object 'Object Repository/06-Teams/05- Teams-General Channel/Successfully deleted post msg' is visible

2023-05-19 12:54:21 - [TEST_STEP][PASSED] - delay(delay_3seconds): Delayed 3 second(s)

2023-05-19 12:54:24 - [MESSAGE][PASSED] - Delayed 3 second(s)

2023-05-19 12:54:24 - [TEST_STEP][PASSED] - click(findTestObject("06-Teams/05- Teams-General Channel/ellipsis 1")): Object: 'Object Repository/06-Teams/05- Teams-General Channel/ellipsis 1' is clicked on

2023-05-19 12:54:24 - [MESSAGE][PASSED] - Object: 'Object Repository/06-Teams/05- Teams-General Channel/ellipsis 1' is clicked on

2023-05-19 12:54:24 - [TEST_STEP][PASSED] - click(findTestObject("06-Teams/05- Teams-General Channel/button_Delete Post")): Object: 'Object Repository/06-Teams/05- Teams-General Channel/button_Delete Post' is clicked on

2023-05-19 12:54:26 - [MESSAGE][PASSED] - Object: 'Object Repository/06-Teams/05- Teams-General Channel/button_Delete Post' is clicked on

2023-05-19 12:54:26 - [TEST_STEP][PASSED] - verifyElementVisible(findTestObject("06-Teams/05- Teams-General Channel/delete post box")): Object 'Object Repository/06-Teams/05- Teams-General Channel/delete post box' is visible

2023-05-19 12:54:26 - [MESSAGE][PASSED] - Object 'Object Repository/06-Teams/05- Teams-General Channel/delete post box' is visible

2023-05-19 12:54:26 - [TEST_STEP][PASSED] - click(findTestObject("06-Teams/05- Teams-General Channel/button_Delete")): Object: 'Object Repository/06-Teams/05- Teams-General Channel/button_Delete' is clicked on

2023-05-19 12:54:27 - [MESSAGE][PASSED] - Object: 'Object Repository/06-Teams/05- Teams-General Channel/button_Delete' is clicked on

2023-05-19 12:54:27 - [TEST_STEP][PASSED] - verifyElementVisible(findTestObject("06-Teams/05- Teams-General Channel/Successfully deleted post msg")): Object 'Object Repository/06-Teams/05- Teams-General Channel/Successfully deleted post msg' is visible

2023-05-19 12:54:28 - [MESSAGE][PASSED] - Object 'Object Repository/06-Teams/05- Teams-General Channel/Successfully deleted post msg' is visible

2023-05-19 12:54:28 - [TEST_STEP][PASSED] - delay(delay_3seconds): Delayed 3 second(s)

2023-05-19 12:54:31 - [MESSAGE][PASSED] - Delayed 3 second(s)

2023-05-19 12:54:31 - [TEST_STEP][PASSED] - closeBrowser(): Browser is closed

2023-05-19 12:54:32 - [MESSAGE][PASSED] - Browser is closed]]></system-out>
         <system-err><![CDATA[]]></system-err>
      </testcase>
      <system-out><![CDATA[2023-05-19 12:43:13 - [TEST_SUITE][PASSED] - 06.2 - Teams - Settings: Test Cases/06- Teams/18 - Teams - General Channel (deleting a post)]]></system-out>
      <system-err><![CDATA[]]></system-err>
   </testsuite>
</testsuites>
