<?xml version="1.0" encoding="UTF-8"?>
<testsuites name="09.1 - Settings (Invite users)" time="1076.546" tests="5" failures="0" errors="0">
   <testsuite name="09.1 - Settings (Invite users)" tests="5" failures="0" errors="0" time="1076.546" skipped="0" timestamp="2023-01-18 12:43:46" hostname="asus - DESKTOP-3L3J9C1" id="Test Suites/TS-Organization/09.1 - Settings (Invite users)">
      <properties>
         <property name="deviceName" value=""/>
         <property name="devicePlatform" value=""/>
         <property name="logFolder" value="C:\\Users\\asus\\Katalon Studio\\Everleagues\\Everleagues\\Reports\\20230118_124334\\TS-Organization\\09.1 - Settings (Invite users)\\20230118_124334"/>
         <property name="logFiles" value="C:\\Users\\asus\\Katalon Studio\\Everleagues\\Everleagues\\Reports\\20230118_124334\\TS-Organization\\09.1 - Settings (Invite users)\\20230118_124334\\execution0.log"/>
         <property name="attachments" value=""/>
         <property name="hostName" value="asus - DESKTOP-3L3J9C1"/>
         <property name="os" value="Windows 10 64bit"/>
         <property name="katalonVersion" value="8.4.1.208"/>
         <property name="browser" value="Chrome 109.0.0.0"/>
         <property name="hostAddress" value="192.168.5.88"/>
         <property name="sessionId" value="383dffbb3d1908371bb73809c53489dc"/>
         <property name="seleniumVersion" value="3.141.59"/>
         <property name="proxyInformation" value="ProxyInformation { proxyOption=NO_PROXY, proxyServerType=HTTP, username=, password=********, proxyServerAddress=, proxyServerPort=0, executionList=&quot;&quot;, isApplyToDesiredCapabilities=true }"/>
         <property name="platform" value="Windows 10"/>
      </properties>
      <testcase name="Test Cases/09-Settings/01 - Users (Invite new user but field are blank)" time="135.72" classname="Test Cases/09-Settings/01 - Users (Invite new user but field are blank)" status="PASSED">
         <system-out><![CDATA[2023-01-18 12:43:47 - [TEST_CASE][PASSED] - Test Cases/09-Settings/01 - Users (Invite new user but field are blank): Test Cases/09-Settings/01 - Users (Invite new user but field are blank)

2023-01-18 12:43:50 - [TEST_STEP][PASSED] - openBrowser(""): Browser is opened with url: ''

2023-01-18 12:43:51 - [MESSAGE][INFO] - Starting 'Chrome' driver

2023-01-18 12:43:51 - [MESSAGE][INFO] - Action delay is set to 0 milliseconds

2023-01-18 12:43:58 - [MESSAGE][PASSED] - Browser is opened with url: ''

2023-01-18 12:43:58 - [TEST_STEP][PASSED] - navigateToUrl("https://lab.everleagues.com/"): Navigate to 'https://lab.everleagues.com/' successfully

2023-01-18 12:44:19 - [MESSAGE][PASSED] - Navigate to 'https://lab.everleagues.com/' successfully

2023-01-18 12:44:19 - [TEST_STEP][PASSED] - maximizeWindow(): Current window maximized

2023-01-18 12:44:19 - [MESSAGE][PASSED] - Current window maximized

2023-01-18 12:44:19 - [TEST_STEP][PASSED] - setText(findTestObject("02-Side Icons(Organization)/Add Contact/Email Field"), "testuser02@mailinator.com"): Text 'testuser02@mailinator.com' is set on object 'Object Repository/02-Side Icons(Organization)/Add Contact/Email Field'

2023-01-18 12:44:22 - [MESSAGE][PASSED] - Text 'testuser02@mailinator.com' is set on object 'Object Repository/02-Side Icons(Organization)/Add Contact/Email Field'

2023-01-18 12:44:22 - [TEST_STEP][PASSED] - setEncryptedText(findTestObject("02-Side Icons(Organization)/Add Contact/Password Field"), "8yFRyszE6U6jvsCn51OQbg=="): Text ****** has been set on object 'Object Repository/02-Side Icons(Organization)/Add Contact/Password Field'

2023-01-18 12:44:23 - [MESSAGE][PASSED] - Text ****** has been set on object 'Object Repository/02-Side Icons(Organization)/Add Contact/Password Field'

2023-01-18 12:44:23 - [TEST_STEP][PASSED] - click(findTestObject("02-Side Icons(Organization)/Add Contact/button_Sign in")): Object: 'Object Repository/02-Side Icons(Organization)/Add Contact/button_Sign in' is clicked on

2023-01-18 12:44:25 - [MESSAGE][PASSED] - Object: 'Object Repository/02-Side Icons(Organization)/Add Contact/button_Sign in' is clicked on

2023-01-18 12:44:25 - [TEST_STEP][PASSED] - delay(2): Delayed 2 second(s)

2023-01-18 12:44:27 - [MESSAGE][PASSED] - Delayed 2 second(s)

2023-01-18 12:44:27 - [TEST_STEP][PASSED] - click(findTestObject("06-Teams/For 2FA/button_Confirm_2FA")): Object: 'Object Repository/06-Teams/For 2FA/button_Confirm_2FA' is clicked on

2023-01-18 12:44:28 - [MESSAGE][PASSED] - Object: 'Object Repository/06-Teams/For 2FA/button_Confirm_2FA' is clicked on

2023-01-18 12:44:28 - [TEST_STEP][PASSED] - executeJavaScript("window.open();", []): Execute JavaScript 'window.open();' successfully

2023-01-18 12:44:29 - [MESSAGE][PASSED] - Execute JavaScript 'window.open();' successfully

2023-01-18 12:44:29 - [TEST_STEP][PASSED] - currentWindow = getWindowIndex(): Current window's index is: 0

2023-01-18 12:44:29 - [MESSAGE][PASSED] - Current window's index is: 0

2023-01-18 12:44:29 - [TEST_STEP][PASSED] - delay(3): Delayed 3 second(s)

2023-01-18 12:44:32 - [MESSAGE][PASSED] - Delayed 3 second(s)

2023-01-18 12:44:32 - [TEST_STEP][PASSED] - switchToWindowIndex(currentWindow + 1): Switched to window with index: '1'

2023-01-18 12:44:32 - [MESSAGE][PASSED] - Switched to window with index: '1'

2023-01-18 12:44:32 - [TEST_STEP][PASSED] - navigateToUrl("https://www.mailinator.com/"): Navigate to 'https://www.mailinator.com/' successfully

2023-01-18 12:44:40 - [MESSAGE][PASSED] - Navigate to 'https://www.mailinator.com/' successfully

2023-01-18 12:44:40 - [TEST_STEP][PASSED] - delay(3): Delayed 3 second(s)

2023-01-18 12:44:43 - [MESSAGE][PASSED] - Delayed 3 second(s)

2023-01-18 12:44:43 - [TEST_STEP][PASSED] - setText(findTestObject("00-Signup and Activation/zMailinator/input_LOGIN_search"), "testuser02@mailinator.com"): Text 'testuser02@mailinator.com' is set on object 'Object Repository/00-Signup and Activation/zMailinator/input_LOGIN_search'

2023-01-18 12:44:45 - [MESSAGE][PASSED] - Text 'testuser02@mailinator.com' is set on object 'Object Repository/00-Signup and Activation/zMailinator/input_LOGIN_search'

2023-01-18 12:44:45 - [TEST_STEP][PASSED] - click(findTestObject("00-Signup and Activation/zMailinator/gobutton"), STOP_ON_FAILURE): Object: 'Object Repository/00-Signup and Activation/zMailinator/gobutton' is clicked on

2023-01-18 12:44:49 - [MESSAGE][PASSED] - Object: 'Object Repository/00-Signup and Activation/zMailinator/gobutton' is clicked on

2023-01-18 12:44:49 - [TEST_STEP][PASSED] - delay(3): Delayed 3 second(s)

2023-01-18 12:44:52 - [MESSAGE][PASSED] - Delayed 3 second(s)

2023-01-18 12:44:52 - [TEST_STEP][PASSED] - click(findTestObject("00-Signup and Activation/zMailinator/Email - everleagues")): Object: 'Object Repository/00-Signup and Activation/zMailinator/Email - everleagues' is clicked on

2023-01-18 12:44:53 - [MESSAGE][PASSED] - Object: 'Object Repository/00-Signup and Activation/zMailinator/Email - everleagues' is clicked on

2023-01-18 12:44:53 - [TEST_STEP][PASSED] - delay(3): Delayed 3 second(s)

2023-01-18 12:44:56 - [MESSAGE][PASSED] - Delayed 3 second(s)

2023-01-18 12:44:56 - [TEST_STEP][PASSED] - code = getText(findTestObject("Object Repository/06-Teams/For 2FA/2FA code")): Text of object 'Object Repository/06-Teams/For 2FA/2FA code' is: '817834'

2023-01-18 12:44:58 - [MESSAGE][PASSED] - Text of object 'Object Repository/06-Teams/For 2FA/2FA code' is: '817834'

2023-01-18 12:44:58 - [TEST_STEP][PASSED] - delay(3): Delayed 3 second(s)

2023-01-18 12:45:01 - [MESSAGE][PASSED] - Delayed 3 second(s)

2023-01-18 12:45:01 - [TEST_STEP][PASSED] - closeWindowTitle("Mailinator"): Window with title: 'Mailinator' is closed

2023-01-18 12:45:01 - [MESSAGE][PASSED] - Window with title: 'Mailinator' is closed

2023-01-18 12:45:01 - [TEST_STEP][PASSED] - delay(3): Delayed 3 second(s)

2023-01-18 12:45:04 - [MESSAGE][PASSED] - Delayed 3 second(s)

2023-01-18 12:45:04 - [TEST_STEP][PASSED] - switchToWindowIndex(0): Switched to window with index: '0'

2023-01-18 12:45:04 - [MESSAGE][PASSED] - Switched to window with index: '0'

2023-01-18 12:45:04 - [TEST_STEP][PASSED] - delay(3): Delayed 3 second(s)

2023-01-18 12:45:07 - [MESSAGE][PASSED] - Delayed 3 second(s)

2023-01-18 12:45:07 - [TEST_STEP][PASSED] - setText(findTestObject("Object Repository/06-Teams/For 2FA/input_Enter verification code_code"), code): Text '817834' is set on object 'Object Repository/06-Teams/For 2FA/input_Enter verification code_code'

2023-01-18 12:45:09 - [MESSAGE][PASSED] - Text '817834' is set on object 'Object Repository/06-Teams/For 2FA/input_Enter verification code_code'

2023-01-18 12:45:09 - [TEST_STEP][PASSED] - delay(3): Delayed 3 second(s)

2023-01-18 12:45:12 - [MESSAGE][PASSED] - Delayed 3 second(s)

2023-01-18 12:45:12 - [TEST_STEP][PASSED] - click(findTestObject("06-Teams/For 2FA/button_Verify_2FA")): Object: 'Object Repository/06-Teams/For 2FA/button_Verify_2FA' is clicked on

2023-01-18 12:45:13 - [MESSAGE][PASSED] - Object: 'Object Repository/06-Teams/For 2FA/button_Verify_2FA' is clicked on

2023-01-18 12:45:13 - [TEST_STEP][PASSED] - delay(5): Delayed 5 second(s)

2023-01-18 12:45:18 - [MESSAGE][PASSED] - Delayed 5 second(s)

2023-01-18 12:45:18 - [TEST_STEP][PASSED] - click(findTestObject("06-Teams/button_doublearrow")): Object: 'Object Repository/06-Teams/button_doublearrow' is clicked on

2023-01-18 12:45:20 - [MESSAGE][PASSED] - Object: 'Object Repository/06-Teams/button_doublearrow' is clicked on

2023-01-18 12:45:20 - [TEST_STEP][PASSED] - click(findTestObject("06-Teams/button_My Organizations")): Object: 'Object Repository/06-Teams/button_My Organizations' is clicked on

2023-01-18 12:45:21 - [MESSAGE][PASSED] - Object: 'Object Repository/06-Teams/button_My Organizations' is clicked on

2023-01-18 12:45:21 - [TEST_STEP][PASSED] - click(findTestObject("06-Teams/button_GG Automation")): Object: 'Object Repository/06-Teams/button_GG Automation' is clicked on

2023-01-18 12:45:21 - [MESSAGE][PASSED] - Object: 'Object Repository/06-Teams/button_GG Automation' is clicked on

2023-01-18 12:45:21 - [TEST_STEP][PASSED] - delay(4): Delayed 4 second(s)

2023-01-18 12:45:26 - [MESSAGE][PASSED] - Delayed 4 second(s)

2023-01-18 12:45:26 - [TEST_STEP][PASSED] - verifyElementVisible(findTestObject("06-Teams/span_GG Automation")): Object 'Object Repository/06-Teams/span_GG Automation' is visible

2023-01-18 12:45:26 - [MESSAGE][PASSED] - Object 'Object Repository/06-Teams/span_GG Automation' is visible

2023-01-18 12:45:26 - [TEST_STEP][PASSED] - delay(5): Delayed 5 second(s)

2023-01-18 12:45:31 - [MESSAGE][PASSED] - Delayed 5 second(s)

2023-01-18 12:45:31 - [TEST_STEP][PASSED] - click(findTestObject("03-Header Menu/Hamburger Button/div_Settings")): Object: 'Object Repository/03-Header Menu/Hamburger Button/div_Settings' is clicked on

2023-01-18 12:45:32 - [MESSAGE][PASSED] - Object: 'Object Repository/03-Header Menu/Hamburger Button/div_Settings' is clicked on

2023-01-18 12:45:32 - [TEST_STEP][PASSED] - verifyElementVisible(findTestObject("09-Settings/Users/div_Organization")): Object 'Object Repository/09-Settings/Users/div_Organization' is visible

2023-01-18 12:45:33 - [MESSAGE][PASSED] - Object 'Object Repository/09-Settings/Users/div_Organization' is visible

2023-01-18 12:45:33 - [TEST_STEP][PASSED] - verifyElementVisible(findTestObject("09-Settings/Users/div_Organization Units")): Object 'Object Repository/09-Settings/Users/div_Organization Units' is visible

2023-01-18 12:45:34 - [MESSAGE][PASSED] - Object 'Object Repository/09-Settings/Users/div_Organization Units' is visible

2023-01-18 12:45:34 - [TEST_STEP][PASSED] - scrollToElement(findTestObject("09-Settings/Users/div_Subscriptions"), 0): Scroll to object 'Object Repository/09-Settings/Users/div_Subscriptions' successfully

2023-01-18 12:45:34 - [MESSAGE][WARNING] - Timeout '0' is invalid. Using default page load timeout: '30'

2023-01-18 12:45:34 - [MESSAGE][PASSED] - Scroll to object 'Object Repository/09-Settings/Users/div_Subscriptions' successfully

2023-01-18 12:45:34 - [TEST_STEP][PASSED] - verifyElementVisible(findTestObject("09-Settings/Users/div_Subscriptions")): Object 'Object Repository/09-Settings/Users/div_Subscriptions' is visible

2023-01-18 12:45:35 - [MESSAGE][PASSED] - Object 'Object Repository/09-Settings/Users/div_Subscriptions' is visible

2023-01-18 12:45:35 - [TEST_STEP][PASSED] - verifyElementVisible(findTestObject("09-Settings/Users/div_Users")): Object 'Object Repository/09-Settings/Users/div_Users' is visible

2023-01-18 12:45:36 - [MESSAGE][PASSED] - Object 'Object Repository/09-Settings/Users/div_Users' is visible

2023-01-18 12:45:36 - [TEST_STEP][PASSED] - delay(3): Delayed 3 second(s)

2023-01-18 12:45:39 - [MESSAGE][PASSED] - Delayed 3 second(s)

2023-01-18 12:45:39 - [TEST_STEP][PASSED] - click(findTestObject("09-Settings/Users/div_Users")): Object: 'Object Repository/09-Settings/Users/div_Users' is clicked on

2023-01-18 12:45:41 - [MESSAGE][PASSED] - Object: 'Object Repository/09-Settings/Users/div_Users' is clicked on

2023-01-18 12:45:41 - [TEST_STEP][PASSED] - verifyElementVisible(findTestObject("09-Settings/Users/h4_USERS")): Object 'Object Repository/09-Settings/Users/h4_USERS' is visible

2023-01-18 12:45:42 - [MESSAGE][PASSED] - Object 'Object Repository/09-Settings/Users/h4_USERS' is visible

2023-01-18 12:45:42 - [TEST_STEP][PASSED] - verifyElementVisible(findTestObject("09-Settings/Users/User Page")): Object 'Object Repository/09-Settings/Users/User Page' is visible

2023-01-18 12:45:43 - [MESSAGE][PASSED] - Object 'Object Repository/09-Settings/Users/User Page' is visible

2023-01-18 12:45:43 - [TEST_STEP][PASSED] - delay(3): Delayed 3 second(s)

2023-01-18 12:45:46 - [MESSAGE][PASSED] - Delayed 3 second(s)

2023-01-18 12:45:46 - [TEST_STEP][PASSED] - click(findTestObject("09-Settings/Users/button_add")): Object: 'Object Repository/09-Settings/Users/button_add' is clicked on

2023-01-18 12:45:47 - [MESSAGE][PASSED] - Object: 'Object Repository/09-Settings/Users/button_add' is clicked on

2023-01-18 12:45:47 - [TEST_STEP][PASSED] - verifyElementVisible(findTestObject("09-Settings/Users/User Invitation modal")): Object 'Object Repository/09-Settings/Users/User Invitation modal' is visible

2023-01-18 12:45:48 - [MESSAGE][PASSED] - Object 'Object Repository/09-Settings/Users/User Invitation modal' is visible

2023-01-18 12:45:48 - [TEST_STEP][PASSED] - delay(3): Delayed 3 second(s)

2023-01-18 12:45:51 - [MESSAGE][PASSED] - Delayed 3 second(s)

2023-01-18 12:45:51 - [TEST_STEP][PASSED] - click(findTestObject("09-Settings/Users/add Invite a single user")): Object: 'Object Repository/09-Settings/Users/add Invite a single user' is clicked on

2023-01-18 12:45:52 - [MESSAGE][PASSED] - Object: 'Object Repository/09-Settings/Users/add Invite a single user' is clicked on

2023-01-18 12:45:52 - [TEST_STEP][PASSED] - verifyElementVisible(findTestObject("09-Settings/Users/Invite new user modal")): Object 'Object Repository/09-Settings/Users/Invite new user modal' is visible

2023-01-18 12:45:54 - [MESSAGE][PASSED] - Object 'Object Repository/09-Settings/Users/Invite new user modal' is visible

2023-01-18 12:45:54 - [TEST_STEP][PASSED] - click(findTestObject("09-Settings/Users/input_email")): Object: 'Object Repository/09-Settings/Users/input_email' is clicked on

2023-01-18 12:45:55 - [MESSAGE][PASSED] - Object: 'Object Repository/09-Settings/Users/input_email' is clicked on

2023-01-18 12:45:55 - [TEST_STEP][PASSED] - click(findTestObject("09-Settings/Users/input_firstName")): Object: 'Object Repository/09-Settings/Users/input_firstName' is clicked on

2023-01-18 12:45:56 - [MESSAGE][PASSED] - Object: 'Object Repository/09-Settings/Users/input_firstName' is clicked on

2023-01-18 12:45:56 - [TEST_STEP][PASSED] - click(findTestObject("09-Settings/Users/input_lastName")): Object: 'Object Repository/09-Settings/Users/input_lastName' is clicked on

2023-01-18 12:45:57 - [MESSAGE][PASSED] - Object: 'Object Repository/09-Settings/Users/input_lastName' is clicked on

2023-01-18 12:45:57 - [TEST_STEP][PASSED] - click(findTestObject("09-Settings/Users/span_Role")): Object: 'Object Repository/09-Settings/Users/span_Role' is clicked on

2023-01-18 12:45:58 - [MESSAGE][PASSED] - Object: 'Object Repository/09-Settings/Users/span_Role' is clicked on

2023-01-18 12:45:58 - [TEST_STEP][PASSED] - clickOffset(findTestObject("09-Settings/Users/h4_Invite New User"), 100, 100): Object: 'Object Repository/09-Settings/Users/h4_Invite New User' is clicked on using offset x=100 and y=100

2023-01-18 12:45:59 - [MESSAGE][PASSED] - Object: 'Object Repository/09-Settings/Users/h4_Invite New User' is clicked on using offset x=100 and y=100

2023-01-18 12:45:59 - [TEST_STEP][PASSED] - verifyElementVisible(findTestObject("09-Settings/Users/Email required")): Object 'Object Repository/09-Settings/Users/Email required' is visible

2023-01-18 12:46:00 - [MESSAGE][PASSED] - Object 'Object Repository/09-Settings/Users/Email required' is visible

2023-01-18 12:46:00 - [TEST_STEP][PASSED] - verifyElementVisible(findTestObject("09-Settings/Users/Firstname required")): Object 'Object Repository/09-Settings/Users/Firstname required' is visible

2023-01-18 12:46:02 - [MESSAGE][PASSED] - Object 'Object Repository/09-Settings/Users/Firstname required' is visible

2023-01-18 12:46:02 - [TEST_STEP][PASSED] - verifyElementVisible(findTestObject("09-Settings/Users/last name required")): Object 'Object Repository/09-Settings/Users/last name required' is visible

2023-01-18 12:46:02 - [MESSAGE][PASSED] - Object 'Object Repository/09-Settings/Users/last name required' is visible

2023-01-18 12:46:02 - [TEST_STEP][PASSED] - verifyElementVisible(findTestObject("09-Settings/Users/error_Select a role")): Object 'Object Repository/09-Settings/Users/error_Select a role' is visible

2023-01-18 12:46:03 - [MESSAGE][PASSED] - Object 'Object Repository/09-Settings/Users/error_Select a role' is visible]]></system-out>
         <system-err><![CDATA[]]></system-err>
      </testcase>
      <testcase name="Test Cases/09-Settings/02 - Users (Invite new user as co worker)" time="169.904" classname="Test Cases/09-Settings/02 - Users (Invite new user as co worker)" status="PASSED">
         <system-out><![CDATA[2023-01-18 12:46:03 - [TEST_CASE][PASSED] - Test Cases/09-Settings/02 - Users (Invite new user as co worker): Test Cases/09-Settings/02 - Users (Invite new user as co worker)

2023-01-18 12:46:05 - [TEST_STEP][PASSED] - delay(3): Delayed 3 second(s)

2023-01-18 12:46:08 - [MESSAGE][PASSED] - Delayed 3 second(s)

2023-01-18 12:46:08 - [TEST_STEP][PASSED] - setText(findTestObject("09-Settings/Users/input_email"), "autotester04@mailinator.com"): Text 'autotester04@mailinator.com' is set on object 'Object Repository/09-Settings/Users/input_email'

2023-01-18 12:46:11 - [MESSAGE][PASSED] - Text 'autotester04@mailinator.com' is set on object 'Object Repository/09-Settings/Users/input_email'

2023-01-18 12:46:11 - [TEST_STEP][PASSED] - setText(findTestObject("09-Settings/Users/input_firstName"), "GG"): Text 'GG' is set on object 'Object Repository/09-Settings/Users/input_firstName'

2023-01-18 12:46:13 - [MESSAGE][PASSED] - Text 'GG' is set on object 'Object Repository/09-Settings/Users/input_firstName'

2023-01-18 12:46:13 - [TEST_STEP][PASSED] - setText(findTestObject("09-Settings/Users/input_lastName"), "Auto Contact 2"): Text 'Auto Contact 2' is set on object 'Object Repository/09-Settings/Users/input_lastName'

2023-01-18 12:46:15 - [MESSAGE][PASSED] - Text 'Auto Contact 2' is set on object 'Object Repository/09-Settings/Users/input_lastName'

2023-01-18 12:46:15 - [TEST_STEP][PASSED] - click(findTestObject("09-Settings/Users/span_Role")): Object: 'Object Repository/09-Settings/Users/span_Role' is clicked on

2023-01-18 12:46:16 - [MESSAGE][PASSED] - Object: 'Object Repository/09-Settings/Users/span_Role' is clicked on

2023-01-18 12:46:16 - [TEST_STEP][PASSED] - click(findTestObject("09-Settings/Users/span_CoWorker")): Object: 'Object Repository/09-Settings/Users/span_CoWorker' is clicked on

2023-01-18 12:46:17 - [MESSAGE][PASSED] - Object: 'Object Repository/09-Settings/Users/span_CoWorker' is clicked on

2023-01-18 12:46:17 - [TEST_STEP][PASSED] - click(findTestObject("09-Settings/Users/button_Send Invitation")): Object: 'Object Repository/09-Settings/Users/button_Send Invitation' is clicked on

2023-01-18 12:46:18 - [MESSAGE][PASSED] - Object: 'Object Repository/09-Settings/Users/button_Send Invitation' is clicked on

2023-01-18 12:46:18 - [TEST_STEP][PASSED] - delay(2): Delayed 2 second(s)

2023-01-18 12:46:20 - [MESSAGE][PASSED] - Delayed 2 second(s)

2023-01-18 12:46:20 - [TEST_STEP][PASSED] - verifyElementVisible(findTestObject("07-Directory/Connections/zContact Profile/Successfully invited user")): Object 'Object Repository/07-Directory/Connections/zContact Profile/Successfully invited user' is visible

2023-01-18 12:46:23 - [MESSAGE][PASSED] - Object 'Object Repository/07-Directory/Connections/zContact Profile/Successfully invited user' is visible

2023-01-18 12:46:23 - [TEST_STEP][PASSED] - delay(2): Delayed 2 second(s)

2023-01-18 12:46:25 - [MESSAGE][PASSED] - Delayed 2 second(s)

2023-01-18 12:46:25 - [TEST_STEP][PASSED] - executeJavaScript("window.open();", []): Execute JavaScript 'window.open();' successfully

2023-01-18 12:46:25 - [MESSAGE][PASSED] - Execute JavaScript 'window.open();' successfully

2023-01-18 12:46:25 - [TEST_STEP][PASSED] - currentWindow = getWindowIndex(): Current window's index is: 0

2023-01-18 12:46:25 - [MESSAGE][PASSED] - Current window's index is: 0

2023-01-18 12:46:25 - [TEST_STEP][PASSED] - delay(3): Delayed 3 second(s)

2023-01-18 12:46:28 - [MESSAGE][PASSED] - Delayed 3 second(s)

2023-01-18 12:46:28 - [TEST_STEP][PASSED] - switchToWindowIndex(currentWindow + 1): Switched to window with index: '1'

2023-01-18 12:46:28 - [MESSAGE][PASSED] - Switched to window with index: '1'

2023-01-18 12:46:28 - [TEST_STEP][PASSED] - navigateToUrl("https://www.mailinator.com/"): Navigate to 'https://www.mailinator.com/' successfully

2023-01-18 12:46:33 - [MESSAGE][PASSED] - Navigate to 'https://www.mailinator.com/' successfully

2023-01-18 12:46:33 - [TEST_STEP][PASSED] - delay(3): Delayed 3 second(s)

2023-01-18 12:46:36 - [MESSAGE][PASSED] - Delayed 3 second(s)

2023-01-18 12:46:36 - [TEST_STEP][PASSED] - setText(findTestObject("00-Signup and Activation/zMailinator/input_LOGIN_search"), "autotester04@mailinator.com"): Text 'autotester04@mailinator.com' is set on object 'Object Repository/00-Signup and Activation/zMailinator/input_LOGIN_search'

2023-01-18 12:46:37 - [MESSAGE][PASSED] - Text 'autotester04@mailinator.com' is set on object 'Object Repository/00-Signup and Activation/zMailinator/input_LOGIN_search'

2023-01-18 12:46:37 - [TEST_STEP][PASSED] - click(findTestObject("00-Signup and Activation/zMailinator/gobutton"), STOP_ON_FAILURE): Object: 'Object Repository/00-Signup and Activation/zMailinator/gobutton' is clicked on

2023-01-18 12:46:40 - [MESSAGE][PASSED] - Object: 'Object Repository/00-Signup and Activation/zMailinator/gobutton' is clicked on

2023-01-18 12:46:40 - [TEST_STEP][PASSED] - delay(3): Delayed 3 second(s)

2023-01-18 12:46:43 - [MESSAGE][PASSED] - Delayed 3 second(s)

2023-01-18 12:46:43 - [TEST_STEP][PASSED] - closeWindowTitle("Everleagues"): Window with title: 'Everleagues' is closed

2023-01-18 12:46:43 - [MESSAGE][PASSED] - Window with title: 'Everleagues' is closed

2023-01-18 12:46:43 - [TEST_STEP][PASSED] - switchToWindowIndex(0): Switched to window with index: '0'

2023-01-18 12:46:43 - [MESSAGE][PASSED] - Switched to window with index: '0'

2023-01-18 12:46:43 - [TEST_STEP][PASSED] - click(findTestObject("09-Settings/Users/Co worker/td_Invitation from GG Automation")): Object: 'Object Repository/09-Settings/Users/Co worker/td_Invitation from GG Automation' is clicked on

2023-01-18 12:46:44 - [MESSAGE][PASSED] - Object: 'Object Repository/09-Settings/Users/Co worker/td_Invitation from GG Automation' is clicked on

2023-01-18 12:46:44 - [TEST_STEP][PASSED] - click(findTestObject("09-Settings/Users/Co worker/a_Click here to join GG Automation on EverLeagues")): Object: 'Object Repository/09-Settings/Users/Co worker/a_Click here to join GG Automation on EverLeagues' is clicked on

2023-01-18 12:46:46 - [MESSAGE][PASSED] - Object: 'Object Repository/09-Settings/Users/Co worker/a_Click here to join GG Automation on EverLeagues' is clicked on

2023-01-18 12:46:46 - [TEST_STEP][PASSED] - closeWindowTitle("Mailinator"): Window with title: 'Mailinator' is closed

2023-01-18 12:46:46 - [MESSAGE][PASSED] - Window with title: 'Mailinator' is closed

2023-01-18 12:46:46 - [TEST_STEP][PASSED] - switchToWindowIndex(0): Switched to window with index: '0'

2023-01-18 12:46:46 - [MESSAGE][PASSED] - Switched to window with index: '0'

2023-01-18 12:46:46 - [TEST_STEP][PASSED] - verifyElementVisible(findTestObject("09-Settings/Users/Co worker/Logout before proceed modal")): Object 'Object Repository/09-Settings/Users/Co worker/Logout before proceed modal' is visible

2023-01-18 12:47:07 - [MESSAGE][PASSED] - Object 'Object Repository/09-Settings/Users/Co worker/Logout before proceed modal' is visible

2023-01-18 12:47:07 - [TEST_STEP][PASSED] - click(findTestObject("09-Settings/Users/Co worker/button_Yes")): Object: 'Object Repository/09-Settings/Users/Co worker/button_Yes' is clicked on

2023-01-18 12:47:09 - [MESSAGE][PASSED] - Object: 'Object Repository/09-Settings/Users/Co worker/button_Yes' is clicked on

2023-01-18 12:47:09 - [TEST_STEP][PASSED] - delay(3): Delayed 3 second(s)

2023-01-18 12:47:12 - [MESSAGE][PASSED] - Delayed 3 second(s)

2023-01-18 12:47:12 - [TEST_STEP][PASSED] - setText(findTestObject("09-Settings/Users/Co worker/input_Email_email"), "autotester04@mailinator.com"): Text 'autotester04@mailinator.com' is set on object 'Object Repository/09-Settings/Users/Co worker/input_Email_email'

2023-01-18 12:47:13 - [MESSAGE][PASSED] - Text 'autotester04@mailinator.com' is set on object 'Object Repository/09-Settings/Users/Co worker/input_Email_email'

2023-01-18 12:47:13 - [TEST_STEP][PASSED] - setEncryptedText(findTestObject("09-Settings/Users/Co worker/input__password"), "8yFRyszE6U6jvsCn51OQbg=="): Text ****** has been set on object 'Object Repository/09-Settings/Users/Co worker/input__password'

2023-01-18 12:47:14 - [MESSAGE][PASSED] - Text ****** has been set on object 'Object Repository/09-Settings/Users/Co worker/input__password'

2023-01-18 12:47:14 - [TEST_STEP][PASSED] - click(findTestObject("02-Side Icons(Organization)/Add Contact/button_Sign in")): Object: 'Object Repository/02-Side Icons(Organization)/Add Contact/button_Sign in' is clicked on

2023-01-18 12:47:15 - [MESSAGE][PASSED] - Object: 'Object Repository/02-Side Icons(Organization)/Add Contact/button_Sign in' is clicked on

2023-01-18 12:47:15 - [TEST_STEP][PASSED] - delay(2): Delayed 2 second(s)

2023-01-18 12:47:17 - [MESSAGE][PASSED] - Delayed 2 second(s)

2023-01-18 12:47:17 - [TEST_STEP][PASSED] - click(findTestObject("06-Teams/For 2FA/button_Confirm_2FA")): Object: 'Object Repository/06-Teams/For 2FA/button_Confirm_2FA' is clicked on

2023-01-18 12:47:18 - [MESSAGE][PASSED] - Object: 'Object Repository/06-Teams/For 2FA/button_Confirm_2FA' is clicked on

2023-01-18 12:47:18 - [TEST_STEP][PASSED] - executeJavaScript("window.open();", []): Execute JavaScript 'window.open();' successfully

2023-01-18 12:47:18 - [MESSAGE][PASSED] - Execute JavaScript 'window.open();' successfully

2023-01-18 12:47:18 - [TEST_STEP][PASSED] - currentWindow = getWindowIndex(): Current window's index is: 0

2023-01-18 12:47:18 - [MESSAGE][PASSED] - Current window's index is: 0

2023-01-18 12:47:18 - [TEST_STEP][PASSED] - delay(3): Delayed 3 second(s)

2023-01-18 12:47:21 - [MESSAGE][PASSED] - Delayed 3 second(s)

2023-01-18 12:47:21 - [TEST_STEP][PASSED] - switchToWindowIndex(currentWindow + 1): Switched to window with index: '1'

2023-01-18 12:47:21 - [MESSAGE][PASSED] - Switched to window with index: '1'

2023-01-18 12:47:21 - [TEST_STEP][PASSED] - navigateToUrl("https://www.mailinator.com/"): Navigate to 'https://www.mailinator.com/' successfully

2023-01-18 12:47:28 - [MESSAGE][PASSED] - Navigate to 'https://www.mailinator.com/' successfully

2023-01-18 12:47:28 - [TEST_STEP][PASSED] - delay(3): Delayed 3 second(s)

2023-01-18 12:47:31 - [MESSAGE][PASSED] - Delayed 3 second(s)

2023-01-18 12:47:31 - [TEST_STEP][PASSED] - setText(findTestObject("00-Signup and Activation/zMailinator/input_LOGIN_search"), "autotester04@mailinator.com"): Text 'autotester04@mailinator.com' is set on object 'Object Repository/00-Signup and Activation/zMailinator/input_LOGIN_search'

2023-01-18 12:47:33 - [MESSAGE][PASSED] - Text 'autotester04@mailinator.com' is set on object 'Object Repository/00-Signup and Activation/zMailinator/input_LOGIN_search'

2023-01-18 12:47:33 - [TEST_STEP][PASSED] - click(findTestObject("00-Signup and Activation/zMailinator/gobutton"), STOP_ON_FAILURE): Object: 'Object Repository/00-Signup and Activation/zMailinator/gobutton' is clicked on

2023-01-18 12:47:35 - [MESSAGE][PASSED] - Object: 'Object Repository/00-Signup and Activation/zMailinator/gobutton' is clicked on

2023-01-18 12:47:35 - [TEST_STEP][PASSED] - delay(3): Delayed 3 second(s)

2023-01-18 12:47:38 - [MESSAGE][PASSED] - Delayed 3 second(s)

2023-01-18 12:47:38 - [TEST_STEP][PASSED] - click(findTestObject("00-Signup and Activation/zMailinator/Email - everleagues")): Object: 'Object Repository/00-Signup and Activation/zMailinator/Email - everleagues' is clicked on

2023-01-18 12:47:39 - [MESSAGE][PASSED] - Object: 'Object Repository/00-Signup and Activation/zMailinator/Email - everleagues' is clicked on

2023-01-18 12:47:39 - [TEST_STEP][PASSED] - delay(3): Delayed 3 second(s)

2023-01-18 12:47:42 - [MESSAGE][PASSED] - Delayed 3 second(s)

2023-01-18 12:47:42 - [TEST_STEP][PASSED] - codetwo = getText(findTestObject("Object Repository/06-Teams/For 2FA/2FA code")): Text of object 'Object Repository/06-Teams/For 2FA/2FA code' is: '427625'

2023-01-18 12:47:43 - [MESSAGE][PASSED] - Text of object 'Object Repository/06-Teams/For 2FA/2FA code' is: '427625'

2023-01-18 12:47:43 - [TEST_STEP][PASSED] - delay(3): Delayed 3 second(s)

2023-01-18 12:47:46 - [MESSAGE][PASSED] - Delayed 3 second(s)

2023-01-18 12:47:46 - [TEST_STEP][PASSED] - closeWindowTitle("Mailinator"): Window with title: 'Mailinator' is closed

2023-01-18 12:47:47 - [MESSAGE][PASSED] - Window with title: 'Mailinator' is closed

2023-01-18 12:47:47 - [TEST_STEP][PASSED] - delay(3): Delayed 3 second(s)

2023-01-18 12:47:50 - [MESSAGE][PASSED] - Delayed 3 second(s)

2023-01-18 12:47:50 - [TEST_STEP][PASSED] - switchToWindowIndex(0): Switched to window with index: '0'

2023-01-18 12:47:50 - [MESSAGE][PASSED] - Switched to window with index: '0'

2023-01-18 12:47:50 - [TEST_STEP][PASSED] - delay(3): Delayed 3 second(s)

2023-01-18 12:47:53 - [MESSAGE][PASSED] - Delayed 3 second(s)

2023-01-18 12:47:53 - [TEST_STEP][PASSED] - setText(findTestObject("Object Repository/06-Teams/For 2FA/input_Enter verification code_code"), codetwo): Text '427625' is set on object 'Object Repository/06-Teams/For 2FA/input_Enter verification code_code'

2023-01-18 12:47:54 - [MESSAGE][PASSED] - Text '427625' is set on object 'Object Repository/06-Teams/For 2FA/input_Enter verification code_code'

2023-01-18 12:47:54 - [TEST_STEP][PASSED] - delay(3): Delayed 3 second(s)

2023-01-18 12:47:57 - [MESSAGE][PASSED] - Delayed 3 second(s)

2023-01-18 12:47:57 - [TEST_STEP][PASSED] - click(findTestObject("06-Teams/For 2FA/button_Verify_2FA")): Object: 'Object Repository/06-Teams/For 2FA/button_Verify_2FA' is clicked on

2023-01-18 12:47:58 - [MESSAGE][PASSED] - Object: 'Object Repository/06-Teams/For 2FA/button_Verify_2FA' is clicked on

2023-01-18 12:47:58 - [TEST_STEP][PASSED] - delay(5): Delayed 5 second(s)

2023-01-18 12:48:03 - [MESSAGE][PASSED] - Delayed 5 second(s)

2023-01-18 12:48:03 - [TEST_STEP][PASSED] - executeJavaScript("window.open();", []): Execute JavaScript 'window.open();' successfully

2023-01-18 12:48:03 - [MESSAGE][PASSED] - Execute JavaScript 'window.open();' successfully

2023-01-18 12:48:03 - [TEST_STEP][PASSED] - currentWindow = getWindowIndex(): Current window's index is: 0

2023-01-18 12:48:04 - [MESSAGE][PASSED] - Current window's index is: 0

2023-01-18 12:48:04 - [TEST_STEP][PASSED] - delay(3): Delayed 3 second(s)

2023-01-18 12:48:07 - [MESSAGE][PASSED] - Delayed 3 second(s)

2023-01-18 12:48:07 - [TEST_STEP][PASSED] - switchToWindowIndex(currentWindow + 1): Switched to window with index: '1'

2023-01-18 12:48:07 - [MESSAGE][PASSED] - Switched to window with index: '1'

2023-01-18 12:48:07 - [TEST_STEP][PASSED] - navigateToUrl("https://www.mailinator.com/"): Navigate to 'https://www.mailinator.com/' successfully

2023-01-18 12:48:11 - [MESSAGE][PASSED] - Navigate to 'https://www.mailinator.com/' successfully

2023-01-18 12:48:11 - [TEST_STEP][PASSED] - delay(3): Delayed 3 second(s)

2023-01-18 12:48:14 - [MESSAGE][PASSED] - Delayed 3 second(s)

2023-01-18 12:48:14 - [TEST_STEP][PASSED] - setText(findTestObject("00-Signup and Activation/zMailinator/input_LOGIN_search"), "autotester04@mailinator.com"): Text 'autotester04@mailinator.com' is set on object 'Object Repository/00-Signup and Activation/zMailinator/input_LOGIN_search'

2023-01-18 12:48:15 - [MESSAGE][PASSED] - Text 'autotester04@mailinator.com' is set on object 'Object Repository/00-Signup and Activation/zMailinator/input_LOGIN_search'

2023-01-18 12:48:15 - [TEST_STEP][PASSED] - click(findTestObject("00-Signup and Activation/zMailinator/gobutton"), STOP_ON_FAILURE): Object: 'Object Repository/00-Signup and Activation/zMailinator/gobutton' is clicked on

2023-01-18 12:48:18 - [MESSAGE][PASSED] - Object: 'Object Repository/00-Signup and Activation/zMailinator/gobutton' is clicked on

2023-01-18 12:48:18 - [TEST_STEP][PASSED] - delay(3): Delayed 3 second(s)

2023-01-18 12:48:21 - [MESSAGE][PASSED] - Delayed 3 second(s)

2023-01-18 12:48:21 - [TEST_STEP][PASSED] - closeWindowTitle("Everleagues"): Window with title: 'Everleagues' is closed

2023-01-18 12:48:21 - [MESSAGE][PASSED] - Window with title: 'Everleagues' is closed

2023-01-18 12:48:21 - [TEST_STEP][PASSED] - switchToWindowIndex(0): Switched to window with index: '0'

2023-01-18 12:48:22 - [MESSAGE][PASSED] - Switched to window with index: '0'

2023-01-18 12:48:22 - [TEST_STEP][PASSED] - click(findTestObject("09-Settings/Users/Co worker/td_Invitation from GG Automation")): Object: 'Object Repository/09-Settings/Users/Co worker/td_Invitation from GG Automation' is clicked on

2023-01-18 12:48:22 - [MESSAGE][PASSED] - Object: 'Object Repository/09-Settings/Users/Co worker/td_Invitation from GG Automation' is clicked on

2023-01-18 12:48:22 - [TEST_STEP][PASSED] - click(findTestObject("09-Settings/Users/Co worker/a_Click here to join GG Automation on EverLeagues")): Object: 'Object Repository/09-Settings/Users/Co worker/a_Click here to join GG Automation on EverLeagues' is clicked on

2023-01-18 12:48:24 - [MESSAGE][PASSED] - Object: 'Object Repository/09-Settings/Users/Co worker/a_Click here to join GG Automation on EverLeagues' is clicked on

2023-01-18 12:48:24 - [TEST_STEP][PASSED] - delay(3): Delayed 3 second(s)

2023-01-18 12:48:27 - [MESSAGE][PASSED] - Delayed 3 second(s)

2023-01-18 12:48:27 - [TEST_STEP][PASSED] - closeWindowTitle("Mailinator"): Window with title: 'Mailinator' is closed

2023-01-18 12:48:35 - [MESSAGE][PASSED] - Window with title: 'Mailinator' is closed

2023-01-18 12:48:35 - [TEST_STEP][PASSED] - switchToWindowIndex(0): Switched to window with index: '0'

2023-01-18 12:48:35 - [MESSAGE][PASSED] - Switched to window with index: '0'

2023-01-18 12:48:35 - [TEST_STEP][PASSED] - verifyElementVisible(findTestObject("09-Settings/Users/Co worker/Invite modal")): Object 'Object Repository/09-Settings/Users/Co worker/Invite modal' is visible

2023-01-18 12:48:42 - [MESSAGE][PASSED] - Object 'Object Repository/09-Settings/Users/Co worker/Invite modal' is visible

2023-01-18 12:48:42 - [TEST_STEP][PASSED] - click(findTestObject("09-Settings/Users/Co worker/button_Accept")): Object: 'Object Repository/09-Settings/Users/Co worker/button_Accept' is clicked on

2023-01-18 12:48:43 - [MESSAGE][PASSED] - Object: 'Object Repository/09-Settings/Users/Co worker/button_Accept' is clicked on

2023-01-18 12:48:43 - [TEST_STEP][PASSED] - delay(5): Delayed 5 second(s)

2023-01-18 12:48:48 - [MESSAGE][PASSED] - Delayed 5 second(s)

2023-01-18 12:48:48 - [TEST_STEP][PASSED] - verifyElementVisible(findTestObject("09-Settings/Users/Co worker/div_Joined as CoWorker")): Object 'Object Repository/09-Settings/Users/Co worker/div_Joined as CoWorker' is visible

2023-01-18 12:48:50 - [MESSAGE][PASSED] - Object 'Object Repository/09-Settings/Users/Co worker/div_Joined as CoWorker' is visible

2023-01-18 12:48:50 - [TEST_STEP][PASSED] - closeBrowser(): Browser is closed

2023-01-18 12:48:53 - [MESSAGE][PASSED] - Browser is closed]]></system-out>
         <system-err><![CDATA[]]></system-err>
      </testcase>
      <testcase name="Test Cases/09-Settings/03 - Users (Invite new user as client)" time="283.41" classname="Test Cases/09-Settings/03 - Users (Invite new user as client)" status="PASSED">
         <system-out><![CDATA[2023-01-18 12:48:53 - [TEST_CASE][PASSED] - Test Cases/09-Settings/03 - Users (Invite new user as client): Test Cases/09-Settings/03 - Users (Invite new user as client)

2023-01-18 12:48:56 - [TEST_STEP][PASSED] - openBrowser(""): Browser is opened with url: ''

2023-01-18 12:48:56 - [MESSAGE][INFO] - Starting 'Chrome' driver

2023-01-18 12:48:56 - [MESSAGE][INFO] - Action delay is set to 0 milliseconds

2023-01-18 12:48:58 - [MESSAGE][PASSED] - Browser is opened with url: ''

2023-01-18 12:48:58 - [TEST_STEP][PASSED] - navigateToUrl("https://lab.everleagues.com/"): Navigate to 'https://lab.everleagues.com/' successfully

2023-01-18 12:49:28 - [MESSAGE][PASSED] - Navigate to 'https://lab.everleagues.com/' successfully

2023-01-18 12:49:28 - [TEST_STEP][PASSED] - maximizeWindow(): Current window maximized

2023-01-18 12:49:29 - [MESSAGE][PASSED] - Current window maximized

2023-01-18 12:49:29 - [TEST_STEP][PASSED] - setText(findTestObject("02-Side Icons(Organization)/Add Contact/Email Field"), "testuser02@mailinator.com"): Text 'testuser02@mailinator.com' is set on object 'Object Repository/02-Side Icons(Organization)/Add Contact/Email Field'

2023-01-18 12:49:30 - [MESSAGE][PASSED] - Text 'testuser02@mailinator.com' is set on object 'Object Repository/02-Side Icons(Organization)/Add Contact/Email Field'

2023-01-18 12:49:30 - [TEST_STEP][PASSED] - setEncryptedText(findTestObject("02-Side Icons(Organization)/Add Contact/Password Field"), "8yFRyszE6U6jvsCn51OQbg=="): Text ****** has been set on object 'Object Repository/02-Side Icons(Organization)/Add Contact/Password Field'

2023-01-18 12:49:32 - [MESSAGE][PASSED] - Text ****** has been set on object 'Object Repository/02-Side Icons(Organization)/Add Contact/Password Field'

2023-01-18 12:49:32 - [TEST_STEP][PASSED] - click(findTestObject("02-Side Icons(Organization)/Add Contact/button_Sign in")): Object: 'Object Repository/02-Side Icons(Organization)/Add Contact/button_Sign in' is clicked on

2023-01-18 12:49:33 - [MESSAGE][PASSED] - Object: 'Object Repository/02-Side Icons(Organization)/Add Contact/button_Sign in' is clicked on

2023-01-18 12:49:33 - [TEST_STEP][PASSED] - delay(2): Delayed 2 second(s)

2023-01-18 12:49:35 - [MESSAGE][PASSED] - Delayed 2 second(s)

2023-01-18 12:49:35 - [TEST_STEP][PASSED] - click(findTestObject("06-Teams/For 2FA/button_Confirm_2FA")): Object: 'Object Repository/06-Teams/For 2FA/button_Confirm_2FA' is clicked on

2023-01-18 12:49:35 - [MESSAGE][PASSED] - Object: 'Object Repository/06-Teams/For 2FA/button_Confirm_2FA' is clicked on

2023-01-18 12:49:35 - [TEST_STEP][PASSED] - executeJavaScript("window.open();", []): Execute JavaScript 'window.open();' successfully

2023-01-18 12:49:36 - [MESSAGE][PASSED] - Execute JavaScript 'window.open();' successfully

2023-01-18 12:49:36 - [TEST_STEP][PASSED] - currentWindow = getWindowIndex(): Current window's index is: 0

2023-01-18 12:49:36 - [MESSAGE][PASSED] - Current window's index is: 0

2023-01-18 12:49:36 - [TEST_STEP][PASSED] - delay(3): Delayed 3 second(s)

2023-01-18 12:49:39 - [MESSAGE][PASSED] - Delayed 3 second(s)

2023-01-18 12:49:39 - [TEST_STEP][PASSED] - switchToWindowIndex(currentWindow + 1): Switched to window with index: '1'

2023-01-18 12:49:39 - [MESSAGE][PASSED] - Switched to window with index: '1'

2023-01-18 12:49:39 - [TEST_STEP][PASSED] - navigateToUrl("https://www.mailinator.com/"): Navigate to 'https://www.mailinator.com/' successfully

2023-01-18 12:49:46 - [MESSAGE][PASSED] - Navigate to 'https://www.mailinator.com/' successfully

2023-01-18 12:49:46 - [TEST_STEP][PASSED] - delay(3): Delayed 3 second(s)

2023-01-18 12:49:49 - [MESSAGE][PASSED] - Delayed 3 second(s)

2023-01-18 12:49:49 - [TEST_STEP][PASSED] - setText(findTestObject("00-Signup and Activation/zMailinator/input_LOGIN_search"), "testuser02@mailinator.com"): Text 'testuser02@mailinator.com' is set on object 'Object Repository/00-Signup and Activation/zMailinator/input_LOGIN_search'

2023-01-18 12:49:51 - [MESSAGE][PASSED] - Text 'testuser02@mailinator.com' is set on object 'Object Repository/00-Signup and Activation/zMailinator/input_LOGIN_search'

2023-01-18 12:49:51 - [TEST_STEP][PASSED] - click(findTestObject("00-Signup and Activation/zMailinator/gobutton"), STOP_ON_FAILURE): Object: 'Object Repository/00-Signup and Activation/zMailinator/gobutton' is clicked on

2023-01-18 12:49:54 - [MESSAGE][PASSED] - Object: 'Object Repository/00-Signup and Activation/zMailinator/gobutton' is clicked on

2023-01-18 12:49:54 - [TEST_STEP][PASSED] - delay(3): Delayed 3 second(s)

2023-01-18 12:49:57 - [MESSAGE][PASSED] - Delayed 3 second(s)

2023-01-18 12:49:57 - [TEST_STEP][PASSED] - click(findTestObject("00-Signup and Activation/zMailinator/Email - everleagues")): Object: 'Object Repository/00-Signup and Activation/zMailinator/Email - everleagues' is clicked on

2023-01-18 12:49:58 - [MESSAGE][PASSED] - Object: 'Object Repository/00-Signup and Activation/zMailinator/Email - everleagues' is clicked on

2023-01-18 12:49:58 - [TEST_STEP][PASSED] - delay(3): Delayed 3 second(s)

2023-01-18 12:50:01 - [MESSAGE][PASSED] - Delayed 3 second(s)

2023-01-18 12:50:01 - [TEST_STEP][PASSED] - code = getText(findTestObject("Object Repository/06-Teams/For 2FA/2FA code")): Text of object 'Object Repository/06-Teams/For 2FA/2FA code' is: '461136'

2023-01-18 12:50:02 - [MESSAGE][PASSED] - Text of object 'Object Repository/06-Teams/For 2FA/2FA code' is: '461136'

2023-01-18 12:50:02 - [TEST_STEP][PASSED] - delay(3): Delayed 3 second(s)

2023-01-18 12:50:05 - [MESSAGE][PASSED] - Delayed 3 second(s)

2023-01-18 12:50:05 - [TEST_STEP][PASSED] - closeWindowTitle("Mailinator"): Window with title: 'Mailinator' is closed

2023-01-18 12:50:06 - [MESSAGE][PASSED] - Window with title: 'Mailinator' is closed

2023-01-18 12:50:06 - [TEST_STEP][PASSED] - delay(3): Delayed 3 second(s)

2023-01-18 12:50:09 - [MESSAGE][PASSED] - Delayed 3 second(s)

2023-01-18 12:50:09 - [TEST_STEP][PASSED] - switchToWindowIndex(0): Switched to window with index: '0'

2023-01-18 12:50:09 - [MESSAGE][PASSED] - Switched to window with index: '0'

2023-01-18 12:50:09 - [TEST_STEP][PASSED] - delay(3): Delayed 3 second(s)

2023-01-18 12:50:12 - [MESSAGE][PASSED] - Delayed 3 second(s)

2023-01-18 12:50:12 - [TEST_STEP][PASSED] - setText(findTestObject("Object Repository/06-Teams/For 2FA/input_Enter verification code_code"), code): Text '461136' is set on object 'Object Repository/06-Teams/For 2FA/input_Enter verification code_code'

2023-01-18 12:50:15 - [MESSAGE][PASSED] - Text '461136' is set on object 'Object Repository/06-Teams/For 2FA/input_Enter verification code_code'

2023-01-18 12:50:15 - [TEST_STEP][PASSED] - delay(3): Delayed 3 second(s)

2023-01-18 12:50:18 - [MESSAGE][PASSED] - Delayed 3 second(s)

2023-01-18 12:50:18 - [TEST_STEP][PASSED] - click(findTestObject("06-Teams/For 2FA/button_Verify_2FA")): Object: 'Object Repository/06-Teams/For 2FA/button_Verify_2FA' is clicked on

2023-01-18 12:50:19 - [MESSAGE][PASSED] - Object: 'Object Repository/06-Teams/For 2FA/button_Verify_2FA' is clicked on

2023-01-18 12:50:19 - [TEST_STEP][PASSED] - delay(5): Delayed 5 second(s)

2023-01-18 12:50:24 - [MESSAGE][PASSED] - Delayed 5 second(s)

2023-01-18 12:50:24 - [TEST_STEP][PASSED] - click(findTestObject("06-Teams/button_doublearrow")): Object: 'Object Repository/06-Teams/button_doublearrow' is clicked on

2023-01-18 12:50:25 - [MESSAGE][PASSED] - Object: 'Object Repository/06-Teams/button_doublearrow' is clicked on

2023-01-18 12:50:25 - [TEST_STEP][PASSED] - click(findTestObject("06-Teams/button_My Organizations")): Object: 'Object Repository/06-Teams/button_My Organizations' is clicked on

2023-01-18 12:50:26 - [MESSAGE][PASSED] - Object: 'Object Repository/06-Teams/button_My Organizations' is clicked on

2023-01-18 12:50:26 - [TEST_STEP][PASSED] - click(findTestObject("06-Teams/button_GG Automation")): Object: 'Object Repository/06-Teams/button_GG Automation' is clicked on

2023-01-18 12:50:27 - [MESSAGE][PASSED] - Object: 'Object Repository/06-Teams/button_GG Automation' is clicked on

2023-01-18 12:50:27 - [TEST_STEP][PASSED] - delay(4): Delayed 4 second(s)

2023-01-18 12:50:31 - [MESSAGE][PASSED] - Delayed 4 second(s)

2023-01-18 12:50:31 - [TEST_STEP][PASSED] - verifyElementVisible(findTestObject("06-Teams/span_GG Automation")): Object 'Object Repository/06-Teams/span_GG Automation' is visible

2023-01-18 12:50:32 - [MESSAGE][PASSED] - Object 'Object Repository/06-Teams/span_GG Automation' is visible

2023-01-18 12:50:32 - [TEST_STEP][PASSED] - delay(5): Delayed 5 second(s)

2023-01-18 12:50:37 - [MESSAGE][PASSED] - Delayed 5 second(s)

2023-01-18 12:50:37 - [TEST_STEP][PASSED] - click(findTestObject("03-Header Menu/Hamburger Button/div_Settings")): Object: 'Object Repository/03-Header Menu/Hamburger Button/div_Settings' is clicked on

2023-01-18 12:50:37 - [MESSAGE][PASSED] - Object: 'Object Repository/03-Header Menu/Hamburger Button/div_Settings' is clicked on

2023-01-18 12:50:37 - [TEST_STEP][PASSED] - delay(3): Delayed 3 second(s)

2023-01-18 12:50:41 - [MESSAGE][PASSED] - Delayed 3 second(s)

2023-01-18 12:50:41 - [TEST_STEP][PASSED] - scrollToElement(findTestObject("09-Settings/Users/div_Users"), 0): Scroll to object 'Object Repository/09-Settings/Users/div_Users' successfully

2023-01-18 12:50:41 - [MESSAGE][WARNING] - Timeout '0' is invalid. Using default page load timeout: '30'

2023-01-18 12:50:41 - [MESSAGE][PASSED] - Scroll to object 'Object Repository/09-Settings/Users/div_Users' successfully

2023-01-18 12:50:41 - [TEST_STEP][PASSED] - click(findTestObject("09-Settings/Users/div_Users")): Object: 'Object Repository/09-Settings/Users/div_Users' is clicked on

2023-01-18 12:50:43 - [MESSAGE][PASSED] - Object: 'Object Repository/09-Settings/Users/div_Users' is clicked on

2023-01-18 12:50:43 - [TEST_STEP][PASSED] - delay(3): Delayed 3 second(s)

2023-01-18 12:50:47 - [MESSAGE][PASSED] - Delayed 3 second(s)

2023-01-18 12:50:47 - [TEST_STEP][PASSED] - click(findTestObject("09-Settings/Users/button_add")): Object: 'Object Repository/09-Settings/Users/button_add' is clicked on

2023-01-18 12:50:47 - [MESSAGE][PASSED] - Object: 'Object Repository/09-Settings/Users/button_add' is clicked on

2023-01-18 12:50:47 - [TEST_STEP][PASSED] - delay(3): Delayed 3 second(s)

2023-01-18 12:50:50 - [MESSAGE][PASSED] - Delayed 3 second(s)

2023-01-18 12:50:50 - [TEST_STEP][PASSED] - click(findTestObject("09-Settings/Users/add Invite a single user")): Object: 'Object Repository/09-Settings/Users/add Invite a single user' is clicked on

2023-01-18 12:50:51 - [MESSAGE][PASSED] - Object: 'Object Repository/09-Settings/Users/add Invite a single user' is clicked on

2023-01-18 12:50:51 - [TEST_STEP][PASSED] - delay(3): Delayed 3 second(s)

2023-01-18 12:50:54 - [MESSAGE][PASSED] - Delayed 3 second(s)

2023-01-18 12:50:54 - [TEST_STEP][PASSED] - setText(findTestObject("09-Settings/Users/input_email"), "autotester09@mailinator.com"): Text 'autotester09@mailinator.com' is set on object 'Object Repository/09-Settings/Users/input_email'

2023-01-18 12:50:57 - [MESSAGE][PASSED] - Text 'autotester09@mailinator.com' is set on object 'Object Repository/09-Settings/Users/input_email'

2023-01-18 12:50:57 - [TEST_STEP][PASSED] - setText(findTestObject("09-Settings/Users/input_firstName"), "GG"): Text 'GG' is set on object 'Object Repository/09-Settings/Users/input_firstName'

2023-01-18 12:50:58 - [MESSAGE][PASSED] - Text 'GG' is set on object 'Object Repository/09-Settings/Users/input_firstName'

2023-01-18 12:50:58 - [TEST_STEP][PASSED] - setText(findTestObject("09-Settings/Users/input_lastName"), "Client"): Text 'Client' is set on object 'Object Repository/09-Settings/Users/input_lastName'

2023-01-18 12:51:00 - [MESSAGE][PASSED] - Text 'Client' is set on object 'Object Repository/09-Settings/Users/input_lastName'

2023-01-18 12:51:00 - [TEST_STEP][PASSED] - click(findTestObject("09-Settings/Users/span_Role")): Object: 'Object Repository/09-Settings/Users/span_Role' is clicked on

2023-01-18 12:51:01 - [MESSAGE][PASSED] - Object: 'Object Repository/09-Settings/Users/span_Role' is clicked on

2023-01-18 12:51:01 - [TEST_STEP][PASSED] - click(findTestObject("09-Settings/Users/span_Client")): Object: 'Object Repository/09-Settings/Users/span_Client' is clicked on

2023-01-18 12:51:02 - [MESSAGE][PASSED] - Object: 'Object Repository/09-Settings/Users/span_Client' is clicked on

2023-01-18 12:51:02 - [TEST_STEP][PASSED] - click(findTestObject("09-Settings/Users/button_Send Invitation")): Object: 'Object Repository/09-Settings/Users/button_Send Invitation' is clicked on

2023-01-18 12:51:03 - [MESSAGE][PASSED] - Object: 'Object Repository/09-Settings/Users/button_Send Invitation' is clicked on

2023-01-18 12:51:03 - [TEST_STEP][PASSED] - delay(2): Delayed 2 second(s)

2023-01-18 12:51:05 - [MESSAGE][PASSED] - Delayed 2 second(s)

2023-01-18 12:51:05 - [TEST_STEP][PASSED] - verifyElementVisible(findTestObject("07-Directory/Connections/zContact Profile/Successfully invited user")): Object 'Object Repository/07-Directory/Connections/zContact Profile/Successfully invited user' is visible

2023-01-18 12:51:07 - [MESSAGE][PASSED] - Object 'Object Repository/07-Directory/Connections/zContact Profile/Successfully invited user' is visible

2023-01-18 12:51:07 - [TEST_STEP][PASSED] - delay(2): Delayed 2 second(s)

2023-01-18 12:51:09 - [MESSAGE][PASSED] - Delayed 2 second(s)

2023-01-18 12:51:09 - [TEST_STEP][PASSED] - click(findTestObject("01-Login and Forgot Password/User menu drop")): Object: 'Object Repository/01-Login and Forgot Password/User menu drop' is clicked on

2023-01-18 12:51:10 - [MESSAGE][PASSED] - Object: 'Object Repository/01-Login and Forgot Password/User menu drop' is clicked on

2023-01-18 12:51:10 - [TEST_STEP][PASSED] - delay(2): Delayed 2 second(s)

2023-01-18 12:51:12 - [MESSAGE][PASSED] - Delayed 2 second(s)

2023-01-18 12:51:12 - [TEST_STEP][PASSED] - click(findTestObject("01-Login and Forgot Password/h4_Sign Out"), STOP_ON_FAILURE): Object: 'Object Repository/01-Login and Forgot Password/h4_Sign Out' is clicked on

2023-01-18 12:51:13 - [MESSAGE][PASSED] - Object: 'Object Repository/01-Login and Forgot Password/h4_Sign Out' is clicked on

2023-01-18 12:51:13 - [TEST_STEP][PASSED] - delay(2): Delayed 2 second(s)

2023-01-18 12:51:15 - [MESSAGE][PASSED] - Delayed 2 second(s)

2023-01-18 12:51:15 - [TEST_STEP][PASSED] - verifyElementPresent(findTestObject("01-Login and Forgot Password/Login_Card"), 0): Object 'Object Repository/01-Login and Forgot Password/Login_Card' is present

2023-01-18 12:51:15 - [MESSAGE][WARNING] - Timeout '0' is invalid. Using default page load timeout: '30'

2023-01-18 12:51:16 - [MESSAGE][PASSED] - Object 'Object Repository/01-Login and Forgot Password/Login_Card' is present

2023-01-18 12:51:16 - [TEST_STEP][PASSED] - delay(3): Delayed 3 second(s)

2023-01-18 12:51:19 - [MESSAGE][PASSED] - Delayed 3 second(s)

2023-01-18 12:51:19 - [TEST_STEP][PASSED] - closeBrowser(): Browser is closed

2023-01-18 12:51:20 - [MESSAGE][PASSED] - Browser is closed

2023-01-18 12:51:20 - [TEST_STEP][PASSED] - openBrowser(""): Browser is opened with url: ''

2023-01-18 12:51:20 - [MESSAGE][INFO] - Starting 'Chrome' driver

2023-01-18 12:51:20 - [MESSAGE][INFO] - Action delay is set to 0 milliseconds

2023-01-18 12:51:23 - [MESSAGE][PASSED] - Browser is opened with url: ''

2023-01-18 12:51:23 - [TEST_STEP][PASSED] - navigateToUrl("https://lab.everleagues.com/"): Navigate to 'https://lab.everleagues.com/' successfully

2023-01-18 12:51:48 - [MESSAGE][PASSED] - Navigate to 'https://lab.everleagues.com/' successfully

2023-01-18 12:51:48 - [TEST_STEP][PASSED] - maximizeWindow(): Current window maximized

2023-01-18 12:51:48 - [MESSAGE][PASSED] - Current window maximized

2023-01-18 12:51:48 - [TEST_STEP][PASSED] - setText(findTestObject("02-Side Icons(Organization)/Add Contact/Email Field"), "autotester09@mailinator.com"): Text 'autotester09@mailinator.com' is set on object 'Object Repository/02-Side Icons(Organization)/Add Contact/Email Field'

2023-01-18 12:51:50 - [MESSAGE][PASSED] - Text 'autotester09@mailinator.com' is set on object 'Object Repository/02-Side Icons(Organization)/Add Contact/Email Field'

2023-01-18 12:51:50 - [TEST_STEP][PASSED] - setEncryptedText(findTestObject("02-Side Icons(Organization)/Add Contact/Password Field"), "8yFRyszE6U6jvsCn51OQbg=="): Text ****** has been set on object 'Object Repository/02-Side Icons(Organization)/Add Contact/Password Field'

2023-01-18 12:51:51 - [MESSAGE][PASSED] - Text ****** has been set on object 'Object Repository/02-Side Icons(Organization)/Add Contact/Password Field'

2023-01-18 12:51:51 - [TEST_STEP][PASSED] - click(findTestObject("02-Side Icons(Organization)/Add Contact/button_Sign in")): Object: 'Object Repository/02-Side Icons(Organization)/Add Contact/button_Sign in' is clicked on

2023-01-18 12:51:52 - [MESSAGE][PASSED] - Object: 'Object Repository/02-Side Icons(Organization)/Add Contact/button_Sign in' is clicked on

2023-01-18 12:51:52 - [TEST_STEP][PASSED] - delay(2): Delayed 2 second(s)

2023-01-18 12:51:54 - [MESSAGE][PASSED] - Delayed 2 second(s)

2023-01-18 12:51:54 - [TEST_STEP][PASSED] - click(findTestObject("06-Teams/For 2FA/button_Confirm_2FA")): Object: 'Object Repository/06-Teams/For 2FA/button_Confirm_2FA' is clicked on

2023-01-18 12:51:55 - [MESSAGE][PASSED] - Object: 'Object Repository/06-Teams/For 2FA/button_Confirm_2FA' is clicked on

2023-01-18 12:51:55 - [TEST_STEP][PASSED] - executeJavaScript("window.open();", []): Execute JavaScript 'window.open();' successfully

2023-01-18 12:51:55 - [MESSAGE][PASSED] - Execute JavaScript 'window.open();' successfully

2023-01-18 12:51:55 - [TEST_STEP][PASSED] - currentWindow = getWindowIndex(): Current window's index is: 0

2023-01-18 12:51:55 - [MESSAGE][PASSED] - Current window's index is: 0

2023-01-18 12:51:55 - [TEST_STEP][PASSED] - delay(3): Delayed 3 second(s)

2023-01-18 12:51:58 - [MESSAGE][PASSED] - Delayed 3 second(s)

2023-01-18 12:51:58 - [TEST_STEP][PASSED] - switchToWindowIndex(currentWindow + 1): Switched to window with index: '1'

2023-01-18 12:51:58 - [MESSAGE][PASSED] - Switched to window with index: '1'

2023-01-18 12:51:58 - [TEST_STEP][PASSED] - navigateToUrl("https://www.mailinator.com/"): Navigate to 'https://www.mailinator.com/' successfully

2023-01-18 12:52:06 - [MESSAGE][PASSED] - Navigate to 'https://www.mailinator.com/' successfully

2023-01-18 12:52:06 - [TEST_STEP][PASSED] - delay(3): Delayed 3 second(s)

2023-01-18 12:52:09 - [MESSAGE][PASSED] - Delayed 3 second(s)

2023-01-18 12:52:09 - [TEST_STEP][PASSED] - setText(findTestObject("00-Signup and Activation/zMailinator/input_LOGIN_search"), "autotester09@mailinator.com"): Text 'autotester09@mailinator.com' is set on object 'Object Repository/00-Signup and Activation/zMailinator/input_LOGIN_search'

2023-01-18 12:52:11 - [MESSAGE][PASSED] - Text 'autotester09@mailinator.com' is set on object 'Object Repository/00-Signup and Activation/zMailinator/input_LOGIN_search'

2023-01-18 12:52:11 - [TEST_STEP][PASSED] - click(findTestObject("00-Signup and Activation/zMailinator/gobutton"), STOP_ON_FAILURE): Object: 'Object Repository/00-Signup and Activation/zMailinator/gobutton' is clicked on

2023-01-18 12:52:15 - [MESSAGE][PASSED] - Object: 'Object Repository/00-Signup and Activation/zMailinator/gobutton' is clicked on

2023-01-18 12:52:15 - [TEST_STEP][PASSED] - delay(3): Delayed 3 second(s)

2023-01-18 12:52:18 - [MESSAGE][PASSED] - Delayed 3 second(s)

2023-01-18 12:52:18 - [TEST_STEP][PASSED] - click(findTestObject("00-Signup and Activation/zMailinator/Email - everleagues")): Object: 'Object Repository/00-Signup and Activation/zMailinator/Email - everleagues' is clicked on

2023-01-18 12:52:19 - [MESSAGE][PASSED] - Object: 'Object Repository/00-Signup and Activation/zMailinator/Email - everleagues' is clicked on

2023-01-18 12:52:19 - [TEST_STEP][PASSED] - delay(3): Delayed 3 second(s)

2023-01-18 12:52:22 - [MESSAGE][PASSED] - Delayed 3 second(s)

2023-01-18 12:52:22 - [TEST_STEP][PASSED] - codetwo = getText(findTestObject("Object Repository/06-Teams/For 2FA/2FA code")): Text of object 'Object Repository/06-Teams/For 2FA/2FA code' is: '179638'

2023-01-18 12:52:23 - [MESSAGE][PASSED] - Text of object 'Object Repository/06-Teams/For 2FA/2FA code' is: '179638'

2023-01-18 12:52:23 - [TEST_STEP][PASSED] - delay(3): Delayed 3 second(s)

2023-01-18 12:52:26 - [MESSAGE][PASSED] - Delayed 3 second(s)

2023-01-18 12:52:26 - [TEST_STEP][PASSED] - closeWindowTitle("Mailinator"): Window with title: 'Mailinator' is closed

2023-01-18 12:52:26 - [MESSAGE][PASSED] - Window with title: 'Mailinator' is closed

2023-01-18 12:52:26 - [TEST_STEP][PASSED] - delay(3): Delayed 3 second(s)

2023-01-18 12:52:29 - [MESSAGE][PASSED] - Delayed 3 second(s)

2023-01-18 12:52:29 - [TEST_STEP][PASSED] - switchToWindowIndex(0): Switched to window with index: '0'

2023-01-18 12:52:29 - [MESSAGE][PASSED] - Switched to window with index: '0'

2023-01-18 12:52:29 - [TEST_STEP][PASSED] - delay(3): Delayed 3 second(s)

2023-01-18 12:52:32 - [MESSAGE][PASSED] - Delayed 3 second(s)

2023-01-18 12:52:32 - [TEST_STEP][PASSED] - setText(findTestObject("Object Repository/06-Teams/For 2FA/input_Enter verification code_code"), codetwo): Text '179638' is set on object 'Object Repository/06-Teams/For 2FA/input_Enter verification code_code'

2023-01-18 12:52:34 - [MESSAGE][PASSED] - Text '179638' is set on object 'Object Repository/06-Teams/For 2FA/input_Enter verification code_code'

2023-01-18 12:52:34 - [TEST_STEP][PASSED] - delay(3): Delayed 3 second(s)

2023-01-18 12:52:37 - [MESSAGE][PASSED] - Delayed 3 second(s)

2023-01-18 12:52:37 - [TEST_STEP][PASSED] - click(findTestObject("06-Teams/For 2FA/button_Verify_2FA")): Object: 'Object Repository/06-Teams/For 2FA/button_Verify_2FA' is clicked on

2023-01-18 12:52:38 - [MESSAGE][PASSED] - Object: 'Object Repository/06-Teams/For 2FA/button_Verify_2FA' is clicked on

2023-01-18 12:52:38 - [TEST_STEP][PASSED] - delay(5): Delayed 5 second(s)

2023-01-18 12:52:43 - [MESSAGE][PASSED] - Delayed 5 second(s)

2023-01-18 12:52:43 - [TEST_STEP][PASSED] - executeJavaScript("window.open();", []): Execute JavaScript 'window.open();' successfully

2023-01-18 12:52:43 - [MESSAGE][PASSED] - Execute JavaScript 'window.open();' successfully

2023-01-18 12:52:43 - [TEST_STEP][PASSED] - currentWindow = getWindowIndex(): Current window's index is: 0

2023-01-18 12:52:43 - [MESSAGE][PASSED] - Current window's index is: 0

2023-01-18 12:52:43 - [TEST_STEP][PASSED] - delay(3): Delayed 3 second(s)

2023-01-18 12:52:46 - [MESSAGE][PASSED] - Delayed 3 second(s)

2023-01-18 12:52:46 - [TEST_STEP][PASSED] - switchToWindowIndex(currentWindow + 1): Switched to window with index: '1'

2023-01-18 12:52:46 - [MESSAGE][PASSED] - Switched to window with index: '1'

2023-01-18 12:52:46 - [TEST_STEP][PASSED] - navigateToUrl("https://www.mailinator.com/"): Navigate to 'https://www.mailinator.com/' successfully

2023-01-18 12:52:52 - [MESSAGE][PASSED] - Navigate to 'https://www.mailinator.com/' successfully

2023-01-18 12:52:52 - [TEST_STEP][PASSED] - delay(3): Delayed 3 second(s)

2023-01-18 12:52:55 - [MESSAGE][PASSED] - Delayed 3 second(s)

2023-01-18 12:52:55 - [TEST_STEP][PASSED] - setText(findTestObject("00-Signup and Activation/zMailinator/input_LOGIN_search"), "autotester09@mailinator.com"): Text 'autotester09@mailinator.com' is set on object 'Object Repository/00-Signup and Activation/zMailinator/input_LOGIN_search'

2023-01-18 12:52:56 - [MESSAGE][PASSED] - Text 'autotester09@mailinator.com' is set on object 'Object Repository/00-Signup and Activation/zMailinator/input_LOGIN_search'

2023-01-18 12:52:56 - [TEST_STEP][PASSED] - click(findTestObject("00-Signup and Activation/zMailinator/gobutton"), STOP_ON_FAILURE): Object: 'Object Repository/00-Signup and Activation/zMailinator/gobutton' is clicked on

2023-01-18 12:52:59 - [MESSAGE][PASSED] - Object: 'Object Repository/00-Signup and Activation/zMailinator/gobutton' is clicked on

2023-01-18 12:52:59 - [TEST_STEP][PASSED] - delay(3): Delayed 3 second(s)

2023-01-18 12:53:02 - [MESSAGE][PASSED] - Delayed 3 second(s)

2023-01-18 12:53:02 - [TEST_STEP][PASSED] - closeWindowTitle("Everleagues"): Window with title: 'Everleagues' is closed

2023-01-18 12:53:02 - [MESSAGE][PASSED] - Window with title: 'Everleagues' is closed

2023-01-18 12:53:02 - [TEST_STEP][PASSED] - switchToWindowIndex(0): Switched to window with index: '0'

2023-01-18 12:53:03 - [MESSAGE][PASSED] - Switched to window with index: '0'

2023-01-18 12:53:03 - [TEST_STEP][PASSED] - click(findTestObject("09-Settings/Users/Co worker/td_Invitation from GG Automation")): Object: 'Object Repository/09-Settings/Users/Co worker/td_Invitation from GG Automation' is clicked on

2023-01-18 12:53:03 - [MESSAGE][PASSED] - Object: 'Object Repository/09-Settings/Users/Co worker/td_Invitation from GG Automation' is clicked on

2023-01-18 12:53:03 - [TEST_STEP][PASSED] - click(findTestObject("09-Settings/Users/Co worker/a_Click here to join GG Automation on EverLeagues")): Object: 'Object Repository/09-Settings/Users/Co worker/a_Click here to join GG Automation on EverLeagues' is clicked on

2023-01-18 12:53:05 - [MESSAGE][PASSED] - Object: 'Object Repository/09-Settings/Users/Co worker/a_Click here to join GG Automation on EverLeagues' is clicked on

2023-01-18 12:53:05 - [TEST_STEP][PASSED] - closeWindowTitle("Mailinator"): Window with title: 'Mailinator' is closed

2023-01-18 12:53:05 - [MESSAGE][PASSED] - Window with title: 'Mailinator' is closed

2023-01-18 12:53:05 - [TEST_STEP][PASSED] - switchToWindowIndex(0): Switched to window with index: '0'

2023-01-18 12:53:05 - [MESSAGE][PASSED] - Switched to window with index: '0'

2023-01-18 12:53:05 - [TEST_STEP][PASSED] - verifyElementVisible(findTestObject("09-Settings/Users/Client/Invite modal")): Object 'Object Repository/09-Settings/Users/Client/Invite modal' is visible

2023-01-18 12:53:23 - [MESSAGE][PASSED] - Object 'Object Repository/09-Settings/Users/Client/Invite modal' is visible

2023-01-18 12:53:23 - [TEST_STEP][PASSED] - setText(findTestObject("09-Settings/Users/Client/Company field"), "QA Company"): Text 'QA Company' is set on object 'Object Repository/09-Settings/Users/Client/Company field'

2023-01-18 12:53:24 - [MESSAGE][PASSED] - Text 'QA Company' is set on object 'Object Repository/09-Settings/Users/Client/Company field'

2023-01-18 12:53:24 - [TEST_STEP][PASSED] - click(findTestObject("09-Settings/Users/Client/button_Accept")): Object: 'Object Repository/09-Settings/Users/Client/button_Accept' is clicked on

2023-01-18 12:53:25 - [MESSAGE][PASSED] - Object: 'Object Repository/09-Settings/Users/Client/button_Accept' is clicked on

2023-01-18 12:53:25 - [TEST_STEP][PASSED] - delay(5): Delayed 5 second(s)

2023-01-18 12:53:30 - [MESSAGE][PASSED] - Delayed 5 second(s)

2023-01-18 12:53:30 - [TEST_STEP][PASSED] - verifyElementVisible(findTestObject("09-Settings/Users/Client/div_Joined as CLIENT")): Object 'Object Repository/09-Settings/Users/Client/div_Joined as CLIENT' is visible

2023-01-18 12:53:32 - [MESSAGE][PASSED] - Object 'Object Repository/09-Settings/Users/Client/div_Joined as CLIENT' is visible

2023-01-18 12:53:32 - [TEST_STEP][PASSED] - delay(3): Delayed 3 second(s)

2023-01-18 12:53:35 - [MESSAGE][PASSED] - Delayed 3 second(s)

2023-01-18 12:53:35 - [TEST_STEP][PASSED] - closeBrowser(): Browser is closed

2023-01-18 12:53:37 - [MESSAGE][PASSED] - Browser is closed]]></system-out>
         <system-err><![CDATA[]]></system-err>
      </testcase>
      <testcase name="Test Cases/09-Settings/04 - Users (Invite new user as partner)" time="345.116" classname="Test Cases/09-Settings/04 - Users (Invite new user as partner)" status="PASSED">
         <system-out><![CDATA[2023-01-18 12:53:37 - [TEST_CASE][PASSED] - Test Cases/09-Settings/04 - Users (Invite new user as partner): Test Cases/09-Settings/04 - Users (Invite new user as partner)

2023-01-18 12:53:38 - [TEST_STEP][PASSED] - openBrowser(""): Browser is opened with url: ''

2023-01-18 12:53:38 - [MESSAGE][INFO] - Starting 'Chrome' driver

2023-01-18 12:53:38 - [MESSAGE][INFO] - Action delay is set to 0 milliseconds

2023-01-18 12:53:41 - [MESSAGE][PASSED] - Browser is opened with url: ''

2023-01-18 12:53:41 - [TEST_STEP][PASSED] - navigateToUrl("https://lab.everleagues.com/"): Navigate to 'https://lab.everleagues.com/' successfully

2023-01-18 12:55:05 - [MESSAGE][PASSED] - Navigate to 'https://lab.everleagues.com/' successfully

2023-01-18 12:55:05 - [TEST_STEP][PASSED] - maximizeWindow(): Current window maximized

2023-01-18 12:55:06 - [MESSAGE][PASSED] - Current window maximized

2023-01-18 12:55:06 - [TEST_STEP][PASSED] - setText(findTestObject("02-Side Icons(Organization)/Add Contact/Email Field"), "testuser02@mailinator.com"): Text 'testuser02@mailinator.com' is set on object 'Object Repository/02-Side Icons(Organization)/Add Contact/Email Field'

2023-01-18 12:55:08 - [MESSAGE][PASSED] - Text 'testuser02@mailinator.com' is set on object 'Object Repository/02-Side Icons(Organization)/Add Contact/Email Field'

2023-01-18 12:55:08 - [TEST_STEP][PASSED] - setEncryptedText(findTestObject("02-Side Icons(Organization)/Add Contact/Password Field"), "8yFRyszE6U6jvsCn51OQbg=="): Text ****** has been set on object 'Object Repository/02-Side Icons(Organization)/Add Contact/Password Field'

2023-01-18 12:55:09 - [MESSAGE][PASSED] - Text ****** has been set on object 'Object Repository/02-Side Icons(Organization)/Add Contact/Password Field'

2023-01-18 12:55:09 - [TEST_STEP][PASSED] - click(findTestObject("02-Side Icons(Organization)/Add Contact/button_Sign in")): Object: 'Object Repository/02-Side Icons(Organization)/Add Contact/button_Sign in' is clicked on

2023-01-18 12:55:10 - [MESSAGE][PASSED] - Object: 'Object Repository/02-Side Icons(Organization)/Add Contact/button_Sign in' is clicked on

2023-01-18 12:55:10 - [TEST_STEP][PASSED] - delay(2): Delayed 2 second(s)

2023-01-18 12:55:12 - [MESSAGE][PASSED] - Delayed 2 second(s)

2023-01-18 12:55:12 - [TEST_STEP][PASSED] - click(findTestObject("06-Teams/For 2FA/button_Confirm_2FA")): Object: 'Object Repository/06-Teams/For 2FA/button_Confirm_2FA' is clicked on

2023-01-18 12:55:13 - [MESSAGE][PASSED] - Object: 'Object Repository/06-Teams/For 2FA/button_Confirm_2FA' is clicked on

2023-01-18 12:55:13 - [TEST_STEP][PASSED] - executeJavaScript("window.open();", []): Execute JavaScript 'window.open();' successfully

2023-01-18 12:55:13 - [MESSAGE][PASSED] - Execute JavaScript 'window.open();' successfully

2023-01-18 12:55:13 - [TEST_STEP][PASSED] - currentWindow = getWindowIndex(): Current window's index is: 0

2023-01-18 12:55:13 - [MESSAGE][PASSED] - Current window's index is: 0

2023-01-18 12:55:13 - [TEST_STEP][PASSED] - delay(3): Delayed 3 second(s)

2023-01-18 12:55:16 - [MESSAGE][PASSED] - Delayed 3 second(s)

2023-01-18 12:55:16 - [TEST_STEP][PASSED] - switchToWindowIndex(currentWindow + 1): Switched to window with index: '1'

2023-01-18 12:55:16 - [MESSAGE][PASSED] - Switched to window with index: '1'

2023-01-18 12:55:16 - [TEST_STEP][PASSED] - navigateToUrl("https://www.mailinator.com/"): Navigate to 'https://www.mailinator.com/' successfully

2023-01-18 12:55:26 - [MESSAGE][PASSED] - Navigate to 'https://www.mailinator.com/' successfully

2023-01-18 12:55:26 - [TEST_STEP][PASSED] - delay(3): Delayed 3 second(s)

2023-01-18 12:55:29 - [MESSAGE][PASSED] - Delayed 3 second(s)

2023-01-18 12:55:29 - [TEST_STEP][PASSED] - setText(findTestObject("00-Signup and Activation/zMailinator/input_LOGIN_search"), "testuser02@mailinator.com"): Text 'testuser02@mailinator.com' is set on object 'Object Repository/00-Signup and Activation/zMailinator/input_LOGIN_search'

2023-01-18 12:55:31 - [MESSAGE][PASSED] - Text 'testuser02@mailinator.com' is set on object 'Object Repository/00-Signup and Activation/zMailinator/input_LOGIN_search'

2023-01-18 12:55:31 - [TEST_STEP][PASSED] - click(findTestObject("00-Signup and Activation/zMailinator/gobutton"), STOP_ON_FAILURE): Object: 'Object Repository/00-Signup and Activation/zMailinator/gobutton' is clicked on

2023-01-18 12:55:36 - [MESSAGE][PASSED] - Object: 'Object Repository/00-Signup and Activation/zMailinator/gobutton' is clicked on

2023-01-18 12:55:36 - [TEST_STEP][PASSED] - delay(3): Delayed 3 second(s)

2023-01-18 12:55:39 - [MESSAGE][PASSED] - Delayed 3 second(s)

2023-01-18 12:55:39 - [TEST_STEP][PASSED] - click(findTestObject("00-Signup and Activation/zMailinator/Email - everleagues")): Object: 'Object Repository/00-Signup and Activation/zMailinator/Email - everleagues' is clicked on

2023-01-18 12:55:39 - [MESSAGE][PASSED] - Object: 'Object Repository/00-Signup and Activation/zMailinator/Email - everleagues' is clicked on

2023-01-18 12:55:39 - [TEST_STEP][PASSED] - delay(3): Delayed 3 second(s)

2023-01-18 12:55:42 - [MESSAGE][PASSED] - Delayed 3 second(s)

2023-01-18 12:55:42 - [TEST_STEP][PASSED] - code = getText(findTestObject("Object Repository/06-Teams/For 2FA/2FA code")): Text of object 'Object Repository/06-Teams/For 2FA/2FA code' is: '885575'

2023-01-18 12:55:43 - [MESSAGE][PASSED] - Text of object 'Object Repository/06-Teams/For 2FA/2FA code' is: '885575'

2023-01-18 12:55:43 - [TEST_STEP][PASSED] - delay(3): Delayed 3 second(s)

2023-01-18 12:55:46 - [MESSAGE][PASSED] - Delayed 3 second(s)

2023-01-18 12:55:46 - [TEST_STEP][PASSED] - closeWindowTitle("Mailinator"): Window with title: 'Mailinator' is closed

2023-01-18 12:55:47 - [MESSAGE][PASSED] - Window with title: 'Mailinator' is closed

2023-01-18 12:55:47 - [TEST_STEP][PASSED] - delay(3): Delayed 3 second(s)

2023-01-18 12:55:50 - [MESSAGE][PASSED] - Delayed 3 second(s)

2023-01-18 12:55:50 - [TEST_STEP][PASSED] - switchToWindowIndex(0): Switched to window with index: '0'

2023-01-18 12:55:50 - [MESSAGE][PASSED] - Switched to window with index: '0'

2023-01-18 12:55:50 - [TEST_STEP][PASSED] - delay(3): Delayed 3 second(s)

2023-01-18 12:55:53 - [MESSAGE][PASSED] - Delayed 3 second(s)

2023-01-18 12:55:53 - [TEST_STEP][PASSED] - setText(findTestObject("Object Repository/06-Teams/For 2FA/input_Enter verification code_code"), code): Text '885575' is set on object 'Object Repository/06-Teams/For 2FA/input_Enter verification code_code'

2023-01-18 12:55:55 - [MESSAGE][PASSED] - Text '885575' is set on object 'Object Repository/06-Teams/For 2FA/input_Enter verification code_code'

2023-01-18 12:55:55 - [TEST_STEP][PASSED] - delay(3): Delayed 3 second(s)

2023-01-18 12:55:58 - [MESSAGE][PASSED] - Delayed 3 second(s)

2023-01-18 12:55:58 - [TEST_STEP][PASSED] - click(findTestObject("06-Teams/For 2FA/button_Verify_2FA")): Object: 'Object Repository/06-Teams/For 2FA/button_Verify_2FA' is clicked on

2023-01-18 12:55:59 - [MESSAGE][PASSED] - Object: 'Object Repository/06-Teams/For 2FA/button_Verify_2FA' is clicked on

2023-01-18 12:55:59 - [TEST_STEP][PASSED] - delay(5): Delayed 5 second(s)

2023-01-18 12:56:04 - [MESSAGE][PASSED] - Delayed 5 second(s)

2023-01-18 12:56:04 - [TEST_STEP][PASSED] - click(findTestObject("06-Teams/button_doublearrow")): Object: 'Object Repository/06-Teams/button_doublearrow' is clicked on

2023-01-18 12:56:06 - [MESSAGE][PASSED] - Object: 'Object Repository/06-Teams/button_doublearrow' is clicked on

2023-01-18 12:56:06 - [TEST_STEP][PASSED] - click(findTestObject("06-Teams/button_My Organizations")): Object: 'Object Repository/06-Teams/button_My Organizations' is clicked on

2023-01-18 12:56:07 - [MESSAGE][PASSED] - Object: 'Object Repository/06-Teams/button_My Organizations' is clicked on

2023-01-18 12:56:07 - [TEST_STEP][PASSED] - click(findTestObject("06-Teams/button_GG Automation")): Object: 'Object Repository/06-Teams/button_GG Automation' is clicked on

2023-01-18 12:56:08 - [MESSAGE][PASSED] - Object: 'Object Repository/06-Teams/button_GG Automation' is clicked on

2023-01-18 12:56:08 - [TEST_STEP][PASSED] - delay(4): Delayed 4 second(s)

2023-01-18 12:56:12 - [MESSAGE][PASSED] - Delayed 4 second(s)

2023-01-18 12:56:12 - [TEST_STEP][PASSED] - verifyElementVisible(findTestObject("06-Teams/span_GG Automation")): Object 'Object Repository/06-Teams/span_GG Automation' is visible

2023-01-18 12:56:13 - [MESSAGE][PASSED] - Object 'Object Repository/06-Teams/span_GG Automation' is visible

2023-01-18 12:56:13 - [TEST_STEP][PASSED] - delay(5): Delayed 5 second(s)

2023-01-18 12:56:18 - [MESSAGE][PASSED] - Delayed 5 second(s)

2023-01-18 12:56:18 - [TEST_STEP][PASSED] - click(findTestObject("03-Header Menu/Hamburger Button/div_Settings")): Object: 'Object Repository/03-Header Menu/Hamburger Button/div_Settings' is clicked on

2023-01-18 12:56:18 - [MESSAGE][PASSED] - Object: 'Object Repository/03-Header Menu/Hamburger Button/div_Settings' is clicked on

2023-01-18 12:56:18 - [TEST_STEP][PASSED] - delay(3): Delayed 3 second(s)

2023-01-18 12:56:21 - [MESSAGE][PASSED] - Delayed 3 second(s)

2023-01-18 12:56:21 - [TEST_STEP][PASSED] - scrollToElement(findTestObject("09-Settings/Users/div_Users"), 0): Scroll to object 'Object Repository/09-Settings/Users/div_Users' successfully

2023-01-18 12:56:22 - [MESSAGE][WARNING] - Timeout '0' is invalid. Using default page load timeout: '30'

2023-01-18 12:56:22 - [MESSAGE][PASSED] - Scroll to object 'Object Repository/09-Settings/Users/div_Users' successfully

2023-01-18 12:56:22 - [TEST_STEP][PASSED] - click(findTestObject("09-Settings/Users/div_Users")): Object: 'Object Repository/09-Settings/Users/div_Users' is clicked on

2023-01-18 12:56:24 - [MESSAGE][PASSED] - Object: 'Object Repository/09-Settings/Users/div_Users' is clicked on

2023-01-18 12:56:24 - [TEST_STEP][PASSED] - delay(3): Delayed 3 second(s)

2023-01-18 12:56:27 - [MESSAGE][PASSED] - Delayed 3 second(s)

2023-01-18 12:56:27 - [TEST_STEP][PASSED] - click(findTestObject("09-Settings/Users/button_add")): Object: 'Object Repository/09-Settings/Users/button_add' is clicked on

2023-01-18 12:56:28 - [MESSAGE][PASSED] - Object: 'Object Repository/09-Settings/Users/button_add' is clicked on

2023-01-18 12:56:28 - [TEST_STEP][PASSED] - delay(3): Delayed 3 second(s)

2023-01-18 12:56:31 - [MESSAGE][PASSED] - Delayed 3 second(s)

2023-01-18 12:56:31 - [TEST_STEP][PASSED] - click(findTestObject("09-Settings/Users/add Invite a single user")): Object: 'Object Repository/09-Settings/Users/add Invite a single user' is clicked on

2023-01-18 12:56:32 - [MESSAGE][PASSED] - Object: 'Object Repository/09-Settings/Users/add Invite a single user' is clicked on

2023-01-18 12:56:32 - [TEST_STEP][PASSED] - delay(3): Delayed 3 second(s)

2023-01-18 12:56:35 - [MESSAGE][PASSED] - Delayed 3 second(s)

2023-01-18 12:56:35 - [TEST_STEP][PASSED] - setText(findTestObject("09-Settings/Users/input_email"), "autotester10@mailinator.com"): Text 'autotester10@mailinator.com' is set on object 'Object Repository/09-Settings/Users/input_email'

2023-01-18 12:56:39 - [MESSAGE][PASSED] - Text 'autotester10@mailinator.com' is set on object 'Object Repository/09-Settings/Users/input_email'

2023-01-18 12:56:39 - [TEST_STEP][PASSED] - setText(findTestObject("09-Settings/Users/input_firstName"), "GG"): Text 'GG' is set on object 'Object Repository/09-Settings/Users/input_firstName'

2023-01-18 12:56:40 - [MESSAGE][PASSED] - Text 'GG' is set on object 'Object Repository/09-Settings/Users/input_firstName'

2023-01-18 12:56:40 - [TEST_STEP][PASSED] - setText(findTestObject("09-Settings/Users/input_lastName"), "Partner"): Text 'Partner' is set on object 'Object Repository/09-Settings/Users/input_lastName'

2023-01-18 12:56:42 - [MESSAGE][PASSED] - Text 'Partner' is set on object 'Object Repository/09-Settings/Users/input_lastName'

2023-01-18 12:56:42 - [TEST_STEP][PASSED] - click(findTestObject("09-Settings/Users/span_Role")): Object: 'Object Repository/09-Settings/Users/span_Role' is clicked on

2023-01-18 12:56:43 - [MESSAGE][PASSED] - Object: 'Object Repository/09-Settings/Users/span_Role' is clicked on

2023-01-18 12:56:43 - [TEST_STEP][PASSED] - click(findTestObject("09-Settings/Users/span_Partner")): Object: 'Object Repository/09-Settings/Users/span_Partner' is clicked on

2023-01-18 12:56:44 - [MESSAGE][PASSED] - Object: 'Object Repository/09-Settings/Users/span_Partner' is clicked on

2023-01-18 12:56:44 - [TEST_STEP][PASSED] - click(findTestObject("09-Settings/Users/button_Send Invitation")): Object: 'Object Repository/09-Settings/Users/button_Send Invitation' is clicked on

2023-01-18 12:56:45 - [MESSAGE][PASSED] - Object: 'Object Repository/09-Settings/Users/button_Send Invitation' is clicked on

2023-01-18 12:56:45 - [TEST_STEP][PASSED] - delay(2): Delayed 2 second(s)

2023-01-18 12:56:47 - [MESSAGE][PASSED] - Delayed 2 second(s)

2023-01-18 12:56:47 - [TEST_STEP][PASSED] - verifyElementVisible(findTestObject("07-Directory/Connections/zContact Profile/Successfully invited user")): Object 'Object Repository/07-Directory/Connections/zContact Profile/Successfully invited user' is visible

2023-01-18 12:56:50 - [MESSAGE][PASSED] - Object 'Object Repository/07-Directory/Connections/zContact Profile/Successfully invited user' is visible

2023-01-18 12:56:50 - [TEST_STEP][PASSED] - delay(2): Delayed 2 second(s)

2023-01-18 12:56:52 - [MESSAGE][PASSED] - Delayed 2 second(s)

2023-01-18 12:56:52 - [TEST_STEP][PASSED] - click(findTestObject("01-Login and Forgot Password/User menu drop")): Object: 'Object Repository/01-Login and Forgot Password/User menu drop' is clicked on

2023-01-18 12:56:53 - [MESSAGE][PASSED] - Object: 'Object Repository/01-Login and Forgot Password/User menu drop' is clicked on

2023-01-18 12:56:53 - [TEST_STEP][PASSED] - delay(2): Delayed 2 second(s)

2023-01-18 12:56:55 - [MESSAGE][PASSED] - Delayed 2 second(s)

2023-01-18 12:56:55 - [TEST_STEP][PASSED] - click(findTestObject("01-Login and Forgot Password/h4_Sign Out"), STOP_ON_FAILURE): Object: 'Object Repository/01-Login and Forgot Password/h4_Sign Out' is clicked on

2023-01-18 12:56:57 - [MESSAGE][PASSED] - Object: 'Object Repository/01-Login and Forgot Password/h4_Sign Out' is clicked on

2023-01-18 12:56:57 - [TEST_STEP][PASSED] - delay(2): Delayed 2 second(s)

2023-01-18 12:56:59 - [MESSAGE][PASSED] - Delayed 2 second(s)

2023-01-18 12:56:59 - [TEST_STEP][PASSED] - verifyElementPresent(findTestObject("01-Login and Forgot Password/Login_Card"), 0): Object 'Object Repository/01-Login and Forgot Password/Login_Card' is present

2023-01-18 12:56:59 - [MESSAGE][WARNING] - Timeout '0' is invalid. Using default page load timeout: '30'

2023-01-18 12:57:00 - [MESSAGE][PASSED] - Object 'Object Repository/01-Login and Forgot Password/Login_Card' is present

2023-01-18 12:57:00 - [TEST_STEP][PASSED] - delay(3): Delayed 3 second(s)

2023-01-18 12:57:03 - [MESSAGE][PASSED] - Delayed 3 second(s)

2023-01-18 12:57:03 - [TEST_STEP][PASSED] - closeBrowser(): Browser is closed

2023-01-18 12:57:05 - [MESSAGE][PASSED] - Browser is closed

2023-01-18 12:57:05 - [TEST_STEP][PASSED] - openBrowser(""): Browser is opened with url: ''

2023-01-18 12:57:05 - [MESSAGE][INFO] - Starting 'Chrome' driver

2023-01-18 12:57:05 - [MESSAGE][INFO] - Action delay is set to 0 milliseconds

2023-01-18 12:57:07 - [MESSAGE][PASSED] - Browser is opened with url: ''

2023-01-18 12:57:07 - [TEST_STEP][PASSED] - navigateToUrl("https://lab.everleagues.com/"): Navigate to 'https://lab.everleagues.com/' successfully

2023-01-18 12:57:34 - [MESSAGE][PASSED] - Navigate to 'https://lab.everleagues.com/' successfully

2023-01-18 12:57:34 - [TEST_STEP][PASSED] - maximizeWindow(): Current window maximized

2023-01-18 12:57:34 - [MESSAGE][PASSED] - Current window maximized

2023-01-18 12:57:34 - [TEST_STEP][PASSED] - setText(findTestObject("02-Side Icons(Organization)/Add Contact/Email Field"), "autotester10@mailinator.com"): Text 'autotester10@mailinator.com' is set on object 'Object Repository/02-Side Icons(Organization)/Add Contact/Email Field'

2023-01-18 12:57:36 - [MESSAGE][PASSED] - Text 'autotester10@mailinator.com' is set on object 'Object Repository/02-Side Icons(Organization)/Add Contact/Email Field'

2023-01-18 12:57:36 - [TEST_STEP][PASSED] - setEncryptedText(findTestObject("02-Side Icons(Organization)/Add Contact/Password Field"), "8yFRyszE6U6jvsCn51OQbg=="): Text ****** has been set on object 'Object Repository/02-Side Icons(Organization)/Add Contact/Password Field'

2023-01-18 12:57:37 - [MESSAGE][PASSED] - Text ****** has been set on object 'Object Repository/02-Side Icons(Organization)/Add Contact/Password Field'

2023-01-18 12:57:37 - [TEST_STEP][PASSED] - click(findTestObject("02-Side Icons(Organization)/Add Contact/button_Sign in")): Object: 'Object Repository/02-Side Icons(Organization)/Add Contact/button_Sign in' is clicked on

2023-01-18 12:57:37 - [MESSAGE][PASSED] - Object: 'Object Repository/02-Side Icons(Organization)/Add Contact/button_Sign in' is clicked on

2023-01-18 12:57:37 - [TEST_STEP][PASSED] - delay(2): Delayed 2 second(s)

2023-01-18 12:57:39 - [MESSAGE][PASSED] - Delayed 2 second(s)

2023-01-18 12:57:39 - [TEST_STEP][PASSED] - click(findTestObject("06-Teams/For 2FA/button_Confirm_2FA")): Object: 'Object Repository/06-Teams/For 2FA/button_Confirm_2FA' is clicked on

2023-01-18 12:57:40 - [MESSAGE][PASSED] - Object: 'Object Repository/06-Teams/For 2FA/button_Confirm_2FA' is clicked on

2023-01-18 12:57:40 - [TEST_STEP][PASSED] - executeJavaScript("window.open();", []): Execute JavaScript 'window.open();' successfully

2023-01-18 12:57:40 - [MESSAGE][PASSED] - Execute JavaScript 'window.open();' successfully

2023-01-18 12:57:40 - [TEST_STEP][PASSED] - currentWindow = getWindowIndex(): Current window's index is: 0

2023-01-18 12:57:40 - [MESSAGE][PASSED] - Current window's index is: 0

2023-01-18 12:57:40 - [TEST_STEP][PASSED] - delay(3): Delayed 3 second(s)

2023-01-18 12:57:44 - [MESSAGE][PASSED] - Delayed 3 second(s)

2023-01-18 12:57:44 - [TEST_STEP][PASSED] - switchToWindowIndex(currentWindow + 1): Switched to window with index: '1'

2023-01-18 12:57:44 - [MESSAGE][PASSED] - Switched to window with index: '1'

2023-01-18 12:57:44 - [TEST_STEP][PASSED] - navigateToUrl("https://www.mailinator.com/"): Navigate to 'https://www.mailinator.com/' successfully

2023-01-18 12:57:50 - [MESSAGE][PASSED] - Navigate to 'https://www.mailinator.com/' successfully

2023-01-18 12:57:50 - [TEST_STEP][PASSED] - delay(3): Delayed 3 second(s)

2023-01-18 12:57:53 - [MESSAGE][PASSED] - Delayed 3 second(s)

2023-01-18 12:57:53 - [TEST_STEP][PASSED] - setText(findTestObject("00-Signup and Activation/zMailinator/input_LOGIN_search"), "autotester10@mailinator.com"): Text 'autotester10@mailinator.com' is set on object 'Object Repository/00-Signup and Activation/zMailinator/input_LOGIN_search'

2023-01-18 12:57:54 - [MESSAGE][PASSED] - Text 'autotester10@mailinator.com' is set on object 'Object Repository/00-Signup and Activation/zMailinator/input_LOGIN_search'

2023-01-18 12:57:54 - [TEST_STEP][PASSED] - click(findTestObject("00-Signup and Activation/zMailinator/gobutton"), STOP_ON_FAILURE): Object: 'Object Repository/00-Signup and Activation/zMailinator/gobutton' is clicked on

2023-01-18 12:57:59 - [MESSAGE][PASSED] - Object: 'Object Repository/00-Signup and Activation/zMailinator/gobutton' is clicked on

2023-01-18 12:57:59 - [TEST_STEP][PASSED] - delay(3): Delayed 3 second(s)

2023-01-18 12:58:02 - [MESSAGE][PASSED] - Delayed 3 second(s)

2023-01-18 12:58:02 - [TEST_STEP][PASSED] - click(findTestObject("00-Signup and Activation/zMailinator/Email - everleagues")): Object: 'Object Repository/00-Signup and Activation/zMailinator/Email - everleagues' is clicked on

2023-01-18 12:58:03 - [MESSAGE][PASSED] - Object: 'Object Repository/00-Signup and Activation/zMailinator/Email - everleagues' is clicked on

2023-01-18 12:58:03 - [TEST_STEP][PASSED] - delay(3): Delayed 3 second(s)

2023-01-18 12:58:06 - [MESSAGE][PASSED] - Delayed 3 second(s)

2023-01-18 12:58:06 - [TEST_STEP][PASSED] - codetwo = getText(findTestObject("Object Repository/06-Teams/For 2FA/2FA code")): Text of object 'Object Repository/06-Teams/For 2FA/2FA code' is: '213388'

2023-01-18 12:58:07 - [MESSAGE][PASSED] - Text of object 'Object Repository/06-Teams/For 2FA/2FA code' is: '213388'

2023-01-18 12:58:07 - [TEST_STEP][PASSED] - delay(3): Delayed 3 second(s)

2023-01-18 12:58:10 - [MESSAGE][PASSED] - Delayed 3 second(s)

2023-01-18 12:58:10 - [TEST_STEP][PASSED] - closeWindowTitle("Mailinator"): Window with title: 'Mailinator' is closed

2023-01-18 12:58:10 - [MESSAGE][PASSED] - Window with title: 'Mailinator' is closed

2023-01-18 12:58:10 - [TEST_STEP][PASSED] - delay(3): Delayed 3 second(s)

2023-01-18 12:58:13 - [MESSAGE][PASSED] - Delayed 3 second(s)

2023-01-18 12:58:13 - [TEST_STEP][PASSED] - switchToWindowIndex(0): Switched to window with index: '0'

2023-01-18 12:58:13 - [MESSAGE][PASSED] - Switched to window with index: '0'

2023-01-18 12:58:13 - [TEST_STEP][PASSED] - delay(3): Delayed 3 second(s)

2023-01-18 12:58:16 - [MESSAGE][PASSED] - Delayed 3 second(s)

2023-01-18 12:58:16 - [TEST_STEP][PASSED] - setText(findTestObject("Object Repository/06-Teams/For 2FA/input_Enter verification code_code"), codetwo): Text '213388' is set on object 'Object Repository/06-Teams/For 2FA/input_Enter verification code_code'

2023-01-18 12:58:18 - [MESSAGE][PASSED] - Text '213388' is set on object 'Object Repository/06-Teams/For 2FA/input_Enter verification code_code'

2023-01-18 12:58:18 - [TEST_STEP][PASSED] - delay(3): Delayed 3 second(s)

2023-01-18 12:58:21 - [MESSAGE][PASSED] - Delayed 3 second(s)

2023-01-18 12:58:21 - [TEST_STEP][PASSED] - click(findTestObject("06-Teams/For 2FA/button_Verify_2FA")): Object: 'Object Repository/06-Teams/For 2FA/button_Verify_2FA' is clicked on

2023-01-18 12:58:22 - [MESSAGE][PASSED] - Object: 'Object Repository/06-Teams/For 2FA/button_Verify_2FA' is clicked on

2023-01-18 12:58:22 - [TEST_STEP][PASSED] - delay(5): Delayed 5 second(s)

2023-01-18 12:58:27 - [MESSAGE][PASSED] - Delayed 5 second(s)

2023-01-18 12:58:27 - [TEST_STEP][PASSED] - executeJavaScript("window.open();", []): Execute JavaScript 'window.open();' successfully

2023-01-18 12:58:27 - [MESSAGE][PASSED] - Execute JavaScript 'window.open();' successfully

2023-01-18 12:58:27 - [TEST_STEP][PASSED] - currentWindow = getWindowIndex(): Current window's index is: 0

2023-01-18 12:58:27 - [MESSAGE][PASSED] - Current window's index is: 0

2023-01-18 12:58:27 - [TEST_STEP][PASSED] - delay(3): Delayed 3 second(s)

2023-01-18 12:58:30 - [MESSAGE][PASSED] - Delayed 3 second(s)

2023-01-18 12:58:30 - [TEST_STEP][PASSED] - switchToWindowIndex(currentWindow + 1): Switched to window with index: '1'

2023-01-18 12:58:30 - [MESSAGE][PASSED] - Switched to window with index: '1'

2023-01-18 12:58:30 - [TEST_STEP][PASSED] - navigateToUrl("https://www.mailinator.com/"): Navigate to 'https://www.mailinator.com/' successfully

2023-01-18 12:58:35 - [MESSAGE][PASSED] - Navigate to 'https://www.mailinator.com/' successfully

2023-01-18 12:58:35 - [TEST_STEP][PASSED] - delay(3): Delayed 3 second(s)

2023-01-18 12:58:38 - [MESSAGE][PASSED] - Delayed 3 second(s)

2023-01-18 12:58:38 - [TEST_STEP][PASSED] - setText(findTestObject("00-Signup and Activation/zMailinator/input_LOGIN_search"), "autotester10@mailinator.com"): Text 'autotester10@mailinator.com' is set on object 'Object Repository/00-Signup and Activation/zMailinator/input_LOGIN_search'

2023-01-18 12:58:39 - [MESSAGE][PASSED] - Text 'autotester10@mailinator.com' is set on object 'Object Repository/00-Signup and Activation/zMailinator/input_LOGIN_search'

2023-01-18 12:58:39 - [TEST_STEP][PASSED] - click(findTestObject("00-Signup and Activation/zMailinator/gobutton"), STOP_ON_FAILURE): Object: 'Object Repository/00-Signup and Activation/zMailinator/gobutton' is clicked on

2023-01-18 12:58:42 - [MESSAGE][PASSED] - Object: 'Object Repository/00-Signup and Activation/zMailinator/gobutton' is clicked on

2023-01-18 12:58:42 - [TEST_STEP][PASSED] - delay(3): Delayed 3 second(s)

2023-01-18 12:58:45 - [MESSAGE][PASSED] - Delayed 3 second(s)

2023-01-18 12:58:45 - [TEST_STEP][PASSED] - closeWindowTitle("Everleagues"): Window with title: 'Everleagues' is closed

2023-01-18 12:58:45 - [MESSAGE][PASSED] - Window with title: 'Everleagues' is closed

2023-01-18 12:58:45 - [TEST_STEP][PASSED] - switchToWindowIndex(0): Switched to window with index: '0'

2023-01-18 12:58:45 - [MESSAGE][PASSED] - Switched to window with index: '0'

2023-01-18 12:58:45 - [TEST_STEP][PASSED] - click(findTestObject("09-Settings/Users/Co worker/td_Invitation from GG Automation")): Object: 'Object Repository/09-Settings/Users/Co worker/td_Invitation from GG Automation' is clicked on

2023-01-18 12:58:46 - [MESSAGE][PASSED] - Object: 'Object Repository/09-Settings/Users/Co worker/td_Invitation from GG Automation' is clicked on

2023-01-18 12:58:46 - [TEST_STEP][PASSED] - click(findTestObject("09-Settings/Users/Co worker/a_Click here to join GG Automation on EverLeagues")): Object: 'Object Repository/09-Settings/Users/Co worker/a_Click here to join GG Automation on EverLeagues' is clicked on

2023-01-18 12:58:48 - [MESSAGE][PASSED] - Object: 'Object Repository/09-Settings/Users/Co worker/a_Click here to join GG Automation on EverLeagues' is clicked on

2023-01-18 12:58:48 - [TEST_STEP][PASSED] - closeWindowTitle("Mailinator"): Window with title: 'Mailinator' is closed

2023-01-18 12:58:48 - [MESSAGE][PASSED] - Window with title: 'Mailinator' is closed

2023-01-18 12:58:48 - [TEST_STEP][PASSED] - switchToWindowIndex(0): Switched to window with index: '0'

2023-01-18 12:58:48 - [MESSAGE][PASSED] - Switched to window with index: '0'

2023-01-18 12:58:48 - [TEST_STEP][PASSED] - verifyElementVisible(findTestObject("09-Settings/Users/Client/Invite modal")): Object 'Object Repository/09-Settings/Users/Client/Invite modal' is visible

2023-01-18 12:59:09 - [MESSAGE][PASSED] - Object 'Object Repository/09-Settings/Users/Client/Invite modal' is visible

2023-01-18 12:59:09 - [TEST_STEP][PASSED] - setText(findTestObject("09-Settings/Users/Client/Company field"), "QA Company"): Text 'QA Company' is set on object 'Object Repository/09-Settings/Users/Client/Company field'

2023-01-18 12:59:10 - [MESSAGE][PASSED] - Text 'QA Company' is set on object 'Object Repository/09-Settings/Users/Client/Company field'

2023-01-18 12:59:10 - [TEST_STEP][PASSED] - click(findTestObject("09-Settings/Users/Client/button_Accept")): Object: 'Object Repository/09-Settings/Users/Client/button_Accept' is clicked on

2023-01-18 12:59:11 - [MESSAGE][PASSED] - Object: 'Object Repository/09-Settings/Users/Client/button_Accept' is clicked on

2023-01-18 12:59:11 - [TEST_STEP][PASSED] - delay(5): Delayed 5 second(s)

2023-01-18 12:59:16 - [MESSAGE][PASSED] - Delayed 5 second(s)

2023-01-18 12:59:16 - [TEST_STEP][PASSED] - verifyElementVisible(findTestObject("09-Settings/Users/div_Joined as Partner")): Object 'Object Repository/09-Settings/Users/div_Joined as Partner' is visible

2023-01-18 12:59:17 - [MESSAGE][PASSED] - Object 'Object Repository/09-Settings/Users/div_Joined as Partner' is visible

2023-01-18 12:59:17 - [TEST_STEP][PASSED] - delay(3): Delayed 3 second(s)

2023-01-18 12:59:20 - [MESSAGE][PASSED] - Delayed 3 second(s)

2023-01-18 12:59:20 - [TEST_STEP][PASSED] - closeBrowser(): Browser is closed

2023-01-18 12:59:22 - [MESSAGE][PASSED] - Browser is closed]]></system-out>
         <system-err><![CDATA[]]></system-err>
      </testcase>
      <testcase name="Test Cases/09-Settings/05 - Users (Invite batch of users via CSV file)" time="140.81" classname="Test Cases/09-Settings/05 - Users (Invite batch of users via CSV file)" status="PASSED">
         <system-out><![CDATA[2023-01-18 12:59:22 - [TEST_CASE][PASSED] - Test Cases/09-Settings/05 - Users (Invite batch of users via CSV file): Test Cases/09-Settings/05 - Users (Invite batch of users via CSV file)

2023-01-18 12:59:24 - [TEST_STEP][PASSED] - openBrowser(""): Browser is opened with url: ''

2023-01-18 12:59:24 - [MESSAGE][INFO] - Starting 'Chrome' driver

2023-01-18 12:59:24 - [MESSAGE][INFO] - Action delay is set to 0 milliseconds

2023-01-18 12:59:26 - [MESSAGE][PASSED] - Browser is opened with url: ''

2023-01-18 12:59:26 - [TEST_STEP][PASSED] - navigateToUrl("https://lab.everleagues.com/"): Navigate to 'https://lab.everleagues.com/' successfully

2023-01-18 12:59:44 - [MESSAGE][PASSED] - Navigate to 'https://lab.everleagues.com/' successfully

2023-01-18 12:59:44 - [TEST_STEP][PASSED] - maximizeWindow(): Current window maximized

2023-01-18 12:59:44 - [MESSAGE][PASSED] - Current window maximized

2023-01-18 12:59:44 - [TEST_STEP][PASSED] - setText(findTestObject("02-Side Icons(Organization)/Add Contact/Email Field"), "testuser02@mailinator.com"): Text 'testuser02@mailinator.com' is set on object 'Object Repository/02-Side Icons(Organization)/Add Contact/Email Field'

2023-01-18 12:59:45 - [MESSAGE][PASSED] - Text 'testuser02@mailinator.com' is set on object 'Object Repository/02-Side Icons(Organization)/Add Contact/Email Field'

2023-01-18 12:59:45 - [TEST_STEP][PASSED] - setEncryptedText(findTestObject("02-Side Icons(Organization)/Add Contact/Password Field"), "8yFRyszE6U6jvsCn51OQbg=="): Text ****** has been set on object 'Object Repository/02-Side Icons(Organization)/Add Contact/Password Field'

2023-01-18 12:59:47 - [MESSAGE][PASSED] - Text ****** has been set on object 'Object Repository/02-Side Icons(Organization)/Add Contact/Password Field'

2023-01-18 12:59:47 - [TEST_STEP][PASSED] - click(findTestObject("02-Side Icons(Organization)/Add Contact/button_Sign in")): Object: 'Object Repository/02-Side Icons(Organization)/Add Contact/button_Sign in' is clicked on

2023-01-18 12:59:48 - [MESSAGE][PASSED] - Object: 'Object Repository/02-Side Icons(Organization)/Add Contact/button_Sign in' is clicked on

2023-01-18 12:59:48 - [TEST_STEP][PASSED] - delay(2): Delayed 2 second(s)

2023-01-18 12:59:50 - [MESSAGE][PASSED] - Delayed 2 second(s)

2023-01-18 12:59:50 - [TEST_STEP][PASSED] - click(findTestObject("06-Teams/For 2FA/button_Confirm_2FA")): Object: 'Object Repository/06-Teams/For 2FA/button_Confirm_2FA' is clicked on

2023-01-18 12:59:51 - [MESSAGE][PASSED] - Object: 'Object Repository/06-Teams/For 2FA/button_Confirm_2FA' is clicked on

2023-01-18 12:59:51 - [TEST_STEP][PASSED] - executeJavaScript("window.open();", []): Execute JavaScript 'window.open();' successfully

2023-01-18 12:59:51 - [MESSAGE][PASSED] - Execute JavaScript 'window.open();' successfully

2023-01-18 12:59:51 - [TEST_STEP][PASSED] - currentWindow = getWindowIndex(): Current window's index is: 0

2023-01-18 12:59:51 - [MESSAGE][PASSED] - Current window's index is: 0

2023-01-18 12:59:51 - [TEST_STEP][PASSED] - delay(3): Delayed 3 second(s)

2023-01-18 12:59:54 - [MESSAGE][PASSED] - Delayed 3 second(s)

2023-01-18 12:59:54 - [TEST_STEP][PASSED] - switchToWindowIndex(currentWindow + 1): Switched to window with index: '1'

2023-01-18 12:59:54 - [MESSAGE][PASSED] - Switched to window with index: '1'

2023-01-18 12:59:54 - [TEST_STEP][PASSED] - navigateToUrl("https://www.mailinator.com/"): Navigate to 'https://www.mailinator.com/' successfully

2023-01-18 13:00:01 - [MESSAGE][PASSED] - Navigate to 'https://www.mailinator.com/' successfully

2023-01-18 13:00:01 - [TEST_STEP][PASSED] - delay(3): Delayed 3 second(s)

2023-01-18 13:00:04 - [MESSAGE][PASSED] - Delayed 3 second(s)

2023-01-18 13:00:04 - [TEST_STEP][PASSED] - setText(findTestObject("00-Signup and Activation/zMailinator/input_LOGIN_search"), "testuser02@mailinator.com"): Text 'testuser02@mailinator.com' is set on object 'Object Repository/00-Signup and Activation/zMailinator/input_LOGIN_search'

2023-01-18 13:00:06 - [MESSAGE][PASSED] - Text 'testuser02@mailinator.com' is set on object 'Object Repository/00-Signup and Activation/zMailinator/input_LOGIN_search'

2023-01-18 13:00:06 - [TEST_STEP][PASSED] - click(findTestObject("00-Signup and Activation/zMailinator/gobutton"), STOP_ON_FAILURE): Object: 'Object Repository/00-Signup and Activation/zMailinator/gobutton' is clicked on

2023-01-18 13:00:11 - [MESSAGE][PASSED] - Object: 'Object Repository/00-Signup and Activation/zMailinator/gobutton' is clicked on

2023-01-18 13:00:11 - [TEST_STEP][PASSED] - delay(3): Delayed 3 second(s)

2023-01-18 13:00:14 - [MESSAGE][PASSED] - Delayed 3 second(s)

2023-01-18 13:00:14 - [TEST_STEP][PASSED] - click(findTestObject("00-Signup and Activation/zMailinator/Email - everleagues")): Object: 'Object Repository/00-Signup and Activation/zMailinator/Email - everleagues' is clicked on

2023-01-18 13:00:15 - [MESSAGE][PASSED] - Object: 'Object Repository/00-Signup and Activation/zMailinator/Email - everleagues' is clicked on

2023-01-18 13:00:15 - [TEST_STEP][PASSED] - delay(3): Delayed 3 second(s)

2023-01-18 13:00:18 - [MESSAGE][PASSED] - Delayed 3 second(s)

2023-01-18 13:00:18 - [TEST_STEP][PASSED] - code = getText(findTestObject("Object Repository/06-Teams/For 2FA/2FA code")): Text of object 'Object Repository/06-Teams/For 2FA/2FA code' is: '258734'

2023-01-18 13:00:19 - [MESSAGE][PASSED] - Text of object 'Object Repository/06-Teams/For 2FA/2FA code' is: '258734'

2023-01-18 13:00:19 - [TEST_STEP][PASSED] - delay(3): Delayed 3 second(s)

2023-01-18 13:00:22 - [MESSAGE][PASSED] - Delayed 3 second(s)

2023-01-18 13:00:22 - [TEST_STEP][PASSED] - closeWindowTitle("Mailinator"): Window with title: 'Mailinator' is closed

2023-01-18 13:00:23 - [MESSAGE][PASSED] - Window with title: 'Mailinator' is closed

2023-01-18 13:00:23 - [TEST_STEP][PASSED] - delay(3): Delayed 3 second(s)

2023-01-18 13:00:26 - [MESSAGE][PASSED] - Delayed 3 second(s)

2023-01-18 13:00:26 - [TEST_STEP][PASSED] - switchToWindowIndex(0): Switched to window with index: '0'

2023-01-18 13:00:26 - [MESSAGE][PASSED] - Switched to window with index: '0'

2023-01-18 13:00:26 - [TEST_STEP][PASSED] - delay(3): Delayed 3 second(s)

2023-01-18 13:00:29 - [MESSAGE][PASSED] - Delayed 3 second(s)

2023-01-18 13:00:29 - [TEST_STEP][PASSED] - setText(findTestObject("Object Repository/06-Teams/For 2FA/input_Enter verification code_code"), code): Text '258734' is set on object 'Object Repository/06-Teams/For 2FA/input_Enter verification code_code'

2023-01-18 13:00:30 - [MESSAGE][PASSED] - Text '258734' is set on object 'Object Repository/06-Teams/For 2FA/input_Enter verification code_code'

2023-01-18 13:00:30 - [TEST_STEP][PASSED] - delay(3): Delayed 3 second(s)

2023-01-18 13:00:33 - [MESSAGE][PASSED] - Delayed 3 second(s)

2023-01-18 13:00:33 - [TEST_STEP][PASSED] - click(findTestObject("06-Teams/For 2FA/button_Verify_2FA")): Object: 'Object Repository/06-Teams/For 2FA/button_Verify_2FA' is clicked on

2023-01-18 13:00:34 - [MESSAGE][PASSED] - Object: 'Object Repository/06-Teams/For 2FA/button_Verify_2FA' is clicked on

2023-01-18 13:00:34 - [TEST_STEP][PASSED] - delay(5): Delayed 5 second(s)

2023-01-18 13:00:39 - [MESSAGE][PASSED] - Delayed 5 second(s)

2023-01-18 13:00:39 - [TEST_STEP][PASSED] - click(findTestObject("06-Teams/button_doublearrow")): Object: 'Object Repository/06-Teams/button_doublearrow' is clicked on

2023-01-18 13:00:42 - [MESSAGE][PASSED] - Object: 'Object Repository/06-Teams/button_doublearrow' is clicked on

2023-01-18 13:00:42 - [TEST_STEP][PASSED] - click(findTestObject("06-Teams/button_My Organizations")): Object: 'Object Repository/06-Teams/button_My Organizations' is clicked on

2023-01-18 13:00:43 - [MESSAGE][PASSED] - Object: 'Object Repository/06-Teams/button_My Organizations' is clicked on

2023-01-18 13:00:43 - [TEST_STEP][PASSED] - click(findTestObject("06-Teams/button_GG Automation")): Object: 'Object Repository/06-Teams/button_GG Automation' is clicked on

2023-01-18 13:00:44 - [MESSAGE][PASSED] - Object: 'Object Repository/06-Teams/button_GG Automation' is clicked on

2023-01-18 13:00:44 - [TEST_STEP][PASSED] - delay(4): Delayed 4 second(s)

2023-01-18 13:00:48 - [MESSAGE][PASSED] - Delayed 4 second(s)

2023-01-18 13:00:48 - [TEST_STEP][PASSED] - verifyElementVisible(findTestObject("06-Teams/span_GG Automation")): Object 'Object Repository/06-Teams/span_GG Automation' is visible

2023-01-18 13:00:48 - [MESSAGE][PASSED] - Object 'Object Repository/06-Teams/span_GG Automation' is visible

2023-01-18 13:00:48 - [TEST_STEP][PASSED] - delay(5): Delayed 5 second(s)

2023-01-18 13:00:53 - [MESSAGE][PASSED] - Delayed 5 second(s)

2023-01-18 13:00:53 - [TEST_STEP][PASSED] - click(findTestObject("03-Header Menu/Hamburger Button/div_Settings")): Object: 'Object Repository/03-Header Menu/Hamburger Button/div_Settings' is clicked on

2023-01-18 13:00:54 - [MESSAGE][PASSED] - Object: 'Object Repository/03-Header Menu/Hamburger Button/div_Settings' is clicked on

2023-01-18 13:00:54 - [TEST_STEP][PASSED] - delay(3): Delayed 3 second(s)

2023-01-18 13:00:57 - [MESSAGE][PASSED] - Delayed 3 second(s)

2023-01-18 13:00:57 - [TEST_STEP][PASSED] - scrollToElement(findTestObject("09-Settings/Users/div_Users"), 0): Scroll to object 'Object Repository/09-Settings/Users/div_Users' successfully

2023-01-18 13:00:58 - [MESSAGE][WARNING] - Timeout '0' is invalid. Using default page load timeout: '30'

2023-01-18 13:00:58 - [MESSAGE][PASSED] - Scroll to object 'Object Repository/09-Settings/Users/div_Users' successfully

2023-01-18 13:00:58 - [TEST_STEP][PASSED] - click(findTestObject("09-Settings/Users/div_Users")): Object: 'Object Repository/09-Settings/Users/div_Users' is clicked on

2023-01-18 13:01:00 - [MESSAGE][PASSED] - Object: 'Object Repository/09-Settings/Users/div_Users' is clicked on

2023-01-18 13:01:00 - [TEST_STEP][PASSED] - delay(3): Delayed 3 second(s)

2023-01-18 13:01:03 - [MESSAGE][PASSED] - Delayed 3 second(s)

2023-01-18 13:01:03 - [TEST_STEP][PASSED] - click(findTestObject("09-Settings/Users/button_add")): Object: 'Object Repository/09-Settings/Users/button_add' is clicked on

2023-01-18 13:01:04 - [MESSAGE][PASSED] - Object: 'Object Repository/09-Settings/Users/button_add' is clicked on

2023-01-18 13:01:04 - [TEST_STEP][PASSED] - delay(3): Delayed 3 second(s)

2023-01-18 13:01:07 - [MESSAGE][PASSED] - Delayed 3 second(s)

2023-01-18 13:01:07 - [TEST_STEP][PASSED] - click(findTestObject("09-Settings/Users/Invite batch of users via CSV file")): Object: 'Object Repository/09-Settings/Users/Invite batch of users via CSV file' is clicked on

2023-01-18 13:01:08 - [MESSAGE][PASSED] - Object: 'Object Repository/09-Settings/Users/Invite batch of users via CSV file' is clicked on

2023-01-18 13:01:08 - [TEST_STEP][PASSED] - verifyElementVisible(findTestObject("09-Settings/Users/CSV Invite/Import CSV File modal")): Object 'Object Repository/09-Settings/Users/CSV Invite/Import CSV File modal' is visible

2023-01-18 13:01:09 - [MESSAGE][PASSED] - Object 'Object Repository/09-Settings/Users/CSV Invite/Import CSV File modal' is visible

2023-01-18 13:01:09 - [TEST_STEP][PASSED] - verifyElementNotClickable(findTestObject("09-Settings/Users/CSV Invite/button_Import")): Object 'Object Repository/09-Settings/Users/CSV Invite/button_Import' is NOT clickable

2023-01-18 13:01:10 - [MESSAGE][PASSED] - Object 'Object Repository/09-Settings/Users/CSV Invite/button_Import' is NOT clickable

2023-01-18 13:01:10 - [TEST_STEP][PASSED] - delay(3): Delayed 3 second(s)

2023-01-18 13:01:13 - [MESSAGE][PASSED] - Delayed 3 second(s)

2023-01-18 13:01:13 - [TEST_STEP][PASSED] - uploadpackage.Upload.uploadFile(findTestObject("Object Repository/09-Settings/Users/CSV Invite/button_Choose File"), "C:\Users\asus\Desktop\EL automation\sample csv.csv"): uploadpackage.Upload.uploadFile is PASSED

2023-01-18 13:01:14 - [MESSAGE][PASSED] - Object: 'Object Repository/09-Settings/Users/CSV Invite/button_Choose File' is clicked on

2023-01-18 13:01:16 - [MESSAGE][PASSED] - uploadpackage.Upload.uploadFile is PASSED

2023-01-18 13:01:16 - [TEST_STEP][PASSED] - delay(3): Delayed 3 second(s)

2023-01-18 13:01:19 - [MESSAGE][PASSED] - Delayed 3 second(s)

2023-01-18 13:01:19 - [TEST_STEP][PASSED] - verifyElementVisible(findTestObject("09-Settings/Users/CSV Invite/div_Sample csv.csv")): Object 'Object Repository/09-Settings/Users/CSV Invite/div_Sample csv.csv' is visible

2023-01-18 13:01:20 - [MESSAGE][PASSED] - Object 'Object Repository/09-Settings/Users/CSV Invite/div_Sample csv.csv' is visible

2023-01-18 13:01:20 - [TEST_STEP][PASSED] - click(findTestObject("09-Settings/Users/CSV Invite/button_Import")): Object: 'Object Repository/09-Settings/Users/CSV Invite/button_Import' is clicked on

2023-01-18 13:01:21 - [MESSAGE][PASSED] - Object: 'Object Repository/09-Settings/Users/CSV Invite/button_Import' is clicked on

2023-01-18 13:01:21 - [TEST_STEP][PASSED] - delay(5): Delayed 5 second(s)

2023-01-18 13:01:26 - [MESSAGE][PASSED] - Delayed 5 second(s)

2023-01-18 13:01:26 - [TEST_STEP][PASSED] - verifyElementVisible(findTestObject("09-Settings/Users/CSV Invite/Success import modal")): Object 'Object Repository/09-Settings/Users/CSV Invite/Success import modal' is visible

2023-01-18 13:01:26 - [MESSAGE][PASSED] - Object 'Object Repository/09-Settings/Users/CSV Invite/Success import modal' is visible

2023-01-18 13:01:26 - [TEST_STEP][PASSED] - click(findTestObject("09-Settings/Users/CSV Invite/button_Close")): Object: 'Object Repository/09-Settings/Users/CSV Invite/button_Close' is clicked on

2023-01-18 13:01:27 - [MESSAGE][PASSED] - Object: 'Object Repository/09-Settings/Users/CSV Invite/button_Close' is clicked on

2023-01-18 13:01:27 - [TEST_STEP][PASSED] - click(findTestObject("09-Settings/Users/CSV Invite/Invited Users tab")): Object: 'Object Repository/09-Settings/Users/CSV Invite/Invited Users tab' is clicked on

2023-01-18 13:01:29 - [MESSAGE][PASSED] - Object: 'Object Repository/09-Settings/Users/CSV Invite/Invited Users tab' is clicked on

2023-01-18 13:01:29 - [TEST_STEP][PASSED] - delay(3): Delayed 3 second(s)

2023-01-18 13:01:32 - [MESSAGE][PASSED] - Delayed 3 second(s)

2023-01-18 13:01:32 - [TEST_STEP][PASSED] - verifyElementVisible(findTestObject("09-Settings/Users/CSV Invite/div_CTCSV test3")): Object 'Object Repository/09-Settings/Users/CSV Invite/div_CTCSV test3' is visible

2023-01-18 13:01:32 - [MESSAGE][PASSED] - Object 'Object Repository/09-Settings/Users/CSV Invite/div_CTCSV test3' is visible

2023-01-18 13:01:32 - [TEST_STEP][PASSED] - verifyElementVisible(findTestObject("09-Settings/Users/CSV Invite/div_autotester08mailinator.com")): Object 'Object Repository/09-Settings/Users/CSV Invite/div_autotester08mailinator.com' is visible

2023-01-18 13:01:33 - [MESSAGE][PASSED] - Object 'Object Repository/09-Settings/Users/CSV Invite/div_autotester08mailinator.com' is visible

2023-01-18 13:01:33 - [TEST_STEP][PASSED] - verifyElementVisible(findTestObject("09-Settings/Users/CSV Invite/div_Partner")): Object 'Object Repository/09-Settings/Users/CSV Invite/div_Partner' is visible

2023-01-18 13:01:34 - [MESSAGE][PASSED] - Object 'Object Repository/09-Settings/Users/CSV Invite/div_Partner' is visible

2023-01-18 13:01:34 - [TEST_STEP][PASSED] - verifyElementVisible(findTestObject("09-Settings/Users/CSV Invite/div_CTCSV test2")): Object 'Object Repository/09-Settings/Users/CSV Invite/div_CTCSV test2' is visible

2023-01-18 13:01:34 - [MESSAGE][PASSED] - Object 'Object Repository/09-Settings/Users/CSV Invite/div_CTCSV test2' is visible

2023-01-18 13:01:34 - [TEST_STEP][PASSED] - verifyElementVisible(findTestObject("09-Settings/Users/CSV Invite/div_autotester07mailinator.com")): Object 'Object Repository/09-Settings/Users/CSV Invite/div_autotester07mailinator.com' is visible

2023-01-18 13:01:35 - [MESSAGE][PASSED] - Object 'Object Repository/09-Settings/Users/CSV Invite/div_autotester07mailinator.com' is visible

2023-01-18 13:01:35 - [TEST_STEP][PASSED] - verifyElementVisible(findTestObject("09-Settings/Users/CSV Invite/div_Client")): Object 'Object Repository/09-Settings/Users/CSV Invite/div_Client' is visible

2023-01-18 13:01:36 - [MESSAGE][PASSED] - Object 'Object Repository/09-Settings/Users/CSV Invite/div_Client' is visible

2023-01-18 13:01:36 - [TEST_STEP][PASSED] - verifyElementVisible(findTestObject("09-Settings/Users/CSV Invite/div_CTCSV test1")): Object 'Object Repository/09-Settings/Users/CSV Invite/div_CTCSV test1' is visible

2023-01-18 13:01:37 - [MESSAGE][PASSED] - Object 'Object Repository/09-Settings/Users/CSV Invite/div_CTCSV test1' is visible

2023-01-18 13:01:37 - [TEST_STEP][PASSED] - verifyElementVisible(findTestObject("09-Settings/Users/CSV Invite/div_autotester06mailinator.com")): Object 'Object Repository/09-Settings/Users/CSV Invite/div_autotester06mailinator.com' is visible

2023-01-18 13:01:38 - [MESSAGE][PASSED] - Object 'Object Repository/09-Settings/Users/CSV Invite/div_autotester06mailinator.com' is visible

2023-01-18 13:01:38 - [TEST_STEP][PASSED] - verifyElementVisible(findTestObject("09-Settings/Users/CSV Invite/div_Coworker")): Object 'Object Repository/09-Settings/Users/CSV Invite/div_Coworker' is visible

2023-01-18 13:01:38 - [MESSAGE][PASSED] - Object 'Object Repository/09-Settings/Users/CSV Invite/div_Coworker' is visible

2023-01-18 13:01:38 - [TEST_STEP][PASSED] - delay(3): Delayed 3 second(s)

2023-01-18 13:01:41 - [MESSAGE][PASSED] - Delayed 3 second(s)

2023-01-18 13:01:41 - [TEST_STEP][PASSED] - closeBrowser(): Browser is closed

2023-01-18 13:01:43 - [MESSAGE][PASSED] - Browser is closed]]></system-out>
         <system-err><![CDATA[]]></system-err>
      </testcase>
      <system-out><![CDATA[2023-01-18 12:43:46 - [TEST_SUITE][PASSED] - 09.1 - Settings (Invite users): Test Cases/09-Settings/05 - Users (Invite batch of users via CSV file)]]></system-out>
      <system-err><![CDATA[]]></system-err>
   </testsuite>
</testsuites>
