<?xml version="1.0" encoding="UTF-8"?>
<testsuites name="12.2-EL Sign (Received Documents)" time="287.919" tests="5" failures="0" errors="0">
   <testsuite name="12.2-EL Sign (Received Documents)" tests="5" failures="0" errors="0" time="287.919" skipped="0" timestamp="2023-02-20 14:45:14" hostname="asus - DESKTOP-3L3J9C1" id="Test Suites/TS-Organization/12.2-EL Sign (Received Documents)">
      <properties>
         <property name="deviceName" value=""/>
         <property name="devicePlatform" value=""/>
         <property name="logFolder" value="C:\\Users\\asus\\Katalon Studio\\Everleagues\\Everleagues\\Reports\\20230220_144459\\TS-Organization\\12.2-EL Sign (Received Documents)\\20230220_144459"/>
         <property name="logFiles" value="C:\\Users\\asus\\Katalon Studio\\Everleagues\\Everleagues\\Reports\\20230220_144459\\TS-Organization\\12.2-EL Sign (Received Documents)\\20230220_144459\\execution0.log"/>
         <property name="attachments" value=""/>
         <property name="hostName" value="asus - DESKTOP-3L3J9C1"/>
         <property name="os" value="Windows 10 64bit"/>
         <property name="katalonVersion" value="8.4.1.208"/>
         <property name="browser" value="Chrome 110.0.0.0"/>
         <property name="hostAddress" value="10.5.0.2"/>
         <property name="sessionId" value="6cc31d07ebb08af28951b48c22506fc0"/>
         <property name="seleniumVersion" value="3.141.59"/>
         <property name="proxyInformation" value="ProxyInformation { proxyOption=NO_PROXY, proxyServerType=HTTP, username=, password=********, proxyServerAddress=, proxyServerPort=0, executionList=&quot;&quot;, isApplyToDesiredCapabilities=true }"/>
         <property name="platform" value="Windows 10"/>
      </properties>
      <testcase name="Test Cases/12-EL Sign/10-Received Documents(Sign a Document)" time="210.63" classname="Test Cases/12-EL Sign/10-Received Documents(Sign a Document)" status="PASSED">
         <system-out><![CDATA[2023-02-20 14:45:16 - [TEST_CASE][PASSED] - Test Cases/12-EL Sign/10-Received Documents(Sign a Document): Test Cases/12-EL Sign/10-Received Documents(Sign a Document)

2023-02-20 14:45:18 - [TEST_STEP][PASSED] - openBrowser(""): Browser is opened with url: ''

2023-02-20 14:45:19 - [MESSAGE][INFO] - Starting 'Chrome' driver

2023-02-20 14:45:20 - [MESSAGE][INFO] - Action delay is set to 0 milliseconds

2023-02-20 14:45:31 - [MESSAGE][PASSED] - Browser is opened with url: ''

2023-02-20 14:45:31 - [TEST_STEP][PASSED] - navigateToUrl("https://lab.everleagues.com/"): Navigate to 'https://lab.everleagues.com/' successfully

2023-02-20 14:45:54 - [MESSAGE][PASSED] - Navigate to 'https://lab.everleagues.com/' successfully

2023-02-20 14:45:54 - [TEST_STEP][PASSED] - maximizeWindow(): Current window maximized

2023-02-20 14:45:55 - [MESSAGE][PASSED] - Current window maximized

2023-02-20 14:45:55 - [TEST_STEP][PASSED] - callTestCase(findTestCase("01-Login and Forgot Password/04-Login(Valid Credentials-With Subscription)"), [:], STOP_ON_FAILURE): Call Test Case 'Test Cases/01-Login and Forgot Password/04-Login(Valid Credentials-With Subscription)' successfully

2023-02-20 14:45:55 - [TEST_CASE][PASSED] - Test Cases/01-Login and Forgot Password/04-Login(Valid Credentials-With Subscription): Test Cases/01-Login and Forgot Password/04-Login(Valid Credentials-With Subscription)

2023-02-20 14:45:57 - [TEST_STEP][PASSED] - setText(findTestObject("01-Login and Forgot Password/input_Email_email"), "testuser02@mailinator.com"): Text 'testuser02@mailinator.com' is set on object 'Object Repository/01-Login and Forgot Password/input_Email_email'

2023-02-20 14:46:01 - [MESSAGE][PASSED] - Text 'testuser02@mailinator.com' is set on object 'Object Repository/01-Login and Forgot Password/input_Email_email'

2023-02-20 14:46:01 - [TEST_STEP][PASSED] - setEncryptedText(findTestObject("01-Login and Forgot Password/input_Email_password"), "8yFRyszE6U6jvsCn51OQbg=="): Text ****** has been set on object 'Object Repository/01-Login and Forgot Password/input_Email_password'

2023-02-20 14:46:02 - [MESSAGE][PASSED] - Text ****** has been set on object 'Object Repository/01-Login and Forgot Password/input_Email_password'

2023-02-20 14:46:02 - [TEST_STEP][PASSED] - delay(2): Delayed 2 second(s)

2023-02-20 14:46:04 - [MESSAGE][PASSED] - Delayed 2 second(s)

2023-02-20 14:46:04 - [TEST_STEP][PASSED] - click(findTestObject("01-Login and Forgot Password/show pass button")): Object: 'Object Repository/01-Login and Forgot Password/show pass button' is clicked on

2023-02-20 14:46:05 - [MESSAGE][PASSED] - Object: 'Object Repository/01-Login and Forgot Password/show pass button' is clicked on

2023-02-20 14:46:06 - [TEST_STEP][PASSED] - delay(3): Delayed 3 second(s)

2023-02-20 14:46:09 - [MESSAGE][PASSED] - Delayed 3 second(s)

2023-02-20 14:46:09 - [TEST_STEP][PASSED] - click(findTestObject("01-Login and Forgot Password/button_Sign in")): Object: 'Object Repository/01-Login and Forgot Password/button_Sign in' is clicked on

2023-02-20 14:46:09 - [MESSAGE][PASSED] - Object: 'Object Repository/01-Login and Forgot Password/button_Sign in' is clicked on

2023-02-20 14:46:09 - [TEST_STEP][PASSED] - delay(3): Delayed 3 second(s)

2023-02-20 14:46:13 - [MESSAGE][PASSED] - Delayed 3 second(s)

2023-02-20 14:46:13 - [TEST_STEP][PASSED] - click(findTestObject("06-Teams/For 2FA/button_Confirm_2FA")): Object: 'Object Repository/06-Teams/For 2FA/button_Confirm_2FA' is clicked on

2023-02-20 14:46:13 - [MESSAGE][PASSED] - Object: 'Object Repository/06-Teams/For 2FA/button_Confirm_2FA' is clicked on

2023-02-20 14:46:13 - [TEST_STEP][PASSED] - executeJavaScript("window.open();", []): Execute JavaScript 'window.open();' successfully

2023-02-20 14:46:14 - [MESSAGE][PASSED] - Execute JavaScript 'window.open();' successfully

2023-02-20 14:46:14 - [TEST_STEP][PASSED] - currentWindow = getWindowIndex(): Current window's index is: 0

2023-02-20 14:46:14 - [MESSAGE][PASSED] - Current window's index is: 0

2023-02-20 14:46:14 - [TEST_STEP][PASSED] - delay(3): Delayed 3 second(s)

2023-02-20 14:46:17 - [MESSAGE][PASSED] - Delayed 3 second(s)

2023-02-20 14:46:17 - [TEST_STEP][PASSED] - switchToWindowIndex(currentWindow + 1): Switched to window with index: '1'

2023-02-20 14:46:17 - [MESSAGE][PASSED] - Switched to window with index: '1'

2023-02-20 14:46:17 - [TEST_STEP][PASSED] - navigateToUrl("https://www.mailinator.com/"): Navigate to 'https://www.mailinator.com/' successfully

2023-02-20 14:46:29 - [MESSAGE][PASSED] - Navigate to 'https://www.mailinator.com/' successfully

2023-02-20 14:46:29 - [TEST_STEP][PASSED] - delay(3): Delayed 3 second(s)

2023-02-20 14:46:32 - [MESSAGE][PASSED] - Delayed 3 second(s)

2023-02-20 14:46:32 - [TEST_STEP][PASSED] - setText(findTestObject("00-Signup and Activation/zMailinator/input_LOGIN_search"), "testuser02@mailinator.com"): Text 'testuser02@mailinator.com' is set on object 'Object Repository/00-Signup and Activation/zMailinator/input_LOGIN_search'

2023-02-20 14:46:33 - [MESSAGE][PASSED] - Text 'testuser02@mailinator.com' is set on object 'Object Repository/00-Signup and Activation/zMailinator/input_LOGIN_search'

2023-02-20 14:46:33 - [TEST_STEP][PASSED] - click(findTestObject("00-Signup and Activation/zMailinator/gobutton"), STOP_ON_FAILURE): Object: 'Object Repository/00-Signup and Activation/zMailinator/gobutton' is clicked on

2023-02-20 14:46:37 - [MESSAGE][PASSED] - Object: 'Object Repository/00-Signup and Activation/zMailinator/gobutton' is clicked on

2023-02-20 14:46:37 - [TEST_STEP][PASSED] - delay(3): Delayed 3 second(s)

2023-02-20 14:46:40 - [MESSAGE][PASSED] - Delayed 3 second(s)

2023-02-20 14:46:40 - [TEST_STEP][PASSED] - click(findTestObject("00-Signup and Activation/zMailinator/Email - everleagues")): Object: 'Object Repository/00-Signup and Activation/zMailinator/Email - everleagues' is clicked on

2023-02-20 14:46:42 - [MESSAGE][PASSED] - Object: 'Object Repository/00-Signup and Activation/zMailinator/Email - everleagues' is clicked on

2023-02-20 14:46:42 - [TEST_STEP][PASSED] - delay(3): Delayed 3 second(s)

2023-02-20 14:46:45 - [MESSAGE][PASSED] - Delayed 3 second(s)

2023-02-20 14:46:45 - [TEST_STEP][PASSED] - code = getText(findTestObject("Object Repository/06-Teams/For 2FA/2FA code")): Text of object 'Object Repository/06-Teams/For 2FA/2FA code' is: '201805'

2023-02-20 14:46:46 - [MESSAGE][PASSED] - Text of object 'Object Repository/06-Teams/For 2FA/2FA code' is: '201805'

2023-02-20 14:46:46 - [TEST_STEP][PASSED] - delay(3): Delayed 3 second(s)

2023-02-20 14:46:49 - [MESSAGE][PASSED] - Delayed 3 second(s)

2023-02-20 14:46:49 - [TEST_STEP][PASSED] - closeWindowTitle("Mailinator"): Window with title: 'Mailinator' is closed

2023-02-20 14:46:50 - [MESSAGE][PASSED] - Window with title: 'Mailinator' is closed

2023-02-20 14:46:50 - [TEST_STEP][PASSED] - delay(3): Delayed 3 second(s)

2023-02-20 14:46:53 - [MESSAGE][PASSED] - Delayed 3 second(s)

2023-02-20 14:46:53 - [TEST_STEP][PASSED] - switchToWindowIndex(0): Switched to window with index: '0'

2023-02-20 14:46:53 - [MESSAGE][PASSED] - Switched to window with index: '0'

2023-02-20 14:46:53 - [TEST_STEP][PASSED] - delay(3): Delayed 3 second(s)

2023-02-20 14:46:56 - [MESSAGE][PASSED] - Delayed 3 second(s)

2023-02-20 14:46:56 - [TEST_STEP][PASSED] - setText(findTestObject("Object Repository/06-Teams/For 2FA/input_Enter verification code_code"), code): Text '201805' is set on object 'Object Repository/06-Teams/For 2FA/input_Enter verification code_code'

2023-02-20 14:46:58 - [MESSAGE][PASSED] - Text '201805' is set on object 'Object Repository/06-Teams/For 2FA/input_Enter verification code_code'

2023-02-20 14:46:58 - [TEST_STEP][PASSED] - delay(3): Delayed 3 second(s)

2023-02-20 14:47:01 - [MESSAGE][PASSED] - Delayed 3 second(s)

2023-02-20 14:47:01 - [TEST_STEP][PASSED] - click(findTestObject("06-Teams/For 2FA/button_Verify_2FA")): Object: 'Object Repository/06-Teams/For 2FA/button_Verify_2FA' is clicked on

2023-02-20 14:47:02 - [MESSAGE][PASSED] - Object: 'Object Repository/06-Teams/For 2FA/button_Verify_2FA' is clicked on

2023-02-20 14:47:02 - [TEST_STEP][PASSED] - delay(3): Delayed 3 second(s)

2023-02-20 14:47:05 - [MESSAGE][PASSED] - Delayed 3 second(s)

2023-02-20 14:47:05 - [MESSAGE][PASSED] - Call Test Case 'Test Cases/01-Login and Forgot Password/04-Login(Valid Credentials-With Subscription)' successfully

2023-02-20 14:47:05 - [TEST_STEP][PASSED] - click(findTestObject("06-Teams/button_doublearrow")): Object: 'Object Repository/06-Teams/button_doublearrow' is clicked on

2023-02-20 14:47:09 - [MESSAGE][PASSED] - Object: 'Object Repository/06-Teams/button_doublearrow' is clicked on

2023-02-20 14:47:09 - [TEST_STEP][PASSED] - click(findTestObject("06-Teams/button_My Organizations")): Object: 'Object Repository/06-Teams/button_My Organizations' is clicked on

2023-02-20 14:47:10 - [MESSAGE][PASSED] - Object: 'Object Repository/06-Teams/button_My Organizations' is clicked on

2023-02-20 14:47:10 - [TEST_STEP][PASSED] - click(findTestObject("02-Side Icons(Organization)/Add Contact/button_Automation Test Org")): Object: 'Object Repository/02-Side Icons(Organization)/Add Contact/button_Automation Test Org' is clicked on

2023-02-20 14:47:12 - [MESSAGE][PASSED] - Object: 'Object Repository/02-Side Icons(Organization)/Add Contact/button_Automation Test Org' is clicked on

2023-02-20 14:47:12 - [TEST_STEP][PASSED] - delay(4): Delayed 4 second(s)

2023-02-20 14:47:16 - [MESSAGE][PASSED] - Delayed 4 second(s)

2023-02-20 14:47:16 - [TEST_STEP][PASSED] - verifyElementVisible(findTestObject("02-Side Icons(Organization)/Add Contact/span_Automation Test Org")): Object 'Object Repository/02-Side Icons(Organization)/Add Contact/span_Automation Test Org' is visible

2023-02-20 14:47:16 - [MESSAGE][PASSED] - Object 'Object Repository/02-Side Icons(Organization)/Add Contact/span_Automation Test Org' is visible

2023-02-20 14:47:16 - [TEST_STEP][PASSED] - delay(5): Delayed 5 second(s)

2023-02-20 14:47:21 - [MESSAGE][PASSED] - Delayed 5 second(s)

2023-02-20 14:47:21 - [TEST_STEP][PASSED] - scrollToElement(findTestObject("03-Header Menu/Hamburger Button/div_ELSign"), 0): Scroll to object 'Object Repository/03-Header Menu/Hamburger Button/div_ELSign' successfully

2023-02-20 14:47:22 - [MESSAGE][WARNING] - Timeout '0' is invalid. Using default page load timeout: '30'

2023-02-20 14:47:22 - [MESSAGE][PASSED] - Scroll to object 'Object Repository/03-Header Menu/Hamburger Button/div_ELSign' successfully

2023-02-20 14:47:22 - [TEST_STEP][PASSED] - click(findTestObject("03-Header Menu/Hamburger Button/div_ELSign")): Object: 'Object Repository/03-Header Menu/Hamburger Button/div_ELSign' is clicked on

2023-02-20 14:47:23 - [MESSAGE][PASSED] - Object: 'Object Repository/03-Header Menu/Hamburger Button/div_ELSign' is clicked on

2023-02-20 14:47:23 - [TEST_STEP][PASSED] - verifyElementVisible(findTestObject("03-Header Menu/Hamburger Button/div_ELSign")): Object 'Object Repository/03-Header Menu/Hamburger Button/div_ELSign' is visible

2023-02-20 14:47:27 - [MESSAGE][PASSED] - Object 'Object Repository/03-Header Menu/Hamburger Button/div_ELSign' is visible

2023-02-20 14:47:27 - [TEST_STEP][PASSED] - verifyElementVisible(findTestObject("12-EL Sign/h4_ELSign")): Object 'Object Repository/12-EL Sign/h4_ELSign' is visible

2023-02-20 14:47:28 - [MESSAGE][PASSED] - Object 'Object Repository/12-EL Sign/h4_ELSign' is visible

2023-02-20 14:47:28 - [TEST_STEP][PASSED] - delay(3): Delayed 3 second(s)

2023-02-20 14:47:31 - [MESSAGE][PASSED] - Delayed 3 second(s)

2023-02-20 14:47:31 - [TEST_STEP][PASSED] - click(findTestObject("12-EL Sign/div_Received Documents")): Object: 'Object Repository/12-EL Sign/div_Received Documents' is clicked on

2023-02-20 14:47:33 - [MESSAGE][PASSED] - Object: 'Object Repository/12-EL Sign/div_Received Documents' is clicked on

2023-02-20 14:47:33 - [TEST_STEP][PASSED] - delay(3): Delayed 3 second(s)

2023-02-20 14:47:36 - [MESSAGE][PASSED] - Delayed 3 second(s)

2023-02-20 14:47:36 - [TEST_STEP][PASSED] - click(findTestObject("12-EL Sign/button_create")): Object: 'Object Repository/12-EL Sign/button_create' is clicked on

2023-02-20 14:47:37 - [MESSAGE][PASSED] - Object: 'Object Repository/12-EL Sign/button_create' is clicked on

2023-02-20 14:47:37 - [TEST_STEP][PASSED] - delay(3): Delayed 3 second(s)

2023-02-20 14:47:40 - [MESSAGE][PASSED] - Delayed 3 second(s)

2023-02-20 14:47:40 - [TEST_STEP][PASSED] - verifyElementVisible(findTestObject("12-EL Sign/div_EL Sign Consent")): Object 'Object Repository/12-EL Sign/div_EL Sign Consent' is visible

2023-02-20 14:47:41 - [MESSAGE][PASSED] - Object 'Object Repository/12-EL Sign/div_EL Sign Consent' is visible

2023-02-20 14:47:41 - [TEST_STEP][PASSED] - delay(3): Delayed 3 second(s)

2023-02-20 14:47:44 - [MESSAGE][PASSED] - Delayed 3 second(s)

2023-02-20 14:47:44 - [TEST_STEP][PASSED] - click(findTestObject("12-EL Sign/checkbox_I have read and agree to the above")): Object: 'Object Repository/12-EL Sign/checkbox_I have read and agree to the above' is clicked on

2023-02-20 14:47:45 - [MESSAGE][PASSED] - Object: 'Object Repository/12-EL Sign/checkbox_I have read and agree to the above' is clicked on

2023-02-20 14:47:45 - [TEST_STEP][PASSED] - delay(3): Delayed 3 second(s)

2023-02-20 14:47:48 - [MESSAGE][PASSED] - Delayed 3 second(s)

2023-02-20 14:47:48 - [TEST_STEP][PASSED] - click(findTestObject("12-EL Sign/button_BEGIN")): Object: 'Object Repository/12-EL Sign/button_BEGIN' is clicked on

2023-02-20 14:47:49 - [MESSAGE][PASSED] - Object: 'Object Repository/12-EL Sign/button_BEGIN' is clicked on

2023-02-20 14:47:49 - [TEST_STEP][PASSED] - delay(3): Delayed 3 second(s)

2023-02-20 14:47:52 - [MESSAGE][PASSED] - Delayed 3 second(s)

2023-02-20 14:47:52 - [TEST_STEP][PASSED] - click(findTestObject("12-EL Sign/div_date")): Object: 'Object Repository/12-EL Sign/div_date' is clicked on

2023-02-20 14:47:53 - [MESSAGE][PASSED] - Object: 'Object Repository/12-EL Sign/div_date' is clicked on

2023-02-20 14:47:53 - [TEST_STEP][PASSED] - click(findTestObject("12-EL Sign/div_date")): Object: 'Object Repository/12-EL Sign/div_date' is clicked on

2023-02-20 14:47:54 - [MESSAGE][PASSED] - Object: 'Object Repository/12-EL Sign/div_date' is clicked on

2023-02-20 14:47:54 - [TEST_STEP][PASSED] - delay(3): Delayed 3 second(s)

2023-02-20 14:47:57 - [MESSAGE][PASSED] - Delayed 3 second(s)

2023-02-20 14:47:57 - [TEST_STEP][PASSED] - click(findTestObject("12-EL Sign/div_initial")): Object: 'Object Repository/12-EL Sign/div_initial' is clicked on

2023-02-20 14:47:58 - [MESSAGE][PASSED] - Object: 'Object Repository/12-EL Sign/div_initial' is clicked on

2023-02-20 14:47:58 - [TEST_STEP][PASSED] - verifyElementVisible(findTestObject("12-EL Sign/mat-dialog-container_InitialModal")): Object 'Object Repository/12-EL Sign/mat-dialog-container_InitialModal' is visible

2023-02-20 14:47:59 - [MESSAGE][PASSED] - Object 'Object Repository/12-EL Sign/mat-dialog-container_InitialModal' is visible

2023-02-20 14:47:59 - [TEST_STEP][PASSED] - click(findTestObject("12-EL Sign/button_Save3")): Object: 'Object Repository/12-EL Sign/button_Save3' is clicked on

2023-02-20 14:48:00 - [MESSAGE][PASSED] - Object: 'Object Repository/12-EL Sign/button_Save3' is clicked on

2023-02-20 14:48:00 - [TEST_STEP][PASSED] - delay(3): Delayed 3 second(s)

2023-02-20 14:48:03 - [MESSAGE][PASSED] - Delayed 3 second(s)

2023-02-20 14:48:03 - [TEST_STEP][PASSED] - click(findTestObject("12-EL Sign/div_signature")): Object: 'Object Repository/12-EL Sign/div_signature' is clicked on

2023-02-20 14:48:04 - [MESSAGE][PASSED] - Object: 'Object Repository/12-EL Sign/div_signature' is clicked on

2023-02-20 14:48:04 - [TEST_STEP][PASSED] - verifyElementVisible(findTestObject("12-EL Sign/mat-dialog-container_SignatureSettingsModal")): Object 'Object Repository/12-EL Sign/mat-dialog-container_SignatureSettingsModal' is visible

2023-02-20 14:48:05 - [MESSAGE][PASSED] - Object 'Object Repository/12-EL Sign/mat-dialog-container_SignatureSettingsModal' is visible

2023-02-20 14:48:05 - [TEST_STEP][PASSED] - click(findTestObject("12-EL Sign/checkbox_type")): Object: 'Object Repository/12-EL Sign/checkbox_type' is clicked on

2023-02-20 14:48:06 - [MESSAGE][PASSED] - Object: 'Object Repository/12-EL Sign/checkbox_type' is clicked on

2023-02-20 14:48:06 - [TEST_STEP][PASSED] - setAlertText("GG TESTER Signature"): Set alert text 'GG TESTER Signature' successfully

2023-02-20 14:48:06 - [MESSAGE][PASSED] - Set alert text 'GG TESTER Signature' successfully

2023-02-20 14:48:06 - [TEST_STEP][PASSED] - acceptAlert(): Alert accepted

2023-02-20 14:48:06 - [MESSAGE][PASSED] - Alert accepted

2023-02-20 14:48:06 - [TEST_STEP][PASSED] - click(findTestObject("12-EL Sign/button_save Save Settings")): Object: 'Object Repository/12-EL Sign/button_save Save Settings' is clicked on

2023-02-20 14:48:08 - [MESSAGE][PASSED] - Object: 'Object Repository/12-EL Sign/button_save Save Settings' is clicked on

2023-02-20 14:48:08 - [TEST_STEP][PASSED] - delay(3): Delayed 3 second(s)

2023-02-20 14:48:11 - [MESSAGE][PASSED] - Delayed 3 second(s)

2023-02-20 14:48:11 - [TEST_STEP][PASSED] - click(findTestObject("12-EL Sign/div_signature2")): Object: 'Object Repository/12-EL Sign/div_signature2' is clicked on

2023-02-20 14:48:12 - [MESSAGE][PASSED] - Object: 'Object Repository/12-EL Sign/div_signature2' is clicked on

2023-02-20 14:48:12 - [TEST_STEP][PASSED] - uploadpackage.Upload.uploadFile(findTestObject("12-EL Sign/div_upload_mat-checkbox"), "C:\Users\asus\Desktop\EL automation\qa.jpg"): uploadpackage.Upload.uploadFile is PASSED

2023-02-20 14:48:13 - [MESSAGE][PASSED] - Object: 'Object Repository/12-EL Sign/div_upload_mat-checkbox' is clicked on

2023-02-20 14:48:17 - [MESSAGE][PASSED] - uploadpackage.Upload.uploadFile is PASSED

2023-02-20 14:48:17 - [TEST_STEP][PASSED] - delay(3): Delayed 3 second(s)

2023-02-20 14:48:20 - [MESSAGE][PASSED] - Delayed 3 second(s)

2023-02-20 14:48:20 - [TEST_STEP][PASSED] - click(findTestObject("12-EL Sign/button_save Save Settings")): Object: 'Object Repository/12-EL Sign/button_save Save Settings' is clicked on

2023-02-20 14:48:21 - [MESSAGE][PASSED] - Object: 'Object Repository/12-EL Sign/button_save Save Settings' is clicked on

2023-02-20 14:48:21 - [TEST_STEP][PASSED] - delay(3): Delayed 3 second(s)

2023-02-20 14:48:24 - [MESSAGE][PASSED] - Delayed 3 second(s)

2023-02-20 14:48:24 - [TEST_STEP][PASSED] - click(findTestObject("12-EL Sign/button_completenavigate_next")): Object: 'Object Repository/12-EL Sign/button_completenavigate_next' is clicked on

2023-02-20 14:48:25 - [MESSAGE][PASSED] - Object: 'Object Repository/12-EL Sign/button_completenavigate_next' is clicked on

2023-02-20 14:48:25 - [TEST_STEP][PASSED] - delay(3): Delayed 3 second(s)

2023-02-20 14:48:28 - [MESSAGE][PASSED] - Delayed 3 second(s)

2023-02-20 14:48:28 - [TEST_STEP][PASSED] - verifyElementVisible(findTestObject("12-EL Sign/font_Please review and press the submit button to finish signing")): Object 'Object Repository/12-EL Sign/font_Please review and press the submit button to finish signing' is visible

2023-02-20 14:48:29 - [MESSAGE][PASSED] - Object 'Object Repository/12-EL Sign/font_Please review and press the submit button to finish signing' is visible

2023-02-20 14:48:29 - [TEST_STEP][PASSED] - click(findTestObject("12-EL Sign/button_REVIEW")): Object: 'Object Repository/12-EL Sign/button_REVIEW' is clicked on

2023-02-20 14:48:30 - [MESSAGE][PASSED] - Object: 'Object Repository/12-EL Sign/button_REVIEW' is clicked on

2023-02-20 14:48:30 - [TEST_STEP][PASSED] - switchToWindowIndex(1): Switched to window with index: '1'

2023-02-20 14:48:33 - [MESSAGE][PASSED] - Switched to window with index: '1'

2023-02-20 14:48:33 - [TEST_STEP][PASSED] - closeWindowIndex(1): Window with index 1 is closed

2023-02-20 14:48:33 - [MESSAGE][PASSED] - Window with index 1 is closed

2023-02-20 14:48:33 - [TEST_STEP][PASSED] - switchToWindowIndex(0): Switched to window with index: '0'

2023-02-20 14:48:33 - [MESSAGE][PASSED] - Switched to window with index: '0'

2023-02-20 14:48:33 - [TEST_STEP][PASSED] - click(findTestObject("12-EL Sign/button_EDIT")): Object: 'Object Repository/12-EL Sign/button_EDIT' is clicked on

2023-02-20 14:48:36 - [MESSAGE][PASSED] - Object: 'Object Repository/12-EL Sign/button_EDIT' is clicked on

2023-02-20 14:48:36 - [TEST_STEP][PASSED] - delay(3): Delayed 3 second(s)

2023-02-20 14:48:39 - [MESSAGE][PASSED] - Delayed 3 second(s)

2023-02-20 14:48:39 - [TEST_STEP][PASSED] - click(findTestObject("12-EL Sign/button_completenavigate_next")): Object: 'Object Repository/12-EL Sign/button_completenavigate_next' is clicked on

2023-02-20 14:48:41 - [MESSAGE][PASSED] - Object: 'Object Repository/12-EL Sign/button_completenavigate_next' is clicked on

2023-02-20 14:48:41 - [TEST_STEP][PASSED] - delay(3): Delayed 3 second(s)

2023-02-20 14:48:44 - [MESSAGE][PASSED] - Delayed 3 second(s)

2023-02-20 14:48:44 - [TEST_STEP][PASSED] - click(findTestObject("12-EL Sign/button_SUBMIT")): Object: 'Object Repository/12-EL Sign/button_SUBMIT' is clicked on

2023-02-20 14:48:46 - [MESSAGE][PASSED] - Object: 'Object Repository/12-EL Sign/button_SUBMIT' is clicked on]]></system-out>
         <system-err><![CDATA[]]></system-err>
      </testcase>
      <testcase name="Test Cases/12-EL Sign/11-Send Documents(Download Document and Certificate)" time="24.17" classname="Test Cases/12-EL Sign/11-Send Documents(Download Document and Certificate)" status="PASSED">
         <system-out><![CDATA[2023-02-20 14:48:46 - [TEST_CASE][PASSED] - Test Cases/12-EL Sign/11-Send Documents(Download Document and Certificate): Test Cases/12-EL Sign/11-Send Documents(Download Document and Certificate)

2023-02-20 14:48:50 - [TEST_STEP][PASSED] - delay(3): Delayed 3 second(s)

2023-02-20 14:48:53 - [MESSAGE][PASSED] - Delayed 3 second(s)

2023-02-20 14:48:53 - [TEST_STEP][PASSED] - click(findTestObject("12-EL Sign/div_Send Documents")): Object: 'Object Repository/12-EL Sign/div_Send Documents' is clicked on

2023-02-20 14:48:54 - [MESSAGE][PASSED] - Object: 'Object Repository/12-EL Sign/div_Send Documents' is clicked on

2023-02-20 14:48:54 - [TEST_STEP][PASSED] - delay(3): Delayed 3 second(s)

2023-02-20 14:48:57 - [MESSAGE][PASSED] - Delayed 3 second(s)

2023-02-20 14:48:57 - [TEST_STEP][PASSED] - click(findTestObject("12-EL Sign/mat-icon_refresh")): Object: 'Object Repository/12-EL Sign/mat-icon_refresh' is clicked on

2023-02-20 14:48:58 - [MESSAGE][PASSED] - Object: 'Object Repository/12-EL Sign/mat-icon_refresh' is clicked on

2023-02-20 14:48:58 - [TEST_STEP][PASSED] - delay(3): Delayed 3 second(s)

2023-02-20 14:49:01 - [MESSAGE][PASSED] - Delayed 3 second(s)

2023-02-20 14:49:01 - [TEST_STEP][PASSED] - click(findTestObject("12-EL Sign/button_Download document")): Object: 'Object Repository/12-EL Sign/button_Download document' is clicked on

2023-02-20 14:49:02 - [MESSAGE][PASSED] - Object: 'Object Repository/12-EL Sign/button_Download document' is clicked on

2023-02-20 14:49:02 - [TEST_STEP][PASSED] - delay(3): Delayed 3 second(s)

2023-02-20 14:49:05 - [MESSAGE][PASSED] - Delayed 3 second(s)

2023-02-20 14:49:05 - [TEST_STEP][PASSED] - click(findTestObject("12-EL Sign/button_Download certificate")): Object: 'Object Repository/12-EL Sign/button_Download certificate' is clicked on

2023-02-20 14:49:06 - [MESSAGE][PASSED] - Object: 'Object Repository/12-EL Sign/button_Download certificate' is clicked on

2023-02-20 14:49:06 - [TEST_STEP][PASSED] - switchToWindowIndex(1): Switched to window with index: '1'

2023-02-20 14:49:07 - [MESSAGE][PASSED] - Switched to window with index: '1'

2023-02-20 14:49:07 - [TEST_STEP][PASSED] - closeWindowIndex(1): Window with index 1 is closed

2023-02-20 14:49:07 - [MESSAGE][PASSED] - Window with index 1 is closed

2023-02-20 14:49:07 - [TEST_STEP][PASSED] - switchToWindowIndex(0): Switched to window with index: '0'

2023-02-20 14:49:07 - [MESSAGE][PASSED] - Switched to window with index: '0'

2023-02-20 14:49:07 - [TEST_STEP][PASSED] - delay(3): Delayed 3 second(s)

2023-02-20 14:49:10 - [MESSAGE][PASSED] - Delayed 3 second(s)]]></system-out>
         <system-err><![CDATA[]]></system-err>
      </testcase>
      <testcase name="Test Cases/12-EL Sign/12-Received Documents(Download Document and Certificate)" time="16.438" classname="Test Cases/12-EL Sign/12-Received Documents(Download Document and Certificate)" status="PASSED">
         <system-out><![CDATA[2023-02-20 14:49:11 - [TEST_CASE][PASSED] - Test Cases/12-EL Sign/12-Received Documents(Download Document and Certificate): Test Cases/12-EL Sign/12-Received Documents(Download Document and Certificate)

2023-02-20 14:49:13 - [TEST_STEP][PASSED] - click(findTestObject("12-EL Sign/div_Received Documents")): Object: 'Object Repository/12-EL Sign/div_Received Documents' is clicked on

2023-02-20 14:49:14 - [MESSAGE][PASSED] - Object: 'Object Repository/12-EL Sign/div_Received Documents' is clicked on

2023-02-20 14:49:14 - [TEST_STEP][PASSED] - delay(3): Delayed 3 second(s)

2023-02-20 14:49:17 - [MESSAGE][PASSED] - Delayed 3 second(s)

2023-02-20 14:49:17 - [TEST_STEP][PASSED] - click(findTestObject("12-EL Sign/button_Download document")): Object: 'Object Repository/12-EL Sign/button_Download document' is clicked on

2023-02-20 14:49:18 - [MESSAGE][PASSED] - Object: 'Object Repository/12-EL Sign/button_Download document' is clicked on

2023-02-20 14:49:18 - [TEST_STEP][PASSED] - delay(3): Delayed 3 second(s)

2023-02-20 14:49:21 - [MESSAGE][PASSED] - Delayed 3 second(s)

2023-02-20 14:49:21 - [TEST_STEP][PASSED] - click(findTestObject("12-EL Sign/button_Download certificate")): Object: 'Object Repository/12-EL Sign/button_Download certificate' is clicked on

2023-02-20 14:49:22 - [MESSAGE][PASSED] - Object: 'Object Repository/12-EL Sign/button_Download certificate' is clicked on

2023-02-20 14:49:22 - [TEST_STEP][PASSED] - switchToWindowIndex(1): Switched to window with index: '1'

2023-02-20 14:49:23 - [MESSAGE][PASSED] - Switched to window with index: '1'

2023-02-20 14:49:23 - [TEST_STEP][PASSED] - closeWindowIndex(1): Window with index 1 is closed

2023-02-20 14:49:24 - [MESSAGE][PASSED] - Window with index 1 is closed

2023-02-20 14:49:24 - [TEST_STEP][PASSED] - switchToWindowIndex(0): Switched to window with index: '0'

2023-02-20 14:49:24 - [MESSAGE][PASSED] - Switched to window with index: '0'

2023-02-20 14:49:24 - [TEST_STEP][PASSED] - delay(3): Delayed 3 second(s)

2023-02-20 14:49:27 - [MESSAGE][PASSED] - Delayed 3 second(s)]]></system-out>
         <system-err><![CDATA[]]></system-err>
      </testcase>
      <testcase name="Test Cases/12-EL Sign/13-Receive Documents(View Document and History)" time="24.159" classname="Test Cases/12-EL Sign/13-Receive Documents(View Document and History)" status="PASSED">
         <system-out><![CDATA[2023-02-20 14:49:27 - [TEST_CASE][PASSED] - Test Cases/12-EL Sign/13-Receive Documents(View Document and History): Test Cases/12-EL Sign/13-Receive Documents(View Document and History)

2023-02-20 14:49:29 - [TEST_STEP][PASSED] - click(findTestObject("12-EL Sign/button_visibility")): Object: 'Object Repository/12-EL Sign/button_visibility' is clicked on

2023-02-20 14:49:30 - [MESSAGE][PASSED] - Object: 'Object Repository/12-EL Sign/button_visibility' is clicked on

2023-02-20 14:49:30 - [TEST_STEP][PASSED] - switchToWindowIndex(1): Switched to window with index: '1'

2023-02-20 14:49:33 - [MESSAGE][PASSED] - Switched to window with index: '1'

2023-02-20 14:49:33 - [TEST_STEP][PASSED] - closeWindowIndex(1): Window with index 1 is closed

2023-02-20 14:49:33 - [MESSAGE][PASSED] - Window with index 1 is closed

2023-02-20 14:49:33 - [TEST_STEP][PASSED] - switchToWindowIndex(0): Switched to window with index: '0'

2023-02-20 14:49:33 - [MESSAGE][PASSED] - Switched to window with index: '0'

2023-02-20 14:49:33 - [TEST_STEP][PASSED] - delay(3): Delayed 3 second(s)

2023-02-20 14:49:36 - [MESSAGE][PASSED] - Delayed 3 second(s)

2023-02-20 14:49:36 - [TEST_STEP][PASSED] - click(findTestObject("12-EL Sign/mat-icon_refit"), STOP_ON_FAILURE): Object: 'Object Repository/12-EL Sign/mat-icon_refit' is clicked on

2023-02-20 14:49:37 - [MESSAGE][PASSED] - Object: 'Object Repository/12-EL Sign/mat-icon_refit' is clicked on

2023-02-20 14:49:37 - [TEST_STEP][PASSED] - verifyElementVisible(findTestObject("12-EL Sign/div_statusSigned")): Object 'Object Repository/12-EL Sign/div_statusSigned' is visible

2023-02-20 14:49:38 - [MESSAGE][PASSED] - Object 'Object Repository/12-EL Sign/div_statusSigned' is visible

2023-02-20 14:49:38 - [TEST_STEP][PASSED] - click(findTestObject("12-EL Sign/button_history")): Object: 'Object Repository/12-EL Sign/button_history' is clicked on

2023-02-20 14:49:39 - [MESSAGE][PASSED] - Object: 'Object Repository/12-EL Sign/button_history' is clicked on

2023-02-20 14:49:39 - [TEST_STEP][PASSED] - verifyElementVisible(findTestObject("12-EL Sign/mat-dialog-container-historyModal")): Object 'Object Repository/12-EL Sign/mat-dialog-container-historyModal' is visible

2023-02-20 14:49:41 - [MESSAGE][PASSED] - Object 'Object Repository/12-EL Sign/mat-dialog-container-historyModal' is visible

2023-02-20 14:49:41 - [TEST_STEP][PASSED] - verifyElementVisible(findTestObject("12-EL Sign/td_historyName")): Object 'Object Repository/12-EL Sign/td_historyName' is visible

2023-02-20 14:49:42 - [MESSAGE][PASSED] - Object 'Object Repository/12-EL Sign/td_historyName' is visible

2023-02-20 14:49:42 - [TEST_STEP][PASSED] - delay(3): Delayed 3 second(s)

2023-02-20 14:49:45 - [MESSAGE][PASSED] - Delayed 3 second(s)

2023-02-20 14:49:45 - [TEST_STEP][PASSED] - doubleClick(findTestObject("12-EL Sign/button_CANCEL2")): Object: 'Object Repository/12-EL Sign/button_CANCEL2' is double clicked on

2023-02-20 14:49:48 - [MESSAGE][PASSED] - Object: 'Object Repository/12-EL Sign/button_CANCEL2' is double clicked on

2023-02-20 14:49:48 - [TEST_STEP][PASSED] - delay(3): Delayed 3 second(s)

2023-02-20 14:49:51 - [MESSAGE][PASSED] - Delayed 3 second(s)]]></system-out>
         <system-err><![CDATA[]]></system-err>
      </testcase>
      <testcase name="Test Cases/12-EL Sign/14-Send Documents(Delete ELSign)" time="10.96" classname="Test Cases/12-EL Sign/14-Send Documents(Delete ELSign)" status="PASSED">
         <system-out><![CDATA[2023-02-20 14:49:51 - [TEST_CASE][PASSED] - Test Cases/12-EL Sign/14-Send Documents(Delete ELSign): Test Cases/12-EL Sign/14-Send Documents(Delete ELSign)

2023-02-20 14:49:53 - [TEST_STEP][PASSED] - click(findTestObject("12-EL Sign/div_Send Documents")): Object: 'Object Repository/12-EL Sign/div_Send Documents' is clicked on

2023-02-20 14:49:54 - [MESSAGE][PASSED] - Object: 'Object Repository/12-EL Sign/div_Send Documents' is clicked on

2023-02-20 14:49:54 - [TEST_STEP][PASSED] - delay(3): Delayed 3 second(s)

2023-02-20 14:49:57 - [MESSAGE][PASSED] - Delayed 3 second(s)

2023-02-20 14:49:57 - [TEST_STEP][PASSED] - verifyElementVisible(findTestObject("12-EL Sign/button_deleteELSign")): Object 'Object Repository/12-EL Sign/button_deleteELSign' is visible

2023-02-20 14:49:58 - [MESSAGE][PASSED] - Object 'Object Repository/12-EL Sign/button_deleteELSign' is visible

2023-02-20 14:49:58 - [TEST_STEP][PASSED] - delay(3): Delayed 3 second(s)

2023-02-20 14:50:01 - [MESSAGE][PASSED] - Delayed 3 second(s)

2023-02-20 14:50:01 - [TEST_STEP][PASSED] - click(findTestObject("12-EL Sign/button_deleteELSign")): Object: 'Object Repository/12-EL Sign/button_deleteELSign' is clicked on

2023-02-20 14:50:02 - [MESSAGE][PASSED] - Object: 'Object Repository/12-EL Sign/button_deleteELSign' is clicked on]]></system-out>
         <system-err><![CDATA[]]></system-err>
      </testcase>
      <system-out><![CDATA[2023-02-20 14:45:14 - [TEST_SUITE][PASSED] - 12.2-EL Sign (Received Documents): Test Cases/12-EL Sign/14-Send Documents(Delete ELSign)]]></system-out>
      <system-err><![CDATA[]]></system-err>
   </testsuite>
</testsuites>
