<?xml version="1.0" encoding="UTF-8"?>
<testsuites name="09.1 - Settings (Invite users)" time="1178.918" tests="5" failures="0" errors="0">
   <testsuite name="09.1 - Settings (Invite users)" tests="5" failures="0" errors="0" time="1178.918" skipped="0" timestamp="2023-02-21 10:28:35" hostname="asus - DESKTOP-3L3J9C1" id="Test Suites/TS-Organization/09.1 - Settings (Invite users)">
      <properties>
         <property name="deviceName" value=""/>
         <property name="devicePlatform" value=""/>
         <property name="logFolder" value="C:\\Users\\asus\\Katalon Studio\\Everleagues\\Everleagues\\Reports\\20230221_102820\\TS-Organization\\09.1 - Settings (Invite users)\\20230221_102820"/>
         <property name="logFiles" value="C:\\Users\\asus\\Katalon Studio\\Everleagues\\Everleagues\\Reports\\20230221_102820\\TS-Organization\\09.1 - Settings (Invite users)\\20230221_102820\\execution0.log"/>
         <property name="attachments" value=""/>
         <property name="hostName" value="asus - DESKTOP-3L3J9C1"/>
         <property name="os" value="Windows 10 64bit"/>
         <property name="katalonVersion" value="8.4.1.208"/>
         <property name="browser" value="Chrome 110.0.0.0"/>
         <property name="hostAddress" value="10.5.0.2"/>
         <property name="sessionId" value="32fb9056356bcd45f87863e183f988d5"/>
         <property name="seleniumVersion" value="3.141.59"/>
         <property name="proxyInformation" value="ProxyInformation { proxyOption=NO_PROXY, proxyServerType=HTTP, username=, password=********, proxyServerAddress=, proxyServerPort=0, executionList=&quot;&quot;, isApplyToDesiredCapabilities=true }"/>
         <property name="platform" value="Windows 10"/>
      </properties>
      <testcase name="Test Cases/09-Settings/01 - Users (Invite new user but field are blank)" time="154.208" classname="Test Cases/09-Settings/01 - Users (Invite new user but field are blank)" status="PASSED">
         <system-out><![CDATA[2023-02-21 10:28:36 - [TEST_CASE][PASSED] - Test Cases/09-Settings/01 - Users (Invite new user but field are blank): Test Cases/09-Settings/01 - Users (Invite new user but field are blank)

2023-02-21 10:28:38 - [TEST_STEP][PASSED] - openBrowser(""): Browser is opened with url: ''

2023-02-21 10:28:40 - [MESSAGE][INFO] - Starting 'Chrome' driver

2023-02-21 10:28:40 - [MESSAGE][INFO] - Action delay is set to 0 milliseconds

2023-02-21 10:28:48 - [MESSAGE][PASSED] - Browser is opened with url: ''

2023-02-21 10:28:48 - [TEST_STEP][PASSED] - navigateToUrl("https://lab.everleagues.com/"): Navigate to 'https://lab.everleagues.com/' successfully

2023-02-21 10:29:12 - [MESSAGE][PASSED] - Navigate to 'https://lab.everleagues.com/' successfully

2023-02-21 10:29:12 - [TEST_STEP][PASSED] - maximizeWindow(): Current window maximized

2023-02-21 10:29:12 - [MESSAGE][PASSED] - Current window maximized

2023-02-21 10:29:12 - [TEST_STEP][PASSED] - callTestCase(findTestCase("01-Login and Forgot Password/04-Login(Valid Credentials-With Subscription)"), [:], STOP_ON_FAILURE): Call Test Case 'Test Cases/01-Login and Forgot Password/04-Login(Valid Credentials-With Subscription)' successfully

2023-02-21 10:29:13 - [TEST_CASE][PASSED] - Test Cases/01-Login and Forgot Password/04-Login(Valid Credentials-With Subscription): Test Cases/01-Login and Forgot Password/04-Login(Valid Credentials-With Subscription)

2023-02-21 10:29:16 - [TEST_STEP][PASSED] - setText(findTestObject("01-Login and Forgot Password/input_Email_email"), "testuser02@mailinator.com"): Text 'testuser02@mailinator.com' is set on object 'Object Repository/01-Login and Forgot Password/input_Email_email'

2023-02-21 10:29:18 - [MESSAGE][PASSED] - Text 'testuser02@mailinator.com' is set on object 'Object Repository/01-Login and Forgot Password/input_Email_email'

2023-02-21 10:29:18 - [TEST_STEP][PASSED] - setEncryptedText(findTestObject("01-Login and Forgot Password/input_Email_password"), "8yFRyszE6U6jvsCn51OQbg=="): Text ****** has been set on object 'Object Repository/01-Login and Forgot Password/input_Email_password'

2023-02-21 10:29:19 - [MESSAGE][PASSED] - Text ****** has been set on object 'Object Repository/01-Login and Forgot Password/input_Email_password'

2023-02-21 10:29:19 - [TEST_STEP][PASSED] - delay(2): Delayed 2 second(s)

2023-02-21 10:29:22 - [MESSAGE][PASSED] - Delayed 2 second(s)

2023-02-21 10:29:22 - [TEST_STEP][PASSED] - click(findTestObject("01-Login and Forgot Password/show pass button")): Object: 'Object Repository/01-Login and Forgot Password/show pass button' is clicked on

2023-02-21 10:29:23 - [MESSAGE][PASSED] - Object: 'Object Repository/01-Login and Forgot Password/show pass button' is clicked on

2023-02-21 10:29:23 - [TEST_STEP][PASSED] - delay(3): Delayed 3 second(s)

2023-02-21 10:29:26 - [MESSAGE][PASSED] - Delayed 3 second(s)

2023-02-21 10:29:26 - [TEST_STEP][PASSED] - click(findTestObject("01-Login and Forgot Password/button_Sign in")): Object: 'Object Repository/01-Login and Forgot Password/button_Sign in' is clicked on

2023-02-21 10:29:27 - [MESSAGE][PASSED] - Object: 'Object Repository/01-Login and Forgot Password/button_Sign in' is clicked on

2023-02-21 10:29:27 - [TEST_STEP][PASSED] - delay(3): Delayed 3 second(s)

2023-02-21 10:29:30 - [MESSAGE][PASSED] - Delayed 3 second(s)

2023-02-21 10:29:30 - [TEST_STEP][PASSED] - click(findTestObject("06-Teams/For 2FA/button_Confirm_2FA")): Object: 'Object Repository/06-Teams/For 2FA/button_Confirm_2FA' is clicked on

2023-02-21 10:29:31 - [MESSAGE][PASSED] - Object: 'Object Repository/06-Teams/For 2FA/button_Confirm_2FA' is clicked on

2023-02-21 10:29:31 - [TEST_STEP][PASSED] - executeJavaScript("window.open();", []): Execute JavaScript 'window.open();' successfully

2023-02-21 10:29:32 - [MESSAGE][PASSED] - Execute JavaScript 'window.open();' successfully

2023-02-21 10:29:32 - [TEST_STEP][PASSED] - currentWindow = getWindowIndex(): Current window's index is: 0

2023-02-21 10:29:32 - [MESSAGE][PASSED] - Current window's index is: 0

2023-02-21 10:29:32 - [TEST_STEP][PASSED] - delay(3): Delayed 3 second(s)

2023-02-21 10:29:35 - [MESSAGE][PASSED] - Delayed 3 second(s)

2023-02-21 10:29:35 - [TEST_STEP][PASSED] - switchToWindowIndex(currentWindow + 1): Switched to window with index: '1'

2023-02-21 10:29:35 - [MESSAGE][PASSED] - Switched to window with index: '1'

2023-02-21 10:29:35 - [TEST_STEP][PASSED] - navigateToUrl("https://www.mailinator.com/"): Navigate to 'https://www.mailinator.com/' successfully

2023-02-21 10:29:45 - [MESSAGE][PASSED] - Navigate to 'https://www.mailinator.com/' successfully

2023-02-21 10:29:45 - [TEST_STEP][PASSED] - delay(3): Delayed 3 second(s)

2023-02-21 10:29:48 - [MESSAGE][PASSED] - Delayed 3 second(s)

2023-02-21 10:29:48 - [TEST_STEP][PASSED] - setText(findTestObject("00-Signup and Activation/zMailinator/input_LOGIN_search"), "testuser02@mailinator.com"): Text 'testuser02@mailinator.com' is set on object 'Object Repository/00-Signup and Activation/zMailinator/input_LOGIN_search'

2023-02-21 10:29:49 - [MESSAGE][PASSED] - Text 'testuser02@mailinator.com' is set on object 'Object Repository/00-Signup and Activation/zMailinator/input_LOGIN_search'

2023-02-21 10:29:49 - [TEST_STEP][PASSED] - click(findTestObject("00-Signup and Activation/zMailinator/gobutton"), STOP_ON_FAILURE): Object: 'Object Repository/00-Signup and Activation/zMailinator/gobutton' is clicked on

2023-02-21 10:29:53 - [MESSAGE][PASSED] - Object: 'Object Repository/00-Signup and Activation/zMailinator/gobutton' is clicked on

2023-02-21 10:29:53 - [TEST_STEP][PASSED] - delay(3): Delayed 3 second(s)

2023-02-21 10:29:56 - [MESSAGE][PASSED] - Delayed 3 second(s)

2023-02-21 10:29:56 - [TEST_STEP][PASSED] - click(findTestObject("00-Signup and Activation/zMailinator/Email - everleagues")): Object: 'Object Repository/00-Signup and Activation/zMailinator/Email - everleagues' is clicked on

2023-02-21 10:29:57 - [MESSAGE][PASSED] - Object: 'Object Repository/00-Signup and Activation/zMailinator/Email - everleagues' is clicked on

2023-02-21 10:29:57 - [TEST_STEP][PASSED] - delay(3): Delayed 3 second(s)

2023-02-21 10:30:00 - [MESSAGE][PASSED] - Delayed 3 second(s)

2023-02-21 10:30:00 - [TEST_STEP][PASSED] - code = getText(findTestObject("Object Repository/06-Teams/For 2FA/2FA code")): Text of object 'Object Repository/06-Teams/For 2FA/2FA code' is: '933627'

2023-02-21 10:30:02 - [MESSAGE][PASSED] - Text of object 'Object Repository/06-Teams/For 2FA/2FA code' is: '933627'

2023-02-21 10:30:02 - [TEST_STEP][PASSED] - delay(3): Delayed 3 second(s)

2023-02-21 10:30:05 - [MESSAGE][PASSED] - Delayed 3 second(s)

2023-02-21 10:30:05 - [TEST_STEP][PASSED] - closeWindowTitle("Mailinator"): Window with title: 'Mailinator' is closed

2023-02-21 10:30:05 - [MESSAGE][PASSED] - Window with title: 'Mailinator' is closed

2023-02-21 10:30:05 - [TEST_STEP][PASSED] - delay(3): Delayed 3 second(s)

2023-02-21 10:30:08 - [MESSAGE][PASSED] - Delayed 3 second(s)

2023-02-21 10:30:08 - [TEST_STEP][PASSED] - switchToWindowIndex(0): Switched to window with index: '0'

2023-02-21 10:30:08 - [MESSAGE][PASSED] - Switched to window with index: '0'

2023-02-21 10:30:08 - [TEST_STEP][PASSED] - delay(3): Delayed 3 second(s)

2023-02-21 10:30:11 - [MESSAGE][PASSED] - Delayed 3 second(s)

2023-02-21 10:30:11 - [TEST_STEP][PASSED] - setText(findTestObject("Object Repository/06-Teams/For 2FA/input_Enter verification code_code"), code): Text '933627' is set on object 'Object Repository/06-Teams/For 2FA/input_Enter verification code_code'

2023-02-21 10:30:13 - [MESSAGE][PASSED] - Text '933627' is set on object 'Object Repository/06-Teams/For 2FA/input_Enter verification code_code'

2023-02-21 10:30:13 - [TEST_STEP][PASSED] - delay(3): Delayed 3 second(s)

2023-02-21 10:30:16 - [MESSAGE][PASSED] - Delayed 3 second(s)

2023-02-21 10:30:16 - [TEST_STEP][PASSED] - click(findTestObject("06-Teams/For 2FA/button_Verify_2FA")): Object: 'Object Repository/06-Teams/For 2FA/button_Verify_2FA' is clicked on

2023-02-21 10:30:18 - [MESSAGE][PASSED] - Object: 'Object Repository/06-Teams/For 2FA/button_Verify_2FA' is clicked on

2023-02-21 10:30:18 - [TEST_STEP][PASSED] - delay(3): Delayed 3 second(s)

2023-02-21 10:30:21 - [MESSAGE][PASSED] - Delayed 3 second(s)

2023-02-21 10:30:21 - [MESSAGE][PASSED] - Call Test Case 'Test Cases/01-Login and Forgot Password/04-Login(Valid Credentials-With Subscription)' successfully

2023-02-21 10:30:21 - [TEST_STEP][PASSED] - click(findTestObject("06-Teams/button_doublearrow")): Object: 'Object Repository/06-Teams/button_doublearrow' is clicked on

2023-02-21 10:30:25 - [MESSAGE][PASSED] - Object: 'Object Repository/06-Teams/button_doublearrow' is clicked on

2023-02-21 10:30:25 - [TEST_STEP][PASSED] - click(findTestObject("06-Teams/button_My Organizations")): Object: 'Object Repository/06-Teams/button_My Organizations' is clicked on

2023-02-21 10:30:26 - [MESSAGE][PASSED] - Object: 'Object Repository/06-Teams/button_My Organizations' is clicked on

2023-02-21 10:30:26 - [TEST_STEP][PASSED] - click(findTestObject("06-Teams/button_GG Automation")): Object: 'Object Repository/06-Teams/button_GG Automation' is clicked on

2023-02-21 10:30:27 - [MESSAGE][PASSED] - Object: 'Object Repository/06-Teams/button_GG Automation' is clicked on

2023-02-21 10:30:27 - [TEST_STEP][PASSED] - delay(4): Delayed 4 second(s)

2023-02-21 10:30:31 - [MESSAGE][PASSED] - Delayed 4 second(s)

2023-02-21 10:30:31 - [TEST_STEP][PASSED] - verifyElementVisible(findTestObject("06-Teams/span_GG Automation")): Object 'Object Repository/06-Teams/span_GG Automation' is visible

2023-02-21 10:30:32 - [MESSAGE][PASSED] - Object 'Object Repository/06-Teams/span_GG Automation' is visible

2023-02-21 10:30:32 - [TEST_STEP][PASSED] - delay(5): Delayed 5 second(s)

2023-02-21 10:30:37 - [MESSAGE][PASSED] - Delayed 5 second(s)

2023-02-21 10:30:37 - [TEST_STEP][PASSED] - click(findTestObject("03-Header Menu/Hamburger Button/div_Settings")): Object: 'Object Repository/03-Header Menu/Hamburger Button/div_Settings' is clicked on

2023-02-21 10:30:38 - [MESSAGE][PASSED] - Object: 'Object Repository/03-Header Menu/Hamburger Button/div_Settings' is clicked on

2023-02-21 10:30:38 - [TEST_STEP][PASSED] - verifyElementVisible(findTestObject("09-Settings/Users/div_Organization")): Object 'Object Repository/09-Settings/Users/div_Organization' is visible

2023-02-21 10:30:39 - [MESSAGE][PASSED] - Object 'Object Repository/09-Settings/Users/div_Organization' is visible

2023-02-21 10:30:39 - [TEST_STEP][PASSED] - verifyElementVisible(findTestObject("09-Settings/Users/div_Organization Units")): Object 'Object Repository/09-Settings/Users/div_Organization Units' is visible

2023-02-21 10:30:40 - [MESSAGE][PASSED] - Object 'Object Repository/09-Settings/Users/div_Organization Units' is visible

2023-02-21 10:30:40 - [TEST_STEP][PASSED] - scrollToElement(findTestObject("09-Settings/Users/div_Subscriptions"), 0): Scroll to object 'Object Repository/09-Settings/Users/div_Subscriptions' successfully

2023-02-21 10:30:41 - [MESSAGE][WARNING] - Timeout '0' is invalid. Using default page load timeout: '30'

2023-02-21 10:30:41 - [MESSAGE][PASSED] - Scroll to object 'Object Repository/09-Settings/Users/div_Subscriptions' successfully

2023-02-21 10:30:41 - [TEST_STEP][PASSED] - verifyElementVisible(findTestObject("09-Settings/Users/div_Subscriptions")): Object 'Object Repository/09-Settings/Users/div_Subscriptions' is visible

2023-02-21 10:30:43 - [MESSAGE][PASSED] - Object 'Object Repository/09-Settings/Users/div_Subscriptions' is visible

2023-02-21 10:30:43 - [TEST_STEP][PASSED] - verifyElementVisible(findTestObject("09-Settings/Users/div_Users")): Object 'Object Repository/09-Settings/Users/div_Users' is visible

2023-02-21 10:30:43 - [MESSAGE][PASSED] - Object 'Object Repository/09-Settings/Users/div_Users' is visible

2023-02-21 10:30:43 - [TEST_STEP][PASSED] - delay(3): Delayed 3 second(s)

2023-02-21 10:30:46 - [MESSAGE][PASSED] - Delayed 3 second(s)

2023-02-21 10:30:46 - [TEST_STEP][PASSED] - click(findTestObject("09-Settings/Users/div_Users")): Object: 'Object Repository/09-Settings/Users/div_Users' is clicked on

2023-02-21 10:30:49 - [MESSAGE][PASSED] - Object: 'Object Repository/09-Settings/Users/div_Users' is clicked on

2023-02-21 10:30:49 - [TEST_STEP][PASSED] - verifyElementVisible(findTestObject("09-Settings/Users/h4_USERS")): Object 'Object Repository/09-Settings/Users/h4_USERS' is visible

2023-02-21 10:30:50 - [MESSAGE][PASSED] - Object 'Object Repository/09-Settings/Users/h4_USERS' is visible

2023-02-21 10:30:50 - [TEST_STEP][PASSED] - verifyElementVisible(findTestObject("09-Settings/Users/User Page")): Object 'Object Repository/09-Settings/Users/User Page' is visible

2023-02-21 10:30:50 - [MESSAGE][PASSED] - Object 'Object Repository/09-Settings/Users/User Page' is visible

2023-02-21 10:30:50 - [TEST_STEP][PASSED] - delay(3): Delayed 3 second(s)

2023-02-21 10:30:53 - [MESSAGE][PASSED] - Delayed 3 second(s)

2023-02-21 10:30:53 - [TEST_STEP][PASSED] - click(findTestObject("09-Settings/Users/button_add")): Object: 'Object Repository/09-Settings/Users/button_add' is clicked on

2023-02-21 10:30:54 - [MESSAGE][PASSED] - Object: 'Object Repository/09-Settings/Users/button_add' is clicked on

2023-02-21 10:30:54 - [TEST_STEP][PASSED] - verifyElementVisible(findTestObject("09-Settings/Users/User Invitation modal")): Object 'Object Repository/09-Settings/Users/User Invitation modal' is visible

2023-02-21 10:30:55 - [MESSAGE][PASSED] - Object 'Object Repository/09-Settings/Users/User Invitation modal' is visible

2023-02-21 10:30:55 - [TEST_STEP][PASSED] - delay(3): Delayed 3 second(s)

2023-02-21 10:30:58 - [MESSAGE][PASSED] - Delayed 3 second(s)

2023-02-21 10:30:58 - [TEST_STEP][PASSED] - click(findTestObject("09-Settings/Users/add Invite a single user")): Object: 'Object Repository/09-Settings/Users/add Invite a single user' is clicked on

2023-02-21 10:30:59 - [MESSAGE][PASSED] - Object: 'Object Repository/09-Settings/Users/add Invite a single user' is clicked on

2023-02-21 10:30:59 - [TEST_STEP][PASSED] - verifyElementVisible(findTestObject("09-Settings/Users/Invite new user modal")): Object 'Object Repository/09-Settings/Users/Invite new user modal' is visible

2023-02-21 10:31:02 - [MESSAGE][PASSED] - Object 'Object Repository/09-Settings/Users/Invite new user modal' is visible

2023-02-21 10:31:02 - [TEST_STEP][PASSED] - click(findTestObject("09-Settings/Users/input_email")): Object: 'Object Repository/09-Settings/Users/input_email' is clicked on

2023-02-21 10:31:03 - [MESSAGE][PASSED] - Object: 'Object Repository/09-Settings/Users/input_email' is clicked on

2023-02-21 10:31:03 - [TEST_STEP][PASSED] - click(findTestObject("09-Settings/Users/input_firstName")): Object: 'Object Repository/09-Settings/Users/input_firstName' is clicked on

2023-02-21 10:31:04 - [MESSAGE][PASSED] - Object: 'Object Repository/09-Settings/Users/input_firstName' is clicked on

2023-02-21 10:31:04 - [TEST_STEP][PASSED] - click(findTestObject("09-Settings/Users/input_lastName")): Object: 'Object Repository/09-Settings/Users/input_lastName' is clicked on

2023-02-21 10:31:05 - [MESSAGE][PASSED] - Object: 'Object Repository/09-Settings/Users/input_lastName' is clicked on

2023-02-21 10:31:05 - [TEST_STEP][PASSED] - click(findTestObject("09-Settings/Users/span_Role")): Object: 'Object Repository/09-Settings/Users/span_Role' is clicked on

2023-02-21 10:31:06 - [MESSAGE][PASSED] - Object: 'Object Repository/09-Settings/Users/span_Role' is clicked on

2023-02-21 10:31:06 - [TEST_STEP][PASSED] - clickOffset(findTestObject("09-Settings/Users/h4_Invite New User"), 100, 100): Object: 'Object Repository/09-Settings/Users/h4_Invite New User' is clicked on using offset x=100 and y=100

2023-02-21 10:31:07 - [MESSAGE][PASSED] - Object: 'Object Repository/09-Settings/Users/h4_Invite New User' is clicked on using offset x=100 and y=100

2023-02-21 10:31:07 - [TEST_STEP][PASSED] - verifyElementVisible(findTestObject("09-Settings/Users/Email required")): Object 'Object Repository/09-Settings/Users/Email required' is visible

2023-02-21 10:31:08 - [MESSAGE][PASSED] - Object 'Object Repository/09-Settings/Users/Email required' is visible

2023-02-21 10:31:08 - [TEST_STEP][PASSED] - verifyElementVisible(findTestObject("09-Settings/Users/Firstname required")): Object 'Object Repository/09-Settings/Users/Firstname required' is visible

2023-02-21 10:31:09 - [MESSAGE][PASSED] - Object 'Object Repository/09-Settings/Users/Firstname required' is visible

2023-02-21 10:31:09 - [TEST_STEP][PASSED] - verifyElementVisible(findTestObject("09-Settings/Users/last name required")): Object 'Object Repository/09-Settings/Users/last name required' is visible

2023-02-21 10:31:10 - [MESSAGE][PASSED] - Object 'Object Repository/09-Settings/Users/last name required' is visible

2023-02-21 10:31:10 - [TEST_STEP][PASSED] - verifyElementVisible(findTestObject("09-Settings/Users/error_Select a role")): Object 'Object Repository/09-Settings/Users/error_Select a role' is visible

2023-02-21 10:31:10 - [MESSAGE][PASSED] - Object 'Object Repository/09-Settings/Users/error_Select a role' is visible]]></system-out>
         <system-err><![CDATA[]]></system-err>
      </testcase>
      <testcase name="Test Cases/09-Settings/02 - Users (Invite new user as co worker)" time="193.519" classname="Test Cases/09-Settings/02 - Users (Invite new user as co worker)" status="PASSED">
         <system-out><![CDATA[2023-02-21 10:31:10 - [TEST_CASE][PASSED] - Test Cases/09-Settings/02 - Users (Invite new user as co worker): Test Cases/09-Settings/02 - Users (Invite new user as co worker)

2023-02-21 10:31:13 - [TEST_STEP][PASSED] - delay(3): Delayed 3 second(s)

2023-02-21 10:31:16 - [MESSAGE][PASSED] - Delayed 3 second(s)

2023-02-21 10:31:16 - [TEST_STEP][PASSED] - setText(findTestObject("09-Settings/Users/input_email"), "autotester04@mailinator.com"): Text 'autotester04@mailinator.com' is set on object 'Object Repository/09-Settings/Users/input_email'

2023-02-21 10:31:19 - [MESSAGE][PASSED] - Text 'autotester04@mailinator.com' is set on object 'Object Repository/09-Settings/Users/input_email'

2023-02-21 10:31:19 - [TEST_STEP][PASSED] - setText(findTestObject("09-Settings/Users/input_firstName"), "GG"): Text 'GG' is set on object 'Object Repository/09-Settings/Users/input_firstName'

2023-02-21 10:31:20 - [MESSAGE][PASSED] - Text 'GG' is set on object 'Object Repository/09-Settings/Users/input_firstName'

2023-02-21 10:31:20 - [TEST_STEP][PASSED] - setText(findTestObject("09-Settings/Users/input_lastName"), "Auto Contact 2"): Text 'Auto Contact 2' is set on object 'Object Repository/09-Settings/Users/input_lastName'

2023-02-21 10:31:24 - [MESSAGE][PASSED] - Text 'Auto Contact 2' is set on object 'Object Repository/09-Settings/Users/input_lastName'

2023-02-21 10:31:24 - [TEST_STEP][PASSED] - click(findTestObject("09-Settings/Users/span_Role")): Object: 'Object Repository/09-Settings/Users/span_Role' is clicked on

2023-02-21 10:31:25 - [MESSAGE][PASSED] - Object: 'Object Repository/09-Settings/Users/span_Role' is clicked on

2023-02-21 10:31:25 - [TEST_STEP][PASSED] - click(findTestObject("09-Settings/Users/span_CoWorker")): Object: 'Object Repository/09-Settings/Users/span_CoWorker' is clicked on

2023-02-21 10:31:26 - [MESSAGE][PASSED] - Object: 'Object Repository/09-Settings/Users/span_CoWorker' is clicked on

2023-02-21 10:31:26 - [TEST_STEP][PASSED] - click(findTestObject("09-Settings/Users/button_Send Invitation")): Object: 'Object Repository/09-Settings/Users/button_Send Invitation' is clicked on

2023-02-21 10:31:28 - [MESSAGE][PASSED] - Object: 'Object Repository/09-Settings/Users/button_Send Invitation' is clicked on

2023-02-21 10:31:28 - [TEST_STEP][PASSED] - delay(2): Delayed 2 second(s)

2023-02-21 10:31:30 - [MESSAGE][PASSED] - Delayed 2 second(s)

2023-02-21 10:31:30 - [TEST_STEP][PASSED] - verifyElementVisible(findTestObject("07-Directory/Connections/zContact Profile/Successfully invited user")): Object 'Object Repository/07-Directory/Connections/zContact Profile/Successfully invited user' is visible

2023-02-21 10:31:33 - [MESSAGE][PASSED] - Object 'Object Repository/07-Directory/Connections/zContact Profile/Successfully invited user' is visible

2023-02-21 10:31:33 - [TEST_STEP][PASSED] - delay(2): Delayed 2 second(s)

2023-02-21 10:31:35 - [MESSAGE][PASSED] - Delayed 2 second(s)

2023-02-21 10:31:35 - [TEST_STEP][PASSED] - executeJavaScript("window.open();", []): Execute JavaScript 'window.open();' successfully

2023-02-21 10:31:35 - [MESSAGE][PASSED] - Execute JavaScript 'window.open();' successfully

2023-02-21 10:31:35 - [TEST_STEP][PASSED] - currentWindow = getWindowIndex(): Current window's index is: 0

2023-02-21 10:31:35 - [MESSAGE][PASSED] - Current window's index is: 0

2023-02-21 10:31:35 - [TEST_STEP][PASSED] - delay(3): Delayed 3 second(s)

2023-02-21 10:31:38 - [MESSAGE][PASSED] - Delayed 3 second(s)

2023-02-21 10:31:38 - [TEST_STEP][PASSED] - switchToWindowIndex(currentWindow + 1): Switched to window with index: '1'

2023-02-21 10:31:38 - [MESSAGE][PASSED] - Switched to window with index: '1'

2023-02-21 10:31:38 - [TEST_STEP][PASSED] - navigateToUrl("https://www.mailinator.com/"): Navigate to 'https://www.mailinator.com/' successfully

2023-02-21 10:31:48 - [MESSAGE][PASSED] - Navigate to 'https://www.mailinator.com/' successfully

2023-02-21 10:31:48 - [TEST_STEP][PASSED] - delay(3): Delayed 3 second(s)

2023-02-21 10:31:51 - [MESSAGE][PASSED] - Delayed 3 second(s)

2023-02-21 10:31:51 - [TEST_STEP][PASSED] - setText(findTestObject("00-Signup and Activation/zMailinator/input_LOGIN_search"), "autotester04@mailinator.com"): Text 'autotester04@mailinator.com' is set on object 'Object Repository/00-Signup and Activation/zMailinator/input_LOGIN_search'

2023-02-21 10:31:52 - [MESSAGE][PASSED] - Text 'autotester04@mailinator.com' is set on object 'Object Repository/00-Signup and Activation/zMailinator/input_LOGIN_search'

2023-02-21 10:31:52 - [TEST_STEP][PASSED] - click(findTestObject("00-Signup and Activation/zMailinator/gobutton"), STOP_ON_FAILURE): Object: 'Object Repository/00-Signup and Activation/zMailinator/gobutton' is clicked on

2023-02-21 10:31:56 - [MESSAGE][PASSED] - Object: 'Object Repository/00-Signup and Activation/zMailinator/gobutton' is clicked on

2023-02-21 10:31:56 - [TEST_STEP][PASSED] - delay(3): Delayed 3 second(s)

2023-02-21 10:31:59 - [MESSAGE][PASSED] - Delayed 3 second(s)

2023-02-21 10:31:59 - [TEST_STEP][PASSED] - closeWindowTitle("Everleagues"): Window with title: 'Everleagues' is closed

2023-02-21 10:32:00 - [MESSAGE][PASSED] - Window with title: 'Everleagues' is closed

2023-02-21 10:32:00 - [TEST_STEP][PASSED] - switchToWindowIndex(0): Switched to window with index: '0'

2023-02-21 10:32:00 - [MESSAGE][PASSED] - Switched to window with index: '0'

2023-02-21 10:32:00 - [TEST_STEP][PASSED] - click(findTestObject("09-Settings/Users/Co worker/td_Invitation from GG Automation")): Object: 'Object Repository/09-Settings/Users/Co worker/td_Invitation from GG Automation' is clicked on

2023-02-21 10:32:01 - [MESSAGE][PASSED] - Object: 'Object Repository/09-Settings/Users/Co worker/td_Invitation from GG Automation' is clicked on

2023-02-21 10:32:01 - [TEST_STEP][PASSED] - click(findTestObject("09-Settings/Users/Co worker/a_Click here to join GG Automation on EverLeagues")): Object: 'Object Repository/09-Settings/Users/Co worker/a_Click here to join GG Automation on EverLeagues' is clicked on

2023-02-21 10:32:03 - [MESSAGE][PASSED] - Object: 'Object Repository/09-Settings/Users/Co worker/a_Click here to join GG Automation on EverLeagues' is clicked on

2023-02-21 10:32:03 - [TEST_STEP][PASSED] - closeWindowTitle("Mailinator"): Window with title: 'Mailinator' is closed

2023-02-21 10:32:03 - [MESSAGE][PASSED] - Window with title: 'Mailinator' is closed

2023-02-21 10:32:03 - [TEST_STEP][PASSED] - switchToWindowIndex(0): Switched to window with index: '0'

2023-02-21 10:32:03 - [MESSAGE][PASSED] - Switched to window with index: '0'

2023-02-21 10:32:03 - [TEST_STEP][PASSED] - verifyElementVisible(findTestObject("09-Settings/Users/Co worker/Logout before proceed modal")): Object 'Object Repository/09-Settings/Users/Co worker/Logout before proceed modal' is visible

2023-02-21 10:32:30 - [MESSAGE][PASSED] - Object 'Object Repository/09-Settings/Users/Co worker/Logout before proceed modal' is visible

2023-02-21 10:32:30 - [TEST_STEP][PASSED] - click(findTestObject("09-Settings/Users/Co worker/button_Yes")): Object: 'Object Repository/09-Settings/Users/Co worker/button_Yes' is clicked on

2023-02-21 10:32:31 - [MESSAGE][PASSED] - Object: 'Object Repository/09-Settings/Users/Co worker/button_Yes' is clicked on

2023-02-21 10:32:31 - [TEST_STEP][PASSED] - delay(3): Delayed 3 second(s)

2023-02-21 10:32:34 - [MESSAGE][PASSED] - Delayed 3 second(s)

2023-02-21 10:32:34 - [TEST_STEP][PASSED] - setText(findTestObject("09-Settings/Users/input_email"), "autotester04@mailinator.com"): Text 'autotester04@mailinator.com' is set on object 'Object Repository/09-Settings/Users/input_email'

2023-02-21 10:32:36 - [MESSAGE][PASSED] - Text 'autotester04@mailinator.com' is set on object 'Object Repository/09-Settings/Users/input_email'

2023-02-21 10:32:36 - [TEST_STEP][PASSED] - setEncryptedText(findTestObject("09-Settings/Users/Co worker/input_password"), "8yFRyszE6U6jvsCn51OQbg=="): Text ****** has been set on object 'Object Repository/09-Settings/Users/Co worker/input_password'

2023-02-21 10:32:37 - [MESSAGE][PASSED] - Text ****** has been set on object 'Object Repository/09-Settings/Users/Co worker/input_password'

2023-02-21 10:32:37 - [TEST_STEP][PASSED] - click(findTestObject("02-Side Icons(Organization)/Add Contact/button_Sign in")): Object: 'Object Repository/02-Side Icons(Organization)/Add Contact/button_Sign in' is clicked on

2023-02-21 10:32:38 - [MESSAGE][PASSED] - Object: 'Object Repository/02-Side Icons(Organization)/Add Contact/button_Sign in' is clicked on

2023-02-21 10:32:38 - [TEST_STEP][PASSED] - delay(2): Delayed 2 second(s)

2023-02-21 10:32:40 - [MESSAGE][PASSED] - Delayed 2 second(s)

2023-02-21 10:32:40 - [TEST_STEP][PASSED] - click(findTestObject("06-Teams/For 2FA/button_Confirm_2FA")): Object: 'Object Repository/06-Teams/For 2FA/button_Confirm_2FA' is clicked on

2023-02-21 10:32:41 - [MESSAGE][PASSED] - Object: 'Object Repository/06-Teams/For 2FA/button_Confirm_2FA' is clicked on

2023-02-21 10:32:41 - [TEST_STEP][PASSED] - executeJavaScript("window.open();", []): Execute JavaScript 'window.open();' successfully

2023-02-21 10:32:42 - [MESSAGE][PASSED] - Execute JavaScript 'window.open();' successfully

2023-02-21 10:32:42 - [TEST_STEP][PASSED] - currentWindow = getWindowIndex(): Current window's index is: 0

2023-02-21 10:32:42 - [MESSAGE][PASSED] - Current window's index is: 0

2023-02-21 10:32:42 - [TEST_STEP][PASSED] - delay(3): Delayed 3 second(s)

2023-02-21 10:32:45 - [MESSAGE][PASSED] - Delayed 3 second(s)

2023-02-21 10:32:45 - [TEST_STEP][PASSED] - switchToWindowIndex(currentWindow + 1): Switched to window with index: '1'

2023-02-21 10:32:45 - [MESSAGE][PASSED] - Switched to window with index: '1'

2023-02-21 10:32:45 - [TEST_STEP][PASSED] - navigateToUrl("https://www.mailinator.com/"): Navigate to 'https://www.mailinator.com/' successfully

2023-02-21 10:32:53 - [MESSAGE][PASSED] - Navigate to 'https://www.mailinator.com/' successfully

2023-02-21 10:32:53 - [TEST_STEP][PASSED] - delay(3): Delayed 3 second(s)

2023-02-21 10:32:56 - [MESSAGE][PASSED] - Delayed 3 second(s)

2023-02-21 10:32:56 - [TEST_STEP][PASSED] - setText(findTestObject("00-Signup and Activation/zMailinator/input_LOGIN_search"), "autotester04@mailinator.com"): Text 'autotester04@mailinator.com' is set on object 'Object Repository/00-Signup and Activation/zMailinator/input_LOGIN_search'

2023-02-21 10:32:57 - [MESSAGE][PASSED] - Text 'autotester04@mailinator.com' is set on object 'Object Repository/00-Signup and Activation/zMailinator/input_LOGIN_search'

2023-02-21 10:32:57 - [TEST_STEP][PASSED] - click(findTestObject("00-Signup and Activation/zMailinator/gobutton"), STOP_ON_FAILURE): Object: 'Object Repository/00-Signup and Activation/zMailinator/gobutton' is clicked on

2023-02-21 10:33:00 - [MESSAGE][PASSED] - Object: 'Object Repository/00-Signup and Activation/zMailinator/gobutton' is clicked on

2023-02-21 10:33:00 - [TEST_STEP][PASSED] - delay(3): Delayed 3 second(s)

2023-02-21 10:33:03 - [MESSAGE][PASSED] - Delayed 3 second(s)

2023-02-21 10:33:03 - [TEST_STEP][PASSED] - click(findTestObject("00-Signup and Activation/zMailinator/Email - everleagues")): Object: 'Object Repository/00-Signup and Activation/zMailinator/Email - everleagues' is clicked on

2023-02-21 10:33:04 - [MESSAGE][PASSED] - Object: 'Object Repository/00-Signup and Activation/zMailinator/Email - everleagues' is clicked on

2023-02-21 10:33:04 - [TEST_STEP][PASSED] - delay(3): Delayed 3 second(s)

2023-02-21 10:33:07 - [MESSAGE][PASSED] - Delayed 3 second(s)

2023-02-21 10:33:07 - [TEST_STEP][PASSED] - codetwo = getText(findTestObject("Object Repository/06-Teams/For 2FA/2FA code")): Text of object 'Object Repository/06-Teams/For 2FA/2FA code' is: '426185'

2023-02-21 10:33:08 - [MESSAGE][PASSED] - Text of object 'Object Repository/06-Teams/For 2FA/2FA code' is: '426185'

2023-02-21 10:33:08 - [TEST_STEP][PASSED] - delay(3): Delayed 3 second(s)

2023-02-21 10:33:11 - [MESSAGE][PASSED] - Delayed 3 second(s)

2023-02-21 10:33:11 - [TEST_STEP][PASSED] - closeWindowTitle("Mailinator"): Window with title: 'Mailinator' is closed

2023-02-21 10:33:12 - [MESSAGE][PASSED] - Window with title: 'Mailinator' is closed

2023-02-21 10:33:12 - [TEST_STEP][PASSED] - delay(3): Delayed 3 second(s)

2023-02-21 10:33:15 - [MESSAGE][PASSED] - Delayed 3 second(s)

2023-02-21 10:33:15 - [TEST_STEP][PASSED] - switchToWindowIndex(0): Switched to window with index: '0'

2023-02-21 10:33:15 - [MESSAGE][PASSED] - Switched to window with index: '0'

2023-02-21 10:33:15 - [TEST_STEP][PASSED] - delay(3): Delayed 3 second(s)

2023-02-21 10:33:18 - [MESSAGE][PASSED] - Delayed 3 second(s)

2023-02-21 10:33:18 - [TEST_STEP][PASSED] - setText(findTestObject("Object Repository/06-Teams/For 2FA/input_Enter verification code_code"), codetwo): Text '426185' is set on object 'Object Repository/06-Teams/For 2FA/input_Enter verification code_code'

2023-02-21 10:33:20 - [MESSAGE][PASSED] - Text '426185' is set on object 'Object Repository/06-Teams/For 2FA/input_Enter verification code_code'

2023-02-21 10:33:20 - [TEST_STEP][PASSED] - delay(3): Delayed 3 second(s)

2023-02-21 10:33:23 - [MESSAGE][PASSED] - Delayed 3 second(s)

2023-02-21 10:33:23 - [TEST_STEP][PASSED] - click(findTestObject("06-Teams/For 2FA/button_Verify_2FA")): Object: 'Object Repository/06-Teams/For 2FA/button_Verify_2FA' is clicked on

2023-02-21 10:33:24 - [MESSAGE][PASSED] - Object: 'Object Repository/06-Teams/For 2FA/button_Verify_2FA' is clicked on

2023-02-21 10:33:24 - [TEST_STEP][PASSED] - delay(5): Delayed 5 second(s)

2023-02-21 10:33:29 - [MESSAGE][PASSED] - Delayed 5 second(s)

2023-02-21 10:33:29 - [TEST_STEP][PASSED] - executeJavaScript("window.open();", []): Execute JavaScript 'window.open();' successfully

2023-02-21 10:33:30 - [MESSAGE][PASSED] - Execute JavaScript 'window.open();' successfully

2023-02-21 10:33:30 - [TEST_STEP][PASSED] - currentWindow = getWindowIndex(): Current window's index is: 0

2023-02-21 10:33:30 - [MESSAGE][PASSED] - Current window's index is: 0

2023-02-21 10:33:30 - [TEST_STEP][PASSED] - delay(3): Delayed 3 second(s)

2023-02-21 10:33:33 - [MESSAGE][PASSED] - Delayed 3 second(s)

2023-02-21 10:33:33 - [TEST_STEP][PASSED] - switchToWindowIndex(currentWindow + 1): Switched to window with index: '1'

2023-02-21 10:33:33 - [MESSAGE][PASSED] - Switched to window with index: '1'

2023-02-21 10:33:33 - [TEST_STEP][PASSED] - navigateToUrl("https://www.mailinator.com/"): Navigate to 'https://www.mailinator.com/' successfully

2023-02-21 10:33:39 - [MESSAGE][PASSED] - Navigate to 'https://www.mailinator.com/' successfully

2023-02-21 10:33:39 - [TEST_STEP][PASSED] - delay(3): Delayed 3 second(s)

2023-02-21 10:33:42 - [MESSAGE][PASSED] - Delayed 3 second(s)

2023-02-21 10:33:42 - [TEST_STEP][PASSED] - setText(findTestObject("00-Signup and Activation/zMailinator/input_LOGIN_search"), "autotester04@mailinator.com"): Text 'autotester04@mailinator.com' is set on object 'Object Repository/00-Signup and Activation/zMailinator/input_LOGIN_search'

2023-02-21 10:33:43 - [MESSAGE][PASSED] - Text 'autotester04@mailinator.com' is set on object 'Object Repository/00-Signup and Activation/zMailinator/input_LOGIN_search'

2023-02-21 10:33:43 - [TEST_STEP][PASSED] - click(findTestObject("00-Signup and Activation/zMailinator/gobutton"), STOP_ON_FAILURE): Object: 'Object Repository/00-Signup and Activation/zMailinator/gobutton' is clicked on

2023-02-21 10:33:46 - [MESSAGE][PASSED] - Object: 'Object Repository/00-Signup and Activation/zMailinator/gobutton' is clicked on

2023-02-21 10:33:46 - [TEST_STEP][PASSED] - delay(3): Delayed 3 second(s)

2023-02-21 10:33:49 - [MESSAGE][PASSED] - Delayed 3 second(s)

2023-02-21 10:33:49 - [TEST_STEP][PASSED] - closeWindowTitle("Everleagues"): Window with title: 'Everleagues' is closed

2023-02-21 10:33:49 - [MESSAGE][PASSED] - Window with title: 'Everleagues' is closed

2023-02-21 10:33:49 - [TEST_STEP][PASSED] - switchToWindowIndex(0): Switched to window with index: '0'

2023-02-21 10:33:49 - [MESSAGE][PASSED] - Switched to window with index: '0'

2023-02-21 10:33:49 - [TEST_STEP][PASSED] - click(findTestObject("09-Settings/Users/Co worker/td_Invitation from GG Automation")): Object: 'Object Repository/09-Settings/Users/Co worker/td_Invitation from GG Automation' is clicked on

2023-02-21 10:33:50 - [MESSAGE][PASSED] - Object: 'Object Repository/09-Settings/Users/Co worker/td_Invitation from GG Automation' is clicked on

2023-02-21 10:33:50 - [TEST_STEP][PASSED] - click(findTestObject("09-Settings/Users/Co worker/a_Click here to join GG Automation on EverLeagues")): Object: 'Object Repository/09-Settings/Users/Co worker/a_Click here to join GG Automation on EverLeagues' is clicked on

2023-02-21 10:33:52 - [MESSAGE][PASSED] - Object: 'Object Repository/09-Settings/Users/Co worker/a_Click here to join GG Automation on EverLeagues' is clicked on

2023-02-21 10:33:52 - [TEST_STEP][PASSED] - delay(3): Delayed 3 second(s)

2023-02-21 10:33:55 - [MESSAGE][PASSED] - Delayed 3 second(s)

2023-02-21 10:33:55 - [TEST_STEP][PASSED] - closeWindowTitle("Mailinator"): Window with title: 'Mailinator' is closed

2023-02-21 10:34:04 - [MESSAGE][PASSED] - Window with title: 'Mailinator' is closed

2023-02-21 10:34:04 - [TEST_STEP][PASSED] - switchToWindowIndex(0): Switched to window with index: '0'

2023-02-21 10:34:05 - [MESSAGE][PASSED] - Switched to window with index: '0'

2023-02-21 10:34:05 - [TEST_STEP][PASSED] - verifyElementVisible(findTestObject("09-Settings/Users/Co worker/Invite modal")): Object 'Object Repository/09-Settings/Users/Co worker/Invite modal' is visible

2023-02-21 10:34:12 - [MESSAGE][PASSED] - Object 'Object Repository/09-Settings/Users/Co worker/Invite modal' is visible

2023-02-21 10:34:12 - [TEST_STEP][PASSED] - click(findTestObject("09-Settings/Users/Co worker/button_Accept")): Object: 'Object Repository/09-Settings/Users/Co worker/button_Accept' is clicked on

2023-02-21 10:34:13 - [MESSAGE][PASSED] - Object: 'Object Repository/09-Settings/Users/Co worker/button_Accept' is clicked on

2023-02-21 10:34:13 - [TEST_STEP][PASSED] - delay(5): Delayed 5 second(s)

2023-02-21 10:34:18 - [MESSAGE][PASSED] - Delayed 5 second(s)

2023-02-21 10:34:18 - [TEST_STEP][PASSED] - verifyElementVisible(findTestObject("09-Settings/Users/Co worker/div_Joined as CoWorker")): Object 'Object Repository/09-Settings/Users/Co worker/div_Joined as CoWorker' is visible

2023-02-21 10:34:20 - [MESSAGE][PASSED] - Object 'Object Repository/09-Settings/Users/Co worker/div_Joined as CoWorker' is visible

2023-02-21 10:34:20 - [TEST_STEP][PASSED] - closeBrowser(): Browser is closed

2023-02-21 10:34:24 - [MESSAGE][PASSED] - Browser is closed]]></system-out>
         <system-err><![CDATA[]]></system-err>
      </testcase>
      <testcase name="Test Cases/09-Settings/03 - Users (Invite new user as client)" time="329.21" classname="Test Cases/09-Settings/03 - Users (Invite new user as client)" status="PASSED">
         <system-out><![CDATA[2023-02-21 10:34:24 - [TEST_CASE][PASSED] - Test Cases/09-Settings/03 - Users (Invite new user as client): Test Cases/09-Settings/03 - Users (Invite new user as client)

2023-02-21 10:34:27 - [TEST_STEP][PASSED] - openBrowser(""): Browser is opened with url: ''

2023-02-21 10:34:27 - [MESSAGE][INFO] - Starting 'Chrome' driver

2023-02-21 10:34:27 - [MESSAGE][INFO] - Action delay is set to 0 milliseconds

2023-02-21 10:34:30 - [MESSAGE][PASSED] - Browser is opened with url: ''

2023-02-21 10:34:30 - [TEST_STEP][PASSED] - navigateToUrl("https://lab.everleagues.com/"): Navigate to 'https://lab.everleagues.com/' successfully

2023-02-21 10:34:52 - [MESSAGE][PASSED] - Navigate to 'https://lab.everleagues.com/' successfully

2023-02-21 10:34:52 - [TEST_STEP][PASSED] - maximizeWindow(): Current window maximized

2023-02-21 10:34:52 - [MESSAGE][PASSED] - Current window maximized

2023-02-21 10:34:52 - [TEST_STEP][PASSED] - callTestCase(findTestCase("01-Login and Forgot Password/04-Login(Valid Credentials-With Subscription)"), [:], STOP_ON_FAILURE): Call Test Case 'Test Cases/01-Login and Forgot Password/04-Login(Valid Credentials-With Subscription)' successfully

2023-02-21 10:34:52 - [TEST_CASE][PASSED] - Test Cases/01-Login and Forgot Password/04-Login(Valid Credentials-With Subscription): Test Cases/01-Login and Forgot Password/04-Login(Valid Credentials-With Subscription)

2023-02-21 10:34:52 - [TEST_STEP][PASSED] - setText(findTestObject("01-Login and Forgot Password/input_Email_email"), "testuser02@mailinator.com"): Text 'testuser02@mailinator.com' is set on object 'Object Repository/01-Login and Forgot Password/input_Email_email'

2023-02-21 10:34:55 - [MESSAGE][PASSED] - Text 'testuser02@mailinator.com' is set on object 'Object Repository/01-Login and Forgot Password/input_Email_email'

2023-02-21 10:34:55 - [TEST_STEP][PASSED] - setEncryptedText(findTestObject("01-Login and Forgot Password/input_Email_password"), "8yFRyszE6U6jvsCn51OQbg=="): Text ****** has been set on object 'Object Repository/01-Login and Forgot Password/input_Email_password'

2023-02-21 10:34:57 - [MESSAGE][PASSED] - Text ****** has been set on object 'Object Repository/01-Login and Forgot Password/input_Email_password'

2023-02-21 10:34:57 - [TEST_STEP][PASSED] - delay(2): Delayed 2 second(s)

2023-02-21 10:34:59 - [MESSAGE][PASSED] - Delayed 2 second(s)

2023-02-21 10:34:59 - [TEST_STEP][PASSED] - click(findTestObject("01-Login and Forgot Password/show pass button")): Object: 'Object Repository/01-Login and Forgot Password/show pass button' is clicked on

2023-02-21 10:35:00 - [MESSAGE][PASSED] - Object: 'Object Repository/01-Login and Forgot Password/show pass button' is clicked on

2023-02-21 10:35:00 - [TEST_STEP][PASSED] - delay(3): Delayed 3 second(s)

2023-02-21 10:35:03 - [MESSAGE][PASSED] - Delayed 3 second(s)

2023-02-21 10:35:03 - [TEST_STEP][PASSED] - click(findTestObject("01-Login and Forgot Password/button_Sign in")): Object: 'Object Repository/01-Login and Forgot Password/button_Sign in' is clicked on

2023-02-21 10:35:04 - [MESSAGE][PASSED] - Object: 'Object Repository/01-Login and Forgot Password/button_Sign in' is clicked on

2023-02-21 10:35:04 - [TEST_STEP][PASSED] - delay(3): Delayed 3 second(s)

2023-02-21 10:35:07 - [MESSAGE][PASSED] - Delayed 3 second(s)

2023-02-21 10:35:07 - [TEST_STEP][PASSED] - click(findTestObject("06-Teams/For 2FA/button_Confirm_2FA")): Object: 'Object Repository/06-Teams/For 2FA/button_Confirm_2FA' is clicked on

2023-02-21 10:35:08 - [MESSAGE][PASSED] - Object: 'Object Repository/06-Teams/For 2FA/button_Confirm_2FA' is clicked on

2023-02-21 10:35:08 - [TEST_STEP][PASSED] - executeJavaScript("window.open();", []): Execute JavaScript 'window.open();' successfully

2023-02-21 10:35:08 - [MESSAGE][PASSED] - Execute JavaScript 'window.open();' successfully

2023-02-21 10:35:08 - [TEST_STEP][PASSED] - currentWindow = getWindowIndex(): Current window's index is: 0

2023-02-21 10:35:08 - [MESSAGE][PASSED] - Current window's index is: 0

2023-02-21 10:35:08 - [TEST_STEP][PASSED] - delay(3): Delayed 3 second(s)

2023-02-21 10:35:11 - [MESSAGE][PASSED] - Delayed 3 second(s)

2023-02-21 10:35:11 - [TEST_STEP][PASSED] - switchToWindowIndex(currentWindow + 1): Switched to window with index: '1'

2023-02-21 10:35:11 - [MESSAGE][PASSED] - Switched to window with index: '1'

2023-02-21 10:35:11 - [TEST_STEP][PASSED] - navigateToUrl("https://www.mailinator.com/"): Navigate to 'https://www.mailinator.com/' successfully

2023-02-21 10:35:24 - [MESSAGE][PASSED] - Navigate to 'https://www.mailinator.com/' successfully

2023-02-21 10:35:24 - [TEST_STEP][PASSED] - delay(3): Delayed 3 second(s)

2023-02-21 10:35:27 - [MESSAGE][PASSED] - Delayed 3 second(s)

2023-02-21 10:35:27 - [TEST_STEP][PASSED] - setText(findTestObject("00-Signup and Activation/zMailinator/input_LOGIN_search"), "testuser02@mailinator.com"): Text 'testuser02@mailinator.com' is set on object 'Object Repository/00-Signup and Activation/zMailinator/input_LOGIN_search'

2023-02-21 10:35:28 - [MESSAGE][PASSED] - Text 'testuser02@mailinator.com' is set on object 'Object Repository/00-Signup and Activation/zMailinator/input_LOGIN_search'

2023-02-21 10:35:28 - [TEST_STEP][PASSED] - click(findTestObject("00-Signup and Activation/zMailinator/gobutton"), STOP_ON_FAILURE): Object: 'Object Repository/00-Signup and Activation/zMailinator/gobutton' is clicked on

2023-02-21 10:35:37 - [MESSAGE][PASSED] - Object: 'Object Repository/00-Signup and Activation/zMailinator/gobutton' is clicked on

2023-02-21 10:35:37 - [TEST_STEP][PASSED] - delay(3): Delayed 3 second(s)

2023-02-21 10:35:40 - [MESSAGE][PASSED] - Delayed 3 second(s)

2023-02-21 10:35:40 - [TEST_STEP][PASSED] - click(findTestObject("00-Signup and Activation/zMailinator/Email - everleagues")): Object: 'Object Repository/00-Signup and Activation/zMailinator/Email - everleagues' is clicked on

2023-02-21 10:35:41 - [MESSAGE][PASSED] - Object: 'Object Repository/00-Signup and Activation/zMailinator/Email - everleagues' is clicked on

2023-02-21 10:35:41 - [TEST_STEP][PASSED] - delay(3): Delayed 3 second(s)

2023-02-21 10:35:44 - [MESSAGE][PASSED] - Delayed 3 second(s)

2023-02-21 10:35:44 - [TEST_STEP][PASSED] - code = getText(findTestObject("Object Repository/06-Teams/For 2FA/2FA code")): Text of object 'Object Repository/06-Teams/For 2FA/2FA code' is: '078768'

2023-02-21 10:35:46 - [MESSAGE][PASSED] - Text of object 'Object Repository/06-Teams/For 2FA/2FA code' is: '078768'

2023-02-21 10:35:46 - [TEST_STEP][PASSED] - delay(3): Delayed 3 second(s)

2023-02-21 10:35:49 - [MESSAGE][PASSED] - Delayed 3 second(s)

2023-02-21 10:35:49 - [TEST_STEP][PASSED] - closeWindowTitle("Mailinator"): Window with title: 'Mailinator' is closed

2023-02-21 10:35:50 - [MESSAGE][PASSED] - Window with title: 'Mailinator' is closed

2023-02-21 10:35:50 - [TEST_STEP][PASSED] - delay(3): Delayed 3 second(s)

2023-02-21 10:35:53 - [MESSAGE][PASSED] - Delayed 3 second(s)

2023-02-21 10:35:53 - [TEST_STEP][PASSED] - switchToWindowIndex(0): Switched to window with index: '0'

2023-02-21 10:35:53 - [MESSAGE][PASSED] - Switched to window with index: '0'

2023-02-21 10:35:53 - [TEST_STEP][PASSED] - delay(3): Delayed 3 second(s)

2023-02-21 10:35:56 - [MESSAGE][PASSED] - Delayed 3 second(s)

2023-02-21 10:35:56 - [TEST_STEP][PASSED] - setText(findTestObject("Object Repository/06-Teams/For 2FA/input_Enter verification code_code"), code): Text '078768' is set on object 'Object Repository/06-Teams/For 2FA/input_Enter verification code_code'

2023-02-21 10:35:57 - [MESSAGE][PASSED] - Text '078768' is set on object 'Object Repository/06-Teams/For 2FA/input_Enter verification code_code'

2023-02-21 10:35:57 - [TEST_STEP][PASSED] - delay(3): Delayed 3 second(s)

2023-02-21 10:36:00 - [MESSAGE][PASSED] - Delayed 3 second(s)

2023-02-21 10:36:00 - [TEST_STEP][PASSED] - click(findTestObject("06-Teams/For 2FA/button_Verify_2FA")): Object: 'Object Repository/06-Teams/For 2FA/button_Verify_2FA' is clicked on

2023-02-21 10:36:01 - [MESSAGE][PASSED] - Object: 'Object Repository/06-Teams/For 2FA/button_Verify_2FA' is clicked on

2023-02-21 10:36:01 - [TEST_STEP][PASSED] - delay(3): Delayed 3 second(s)

2023-02-21 10:36:04 - [MESSAGE][PASSED] - Delayed 3 second(s)

2023-02-21 10:36:05 - [MESSAGE][PASSED] - Call Test Case 'Test Cases/01-Login and Forgot Password/04-Login(Valid Credentials-With Subscription)' successfully

2023-02-21 10:36:05 - [TEST_STEP][PASSED] - click(findTestObject("06-Teams/button_doublearrow")): Object: 'Object Repository/06-Teams/button_doublearrow' is clicked on

2023-02-21 10:36:12 - [MESSAGE][PASSED] - Object: 'Object Repository/06-Teams/button_doublearrow' is clicked on

2023-02-21 10:36:12 - [TEST_STEP][PASSED] - click(findTestObject("06-Teams/button_My Organizations")): Object: 'Object Repository/06-Teams/button_My Organizations' is clicked on

2023-02-21 10:36:13 - [MESSAGE][PASSED] - Object: 'Object Repository/06-Teams/button_My Organizations' is clicked on

2023-02-21 10:36:13 - [TEST_STEP][PASSED] - click(findTestObject("06-Teams/button_GG Automation")): Object: 'Object Repository/06-Teams/button_GG Automation' is clicked on

2023-02-21 10:36:14 - [MESSAGE][PASSED] - Object: 'Object Repository/06-Teams/button_GG Automation' is clicked on

2023-02-21 10:36:14 - [TEST_STEP][PASSED] - delay(4): Delayed 4 second(s)

2023-02-21 10:36:18 - [MESSAGE][PASSED] - Delayed 4 second(s)

2023-02-21 10:36:18 - [TEST_STEP][PASSED] - verifyElementVisible(findTestObject("06-Teams/span_GG Automation")): Object 'Object Repository/06-Teams/span_GG Automation' is visible

2023-02-21 10:36:18 - [MESSAGE][PASSED] - Object 'Object Repository/06-Teams/span_GG Automation' is visible

2023-02-21 10:36:18 - [TEST_STEP][PASSED] - delay(5): Delayed 5 second(s)

2023-02-21 10:36:23 - [MESSAGE][PASSED] - Delayed 5 second(s)

2023-02-21 10:36:23 - [TEST_STEP][PASSED] - click(findTestObject("03-Header Menu/Hamburger Button/div_Settings")): Object: 'Object Repository/03-Header Menu/Hamburger Button/div_Settings' is clicked on

2023-02-21 10:36:24 - [MESSAGE][PASSED] - Object: 'Object Repository/03-Header Menu/Hamburger Button/div_Settings' is clicked on

2023-02-21 10:36:24 - [TEST_STEP][PASSED] - delay(3): Delayed 3 second(s)

2023-02-21 10:36:27 - [MESSAGE][PASSED] - Delayed 3 second(s)

2023-02-21 10:36:27 - [TEST_STEP][PASSED] - scrollToElement(findTestObject("09-Settings/Users/div_Users"), 0): Scroll to object 'Object Repository/09-Settings/Users/div_Users' successfully

2023-02-21 10:36:28 - [MESSAGE][WARNING] - Timeout '0' is invalid. Using default page load timeout: '30'

2023-02-21 10:36:28 - [MESSAGE][PASSED] - Scroll to object 'Object Repository/09-Settings/Users/div_Users' successfully

2023-02-21 10:36:28 - [TEST_STEP][PASSED] - click(findTestObject("09-Settings/Users/div_Users")): Object: 'Object Repository/09-Settings/Users/div_Users' is clicked on

2023-02-21 10:36:31 - [MESSAGE][PASSED] - Object: 'Object Repository/09-Settings/Users/div_Users' is clicked on

2023-02-21 10:36:31 - [TEST_STEP][PASSED] - delay(3): Delayed 3 second(s)

2023-02-21 10:36:34 - [MESSAGE][PASSED] - Delayed 3 second(s)

2023-02-21 10:36:34 - [TEST_STEP][PASSED] - click(findTestObject("09-Settings/Users/button_add")): Object: 'Object Repository/09-Settings/Users/button_add' is clicked on

2023-02-21 10:36:35 - [MESSAGE][PASSED] - Object: 'Object Repository/09-Settings/Users/button_add' is clicked on

2023-02-21 10:36:35 - [TEST_STEP][PASSED] - delay(3): Delayed 3 second(s)

2023-02-21 10:36:38 - [MESSAGE][PASSED] - Delayed 3 second(s)

2023-02-21 10:36:38 - [TEST_STEP][PASSED] - click(findTestObject("09-Settings/Users/add Invite a single user")): Object: 'Object Repository/09-Settings/Users/add Invite a single user' is clicked on

2023-02-21 10:36:39 - [MESSAGE][PASSED] - Object: 'Object Repository/09-Settings/Users/add Invite a single user' is clicked on

2023-02-21 10:36:39 - [TEST_STEP][PASSED] - delay(3): Delayed 3 second(s)

2023-02-21 10:36:42 - [MESSAGE][PASSED] - Delayed 3 second(s)

2023-02-21 10:36:42 - [TEST_STEP][PASSED] - setText(findTestObject("09-Settings/Users/input_email"), "autotester09@mailinator.com"): Text 'autotester09@mailinator.com' is set on object 'Object Repository/09-Settings/Users/input_email'

2023-02-21 10:36:46 - [MESSAGE][PASSED] - Text 'autotester09@mailinator.com' is set on object 'Object Repository/09-Settings/Users/input_email'

2023-02-21 10:36:46 - [TEST_STEP][PASSED] - setText(findTestObject("09-Settings/Users/input_firstName"), "GG"): Text 'GG' is set on object 'Object Repository/09-Settings/Users/input_firstName'

2023-02-21 10:36:48 - [MESSAGE][PASSED] - Text 'GG' is set on object 'Object Repository/09-Settings/Users/input_firstName'

2023-02-21 10:36:48 - [TEST_STEP][PASSED] - setText(findTestObject("09-Settings/Users/input_lastName"), "Client"): Text 'Client' is set on object 'Object Repository/09-Settings/Users/input_lastName'

2023-02-21 10:36:49 - [MESSAGE][PASSED] - Text 'Client' is set on object 'Object Repository/09-Settings/Users/input_lastName'

2023-02-21 10:36:49 - [TEST_STEP][PASSED] - click(findTestObject("09-Settings/Users/span_Role")): Object: 'Object Repository/09-Settings/Users/span_Role' is clicked on

2023-02-21 10:36:50 - [MESSAGE][PASSED] - Object: 'Object Repository/09-Settings/Users/span_Role' is clicked on

2023-02-21 10:36:50 - [TEST_STEP][PASSED] - click(findTestObject("09-Settings/Users/span_Client")): Object: 'Object Repository/09-Settings/Users/span_Client' is clicked on

2023-02-21 10:36:51 - [MESSAGE][PASSED] - Object: 'Object Repository/09-Settings/Users/span_Client' is clicked on

2023-02-21 10:36:51 - [TEST_STEP][PASSED] - click(findTestObject("09-Settings/Users/button_Send Invitation")): Object: 'Object Repository/09-Settings/Users/button_Send Invitation' is clicked on

2023-02-21 10:36:52 - [MESSAGE][PASSED] - Object: 'Object Repository/09-Settings/Users/button_Send Invitation' is clicked on

2023-02-21 10:36:52 - [TEST_STEP][PASSED] - delay(2): Delayed 2 second(s)

2023-02-21 10:36:54 - [MESSAGE][PASSED] - Delayed 2 second(s)

2023-02-21 10:36:54 - [TEST_STEP][PASSED] - verifyElementVisible(findTestObject("07-Directory/Connections/zContact Profile/Successfully invited user")): Object 'Object Repository/07-Directory/Connections/zContact Profile/Successfully invited user' is visible

2023-02-21 10:36:56 - [MESSAGE][PASSED] - Object 'Object Repository/07-Directory/Connections/zContact Profile/Successfully invited user' is visible

2023-02-21 10:36:56 - [TEST_STEP][PASSED] - delay(2): Delayed 2 second(s)

2023-02-21 10:36:58 - [MESSAGE][PASSED] - Delayed 2 second(s)

2023-02-21 10:36:58 - [TEST_STEP][PASSED] - click(findTestObject("01-Login and Forgot Password/User menu drop")): Object: 'Object Repository/01-Login and Forgot Password/User menu drop' is clicked on

2023-02-21 10:36:59 - [MESSAGE][PASSED] - Object: 'Object Repository/01-Login and Forgot Password/User menu drop' is clicked on

2023-02-21 10:36:59 - [TEST_STEP][PASSED] - delay(2): Delayed 2 second(s)

2023-02-21 10:37:01 - [MESSAGE][PASSED] - Delayed 2 second(s)

2023-02-21 10:37:01 - [TEST_STEP][PASSED] - click(findTestObject("01-Login and Forgot Password/h4_Sign Out"), STOP_ON_FAILURE): Object: 'Object Repository/01-Login and Forgot Password/h4_Sign Out' is clicked on

2023-02-21 10:37:03 - [MESSAGE][PASSED] - Object: 'Object Repository/01-Login and Forgot Password/h4_Sign Out' is clicked on

2023-02-21 10:37:03 - [TEST_STEP][PASSED] - delay(2): Delayed 2 second(s)

2023-02-21 10:37:05 - [MESSAGE][PASSED] - Delayed 2 second(s)

2023-02-21 10:37:05 - [TEST_STEP][PASSED] - verifyElementPresent(findTestObject("01-Login and Forgot Password/Login_Card"), 0): Object 'Object Repository/01-Login and Forgot Password/Login_Card' is present

2023-02-21 10:37:05 - [MESSAGE][WARNING] - Timeout '0' is invalid. Using default page load timeout: '30'

2023-02-21 10:37:06 - [MESSAGE][PASSED] - Object 'Object Repository/01-Login and Forgot Password/Login_Card' is present

2023-02-21 10:37:06 - [TEST_STEP][PASSED] - delay(3): Delayed 3 second(s)

2023-02-21 10:37:09 - [MESSAGE][PASSED] - Delayed 3 second(s)

2023-02-21 10:37:09 - [TEST_STEP][PASSED] - closeBrowser(): Browser is closed

2023-02-21 10:37:11 - [MESSAGE][PASSED] - Browser is closed

2023-02-21 10:37:11 - [TEST_STEP][PASSED] - openBrowser(""): Browser is opened with url: ''

2023-02-21 10:37:11 - [MESSAGE][INFO] - Starting 'Chrome' driver

2023-02-21 10:37:11 - [MESSAGE][INFO] - Action delay is set to 0 milliseconds

2023-02-21 10:37:14 - [MESSAGE][PASSED] - Browser is opened with url: ''

2023-02-21 10:37:14 - [TEST_STEP][PASSED] - navigateToUrl("https://lab.everleagues.com/"): Navigate to 'https://lab.everleagues.com/' successfully

2023-02-21 10:37:35 - [MESSAGE][PASSED] - Navigate to 'https://lab.everleagues.com/' successfully

2023-02-21 10:37:35 - [TEST_STEP][PASSED] - maximizeWindow(): Current window maximized

2023-02-21 10:37:35 - [MESSAGE][PASSED] - Current window maximized

2023-02-21 10:37:35 - [TEST_STEP][PASSED] - setText(findTestObject("02-Side Icons(Organization)/Add Contact/Email Field"), "autotester09@mailinator.com"): Text 'autotester09@mailinator.com' is set on object 'Object Repository/02-Side Icons(Organization)/Add Contact/Email Field'

2023-02-21 10:37:38 - [MESSAGE][PASSED] - Text 'autotester09@mailinator.com' is set on object 'Object Repository/02-Side Icons(Organization)/Add Contact/Email Field'

2023-02-21 10:37:38 - [TEST_STEP][PASSED] - setEncryptedText(findTestObject("02-Side Icons(Organization)/Add Contact/Password Field"), "8yFRyszE6U6jvsCn51OQbg=="): Text ****** has been set on object 'Object Repository/02-Side Icons(Organization)/Add Contact/Password Field'

2023-02-21 10:37:39 - [MESSAGE][PASSED] - Text ****** has been set on object 'Object Repository/02-Side Icons(Organization)/Add Contact/Password Field'

2023-02-21 10:37:39 - [TEST_STEP][PASSED] - click(findTestObject("02-Side Icons(Organization)/Add Contact/button_Sign in")): Object: 'Object Repository/02-Side Icons(Organization)/Add Contact/button_Sign in' is clicked on

2023-02-21 10:37:40 - [MESSAGE][PASSED] - Object: 'Object Repository/02-Side Icons(Organization)/Add Contact/button_Sign in' is clicked on

2023-02-21 10:37:40 - [TEST_STEP][PASSED] - delay(2): Delayed 2 second(s)

2023-02-21 10:37:42 - [MESSAGE][PASSED] - Delayed 2 second(s)

2023-02-21 10:37:42 - [TEST_STEP][PASSED] - click(findTestObject("06-Teams/For 2FA/button_Confirm_2FA")): Object: 'Object Repository/06-Teams/For 2FA/button_Confirm_2FA' is clicked on

2023-02-21 10:37:43 - [MESSAGE][PASSED] - Object: 'Object Repository/06-Teams/For 2FA/button_Confirm_2FA' is clicked on

2023-02-21 10:37:43 - [TEST_STEP][PASSED] - executeJavaScript("window.open();", []): Execute JavaScript 'window.open();' successfully

2023-02-21 10:37:43 - [MESSAGE][PASSED] - Execute JavaScript 'window.open();' successfully

2023-02-21 10:37:43 - [TEST_STEP][PASSED] - currentWindow = getWindowIndex(): Current window's index is: 0

2023-02-21 10:37:43 - [MESSAGE][PASSED] - Current window's index is: 0

2023-02-21 10:37:43 - [TEST_STEP][PASSED] - delay(3): Delayed 3 second(s)

2023-02-21 10:37:46 - [MESSAGE][PASSED] - Delayed 3 second(s)

2023-02-21 10:37:46 - [TEST_STEP][PASSED] - switchToWindowIndex(currentWindow + 1): Switched to window with index: '1'

2023-02-21 10:37:46 - [MESSAGE][PASSED] - Switched to window with index: '1'

2023-02-21 10:37:46 - [TEST_STEP][PASSED] - navigateToUrl("https://www.mailinator.com/"): Navigate to 'https://www.mailinator.com/' successfully

2023-02-21 10:38:02 - [MESSAGE][PASSED] - Navigate to 'https://www.mailinator.com/' successfully

2023-02-21 10:38:02 - [TEST_STEP][PASSED] - delay(3): Delayed 3 second(s)

2023-02-21 10:38:05 - [MESSAGE][PASSED] - Delayed 3 second(s)

2023-02-21 10:38:05 - [TEST_STEP][PASSED] - setText(findTestObject("00-Signup and Activation/zMailinator/input_LOGIN_search"), "autotester09@mailinator.com"): Text 'autotester09@mailinator.com' is set on object 'Object Repository/00-Signup and Activation/zMailinator/input_LOGIN_search'

2023-02-21 10:38:08 - [MESSAGE][PASSED] - Text 'autotester09@mailinator.com' is set on object 'Object Repository/00-Signup and Activation/zMailinator/input_LOGIN_search'

2023-02-21 10:38:08 - [TEST_STEP][PASSED] - click(findTestObject("00-Signup and Activation/zMailinator/gobutton"), STOP_ON_FAILURE): Object: 'Object Repository/00-Signup and Activation/zMailinator/gobutton' is clicked on

2023-02-21 10:38:18 - [MESSAGE][PASSED] - Object: 'Object Repository/00-Signup and Activation/zMailinator/gobutton' is clicked on

2023-02-21 10:38:18 - [TEST_STEP][PASSED] - delay(3): Delayed 3 second(s)

2023-02-21 10:38:21 - [MESSAGE][PASSED] - Delayed 3 second(s)

2023-02-21 10:38:21 - [TEST_STEP][PASSED] - click(findTestObject("00-Signup and Activation/zMailinator/Email - everleagues")): Object: 'Object Repository/00-Signup and Activation/zMailinator/Email - everleagues' is clicked on

2023-02-21 10:38:22 - [MESSAGE][PASSED] - Object: 'Object Repository/00-Signup and Activation/zMailinator/Email - everleagues' is clicked on

2023-02-21 10:38:22 - [TEST_STEP][PASSED] - delay(3): Delayed 3 second(s)

2023-02-21 10:38:25 - [MESSAGE][PASSED] - Delayed 3 second(s)

2023-02-21 10:38:25 - [TEST_STEP][PASSED] - codetwo = getText(findTestObject("Object Repository/06-Teams/For 2FA/2FA code")): Text of object 'Object Repository/06-Teams/For 2FA/2FA code' is: '862452'

2023-02-21 10:38:26 - [MESSAGE][PASSED] - Text of object 'Object Repository/06-Teams/For 2FA/2FA code' is: '862452'

2023-02-21 10:38:26 - [TEST_STEP][PASSED] - delay(3): Delayed 3 second(s)

2023-02-21 10:38:29 - [MESSAGE][PASSED] - Delayed 3 second(s)

2023-02-21 10:38:29 - [TEST_STEP][PASSED] - closeWindowTitle("Mailinator"): Window with title: 'Mailinator' is closed

2023-02-21 10:38:30 - [MESSAGE][PASSED] - Window with title: 'Mailinator' is closed

2023-02-21 10:38:30 - [TEST_STEP][PASSED] - delay(3): Delayed 3 second(s)

2023-02-21 10:38:33 - [MESSAGE][PASSED] - Delayed 3 second(s)

2023-02-21 10:38:33 - [TEST_STEP][PASSED] - switchToWindowIndex(0): Switched to window with index: '0'

2023-02-21 10:38:33 - [MESSAGE][PASSED] - Switched to window with index: '0'

2023-02-21 10:38:33 - [TEST_STEP][PASSED] - delay(3): Delayed 3 second(s)

2023-02-21 10:38:36 - [MESSAGE][PASSED] - Delayed 3 second(s)

2023-02-21 10:38:36 - [TEST_STEP][PASSED] - setText(findTestObject("Object Repository/06-Teams/For 2FA/input_Enter verification code_code"), codetwo): Text '862452' is set on object 'Object Repository/06-Teams/For 2FA/input_Enter verification code_code'

2023-02-21 10:38:38 - [MESSAGE][PASSED] - Text '862452' is set on object 'Object Repository/06-Teams/For 2FA/input_Enter verification code_code'

2023-02-21 10:38:38 - [TEST_STEP][PASSED] - delay(3): Delayed 3 second(s)

2023-02-21 10:38:41 - [MESSAGE][PASSED] - Delayed 3 second(s)

2023-02-21 10:38:41 - [TEST_STEP][PASSED] - click(findTestObject("06-Teams/For 2FA/button_Verify_2FA")): Object: 'Object Repository/06-Teams/For 2FA/button_Verify_2FA' is clicked on

2023-02-21 10:38:42 - [MESSAGE][PASSED] - Object: 'Object Repository/06-Teams/For 2FA/button_Verify_2FA' is clicked on

2023-02-21 10:38:42 - [TEST_STEP][PASSED] - delay(5): Delayed 5 second(s)

2023-02-21 10:38:47 - [MESSAGE][PASSED] - Delayed 5 second(s)

2023-02-21 10:38:47 - [TEST_STEP][PASSED] - executeJavaScript("window.open();", []): Execute JavaScript 'window.open();' successfully

2023-02-21 10:38:47 - [MESSAGE][PASSED] - Execute JavaScript 'window.open();' successfully

2023-02-21 10:38:47 - [TEST_STEP][PASSED] - currentWindow = getWindowIndex(): Current window's index is: 0

2023-02-21 10:38:48 - [MESSAGE][PASSED] - Current window's index is: 0

2023-02-21 10:38:48 - [TEST_STEP][PASSED] - delay(3): Delayed 3 second(s)

2023-02-21 10:38:51 - [MESSAGE][PASSED] - Delayed 3 second(s)

2023-02-21 10:38:51 - [TEST_STEP][PASSED] - switchToWindowIndex(currentWindow + 1): Switched to window with index: '1'

2023-02-21 10:38:51 - [MESSAGE][PASSED] - Switched to window with index: '1'

2023-02-21 10:38:51 - [TEST_STEP][PASSED] - navigateToUrl("https://www.mailinator.com/"): Navigate to 'https://www.mailinator.com/' successfully

2023-02-21 10:38:57 - [MESSAGE][PASSED] - Navigate to 'https://www.mailinator.com/' successfully

2023-02-21 10:38:57 - [TEST_STEP][PASSED] - delay(3): Delayed 3 second(s)

2023-02-21 10:39:00 - [MESSAGE][PASSED] - Delayed 3 second(s)

2023-02-21 10:39:00 - [TEST_STEP][PASSED] - setText(findTestObject("00-Signup and Activation/zMailinator/input_LOGIN_search"), "autotester09@mailinator.com"): Text 'autotester09@mailinator.com' is set on object 'Object Repository/00-Signup and Activation/zMailinator/input_LOGIN_search'

2023-02-21 10:39:01 - [MESSAGE][PASSED] - Text 'autotester09@mailinator.com' is set on object 'Object Repository/00-Signup and Activation/zMailinator/input_LOGIN_search'

2023-02-21 10:39:01 - [TEST_STEP][PASSED] - click(findTestObject("00-Signup and Activation/zMailinator/gobutton"), STOP_ON_FAILURE): Object: 'Object Repository/00-Signup and Activation/zMailinator/gobutton' is clicked on

2023-02-21 10:39:04 - [MESSAGE][PASSED] - Object: 'Object Repository/00-Signup and Activation/zMailinator/gobutton' is clicked on

2023-02-21 10:39:04 - [TEST_STEP][PASSED] - delay(3): Delayed 3 second(s)

2023-02-21 10:39:07 - [MESSAGE][PASSED] - Delayed 3 second(s)

2023-02-21 10:39:07 - [TEST_STEP][PASSED] - closeWindowTitle("Everleagues"): Window with title: 'Everleagues' is closed

2023-02-21 10:39:08 - [MESSAGE][PASSED] - Window with title: 'Everleagues' is closed

2023-02-21 10:39:08 - [TEST_STEP][PASSED] - switchToWindowIndex(0): Switched to window with index: '0'

2023-02-21 10:39:08 - [MESSAGE][PASSED] - Switched to window with index: '0'

2023-02-21 10:39:08 - [TEST_STEP][PASSED] - click(findTestObject("09-Settings/Users/Co worker/td_Invitation from GG Automation")): Object: 'Object Repository/09-Settings/Users/Co worker/td_Invitation from GG Automation' is clicked on

2023-02-21 10:39:09 - [MESSAGE][PASSED] - Object: 'Object Repository/09-Settings/Users/Co worker/td_Invitation from GG Automation' is clicked on

2023-02-21 10:39:09 - [TEST_STEP][PASSED] - click(findTestObject("09-Settings/Users/Co worker/a_Click here to join GG Automation on EverLeagues")): Object: 'Object Repository/09-Settings/Users/Co worker/a_Click here to join GG Automation on EverLeagues' is clicked on

2023-02-21 10:39:10 - [MESSAGE][PASSED] - Object: 'Object Repository/09-Settings/Users/Co worker/a_Click here to join GG Automation on EverLeagues' is clicked on

2023-02-21 10:39:10 - [TEST_STEP][PASSED] - closeWindowTitle("Mailinator"): Window with title: 'Mailinator' is closed

2023-02-21 10:39:11 - [MESSAGE][PASSED] - Window with title: 'Mailinator' is closed

2023-02-21 10:39:11 - [TEST_STEP][PASSED] - switchToWindowIndex(0): Switched to window with index: '0'

2023-02-21 10:39:11 - [MESSAGE][PASSED] - Switched to window with index: '0'

2023-02-21 10:39:11 - [TEST_STEP][PASSED] - verifyElementVisible(findTestObject("09-Settings/Users/Client/Invite modal")): Object 'Object Repository/09-Settings/Users/Client/Invite modal' is visible

2023-02-21 10:39:36 - [MESSAGE][PASSED] - Object 'Object Repository/09-Settings/Users/Client/Invite modal' is visible

2023-02-21 10:39:36 - [TEST_STEP][PASSED] - setText(findTestObject("09-Settings/Users/Client/Company field"), "QA Company"): Text 'QA Company' is set on object 'Object Repository/09-Settings/Users/Client/Company field'

2023-02-21 10:39:37 - [MESSAGE][PASSED] - Text 'QA Company' is set on object 'Object Repository/09-Settings/Users/Client/Company field'

2023-02-21 10:39:37 - [TEST_STEP][PASSED] - click(findTestObject("09-Settings/Users/Client/button_Accept")): Object: 'Object Repository/09-Settings/Users/Client/button_Accept' is clicked on

2023-02-21 10:39:39 - [MESSAGE][PASSED] - Object: 'Object Repository/09-Settings/Users/Client/button_Accept' is clicked on

2023-02-21 10:39:39 - [TEST_STEP][PASSED] - delay(5): Delayed 5 second(s)

2023-02-21 10:39:44 - [MESSAGE][PASSED] - Delayed 5 second(s)

2023-02-21 10:39:44 - [TEST_STEP][PASSED] - verifyElementVisible(findTestObject("09-Settings/Users/Client/div_Joined as CLIENT")): Object 'Object Repository/09-Settings/Users/Client/div_Joined as CLIENT' is visible

2023-02-21 10:39:48 - [MESSAGE][PASSED] - Object 'Object Repository/09-Settings/Users/Client/div_Joined as CLIENT' is visible

2023-02-21 10:39:48 - [TEST_STEP][PASSED] - delay(3): Delayed 3 second(s)

2023-02-21 10:39:51 - [MESSAGE][PASSED] - Delayed 3 second(s)

2023-02-21 10:39:51 - [TEST_STEP][PASSED] - closeBrowser(): Browser is closed

2023-02-21 10:39:53 - [MESSAGE][PASSED] - Browser is closed]]></system-out>
         <system-err><![CDATA[]]></system-err>
      </testcase>
      <testcase name="Test Cases/09-Settings/04 - Users (Invite new user as partner)" time="314.798" classname="Test Cases/09-Settings/04 - Users (Invite new user as partner)" status="PASSED">
         <system-out><![CDATA[2023-02-21 10:39:53 - [TEST_CASE][PASSED] - Test Cases/09-Settings/04 - Users (Invite new user as partner): Test Cases/09-Settings/04 - Users (Invite new user as partner)

2023-02-21 10:39:55 - [TEST_STEP][PASSED] - openBrowser(""): Browser is opened with url: ''

2023-02-21 10:39:55 - [MESSAGE][INFO] - Starting 'Chrome' driver

2023-02-21 10:39:55 - [MESSAGE][INFO] - Action delay is set to 0 milliseconds

2023-02-21 10:39:58 - [MESSAGE][PASSED] - Browser is opened with url: ''

2023-02-21 10:39:58 - [TEST_STEP][PASSED] - navigateToUrl("https://lab.everleagues.com/"): Navigate to 'https://lab.everleagues.com/' successfully

2023-02-21 10:40:20 - [MESSAGE][PASSED] - Navigate to 'https://lab.everleagues.com/' successfully

2023-02-21 10:40:20 - [TEST_STEP][PASSED] - maximizeWindow(): Current window maximized

2023-02-21 10:40:20 - [MESSAGE][PASSED] - Current window maximized

2023-02-21 10:40:20 - [TEST_STEP][PASSED] - callTestCase(findTestCase("01-Login and Forgot Password/04-Login(Valid Credentials-With Subscription)"), [:], STOP_ON_FAILURE): Call Test Case 'Test Cases/01-Login and Forgot Password/04-Login(Valid Credentials-With Subscription)' successfully

2023-02-21 10:40:20 - [TEST_CASE][PASSED] - Test Cases/01-Login and Forgot Password/04-Login(Valid Credentials-With Subscription): Test Cases/01-Login and Forgot Password/04-Login(Valid Credentials-With Subscription)

2023-02-21 10:40:20 - [TEST_STEP][PASSED] - setText(findTestObject("01-Login and Forgot Password/input_Email_email"), "testuser02@mailinator.com"): Text 'testuser02@mailinator.com' is set on object 'Object Repository/01-Login and Forgot Password/input_Email_email'

2023-02-21 10:40:23 - [MESSAGE][PASSED] - Text 'testuser02@mailinator.com' is set on object 'Object Repository/01-Login and Forgot Password/input_Email_email'

2023-02-21 10:40:23 - [TEST_STEP][PASSED] - setEncryptedText(findTestObject("01-Login and Forgot Password/input_Email_password"), "8yFRyszE6U6jvsCn51OQbg=="): Text ****** has been set on object 'Object Repository/01-Login and Forgot Password/input_Email_password'

2023-02-21 10:40:24 - [MESSAGE][PASSED] - Text ****** has been set on object 'Object Repository/01-Login and Forgot Password/input_Email_password'

2023-02-21 10:40:24 - [TEST_STEP][PASSED] - delay(2): Delayed 2 second(s)

2023-02-21 10:40:26 - [MESSAGE][PASSED] - Delayed 2 second(s)

2023-02-21 10:40:26 - [TEST_STEP][PASSED] - click(findTestObject("01-Login and Forgot Password/show pass button")): Object: 'Object Repository/01-Login and Forgot Password/show pass button' is clicked on

2023-02-21 10:40:26 - [MESSAGE][PASSED] - Object: 'Object Repository/01-Login and Forgot Password/show pass button' is clicked on

2023-02-21 10:40:26 - [TEST_STEP][PASSED] - delay(3): Delayed 3 second(s)

2023-02-21 10:40:30 - [MESSAGE][PASSED] - Delayed 3 second(s)

2023-02-21 10:40:30 - [TEST_STEP][PASSED] - click(findTestObject("01-Login and Forgot Password/button_Sign in")): Object: 'Object Repository/01-Login and Forgot Password/button_Sign in' is clicked on

2023-02-21 10:40:31 - [MESSAGE][PASSED] - Object: 'Object Repository/01-Login and Forgot Password/button_Sign in' is clicked on

2023-02-21 10:40:31 - [TEST_STEP][PASSED] - delay(3): Delayed 3 second(s)

2023-02-21 10:40:34 - [MESSAGE][PASSED] - Delayed 3 second(s)

2023-02-21 10:40:34 - [TEST_STEP][PASSED] - click(findTestObject("06-Teams/For 2FA/button_Confirm_2FA")): Object: 'Object Repository/06-Teams/For 2FA/button_Confirm_2FA' is clicked on

2023-02-21 10:40:34 - [MESSAGE][PASSED] - Object: 'Object Repository/06-Teams/For 2FA/button_Confirm_2FA' is clicked on

2023-02-21 10:40:34 - [TEST_STEP][PASSED] - executeJavaScript("window.open();", []): Execute JavaScript 'window.open();' successfully

2023-02-21 10:40:35 - [MESSAGE][PASSED] - Execute JavaScript 'window.open();' successfully

2023-02-21 10:40:35 - [TEST_STEP][PASSED] - currentWindow = getWindowIndex(): Current window's index is: 0

2023-02-21 10:40:35 - [MESSAGE][PASSED] - Current window's index is: 0

2023-02-21 10:40:35 - [TEST_STEP][PASSED] - delay(3): Delayed 3 second(s)

2023-02-21 10:40:38 - [MESSAGE][PASSED] - Delayed 3 second(s)

2023-02-21 10:40:38 - [TEST_STEP][PASSED] - switchToWindowIndex(currentWindow + 1): Switched to window with index: '1'

2023-02-21 10:40:38 - [MESSAGE][PASSED] - Switched to window with index: '1'

2023-02-21 10:40:38 - [TEST_STEP][PASSED] - navigateToUrl("https://www.mailinator.com/"): Navigate to 'https://www.mailinator.com/' successfully

2023-02-21 10:40:52 - [MESSAGE][PASSED] - Navigate to 'https://www.mailinator.com/' successfully

2023-02-21 10:40:52 - [TEST_STEP][PASSED] - delay(3): Delayed 3 second(s)

2023-02-21 10:40:55 - [MESSAGE][PASSED] - Delayed 3 second(s)

2023-02-21 10:40:55 - [TEST_STEP][PASSED] - setText(findTestObject("00-Signup and Activation/zMailinator/input_LOGIN_search"), "testuser02@mailinator.com"): Text 'testuser02@mailinator.com' is set on object 'Object Repository/00-Signup and Activation/zMailinator/input_LOGIN_search'

2023-02-21 10:40:57 - [MESSAGE][PASSED] - Text 'testuser02@mailinator.com' is set on object 'Object Repository/00-Signup and Activation/zMailinator/input_LOGIN_search'

2023-02-21 10:40:57 - [TEST_STEP][PASSED] - click(findTestObject("00-Signup and Activation/zMailinator/gobutton"), STOP_ON_FAILURE): Object: 'Object Repository/00-Signup and Activation/zMailinator/gobutton' is clicked on

2023-02-21 10:41:01 - [MESSAGE][PASSED] - Object: 'Object Repository/00-Signup and Activation/zMailinator/gobutton' is clicked on

2023-02-21 10:41:01 - [TEST_STEP][PASSED] - delay(3): Delayed 3 second(s)

2023-02-21 10:41:04 - [MESSAGE][PASSED] - Delayed 3 second(s)

2023-02-21 10:41:04 - [TEST_STEP][PASSED] - click(findTestObject("00-Signup and Activation/zMailinator/Email - everleagues")): Object: 'Object Repository/00-Signup and Activation/zMailinator/Email - everleagues' is clicked on

2023-02-21 10:41:05 - [MESSAGE][PASSED] - Object: 'Object Repository/00-Signup and Activation/zMailinator/Email - everleagues' is clicked on

2023-02-21 10:41:05 - [TEST_STEP][PASSED] - delay(3): Delayed 3 second(s)

2023-02-21 10:41:08 - [MESSAGE][PASSED] - Delayed 3 second(s)

2023-02-21 10:41:08 - [TEST_STEP][PASSED] - code = getText(findTestObject("Object Repository/06-Teams/For 2FA/2FA code")): Text of object 'Object Repository/06-Teams/For 2FA/2FA code' is: '387184'

2023-02-21 10:41:09 - [MESSAGE][PASSED] - Text of object 'Object Repository/06-Teams/For 2FA/2FA code' is: '387184'

2023-02-21 10:41:09 - [TEST_STEP][PASSED] - delay(3): Delayed 3 second(s)

2023-02-21 10:41:12 - [MESSAGE][PASSED] - Delayed 3 second(s)

2023-02-21 10:41:12 - [TEST_STEP][PASSED] - closeWindowTitle("Mailinator"): Window with title: 'Mailinator' is closed

2023-02-21 10:41:12 - [MESSAGE][PASSED] - Window with title: 'Mailinator' is closed

2023-02-21 10:41:12 - [TEST_STEP][PASSED] - delay(3): Delayed 3 second(s)

2023-02-21 10:41:15 - [MESSAGE][PASSED] - Delayed 3 second(s)

2023-02-21 10:41:15 - [TEST_STEP][PASSED] - switchToWindowIndex(0): Switched to window with index: '0'

2023-02-21 10:41:15 - [MESSAGE][PASSED] - Switched to window with index: '0'

2023-02-21 10:41:15 - [TEST_STEP][PASSED] - delay(3): Delayed 3 second(s)

2023-02-21 10:41:18 - [MESSAGE][PASSED] - Delayed 3 second(s)

2023-02-21 10:41:18 - [TEST_STEP][PASSED] - setText(findTestObject("Object Repository/06-Teams/For 2FA/input_Enter verification code_code"), code): Text '387184' is set on object 'Object Repository/06-Teams/For 2FA/input_Enter verification code_code'

2023-02-21 10:41:20 - [MESSAGE][PASSED] - Text '387184' is set on object 'Object Repository/06-Teams/For 2FA/input_Enter verification code_code'

2023-02-21 10:41:20 - [TEST_STEP][PASSED] - delay(3): Delayed 3 second(s)

2023-02-21 10:41:23 - [MESSAGE][PASSED] - Delayed 3 second(s)

2023-02-21 10:41:23 - [TEST_STEP][PASSED] - click(findTestObject("06-Teams/For 2FA/button_Verify_2FA")): Object: 'Object Repository/06-Teams/For 2FA/button_Verify_2FA' is clicked on

2023-02-21 10:41:24 - [MESSAGE][PASSED] - Object: 'Object Repository/06-Teams/For 2FA/button_Verify_2FA' is clicked on

2023-02-21 10:41:24 - [TEST_STEP][PASSED] - delay(3): Delayed 3 second(s)

2023-02-21 10:41:27 - [MESSAGE][PASSED] - Delayed 3 second(s)

2023-02-21 10:41:27 - [MESSAGE][PASSED] - Call Test Case 'Test Cases/01-Login and Forgot Password/04-Login(Valid Credentials-With Subscription)' successfully

2023-02-21 10:41:27 - [TEST_STEP][PASSED] - click(findTestObject("06-Teams/button_doublearrow")): Object: 'Object Repository/06-Teams/button_doublearrow' is clicked on

2023-02-21 10:41:32 - [MESSAGE][PASSED] - Object: 'Object Repository/06-Teams/button_doublearrow' is clicked on

2023-02-21 10:41:32 - [TEST_STEP][PASSED] - click(findTestObject("06-Teams/button_My Organizations")): Object: 'Object Repository/06-Teams/button_My Organizations' is clicked on

2023-02-21 10:41:34 - [MESSAGE][PASSED] - Object: 'Object Repository/06-Teams/button_My Organizations' is clicked on

2023-02-21 10:41:34 - [TEST_STEP][PASSED] - click(findTestObject("06-Teams/button_GG Automation")): Object: 'Object Repository/06-Teams/button_GG Automation' is clicked on

2023-02-21 10:41:35 - [MESSAGE][PASSED] - Object: 'Object Repository/06-Teams/button_GG Automation' is clicked on

2023-02-21 10:41:35 - [TEST_STEP][PASSED] - delay(4): Delayed 4 second(s)

2023-02-21 10:41:39 - [MESSAGE][PASSED] - Delayed 4 second(s)

2023-02-21 10:41:39 - [TEST_STEP][PASSED] - verifyElementVisible(findTestObject("06-Teams/span_GG Automation")): Object 'Object Repository/06-Teams/span_GG Automation' is visible

2023-02-21 10:41:39 - [MESSAGE][PASSED] - Object 'Object Repository/06-Teams/span_GG Automation' is visible

2023-02-21 10:41:39 - [TEST_STEP][PASSED] - delay(5): Delayed 5 second(s)

2023-02-21 10:41:44 - [MESSAGE][PASSED] - Delayed 5 second(s)

2023-02-21 10:41:44 - [TEST_STEP][PASSED] - click(findTestObject("03-Header Menu/Hamburger Button/div_Settings")): Object: 'Object Repository/03-Header Menu/Hamburger Button/div_Settings' is clicked on

2023-02-21 10:41:45 - [MESSAGE][PASSED] - Object: 'Object Repository/03-Header Menu/Hamburger Button/div_Settings' is clicked on

2023-02-21 10:41:45 - [TEST_STEP][PASSED] - delay(3): Delayed 3 second(s)

2023-02-21 10:41:48 - [MESSAGE][PASSED] - Delayed 3 second(s)

2023-02-21 10:41:48 - [TEST_STEP][PASSED] - scrollToElement(findTestObject("09-Settings/Users/div_Users"), 0): Scroll to object 'Object Repository/09-Settings/Users/div_Users' successfully

2023-02-21 10:41:48 - [MESSAGE][WARNING] - Timeout '0' is invalid. Using default page load timeout: '30'

2023-02-21 10:41:49 - [MESSAGE][PASSED] - Scroll to object 'Object Repository/09-Settings/Users/div_Users' successfully

2023-02-21 10:41:49 - [TEST_STEP][PASSED] - click(findTestObject("09-Settings/Users/div_Users")): Object: 'Object Repository/09-Settings/Users/div_Users' is clicked on

2023-02-21 10:41:51 - [MESSAGE][PASSED] - Object: 'Object Repository/09-Settings/Users/div_Users' is clicked on

2023-02-21 10:41:51 - [TEST_STEP][PASSED] - delay(3): Delayed 3 second(s)

2023-02-21 10:41:54 - [MESSAGE][PASSED] - Delayed 3 second(s)

2023-02-21 10:41:54 - [TEST_STEP][PASSED] - click(findTestObject("09-Settings/Users/button_add")): Object: 'Object Repository/09-Settings/Users/button_add' is clicked on

2023-02-21 10:41:55 - [MESSAGE][PASSED] - Object: 'Object Repository/09-Settings/Users/button_add' is clicked on

2023-02-21 10:41:55 - [TEST_STEP][PASSED] - delay(3): Delayed 3 second(s)

2023-02-21 10:41:58 - [MESSAGE][PASSED] - Delayed 3 second(s)

2023-02-21 10:41:58 - [TEST_STEP][PASSED] - click(findTestObject("09-Settings/Users/add Invite a single user")): Object: 'Object Repository/09-Settings/Users/add Invite a single user' is clicked on

2023-02-21 10:41:59 - [MESSAGE][PASSED] - Object: 'Object Repository/09-Settings/Users/add Invite a single user' is clicked on

2023-02-21 10:41:59 - [TEST_STEP][PASSED] - delay(3): Delayed 3 second(s)

2023-02-21 10:42:02 - [MESSAGE][PASSED] - Delayed 3 second(s)

2023-02-21 10:42:02 - [TEST_STEP][PASSED] - setText(findTestObject("09-Settings/Users/input_email"), "autotester10@mailinator.com"): Text 'autotester10@mailinator.com' is set on object 'Object Repository/09-Settings/Users/input_email'

2023-02-21 10:42:05 - [MESSAGE][PASSED] - Text 'autotester10@mailinator.com' is set on object 'Object Repository/09-Settings/Users/input_email'

2023-02-21 10:42:05 - [TEST_STEP][PASSED] - setText(findTestObject("09-Settings/Users/input_firstName"), "GG"): Text 'GG' is set on object 'Object Repository/09-Settings/Users/input_firstName'

2023-02-21 10:42:06 - [MESSAGE][PASSED] - Text 'GG' is set on object 'Object Repository/09-Settings/Users/input_firstName'

2023-02-21 10:42:06 - [TEST_STEP][PASSED] - setText(findTestObject("09-Settings/Users/input_lastName"), "Partner"): Text 'Partner' is set on object 'Object Repository/09-Settings/Users/input_lastName'

2023-02-21 10:42:08 - [MESSAGE][PASSED] - Text 'Partner' is set on object 'Object Repository/09-Settings/Users/input_lastName'

2023-02-21 10:42:08 - [TEST_STEP][PASSED] - click(findTestObject("09-Settings/Users/span_Role")): Object: 'Object Repository/09-Settings/Users/span_Role' is clicked on

2023-02-21 10:42:09 - [MESSAGE][PASSED] - Object: 'Object Repository/09-Settings/Users/span_Role' is clicked on

2023-02-21 10:42:09 - [TEST_STEP][PASSED] - click(findTestObject("09-Settings/Users/span_Partner")): Object: 'Object Repository/09-Settings/Users/span_Partner' is clicked on

2023-02-21 10:42:10 - [MESSAGE][PASSED] - Object: 'Object Repository/09-Settings/Users/span_Partner' is clicked on

2023-02-21 10:42:10 - [TEST_STEP][PASSED] - click(findTestObject("09-Settings/Users/button_Send Invitation")): Object: 'Object Repository/09-Settings/Users/button_Send Invitation' is clicked on

2023-02-21 10:42:12 - [MESSAGE][PASSED] - Object: 'Object Repository/09-Settings/Users/button_Send Invitation' is clicked on

2023-02-21 10:42:12 - [TEST_STEP][PASSED] - delay(2): Delayed 2 second(s)

2023-02-21 10:42:14 - [MESSAGE][PASSED] - Delayed 2 second(s)

2023-02-21 10:42:14 - [TEST_STEP][PASSED] - verifyElementVisible(findTestObject("07-Directory/Connections/zContact Profile/Successfully invited user")): Object 'Object Repository/07-Directory/Connections/zContact Profile/Successfully invited user' is visible

2023-02-21 10:42:17 - [MESSAGE][PASSED] - Object 'Object Repository/07-Directory/Connections/zContact Profile/Successfully invited user' is visible

2023-02-21 10:42:17 - [TEST_STEP][PASSED] - delay(2): Delayed 2 second(s)

2023-02-21 10:42:19 - [MESSAGE][PASSED] - Delayed 2 second(s)

2023-02-21 10:42:19 - [TEST_STEP][PASSED] - click(findTestObject("01-Login and Forgot Password/User menu drop")): Object: 'Object Repository/01-Login and Forgot Password/User menu drop' is clicked on

2023-02-21 10:42:20 - [MESSAGE][PASSED] - Object: 'Object Repository/01-Login and Forgot Password/User menu drop' is clicked on

2023-02-21 10:42:20 - [TEST_STEP][PASSED] - delay(2): Delayed 2 second(s)

2023-02-21 10:42:22 - [MESSAGE][PASSED] - Delayed 2 second(s)

2023-02-21 10:42:22 - [TEST_STEP][PASSED] - click(findTestObject("01-Login and Forgot Password/h4_Sign Out"), STOP_ON_FAILURE): Object: 'Object Repository/01-Login and Forgot Password/h4_Sign Out' is clicked on

2023-02-21 10:42:23 - [MESSAGE][PASSED] - Object: 'Object Repository/01-Login and Forgot Password/h4_Sign Out' is clicked on

2023-02-21 10:42:23 - [TEST_STEP][PASSED] - delay(2): Delayed 2 second(s)

2023-02-21 10:42:25 - [MESSAGE][PASSED] - Delayed 2 second(s)

2023-02-21 10:42:25 - [TEST_STEP][PASSED] - verifyElementPresent(findTestObject("01-Login and Forgot Password/Login_Card"), 0): Object 'Object Repository/01-Login and Forgot Password/Login_Card' is present

2023-02-21 10:42:25 - [MESSAGE][WARNING] - Timeout '0' is invalid. Using default page load timeout: '30'

2023-02-21 10:42:27 - [MESSAGE][PASSED] - Object 'Object Repository/01-Login and Forgot Password/Login_Card' is present

2023-02-21 10:42:27 - [TEST_STEP][PASSED] - delay(3): Delayed 3 second(s)

2023-02-21 10:42:30 - [MESSAGE][PASSED] - Delayed 3 second(s)

2023-02-21 10:42:30 - [TEST_STEP][PASSED] - closeBrowser(): Browser is closed

2023-02-21 10:42:32 - [MESSAGE][PASSED] - Browser is closed

2023-02-21 10:42:32 - [TEST_STEP][PASSED] - openBrowser(""): Browser is opened with url: ''

2023-02-21 10:42:32 - [MESSAGE][INFO] - Starting 'Chrome' driver

2023-02-21 10:42:32 - [MESSAGE][INFO] - Action delay is set to 0 milliseconds

2023-02-21 10:42:35 - [MESSAGE][PASSED] - Browser is opened with url: ''

2023-02-21 10:42:35 - [TEST_STEP][PASSED] - navigateToUrl("https://lab.everleagues.com/"): Navigate to 'https://lab.everleagues.com/' successfully

2023-02-21 10:42:59 - [MESSAGE][PASSED] - Navigate to 'https://lab.everleagues.com/' successfully

2023-02-21 10:42:59 - [TEST_STEP][PASSED] - maximizeWindow(): Current window maximized

2023-02-21 10:43:00 - [MESSAGE][PASSED] - Current window maximized

2023-02-21 10:43:00 - [TEST_STEP][PASSED] - setText(findTestObject("02-Side Icons(Organization)/Add Contact/Email Field"), "autotester10@mailinator.com"): Text 'autotester10@mailinator.com' is set on object 'Object Repository/02-Side Icons(Organization)/Add Contact/Email Field'

2023-02-21 10:43:02 - [MESSAGE][PASSED] - Text 'autotester10@mailinator.com' is set on object 'Object Repository/02-Side Icons(Organization)/Add Contact/Email Field'

2023-02-21 10:43:02 - [TEST_STEP][PASSED] - setEncryptedText(findTestObject("02-Side Icons(Organization)/Add Contact/Password Field"), "8yFRyszE6U6jvsCn51OQbg=="): Text ****** has been set on object 'Object Repository/02-Side Icons(Organization)/Add Contact/Password Field'

2023-02-21 10:43:03 - [MESSAGE][PASSED] - Text ****** has been set on object 'Object Repository/02-Side Icons(Organization)/Add Contact/Password Field'

2023-02-21 10:43:03 - [TEST_STEP][PASSED] - click(findTestObject("02-Side Icons(Organization)/Add Contact/button_Sign in")): Object: 'Object Repository/02-Side Icons(Organization)/Add Contact/button_Sign in' is clicked on

2023-02-21 10:43:05 - [MESSAGE][PASSED] - Object: 'Object Repository/02-Side Icons(Organization)/Add Contact/button_Sign in' is clicked on

2023-02-21 10:43:05 - [TEST_STEP][PASSED] - delay(2): Delayed 2 second(s)

2023-02-21 10:43:07 - [MESSAGE][PASSED] - Delayed 2 second(s)

2023-02-21 10:43:07 - [TEST_STEP][PASSED] - click(findTestObject("06-Teams/For 2FA/button_Confirm_2FA")): Object: 'Object Repository/06-Teams/For 2FA/button_Confirm_2FA' is clicked on

2023-02-21 10:43:07 - [MESSAGE][PASSED] - Object: 'Object Repository/06-Teams/For 2FA/button_Confirm_2FA' is clicked on

2023-02-21 10:43:07 - [TEST_STEP][PASSED] - executeJavaScript("window.open();", []): Execute JavaScript 'window.open();' successfully

2023-02-21 10:43:08 - [MESSAGE][PASSED] - Execute JavaScript 'window.open();' successfully

2023-02-21 10:43:08 - [TEST_STEP][PASSED] - currentWindow = getWindowIndex(): Current window's index is: 0

2023-02-21 10:43:08 - [MESSAGE][PASSED] - Current window's index is: 0

2023-02-21 10:43:08 - [TEST_STEP][PASSED] - delay(3): Delayed 3 second(s)

2023-02-21 10:43:11 - [MESSAGE][PASSED] - Delayed 3 second(s)

2023-02-21 10:43:11 - [TEST_STEP][PASSED] - switchToWindowIndex(currentWindow + 1): Switched to window with index: '1'

2023-02-21 10:43:11 - [MESSAGE][PASSED] - Switched to window with index: '1'

2023-02-21 10:43:11 - [TEST_STEP][PASSED] - navigateToUrl("https://www.mailinator.com/"): Navigate to 'https://www.mailinator.com/' successfully

2023-02-21 10:43:23 - [MESSAGE][PASSED] - Navigate to 'https://www.mailinator.com/' successfully

2023-02-21 10:43:23 - [TEST_STEP][PASSED] - delay(3): Delayed 3 second(s)

2023-02-21 10:43:26 - [MESSAGE][PASSED] - Delayed 3 second(s)

2023-02-21 10:43:26 - [TEST_STEP][PASSED] - setText(findTestObject("00-Signup and Activation/zMailinator/input_LOGIN_search"), "autotester10@mailinator.com"): Text 'autotester10@mailinator.com' is set on object 'Object Repository/00-Signup and Activation/zMailinator/input_LOGIN_search'

2023-02-21 10:43:28 - [MESSAGE][PASSED] - Text 'autotester10@mailinator.com' is set on object 'Object Repository/00-Signup and Activation/zMailinator/input_LOGIN_search'

2023-02-21 10:43:28 - [TEST_STEP][PASSED] - click(findTestObject("00-Signup and Activation/zMailinator/gobutton"), STOP_ON_FAILURE): Object: 'Object Repository/00-Signup and Activation/zMailinator/gobutton' is clicked on

2023-02-21 10:43:34 - [MESSAGE][PASSED] - Object: 'Object Repository/00-Signup and Activation/zMailinator/gobutton' is clicked on

2023-02-21 10:43:34 - [TEST_STEP][PASSED] - delay(3): Delayed 3 second(s)

2023-02-21 10:43:37 - [MESSAGE][PASSED] - Delayed 3 second(s)

2023-02-21 10:43:37 - [TEST_STEP][PASSED] - click(findTestObject("00-Signup and Activation/zMailinator/Email - everleagues")): Object: 'Object Repository/00-Signup and Activation/zMailinator/Email - everleagues' is clicked on

2023-02-21 10:43:37 - [MESSAGE][PASSED] - Object: 'Object Repository/00-Signup and Activation/zMailinator/Email - everleagues' is clicked on

2023-02-21 10:43:37 - [TEST_STEP][PASSED] - delay(3): Delayed 3 second(s)

2023-02-21 10:43:40 - [MESSAGE][PASSED] - Delayed 3 second(s)

2023-02-21 10:43:40 - [TEST_STEP][PASSED] - codetwo = getText(findTestObject("Object Repository/06-Teams/For 2FA/2FA code")): Text of object 'Object Repository/06-Teams/For 2FA/2FA code' is: '502556'

2023-02-21 10:43:41 - [MESSAGE][PASSED] - Text of object 'Object Repository/06-Teams/For 2FA/2FA code' is: '502556'

2023-02-21 10:43:41 - [TEST_STEP][PASSED] - delay(3): Delayed 3 second(s)

2023-02-21 10:43:44 - [MESSAGE][PASSED] - Delayed 3 second(s)

2023-02-21 10:43:44 - [TEST_STEP][PASSED] - closeWindowTitle("Mailinator"): Window with title: 'Mailinator' is closed

2023-02-21 10:43:45 - [MESSAGE][PASSED] - Window with title: 'Mailinator' is closed

2023-02-21 10:43:45 - [TEST_STEP][PASSED] - delay(3): Delayed 3 second(s)

2023-02-21 10:43:48 - [MESSAGE][PASSED] - Delayed 3 second(s)

2023-02-21 10:43:48 - [TEST_STEP][PASSED] - switchToWindowIndex(0): Switched to window with index: '0'

2023-02-21 10:43:48 - [MESSAGE][PASSED] - Switched to window with index: '0'

2023-02-21 10:43:48 - [TEST_STEP][PASSED] - delay(3): Delayed 3 second(s)

2023-02-21 10:43:51 - [MESSAGE][PASSED] - Delayed 3 second(s)

2023-02-21 10:43:51 - [TEST_STEP][PASSED] - setText(findTestObject("Object Repository/06-Teams/For 2FA/input_Enter verification code_code"), codetwo): Text '502556' is set on object 'Object Repository/06-Teams/For 2FA/input_Enter verification code_code'

2023-02-21 10:43:53 - [MESSAGE][PASSED] - Text '502556' is set on object 'Object Repository/06-Teams/For 2FA/input_Enter verification code_code'

2023-02-21 10:43:53 - [TEST_STEP][PASSED] - delay(3): Delayed 3 second(s)

2023-02-21 10:43:56 - [MESSAGE][PASSED] - Delayed 3 second(s)

2023-02-21 10:43:56 - [TEST_STEP][PASSED] - click(findTestObject("06-Teams/For 2FA/button_Verify_2FA")): Object: 'Object Repository/06-Teams/For 2FA/button_Verify_2FA' is clicked on

2023-02-21 10:43:57 - [MESSAGE][PASSED] - Object: 'Object Repository/06-Teams/For 2FA/button_Verify_2FA' is clicked on

2023-02-21 10:43:57 - [TEST_STEP][PASSED] - delay(5): Delayed 5 second(s)

2023-02-21 10:44:02 - [MESSAGE][PASSED] - Delayed 5 second(s)

2023-02-21 10:44:02 - [TEST_STEP][PASSED] - executeJavaScript("window.open();", []): Execute JavaScript 'window.open();' successfully

2023-02-21 10:44:03 - [MESSAGE][PASSED] - Execute JavaScript 'window.open();' successfully

2023-02-21 10:44:03 - [TEST_STEP][PASSED] - currentWindow = getWindowIndex(): Current window's index is: 0

2023-02-21 10:44:03 - [MESSAGE][PASSED] - Current window's index is: 0

2023-02-21 10:44:03 - [TEST_STEP][PASSED] - delay(3): Delayed 3 second(s)

2023-02-21 10:44:06 - [MESSAGE][PASSED] - Delayed 3 second(s)

2023-02-21 10:44:06 - [TEST_STEP][PASSED] - switchToWindowIndex(currentWindow + 1): Switched to window with index: '1'

2023-02-21 10:44:06 - [MESSAGE][PASSED] - Switched to window with index: '1'

2023-02-21 10:44:06 - [TEST_STEP][PASSED] - navigateToUrl("https://www.mailinator.com/"): Navigate to 'https://www.mailinator.com/' successfully

2023-02-21 10:44:12 - [MESSAGE][PASSED] - Navigate to 'https://www.mailinator.com/' successfully

2023-02-21 10:44:12 - [TEST_STEP][PASSED] - delay(3): Delayed 3 second(s)

2023-02-21 10:44:15 - [MESSAGE][PASSED] - Delayed 3 second(s)

2023-02-21 10:44:15 - [TEST_STEP][PASSED] - setText(findTestObject("00-Signup and Activation/zMailinator/input_LOGIN_search"), "autotester10@mailinator.com"): Text 'autotester10@mailinator.com' is set on object 'Object Repository/00-Signup and Activation/zMailinator/input_LOGIN_search'

2023-02-21 10:44:17 - [MESSAGE][PASSED] - Text 'autotester10@mailinator.com' is set on object 'Object Repository/00-Signup and Activation/zMailinator/input_LOGIN_search'

2023-02-21 10:44:17 - [TEST_STEP][PASSED] - click(findTestObject("00-Signup and Activation/zMailinator/gobutton"), STOP_ON_FAILURE): Object: 'Object Repository/00-Signup and Activation/zMailinator/gobutton' is clicked on

2023-02-21 10:44:20 - [MESSAGE][PASSED] - Object: 'Object Repository/00-Signup and Activation/zMailinator/gobutton' is clicked on

2023-02-21 10:44:20 - [TEST_STEP][PASSED] - delay(3): Delayed 3 second(s)

2023-02-21 10:44:23 - [MESSAGE][PASSED] - Delayed 3 second(s)

2023-02-21 10:44:23 - [TEST_STEP][PASSED] - closeWindowTitle("Everleagues"): Window with title: 'Everleagues' is closed

2023-02-21 10:44:24 - [MESSAGE][PASSED] - Window with title: 'Everleagues' is closed

2023-02-21 10:44:24 - [TEST_STEP][PASSED] - switchToWindowIndex(0): Switched to window with index: '0'

2023-02-21 10:44:24 - [MESSAGE][PASSED] - Switched to window with index: '0'

2023-02-21 10:44:24 - [TEST_STEP][PASSED] - click(findTestObject("09-Settings/Users/Co worker/td_Invitation from GG Automation")): Object: 'Object Repository/09-Settings/Users/Co worker/td_Invitation from GG Automation' is clicked on

2023-02-21 10:44:25 - [MESSAGE][PASSED] - Object: 'Object Repository/09-Settings/Users/Co worker/td_Invitation from GG Automation' is clicked on

2023-02-21 10:44:25 - [TEST_STEP][PASSED] - click(findTestObject("09-Settings/Users/Co worker/a_Click here to join GG Automation on EverLeagues")): Object: 'Object Repository/09-Settings/Users/Co worker/a_Click here to join GG Automation on EverLeagues' is clicked on

2023-02-21 10:44:26 - [MESSAGE][PASSED] - Object: 'Object Repository/09-Settings/Users/Co worker/a_Click here to join GG Automation on EverLeagues' is clicked on

2023-02-21 10:44:26 - [TEST_STEP][PASSED] - closeWindowTitle("Mailinator"): Window with title: 'Mailinator' is closed

2023-02-21 10:44:27 - [MESSAGE][PASSED] - Window with title: 'Mailinator' is closed

2023-02-21 10:44:27 - [TEST_STEP][PASSED] - switchToWindowIndex(0): Switched to window with index: '0'

2023-02-21 10:44:27 - [MESSAGE][PASSED] - Switched to window with index: '0'

2023-02-21 10:44:27 - [TEST_STEP][PASSED] - verifyElementVisible(findTestObject("09-Settings/Users/Client/Invite modal")): Object 'Object Repository/09-Settings/Users/Client/Invite modal' is visible

2023-02-21 10:44:52 - [MESSAGE][PASSED] - Object 'Object Repository/09-Settings/Users/Client/Invite modal' is visible

2023-02-21 10:44:52 - [TEST_STEP][PASSED] - setText(findTestObject("09-Settings/Users/Client/Company field"), "QA Company"): Text 'QA Company' is set on object 'Object Repository/09-Settings/Users/Client/Company field'

2023-02-21 10:44:53 - [MESSAGE][PASSED] - Text 'QA Company' is set on object 'Object Repository/09-Settings/Users/Client/Company field'

2023-02-21 10:44:53 - [TEST_STEP][PASSED] - click(findTestObject("09-Settings/Users/Client/button_Accept")): Object: 'Object Repository/09-Settings/Users/Client/button_Accept' is clicked on

2023-02-21 10:44:54 - [MESSAGE][PASSED] - Object: 'Object Repository/09-Settings/Users/Client/button_Accept' is clicked on

2023-02-21 10:44:54 - [TEST_STEP][PASSED] - delay(5): Delayed 5 second(s)

2023-02-21 10:45:00 - [MESSAGE][PASSED] - Delayed 5 second(s)

2023-02-21 10:45:00 - [TEST_STEP][PASSED] - verifyElementVisible(findTestObject("09-Settings/Users/div_Joined as Partner")): Object 'Object Repository/09-Settings/Users/div_Joined as Partner' is visible

2023-02-21 10:45:03 - [MESSAGE][PASSED] - Object 'Object Repository/09-Settings/Users/div_Joined as Partner' is visible

2023-02-21 10:45:03 - [TEST_STEP][PASSED] - delay(3): Delayed 3 second(s)

2023-02-21 10:45:06 - [MESSAGE][PASSED] - Delayed 3 second(s)

2023-02-21 10:45:06 - [TEST_STEP][PASSED] - closeBrowser(): Browser is closed

2023-02-21 10:45:08 - [MESSAGE][PASSED] - Browser is closed]]></system-out>
         <system-err><![CDATA[]]></system-err>
      </testcase>
      <testcase name="Test Cases/09-Settings/05 - Users (Invite batch of users via CSV file)" time="185.463" classname="Test Cases/09-Settings/05 - Users (Invite batch of users via CSV file)" status="PASSED">
         <system-out><![CDATA[2023-02-21 10:45:08 - [TEST_CASE][PASSED] - Test Cases/09-Settings/05 - Users (Invite batch of users via CSV file): Test Cases/09-Settings/05 - Users (Invite batch of users via CSV file)

2023-02-21 10:45:11 - [TEST_STEP][PASSED] - openBrowser(""): Browser is opened with url: ''

2023-02-21 10:45:11 - [MESSAGE][INFO] - Starting 'Chrome' driver

2023-02-21 10:45:11 - [MESSAGE][INFO] - Action delay is set to 0 milliseconds

2023-02-21 10:45:14 - [MESSAGE][PASSED] - Browser is opened with url: ''

2023-02-21 10:45:14 - [TEST_STEP][PASSED] - navigateToUrl("https://lab.everleagues.com/"): Navigate to 'https://lab.everleagues.com/' successfully

2023-02-21 10:45:37 - [MESSAGE][PASSED] - Navigate to 'https://lab.everleagues.com/' successfully

2023-02-21 10:45:37 - [TEST_STEP][PASSED] - maximizeWindow(): Current window maximized

2023-02-21 10:45:37 - [MESSAGE][PASSED] - Current window maximized

2023-02-21 10:45:37 - [TEST_STEP][PASSED] - callTestCase(findTestCase("01-Login and Forgot Password/04-Login(Valid Credentials-With Subscription)"), [:], STOP_ON_FAILURE): Call Test Case 'Test Cases/01-Login and Forgot Password/04-Login(Valid Credentials-With Subscription)' successfully

2023-02-21 10:45:38 - [TEST_CASE][PASSED] - Test Cases/01-Login and Forgot Password/04-Login(Valid Credentials-With Subscription): Test Cases/01-Login and Forgot Password/04-Login(Valid Credentials-With Subscription)

2023-02-21 10:45:38 - [TEST_STEP][PASSED] - setText(findTestObject("01-Login and Forgot Password/input_Email_email"), "testuser02@mailinator.com"): Text 'testuser02@mailinator.com' is set on object 'Object Repository/01-Login and Forgot Password/input_Email_email'

2023-02-21 10:45:41 - [MESSAGE][PASSED] - Text 'testuser02@mailinator.com' is set on object 'Object Repository/01-Login and Forgot Password/input_Email_email'

2023-02-21 10:45:41 - [TEST_STEP][PASSED] - setEncryptedText(findTestObject("01-Login and Forgot Password/input_Email_password"), "8yFRyszE6U6jvsCn51OQbg=="): Text ****** has been set on object 'Object Repository/01-Login and Forgot Password/input_Email_password'

2023-02-21 10:45:42 - [MESSAGE][PASSED] - Text ****** has been set on object 'Object Repository/01-Login and Forgot Password/input_Email_password'

2023-02-21 10:45:42 - [TEST_STEP][PASSED] - delay(2): Delayed 2 second(s)

2023-02-21 10:45:44 - [MESSAGE][PASSED] - Delayed 2 second(s)

2023-02-21 10:45:44 - [TEST_STEP][PASSED] - click(findTestObject("01-Login and Forgot Password/show pass button")): Object: 'Object Repository/01-Login and Forgot Password/show pass button' is clicked on

2023-02-21 10:45:45 - [MESSAGE][PASSED] - Object: 'Object Repository/01-Login and Forgot Password/show pass button' is clicked on

2023-02-21 10:45:45 - [TEST_STEP][PASSED] - delay(3): Delayed 3 second(s)

2023-02-21 10:45:48 - [MESSAGE][PASSED] - Delayed 3 second(s)

2023-02-21 10:45:48 - [TEST_STEP][PASSED] - click(findTestObject("01-Login and Forgot Password/button_Sign in")): Object: 'Object Repository/01-Login and Forgot Password/button_Sign in' is clicked on

2023-02-21 10:45:49 - [MESSAGE][PASSED] - Object: 'Object Repository/01-Login and Forgot Password/button_Sign in' is clicked on

2023-02-21 10:45:49 - [TEST_STEP][PASSED] - delay(3): Delayed 3 second(s)

2023-02-21 10:45:52 - [MESSAGE][PASSED] - Delayed 3 second(s)

2023-02-21 10:45:52 - [TEST_STEP][PASSED] - click(findTestObject("06-Teams/For 2FA/button_Confirm_2FA")): Object: 'Object Repository/06-Teams/For 2FA/button_Confirm_2FA' is clicked on

2023-02-21 10:45:53 - [MESSAGE][PASSED] - Object: 'Object Repository/06-Teams/For 2FA/button_Confirm_2FA' is clicked on

2023-02-21 10:45:53 - [TEST_STEP][PASSED] - executeJavaScript("window.open();", []): Execute JavaScript 'window.open();' successfully

2023-02-21 10:45:54 - [MESSAGE][PASSED] - Execute JavaScript 'window.open();' successfully

2023-02-21 10:45:54 - [TEST_STEP][PASSED] - currentWindow = getWindowIndex(): Current window's index is: 0

2023-02-21 10:45:55 - [MESSAGE][PASSED] - Current window's index is: 0

2023-02-21 10:45:55 - [TEST_STEP][PASSED] - delay(3): Delayed 3 second(s)

2023-02-21 10:45:58 - [MESSAGE][PASSED] - Delayed 3 second(s)

2023-02-21 10:45:58 - [TEST_STEP][PASSED] - switchToWindowIndex(currentWindow + 1): Switched to window with index: '1'

2023-02-21 10:45:58 - [MESSAGE][PASSED] - Switched to window with index: '1'

2023-02-21 10:45:58 - [TEST_STEP][PASSED] - navigateToUrl("https://www.mailinator.com/"): Navigate to 'https://www.mailinator.com/' successfully

2023-02-21 10:46:16 - [MESSAGE][PASSED] - Navigate to 'https://www.mailinator.com/' successfully

2023-02-21 10:46:16 - [TEST_STEP][PASSED] - delay(3): Delayed 3 second(s)

2023-02-21 10:46:19 - [MESSAGE][PASSED] - Delayed 3 second(s)

2023-02-21 10:46:19 - [TEST_STEP][PASSED] - setText(findTestObject("00-Signup and Activation/zMailinator/input_LOGIN_search"), "testuser02@mailinator.com"): Text 'testuser02@mailinator.com' is set on object 'Object Repository/00-Signup and Activation/zMailinator/input_LOGIN_search'

2023-02-21 10:46:23 - [MESSAGE][PASSED] - Text 'testuser02@mailinator.com' is set on object 'Object Repository/00-Signup and Activation/zMailinator/input_LOGIN_search'

2023-02-21 10:46:23 - [TEST_STEP][PASSED] - click(findTestObject("00-Signup and Activation/zMailinator/gobutton"), STOP_ON_FAILURE): Object: 'Object Repository/00-Signup and Activation/zMailinator/gobutton' is clicked on

2023-02-21 10:46:30 - [MESSAGE][PASSED] - Object: 'Object Repository/00-Signup and Activation/zMailinator/gobutton' is clicked on

2023-02-21 10:46:30 - [TEST_STEP][PASSED] - delay(3): Delayed 3 second(s)

2023-02-21 10:46:33 - [MESSAGE][PASSED] - Delayed 3 second(s)

2023-02-21 10:46:33 - [TEST_STEP][PASSED] - click(findTestObject("00-Signup and Activation/zMailinator/Email - everleagues")): Object: 'Object Repository/00-Signup and Activation/zMailinator/Email - everleagues' is clicked on

2023-02-21 10:46:34 - [MESSAGE][PASSED] - Object: 'Object Repository/00-Signup and Activation/zMailinator/Email - everleagues' is clicked on

2023-02-21 10:46:34 - [TEST_STEP][PASSED] - delay(3): Delayed 3 second(s)

2023-02-21 10:46:37 - [MESSAGE][PASSED] - Delayed 3 second(s)

2023-02-21 10:46:37 - [TEST_STEP][PASSED] - code = getText(findTestObject("Object Repository/06-Teams/For 2FA/2FA code")): Text of object 'Object Repository/06-Teams/For 2FA/2FA code' is: '115291'

2023-02-21 10:46:39 - [MESSAGE][PASSED] - Text of object 'Object Repository/06-Teams/For 2FA/2FA code' is: '115291'

2023-02-21 10:46:39 - [TEST_STEP][PASSED] - delay(3): Delayed 3 second(s)

2023-02-21 10:46:42 - [MESSAGE][PASSED] - Delayed 3 second(s)

2023-02-21 10:46:42 - [TEST_STEP][PASSED] - closeWindowTitle("Mailinator"): Window with title: 'Mailinator' is closed

2023-02-21 10:46:42 - [MESSAGE][PASSED] - Window with title: 'Mailinator' is closed

2023-02-21 10:46:42 - [TEST_STEP][PASSED] - delay(3): Delayed 3 second(s)

2023-02-21 10:46:45 - [MESSAGE][PASSED] - Delayed 3 second(s)

2023-02-21 10:46:45 - [TEST_STEP][PASSED] - switchToWindowIndex(0): Switched to window with index: '0'

2023-02-21 10:46:46 - [MESSAGE][PASSED] - Switched to window with index: '0'

2023-02-21 10:46:46 - [TEST_STEP][PASSED] - delay(3): Delayed 3 second(s)

2023-02-21 10:46:49 - [MESSAGE][PASSED] - Delayed 3 second(s)

2023-02-21 10:46:49 - [TEST_STEP][PASSED] - setText(findTestObject("Object Repository/06-Teams/For 2FA/input_Enter verification code_code"), code): Text '115291' is set on object 'Object Repository/06-Teams/For 2FA/input_Enter verification code_code'

2023-02-21 10:46:50 - [MESSAGE][PASSED] - Text '115291' is set on object 'Object Repository/06-Teams/For 2FA/input_Enter verification code_code'

2023-02-21 10:46:50 - [TEST_STEP][PASSED] - delay(3): Delayed 3 second(s)

2023-02-21 10:46:53 - [MESSAGE][PASSED] - Delayed 3 second(s)

2023-02-21 10:46:53 - [TEST_STEP][PASSED] - click(findTestObject("06-Teams/For 2FA/button_Verify_2FA")): Object: 'Object Repository/06-Teams/For 2FA/button_Verify_2FA' is clicked on

2023-02-21 10:46:55 - [MESSAGE][PASSED] - Object: 'Object Repository/06-Teams/For 2FA/button_Verify_2FA' is clicked on

2023-02-21 10:46:55 - [TEST_STEP][PASSED] - delay(3): Delayed 3 second(s)

2023-02-21 10:46:58 - [MESSAGE][PASSED] - Delayed 3 second(s)

2023-02-21 10:46:58 - [MESSAGE][PASSED] - Call Test Case 'Test Cases/01-Login and Forgot Password/04-Login(Valid Credentials-With Subscription)' successfully

2023-02-21 10:46:58 - [TEST_STEP][PASSED] - click(findTestObject("06-Teams/button_doublearrow")): Object: 'Object Repository/06-Teams/button_doublearrow' is clicked on

2023-02-21 10:47:02 - [MESSAGE][PASSED] - Object: 'Object Repository/06-Teams/button_doublearrow' is clicked on

2023-02-21 10:47:02 - [TEST_STEP][PASSED] - click(findTestObject("06-Teams/button_My Organizations")): Object: 'Object Repository/06-Teams/button_My Organizations' is clicked on

2023-02-21 10:47:03 - [MESSAGE][PASSED] - Object: 'Object Repository/06-Teams/button_My Organizations' is clicked on

2023-02-21 10:47:03 - [TEST_STEP][PASSED] - click(findTestObject("06-Teams/button_GG Automation")): Object: 'Object Repository/06-Teams/button_GG Automation' is clicked on

2023-02-21 10:47:04 - [MESSAGE][PASSED] - Object: 'Object Repository/06-Teams/button_GG Automation' is clicked on

2023-02-21 10:47:04 - [TEST_STEP][PASSED] - delay(4): Delayed 4 second(s)

2023-02-21 10:47:08 - [MESSAGE][PASSED] - Delayed 4 second(s)

2023-02-21 10:47:08 - [TEST_STEP][PASSED] - verifyElementVisible(findTestObject("06-Teams/span_GG Automation")): Object 'Object Repository/06-Teams/span_GG Automation' is visible

2023-02-21 10:47:09 - [MESSAGE][PASSED] - Object 'Object Repository/06-Teams/span_GG Automation' is visible

2023-02-21 10:47:09 - [TEST_STEP][PASSED] - delay(5): Delayed 5 second(s)

2023-02-21 10:47:14 - [MESSAGE][PASSED] - Delayed 5 second(s)

2023-02-21 10:47:14 - [TEST_STEP][PASSED] - click(findTestObject("03-Header Menu/Hamburger Button/div_Settings")): Object: 'Object Repository/03-Header Menu/Hamburger Button/div_Settings' is clicked on

2023-02-21 10:47:15 - [MESSAGE][PASSED] - Object: 'Object Repository/03-Header Menu/Hamburger Button/div_Settings' is clicked on

2023-02-21 10:47:15 - [TEST_STEP][PASSED] - delay(3): Delayed 3 second(s)

2023-02-21 10:47:18 - [MESSAGE][PASSED] - Delayed 3 second(s)

2023-02-21 10:47:18 - [TEST_STEP][PASSED] - scrollToElement(findTestObject("09-Settings/Users/div_Users"), 0): Scroll to object 'Object Repository/09-Settings/Users/div_Users' successfully

2023-02-21 10:47:19 - [MESSAGE][WARNING] - Timeout '0' is invalid. Using default page load timeout: '30'

2023-02-21 10:47:19 - [MESSAGE][PASSED] - Scroll to object 'Object Repository/09-Settings/Users/div_Users' successfully

2023-02-21 10:47:19 - [TEST_STEP][PASSED] - click(findTestObject("09-Settings/Users/div_Users")): Object: 'Object Repository/09-Settings/Users/div_Users' is clicked on

2023-02-21 10:47:21 - [MESSAGE][PASSED] - Object: 'Object Repository/09-Settings/Users/div_Users' is clicked on

2023-02-21 10:47:21 - [TEST_STEP][PASSED] - delay(3): Delayed 3 second(s)

2023-02-21 10:47:24 - [MESSAGE][PASSED] - Delayed 3 second(s)

2023-02-21 10:47:24 - [TEST_STEP][PASSED] - click(findTestObject("09-Settings/Users/button_add")): Object: 'Object Repository/09-Settings/Users/button_add' is clicked on

2023-02-21 10:47:26 - [MESSAGE][PASSED] - Object: 'Object Repository/09-Settings/Users/button_add' is clicked on

2023-02-21 10:47:26 - [TEST_STEP][PASSED] - delay(3): Delayed 3 second(s)

2023-02-21 10:47:29 - [MESSAGE][PASSED] - Delayed 3 second(s)

2023-02-21 10:47:29 - [TEST_STEP][PASSED] - click(findTestObject("09-Settings/Users/Invite batch of users via CSV file")): Object: 'Object Repository/09-Settings/Users/Invite batch of users via CSV file' is clicked on

2023-02-21 10:47:30 - [MESSAGE][PASSED] - Object: 'Object Repository/09-Settings/Users/Invite batch of users via CSV file' is clicked on

2023-02-21 10:47:30 - [TEST_STEP][PASSED] - verifyElementVisible(findTestObject("09-Settings/Users/CSV Invite/Import CSV File modal")): Object 'Object Repository/09-Settings/Users/CSV Invite/Import CSV File modal' is visible

2023-02-21 10:47:31 - [MESSAGE][PASSED] - Object 'Object Repository/09-Settings/Users/CSV Invite/Import CSV File modal' is visible

2023-02-21 10:47:31 - [TEST_STEP][PASSED] - verifyElementNotClickable(findTestObject("09-Settings/Users/CSV Invite/button_Import")): Object 'Object Repository/09-Settings/Users/CSV Invite/button_Import' is NOT clickable

2023-02-21 10:47:32 - [MESSAGE][PASSED] - Object 'Object Repository/09-Settings/Users/CSV Invite/button_Import' is NOT clickable

2023-02-21 10:47:32 - [TEST_STEP][PASSED] - delay(3): Delayed 3 second(s)

2023-02-21 10:47:35 - [MESSAGE][PASSED] - Delayed 3 second(s)

2023-02-21 10:47:35 - [TEST_STEP][PASSED] - uploadpackage.Upload.uploadFile(findTestObject("Object Repository/09-Settings/Users/CSV Invite/button_Choose File"), "C:\Users\asus\Desktop\EL automation\sample csv.csv"): uploadpackage.Upload.uploadFile is PASSED

2023-02-21 10:47:36 - [MESSAGE][PASSED] - Object: 'Object Repository/09-Settings/Users/CSV Invite/button_Choose File' is clicked on

2023-02-21 10:47:41 - [MESSAGE][PASSED] - uploadpackage.Upload.uploadFile is PASSED

2023-02-21 10:47:41 - [TEST_STEP][PASSED] - delay(3): Delayed 3 second(s)

2023-02-21 10:47:44 - [MESSAGE][PASSED] - Delayed 3 second(s)

2023-02-21 10:47:44 - [TEST_STEP][PASSED] - verifyElementVisible(findTestObject("09-Settings/Users/CSV Invite/div_Sample csv.csv")): Object 'Object Repository/09-Settings/Users/CSV Invite/div_Sample csv.csv' is visible

2023-02-21 10:47:45 - [MESSAGE][PASSED] - Object 'Object Repository/09-Settings/Users/CSV Invite/div_Sample csv.csv' is visible

2023-02-21 10:47:45 - [TEST_STEP][PASSED] - click(findTestObject("09-Settings/Users/CSV Invite/button_Import")): Object: 'Object Repository/09-Settings/Users/CSV Invite/button_Import' is clicked on

2023-02-21 10:47:46 - [MESSAGE][PASSED] - Object: 'Object Repository/09-Settings/Users/CSV Invite/button_Import' is clicked on

2023-02-21 10:47:46 - [TEST_STEP][PASSED] - delay(5): Delayed 5 second(s)

2023-02-21 10:47:51 - [MESSAGE][PASSED] - Delayed 5 second(s)

2023-02-21 10:47:51 - [TEST_STEP][PASSED] - verifyElementVisible(findTestObject("09-Settings/Users/CSV Invite/Success import modal")): Object 'Object Repository/09-Settings/Users/CSV Invite/Success import modal' is visible

2023-02-21 10:47:52 - [MESSAGE][PASSED] - Object 'Object Repository/09-Settings/Users/CSV Invite/Success import modal' is visible

2023-02-21 10:47:52 - [TEST_STEP][PASSED] - click(findTestObject("09-Settings/Users/CSV Invite/button_Close")): Object: 'Object Repository/09-Settings/Users/CSV Invite/button_Close' is clicked on

2023-02-21 10:47:53 - [MESSAGE][PASSED] - Object: 'Object Repository/09-Settings/Users/CSV Invite/button_Close' is clicked on

2023-02-21 10:47:53 - [TEST_STEP][PASSED] - click(findTestObject("09-Settings/Users/CSV Invite/Invited Users tab")): Object: 'Object Repository/09-Settings/Users/CSV Invite/Invited Users tab' is clicked on

2023-02-21 10:47:54 - [MESSAGE][PASSED] - Object: 'Object Repository/09-Settings/Users/CSV Invite/Invited Users tab' is clicked on

2023-02-21 10:47:54 - [TEST_STEP][PASSED] - delay(3): Delayed 3 second(s)

2023-02-21 10:47:57 - [MESSAGE][PASSED] - Delayed 3 second(s)

2023-02-21 10:47:57 - [TEST_STEP][PASSED] - verifyElementVisible(findTestObject("09-Settings/Users/CSV Invite/div_CTCSV test3")): Object 'Object Repository/09-Settings/Users/CSV Invite/div_CTCSV test3' is visible

2023-02-21 10:47:59 - [MESSAGE][PASSED] - Object 'Object Repository/09-Settings/Users/CSV Invite/div_CTCSV test3' is visible

2023-02-21 10:47:59 - [TEST_STEP][PASSED] - verifyElementVisible(findTestObject("09-Settings/Users/CSV Invite/div_autotester08mailinator.com")): Object 'Object Repository/09-Settings/Users/CSV Invite/div_autotester08mailinator.com' is visible

2023-02-21 10:48:00 - [MESSAGE][PASSED] - Object 'Object Repository/09-Settings/Users/CSV Invite/div_autotester08mailinator.com' is visible

2023-02-21 10:48:00 - [TEST_STEP][PASSED] - verifyElementVisible(findTestObject("09-Settings/Users/CSV Invite/div_Partner")): Object 'Object Repository/09-Settings/Users/CSV Invite/div_Partner' is visible

2023-02-21 10:48:01 - [MESSAGE][PASSED] - Object 'Object Repository/09-Settings/Users/CSV Invite/div_Partner' is visible

2023-02-21 10:48:01 - [TEST_STEP][PASSED] - verifyElementVisible(findTestObject("09-Settings/Users/CSV Invite/div_CTCSV test2")): Object 'Object Repository/09-Settings/Users/CSV Invite/div_CTCSV test2' is visible

2023-02-21 10:48:03 - [MESSAGE][PASSED] - Object 'Object Repository/09-Settings/Users/CSV Invite/div_CTCSV test2' is visible

2023-02-21 10:48:03 - [TEST_STEP][PASSED] - verifyElementVisible(findTestObject("09-Settings/Users/CSV Invite/div_autotester07mailinator.com")): Object 'Object Repository/09-Settings/Users/CSV Invite/div_autotester07mailinator.com' is visible

2023-02-21 10:48:04 - [MESSAGE][PASSED] - Object 'Object Repository/09-Settings/Users/CSV Invite/div_autotester07mailinator.com' is visible

2023-02-21 10:48:04 - [TEST_STEP][PASSED] - verifyElementVisible(findTestObject("09-Settings/Users/CSV Invite/div_Client")): Object 'Object Repository/09-Settings/Users/CSV Invite/div_Client' is visible

2023-02-21 10:48:05 - [MESSAGE][PASSED] - Object 'Object Repository/09-Settings/Users/CSV Invite/div_Client' is visible

2023-02-21 10:48:05 - [TEST_STEP][PASSED] - verifyElementVisible(findTestObject("09-Settings/Users/CSV Invite/div_CTCSV test1")): Object 'Object Repository/09-Settings/Users/CSV Invite/div_CTCSV test1' is visible

2023-02-21 10:48:06 - [MESSAGE][PASSED] - Object 'Object Repository/09-Settings/Users/CSV Invite/div_CTCSV test1' is visible

2023-02-21 10:48:06 - [TEST_STEP][PASSED] - verifyElementVisible(findTestObject("09-Settings/Users/CSV Invite/div_autotester06mailinator.com")): Object 'Object Repository/09-Settings/Users/CSV Invite/div_autotester06mailinator.com' is visible

2023-02-21 10:48:08 - [MESSAGE][PASSED] - Object 'Object Repository/09-Settings/Users/CSV Invite/div_autotester06mailinator.com' is visible

2023-02-21 10:48:08 - [TEST_STEP][PASSED] - verifyElementVisible(findTestObject("09-Settings/Users/CSV Invite/div_Coworker")): Object 'Object Repository/09-Settings/Users/CSV Invite/div_Coworker' is visible

2023-02-21 10:48:09 - [MESSAGE][PASSED] - Object 'Object Repository/09-Settings/Users/CSV Invite/div_Coworker' is visible

2023-02-21 10:48:09 - [TEST_STEP][PASSED] - delay(3): Delayed 3 second(s)

2023-02-21 10:48:12 - [MESSAGE][PASSED] - Delayed 3 second(s)

2023-02-21 10:48:12 - [TEST_STEP][PASSED] - closeBrowser(): Browser is closed

2023-02-21 10:48:14 - [MESSAGE][PASSED] - Browser is closed]]></system-out>
         <system-err><![CDATA[]]></system-err>
      </testcase>
      <system-out><![CDATA[2023-02-21 10:28:35 - [TEST_SUITE][PASSED] - 09.1 - Settings (Invite users): Test Cases/09-Settings/05 - Users (Invite batch of users via CSV file)]]></system-out>
      <system-err><![CDATA[]]></system-err>
   </testsuite>
</testsuites>
