<?xml version="1.0" encoding="UTF-8"?>
<testsuites name="09.2 - Settings (Active user)" time="309.771" tests="10" failures="0" errors="0">
   <testsuite name="09.2 - Settings (Active user)" tests="10" failures="0" errors="0" time="309.771" skipped="0" timestamp="2023-07-04 09:50:11" hostname="Mike - LAPTOP-LF5VTH4H" id="Test Suites/TS-Organization/09.2 - Settings (Active user)">
      <properties>
         <property name="deviceName" value=""/>
         <property name="devicePlatform" value=""/>
         <property name="logFolder" value="D:\\Users\\Michelle\\Project\\Everleagues\\Reports\\20230704_095004\\TS-Organization\\09.2 - Settings (Active user)\\20230704_095004"/>
         <property name="logFiles" value="D:\\Users\\Michelle\\Project\\Everleagues\\Reports\\20230704_095004\\TS-Organization\\09.2 - Settings (Active user)\\20230704_095004\\execution0.log"/>
         <property name="attachments" value=""/>
         <property name="hostName" value="Mike - LAPTOP-LF5VTH4H"/>
         <property name="os" value="Windows 11 64bit"/>
         <property name="katalonVersion" value="8.6.5.208"/>
         <property name="browser" value="Chrome 114.0.0.0"/>
         <property name="hostAddress" value="10.100.1.31"/>
         <property name="sessionId" value="7a41f363a3f15025952c320c81ed61cc"/>
         <property name="seleniumVersion" value="3.141.59"/>
         <property name="proxyInformation" value="ProxyInformation { proxyOption=NO_PROXY, proxyServerType=HTTP, username=, password=********, proxyServerAddress=, proxyServerPort=0, executionList=&quot;&quot;, isApplyToDesiredCapabilities=true }"/>
         <property name="platform" value="Windows 11"/>
      </properties>
      <testcase name="Test Cases/09-Settings/06 - Users (Active User - Search user)" time="107.002" classname="Test Cases/09-Settings/06 - Users (Active User - Search user)" status="PASSED">
         <system-out><![CDATA[2023-07-04 09:50:12 - [TEST_CASE][PASSED] - Test Cases/09-Settings/06 - Users (Active User - Search user): Test Cases/09-Settings/06 - Users (Active User - Search user)

2023-07-04 09:50:13 - [TEST_STEP][PASSED] - openBrowser(""): Browser is opened with url: ''

2023-07-04 09:50:13 - [MESSAGE][INFO] - Starting 'Chrome' driver

2023-07-04 09:50:13 - [MESSAGE][INFO] - User set preference: ['args', '[--disable-web-security, --ignore-certificate-errors, --no-first-run, --disable-gpu]']

2023-07-04 09:50:13 - [MESSAGE][INFO] - Action delay is set to 0 milliseconds

2023-07-04 09:50:19 - [MESSAGE][PASSED] - Browser is opened with url: ''

2023-07-04 09:50:19 - [TEST_STEP][PASSED] - navigateToUrl(appURL): Navigate to 'https://lab.everleagues.com/login' successfully

2023-07-04 09:50:35 - [MESSAGE][PASSED] - Navigate to 'https://lab.everleagues.com/login' successfully

2023-07-04 09:50:35 - [TEST_STEP][PASSED] - maximizeWindow(): Current window maximized

2023-07-04 09:50:35 - [MESSAGE][PASSED] - Current window maximized

2023-07-04 09:50:35 - [TEST_STEP][PASSED] - callTestCase(findTestCase("01-Login and Forgot Password/04-Login(Valid Credentials-With Subscription)"), [:], STOP_ON_FAILURE): Call Test Case 'Test Cases/01-Login and Forgot Password/04-Login(Valid Credentials-With Subscription)' successfully

2023-07-04 09:50:35 - [TEST_CASE][PASSED] - Test Cases/01-Login and Forgot Password/04-Login(Valid Credentials-With Subscription): Test Cases/01-Login and Forgot Password/04-Login(Valid Credentials-With Subscription)

2023-07-04 09:50:36 - [TEST_STEP][PASSED] - setText(findTestObject("01-Login and Forgot Password/input_Email_email"), email_with_subscription): Text 'testuser05@mailinator.com' is set on object 'Object Repository/01-Login and Forgot Password/input_Email_email'

2023-07-04 09:50:37 - [MESSAGE][PASSED] - Text 'testuser05@mailinator.com' is set on object 'Object Repository/01-Login and Forgot Password/input_Email_email'

2023-07-04 09:50:37 - [TEST_STEP][PASSED] - setEncryptedText(findTestObject("01-Login and Forgot Password/input_Email_password"), password): Text ****** has been set on object 'Object Repository/01-Login and Forgot Password/input_Email_password'

2023-07-04 09:50:37 - [MESSAGE][PASSED] - Text ****** has been set on object 'Object Repository/01-Login and Forgot Password/input_Email_password'

2023-07-04 09:50:37 - [TEST_STEP][PASSED] - delay(delay_2seconds): Delayed 2 second(s)

2023-07-04 09:50:39 - [MESSAGE][PASSED] - Delayed 2 second(s)

2023-07-04 09:50:39 - [TEST_STEP][PASSED] - click(findTestObject("01-Login and Forgot Password/show pass button")): Object: 'Object Repository/01-Login and Forgot Password/show pass button' is clicked on

2023-07-04 09:50:40 - [MESSAGE][PASSED] - Object: 'Object Repository/01-Login and Forgot Password/show pass button' is clicked on

2023-07-04 09:50:40 - [TEST_STEP][PASSED] - delay(delay_3seconds): Delayed 3 second(s)

2023-07-04 09:50:43 - [MESSAGE][PASSED] - Delayed 3 second(s)

2023-07-04 09:50:43 - [TEST_STEP][PASSED] - click(findTestObject("01-Login and Forgot Password/button_Sign in")): Object: 'Object Repository/01-Login and Forgot Password/button_Sign in' is clicked on

2023-07-04 09:50:43 - [MESSAGE][PASSED] - Object: 'Object Repository/01-Login and Forgot Password/button_Sign in' is clicked on

2023-07-04 09:50:43 - [TEST_STEP][PASSED] - delay(delay_3seconds): Delayed 3 second(s)

2023-07-04 09:50:46 - [MESSAGE][PASSED] - Delayed 3 second(s)

2023-07-04 09:50:46 - [TEST_STEP][PASSED] - click(findTestObject("06-Teams/For 2FA/button_Confirm_2FA")): Object: 'Object Repository/06-Teams/For 2FA/button_Confirm_2FA' is clicked on

2023-07-04 09:50:47 - [MESSAGE][PASSED] - Object: 'Object Repository/06-Teams/For 2FA/button_Confirm_2FA' is clicked on

2023-07-04 09:50:47 - [TEST_STEP][PASSED] - executeJavaScript("window.open();", []): Execute JavaScript 'window.open();' successfully

2023-07-04 09:50:47 - [MESSAGE][PASSED] - Execute JavaScript 'window.open();' successfully

2023-07-04 09:50:47 - [TEST_STEP][PASSED] - currentWindow = getWindowIndex(): Current window's index is: 0

2023-07-04 09:50:47 - [MESSAGE][PASSED] - Current window's index is: 0

2023-07-04 09:50:47 - [TEST_STEP][PASSED] - delay(delay_3seconds): Delayed 3 second(s)

2023-07-04 09:50:50 - [MESSAGE][PASSED] - Delayed 3 second(s)

2023-07-04 09:50:50 - [TEST_STEP][PASSED] - switchToWindowIndex(currentWindow + 1): Switched to window with index: '1'

2023-07-04 09:50:50 - [MESSAGE][PASSED] - Switched to window with index: '1'

2023-07-04 09:50:50 - [TEST_STEP][PASSED] - navigateToUrl(app_mailinator): Navigate to 'https://www.mailinator.com/' successfully

2023-07-04 09:50:53 - [MESSAGE][PASSED] - Navigate to 'https://www.mailinator.com/' successfully

2023-07-04 09:50:53 - [TEST_STEP][PASSED] - delay(delay_3seconds): Delayed 3 second(s)

2023-07-04 09:50:56 - [MESSAGE][PASSED] - Delayed 3 second(s)

2023-07-04 09:50:56 - [TEST_STEP][PASSED] - setText(findTestObject("00-Signup and Activation/zMailinator/input_LOGIN_search"), email_for_searchmailinator_testuser05): Text 'testuser05@mailinator.com' is set on object 'Object Repository/00-Signup and Activation/zMailinator/input_LOGIN_search'

2023-07-04 09:50:57 - [MESSAGE][PASSED] - Text 'testuser05@mailinator.com' is set on object 'Object Repository/00-Signup and Activation/zMailinator/input_LOGIN_search'

2023-07-04 09:50:57 - [TEST_STEP][PASSED] - click(findTestObject("00-Signup and Activation/zMailinator/gobutton"), STOP_ON_FAILURE): Object: 'Object Repository/00-Signup and Activation/zMailinator/gobutton' is clicked on

2023-07-04 09:50:58 - [MESSAGE][PASSED] - Object: 'Object Repository/00-Signup and Activation/zMailinator/gobutton' is clicked on

2023-07-04 09:50:58 - [TEST_STEP][PASSED] - delay(delay_3seconds): Delayed 3 second(s)

2023-07-04 09:51:01 - [MESSAGE][PASSED] - Delayed 3 second(s)

2023-07-04 09:51:01 - [TEST_STEP][PASSED] - click(findTestObject("00-Signup and Activation/zMailinator/Email - everleagues")): Object: 'Object Repository/00-Signup and Activation/zMailinator/Email - everleagues' is clicked on

2023-07-04 09:51:01 - [MESSAGE][PASSED] - Object: 'Object Repository/00-Signup and Activation/zMailinator/Email - everleagues' is clicked on

2023-07-04 09:51:01 - [TEST_STEP][PASSED] - delay(delay_3seconds): Delayed 3 second(s)

2023-07-04 09:51:04 - [MESSAGE][PASSED] - Delayed 3 second(s)

2023-07-04 09:51:04 - [TEST_STEP][PASSED] - code = getText(findTestObject("Object Repository/06-Teams/For 2FA/2FA code")): Text of object 'Object Repository/06-Teams/For 2FA/2FA code' is: '750436'

2023-07-04 09:51:05 - [MESSAGE][PASSED] - Text of object 'Object Repository/06-Teams/For 2FA/2FA code' is: '750436'

2023-07-04 09:51:05 - [TEST_STEP][PASSED] - delay(delay_3seconds): Delayed 3 second(s)

2023-07-04 09:51:08 - [MESSAGE][PASSED] - Delayed 3 second(s)

2023-07-04 09:51:08 - [TEST_STEP][PASSED] - closeWindowTitle("Mailinator"): Window with title: 'Mailinator' is closed

2023-07-04 09:51:08 - [MESSAGE][PASSED] - Window with title: 'Mailinator' is closed

2023-07-04 09:51:08 - [TEST_STEP][PASSED] - delay(delay_3seconds): Delayed 3 second(s)

2023-07-04 09:51:11 - [MESSAGE][PASSED] - Delayed 3 second(s)

2023-07-04 09:51:11 - [TEST_STEP][PASSED] - switchToWindowIndex(0): Switched to window with index: '0'

2023-07-04 09:51:11 - [MESSAGE][PASSED] - Switched to window with index: '0'

2023-07-04 09:51:11 - [TEST_STEP][PASSED] - delay(delay_3seconds): Delayed 3 second(s)

2023-07-04 09:51:14 - [MESSAGE][PASSED] - Delayed 3 second(s)

2023-07-04 09:51:14 - [TEST_STEP][PASSED] - setText(findTestObject("Object Repository/06-Teams/For 2FA/input_Enter verification code_code"), code): Text '750436' is set on object 'Object Repository/06-Teams/For 2FA/input_Enter verification code_code'

2023-07-04 09:51:15 - [MESSAGE][PASSED] - Text '750436' is set on object 'Object Repository/06-Teams/For 2FA/input_Enter verification code_code'

2023-07-04 09:51:15 - [TEST_STEP][PASSED] - delay(delay_3seconds): Delayed 3 second(s)

2023-07-04 09:51:18 - [MESSAGE][PASSED] - Delayed 3 second(s)

2023-07-04 09:51:18 - [TEST_STEP][PASSED] - click(findTestObject("06-Teams/For 2FA/button_Verify_2FA")): Object: 'Object Repository/06-Teams/For 2FA/button_Verify_2FA' is clicked on

2023-07-04 09:51:19 - [MESSAGE][PASSED] - Object: 'Object Repository/06-Teams/For 2FA/button_Verify_2FA' is clicked on

2023-07-04 09:51:19 - [TEST_STEP][PASSED] - delay(delay_3seconds): Delayed 3 second(s)

2023-07-04 09:51:22 - [MESSAGE][PASSED] - Delayed 3 second(s)

2023-07-04 09:51:22 - [MESSAGE][PASSED] - Call Test Case 'Test Cases/01-Login and Forgot Password/04-Login(Valid Credentials-With Subscription)' successfully

2023-07-04 09:51:22 - [TEST_STEP][PASSED] - click(findTestObject("06-Teams/button_doublearrow")): Object: 'Object Repository/06-Teams/button_doublearrow' is clicked on

2023-07-04 09:51:24 - [MESSAGE][PASSED] - Object: 'Object Repository/06-Teams/button_doublearrow' is clicked on

2023-07-04 09:51:24 - [TEST_STEP][PASSED] - click(findTestObject("06-Teams/button_My Organizations")): Object: 'Object Repository/06-Teams/button_My Organizations' is clicked on

2023-07-04 09:51:25 - [MESSAGE][PASSED] - Object: 'Object Repository/06-Teams/button_My Organizations' is clicked on

2023-07-04 09:51:25 - [TEST_STEP][PASSED] - click(findTestObject("06-Teams/button_GG Automation")): Object: 'Object Repository/06-Teams/button_GG Automation' is clicked on

2023-07-04 09:51:26 - [MESSAGE][PASSED] - Object: 'Object Repository/06-Teams/button_GG Automation' is clicked on

2023-07-04 09:51:26 - [TEST_STEP][PASSED] - delay(delay_4seconds): Delayed 4 second(s)

2023-07-04 09:51:30 - [MESSAGE][PASSED] - Delayed 4 second(s)

2023-07-04 09:51:30 - [TEST_STEP][PASSED] - verifyElementVisible(findTestObject("06-Teams/span_GG Automation")): Object 'Object Repository/06-Teams/span_GG Automation' is visible

2023-07-04 09:51:30 - [MESSAGE][PASSED] - Object 'Object Repository/06-Teams/span_GG Automation' is visible

2023-07-04 09:51:30 - [TEST_STEP][PASSED] - delay(delay_5seconds): Delayed 5 second(s)

2023-07-04 09:51:35 - [MESSAGE][PASSED] - Delayed 5 second(s)

2023-07-04 09:51:35 - [TEST_STEP][PASSED] - click(findTestObject("03-Header Menu/Hamburger Button/div_Settings")): Object: 'Object Repository/03-Header Menu/Hamburger Button/div_Settings' is clicked on

2023-07-04 09:51:36 - [MESSAGE][PASSED] - Object: 'Object Repository/03-Header Menu/Hamburger Button/div_Settings' is clicked on

2023-07-04 09:51:36 - [TEST_STEP][PASSED] - verifyElementVisible(findTestObject("09-Settings/Users/div_Organization")): Object 'Object Repository/09-Settings/Users/div_Organization' is visible

2023-07-04 09:51:36 - [MESSAGE][PASSED] - Object 'Object Repository/09-Settings/Users/div_Organization' is visible

2023-07-04 09:51:36 - [TEST_STEP][PASSED] - verifyElementVisible(findTestObject("09-Settings/Users/div_Organization Units")): Object 'Object Repository/09-Settings/Users/div_Organization Units' is visible

2023-07-04 09:51:36 - [MESSAGE][PASSED] - Object 'Object Repository/09-Settings/Users/div_Organization Units' is visible

2023-07-04 09:51:36 - [TEST_STEP][PASSED] - scrollToElement(findTestObject("09-Settings/Users/div_Subscriptions"), 0): Scroll to object 'Object Repository/09-Settings/Users/div_Subscriptions' successfully

2023-07-04 09:51:37 - [MESSAGE][WARNING] - Timeout '0' is invalid. Using default page load timeout: '30'

2023-07-04 09:51:37 - [MESSAGE][PASSED] - Scroll to object 'Object Repository/09-Settings/Users/div_Subscriptions' successfully

2023-07-04 09:51:37 - [TEST_STEP][PASSED] - verifyElementVisible(findTestObject("09-Settings/Users/div_Subscriptions")): Object 'Object Repository/09-Settings/Users/div_Subscriptions' is visible

2023-07-04 09:51:37 - [MESSAGE][PASSED] - Object 'Object Repository/09-Settings/Users/div_Subscriptions' is visible

2023-07-04 09:51:37 - [TEST_STEP][PASSED] - verifyElementVisible(findTestObject("09-Settings/Users/div_Users")): Object 'Object Repository/09-Settings/Users/div_Users' is visible

2023-07-04 09:51:38 - [MESSAGE][PASSED] - Object 'Object Repository/09-Settings/Users/div_Users' is visible

2023-07-04 09:51:38 - [TEST_STEP][PASSED] - delay(delay_3seconds): Delayed 3 second(s)

2023-07-04 09:51:41 - [MESSAGE][PASSED] - Delayed 3 second(s)

2023-07-04 09:51:41 - [TEST_STEP][PASSED] - click(findTestObject("09-Settings/Users/div_Users")): Object: 'Object Repository/09-Settings/Users/div_Users' is clicked on

2023-07-04 09:51:41 - [MESSAGE][PASSED] - Object: 'Object Repository/09-Settings/Users/div_Users' is clicked on

2023-07-04 09:51:41 - [TEST_STEP][PASSED] - verifyElementVisible(findTestObject("09-Settings/Users/h4_USERS")): Object 'Object Repository/09-Settings/Users/h4_USERS' is visible

2023-07-04 09:51:43 - [MESSAGE][PASSED] - Object 'Object Repository/09-Settings/Users/h4_USERS' is visible

2023-07-04 09:51:43 - [TEST_STEP][PASSED] - verifyElementVisible(findTestObject("09-Settings/Users/Active User/div_Active Users")): Object 'Object Repository/09-Settings/Users/Active User/div_Active Users' is visible

2023-07-04 09:51:43 - [MESSAGE][PASSED] - Object 'Object Repository/09-Settings/Users/Active User/div_Active Users' is visible

2023-07-04 09:51:43 - [TEST_STEP][PASSED] - click(findTestObject("09-Settings/Users/Active User/div_Active Users")): Object: 'Object Repository/09-Settings/Users/Active User/div_Active Users' is clicked on

2023-07-04 09:51:43 - [MESSAGE][PASSED] - Object: 'Object Repository/09-Settings/Users/Active User/div_Active Users' is clicked on

2023-07-04 09:51:43 - [TEST_STEP][PASSED] - delay(delay_3seconds): Delayed 3 second(s)

2023-07-04 09:51:46 - [MESSAGE][PASSED] - Delayed 3 second(s)

2023-07-04 09:51:46 - [TEST_STEP][PASSED] - click(findTestObject("09-Settings/Users/Active User/button_search")): Object: 'Object Repository/09-Settings/Users/Active User/button_search' is clicked on

2023-07-04 09:51:47 - [MESSAGE][PASSED] - Object: 'Object Repository/09-Settings/Users/Active User/button_search' is clicked on

2023-07-04 09:51:47 - [TEST_STEP][PASSED] - delay(delay_3seconds): Delayed 3 second(s)

2023-07-04 09:51:50 - [MESSAGE][PASSED] - Delayed 3 second(s)

2023-07-04 09:51:50 - [TEST_STEP][PASSED] - click(findTestObject("09-Settings/Users/Active User/button_arrow_back")): Object: 'Object Repository/09-Settings/Users/Active User/button_arrow_back' is clicked on

2023-07-04 09:51:51 - [MESSAGE][PASSED] - Object: 'Object Repository/09-Settings/Users/Active User/button_arrow_back' is clicked on

2023-07-04 09:51:51 - [TEST_STEP][PASSED] - delay(delay_3seconds): Delayed 3 second(s)

2023-07-04 09:51:54 - [MESSAGE][PASSED] - Delayed 3 second(s)

2023-07-04 09:51:54 - [TEST_STEP][PASSED] - click(findTestObject("09-Settings/Users/Active User/button_search")): Object: 'Object Repository/09-Settings/Users/Active User/button_search' is clicked on

2023-07-04 09:51:54 - [MESSAGE][PASSED] - Object: 'Object Repository/09-Settings/Users/Active User/button_search' is clicked on

2023-07-04 09:51:54 - [TEST_STEP][PASSED] - setText(findTestObject("09-Settings/Users/Active User/Search field"), "partner"): Text 'partner' is set on object 'Object Repository/09-Settings/Users/Active User/Search field'

2023-07-04 09:51:56 - [MESSAGE][PASSED] - Text 'partner' is set on object 'Object Repository/09-Settings/Users/Active User/Search field'

2023-07-04 09:51:56 - [TEST_STEP][PASSED] - delay(delay_3seconds): Delayed 3 second(s)

2023-07-04 09:51:59 - [MESSAGE][PASSED] - Delayed 3 second(s)

2023-07-04 09:51:59 - [TEST_STEP][PASSED] - click(findTestObject("09-Settings/Users/Active User/button_Cancel")): Object: 'Object Repository/09-Settings/Users/Active User/button_Cancel' is clicked on

2023-07-04 09:51:59 - [MESSAGE][PASSED] - Object: 'Object Repository/09-Settings/Users/Active User/button_Cancel' is clicked on]]></system-out>
         <system-err><![CDATA[]]></system-err>
      </testcase>
      <testcase name="Test Cases/09-Settings/07 - Users (Active User - Suspend user)" time="17.393" classname="Test Cases/09-Settings/07 - Users (Active User - Suspend user)" status="PASSED">
         <system-out><![CDATA[2023-07-04 09:51:59 - [TEST_CASE][PASSED] - Test Cases/09-Settings/07 - Users (Active User - Suspend user): Test Cases/09-Settings/07 - Users (Active User - Suspend user)

2023-07-04 09:51:59 - [TEST_STEP][PASSED] - delay(delay_3seconds): Delayed 3 second(s)

2023-07-04 09:52:02 - [MESSAGE][PASSED] - Delayed 3 second(s)

2023-07-04 09:52:02 - [TEST_STEP][PASSED] - verifyElementPresent(findTestObject("09-Settings/Users/Active User/div_GTGG tester 2"), 0): Object 'Object Repository/09-Settings/Users/Active User/div_GTGG tester 2' is present

2023-07-04 09:52:02 - [MESSAGE][WARNING] - Timeout '0' is invalid. Using default page load timeout: '30'

2023-07-04 09:52:03 - [MESSAGE][PASSED] - Object 'Object Repository/09-Settings/Users/Active User/div_GTGG tester 2' is present

2023-07-04 09:52:03 - [TEST_STEP][PASSED] - click(findTestObject("09-Settings/Users/Active User/button_suspendUser")): Object: 'Object Repository/09-Settings/Users/Active User/button_suspendUser' is clicked on

2023-07-04 09:52:03 - [MESSAGE][PASSED] - Object: 'Object Repository/09-Settings/Users/Active User/button_suspendUser' is clicked on

2023-07-04 09:52:03 - [TEST_STEP][PASSED] - delay(delay_3seconds): Delayed 3 second(s)

2023-07-04 09:52:06 - [MESSAGE][PASSED] - Delayed 3 second(s)

2023-07-04 09:52:06 - [TEST_STEP][PASSED] - click(findTestObject("09-Settings/Users/Active User/button_Cancel_restore")): Object: 'Object Repository/09-Settings/Users/Active User/button_Cancel_restore' is clicked on

2023-07-04 09:52:07 - [MESSAGE][PASSED] - Object: 'Object Repository/09-Settings/Users/Active User/button_Cancel_restore' is clicked on

2023-07-04 09:52:07 - [TEST_STEP][PASSED] - verifyElementPresent(findTestObject("09-Settings/Users/Active User/div_GTGG tester 2"), 0): Object 'Object Repository/09-Settings/Users/Active User/div_GTGG tester 2' is present

2023-07-04 09:52:07 - [MESSAGE][WARNING] - Timeout '0' is invalid. Using default page load timeout: '30'

2023-07-04 09:52:07 - [MESSAGE][PASSED] - Object 'Object Repository/09-Settings/Users/Active User/div_GTGG tester 2' is present

2023-07-04 09:52:07 - [TEST_STEP][PASSED] - click(findTestObject("09-Settings/Users/Active User/button_suspendUser")): Object: 'Object Repository/09-Settings/Users/Active User/button_suspendUser' is clicked on

2023-07-04 09:52:08 - [MESSAGE][PASSED] - Object: 'Object Repository/09-Settings/Users/Active User/button_suspendUser' is clicked on

2023-07-04 09:52:08 - [TEST_STEP][PASSED] - verifyElementPresent(findTestObject("09-Settings/Users/Active User/h4_Suspend User"), 0): Object 'Object Repository/09-Settings/Users/Active User/h4_Suspend User' is present

2023-07-04 09:52:08 - [MESSAGE][WARNING] - Timeout '0' is invalid. Using default page load timeout: '30'

2023-07-04 09:52:08 - [MESSAGE][PASSED] - Object 'Object Repository/09-Settings/Users/Active User/h4_Suspend User' is present

2023-07-04 09:52:08 - [TEST_STEP][PASSED] - delay(delay_3seconds): Delayed 3 second(s)

2023-07-04 09:52:11 - [MESSAGE][PASSED] - Delayed 3 second(s)

2023-07-04 09:52:11 - [TEST_STEP][PASSED] - click(findTestObject("09-Settings/Users/Active User/button_Suspend")): Object: 'Object Repository/09-Settings/Users/Active User/button_Suspend' is clicked on

2023-07-04 09:52:12 - [MESSAGE][PASSED] - Object: 'Object Repository/09-Settings/Users/Active User/button_Suspend' is clicked on

2023-07-04 09:52:12 - [TEST_STEP][PASSED] - verifyElementPresent(findTestObject("09-Settings/Users/Active User/span_Successfully suspended user"), 0): Object 'Object Repository/09-Settings/Users/Active User/span_Successfully suspended user' is present

2023-07-04 09:52:12 - [MESSAGE][WARNING] - Timeout '0' is invalid. Using default page load timeout: '30'

2023-07-04 09:52:13 - [MESSAGE][PASSED] - Object 'Object Repository/09-Settings/Users/Active User/span_Successfully suspended user' is present

2023-07-04 09:52:13 - [TEST_STEP][PASSED] - delay(delay_3seconds): Delayed 3 second(s)

2023-07-04 09:52:16 - [MESSAGE][PASSED] - Delayed 3 second(s)]]></system-out>
         <system-err><![CDATA[]]></system-err>
      </testcase>
      <testcase name="Test Cases/09-Settings/08 - Users (Active User - Reactivate user)" time="12.682" classname="Test Cases/09-Settings/08 - Users (Active User - Reactivate user)" status="PASSED">
         <system-out><![CDATA[2023-07-04 09:52:16 - [TEST_CASE][PASSED] - Test Cases/09-Settings/08 - Users (Active User - Reactivate user): Test Cases/09-Settings/08 - Users (Active User - Reactivate user)

2023-07-04 09:52:17 - [TEST_STEP][PASSED] - delay(delay_3seconds): Delayed 3 second(s)

2023-07-04 09:52:20 - [MESSAGE][PASSED] - Delayed 3 second(s)

2023-07-04 09:52:20 - [TEST_STEP][PASSED] - verifyElementPresent(findTestObject("09-Settings/Users/Active User/div_GTGG tester 2"), 0): Object 'Object Repository/09-Settings/Users/Active User/div_GTGG tester 2' is present

2023-07-04 09:52:20 - [MESSAGE][WARNING] - Timeout '0' is invalid. Using default page load timeout: '30'

2023-07-04 09:52:20 - [MESSAGE][PASSED] - Object 'Object Repository/09-Settings/Users/Active User/div_GTGG tester 2' is present

2023-07-04 09:52:20 - [TEST_STEP][PASSED] - click(findTestObject("09-Settings/Users/Active User/button_reactivateUser")): Object: 'Object Repository/09-Settings/Users/Active User/button_reactivateUser' is clicked on

2023-07-04 09:52:20 - [MESSAGE][PASSED] - Object: 'Object Repository/09-Settings/Users/Active User/button_reactivateUser' is clicked on

2023-07-04 09:52:20 - [TEST_STEP][PASSED] - verifyElementPresent(findTestObject("09-Settings/Users/Active User/h4_Reactivate User"), 0): Object 'Object Repository/09-Settings/Users/Active User/h4_Reactivate User' is present

2023-07-04 09:52:21 - [MESSAGE][WARNING] - Timeout '0' is invalid. Using default page load timeout: '30'

2023-07-04 09:52:21 - [MESSAGE][PASSED] - Object 'Object Repository/09-Settings/Users/Active User/h4_Reactivate User' is present

2023-07-04 09:52:21 - [TEST_STEP][PASSED] - delay(delay_3seconds): Delayed 3 second(s)

2023-07-04 09:52:24 - [MESSAGE][PASSED] - Delayed 3 second(s)

2023-07-04 09:52:24 - [TEST_STEP][PASSED] - click(findTestObject("09-Settings/Users/Active User/button_Reactivate")): Object: 'Object Repository/09-Settings/Users/Active User/button_Reactivate' is clicked on

2023-07-04 09:52:25 - [MESSAGE][PASSED] - Object: 'Object Repository/09-Settings/Users/Active User/button_Reactivate' is clicked on

2023-07-04 09:52:25 - [TEST_STEP][PASSED] - verifyElementPresent(findTestObject("09-Settings/Users/Active User/span_Successfully reactivated user"), 0): Object 'Object Repository/09-Settings/Users/Active User/span_Successfully reactivated user' is present

2023-07-04 09:52:25 - [MESSAGE][WARNING] - Timeout '0' is invalid. Using default page load timeout: '30'

2023-07-04 09:52:26 - [MESSAGE][PASSED] - Object 'Object Repository/09-Settings/Users/Active User/span_Successfully reactivated user' is present

2023-07-04 09:52:26 - [TEST_STEP][PASSED] - delay(delay_3seconds): Delayed 3 second(s)

2023-07-04 09:52:29 - [MESSAGE][PASSED] - Delayed 3 second(s)]]></system-out>
         <system-err><![CDATA[]]></system-err>
      </testcase>
      <testcase name="Test Cases/09-Settings/09 - Users (Active User - Delete Suspend user)" time="22.434" classname="Test Cases/09-Settings/09 - Users (Active User - Delete Suspend user)" status="PASSED">
         <system-out><![CDATA[2023-07-04 09:52:29 - [TEST_CASE][PASSED] - Test Cases/09-Settings/09 - Users (Active User - Delete Suspend user): Test Cases/09-Settings/09 - Users (Active User - Delete Suspend user)

2023-07-04 09:52:29 - [TEST_STEP][PASSED] - verifyElementPresent(findTestObject("09-Settings/Users/Active User/div_GTGG tester 2"), 0): Object 'Object Repository/09-Settings/Users/Active User/div_GTGG tester 2' is present

2023-07-04 09:52:30 - [MESSAGE][WARNING] - Timeout '0' is invalid. Using default page load timeout: '30'

2023-07-04 09:52:30 - [MESSAGE][PASSED] - Object 'Object Repository/09-Settings/Users/Active User/div_GTGG tester 2' is present

2023-07-04 09:52:30 - [TEST_STEP][PASSED] - click(findTestObject("09-Settings/Users/Active User/button_suspendUser")): Object: 'Object Repository/09-Settings/Users/Active User/button_suspendUser' is clicked on

2023-07-04 09:52:30 - [MESSAGE][PASSED] - Object: 'Object Repository/09-Settings/Users/Active User/button_suspendUser' is clicked on

2023-07-04 09:52:30 - [TEST_STEP][PASSED] - verifyElementPresent(findTestObject("09-Settings/Users/Active User/h4_Suspend User"), 0): Object 'Object Repository/09-Settings/Users/Active User/h4_Suspend User' is present

2023-07-04 09:52:30 - [MESSAGE][WARNING] - Timeout '0' is invalid. Using default page load timeout: '30'

2023-07-04 09:52:31 - [MESSAGE][PASSED] - Object 'Object Repository/09-Settings/Users/Active User/h4_Suspend User' is present

2023-07-04 09:52:31 - [TEST_STEP][PASSED] - delay(delay_3seconds): Delayed 3 second(s)

2023-07-04 09:52:34 - [MESSAGE][PASSED] - Delayed 3 second(s)

2023-07-04 09:52:34 - [TEST_STEP][PASSED] - click(findTestObject("09-Settings/Users/Active User/button_Suspend")): Object: 'Object Repository/09-Settings/Users/Active User/button_Suspend' is clicked on

2023-07-04 09:52:35 - [MESSAGE][PASSED] - Object: 'Object Repository/09-Settings/Users/Active User/button_Suspend' is clicked on

2023-07-04 09:52:35 - [TEST_STEP][PASSED] - verifyElementPresent(findTestObject("09-Settings/Users/Active User/span_Successfully suspended user"), 0): Object 'Object Repository/09-Settings/Users/Active User/span_Successfully suspended user' is present

2023-07-04 09:52:35 - [MESSAGE][WARNING] - Timeout '0' is invalid. Using default page load timeout: '30'

2023-07-04 09:52:36 - [MESSAGE][PASSED] - Object 'Object Repository/09-Settings/Users/Active User/span_Successfully suspended user' is present

2023-07-04 09:52:36 - [TEST_STEP][PASSED] - delay(delay_3seconds): Delayed 3 second(s)

2023-07-04 09:52:39 - [MESSAGE][PASSED] - Delayed 3 second(s)

2023-07-04 09:52:39 - [TEST_STEP][PASSED] - verifyElementPresent(findTestObject("09-Settings/Users/Active User/div_GTGG tester 2"), 0): Object 'Object Repository/09-Settings/Users/Active User/div_GTGG tester 2' is present

2023-07-04 09:52:39 - [MESSAGE][WARNING] - Timeout '0' is invalid. Using default page load timeout: '30'

2023-07-04 09:52:39 - [MESSAGE][PASSED] - Object 'Object Repository/09-Settings/Users/Active User/div_GTGG tester 2' is present

2023-07-04 09:52:39 - [TEST_STEP][PASSED] - click(findTestObject("09-Settings/Users/Active User/button_xDeleteuser")): Object: 'Object Repository/09-Settings/Users/Active User/button_xDeleteuser' is clicked on

2023-07-04 09:52:40 - [MESSAGE][PASSED] - Object: 'Object Repository/09-Settings/Users/Active User/button_xDeleteuser' is clicked on

2023-07-04 09:52:40 - [TEST_STEP][PASSED] - verifyElementPresent(findTestObject("09-Settings/Users/Active User/h4_Delete User"), 0): Object 'Object Repository/09-Settings/Users/Active User/h4_Delete User' is present

2023-07-04 09:52:40 - [MESSAGE][WARNING] - Timeout '0' is invalid. Using default page load timeout: '30'

2023-07-04 09:52:41 - [MESSAGE][PASSED] - Object 'Object Repository/09-Settings/Users/Active User/h4_Delete User' is present

2023-07-04 09:52:41 - [TEST_STEP][PASSED] - delay(delay_3seconds): Delayed 3 second(s)

2023-07-04 09:52:44 - [MESSAGE][PASSED] - Delayed 3 second(s)

2023-07-04 09:52:44 - [TEST_STEP][PASSED] - click(findTestObject("09-Settings/Users/Active User/button_Delete")): Object: 'Object Repository/09-Settings/Users/Active User/button_Delete' is clicked on

2023-07-04 09:52:44 - [MESSAGE][PASSED] - Object: 'Object Repository/09-Settings/Users/Active User/button_Delete' is clicked on

2023-07-04 09:52:44 - [TEST_STEP][PASSED] - verifyElementPresent(findTestObject("09-Settings/Users/Active User/span_Successfully deleted user"), 0): Object 'Object Repository/09-Settings/Users/Active User/span_Successfully deleted user' is present

2023-07-04 09:52:44 - [MESSAGE][WARNING] - Timeout '0' is invalid. Using default page load timeout: '30'

2023-07-04 09:52:47 - [MESSAGE][PASSED] - Object 'Object Repository/09-Settings/Users/Active User/span_Successfully deleted user' is present

2023-07-04 09:52:47 - [TEST_STEP][PASSED] - delay(delay_5seconds): Delayed 5 second(s)

2023-07-04 09:52:52 - [MESSAGE][PASSED] - Delayed 5 second(s)]]></system-out>
         <system-err><![CDATA[]]></system-err>
      </testcase>
      <testcase name="Test Cases/09-Settings/10 - Users (Active User - Filter - Restore user)" time="21.967" classname="Test Cases/09-Settings/10 - Users (Active User - Filter - Restore user)" status="PASSED">
         <system-out><![CDATA[2023-07-04 09:52:52 - [TEST_CASE][PASSED] - Test Cases/09-Settings/10 - Users (Active User - Filter - Restore user): Test Cases/09-Settings/10 - Users (Active User - Filter - Restore user)

2023-07-04 09:52:52 - [TEST_STEP][PASSED] - delay(delay_3seconds): Delayed 3 second(s)

2023-07-04 09:52:55 - [MESSAGE][PASSED] - Delayed 3 second(s)

2023-07-04 09:52:55 - [TEST_STEP][PASSED] - click(findTestObject("09-Settings/Users/Active User/filter_icon")): Object: 'Object Repository/09-Settings/Users/Active User/filter_icon' is clicked on

2023-07-04 09:52:55 - [MESSAGE][PASSED] - Object: 'Object Repository/09-Settings/Users/Active User/filter_icon' is clicked on

2023-07-04 09:52:55 - [TEST_STEP][PASSED] - verifyElementVisible(findTestObject("09-Settings/Users/Active User/h6_Filter")): Object 'Object Repository/09-Settings/Users/Active User/h6_Filter' is visible

2023-07-04 09:52:56 - [MESSAGE][PASSED] - Object 'Object Repository/09-Settings/Users/Active User/h6_Filter' is visible

2023-07-04 09:52:56 - [TEST_STEP][PASSED] - verifyElementVisible(findTestObject("09-Settings/Users/Active User/span_Show deleted user")): Object 'Object Repository/09-Settings/Users/Active User/span_Show deleted user' is visible

2023-07-04 09:52:56 - [MESSAGE][PASSED] - Object 'Object Repository/09-Settings/Users/Active User/span_Show deleted user' is visible

2023-07-04 09:52:56 - [TEST_STEP][PASSED] - click(findTestObject("09-Settings/Users/Active User/div_show-deleted-user-toggle-bar")): Object: 'Object Repository/09-Settings/Users/Active User/div_show-deleted-user-toggle-bar' is clicked on

2023-07-04 09:52:57 - [MESSAGE][PASSED] - Object: 'Object Repository/09-Settings/Users/Active User/div_show-deleted-user-toggle-bar' is clicked on

2023-07-04 09:52:57 - [TEST_STEP][PASSED] - delay(delay_3seconds): Delayed 3 second(s)

2023-07-04 09:53:00 - [MESSAGE][PASSED] - Delayed 3 second(s)

2023-07-04 09:53:00 - [TEST_STEP][PASSED] - click(findTestObject("09-Settings/Users/Active User/filter_icon")): Object: 'Object Repository/09-Settings/Users/Active User/filter_icon' is clicked on

2023-07-04 09:53:00 - [MESSAGE][PASSED] - Object: 'Object Repository/09-Settings/Users/Active User/filter_icon' is clicked on

2023-07-04 09:53:00 - [TEST_STEP][PASSED] - verifyElementVisible(findTestObject("09-Settings/Users/Active User/div_GTGG tester 2")): Object 'Object Repository/09-Settings/Users/Active User/div_GTGG tester 2' is visible

2023-07-04 09:53:01 - [MESSAGE][PASSED] - Object 'Object Repository/09-Settings/Users/Active User/div_GTGG tester 2' is visible

2023-07-04 09:53:01 - [TEST_STEP][PASSED] - click(findTestObject("09-Settings/Users/Active User/button_replay")): Object: 'Object Repository/09-Settings/Users/Active User/button_replay' is clicked on

2023-07-04 09:53:01 - [MESSAGE][PASSED] - Object: 'Object Repository/09-Settings/Users/Active User/button_replay' is clicked on

2023-07-04 09:53:01 - [TEST_STEP][PASSED] - verifyElementVisible(findTestObject("09-Settings/Users/Active User/h4_Restore User")): Object 'Object Repository/09-Settings/Users/Active User/h4_Restore User' is visible

2023-07-04 09:53:02 - [MESSAGE][PASSED] - Object 'Object Repository/09-Settings/Users/Active User/h4_Restore User' is visible

2023-07-04 09:53:02 - [TEST_STEP][PASSED] - click(findTestObject("09-Settings/Users/Active User/button_Restore")): Object: 'Object Repository/09-Settings/Users/Active User/button_Restore' is clicked on

2023-07-04 09:53:03 - [MESSAGE][PASSED] - Object: 'Object Repository/09-Settings/Users/Active User/button_Restore' is clicked on

2023-07-04 09:53:03 - [TEST_STEP][PASSED] - verifyElementVisible(findTestObject("09-Settings/Users/Active User/span_Successfully restored user")): Object 'Object Repository/09-Settings/Users/Active User/span_Successfully restored user' is visible

2023-07-04 09:53:06 - [MESSAGE][PASSED] - Object 'Object Repository/09-Settings/Users/Active User/span_Successfully restored user' is visible

2023-07-04 09:53:06 - [TEST_STEP][PASSED] - delay(delay_3seconds): Delayed 3 second(s)

2023-07-04 09:53:09 - [MESSAGE][PASSED] - Delayed 3 second(s)

2023-07-04 09:53:09 - [TEST_STEP][PASSED] - click(findTestObject("09-Settings/Users/Active User/filter_icon")): Object: 'Object Repository/09-Settings/Users/Active User/filter_icon' is clicked on

2023-07-04 09:53:09 - [MESSAGE][PASSED] - Object: 'Object Repository/09-Settings/Users/Active User/filter_icon' is clicked on

2023-07-04 09:53:09 - [TEST_STEP][PASSED] - delay(delay_4seconds): Delayed 4 second(s)

2023-07-04 09:53:13 - [MESSAGE][PASSED] - Delayed 4 second(s)]]></system-out>
         <system-err><![CDATA[]]></system-err>
      </testcase>
      <testcase name="Test Cases/09-Settings/11 - Users (Active User - Filter - All and Selected Organization)" time="23.875" classname="Test Cases/09-Settings/11 - Users (Active User - Filter - All and Selected Organization)" status="PASSED">
         <system-out><![CDATA[2023-07-04 09:53:13 - [TEST_CASE][PASSED] - Test Cases/09-Settings/11 - Users (Active User - Filter - All and Selected Organization): Test Cases/09-Settings/11 - Users (Active User - Filter - All and Selected Organization)

2023-07-04 09:53:14 - [TEST_STEP][PASSED] - delay(delay_3seconds): Delayed 3 second(s)

2023-07-04 09:53:17 - [MESSAGE][PASSED] - Delayed 3 second(s)

2023-07-04 09:53:17 - [TEST_STEP][PASSED] - verifyElementVisible(findTestObject("09-Settings/Users/Active User/h6_Filter")): Object 'Object Repository/09-Settings/Users/Active User/h6_Filter' is visible

2023-07-04 09:53:17 - [MESSAGE][PASSED] - Object 'Object Repository/09-Settings/Users/Active User/h6_Filter' is visible

2023-07-04 09:53:17 - [TEST_STEP][PASSED] - verifyElementVisible(findTestObject("09-Settings/Users/Active User/div_All organization units")): Object 'Object Repository/09-Settings/Users/Active User/div_All organization units' is visible

2023-07-04 09:53:17 - [MESSAGE][PASSED] - Object 'Object Repository/09-Settings/Users/Active User/div_All organization units' is visible

2023-07-04 09:53:17 - [TEST_STEP][PASSED] - click(findTestObject("09-Settings/Users/Active User/div_All organization units")): Object: 'Object Repository/09-Settings/Users/Active User/div_All organization units' is clicked on

2023-07-04 09:53:18 - [MESSAGE][PASSED] - Object: 'Object Repository/09-Settings/Users/Active User/div_All organization units' is clicked on

2023-07-04 09:53:18 - [TEST_STEP][PASSED] - delay(delay_3seconds): Delayed 3 second(s)

2023-07-04 09:53:21 - [MESSAGE][PASSED] - Delayed 3 second(s)

2023-07-04 09:53:21 - [TEST_STEP][PASSED] - verifyElementVisible(findTestObject("09-Settings/Users/Active User/div_Active Users-All Organizations units")): Object 'Object Repository/09-Settings/Users/Active User/div_Active Users-All Organizations units' is visible

2023-07-04 09:53:22 - [MESSAGE][PASSED] - Object 'Object Repository/09-Settings/Users/Active User/div_Active Users-All Organizations units' is visible

2023-07-04 09:53:22 - [TEST_STEP][PASSED] - delay(delay_3seconds): Delayed 3 second(s)

2023-07-04 09:53:25 - [MESSAGE][PASSED] - Delayed 3 second(s)

2023-07-04 09:53:25 - [TEST_STEP][PASSED] - verifyElementVisible(findTestObject("09-Settings/Users/Active User/div_Selected organization unit")): Object 'Object Repository/09-Settings/Users/Active User/div_Selected organization unit' is visible

2023-07-04 09:53:25 - [MESSAGE][PASSED] - Object 'Object Repository/09-Settings/Users/Active User/div_Selected organization unit' is visible

2023-07-04 09:53:25 - [TEST_STEP][PASSED] - click(findTestObject("09-Settings/Users/Active User/div_Selected organization unit")): Object: 'Object Repository/09-Settings/Users/Active User/div_Selected organization unit' is clicked on

2023-07-04 09:53:26 - [MESSAGE][PASSED] - Object: 'Object Repository/09-Settings/Users/Active User/div_Selected organization unit' is clicked on

2023-07-04 09:53:26 - [TEST_STEP][PASSED] - delay(delay_3seconds): Delayed 3 second(s)

2023-07-04 09:53:29 - [MESSAGE][PASSED] - Delayed 3 second(s)

2023-07-04 09:53:29 - [TEST_STEP][PASSED] - click(findTestObject("09-Settings/Users/Active User/div_GG Automation")): Object: 'Object Repository/09-Settings/Users/Active User/div_GG Automation' is clicked on

2023-07-04 09:53:29 - [MESSAGE][PASSED] - Object: 'Object Repository/09-Settings/Users/Active User/div_GG Automation' is clicked on

2023-07-04 09:53:29 - [TEST_STEP][PASSED] - verifyElementVisible(findTestObject("09-Settings/Users/Active User/div_Active Users-Selected Organization units")): Object 'Object Repository/09-Settings/Users/Active User/div_Active Users-Selected Organization units' is visible

2023-07-04 09:53:30 - [MESSAGE][PASSED] - Object 'Object Repository/09-Settings/Users/Active User/div_Active Users-Selected Organization units' is visible

2023-07-04 09:53:30 - [TEST_STEP][PASSED] - delay(delay_3seconds): Delayed 3 second(s)

2023-07-04 09:53:33 - [MESSAGE][PASSED] - Delayed 3 second(s)

2023-07-04 09:53:33 - [TEST_STEP][PASSED] - click(findTestObject("09-Settings/Users/Active User/filter_icon")): Object: 'Object Repository/09-Settings/Users/Active User/filter_icon' is clicked on

2023-07-04 09:53:33 - [MESSAGE][PASSED] - Object: 'Object Repository/09-Settings/Users/Active User/filter_icon' is clicked on

2023-07-04 09:53:33 - [TEST_STEP][PASSED] - delay(delay_4seconds): Delayed 4 second(s)

2023-07-04 09:53:37 - [MESSAGE][PASSED] - Delayed 4 second(s)]]></system-out>
         <system-err><![CDATA[]]></system-err>
      </testcase>
      <testcase name="Test Cases/09-Settings/12 - Users (Active User - Edit Role)" time="37.712" classname="Test Cases/09-Settings/12 - Users (Active User - Edit Role)" status="PASSED">
         <system-out><![CDATA[2023-07-04 09:53:37 - [TEST_CASE][PASSED] - Test Cases/09-Settings/12 - Users (Active User - Edit Role): Test Cases/09-Settings/12 - Users (Active User - Edit Role)

2023-07-04 09:53:38 - [TEST_STEP][PASSED] - delay(delay_3seconds): Delayed 3 second(s)

2023-07-04 09:53:41 - [MESSAGE][PASSED] - Delayed 3 second(s)

2023-07-04 09:53:41 - [TEST_STEP][PASSED] - verifyElementPresent(findTestObject("09-Settings/Users/Active User/div_GTGG tester 2"), 0): Object 'Object Repository/09-Settings/Users/Active User/div_GTGG tester 2' is present

2023-07-04 09:53:41 - [MESSAGE][WARNING] - Timeout '0' is invalid. Using default page load timeout: '30'

2023-07-04 09:53:41 - [MESSAGE][PASSED] - Object 'Object Repository/09-Settings/Users/Active User/div_GTGG tester 2' is present

2023-07-04 09:53:41 - [TEST_STEP][PASSED] - click(findTestObject("09-Settings/Users/Active User/button_ellipses")): Object: 'Object Repository/09-Settings/Users/Active User/button_ellipses' is clicked on

2023-07-04 09:53:42 - [MESSAGE][PASSED] - Object: 'Object Repository/09-Settings/Users/Active User/button_ellipses' is clicked on

2023-07-04 09:53:42 - [TEST_STEP][PASSED] - click(findTestObject("09-Settings/Users/Active User/button_Edit Role")): Object: 'Object Repository/09-Settings/Users/Active User/button_Edit Role' is clicked on

2023-07-04 09:53:43 - [MESSAGE][PASSED] - Object: 'Object Repository/09-Settings/Users/Active User/button_Edit Role' is clicked on

2023-07-04 09:53:43 - [TEST_STEP][PASSED] - verifyElementPresent(findTestObject("09-Settings/Users/Active User/h4_Edit User Role"), 0): Object 'Object Repository/09-Settings/Users/Active User/h4_Edit User Role' is present

2023-07-04 09:53:43 - [MESSAGE][WARNING] - Timeout '0' is invalid. Using default page load timeout: '30'

2023-07-04 09:53:44 - [MESSAGE][PASSED] - Object 'Object Repository/09-Settings/Users/Active User/h4_Edit User Role' is present

2023-07-04 09:53:44 - [TEST_STEP][PASSED] - click(findTestObject("09-Settings/Users/Active User/div_roleDropdown")): Object: 'Object Repository/09-Settings/Users/Active User/div_roleDropdown' is clicked on

2023-07-04 09:53:44 - [MESSAGE][PASSED] - Object: 'Object Repository/09-Settings/Users/Active User/div_roleDropdown' is clicked on

2023-07-04 09:53:44 - [TEST_STEP][PASSED] - click(findTestObject("09-Settings/Users/Active User/mat-option_External Contact")): Object: 'Object Repository/09-Settings/Users/Active User/mat-option_External Contact' is clicked on

2023-07-04 09:53:45 - [MESSAGE][PASSED] - Object: 'Object Repository/09-Settings/Users/Active User/mat-option_External Contact' is clicked on

2023-07-04 09:53:45 - [TEST_STEP][PASSED] - verifyElementPresent(findTestObject("09-Settings/Users/Active User/warning_when_changing_role"), 0): Object 'Object Repository/09-Settings/Users/Active User/warning_when_changing_role' is present

2023-07-04 09:53:45 - [MESSAGE][WARNING] - Timeout '0' is invalid. Using default page load timeout: '30'

2023-07-04 09:53:46 - [MESSAGE][PASSED] - Object 'Object Repository/09-Settings/Users/Active User/warning_when_changing_role' is present

2023-07-04 09:53:46 - [TEST_STEP][PASSED] - delay(delay_3seconds): Delayed 3 second(s)

2023-07-04 09:53:49 - [MESSAGE][PASSED] - Delayed 3 second(s)

2023-07-04 09:53:49 - [TEST_STEP][PASSED] - click(findTestObject("09-Settings/Users/Active User/div_roleTypeDropdown")): Object: 'Object Repository/09-Settings/Users/Active User/div_roleTypeDropdown' is clicked on

2023-07-04 09:53:49 - [MESSAGE][PASSED] - Object: 'Object Repository/09-Settings/Users/Active User/div_roleTypeDropdown' is clicked on

2023-07-04 09:53:49 - [TEST_STEP][PASSED] - click(findTestObject("09-Settings/Users/Active User/mat-option_None")): Object: 'Object Repository/09-Settings/Users/Active User/mat-option_None' is clicked on

2023-07-04 09:53:50 - [MESSAGE][PASSED] - Object: 'Object Repository/09-Settings/Users/Active User/mat-option_None' is clicked on

2023-07-04 09:53:50 - [TEST_STEP][PASSED] - delay(delay_3seconds): Delayed 3 second(s)

2023-07-04 09:53:53 - [MESSAGE][PASSED] - Delayed 3 second(s)

2023-07-04 09:53:53 - [TEST_STEP][PASSED] - click(findTestObject("09-Settings/Users/Active User/button_Save")): Object: 'Object Repository/09-Settings/Users/Active User/button_Save' is clicked on

2023-07-04 09:53:53 - [MESSAGE][PASSED] - Object: 'Object Repository/09-Settings/Users/Active User/button_Save' is clicked on

2023-07-04 09:53:53 - [TEST_STEP][PASSED] - delay(delay_3seconds): Delayed 3 second(s)

2023-07-04 09:53:56 - [MESSAGE][PASSED] - Delayed 3 second(s)

2023-07-04 09:53:56 - [TEST_STEP][PASSED] - verifyElementPresent(findTestObject("09-Settings/Users/Active User/div_GTGG tester 2"), 0): Object 'Object Repository/09-Settings/Users/Active User/div_GTGG tester 2' is present

2023-07-04 09:53:56 - [MESSAGE][WARNING] - Timeout '0' is invalid. Using default page load timeout: '30'

2023-07-04 09:53:56 - [MESSAGE][PASSED] - Object 'Object Repository/09-Settings/Users/Active User/div_GTGG tester 2' is present

2023-07-04 09:53:56 - [TEST_STEP][PASSED] - click(findTestObject("09-Settings/Users/Active User/button_ellipses")): Object: 'Object Repository/09-Settings/Users/Active User/button_ellipses' is clicked on

2023-07-04 09:53:57 - [MESSAGE][PASSED] - Object: 'Object Repository/09-Settings/Users/Active User/button_ellipses' is clicked on

2023-07-04 09:53:57 - [TEST_STEP][PASSED] - click(findTestObject("09-Settings/Users/Active User/button_Edit Role")): Object: 'Object Repository/09-Settings/Users/Active User/button_Edit Role' is clicked on

2023-07-04 09:53:58 - [MESSAGE][PASSED] - Object: 'Object Repository/09-Settings/Users/Active User/button_Edit Role' is clicked on

2023-07-04 09:53:58 - [TEST_STEP][PASSED] - verifyElementPresent(findTestObject("09-Settings/Users/Active User/h4_Edit User Role"), 0): Object 'Object Repository/09-Settings/Users/Active User/h4_Edit User Role' is present

2023-07-04 09:53:58 - [MESSAGE][WARNING] - Timeout '0' is invalid. Using default page load timeout: '30'

2023-07-04 09:53:59 - [MESSAGE][PASSED] - Object 'Object Repository/09-Settings/Users/Active User/h4_Edit User Role' is present

2023-07-04 09:53:59 - [TEST_STEP][PASSED] - click(findTestObject("09-Settings/Users/Active User/div_roleDropdown")): Object: 'Object Repository/09-Settings/Users/Active User/div_roleDropdown' is clicked on

2023-07-04 09:53:59 - [MESSAGE][PASSED] - Object: 'Object Repository/09-Settings/Users/Active User/div_roleDropdown' is clicked on

2023-07-04 09:53:59 - [TEST_STEP][PASSED] - click(findTestObject("09-Settings/Users/Active User/mat-option_CoWorker")): Object: 'Object Repository/09-Settings/Users/Active User/mat-option_CoWorker' is clicked on

2023-07-04 09:54:00 - [MESSAGE][PASSED] - Object: 'Object Repository/09-Settings/Users/Active User/mat-option_CoWorker' is clicked on

2023-07-04 09:54:00 - [TEST_STEP][PASSED] - verifyElementPresent(findTestObject("09-Settings/Users/Active User/warning_when_changing_role"), 0): Object 'Object Repository/09-Settings/Users/Active User/warning_when_changing_role' is present

2023-07-04 09:54:00 - [MESSAGE][WARNING] - Timeout '0' is invalid. Using default page load timeout: '30'

2023-07-04 09:54:01 - [MESSAGE][PASSED] - Object 'Object Repository/09-Settings/Users/Active User/warning_when_changing_role' is present

2023-07-04 09:54:01 - [TEST_STEP][PASSED] - delay(delay_3seconds): Delayed 3 second(s)

2023-07-04 09:54:04 - [MESSAGE][PASSED] - Delayed 3 second(s)

2023-07-04 09:54:04 - [TEST_STEP][PASSED] - click(findTestObject("09-Settings/Users/Active User/div_roleTypeDropdown")): Object: 'Object Repository/09-Settings/Users/Active User/div_roleTypeDropdown' is clicked on

2023-07-04 09:54:04 - [MESSAGE][PASSED] - Object: 'Object Repository/09-Settings/Users/Active User/div_roleTypeDropdown' is clicked on

2023-07-04 09:54:04 - [TEST_STEP][PASSED] - click(findTestObject("09-Settings/Users/Active User/mat-option_None")): Object: 'Object Repository/09-Settings/Users/Active User/mat-option_None' is clicked on

2023-07-04 09:54:05 - [MESSAGE][PASSED] - Object: 'Object Repository/09-Settings/Users/Active User/mat-option_None' is clicked on

2023-07-04 09:54:05 - [TEST_STEP][PASSED] - delay(delay_3seconds): Delayed 3 second(s)

2023-07-04 09:54:08 - [MESSAGE][PASSED] - Delayed 3 second(s)

2023-07-04 09:54:08 - [TEST_STEP][PASSED] - click(findTestObject("09-Settings/Users/Active User/button_Save")): Object: 'Object Repository/09-Settings/Users/Active User/button_Save' is clicked on

2023-07-04 09:54:08 - [MESSAGE][PASSED] - Object: 'Object Repository/09-Settings/Users/Active User/button_Save' is clicked on

2023-07-04 09:54:08 - [TEST_STEP][PASSED] - verifyElementPresent(findTestObject("09-Settings/Users/Active User/span_Successfully changed user role"), 0): Object 'Object Repository/09-Settings/Users/Active User/span_Successfully changed user role' is present

2023-07-04 09:54:08 - [MESSAGE][WARNING] - Timeout '0' is invalid. Using default page load timeout: '30'

2023-07-04 09:54:12 - [MESSAGE][PASSED] - Object 'Object Repository/09-Settings/Users/Active User/span_Successfully changed user role' is present

2023-07-04 09:54:12 - [TEST_STEP][PASSED] - delay(delay_3seconds): Delayed 3 second(s)

2023-07-04 09:54:15 - [MESSAGE][PASSED] - Delayed 3 second(s)]]></system-out>
         <system-err><![CDATA[]]></system-err>
      </testcase>
      <testcase name="Test Cases/09-Settings/13 - Users (Active User - Promote to admin)" time="14.322" classname="Test Cases/09-Settings/13 - Users (Active User - Promote to admin)" status="PASSED">
         <system-out><![CDATA[2023-07-04 09:54:15 - [TEST_CASE][PASSED] - Test Cases/09-Settings/13 - Users (Active User - Promote to admin): Test Cases/09-Settings/13 - Users (Active User - Promote to admin)

2023-07-04 09:54:15 - [TEST_STEP][PASSED] - delay(delay_3seconds): Delayed 3 second(s)

2023-07-04 09:54:18 - [MESSAGE][PASSED] - Delayed 3 second(s)

2023-07-04 09:54:18 - [TEST_STEP][PASSED] - verifyElementPresent(findTestObject("09-Settings/Users/Active User/div_GTGG tester 2"), 0): Object 'Object Repository/09-Settings/Users/Active User/div_GTGG tester 2' is present

2023-07-04 09:54:18 - [MESSAGE][WARNING] - Timeout '0' is invalid. Using default page load timeout: '30'

2023-07-04 09:54:19 - [MESSAGE][PASSED] - Object 'Object Repository/09-Settings/Users/Active User/div_GTGG tester 2' is present

2023-07-04 09:54:19 - [TEST_STEP][PASSED] - click(findTestObject("09-Settings/Users/Active User/button_ellipses")): Object: 'Object Repository/09-Settings/Users/Active User/button_ellipses' is clicked on

2023-07-04 09:54:19 - [MESSAGE][PASSED] - Object: 'Object Repository/09-Settings/Users/Active User/button_ellipses' is clicked on

2023-07-04 09:54:19 - [TEST_STEP][PASSED] - click(findTestObject("09-Settings/Users/Active User/button_Promote to Admin")): Object: 'Object Repository/09-Settings/Users/Active User/button_Promote to Admin' is clicked on

2023-07-04 09:54:20 - [MESSAGE][PASSED] - Object: 'Object Repository/09-Settings/Users/Active User/button_Promote to Admin' is clicked on

2023-07-04 09:54:20 - [TEST_STEP][PASSED] - verifyElementPresent(findTestObject("09-Settings/Users/Active User/h4_User Admin Settings"), 0): Object 'Object Repository/09-Settings/Users/Active User/h4_User Admin Settings' is present

2023-07-04 09:54:20 - [MESSAGE][WARNING] - Timeout '0' is invalid. Using default page load timeout: '30'

2023-07-04 09:54:21 - [MESSAGE][PASSED] - Object 'Object Repository/09-Settings/Users/Active User/h4_User Admin Settings' is present

2023-07-04 09:54:21 - [TEST_STEP][PASSED] - delay(delay_3seconds): Delayed 3 second(s)

2023-07-04 09:54:24 - [MESSAGE][PASSED] - Delayed 3 second(s)

2023-07-04 09:54:24 - [TEST_STEP][PASSED] - click(findTestObject("09-Settings/Users/Active User/button_Promote")): Object: 'Object Repository/09-Settings/Users/Active User/button_Promote' is clicked on

2023-07-04 09:54:24 - [MESSAGE][PASSED] - Object: 'Object Repository/09-Settings/Users/Active User/button_Promote' is clicked on

2023-07-04 09:54:24 - [TEST_STEP][PASSED] - verifyElementPresent(findTestObject("09-Settings/Users/Active User/span_Successfully promoted user to admin"), 0): Object 'Object Repository/09-Settings/Users/Active User/span_Successfully promoted user to admin' is present

2023-07-04 09:54:24 - [MESSAGE][WARNING] - Timeout '0' is invalid. Using default page load timeout: '30'

2023-07-04 09:54:26 - [MESSAGE][PASSED] - Object 'Object Repository/09-Settings/Users/Active User/span_Successfully promoted user to admin' is present

2023-07-04 09:54:26 - [TEST_STEP][PASSED] - delay(delay_3seconds): Delayed 3 second(s)

2023-07-04 09:54:29 - [MESSAGE][PASSED] - Delayed 3 second(s)]]></system-out>
         <system-err><![CDATA[]]></system-err>
      </testcase>
      <testcase name="Test Cases/09-Settings/14 - Users (Active User - Demote user)" time="14.422" classname="Test Cases/09-Settings/14 - Users (Active User - Demote user)" status="PASSED">
         <system-out><![CDATA[2023-07-04 09:54:29 - [TEST_CASE][PASSED] - Test Cases/09-Settings/14 - Users (Active User - Demote user): Test Cases/09-Settings/14 - Users (Active User - Demote user)

2023-07-04 09:54:30 - [TEST_STEP][PASSED] - delay(delay_3seconds): Delayed 3 second(s)

2023-07-04 09:54:33 - [MESSAGE][PASSED] - Delayed 3 second(s)

2023-07-04 09:54:33 - [TEST_STEP][PASSED] - verifyElementPresent(findTestObject("09-Settings/Users/Active User/div_GTGG tester 2"), 0): Object 'Object Repository/09-Settings/Users/Active User/div_GTGG tester 2' is present

2023-07-04 09:54:33 - [MESSAGE][WARNING] - Timeout '0' is invalid. Using default page load timeout: '30'

2023-07-04 09:54:33 - [MESSAGE][PASSED] - Object 'Object Repository/09-Settings/Users/Active User/div_GTGG tester 2' is present

2023-07-04 09:54:33 - [TEST_STEP][PASSED] - click(findTestObject("09-Settings/Users/Active User/button_ellipses")): Object: 'Object Repository/09-Settings/Users/Active User/button_ellipses' is clicked on

2023-07-04 09:54:33 - [MESSAGE][PASSED] - Object: 'Object Repository/09-Settings/Users/Active User/button_ellipses' is clicked on

2023-07-04 09:54:33 - [TEST_STEP][PASSED] - click(findTestObject("09-Settings/Users/Active User/button_Demote Admin")): Object: 'Object Repository/09-Settings/Users/Active User/button_Demote Admin' is clicked on

2023-07-04 09:54:35 - [MESSAGE][PASSED] - Object: 'Object Repository/09-Settings/Users/Active User/button_Demote Admin' is clicked on

2023-07-04 09:54:35 - [TEST_STEP][PASSED] - verifyElementPresent(findTestObject("09-Settings/Users/Active User/h4_User Admin Settings"), 0): Object 'Object Repository/09-Settings/Users/Active User/h4_User Admin Settings' is present

2023-07-04 09:54:35 - [MESSAGE][WARNING] - Timeout '0' is invalid. Using default page load timeout: '30'

2023-07-04 09:54:36 - [MESSAGE][PASSED] - Object 'Object Repository/09-Settings/Users/Active User/h4_User Admin Settings' is present

2023-07-04 09:54:36 - [TEST_STEP][PASSED] - delay(delay_3seconds): Delayed 3 second(s)

2023-07-04 09:54:39 - [MESSAGE][PASSED] - Delayed 3 second(s)

2023-07-04 09:54:39 - [TEST_STEP][PASSED] - click(findTestObject("09-Settings/Users/Active User/button_Demote")): Object: 'Object Repository/09-Settings/Users/Active User/button_Demote' is clicked on

2023-07-04 09:54:39 - [MESSAGE][PASSED] - Object: 'Object Repository/09-Settings/Users/Active User/button_Demote' is clicked on

2023-07-04 09:54:39 - [TEST_STEP][PASSED] - verifyElementPresent(findTestObject("09-Settings/Users/Active User/span_Successfully demoted admin"), 0): Object 'Object Repository/09-Settings/Users/Active User/span_Successfully demoted admin' is present

2023-07-04 09:54:39 - [MESSAGE][WARNING] - Timeout '0' is invalid. Using default page load timeout: '30'

2023-07-04 09:54:41 - [MESSAGE][PASSED] - Object 'Object Repository/09-Settings/Users/Active User/span_Successfully demoted admin' is present

2023-07-04 09:54:41 - [TEST_STEP][PASSED] - delay(delay_3seconds): Delayed 3 second(s)

2023-07-04 09:54:44 - [MESSAGE][PASSED] - Delayed 3 second(s)]]></system-out>
         <system-err><![CDATA[]]></system-err>
      </testcase>
      <testcase name="Test Cases/09-Settings/15 - Users (Active User - Delete Active user)" time="37.318" classname="Test Cases/09-Settings/15 - Users (Active User - Delete Active user)" status="PASSED">
         <system-out><![CDATA[2023-07-04 09:54:44 - [TEST_CASE][PASSED] - Test Cases/09-Settings/15 - Users (Active User - Delete Active user): Test Cases/09-Settings/15 - Users (Active User - Delete Active user)

2023-07-04 09:54:44 - [TEST_STEP][PASSED] - delay(delay_3seconds): Delayed 3 second(s)

2023-07-04 09:54:47 - [MESSAGE][PASSED] - Delayed 3 second(s)

2023-07-04 09:54:47 - [TEST_STEP][PASSED] - verifyElementPresent(findTestObject("09-Settings/Users/Active User/div_GTGG tester 2"), 0): Object 'Object Repository/09-Settings/Users/Active User/div_GTGG tester 2' is present

2023-07-04 09:54:47 - [MESSAGE][WARNING] - Timeout '0' is invalid. Using default page load timeout: '30'

2023-07-04 09:54:47 - [MESSAGE][PASSED] - Object 'Object Repository/09-Settings/Users/Active User/div_GTGG tester 2' is present

2023-07-04 09:54:47 - [TEST_STEP][PASSED] - click(findTestObject("09-Settings/Users/Active User/button_ellipses")): Object: 'Object Repository/09-Settings/Users/Active User/button_ellipses' is clicked on

2023-07-04 09:54:48 - [MESSAGE][PASSED] - Object: 'Object Repository/09-Settings/Users/Active User/button_ellipses' is clicked on

2023-07-04 09:54:48 - [TEST_STEP][PASSED] - click(findTestObject("09-Settings/Users/Active User/button_Delete User")): Object: 'Object Repository/09-Settings/Users/Active User/button_Delete User' is clicked on

2023-07-04 09:54:48 - [MESSAGE][PASSED] - Object: 'Object Repository/09-Settings/Users/Active User/button_Delete User' is clicked on

2023-07-04 09:54:48 - [TEST_STEP][PASSED] - verifyElementPresent(findTestObject("09-Settings/Users/Active User/h4_Delete User"), 0): Object 'Object Repository/09-Settings/Users/Active User/h4_Delete User' is present

2023-07-04 09:54:48 - [MESSAGE][WARNING] - Timeout '0' is invalid. Using default page load timeout: '30'

2023-07-04 09:54:49 - [MESSAGE][PASSED] - Object 'Object Repository/09-Settings/Users/Active User/h4_Delete User' is present

2023-07-04 09:54:49 - [TEST_STEP][PASSED] - delay(delay_3seconds): Delayed 3 second(s)

2023-07-04 09:54:52 - [MESSAGE][PASSED] - Delayed 3 second(s)

2023-07-04 09:54:52 - [TEST_STEP][PASSED] - click(findTestObject("09-Settings/Users/Active User/button_Delete")): Object: 'Object Repository/09-Settings/Users/Active User/button_Delete' is clicked on

2023-07-04 09:54:53 - [MESSAGE][PASSED] - Object: 'Object Repository/09-Settings/Users/Active User/button_Delete' is clicked on

2023-07-04 09:54:53 - [TEST_STEP][PASSED] - delay(delay_3seconds): Delayed 3 second(s)

2023-07-04 09:54:56 - [MESSAGE][PASSED] - Delayed 3 second(s)

2023-07-04 09:54:56 - [TEST_STEP][PASSED] - verifyElementPresent(findTestObject("09-Settings/Users/Active User/div_GTGG tester"), 0): Object 'Object Repository/09-Settings/Users/Active User/div_GTGG tester' is present

2023-07-04 09:54:56 - [MESSAGE][WARNING] - Timeout '0' is invalid. Using default page load timeout: '30'

2023-07-04 09:54:56 - [MESSAGE][PASSED] - Object 'Object Repository/09-Settings/Users/Active User/div_GTGG tester' is present

2023-07-04 09:54:56 - [TEST_STEP][PASSED] - click(findTestObject("09-Settings/Users/Active User/button_ellipses")): Object: 'Object Repository/09-Settings/Users/Active User/button_ellipses' is clicked on

2023-07-04 09:54:56 - [MESSAGE][PASSED] - Object: 'Object Repository/09-Settings/Users/Active User/button_ellipses' is clicked on

2023-07-04 09:54:56 - [TEST_STEP][PASSED] - click(findTestObject("09-Settings/Users/Active User/button_Delete User")): Object: 'Object Repository/09-Settings/Users/Active User/button_Delete User' is clicked on

2023-07-04 09:54:58 - [MESSAGE][PASSED] - Object: 'Object Repository/09-Settings/Users/Active User/button_Delete User' is clicked on

2023-07-04 09:54:58 - [TEST_STEP][PASSED] - verifyElementPresent(findTestObject("09-Settings/Users/Active User/h4_Delete User"), 0): Object 'Object Repository/09-Settings/Users/Active User/h4_Delete User' is present

2023-07-04 09:54:58 - [MESSAGE][WARNING] - Timeout '0' is invalid. Using default page load timeout: '30'

2023-07-04 09:54:58 - [MESSAGE][PASSED] - Object 'Object Repository/09-Settings/Users/Active User/h4_Delete User' is present

2023-07-04 09:54:58 - [TEST_STEP][PASSED] - delay(delay_3seconds): Delayed 3 second(s)

2023-07-04 09:55:01 - [MESSAGE][PASSED] - Delayed 3 second(s)

2023-07-04 09:55:01 - [TEST_STEP][PASSED] - click(findTestObject("09-Settings/Users/Active User/button_Delete")): Object: 'Object Repository/09-Settings/Users/Active User/button_Delete' is clicked on

2023-07-04 09:55:02 - [MESSAGE][PASSED] - Object: 'Object Repository/09-Settings/Users/Active User/button_Delete' is clicked on

2023-07-04 09:55:02 - [TEST_STEP][PASSED] - delay(delay_3seconds): Delayed 3 second(s)

2023-07-04 09:55:05 - [MESSAGE][PASSED] - Delayed 3 second(s)

2023-07-04 09:55:05 - [TEST_STEP][PASSED] - verifyElementPresent(findTestObject("09-Settings/Users/Active User/div_GTGG Tester 3"), 0): Object 'Object Repository/09-Settings/Users/Active User/div_GTGG Tester 3' is present

2023-07-04 09:55:05 - [MESSAGE][WARNING] - Timeout '0' is invalid. Using default page load timeout: '30'

2023-07-04 09:55:05 - [MESSAGE][PASSED] - Object 'Object Repository/09-Settings/Users/Active User/div_GTGG Tester 3' is present

2023-07-04 09:55:05 - [TEST_STEP][PASSED] - click(findTestObject("09-Settings/Users/Active User/button_ellipses")): Object: 'Object Repository/09-Settings/Users/Active User/button_ellipses' is clicked on

2023-07-04 09:55:06 - [MESSAGE][PASSED] - Object: 'Object Repository/09-Settings/Users/Active User/button_ellipses' is clicked on

2023-07-04 09:55:06 - [TEST_STEP][PASSED] - click(findTestObject("09-Settings/Users/Active User/button_Delete User")): Object: 'Object Repository/09-Settings/Users/Active User/button_Delete User' is clicked on

2023-07-04 09:55:06 - [MESSAGE][PASSED] - Object: 'Object Repository/09-Settings/Users/Active User/button_Delete User' is clicked on

2023-07-04 09:55:06 - [TEST_STEP][PASSED] - verifyElementPresent(findTestObject("09-Settings/Users/Active User/h4_Delete User"), 0): Object 'Object Repository/09-Settings/Users/Active User/h4_Delete User' is present

2023-07-04 09:55:06 - [MESSAGE][WARNING] - Timeout '0' is invalid. Using default page load timeout: '30'

2023-07-04 09:55:07 - [MESSAGE][PASSED] - Object 'Object Repository/09-Settings/Users/Active User/h4_Delete User' is present

2023-07-04 09:55:07 - [TEST_STEP][PASSED] - delay(delay_3seconds): Delayed 3 second(s)

2023-07-04 09:55:10 - [MESSAGE][PASSED] - Delayed 3 second(s)

2023-07-04 09:55:10 - [TEST_STEP][PASSED] - click(findTestObject("09-Settings/Users/Active User/button_Delete")): Object: 'Object Repository/09-Settings/Users/Active User/button_Delete' is clicked on

2023-07-04 09:55:10 - [MESSAGE][PASSED] - Object: 'Object Repository/09-Settings/Users/Active User/button_Delete' is clicked on

2023-07-04 09:55:10 - [TEST_STEP][PASSED] - delay(delay_3seconds): Delayed 3 second(s)

2023-07-04 09:55:13 - [MESSAGE][PASSED] - Delayed 3 second(s)

2023-07-04 09:55:13 - [TEST_STEP][PASSED] - verifyElementPresent(findTestObject("09-Settings/Users/Active User/div_GPGG Partner"), 0): Object 'Object Repository/09-Settings/Users/Active User/div_GPGG Partner' is present

2023-07-04 09:55:13 - [MESSAGE][WARNING] - Timeout '0' is invalid. Using default page load timeout: '30'

2023-07-04 09:55:14 - [MESSAGE][PASSED] - Object 'Object Repository/09-Settings/Users/Active User/div_GPGG Partner' is present

2023-07-04 09:55:14 - [TEST_STEP][PASSED] - click(findTestObject("09-Settings/Users/Active User/button_ellipses")): Object: 'Object Repository/09-Settings/Users/Active User/button_ellipses' is clicked on

2023-07-04 09:55:14 - [MESSAGE][PASSED] - Object: 'Object Repository/09-Settings/Users/Active User/button_ellipses' is clicked on

2023-07-04 09:55:14 - [TEST_STEP][PASSED] - click(findTestObject("09-Settings/Users/Active User/button_Delete User")): Object: 'Object Repository/09-Settings/Users/Active User/button_Delete User' is clicked on

2023-07-04 09:55:15 - [MESSAGE][PASSED] - Object: 'Object Repository/09-Settings/Users/Active User/button_Delete User' is clicked on

2023-07-04 09:55:15 - [TEST_STEP][PASSED] - verifyElementPresent(findTestObject("09-Settings/Users/Active User/h4_Delete User"), 0): Object 'Object Repository/09-Settings/Users/Active User/h4_Delete User' is present

2023-07-04 09:55:15 - [MESSAGE][WARNING] - Timeout '0' is invalid. Using default page load timeout: '30'

2023-07-04 09:55:16 - [MESSAGE][PASSED] - Object 'Object Repository/09-Settings/Users/Active User/h4_Delete User' is present

2023-07-04 09:55:16 - [TEST_STEP][PASSED] - delay(delay_4seconds): Delayed 4 second(s)

2023-07-04 09:55:20 - [MESSAGE][PASSED] - Delayed 4 second(s)

2023-07-04 09:55:20 - [TEST_STEP][PASSED] - closeBrowser(): Browser is closed

2023-07-04 09:55:21 - [MESSAGE][PASSED] - Browser is closed]]></system-out>
         <system-err><![CDATA[]]></system-err>
      </testcase>
      <system-out><![CDATA[2023-07-04 09:50:11 - [TEST_SUITE][PASSED] - 09.2 - Settings (Active user): Test Cases/09-Settings/15 - Users (Active User - Delete Active user)]]></system-out>
      <system-err><![CDATA[]]></system-err>
   </testsuite>
</testsuites>
