<?xml version="1.0" encoding="UTF-8"?>
<testsuites name="11-Cloud Files" time="537.023" tests="13" failures="0" errors="0">
   <testsuite name="11-Cloud Files" tests="13" failures="0" errors="0" time="537.023" skipped="0" timestamp="2023-01-06 18:48:53" hostname="asus - DESKTOP-3L3J9C1" id="Test Suites/TS-Organization/11-Cloud Files">
      <properties>
         <property name="deviceName" value=""/>
         <property name="devicePlatform" value=""/>
         <property name="logFolder" value="C:\\Users\\asus\\Katalon Studio\\Everleagues\\Everleagues\\Reports\\20230106_184834\\TS-Organization\\11-Cloud Files\\20230106_184834"/>
         <property name="logFiles" value="C:\\Users\\asus\\Katalon Studio\\Everleagues\\Everleagues\\Reports\\20230106_184834\\TS-Organization\\11-Cloud Files\\20230106_184834\\execution0.log"/>
         <property name="attachments" value=""/>
         <property name="hostName" value="asus - DESKTOP-3L3J9C1"/>
         <property name="os" value="Windows 10 64bit"/>
         <property name="katalonVersion" value="8.4.1.208"/>
         <property name="browser" value="Chrome 108.0.0.0"/>
         <property name="hostAddress" value="192.168.5.82"/>
         <property name="sessionId" value="7e987c8519980f44648e737a7806a477"/>
         <property name="seleniumVersion" value="3.141.59"/>
         <property name="proxyInformation" value="ProxyInformation { proxyOption=NO_PROXY, proxyServerType=HTTP, username=, password=********, proxyServerAddress=, proxyServerPort=0, executionList=&quot;&quot;, isApplyToDesiredCapabilities=true }"/>
         <property name="platform" value="Windows 10"/>
      </properties>
      <testcase name="Test Cases/11-Cloud Files/01-Create new folder" time="184.281" classname="Test Cases/11-Cloud Files/01-Create new folder" status="PASSED">
         <system-out><![CDATA[2023-01-06 18:48:55 - [TEST_CASE][PASSED] - Test Cases/11-Cloud Files/01-Create new folder: Test Cases/11-Cloud Files/01-Create new folder

2023-01-06 18:48:57 - [TEST_STEP][PASSED] - openBrowser(""): Browser is opened with url: ''

2023-01-06 18:48:59 - [MESSAGE][INFO] - Starting 'Chrome' driver

2023-01-06 18:49:00 - [MESSAGE][INFO] - Action delay is set to 0 milliseconds

2023-01-06 18:49:17 - [MESSAGE][PASSED] - Browser is opened with url: ''

2023-01-06 18:49:17 - [TEST_STEP][PASSED] - navigateToUrl("https://lab.everleagues.com/"): Navigate to 'https://lab.everleagues.com/' successfully

2023-01-06 18:49:52 - [MESSAGE][PASSED] - Navigate to 'https://lab.everleagues.com/' successfully

2023-01-06 18:49:52 - [TEST_STEP][PASSED] - maximizeWindow(): Current window maximized

2023-01-06 18:49:52 - [MESSAGE][PASSED] - Current window maximized

2023-01-06 18:49:52 - [TEST_STEP][PASSED] - setText(findTestObject("02-Side Icons(Organization)/Add Contact/Email Field"), "testuser02@mailinator.com"): Text 'testuser02@mailinator.com' is set on object 'Object Repository/02-Side Icons(Organization)/Add Contact/Email Field'

2023-01-06 18:49:57 - [MESSAGE][PASSED] - Text 'testuser02@mailinator.com' is set on object 'Object Repository/02-Side Icons(Organization)/Add Contact/Email Field'

2023-01-06 18:49:57 - [TEST_STEP][PASSED] - setEncryptedText(findTestObject("02-Side Icons(Organization)/Add Contact/Password Field"), "8yFRyszE6U6jvsCn51OQbg=="): Text ****** has been set on object 'Object Repository/02-Side Icons(Organization)/Add Contact/Password Field'

2023-01-06 18:49:59 - [MESSAGE][PASSED] - Text ****** has been set on object 'Object Repository/02-Side Icons(Organization)/Add Contact/Password Field'

2023-01-06 18:49:59 - [TEST_STEP][PASSED] - click(findTestObject("02-Side Icons(Organization)/Add Contact/button_Sign in")): Object: 'Object Repository/02-Side Icons(Organization)/Add Contact/button_Sign in' is clicked on

2023-01-06 18:50:00 - [MESSAGE][PASSED] - Object: 'Object Repository/02-Side Icons(Organization)/Add Contact/button_Sign in' is clicked on

2023-01-06 18:50:00 - [TEST_STEP][PASSED] - delay(2): Delayed 2 second(s)

2023-01-06 18:50:02 - [MESSAGE][PASSED] - Delayed 2 second(s)

2023-01-06 18:50:03 - [TEST_STEP][PASSED] - click(findTestObject("06-Teams/For 2FA/button_Confirm_2FA")): Object: 'Object Repository/06-Teams/For 2FA/button_Confirm_2FA' is clicked on

2023-01-06 18:50:03 - [MESSAGE][PASSED] - Object: 'Object Repository/06-Teams/For 2FA/button_Confirm_2FA' is clicked on

2023-01-06 18:50:03 - [TEST_STEP][PASSED] - executeJavaScript("window.open();", []): Execute JavaScript 'window.open();' successfully

2023-01-06 18:50:04 - [MESSAGE][PASSED] - Execute JavaScript 'window.open();' successfully

2023-01-06 18:50:04 - [TEST_STEP][PASSED] - currentWindow = getWindowIndex(): Current window's index is: 0

2023-01-06 18:50:04 - [MESSAGE][PASSED] - Current window's index is: 0

2023-01-06 18:50:04 - [TEST_STEP][PASSED] - delay(3): Delayed 3 second(s)

2023-01-06 18:50:07 - [MESSAGE][PASSED] - Delayed 3 second(s)

2023-01-06 18:50:07 - [TEST_STEP][PASSED] - switchToWindowIndex(currentWindow + 1): Switched to window with index: '1'

2023-01-06 18:50:07 - [MESSAGE][PASSED] - Switched to window with index: '1'

2023-01-06 18:50:07 - [TEST_STEP][PASSED] - navigateToUrl("https://www.mailinator.com/"): Navigate to 'https://www.mailinator.com/' successfully

2023-01-06 18:50:28 - [MESSAGE][PASSED] - Navigate to 'https://www.mailinator.com/' successfully

2023-01-06 18:50:28 - [TEST_STEP][PASSED] - delay(3): Delayed 3 second(s)

2023-01-06 18:50:31 - [MESSAGE][PASSED] - Delayed 3 second(s)

2023-01-06 18:50:31 - [TEST_STEP][PASSED] - setText(findTestObject("00-Signup and Activation/zMailinator/input_LOGIN_search"), "testuser02@mailinator.com"): Text 'testuser02@mailinator.com' is set on object 'Object Repository/00-Signup and Activation/zMailinator/input_LOGIN_search'

2023-01-06 18:50:35 - [MESSAGE][PASSED] - Text 'testuser02@mailinator.com' is set on object 'Object Repository/00-Signup and Activation/zMailinator/input_LOGIN_search'

2023-01-06 18:50:35 - [TEST_STEP][PASSED] - click(findTestObject("00-Signup and Activation/zMailinator/gobutton"), STOP_ON_FAILURE): Object: 'Object Repository/00-Signup and Activation/zMailinator/gobutton' is clicked on

2023-01-06 18:50:40 - [MESSAGE][PASSED] - Object: 'Object Repository/00-Signup and Activation/zMailinator/gobutton' is clicked on

2023-01-06 18:50:40 - [TEST_STEP][PASSED] - delay(3): Delayed 3 second(s)

2023-01-06 18:50:43 - [MESSAGE][PASSED] - Delayed 3 second(s)

2023-01-06 18:50:43 - [TEST_STEP][PASSED] - click(findTestObject("00-Signup and Activation/zMailinator/Email - everleagues")): Object: 'Object Repository/00-Signup and Activation/zMailinator/Email - everleagues' is clicked on

2023-01-06 18:50:45 - [MESSAGE][PASSED] - Object: 'Object Repository/00-Signup and Activation/zMailinator/Email - everleagues' is clicked on

2023-01-06 18:50:45 - [TEST_STEP][PASSED] - delay(3): Delayed 3 second(s)

2023-01-06 18:50:48 - [MESSAGE][PASSED] - Delayed 3 second(s)

2023-01-06 18:50:48 - [TEST_STEP][PASSED] - code = getText(findTestObject("Object Repository/06-Teams/For 2FA/2FA code")): Text of object 'Object Repository/06-Teams/For 2FA/2FA code' is: '139035'

2023-01-06 18:50:50 - [MESSAGE][PASSED] - Text of object 'Object Repository/06-Teams/For 2FA/2FA code' is: '139035'

2023-01-06 18:50:50 - [TEST_STEP][PASSED] - delay(3): Delayed 3 second(s)

2023-01-06 18:50:53 - [MESSAGE][PASSED] - Delayed 3 second(s)

2023-01-06 18:50:53 - [TEST_STEP][PASSED] - closeWindowTitle("Mailinator"): Window with title: 'Mailinator' is closed

2023-01-06 18:50:54 - [MESSAGE][PASSED] - Window with title: 'Mailinator' is closed

2023-01-06 18:50:54 - [TEST_STEP][PASSED] - delay(3): Delayed 3 second(s)

2023-01-06 18:50:57 - [MESSAGE][PASSED] - Delayed 3 second(s)

2023-01-06 18:50:57 - [TEST_STEP][PASSED] - switchToWindowIndex(0): Switched to window with index: '0'

2023-01-06 18:50:57 - [MESSAGE][PASSED] - Switched to window with index: '0'

2023-01-06 18:50:57 - [TEST_STEP][PASSED] - delay(3): Delayed 3 second(s)

2023-01-06 18:51:00 - [MESSAGE][PASSED] - Delayed 3 second(s)

2023-01-06 18:51:00 - [TEST_STEP][PASSED] - setText(findTestObject("Object Repository/06-Teams/For 2FA/input_Enter verification code_code"), code): Text '139035' is set on object 'Object Repository/06-Teams/For 2FA/input_Enter verification code_code'

2023-01-06 18:51:02 - [MESSAGE][PASSED] - Text '139035' is set on object 'Object Repository/06-Teams/For 2FA/input_Enter verification code_code'

2023-01-06 18:51:02 - [TEST_STEP][PASSED] - delay(3): Delayed 3 second(s)

2023-01-06 18:51:05 - [MESSAGE][PASSED] - Delayed 3 second(s)

2023-01-06 18:51:05 - [TEST_STEP][PASSED] - click(findTestObject("06-Teams/For 2FA/button_Verify_2FA")): Object: 'Object Repository/06-Teams/For 2FA/button_Verify_2FA' is clicked on

2023-01-06 18:51:06 - [MESSAGE][PASSED] - Object: 'Object Repository/06-Teams/For 2FA/button_Verify_2FA' is clicked on

2023-01-06 18:51:06 - [TEST_STEP][PASSED] - delay(5): Delayed 5 second(s)

2023-01-06 18:51:11 - [MESSAGE][PASSED] - Delayed 5 second(s)

2023-01-06 18:51:11 - [TEST_STEP][PASSED] - click(findTestObject("06-Teams/button_doublearrow")): Object: 'Object Repository/06-Teams/button_doublearrow' is clicked on

2023-01-06 18:51:16 - [MESSAGE][PASSED] - Object: 'Object Repository/06-Teams/button_doublearrow' is clicked on

2023-01-06 18:51:16 - [TEST_STEP][PASSED] - click(findTestObject("06-Teams/button_My Organizations")): Object: 'Object Repository/06-Teams/button_My Organizations' is clicked on

2023-01-06 18:51:17 - [MESSAGE][PASSED] - Object: 'Object Repository/06-Teams/button_My Organizations' is clicked on

2023-01-06 18:51:17 - [TEST_STEP][PASSED] - click(findTestObject("02-Side Icons(Organization)/Add Contact/button_Automation Test Org")): Object: 'Object Repository/02-Side Icons(Organization)/Add Contact/button_Automation Test Org' is clicked on

2023-01-06 18:51:19 - [MESSAGE][PASSED] - Object: 'Object Repository/02-Side Icons(Organization)/Add Contact/button_Automation Test Org' is clicked on

2023-01-06 18:51:19 - [TEST_STEP][PASSED] - delay(4): Delayed 4 second(s)

2023-01-06 18:51:23 - [MESSAGE][PASSED] - Delayed 4 second(s)

2023-01-06 18:51:23 - [TEST_STEP][PASSED] - verifyElementVisible(findTestObject("02-Side Icons(Organization)/Add Contact/span_Automation Test Org")): Object 'Object Repository/02-Side Icons(Organization)/Add Contact/span_Automation Test Org' is visible

2023-01-06 18:51:24 - [MESSAGE][PASSED] - Object 'Object Repository/02-Side Icons(Organization)/Add Contact/span_Automation Test Org' is visible

2023-01-06 18:51:24 - [TEST_STEP][PASSED] - delay(5): Delayed 5 second(s)

2023-01-06 18:51:29 - [MESSAGE][PASSED] - Delayed 5 second(s)

2023-01-06 18:51:29 - [TEST_STEP][PASSED] - click(findTestObject("03-Header Menu/Hamburger Button/div_Cloud Files")): Object: 'Object Repository/03-Header Menu/Hamburger Button/div_Cloud Files' is clicked on

2023-01-06 18:51:30 - [MESSAGE][PASSED] - Object: 'Object Repository/03-Header Menu/Hamburger Button/div_Cloud Files' is clicked on

2023-01-06 18:51:30 - [TEST_STEP][PASSED] - scrollToElement(findTestObject("11-Cloud Files/a_My Files"), 0): Scroll to object 'Object Repository/11-Cloud Files/a_My Files' successfully

2023-01-06 18:51:30 - [MESSAGE][WARNING] - Timeout '0' is invalid. Using default page load timeout: '30'

2023-01-06 18:51:31 - [MESSAGE][PASSED] - Scroll to object 'Object Repository/11-Cloud Files/a_My Files' successfully

2023-01-06 18:51:31 - [TEST_STEP][PASSED] - verifyElementVisible(findTestObject("11-Cloud Files/a_My Files")): Object 'Object Repository/11-Cloud Files/a_My Files' is visible

2023-01-06 18:51:32 - [MESSAGE][PASSED] - Object 'Object Repository/11-Cloud Files/a_My Files' is visible

2023-01-06 18:51:32 - [TEST_STEP][PASSED] - verifyElementVisible(findTestObject("11-Cloud Files/a_Shared With Me")): Object 'Object Repository/11-Cloud Files/a_Shared With Me' is visible

2023-01-06 18:51:33 - [MESSAGE][PASSED] - Object 'Object Repository/11-Cloud Files/a_Shared With Me' is visible

2023-01-06 18:51:33 - [TEST_STEP][PASSED] - click(findTestObject("11-Cloud Files/a_My Files")): Object: 'Object Repository/11-Cloud Files/a_My Files' is clicked on

2023-01-06 18:51:34 - [MESSAGE][PASSED] - Object: 'Object Repository/11-Cloud Files/a_My Files' is clicked on

2023-01-06 18:51:34 - [TEST_STEP][PASSED] - verifyElementVisible(findTestObject("11-Cloud Files/h4_CLOUD STORAGE")): Object 'Object Repository/11-Cloud Files/h4_CLOUD STORAGE' is visible

2023-01-06 18:51:35 - [MESSAGE][PASSED] - Object 'Object Repository/11-Cloud Files/h4_CLOUD STORAGE' is visible

2023-01-06 18:51:35 - [TEST_STEP][PASSED] - verifyElementVisible(findTestObject("11-Cloud Files/h4_MY FILES")): Object 'Object Repository/11-Cloud Files/h4_MY FILES' is visible

2023-01-06 18:51:36 - [MESSAGE][PASSED] - Object 'Object Repository/11-Cloud Files/h4_MY FILES' is visible

2023-01-06 18:51:36 - [TEST_STEP][PASSED] - delay(3): Delayed 3 second(s)

2023-01-06 18:51:39 - [MESSAGE][PASSED] - Delayed 3 second(s)

2023-01-06 18:51:39 - [TEST_STEP][PASSED] - click(findTestObject("11-Cloud Files/button_cloud_upload Upload Files  Create Folders")): Object: 'Object Repository/11-Cloud Files/button_cloud_upload Upload Files  Create Folders' is clicked on

2023-01-06 18:51:40 - [MESSAGE][PASSED] - Object: 'Object Repository/11-Cloud Files/button_cloud_upload Upload Files  Create Folders' is clicked on

2023-01-06 18:51:40 - [TEST_STEP][PASSED] - click(findTestObject("11-Cloud Files/button_create_new_folderNew Folder")): Object: 'Object Repository/11-Cloud Files/button_create_new_folderNew Folder' is clicked on

2023-01-06 18:51:41 - [MESSAGE][PASSED] - Object: 'Object Repository/11-Cloud Files/button_create_new_folderNew Folder' is clicked on

2023-01-06 18:51:41 - [TEST_STEP][PASSED] - verifyElementVisible(findTestObject("11-Cloud Files/mat-dialog-container_CreateNewFolder modal")): Object 'Object Repository/11-Cloud Files/mat-dialog-container_CreateNewFolder modal' is visible

2023-01-06 18:51:42 - [MESSAGE][PASSED] - Object 'Object Repository/11-Cloud Files/mat-dialog-container_CreateNewFolder modal' is visible

2023-01-06 18:51:42 - [TEST_STEP][PASSED] - verifyElementVisible(findTestObject("11-Cloud Files/h4_New folder")): Object 'Object Repository/11-Cloud Files/h4_New folder' is visible

2023-01-06 18:51:42 - [MESSAGE][PASSED] - Object 'Object Repository/11-Cloud Files/h4_New folder' is visible

2023-01-06 18:51:42 - [TEST_STEP][PASSED] - setText(findTestObject("11-Cloud Files/input_folderName"), "Automation folder"): Text 'Automation folder' is set on object 'Object Repository/11-Cloud Files/input_folderName'

2023-01-06 18:51:44 - [MESSAGE][PASSED] - Text 'Automation folder' is set on object 'Object Repository/11-Cloud Files/input_folderName'

2023-01-06 18:51:44 - [TEST_STEP][PASSED] - click(findTestObject("11-Cloud Files/button_Create")): Object: 'Object Repository/11-Cloud Files/button_Create' is clicked on

2023-01-06 18:51:46 - [MESSAGE][PASSED] - Object: 'Object Repository/11-Cloud Files/button_Create' is clicked on

2023-01-06 18:51:46 - [TEST_STEP][PASSED] - delay(3): Delayed 3 second(s)

2023-01-06 18:51:49 - [MESSAGE][PASSED] - Delayed 3 second(s)

2023-01-06 18:51:49 - [TEST_STEP][PASSED] - click(findTestObject("11-Cloud Files/button_cloud_upload Upload Files  Create Folders")): Object: 'Object Repository/11-Cloud Files/button_cloud_upload Upload Files  Create Folders' is clicked on

2023-01-06 18:51:49 - [MESSAGE][PASSED] - Object: 'Object Repository/11-Cloud Files/button_cloud_upload Upload Files  Create Folders' is clicked on

2023-01-06 18:51:49 - [TEST_STEP][PASSED] - click(findTestObject("11-Cloud Files/button_create_new_folderNew Folder")): Object: 'Object Repository/11-Cloud Files/button_create_new_folderNew Folder' is clicked on

2023-01-06 18:51:50 - [MESSAGE][PASSED] - Object: 'Object Repository/11-Cloud Files/button_create_new_folderNew Folder' is clicked on

2023-01-06 18:51:50 - [TEST_STEP][PASSED] - verifyElementVisible(findTestObject("11-Cloud Files/mat-dialog-container_CreateNewFolder modal")): Object 'Object Repository/11-Cloud Files/mat-dialog-container_CreateNewFolder modal' is visible

2023-01-06 18:51:51 - [MESSAGE][PASSED] - Object 'Object Repository/11-Cloud Files/mat-dialog-container_CreateNewFolder modal' is visible

2023-01-06 18:51:51 - [TEST_STEP][PASSED] - verifyElementVisible(findTestObject("11-Cloud Files/h4_New folder")): Object 'Object Repository/11-Cloud Files/h4_New folder' is visible

2023-01-06 18:51:52 - [MESSAGE][PASSED] - Object 'Object Repository/11-Cloud Files/h4_New folder' is visible

2023-01-06 18:51:52 - [TEST_STEP][PASSED] - setText(findTestObject("11-Cloud Files/input_folderName"), "Automation folder 2"): Text 'Automation folder 2' is set on object 'Object Repository/11-Cloud Files/input_folderName'

2023-01-06 18:51:53 - [MESSAGE][PASSED] - Text 'Automation folder 2' is set on object 'Object Repository/11-Cloud Files/input_folderName'

2023-01-06 18:51:53 - [TEST_STEP][PASSED] - click(findTestObject("11-Cloud Files/button_Create")): Object: 'Object Repository/11-Cloud Files/button_Create' is clicked on

2023-01-06 18:51:54 - [MESSAGE][PASSED] - Object: 'Object Repository/11-Cloud Files/button_Create' is clicked on

2023-01-06 18:51:54 - [TEST_STEP][PASSED] - delay(3): Delayed 3 second(s)

2023-01-06 18:51:57 - [MESSAGE][PASSED] - Delayed 3 second(s)

2023-01-06 18:51:57 - [TEST_STEP][PASSED] - click(findTestObject("11-Cloud Files/mat-icon_refresh")): Object: 'Object Repository/11-Cloud Files/mat-icon_refresh' is clicked on

2023-01-06 18:51:58 - [MESSAGE][PASSED] - Object: 'Object Repository/11-Cloud Files/mat-icon_refresh' is clicked on

2023-01-06 18:51:58 - [TEST_STEP][PASSED] - verifyElementVisible(findTestObject("11-Cloud Files/td_Automation folder")): Object 'Object Repository/11-Cloud Files/td_Automation folder' is visible

2023-01-06 18:51:59 - [MESSAGE][PASSED] - Object 'Object Repository/11-Cloud Files/td_Automation folder' is visible]]></system-out>
         <system-err><![CDATA[]]></system-err>
      </testcase>
      <testcase name="Test Cases/11-Cloud Files/02-Upload Local File" time="28.5" classname="Test Cases/11-Cloud Files/02-Upload Local File" status="PASSED">
         <system-out><![CDATA[2023-01-06 18:51:59 - [TEST_CASE][PASSED] - Test Cases/11-Cloud Files/02-Upload Local File: Test Cases/11-Cloud Files/02-Upload Local File

2023-01-06 18:52:01 - [TEST_STEP][PASSED] - delay(4): Delayed 4 second(s)

2023-01-06 18:52:05 - [MESSAGE][PASSED] - Delayed 4 second(s)

2023-01-06 18:52:05 - [TEST_STEP][PASSED] - click(findTestObject("11-Cloud Files/button_cloud_upload Upload Files  Create Folders")): Object: 'Object Repository/11-Cloud Files/button_cloud_upload Upload Files  Create Folders' is clicked on

2023-01-06 18:52:06 - [MESSAGE][PASSED] - Object: 'Object Repository/11-Cloud Files/button_cloud_upload Upload Files  Create Folders' is clicked on

2023-01-06 18:52:06 - [TEST_STEP][PASSED] - uploadpackage.Upload.uploadFile(findTestObject("Object Repository/11-Cloud Files/button_cloud_uploadUpload Local File"), "C:\Users\asus\Desktop\EL automation\qa.jpg"): uploadpackage.Upload.uploadFile is PASSED

2023-01-06 18:52:08 - [MESSAGE][PASSED] - Object: 'Object Repository/11-Cloud Files/button_cloud_uploadUpload Local File' is clicked on

2023-01-06 18:52:10 - [MESSAGE][PASSED] - uploadpackage.Upload.uploadFile is PASSED

2023-01-06 18:52:10 - [TEST_STEP][PASSED] - delay(2): Delayed 2 second(s)

2023-01-06 18:52:12 - [MESSAGE][PASSED] - Delayed 2 second(s)

2023-01-06 18:52:12 - [TEST_STEP][PASSED] - verifyElementVisible(findTestObject("11-Cloud Files/mat-dialog-container_Upload local file modal")): Object 'Object Repository/11-Cloud Files/mat-dialog-container_Upload local file modal' is visible

2023-01-06 18:52:13 - [MESSAGE][PASSED] - Object 'Object Repository/11-Cloud Files/mat-dialog-container_Upload local file modal' is visible

2023-01-06 18:52:13 - [TEST_STEP][PASSED] - click(findTestObject("11-Cloud Files/button_Confirm")): Object: 'Object Repository/11-Cloud Files/button_Confirm' is clicked on

2023-01-06 18:52:14 - [MESSAGE][PASSED] - Object: 'Object Repository/11-Cloud Files/button_Confirm' is clicked on

2023-01-06 18:52:14 - [TEST_STEP][PASSED] - delay(3): Delayed 3 second(s)

2023-01-06 18:52:17 - [MESSAGE][PASSED] - Delayed 3 second(s)

2023-01-06 18:52:17 - [TEST_STEP][PASSED] - verifyElementVisible(findTestObject("11-Cloud Files/div_Upload completed clear")): Object 'Object Repository/11-Cloud Files/div_Upload completed clear' is visible

2023-01-06 18:52:19 - [MESSAGE][PASSED] - Object 'Object Repository/11-Cloud Files/div_Upload completed clear' is visible

2023-01-06 18:52:19 - [TEST_STEP][PASSED] - delay(3): Delayed 3 second(s)

2023-01-06 18:52:22 - [MESSAGE][PASSED] - Delayed 3 second(s)

2023-01-06 18:52:22 - [TEST_STEP][PASSED] - setText(findTestObject("11-Cloud Files/input_Search cloudfiles"), "Automation folder"): Text 'Automation folder' is set on object 'Object Repository/11-Cloud Files/input_Search cloudfiles'

2023-01-06 18:52:23 - [MESSAGE][PASSED] - Text 'Automation folder' is set on object 'Object Repository/11-Cloud Files/input_Search cloudfiles'

2023-01-06 18:52:23 - [TEST_STEP][PASSED] - sendKeys(findTestObject("11-Cloud Files/input_Search cloudfiles"), Keys.chord(ENTER)): Keys 'ENTER + ' sent to object: 'Object Repository/11-Cloud Files/input_Search cloudfiles'

2023-01-06 18:52:24 - [MESSAGE][PASSED] - Keys 'ENTER + ' sent to object: 'Object Repository/11-Cloud Files/input_Search cloudfiles'

2023-01-06 18:52:24 - [TEST_STEP][PASSED] - verifyElementVisible(findTestObject("11-Cloud Files/td_Automation folder")): Object 'Object Repository/11-Cloud Files/td_Automation folder' is visible

2023-01-06 18:52:26 - [MESSAGE][PASSED] - Object 'Object Repository/11-Cloud Files/td_Automation folder' is visible

2023-01-06 18:52:26 - [TEST_STEP][PASSED] - clearText(findTestObject("11-Cloud Files/input_Search cloudfiles")): Text of object 'Object Repository/11-Cloud Files/input_Search cloudfiles' is cleared

2023-01-06 18:52:27 - [MESSAGE][PASSED] - Text of object 'Object Repository/11-Cloud Files/input_Search cloudfiles' is cleared

2023-01-06 18:52:27 - [TEST_STEP][PASSED] - click(findTestObject("11-Cloud Files/mat-icon_refresh")): Object: 'Object Repository/11-Cloud Files/mat-icon_refresh' is clicked on

2023-01-06 18:52:28 - [MESSAGE][PASSED] - Object: 'Object Repository/11-Cloud Files/mat-icon_refresh' is clicked on]]></system-out>
         <system-err><![CDATA[]]></system-err>
      </testcase>
      <testcase name="Test Cases/11-Cloud Files/03-Rename a folder and file" time="24.494" classname="Test Cases/11-Cloud Files/03-Rename a folder and file" status="PASSED">
         <system-out><![CDATA[2023-01-06 18:52:28 - [TEST_CASE][PASSED] - Test Cases/11-Cloud Files/03-Rename a folder and file: Test Cases/11-Cloud Files/03-Rename a folder and file

2023-01-06 18:52:31 - [TEST_STEP][PASSED] - delay(3): Delayed 3 second(s)

2023-01-06 18:52:34 - [MESSAGE][PASSED] - Delayed 3 second(s)

2023-01-06 18:52:34 - [TEST_STEP][PASSED] - rightClick(findTestObject("11-Cloud Files/td_Automation folder")): Object: 'Object Repository/11-Cloud Files/td_Automation folder' is right clicked on

2023-01-06 18:52:34 - [MESSAGE][PASSED] - Object: 'Object Repository/11-Cloud Files/td_Automation folder' is right clicked on

2023-01-06 18:52:34 - [TEST_STEP][PASSED] - click(findTestObject("11-Cloud Files/button_Rename")): Object: 'Object Repository/11-Cloud Files/button_Rename' is clicked on

2023-01-06 18:52:36 - [MESSAGE][PASSED] - Object: 'Object Repository/11-Cloud Files/button_Rename' is clicked on

2023-01-06 18:52:36 - [TEST_STEP][PASSED] - verifyElementVisible(findTestObject("11-Cloud Files/mat-dialog-container_RenameName nodal")): Object 'Object Repository/11-Cloud Files/mat-dialog-container_RenameName nodal' is visible

2023-01-06 18:52:37 - [MESSAGE][PASSED] - Object 'Object Repository/11-Cloud Files/mat-dialog-container_RenameName nodal' is visible

2023-01-06 18:52:37 - [TEST_STEP][PASSED] - setText(findTestObject("11-Cloud Files/input_Rename"), "Automation folder EDIT"): Text 'Automation folder EDIT' is set on object 'Object Repository/11-Cloud Files/input_Rename'

2023-01-06 18:52:39 - [MESSAGE][PASSED] - Text 'Automation folder EDIT' is set on object 'Object Repository/11-Cloud Files/input_Rename'

2023-01-06 18:52:39 - [TEST_STEP][PASSED] - click(findTestObject("09-Settings/Users/Active User/button_Save")): Object: 'Object Repository/09-Settings/Users/Active User/button_Save' is clicked on

2023-01-06 18:52:40 - [MESSAGE][PASSED] - Object: 'Object Repository/09-Settings/Users/Active User/button_Save' is clicked on

2023-01-06 18:52:40 - [TEST_STEP][PASSED] - verifyElementVisible(findTestObject("11-Cloud Files/snack-bar-container_Successfully changed nameOK")): Object 'Object Repository/11-Cloud Files/snack-bar-container_Successfully changed nameOK' is visible

2023-01-06 18:52:42 - [MESSAGE][PASSED] - Object 'Object Repository/11-Cloud Files/snack-bar-container_Successfully changed nameOK' is visible

2023-01-06 18:52:42 - [TEST_STEP][PASSED] - delay(3): Delayed 3 second(s)

2023-01-06 18:52:45 - [MESSAGE][PASSED] - Delayed 3 second(s)

2023-01-06 18:52:45 - [TEST_STEP][PASSED] - rightClick(findTestObject("11-Cloud Files/td_qa")): Object: 'Object Repository/11-Cloud Files/td_qa' is right clicked on

2023-01-06 18:52:46 - [MESSAGE][PASSED] - Object: 'Object Repository/11-Cloud Files/td_qa' is right clicked on

2023-01-06 18:52:46 - [TEST_STEP][PASSED] - click(findTestObject("11-Cloud Files/button_Rename")): Object: 'Object Repository/11-Cloud Files/button_Rename' is clicked on

2023-01-06 18:52:47 - [MESSAGE][PASSED] - Object: 'Object Repository/11-Cloud Files/button_Rename' is clicked on

2023-01-06 18:52:47 - [TEST_STEP][PASSED] - verifyElementVisible(findTestObject("11-Cloud Files/mat-dialog-container_RenameName nodal")): Object 'Object Repository/11-Cloud Files/mat-dialog-container_RenameName nodal' is visible

2023-01-06 18:52:47 - [MESSAGE][PASSED] - Object 'Object Repository/11-Cloud Files/mat-dialog-container_RenameName nodal' is visible

2023-01-06 18:52:47 - [TEST_STEP][PASSED] - setText(findTestObject("11-Cloud Files/input_Rename"), "qa EDIT"): Text 'qa EDIT' is set on object 'Object Repository/11-Cloud Files/input_Rename'

2023-01-06 18:52:49 - [MESSAGE][PASSED] - Text 'qa EDIT' is set on object 'Object Repository/11-Cloud Files/input_Rename'

2023-01-06 18:52:49 - [TEST_STEP][PASSED] - click(findTestObject("09-Settings/Users/Active User/button_Save")): Object: 'Object Repository/09-Settings/Users/Active User/button_Save' is clicked on

2023-01-06 18:52:50 - [MESSAGE][PASSED] - Object: 'Object Repository/09-Settings/Users/Active User/button_Save' is clicked on

2023-01-06 18:52:50 - [TEST_STEP][PASSED] - verifyElementVisible(findTestObject("11-Cloud Files/snack-bar-container_Successfully changed nameOK")): Object 'Object Repository/11-Cloud Files/snack-bar-container_Successfully changed nameOK' is visible

2023-01-06 18:52:52 - [MESSAGE][PASSED] - Object 'Object Repository/11-Cloud Files/snack-bar-container_Successfully changed nameOK' is visible]]></system-out>
         <system-err><![CDATA[]]></system-err>
      </testcase>
      <testcase name="Test Cases/11-Cloud Files/04-Download a file and folder" time="17.878" classname="Test Cases/11-Cloud Files/04-Download a file and folder" status="PASSED">
         <system-out><![CDATA[2023-01-06 18:52:52 - [TEST_CASE][PASSED] - Test Cases/11-Cloud Files/04-Download a file and folder: Test Cases/11-Cloud Files/04-Download a file and folder

2023-01-06 18:52:53 - [TEST_STEP][PASSED] - delay(3): Delayed 3 second(s)

2023-01-06 18:52:57 - [MESSAGE][PASSED] - Delayed 3 second(s)

2023-01-06 18:52:57 - [TEST_STEP][PASSED] - rightClick(findTestObject("11-Cloud Files/td_qa EDIT")): Object: 'Object Repository/11-Cloud Files/td_qa EDIT' is right clicked on

2023-01-06 18:52:57 - [MESSAGE][PASSED] - Object: 'Object Repository/11-Cloud Files/td_qa EDIT' is right clicked on

2023-01-06 18:52:57 - [TEST_STEP][PASSED] - click(findTestObject("11-Cloud Files/button_download")): Object: 'Object Repository/11-Cloud Files/button_download' is clicked on

2023-01-06 18:52:58 - [MESSAGE][PASSED] - Object: 'Object Repository/11-Cloud Files/button_download' is clicked on

2023-01-06 18:52:58 - [TEST_STEP][PASSED] - verifyElementVisible(findTestObject("11-Cloud Files/div_Done downloading qaclear")): Object 'Object Repository/11-Cloud Files/div_Done downloading qaclear' is visible

2023-01-06 18:53:02 - [MESSAGE][PASSED] - Object 'Object Repository/11-Cloud Files/div_Done downloading qaclear' is visible

2023-01-06 18:53:02 - [TEST_STEP][PASSED] - delay(3): Delayed 3 second(s)

2023-01-06 18:53:05 - [MESSAGE][PASSED] - Delayed 3 second(s)

2023-01-06 18:53:05 - [TEST_STEP][PASSED] - rightClick(findTestObject("11-Cloud Files/td_Automation folder EDIT")): Object: 'Object Repository/11-Cloud Files/td_Automation folder EDIT' is right clicked on

2023-01-06 18:53:05 - [MESSAGE][PASSED] - Object: 'Object Repository/11-Cloud Files/td_Automation folder EDIT' is right clicked on

2023-01-06 18:53:05 - [TEST_STEP][PASSED] - click(findTestObject("11-Cloud Files/button_download")): Object: 'Object Repository/11-Cloud Files/button_download' is clicked on

2023-01-06 18:53:06 - [MESSAGE][PASSED] - Object: 'Object Repository/11-Cloud Files/button_download' is clicked on

2023-01-06 18:53:06 - [TEST_STEP][PASSED] - verifyElementVisible(findTestObject("11-Cloud Files/div_Done downloading folder")): Object 'Object Repository/11-Cloud Files/div_Done downloading folder' is visible

2023-01-06 18:53:10 - [MESSAGE][PASSED] - Object 'Object Repository/11-Cloud Files/div_Done downloading folder' is visible]]></system-out>
         <system-err><![CDATA[]]></system-err>
      </testcase>
      <testcase name="Test Cases/11-Cloud Files/05-Duplicate a Folder (Negative scenario)" time="12.381" classname="Test Cases/11-Cloud Files/05-Duplicate a Folder (Negative scenario)" status="PASSED">
         <system-out><![CDATA[2023-01-06 18:53:10 - [TEST_CASE][PASSED] - Test Cases/11-Cloud Files/05-Duplicate a Folder (Negative scenario): Test Cases/11-Cloud Files/05-Duplicate a Folder (Negative scenario)

2023-01-06 18:53:12 - [TEST_STEP][PASSED] - delay(3): Delayed 3 second(s)

2023-01-06 18:53:15 - [MESSAGE][PASSED] - Delayed 3 second(s)

2023-01-06 18:53:15 - [TEST_STEP][PASSED] - click(findTestObject("11-Cloud Files/td_Automation folder EDIT")): Object: 'Object Repository/11-Cloud Files/td_Automation folder EDIT' is clicked on

2023-01-06 18:53:16 - [MESSAGE][PASSED] - Object: 'Object Repository/11-Cloud Files/td_Automation folder EDIT' is clicked on

2023-01-06 18:53:16 - [TEST_STEP][PASSED] - click(findTestObject("11-Cloud Files/button_Duplicate")): Object: 'Object Repository/11-Cloud Files/button_Duplicate' is clicked on

2023-01-06 18:53:17 - [MESSAGE][PASSED] - Object: 'Object Repository/11-Cloud Files/button_Duplicate' is clicked on

2023-01-06 18:53:17 - [TEST_STEP][PASSED] - verifyElementVisible(findTestObject("11-Cloud Files/mat-dialog-container_DuplicateFolderModal")): Object 'Object Repository/11-Cloud Files/mat-dialog-container_DuplicateFolderModal' is visible

2023-01-06 18:53:18 - [MESSAGE][PASSED] - Object 'Object Repository/11-Cloud Files/mat-dialog-container_DuplicateFolderModal' is visible

2023-01-06 18:53:18 - [TEST_STEP][PASSED] - delay(3): Delayed 3 second(s)

2023-01-06 18:53:21 - [MESSAGE][PASSED] - Delayed 3 second(s)

2023-01-06 18:53:21 - [TEST_STEP][PASSED] - click(findTestObject("11-Cloud Files/button_Confirm")): Object: 'Object Repository/11-Cloud Files/button_Confirm' is clicked on

2023-01-06 18:53:22 - [MESSAGE][PASSED] - Object: 'Object Repository/11-Cloud Files/button_Confirm' is clicked on

2023-01-06 18:53:22 - [TEST_STEP][PASSED] - click(findTestObject("11-Cloud Files/td_Automation folder EDIT")): Object: 'Object Repository/11-Cloud Files/td_Automation folder EDIT' is clicked on

2023-01-06 18:53:23 - [MESSAGE][PASSED] - Object: 'Object Repository/11-Cloud Files/td_Automation folder EDIT' is clicked on]]></system-out>
         <system-err><![CDATA[]]></system-err>
      </testcase>
      <testcase name="Test Cases/11-Cloud Files/06-Duplicate a file" time="9.604" classname="Test Cases/11-Cloud Files/06-Duplicate a file" status="PASSED">
         <system-out><![CDATA[2023-01-06 18:53:23 - [TEST_CASE][PASSED] - Test Cases/11-Cloud Files/06-Duplicate a file: Test Cases/11-Cloud Files/06-Duplicate a file

2023-01-06 18:53:24 - [TEST_STEP][PASSED] - delay(3): Delayed 3 second(s)

2023-01-06 18:53:27 - [MESSAGE][PASSED] - Delayed 3 second(s)

2023-01-06 18:53:27 - [TEST_STEP][PASSED] - click(findTestObject("11-Cloud Files/td_qa EDIT")): Object: 'Object Repository/11-Cloud Files/td_qa EDIT' is clicked on

2023-01-06 18:53:28 - [MESSAGE][PASSED] - Object: 'Object Repository/11-Cloud Files/td_qa EDIT' is clicked on

2023-01-06 18:53:28 - [TEST_STEP][PASSED] - click(findTestObject("11-Cloud Files/button_Duplicate")): Object: 'Object Repository/11-Cloud Files/button_Duplicate' is clicked on

2023-01-06 18:53:29 - [MESSAGE][PASSED] - Object: 'Object Repository/11-Cloud Files/button_Duplicate' is clicked on

2023-01-06 18:53:29 - [TEST_STEP][PASSED] - verifyElementVisible(findTestObject("11-Cloud Files/div_ItemsDuplicatedSuccessfully")): Object 'Object Repository/11-Cloud Files/div_ItemsDuplicatedSuccessfully' is visible

2023-01-06 18:53:32 - [MESSAGE][PASSED] - Object 'Object Repository/11-Cloud Files/div_ItemsDuplicatedSuccessfully' is visible

2023-01-06 18:53:32 - [TEST_STEP][PASSED] - verifyElementVisible(findTestObject("11-Cloud Files/td_Copy of qa EDIT")): Object 'Object Repository/11-Cloud Files/td_Copy of qa EDIT' is visible

2023-01-06 18:53:32 - [MESSAGE][PASSED] - Object 'Object Repository/11-Cloud Files/td_Copy of qa EDIT' is visible]]></system-out>
         <system-err><![CDATA[]]></system-err>
      </testcase>
      <testcase name="Test Cases/11-Cloud Files/07-Move a file and folder" time="19.849" classname="Test Cases/11-Cloud Files/07-Move a file and folder" status="PASSED">
         <system-out><![CDATA[2023-01-06 18:53:32 - [TEST_CASE][PASSED] - Test Cases/11-Cloud Files/07-Move a file and folder: Test Cases/11-Cloud Files/07-Move a file and folder

2023-01-06 18:53:34 - [TEST_STEP][PASSED] - delay(3): Delayed 3 second(s)

2023-01-06 18:53:37 - [MESSAGE][PASSED] - Delayed 3 second(s)

2023-01-06 18:53:37 - [TEST_STEP][PASSED] - rightClick(findTestObject("11-Cloud Files/td_Copy of qa EDIT")): Object: 'Object Repository/11-Cloud Files/td_Copy of qa EDIT' is right clicked on

2023-01-06 18:53:38 - [MESSAGE][PASSED] - Object: 'Object Repository/11-Cloud Files/td_Copy of qa EDIT' is right clicked on

2023-01-06 18:53:38 - [TEST_STEP][PASSED] - click(findTestObject("11-Cloud Files/button_MoveTo")): Object: 'Object Repository/11-Cloud Files/button_MoveTo' is clicked on

2023-01-06 18:53:39 - [MESSAGE][PASSED] - Object: 'Object Repository/11-Cloud Files/button_MoveTo' is clicked on

2023-01-06 18:53:39 - [TEST_STEP][PASSED] - click(findTestObject("11-Cloud Files/span_Automation folder EDIT MoveTo")): Object: 'Object Repository/11-Cloud Files/span_Automation folder EDIT MoveTo' is clicked on

2023-01-06 18:53:41 - [MESSAGE][PASSED] - Object: 'Object Repository/11-Cloud Files/span_Automation folder EDIT MoveTo' is clicked on

2023-01-06 18:53:41 - [TEST_STEP][PASSED] - click(findTestObject("11-Cloud Files/button_Move")): Object: 'Object Repository/11-Cloud Files/button_Move' is clicked on

2023-01-06 18:53:42 - [MESSAGE][PASSED] - Object: 'Object Repository/11-Cloud Files/button_Move' is clicked on

2023-01-06 18:53:42 - [TEST_STEP][PASSED] - verifyElementVisible(findTestObject("11-Cloud Files/div_ItemSuccessfullyMove")): Object 'Object Repository/11-Cloud Files/div_ItemSuccessfullyMove' is visible

2023-01-06 18:53:43 - [MESSAGE][PASSED] - Object 'Object Repository/11-Cloud Files/div_ItemSuccessfullyMove' is visible

2023-01-06 18:53:43 - [TEST_STEP][PASSED] - delay(3): Delayed 3 second(s)

2023-01-06 18:53:46 - [MESSAGE][PASSED] - Delayed 3 second(s)

2023-01-06 18:53:46 - [TEST_STEP][PASSED] - rightClick(findTestObject("11-Cloud Files/td_Automation folder 2")): Object: 'Object Repository/11-Cloud Files/td_Automation folder 2' is right clicked on

2023-01-06 18:53:47 - [MESSAGE][PASSED] - Object: 'Object Repository/11-Cloud Files/td_Automation folder 2' is right clicked on

2023-01-06 18:53:47 - [TEST_STEP][PASSED] - click(findTestObject("11-Cloud Files/button_MoveTo")): Object: 'Object Repository/11-Cloud Files/button_MoveTo' is clicked on

2023-01-06 18:53:48 - [MESSAGE][PASSED] - Object: 'Object Repository/11-Cloud Files/button_MoveTo' is clicked on

2023-01-06 18:53:48 - [TEST_STEP][PASSED] - click(findTestObject("11-Cloud Files/span_Automation folder EDIT MoveTo")): Object: 'Object Repository/11-Cloud Files/span_Automation folder EDIT MoveTo' is clicked on

2023-01-06 18:53:50 - [MESSAGE][PASSED] - Object: 'Object Repository/11-Cloud Files/span_Automation folder EDIT MoveTo' is clicked on

2023-01-06 18:53:50 - [TEST_STEP][PASSED] - click(findTestObject("11-Cloud Files/button_Move")): Object: 'Object Repository/11-Cloud Files/button_Move' is clicked on

2023-01-06 18:53:50 - [MESSAGE][PASSED] - Object: 'Object Repository/11-Cloud Files/button_Move' is clicked on

2023-01-06 18:53:50 - [TEST_STEP][PASSED] - verifyElementVisible(findTestObject("11-Cloud Files/div_ItemSuccessfullyMove")): Object 'Object Repository/11-Cloud Files/div_ItemSuccessfullyMove' is visible

2023-01-06 18:53:52 - [MESSAGE][PASSED] - Object 'Object Repository/11-Cloud Files/div_ItemSuccessfullyMove' is visible]]></system-out>
         <system-err><![CDATA[]]></system-err>
      </testcase>
      <testcase name="Test Cases/11-Cloud Files/08-Open a file and folder" time="21.671" classname="Test Cases/11-Cloud Files/08-Open a file and folder" status="PASSED">
         <system-out><![CDATA[2023-01-06 18:53:52 - [TEST_CASE][PASSED] - Test Cases/11-Cloud Files/08-Open a file and folder: Test Cases/11-Cloud Files/08-Open a file and folder

2023-01-06 18:53:55 - [TEST_STEP][PASSED] - delay(3): Delayed 3 second(s)

2023-01-06 18:53:58 - [MESSAGE][PASSED] - Delayed 3 second(s)

2023-01-06 18:53:58 - [TEST_STEP][PASSED] - rightClick(findTestObject("11-Cloud Files/td_qa EDIT")): Object: 'Object Repository/11-Cloud Files/td_qa EDIT' is right clicked on

2023-01-06 18:53:59 - [MESSAGE][PASSED] - Object: 'Object Repository/11-Cloud Files/td_qa EDIT' is right clicked on

2023-01-06 18:53:59 - [TEST_STEP][PASSED] - click(findTestObject("11-Cloud Files/button_Open")): Object: 'Object Repository/11-Cloud Files/button_Open' is clicked on

2023-01-06 18:54:00 - [MESSAGE][PASSED] - Object: 'Object Repository/11-Cloud Files/button_Open' is clicked on

2023-01-06 18:54:00 - [TEST_STEP][PASSED] - switchToWindowIndex(1): Switched to window with index: '1'

2023-01-06 18:54:02 - [MESSAGE][PASSED] - Switched to window with index: '1'

2023-01-06 18:54:02 - [TEST_STEP][PASSED] - closeWindowIndex(1): Window with index 1 is closed

2023-01-06 18:54:03 - [MESSAGE][PASSED] - Window with index 1 is closed

2023-01-06 18:54:03 - [TEST_STEP][PASSED] - switchToWindowIndex(0): Switched to window with index: '0'

2023-01-06 18:54:03 - [MESSAGE][PASSED] - Switched to window with index: '0'

2023-01-06 18:54:03 - [TEST_STEP][PASSED] - delay(3): Delayed 3 second(s)

2023-01-06 18:54:06 - [MESSAGE][PASSED] - Delayed 3 second(s)

2023-01-06 18:54:06 - [TEST_STEP][PASSED] - rightClick(findTestObject("11-Cloud Files/td_Automation folder EDIT")): Object: 'Object Repository/11-Cloud Files/td_Automation folder EDIT' is right clicked on

2023-01-06 18:54:06 - [MESSAGE][PASSED] - Object: 'Object Repository/11-Cloud Files/td_Automation folder EDIT' is right clicked on

2023-01-06 18:54:06 - [TEST_STEP][PASSED] - click(findTestObject("11-Cloud Files/button_Open")): Object: 'Object Repository/11-Cloud Files/button_Open' is clicked on

2023-01-06 18:54:08 - [MESSAGE][PASSED] - Object: 'Object Repository/11-Cloud Files/button_Open' is clicked on

2023-01-06 18:54:08 - [TEST_STEP][PASSED] - click(findTestObject("11-Cloud Files/h4_MY FILES")): Object: 'Object Repository/11-Cloud Files/h4_MY FILES' is clicked on

2023-01-06 18:54:09 - [MESSAGE][PASSED] - Object: 'Object Repository/11-Cloud Files/h4_MY FILES' is clicked on

2023-01-06 18:54:09 - [TEST_STEP][PASSED] - delay(5): Delayed 5 second(s)

2023-01-06 18:54:14 - [MESSAGE][PASSED] - Delayed 5 second(s)]]></system-out>
         <system-err><![CDATA[]]></system-err>
      </testcase>
      <testcase name="Test Cases/11-Cloud Files/09-Share a file" time="12.989" classname="Test Cases/11-Cloud Files/09-Share a file" status="PASSED">
         <system-out><![CDATA[2023-01-06 18:54:14 - [TEST_CASE][PASSED] - Test Cases/11-Cloud Files/09-Share a file: Test Cases/11-Cloud Files/09-Share a file

2023-01-06 18:54:16 - [TEST_STEP][PASSED] - click(findTestObject("11-Cloud Files/button_clearNotif")): Object: 'Object Repository/11-Cloud Files/button_clearNotif' is clicked on

2023-01-06 18:54:18 - [MESSAGE][PASSED] - Object: 'Object Repository/11-Cloud Files/button_clearNotif' is clicked on

2023-01-06 18:54:18 - [TEST_STEP][PASSED] - rightClick(findTestObject("11-Cloud Files/td_qa EDIT")): Object: 'Object Repository/11-Cloud Files/td_qa EDIT' is right clicked on

2023-01-06 18:54:19 - [MESSAGE][PASSED] - Object: 'Object Repository/11-Cloud Files/td_qa EDIT' is right clicked on

2023-01-06 18:54:19 - [TEST_STEP][PASSED] - click(findTestObject("11-Cloud Files/button_Share")): Object: 'Object Repository/11-Cloud Files/button_Share' is clicked on

2023-01-06 18:54:20 - [MESSAGE][PASSED] - Object: 'Object Repository/11-Cloud Files/button_Share' is clicked on

2023-01-06 18:54:20 - [TEST_STEP][PASSED] - verifyElementVisible(findTestObject("11-Cloud Files/mat-dialog-container_ShareFiles Modal")): Object 'Object Repository/11-Cloud Files/mat-dialog-container_ShareFiles Modal' is visible

2023-01-06 18:54:21 - [MESSAGE][PASSED] - Object 'Object Repository/11-Cloud Files/mat-dialog-container_ShareFiles Modal' is visible

2023-01-06 18:54:21 - [TEST_STEP][PASSED] - click(findTestObject("11-Cloud Files/input_Add Users")): Object: 'Object Repository/11-Cloud Files/input_Add Users' is clicked on

2023-01-06 18:54:22 - [MESSAGE][PASSED] - Object: 'Object Repository/11-Cloud Files/input_Add Users' is clicked on

2023-01-06 18:54:22 - [TEST_STEP][PASSED] - click(findTestObject("11-Cloud Files/mat-option_GTGG tester 2")): Object: 'Object Repository/11-Cloud Files/mat-option_GTGG tester 2' is clicked on

2023-01-06 18:54:23 - [MESSAGE][PASSED] - Object: 'Object Repository/11-Cloud Files/mat-option_GTGG tester 2' is clicked on

2023-01-06 18:54:23 - [TEST_STEP][PASSED] - click(findTestObject("11-Cloud Files/mat-option_GTGG tester")): Object: 'Object Repository/11-Cloud Files/mat-option_GTGG tester' is clicked on

2023-01-06 18:54:23 - [MESSAGE][PASSED] - Object: 'Object Repository/11-Cloud Files/mat-option_GTGG tester' is clicked on

2023-01-06 18:54:23 - [TEST_STEP][PASSED] - click(findTestObject("11-Cloud Files/button_done")): Object: 'Object Repository/11-Cloud Files/button_done' is clicked on

2023-01-06 18:54:24 - [MESSAGE][PASSED] - Object: 'Object Repository/11-Cloud Files/button_done' is clicked on

2023-01-06 18:54:24 - [TEST_STEP][PASSED] - delay(3): Delayed 3 second(s)

2023-01-06 18:54:27 - [MESSAGE][PASSED] - Delayed 3 second(s)]]></system-out>
         <system-err><![CDATA[]]></system-err>
      </testcase>
      <testcase name="Test Cases/11-Cloud Files/10-Share a file - Edit" time="72.553" classname="Test Cases/11-Cloud Files/10-Share a file - Edit" status="PASSED">
         <system-out><![CDATA[2023-01-06 18:54:27 - [TEST_CASE][PASSED] - Test Cases/11-Cloud Files/10-Share a file - Edit: Test Cases/11-Cloud Files/10-Share a file - Edit

2023-01-06 18:54:29 - [TEST_STEP][PASSED] - rightClick(findTestObject("11-Cloud Files/td_qa EditPeople")): Object: 'Object Repository/11-Cloud Files/td_qa EditPeople' is right clicked on

2023-01-06 18:54:30 - [MESSAGE][PASSED] - Object: 'Object Repository/11-Cloud Files/td_qa EditPeople' is right clicked on

2023-01-06 18:54:30 - [TEST_STEP][PASSED] - click(findTestObject("11-Cloud Files/button_Share")): Object: 'Object Repository/11-Cloud Files/button_Share' is clicked on

2023-01-06 18:54:32 - [MESSAGE][PASSED] - Object: 'Object Repository/11-Cloud Files/button_Share' is clicked on

2023-01-06 18:54:32 - [TEST_STEP][PASSED] - verifyElementVisible(findTestObject("11-Cloud Files/mat-dialog-container_View Share Files Modal")): Object 'Object Repository/11-Cloud Files/mat-dialog-container_View Share Files Modal' is visible

2023-01-06 18:54:33 - [MESSAGE][PASSED] - Object 'Object Repository/11-Cloud Files/mat-dialog-container_View Share Files Modal' is visible

2023-01-06 18:54:33 - [TEST_STEP][PASSED] - click(findTestObject("11-Cloud Files/div_dropdown")): Object: 'Object Repository/11-Cloud Files/div_dropdown' is clicked on

2023-01-06 18:54:34 - [MESSAGE][PASSED] - Object: 'Object Repository/11-Cloud Files/div_dropdown' is clicked on

2023-01-06 18:54:34 - [TEST_STEP][PASSED] - click(findTestObject("11-Cloud Files/mat-option_editor")): Object: 'Object Repository/11-Cloud Files/mat-option_editor' is clicked on

2023-01-06 18:54:35 - [MESSAGE][PASSED] - Object: 'Object Repository/11-Cloud Files/mat-option_editor' is clicked on

2023-01-06 18:54:35 - [TEST_STEP][PASSED] - delay(3): Delayed 3 second(s)

2023-01-06 18:54:38 - [MESSAGE][PASSED] - Delayed 3 second(s)

2023-01-06 18:54:38 - [TEST_STEP][PASSED] - verifyElementVisible(findTestObject("11-Cloud Files/div_GTGG tester2")): Object 'Object Repository/11-Cloud Files/div_GTGG tester2' is visible

2023-01-06 18:54:39 - [MESSAGE][PASSED] - Object 'Object Repository/11-Cloud Files/div_GTGG tester2' is visible

2023-01-06 18:54:39 - [TEST_STEP][PASSED] - click(findTestObject("11-Cloud Files/div_dropdown2")): Object: 'Object Repository/11-Cloud Files/div_dropdown2' is clicked on

2023-01-06 18:54:40 - [MESSAGE][PASSED] - Object: 'Object Repository/11-Cloud Files/div_dropdown2' is clicked on

2023-01-06 18:54:40 - [TEST_STEP][PASSED] - click(findTestObject("11-Cloud Files/mat-option-checkmark_editor")): Object: 'Object Repository/11-Cloud Files/mat-option-checkmark_editor' is clicked on

2023-01-06 18:54:41 - [MESSAGE][PASSED] - Object: 'Object Repository/11-Cloud Files/mat-option-checkmark_editor' is clicked on

2023-01-06 18:54:41 - [TEST_STEP][PASSED] - delay(3): Delayed 3 second(s)

2023-01-06 18:54:44 - [MESSAGE][PASSED] - Delayed 3 second(s)

2023-01-06 18:54:44 - [TEST_STEP][PASSED] - verifyElementVisible(findTestObject("11-Cloud Files/div_GTGG tester")): Object 'Object Repository/11-Cloud Files/div_GTGG tester' is visible

2023-01-06 18:54:46 - [MESSAGE][PASSED] - Object 'Object Repository/11-Cloud Files/div_GTGG tester' is visible

2023-01-06 18:54:46 - [TEST_STEP][PASSED] - click(findTestObject("11-Cloud Files/div_dropdown3")): Object: 'Object Repository/11-Cloud Files/div_dropdown3' is clicked on

2023-01-06 18:54:47 - [MESSAGE][PASSED] - Object: 'Object Repository/11-Cloud Files/div_dropdown3' is clicked on

2023-01-06 18:54:47 - [TEST_STEP][PASSED] - click(findTestObject("11-Cloud Files/span_delete Remove Access")): Object: 'Object Repository/11-Cloud Files/span_delete Remove Access' is clicked on

2023-01-06 18:54:48 - [MESSAGE][PASSED] - Object: 'Object Repository/11-Cloud Files/span_delete Remove Access' is clicked on

2023-01-06 18:54:48 - [TEST_STEP][PASSED] - click(findTestObject("11-Cloud Files/button_done")): Object: 'Object Repository/11-Cloud Files/button_done' is clicked on

2023-01-06 18:54:49 - [MESSAGE][PASSED] - Object: 'Object Repository/11-Cloud Files/button_done' is clicked on

2023-01-06 18:54:49 - [TEST_STEP][PASSED] - delay(3): Delayed 3 second(s)

2023-01-06 18:54:52 - [MESSAGE][PASSED] - Delayed 3 second(s)

2023-01-06 18:54:52 - [TEST_STEP][PASSED] - rightClick(findTestObject("11-Cloud Files/td_qa EditPeople")): Object: 'Object Repository/11-Cloud Files/td_qa EditPeople' is right clicked on

2023-01-06 18:54:53 - [MESSAGE][PASSED] - Object: 'Object Repository/11-Cloud Files/td_qa EditPeople' is right clicked on

2023-01-06 18:54:53 - [TEST_STEP][PASSED] - click(findTestObject("11-Cloud Files/button_Share")): Object: 'Object Repository/11-Cloud Files/button_Share' is clicked on

2023-01-06 18:54:54 - [MESSAGE][PASSED] - Object: 'Object Repository/11-Cloud Files/button_Share' is clicked on

2023-01-06 18:54:54 - [TEST_STEP][PASSED] - click(findTestObject("11-Cloud Files/button_Copy Share Link")): Object: 'Object Repository/11-Cloud Files/button_Copy Share Link' is clicked on

2023-01-06 18:54:56 - [MESSAGE][PASSED] - Object: 'Object Repository/11-Cloud Files/button_Copy Share Link' is clicked on

2023-01-06 18:54:56 - [TEST_STEP][PASSED] - delay(3): Delayed 3 second(s)

2023-01-06 18:54:59 - [MESSAGE][PASSED] - Delayed 3 second(s)

2023-01-06 18:54:59 - [TEST_STEP][PASSED] - my_clipboard = getContents(null).getTransferData(stringFlavor): null

2023-01-06 18:54:59 - [TEST_STEP][PASSED] - navigateToUrl(my_clipboard): Navigate to 'https://xukp7.app.goo.gl/Hg8V' successfully

2023-01-06 18:55:21 - [MESSAGE][PASSED] - Navigate to 'https://xukp7.app.goo.gl/Hg8V' successfully

2023-01-06 18:55:21 - [TEST_STEP][PASSED] - switchToWindowIndex(1): Switched to window with index: '1'

2023-01-06 18:55:30 - [MESSAGE][PASSED] - Switched to window with index: '1'

2023-01-06 18:55:30 - [TEST_STEP][PASSED] - closeWindowIndex(1): Window with index 1 is closed

2023-01-06 18:55:30 - [MESSAGE][PASSED] - Window with index 1 is closed

2023-01-06 18:55:30 - [TEST_STEP][PASSED] - switchToWindowIndex(0): Switched to window with index: '0'

2023-01-06 18:55:31 - [MESSAGE][PASSED] - Switched to window with index: '0'

2023-01-06 18:55:31 - [TEST_STEP][PASSED] - click(findTestObject("03-Header Menu/Hamburger Button/div_Cloud Files")): Object: 'Object Repository/03-Header Menu/Hamburger Button/div_Cloud Files' is clicked on

2023-01-06 18:55:34 - [MESSAGE][PASSED] - Object: 'Object Repository/03-Header Menu/Hamburger Button/div_Cloud Files' is clicked on

2023-01-06 18:55:34 - [TEST_STEP][PASSED] - scrollToElement(findTestObject("11-Cloud Files/a_My Files"), 0): Scroll to object 'Object Repository/11-Cloud Files/a_My Files' successfully

2023-01-06 18:55:34 - [MESSAGE][WARNING] - Timeout '0' is invalid. Using default page load timeout: '30'

2023-01-06 18:55:35 - [MESSAGE][PASSED] - Scroll to object 'Object Repository/11-Cloud Files/a_My Files' successfully

2023-01-06 18:55:35 - [TEST_STEP][PASSED] - click(findTestObject("11-Cloud Files/a_My Files")): Object: 'Object Repository/11-Cloud Files/a_My Files' is clicked on

2023-01-06 18:55:37 - [MESSAGE][PASSED] - Object: 'Object Repository/11-Cloud Files/a_My Files' is clicked on

2023-01-06 18:55:37 - [TEST_STEP][PASSED] - delay(3): Delayed 3 second(s)

2023-01-06 18:55:40 - [MESSAGE][PASSED] - Delayed 3 second(s)]]></system-out>
         <system-err><![CDATA[]]></system-err>
      </testcase>
      <testcase name="Test Cases/11-Cloud Files/11-Share a folder" time="39.249" classname="Test Cases/11-Cloud Files/11-Share a folder" status="PASSED">
         <system-out><![CDATA[2023-01-06 18:55:40 - [TEST_CASE][PASSED] - Test Cases/11-Cloud Files/11-Share a folder: Test Cases/11-Cloud Files/11-Share a folder

2023-01-06 18:55:42 - [TEST_STEP][PASSED] - rightClick(findTestObject("11-Cloud Files/td_Automation folder EDIT")): Object: 'Object Repository/11-Cloud Files/td_Automation folder EDIT' is right clicked on

2023-01-06 18:55:43 - [MESSAGE][PASSED] - Object: 'Object Repository/11-Cloud Files/td_Automation folder EDIT' is right clicked on

2023-01-06 18:55:43 - [TEST_STEP][PASSED] - click(findTestObject("11-Cloud Files/button_Share")): Object: 'Object Repository/11-Cloud Files/button_Share' is clicked on

2023-01-06 18:55:46 - [MESSAGE][PASSED] - Object: 'Object Repository/11-Cloud Files/button_Share' is clicked on

2023-01-06 18:55:46 - [TEST_STEP][PASSED] - verifyElementVisible(findTestObject("11-Cloud Files/mat-dialog-container_ShareFiles Modal")): Object 'Object Repository/11-Cloud Files/mat-dialog-container_ShareFiles Modal' is visible

2023-01-06 18:55:47 - [MESSAGE][PASSED] - Object 'Object Repository/11-Cloud Files/mat-dialog-container_ShareFiles Modal' is visible

2023-01-06 18:55:47 - [TEST_STEP][PASSED] - click(findTestObject("11-Cloud Files/mat-icon_close")): Object: 'Object Repository/11-Cloud Files/mat-icon_close' is clicked on

2023-01-06 18:55:48 - [MESSAGE][PASSED] - Object: 'Object Repository/11-Cloud Files/mat-icon_close' is clicked on

2023-01-06 18:55:48 - [TEST_STEP][PASSED] - delay(3): Delayed 3 second(s)

2023-01-06 18:55:51 - [MESSAGE][PASSED] - Delayed 3 second(s)

2023-01-06 18:55:51 - [TEST_STEP][PASSED] - rightClick(findTestObject("11-Cloud Files/td_Automation folder EDIT")): Object: 'Object Repository/11-Cloud Files/td_Automation folder EDIT' is right clicked on

2023-01-06 18:55:53 - [MESSAGE][PASSED] - Object: 'Object Repository/11-Cloud Files/td_Automation folder EDIT' is right clicked on

2023-01-06 18:55:53 - [TEST_STEP][PASSED] - click(findTestObject("11-Cloud Files/button_Share")): Object: 'Object Repository/11-Cloud Files/button_Share' is clicked on

2023-01-06 18:55:57 - [MESSAGE][PASSED] - Object: 'Object Repository/11-Cloud Files/button_Share' is clicked on

2023-01-06 18:55:57 - [TEST_STEP][PASSED] - verifyElementVisible(findTestObject("11-Cloud Files/mat-dialog-container_ShareFiles Modal")): Object 'Object Repository/11-Cloud Files/mat-dialog-container_ShareFiles Modal' is visible

2023-01-06 18:55:57 - [MESSAGE][PASSED] - Object 'Object Repository/11-Cloud Files/mat-dialog-container_ShareFiles Modal' is visible

2023-01-06 18:55:57 - [TEST_STEP][PASSED] - click(findTestObject("11-Cloud Files/input_Add Users")): Object: 'Object Repository/11-Cloud Files/input_Add Users' is clicked on

2023-01-06 18:56:00 - [MESSAGE][PASSED] - Object: 'Object Repository/11-Cloud Files/input_Add Users' is clicked on

2023-01-06 18:56:00 - [TEST_STEP][PASSED] - click(findTestObject("11-Cloud Files/mat-option_GTGG tester")): Object: 'Object Repository/11-Cloud Files/mat-option_GTGG tester' is clicked on

2023-01-06 18:56:01 - [MESSAGE][PASSED] - Object: 'Object Repository/11-Cloud Files/mat-option_GTGG tester' is clicked on

2023-01-06 18:56:01 - [TEST_STEP][PASSED] - click(findTestObject("10-Open Video Conference/mat-icon_cancel")): Object: 'Object Repository/10-Open Video Conference/mat-icon_cancel' is clicked on

2023-01-06 18:56:02 - [MESSAGE][PASSED] - Object: 'Object Repository/10-Open Video Conference/mat-icon_cancel' is clicked on

2023-01-06 18:56:02 - [TEST_STEP][PASSED] - delay(3): Delayed 3 second(s)

2023-01-06 18:56:05 - [MESSAGE][PASSED] - Delayed 3 second(s)

2023-01-06 18:56:05 - [TEST_STEP][PASSED] - click(findTestObject("11-Cloud Files/input_Add Users")): Object: 'Object Repository/11-Cloud Files/input_Add Users' is clicked on

2023-01-06 18:56:06 - [MESSAGE][PASSED] - Object: 'Object Repository/11-Cloud Files/input_Add Users' is clicked on

2023-01-06 18:56:06 - [TEST_STEP][PASSED] - click(findTestObject("11-Cloud Files/mat-option_GTGG tester 2")): Object: 'Object Repository/11-Cloud Files/mat-option_GTGG tester 2' is clicked on

2023-01-06 18:56:06 - [MESSAGE][PASSED] - Object: 'Object Repository/11-Cloud Files/mat-option_GTGG tester 2' is clicked on

2023-01-06 18:56:06 - [TEST_STEP][PASSED] - click(findTestObject("11-Cloud Files/mat-option_GTGG tester")): Object: 'Object Repository/11-Cloud Files/mat-option_GTGG tester' is clicked on

2023-01-06 18:56:07 - [MESSAGE][PASSED] - Object: 'Object Repository/11-Cloud Files/mat-option_GTGG tester' is clicked on

2023-01-06 18:56:07 - [TEST_STEP][PASSED] - clickOffset(findTestObject("11-Cloud Files/button_Copy Share Link"), 10, 10): Object: 'Object Repository/11-Cloud Files/button_Copy Share Link' is clicked on using offset x=10 and y=10

2023-01-06 18:56:09 - [MESSAGE][PASSED] - Object: 'Object Repository/11-Cloud Files/button_Copy Share Link' is clicked on using offset x=10 and y=10

2023-01-06 18:56:09 - [TEST_STEP][PASSED] - click(findTestObject("11-Cloud Files/div_mat-checkbox-notify-user")): Object: 'Object Repository/11-Cloud Files/div_mat-checkbox-notify-user' is clicked on

2023-01-06 18:56:10 - [MESSAGE][PASSED] - Object: 'Object Repository/11-Cloud Files/div_mat-checkbox-notify-user' is clicked on

2023-01-06 18:56:10 - [TEST_STEP][PASSED] - click(findTestObject("11-Cloud Files/div_mat-checkbox-notify-user")): Object: 'Object Repository/11-Cloud Files/div_mat-checkbox-notify-user' is clicked on

2023-01-06 18:56:11 - [MESSAGE][PASSED] - Object: 'Object Repository/11-Cloud Files/div_mat-checkbox-notify-user' is clicked on

2023-01-06 18:56:11 - [TEST_STEP][PASSED] - click(findTestObject("11-Cloud Files/div_dropdown")): Object: 'Object Repository/11-Cloud Files/div_dropdown' is clicked on

2023-01-06 18:56:12 - [MESSAGE][PASSED] - Object: 'Object Repository/11-Cloud Files/div_dropdown' is clicked on

2023-01-06 18:56:12 - [TEST_STEP][PASSED] - click(findTestObject("11-Cloud Files/span_Viewer")): Object: 'Object Repository/11-Cloud Files/span_Viewer' is clicked on

2023-01-06 18:56:15 - [MESSAGE][PASSED] - Object: 'Object Repository/11-Cloud Files/span_Viewer' is clicked on

2023-01-06 18:56:15 - [TEST_STEP][PASSED] - click(findTestObject("11-Cloud Files/button_done")): Object: 'Object Repository/11-Cloud Files/button_done' is clicked on

2023-01-06 18:56:16 - [MESSAGE][PASSED] - Object: 'Object Repository/11-Cloud Files/button_done' is clicked on

2023-01-06 18:56:16 - [TEST_STEP][PASSED] - delay(3): Delayed 3 second(s)

2023-01-06 18:56:19 - [MESSAGE][PASSED] - Delayed 3 second(s)]]></system-out>
         <system-err><![CDATA[]]></system-err>
      </testcase>
      <testcase name="Test Cases/11-Cloud Files/12-Share a folder - Edit" time="70.341" classname="Test Cases/11-Cloud Files/12-Share a folder - Edit" status="PASSED">
         <system-out><![CDATA[2023-01-06 18:56:19 - [TEST_CASE][PASSED] - Test Cases/11-Cloud Files/12-Share a folder - Edit: Test Cases/11-Cloud Files/12-Share a folder - Edit

2023-01-06 18:56:21 - [TEST_STEP][PASSED] - delay(3): Delayed 3 second(s)

2023-01-06 18:56:24 - [MESSAGE][PASSED] - Delayed 3 second(s)

2023-01-06 18:56:24 - [TEST_STEP][PASSED] - rightClick(findTestObject("11-Cloud Files/td_Automation folder EDIT")): Object: 'Object Repository/11-Cloud Files/td_Automation folder EDIT' is right clicked on

2023-01-06 18:56:25 - [MESSAGE][PASSED] - Object: 'Object Repository/11-Cloud Files/td_Automation folder EDIT' is right clicked on

2023-01-06 18:56:25 - [TEST_STEP][PASSED] - click(findTestObject("11-Cloud Files/button_Share")): Object: 'Object Repository/11-Cloud Files/button_Share' is clicked on

2023-01-06 18:56:26 - [MESSAGE][PASSED] - Object: 'Object Repository/11-Cloud Files/button_Share' is clicked on

2023-01-06 18:56:26 - [TEST_STEP][PASSED] - verifyElementVisible(findTestObject("11-Cloud Files/mat-dialog-container_View Share Files Modal")): Object 'Object Repository/11-Cloud Files/mat-dialog-container_View Share Files Modal' is visible

2023-01-06 18:56:27 - [MESSAGE][PASSED] - Object 'Object Repository/11-Cloud Files/mat-dialog-container_View Share Files Modal' is visible

2023-01-06 18:56:27 - [TEST_STEP][PASSED] - click(findTestObject("11-Cloud Files/div_dropdown")): Object: 'Object Repository/11-Cloud Files/div_dropdown' is clicked on

2023-01-06 18:56:28 - [MESSAGE][PASSED] - Object: 'Object Repository/11-Cloud Files/div_dropdown' is clicked on

2023-01-06 18:56:28 - [TEST_STEP][PASSED] - click(findTestObject("11-Cloud Files/mat-option_editor")): Object: 'Object Repository/11-Cloud Files/mat-option_editor' is clicked on

2023-01-06 18:56:29 - [MESSAGE][PASSED] - Object: 'Object Repository/11-Cloud Files/mat-option_editor' is clicked on

2023-01-06 18:56:29 - [TEST_STEP][PASSED] - delay(3): Delayed 3 second(s)

2023-01-06 18:56:32 - [MESSAGE][PASSED] - Delayed 3 second(s)

2023-01-06 18:56:32 - [TEST_STEP][PASSED] - verifyElementVisible(findTestObject("11-Cloud Files/div_GTGG tester2")): Object 'Object Repository/11-Cloud Files/div_GTGG tester2' is visible

2023-01-06 18:56:33 - [MESSAGE][PASSED] - Object 'Object Repository/11-Cloud Files/div_GTGG tester2' is visible

2023-01-06 18:56:33 - [TEST_STEP][PASSED] - click(findTestObject("11-Cloud Files/div_dropdown2")): Object: 'Object Repository/11-Cloud Files/div_dropdown2' is clicked on

2023-01-06 18:56:33 - [MESSAGE][PASSED] - Object: 'Object Repository/11-Cloud Files/div_dropdown2' is clicked on

2023-01-06 18:56:33 - [TEST_STEP][PASSED] - click(findTestObject("11-Cloud Files/mat-option-checkmark_editor")): Object: 'Object Repository/11-Cloud Files/mat-option-checkmark_editor' is clicked on

2023-01-06 18:56:35 - [MESSAGE][PASSED] - Object: 'Object Repository/11-Cloud Files/mat-option-checkmark_editor' is clicked on

2023-01-06 18:56:35 - [TEST_STEP][PASSED] - delay(3): Delayed 3 second(s)

2023-01-06 18:56:38 - [MESSAGE][PASSED] - Delayed 3 second(s)

2023-01-06 18:56:38 - [TEST_STEP][PASSED] - verifyElementVisible(findTestObject("11-Cloud Files/div_GTGG tester")): Object 'Object Repository/11-Cloud Files/div_GTGG tester' is visible

2023-01-06 18:56:40 - [MESSAGE][PASSED] - Object 'Object Repository/11-Cloud Files/div_GTGG tester' is visible

2023-01-06 18:56:40 - [TEST_STEP][PASSED] - click(findTestObject("11-Cloud Files/div_dropdown3")): Object: 'Object Repository/11-Cloud Files/div_dropdown3' is clicked on

2023-01-06 18:56:41 - [MESSAGE][PASSED] - Object: 'Object Repository/11-Cloud Files/div_dropdown3' is clicked on

2023-01-06 18:56:41 - [TEST_STEP][PASSED] - click(findTestObject("11-Cloud Files/span_delete Remove Access")): Object: 'Object Repository/11-Cloud Files/span_delete Remove Access' is clicked on

2023-01-06 18:56:42 - [MESSAGE][PASSED] - Object: 'Object Repository/11-Cloud Files/span_delete Remove Access' is clicked on

2023-01-06 18:56:42 - [TEST_STEP][PASSED] - click(findTestObject("11-Cloud Files/button_done")): Object: 'Object Repository/11-Cloud Files/button_done' is clicked on

2023-01-06 18:56:44 - [MESSAGE][PASSED] - Object: 'Object Repository/11-Cloud Files/button_done' is clicked on

2023-01-06 18:56:44 - [TEST_STEP][PASSED] - delay(3): Delayed 3 second(s)

2023-01-06 18:56:47 - [MESSAGE][PASSED] - Delayed 3 second(s)

2023-01-06 18:56:47 - [TEST_STEP][PASSED] - rightClick(findTestObject("11-Cloud Files/td_Automation folder EDIT")): Object: 'Object Repository/11-Cloud Files/td_Automation folder EDIT' is right clicked on

2023-01-06 18:56:49 - [MESSAGE][PASSED] - Object: 'Object Repository/11-Cloud Files/td_Automation folder EDIT' is right clicked on

2023-01-06 18:56:49 - [TEST_STEP][PASSED] - click(findTestObject("11-Cloud Files/button_Share")): Object: 'Object Repository/11-Cloud Files/button_Share' is clicked on

2023-01-06 18:56:50 - [MESSAGE][PASSED] - Object: 'Object Repository/11-Cloud Files/button_Share' is clicked on

2023-01-06 18:56:50 - [TEST_STEP][PASSED] - click(findTestObject("11-Cloud Files/button_Copy Share Link")): Object: 'Object Repository/11-Cloud Files/button_Copy Share Link' is clicked on

2023-01-06 18:56:51 - [MESSAGE][PASSED] - Object: 'Object Repository/11-Cloud Files/button_Copy Share Link' is clicked on

2023-01-06 18:56:51 - [TEST_STEP][PASSED] - delay(3): Delayed 3 second(s)

2023-01-06 18:56:54 - [MESSAGE][PASSED] - Delayed 3 second(s)

2023-01-06 18:56:54 - [TEST_STEP][PASSED] - my_clipboard = getContents(null).getTransferData(stringFlavor): null

2023-01-06 18:56:54 - [TEST_STEP][PASSED] - navigateToUrl(my_clipboard): Navigate to 'https://xukp7.app.goo.gl/WyYr' successfully

2023-01-06 18:57:12 - [MESSAGE][PASSED] - Navigate to 'https://xukp7.app.goo.gl/WyYr' successfully

2023-01-06 18:57:12 - [TEST_STEP][PASSED] - delay(5): Delayed 5 second(s)

2023-01-06 18:57:17 - [MESSAGE][PASSED] - Delayed 5 second(s)

2023-01-06 18:57:17 - [TEST_STEP][PASSED] - click(findTestObject("03-Header Menu/Hamburger Button/div_Cloud Files")): Object: 'Object Repository/03-Header Menu/Hamburger Button/div_Cloud Files' is clicked on

2023-01-06 18:57:22 - [MESSAGE][PASSED] - Object: 'Object Repository/03-Header Menu/Hamburger Button/div_Cloud Files' is clicked on

2023-01-06 18:57:22 - [TEST_STEP][PASSED] - scrollToElement(findTestObject("11-Cloud Files/a_My Files"), 0): Scroll to object 'Object Repository/11-Cloud Files/a_My Files' successfully

2023-01-06 18:57:22 - [MESSAGE][WARNING] - Timeout '0' is invalid. Using default page load timeout: '30'

2023-01-06 18:57:23 - [MESSAGE][PASSED] - Scroll to object 'Object Repository/11-Cloud Files/a_My Files' successfully

2023-01-06 18:57:23 - [TEST_STEP][PASSED] - click(findTestObject("11-Cloud Files/a_My Files")): Object: 'Object Repository/11-Cloud Files/a_My Files' is clicked on

2023-01-06 18:57:25 - [MESSAGE][PASSED] - Object: 'Object Repository/11-Cloud Files/a_My Files' is clicked on

2023-01-06 18:57:25 - [TEST_STEP][PASSED] - click(findTestObject("11-Cloud Files/h4_MY FILES")): Object: 'Object Repository/11-Cloud Files/h4_MY FILES' is clicked on

2023-01-06 18:57:26 - [MESSAGE][PASSED] - Object: 'Object Repository/11-Cloud Files/h4_MY FILES' is clicked on

2023-01-06 18:57:26 - [TEST_STEP][PASSED] - delay(3): Delayed 3 second(s)

2023-01-06 18:57:29 - [MESSAGE][PASSED] - Delayed 3 second(s)]]></system-out>
         <system-err><![CDATA[]]></system-err>
      </testcase>
      <testcase name="Test Cases/11-Cloud Files/13-Delete a file and folder" time="20.684" classname="Test Cases/11-Cloud Files/13-Delete a file and folder" status="PASSED">
         <system-out><![CDATA[2023-01-06 18:57:30 - [TEST_CASE][PASSED] - Test Cases/11-Cloud Files/13-Delete a file and folder: Test Cases/11-Cloud Files/13-Delete a file and folder

2023-01-06 18:57:31 - [TEST_STEP][PASSED] - rightClick(findTestObject("11-Cloud Files/td_Automation folder EDIT")): Object: 'Object Repository/11-Cloud Files/td_Automation folder EDIT' is right clicked on

2023-01-06 18:57:32 - [MESSAGE][PASSED] - Object: 'Object Repository/11-Cloud Files/td_Automation folder EDIT' is right clicked on

2023-01-06 18:57:32 - [TEST_STEP][PASSED] - click(findTestObject("11-Cloud Files/button_deleteDelete")): Object: 'Object Repository/11-Cloud Files/button_deleteDelete' is clicked on

2023-01-06 18:57:33 - [MESSAGE][PASSED] - Object: 'Object Repository/11-Cloud Files/button_deleteDelete' is clicked on

2023-01-06 18:57:33 - [TEST_STEP][PASSED] - verifyElementVisible(findTestObject("11-Cloud Files/mat-dialog-container_DeleteConfirmationModal")): Object 'Object Repository/11-Cloud Files/mat-dialog-container_DeleteConfirmationModal' is visible

2023-01-06 18:57:34 - [MESSAGE][PASSED] - Object 'Object Repository/11-Cloud Files/mat-dialog-container_DeleteConfirmationModal' is visible

2023-01-06 18:57:34 - [TEST_STEP][PASSED] - click(findTestObject("11-Cloud Files/button_Confirm")): Object: 'Object Repository/11-Cloud Files/button_Confirm' is clicked on

2023-01-06 18:57:36 - [MESSAGE][PASSED] - Object: 'Object Repository/11-Cloud Files/button_Confirm' is clicked on

2023-01-06 18:57:36 - [TEST_STEP][PASSED] - delay(3): Delayed 3 second(s)

2023-01-06 18:57:39 - [MESSAGE][PASSED] - Delayed 3 second(s)

2023-01-06 18:57:39 - [TEST_STEP][PASSED] - rightClick(findTestObject("11-Cloud Files/td_qa EditPeople")): Object: 'Object Repository/11-Cloud Files/td_qa EditPeople' is right clicked on

2023-01-06 18:57:40 - [MESSAGE][PASSED] - Object: 'Object Repository/11-Cloud Files/td_qa EditPeople' is right clicked on

2023-01-06 18:57:40 - [TEST_STEP][PASSED] - click(findTestObject("11-Cloud Files/button_deleteDelete")): Object: 'Object Repository/11-Cloud Files/button_deleteDelete' is clicked on

2023-01-06 18:57:41 - [MESSAGE][PASSED] - Object: 'Object Repository/11-Cloud Files/button_deleteDelete' is clicked on

2023-01-06 18:57:41 - [TEST_STEP][PASSED] - verifyElementVisible(findTestObject("11-Cloud Files/mat-dialog-container_DeleteConfirmationModal")): Object 'Object Repository/11-Cloud Files/mat-dialog-container_DeleteConfirmationModal' is visible

2023-01-06 18:57:42 - [MESSAGE][PASSED] - Object 'Object Repository/11-Cloud Files/mat-dialog-container_DeleteConfirmationModal' is visible

2023-01-06 18:57:42 - [TEST_STEP][PASSED] - click(findTestObject("11-Cloud Files/button_Confirm")): Object: 'Object Repository/11-Cloud Files/button_Confirm' is clicked on

2023-01-06 18:57:42 - [MESSAGE][PASSED] - Object: 'Object Repository/11-Cloud Files/button_Confirm' is clicked on

2023-01-06 18:57:42 - [TEST_STEP][PASSED] - delay(4): Delayed 4 second(s)

2023-01-06 18:57:46 - [MESSAGE][PASSED] - Delayed 4 second(s)

2023-01-06 18:57:46 - [TEST_STEP][PASSED] - closeBrowser(): Browser is closed

2023-01-06 18:57:50 - [MESSAGE][PASSED] - Browser is closed]]></system-out>
         <system-err><![CDATA[]]></system-err>
      </testcase>
      <system-out><![CDATA[2023-01-06 18:48:53 - [TEST_SUITE][PASSED] - 11-Cloud Files: Test Cases/11-Cloud Files/13-Delete a file and folder]]></system-out>
      <system-err><![CDATA[]]></system-err>
   </testsuite>
</testsuites>
