<?xml version="1.0" encoding="UTF-8"?>
<testsuites name="09-Settings" time="1116.098" tests="5" failures="1" errors="0">
   <testsuite name="09-Settings" tests="5" failures="1" errors="0" time="1116.098" skipped="0" timestamp="2022-09-14 13:47:11" hostname="User - DESKTOP-QCRNR4M" id="Test Suites/TS-Organization/09-Settings">
      <properties>
         <property name="deviceName" value=""/>
         <property name="devicePlatform" value=""/>
         <property name="logFolder" value="C:\\Users\\User\\Katalon Studio\\EverleaguesMain\\Reports\\20220914_134709\\TS-Organization\\09-Settings\\20220914_134709"/>
         <property name="logFiles" value="C:\\Users\\User\\Katalon Studio\\EverleaguesMain\\Reports\\20220914_134709\\TS-Organization\\09-Settings\\20220914_134709\\execution0.log"/>
         <property name="attachments" value="C:\\Users\\User\\Katalon Studio\\EverleaguesMain\\Reports\\20220914_134709\\TS-Organization\\09-Settings\\20220914_134709\\1663135547214.png, C:\\Users\\User\\Katalon Studio\\EverleaguesMain\\Reports\\20220914_134709\\TS-Organization\\09-Settings\\20220914_134709\\1663135547406.png"/>
         <property name="hostName" value="User - DESKTOP-QCRNR4M"/>
         <property name="os" value="Windows 10 64bit"/>
         <property name="katalonVersion" value="8.4.1.208"/>
         <property name="browser" value="Chrome 105.0.0.0"/>
         <property name="hostAddress" value="192.168.5.124"/>
         <property name="sessionId" value="b44d69a4fd8f8745c25211b0f71db1a3"/>
         <property name="seleniumVersion" value="3.141.59"/>
         <property name="proxyInformation" value="ProxyInformation { proxyOption=NO_PROXY, proxyServerType=HTTP, username=, password=********, proxyServerAddress=, proxyServerPort=0, executionList=&quot;&quot;, isApplyToDesiredCapabilities=true }"/>
         <property name="platform" value="Windows 10"/>
      </properties>
      <testcase name="Test Cases/09-Settings/01 - Users (Invite new user but field are blank)" time="104.729" classname="Test Cases/09-Settings/01 - Users (Invite new user but field are blank)" status="PASSED">
         <system-out><![CDATA[2022-09-14 13:47:11 - [TEST_CASE][PASSED] - Test Cases/09-Settings/01 - Users (Invite new user but field are blank): Test Cases/09-Settings/01 - Users (Invite new user but field are blank)

2022-09-14 13:47:12 - [TEST_STEP][PASSED] - openBrowser(""): Browser is opened with url: ''

2022-09-14 13:47:12 - [MESSAGE][INFO] - Starting 'Chrome' driver

2022-09-14 13:47:12 - [MESSAGE][INFO] - Action delay is set to 0 milliseconds

2022-09-14 13:47:14 - [MESSAGE][PASSED] - Browser is opened with url: ''

2022-09-14 13:47:14 - [TEST_STEP][PASSED] - navigateToUrl("https://lab.everleagues.com/"): Navigate to 'https://lab.everleagues.com/' successfully

2022-09-14 13:47:36 - [MESSAGE][PASSED] - Navigate to 'https://lab.everleagues.com/' successfully

2022-09-14 13:47:36 - [TEST_STEP][PASSED] - maximizeWindow(): Current window maximized

2022-09-14 13:47:36 - [MESSAGE][PASSED] - Current window maximized

2022-09-14 13:47:36 - [TEST_STEP][PASSED] - setText(findTestObject("02-Side Icons(Organization)/Add Contact/Email Field"), "testuser02@mailinator.com"): Text 'testuser02@mailinator.com' is set on object 'Object Repository/02-Side Icons(Organization)/Add Contact/Email Field'

2022-09-14 13:47:37 - [MESSAGE][PASSED] - Text 'testuser02@mailinator.com' is set on object 'Object Repository/02-Side Icons(Organization)/Add Contact/Email Field'

2022-09-14 13:47:37 - [TEST_STEP][PASSED] - setEncryptedText(findTestObject("02-Side Icons(Organization)/Add Contact/Password Field"), "8yFRyszE6U6jvsCn51OQbg=="): Text ****** has been set on object 'Object Repository/02-Side Icons(Organization)/Add Contact/Password Field'

2022-09-14 13:47:37 - [MESSAGE][PASSED] - Text ****** has been set on object 'Object Repository/02-Side Icons(Organization)/Add Contact/Password Field'

2022-09-14 13:47:37 - [TEST_STEP][PASSED] - click(findTestObject("02-Side Icons(Organization)/Add Contact/button_Sign in")): Object: 'Object Repository/02-Side Icons(Organization)/Add Contact/button_Sign in' is clicked on

2022-09-14 13:47:38 - [MESSAGE][PASSED] - Object: 'Object Repository/02-Side Icons(Organization)/Add Contact/button_Sign in' is clicked on

2022-09-14 13:47:38 - [TEST_STEP][PASSED] - delay(2): Delayed 2 second(s)

2022-09-14 13:47:40 - [MESSAGE][PASSED] - Delayed 2 second(s)

2022-09-14 13:47:40 - [TEST_STEP][PASSED] - click(findTestObject("06-Teams/For 2FA/button_Confirm_2FA")): Object: 'Object Repository/06-Teams/For 2FA/button_Confirm_2FA' is clicked on

2022-09-14 13:47:40 - [MESSAGE][PASSED] - Object: 'Object Repository/06-Teams/For 2FA/button_Confirm_2FA' is clicked on

2022-09-14 13:47:40 - [TEST_STEP][PASSED] - executeJavaScript("window.open();", []): Execute JavaScript 'window.open();' successfully

2022-09-14 13:47:40 - [MESSAGE][PASSED] - Execute JavaScript 'window.open();' successfully

2022-09-14 13:47:40 - [TEST_STEP][PASSED] - currentWindow = getWindowIndex(): Current window's index is: 0

2022-09-14 13:47:40 - [MESSAGE][PASSED] - Current window's index is: 0

2022-09-14 13:47:40 - [TEST_STEP][PASSED] - delay(3): Delayed 3 second(s)

2022-09-14 13:47:43 - [MESSAGE][PASSED] - Delayed 3 second(s)

2022-09-14 13:47:43 - [TEST_STEP][PASSED] - switchToWindowIndex(currentWindow + 1): Switched to window with index: '1'

2022-09-14 13:47:43 - [MESSAGE][PASSED] - Switched to window with index: '1'

2022-09-14 13:47:43 - [TEST_STEP][PASSED] - navigateToUrl("https://www.mailinator.com/"): Navigate to 'https://www.mailinator.com/' successfully

2022-09-14 13:47:45 - [MESSAGE][PASSED] - Navigate to 'https://www.mailinator.com/' successfully

2022-09-14 13:47:45 - [TEST_STEP][PASSED] - delay(3): Delayed 3 second(s)

2022-09-14 13:47:48 - [MESSAGE][PASSED] - Delayed 3 second(s)

2022-09-14 13:47:48 - [TEST_STEP][PASSED] - setText(findTestObject("00-Signup and Activation/zMailinator/input_LOGIN_search"), "testuser02@mailinator.com"): Text 'testuser02@mailinator.com' is set on object 'Object Repository/00-Signup and Activation/zMailinator/input_LOGIN_search'

2022-09-14 13:47:49 - [MESSAGE][PASSED] - Text 'testuser02@mailinator.com' is set on object 'Object Repository/00-Signup and Activation/zMailinator/input_LOGIN_search'

2022-09-14 13:47:49 - [TEST_STEP][PASSED] - click(findTestObject("00-Signup and Activation/zMailinator/gobutton"), STOP_ON_FAILURE): Object: 'Object Repository/00-Signup and Activation/zMailinator/gobutton' is clicked on

2022-09-14 13:47:51 - [MESSAGE][PASSED] - Object: 'Object Repository/00-Signup and Activation/zMailinator/gobutton' is clicked on

2022-09-14 13:47:51 - [TEST_STEP][PASSED] - delay(3): Delayed 3 second(s)

2022-09-14 13:47:54 - [MESSAGE][PASSED] - Delayed 3 second(s)

2022-09-14 13:47:54 - [TEST_STEP][PASSED] - click(findTestObject("00-Signup and Activation/zMailinator/Email - everleagues")): Object: 'Object Repository/00-Signup and Activation/zMailinator/Email - everleagues' is clicked on

2022-09-14 13:47:54 - [MESSAGE][PASSED] - Object: 'Object Repository/00-Signup and Activation/zMailinator/Email - everleagues' is clicked on

2022-09-14 13:47:54 - [TEST_STEP][PASSED] - delay(3): Delayed 3 second(s)

2022-09-14 13:47:57 - [MESSAGE][PASSED] - Delayed 3 second(s)

2022-09-14 13:47:57 - [TEST_STEP][PASSED] - code = getText(findTestObject("Object Repository/06-Teams/For 2FA/2FA code")): Text of object 'Object Repository/06-Teams/For 2FA/2FA code' is: '752826'

2022-09-14 13:47:58 - [MESSAGE][PASSED] - Text of object 'Object Repository/06-Teams/For 2FA/2FA code' is: '752826'

2022-09-14 13:47:58 - [TEST_STEP][PASSED] - delay(3): Delayed 3 second(s)

2022-09-14 13:48:01 - [MESSAGE][PASSED] - Delayed 3 second(s)

2022-09-14 13:48:01 - [TEST_STEP][PASSED] - closeWindowTitle("Mailinator"): Window with title: 'Mailinator' is closed

2022-09-14 13:48:01 - [MESSAGE][PASSED] - Window with title: 'Mailinator' is closed

2022-09-14 13:48:01 - [TEST_STEP][PASSED] - delay(3): Delayed 3 second(s)

2022-09-14 13:48:04 - [MESSAGE][PASSED] - Delayed 3 second(s)

2022-09-14 13:48:04 - [TEST_STEP][PASSED] - switchToWindowIndex(0): Switched to window with index: '0'

2022-09-14 13:48:04 - [MESSAGE][PASSED] - Switched to window with index: '0'

2022-09-14 13:48:04 - [TEST_STEP][PASSED] - delay(3): Delayed 3 second(s)

2022-09-14 13:48:07 - [MESSAGE][PASSED] - Delayed 3 second(s)

2022-09-14 13:48:07 - [TEST_STEP][PASSED] - setText(findTestObject("Object Repository/06-Teams/For 2FA/input_Enter verification code_code"), code): Text '752826' is set on object 'Object Repository/06-Teams/For 2FA/input_Enter verification code_code'

2022-09-14 13:48:08 - [MESSAGE][PASSED] - Text '752826' is set on object 'Object Repository/06-Teams/For 2FA/input_Enter verification code_code'

2022-09-14 13:48:08 - [TEST_STEP][PASSED] - delay(3): Delayed 3 second(s)

2022-09-14 13:48:11 - [MESSAGE][PASSED] - Delayed 3 second(s)

2022-09-14 13:48:11 - [TEST_STEP][PASSED] - click(findTestObject("06-Teams/For 2FA/button_Verify_2FA")): Object: 'Object Repository/06-Teams/For 2FA/button_Verify_2FA' is clicked on

2022-09-14 13:48:11 - [MESSAGE][PASSED] - Object: 'Object Repository/06-Teams/For 2FA/button_Verify_2FA' is clicked on

2022-09-14 13:48:11 - [TEST_STEP][PASSED] - delay(5): Delayed 5 second(s)

2022-09-14 13:48:16 - [MESSAGE][PASSED] - Delayed 5 second(s)

2022-09-14 13:48:16 - [TEST_STEP][PASSED] - click(findTestObject("06-Teams/button_doublearrow")): Object: 'Object Repository/06-Teams/button_doublearrow' is clicked on

2022-09-14 13:48:17 - [MESSAGE][PASSED] - Object: 'Object Repository/06-Teams/button_doublearrow' is clicked on

2022-09-14 13:48:17 - [TEST_STEP][PASSED] - click(findTestObject("06-Teams/button_My Organizations")): Object: 'Object Repository/06-Teams/button_My Organizations' is clicked on

2022-09-14 13:48:17 - [MESSAGE][PASSED] - Object: 'Object Repository/06-Teams/button_My Organizations' is clicked on

2022-09-14 13:48:17 - [TEST_STEP][PASSED] - click(findTestObject("06-Teams/button_GG Automation")): Object: 'Object Repository/06-Teams/button_GG Automation' is clicked on

2022-09-14 13:48:18 - [MESSAGE][PASSED] - Object: 'Object Repository/06-Teams/button_GG Automation' is clicked on

2022-09-14 13:48:18 - [TEST_STEP][PASSED] - delay(4): Delayed 4 second(s)

2022-09-14 13:48:22 - [MESSAGE][PASSED] - Delayed 4 second(s)

2022-09-14 13:48:22 - [TEST_STEP][PASSED] - verifyElementVisible(findTestObject("06-Teams/span_GG Automation")): Object 'Object Repository/06-Teams/span_GG Automation' is visible

2022-09-14 13:48:22 - [MESSAGE][PASSED] - Object 'Object Repository/06-Teams/span_GG Automation' is visible

2022-09-14 13:48:22 - [TEST_STEP][PASSED] - delay(10): Delayed 10 second(s)

2022-09-14 13:48:32 - [MESSAGE][PASSED] - Delayed 10 second(s)

2022-09-14 13:48:32 - [TEST_STEP][PASSED] - click(findTestObject("03-Header Menu/Hamburger Button/div_Settings")): Object: 'Object Repository/03-Header Menu/Hamburger Button/div_Settings' is clicked on

2022-09-14 13:48:33 - [MESSAGE][PASSED] - Object: 'Object Repository/03-Header Menu/Hamburger Button/div_Settings' is clicked on

2022-09-14 13:48:33 - [TEST_STEP][PASSED] - verifyElementVisible(findTestObject("09-Settings/Users/div_Organization")): Object 'Object Repository/09-Settings/Users/div_Organization' is visible

2022-09-14 13:48:33 - [MESSAGE][PASSED] - Object 'Object Repository/09-Settings/Users/div_Organization' is visible

2022-09-14 13:48:33 - [TEST_STEP][PASSED] - verifyElementVisible(findTestObject("09-Settings/Users/div_Organization Units")): Object 'Object Repository/09-Settings/Users/div_Organization Units' is visible

2022-09-14 13:48:34 - [MESSAGE][PASSED] - Object 'Object Repository/09-Settings/Users/div_Organization Units' is visible

2022-09-14 13:48:34 - [TEST_STEP][PASSED] - verifyElementVisible(findTestObject("09-Settings/Users/div_Subscriptions")): Object 'Object Repository/09-Settings/Users/div_Subscriptions' is visible

2022-09-14 13:48:34 - [MESSAGE][PASSED] - Object 'Object Repository/09-Settings/Users/div_Subscriptions' is visible

2022-09-14 13:48:34 - [TEST_STEP][PASSED] - verifyElementVisible(findTestObject("09-Settings/Users/div_Users")): Object 'Object Repository/09-Settings/Users/div_Users' is visible

2022-09-14 13:48:34 - [MESSAGE][PASSED] - Object 'Object Repository/09-Settings/Users/div_Users' is visible

2022-09-14 13:48:34 - [TEST_STEP][PASSED] - delay(3): Delayed 3 second(s)

2022-09-14 13:48:37 - [MESSAGE][PASSED] - Delayed 3 second(s)

2022-09-14 13:48:37 - [TEST_STEP][PASSED] - click(findTestObject("09-Settings/Users/div_Users")): Object: 'Object Repository/09-Settings/Users/div_Users' is clicked on

2022-09-14 13:48:38 - [MESSAGE][PASSED] - Object: 'Object Repository/09-Settings/Users/div_Users' is clicked on

2022-09-14 13:48:38 - [TEST_STEP][PASSED] - verifyElementVisible(findTestObject("09-Settings/Users/h4_USERS")): Object 'Object Repository/09-Settings/Users/h4_USERS' is visible

2022-09-14 13:48:39 - [MESSAGE][PASSED] - Object 'Object Repository/09-Settings/Users/h4_USERS' is visible

2022-09-14 13:48:39 - [TEST_STEP][PASSED] - verifyElementVisible(findTestObject("09-Settings/Users/User Page")): Object 'Object Repository/09-Settings/Users/User Page' is visible

2022-09-14 13:48:40 - [MESSAGE][PASSED] - Object 'Object Repository/09-Settings/Users/User Page' is visible

2022-09-14 13:48:40 - [TEST_STEP][PASSED] - delay(3): Delayed 3 second(s)

2022-09-14 13:48:43 - [MESSAGE][PASSED] - Delayed 3 second(s)

2022-09-14 13:48:43 - [TEST_STEP][PASSED] - click(findTestObject("09-Settings/Users/button_add")): Object: 'Object Repository/09-Settings/Users/button_add' is clicked on

2022-09-14 13:48:43 - [MESSAGE][PASSED] - Object: 'Object Repository/09-Settings/Users/button_add' is clicked on

2022-09-14 13:48:43 - [TEST_STEP][PASSED] - verifyElementVisible(findTestObject("09-Settings/Users/User Invitation modal")): Object 'Object Repository/09-Settings/Users/User Invitation modal' is visible

2022-09-14 13:48:43 - [MESSAGE][PASSED] - Object 'Object Repository/09-Settings/Users/User Invitation modal' is visible

2022-09-14 13:48:43 - [TEST_STEP][PASSED] - delay(3): Delayed 3 second(s)

2022-09-14 13:48:46 - [MESSAGE][PASSED] - Delayed 3 second(s)

2022-09-14 13:48:46 - [TEST_STEP][PASSED] - click(findTestObject("09-Settings/Users/add Invite a single user")): Object: 'Object Repository/09-Settings/Users/add Invite a single user' is clicked on

2022-09-14 13:48:47 - [MESSAGE][PASSED] - Object: 'Object Repository/09-Settings/Users/add Invite a single user' is clicked on

2022-09-14 13:48:47 - [TEST_STEP][PASSED] - verifyElementVisible(findTestObject("09-Settings/Users/Invite new user modal")): Object 'Object Repository/09-Settings/Users/Invite new user modal' is visible

2022-09-14 13:48:48 - [MESSAGE][PASSED] - Object 'Object Repository/09-Settings/Users/Invite new user modal' is visible

2022-09-14 13:48:48 - [TEST_STEP][PASSED] - click(findTestObject("09-Settings/Users/input_email")): Object: 'Object Repository/09-Settings/Users/input_email' is clicked on

2022-09-14 13:48:48 - [MESSAGE][PASSED] - Object: 'Object Repository/09-Settings/Users/input_email' is clicked on

2022-09-14 13:48:48 - [TEST_STEP][PASSED] - click(findTestObject("09-Settings/Users/input_firstName")): Object: 'Object Repository/09-Settings/Users/input_firstName' is clicked on

2022-09-14 13:48:49 - [MESSAGE][PASSED] - Object: 'Object Repository/09-Settings/Users/input_firstName' is clicked on

2022-09-14 13:48:49 - [TEST_STEP][PASSED] - click(findTestObject("09-Settings/Users/input_lastName")): Object: 'Object Repository/09-Settings/Users/input_lastName' is clicked on

2022-09-14 13:48:49 - [MESSAGE][PASSED] - Object: 'Object Repository/09-Settings/Users/input_lastName' is clicked on

2022-09-14 13:48:49 - [TEST_STEP][PASSED] - click(findTestObject("09-Settings/Users/span_Role")): Object: 'Object Repository/09-Settings/Users/span_Role' is clicked on

2022-09-14 13:48:50 - [MESSAGE][PASSED] - Object: 'Object Repository/09-Settings/Users/span_Role' is clicked on

2022-09-14 13:48:50 - [TEST_STEP][PASSED] - clickOffset(findTestObject("09-Settings/Users/h4_Invite New User"), 100, 100): Object: 'Object Repository/09-Settings/Users/h4_Invite New User' is clicked on using offset x=100 and y=100

2022-09-14 13:48:50 - [MESSAGE][PASSED] - Object: 'Object Repository/09-Settings/Users/h4_Invite New User' is clicked on using offset x=100 and y=100

2022-09-14 13:48:50 - [TEST_STEP][PASSED] - verifyElementVisible(findTestObject("09-Settings/Users/Email required")): Object 'Object Repository/09-Settings/Users/Email required' is visible

2022-09-14 13:48:51 - [MESSAGE][PASSED] - Object 'Object Repository/09-Settings/Users/Email required' is visible

2022-09-14 13:48:51 - [TEST_STEP][PASSED] - verifyElementVisible(findTestObject("09-Settings/Users/Firstname required")): Object 'Object Repository/09-Settings/Users/Firstname required' is visible

2022-09-14 13:48:52 - [MESSAGE][PASSED] - Object 'Object Repository/09-Settings/Users/Firstname required' is visible

2022-09-14 13:48:52 - [TEST_STEP][PASSED] - verifyElementVisible(findTestObject("09-Settings/Users/last name required")): Object 'Object Repository/09-Settings/Users/last name required' is visible

2022-09-14 13:48:52 - [MESSAGE][PASSED] - Object 'Object Repository/09-Settings/Users/last name required' is visible

2022-09-14 13:48:52 - [TEST_STEP][PASSED] - verifyElementVisible(findTestObject("09-Settings/Users/error_Select a role")): Object 'Object Repository/09-Settings/Users/error_Select a role' is visible

2022-09-14 13:48:52 - [MESSAGE][PASSED] - Object 'Object Repository/09-Settings/Users/error_Select a role' is visible

2022-09-14 13:48:52 - [TEST_STEP][PASSED] - delay(3): Delayed 3 second(s)

2022-09-14 13:48:55 - [MESSAGE][PASSED] - Delayed 3 second(s)

2022-09-14 13:48:55 - [TEST_STEP][PASSED] - closeBrowser(): Browser is closed

2022-09-14 13:48:56 - [MESSAGE][PASSED] - Browser is closed]]></system-out>
         <system-err><![CDATA[]]></system-err>
      </testcase>
      <testcase name="Test Cases/09-Settings/02 - Users (Invite new user as co worker)" time="449.118" classname="Test Cases/09-Settings/02 - Users (Invite new user as co worker)" status="PASSED">
         <system-out><![CDATA[2022-09-14 13:48:56 - [TEST_CASE][PASSED] - Test Cases/09-Settings/02 - Users (Invite new user as co worker): Test Cases/09-Settings/02 - Users (Invite new user as co worker)

2022-09-14 13:48:56 - [TEST_STEP][PASSED] - openBrowser(""): Browser is opened with url: ''

2022-09-14 13:48:56 - [MESSAGE][INFO] - Starting 'Chrome' driver

2022-09-14 13:48:56 - [MESSAGE][INFO] - Action delay is set to 0 milliseconds

2022-09-14 13:48:58 - [MESSAGE][PASSED] - Browser is opened with url: ''

2022-09-14 13:48:58 - [TEST_STEP][PASSED] - navigateToUrl("https://lab.everleagues.com/"): Navigate to 'https://lab.everleagues.com/' successfully

2022-09-14 13:49:36 - [MESSAGE][PASSED] - Navigate to 'https://lab.everleagues.com/' successfully

2022-09-14 13:49:36 - [TEST_STEP][PASSED] - maximizeWindow(): Current window maximized

2022-09-14 13:49:36 - [MESSAGE][PASSED] - Current window maximized

2022-09-14 13:49:36 - [TEST_STEP][PASSED] - setText(findTestObject("02-Side Icons(Organization)/Add Contact/Email Field"), "testuser02@mailinator.com"): Text 'testuser02@mailinator.com' is set on object 'Object Repository/02-Side Icons(Organization)/Add Contact/Email Field'

2022-09-14 13:49:37 - [MESSAGE][PASSED] - Text 'testuser02@mailinator.com' is set on object 'Object Repository/02-Side Icons(Organization)/Add Contact/Email Field'

2022-09-14 13:49:37 - [TEST_STEP][PASSED] - setEncryptedText(findTestObject("02-Side Icons(Organization)/Add Contact/Password Field"), "8yFRyszE6U6jvsCn51OQbg=="): Text ****** has been set on object 'Object Repository/02-Side Icons(Organization)/Add Contact/Password Field'

2022-09-14 13:49:37 - [MESSAGE][PASSED] - Text ****** has been set on object 'Object Repository/02-Side Icons(Organization)/Add Contact/Password Field'

2022-09-14 13:49:37 - [TEST_STEP][PASSED] - click(findTestObject("02-Side Icons(Organization)/Add Contact/button_Sign in")): Object: 'Object Repository/02-Side Icons(Organization)/Add Contact/button_Sign in' is clicked on

2022-09-14 13:49:38 - [MESSAGE][PASSED] - Object: 'Object Repository/02-Side Icons(Organization)/Add Contact/button_Sign in' is clicked on

2022-09-14 13:49:38 - [TEST_STEP][PASSED] - delay(2): Delayed 2 second(s)

2022-09-14 13:49:40 - [MESSAGE][PASSED] - Delayed 2 second(s)

2022-09-14 13:49:40 - [TEST_STEP][PASSED] - click(findTestObject("06-Teams/For 2FA/button_Confirm_2FA")): Object: 'Object Repository/06-Teams/For 2FA/button_Confirm_2FA' is clicked on

2022-09-14 13:49:40 - [MESSAGE][PASSED] - Object: 'Object Repository/06-Teams/For 2FA/button_Confirm_2FA' is clicked on

2022-09-14 13:49:40 - [TEST_STEP][PASSED] - executeJavaScript("window.open();", []): Execute JavaScript 'window.open();' successfully

2022-09-14 13:49:40 - [MESSAGE][PASSED] - Execute JavaScript 'window.open();' successfully

2022-09-14 13:49:40 - [TEST_STEP][PASSED] - currentWindow = getWindowIndex(): Current window's index is: 0

2022-09-14 13:49:40 - [MESSAGE][PASSED] - Current window's index is: 0

2022-09-14 13:49:40 - [TEST_STEP][PASSED] - delay(3): Delayed 3 second(s)

2022-09-14 13:49:43 - [MESSAGE][PASSED] - Delayed 3 second(s)

2022-09-14 13:49:43 - [TEST_STEP][PASSED] - switchToWindowIndex(currentWindow + 1): Switched to window with index: '1'

2022-09-14 13:49:43 - [MESSAGE][PASSED] - Switched to window with index: '1'

2022-09-14 13:49:43 - [TEST_STEP][PASSED] - navigateToUrl("https://www.mailinator.com/"): Navigate to 'https://www.mailinator.com/' successfully

2022-09-14 13:49:45 - [MESSAGE][PASSED] - Navigate to 'https://www.mailinator.com/' successfully

2022-09-14 13:49:45 - [TEST_STEP][PASSED] - delay(3): Delayed 3 second(s)

2022-09-14 13:49:48 - [MESSAGE][PASSED] - Delayed 3 second(s)

2022-09-14 13:49:48 - [TEST_STEP][PASSED] - setText(findTestObject("00-Signup and Activation/zMailinator/input_LOGIN_search"), "testuser02@mailinator.com"): Text 'testuser02@mailinator.com' is set on object 'Object Repository/00-Signup and Activation/zMailinator/input_LOGIN_search'

2022-09-14 13:49:49 - [MESSAGE][PASSED] - Text 'testuser02@mailinator.com' is set on object 'Object Repository/00-Signup and Activation/zMailinator/input_LOGIN_search'

2022-09-14 13:49:49 - [TEST_STEP][PASSED] - click(findTestObject("00-Signup and Activation/zMailinator/gobutton"), STOP_ON_FAILURE): Object: 'Object Repository/00-Signup and Activation/zMailinator/gobutton' is clicked on

2022-09-14 13:49:50 - [MESSAGE][PASSED] - Object: 'Object Repository/00-Signup and Activation/zMailinator/gobutton' is clicked on

2022-09-14 13:49:50 - [TEST_STEP][PASSED] - delay(3): Delayed 3 second(s)

2022-09-14 13:49:53 - [MESSAGE][PASSED] - Delayed 3 second(s)

2022-09-14 13:49:53 - [TEST_STEP][PASSED] - click(findTestObject("00-Signup and Activation/zMailinator/Email - everleagues")): Object: 'Object Repository/00-Signup and Activation/zMailinator/Email - everleagues' is clicked on

2022-09-14 13:49:54 - [MESSAGE][PASSED] - Object: 'Object Repository/00-Signup and Activation/zMailinator/Email - everleagues' is clicked on

2022-09-14 13:49:54 - [TEST_STEP][PASSED] - delay(3): Delayed 3 second(s)

2022-09-14 13:49:57 - [MESSAGE][PASSED] - Delayed 3 second(s)

2022-09-14 13:49:57 - [TEST_STEP][PASSED] - code = getText(findTestObject("Object Repository/06-Teams/For 2FA/2FA code")): Text of object 'Object Repository/06-Teams/For 2FA/2FA code' is: '994371'

2022-09-14 13:49:57 - [MESSAGE][PASSED] - Text of object 'Object Repository/06-Teams/For 2FA/2FA code' is: '994371'

2022-09-14 13:49:57 - [TEST_STEP][PASSED] - delay(3): Delayed 3 second(s)

2022-09-14 13:50:00 - [MESSAGE][PASSED] - Delayed 3 second(s)

2022-09-14 13:50:00 - [TEST_STEP][PASSED] - closeWindowTitle("Mailinator"): Window with title: 'Mailinator' is closed

2022-09-14 13:50:00 - [MESSAGE][PASSED] - Window with title: 'Mailinator' is closed

2022-09-14 13:50:00 - [TEST_STEP][PASSED] - delay(3): Delayed 3 second(s)

2022-09-14 13:50:03 - [MESSAGE][PASSED] - Delayed 3 second(s)

2022-09-14 13:50:03 - [TEST_STEP][PASSED] - switchToWindowIndex(0): Switched to window with index: '0'

2022-09-14 13:50:03 - [MESSAGE][PASSED] - Switched to window with index: '0'

2022-09-14 13:50:03 - [TEST_STEP][PASSED] - delay(3): Delayed 3 second(s)

2022-09-14 13:50:06 - [MESSAGE][PASSED] - Delayed 3 second(s)

2022-09-14 13:50:06 - [TEST_STEP][PASSED] - setText(findTestObject("Object Repository/06-Teams/For 2FA/input_Enter verification code_code"), code): Text '994371' is set on object 'Object Repository/06-Teams/For 2FA/input_Enter verification code_code'

2022-09-14 13:50:07 - [MESSAGE][PASSED] - Text '994371' is set on object 'Object Repository/06-Teams/For 2FA/input_Enter verification code_code'

2022-09-14 13:50:07 - [TEST_STEP][PASSED] - delay(3): Delayed 3 second(s)

2022-09-14 13:50:10 - [MESSAGE][PASSED] - Delayed 3 second(s)

2022-09-14 13:50:10 - [TEST_STEP][PASSED] - click(findTestObject("06-Teams/For 2FA/button_Verify_2FA")): Object: 'Object Repository/06-Teams/For 2FA/button_Verify_2FA' is clicked on

2022-09-14 13:50:11 - [MESSAGE][PASSED] - Object: 'Object Repository/06-Teams/For 2FA/button_Verify_2FA' is clicked on

2022-09-14 13:50:11 - [TEST_STEP][PASSED] - delay(5): Delayed 5 second(s)

2022-09-14 13:50:16 - [MESSAGE][PASSED] - Delayed 5 second(s)

2022-09-14 13:50:16 - [TEST_STEP][PASSED] - click(findTestObject("06-Teams/button_doublearrow")): Object: 'Object Repository/06-Teams/button_doublearrow' is clicked on

2022-09-14 13:50:16 - [MESSAGE][PASSED] - Object: 'Object Repository/06-Teams/button_doublearrow' is clicked on

2022-09-14 13:50:16 - [TEST_STEP][PASSED] - click(findTestObject("06-Teams/button_My Organizations")): Object: 'Object Repository/06-Teams/button_My Organizations' is clicked on

2022-09-14 13:50:17 - [MESSAGE][PASSED] - Object: 'Object Repository/06-Teams/button_My Organizations' is clicked on

2022-09-14 13:50:17 - [TEST_STEP][PASSED] - click(findTestObject("06-Teams/button_GG Automation")): Object: 'Object Repository/06-Teams/button_GG Automation' is clicked on

2022-09-14 13:50:17 - [MESSAGE][PASSED] - Object: 'Object Repository/06-Teams/button_GG Automation' is clicked on

2022-09-14 13:50:17 - [TEST_STEP][PASSED] - delay(4): Delayed 4 second(s)

2022-09-14 13:50:21 - [MESSAGE][PASSED] - Delayed 4 second(s)

2022-09-14 13:50:21 - [TEST_STEP][PASSED] - verifyElementVisible(findTestObject("06-Teams/span_GG Automation")): Object 'Object Repository/06-Teams/span_GG Automation' is visible

2022-09-14 13:50:22 - [MESSAGE][PASSED] - Object 'Object Repository/06-Teams/span_GG Automation' is visible

2022-09-14 13:50:22 - [TEST_STEP][PASSED] - delay(10): Delayed 10 second(s)

2022-09-14 13:50:32 - [MESSAGE][PASSED] - Delayed 10 second(s)

2022-09-14 13:50:32 - [TEST_STEP][PASSED] - click(findTestObject("03-Header Menu/Hamburger Button/div_Settings")): Object: 'Object Repository/03-Header Menu/Hamburger Button/div_Settings' is clicked on

2022-09-14 13:50:32 - [MESSAGE][PASSED] - Object: 'Object Repository/03-Header Menu/Hamburger Button/div_Settings' is clicked on

2022-09-14 13:50:32 - [TEST_STEP][PASSED] - delay(3): Delayed 3 second(s)

2022-09-14 13:50:35 - [MESSAGE][PASSED] - Delayed 3 second(s)

2022-09-14 13:50:35 - [TEST_STEP][PASSED] - click(findTestObject("09-Settings/Users/div_Users")): Object: 'Object Repository/09-Settings/Users/div_Users' is clicked on

2022-09-14 13:50:36 - [MESSAGE][PASSED] - Object: 'Object Repository/09-Settings/Users/div_Users' is clicked on

2022-09-14 13:50:36 - [TEST_STEP][PASSED] - delay(3): Delayed 3 second(s)

2022-09-14 13:50:39 - [MESSAGE][PASSED] - Delayed 3 second(s)

2022-09-14 13:50:39 - [TEST_STEP][PASSED] - click(findTestObject("09-Settings/Users/button_add")): Object: 'Object Repository/09-Settings/Users/button_add' is clicked on

2022-09-14 13:50:39 - [MESSAGE][PASSED] - Object: 'Object Repository/09-Settings/Users/button_add' is clicked on

2022-09-14 13:50:39 - [TEST_STEP][PASSED] - delay(3): Delayed 3 second(s)

2022-09-14 13:50:42 - [MESSAGE][PASSED] - Delayed 3 second(s)

2022-09-14 13:50:42 - [TEST_STEP][PASSED] - click(findTestObject("09-Settings/Users/add Invite a single user")): Object: 'Object Repository/09-Settings/Users/add Invite a single user' is clicked on

2022-09-14 13:50:43 - [MESSAGE][PASSED] - Object: 'Object Repository/09-Settings/Users/add Invite a single user' is clicked on

2022-09-14 13:50:43 - [TEST_STEP][PASSED] - delay(3): Delayed 3 second(s)

2022-09-14 13:50:46 - [MESSAGE][PASSED] - Delayed 3 second(s)

2022-09-14 13:50:46 - [TEST_STEP][PASSED] - setText(findTestObject("09-Settings/Users/input_email"), "autotester04@mailinator.com"): Text 'autotester04@mailinator.com' is set on object 'Object Repository/09-Settings/Users/input_email'

2022-09-14 13:50:47 - [MESSAGE][PASSED] - Text 'autotester04@mailinator.com' is set on object 'Object Repository/09-Settings/Users/input_email'

2022-09-14 13:50:47 - [TEST_STEP][PASSED] - setText(findTestObject("09-Settings/Users/input_firstName"), "GG"): Text 'GG' is set on object 'Object Repository/09-Settings/Users/input_firstName'

2022-09-14 13:50:47 - [MESSAGE][PASSED] - Text 'GG' is set on object 'Object Repository/09-Settings/Users/input_firstName'

2022-09-14 13:50:47 - [TEST_STEP][PASSED] - setText(findTestObject("09-Settings/Users/input_lastName"), "Auto Contact 2"): Text 'Auto Contact 2' is set on object 'Object Repository/09-Settings/Users/input_lastName'

2022-09-14 13:50:48 - [MESSAGE][PASSED] - Text 'Auto Contact 2' is set on object 'Object Repository/09-Settings/Users/input_lastName'

2022-09-14 13:50:48 - [TEST_STEP][PASSED] - click(findTestObject("09-Settings/Users/span_Role")): Object: 'Object Repository/09-Settings/Users/span_Role' is clicked on

2022-09-14 13:50:48 - [MESSAGE][PASSED] - Object: 'Object Repository/09-Settings/Users/span_Role' is clicked on

2022-09-14 13:50:48 - [TEST_STEP][PASSED] - click(findTestObject("09-Settings/Users/span_CoWorker")): Object: 'Object Repository/09-Settings/Users/span_CoWorker' is clicked on

2022-09-14 13:50:49 - [MESSAGE][PASSED] - Object: 'Object Repository/09-Settings/Users/span_CoWorker' is clicked on

2022-09-14 13:50:49 - [TEST_STEP][PASSED] - click(findTestObject("09-Settings/Users/button_Send Invitation")): Object: 'Object Repository/09-Settings/Users/button_Send Invitation' is clicked on

2022-09-14 13:50:50 - [MESSAGE][PASSED] - Object: 'Object Repository/09-Settings/Users/button_Send Invitation' is clicked on

2022-09-14 13:50:50 - [TEST_STEP][PASSED] - delay(2): Delayed 2 second(s)

2022-09-14 13:50:52 - [MESSAGE][PASSED] - Delayed 2 second(s)

2022-09-14 13:50:52 - [TEST_STEP][PASSED] - verifyElementVisible(findTestObject("07-Directory/Connections/zContact Profile/Successfully invited user")): Object 'Object Repository/07-Directory/Connections/zContact Profile/Successfully invited user' is visible

2022-09-14 13:50:53 - [MESSAGE][PASSED] - Object 'Object Repository/07-Directory/Connections/zContact Profile/Successfully invited user' is visible

2022-09-14 13:50:53 - [TEST_STEP][PASSED] - delay(2): Delayed 2 second(s)

2022-09-14 13:50:55 - [MESSAGE][PASSED] - Delayed 2 second(s)

2022-09-14 13:50:55 - [TEST_STEP][PASSED] - executeJavaScript("window.open();", []): Execute JavaScript 'window.open();' successfully

2022-09-14 13:50:55 - [MESSAGE][PASSED] - Execute JavaScript 'window.open();' successfully

2022-09-14 13:50:55 - [TEST_STEP][PASSED] - currentWindow = getWindowIndex(): Current window's index is: 0

2022-09-14 13:50:55 - [MESSAGE][PASSED] - Current window's index is: 0

2022-09-14 13:50:55 - [TEST_STEP][PASSED] - delay(3): Delayed 3 second(s)

2022-09-14 13:50:58 - [MESSAGE][PASSED] - Delayed 3 second(s)

2022-09-14 13:50:58 - [TEST_STEP][PASSED] - switchToWindowIndex(currentWindow + 1): Switched to window with index: '1'

2022-09-14 13:50:58 - [MESSAGE][PASSED] - Switched to window with index: '1'

2022-09-14 13:50:58 - [TEST_STEP][PASSED] - navigateToUrl("https://www.mailinator.com/"): Navigate to 'https://www.mailinator.com/' successfully

2022-09-14 13:50:59 - [MESSAGE][PASSED] - Navigate to 'https://www.mailinator.com/' successfully

2022-09-14 13:50:59 - [TEST_STEP][PASSED] - delay(3): Delayed 3 second(s)

2022-09-14 13:51:02 - [MESSAGE][PASSED] - Delayed 3 second(s)

2022-09-14 13:51:02 - [TEST_STEP][PASSED] - setText(findTestObject("00-Signup and Activation/zMailinator/input_LOGIN_search"), "autotester04@mailinator.com"): Text 'autotester04@mailinator.com' is set on object 'Object Repository/00-Signup and Activation/zMailinator/input_LOGIN_search'

2022-09-14 13:51:03 - [MESSAGE][PASSED] - Text 'autotester04@mailinator.com' is set on object 'Object Repository/00-Signup and Activation/zMailinator/input_LOGIN_search'

2022-09-14 13:51:03 - [TEST_STEP][PASSED] - click(findTestObject("00-Signup and Activation/zMailinator/gobutton"), STOP_ON_FAILURE): Object: 'Object Repository/00-Signup and Activation/zMailinator/gobutton' is clicked on

2022-09-14 13:51:04 - [MESSAGE][PASSED] - Object: 'Object Repository/00-Signup and Activation/zMailinator/gobutton' is clicked on

2022-09-14 13:51:04 - [TEST_STEP][PASSED] - delay(3): Delayed 3 second(s)

2022-09-14 13:51:07 - [MESSAGE][PASSED] - Delayed 3 second(s)

2022-09-14 13:51:07 - [TEST_STEP][PASSED] - closeWindowTitle("Everleagues"): Window with title: 'Everleagues' is closed

2022-09-14 13:51:07 - [MESSAGE][PASSED] - Window with title: 'Everleagues' is closed

2022-09-14 13:51:07 - [TEST_STEP][PASSED] - switchToWindowIndex(0): Switched to window with index: '0'

2022-09-14 13:51:07 - [MESSAGE][PASSED] - Switched to window with index: '0'

2022-09-14 13:51:07 - [TEST_STEP][PASSED] - click(findTestObject("09-Settings/Users/Co worker/td_Invitation from GG Automation")): Object: 'Object Repository/09-Settings/Users/Co worker/td_Invitation from GG Automation' is clicked on

2022-09-14 13:51:07 - [MESSAGE][PASSED] - Object: 'Object Repository/09-Settings/Users/Co worker/td_Invitation from GG Automation' is clicked on

2022-09-14 13:51:07 - [TEST_STEP][PASSED] - click(findTestObject("09-Settings/Users/Co worker/a_Click here to join GG Automation on EverLeagues")): Object: 'Object Repository/09-Settings/Users/Co worker/a_Click here to join GG Automation on EverLeagues' is clicked on

2022-09-14 13:51:08 - [MESSAGE][PASSED] - Object: 'Object Repository/09-Settings/Users/Co worker/a_Click here to join GG Automation on EverLeagues' is clicked on

2022-09-14 13:51:08 - [TEST_STEP][PASSED] - closeWindowTitle("Mailinator"): Window with title: 'Mailinator' is closed

2022-09-14 13:51:09 - [MESSAGE][PASSED] - Window with title: 'Mailinator' is closed

2022-09-14 13:51:09 - [TEST_STEP][PASSED] - switchToWindowIndex(0): Switched to window with index: '0'

2022-09-14 13:51:09 - [MESSAGE][PASSED] - Switched to window with index: '0'

2022-09-14 13:51:09 - [TEST_STEP][PASSED] - verifyElementVisible(findTestObject("09-Settings/Users/Co worker/Logout before proceed modal")): Object 'Object Repository/09-Settings/Users/Co worker/Logout before proceed modal' is visible

2022-09-14 13:51:14 - [MESSAGE][PASSED] - Object 'Object Repository/09-Settings/Users/Co worker/Logout before proceed modal' is visible

2022-09-14 13:51:14 - [TEST_STEP][PASSED] - click(findTestObject("09-Settings/Users/Co worker/button_Yes")): Object: 'Object Repository/09-Settings/Users/Co worker/button_Yes' is clicked on

2022-09-14 13:51:15 - [MESSAGE][PASSED] - Object: 'Object Repository/09-Settings/Users/Co worker/button_Yes' is clicked on

2022-09-14 13:51:15 - [TEST_STEP][PASSED] - delay(3): Delayed 3 second(s)

2022-09-14 13:51:18 - [MESSAGE][PASSED] - Delayed 3 second(s)

2022-09-14 13:51:18 - [TEST_STEP][PASSED] - setText(findTestObject("09-Settings/Users/Co worker/input_Email_email"), "autotester04@mailinator.com"): Text 'autotester04@mailinator.com' is set on object 'Object Repository/09-Settings/Users/Co worker/input_Email_email'

2022-09-14 13:52:18 - [MESSAGE][PASSED] - Text 'autotester04@mailinator.com' is set on object 'Object Repository/09-Settings/Users/Co worker/input_Email_email'

2022-09-14 13:52:18 - [TEST_STEP][PASSED] - setEncryptedText(findTestObject("09-Settings/Users/Co worker/input__password"), "8yFRyszE6U6jvsCn51OQbg=="): Text ****** has been set on object 'Object Repository/09-Settings/Users/Co worker/input__password'

2022-09-14 13:52:48 - [MESSAGE][PASSED] - Text ****** has been set on object 'Object Repository/09-Settings/Users/Co worker/input__password'

2022-09-14 13:52:48 - [TEST_STEP][PASSED] - click(findTestObject("02-Side Icons(Organization)/Add Contact/button_Sign in")): Object: 'Object Repository/02-Side Icons(Organization)/Add Contact/button_Sign in' is clicked on

2022-09-14 13:53:18 - [MESSAGE][PASSED] - Object: 'Object Repository/02-Side Icons(Organization)/Add Contact/button_Sign in' is clicked on

2022-09-14 13:53:18 - [TEST_STEP][PASSED] - delay(2): Delayed 2 second(s)

2022-09-14 13:53:20 - [MESSAGE][PASSED] - Delayed 2 second(s)

2022-09-14 13:53:20 - [TEST_STEP][PASSED] - click(findTestObject("06-Teams/For 2FA/button_Confirm_2FA")): Object: 'Object Repository/06-Teams/For 2FA/button_Confirm_2FA' is clicked on

2022-09-14 13:53:51 - [MESSAGE][PASSED] - Object: 'Object Repository/06-Teams/For 2FA/button_Confirm_2FA' is clicked on

2022-09-14 13:53:51 - [TEST_STEP][PASSED] - executeJavaScript("window.open();", []): Execute JavaScript 'window.open();' successfully

2022-09-14 13:53:51 - [MESSAGE][PASSED] - Execute JavaScript 'window.open();' successfully

2022-09-14 13:53:51 - [TEST_STEP][PASSED] - currentWindow = getWindowIndex(): Current window's index is: 0

2022-09-14 13:53:51 - [MESSAGE][PASSED] - Current window's index is: 0

2022-09-14 13:53:51 - [TEST_STEP][PASSED] - delay(3): Delayed 3 second(s)

2022-09-14 13:53:54 - [MESSAGE][PASSED] - Delayed 3 second(s)

2022-09-14 13:53:54 - [TEST_STEP][PASSED] - switchToWindowIndex(currentWindow + 1): Switched to window with index: '1'

2022-09-14 13:53:54 - [MESSAGE][PASSED] - Switched to window with index: '1'

2022-09-14 13:53:54 - [TEST_STEP][PASSED] - navigateToUrl("https://www.mailinator.com/"): Navigate to 'https://www.mailinator.com/' successfully

2022-09-14 13:53:56 - [MESSAGE][PASSED] - Navigate to 'https://www.mailinator.com/' successfully

2022-09-14 13:53:56 - [TEST_STEP][PASSED] - delay(3): Delayed 3 second(s)

2022-09-14 13:53:59 - [MESSAGE][PASSED] - Delayed 3 second(s)

2022-09-14 13:53:59 - [TEST_STEP][PASSED] - setText(findTestObject("00-Signup and Activation/zMailinator/input_LOGIN_search"), "autotester04@mailinator.com"): Text 'autotester04@mailinator.com' is set on object 'Object Repository/00-Signup and Activation/zMailinator/input_LOGIN_search'

2022-09-14 13:54:00 - [MESSAGE][PASSED] - Text 'autotester04@mailinator.com' is set on object 'Object Repository/00-Signup and Activation/zMailinator/input_LOGIN_search'

2022-09-14 13:54:00 - [TEST_STEP][PASSED] - click(findTestObject("00-Signup and Activation/zMailinator/gobutton"), STOP_ON_FAILURE): Object: 'Object Repository/00-Signup and Activation/zMailinator/gobutton' is clicked on

2022-09-14 13:54:01 - [MESSAGE][PASSED] - Object: 'Object Repository/00-Signup and Activation/zMailinator/gobutton' is clicked on

2022-09-14 13:54:01 - [TEST_STEP][PASSED] - delay(3): Delayed 3 second(s)

2022-09-14 13:54:04 - [MESSAGE][PASSED] - Delayed 3 second(s)

2022-09-14 13:54:04 - [TEST_STEP][PASSED] - click(findTestObject("00-Signup and Activation/zMailinator/Email - everleagues")): Object: 'Object Repository/00-Signup and Activation/zMailinator/Email - everleagues' is clicked on

2022-09-14 13:54:04 - [MESSAGE][PASSED] - Object: 'Object Repository/00-Signup and Activation/zMailinator/Email - everleagues' is clicked on

2022-09-14 13:54:04 - [TEST_STEP][PASSED] - delay(3): Delayed 3 second(s)

2022-09-14 13:54:07 - [MESSAGE][PASSED] - Delayed 3 second(s)

2022-09-14 13:54:07 - [TEST_STEP][PASSED] - codetwo = getText(findTestObject("Object Repository/06-Teams/For 2FA/2FA code")): Text of object 'Object Repository/06-Teams/For 2FA/2FA code' is: '345100'

2022-09-14 13:54:08 - [MESSAGE][PASSED] - Text of object 'Object Repository/06-Teams/For 2FA/2FA code' is: '345100'

2022-09-14 13:54:08 - [TEST_STEP][PASSED] - delay(3): Delayed 3 second(s)

2022-09-14 13:54:11 - [MESSAGE][PASSED] - Delayed 3 second(s)

2022-09-14 13:54:11 - [TEST_STEP][PASSED] - closeWindowTitle("Mailinator"): Window with title: 'Mailinator' is closed

2022-09-14 13:54:11 - [MESSAGE][PASSED] - Window with title: 'Mailinator' is closed

2022-09-14 13:54:11 - [TEST_STEP][PASSED] - delay(3): Delayed 3 second(s)

2022-09-14 13:54:14 - [MESSAGE][PASSED] - Delayed 3 second(s)

2022-09-14 13:54:14 - [TEST_STEP][PASSED] - switchToWindowIndex(0): Switched to window with index: '0'

2022-09-14 13:54:14 - [MESSAGE][PASSED] - Switched to window with index: '0'

2022-09-14 13:54:14 - [TEST_STEP][PASSED] - delay(3): Delayed 3 second(s)

2022-09-14 13:54:17 - [MESSAGE][PASSED] - Delayed 3 second(s)

2022-09-14 13:54:17 - [TEST_STEP][PASSED] - setText(findTestObject("Object Repository/06-Teams/For 2FA/input_Enter verification code_code"), codetwo): Text '345100' is set on object 'Object Repository/06-Teams/For 2FA/input_Enter verification code_code'

2022-09-14 13:55:17 - [MESSAGE][PASSED] - Text '345100' is set on object 'Object Repository/06-Teams/For 2FA/input_Enter verification code_code'

2022-09-14 13:55:17 - [TEST_STEP][PASSED] - delay(3): Delayed 3 second(s)

2022-09-14 13:55:20 - [MESSAGE][PASSED] - Delayed 3 second(s)

2022-09-14 13:55:20 - [TEST_STEP][PASSED] - click(findTestObject("06-Teams/For 2FA/button_Verify_2FA")): Object: 'Object Repository/06-Teams/For 2FA/button_Verify_2FA' is clicked on

2022-09-14 13:55:50 - [MESSAGE][PASSED] - Object: 'Object Repository/06-Teams/For 2FA/button_Verify_2FA' is clicked on

2022-09-14 13:55:50 - [TEST_STEP][PASSED] - delay(5): Delayed 5 second(s)

2022-09-14 13:55:55 - [MESSAGE][PASSED] - Delayed 5 second(s)

2022-09-14 13:55:55 - [TEST_STEP][PASSED] - executeJavaScript("window.open();", []): Execute JavaScript 'window.open();' successfully

2022-09-14 13:55:55 - [MESSAGE][PASSED] - Execute JavaScript 'window.open();' successfully

2022-09-14 13:55:55 - [TEST_STEP][PASSED] - currentWindow = getWindowIndex(): Current window's index is: 0

2022-09-14 13:55:55 - [MESSAGE][PASSED] - Current window's index is: 0

2022-09-14 13:55:55 - [TEST_STEP][PASSED] - delay(3): Delayed 3 second(s)

2022-09-14 13:55:58 - [MESSAGE][PASSED] - Delayed 3 second(s)

2022-09-14 13:55:58 - [TEST_STEP][PASSED] - switchToWindowIndex(currentWindow + 1): Switched to window with index: '1'

2022-09-14 13:55:58 - [MESSAGE][PASSED] - Switched to window with index: '1'

2022-09-14 13:55:58 - [TEST_STEP][PASSED] - navigateToUrl("https://www.mailinator.com/"): Navigate to 'https://www.mailinator.com/' successfully

2022-09-14 13:55:59 - [MESSAGE][PASSED] - Navigate to 'https://www.mailinator.com/' successfully

2022-09-14 13:55:59 - [TEST_STEP][PASSED] - delay(3): Delayed 3 second(s)

2022-09-14 13:56:02 - [MESSAGE][PASSED] - Delayed 3 second(s)

2022-09-14 13:56:02 - [TEST_STEP][PASSED] - setText(findTestObject("00-Signup and Activation/zMailinator/input_LOGIN_search"), "autotester04@mailinator.com"): Text 'autotester04@mailinator.com' is set on object 'Object Repository/00-Signup and Activation/zMailinator/input_LOGIN_search'

2022-09-14 13:56:03 - [MESSAGE][PASSED] - Text 'autotester04@mailinator.com' is set on object 'Object Repository/00-Signup and Activation/zMailinator/input_LOGIN_search'

2022-09-14 13:56:03 - [TEST_STEP][PASSED] - click(findTestObject("00-Signup and Activation/zMailinator/gobutton"), STOP_ON_FAILURE): Object: 'Object Repository/00-Signup and Activation/zMailinator/gobutton' is clicked on

2022-09-14 13:56:04 - [MESSAGE][PASSED] - Object: 'Object Repository/00-Signup and Activation/zMailinator/gobutton' is clicked on

2022-09-14 13:56:04 - [TEST_STEP][PASSED] - delay(3): Delayed 3 second(s)

2022-09-14 13:56:07 - [MESSAGE][PASSED] - Delayed 3 second(s)

2022-09-14 13:56:07 - [TEST_STEP][PASSED] - closeWindowTitle("Everleagues"): Window with title: 'Everleagues' is closed

2022-09-14 13:56:07 - [MESSAGE][PASSED] - Window with title: 'Everleagues' is closed

2022-09-14 13:56:07 - [TEST_STEP][PASSED] - switchToWindowIndex(0): Switched to window with index: '0'

2022-09-14 13:56:07 - [MESSAGE][PASSED] - Switched to window with index: '0'

2022-09-14 13:56:07 - [TEST_STEP][PASSED] - click(findTestObject("09-Settings/Users/Co worker/td_Invitation from GG Automation")): Object: 'Object Repository/09-Settings/Users/Co worker/td_Invitation from GG Automation' is clicked on

2022-09-14 13:56:07 - [MESSAGE][PASSED] - Object: 'Object Repository/09-Settings/Users/Co worker/td_Invitation from GG Automation' is clicked on

2022-09-14 13:56:07 - [TEST_STEP][PASSED] - click(findTestObject("09-Settings/Users/Co worker/a_Click here to join GG Automation on EverLeagues")): Object: 'Object Repository/09-Settings/Users/Co worker/a_Click here to join GG Automation on EverLeagues' is clicked on

2022-09-14 13:56:08 - [MESSAGE][PASSED] - Object: 'Object Repository/09-Settings/Users/Co worker/a_Click here to join GG Automation on EverLeagues' is clicked on

2022-09-14 13:56:08 - [TEST_STEP][PASSED] - delay(3): Delayed 3 second(s)

2022-09-14 13:56:11 - [MESSAGE][PASSED] - Delayed 3 second(s)

2022-09-14 13:56:11 - [TEST_STEP][PASSED] - closeWindowTitle("Mailinator"): Window with title: 'Mailinator' is closed

2022-09-14 13:56:11 - [MESSAGE][PASSED] - Window with title: 'Mailinator' is closed

2022-09-14 13:56:11 - [TEST_STEP][PASSED] - switchToWindowIndex(0): Switched to window with index: '0'

2022-09-14 13:56:11 - [MESSAGE][PASSED] - Switched to window with index: '0'

2022-09-14 13:56:11 - [TEST_STEP][PASSED] - verifyElementVisible(findTestObject("09-Settings/Users/Co worker/Invite modal")): Object 'Object Repository/09-Settings/Users/Co worker/Invite modal' is visible

2022-09-14 13:56:14 - [MESSAGE][PASSED] - Object 'Object Repository/09-Settings/Users/Co worker/Invite modal' is visible

2022-09-14 13:56:14 - [TEST_STEP][PASSED] - click(findTestObject("09-Settings/Users/Co worker/button_Accept")): Object: 'Object Repository/09-Settings/Users/Co worker/button_Accept' is clicked on

2022-09-14 13:56:14 - [MESSAGE][PASSED] - Object: 'Object Repository/09-Settings/Users/Co worker/button_Accept' is clicked on

2022-09-14 13:56:14 - [TEST_STEP][PASSED] - delay(10): Delayed 10 second(s)

2022-09-14 13:56:24 - [MESSAGE][PASSED] - Delayed 10 second(s)

2022-09-14 13:56:24 - [TEST_STEP][PASSED] - verifyElementVisible(findTestObject("09-Settings/Users/Co worker/div_Joined as CoWorker")): Object 'Object Repository/09-Settings/Users/Co worker/div_Joined as CoWorker' is visible

2022-09-14 13:56:24 - [MESSAGE][PASSED] - Object 'Object Repository/09-Settings/Users/Co worker/div_Joined as CoWorker' is visible

2022-09-14 13:56:24 - [TEST_STEP][PASSED] - closeBrowser(): Browser is closed

2022-09-14 13:56:25 - [MESSAGE][PASSED] - Browser is closed]]></system-out>
         <system-err><![CDATA[]]></system-err>
      </testcase>
      <testcase name="Test Cases/09-Settings/03 - Users (Invite new user as client)" time="231.962" classname="Test Cases/09-Settings/03 - Users (Invite new user as client)" status="PASSED">
         <system-out><![CDATA[2022-09-14 13:56:25 - [TEST_CASE][PASSED] - Test Cases/09-Settings/03 - Users (Invite new user as client): Test Cases/09-Settings/03 - Users (Invite new user as client)

2022-09-14 13:56:25 - [TEST_STEP][PASSED] - openBrowser(""): Browser is opened with url: ''

2022-09-14 13:56:26 - [MESSAGE][INFO] - Starting 'Chrome' driver

2022-09-14 13:56:26 - [MESSAGE][INFO] - Action delay is set to 0 milliseconds

2022-09-14 13:56:27 - [MESSAGE][PASSED] - Browser is opened with url: ''

2022-09-14 13:56:27 - [TEST_STEP][PASSED] - navigateToUrl("https://lab.everleagues.com/"): Navigate to 'https://lab.everleagues.com/' successfully

2022-09-14 13:57:00 - [MESSAGE][PASSED] - Navigate to 'https://lab.everleagues.com/' successfully

2022-09-14 13:57:00 - [TEST_STEP][PASSED] - maximizeWindow(): Current window maximized

2022-09-14 13:57:00 - [MESSAGE][PASSED] - Current window maximized

2022-09-14 13:57:00 - [TEST_STEP][PASSED] - setText(findTestObject("02-Side Icons(Organization)/Add Contact/Email Field"), "testuser02@mailinator.com"): Text 'testuser02@mailinator.com' is set on object 'Object Repository/02-Side Icons(Organization)/Add Contact/Email Field'

2022-09-14 13:57:01 - [MESSAGE][PASSED] - Text 'testuser02@mailinator.com' is set on object 'Object Repository/02-Side Icons(Organization)/Add Contact/Email Field'

2022-09-14 13:57:01 - [TEST_STEP][PASSED] - setEncryptedText(findTestObject("02-Side Icons(Organization)/Add Contact/Password Field"), "8yFRyszE6U6jvsCn51OQbg=="): Text ****** has been set on object 'Object Repository/02-Side Icons(Organization)/Add Contact/Password Field'

2022-09-14 13:57:01 - [MESSAGE][PASSED] - Text ****** has been set on object 'Object Repository/02-Side Icons(Organization)/Add Contact/Password Field'

2022-09-14 13:57:01 - [TEST_STEP][PASSED] - click(findTestObject("02-Side Icons(Organization)/Add Contact/button_Sign in")): Object: 'Object Repository/02-Side Icons(Organization)/Add Contact/button_Sign in' is clicked on

2022-09-14 13:57:02 - [MESSAGE][PASSED] - Object: 'Object Repository/02-Side Icons(Organization)/Add Contact/button_Sign in' is clicked on

2022-09-14 13:57:02 - [TEST_STEP][PASSED] - delay(2): Delayed 2 second(s)

2022-09-14 13:57:04 - [MESSAGE][PASSED] - Delayed 2 second(s)

2022-09-14 13:57:04 - [TEST_STEP][PASSED] - click(findTestObject("06-Teams/For 2FA/button_Confirm_2FA")): Object: 'Object Repository/06-Teams/For 2FA/button_Confirm_2FA' is clicked on

2022-09-14 13:57:05 - [MESSAGE][PASSED] - Object: 'Object Repository/06-Teams/For 2FA/button_Confirm_2FA' is clicked on

2022-09-14 13:57:05 - [TEST_STEP][PASSED] - executeJavaScript("window.open();", []): Execute JavaScript 'window.open();' successfully

2022-09-14 13:57:05 - [MESSAGE][PASSED] - Execute JavaScript 'window.open();' successfully

2022-09-14 13:57:05 - [TEST_STEP][PASSED] - currentWindow = getWindowIndex(): Current window's index is: 0

2022-09-14 13:57:05 - [MESSAGE][PASSED] - Current window's index is: 0

2022-09-14 13:57:05 - [TEST_STEP][PASSED] - delay(3): Delayed 3 second(s)

2022-09-14 13:57:08 - [MESSAGE][PASSED] - Delayed 3 second(s)

2022-09-14 13:57:08 - [TEST_STEP][PASSED] - switchToWindowIndex(currentWindow + 1): Switched to window with index: '1'

2022-09-14 13:57:08 - [MESSAGE][PASSED] - Switched to window with index: '1'

2022-09-14 13:57:08 - [TEST_STEP][PASSED] - navigateToUrl("https://www.mailinator.com/"): Navigate to 'https://www.mailinator.com/' successfully

2022-09-14 13:57:10 - [MESSAGE][PASSED] - Navigate to 'https://www.mailinator.com/' successfully

2022-09-14 13:57:10 - [TEST_STEP][PASSED] - delay(3): Delayed 3 second(s)

2022-09-14 13:57:13 - [MESSAGE][PASSED] - Delayed 3 second(s)

2022-09-14 13:57:13 - [TEST_STEP][PASSED] - setText(findTestObject("00-Signup and Activation/zMailinator/input_LOGIN_search"), "testuser02@mailinator.com"): Text 'testuser02@mailinator.com' is set on object 'Object Repository/00-Signup and Activation/zMailinator/input_LOGIN_search'

2022-09-14 13:57:13 - [MESSAGE][PASSED] - Text 'testuser02@mailinator.com' is set on object 'Object Repository/00-Signup and Activation/zMailinator/input_LOGIN_search'

2022-09-14 13:57:13 - [TEST_STEP][PASSED] - click(findTestObject("00-Signup and Activation/zMailinator/gobutton"), STOP_ON_FAILURE): Object: 'Object Repository/00-Signup and Activation/zMailinator/gobutton' is clicked on

2022-09-14 13:57:15 - [MESSAGE][PASSED] - Object: 'Object Repository/00-Signup and Activation/zMailinator/gobutton' is clicked on

2022-09-14 13:57:15 - [TEST_STEP][PASSED] - delay(3): Delayed 3 second(s)

2022-09-14 13:57:18 - [MESSAGE][PASSED] - Delayed 3 second(s)

2022-09-14 13:57:18 - [TEST_STEP][PASSED] - click(findTestObject("00-Signup and Activation/zMailinator/Email - everleagues")): Object: 'Object Repository/00-Signup and Activation/zMailinator/Email - everleagues' is clicked on

2022-09-14 13:57:18 - [MESSAGE][PASSED] - Object: 'Object Repository/00-Signup and Activation/zMailinator/Email - everleagues' is clicked on

2022-09-14 13:57:18 - [TEST_STEP][PASSED] - delay(3): Delayed 3 second(s)

2022-09-14 13:57:21 - [MESSAGE][PASSED] - Delayed 3 second(s)

2022-09-14 13:57:21 - [TEST_STEP][PASSED] - code = getText(findTestObject("Object Repository/06-Teams/For 2FA/2FA code")): Text of object 'Object Repository/06-Teams/For 2FA/2FA code' is: '908838'

2022-09-14 13:57:22 - [MESSAGE][PASSED] - Text of object 'Object Repository/06-Teams/For 2FA/2FA code' is: '908838'

2022-09-14 13:57:22 - [TEST_STEP][PASSED] - delay(3): Delayed 3 second(s)

2022-09-14 13:57:25 - [MESSAGE][PASSED] - Delayed 3 second(s)

2022-09-14 13:57:25 - [TEST_STEP][PASSED] - closeWindowTitle("Mailinator"): Window with title: 'Mailinator' is closed

2022-09-14 13:57:25 - [MESSAGE][PASSED] - Window with title: 'Mailinator' is closed

2022-09-14 13:57:25 - [TEST_STEP][PASSED] - delay(3): Delayed 3 second(s)

2022-09-14 13:57:28 - [MESSAGE][PASSED] - Delayed 3 second(s)

2022-09-14 13:57:28 - [TEST_STEP][PASSED] - switchToWindowIndex(0): Switched to window with index: '0'

2022-09-14 13:57:28 - [MESSAGE][PASSED] - Switched to window with index: '0'

2022-09-14 13:57:28 - [TEST_STEP][PASSED] - delay(3): Delayed 3 second(s)

2022-09-14 13:57:31 - [MESSAGE][PASSED] - Delayed 3 second(s)

2022-09-14 13:57:31 - [TEST_STEP][PASSED] - setText(findTestObject("Object Repository/06-Teams/For 2FA/input_Enter verification code_code"), code): Text '908838' is set on object 'Object Repository/06-Teams/For 2FA/input_Enter verification code_code'

2022-09-14 13:57:32 - [MESSAGE][PASSED] - Text '908838' is set on object 'Object Repository/06-Teams/For 2FA/input_Enter verification code_code'

2022-09-14 13:57:32 - [TEST_STEP][PASSED] - delay(3): Delayed 3 second(s)

2022-09-14 13:57:35 - [MESSAGE][PASSED] - Delayed 3 second(s)

2022-09-14 13:57:35 - [TEST_STEP][PASSED] - click(findTestObject("06-Teams/For 2FA/button_Verify_2FA")): Object: 'Object Repository/06-Teams/For 2FA/button_Verify_2FA' is clicked on

2022-09-14 13:57:35 - [MESSAGE][PASSED] - Object: 'Object Repository/06-Teams/For 2FA/button_Verify_2FA' is clicked on

2022-09-14 13:57:35 - [TEST_STEP][PASSED] - delay(5): Delayed 5 second(s)

2022-09-14 13:57:40 - [MESSAGE][PASSED] - Delayed 5 second(s)

2022-09-14 13:57:40 - [TEST_STEP][PASSED] - click(findTestObject("06-Teams/button_doublearrow")): Object: 'Object Repository/06-Teams/button_doublearrow' is clicked on

2022-09-14 13:57:41 - [MESSAGE][PASSED] - Object: 'Object Repository/06-Teams/button_doublearrow' is clicked on

2022-09-14 13:57:41 - [TEST_STEP][PASSED] - click(findTestObject("06-Teams/button_My Organizations")): Object: 'Object Repository/06-Teams/button_My Organizations' is clicked on

2022-09-14 13:57:41 - [MESSAGE][PASSED] - Object: 'Object Repository/06-Teams/button_My Organizations' is clicked on

2022-09-14 13:57:41 - [TEST_STEP][PASSED] - click(findTestObject("06-Teams/button_GG Automation")): Object: 'Object Repository/06-Teams/button_GG Automation' is clicked on

2022-09-14 13:57:42 - [MESSAGE][PASSED] - Object: 'Object Repository/06-Teams/button_GG Automation' is clicked on

2022-09-14 13:57:42 - [TEST_STEP][PASSED] - delay(4): Delayed 4 second(s)

2022-09-14 13:57:46 - [MESSAGE][PASSED] - Delayed 4 second(s)

2022-09-14 13:57:46 - [TEST_STEP][PASSED] - verifyElementVisible(findTestObject("06-Teams/span_GG Automation")): Object 'Object Repository/06-Teams/span_GG Automation' is visible

2022-09-14 13:57:46 - [MESSAGE][PASSED] - Object 'Object Repository/06-Teams/span_GG Automation' is visible

2022-09-14 13:57:46 - [TEST_STEP][PASSED] - delay(10): Delayed 10 second(s)

2022-09-14 13:57:56 - [MESSAGE][PASSED] - Delayed 10 second(s)

2022-09-14 13:57:56 - [TEST_STEP][PASSED] - click(findTestObject("03-Header Menu/Hamburger Button/div_Settings")): Object: 'Object Repository/03-Header Menu/Hamburger Button/div_Settings' is clicked on

2022-09-14 13:57:57 - [MESSAGE][PASSED] - Object: 'Object Repository/03-Header Menu/Hamburger Button/div_Settings' is clicked on

2022-09-14 13:57:57 - [TEST_STEP][PASSED] - delay(3): Delayed 3 second(s)

2022-09-14 13:58:00 - [MESSAGE][PASSED] - Delayed 3 second(s)

2022-09-14 13:58:00 - [TEST_STEP][PASSED] - click(findTestObject("09-Settings/Users/div_Users")): Object: 'Object Repository/09-Settings/Users/div_Users' is clicked on

2022-09-14 13:58:01 - [MESSAGE][PASSED] - Object: 'Object Repository/09-Settings/Users/div_Users' is clicked on

2022-09-14 13:58:01 - [TEST_STEP][PASSED] - delay(3): Delayed 3 second(s)

2022-09-14 13:58:04 - [MESSAGE][PASSED] - Delayed 3 second(s)

2022-09-14 13:58:04 - [TEST_STEP][PASSED] - click(findTestObject("09-Settings/Users/button_add")): Object: 'Object Repository/09-Settings/Users/button_add' is clicked on

2022-09-14 13:58:04 - [MESSAGE][PASSED] - Object: 'Object Repository/09-Settings/Users/button_add' is clicked on

2022-09-14 13:58:04 - [TEST_STEP][PASSED] - delay(3): Delayed 3 second(s)

2022-09-14 13:58:07 - [MESSAGE][PASSED] - Delayed 3 second(s)

2022-09-14 13:58:07 - [TEST_STEP][PASSED] - click(findTestObject("09-Settings/Users/add Invite a single user")): Object: 'Object Repository/09-Settings/Users/add Invite a single user' is clicked on

2022-09-14 13:58:08 - [MESSAGE][PASSED] - Object: 'Object Repository/09-Settings/Users/add Invite a single user' is clicked on

2022-09-14 13:58:08 - [TEST_STEP][PASSED] - delay(3): Delayed 3 second(s)

2022-09-14 13:58:11 - [MESSAGE][PASSED] - Delayed 3 second(s)

2022-09-14 13:58:11 - [TEST_STEP][PASSED] - setText(findTestObject("09-Settings/Users/input_email"), "autotester09@mailinator.com"): Text 'autotester09@mailinator.com' is set on object 'Object Repository/09-Settings/Users/input_email'

2022-09-14 13:58:12 - [MESSAGE][PASSED] - Text 'autotester09@mailinator.com' is set on object 'Object Repository/09-Settings/Users/input_email'

2022-09-14 13:58:12 - [TEST_STEP][PASSED] - setText(findTestObject("09-Settings/Users/input_firstName"), "GG"): Text 'GG' is set on object 'Object Repository/09-Settings/Users/input_firstName'

2022-09-14 13:58:13 - [MESSAGE][PASSED] - Text 'GG' is set on object 'Object Repository/09-Settings/Users/input_firstName'

2022-09-14 13:58:13 - [TEST_STEP][PASSED] - setText(findTestObject("09-Settings/Users/input_lastName"), "Client"): Text 'Client' is set on object 'Object Repository/09-Settings/Users/input_lastName'

2022-09-14 13:58:14 - [MESSAGE][PASSED] - Text 'Client' is set on object 'Object Repository/09-Settings/Users/input_lastName'

2022-09-14 13:58:14 - [TEST_STEP][PASSED] - click(findTestObject("09-Settings/Users/span_Role")): Object: 'Object Repository/09-Settings/Users/span_Role' is clicked on

2022-09-14 13:58:14 - [MESSAGE][PASSED] - Object: 'Object Repository/09-Settings/Users/span_Role' is clicked on

2022-09-14 13:58:14 - [TEST_STEP][PASSED] - click(findTestObject("09-Settings/Users/span_Client")): Object: 'Object Repository/09-Settings/Users/span_Client' is clicked on

2022-09-14 13:58:15 - [MESSAGE][PASSED] - Object: 'Object Repository/09-Settings/Users/span_Client' is clicked on

2022-09-14 13:58:15 - [TEST_STEP][PASSED] - click(findTestObject("09-Settings/Users/button_Send Invitation")): Object: 'Object Repository/09-Settings/Users/button_Send Invitation' is clicked on

2022-09-14 13:58:16 - [MESSAGE][PASSED] - Object: 'Object Repository/09-Settings/Users/button_Send Invitation' is clicked on

2022-09-14 13:58:16 - [TEST_STEP][PASSED] - delay(2): Delayed 2 second(s)

2022-09-14 13:58:18 - [MESSAGE][PASSED] - Delayed 2 second(s)

2022-09-14 13:58:18 - [TEST_STEP][PASSED] - verifyElementVisible(findTestObject("07-Directory/Connections/zContact Profile/Successfully invited user")): Object 'Object Repository/07-Directory/Connections/zContact Profile/Successfully invited user' is visible

2022-09-14 13:58:19 - [MESSAGE][PASSED] - Object 'Object Repository/07-Directory/Connections/zContact Profile/Successfully invited user' is visible

2022-09-14 13:58:19 - [TEST_STEP][PASSED] - delay(2): Delayed 2 second(s)

2022-09-14 13:58:21 - [MESSAGE][PASSED] - Delayed 2 second(s)

2022-09-14 13:58:21 - [TEST_STEP][PASSED] - click(findTestObject("01-Login and Forgot Password/User menu drop")): Object: 'Object Repository/01-Login and Forgot Password/User menu drop' is clicked on

2022-09-14 13:58:21 - [MESSAGE][PASSED] - Object: 'Object Repository/01-Login and Forgot Password/User menu drop' is clicked on

2022-09-14 13:58:21 - [TEST_STEP][PASSED] - delay(2): Delayed 2 second(s)

2022-09-14 13:58:23 - [MESSAGE][PASSED] - Delayed 2 second(s)

2022-09-14 13:58:23 - [TEST_STEP][PASSED] - click(findTestObject("01-Login and Forgot Password/h4_Sign Out"), STOP_ON_FAILURE): Object: 'Object Repository/01-Login and Forgot Password/h4_Sign Out' is clicked on

2022-09-14 13:58:23 - [MESSAGE][PASSED] - Object: 'Object Repository/01-Login and Forgot Password/h4_Sign Out' is clicked on

2022-09-14 13:58:23 - [TEST_STEP][PASSED] - delay(2): Delayed 2 second(s)

2022-09-14 13:58:25 - [MESSAGE][PASSED] - Delayed 2 second(s)

2022-09-14 13:58:25 - [TEST_STEP][PASSED] - verifyElementPresent(findTestObject("01-Login and Forgot Password/Login_Card"), 0): Object 'Object Repository/01-Login and Forgot Password/Login_Card' is present

2022-09-14 13:58:25 - [MESSAGE][WARNING] - Timeout '0' is invalid. Using default page load timeout: '30'

2022-09-14 13:58:26 - [MESSAGE][PASSED] - Object 'Object Repository/01-Login and Forgot Password/Login_Card' is present

2022-09-14 13:58:26 - [TEST_STEP][PASSED] - delay(3): Delayed 3 second(s)

2022-09-14 13:58:29 - [MESSAGE][PASSED] - Delayed 3 second(s)

2022-09-14 13:58:29 - [TEST_STEP][PASSED] - closeBrowser(): Browser is closed

2022-09-14 13:58:29 - [MESSAGE][PASSED] - Browser is closed

2022-09-14 13:58:29 - [TEST_STEP][PASSED] - openBrowser(""): Browser is opened with url: ''

2022-09-14 13:58:29 - [MESSAGE][INFO] - Starting 'Chrome' driver

2022-09-14 13:58:29 - [MESSAGE][INFO] - Action delay is set to 0 milliseconds

2022-09-14 13:58:31 - [MESSAGE][PASSED] - Browser is opened with url: ''

2022-09-14 13:58:31 - [TEST_STEP][PASSED] - navigateToUrl("https://lab.everleagues.com/"): Navigate to 'https://lab.everleagues.com/' successfully

2022-09-14 13:59:02 - [MESSAGE][PASSED] - Navigate to 'https://lab.everleagues.com/' successfully

2022-09-14 13:59:02 - [TEST_STEP][PASSED] - maximizeWindow(): Current window maximized

2022-09-14 13:59:02 - [MESSAGE][PASSED] - Current window maximized

2022-09-14 13:59:02 - [TEST_STEP][PASSED] - setText(findTestObject("02-Side Icons(Organization)/Add Contact/Email Field"), "autotester09@mailinator.com"): Text 'autotester09@mailinator.com' is set on object 'Object Repository/02-Side Icons(Organization)/Add Contact/Email Field'

2022-09-14 13:59:03 - [MESSAGE][PASSED] - Text 'autotester09@mailinator.com' is set on object 'Object Repository/02-Side Icons(Organization)/Add Contact/Email Field'

2022-09-14 13:59:03 - [TEST_STEP][PASSED] - setEncryptedText(findTestObject("02-Side Icons(Organization)/Add Contact/Password Field"), "8yFRyszE6U6jvsCn51OQbg=="): Text ****** has been set on object 'Object Repository/02-Side Icons(Organization)/Add Contact/Password Field'

2022-09-14 13:59:04 - [MESSAGE][PASSED] - Text ****** has been set on object 'Object Repository/02-Side Icons(Organization)/Add Contact/Password Field'

2022-09-14 13:59:04 - [TEST_STEP][PASSED] - click(findTestObject("02-Side Icons(Organization)/Add Contact/button_Sign in")): Object: 'Object Repository/02-Side Icons(Organization)/Add Contact/button_Sign in' is clicked on

2022-09-14 13:59:04 - [MESSAGE][PASSED] - Object: 'Object Repository/02-Side Icons(Organization)/Add Contact/button_Sign in' is clicked on

2022-09-14 13:59:04 - [TEST_STEP][PASSED] - delay(2): Delayed 2 second(s)

2022-09-14 13:59:06 - [MESSAGE][PASSED] - Delayed 2 second(s)

2022-09-14 13:59:06 - [TEST_STEP][PASSED] - click(findTestObject("06-Teams/For 2FA/button_Confirm_2FA")): Object: 'Object Repository/06-Teams/For 2FA/button_Confirm_2FA' is clicked on

2022-09-14 13:59:07 - [MESSAGE][PASSED] - Object: 'Object Repository/06-Teams/For 2FA/button_Confirm_2FA' is clicked on

2022-09-14 13:59:07 - [TEST_STEP][PASSED] - executeJavaScript("window.open();", []): Execute JavaScript 'window.open();' successfully

2022-09-14 13:59:07 - [MESSAGE][PASSED] - Execute JavaScript 'window.open();' successfully

2022-09-14 13:59:07 - [TEST_STEP][PASSED] - currentWindow = getWindowIndex(): Current window's index is: 0

2022-09-14 13:59:07 - [MESSAGE][PASSED] - Current window's index is: 0

2022-09-14 13:59:07 - [TEST_STEP][PASSED] - delay(3): Delayed 3 second(s)

2022-09-14 13:59:10 - [MESSAGE][PASSED] - Delayed 3 second(s)

2022-09-14 13:59:10 - [TEST_STEP][PASSED] - switchToWindowIndex(currentWindow + 1): Switched to window with index: '1'

2022-09-14 13:59:10 - [MESSAGE][PASSED] - Switched to window with index: '1'

2022-09-14 13:59:10 - [TEST_STEP][PASSED] - navigateToUrl("https://www.mailinator.com/"): Navigate to 'https://www.mailinator.com/' successfully

2022-09-14 13:59:12 - [MESSAGE][PASSED] - Navigate to 'https://www.mailinator.com/' successfully

2022-09-14 13:59:12 - [TEST_STEP][PASSED] - delay(3): Delayed 3 second(s)

2022-09-14 13:59:15 - [MESSAGE][PASSED] - Delayed 3 second(s)

2022-09-14 13:59:15 - [TEST_STEP][PASSED] - setText(findTestObject("00-Signup and Activation/zMailinator/input_LOGIN_search"), "autotester09@mailinator.com"): Text 'autotester09@mailinator.com' is set on object 'Object Repository/00-Signup and Activation/zMailinator/input_LOGIN_search'

2022-09-14 13:59:15 - [MESSAGE][PASSED] - Text 'autotester09@mailinator.com' is set on object 'Object Repository/00-Signup and Activation/zMailinator/input_LOGIN_search'

2022-09-14 13:59:15 - [TEST_STEP][PASSED] - click(findTestObject("00-Signup and Activation/zMailinator/gobutton"), STOP_ON_FAILURE): Object: 'Object Repository/00-Signup and Activation/zMailinator/gobutton' is clicked on

2022-09-14 13:59:17 - [MESSAGE][PASSED] - Object: 'Object Repository/00-Signup and Activation/zMailinator/gobutton' is clicked on

2022-09-14 13:59:17 - [TEST_STEP][PASSED] - delay(3): Delayed 3 second(s)

2022-09-14 13:59:20 - [MESSAGE][PASSED] - Delayed 3 second(s)

2022-09-14 13:59:20 - [TEST_STEP][PASSED] - click(findTestObject("00-Signup and Activation/zMailinator/Email - everleagues")): Object: 'Object Repository/00-Signup and Activation/zMailinator/Email - everleagues' is clicked on

2022-09-14 13:59:21 - [MESSAGE][PASSED] - Object: 'Object Repository/00-Signup and Activation/zMailinator/Email - everleagues' is clicked on

2022-09-14 13:59:21 - [TEST_STEP][PASSED] - delay(3): Delayed 3 second(s)

2022-09-14 13:59:24 - [MESSAGE][PASSED] - Delayed 3 second(s)

2022-09-14 13:59:24 - [TEST_STEP][PASSED] - codetwo = getText(findTestObject("Object Repository/06-Teams/For 2FA/2FA code")): Text of object 'Object Repository/06-Teams/For 2FA/2FA code' is: '180823'

2022-09-14 13:59:24 - [MESSAGE][PASSED] - Text of object 'Object Repository/06-Teams/For 2FA/2FA code' is: '180823'

2022-09-14 13:59:24 - [TEST_STEP][PASSED] - delay(3): Delayed 3 second(s)

2022-09-14 13:59:27 - [MESSAGE][PASSED] - Delayed 3 second(s)

2022-09-14 13:59:27 - [TEST_STEP][PASSED] - closeWindowTitle("Mailinator"): Window with title: 'Mailinator' is closed

2022-09-14 13:59:27 - [MESSAGE][PASSED] - Window with title: 'Mailinator' is closed

2022-09-14 13:59:27 - [TEST_STEP][PASSED] - delay(3): Delayed 3 second(s)

2022-09-14 13:59:30 - [MESSAGE][PASSED] - Delayed 3 second(s)

2022-09-14 13:59:30 - [TEST_STEP][PASSED] - switchToWindowIndex(0): Switched to window with index: '0'

2022-09-14 13:59:30 - [MESSAGE][PASSED] - Switched to window with index: '0'

2022-09-14 13:59:30 - [TEST_STEP][PASSED] - delay(3): Delayed 3 second(s)

2022-09-14 13:59:33 - [MESSAGE][PASSED] - Delayed 3 second(s)

2022-09-14 13:59:33 - [TEST_STEP][PASSED] - setText(findTestObject("Object Repository/06-Teams/For 2FA/input_Enter verification code_code"), codetwo): Text '180823' is set on object 'Object Repository/06-Teams/For 2FA/input_Enter verification code_code'

2022-09-14 13:59:34 - [MESSAGE][PASSED] - Text '180823' is set on object 'Object Repository/06-Teams/For 2FA/input_Enter verification code_code'

2022-09-14 13:59:34 - [TEST_STEP][PASSED] - delay(3): Delayed 3 second(s)

2022-09-14 13:59:37 - [MESSAGE][PASSED] - Delayed 3 second(s)

2022-09-14 13:59:37 - [TEST_STEP][PASSED] - click(findTestObject("06-Teams/For 2FA/button_Verify_2FA")): Object: 'Object Repository/06-Teams/For 2FA/button_Verify_2FA' is clicked on

2022-09-14 13:59:38 - [MESSAGE][PASSED] - Object: 'Object Repository/06-Teams/For 2FA/button_Verify_2FA' is clicked on

2022-09-14 13:59:38 - [TEST_STEP][PASSED] - delay(5): Delayed 5 second(s)

2022-09-14 13:59:43 - [MESSAGE][PASSED] - Delayed 5 second(s)

2022-09-14 13:59:43 - [TEST_STEP][PASSED] - executeJavaScript("window.open();", []): Execute JavaScript 'window.open();' successfully

2022-09-14 13:59:43 - [MESSAGE][PASSED] - Execute JavaScript 'window.open();' successfully

2022-09-14 13:59:43 - [TEST_STEP][PASSED] - currentWindow = getWindowIndex(): Current window's index is: 0

2022-09-14 13:59:43 - [MESSAGE][PASSED] - Current window's index is: 0

2022-09-14 13:59:43 - [TEST_STEP][PASSED] - delay(3): Delayed 3 second(s)

2022-09-14 13:59:46 - [MESSAGE][PASSED] - Delayed 3 second(s)

2022-09-14 13:59:46 - [TEST_STEP][PASSED] - switchToWindowIndex(currentWindow + 1): Switched to window with index: '1'

2022-09-14 13:59:46 - [MESSAGE][PASSED] - Switched to window with index: '1'

2022-09-14 13:59:46 - [TEST_STEP][PASSED] - navigateToUrl("https://www.mailinator.com/"): Navigate to 'https://www.mailinator.com/' successfully

2022-09-14 13:59:47 - [MESSAGE][PASSED] - Navigate to 'https://www.mailinator.com/' successfully

2022-09-14 13:59:47 - [TEST_STEP][PASSED] - delay(3): Delayed 3 second(s)

2022-09-14 13:59:50 - [MESSAGE][PASSED] - Delayed 3 second(s)

2022-09-14 13:59:50 - [TEST_STEP][PASSED] - setText(findTestObject("00-Signup and Activation/zMailinator/input_LOGIN_search"), "autotester09@mailinator.com"): Text 'autotester09@mailinator.com' is set on object 'Object Repository/00-Signup and Activation/zMailinator/input_LOGIN_search'

2022-09-14 13:59:51 - [MESSAGE][PASSED] - Text 'autotester09@mailinator.com' is set on object 'Object Repository/00-Signup and Activation/zMailinator/input_LOGIN_search'

2022-09-14 13:59:51 - [TEST_STEP][PASSED] - click(findTestObject("00-Signup and Activation/zMailinator/gobutton"), STOP_ON_FAILURE): Object: 'Object Repository/00-Signup and Activation/zMailinator/gobutton' is clicked on

2022-09-14 13:59:51 - [MESSAGE][PASSED] - Object: 'Object Repository/00-Signup and Activation/zMailinator/gobutton' is clicked on

2022-09-14 13:59:51 - [TEST_STEP][PASSED] - delay(3): Delayed 3 second(s)

2022-09-14 13:59:54 - [MESSAGE][PASSED] - Delayed 3 second(s)

2022-09-14 13:59:54 - [TEST_STEP][PASSED] - closeWindowTitle("Everleagues"): Window with title: 'Everleagues' is closed

2022-09-14 13:59:55 - [MESSAGE][PASSED] - Window with title: 'Everleagues' is closed

2022-09-14 13:59:55 - [TEST_STEP][PASSED] - switchToWindowIndex(0): Switched to window with index: '0'

2022-09-14 13:59:55 - [MESSAGE][PASSED] - Switched to window with index: '0'

2022-09-14 13:59:55 - [TEST_STEP][PASSED] - click(findTestObject("09-Settings/Users/Co worker/td_Invitation from GG Automation")): Object: 'Object Repository/09-Settings/Users/Co worker/td_Invitation from GG Automation' is clicked on

2022-09-14 13:59:55 - [MESSAGE][PASSED] - Object: 'Object Repository/09-Settings/Users/Co worker/td_Invitation from GG Automation' is clicked on

2022-09-14 13:59:55 - [TEST_STEP][PASSED] - click(findTestObject("09-Settings/Users/Co worker/a_Click here to join GG Automation on EverLeagues")): Object: 'Object Repository/09-Settings/Users/Co worker/a_Click here to join GG Automation on EverLeagues' is clicked on

2022-09-14 13:59:56 - [MESSAGE][PASSED] - Object: 'Object Repository/09-Settings/Users/Co worker/a_Click here to join GG Automation on EverLeagues' is clicked on

2022-09-14 13:59:56 - [TEST_STEP][PASSED] - closeWindowTitle("Mailinator"): Window with title: 'Mailinator' is closed

2022-09-14 13:59:56 - [MESSAGE][PASSED] - Window with title: 'Mailinator' is closed

2022-09-14 13:59:56 - [TEST_STEP][PASSED] - switchToWindowIndex(0): Switched to window with index: '0'

2022-09-14 13:59:56 - [MESSAGE][PASSED] - Switched to window with index: '0'

2022-09-14 13:59:56 - [TEST_STEP][PASSED] - verifyElementVisible(findTestObject("09-Settings/Users/Client/Invite modal")): Object 'Object Repository/09-Settings/Users/Client/Invite modal' is visible

2022-09-14 14:00:02 - [MESSAGE][PASSED] - Object 'Object Repository/09-Settings/Users/Client/Invite modal' is visible

2022-09-14 14:00:02 - [TEST_STEP][PASSED] - setText(findTestObject("09-Settings/Users/Client/Company field"), "QA Company"): Text 'QA Company' is set on object 'Object Repository/09-Settings/Users/Client/Company field'

2022-09-14 14:00:03 - [MESSAGE][PASSED] - Text 'QA Company' is set on object 'Object Repository/09-Settings/Users/Client/Company field'

2022-09-14 14:00:03 - [TEST_STEP][PASSED] - click(findTestObject("09-Settings/Users/Client/button_Accept")): Object: 'Object Repository/09-Settings/Users/Client/button_Accept' is clicked on

2022-09-14 14:00:03 - [MESSAGE][PASSED] - Object: 'Object Repository/09-Settings/Users/Client/button_Accept' is clicked on

2022-09-14 14:00:03 - [TEST_STEP][PASSED] - delay(10): Delayed 10 second(s)

2022-09-14 14:00:13 - [MESSAGE][PASSED] - Delayed 10 second(s)

2022-09-14 14:00:13 - [TEST_STEP][PASSED] - verifyElementVisible(findTestObject("09-Settings/Users/Client/div_Joined as CLIENT")): Object 'Object Repository/09-Settings/Users/Client/div_Joined as CLIENT' is visible

2022-09-14 14:00:13 - [MESSAGE][PASSED] - Object 'Object Repository/09-Settings/Users/Client/div_Joined as CLIENT' is visible

2022-09-14 14:00:13 - [TEST_STEP][PASSED] - delay(3): Delayed 3 second(s)

2022-09-14 14:00:16 - [MESSAGE][PASSED] - Delayed 3 second(s)

2022-09-14 14:00:16 - [TEST_STEP][PASSED] - closeBrowser(): Browser is closed

2022-09-14 14:00:17 - [MESSAGE][PASSED] - Browser is closed]]></system-out>
         <system-err><![CDATA[]]></system-err>
      </testcase>
      <testcase name="Test Cases/09-Settings/04 - Users (Invite new user as partner)" time="204.183" classname="Test Cases/09-Settings/04 - Users (Invite new user as partner)" status="PASSED">
         <system-out><![CDATA[2022-09-14 14:00:17 - [TEST_CASE][PASSED] - Test Cases/09-Settings/04 - Users (Invite new user as partner): Test Cases/09-Settings/04 - Users (Invite new user as partner)

2022-09-14 14:00:17 - [TEST_STEP][PASSED] - openBrowser(""): Browser is opened with url: ''

2022-09-14 14:00:17 - [MESSAGE][INFO] - Starting 'Chrome' driver

2022-09-14 14:00:17 - [MESSAGE][INFO] - Action delay is set to 0 milliseconds

2022-09-14 14:00:19 - [MESSAGE][PASSED] - Browser is opened with url: ''

2022-09-14 14:00:19 - [TEST_STEP][PASSED] - navigateToUrl("https://lab.everleagues.com/"): Navigate to 'https://lab.everleagues.com/' successfully

2022-09-14 14:00:32 - [MESSAGE][PASSED] - Navigate to 'https://lab.everleagues.com/' successfully

2022-09-14 14:00:32 - [TEST_STEP][PASSED] - maximizeWindow(): Current window maximized

2022-09-14 14:00:32 - [MESSAGE][PASSED] - Current window maximized

2022-09-14 14:00:32 - [TEST_STEP][PASSED] - setText(findTestObject("02-Side Icons(Organization)/Add Contact/Email Field"), "testuser02@mailinator.com"): Text 'testuser02@mailinator.com' is set on object 'Object Repository/02-Side Icons(Organization)/Add Contact/Email Field'

2022-09-14 14:00:32 - [MESSAGE][PASSED] - Text 'testuser02@mailinator.com' is set on object 'Object Repository/02-Side Icons(Organization)/Add Contact/Email Field'

2022-09-14 14:00:32 - [TEST_STEP][PASSED] - setEncryptedText(findTestObject("02-Side Icons(Organization)/Add Contact/Password Field"), "8yFRyszE6U6jvsCn51OQbg=="): Text ****** has been set on object 'Object Repository/02-Side Icons(Organization)/Add Contact/Password Field'

2022-09-14 14:00:33 - [MESSAGE][PASSED] - Text ****** has been set on object 'Object Repository/02-Side Icons(Organization)/Add Contact/Password Field'

2022-09-14 14:00:33 - [TEST_STEP][PASSED] - click(findTestObject("02-Side Icons(Organization)/Add Contact/button_Sign in")): Object: 'Object Repository/02-Side Icons(Organization)/Add Contact/button_Sign in' is clicked on

2022-09-14 14:00:34 - [MESSAGE][PASSED] - Object: 'Object Repository/02-Side Icons(Organization)/Add Contact/button_Sign in' is clicked on

2022-09-14 14:00:34 - [TEST_STEP][PASSED] - delay(2): Delayed 2 second(s)

2022-09-14 14:00:36 - [MESSAGE][PASSED] - Delayed 2 second(s)

2022-09-14 14:00:36 - [TEST_STEP][PASSED] - click(findTestObject("06-Teams/For 2FA/button_Confirm_2FA")): Object: 'Object Repository/06-Teams/For 2FA/button_Confirm_2FA' is clicked on

2022-09-14 14:00:36 - [MESSAGE][PASSED] - Object: 'Object Repository/06-Teams/For 2FA/button_Confirm_2FA' is clicked on

2022-09-14 14:00:36 - [TEST_STEP][PASSED] - executeJavaScript("window.open();", []): Execute JavaScript 'window.open();' successfully

2022-09-14 14:00:36 - [MESSAGE][PASSED] - Execute JavaScript 'window.open();' successfully

2022-09-14 14:00:36 - [TEST_STEP][PASSED] - currentWindow = getWindowIndex(): Current window's index is: 0

2022-09-14 14:00:36 - [MESSAGE][PASSED] - Current window's index is: 0

2022-09-14 14:00:36 - [TEST_STEP][PASSED] - delay(3): Delayed 3 second(s)

2022-09-14 14:00:39 - [MESSAGE][PASSED] - Delayed 3 second(s)

2022-09-14 14:00:39 - [TEST_STEP][PASSED] - switchToWindowIndex(currentWindow + 1): Switched to window with index: '1'

2022-09-14 14:00:39 - [MESSAGE][PASSED] - Switched to window with index: '1'

2022-09-14 14:00:39 - [TEST_STEP][PASSED] - navigateToUrl("https://www.mailinator.com/"): Navigate to 'https://www.mailinator.com/' successfully

2022-09-14 14:00:41 - [MESSAGE][PASSED] - Navigate to 'https://www.mailinator.com/' successfully

2022-09-14 14:00:41 - [TEST_STEP][PASSED] - delay(3): Delayed 3 second(s)

2022-09-14 14:00:44 - [MESSAGE][PASSED] - Delayed 3 second(s)

2022-09-14 14:00:44 - [TEST_STEP][PASSED] - setText(findTestObject("00-Signup and Activation/zMailinator/input_LOGIN_search"), "testuser02@mailinator.com"): Text 'testuser02@mailinator.com' is set on object 'Object Repository/00-Signup and Activation/zMailinator/input_LOGIN_search'

2022-09-14 14:00:45 - [MESSAGE][PASSED] - Text 'testuser02@mailinator.com' is set on object 'Object Repository/00-Signup and Activation/zMailinator/input_LOGIN_search'

2022-09-14 14:00:45 - [TEST_STEP][PASSED] - click(findTestObject("00-Signup and Activation/zMailinator/gobutton"), STOP_ON_FAILURE): Object: 'Object Repository/00-Signup and Activation/zMailinator/gobutton' is clicked on

2022-09-14 14:00:46 - [MESSAGE][PASSED] - Object: 'Object Repository/00-Signup and Activation/zMailinator/gobutton' is clicked on

2022-09-14 14:00:46 - [TEST_STEP][PASSED] - delay(3): Delayed 3 second(s)

2022-09-14 14:00:49 - [MESSAGE][PASSED] - Delayed 3 second(s)

2022-09-14 14:00:49 - [TEST_STEP][PASSED] - click(findTestObject("00-Signup and Activation/zMailinator/Email - everleagues")): Object: 'Object Repository/00-Signup and Activation/zMailinator/Email - everleagues' is clicked on

2022-09-14 14:00:50 - [MESSAGE][PASSED] - Object: 'Object Repository/00-Signup and Activation/zMailinator/Email - everleagues' is clicked on

2022-09-14 14:00:50 - [TEST_STEP][PASSED] - delay(3): Delayed 3 second(s)

2022-09-14 14:00:53 - [MESSAGE][PASSED] - Delayed 3 second(s)

2022-09-14 14:00:53 - [TEST_STEP][PASSED] - code = getText(findTestObject("Object Repository/06-Teams/For 2FA/2FA code")): Text of object 'Object Repository/06-Teams/For 2FA/2FA code' is: '209131'

2022-09-14 14:00:53 - [MESSAGE][PASSED] - Text of object 'Object Repository/06-Teams/For 2FA/2FA code' is: '209131'

2022-09-14 14:00:53 - [TEST_STEP][PASSED] - delay(3): Delayed 3 second(s)

2022-09-14 14:00:56 - [MESSAGE][PASSED] - Delayed 3 second(s)

2022-09-14 14:00:56 - [TEST_STEP][PASSED] - closeWindowTitle("Mailinator"): Window with title: 'Mailinator' is closed

2022-09-14 14:00:56 - [MESSAGE][PASSED] - Window with title: 'Mailinator' is closed

2022-09-14 14:00:56 - [TEST_STEP][PASSED] - delay(3): Delayed 3 second(s)

2022-09-14 14:00:59 - [MESSAGE][PASSED] - Delayed 3 second(s)

2022-09-14 14:00:59 - [TEST_STEP][PASSED] - switchToWindowIndex(0): Switched to window with index: '0'

2022-09-14 14:00:59 - [MESSAGE][PASSED] - Switched to window with index: '0'

2022-09-14 14:00:59 - [TEST_STEP][PASSED] - delay(3): Delayed 3 second(s)

2022-09-14 14:01:02 - [MESSAGE][PASSED] - Delayed 3 second(s)

2022-09-14 14:01:02 - [TEST_STEP][PASSED] - setText(findTestObject("Object Repository/06-Teams/For 2FA/input_Enter verification code_code"), code): Text '209131' is set on object 'Object Repository/06-Teams/For 2FA/input_Enter verification code_code'

2022-09-14 14:01:04 - [MESSAGE][PASSED] - Text '209131' is set on object 'Object Repository/06-Teams/For 2FA/input_Enter verification code_code'

2022-09-14 14:01:04 - [TEST_STEP][PASSED] - delay(3): Delayed 3 second(s)

2022-09-14 14:01:07 - [MESSAGE][PASSED] - Delayed 3 second(s)

2022-09-14 14:01:07 - [TEST_STEP][PASSED] - click(findTestObject("06-Teams/For 2FA/button_Verify_2FA")): Object: 'Object Repository/06-Teams/For 2FA/button_Verify_2FA' is clicked on

2022-09-14 14:01:07 - [MESSAGE][PASSED] - Object: 'Object Repository/06-Teams/For 2FA/button_Verify_2FA' is clicked on

2022-09-14 14:01:07 - [TEST_STEP][PASSED] - delay(5): Delayed 5 second(s)

2022-09-14 14:01:12 - [MESSAGE][PASSED] - Delayed 5 second(s)

2022-09-14 14:01:12 - [TEST_STEP][PASSED] - click(findTestObject("06-Teams/button_doublearrow")): Object: 'Object Repository/06-Teams/button_doublearrow' is clicked on

2022-09-14 14:01:13 - [MESSAGE][PASSED] - Object: 'Object Repository/06-Teams/button_doublearrow' is clicked on

2022-09-14 14:01:13 - [TEST_STEP][PASSED] - click(findTestObject("06-Teams/button_My Organizations")): Object: 'Object Repository/06-Teams/button_My Organizations' is clicked on

2022-09-14 14:01:13 - [MESSAGE][PASSED] - Object: 'Object Repository/06-Teams/button_My Organizations' is clicked on

2022-09-14 14:01:13 - [TEST_STEP][PASSED] - click(findTestObject("06-Teams/button_GG Automation")): Object: 'Object Repository/06-Teams/button_GG Automation' is clicked on

2022-09-14 14:01:14 - [MESSAGE][PASSED] - Object: 'Object Repository/06-Teams/button_GG Automation' is clicked on

2022-09-14 14:01:14 - [TEST_STEP][PASSED] - delay(4): Delayed 4 second(s)

2022-09-14 14:01:18 - [MESSAGE][PASSED] - Delayed 4 second(s)

2022-09-14 14:01:18 - [TEST_STEP][PASSED] - verifyElementVisible(findTestObject("06-Teams/span_GG Automation")): Object 'Object Repository/06-Teams/span_GG Automation' is visible

2022-09-14 14:01:18 - [MESSAGE][PASSED] - Object 'Object Repository/06-Teams/span_GG Automation' is visible

2022-09-14 14:01:18 - [TEST_STEP][PASSED] - delay(10): Delayed 10 second(s)

2022-09-14 14:01:28 - [MESSAGE][PASSED] - Delayed 10 second(s)

2022-09-14 14:01:28 - [TEST_STEP][PASSED] - click(findTestObject("03-Header Menu/Hamburger Button/div_Settings")): Object: 'Object Repository/03-Header Menu/Hamburger Button/div_Settings' is clicked on

2022-09-14 14:01:29 - [MESSAGE][PASSED] - Object: 'Object Repository/03-Header Menu/Hamburger Button/div_Settings' is clicked on

2022-09-14 14:01:29 - [TEST_STEP][PASSED] - delay(3): Delayed 3 second(s)

2022-09-14 14:01:32 - [MESSAGE][PASSED] - Delayed 3 second(s)

2022-09-14 14:01:32 - [TEST_STEP][PASSED] - click(findTestObject("09-Settings/Users/div_Users")): Object: 'Object Repository/09-Settings/Users/div_Users' is clicked on

2022-09-14 14:01:33 - [MESSAGE][PASSED] - Object: 'Object Repository/09-Settings/Users/div_Users' is clicked on

2022-09-14 14:01:33 - [TEST_STEP][PASSED] - delay(3): Delayed 3 second(s)

2022-09-14 14:01:36 - [MESSAGE][PASSED] - Delayed 3 second(s)

2022-09-14 14:01:36 - [TEST_STEP][PASSED] - click(findTestObject("09-Settings/Users/button_add")): Object: 'Object Repository/09-Settings/Users/button_add' is clicked on

2022-09-14 14:01:36 - [MESSAGE][PASSED] - Object: 'Object Repository/09-Settings/Users/button_add' is clicked on

2022-09-14 14:01:36 - [TEST_STEP][PASSED] - delay(3): Delayed 3 second(s)

2022-09-14 14:01:39 - [MESSAGE][PASSED] - Delayed 3 second(s)

2022-09-14 14:01:39 - [TEST_STEP][PASSED] - click(findTestObject("09-Settings/Users/add Invite a single user")): Object: 'Object Repository/09-Settings/Users/add Invite a single user' is clicked on

2022-09-14 14:01:40 - [MESSAGE][PASSED] - Object: 'Object Repository/09-Settings/Users/add Invite a single user' is clicked on

2022-09-14 14:01:40 - [TEST_STEP][PASSED] - delay(3): Delayed 3 second(s)

2022-09-14 14:01:43 - [MESSAGE][PASSED] - Delayed 3 second(s)

2022-09-14 14:01:43 - [TEST_STEP][PASSED] - setText(findTestObject("09-Settings/Users/input_email"), "autotester10@mailinator.com"): Text 'autotester10@mailinator.com' is set on object 'Object Repository/09-Settings/Users/input_email'

2022-09-14 14:01:44 - [MESSAGE][PASSED] - Text 'autotester10@mailinator.com' is set on object 'Object Repository/09-Settings/Users/input_email'

2022-09-14 14:01:44 - [TEST_STEP][PASSED] - setText(findTestObject("09-Settings/Users/input_firstName"), "GG"): Text 'GG' is set on object 'Object Repository/09-Settings/Users/input_firstName'

2022-09-14 14:01:44 - [MESSAGE][PASSED] - Text 'GG' is set on object 'Object Repository/09-Settings/Users/input_firstName'

2022-09-14 14:01:44 - [TEST_STEP][PASSED] - setText(findTestObject("09-Settings/Users/input_lastName"), "Partner"): Text 'Partner' is set on object 'Object Repository/09-Settings/Users/input_lastName'

2022-09-14 14:01:45 - [MESSAGE][PASSED] - Text 'Partner' is set on object 'Object Repository/09-Settings/Users/input_lastName'

2022-09-14 14:01:45 - [TEST_STEP][PASSED] - click(findTestObject("09-Settings/Users/span_Role")): Object: 'Object Repository/09-Settings/Users/span_Role' is clicked on

2022-09-14 14:01:46 - [MESSAGE][PASSED] - Object: 'Object Repository/09-Settings/Users/span_Role' is clicked on

2022-09-14 14:01:46 - [TEST_STEP][PASSED] - click(findTestObject("09-Settings/Users/span_Partner")): Object: 'Object Repository/09-Settings/Users/span_Partner' is clicked on

2022-09-14 14:01:46 - [MESSAGE][PASSED] - Object: 'Object Repository/09-Settings/Users/span_Partner' is clicked on

2022-09-14 14:01:46 - [TEST_STEP][PASSED] - click(findTestObject("09-Settings/Users/button_Send Invitation")): Object: 'Object Repository/09-Settings/Users/button_Send Invitation' is clicked on

2022-09-14 14:01:47 - [MESSAGE][PASSED] - Object: 'Object Repository/09-Settings/Users/button_Send Invitation' is clicked on

2022-09-14 14:01:47 - [TEST_STEP][PASSED] - delay(2): Delayed 2 second(s)

2022-09-14 14:01:49 - [MESSAGE][PASSED] - Delayed 2 second(s)

2022-09-14 14:01:49 - [TEST_STEP][PASSED] - verifyElementVisible(findTestObject("07-Directory/Connections/zContact Profile/Successfully invited user")): Object 'Object Repository/07-Directory/Connections/zContact Profile/Successfully invited user' is visible

2022-09-14 14:01:50 - [MESSAGE][PASSED] - Object 'Object Repository/07-Directory/Connections/zContact Profile/Successfully invited user' is visible

2022-09-14 14:01:50 - [TEST_STEP][PASSED] - delay(2): Delayed 2 second(s)

2022-09-14 14:01:52 - [MESSAGE][PASSED] - Delayed 2 second(s)

2022-09-14 14:01:52 - [TEST_STEP][PASSED] - click(findTestObject("01-Login and Forgot Password/User menu drop")): Object: 'Object Repository/01-Login and Forgot Password/User menu drop' is clicked on

2022-09-14 14:01:53 - [MESSAGE][PASSED] - Object: 'Object Repository/01-Login and Forgot Password/User menu drop' is clicked on

2022-09-14 14:01:53 - [TEST_STEP][PASSED] - delay(2): Delayed 2 second(s)

2022-09-14 14:01:55 - [MESSAGE][PASSED] - Delayed 2 second(s)

2022-09-14 14:01:55 - [TEST_STEP][PASSED] - click(findTestObject("01-Login and Forgot Password/h4_Sign Out"), STOP_ON_FAILURE): Object: 'Object Repository/01-Login and Forgot Password/h4_Sign Out' is clicked on

2022-09-14 14:01:55 - [MESSAGE][PASSED] - Object: 'Object Repository/01-Login and Forgot Password/h4_Sign Out' is clicked on

2022-09-14 14:01:55 - [TEST_STEP][PASSED] - delay(2): Delayed 2 second(s)

2022-09-14 14:01:57 - [MESSAGE][PASSED] - Delayed 2 second(s)

2022-09-14 14:01:57 - [TEST_STEP][PASSED] - verifyElementPresent(findTestObject("01-Login and Forgot Password/Login_Card"), 0): Object 'Object Repository/01-Login and Forgot Password/Login_Card' is present

2022-09-14 14:01:57 - [MESSAGE][WARNING] - Timeout '0' is invalid. Using default page load timeout: '30'

2022-09-14 14:01:58 - [MESSAGE][PASSED] - Object 'Object Repository/01-Login and Forgot Password/Login_Card' is present

2022-09-14 14:01:58 - [TEST_STEP][PASSED] - delay(3): Delayed 3 second(s)

2022-09-14 14:02:01 - [MESSAGE][PASSED] - Delayed 3 second(s)

2022-09-14 14:02:01 - [TEST_STEP][PASSED] - closeBrowser(): Browser is closed

2022-09-14 14:02:01 - [MESSAGE][PASSED] - Browser is closed

2022-09-14 14:02:01 - [TEST_STEP][PASSED] - openBrowser(""): Browser is opened with url: ''

2022-09-14 14:02:01 - [MESSAGE][INFO] - Starting 'Chrome' driver

2022-09-14 14:02:01 - [MESSAGE][INFO] - Action delay is set to 0 milliseconds

2022-09-14 14:02:03 - [MESSAGE][PASSED] - Browser is opened with url: ''

2022-09-14 14:02:03 - [TEST_STEP][PASSED] - navigateToUrl("https://lab.everleagues.com/"): Navigate to 'https://lab.everleagues.com/' successfully

2022-09-14 14:02:22 - [MESSAGE][PASSED] - Navigate to 'https://lab.everleagues.com/' successfully

2022-09-14 14:02:22 - [TEST_STEP][PASSED] - maximizeWindow(): Current window maximized

2022-09-14 14:02:22 - [MESSAGE][PASSED] - Current window maximized

2022-09-14 14:02:22 - [TEST_STEP][PASSED] - setText(findTestObject("02-Side Icons(Organization)/Add Contact/Email Field"), "autotester10@mailinator.com"): Text 'autotester10@mailinator.com' is set on object 'Object Repository/02-Side Icons(Organization)/Add Contact/Email Field'

2022-09-14 14:02:23 - [MESSAGE][PASSED] - Text 'autotester10@mailinator.com' is set on object 'Object Repository/02-Side Icons(Organization)/Add Contact/Email Field'

2022-09-14 14:02:23 - [TEST_STEP][PASSED] - setEncryptedText(findTestObject("02-Side Icons(Organization)/Add Contact/Password Field"), "8yFRyszE6U6jvsCn51OQbg=="): Text ****** has been set on object 'Object Repository/02-Side Icons(Organization)/Add Contact/Password Field'

2022-09-14 14:02:23 - [MESSAGE][PASSED] - Text ****** has been set on object 'Object Repository/02-Side Icons(Organization)/Add Contact/Password Field'

2022-09-14 14:02:23 - [TEST_STEP][PASSED] - click(findTestObject("02-Side Icons(Organization)/Add Contact/button_Sign in")): Object: 'Object Repository/02-Side Icons(Organization)/Add Contact/button_Sign in' is clicked on

2022-09-14 14:02:24 - [MESSAGE][PASSED] - Object: 'Object Repository/02-Side Icons(Organization)/Add Contact/button_Sign in' is clicked on

2022-09-14 14:02:24 - [TEST_STEP][PASSED] - delay(2): Delayed 2 second(s)

2022-09-14 14:02:26 - [MESSAGE][PASSED] - Delayed 2 second(s)

2022-09-14 14:02:26 - [TEST_STEP][PASSED] - click(findTestObject("06-Teams/For 2FA/button_Confirm_2FA")): Object: 'Object Repository/06-Teams/For 2FA/button_Confirm_2FA' is clicked on

2022-09-14 14:02:27 - [MESSAGE][PASSED] - Object: 'Object Repository/06-Teams/For 2FA/button_Confirm_2FA' is clicked on

2022-09-14 14:02:27 - [TEST_STEP][PASSED] - executeJavaScript("window.open();", []): Execute JavaScript 'window.open();' successfully

2022-09-14 14:02:27 - [MESSAGE][PASSED] - Execute JavaScript 'window.open();' successfully

2022-09-14 14:02:27 - [TEST_STEP][PASSED] - currentWindow = getWindowIndex(): Current window's index is: 0

2022-09-14 14:02:27 - [MESSAGE][PASSED] - Current window's index is: 0

2022-09-14 14:02:27 - [TEST_STEP][PASSED] - delay(3): Delayed 3 second(s)

2022-09-14 14:02:30 - [MESSAGE][PASSED] - Delayed 3 second(s)

2022-09-14 14:02:30 - [TEST_STEP][PASSED] - switchToWindowIndex(currentWindow + 1): Switched to window with index: '1'

2022-09-14 14:02:30 - [MESSAGE][PASSED] - Switched to window with index: '1'

2022-09-14 14:02:30 - [TEST_STEP][PASSED] - navigateToUrl("https://www.mailinator.com/"): Navigate to 'https://www.mailinator.com/' successfully

2022-09-14 14:02:32 - [MESSAGE][PASSED] - Navigate to 'https://www.mailinator.com/' successfully

2022-09-14 14:02:32 - [TEST_STEP][PASSED] - delay(3): Delayed 3 second(s)

2022-09-14 14:02:35 - [MESSAGE][PASSED] - Delayed 3 second(s)

2022-09-14 14:02:35 - [TEST_STEP][PASSED] - setText(findTestObject("00-Signup and Activation/zMailinator/input_LOGIN_search"), "autotester10@mailinator.com"): Text 'autotester10@mailinator.com' is set on object 'Object Repository/00-Signup and Activation/zMailinator/input_LOGIN_search'

2022-09-14 14:02:36 - [MESSAGE][PASSED] - Text 'autotester10@mailinator.com' is set on object 'Object Repository/00-Signup and Activation/zMailinator/input_LOGIN_search'

2022-09-14 14:02:36 - [TEST_STEP][PASSED] - click(findTestObject("00-Signup and Activation/zMailinator/gobutton"), STOP_ON_FAILURE): Object: 'Object Repository/00-Signup and Activation/zMailinator/gobutton' is clicked on

2022-09-14 14:02:38 - [MESSAGE][PASSED] - Object: 'Object Repository/00-Signup and Activation/zMailinator/gobutton' is clicked on

2022-09-14 14:02:38 - [TEST_STEP][PASSED] - delay(3): Delayed 3 second(s)

2022-09-14 14:02:41 - [MESSAGE][PASSED] - Delayed 3 second(s)

2022-09-14 14:02:41 - [TEST_STEP][PASSED] - click(findTestObject("00-Signup and Activation/zMailinator/Email - everleagues")): Object: 'Object Repository/00-Signup and Activation/zMailinator/Email - everleagues' is clicked on

2022-09-14 14:02:42 - [MESSAGE][PASSED] - Object: 'Object Repository/00-Signup and Activation/zMailinator/Email - everleagues' is clicked on

2022-09-14 14:02:42 - [TEST_STEP][PASSED] - delay(3): Delayed 3 second(s)

2022-09-14 14:02:45 - [MESSAGE][PASSED] - Delayed 3 second(s)

2022-09-14 14:02:45 - [TEST_STEP][PASSED] - codetwo = getText(findTestObject("Object Repository/06-Teams/For 2FA/2FA code")): Text of object 'Object Repository/06-Teams/For 2FA/2FA code' is: '588654'

2022-09-14 14:02:45 - [MESSAGE][PASSED] - Text of object 'Object Repository/06-Teams/For 2FA/2FA code' is: '588654'

2022-09-14 14:02:45 - [TEST_STEP][PASSED] - delay(3): Delayed 3 second(s)

2022-09-14 14:02:48 - [MESSAGE][PASSED] - Delayed 3 second(s)

2022-09-14 14:02:48 - [TEST_STEP][PASSED] - closeWindowTitle("Mailinator"): Window with title: 'Mailinator' is closed

2022-09-14 14:02:48 - [MESSAGE][PASSED] - Window with title: 'Mailinator' is closed

2022-09-14 14:02:48 - [TEST_STEP][PASSED] - delay(3): Delayed 3 second(s)

2022-09-14 14:02:51 - [MESSAGE][PASSED] - Delayed 3 second(s)

2022-09-14 14:02:51 - [TEST_STEP][PASSED] - switchToWindowIndex(0): Switched to window with index: '0'

2022-09-14 14:02:51 - [MESSAGE][PASSED] - Switched to window with index: '0'

2022-09-14 14:02:51 - [TEST_STEP][PASSED] - delay(3): Delayed 3 second(s)

2022-09-14 14:02:54 - [MESSAGE][PASSED] - Delayed 3 second(s)

2022-09-14 14:02:54 - [TEST_STEP][PASSED] - setText(findTestObject("Object Repository/06-Teams/For 2FA/input_Enter verification code_code"), codetwo): Text '588654' is set on object 'Object Repository/06-Teams/For 2FA/input_Enter verification code_code'

2022-09-14 14:02:55 - [MESSAGE][PASSED] - Text '588654' is set on object 'Object Repository/06-Teams/For 2FA/input_Enter verification code_code'

2022-09-14 14:02:55 - [TEST_STEP][PASSED] - delay(3): Delayed 3 second(s)

2022-09-14 14:02:58 - [MESSAGE][PASSED] - Delayed 3 second(s)

2022-09-14 14:02:58 - [TEST_STEP][PASSED] - click(findTestObject("06-Teams/For 2FA/button_Verify_2FA")): Object: 'Object Repository/06-Teams/For 2FA/button_Verify_2FA' is clicked on

2022-09-14 14:02:59 - [MESSAGE][PASSED] - Object: 'Object Repository/06-Teams/For 2FA/button_Verify_2FA' is clicked on

2022-09-14 14:02:59 - [TEST_STEP][PASSED] - delay(5): Delayed 5 second(s)

2022-09-14 14:03:04 - [MESSAGE][PASSED] - Delayed 5 second(s)

2022-09-14 14:03:04 - [TEST_STEP][PASSED] - executeJavaScript("window.open();", []): Execute JavaScript 'window.open();' successfully

2022-09-14 14:03:04 - [MESSAGE][PASSED] - Execute JavaScript 'window.open();' successfully

2022-09-14 14:03:04 - [TEST_STEP][PASSED] - currentWindow = getWindowIndex(): Current window's index is: 0

2022-09-14 14:03:04 - [MESSAGE][PASSED] - Current window's index is: 0

2022-09-14 14:03:04 - [TEST_STEP][PASSED] - delay(3): Delayed 3 second(s)

2022-09-14 14:03:07 - [MESSAGE][PASSED] - Delayed 3 second(s)

2022-09-14 14:03:07 - [TEST_STEP][PASSED] - switchToWindowIndex(currentWindow + 1): Switched to window with index: '1'

2022-09-14 14:03:07 - [MESSAGE][PASSED] - Switched to window with index: '1'

2022-09-14 14:03:07 - [TEST_STEP][PASSED] - navigateToUrl("https://www.mailinator.com/"): Navigate to 'https://www.mailinator.com/' successfully

2022-09-14 14:03:09 - [MESSAGE][PASSED] - Navigate to 'https://www.mailinator.com/' successfully

2022-09-14 14:03:09 - [TEST_STEP][PASSED] - delay(3): Delayed 3 second(s)

2022-09-14 14:03:12 - [MESSAGE][PASSED] - Delayed 3 second(s)

2022-09-14 14:03:12 - [TEST_STEP][PASSED] - setText(findTestObject("00-Signup and Activation/zMailinator/input_LOGIN_search"), "autotester10@mailinator.com"): Text 'autotester10@mailinator.com' is set on object 'Object Repository/00-Signup and Activation/zMailinator/input_LOGIN_search'

2022-09-14 14:03:12 - [MESSAGE][PASSED] - Text 'autotester10@mailinator.com' is set on object 'Object Repository/00-Signup and Activation/zMailinator/input_LOGIN_search'

2022-09-14 14:03:12 - [TEST_STEP][PASSED] - click(findTestObject("00-Signup and Activation/zMailinator/gobutton"), STOP_ON_FAILURE): Object: 'Object Repository/00-Signup and Activation/zMailinator/gobutton' is clicked on

2022-09-14 14:03:13 - [MESSAGE][PASSED] - Object: 'Object Repository/00-Signup and Activation/zMailinator/gobutton' is clicked on

2022-09-14 14:03:13 - [TEST_STEP][PASSED] - delay(3): Delayed 3 second(s)

2022-09-14 14:03:16 - [MESSAGE][PASSED] - Delayed 3 second(s)

2022-09-14 14:03:16 - [TEST_STEP][PASSED] - closeWindowTitle("Everleagues"): Window with title: 'Everleagues' is closed

2022-09-14 14:03:16 - [MESSAGE][PASSED] - Window with title: 'Everleagues' is closed

2022-09-14 14:03:16 - [TEST_STEP][PASSED] - switchToWindowIndex(0): Switched to window with index: '0'

2022-09-14 14:03:16 - [MESSAGE][PASSED] - Switched to window with index: '0'

2022-09-14 14:03:16 - [TEST_STEP][PASSED] - click(findTestObject("09-Settings/Users/Co worker/td_Invitation from GG Automation")): Object: 'Object Repository/09-Settings/Users/Co worker/td_Invitation from GG Automation' is clicked on

2022-09-14 14:03:17 - [MESSAGE][PASSED] - Object: 'Object Repository/09-Settings/Users/Co worker/td_Invitation from GG Automation' is clicked on

2022-09-14 14:03:17 - [TEST_STEP][PASSED] - click(findTestObject("09-Settings/Users/Co worker/a_Click here to join GG Automation on EverLeagues")): Object: 'Object Repository/09-Settings/Users/Co worker/a_Click here to join GG Automation on EverLeagues' is clicked on

2022-09-14 14:03:18 - [MESSAGE][PASSED] - Object: 'Object Repository/09-Settings/Users/Co worker/a_Click here to join GG Automation on EverLeagues' is clicked on

2022-09-14 14:03:18 - [TEST_STEP][PASSED] - closeWindowTitle("Mailinator"): Window with title: 'Mailinator' is closed

2022-09-14 14:03:18 - [MESSAGE][PASSED] - Window with title: 'Mailinator' is closed

2022-09-14 14:03:18 - [TEST_STEP][PASSED] - switchToWindowIndex(0): Switched to window with index: '0'

2022-09-14 14:03:18 - [MESSAGE][PASSED] - Switched to window with index: '0'

2022-09-14 14:03:18 - [TEST_STEP][PASSED] - verifyElementVisible(findTestObject("09-Settings/Users/Client/Invite modal")): Object 'Object Repository/09-Settings/Users/Client/Invite modal' is visible

2022-09-14 14:03:26 - [MESSAGE][PASSED] - Object 'Object Repository/09-Settings/Users/Client/Invite modal' is visible

2022-09-14 14:03:26 - [TEST_STEP][PASSED] - setText(findTestObject("09-Settings/Users/Client/Company field"), "QA Company"): Text 'QA Company' is set on object 'Object Repository/09-Settings/Users/Client/Company field'

2022-09-14 14:03:27 - [MESSAGE][PASSED] - Text 'QA Company' is set on object 'Object Repository/09-Settings/Users/Client/Company field'

2022-09-14 14:03:27 - [TEST_STEP][PASSED] - click(findTestObject("09-Settings/Users/Client/button_Accept")): Object: 'Object Repository/09-Settings/Users/Client/button_Accept' is clicked on

2022-09-14 14:03:27 - [MESSAGE][PASSED] - Object: 'Object Repository/09-Settings/Users/Client/button_Accept' is clicked on

2022-09-14 14:03:27 - [TEST_STEP][PASSED] - delay(10): Delayed 10 second(s)

2022-09-14 14:03:37 - [MESSAGE][PASSED] - Delayed 10 second(s)

2022-09-14 14:03:37 - [TEST_STEP][PASSED] - verifyElementVisible(findTestObject("09-Settings/Users/div_Joined as Partner")): Object 'Object Repository/09-Settings/Users/div_Joined as Partner' is visible

2022-09-14 14:03:38 - [MESSAGE][PASSED] - Object 'Object Repository/09-Settings/Users/div_Joined as Partner' is visible

2022-09-14 14:03:38 - [TEST_STEP][PASSED] - delay(3): Delayed 3 second(s)

2022-09-14 14:03:41 - [MESSAGE][PASSED] - Delayed 3 second(s)

2022-09-14 14:03:41 - [TEST_STEP][PASSED] - closeBrowser(): Browser is closed

2022-09-14 14:03:41 - [MESSAGE][PASSED] - Browser is closed]]></system-out>
         <system-err><![CDATA[]]></system-err>
      </testcase>
      <testcase name="Test Cases/09-Settings/05 - Users (Invite batch of users via CSV file)" time="125.813" classname="Test Cases/09-Settings/05 - Users (Invite batch of users via CSV file)" status="FAILED">
         <failure type="FAILED" message="Test Cases/09-Settings/05 - Users (Invite batch of users via CSV file) FAILED.
Reason:
com.kms.katalon.core.exception.StepFailedException: Unable to verify object 'Object Repository/09-Settings/Users/CSV Invite/div_Sample csv.csv' is visible
	at com.kms.katalon.core.webui.keyword.internal.WebUIKeywordMain.stepFailed(WebUIKeywordMain.groovy:64)
	at com.kms.katalon.core.webui.keyword.internal.WebUIKeywordMain.runKeyword(WebUIKeywordMain.groovy:26)
	at com.kms.katalon.core.webui.keyword.builtin.VerifyElementVisibleKeyword.verifyElementVisible(VerifyElementVisibleKeyword.groovy:97)
	at com.kms.katalon.core.webui.keyword.builtin.VerifyElementVisibleKeyword.execute(VerifyElementVisibleKeyword.groovy:67)
	at com.kms.katalon.core.keyword.internal.KeywordExecutor.executeKeywordForPlatform(KeywordExecutor.groovy:74)
	at com.kms.katalon.core.webui.keyword.WebUiBuiltInKeywords.verifyElementVisible(WebUiBuiltInKeywords.groovy:376)
	at com.kms.katalon.core.webui.keyword.WebUiBuiltInKeywords$verifyElementVisible$11.call(Unknown Source)
	at 05 - Users (Invite batch of users via CSV file).run(05 - Users (Invite batch of users via CSV file):115)
	at com.kms.katalon.core.main.ScriptEngine.run(ScriptEngine.java:194)
	at com.kms.katalon.core.main.ScriptEngine.runScriptAsRawText(ScriptEngine.java:119)
	at com.kms.katalon.core.main.TestCaseExecutor.runScript(TestCaseExecutor.java:448)
	at com.kms.katalon.core.main.TestCaseExecutor.doExecute(TestCaseExecutor.java:439)
	at com.kms.katalon.core.main.TestCaseExecutor.processExecutionPhase(TestCaseExecutor.java:418)
	at com.kms.katalon.core.main.TestCaseExecutor.accessMainPhase(TestCaseExecutor.java:410)
	at com.kms.katalon.core.main.TestCaseExecutor.execute(TestCaseExecutor.java:285)
	at com.kms.katalon.core.common.CommonExecutor.accessTestCaseMainPhase(CommonExecutor.java:65)
	at com.kms.katalon.core.main.TestSuiteExecutor.accessTestSuiteMainPhase(TestSuiteExecutor.java:144)
	at com.kms.katalon.core.main.TestSuiteExecutor.execute(TestSuiteExecutor.java:106)
	at com.kms.katalon.core.main.TestCaseMain.startTestSuite(TestCaseMain.java:185)
	at com.kms.katalon.core.main.TestCaseMain$startTestSuite$0.call(Unknown Source)
	at TempTestSuite1663134429043.run(TempTestSuite1663134429043.groovy:36)
Caused by: com.kms.katalon.core.exception.StepFailedException: Web element with id: 'Object Repository/09-Settings/Users/CSV Invite/div_Sample csv.csv' located by '//div[@class = 'file-name' and (text() = ' sample csv.csv ' or . = ' sample csv.csv ')]' not found
	at com.kms.katalon.core.webui.keyword.internal.WebUIKeywordMain.stepFailed(WebUIKeywordMain.groovy:64)
	at com.kms.katalon.core.webui.keyword.builtin.VerifyElementVisibleKeyword$_verifyElementVisible_closure1.doCall(VerifyElementVisibleKeyword.groovy:89)
	at com.kms.katalon.core.webui.keyword.builtin.VerifyElementVisibleKeyword$_verifyElementVisible_closure1.call(VerifyElementVisibleKeyword.groovy)
	at com.kms.katalon.core.webui.keyword.internal.WebUIKeywordMain.runKeyword(WebUIKeywordMain.groovy:20)
	... 19 more
"/>
         <system-out><![CDATA[2022-09-14 14:03:41 - [TEST_CASE][FAILED] - Test Cases/09-Settings/05 - Users (Invite batch of users via CSV file): Test Cases/09-Settings/05 - Users (Invite batch of users via CSV file) FAILED.
Reason:
com.kms.katalon.core.exception.StepFailedException: Unable to verify object 'Object Repository/09-Settings/Users/CSV Invite/div_Sample csv.csv' is visible
	at com.kms.katalon.core.webui.keyword.internal.WebUIKeywordMain.stepFailed(WebUIKeywordMain.groovy:64)
	at com.kms.katalon.core.webui.keyword.internal.WebUIKeywordMain.runKeyword(WebUIKeywordMain.groovy:26)
	at com.kms.katalon.core.webui.keyword.builtin.VerifyElementVisibleKeyword.verifyElementVisible(VerifyElementVisibleKeyword.groovy:97)
	at com.kms.katalon.core.webui.keyword.builtin.VerifyElementVisibleKeyword.execute(VerifyElementVisibleKeyword.groovy:67)
	at com.kms.katalon.core.keyword.internal.KeywordExecutor.executeKeywordForPlatform(KeywordExecutor.groovy:74)
	at com.kms.katalon.core.webui.keyword.WebUiBuiltInKeywords.verifyElementVisible(WebUiBuiltInKeywords.groovy:376)
	at com.kms.katalon.core.webui.keyword.WebUiBuiltInKeywords$verifyElementVisible$11.call(Unknown Source)
	at 05 - Users (Invite batch of users via CSV file).run(05 - Users (Invite batch of users via CSV file):115)
	at com.kms.katalon.core.main.ScriptEngine.run(ScriptEngine.java:194)
	at com.kms.katalon.core.main.ScriptEngine.runScriptAsRawText(ScriptEngine.java:119)
	at com.kms.katalon.core.main.TestCaseExecutor.runScript(TestCaseExecutor.java:448)
	at com.kms.katalon.core.main.TestCaseExecutor.doExecute(TestCaseExecutor.java:439)
	at com.kms.katalon.core.main.TestCaseExecutor.processExecutionPhase(TestCaseExecutor.java:418)
	at com.kms.katalon.core.main.TestCaseExecutor.accessMainPhase(TestCaseExecutor.java:410)
	at com.kms.katalon.core.main.TestCaseExecutor.execute(TestCaseExecutor.java:285)
	at com.kms.katalon.core.common.CommonExecutor.accessTestCaseMainPhase(CommonExecutor.java:65)
	at com.kms.katalon.core.main.TestSuiteExecutor.accessTestSuiteMainPhase(TestSuiteExecutor.java:144)
	at com.kms.katalon.core.main.TestSuiteExecutor.execute(TestSuiteExecutor.java:106)
	at com.kms.katalon.core.main.TestCaseMain.startTestSuite(TestCaseMain.java:185)
	at com.kms.katalon.core.main.TestCaseMain$startTestSuite$0.call(Unknown Source)
	at TempTestSuite1663134429043.run(TempTestSuite1663134429043.groovy:36)
Caused by: com.kms.katalon.core.exception.StepFailedException: Web element with id: 'Object Repository/09-Settings/Users/CSV Invite/div_Sample csv.csv' located by '//div[@class = 'file-name' and (text() = ' sample csv.csv ' or . = ' sample csv.csv ')]' not found
	at com.kms.katalon.core.webui.keyword.internal.WebUIKeywordMain.stepFailed(WebUIKeywordMain.groovy:64)
	at com.kms.katalon.core.webui.keyword.builtin.VerifyElementVisibleKeyword$_verifyElementVisible_closure1.doCall(VerifyElementVisibleKeyword.groovy:89)
	at com.kms.katalon.core.webui.keyword.builtin.VerifyElementVisibleKeyword$_verifyElementVisible_closure1.call(VerifyElementVisibleKeyword.groovy)
	at com.kms.katalon.core.webui.keyword.internal.WebUIKeywordMain.runKeyword(WebUIKeywordMain.groovy:20)
	... 19 more


2022-09-14 14:03:42 - [TEST_STEP][PASSED] - openBrowser(""): Browser is opened with url: ''

2022-09-14 14:03:42 - [MESSAGE][INFO] - Starting 'Chrome' driver

2022-09-14 14:03:42 - [MESSAGE][INFO] - Action delay is set to 0 milliseconds

2022-09-14 14:03:43 - [MESSAGE][PASSED] - Browser is opened with url: ''

2022-09-14 14:03:43 - [TEST_STEP][PASSED] - navigateToUrl("https://lab.everleagues.com/"): Navigate to 'https://lab.everleagues.com/' successfully

2022-09-14 14:03:58 - [MESSAGE][PASSED] - Navigate to 'https://lab.everleagues.com/' successfully

2022-09-14 14:03:58 - [TEST_STEP][PASSED] - maximizeWindow(): Current window maximized

2022-09-14 14:03:58 - [MESSAGE][PASSED] - Current window maximized

2022-09-14 14:03:58 - [TEST_STEP][PASSED] - setText(findTestObject("02-Side Icons(Organization)/Add Contact/Email Field"), "testuser02@mailinator.com"): Text 'testuser02@mailinator.com' is set on object 'Object Repository/02-Side Icons(Organization)/Add Contact/Email Field'

2022-09-14 14:03:59 - [MESSAGE][PASSED] - Text 'testuser02@mailinator.com' is set on object 'Object Repository/02-Side Icons(Organization)/Add Contact/Email Field'

2022-09-14 14:03:59 - [TEST_STEP][PASSED] - setEncryptedText(findTestObject("02-Side Icons(Organization)/Add Contact/Password Field"), "8yFRyszE6U6jvsCn51OQbg=="): Text ****** has been set on object 'Object Repository/02-Side Icons(Organization)/Add Contact/Password Field'

2022-09-14 14:03:59 - [MESSAGE][PASSED] - Text ****** has been set on object 'Object Repository/02-Side Icons(Organization)/Add Contact/Password Field'

2022-09-14 14:03:59 - [TEST_STEP][PASSED] - click(findTestObject("02-Side Icons(Organization)/Add Contact/button_Sign in")): Object: 'Object Repository/02-Side Icons(Organization)/Add Contact/button_Sign in' is clicked on

2022-09-14 14:04:00 - [MESSAGE][PASSED] - Object: 'Object Repository/02-Side Icons(Organization)/Add Contact/button_Sign in' is clicked on

2022-09-14 14:04:00 - [TEST_STEP][PASSED] - delay(2): Delayed 2 second(s)

2022-09-14 14:04:02 - [MESSAGE][PASSED] - Delayed 2 second(s)

2022-09-14 14:04:02 - [TEST_STEP][PASSED] - click(findTestObject("06-Teams/For 2FA/button_Confirm_2FA")): Object: 'Object Repository/06-Teams/For 2FA/button_Confirm_2FA' is clicked on

2022-09-14 14:04:03 - [MESSAGE][PASSED] - Object: 'Object Repository/06-Teams/For 2FA/button_Confirm_2FA' is clicked on

2022-09-14 14:04:03 - [TEST_STEP][PASSED] - executeJavaScript("window.open();", []): Execute JavaScript 'window.open();' successfully

2022-09-14 14:04:03 - [MESSAGE][PASSED] - Execute JavaScript 'window.open();' successfully

2022-09-14 14:04:03 - [TEST_STEP][PASSED] - currentWindow = getWindowIndex(): Current window's index is: 0

2022-09-14 14:04:03 - [MESSAGE][PASSED] - Current window's index is: 0

2022-09-14 14:04:03 - [TEST_STEP][PASSED] - delay(3): Delayed 3 second(s)

2022-09-14 14:04:06 - [MESSAGE][PASSED] - Delayed 3 second(s)

2022-09-14 14:04:06 - [TEST_STEP][PASSED] - switchToWindowIndex(currentWindow + 1): Switched to window with index: '1'

2022-09-14 14:04:06 - [MESSAGE][PASSED] - Switched to window with index: '1'

2022-09-14 14:04:06 - [TEST_STEP][PASSED] - navigateToUrl("https://www.mailinator.com/"): Navigate to 'https://www.mailinator.com/' successfully

2022-09-14 14:04:08 - [MESSAGE][PASSED] - Navigate to 'https://www.mailinator.com/' successfully

2022-09-14 14:04:08 - [TEST_STEP][PASSED] - delay(3): Delayed 3 second(s)

2022-09-14 14:04:11 - [MESSAGE][PASSED] - Delayed 3 second(s)

2022-09-14 14:04:11 - [TEST_STEP][PASSED] - setText(findTestObject("00-Signup and Activation/zMailinator/input_LOGIN_search"), "testuser02@mailinator.com"): Text 'testuser02@mailinator.com' is set on object 'Object Repository/00-Signup and Activation/zMailinator/input_LOGIN_search'

2022-09-14 14:04:11 - [MESSAGE][PASSED] - Text 'testuser02@mailinator.com' is set on object 'Object Repository/00-Signup and Activation/zMailinator/input_LOGIN_search'

2022-09-14 14:04:11 - [TEST_STEP][PASSED] - click(findTestObject("00-Signup and Activation/zMailinator/gobutton"), STOP_ON_FAILURE): Object: 'Object Repository/00-Signup and Activation/zMailinator/gobutton' is clicked on

2022-09-14 14:04:13 - [MESSAGE][PASSED] - Object: 'Object Repository/00-Signup and Activation/zMailinator/gobutton' is clicked on

2022-09-14 14:04:13 - [TEST_STEP][PASSED] - delay(3): Delayed 3 second(s)

2022-09-14 14:04:16 - [MESSAGE][PASSED] - Delayed 3 second(s)

2022-09-14 14:04:16 - [TEST_STEP][PASSED] - click(findTestObject("00-Signup and Activation/zMailinator/Email - everleagues")): Object: 'Object Repository/00-Signup and Activation/zMailinator/Email - everleagues' is clicked on

2022-09-14 14:04:17 - [MESSAGE][PASSED] - Object: 'Object Repository/00-Signup and Activation/zMailinator/Email - everleagues' is clicked on

2022-09-14 14:04:17 - [TEST_STEP][PASSED] - delay(3): Delayed 3 second(s)

2022-09-14 14:04:20 - [MESSAGE][PASSED] - Delayed 3 second(s)

2022-09-14 14:04:20 - [TEST_STEP][PASSED] - code = getText(findTestObject("Object Repository/06-Teams/For 2FA/2FA code")): Text of object 'Object Repository/06-Teams/For 2FA/2FA code' is: '795911'

2022-09-14 14:04:20 - [MESSAGE][PASSED] - Text of object 'Object Repository/06-Teams/For 2FA/2FA code' is: '795911'

2022-09-14 14:04:20 - [TEST_STEP][PASSED] - delay(3): Delayed 3 second(s)

2022-09-14 14:04:23 - [MESSAGE][PASSED] - Delayed 3 second(s)

2022-09-14 14:04:23 - [TEST_STEP][PASSED] - closeWindowTitle("Mailinator"): Window with title: 'Mailinator' is closed

2022-09-14 14:04:23 - [MESSAGE][PASSED] - Window with title: 'Mailinator' is closed

2022-09-14 14:04:23 - [TEST_STEP][PASSED] - delay(3): Delayed 3 second(s)

2022-09-14 14:04:26 - [MESSAGE][PASSED] - Delayed 3 second(s)

2022-09-14 14:04:26 - [TEST_STEP][PASSED] - switchToWindowIndex(0): Switched to window with index: '0'

2022-09-14 14:04:26 - [MESSAGE][PASSED] - Switched to window with index: '0'

2022-09-14 14:04:26 - [TEST_STEP][PASSED] - delay(3): Delayed 3 second(s)

2022-09-14 14:04:29 - [MESSAGE][PASSED] - Delayed 3 second(s)

2022-09-14 14:04:29 - [TEST_STEP][PASSED] - setText(findTestObject("Object Repository/06-Teams/For 2FA/input_Enter verification code_code"), code): Text '795911' is set on object 'Object Repository/06-Teams/For 2FA/input_Enter verification code_code'

2022-09-14 14:04:30 - [MESSAGE][PASSED] - Text '795911' is set on object 'Object Repository/06-Teams/For 2FA/input_Enter verification code_code'

2022-09-14 14:04:30 - [TEST_STEP][PASSED] - delay(3): Delayed 3 second(s)

2022-09-14 14:04:33 - [MESSAGE][PASSED] - Delayed 3 second(s)

2022-09-14 14:04:33 - [TEST_STEP][PASSED] - click(findTestObject("06-Teams/For 2FA/button_Verify_2FA")): Object: 'Object Repository/06-Teams/For 2FA/button_Verify_2FA' is clicked on

2022-09-14 14:04:34 - [MESSAGE][PASSED] - Object: 'Object Repository/06-Teams/For 2FA/button_Verify_2FA' is clicked on

2022-09-14 14:04:34 - [TEST_STEP][PASSED] - delay(5): Delayed 5 second(s)

2022-09-14 14:04:39 - [MESSAGE][PASSED] - Delayed 5 second(s)

2022-09-14 14:04:39 - [TEST_STEP][PASSED] - click(findTestObject("06-Teams/button_doublearrow")): Object: 'Object Repository/06-Teams/button_doublearrow' is clicked on

2022-09-14 14:04:41 - [MESSAGE][PASSED] - Object: 'Object Repository/06-Teams/button_doublearrow' is clicked on

2022-09-14 14:04:41 - [TEST_STEP][PASSED] - click(findTestObject("06-Teams/button_My Organizations")): Object: 'Object Repository/06-Teams/button_My Organizations' is clicked on

2022-09-14 14:04:42 - [MESSAGE][PASSED] - Object: 'Object Repository/06-Teams/button_My Organizations' is clicked on

2022-09-14 14:04:42 - [TEST_STEP][PASSED] - click(findTestObject("06-Teams/button_GG Automation")): Object: 'Object Repository/06-Teams/button_GG Automation' is clicked on

2022-09-14 14:04:43 - [MESSAGE][PASSED] - Object: 'Object Repository/06-Teams/button_GG Automation' is clicked on

2022-09-14 14:04:43 - [TEST_STEP][PASSED] - delay(4): Delayed 4 second(s)

2022-09-14 14:04:47 - [MESSAGE][PASSED] - Delayed 4 second(s)

2022-09-14 14:04:47 - [TEST_STEP][PASSED] - verifyElementVisible(findTestObject("06-Teams/span_GG Automation")): Object 'Object Repository/06-Teams/span_GG Automation' is visible

2022-09-14 14:04:47 - [MESSAGE][PASSED] - Object 'Object Repository/06-Teams/span_GG Automation' is visible

2022-09-14 14:04:47 - [TEST_STEP][PASSED] - delay(10): Delayed 10 second(s)

2022-09-14 14:04:57 - [MESSAGE][PASSED] - Delayed 10 second(s)

2022-09-14 14:04:57 - [TEST_STEP][PASSED] - click(findTestObject("03-Header Menu/Hamburger Button/div_Settings")): Object: 'Object Repository/03-Header Menu/Hamburger Button/div_Settings' is clicked on

2022-09-14 14:04:57 - [MESSAGE][PASSED] - Object: 'Object Repository/03-Header Menu/Hamburger Button/div_Settings' is clicked on

2022-09-14 14:04:57 - [TEST_STEP][PASSED] - delay(3): Delayed 3 second(s)

2022-09-14 14:05:00 - [MESSAGE][PASSED] - Delayed 3 second(s)

2022-09-14 14:05:00 - [TEST_STEP][PASSED] - click(findTestObject("09-Settings/Users/div_Users")): Object: 'Object Repository/09-Settings/Users/div_Users' is clicked on

2022-09-14 14:05:01 - [MESSAGE][PASSED] - Object: 'Object Repository/09-Settings/Users/div_Users' is clicked on

2022-09-14 14:05:01 - [TEST_STEP][PASSED] - delay(3): Delayed 3 second(s)

2022-09-14 14:05:04 - [MESSAGE][PASSED] - Delayed 3 second(s)

2022-09-14 14:05:04 - [TEST_STEP][PASSED] - click(findTestObject("09-Settings/Users/button_add")): Object: 'Object Repository/09-Settings/Users/button_add' is clicked on

2022-09-14 14:05:04 - [MESSAGE][PASSED] - Object: 'Object Repository/09-Settings/Users/button_add' is clicked on

2022-09-14 14:05:04 - [TEST_STEP][PASSED] - delay(3): Delayed 3 second(s)

2022-09-14 14:05:07 - [MESSAGE][PASSED] - Delayed 3 second(s)

2022-09-14 14:05:07 - [TEST_STEP][PASSED] - click(findTestObject("09-Settings/Users/Invite batch of users via CSV file")): Object: 'Object Repository/09-Settings/Users/Invite batch of users via CSV file' is clicked on

2022-09-14 14:05:08 - [MESSAGE][PASSED] - Object: 'Object Repository/09-Settings/Users/Invite batch of users via CSV file' is clicked on

2022-09-14 14:05:08 - [TEST_STEP][PASSED] - verifyElementVisible(findTestObject("09-Settings/Users/CSV Invite/Import CSV File modal")): Object 'Object Repository/09-Settings/Users/CSV Invite/Import CSV File modal' is visible

2022-09-14 14:05:09 - [MESSAGE][PASSED] - Object 'Object Repository/09-Settings/Users/CSV Invite/Import CSV File modal' is visible

2022-09-14 14:05:09 - [TEST_STEP][PASSED] - verifyElementNotClickable(findTestObject("09-Settings/Users/CSV Invite/button_Import")): Object 'Object Repository/09-Settings/Users/CSV Invite/button_Import' is NOT clickable

2022-09-14 14:05:09 - [MESSAGE][PASSED] - Object 'Object Repository/09-Settings/Users/CSV Invite/button_Import' is NOT clickable

2022-09-14 14:05:09 - [TEST_STEP][PASSED] - delay(3): Delayed 3 second(s)

2022-09-14 14:05:12 - [MESSAGE][PASSED] - Delayed 3 second(s)

2022-09-14 14:05:12 - [TEST_STEP][PASSED] - uploadpackage.Upload.uploadFile(findTestObject("Object Repository/09-Settings/Users/CSV Invite/button_Choose File"), "C:\Users\User\Desktop\EL automation\sample csv.csv"): uploadpackage.Upload.uploadFile is PASSED

2022-09-14 14:05:12 - [MESSAGE][PASSED] - Object: 'Object Repository/09-Settings/Users/CSV Invite/button_Choose File' is clicked on

2022-09-14 14:05:13 - [MESSAGE][PASSED] - uploadpackage.Upload.uploadFile is PASSED

2022-09-14 14:05:13 - [TEST_STEP][PASSED] - delay(3): Delayed 3 second(s)

2022-09-14 14:05:16 - [MESSAGE][PASSED] - Delayed 3 second(s)

2022-09-14 14:05:16 - [TEST_STEP][FAILED] - verifyElementVisible(findTestObject("09-Settings/Users/CSV Invite/div_Sample csv.csv")): Unable to verify object 'Object Repository/09-Settings/Users/CSV Invite/div_Sample csv.csv' is visible (Root cause: com.kms.katalon.core.exception.StepFailedException: Unable to verify object 'Object Repository/09-Settings/Users/CSV Invite/div_Sample csv.csv' is visible
	at com.kms.katalon.core.webui.keyword.internal.WebUIKeywordMain.stepFailed(WebUIKeywordMain.groovy:64)
	at com.kms.katalon.core.webui.keyword.internal.WebUIKeywordMain.runKeyword(WebUIKeywordMain.groovy:26)
	at com.kms.katalon.core.webui.keyword.builtin.VerifyElementVisibleKeyword.verifyElementVisible(VerifyElementVisibleKeyword.groovy:97)
	at com.kms.katalon.core.webui.keyword.builtin.VerifyElementVisibleKeyword.execute(VerifyElementVisibleKeyword.groovy:67)
	at com.kms.katalon.core.keyword.internal.KeywordExecutor.executeKeywordForPlatform(KeywordExecutor.groovy:74)
	at com.kms.katalon.core.webui.keyword.WebUiBuiltInKeywords.verifyElementVisible(WebUiBuiltInKeywords.groovy:376)
	at com.kms.katalon.core.webui.keyword.WebUiBuiltInKeywords$verifyElementVisible$11.call(Unknown Source)
	at 05 - Users (Invite batch of users via CSV file).run(05 - Users (Invite batch of users via CSV file):115)
	at com.kms.katalon.core.main.ScriptEngine.run(ScriptEngine.java:194)
	at com.kms.katalon.core.main.ScriptEngine.runScriptAsRawText(ScriptEngine.java:119)
	at com.kms.katalon.core.main.TestCaseExecutor.runScript(TestCaseExecutor.java:448)
	at com.kms.katalon.core.main.TestCaseExecutor.doExecute(TestCaseExecutor.java:439)
	at com.kms.katalon.core.main.TestCaseExecutor.processExecutionPhase(TestCaseExecutor.java:418)
	at com.kms.katalon.core.main.TestCaseExecutor.accessMainPhase(TestCaseExecutor.java:410)
	at com.kms.katalon.core.main.TestCaseExecutor.execute(TestCaseExecutor.java:285)
	at com.kms.katalon.core.common.CommonExecutor.accessTestCaseMainPhase(CommonExecutor.java:65)
	at com.kms.katalon.core.main.TestSuiteExecutor.accessTestSuiteMainPhase(TestSuiteExecutor.java:144)
	at com.kms.katalon.core.main.TestSuiteExecutor.execute(TestSuiteExecutor.java:106)
	at com.kms.katalon.core.main.TestCaseMain.startTestSuite(TestCaseMain.java:185)
	at com.kms.katalon.core.main.TestCaseMain$startTestSuite$0.call(Unknown Source)
	at TempTestSuite1663134429043.run(TempTestSuite1663134429043.groovy:36)
Caused by: com.kms.katalon.core.exception.StepFailedException: Web element with id: 'Object Repository/09-Settings/Users/CSV Invite/div_Sample csv.csv' located by '//div[@class = 'file-name' and (text() = ' sample csv.csv ' or . = ' sample csv.csv ')]' not found
	at com.kms.katalon.core.webui.keyword.internal.WebUIKeywordMain.stepFailed(WebUIKeywordMain.groovy:64)
	at com.kms.katalon.core.webui.keyword.builtin.VerifyElementVisibleKeyword$_verifyElementVisible_closure1.doCall(VerifyElementVisibleKeyword.groovy:89)
	at com.kms.katalon.core.webui.keyword.builtin.VerifyElementVisibleKeyword$_verifyElementVisible_closure1.call(VerifyElementVisibleKeyword.groovy)
	at com.kms.katalon.core.webui.keyword.internal.WebUIKeywordMain.runKeyword(WebUIKeywordMain.groovy:20)
	... 19 more
)

2022-09-14 14:05:47 - [MESSAGE][INFO] - Unable to find the element located by 'By.xpath: //div[@class = 'file-name' and (text() = ' sample csv.csv ' or . = ' sample csv.csv ')]'. Please recheck the objects properties to make sure the desired element is located. 

2022-09-14 14:05:47 - [MESSAGE][FAILED] - Web element with id: 'Object Repository/09-Settings/Users/CSV Invite/div_Sample csv.csv' located by '//div[@class = 'file-name' and (text() = ' sample csv.csv ' or . = ' sample csv.csv ')]' not found (Root cause: com.kms.katalon.core.exception.StepFailedException: Web element with id: 'Object Repository/09-Settings/Users/CSV Invite/div_Sample csv.csv' located by '//div[@class = 'file-name' and (text() = ' sample csv.csv ' or . = ' sample csv.csv ')]' not found
	at com.kms.katalon.core.webui.keyword.internal.WebUIKeywordMain.stepFailed(WebUIKeywordMain.groovy:64)
	at com.kms.katalon.core.webui.keyword.builtin.VerifyElementVisibleKeyword$_verifyElementVisible_closure1.doCall(VerifyElementVisibleKeyword.groovy:89)
	at com.kms.katalon.core.webui.keyword.builtin.VerifyElementVisibleKeyword$_verifyElementVisible_closure1.call(VerifyElementVisibleKeyword.groovy)
	at com.kms.katalon.core.webui.keyword.internal.WebUIKeywordMain.runKeyword(WebUIKeywordMain.groovy:20)
	at com.kms.katalon.core.webui.keyword.builtin.VerifyElementVisibleKeyword.verifyElementVisible(VerifyElementVisibleKeyword.groovy:97)
	at com.kms.katalon.core.webui.keyword.builtin.VerifyElementVisibleKeyword.execute(VerifyElementVisibleKeyword.groovy:67)
	at com.kms.katalon.core.keyword.internal.KeywordExecutor.executeKeywordForPlatform(KeywordExecutor.groovy:74)
	at com.kms.katalon.core.webui.keyword.WebUiBuiltInKeywords.verifyElementVisible(WebUiBuiltInKeywords.groovy:376)
	at com.kms.katalon.core.webui.keyword.WebUiBuiltInKeywords$verifyElementVisible$11.call(Unknown Source)
	at 05 - Users (Invite batch of users via CSV file).run(05 - Users (Invite batch of users via CSV file):115)
	at com.kms.katalon.core.main.ScriptEngine.run(ScriptEngine.java:194)
	at com.kms.katalon.core.main.ScriptEngine.runScriptAsRawText(ScriptEngine.java:119)
	at com.kms.katalon.core.main.TestCaseExecutor.runScript(TestCaseExecutor.java:448)
	at com.kms.katalon.core.main.TestCaseExecutor.doExecute(TestCaseExecutor.java:439)
	at com.kms.katalon.core.main.TestCaseExecutor.processExecutionPhase(TestCaseExecutor.java:418)
	at com.kms.katalon.core.main.TestCaseExecutor.accessMainPhase(TestCaseExecutor.java:410)
	at com.kms.katalon.core.main.TestCaseExecutor.execute(TestCaseExecutor.java:285)
	at com.kms.katalon.core.common.CommonExecutor.accessTestCaseMainPhase(CommonExecutor.java:65)
	at com.kms.katalon.core.main.TestSuiteExecutor.accessTestSuiteMainPhase(TestSuiteExecutor.java:144)
	at com.kms.katalon.core.main.TestSuiteExecutor.execute(TestSuiteExecutor.java:106)
	at com.kms.katalon.core.main.TestCaseMain.startTestSuite(TestCaseMain.java:185)
	at com.kms.katalon.core.main.TestCaseMain$startTestSuite$0.call(Unknown Source)
	at TempTestSuite1663134429043.run(TempTestSuite1663134429043.groovy:36)
)
[[ATTACHMENT|C:\\Users\\User\\Katalon Studio\\EverleaguesMain\\Reports\\20220914_134709\\TS-Organization\\09-Settings\\20220914_134709\\1663135547214.png]]

2022-09-14 14:05:47 - [MESSAGE][FAILED] - Unable to verify object 'Object Repository/09-Settings/Users/CSV Invite/div_Sample csv.csv' is visible (Root cause: com.kms.katalon.core.exception.StepFailedException: Unable to verify object 'Object Repository/09-Settings/Users/CSV Invite/div_Sample csv.csv' is visible
	at com.kms.katalon.core.webui.keyword.internal.WebUIKeywordMain.stepFailed(WebUIKeywordMain.groovy:64)
	at com.kms.katalon.core.webui.keyword.internal.WebUIKeywordMain.runKeyword(WebUIKeywordMain.groovy:26)
	at com.kms.katalon.core.webui.keyword.builtin.VerifyElementVisibleKeyword.verifyElementVisible(VerifyElementVisibleKeyword.groovy:97)
	at com.kms.katalon.core.webui.keyword.builtin.VerifyElementVisibleKeyword.execute(VerifyElementVisibleKeyword.groovy:67)
	at com.kms.katalon.core.keyword.internal.KeywordExecutor.executeKeywordForPlatform(KeywordExecutor.groovy:74)
	at com.kms.katalon.core.webui.keyword.WebUiBuiltInKeywords.verifyElementVisible(WebUiBuiltInKeywords.groovy:376)
	at com.kms.katalon.core.webui.keyword.WebUiBuiltInKeywords$verifyElementVisible$11.call(Unknown Source)
	at 05 - Users (Invite batch of users via CSV file).run(05 - Users (Invite batch of users via CSV file):115)
	at com.kms.katalon.core.main.ScriptEngine.run(ScriptEngine.java:194)
	at com.kms.katalon.core.main.ScriptEngine.runScriptAsRawText(ScriptEngine.java:119)
	at com.kms.katalon.core.main.TestCaseExecutor.runScript(TestCaseExecutor.java:448)
	at com.kms.katalon.core.main.TestCaseExecutor.doExecute(TestCaseExecutor.java:439)
	at com.kms.katalon.core.main.TestCaseExecutor.processExecutionPhase(TestCaseExecutor.java:418)
	at com.kms.katalon.core.main.TestCaseExecutor.accessMainPhase(TestCaseExecutor.java:410)
	at com.kms.katalon.core.main.TestCaseExecutor.execute(TestCaseExecutor.java:285)
	at com.kms.katalon.core.common.CommonExecutor.accessTestCaseMainPhase(CommonExecutor.java:65)
	at com.kms.katalon.core.main.TestSuiteExecutor.accessTestSuiteMainPhase(TestSuiteExecutor.java:144)
	at com.kms.katalon.core.main.TestSuiteExecutor.execute(TestSuiteExecutor.java:106)
	at com.kms.katalon.core.main.TestCaseMain.startTestSuite(TestCaseMain.java:185)
	at com.kms.katalon.core.main.TestCaseMain$startTestSuite$0.call(Unknown Source)
	at TempTestSuite1663134429043.run(TempTestSuite1663134429043.groovy:36)
Caused by: com.kms.katalon.core.exception.StepFailedException: Web element with id: 'Object Repository/09-Settings/Users/CSV Invite/div_Sample csv.csv' located by '//div[@class = 'file-name' and (text() = ' sample csv.csv ' or . = ' sample csv.csv ')]' not found
	at com.kms.katalon.core.webui.keyword.internal.WebUIKeywordMain.stepFailed(WebUIKeywordMain.groovy:64)
	at com.kms.katalon.core.webui.keyword.builtin.VerifyElementVisibleKeyword$_verifyElementVisible_closure1.doCall(VerifyElementVisibleKeyword.groovy:89)
	at com.kms.katalon.core.webui.keyword.builtin.VerifyElementVisibleKeyword$_verifyElementVisible_closure1.call(VerifyElementVisibleKeyword.groovy)
	at com.kms.katalon.core.webui.keyword.internal.WebUIKeywordMain.runKeyword(WebUIKeywordMain.groovy:20)
	... 19 more
)
[[ATTACHMENT|C:\\Users\\User\\Katalon Studio\\EverleaguesMain\\Reports\\20220914_134709\\TS-Organization\\09-Settings\\20220914_134709\\1663135547406.png]]]]></system-out>
         <system-err><![CDATA[2022-09-14 14:03:41 - [TEST_CASE][FAILED] - Test Cases/09-Settings/05 - Users (Invite batch of users via CSV file): Test Cases/09-Settings/05 - Users (Invite batch of users via CSV file) FAILED.
Reason:
com.kms.katalon.core.exception.StepFailedException: Unable to verify object 'Object Repository/09-Settings/Users/CSV Invite/div_Sample csv.csv' is visible
	at com.kms.katalon.core.webui.keyword.internal.WebUIKeywordMain.stepFailed(WebUIKeywordMain.groovy:64)
	at com.kms.katalon.core.webui.keyword.internal.WebUIKeywordMain.runKeyword(WebUIKeywordMain.groovy:26)
	at com.kms.katalon.core.webui.keyword.builtin.VerifyElementVisibleKeyword.verifyElementVisible(VerifyElementVisibleKeyword.groovy:97)
	at com.kms.katalon.core.webui.keyword.builtin.VerifyElementVisibleKeyword.execute(VerifyElementVisibleKeyword.groovy:67)
	at com.kms.katalon.core.keyword.internal.KeywordExecutor.executeKeywordForPlatform(KeywordExecutor.groovy:74)
	at com.kms.katalon.core.webui.keyword.WebUiBuiltInKeywords.verifyElementVisible(WebUiBuiltInKeywords.groovy:376)
	at com.kms.katalon.core.webui.keyword.WebUiBuiltInKeywords$verifyElementVisible$11.call(Unknown Source)
	at 05 - Users (Invite batch of users via CSV file).run(05 - Users (Invite batch of users via CSV file):115)
	at com.kms.katalon.core.main.ScriptEngine.run(ScriptEngine.java:194)
	at com.kms.katalon.core.main.ScriptEngine.runScriptAsRawText(ScriptEngine.java:119)
	at com.kms.katalon.core.main.TestCaseExecutor.runScript(TestCaseExecutor.java:448)
	at com.kms.katalon.core.main.TestCaseExecutor.doExecute(TestCaseExecutor.java:439)
	at com.kms.katalon.core.main.TestCaseExecutor.processExecutionPhase(TestCaseExecutor.java:418)
	at com.kms.katalon.core.main.TestCaseExecutor.accessMainPhase(TestCaseExecutor.java:410)
	at com.kms.katalon.core.main.TestCaseExecutor.execute(TestCaseExecutor.java:285)
	at com.kms.katalon.core.common.CommonExecutor.accessTestCaseMainPhase(CommonExecutor.java:65)
	at com.kms.katalon.core.main.TestSuiteExecutor.accessTestSuiteMainPhase(TestSuiteExecutor.java:144)
	at com.kms.katalon.core.main.TestSuiteExecutor.execute(TestSuiteExecutor.java:106)
	at com.kms.katalon.core.main.TestCaseMain.startTestSuite(TestCaseMain.java:185)
	at com.kms.katalon.core.main.TestCaseMain$startTestSuite$0.call(Unknown Source)
	at TempTestSuite1663134429043.run(TempTestSuite1663134429043.groovy:36)
Caused by: com.kms.katalon.core.exception.StepFailedException: Web element with id: 'Object Repository/09-Settings/Users/CSV Invite/div_Sample csv.csv' located by '//div[@class = 'file-name' and (text() = ' sample csv.csv ' or . = ' sample csv.csv ')]' not found
	at com.kms.katalon.core.webui.keyword.internal.WebUIKeywordMain.stepFailed(WebUIKeywordMain.groovy:64)
	at com.kms.katalon.core.webui.keyword.builtin.VerifyElementVisibleKeyword$_verifyElementVisible_closure1.doCall(VerifyElementVisibleKeyword.groovy:89)
	at com.kms.katalon.core.webui.keyword.builtin.VerifyElementVisibleKeyword$_verifyElementVisible_closure1.call(VerifyElementVisibleKeyword.groovy)
	at com.kms.katalon.core.webui.keyword.internal.WebUIKeywordMain.runKeyword(WebUIKeywordMain.groovy:20)
	... 19 more]]></system-err>
      </testcase>
      <system-out><![CDATA[2022-09-14 13:47:11 - [TEST_SUITE][FAILED] - 09-Settings: Test Cases/09-Settings/05 - Users (Invite batch of users via CSV file) FAILED.
Reason:
com.kms.katalon.core.exception.StepFailedException: Unable to verify object 'Object Repository/09-Settings/Users/CSV Invite/div_Sample csv.csv' is visible
	at com.kms.katalon.core.webui.keyword.internal.WebUIKeywordMain.stepFailed(WebUIKeywordMain.groovy:64)
	at com.kms.katalon.core.webui.keyword.internal.WebUIKeywordMain.runKeyword(WebUIKeywordMain.groovy:26)
	at com.kms.katalon.core.webui.keyword.builtin.VerifyElementVisibleKeyword.verifyElementVisible(VerifyElementVisibleKeyword.groovy:97)
	at com.kms.katalon.core.webui.keyword.builtin.VerifyElementVisibleKeyword.execute(VerifyElementVisibleKeyword.groovy:67)
	at com.kms.katalon.core.keyword.internal.KeywordExecutor.executeKeywordForPlatform(KeywordExecutor.groovy:74)
	at com.kms.katalon.core.webui.keyword.WebUiBuiltInKeywords.verifyElementVisible(WebUiBuiltInKeywords.groovy:376)
	at com.kms.katalon.core.webui.keyword.WebUiBuiltInKeywords$verifyElementVisible$11.call(Unknown Source)
	at 05 - Users (Invite batch of users via CSV file).run(05 - Users (Invite batch of users via CSV file):115)
	at com.kms.katalon.core.main.ScriptEngine.run(ScriptEngine.java:194)
	at com.kms.katalon.core.main.ScriptEngine.runScriptAsRawText(ScriptEngine.java:119)
	at com.kms.katalon.core.main.TestCaseExecutor.runScript(TestCaseExecutor.java:448)
	at com.kms.katalon.core.main.TestCaseExecutor.doExecute(TestCaseExecutor.java:439)
	at com.kms.katalon.core.main.TestCaseExecutor.processExecutionPhase(TestCaseExecutor.java:418)
	at com.kms.katalon.core.main.TestCaseExecutor.accessMainPhase(TestCaseExecutor.java:410)
	at com.kms.katalon.core.main.TestCaseExecutor.execute(TestCaseExecutor.java:285)
	at com.kms.katalon.core.common.CommonExecutor.accessTestCaseMainPhase(CommonExecutor.java:65)
	at com.kms.katalon.core.main.TestSuiteExecutor.accessTestSuiteMainPhase(TestSuiteExecutor.java:144)
	at com.kms.katalon.core.main.TestSuiteExecutor.execute(TestSuiteExecutor.java:106)
	at com.kms.katalon.core.main.TestCaseMain.startTestSuite(TestCaseMain.java:185)
	at com.kms.katalon.core.main.TestCaseMain$startTestSuite$0.call(Unknown Source)
	at TempTestSuite1663134429043.run(TempTestSuite1663134429043.groovy:36)
Caused by: com.kms.katalon.core.exception.StepFailedException: Web element with id: 'Object Repository/09-Settings/Users/CSV Invite/div_Sample csv.csv' located by '//div[@class = 'file-name' and (text() = ' sample csv.csv ' or . = ' sample csv.csv ')]' not found
	at com.kms.katalon.core.webui.keyword.internal.WebUIKeywordMain.stepFailed(WebUIKeywordMain.groovy:64)
	at com.kms.katalon.core.webui.keyword.builtin.VerifyElementVisibleKeyword$_verifyElementVisible_closure1.doCall(VerifyElementVisibleKeyword.groovy:89)
	at com.kms.katalon.core.webui.keyword.builtin.VerifyElementVisibleKeyword$_verifyElementVisible_closure1.call(VerifyElementVisibleKeyword.groovy)
	at com.kms.katalon.core.webui.keyword.internal.WebUIKeywordMain.runKeyword(WebUIKeywordMain.groovy:20)
	... 19 more]]></system-out>
      <system-err><![CDATA[2022-09-14 13:47:11 - [TEST_SUITE][FAILED] - 09-Settings: Test Cases/09-Settings/05 - Users (Invite batch of users via CSV file) FAILED.
Reason:
com.kms.katalon.core.exception.StepFailedException: Unable to verify object 'Object Repository/09-Settings/Users/CSV Invite/div_Sample csv.csv' is visible
	at com.kms.katalon.core.webui.keyword.internal.WebUIKeywordMain.stepFailed(WebUIKeywordMain.groovy:64)
	at com.kms.katalon.core.webui.keyword.internal.WebUIKeywordMain.runKeyword(WebUIKeywordMain.groovy:26)
	at com.kms.katalon.core.webui.keyword.builtin.VerifyElementVisibleKeyword.verifyElementVisible(VerifyElementVisibleKeyword.groovy:97)
	at com.kms.katalon.core.webui.keyword.builtin.VerifyElementVisibleKeyword.execute(VerifyElementVisibleKeyword.groovy:67)
	at com.kms.katalon.core.keyword.internal.KeywordExecutor.executeKeywordForPlatform(KeywordExecutor.groovy:74)
	at com.kms.katalon.core.webui.keyword.WebUiBuiltInKeywords.verifyElementVisible(WebUiBuiltInKeywords.groovy:376)
	at com.kms.katalon.core.webui.keyword.WebUiBuiltInKeywords$verifyElementVisible$11.call(Unknown Source)
	at 05 - Users (Invite batch of users via CSV file).run(05 - Users (Invite batch of users via CSV file):115)
	at com.kms.katalon.core.main.ScriptEngine.run(ScriptEngine.java:194)
	at com.kms.katalon.core.main.ScriptEngine.runScriptAsRawText(ScriptEngine.java:119)
	at com.kms.katalon.core.main.TestCaseExecutor.runScript(TestCaseExecutor.java:448)
	at com.kms.katalon.core.main.TestCaseExecutor.doExecute(TestCaseExecutor.java:439)
	at com.kms.katalon.core.main.TestCaseExecutor.processExecutionPhase(TestCaseExecutor.java:418)
	at com.kms.katalon.core.main.TestCaseExecutor.accessMainPhase(TestCaseExecutor.java:410)
	at com.kms.katalon.core.main.TestCaseExecutor.execute(TestCaseExecutor.java:285)
	at com.kms.katalon.core.common.CommonExecutor.accessTestCaseMainPhase(CommonExecutor.java:65)
	at com.kms.katalon.core.main.TestSuiteExecutor.accessTestSuiteMainPhase(TestSuiteExecutor.java:144)
	at com.kms.katalon.core.main.TestSuiteExecutor.execute(TestSuiteExecutor.java:106)
	at com.kms.katalon.core.main.TestCaseMain.startTestSuite(TestCaseMain.java:185)
	at com.kms.katalon.core.main.TestCaseMain$startTestSuite$0.call(Unknown Source)
	at TempTestSuite1663134429043.run(TempTestSuite1663134429043.groovy:36)
Caused by: com.kms.katalon.core.exception.StepFailedException: Web element with id: 'Object Repository/09-Settings/Users/CSV Invite/div_Sample csv.csv' located by '//div[@class = 'file-name' and (text() = ' sample csv.csv ' or . = ' sample csv.csv ')]' not found
	at com.kms.katalon.core.webui.keyword.internal.WebUIKeywordMain.stepFailed(WebUIKeywordMain.groovy:64)
	at com.kms.katalon.core.webui.keyword.builtin.VerifyElementVisibleKeyword$_verifyElementVisible_closure1.doCall(VerifyElementVisibleKeyword.groovy:89)
	at com.kms.katalon.core.webui.keyword.builtin.VerifyElementVisibleKeyword$_verifyElementVisible_closure1.call(VerifyElementVisibleKeyword.groovy)
	at com.kms.katalon.core.webui.keyword.internal.WebUIKeywordMain.runKeyword(WebUIKeywordMain.groovy:20)
	... 19 more]]></system-err>
   </testsuite>
</testsuites>
