<?xml version="1.0" encoding="UTF-8"?>
<testsuites name="12.1-EL Sign (Send Documents)" time="287.518" tests="9" failures="0" errors="0">
   <testsuite name="12.1-EL Sign (Send Documents)" tests="9" failures="0" errors="0" time="287.518" skipped="0" timestamp="2023-05-01 10:57:13" hostname="Mike - LAPTOP-LF5VTH4H" id="Test Suites/TS-Organization/12.1-EL Sign (Send Documents)">
      <properties>
         <property name="deviceName" value=""/>
         <property name="devicePlatform" value=""/>
         <property name="logFolder" value="D:\\Users\\Michelle\\Project\\Everleagues\\Reports\\20230501_105706\\TS-Organization\\12.1-EL Sign (Send Documents)\\20230501_105706"/>
         <property name="logFiles" value="D:\\Users\\Michelle\\Project\\Everleagues\\Reports\\20230501_105706\\TS-Organization\\12.1-EL Sign (Send Documents)\\20230501_105706\\execution0.log"/>
         <property name="attachments" value=""/>
         <property name="hostName" value="Mike - LAPTOP-LF5VTH4H"/>
         <property name="os" value="Windows 10 64bit"/>
         <property name="katalonVersion" value="8.6.0.208"/>
         <property name="browser" value="Chrome 112.0.0.0"/>
         <property name="hostAddress" value="192.168.100.69"/>
         <property name="sessionId" value="18dd8f9fdafd89a3ff5b131f7aba5e80"/>
         <property name="seleniumVersion" value="3.141.59"/>
         <property name="proxyInformation" value="ProxyInformation { proxyOption=NO_PROXY, proxyServerType=HTTP, username=, password=********, proxyServerAddress=, proxyServerPort=0, executionList=&quot;&quot;, isApplyToDesiredCapabilities=true }"/>
         <property name="platform" value="Windows 10"/>
      </properties>
      <testcase name="Test Cases/12-EL Sign/01-Send Documents (Upload a file-required field is blank)" time="108.097" classname="Test Cases/12-EL Sign/01-Send Documents (Upload a file-required field is blank)" status="PASSED">
         <system-out><![CDATA[2023-05-01 10:57:14 - [TEST_CASE][PASSED] - Test Cases/12-EL Sign/01-Send Documents (Upload a file-required field is blank): Test Cases/12-EL Sign/01-Send Documents (Upload a file-required field is blank)

2023-05-01 10:57:14 - [TEST_STEP][PASSED] - openBrowser(""): Browser is opened with url: ''

2023-05-01 10:57:15 - [MESSAGE][INFO] - Starting 'Chrome' driver

2023-05-01 10:57:15 - [MESSAGE][INFO] - Action delay is set to 0 milliseconds

2023-05-01 10:57:20 - [MESSAGE][PASSED] - Browser is opened with url: ''

2023-05-01 10:57:20 - [TEST_STEP][PASSED] - navigateToUrl("https://lab.everleagues.com/"): Navigate to 'https://lab.everleagues.com/' successfully

2023-05-01 10:57:35 - [MESSAGE][PASSED] - Navigate to 'https://lab.everleagues.com/' successfully

2023-05-01 10:57:35 - [TEST_STEP][PASSED] - maximizeWindow(): Current window maximized

2023-05-01 10:57:35 - [MESSAGE][PASSED] - Current window maximized

2023-05-01 10:57:35 - [TEST_STEP][PASSED] - callTestCase(findTestCase("01-Login and Forgot Password/04-Login(Valid Credentials-With Subscription)"), [:], STOP_ON_FAILURE): Call Test Case 'Test Cases/01-Login and Forgot Password/04-Login(Valid Credentials-With Subscription)' successfully

2023-05-01 10:57:35 - [TEST_CASE][PASSED] - Test Cases/01-Login and Forgot Password/04-Login(Valid Credentials-With Subscription): Test Cases/01-Login and Forgot Password/04-Login(Valid Credentials-With Subscription)

2023-05-01 10:57:36 - [TEST_STEP][PASSED] - setText(findTestObject("01-Login and Forgot Password/input_Email_email"), "testuser05@mailinator.com"): Text 'testuser05@mailinator.com' is set on object 'Object Repository/01-Login and Forgot Password/input_Email_email'

2023-05-01 10:57:37 - [MESSAGE][PASSED] - Text 'testuser05@mailinator.com' is set on object 'Object Repository/01-Login and Forgot Password/input_Email_email'

2023-05-01 10:57:37 - [TEST_STEP][PASSED] - setEncryptedText(findTestObject("01-Login and Forgot Password/input_Email_password"), "8yFRyszE6U6jvsCn51OQbg=="): Text ****** has been set on object 'Object Repository/01-Login and Forgot Password/input_Email_password'

2023-05-01 10:57:38 - [MESSAGE][PASSED] - Text ****** has been set on object 'Object Repository/01-Login and Forgot Password/input_Email_password'

2023-05-01 10:57:38 - [TEST_STEP][PASSED] - delay(2): Delayed 2 second(s)

2023-05-01 10:57:40 - [MESSAGE][PASSED] - Delayed 2 second(s)

2023-05-01 10:57:40 - [TEST_STEP][PASSED] - click(findTestObject("01-Login and Forgot Password/show pass button")): Object: 'Object Repository/01-Login and Forgot Password/show pass button' is clicked on

2023-05-01 10:57:41 - [MESSAGE][PASSED] - Object: 'Object Repository/01-Login and Forgot Password/show pass button' is clicked on

2023-05-01 10:57:41 - [TEST_STEP][PASSED] - delay(3): Delayed 3 second(s)

2023-05-01 10:57:44 - [MESSAGE][PASSED] - Delayed 3 second(s)

2023-05-01 10:57:44 - [TEST_STEP][PASSED] - click(findTestObject("01-Login and Forgot Password/button_Sign in")): Object: 'Object Repository/01-Login and Forgot Password/button_Sign in' is clicked on

2023-05-01 10:57:44 - [MESSAGE][PASSED] - Object: 'Object Repository/01-Login and Forgot Password/button_Sign in' is clicked on

2023-05-01 10:57:44 - [TEST_STEP][PASSED] - delay(3): Delayed 3 second(s)

2023-05-01 10:57:47 - [MESSAGE][PASSED] - Delayed 3 second(s)

2023-05-01 10:57:47 - [TEST_STEP][PASSED] - click(findTestObject("06-Teams/For 2FA/button_Confirm_2FA")): Object: 'Object Repository/06-Teams/For 2FA/button_Confirm_2FA' is clicked on

2023-05-01 10:57:48 - [MESSAGE][PASSED] - Object: 'Object Repository/06-Teams/For 2FA/button_Confirm_2FA' is clicked on

2023-05-01 10:57:48 - [TEST_STEP][PASSED] - executeJavaScript("window.open();", []): Execute JavaScript 'window.open();' successfully

2023-05-01 10:57:48 - [MESSAGE][PASSED] - Execute JavaScript 'window.open();' successfully

2023-05-01 10:57:48 - [TEST_STEP][PASSED] - currentWindow = getWindowIndex(): Current window's index is: 0

2023-05-01 10:57:48 - [MESSAGE][PASSED] - Current window's index is: 0

2023-05-01 10:57:48 - [TEST_STEP][PASSED] - delay(3): Delayed 3 second(s)

2023-05-01 10:57:51 - [MESSAGE][PASSED] - Delayed 3 second(s)

2023-05-01 10:57:51 - [TEST_STEP][PASSED] - switchToWindowIndex(currentWindow + 1): Switched to window with index: '1'

2023-05-01 10:57:51 - [MESSAGE][PASSED] - Switched to window with index: '1'

2023-05-01 10:57:51 - [TEST_STEP][PASSED] - navigateToUrl("https://www.mailinator.com/"): Navigate to 'https://www.mailinator.com/' successfully

2023-05-01 10:57:55 - [MESSAGE][PASSED] - Navigate to 'https://www.mailinator.com/' successfully

2023-05-01 10:57:55 - [TEST_STEP][PASSED] - delay(3): Delayed 3 second(s)

2023-05-01 10:57:58 - [MESSAGE][PASSED] - Delayed 3 second(s)

2023-05-01 10:57:58 - [TEST_STEP][PASSED] - setText(findTestObject("00-Signup and Activation/zMailinator/input_LOGIN_search"), "testuser05@mailinator.com"): Text 'testuser05@mailinator.com' is set on object 'Object Repository/00-Signup and Activation/zMailinator/input_LOGIN_search'

2023-05-01 10:57:59 - [MESSAGE][PASSED] - Text 'testuser05@mailinator.com' is set on object 'Object Repository/00-Signup and Activation/zMailinator/input_LOGIN_search'

2023-05-01 10:57:59 - [TEST_STEP][PASSED] - click(findTestObject("00-Signup and Activation/zMailinator/gobutton"), STOP_ON_FAILURE): Object: 'Object Repository/00-Signup and Activation/zMailinator/gobutton' is clicked on

2023-05-01 10:58:02 - [MESSAGE][PASSED] - Object: 'Object Repository/00-Signup and Activation/zMailinator/gobutton' is clicked on

2023-05-01 10:58:02 - [TEST_STEP][PASSED] - delay(3): Delayed 3 second(s)

2023-05-01 10:58:05 - [MESSAGE][PASSED] - Delayed 3 second(s)

2023-05-01 10:58:05 - [TEST_STEP][PASSED] - click(findTestObject("00-Signup and Activation/zMailinator/Email - everleagues")): Object: 'Object Repository/00-Signup and Activation/zMailinator/Email - everleagues' is clicked on

2023-05-01 10:58:05 - [MESSAGE][PASSED] - Object: 'Object Repository/00-Signup and Activation/zMailinator/Email - everleagues' is clicked on

2023-05-01 10:58:05 - [TEST_STEP][PASSED] - delay(3): Delayed 3 second(s)

2023-05-01 10:58:08 - [MESSAGE][PASSED] - Delayed 3 second(s)

2023-05-01 10:58:08 - [TEST_STEP][PASSED] - code = getText(findTestObject("Object Repository/06-Teams/For 2FA/2FA code")): Text of object 'Object Repository/06-Teams/For 2FA/2FA code' is: '972148'

2023-05-01 10:58:09 - [MESSAGE][PASSED] - Text of object 'Object Repository/06-Teams/For 2FA/2FA code' is: '972148'

2023-05-01 10:58:09 - [TEST_STEP][PASSED] - delay(3): Delayed 3 second(s)

2023-05-01 10:58:12 - [MESSAGE][PASSED] - Delayed 3 second(s)

2023-05-01 10:58:12 - [TEST_STEP][PASSED] - closeWindowTitle("Mailinator"): Window with title: 'Mailinator' is closed

2023-05-01 10:58:12 - [MESSAGE][PASSED] - Window with title: 'Mailinator' is closed

2023-05-01 10:58:12 - [TEST_STEP][PASSED] - delay(3): Delayed 3 second(s)

2023-05-01 10:58:15 - [MESSAGE][PASSED] - Delayed 3 second(s)

2023-05-01 10:58:15 - [TEST_STEP][PASSED] - switchToWindowIndex(0): Switched to window with index: '0'

2023-05-01 10:58:15 - [MESSAGE][PASSED] - Switched to window with index: '0'

2023-05-01 10:58:15 - [TEST_STEP][PASSED] - delay(3): Delayed 3 second(s)

2023-05-01 10:58:18 - [MESSAGE][PASSED] - Delayed 3 second(s)

2023-05-01 10:58:18 - [TEST_STEP][PASSED] - setText(findTestObject("Object Repository/06-Teams/For 2FA/input_Enter verification code_code"), code): Text '972148' is set on object 'Object Repository/06-Teams/For 2FA/input_Enter verification code_code'

2023-05-01 10:58:19 - [MESSAGE][PASSED] - Text '972148' is set on object 'Object Repository/06-Teams/For 2FA/input_Enter verification code_code'

2023-05-01 10:58:19 - [TEST_STEP][PASSED] - delay(3): Delayed 3 second(s)

2023-05-01 10:58:22 - [MESSAGE][PASSED] - Delayed 3 second(s)

2023-05-01 10:58:22 - [TEST_STEP][PASSED] - click(findTestObject("06-Teams/For 2FA/button_Verify_2FA")): Object: 'Object Repository/06-Teams/For 2FA/button_Verify_2FA' is clicked on

2023-05-01 10:58:23 - [MESSAGE][PASSED] - Object: 'Object Repository/06-Teams/For 2FA/button_Verify_2FA' is clicked on

2023-05-01 10:58:23 - [TEST_STEP][PASSED] - delay(3): Delayed 3 second(s)

2023-05-01 10:58:26 - [MESSAGE][PASSED] - Delayed 3 second(s)

2023-05-01 10:58:26 - [MESSAGE][PASSED] - Call Test Case 'Test Cases/01-Login and Forgot Password/04-Login(Valid Credentials-With Subscription)' successfully

2023-05-01 10:58:26 - [TEST_STEP][PASSED] - click(findTestObject("06-Teams/button_doublearrow")): Object: 'Object Repository/06-Teams/button_doublearrow' is clicked on

2023-05-01 10:58:30 - [MESSAGE][PASSED] - Object: 'Object Repository/06-Teams/button_doublearrow' is clicked on

2023-05-01 10:58:30 - [TEST_STEP][PASSED] - click(findTestObject("06-Teams/button_My Organizations")): Object: 'Object Repository/06-Teams/button_My Organizations' is clicked on

2023-05-01 10:58:31 - [MESSAGE][PASSED] - Object: 'Object Repository/06-Teams/button_My Organizations' is clicked on

2023-05-01 10:58:31 - [TEST_STEP][PASSED] - click(findTestObject("02-Side Icons(Organization)/Add Contact/button_Automation Test Org")): Object: 'Object Repository/02-Side Icons(Organization)/Add Contact/button_Automation Test Org' is clicked on

2023-05-01 10:58:32 - [MESSAGE][PASSED] - Object: 'Object Repository/02-Side Icons(Organization)/Add Contact/button_Automation Test Org' is clicked on

2023-05-01 10:58:32 - [TEST_STEP][PASSED] - delay(4): Delayed 4 second(s)

2023-05-01 10:58:36 - [MESSAGE][PASSED] - Delayed 4 second(s)

2023-05-01 10:58:36 - [TEST_STEP][PASSED] - verifyElementVisible(findTestObject("02-Side Icons(Organization)/Add Contact/span_Automation Test Org")): Object 'Object Repository/02-Side Icons(Organization)/Add Contact/span_Automation Test Org' is visible

2023-05-01 10:58:36 - [MESSAGE][PASSED] - Object 'Object Repository/02-Side Icons(Organization)/Add Contact/span_Automation Test Org' is visible

2023-05-01 10:58:36 - [TEST_STEP][PASSED] - delay(5): Delayed 5 second(s)

2023-05-01 10:58:41 - [MESSAGE][PASSED] - Delayed 5 second(s)

2023-05-01 10:58:41 - [TEST_STEP][PASSED] - scrollToElement(findTestObject("03-Header Menu/Hamburger Button/div_ELSign"), 0): Scroll to object 'Object Repository/03-Header Menu/Hamburger Button/div_ELSign' successfully

2023-05-01 10:58:41 - [MESSAGE][WARNING] - Timeout '0' is invalid. Using default page load timeout: '30'

2023-05-01 10:58:42 - [MESSAGE][PASSED] - Scroll to object 'Object Repository/03-Header Menu/Hamburger Button/div_ELSign' successfully

2023-05-01 10:58:42 - [TEST_STEP][PASSED] - click(findTestObject("03-Header Menu/Hamburger Button/div_ELSign")): Object: 'Object Repository/03-Header Menu/Hamburger Button/div_ELSign' is clicked on

2023-05-01 10:58:42 - [MESSAGE][PASSED] - Object: 'Object Repository/03-Header Menu/Hamburger Button/div_ELSign' is clicked on

2023-05-01 10:58:42 - [TEST_STEP][PASSED] - verifyElementVisible(findTestObject("03-Header Menu/Hamburger Button/div_ELSign")): Object 'Object Repository/03-Header Menu/Hamburger Button/div_ELSign' is visible

2023-05-01 10:58:45 - [MESSAGE][PASSED] - Object 'Object Repository/03-Header Menu/Hamburger Button/div_ELSign' is visible

2023-05-01 10:58:45 - [TEST_STEP][PASSED] - verifyElementVisible(findTestObject("12-EL Sign/h4_ELSign")): Object 'Object Repository/12-EL Sign/h4_ELSign' is visible

2023-05-01 10:58:46 - [MESSAGE][PASSED] - Object 'Object Repository/12-EL Sign/h4_ELSign' is visible

2023-05-01 10:58:46 - [TEST_STEP][PASSED] - delay(3): Delayed 3 second(s)

2023-05-01 10:58:49 - [MESSAGE][PASSED] - Delayed 3 second(s)

2023-05-01 10:58:49 - [TEST_STEP][PASSED] - click(findTestObject("12-EL Sign/div_Send Documents")): Object: 'Object Repository/12-EL Sign/div_Send Documents' is clicked on

2023-05-01 10:58:49 - [MESSAGE][PASSED] - Object: 'Object Repository/12-EL Sign/div_Send Documents' is clicked on

2023-05-01 10:58:49 - [TEST_STEP][PASSED] - uploadpackage.Upload.uploadFile(findTestObject("Object Repository/12-EL Sign/div_Drag and drop or Upload PDF or Word document here"), "D:\Users\EL automation\sample.pdf"): uploadpackage.Upload.uploadFile is PASSED

2023-05-01 10:58:51 - [MESSAGE][PASSED] - Object: 'Object Repository/12-EL Sign/div_Drag and drop or Upload PDF or Word document here' is clicked on

2023-05-01 10:58:53 - [MESSAGE][PASSED] - uploadpackage.Upload.uploadFile is PASSED

2023-05-01 10:58:53 - [TEST_STEP][PASSED] - delay(3): Delayed 3 second(s)

2023-05-01 10:58:56 - [MESSAGE][PASSED] - Delayed 3 second(s)

2023-05-01 10:58:56 - [TEST_STEP][PASSED] - click(findTestObject("12-EL Sign/input_documentTitle")): Object: 'Object Repository/12-EL Sign/input_documentTitle' is clicked on

2023-05-01 10:58:57 - [MESSAGE][PASSED] - Object: 'Object Repository/12-EL Sign/input_documentTitle' is clicked on

2023-05-01 10:58:57 - [TEST_STEP][PASSED] - sendKeys(findTestObject("Object Repository/12-EL Sign/input_documentTitle"), Keys.chord(CONTROL, "a")): Keys 'CONTROL + a' sent to object: 'Object Repository/12-EL Sign/input_documentTitle'

2023-05-01 10:58:57 - [MESSAGE][PASSED] - Keys 'CONTROL + a' sent to object: 'Object Repository/12-EL Sign/input_documentTitle'

2023-05-01 10:58:57 - [TEST_STEP][PASSED] - sendKeys(findTestObject("Object Repository/12-EL Sign/input_documentTitle"), Keys.chord(BACK_SPACE)): Keys 'BACK_SPACE + ' sent to object: 'Object Repository/12-EL Sign/input_documentTitle'

2023-05-01 10:58:57 - [MESSAGE][PASSED] - Keys 'BACK_SPACE + ' sent to object: 'Object Repository/12-EL Sign/input_documentTitle'

2023-05-01 10:58:57 - [TEST_STEP][PASSED] - clickOffset(findTestObject("12-EL Sign/h4_ELSign"), 100, 100): Object: 'Object Repository/12-EL Sign/h4_ELSign' is clicked on using offset x=100 and y=100

2023-05-01 10:58:58 - [MESSAGE][PASSED] - Object: 'Object Repository/12-EL Sign/h4_ELSign' is clicked on using offset x=100 and y=100

2023-05-01 10:58:58 - [TEST_STEP][PASSED] - verifyElementVisible(findTestObject("12-EL Sign/mat-error_Title is required")): Object 'Object Repository/12-EL Sign/mat-error_Title is required' is visible

2023-05-01 10:58:59 - [MESSAGE][PASSED] - Object 'Object Repository/12-EL Sign/mat-error_Title is required' is visible

2023-05-01 10:58:59 - [TEST_STEP][PASSED] - delay(3): Delayed 3 second(s)

2023-05-01 10:59:02 - [MESSAGE][PASSED] - Delayed 3 second(s)]]></system-out>
         <system-err><![CDATA[]]></system-err>
      </testcase>
      <testcase name="Test Cases/12-EL Sign/02-Send Documents (Upload a file-fill out required field)" time="10.11" classname="Test Cases/12-EL Sign/02-Send Documents (Upload a file-fill out required field)" status="PASSED">
         <system-out><![CDATA[2023-05-01 10:59:02 - [TEST_CASE][PASSED] - Test Cases/12-EL Sign/02-Send Documents (Upload a file-fill out required field): Test Cases/12-EL Sign/02-Send Documents (Upload a file-fill out required field)

2023-05-01 10:59:02 - [TEST_STEP][PASSED] - setText(findTestObject("12-EL Sign/input_documentTitle"), "sample.pdf"): Text 'sample.pdf' is set on object 'Object Repository/12-EL Sign/input_documentTitle'

2023-05-01 10:59:03 - [MESSAGE][PASSED] - Text 'sample.pdf' is set on object 'Object Repository/12-EL Sign/input_documentTitle'

2023-05-01 10:59:03 - [TEST_STEP][PASSED] - click(findTestObject("12-EL Sign/button_UPLOAD")): Object: 'Object Repository/12-EL Sign/button_UPLOAD' is clicked on

2023-05-01 10:59:03 - [MESSAGE][PASSED] - Object: 'Object Repository/12-EL Sign/button_UPLOAD' is clicked on

2023-05-01 10:59:03 - [TEST_STEP][PASSED] - delay(3): Delayed 3 second(s)

2023-05-01 10:59:06 - [MESSAGE][PASSED] - Delayed 3 second(s)

2023-05-01 10:59:06 - [TEST_STEP][PASSED] - click(findTestObject("12-EL Sign/button_homeELSIGN DOCUMENTS")): Object: 'Object Repository/12-EL Sign/button_homeELSIGN DOCUMENTS' is clicked on

2023-05-01 10:59:09 - [MESSAGE][PASSED] - Object: 'Object Repository/12-EL Sign/button_homeELSIGN DOCUMENTS' is clicked on

2023-05-01 10:59:09 - [TEST_STEP][PASSED] - delay(3): Delayed 3 second(s)

2023-05-01 10:59:12 - [MESSAGE][PASSED] - Delayed 3 second(s)]]></system-out>
         <system-err><![CDATA[]]></system-err>
      </testcase>
      <testcase name="Test Cases/12-EL Sign/03-Send Documents (Function buttons)" time="48.159" classname="Test Cases/12-EL Sign/03-Send Documents (Function buttons)" status="PASSED">
         <system-out><![CDATA[2023-05-01 10:59:12 - [TEST_CASE][PASSED] - Test Cases/12-EL Sign/03-Send Documents (Function buttons): Test Cases/12-EL Sign/03-Send Documents (Function buttons)

2023-05-01 10:59:12 - [TEST_STEP][PASSED] - click(findTestObject("12-EL Sign/mat-icon_refresh")): Object: 'Object Repository/12-EL Sign/mat-icon_refresh' is clicked on

2023-05-01 10:59:13 - [MESSAGE][PASSED] - Object: 'Object Repository/12-EL Sign/mat-icon_refresh' is clicked on

2023-05-01 10:59:13 - [TEST_STEP][PASSED] - delay(3): Delayed 3 second(s)

2023-05-01 10:59:16 - [MESSAGE][PASSED] - Delayed 3 second(s)

2023-05-01 10:59:16 - [TEST_STEP][PASSED] - click(findTestObject("12-EL Sign/mat-icon_configureColumns")): Object: 'Object Repository/12-EL Sign/mat-icon_configureColumns' is clicked on

2023-05-01 10:59:16 - [MESSAGE][PASSED] - Object: 'Object Repository/12-EL Sign/mat-icon_configureColumns' is clicked on

2023-05-01 10:59:16 - [TEST_STEP][PASSED] - verifyElementVisible(findTestObject("12-EL Sign/mat-dialog-container_configureColumnModal")): Object 'Object Repository/12-EL Sign/mat-dialog-container_configureColumnModal' is visible

2023-05-01 10:59:17 - [MESSAGE][PASSED] - Object 'Object Repository/12-EL Sign/mat-dialog-container_configureColumnModal' is visible

2023-05-01 10:59:17 - [TEST_STEP][PASSED] - delay(3): Delayed 3 second(s)

2023-05-01 10:59:20 - [MESSAGE][PASSED] - Delayed 3 second(s)

2023-05-01 10:59:20 - [TEST_STEP][PASSED] - click(findTestObject("12-EL Sign/span_ELSign Tracking Id")): Object: 'Object Repository/12-EL Sign/span_ELSign Tracking Id' is clicked on

2023-05-01 10:59:22 - [MESSAGE][PASSED] - Object: 'Object Repository/12-EL Sign/span_ELSign Tracking Id' is clicked on

2023-05-01 10:59:22 - [TEST_STEP][PASSED] - click(findTestObject("12-EL Sign/span_Document Name")): Object: 'Object Repository/12-EL Sign/span_Document Name' is clicked on

2023-05-01 10:59:22 - [MESSAGE][PASSED] - Object: 'Object Repository/12-EL Sign/span_Document Name' is clicked on

2023-05-01 10:59:22 - [TEST_STEP][PASSED] - click(findTestObject("12-EL Sign/span_Status")): Object: 'Object Repository/12-EL Sign/span_Status' is clicked on

2023-05-01 10:59:23 - [MESSAGE][PASSED] - Object: 'Object Repository/12-EL Sign/span_Status' is clicked on

2023-05-01 10:59:23 - [TEST_STEP][PASSED] - click(findTestObject("12-EL Sign/span_Signer Status")): Object: 'Object Repository/12-EL Sign/span_Signer Status' is clicked on

2023-05-01 10:59:24 - [MESSAGE][PASSED] - Object: 'Object Repository/12-EL Sign/span_Signer Status' is clicked on

2023-05-01 10:59:24 - [TEST_STEP][PASSED] - click(findTestObject("12-EL Sign/span_View")): Object: 'Object Repository/12-EL Sign/span_View' is clicked on

2023-05-01 10:59:25 - [MESSAGE][PASSED] - Object: 'Object Repository/12-EL Sign/span_View' is clicked on

2023-05-01 10:59:25 - [TEST_STEP][PASSED] - click(findTestObject("12-EL Sign/span_Certificate")): Object: 'Object Repository/12-EL Sign/span_Certificate' is clicked on

2023-05-01 10:59:26 - [MESSAGE][PASSED] - Object: 'Object Repository/12-EL Sign/span_Certificate' is clicked on

2023-05-01 10:59:26 - [TEST_STEP][PASSED] - click(findTestObject("12-EL Sign/span_Delete")): Object: 'Object Repository/12-EL Sign/span_Delete' is clicked on

2023-05-01 10:59:27 - [MESSAGE][PASSED] - Object: 'Object Repository/12-EL Sign/span_Delete' is clicked on

2023-05-01 10:59:27 - [TEST_STEP][PASSED] - click(findTestObject("12-EL Sign/span_History")): Object: 'Object Repository/12-EL Sign/span_History' is clicked on

2023-05-01 10:59:28 - [MESSAGE][PASSED] - Object: 'Object Repository/12-EL Sign/span_History' is clicked on

2023-05-01 10:59:28 - [TEST_STEP][PASSED] - click(findTestObject("12-EL Sign/span_Reminder")): Object: 'Object Repository/12-EL Sign/span_Reminder' is clicked on

2023-05-01 10:59:29 - [MESSAGE][PASSED] - Object: 'Object Repository/12-EL Sign/span_Reminder' is clicked on

2023-05-01 10:59:29 - [TEST_STEP][PASSED] - click(findTestObject("12-EL Sign/span_Last Modified")): Object: 'Object Repository/12-EL Sign/span_Last Modified' is clicked on

2023-05-01 10:59:30 - [MESSAGE][PASSED] - Object: 'Object Repository/12-EL Sign/span_Last Modified' is clicked on

2023-05-01 10:59:30 - [TEST_STEP][PASSED] - delay(3): Delayed 3 second(s)

2023-05-01 10:59:33 - [MESSAGE][PASSED] - Delayed 3 second(s)

2023-05-01 10:59:33 - [TEST_STEP][PASSED] - click(findTestObject("12-EL Sign/span_ELSign Tracking Id")): Object: 'Object Repository/12-EL Sign/span_ELSign Tracking Id' is clicked on

2023-05-01 10:59:33 - [MESSAGE][PASSED] - Object: 'Object Repository/12-EL Sign/span_ELSign Tracking Id' is clicked on

2023-05-01 10:59:33 - [TEST_STEP][PASSED] - click(findTestObject("12-EL Sign/span_Document Name")): Object: 'Object Repository/12-EL Sign/span_Document Name' is clicked on

2023-05-01 10:59:34 - [MESSAGE][PASSED] - Object: 'Object Repository/12-EL Sign/span_Document Name' is clicked on

2023-05-01 10:59:34 - [TEST_STEP][PASSED] - click(findTestObject("12-EL Sign/span_Status")): Object: 'Object Repository/12-EL Sign/span_Status' is clicked on

2023-05-01 10:59:35 - [MESSAGE][PASSED] - Object: 'Object Repository/12-EL Sign/span_Status' is clicked on

2023-05-01 10:59:35 - [TEST_STEP][PASSED] - click(findTestObject("12-EL Sign/span_Signer Status")): Object: 'Object Repository/12-EL Sign/span_Signer Status' is clicked on

2023-05-01 10:59:36 - [MESSAGE][PASSED] - Object: 'Object Repository/12-EL Sign/span_Signer Status' is clicked on

2023-05-01 10:59:36 - [TEST_STEP][PASSED] - click(findTestObject("12-EL Sign/span_View")): Object: 'Object Repository/12-EL Sign/span_View' is clicked on

2023-05-01 10:59:37 - [MESSAGE][PASSED] - Object: 'Object Repository/12-EL Sign/span_View' is clicked on

2023-05-01 10:59:37 - [TEST_STEP][PASSED] - click(findTestObject("12-EL Sign/span_Download")): Object: 'Object Repository/12-EL Sign/span_Download' is clicked on

2023-05-01 10:59:38 - [MESSAGE][PASSED] - Object: 'Object Repository/12-EL Sign/span_Download' is clicked on

2023-05-01 10:59:38 - [TEST_STEP][PASSED] - click(findTestObject("12-EL Sign/span_Certificate")): Object: 'Object Repository/12-EL Sign/span_Certificate' is clicked on

2023-05-01 10:59:39 - [MESSAGE][PASSED] - Object: 'Object Repository/12-EL Sign/span_Certificate' is clicked on

2023-05-01 10:59:39 - [TEST_STEP][PASSED] - click(findTestObject("12-EL Sign/span_Delete")): Object: 'Object Repository/12-EL Sign/span_Delete' is clicked on

2023-05-01 10:59:40 - [MESSAGE][PASSED] - Object: 'Object Repository/12-EL Sign/span_Delete' is clicked on

2023-05-01 10:59:40 - [TEST_STEP][PASSED] - click(findTestObject("12-EL Sign/span_History")): Object: 'Object Repository/12-EL Sign/span_History' is clicked on

2023-05-01 10:59:41 - [MESSAGE][PASSED] - Object: 'Object Repository/12-EL Sign/span_History' is clicked on

2023-05-01 10:59:41 - [TEST_STEP][PASSED] - click(findTestObject("12-EL Sign/span_Reminder")): Object: 'Object Repository/12-EL Sign/span_Reminder' is clicked on

2023-05-01 10:59:41 - [MESSAGE][PASSED] - Object: 'Object Repository/12-EL Sign/span_Reminder' is clicked on

2023-05-01 10:59:41 - [TEST_STEP][PASSED] - click(findTestObject("12-EL Sign/span_Last Modified")): Object: 'Object Repository/12-EL Sign/span_Last Modified' is clicked on

2023-05-01 10:59:42 - [MESSAGE][PASSED] - Object: 'Object Repository/12-EL Sign/span_Last Modified' is clicked on

2023-05-01 10:59:42 - [TEST_STEP][PASSED] - delay(3): Delayed 3 second(s)

2023-05-01 10:59:45 - [MESSAGE][PASSED] - Delayed 3 second(s)

2023-05-01 10:59:45 - [TEST_STEP][PASSED] - click(findTestObject("12-EL Sign/button_CLOSE")): Object: 'Object Repository/12-EL Sign/button_CLOSE' is clicked on

2023-05-01 10:59:46 - [MESSAGE][PASSED] - Object: 'Object Repository/12-EL Sign/button_CLOSE' is clicked on

2023-05-01 10:59:46 - [TEST_STEP][PASSED] - delay(3): Delayed 3 second(s)

2023-05-01 10:59:49 - [MESSAGE][PASSED] - Delayed 3 second(s)

2023-05-01 10:59:49 - [TEST_STEP][PASSED] - click(findTestObject("12-EL Sign/mat-icon_exportCSV")): Object: 'Object Repository/12-EL Sign/mat-icon_exportCSV' is clicked on

2023-05-01 10:59:49 - [MESSAGE][PASSED] - Object: 'Object Repository/12-EL Sign/mat-icon_exportCSV' is clicked on

2023-05-01 10:59:49 - [TEST_STEP][PASSED] - delay(3): Delayed 3 second(s)

2023-05-01 10:59:52 - [MESSAGE][PASSED] - Delayed 3 second(s)

2023-05-01 10:59:52 - [TEST_STEP][PASSED] - click(findTestObject("12-EL Sign/mat-icon_expandAll")): Object: 'Object Repository/12-EL Sign/mat-icon_expandAll' is clicked on

2023-05-01 10:59:53 - [MESSAGE][PASSED] - Object: 'Object Repository/12-EL Sign/mat-icon_expandAll' is clicked on

2023-05-01 10:59:53 - [TEST_STEP][PASSED] - delay(3): Delayed 3 second(s)

2023-05-01 10:59:56 - [MESSAGE][PASSED] - Delayed 3 second(s)

2023-05-01 10:59:56 - [TEST_STEP][PASSED] - click(findTestObject("12-EL Sign/mat-icon_refit")): Object: 'Object Repository/12-EL Sign/mat-icon_refit' is clicked on

2023-05-01 10:59:57 - [MESSAGE][PASSED] - Object: 'Object Repository/12-EL Sign/mat-icon_refit' is clicked on

2023-05-01 10:59:57 - [TEST_STEP][PASSED] - delay(3): Delayed 3 second(s)

2023-05-01 11:00:00 - [MESSAGE][PASSED] - Delayed 3 second(s)]]></system-out>
         <system-err><![CDATA[]]></system-err>
      </testcase>
      <testcase name="Test Cases/12-EL Sign/04-Send Documents (Add Signer and guest- required field is blank)" time="24.833" classname="Test Cases/12-EL Sign/04-Send Documents (Add Signer and guest- required field is blank)" status="PASSED">
         <system-out><![CDATA[2023-05-01 11:00:00 - [TEST_CASE][PASSED] - Test Cases/12-EL Sign/04-Send Documents (Add Signer and guest- required field is blank): Test Cases/12-EL Sign/04-Send Documents (Add Signer and guest- required field is blank)

2023-05-01 11:00:00 - [TEST_STEP][PASSED] - click(findTestObject("12-EL Sign/div_ELSignTrackID")): Object: 'Object Repository/12-EL Sign/div_ELSignTrackID' is clicked on

2023-05-01 11:00:01 - [MESSAGE][PASSED] - Object: 'Object Repository/12-EL Sign/div_ELSignTrackID' is clicked on

2023-05-01 11:00:01 - [TEST_STEP][PASSED] - delay(3): Delayed 3 second(s)

2023-05-01 11:00:04 - [MESSAGE][PASSED] - Delayed 3 second(s)

2023-05-01 11:00:04 - [TEST_STEP][PASSED] - click(findTestObject("12-EL Sign/span_COMPLETE")): Object: 'Object Repository/12-EL Sign/span_COMPLETE' is clicked on

2023-05-01 11:00:05 - [MESSAGE][PASSED] - Object: 'Object Repository/12-EL Sign/span_COMPLETE' is clicked on

2023-05-01 11:00:05 - [TEST_STEP][PASSED] - verifyElementVisible(findTestObject("12-EL Sign/snack-bar-container_Please add signer and field")): Object 'Object Repository/12-EL Sign/snack-bar-container_Please add signer and field' is visible

2023-05-01 11:00:06 - [MESSAGE][PASSED] - Object 'Object Repository/12-EL Sign/snack-bar-container_Please add signer and field' is visible

2023-05-01 11:00:06 - [TEST_STEP][PASSED] - delay(3): Delayed 3 second(s)

2023-05-01 11:00:09 - [MESSAGE][PASSED] - Delayed 3 second(s)

2023-05-01 11:00:09 - [TEST_STEP][PASSED] - click(findTestObject("12-EL Sign/button_personADD SIGNER  FIELD")): Object: 'Object Repository/12-EL Sign/button_personADD SIGNER  FIELD' is clicked on

2023-05-01 11:00:09 - [MESSAGE][PASSED] - Object: 'Object Repository/12-EL Sign/button_personADD SIGNER  FIELD' is clicked on

2023-05-01 11:00:09 - [TEST_STEP][PASSED] - verifyElementVisible(findTestObject("12-EL Sign/mat-dialog-container_AddSignerModal")): Object 'Object Repository/12-EL Sign/mat-dialog-container_AddSignerModal' is visible

2023-05-01 11:00:11 - [MESSAGE][PASSED] - Object 'Object Repository/12-EL Sign/mat-dialog-container_AddSignerModal' is visible

2023-05-01 11:00:11 - [TEST_STEP][PASSED] - click(findTestObject("12-EL Sign/input_Search for a Signer")): Object: 'Object Repository/12-EL Sign/input_Search for a Signer' is clicked on

2023-05-01 11:00:11 - [MESSAGE][PASSED] - Object: 'Object Repository/12-EL Sign/input_Search for a Signer' is clicked on

2023-05-01 11:00:11 - [TEST_STEP][PASSED] - sendKeys(findTestObject("12-EL Sign/input_Search for a Signer"), Keys.chord(ESCAPE)): Keys 'ESCAPE + ' sent to object: 'Object Repository/12-EL Sign/input_Search for a Signer'

2023-05-01 11:00:12 - [MESSAGE][PASSED] - Keys 'ESCAPE + ' sent to object: 'Object Repository/12-EL Sign/input_Search for a Signer'

2023-05-01 11:00:12 - [TEST_STEP][PASSED] - click(findTestObject("12-EL Sign/input_Receiver email address")): Object: 'Object Repository/12-EL Sign/input_Receiver email address' is clicked on

2023-05-01 11:00:12 - [MESSAGE][PASSED] - Object: 'Object Repository/12-EL Sign/input_Receiver email address' is clicked on

2023-05-01 11:00:12 - [TEST_STEP][PASSED] - clickOffset(findTestObject("12-EL Sign/input_Receiver email address"), 100, 100): Object: 'Object Repository/12-EL Sign/input_Receiver email address' is clicked on using offset x=100 and y=100

2023-05-01 11:00:13 - [MESSAGE][PASSED] - Object: 'Object Repository/12-EL Sign/input_Receiver email address' is clicked on using offset x=100 and y=100

2023-05-01 11:00:13 - [TEST_STEP][PASSED] - verifyElementVisible(findTestObject("12-EL Sign/mat-error_Signer name is required")): Object 'Object Repository/12-EL Sign/mat-error_Signer name is required' is visible

2023-05-01 11:00:13 - [MESSAGE][PASSED] - Object 'Object Repository/12-EL Sign/mat-error_Signer name is required' is visible

2023-05-01 11:00:13 - [TEST_STEP][PASSED] - verifyElementVisible(findTestObject("12-EL Sign/mat-error_Email address is required")): Object 'Object Repository/12-EL Sign/mat-error_Email address is required' is visible

2023-05-01 11:00:14 - [MESSAGE][PASSED] - Object 'Object Repository/12-EL Sign/mat-error_Email address is required' is visible

2023-05-01 11:00:14 - [TEST_STEP][PASSED] - scrollToElement(findTestObject("12-EL Sign/button_SAVE"), 0): Scroll to object 'Object Repository/12-EL Sign/button_SAVE' successfully

2023-05-01 11:00:14 - [MESSAGE][WARNING] - Timeout '0' is invalid. Using default page load timeout: '30'

2023-05-01 11:00:14 - [MESSAGE][PASSED] - Scroll to object 'Object Repository/12-EL Sign/button_SAVE' successfully

2023-05-01 11:00:14 - [TEST_STEP][PASSED] - verifyElementNotClickable(findTestObject("12-EL Sign/button_SAVE")): Object 'Object Repository/12-EL Sign/button_SAVE' is NOT clickable

2023-05-01 11:00:15 - [MESSAGE][PASSED] - Object 'Object Repository/12-EL Sign/button_SAVE' is NOT clickable

2023-05-01 11:00:15 - [TEST_STEP][PASSED] - click(findTestObject("12-EL Sign/button_CANCEL")): Object: 'Object Repository/12-EL Sign/button_CANCEL' is clicked on

2023-05-01 11:00:15 - [MESSAGE][PASSED] - Object: 'Object Repository/12-EL Sign/button_CANCEL' is clicked on

2023-05-01 11:00:15 - [TEST_STEP][PASSED] - delay(3): Delayed 3 second(s)

2023-05-01 11:00:18 - [MESSAGE][PASSED] - Delayed 3 second(s)

2023-05-01 11:00:18 - [TEST_STEP][PASSED] - click(findTestObject("12-EL Sign/button_personADD SIGNER  FIELD")): Object: 'Object Repository/12-EL Sign/button_personADD SIGNER  FIELD' is clicked on

2023-05-01 11:00:19 - [MESSAGE][PASSED] - Object: 'Object Repository/12-EL Sign/button_personADD SIGNER  FIELD' is clicked on

2023-05-01 11:00:19 - [TEST_STEP][PASSED] - delay(3): Delayed 3 second(s)

2023-05-01 11:00:22 - [MESSAGE][PASSED] - Delayed 3 second(s)

2023-05-01 11:00:22 - [TEST_STEP][PASSED] - click(findTestObject("12-EL Sign/button_person_outlineADD GUEST")): Object: 'Object Repository/12-EL Sign/button_person_outlineADD GUEST' is clicked on

2023-05-01 11:00:22 - [MESSAGE][PASSED] - Object: 'Object Repository/12-EL Sign/button_person_outlineADD GUEST' is clicked on

2023-05-01 11:00:22 - [TEST_STEP][PASSED] - verifyElementVisible(findTestObject("12-EL Sign/mat-dialog-container_New GuestModal")): Object 'Object Repository/12-EL Sign/mat-dialog-container_New GuestModal' is visible

2023-05-01 11:00:24 - [MESSAGE][PASSED] - Object 'Object Repository/12-EL Sign/mat-dialog-container_New GuestModal' is visible

2023-05-01 11:00:24 - [TEST_STEP][PASSED] - click(findTestObject("12-EL Sign/input_GuestEmailAddress")): Object: 'Object Repository/12-EL Sign/input_GuestEmailAddress' is clicked on

2023-05-01 11:00:24 - [MESSAGE][PASSED] - Object: 'Object Repository/12-EL Sign/input_GuestEmailAddress' is clicked on

2023-05-01 11:00:24 - [TEST_STEP][PASSED] - sendKeys(findTestObject("12-EL Sign/input_GuestEmailAddress"), Keys.chord(ESCAPE)): Keys 'ESCAPE + ' sent to object: 'Object Repository/12-EL Sign/input_GuestEmailAddress'

2023-05-01 11:00:24 - [MESSAGE][PASSED] - Keys 'ESCAPE + ' sent to object: 'Object Repository/12-EL Sign/input_GuestEmailAddress'

2023-05-01 11:00:24 - [TEST_STEP][PASSED] - click(findTestObject("12-EL Sign/mat-icon_clear")): Object: 'Object Repository/12-EL Sign/mat-icon_clear' is clicked on

2023-05-01 11:00:25 - [MESSAGE][PASSED] - Object: 'Object Repository/12-EL Sign/mat-icon_clear' is clicked on]]></system-out>
         <system-err><![CDATA[]]></system-err>
      </testcase>
      <testcase name="Test Cases/12-EL Sign/05-Send Docuuments(Add Signer and guest-fill out required field)" time="14.564" classname="Test Cases/12-EL Sign/05-Send Docuuments(Add Signer and guest-fill out required field)" status="PASSED">
         <system-out><![CDATA[2023-05-01 11:00:25 - [TEST_CASE][PASSED] - Test Cases/12-EL Sign/05-Send Docuuments(Add Signer and guest-fill out required field): Test Cases/12-EL Sign/05-Send Docuuments(Add Signer and guest-fill out required field)

2023-05-01 11:00:25 - [TEST_STEP][PASSED] - click(findTestObject("12-EL Sign/button_personADD SIGNER  FIELD")): Object: 'Object Repository/12-EL Sign/button_personADD SIGNER  FIELD' is clicked on

2023-05-01 11:00:26 - [MESSAGE][PASSED] - Object: 'Object Repository/12-EL Sign/button_personADD SIGNER  FIELD' is clicked on

2023-05-01 11:00:26 - [TEST_STEP][PASSED] - click(findTestObject("12-EL Sign/input_Search for a Signer")): Object: 'Object Repository/12-EL Sign/input_Search for a Signer' is clicked on

2023-05-01 11:00:27 - [MESSAGE][PASSED] - Object: 'Object Repository/12-EL Sign/input_Search for a Signer' is clicked on

2023-05-01 11:00:27 - [TEST_STEP][PASSED] - click(findTestObject("12-EL Sign/mat-option_GG TESTER (testuser02mailinator.com)"), STOP_ON_FAILURE): Object: 'Object Repository/12-EL Sign/mat-option_GG TESTER (testuser02mailinator.com)' is clicked on

2023-05-01 11:00:28 - [MESSAGE][PASSED] - Object: 'Object Repository/12-EL Sign/mat-option_GG TESTER (testuser02mailinator.com)' is clicked on

2023-05-01 11:00:28 - [TEST_STEP][PASSED] - scrollToElement(findTestObject("12-EL Sign/button_SAVE"), 0): Scroll to object 'Object Repository/12-EL Sign/button_SAVE' successfully

2023-05-01 11:00:28 - [MESSAGE][WARNING] - Timeout '0' is invalid. Using default page load timeout: '30'

2023-05-01 11:00:28 - [MESSAGE][PASSED] - Scroll to object 'Object Repository/12-EL Sign/button_SAVE' successfully

2023-05-01 11:00:28 - [TEST_STEP][PASSED] - click(findTestObject("12-EL Sign/button_SAVE")): Object: 'Object Repository/12-EL Sign/button_SAVE' is clicked on

2023-05-01 11:00:29 - [MESSAGE][PASSED] - Object: 'Object Repository/12-EL Sign/button_SAVE' is clicked on

2023-05-01 11:00:29 - [TEST_STEP][PASSED] - delay(3): Delayed 3 second(s)

2023-05-01 11:00:32 - [MESSAGE][PASSED] - Delayed 3 second(s)

2023-05-01 11:00:32 - [TEST_STEP][PASSED] - click(findTestObject("12-EL Sign/button_personADD SIGNER  FIELD")): Object: 'Object Repository/12-EL Sign/button_personADD SIGNER  FIELD' is clicked on

2023-05-01 11:00:32 - [MESSAGE][PASSED] - Object: 'Object Repository/12-EL Sign/button_personADD SIGNER  FIELD' is clicked on

2023-05-01 11:00:32 - [TEST_STEP][PASSED] - delay(3): Delayed 3 second(s)

2023-05-01 11:00:35 - [MESSAGE][PASSED] - Delayed 3 second(s)

2023-05-01 11:00:35 - [TEST_STEP][PASSED] - click(findTestObject("12-EL Sign/button_person_outlineADD GUEST")): Object: 'Object Repository/12-EL Sign/button_person_outlineADD GUEST' is clicked on

2023-05-01 11:00:36 - [MESSAGE][PASSED] - Object: 'Object Repository/12-EL Sign/button_person_outlineADD GUEST' is clicked on

2023-05-01 11:00:36 - [TEST_STEP][PASSED] - verifyElementVisible(findTestObject("12-EL Sign/mat-dialog-container_New GuestModal")): Object 'Object Repository/12-EL Sign/mat-dialog-container_New GuestModal' is visible

2023-05-01 11:00:38 - [MESSAGE][PASSED] - Object 'Object Repository/12-EL Sign/mat-dialog-container_New GuestModal' is visible

2023-05-01 11:00:38 - [TEST_STEP][PASSED] - click(findTestObject("12-EL Sign/input_GuestEmailAddress")): Object: 'Object Repository/12-EL Sign/input_GuestEmailAddress' is clicked on

2023-05-01 11:00:38 - [MESSAGE][PASSED] - Object: 'Object Repository/12-EL Sign/input_GuestEmailAddress' is clicked on

2023-05-01 11:00:38 - [TEST_STEP][PASSED] - click(findTestObject("12-EL Sign/mat-option_norvs26mailinator.com")): Object: 'Object Repository/12-EL Sign/mat-option_norvs26mailinator.com' is clicked on

2023-05-01 11:00:38 - [MESSAGE][PASSED] - Object: 'Object Repository/12-EL Sign/mat-option_norvs26mailinator.com' is clicked on

2023-05-01 11:00:38 - [TEST_STEP][PASSED] - scrollToElement(findTestObject("12-EL Sign/button_SAVE2"), 0): Scroll to object 'Object Repository/12-EL Sign/button_SAVE2' successfully

2023-05-01 11:00:39 - [MESSAGE][WARNING] - Timeout '0' is invalid. Using default page load timeout: '30'

2023-05-01 11:00:39 - [MESSAGE][PASSED] - Scroll to object 'Object Repository/12-EL Sign/button_SAVE2' successfully

2023-05-01 11:00:39 - [TEST_STEP][PASSED] - click(findTestObject("12-EL Sign/button_SAVE2")): Object: 'Object Repository/12-EL Sign/button_SAVE2' is clicked on

2023-05-01 11:00:39 - [MESSAGE][PASSED] - Object: 'Object Repository/12-EL Sign/button_SAVE2' is clicked on]]></system-out>
         <system-err><![CDATA[]]></system-err>
      </testcase>
      <testcase name="Test Cases/12-EL Sign/06-Send Documents (Select labels and drag)" time="34.107" classname="Test Cases/12-EL Sign/06-Send Documents (Select labels and drag)" status="PASSED">
         <system-out><![CDATA[2023-05-01 11:00:39 - [TEST_CASE][PASSED] - Test Cases/12-EL Sign/06-Send Documents (Select labels and drag): Test Cases/12-EL Sign/06-Send Documents (Select labels and drag)

2023-05-01 11:00:40 - [TEST_STEP][PASSED] - dragAndDropToObject(findTestObject("12-EL Sign/button_createGG TESTERSign here"), findTestObject("12-EL Sign/documents"), STOP_ON_FAILURE): Dragged object with id 'Object Repository/12-EL Sign/button_createGG TESTERSign here' to object with id 'TestObject - 'Object Repository/12-EL Sign/documents'' successfully

2023-05-01 11:00:43 - [MESSAGE][PASSED] - Dragged object with id 'Object Repository/12-EL Sign/button_createGG TESTERSign here' to object with id 'TestObject - 'Object Repository/12-EL Sign/documents'' successfully

2023-05-01 11:00:43 - [TEST_STEP][PASSED] - click(findTestObject("12-EL Sign/div_create-draggable")): Object: 'Object Repository/12-EL Sign/div_create-draggable' is clicked on

2023-05-01 11:00:44 - [MESSAGE][PASSED] - Object: 'Object Repository/12-EL Sign/div_create-draggable' is clicked on

2023-05-01 11:00:44 - [TEST_STEP][PASSED] - click(findTestObject("12-EL Sign/button_clear")): Object: 'Object Repository/12-EL Sign/button_clear' is clicked on

2023-05-01 11:00:45 - [MESSAGE][PASSED] - Object: 'Object Repository/12-EL Sign/button_clear' is clicked on

2023-05-01 11:00:45 - [TEST_STEP][PASSED] - verifyElementVisible(findTestObject("12-EL Sign/mat-dialog-container_Do you confirm the deletion of this ELSign fieldModal")): Object 'Object Repository/12-EL Sign/mat-dialog-container_Do you confirm the deletion of this ELSign fieldModal' is visible

2023-05-01 11:00:46 - [MESSAGE][PASSED] - Object 'Object Repository/12-EL Sign/mat-dialog-container_Do you confirm the deletion of this ELSign fieldModal' is visible

2023-05-01 11:00:46 - [TEST_STEP][PASSED] - click(findTestObject("12-EL Sign/button_No")): Object: 'Object Repository/12-EL Sign/button_No' is clicked on

2023-05-01 11:00:47 - [MESSAGE][PASSED] - Object: 'Object Repository/12-EL Sign/button_No' is clicked on

2023-05-01 11:00:47 - [TEST_STEP][PASSED] - click(findTestObject("12-EL Sign/button_clear")): Object: 'Object Repository/12-EL Sign/button_clear' is clicked on

2023-05-01 11:00:47 - [MESSAGE][PASSED] - Object: 'Object Repository/12-EL Sign/button_clear' is clicked on

2023-05-01 11:00:47 - [TEST_STEP][PASSED] - delay(3): Delayed 3 second(s)

2023-05-01 11:00:50 - [MESSAGE][PASSED] - Delayed 3 second(s)

2023-05-01 11:00:50 - [TEST_STEP][PASSED] - click(findTestObject("12-EL Sign/button_Yes")): Object: 'Object Repository/12-EL Sign/button_Yes' is clicked on

2023-05-01 11:00:51 - [MESSAGE][PASSED] - Object: 'Object Repository/12-EL Sign/button_Yes' is clicked on

2023-05-01 11:00:51 - [TEST_STEP][PASSED] - delay(3): Delayed 3 second(s)

2023-05-01 11:00:54 - [MESSAGE][PASSED] - Delayed 3 second(s)

2023-05-01 11:00:54 - [TEST_STEP][PASSED] - dragAndDropToObject(findTestObject("12-EL Sign/button_createGG TESTERSign here"), findTestObject("12-EL Sign/documents"), STOP_ON_FAILURE): Dragged object with id 'Object Repository/12-EL Sign/button_createGG TESTERSign here' to object with id 'TestObject - 'Object Repository/12-EL Sign/documents'' successfully

2023-05-01 11:00:55 - [MESSAGE][PASSED] - Dragged object with id 'Object Repository/12-EL Sign/button_createGG TESTERSign here' to object with id 'TestObject - 'Object Repository/12-EL Sign/documents'' successfully

2023-05-01 11:00:55 - [TEST_STEP][PASSED] - dragAndDropByOffset(findTestObject("12-EL Sign/button_createGG TESTERSign here"), 3, 10): Dragged object with id 'Object Repository/12-EL Sign/button_createGG TESTERSign here' by offset distance x = 3 and y = 10 successfully

2023-05-01 11:00:57 - [MESSAGE][PASSED] - Dragged object with id 'Object Repository/12-EL Sign/button_createGG TESTERSign here' by offset distance x = 3 and y = 10 successfully

2023-05-01 11:00:57 - [TEST_STEP][PASSED] - dragAndDropByOffset(findTestObject("12-EL Sign/button_calendarGG TESTERDate signed"), 3, 30): Dragged object with id 'Object Repository/12-EL Sign/button_calendarGG TESTERDate signed' by offset distance x = 3 and y = 30 successfully

2023-05-01 11:00:58 - [MESSAGE][PASSED] - Dragged object with id 'Object Repository/12-EL Sign/button_calendarGG TESTERDate signed' by offset distance x = 3 and y = 30 successfully

2023-05-01 11:00:58 - [TEST_STEP][PASSED] - dragAndDropByOffset(findTestObject("12-EL Sign/button_person_pinGG TESTERInitial here"), 3, 60): Dragged object with id 'Object Repository/12-EL Sign/button_person_pinGG TESTERInitial here' by offset distance x = 3 and y = 60 successfully

2023-05-01 11:00:59 - [MESSAGE][PASSED] - Dragged object with id 'Object Repository/12-EL Sign/button_person_pinGG TESTERInitial here' by offset distance x = 3 and y = 60 successfully

2023-05-01 11:00:59 - [TEST_STEP][PASSED] - delay(3): Delayed 3 second(s)

2023-05-01 11:01:02 - [MESSAGE][PASSED] - Delayed 3 second(s)

2023-05-01 11:01:02 - [TEST_STEP][PASSED] - click(findTestObject("12-EL Sign/span_COMPLETE")): Object: 'Object Repository/12-EL Sign/span_COMPLETE' is clicked on

2023-05-01 11:01:03 - [MESSAGE][PASSED] - Object: 'Object Repository/12-EL Sign/span_COMPLETE' is clicked on

2023-05-01 11:01:03 - [TEST_STEP][PASSED] - delay(3): Delayed 3 second(s)

2023-05-01 11:01:06 - [MESSAGE][PASSED] - Delayed 3 second(s)

2023-05-01 11:01:06 - [TEST_STEP][PASSED] - verifyElementVisible(findTestObject("12-EL Sign/th_Send ELSign Invite")): Object 'Object Repository/12-EL Sign/th_Send ELSign Invite' is visible

2023-05-01 11:01:06 - [MESSAGE][PASSED] - Object 'Object Repository/12-EL Sign/th_Send ELSign Invite' is visible

2023-05-01 11:01:06 - [TEST_STEP][PASSED] - scrollToElement(findTestObject("12-EL Sign/div_Dear ReceiverName"), 0): Scroll to object 'Object Repository/12-EL Sign/div_Dear ReceiverName' successfully

2023-05-01 11:01:06 - [MESSAGE][WARNING] - Timeout '0' is invalid. Using default page load timeout: '30'

2023-05-01 11:01:07 - [MESSAGE][PASSED] - Scroll to object 'Object Repository/12-EL Sign/div_Dear ReceiverName' successfully

2023-05-01 11:01:07 - [TEST_STEP][PASSED] - scrollToElement(findTestObject("12-EL Sign/th_Send ELSign Invite"), 0): Scroll to object 'Object Repository/12-EL Sign/th_Send ELSign Invite' successfully

2023-05-01 11:01:07 - [MESSAGE][WARNING] - Timeout '0' is invalid. Using default page load timeout: '30'

2023-05-01 11:01:07 - [MESSAGE][PASSED] - Scroll to object 'Object Repository/12-EL Sign/th_Send ELSign Invite' successfully

2023-05-01 11:01:07 - [TEST_STEP][PASSED] - delay(3): Delayed 3 second(s)

2023-05-01 11:01:10 - [MESSAGE][PASSED] - Delayed 3 second(s)

2023-05-01 11:01:10 - [TEST_STEP][PASSED] - click(findTestObject("12-EL Sign/button_sendSend Invite")): Object: 'Object Repository/12-EL Sign/button_sendSend Invite' is clicked on

2023-05-01 11:01:11 - [MESSAGE][PASSED] - Object: 'Object Repository/12-EL Sign/button_sendSend Invite' is clicked on

2023-05-01 11:01:11 - [TEST_STEP][PASSED] - delay(3): Delayed 3 second(s)

2023-05-01 11:01:14 - [MESSAGE][PASSED] - Delayed 3 second(s)]]></system-out>
         <system-err><![CDATA[]]></system-err>
      </testcase>
      <testcase name="Test Cases/12-EL Sign/07-Send Documents (Signer Status)" time="6.138" classname="Test Cases/12-EL Sign/07-Send Documents (Signer Status)" status="PASSED">
         <system-out><![CDATA[2023-05-01 11:01:14 - [TEST_CASE][PASSED] - Test Cases/12-EL Sign/07-Send Documents (Signer Status): Test Cases/12-EL Sign/07-Send Documents (Signer Status)

2023-05-01 11:01:14 - [TEST_STEP][PASSED] - click(findTestObject("12-EL Sign/button_person_add-SignerStatus")): Object: 'Object Repository/12-EL Sign/button_person_add-SignerStatus' is clicked on

2023-05-01 11:01:15 - [MESSAGE][PASSED] - Object: 'Object Repository/12-EL Sign/button_person_add-SignerStatus' is clicked on

2023-05-01 11:01:15 - [TEST_STEP][PASSED] - verifyElementVisible(findTestObject("12-EL Sign/mat-toolbar_Signers ELSign Status")): Object 'Object Repository/12-EL Sign/mat-toolbar_Signers ELSign Status' is visible

2023-05-01 11:01:16 - [MESSAGE][PASSED] - Object 'Object Repository/12-EL Sign/mat-toolbar_Signers ELSign Status' is visible

2023-05-01 11:01:16 - [TEST_STEP][PASSED] - click(findTestObject("12-EL Sign/button_OK")): Object: 'Object Repository/12-EL Sign/button_OK' is clicked on

2023-05-01 11:01:17 - [MESSAGE][PASSED] - Object: 'Object Repository/12-EL Sign/button_OK' is clicked on

2023-05-01 11:01:17 - [TEST_STEP][PASSED] - delay(3): Delayed 3 second(s)

2023-05-01 11:01:20 - [MESSAGE][PASSED] - Delayed 3 second(s)]]></system-out>
         <system-err><![CDATA[]]></system-err>
      </testcase>
      <testcase name="Test Cases/12-EL Sign/08-Send Documents (View Document and History)" time="11.744" classname="Test Cases/12-EL Sign/08-Send Documents (View Document and History)" status="PASSED">
         <system-out><![CDATA[2023-05-01 11:01:20 - [TEST_CASE][PASSED] - Test Cases/12-EL Sign/08-Send Documents (View Document and History): Test Cases/12-EL Sign/08-Send Documents (View Document and History)

2023-05-01 11:01:20 - [TEST_STEP][PASSED] - click(findTestObject("12-EL Sign/button_visibility")): Object: 'Object Repository/12-EL Sign/button_visibility' is clicked on

2023-05-01 11:01:21 - [MESSAGE][PASSED] - Object: 'Object Repository/12-EL Sign/button_visibility' is clicked on

2023-05-01 11:01:21 - [TEST_STEP][PASSED] - switchToWindowIndex(1): Switched to window with index: '1'

2023-05-01 11:01:22 - [MESSAGE][PASSED] - Switched to window with index: '1'

2023-05-01 11:01:22 - [TEST_STEP][PASSED] - closeWindowIndex(1): Window with index 1 is closed

2023-05-01 11:01:23 - [MESSAGE][PASSED] - Window with index 1 is closed

2023-05-01 11:01:23 - [TEST_STEP][PASSED] - switchToWindowIndex(0): Switched to window with index: '0'

2023-05-01 11:01:23 - [MESSAGE][PASSED] - Switched to window with index: '0'

2023-05-01 11:01:23 - [TEST_STEP][PASSED] - delay(3): Delayed 3 second(s)

2023-05-01 11:01:26 - [MESSAGE][PASSED] - Delayed 3 second(s)

2023-05-01 11:01:26 - [TEST_STEP][PASSED] - click(findTestObject("12-EL Sign/button_history")): Object: 'Object Repository/12-EL Sign/button_history' is clicked on

2023-05-01 11:01:26 - [MESSAGE][PASSED] - Object: 'Object Repository/12-EL Sign/button_history' is clicked on

2023-05-01 11:01:26 - [TEST_STEP][PASSED] - verifyElementVisible(findTestObject("12-EL Sign/mat-dialog-container-historyModal")): Object 'Object Repository/12-EL Sign/mat-dialog-container-historyModal' is visible

2023-05-01 11:01:28 - [MESSAGE][PASSED] - Object 'Object Repository/12-EL Sign/mat-dialog-container-historyModal' is visible

2023-05-01 11:01:28 - [TEST_STEP][PASSED] - verifyElementVisible(findTestObject("12-EL Sign/td_historyName")): Object 'Object Repository/12-EL Sign/td_historyName' is visible

2023-05-01 11:01:28 - [MESSAGE][PASSED] - Object 'Object Repository/12-EL Sign/td_historyName' is visible

2023-05-01 11:01:28 - [TEST_STEP][PASSED] - doubleClick(findTestObject("12-EL Sign/button_CANCEL2")): Object: 'Object Repository/12-EL Sign/button_CANCEL2' is double clicked on

2023-05-01 11:01:29 - [MESSAGE][PASSED] - Object: 'Object Repository/12-EL Sign/button_CANCEL2' is double clicked on

2023-05-01 11:01:29 - [TEST_STEP][PASSED] - delay(3): Delayed 3 second(s)

2023-05-01 11:01:32 - [MESSAGE][PASSED] - Delayed 3 second(s)]]></system-out>
         <system-err><![CDATA[]]></system-err>
      </testcase>
      <testcase name="Test Cases/12-EL Sign/09-Send Documents (Reminder)" time="28.965" classname="Test Cases/12-EL Sign/09-Send Documents (Reminder)" status="PASSED">
         <system-out><![CDATA[2023-05-01 11:01:32 - [TEST_CASE][PASSED] - Test Cases/12-EL Sign/09-Send Documents (Reminder): Test Cases/12-EL Sign/09-Send Documents (Reminder)

2023-05-01 11:01:32 - [TEST_STEP][PASSED] - click(findTestObject("12-EL Sign/button_reminder")): Object: 'Object Repository/12-EL Sign/button_reminder' is clicked on

2023-05-01 11:01:32 - [MESSAGE][PASSED] - Object: 'Object Repository/12-EL Sign/button_reminder' is clicked on

2023-05-01 11:01:32 - [TEST_STEP][PASSED] - verifyElementVisible(findTestObject("12-EL Sign/mat-dialog-container-reminderModal")): Object 'Object Repository/12-EL Sign/mat-dialog-container-reminderModal' is visible

2023-05-01 11:01:34 - [MESSAGE][PASSED] - Object 'Object Repository/12-EL Sign/mat-dialog-container-reminderModal' is visible

2023-05-01 11:01:34 - [TEST_STEP][PASSED] - verifyElementVisible(findTestObject("12-EL Sign/h6_Schedule ELSign receiver reminder")): Object 'Object Repository/12-EL Sign/h6_Schedule ELSign receiver reminder' is visible

2023-05-01 11:01:35 - [MESSAGE][PASSED] - Object 'Object Repository/12-EL Sign/h6_Schedule ELSign receiver reminder' is visible

2023-05-01 11:01:35 - [TEST_STEP][PASSED] - doubleClick(findTestObject("12-EL Sign/button_CANCEL3")): Object: 'Object Repository/12-EL Sign/button_CANCEL3' is double clicked on

2023-05-01 11:01:35 - [MESSAGE][PASSED] - Object: 'Object Repository/12-EL Sign/button_CANCEL3' is double clicked on

2023-05-01 11:01:35 - [TEST_STEP][PASSED] - delay(3): Delayed 3 second(s)

2023-05-01 11:01:38 - [MESSAGE][PASSED] - Delayed 3 second(s)

2023-05-01 11:01:38 - [TEST_STEP][PASSED] - click(findTestObject("12-EL Sign/button_reminder")): Object: 'Object Repository/12-EL Sign/button_reminder' is clicked on

2023-05-01 11:01:39 - [MESSAGE][PASSED] - Object: 'Object Repository/12-EL Sign/button_reminder' is clicked on

2023-05-01 11:01:39 - [TEST_STEP][PASSED] - click(findTestObject("12-EL Sign/checkbox_recipients")): Object: 'Object Repository/12-EL Sign/checkbox_recipients' is clicked on

2023-05-01 11:01:41 - [MESSAGE][PASSED] - Object: 'Object Repository/12-EL Sign/checkbox_recipients' is clicked on

2023-05-01 11:01:41 - [TEST_STEP][PASSED] - click(findTestObject("12-EL Sign/checkbox_SendReminderNow")): Object: 'Object Repository/12-EL Sign/checkbox_SendReminderNow' is clicked on

2023-05-01 11:01:42 - [MESSAGE][PASSED] - Object: 'Object Repository/12-EL Sign/checkbox_SendReminderNow' is clicked on

2023-05-01 11:01:42 - [TEST_STEP][PASSED] - click(findTestObject("12-EL Sign/div_daysDropdown")): Object: 'Object Repository/12-EL Sign/div_daysDropdown' is clicked on

2023-05-01 11:01:43 - [MESSAGE][PASSED] - Object: 'Object Repository/12-EL Sign/div_daysDropdown' is clicked on

2023-05-01 11:01:43 - [TEST_STEP][PASSED] - delay(3): Delayed 3 second(s)

2023-05-01 11:01:46 - [MESSAGE][PASSED] - Delayed 3 second(s)

2023-05-01 11:01:46 - [TEST_STEP][PASSED] - click(findTestObject("12-EL Sign/mat-option_2")): Object: 'Object Repository/12-EL Sign/mat-option_2' is clicked on

2023-05-01 11:01:47 - [MESSAGE][PASSED] - Object: 'Object Repository/12-EL Sign/mat-option_2' is clicked on

2023-05-01 11:01:47 - [TEST_STEP][PASSED] - delay(3): Delayed 3 second(s)

2023-05-01 11:01:50 - [MESSAGE][PASSED] - Delayed 3 second(s)

2023-05-01 11:01:50 - [TEST_STEP][PASSED] - click(findTestObject("12-EL Sign/button_Save Schedule")): Object: 'Object Repository/12-EL Sign/button_Save Schedule' is clicked on

2023-05-01 11:01:51 - [MESSAGE][PASSED] - Object: 'Object Repository/12-EL Sign/button_Save Schedule' is clicked on

2023-05-01 11:01:51 - [TEST_STEP][PASSED] - delay(3): Delayed 3 second(s)

2023-05-01 11:01:54 - [MESSAGE][PASSED] - Delayed 3 second(s)

2023-05-01 11:01:54 - [TEST_STEP][PASSED] - click(findTestObject("12-EL Sign/button_reminder")): Object: 'Object Repository/12-EL Sign/button_reminder' is clicked on

2023-05-01 11:01:54 - [MESSAGE][PASSED] - Object: 'Object Repository/12-EL Sign/button_reminder' is clicked on

2023-05-01 11:01:54 - [TEST_STEP][PASSED] - delay(3): Delayed 3 second(s)

2023-05-01 11:01:57 - [MESSAGE][PASSED] - Delayed 3 second(s)

2023-05-01 11:01:57 - [TEST_STEP][PASSED] - click(findTestObject("12-EL Sign/button_Delete Schedule")): Object: 'Object Repository/12-EL Sign/button_Delete Schedule' is clicked on

2023-05-01 11:01:57 - [MESSAGE][PASSED] - Object: 'Object Repository/12-EL Sign/button_Delete Schedule' is clicked on

2023-05-01 11:01:57 - [TEST_STEP][PASSED] - delay(3): Delayed 3 second(s)

2023-05-01 11:02:00 - [MESSAGE][PASSED] - Delayed 3 second(s)]]></system-out>
         <system-err><![CDATA[]]></system-err>
      </testcase>
      <system-out><![CDATA[2023-05-01 10:57:13 - [TEST_SUITE][PASSED] - 12.1-EL Sign (Send Documents): Test Cases/12-EL Sign/09-Send Documents (Reminder)]]></system-out>
      <system-err><![CDATA[]]></system-err>
   </testsuite>
</testsuites>
