<?xml version="1.0" encoding="UTF-8"?>
<testsuites name="09.2 - Setttings (Active user)" time="126.266" tests="2" failures="0" errors="0">
   <testsuite name="09.2 - Setttings (Active user)" tests="2" failures="0" errors="0" time="126.266" skipped="0" timestamp="2022-11-01 17:57:27" hostname="User - DESKTOP-QCRNR4M" id="Test Suites/TS-Organization/09.2 - Setttings (Active user)">
      <properties>
         <property name="deviceName" value=""/>
         <property name="devicePlatform" value=""/>
         <property name="logFolder" value="C:\\Users\\User\\Katalon Studio\\EverleaguesMain\\Reports\\20221101_175724\\TS-Organization\\09.2 - Setttings (Active user)\\20221101_175724"/>
         <property name="logFiles" value="C:\\Users\\User\\Katalon Studio\\EverleaguesMain\\Reports\\20221101_175724\\TS-Organization\\09.2 - Setttings (Active user)\\20221101_175724\\execution0.log"/>
         <property name="attachments" value=""/>
         <property name="hostName" value="User - DESKTOP-QCRNR4M"/>
         <property name="os" value="Windows 10 64bit"/>
         <property name="katalonVersion" value="8.4.1.208"/>
         <property name="browser" value="Chrome 106.0.0.0"/>
         <property name="hostAddress" value="192.168.5.124"/>
         <property name="sessionId" value="8c556830c5e2fb152a1d17f6440d7c08"/>
         <property name="seleniumVersion" value="3.141.59"/>
         <property name="proxyInformation" value="ProxyInformation { proxyOption=NO_PROXY, proxyServerType=HTTP, username=, password=********, proxyServerAddress=, proxyServerPort=0, executionList=&quot;&quot;, isApplyToDesiredCapabilities=true }"/>
         <property name="platform" value="Windows 10"/>
      </properties>
      <testcase name="Test Cases/09-Settings/06 - Users (Active User - Search user)" time="103.059" classname="Test Cases/09-Settings/06 - Users (Active User - Search user)" status="PASSED">
         <system-out><![CDATA[2022-11-01 17:57:27 - [TEST_CASE][PASSED] - Test Cases/09-Settings/06 - Users (Active User - Search user): Test Cases/09-Settings/06 - Users (Active User - Search user)

2022-11-01 17:57:27 - [TEST_STEP][PASSED] - openBrowser(""): Browser is opened with url: ''

2022-11-01 17:57:28 - [MESSAGE][INFO] - Starting 'Chrome' driver

2022-11-01 17:57:28 - [MESSAGE][INFO] - Action delay is set to 0 milliseconds

2022-11-01 17:57:30 - [MESSAGE][PASSED] - Browser is opened with url: ''

2022-11-01 17:57:30 - [TEST_STEP][PASSED] - navigateToUrl("https://lab.everleagues.com/"): Navigate to 'https://lab.everleagues.com/' successfully

2022-11-01 17:57:48 - [MESSAGE][PASSED] - Navigate to 'https://lab.everleagues.com/' successfully

2022-11-01 17:57:48 - [TEST_STEP][PASSED] - maximizeWindow(): Current window maximized

2022-11-01 17:57:48 - [MESSAGE][PASSED] - Current window maximized

2022-11-01 17:57:48 - [TEST_STEP][PASSED] - setText(findTestObject("02-Side Icons(Organization)/Add Contact/Email Field"), "testuser02@mailinator.com"): Text 'testuser02@mailinator.com' is set on object 'Object Repository/02-Side Icons(Organization)/Add Contact/Email Field'

2022-11-01 17:57:49 - [MESSAGE][PASSED] - Text 'testuser02@mailinator.com' is set on object 'Object Repository/02-Side Icons(Organization)/Add Contact/Email Field'

2022-11-01 17:57:49 - [TEST_STEP][PASSED] - setEncryptedText(findTestObject("02-Side Icons(Organization)/Add Contact/Password Field"), "8yFRyszE6U6jvsCn51OQbg=="): Text ****** has been set on object 'Object Repository/02-Side Icons(Organization)/Add Contact/Password Field'

2022-11-01 17:57:49 - [MESSAGE][PASSED] - Text ****** has been set on object 'Object Repository/02-Side Icons(Organization)/Add Contact/Password Field'

2022-11-01 17:57:49 - [TEST_STEP][PASSED] - click(findTestObject("02-Side Icons(Organization)/Add Contact/button_Sign in")): Object: 'Object Repository/02-Side Icons(Organization)/Add Contact/button_Sign in' is clicked on

2022-11-01 17:57:50 - [MESSAGE][PASSED] - Object: 'Object Repository/02-Side Icons(Organization)/Add Contact/button_Sign in' is clicked on

2022-11-01 17:57:50 - [TEST_STEP][PASSED] - delay(2): Delayed 2 second(s)

2022-11-01 17:57:52 - [MESSAGE][PASSED] - Delayed 2 second(s)

2022-11-01 17:57:52 - [TEST_STEP][PASSED] - click(findTestObject("06-Teams/For 2FA/button_Confirm_2FA")): Object: 'Object Repository/06-Teams/For 2FA/button_Confirm_2FA' is clicked on

2022-11-01 17:57:53 - [MESSAGE][PASSED] - Object: 'Object Repository/06-Teams/For 2FA/button_Confirm_2FA' is clicked on

2022-11-01 17:57:53 - [TEST_STEP][PASSED] - executeJavaScript("window.open();", []): Execute JavaScript 'window.open();' successfully

2022-11-01 17:57:53 - [MESSAGE][PASSED] - Execute JavaScript 'window.open();' successfully

2022-11-01 17:57:53 - [TEST_STEP][PASSED] - currentWindow = getWindowIndex(): Current window's index is: 0

2022-11-01 17:57:53 - [MESSAGE][PASSED] - Current window's index is: 0

2022-11-01 17:57:53 - [TEST_STEP][PASSED] - delay(3): Delayed 3 second(s)

2022-11-01 17:57:56 - [MESSAGE][PASSED] - Delayed 3 second(s)

2022-11-01 17:57:56 - [TEST_STEP][PASSED] - switchToWindowIndex(currentWindow + 1): Switched to window with index: '1'

2022-11-01 17:57:56 - [MESSAGE][PASSED] - Switched to window with index: '1'

2022-11-01 17:57:56 - [TEST_STEP][PASSED] - navigateToUrl("https://www.mailinator.com/"): Navigate to 'https://www.mailinator.com/' successfully

2022-11-01 17:57:58 - [MESSAGE][PASSED] - Navigate to 'https://www.mailinator.com/' successfully

2022-11-01 17:57:58 - [TEST_STEP][PASSED] - delay(3): Delayed 3 second(s)

2022-11-01 17:58:01 - [MESSAGE][PASSED] - Delayed 3 second(s)

2022-11-01 17:58:01 - [TEST_STEP][PASSED] - setText(findTestObject("00-Signup and Activation/zMailinator/input_LOGIN_search"), "testuser02@mailinator.com"): Text 'testuser02@mailinator.com' is set on object 'Object Repository/00-Signup and Activation/zMailinator/input_LOGIN_search'

2022-11-01 17:58:02 - [MESSAGE][PASSED] - Text 'testuser02@mailinator.com' is set on object 'Object Repository/00-Signup and Activation/zMailinator/input_LOGIN_search'

2022-11-01 17:58:02 - [TEST_STEP][PASSED] - click(findTestObject("00-Signup and Activation/zMailinator/gobutton"), STOP_ON_FAILURE): Object: 'Object Repository/00-Signup and Activation/zMailinator/gobutton' is clicked on

2022-11-01 17:58:04 - [MESSAGE][PASSED] - Object: 'Object Repository/00-Signup and Activation/zMailinator/gobutton' is clicked on

2022-11-01 17:58:04 - [TEST_STEP][PASSED] - delay(3): Delayed 3 second(s)

2022-11-01 17:58:07 - [MESSAGE][PASSED] - Delayed 3 second(s)

2022-11-01 17:58:07 - [TEST_STEP][PASSED] - click(findTestObject("00-Signup and Activation/zMailinator/Email - everleagues")): Object: 'Object Repository/00-Signup and Activation/zMailinator/Email - everleagues' is clicked on

2022-11-01 17:58:07 - [MESSAGE][PASSED] - Object: 'Object Repository/00-Signup and Activation/zMailinator/Email - everleagues' is clicked on

2022-11-01 17:58:07 - [TEST_STEP][PASSED] - delay(3): Delayed 3 second(s)

2022-11-01 17:58:10 - [MESSAGE][PASSED] - Delayed 3 second(s)

2022-11-01 17:58:10 - [TEST_STEP][PASSED] - code = getText(findTestObject("Object Repository/06-Teams/For 2FA/2FA code")): Text of object 'Object Repository/06-Teams/For 2FA/2FA code' is: '538672'

2022-11-01 17:58:10 - [MESSAGE][PASSED] - Text of object 'Object Repository/06-Teams/For 2FA/2FA code' is: '538672'

2022-11-01 17:58:10 - [TEST_STEP][PASSED] - delay(3): Delayed 3 second(s)

2022-11-01 17:58:13 - [MESSAGE][PASSED] - Delayed 3 second(s)

2022-11-01 17:58:13 - [TEST_STEP][PASSED] - closeWindowTitle("Mailinator"): Window with title: 'Mailinator' is closed

2022-11-01 17:58:14 - [MESSAGE][PASSED] - Window with title: 'Mailinator' is closed

2022-11-01 17:58:14 - [TEST_STEP][PASSED] - delay(3): Delayed 3 second(s)

2022-11-01 17:58:17 - [MESSAGE][PASSED] - Delayed 3 second(s)

2022-11-01 17:58:17 - [TEST_STEP][PASSED] - switchToWindowIndex(0): Switched to window with index: '0'

2022-11-01 17:58:17 - [MESSAGE][PASSED] - Switched to window with index: '0'

2022-11-01 17:58:17 - [TEST_STEP][PASSED] - delay(3): Delayed 3 second(s)

2022-11-01 17:58:20 - [MESSAGE][PASSED] - Delayed 3 second(s)

2022-11-01 17:58:20 - [TEST_STEP][PASSED] - setText(findTestObject("Object Repository/06-Teams/For 2FA/input_Enter verification code_code"), code): Text '538672' is set on object 'Object Repository/06-Teams/For 2FA/input_Enter verification code_code'

2022-11-01 17:58:20 - [MESSAGE][PASSED] - Text '538672' is set on object 'Object Repository/06-Teams/For 2FA/input_Enter verification code_code'

2022-11-01 17:58:20 - [TEST_STEP][PASSED] - delay(3): Delayed 3 second(s)

2022-11-01 17:58:23 - [MESSAGE][PASSED] - Delayed 3 second(s)

2022-11-01 17:58:23 - [TEST_STEP][PASSED] - click(findTestObject("06-Teams/For 2FA/button_Verify_2FA")): Object: 'Object Repository/06-Teams/For 2FA/button_Verify_2FA' is clicked on

2022-11-01 17:58:24 - [MESSAGE][PASSED] - Object: 'Object Repository/06-Teams/For 2FA/button_Verify_2FA' is clicked on

2022-11-01 17:58:24 - [TEST_STEP][PASSED] - delay(5): Delayed 5 second(s)

2022-11-01 17:58:29 - [MESSAGE][PASSED] - Delayed 5 second(s)

2022-11-01 17:58:29 - [TEST_STEP][PASSED] - click(findTestObject("06-Teams/button_doublearrow")): Object: 'Object Repository/06-Teams/button_doublearrow' is clicked on

2022-11-01 17:58:31 - [MESSAGE][PASSED] - Object: 'Object Repository/06-Teams/button_doublearrow' is clicked on

2022-11-01 17:58:31 - [TEST_STEP][PASSED] - click(findTestObject("06-Teams/button_My Organizations")): Object: 'Object Repository/06-Teams/button_My Organizations' is clicked on

2022-11-01 17:58:31 - [MESSAGE][PASSED] - Object: 'Object Repository/06-Teams/button_My Organizations' is clicked on

2022-11-01 17:58:31 - [TEST_STEP][PASSED] - click(findTestObject("06-Teams/button_GG Automation")): Object: 'Object Repository/06-Teams/button_GG Automation' is clicked on

2022-11-01 17:58:32 - [MESSAGE][PASSED] - Object: 'Object Repository/06-Teams/button_GG Automation' is clicked on

2022-11-01 17:58:32 - [TEST_STEP][PASSED] - delay(4): Delayed 4 second(s)

2022-11-01 17:58:36 - [MESSAGE][PASSED] - Delayed 4 second(s)

2022-11-01 17:58:36 - [TEST_STEP][PASSED] - verifyElementVisible(findTestObject("06-Teams/span_GG Automation")): Object 'Object Repository/06-Teams/span_GG Automation' is visible

2022-11-01 17:58:37 - [MESSAGE][PASSED] - Object 'Object Repository/06-Teams/span_GG Automation' is visible

2022-11-01 17:58:37 - [TEST_STEP][PASSED] - delay(10): Delayed 10 second(s)

2022-11-01 17:58:47 - [MESSAGE][PASSED] - Delayed 10 second(s)

2022-11-01 17:58:47 - [TEST_STEP][PASSED] - click(findTestObject("03-Header Menu/Hamburger Button/div_Settings")): Object: 'Object Repository/03-Header Menu/Hamburger Button/div_Settings' is clicked on

2022-11-01 17:58:47 - [MESSAGE][PASSED] - Object: 'Object Repository/03-Header Menu/Hamburger Button/div_Settings' is clicked on

2022-11-01 17:58:47 - [TEST_STEP][PASSED] - verifyElementVisible(findTestObject("09-Settings/Users/div_Organization")): Object 'Object Repository/09-Settings/Users/div_Organization' is visible

2022-11-01 17:58:47 - [MESSAGE][PASSED] - Object 'Object Repository/09-Settings/Users/div_Organization' is visible

2022-11-01 17:58:47 - [TEST_STEP][PASSED] - verifyElementVisible(findTestObject("09-Settings/Users/div_Organization Units")): Object 'Object Repository/09-Settings/Users/div_Organization Units' is visible

2022-11-01 17:58:48 - [MESSAGE][PASSED] - Object 'Object Repository/09-Settings/Users/div_Organization Units' is visible

2022-11-01 17:58:48 - [TEST_STEP][PASSED] - verifyElementVisible(findTestObject("09-Settings/Users/div_Subscriptions")): Object 'Object Repository/09-Settings/Users/div_Subscriptions' is visible

2022-11-01 17:58:48 - [MESSAGE][PASSED] - Object 'Object Repository/09-Settings/Users/div_Subscriptions' is visible

2022-11-01 17:58:48 - [TEST_STEP][PASSED] - verifyElementVisible(findTestObject("09-Settings/Users/div_Users")): Object 'Object Repository/09-Settings/Users/div_Users' is visible

2022-11-01 17:58:49 - [MESSAGE][PASSED] - Object 'Object Repository/09-Settings/Users/div_Users' is visible

2022-11-01 17:58:49 - [TEST_STEP][PASSED] - delay(3): Delayed 3 second(s)

2022-11-01 17:58:52 - [MESSAGE][PASSED] - Delayed 3 second(s)

2022-11-01 17:58:52 - [TEST_STEP][PASSED] - click(findTestObject("09-Settings/Users/div_Users")): Object: 'Object Repository/09-Settings/Users/div_Users' is clicked on

2022-11-01 17:58:53 - [MESSAGE][PASSED] - Object: 'Object Repository/09-Settings/Users/div_Users' is clicked on

2022-11-01 17:58:53 - [TEST_STEP][PASSED] - verifyElementVisible(findTestObject("09-Settings/Users/h4_USERS")): Object 'Object Repository/09-Settings/Users/h4_USERS' is visible

2022-11-01 17:58:54 - [MESSAGE][PASSED] - Object 'Object Repository/09-Settings/Users/h4_USERS' is visible

2022-11-01 17:58:54 - [TEST_STEP][PASSED] - verifyElementVisible(findTestObject("09-Settings/Users/Active User/div_Active Users")): Object 'Object Repository/09-Settings/Users/Active User/div_Active Users' is visible

2022-11-01 17:58:54 - [MESSAGE][PASSED] - Object 'Object Repository/09-Settings/Users/Active User/div_Active Users' is visible

2022-11-01 17:58:54 - [TEST_STEP][PASSED] - click(findTestObject("09-Settings/Users/Active User/div_Active Users")): Object: 'Object Repository/09-Settings/Users/Active User/div_Active Users' is clicked on

2022-11-01 17:58:55 - [MESSAGE][PASSED] - Object: 'Object Repository/09-Settings/Users/Active User/div_Active Users' is clicked on

2022-11-01 17:58:55 - [TEST_STEP][PASSED] - delay(3): Delayed 3 second(s)

2022-11-01 17:58:58 - [MESSAGE][PASSED] - Delayed 3 second(s)

2022-11-01 17:58:58 - [TEST_STEP][PASSED] - click(findTestObject("09-Settings/Users/Active User/button_search")): Object: 'Object Repository/09-Settings/Users/Active User/button_search' is clicked on

2022-11-01 17:58:58 - [MESSAGE][PASSED] - Object: 'Object Repository/09-Settings/Users/Active User/button_search' is clicked on

2022-11-01 17:58:58 - [TEST_STEP][PASSED] - delay(3): Delayed 3 second(s)

2022-11-01 17:59:01 - [MESSAGE][PASSED] - Delayed 3 second(s)

2022-11-01 17:59:01 - [TEST_STEP][PASSED] - click(findTestObject("09-Settings/Users/Active User/button_arrow_back")): Object: 'Object Repository/09-Settings/Users/Active User/button_arrow_back' is clicked on

2022-11-01 17:59:01 - [MESSAGE][PASSED] - Object: 'Object Repository/09-Settings/Users/Active User/button_arrow_back' is clicked on

2022-11-01 17:59:01 - [TEST_STEP][PASSED] - delay(4): Delayed 4 second(s)

2022-11-01 17:59:05 - [MESSAGE][PASSED] - Delayed 4 second(s)

2022-11-01 17:59:05 - [TEST_STEP][PASSED] - click(findTestObject("09-Settings/Users/Active User/button_search")): Object: 'Object Repository/09-Settings/Users/Active User/button_search' is clicked on

2022-11-01 17:59:06 - [MESSAGE][PASSED] - Object: 'Object Repository/09-Settings/Users/Active User/button_search' is clicked on

2022-11-01 17:59:06 - [TEST_STEP][PASSED] - setText(findTestObject("09-Settings/Users/Active User/Search field"), "partner"): Text 'partner' is set on object 'Object Repository/09-Settings/Users/Active User/Search field'

2022-11-01 17:59:07 - [MESSAGE][PASSED] - Text 'partner' is set on object 'Object Repository/09-Settings/Users/Active User/Search field'

2022-11-01 17:59:07 - [TEST_STEP][PASSED] - delay(3): Delayed 3 second(s)

2022-11-01 17:59:10 - [MESSAGE][PASSED] - Delayed 3 second(s)

2022-11-01 17:59:10 - [TEST_STEP][PASSED] - click(findTestObject("09-Settings/Users/Active User/button_Cancel")): Object: 'Object Repository/09-Settings/Users/Active User/button_Cancel' is clicked on

2022-11-01 17:59:10 - [MESSAGE][PASSED] - Object: 'Object Repository/09-Settings/Users/Active User/button_Cancel' is clicked on]]></system-out>
         <system-err><![CDATA[]]></system-err>
      </testcase>
      <testcase name="Test Cases/09-Settings/07 - Users (Active User - Suspend user)" time="22.925" classname="Test Cases/09-Settings/07 - Users (Active User - Suspend user)" status="PASSED">
         <system-out><![CDATA[2022-11-01 17:59:10 - [TEST_CASE][PASSED] - Test Cases/09-Settings/07 - Users (Active User - Suspend user): Test Cases/09-Settings/07 - Users (Active User - Suspend user)

2022-11-01 17:59:10 - [TEST_STEP][PASSED] - delay(3): Delayed 3 second(s)

2022-11-01 17:59:13 - [MESSAGE][PASSED] - Delayed 3 second(s)

2022-11-01 17:59:13 - [TEST_STEP][PASSED] - verifyElementPresent(findTestObject("09-Settings/Users/Active User/div_GTGG tester 2"), 0): Object 'Object Repository/09-Settings/Users/Active User/div_GTGG tester 2' is present

2022-11-01 17:59:14 - [MESSAGE][WARNING] - Timeout '0' is invalid. Using default page load timeout: '30'

2022-11-01 17:59:14 - [MESSAGE][PASSED] - Object 'Object Repository/09-Settings/Users/Active User/div_GTGG tester 2' is present

2022-11-01 17:59:14 - [TEST_STEP][PASSED] - click(findTestObject("09-Settings/Users/Active User/button_suspendUser")): Object: 'Object Repository/09-Settings/Users/Active User/button_suspendUser' is clicked on

2022-11-01 17:59:14 - [MESSAGE][PASSED] - Object: 'Object Repository/09-Settings/Users/Active User/button_suspendUser' is clicked on

2022-11-01 17:59:14 - [TEST_STEP][PASSED] - verifyElementPresent(findTestObject("09-Settings/Users/Active User/h4_Suspend User"), 0): Object 'Object Repository/09-Settings/Users/Active User/h4_Suspend User' is present

2022-11-01 17:59:14 - [MESSAGE][WARNING] - Timeout '0' is invalid. Using default page load timeout: '30'

2022-11-01 17:59:15 - [MESSAGE][PASSED] - Object 'Object Repository/09-Settings/Users/Active User/h4_Suspend User' is present

2022-11-01 17:59:15 - [TEST_STEP][PASSED] - delay(4): Delayed 4 second(s)

2022-11-01 17:59:19 - [MESSAGE][PASSED] - Delayed 4 second(s)

2022-11-01 17:59:19 - [TEST_STEP][PASSED] - click(findTestObject("09-Settings/Users/Active User/button_Cancel_restore")): Object: 'Object Repository/09-Settings/Users/Active User/button_Cancel_restore' is clicked on

2022-11-01 17:59:19 - [MESSAGE][PASSED] - Object: 'Object Repository/09-Settings/Users/Active User/button_Cancel_restore' is clicked on

2022-11-01 17:59:19 - [TEST_STEP][PASSED] - verifyElementPresent(findTestObject("09-Settings/Users/Active User/div_GTGG tester 2"), 0): Object 'Object Repository/09-Settings/Users/Active User/div_GTGG tester 2' is present

2022-11-01 17:59:19 - [MESSAGE][WARNING] - Timeout '0' is invalid. Using default page load timeout: '30'

2022-11-01 17:59:20 - [MESSAGE][PASSED] - Object 'Object Repository/09-Settings/Users/Active User/div_GTGG tester 2' is present

2022-11-01 17:59:20 - [TEST_STEP][PASSED] - click(findTestObject("09-Settings/Users/Active User/button_suspendUser")): Object: 'Object Repository/09-Settings/Users/Active User/button_suspendUser' is clicked on

2022-11-01 17:59:21 - [MESSAGE][PASSED] - Object: 'Object Repository/09-Settings/Users/Active User/button_suspendUser' is clicked on

2022-11-01 17:59:21 - [TEST_STEP][PASSED] - verifyElementPresent(findTestObject("09-Settings/Users/Active User/h4_Suspend User"), 0): Object 'Object Repository/09-Settings/Users/Active User/h4_Suspend User' is present

2022-11-01 17:59:21 - [MESSAGE][WARNING] - Timeout '0' is invalid. Using default page load timeout: '30'

2022-11-01 17:59:21 - [MESSAGE][PASSED] - Object 'Object Repository/09-Settings/Users/Active User/h4_Suspend User' is present

2022-11-01 17:59:21 - [TEST_STEP][PASSED] - delay(4): Delayed 4 second(s)

2022-11-01 17:59:25 - [MESSAGE][PASSED] - Delayed 4 second(s)

2022-11-01 17:59:25 - [TEST_STEP][PASSED] - click(findTestObject("09-Settings/Users/Active User/button_Suspend")): Object: 'Object Repository/09-Settings/Users/Active User/button_Suspend' is clicked on

2022-11-01 17:59:26 - [MESSAGE][PASSED] - Object: 'Object Repository/09-Settings/Users/Active User/button_Suspend' is clicked on

2022-11-01 17:59:26 - [TEST_STEP][PASSED] - verifyElementPresent(findTestObject("09-Settings/Users/Active User/span_Successfully suspended user"), 0): Object 'Object Repository/09-Settings/Users/Active User/span_Successfully suspended user' is present

2022-11-01 17:59:26 - [MESSAGE][WARNING] - Timeout '0' is invalid. Using default page load timeout: '30'

2022-11-01 17:59:27 - [MESSAGE][PASSED] - Object 'Object Repository/09-Settings/Users/Active User/span_Successfully suspended user' is present

2022-11-01 17:59:27 - [TEST_STEP][PASSED] - click(findTestObject("09-Settings/Users/Active User/button_OK")): Object: 'Object Repository/09-Settings/Users/Active User/button_OK' is clicked on

2022-11-01 17:59:27 - [MESSAGE][PASSED] - Object: 'Object Repository/09-Settings/Users/Active User/button_OK' is clicked on

2022-11-01 17:59:27 - [TEST_STEP][PASSED] - delay(5): Delayed 5 second(s)

2022-11-01 17:59:32 - [MESSAGE][PASSED] - Delayed 5 second(s)

2022-11-01 17:59:32 - [TEST_STEP][PASSED] - closeBrowser(): Browser is closed

2022-11-01 17:59:33 - [MESSAGE][PASSED] - Browser is closed]]></system-out>
         <system-err><![CDATA[]]></system-err>
      </testcase>
      <system-out><![CDATA[2022-11-01 17:57:27 - [TEST_SUITE][PASSED] - 09.2 - Setttings (Active user): Test Cases/09-Settings/07 - Users (Active User - Suspend user)]]></system-out>
      <system-err><![CDATA[]]></system-err>
   </testsuite>
</testsuites>
