<?xml version="1.0" encoding="UTF-8"?>
<testsuites name="08- Operations" time="289.803" tests="7" failures="0" errors="0">
   <testsuite name="08- Operations" tests="7" failures="0" errors="0" time="289.803" skipped="0" timestamp="2022-12-26 16:40:06" hostname="asus - DESKTOP-3L3J9C1" id="Test Suites/TS-Organization/08- Operations">
      <properties>
         <property name="deviceName" value=""/>
         <property name="devicePlatform" value=""/>
         <property name="logFolder" value="C:\\Users\\asus\\Katalon Studio\\Everleagues\\Everleagues\\Reports\\20221226_163951\\TS-Organization\\08- Operations\\20221226_163951"/>
         <property name="logFiles" value="C:\\Users\\asus\\Katalon Studio\\Everleagues\\Everleagues\\Reports\\20221226_163951\\TS-Organization\\08- Operations\\20221226_163951\\execution0.log"/>
         <property name="attachments" value=""/>
         <property name="hostName" value="asus - DESKTOP-3L3J9C1"/>
         <property name="os" value="Windows 10 64bit"/>
         <property name="katalonVersion" value="8.4.1.208"/>
         <property name="browser" value="Chrome 108.0.0.0"/>
         <property name="hostAddress" value="192.168.5.82"/>
         <property name="sessionId" value="71a7eadd5435b95543306f95d3f77447"/>
         <property name="seleniumVersion" value="3.141.59"/>
         <property name="proxyInformation" value="ProxyInformation { proxyOption=NO_PROXY, proxyServerType=HTTP, username=, password=********, proxyServerAddress=, proxyServerPort=0, executionList=&quot;&quot;, isApplyToDesiredCapabilities=true }"/>
         <property name="platform" value="Windows 10"/>
      </properties>
      <testcase name="Test Cases/08- Operations/01 - Client Assignment - Select Org unit" time="114.854" classname="Test Cases/08- Operations/01 - Client Assignment - Select Org unit" status="PASSED">
         <system-out><![CDATA[2022-12-26 16:40:08 - [TEST_CASE][PASSED] - Test Cases/08- Operations/01 - Client Assignment - Select Org unit: Test Cases/08- Operations/01 - Client Assignment - Select Org unit

2022-12-26 16:40:10 - [TEST_STEP][PASSED] - openBrowser(""): Browser is opened with url: ''

2022-12-26 16:40:11 - [MESSAGE][INFO] - Starting 'Chrome' driver

2022-12-26 16:40:11 - [MESSAGE][INFO] - Action delay is set to 0 milliseconds

2022-12-26 16:40:21 - [MESSAGE][PASSED] - Browser is opened with url: ''

2022-12-26 16:40:21 - [TEST_STEP][PASSED] - navigateToUrl("https://lab.everleagues.com/"): Navigate to 'https://lab.everleagues.com/' successfully

2022-12-26 16:40:46 - [MESSAGE][PASSED] - Navigate to 'https://lab.everleagues.com/' successfully

2022-12-26 16:40:46 - [TEST_STEP][PASSED] - maximizeWindow(): Current window maximized

2022-12-26 16:40:46 - [MESSAGE][PASSED] - Current window maximized

2022-12-26 16:40:46 - [TEST_STEP][PASSED] - setText(findTestObject("02-Side Icons(Organization)/Add Contact/Email Field"), "testuser02@mailinator.com"): Text 'testuser02@mailinator.com' is set on object 'Object Repository/02-Side Icons(Organization)/Add Contact/Email Field'

2022-12-26 16:40:50 - [MESSAGE][PASSED] - Text 'testuser02@mailinator.com' is set on object 'Object Repository/02-Side Icons(Organization)/Add Contact/Email Field'

2022-12-26 16:40:50 - [TEST_STEP][PASSED] - setEncryptedText(findTestObject("02-Side Icons(Organization)/Add Contact/Password Field"), "8yFRyszE6U6jvsCn51OQbg=="): Text ****** has been set on object 'Object Repository/02-Side Icons(Organization)/Add Contact/Password Field'

2022-12-26 16:40:51 - [MESSAGE][PASSED] - Text ****** has been set on object 'Object Repository/02-Side Icons(Organization)/Add Contact/Password Field'

2022-12-26 16:40:51 - [TEST_STEP][PASSED] - click(findTestObject("02-Side Icons(Organization)/Add Contact/button_Sign in")): Object: 'Object Repository/02-Side Icons(Organization)/Add Contact/button_Sign in' is clicked on

2022-12-26 16:40:52 - [MESSAGE][PASSED] - Object: 'Object Repository/02-Side Icons(Organization)/Add Contact/button_Sign in' is clicked on

2022-12-26 16:40:52 - [TEST_STEP][PASSED] - delay(3): Delayed 3 second(s)

2022-12-26 16:40:56 - [MESSAGE][PASSED] - Delayed 3 second(s)

2022-12-26 16:40:56 - [TEST_STEP][PASSED] - click(findTestObject("06-Teams/For 2FA/button_Confirm_2FA")): Object: 'Object Repository/06-Teams/For 2FA/button_Confirm_2FA' is clicked on

2022-12-26 16:40:56 - [MESSAGE][PASSED] - Object: 'Object Repository/06-Teams/For 2FA/button_Confirm_2FA' is clicked on

2022-12-26 16:40:56 - [TEST_STEP][PASSED] - executeJavaScript("window.open();", []): Execute JavaScript 'window.open();' successfully

2022-12-26 16:40:57 - [MESSAGE][PASSED] - Execute JavaScript 'window.open();' successfully

2022-12-26 16:40:57 - [TEST_STEP][PASSED] - currentWindow = getWindowIndex(): Current window's index is: 0

2022-12-26 16:40:57 - [MESSAGE][PASSED] - Current window's index is: 0

2022-12-26 16:40:57 - [TEST_STEP][PASSED] - delay(3): Delayed 3 second(s)

2022-12-26 16:41:00 - [MESSAGE][PASSED] - Delayed 3 second(s)

2022-12-26 16:41:00 - [TEST_STEP][PASSED] - switchToWindowIndex(currentWindow + 1): Switched to window with index: '1'

2022-12-26 16:41:01 - [MESSAGE][PASSED] - Switched to window with index: '1'

2022-12-26 16:41:01 - [TEST_STEP][PASSED] - navigateToUrl("https://www.mailinator.com/"): Navigate to 'https://www.mailinator.com/' successfully

2022-12-26 16:41:08 - [MESSAGE][PASSED] - Navigate to 'https://www.mailinator.com/' successfully

2022-12-26 16:41:08 - [TEST_STEP][PASSED] - delay(3): Delayed 3 second(s)

2022-12-26 16:41:11 - [MESSAGE][PASSED] - Delayed 3 second(s)

2022-12-26 16:41:11 - [TEST_STEP][PASSED] - setText(findTestObject("00-Signup and Activation/zMailinator/input_LOGIN_search"), "testuser02@mailinator.com"): Text 'testuser02@mailinator.com' is set on object 'Object Repository/00-Signup and Activation/zMailinator/input_LOGIN_search'

2022-12-26 16:41:12 - [MESSAGE][PASSED] - Text 'testuser02@mailinator.com' is set on object 'Object Repository/00-Signup and Activation/zMailinator/input_LOGIN_search'

2022-12-26 16:41:12 - [TEST_STEP][PASSED] - click(findTestObject("00-Signup and Activation/zMailinator/gobutton"), STOP_ON_FAILURE): Object: 'Object Repository/00-Signup and Activation/zMailinator/gobutton' is clicked on

2022-12-26 16:41:19 - [MESSAGE][PASSED] - Object: 'Object Repository/00-Signup and Activation/zMailinator/gobutton' is clicked on

2022-12-26 16:41:19 - [TEST_STEP][PASSED] - delay(3): Delayed 3 second(s)

2022-12-26 16:41:22 - [MESSAGE][PASSED] - Delayed 3 second(s)

2022-12-26 16:41:22 - [TEST_STEP][PASSED] - click(findTestObject("00-Signup and Activation/zMailinator/Email - everleagues")): Object: 'Object Repository/00-Signup and Activation/zMailinator/Email - everleagues' is clicked on

2022-12-26 16:41:22 - [MESSAGE][PASSED] - Object: 'Object Repository/00-Signup and Activation/zMailinator/Email - everleagues' is clicked on

2022-12-26 16:41:23 - [TEST_STEP][PASSED] - delay(3): Delayed 3 second(s)

2022-12-26 16:41:26 - [MESSAGE][PASSED] - Delayed 3 second(s)

2022-12-26 16:41:26 - [TEST_STEP][PASSED] - code = getText(findTestObject("Object Repository/06-Teams/For 2FA/2FA code")): Text of object 'Object Repository/06-Teams/For 2FA/2FA code' is: '443353'

2022-12-26 16:41:27 - [MESSAGE][PASSED] - Text of object 'Object Repository/06-Teams/For 2FA/2FA code' is: '443353'

2022-12-26 16:41:27 - [TEST_STEP][PASSED] - delay(3): Delayed 3 second(s)

2022-12-26 16:41:30 - [MESSAGE][PASSED] - Delayed 3 second(s)

2022-12-26 16:41:30 - [TEST_STEP][PASSED] - closeWindowTitle("Mailinator"): Window with title: 'Mailinator' is closed

2022-12-26 16:41:31 - [MESSAGE][PASSED] - Window with title: 'Mailinator' is closed

2022-12-26 16:41:31 - [TEST_STEP][PASSED] - delay(3): Delayed 3 second(s)

2022-12-26 16:41:34 - [MESSAGE][PASSED] - Delayed 3 second(s)

2022-12-26 16:41:34 - [TEST_STEP][PASSED] - switchToWindowIndex(0): Switched to window with index: '0'

2022-12-26 16:41:34 - [MESSAGE][PASSED] - Switched to window with index: '0'

2022-12-26 16:41:34 - [TEST_STEP][PASSED] - delay(3): Delayed 3 second(s)

2022-12-26 16:41:37 - [MESSAGE][PASSED] - Delayed 3 second(s)

2022-12-26 16:41:37 - [TEST_STEP][PASSED] - setText(findTestObject("Object Repository/06-Teams/For 2FA/input_Enter verification code_code"), code): Text '443353' is set on object 'Object Repository/06-Teams/For 2FA/input_Enter verification code_code'

2022-12-26 16:41:38 - [MESSAGE][PASSED] - Text '443353' is set on object 'Object Repository/06-Teams/For 2FA/input_Enter verification code_code'

2022-12-26 16:41:38 - [TEST_STEP][PASSED] - delay(3): Delayed 3 second(s)

2022-12-26 16:41:41 - [MESSAGE][PASSED] - Delayed 3 second(s)

2022-12-26 16:41:41 - [TEST_STEP][PASSED] - click(findTestObject("06-Teams/For 2FA/button_Verify_2FA")): Object: 'Object Repository/06-Teams/For 2FA/button_Verify_2FA' is clicked on

2022-12-26 16:41:42 - [MESSAGE][PASSED] - Object: 'Object Repository/06-Teams/For 2FA/button_Verify_2FA' is clicked on

2022-12-26 16:41:42 - [TEST_STEP][PASSED] - delay(3): Delayed 3 second(s)

2022-12-26 16:41:45 - [MESSAGE][PASSED] - Delayed 3 second(s)

2022-12-26 16:41:45 - [TEST_STEP][PASSED] - click(findTestObject("03-Header Menu/Hamburger Button/div_Operation")): Object: 'Object Repository/03-Header Menu/Hamburger Button/div_Operation' is clicked on

2022-12-26 16:41:49 - [MESSAGE][PASSED] - Object: 'Object Repository/03-Header Menu/Hamburger Button/div_Operation' is clicked on

2022-12-26 16:41:49 - [TEST_STEP][PASSED] - verifyElementVisible(findTestObject("08-Operations/Client_Assignment")): Object 'Object Repository/08-Operations/Client_Assignment' is visible

2022-12-26 16:41:50 - [MESSAGE][PASSED] - Object 'Object Repository/08-Operations/Client_Assignment' is visible

2022-12-26 16:41:50 - [TEST_STEP][PASSED] - verifyElementVisible(findTestObject("08-Operations/Private_Circle")): Object 'Object Repository/08-Operations/Private_Circle' is visible

2022-12-26 16:41:51 - [MESSAGE][PASSED] - Object 'Object Repository/08-Operations/Private_Circle' is visible

2022-12-26 16:41:51 - [TEST_STEP][PASSED] - delay(3): Delayed 3 second(s)

2022-12-26 16:41:54 - [MESSAGE][PASSED] - Delayed 3 second(s)

2022-12-26 16:41:54 - [TEST_STEP][PASSED] - click(findTestObject("08-Operations/Client_Assignment")): Object: 'Object Repository/08-Operations/Client_Assignment' is clicked on

2022-12-26 16:41:56 - [MESSAGE][PASSED] - Object: 'Object Repository/08-Operations/Client_Assignment' is clicked on

2022-12-26 16:41:56 - [TEST_STEP][PASSED] - verifyElementVisible(findTestObject("08-Operations/Client Assignment/Client Assignment Page")): Object 'Object Repository/08-Operations/Client Assignment/Client Assignment Page' is visible

2022-12-26 16:41:57 - [MESSAGE][PASSED] - Object 'Object Repository/08-Operations/Client Assignment/Client Assignment Page' is visible

2022-12-26 16:41:57 - [TEST_STEP][PASSED] - delay(3): Delayed 3 second(s)

2022-12-26 16:42:00 - [MESSAGE][PASSED] - Delayed 3 second(s)

2022-12-26 16:42:00 - [TEST_STEP][PASSED] - click(findTestObject("08-Operations/Client Assignment/Org unit edit")): Object: 'Object Repository/08-Operations/Client Assignment/Org unit edit' is clicked on

2022-12-26 16:42:01 - [MESSAGE][PASSED] - Object: 'Object Repository/08-Operations/Client Assignment/Org unit edit' is clicked on

2022-12-26 16:42:01 - [TEST_STEP][PASSED] - verifyElementVisible(findTestObject("08-Operations/Client Assignment/Select org unit modal")): Object 'Object Repository/08-Operations/Client Assignment/Select org unit modal' is visible

2022-12-26 16:42:02 - [MESSAGE][PASSED] - Object 'Object Repository/08-Operations/Client Assignment/Select org unit modal' is visible

2022-12-26 16:42:02 - [TEST_STEP][PASSED] - click(findTestObject("08-Operations/Client Assignment/button_Select_org unit select")): Object: 'Object Repository/08-Operations/Client Assignment/button_Select_org unit select' is clicked on

2022-12-26 16:42:03 - [MESSAGE][PASSED] - Object: 'Object Repository/08-Operations/Client Assignment/button_Select_org unit select' is clicked on]]></system-out>
         <system-err><![CDATA[]]></system-err>
      </testcase>
      <testcase name="Test Cases/08- Operations/02 - Client Assignment by Employee" time="39.356" classname="Test Cases/08- Operations/02 - Client Assignment by Employee" status="PASSED">
         <system-out><![CDATA[2022-12-26 16:42:03 - [TEST_CASE][PASSED] - Test Cases/08- Operations/02 - Client Assignment by Employee: Test Cases/08- Operations/02 - Client Assignment by Employee

2022-12-26 16:42:05 - [TEST_STEP][PASSED] - delay(3): Delayed 3 second(s)

2022-12-26 16:42:08 - [MESSAGE][PASSED] - Delayed 3 second(s)

2022-12-26 16:42:08 - [TEST_STEP][PASSED] - verifyElementNotClickable(findTestObject("08-Operations/Client Assignment/button_ Assign")): Object 'Object Repository/08-Operations/Client Assignment/button_ Assign' is NOT clickable

2022-12-26 16:42:10 - [MESSAGE][PASSED] - Object 'Object Repository/08-Operations/Client Assignment/button_ Assign' is NOT clickable

2022-12-26 16:42:10 - [TEST_STEP][PASSED] - verifyElementNotClickable(findTestObject("08-Operations/Client Assignment/button_Unassign")): Object 'Object Repository/08-Operations/Client Assignment/button_Unassign' is NOT clickable

2022-12-26 16:42:11 - [MESSAGE][PASSED] - Object 'Object Repository/08-Operations/Client Assignment/button_Unassign' is NOT clickable

2022-12-26 16:42:11 - [TEST_STEP][PASSED] - delay(3): Delayed 3 second(s)

2022-12-26 16:42:14 - [MESSAGE][PASSED] - Delayed 3 second(s)

2022-12-26 16:42:14 - [TEST_STEP][PASSED] - click(findTestObject("08-Operations/Client Assignment/div_GG TESTER")): Object: 'Object Repository/08-Operations/Client Assignment/div_GG TESTER' is clicked on

2022-12-26 16:42:15 - [MESSAGE][PASSED] - Object: 'Object Repository/08-Operations/Client Assignment/div_GG TESTER' is clicked on

2022-12-26 16:42:15 - [TEST_STEP][PASSED] - verifyElementVisible(findTestObject("08-Operations/Client Assignment/Clients column")): Object 'Object Repository/08-Operations/Client Assignment/Clients column' is visible

2022-12-26 16:42:16 - [MESSAGE][PASSED] - Object 'Object Repository/08-Operations/Client Assignment/Clients column' is visible

2022-12-26 16:42:16 - [TEST_STEP][PASSED] - verifyElementVisible(findTestObject("08-Operations/Client Assignment/Assigned Clients empty")): Object 'Object Repository/08-Operations/Client Assignment/Assigned Clients empty' is visible

2022-12-26 16:42:17 - [MESSAGE][PASSED] - Object 'Object Repository/08-Operations/Client Assignment/Assigned Clients empty' is visible

2022-12-26 16:42:17 - [TEST_STEP][PASSED] - delay(3): Delayed 3 second(s)

2022-12-26 16:42:20 - [MESSAGE][PASSED] - Delayed 3 second(s)

2022-12-26 16:42:20 - [TEST_STEP][PASSED] - click(findTestObject("08-Operations/Client Assignment/div_GTGG Tester 3")): Object: 'Object Repository/08-Operations/Client Assignment/div_GTGG Tester 3' is clicked on

2022-12-26 16:42:21 - [MESSAGE][PASSED] - Object: 'Object Repository/08-Operations/Client Assignment/div_GTGG Tester 3' is clicked on

2022-12-26 16:42:21 - [TEST_STEP][PASSED] - verifyElementClickable(findTestObject("08-Operations/Client Assignment/button_ Assign")): Object 'Object Repository/08-Operations/Client Assignment/button_ Assign' is clickable

2022-12-26 16:42:21 - [MESSAGE][PASSED] - Object 'Object Repository/08-Operations/Client Assignment/button_ Assign' is clickable

2022-12-26 16:42:21 - [TEST_STEP][PASSED] - click(findTestObject("08-Operations/Client Assignment/button_ Assign")): Object: 'Object Repository/08-Operations/Client Assignment/button_ Assign' is clicked on

2022-12-26 16:42:22 - [MESSAGE][PASSED] - Object: 'Object Repository/08-Operations/Client Assignment/button_ Assign' is clicked on

2022-12-26 16:42:22 - [TEST_STEP][PASSED] - verifyElementVisible(findTestObject("08-Operations/Client Assignment/Updated assignment msg")): Object 'Object Repository/08-Operations/Client Assignment/Updated assignment msg' is visible

2022-12-26 16:42:24 - [MESSAGE][PASSED] - Object 'Object Repository/08-Operations/Client Assignment/Updated assignment msg' is visible

2022-12-26 16:42:24 - [TEST_STEP][PASSED] - delay(3): Delayed 3 second(s)

2022-12-26 16:42:27 - [MESSAGE][PASSED] - Delayed 3 second(s)

2022-12-26 16:42:27 - [TEST_STEP][PASSED] - verifyElementVisible(findTestObject("08-Operations/Client Assignment/Client column Empty")): Object 'Object Repository/08-Operations/Client Assignment/Client column Empty' is visible

2022-12-26 16:42:28 - [MESSAGE][PASSED] - Object 'Object Repository/08-Operations/Client Assignment/Client column Empty' is visible

2022-12-26 16:42:28 - [TEST_STEP][PASSED] - verifyElementVisible(findTestObject("08-Operations/Client Assignment/Assigned clients column")): Object 'Object Repository/08-Operations/Client Assignment/Assigned clients column' is visible

2022-12-26 16:42:29 - [MESSAGE][PASSED] - Object 'Object Repository/08-Operations/Client Assignment/Assigned clients column' is visible

2022-12-26 16:42:29 - [TEST_STEP][PASSED] - delay(3): Delayed 3 second(s)

2022-12-26 16:42:32 - [MESSAGE][PASSED] - Delayed 3 second(s)

2022-12-26 16:42:32 - [TEST_STEP][PASSED] - click(findTestObject("08-Operations/Client Assignment/div_GTGG Tester 3")): Object: 'Object Repository/08-Operations/Client Assignment/div_GTGG Tester 3' is clicked on

2022-12-26 16:42:32 - [MESSAGE][PASSED] - Object: 'Object Repository/08-Operations/Client Assignment/div_GTGG Tester 3' is clicked on

2022-12-26 16:42:32 - [TEST_STEP][PASSED] - verifyElementClickable(findTestObject("08-Operations/Client Assignment/button_Unassign")): Object 'Object Repository/08-Operations/Client Assignment/button_Unassign' is clickable

2022-12-26 16:42:33 - [MESSAGE][PASSED] - Object 'Object Repository/08-Operations/Client Assignment/button_Unassign' is clickable

2022-12-26 16:42:33 - [TEST_STEP][PASSED] - click(findTestObject("08-Operations/Client Assignment/button_Unassign")): Object: 'Object Repository/08-Operations/Client Assignment/button_Unassign' is clicked on

2022-12-26 16:42:36 - [MESSAGE][PASSED] - Object: 'Object Repository/08-Operations/Client Assignment/button_Unassign' is clicked on

2022-12-26 16:42:36 - [TEST_STEP][PASSED] - verifyElementVisible(findTestObject("08-Operations/Client Assignment/Updated assignment msg")): Object 'Object Repository/08-Operations/Client Assignment/Updated assignment msg' is visible

2022-12-26 16:42:37 - [MESSAGE][PASSED] - Object 'Object Repository/08-Operations/Client Assignment/Updated assignment msg' is visible

2022-12-26 16:42:37 - [TEST_STEP][PASSED] - delay(3): Delayed 3 second(s)

2022-12-26 16:42:40 - [MESSAGE][PASSED] - Delayed 3 second(s)

2022-12-26 16:42:40 - [TEST_STEP][PASSED] - verifyElementVisible(findTestObject("08-Operations/Client Assignment/Clients column")): Object 'Object Repository/08-Operations/Client Assignment/Clients column' is visible

2022-12-26 16:42:41 - [MESSAGE][PASSED] - Object 'Object Repository/08-Operations/Client Assignment/Clients column' is visible

2022-12-26 16:42:41 - [TEST_STEP][PASSED] - verifyElementVisible(findTestObject("08-Operations/Client Assignment/Assigned Clients empty")): Object 'Object Repository/08-Operations/Client Assignment/Assigned Clients empty' is visible

2022-12-26 16:42:42 - [MESSAGE][PASSED] - Object 'Object Repository/08-Operations/Client Assignment/Assigned Clients empty' is visible]]></system-out>
         <system-err><![CDATA[]]></system-err>
      </testcase>
      <testcase name="Test Cases/08- Operations/03 - Client Assignment by Client" time="41.855" classname="Test Cases/08- Operations/03 - Client Assignment by Client" status="PASSED">
         <system-out><![CDATA[2022-12-26 16:42:42 - [TEST_CASE][PASSED] - Test Cases/08- Operations/03 - Client Assignment by Client: Test Cases/08- Operations/03 - Client Assignment by Client

2022-12-26 16:42:45 - [TEST_STEP][PASSED] - delay(3): Delayed 3 second(s)

2022-12-26 16:42:48 - [MESSAGE][PASSED] - Delayed 3 second(s)

2022-12-26 16:42:48 - [TEST_STEP][PASSED] - click(findTestObject("08-Operations/Client Assignment/div_By Client")): Object: 'Object Repository/08-Operations/Client Assignment/div_By Client' is clicked on

2022-12-26 16:42:49 - [MESSAGE][PASSED] - Object: 'Object Repository/08-Operations/Client Assignment/div_By Client' is clicked on

2022-12-26 16:42:49 - [TEST_STEP][PASSED] - verifyElementVisible(findTestObject("08-Operations/Client Assignment/By Client modal")): Object 'Object Repository/08-Operations/Client Assignment/By Client modal' is visible

2022-12-26 16:42:50 - [MESSAGE][PASSED] - Object 'Object Repository/08-Operations/Client Assignment/By Client modal' is visible

2022-12-26 16:42:50 - [TEST_STEP][PASSED] - verifyElementNotClickable(findTestObject("08-Operations/Client Assignment/button_ Assign")): Object 'Object Repository/08-Operations/Client Assignment/button_ Assign' is NOT clickable

2022-12-26 16:42:51 - [MESSAGE][PASSED] - Object 'Object Repository/08-Operations/Client Assignment/button_ Assign' is NOT clickable

2022-12-26 16:42:51 - [TEST_STEP][PASSED] - verifyElementNotClickable(findTestObject("08-Operations/Client Assignment/button_Unassign")): Object 'Object Repository/08-Operations/Client Assignment/button_Unassign' is NOT clickable

2022-12-26 16:42:52 - [MESSAGE][PASSED] - Object 'Object Repository/08-Operations/Client Assignment/button_Unassign' is NOT clickable

2022-12-26 16:42:52 - [TEST_STEP][PASSED] - delay(3): Delayed 3 second(s)

2022-12-26 16:42:55 - [MESSAGE][PASSED] - Delayed 3 second(s)

2022-12-26 16:42:55 - [TEST_STEP][PASSED] - click(findTestObject("08-Operations/Client Assignment/div_GTGG Tester 3")): Object: 'Object Repository/08-Operations/Client Assignment/div_GTGG Tester 3' is clicked on

2022-12-26 16:42:56 - [MESSAGE][PASSED] - Object: 'Object Repository/08-Operations/Client Assignment/div_GTGG Tester 3' is clicked on

2022-12-26 16:42:56 - [TEST_STEP][PASSED] - verifyElementVisible(findTestObject("08-Operations/Client Assignment/Employees column")): Object 'Object Repository/08-Operations/Client Assignment/Employees column' is visible

2022-12-26 16:42:56 - [MESSAGE][PASSED] - Object 'Object Repository/08-Operations/Client Assignment/Employees column' is visible

2022-12-26 16:42:56 - [TEST_STEP][PASSED] - verifyElementVisible(findTestObject("08-Operations/Client Assignment/Assigned Employees empty")): Object 'Object Repository/08-Operations/Client Assignment/Assigned Employees empty' is visible

2022-12-26 16:42:57 - [MESSAGE][PASSED] - Object 'Object Repository/08-Operations/Client Assignment/Assigned Employees empty' is visible

2022-12-26 16:42:57 - [TEST_STEP][PASSED] - delay(3): Delayed 3 second(s)

2022-12-26 16:43:00 - [MESSAGE][PASSED] - Delayed 3 second(s)

2022-12-26 16:43:00 - [TEST_STEP][PASSED] - click(findTestObject("08-Operations/Client Assignment/div_GG TESTER")): Object: 'Object Repository/08-Operations/Client Assignment/div_GG TESTER' is clicked on

2022-12-26 16:43:01 - [MESSAGE][PASSED] - Object: 'Object Repository/08-Operations/Client Assignment/div_GG TESTER' is clicked on

2022-12-26 16:43:01 - [TEST_STEP][PASSED] - click(findTestObject("08-Operations/Client Assignment/button_ Assign")): Object: 'Object Repository/08-Operations/Client Assignment/button_ Assign' is clicked on

2022-12-26 16:43:02 - [MESSAGE][PASSED] - Object: 'Object Repository/08-Operations/Client Assignment/button_ Assign' is clicked on

2022-12-26 16:43:02 - [TEST_STEP][PASSED] - verifyElementVisible(findTestObject("08-Operations/Client Assignment/Updated assignment msg")): Object 'Object Repository/08-Operations/Client Assignment/Updated assignment msg' is visible

2022-12-26 16:43:04 - [MESSAGE][PASSED] - Object 'Object Repository/08-Operations/Client Assignment/Updated assignment msg' is visible

2022-12-26 16:43:04 - [TEST_STEP][PASSED] - delay(3): Delayed 3 second(s)

2022-12-26 16:43:07 - [MESSAGE][PASSED] - Delayed 3 second(s)

2022-12-26 16:43:07 - [TEST_STEP][PASSED] - verifyElementVisible(findTestObject("08-Operations/Client Assignment/Employees column after assign")): Object 'Object Repository/08-Operations/Client Assignment/Employees column after assign' is visible

2022-12-26 16:43:08 - [MESSAGE][PASSED] - Object 'Object Repository/08-Operations/Client Assignment/Employees column after assign' is visible

2022-12-26 16:43:08 - [TEST_STEP][PASSED] - verifyElementVisible(findTestObject("08-Operations/Client Assignment/Assigned Employees - GG TESTER")): Object 'Object Repository/08-Operations/Client Assignment/Assigned Employees - GG TESTER' is visible

2022-12-26 16:43:09 - [MESSAGE][PASSED] - Object 'Object Repository/08-Operations/Client Assignment/Assigned Employees - GG TESTER' is visible

2022-12-26 16:43:09 - [TEST_STEP][PASSED] - delay(3): Delayed 3 second(s)

2022-12-26 16:43:12 - [MESSAGE][PASSED] - Delayed 3 second(s)

2022-12-26 16:43:12 - [TEST_STEP][PASSED] - click(findTestObject("08-Operations/Client Assignment/div_GG TESTER")): Object: 'Object Repository/08-Operations/Client Assignment/div_GG TESTER' is clicked on

2022-12-26 16:43:13 - [MESSAGE][PASSED] - Object: 'Object Repository/08-Operations/Client Assignment/div_GG TESTER' is clicked on

2022-12-26 16:43:13 - [TEST_STEP][PASSED] - click(findTestObject("08-Operations/Client Assignment/button_Unassign")): Object: 'Object Repository/08-Operations/Client Assignment/button_Unassign' is clicked on

2022-12-26 16:43:15 - [MESSAGE][PASSED] - Object: 'Object Repository/08-Operations/Client Assignment/button_Unassign' is clicked on

2022-12-26 16:43:15 - [TEST_STEP][PASSED] - verifyElementVisible(findTestObject("08-Operations/Client Assignment/Updated assignment msg")): Object 'Object Repository/08-Operations/Client Assignment/Updated assignment msg' is visible

2022-12-26 16:43:16 - [MESSAGE][PASSED] - Object 'Object Repository/08-Operations/Client Assignment/Updated assignment msg' is visible

2022-12-26 16:43:16 - [TEST_STEP][PASSED] - delay(3): Delayed 3 second(s)

2022-12-26 16:43:19 - [MESSAGE][PASSED] - Delayed 3 second(s)

2022-12-26 16:43:19 - [TEST_STEP][PASSED] - verifyElementVisible(findTestObject("08-Operations/Client Assignment/Employees column")): Object 'Object Repository/08-Operations/Client Assignment/Employees column' is visible

2022-12-26 16:43:20 - [MESSAGE][PASSED] - Object 'Object Repository/08-Operations/Client Assignment/Employees column' is visible

2022-12-26 16:43:20 - [TEST_STEP][PASSED] - verifyElementVisible(findTestObject("08-Operations/Client Assignment/Assigned Employees empty")): Object 'Object Repository/08-Operations/Client Assignment/Assigned Employees empty' is visible

2022-12-26 16:43:21 - [MESSAGE][PASSED] - Object 'Object Repository/08-Operations/Client Assignment/Assigned Employees empty' is visible

2022-12-26 16:43:21 - [TEST_STEP][PASSED] - delay(3): Delayed 3 second(s)

2022-12-26 16:43:24 - [MESSAGE][PASSED] - Delayed 3 second(s)]]></system-out>
         <system-err><![CDATA[]]></system-err>
      </testcase>
      <testcase name="Test Cases/08- Operations/04- Private Circle (Selecting a User)" time="13.524" classname="Test Cases/08- Operations/04- Private Circle (Selecting a User)" status="PASSED">
         <system-out><![CDATA[2022-12-26 16:43:24 - [TEST_CASE][PASSED] - Test Cases/08- Operations/04- Private Circle (Selecting a User): Test Cases/08- Operations/04- Private Circle (Selecting a User)

2022-12-26 16:43:26 - [TEST_STEP][PASSED] - delay(3): Delayed 3 second(s)

2022-12-26 16:43:29 - [MESSAGE][PASSED] - Delayed 3 second(s)

2022-12-26 16:43:29 - [TEST_STEP][PASSED] - click(findTestObject("08-Operations/Private_Circle")): Object: 'Object Repository/08-Operations/Private_Circle' is clicked on

2022-12-26 16:43:31 - [MESSAGE][PASSED] - Object: 'Object Repository/08-Operations/Private_Circle' is clicked on

2022-12-26 16:43:31 - [TEST_STEP][PASSED] - verifyElementVisible(findTestObject("08-Operations/Private Circle/Private Circle page")): Object 'Object Repository/08-Operations/Private Circle/Private Circle page' is visible

2022-12-26 16:43:32 - [MESSAGE][PASSED] - Object 'Object Repository/08-Operations/Private Circle/Private Circle page' is visible

2022-12-26 16:43:32 - [TEST_STEP][PASSED] - click(findTestObject("08-Operations/Private Circle/Input_Select user")): Object: 'Object Repository/08-Operations/Private Circle/Input_Select user' is clicked on

2022-12-26 16:43:33 - [MESSAGE][PASSED] - Object: 'Object Repository/08-Operations/Private Circle/Input_Select user' is clicked on

2022-12-26 16:43:33 - [TEST_STEP][PASSED] - click(findTestObject("08-Operations/Private Circle/span_GG Tester 3")): Object: 'Object Repository/08-Operations/Private Circle/span_GG Tester 3' is clicked on

2022-12-26 16:43:34 - [MESSAGE][PASSED] - Object: 'Object Repository/08-Operations/Private Circle/span_GG Tester 3' is clicked on

2022-12-26 16:43:34 - [TEST_STEP][PASSED] - verifyElementVisible(findTestObject("08-Operations/Private Circle/div_Showing GG Tester 3s private circle")): Object 'Object Repository/08-Operations/Private Circle/div_Showing GG Tester 3s private circle' is visible

2022-12-26 16:43:35 - [MESSAGE][PASSED] - Object 'Object Repository/08-Operations/Private Circle/div_Showing GG Tester 3s private circle' is visible

2022-12-26 16:43:35 - [TEST_STEP][PASSED] - delay(3): Delayed 3 second(s)

2022-12-26 16:43:38 - [MESSAGE][PASSED] - Delayed 3 second(s)]]></system-out>
         <system-err><![CDATA[]]></system-err>
      </testcase>
      <testcase name="Test Cases/08- Operations/05 - Adding private circle but with blank fields" time="14.28" classname="Test Cases/08- Operations/05 - Adding private circle but with blank fields" status="PASSED">
         <system-out><![CDATA[2022-12-26 16:43:38 - [TEST_CASE][PASSED] - Test Cases/08- Operations/05 - Adding private circle but with blank fields: Test Cases/08- Operations/05 - Adding private circle but with blank fields

2022-12-26 16:43:40 - [TEST_STEP][PASSED] - click(findTestObject("08-Operations/Private Circle/button_add")): Object: 'Object Repository/08-Operations/Private Circle/button_add' is clicked on

2022-12-26 16:43:41 - [MESSAGE][PASSED] - Object: 'Object Repository/08-Operations/Private Circle/button_add' is clicked on

2022-12-26 16:43:41 - [TEST_STEP][PASSED] - verifyElementVisible(findTestObject("08-Operations/Private Circle/Add New Circle modal")): Object 'Object Repository/08-Operations/Private Circle/Add New Circle modal' is visible

2022-12-26 16:43:42 - [MESSAGE][PASSED] - Object 'Object Repository/08-Operations/Private Circle/Add New Circle modal' is visible

2022-12-26 16:43:42 - [TEST_STEP][PASSED] - verifyElementNotClickable(findTestObject("08-Operations/Private Circle/button_Add modal")): Object 'Object Repository/08-Operations/Private Circle/button_Add modal' is NOT clickable

2022-12-26 16:43:43 - [MESSAGE][PASSED] - Object 'Object Repository/08-Operations/Private Circle/button_Add modal' is NOT clickable

2022-12-26 16:43:43 - [TEST_STEP][PASSED] - click(findTestObject("08-Operations/Private Circle/Select User dropdown")): Object: 'Object Repository/08-Operations/Private Circle/Select User dropdown' is clicked on

2022-12-26 16:43:44 - [MESSAGE][PASSED] - Object: 'Object Repository/08-Operations/Private Circle/Select User dropdown' is clicked on

2022-12-26 16:43:44 - [TEST_STEP][PASSED] - clickOffset(findTestObject("08-Operations/Private Circle/h4_Add New Circle Association"), 100, 100): Object: 'Object Repository/08-Operations/Private Circle/h4_Add New Circle Association' is clicked on using offset x=100 and y=100

2022-12-26 16:43:45 - [MESSAGE][PASSED] - Object: 'Object Repository/08-Operations/Private Circle/h4_Add New Circle Association' is clicked on using offset x=100 and y=100

2022-12-26 16:43:45 - [TEST_STEP][PASSED] - click(findTestObject("08-Operations/Private Circle/Relationship dropdown")): Object: 'Object Repository/08-Operations/Private Circle/Relationship dropdown' is clicked on

2022-12-26 16:43:46 - [MESSAGE][PASSED] - Object: 'Object Repository/08-Operations/Private Circle/Relationship dropdown' is clicked on

2022-12-26 16:43:46 - [TEST_STEP][PASSED] - clickOffset(findTestObject("08-Operations/Private Circle/h4_Add New Circle Association"), 100, 100): Object: 'Object Repository/08-Operations/Private Circle/h4_Add New Circle Association' is clicked on using offset x=100 and y=100

2022-12-26 16:43:47 - [MESSAGE][PASSED] - Object: 'Object Repository/08-Operations/Private Circle/h4_Add New Circle Association' is clicked on using offset x=100 and y=100

2022-12-26 16:43:47 - [TEST_STEP][PASSED] - verifyElementVisible(findTestObject("08-Operations/Private Circle/Select User Field is required")): Object 'Object Repository/08-Operations/Private Circle/Select User Field is required' is visible

2022-12-26 16:43:48 - [MESSAGE][PASSED] - Object 'Object Repository/08-Operations/Private Circle/Select User Field is required' is visible

2022-12-26 16:43:48 - [TEST_STEP][PASSED] - verifyElementVisible(findTestObject("08-Operations/Private Circle/Relationship is required")): Object 'Object Repository/08-Operations/Private Circle/Relationship is required' is visible

2022-12-26 16:43:49 - [MESSAGE][PASSED] - Object 'Object Repository/08-Operations/Private Circle/Relationship is required' is visible

2022-12-26 16:43:49 - [TEST_STEP][PASSED] - delay(3): Delayed 3 second(s)

2022-12-26 16:43:52 - [MESSAGE][PASSED] - Delayed 3 second(s)]]></system-out>
         <system-err><![CDATA[]]></system-err>
      </testcase>
      <testcase name="Test Cases/08- Operations/06 - Adding a Private Circle Successfully" time="45.668" classname="Test Cases/08- Operations/06 - Adding a Private Circle Successfully" status="PASSED">
         <system-out><![CDATA[2022-12-26 16:43:52 - [TEST_CASE][PASSED] - Test Cases/08- Operations/06 - Adding a Private Circle Successfully: Test Cases/08- Operations/06 - Adding a Private Circle Successfully

2022-12-26 16:43:54 - [TEST_STEP][PASSED] - click(findTestObject("08-Operations/Private Circle/Select User Field is required")): Object: 'Object Repository/08-Operations/Private Circle/Select User Field is required' is clicked on

2022-12-26 16:43:55 - [MESSAGE][PASSED] - Object: 'Object Repository/08-Operations/Private Circle/Select User Field is required' is clicked on

2022-12-26 16:43:55 - [TEST_STEP][PASSED] - verifyElementVisible(findTestObject("08-Operations/Private Circle/mat-option_New Contact")): Object 'Object Repository/08-Operations/Private Circle/mat-option_New Contact' is visible

2022-12-26 16:43:56 - [MESSAGE][PASSED] - Object 'Object Repository/08-Operations/Private Circle/mat-option_New Contact' is visible

2022-12-26 16:43:56 - [TEST_STEP][PASSED] - verifyElementVisible(findTestObject("08-Operations/Private Circle/mat-option_GG TESTER")): Object 'Object Repository/08-Operations/Private Circle/mat-option_GG TESTER' is visible

2022-12-26 16:43:56 - [MESSAGE][PASSED] - Object 'Object Repository/08-Operations/Private Circle/mat-option_GG TESTER' is visible

2022-12-26 16:43:56 - [TEST_STEP][PASSED] - verifyElementVisible(findTestObject("08-Operations/Private Circle/mat-option_GG tester 2")): Object 'Object Repository/08-Operations/Private Circle/mat-option_GG tester 2' is visible

2022-12-26 16:43:57 - [MESSAGE][PASSED] - Object 'Object Repository/08-Operations/Private Circle/mat-option_GG tester 2' is visible

2022-12-26 16:43:57 - [TEST_STEP][PASSED] - click(findTestObject("08-Operations/Private Circle/mat-option_New Contact")): Object: 'Object Repository/08-Operations/Private Circle/mat-option_New Contact' is clicked on

2022-12-26 16:43:58 - [MESSAGE][PASSED] - Object: 'Object Repository/08-Operations/Private Circle/mat-option_New Contact' is clicked on

2022-12-26 16:43:58 - [TEST_STEP][PASSED] - verifyElementVisible(findTestObject("08-Operations/Private Circle/Add New Contact modal")): Object 'Object Repository/08-Operations/Private Circle/Add New Contact modal' is visible

2022-12-26 16:43:59 - [MESSAGE][PASSED] - Object 'Object Repository/08-Operations/Private Circle/Add New Contact modal' is visible

2022-12-26 16:43:59 - [TEST_STEP][PASSED] - setText(findTestObject("08-Operations/Private Circle/input_firstName"), "GG Auto"): Text 'GG Auto' is set on object 'Object Repository/08-Operations/Private Circle/input_firstName'

2022-12-26 16:44:00 - [MESSAGE][PASSED] - Text 'GG Auto' is set on object 'Object Repository/08-Operations/Private Circle/input_firstName'

2022-12-26 16:44:00 - [TEST_STEP][PASSED] - setText(findTestObject("08-Operations/Private Circle/input_lastName"), "Contact"): Text 'Contact' is set on object 'Object Repository/08-Operations/Private Circle/input_lastName'

2022-12-26 16:44:02 - [MESSAGE][PASSED] - Text 'Contact' is set on object 'Object Repository/08-Operations/Private Circle/input_lastName'

2022-12-26 16:44:02 - [TEST_STEP][PASSED] - click(findTestObject("08-Operations/Private Circle/button_Create")): Object: 'Object Repository/08-Operations/Private Circle/button_Create' is clicked on

2022-12-26 16:44:03 - [MESSAGE][PASSED] - Object: 'Object Repository/08-Operations/Private Circle/button_Create' is clicked on

2022-12-26 16:44:03 - [TEST_STEP][PASSED] - delay(3): Delayed 3 second(s)

2022-12-26 16:44:06 - [MESSAGE][PASSED] - Delayed 3 second(s)

2022-12-26 16:44:06 - [TEST_STEP][PASSED] - click(findTestObject("08-Operations/Private Circle/Relationship dropdown")): Object: 'Object Repository/08-Operations/Private Circle/Relationship dropdown' is clicked on

2022-12-26 16:44:07 - [MESSAGE][PASSED] - Object: 'Object Repository/08-Operations/Private Circle/Relationship dropdown' is clicked on

2022-12-26 16:44:07 - [TEST_STEP][PASSED] - verifyElementVisible(findTestObject("08-Operations/Private Circle/mat-option_Spouse")): Object 'Object Repository/08-Operations/Private Circle/mat-option_Spouse' is visible

2022-12-26 16:44:08 - [MESSAGE][PASSED] - Object 'Object Repository/08-Operations/Private Circle/mat-option_Spouse' is visible

2022-12-26 16:44:08 - [TEST_STEP][PASSED] - verifyElementVisible(findTestObject("08-Operations/Private Circle/mat-option_Child")): Object 'Object Repository/08-Operations/Private Circle/mat-option_Child' is visible

2022-12-26 16:44:08 - [MESSAGE][PASSED] - Object 'Object Repository/08-Operations/Private Circle/mat-option_Child' is visible

2022-12-26 16:44:08 - [TEST_STEP][PASSED] - verifyElementVisible(findTestObject("08-Operations/Private Circle/mat-option_Friend")): Object 'Object Repository/08-Operations/Private Circle/mat-option_Friend' is visible

2022-12-26 16:44:09 - [MESSAGE][PASSED] - Object 'Object Repository/08-Operations/Private Circle/mat-option_Friend' is visible

2022-12-26 16:44:09 - [TEST_STEP][PASSED] - verifyElementVisible(findTestObject("08-Operations/Private Circle/mat-option_Colleague")): Object 'Object Repository/08-Operations/Private Circle/mat-option_Colleague' is visible

2022-12-26 16:44:10 - [MESSAGE][PASSED] - Object 'Object Repository/08-Operations/Private Circle/mat-option_Colleague' is visible

2022-12-26 16:44:10 - [TEST_STEP][PASSED] - verifyElementVisible(findTestObject("08-Operations/Private Circle/mat-option_Others")): Object 'Object Repository/08-Operations/Private Circle/mat-option_Others' is visible

2022-12-26 16:44:10 - [MESSAGE][PASSED] - Object 'Object Repository/08-Operations/Private Circle/mat-option_Others' is visible

2022-12-26 16:44:10 - [TEST_STEP][PASSED] - click(findTestObject("08-Operations/Private Circle/mat-option_Others")): Object: 'Object Repository/08-Operations/Private Circle/mat-option_Others' is clicked on

2022-12-26 16:44:11 - [MESSAGE][PASSED] - Object: 'Object Repository/08-Operations/Private Circle/mat-option_Others' is clicked on

2022-12-26 16:44:11 - [TEST_STEP][PASSED] - delay(3): Delayed 3 second(s)

2022-12-26 16:44:14 - [MESSAGE][PASSED] - Delayed 3 second(s)

2022-12-26 16:44:14 - [TEST_STEP][PASSED] - click(findTestObject("08-Operations/Private Circle/button_Add modal")): Object: 'Object Repository/08-Operations/Private Circle/button_Add modal' is clicked on

2022-12-26 16:44:15 - [MESSAGE][PASSED] - Object: 'Object Repository/08-Operations/Private Circle/button_Add modal' is clicked on

2022-12-26 16:44:15 - [TEST_STEP][PASSED] - verifyElementVisible(findTestObject("08-Operations/Private Circle/Successfully added association")): Object 'Object Repository/08-Operations/Private Circle/Successfully added association' is visible

2022-12-26 16:44:16 - [MESSAGE][PASSED] - Object 'Object Repository/08-Operations/Private Circle/Successfully added association' is visible

2022-12-26 16:44:16 - [TEST_STEP][PASSED] - delay(3): Delayed 3 second(s)

2022-12-26 16:44:20 - [MESSAGE][PASSED] - Delayed 3 second(s)

2022-12-26 16:44:20 - [TEST_STEP][PASSED] - click(findTestObject("08-Operations/Private Circle/Input_Select user")): Object: 'Object Repository/08-Operations/Private Circle/Input_Select user' is clicked on

2022-12-26 16:44:20 - [MESSAGE][PASSED] - Object: 'Object Repository/08-Operations/Private Circle/Input_Select user' is clicked on

2022-12-26 16:44:20 - [TEST_STEP][PASSED] - click(findTestObject("08-Operations/Private Circle/span_GG Tester 3")): Object: 'Object Repository/08-Operations/Private Circle/span_GG Tester 3' is clicked on

2022-12-26 16:44:21 - [MESSAGE][PASSED] - Object: 'Object Repository/08-Operations/Private Circle/span_GG Tester 3' is clicked on

2022-12-26 16:44:21 - [TEST_STEP][PASSED] - click(findTestObject("08-Operations/Private Circle/button_add")): Object: 'Object Repository/08-Operations/Private Circle/button_add' is clicked on

2022-12-26 16:44:22 - [MESSAGE][PASSED] - Object: 'Object Repository/08-Operations/Private Circle/button_add' is clicked on

2022-12-26 16:44:22 - [TEST_STEP][PASSED] - click(findTestObject("08-Operations/Private Circle/Select User dropdown")): Object: 'Object Repository/08-Operations/Private Circle/Select User dropdown' is clicked on

2022-12-26 16:44:24 - [MESSAGE][PASSED] - Object: 'Object Repository/08-Operations/Private Circle/Select User dropdown' is clicked on

2022-12-26 16:44:24 - [TEST_STEP][PASSED] - click(findTestObject("08-Operations/Private Circle/mat-option_GG TESTER")): Object: 'Object Repository/08-Operations/Private Circle/mat-option_GG TESTER' is clicked on

2022-12-26 16:44:25 - [MESSAGE][PASSED] - Object: 'Object Repository/08-Operations/Private Circle/mat-option_GG TESTER' is clicked on

2022-12-26 16:44:25 - [TEST_STEP][PASSED] - click(findTestObject("08-Operations/Private Circle/Relationship dropdown")): Object: 'Object Repository/08-Operations/Private Circle/Relationship dropdown' is clicked on

2022-12-26 16:44:26 - [MESSAGE][PASSED] - Object: 'Object Repository/08-Operations/Private Circle/Relationship dropdown' is clicked on

2022-12-26 16:44:26 - [TEST_STEP][PASSED] - click(findTestObject("08-Operations/Private Circle/mat-option_Others")): Object: 'Object Repository/08-Operations/Private Circle/mat-option_Others' is clicked on

2022-12-26 16:44:27 - [MESSAGE][PASSED] - Object: 'Object Repository/08-Operations/Private Circle/mat-option_Others' is clicked on

2022-12-26 16:44:27 - [TEST_STEP][PASSED] - click(findTestObject("08-Operations/Private Circle/button_Add modal")): Object: 'Object Repository/08-Operations/Private Circle/button_Add modal' is clicked on

2022-12-26 16:44:28 - [MESSAGE][PASSED] - Object: 'Object Repository/08-Operations/Private Circle/button_Add modal' is clicked on

2022-12-26 16:44:28 - [TEST_STEP][PASSED] - verifyElementVisible(findTestObject("08-Operations/Private Circle/Successfully added association")): Object 'Object Repository/08-Operations/Private Circle/Successfully added association' is visible

2022-12-26 16:44:30 - [MESSAGE][PASSED] - Object 'Object Repository/08-Operations/Private Circle/Successfully added association' is visible

2022-12-26 16:44:30 - [TEST_STEP][PASSED] - delay(3): Delayed 3 second(s)

2022-12-26 16:44:33 - [MESSAGE][PASSED] - Delayed 3 second(s)

2022-12-26 16:44:33 - [TEST_STEP][PASSED] - verifyElementVisible(findTestObject("08-Operations/Private Circle/td_GG TESTER")): Object 'Object Repository/08-Operations/Private Circle/td_GG TESTER' is visible

2022-12-26 16:44:34 - [MESSAGE][PASSED] - Object 'Object Repository/08-Operations/Private Circle/td_GG TESTER' is visible

2022-12-26 16:44:34 - [TEST_STEP][PASSED] - verifyElementVisible(findTestObject("08-Operations/Private Circle/td_GG Auto Contact")): Object 'Object Repository/08-Operations/Private Circle/td_GG Auto Contact' is visible

2022-12-26 16:44:35 - [MESSAGE][PASSED] - Object 'Object Repository/08-Operations/Private Circle/td_GG Auto Contact' is visible

2022-12-26 16:44:35 - [TEST_STEP][PASSED] - delay(3): Delayed 3 second(s)

2022-12-26 16:44:38 - [MESSAGE][PASSED] - Delayed 3 second(s)]]></system-out>
         <system-err><![CDATA[]]></system-err>
      </testcase>
      <testcase name="Test Cases/08- Operations/07- Deleting a private circle" time="18.613" classname="Test Cases/08- Operations/07- Deleting a private circle" status="PASSED">
         <system-out><![CDATA[2022-12-26 16:44:38 - [TEST_CASE][PASSED] - Test Cases/08- Operations/07- Deleting a private circle: Test Cases/08- Operations/07- Deleting a private circle

2022-12-26 16:44:40 - [TEST_STEP][PASSED] - click(findTestObject("08-Operations/Private Circle/button_delete")): Object: 'Object Repository/08-Operations/Private Circle/button_delete' is clicked on

2022-12-26 16:44:41 - [MESSAGE][PASSED] - Object: 'Object Repository/08-Operations/Private Circle/button_delete' is clicked on

2022-12-26 16:44:41 - [TEST_STEP][PASSED] - verifyElementVisible(findTestObject("08-Operations/Private Circle/delete private circle modal")): Object 'Object Repository/08-Operations/Private Circle/delete private circle modal' is visible

2022-12-26 16:44:42 - [MESSAGE][PASSED] - Object 'Object Repository/08-Operations/Private Circle/delete private circle modal' is visible

2022-12-26 16:44:42 - [TEST_STEP][PASSED] - click(findTestObject("08-Operations/Private Circle/button_Delete modal")): Object: 'Object Repository/08-Operations/Private Circle/button_Delete modal' is clicked on

2022-12-26 16:44:43 - [MESSAGE][PASSED] - Object: 'Object Repository/08-Operations/Private Circle/button_Delete modal' is clicked on

2022-12-26 16:44:43 - [TEST_STEP][PASSED] - verifyElementVisible(findTestObject("08-Operations/Private Circle/Successfully deleted label")): Object 'Object Repository/08-Operations/Private Circle/Successfully deleted label' is visible

2022-12-26 16:44:45 - [MESSAGE][PASSED] - Object 'Object Repository/08-Operations/Private Circle/Successfully deleted label' is visible

2022-12-26 16:44:45 - [TEST_STEP][PASSED] - delay(3): Delayed 3 second(s)

2022-12-26 16:44:48 - [MESSAGE][PASSED] - Delayed 3 second(s)

2022-12-26 16:44:48 - [TEST_STEP][PASSED] - click(findTestObject("08-Operations/Private Circle/button_delete")): Object: 'Object Repository/08-Operations/Private Circle/button_delete' is clicked on

2022-12-26 16:44:49 - [MESSAGE][PASSED] - Object: 'Object Repository/08-Operations/Private Circle/button_delete' is clicked on

2022-12-26 16:44:49 - [TEST_STEP][PASSED] - click(findTestObject("08-Operations/Private Circle/button_Delete modal")): Object: 'Object Repository/08-Operations/Private Circle/button_Delete modal' is clicked on

2022-12-26 16:44:50 - [MESSAGE][PASSED] - Object: 'Object Repository/08-Operations/Private Circle/button_Delete modal' is clicked on

2022-12-26 16:44:50 - [TEST_STEP][PASSED] - verifyElementVisible(findTestObject("08-Operations/Private Circle/Successfully deleted label")): Object 'Object Repository/08-Operations/Private Circle/Successfully deleted label' is visible

2022-12-26 16:44:51 - [MESSAGE][PASSED] - Object 'Object Repository/08-Operations/Private Circle/Successfully deleted label' is visible

2022-12-26 16:44:51 - [TEST_STEP][PASSED] - delay(3): Delayed 3 second(s)

2022-12-26 16:44:54 - [MESSAGE][PASSED] - Delayed 3 second(s)

2022-12-26 16:44:54 - [TEST_STEP][PASSED] - closeBrowser(): Browser is closed

2022-12-26 16:44:56 - [MESSAGE][PASSED] - Browser is closed]]></system-out>
         <system-err><![CDATA[]]></system-err>
      </testcase>
      <system-out><![CDATA[2022-12-26 16:40:06 - [TEST_SUITE][PASSED] - 08- Operations: Test Cases/08- Operations/07- Deleting a private circle]]></system-out>
      <system-err><![CDATA[]]></system-err>
   </testsuite>
</testsuites>
