<?xml version="1.0" encoding="UTF-8"?>
<testsuites name="04-Add my Organizations" time="219.696" tests="3" failures="0" errors="0">
   <testsuite name="04-Add my Organizations" tests="3" failures="0" errors="0" time="219.696" skipped="0" timestamp="2023-04-05 12:33:03" hostname="asus - DESKTOP-3L3J9C1" id="Test Suites/TS-Organization/04-Add my Organizations">
      <properties>
         <property name="deviceName" value=""/>
         <property name="devicePlatform" value=""/>
         <property name="logFolder" value="C:\\Users\\asus\\Katalon Studio\\Everleagues\\Everleagues\\Reports\\20230405_123251\\TS-Organization\\04-Add my Organizations\\20230405_123251"/>
         <property name="logFiles" value="C:\\Users\\asus\\Katalon Studio\\Everleagues\\Everleagues\\Reports\\20230405_123251\\TS-Organization\\04-Add my Organizations\\20230405_123251\\execution0.log"/>
         <property name="attachments" value=""/>
         <property name="hostName" value="asus - DESKTOP-3L3J9C1"/>
         <property name="os" value="Windows 10 64bit"/>
         <property name="katalonVersion" value="8.4.1.208"/>
         <property name="browser" value="Chrome 111.0.0.0"/>
         <property name="hostAddress" value="10.100.1.128"/>
         <property name="sessionId" value="a73735fd7248f87e3bc0a0df62881845"/>
         <property name="seleniumVersion" value="3.141.59"/>
         <property name="proxyInformation" value="ProxyInformation { proxyOption=NO_PROXY, proxyServerType=HTTP, username=, password=********, proxyServerAddress=, proxyServerPort=0, executionList=&quot;&quot;, isApplyToDesiredCapabilities=true }"/>
         <property name="platform" value="Windows 10"/>
      </properties>
      <testcase name="Test Cases/04-Add my Organizations/01- Free limited Plan (Blank fields)" time="126.177" classname="Test Cases/04-Add my Organizations/01- Free limited Plan (Blank fields)" status="PASSED">
         <system-out><![CDATA[2023-04-05 12:33:04 - [TEST_CASE][PASSED] - Test Cases/04-Add my Organizations/01- Free limited Plan (Blank fields): Test Cases/04-Add my Organizations/01- Free limited Plan (Blank fields)

2023-04-05 12:33:06 - [TEST_STEP][PASSED] - openBrowser(""): Browser is opened with url: ''

2023-04-05 12:33:08 - [MESSAGE][INFO] - Starting 'Chrome' driver

2023-04-05 12:33:08 - [MESSAGE][INFO] - Action delay is set to 0 milliseconds

2023-04-05 12:33:14 - [MESSAGE][PASSED] - Browser is opened with url: ''

2023-04-05 12:33:14 - [TEST_STEP][PASSED] - navigateToUrl("https://lab.everleagues.com/"): Navigate to 'https://lab.everleagues.com/' successfully

2023-04-05 12:33:40 - [MESSAGE][PASSED] - Navigate to 'https://lab.everleagues.com/' successfully

2023-04-05 12:33:40 - [TEST_STEP][PASSED] - maximizeWindow(): Current window maximized

2023-04-05 12:33:40 - [MESSAGE][PASSED] - Current window maximized

2023-04-05 12:33:40 - [TEST_STEP][PASSED] - callTestCase(findTestCase("01-Login and Forgot Password/04-Login(Valid Credentials-With Subscription)"), [:], STOP_ON_FAILURE): Call Test Case 'Test Cases/01-Login and Forgot Password/04-Login(Valid Credentials-With Subscription)' successfully

2023-04-05 12:33:40 - [TEST_CASE][PASSED] - Test Cases/01-Login and Forgot Password/04-Login(Valid Credentials-With Subscription): Test Cases/01-Login and Forgot Password/04-Login(Valid Credentials-With Subscription)

2023-04-05 12:33:42 - [TEST_STEP][PASSED] - setText(findTestObject("01-Login and Forgot Password/input_Email_email"), "testuser05@mailinator.com"): Text 'testuser05@mailinator.com' is set on object 'Object Repository/01-Login and Forgot Password/input_Email_email'

2023-04-05 12:33:45 - [MESSAGE][PASSED] - Text 'testuser05@mailinator.com' is set on object 'Object Repository/01-Login and Forgot Password/input_Email_email'

2023-04-05 12:33:45 - [TEST_STEP][PASSED] - setEncryptedText(findTestObject("01-Login and Forgot Password/input_Email_password"), "8yFRyszE6U6jvsCn51OQbg=="): Text ****** has been set on object 'Object Repository/01-Login and Forgot Password/input_Email_password'

2023-04-05 12:33:47 - [MESSAGE][PASSED] - Text ****** has been set on object 'Object Repository/01-Login and Forgot Password/input_Email_password'

2023-04-05 12:33:47 - [TEST_STEP][PASSED] - delay(2): Delayed 2 second(s)

2023-04-05 12:33:49 - [MESSAGE][PASSED] - Delayed 2 second(s)

2023-04-05 12:33:49 - [TEST_STEP][PASSED] - click(findTestObject("01-Login and Forgot Password/show pass button")): Object: 'Object Repository/01-Login and Forgot Password/show pass button' is clicked on

2023-04-05 12:33:50 - [MESSAGE][PASSED] - Object: 'Object Repository/01-Login and Forgot Password/show pass button' is clicked on

2023-04-05 12:33:50 - [TEST_STEP][PASSED] - delay(3): Delayed 3 second(s)

2023-04-05 12:33:53 - [MESSAGE][PASSED] - Delayed 3 second(s)

2023-04-05 12:33:53 - [TEST_STEP][PASSED] - click(findTestObject("01-Login and Forgot Password/button_Sign in")): Object: 'Object Repository/01-Login and Forgot Password/button_Sign in' is clicked on

2023-04-05 12:33:54 - [MESSAGE][PASSED] - Object: 'Object Repository/01-Login and Forgot Password/button_Sign in' is clicked on

2023-04-05 12:33:54 - [TEST_STEP][PASSED] - delay(3): Delayed 3 second(s)

2023-04-05 12:33:57 - [MESSAGE][PASSED] - Delayed 3 second(s)

2023-04-05 12:33:57 - [TEST_STEP][PASSED] - click(findTestObject("06-Teams/For 2FA/button_Confirm_2FA")): Object: 'Object Repository/06-Teams/For 2FA/button_Confirm_2FA' is clicked on

2023-04-05 12:33:57 - [MESSAGE][PASSED] - Object: 'Object Repository/06-Teams/For 2FA/button_Confirm_2FA' is clicked on

2023-04-05 12:33:57 - [TEST_STEP][PASSED] - executeJavaScript("window.open();", []): Execute JavaScript 'window.open();' successfully

2023-04-05 12:33:59 - [MESSAGE][PASSED] - Execute JavaScript 'window.open();' successfully

2023-04-05 12:33:59 - [TEST_STEP][PASSED] - currentWindow = getWindowIndex(): Current window's index is: 0

2023-04-05 12:33:59 - [MESSAGE][PASSED] - Current window's index is: 0

2023-04-05 12:33:59 - [TEST_STEP][PASSED] - delay(3): Delayed 3 second(s)

2023-04-05 12:34:02 - [MESSAGE][PASSED] - Delayed 3 second(s)

2023-04-05 12:34:02 - [TEST_STEP][PASSED] - switchToWindowIndex(currentWindow + 1): Switched to window with index: '1'

2023-04-05 12:34:02 - [MESSAGE][PASSED] - Switched to window with index: '1'

2023-04-05 12:34:02 - [TEST_STEP][PASSED] - navigateToUrl("https://www.mailinator.com/"): Navigate to 'https://www.mailinator.com/' successfully

2023-04-05 12:34:11 - [MESSAGE][PASSED] - Navigate to 'https://www.mailinator.com/' successfully

2023-04-05 12:34:11 - [TEST_STEP][PASSED] - delay(3): Delayed 3 second(s)

2023-04-05 12:34:14 - [MESSAGE][PASSED] - Delayed 3 second(s)

2023-04-05 12:34:14 - [TEST_STEP][PASSED] - setText(findTestObject("00-Signup and Activation/zMailinator/input_LOGIN_search"), "testuser05@mailinator.com"): Text 'testuser05@mailinator.com' is set on object 'Object Repository/00-Signup and Activation/zMailinator/input_LOGIN_search'

2023-04-05 12:34:15 - [MESSAGE][PASSED] - Text 'testuser05@mailinator.com' is set on object 'Object Repository/00-Signup and Activation/zMailinator/input_LOGIN_search'

2023-04-05 12:34:15 - [TEST_STEP][PASSED] - click(findTestObject("00-Signup and Activation/zMailinator/gobutton"), STOP_ON_FAILURE): Object: 'Object Repository/00-Signup and Activation/zMailinator/gobutton' is clicked on

2023-04-05 12:34:20 - [MESSAGE][PASSED] - Object: 'Object Repository/00-Signup and Activation/zMailinator/gobutton' is clicked on

2023-04-05 12:34:20 - [TEST_STEP][PASSED] - delay(3): Delayed 3 second(s)

2023-04-05 12:34:23 - [MESSAGE][PASSED] - Delayed 3 second(s)

2023-04-05 12:34:23 - [TEST_STEP][PASSED] - click(findTestObject("00-Signup and Activation/zMailinator/Email - everleagues")): Object: 'Object Repository/00-Signup and Activation/zMailinator/Email - everleagues' is clicked on

2023-04-05 12:34:24 - [MESSAGE][PASSED] - Object: 'Object Repository/00-Signup and Activation/zMailinator/Email - everleagues' is clicked on

2023-04-05 12:34:24 - [TEST_STEP][PASSED] - delay(3): Delayed 3 second(s)

2023-04-05 12:34:27 - [MESSAGE][PASSED] - Delayed 3 second(s)

2023-04-05 12:34:27 - [TEST_STEP][PASSED] - code = getText(findTestObject("Object Repository/06-Teams/For 2FA/2FA code")): Text of object 'Object Repository/06-Teams/For 2FA/2FA code' is: '809715'

2023-04-05 12:34:28 - [MESSAGE][PASSED] - Text of object 'Object Repository/06-Teams/For 2FA/2FA code' is: '809715'

2023-04-05 12:34:28 - [TEST_STEP][PASSED] - delay(3): Delayed 3 second(s)

2023-04-05 12:34:31 - [MESSAGE][PASSED] - Delayed 3 second(s)

2023-04-05 12:34:31 - [TEST_STEP][PASSED] - closeWindowTitle("Mailinator"): Window with title: 'Mailinator' is closed

2023-04-05 12:34:31 - [MESSAGE][PASSED] - Window with title: 'Mailinator' is closed

2023-04-05 12:34:31 - [TEST_STEP][PASSED] - delay(3): Delayed 3 second(s)

2023-04-05 12:34:34 - [MESSAGE][PASSED] - Delayed 3 second(s)

2023-04-05 12:34:34 - [TEST_STEP][PASSED] - switchToWindowIndex(0): Switched to window with index: '0'

2023-04-05 12:34:34 - [MESSAGE][PASSED] - Switched to window with index: '0'

2023-04-05 12:34:34 - [TEST_STEP][PASSED] - delay(3): Delayed 3 second(s)

2023-04-05 12:34:37 - [MESSAGE][PASSED] - Delayed 3 second(s)

2023-04-05 12:34:37 - [TEST_STEP][PASSED] - setText(findTestObject("Object Repository/06-Teams/For 2FA/input_Enter verification code_code"), code): Text '809715' is set on object 'Object Repository/06-Teams/For 2FA/input_Enter verification code_code'

2023-04-05 12:34:39 - [MESSAGE][PASSED] - Text '809715' is set on object 'Object Repository/06-Teams/For 2FA/input_Enter verification code_code'

2023-04-05 12:34:39 - [TEST_STEP][PASSED] - delay(3): Delayed 3 second(s)

2023-04-05 12:34:42 - [MESSAGE][PASSED] - Delayed 3 second(s)

2023-04-05 12:34:42 - [TEST_STEP][PASSED] - click(findTestObject("06-Teams/For 2FA/button_Verify_2FA")): Object: 'Object Repository/06-Teams/For 2FA/button_Verify_2FA' is clicked on

2023-04-05 12:34:43 - [MESSAGE][PASSED] - Object: 'Object Repository/06-Teams/For 2FA/button_Verify_2FA' is clicked on

2023-04-05 12:34:43 - [TEST_STEP][PASSED] - delay(3): Delayed 3 second(s)

2023-04-05 12:34:46 - [MESSAGE][PASSED] - Delayed 3 second(s)

2023-04-05 12:34:46 - [MESSAGE][PASSED] - Call Test Case 'Test Cases/01-Login and Forgot Password/04-Login(Valid Credentials-With Subscription)' successfully

2023-04-05 12:34:46 - [TEST_STEP][PASSED] - click(findTestObject("04-Add my Organizations/Free limited Plan/span_Add My Organization")): Object: 'Object Repository/04-Add my Organizations/Free limited Plan/span_Add My Organization' is clicked on

2023-04-05 12:34:55 - [MESSAGE][PASSED] - Object: 'Object Repository/04-Add my Organizations/Free limited Plan/span_Add My Organization' is clicked on

2023-04-05 12:34:55 - [TEST_STEP][PASSED] - verifyElementVisible(findTestObject("04-Add my Organizations/Free limited Plan/Add my org modal")): Object 'Object Repository/04-Add my Organizations/Free limited Plan/Add my org modal' is visible

2023-04-05 12:34:57 - [MESSAGE][PASSED] - Object 'Object Repository/04-Add my Organizations/Free limited Plan/Add my org modal' is visible

2023-04-05 12:34:57 - [TEST_STEP][PASSED] - delay(2): Delayed 2 second(s)

2023-04-05 12:34:59 - [MESSAGE][PASSED] - Delayed 2 second(s)

2023-04-05 12:34:59 - [TEST_STEP][PASSED] - click(findTestObject("04-Add my Organizations/Free limited Plan/input_orgName")): Object: 'Object Repository/04-Add my Organizations/Free limited Plan/input_orgName' is clicked on

2023-04-05 12:35:00 - [MESSAGE][PASSED] - Object: 'Object Repository/04-Add my Organizations/Free limited Plan/input_orgName' is clicked on

2023-04-05 12:35:00 - [TEST_STEP][PASSED] - click(findTestObject("04-Add my Organizations/Free limited Plan/input_org alias")): Object: 'Object Repository/04-Add my Organizations/Free limited Plan/input_org alias' is clicked on

2023-04-05 12:35:01 - [MESSAGE][PASSED] - Object: 'Object Repository/04-Add my Organizations/Free limited Plan/input_org alias' is clicked on

2023-04-05 12:35:01 - [TEST_STEP][PASSED] - click(findTestObject("04-Add my Organizations/Free limited Plan/div_Service Industry_select-arrow")): Object: 'Object Repository/04-Add my Organizations/Free limited Plan/div_Service Industry_select-arrow' is clicked on

2023-04-05 12:35:02 - [MESSAGE][PASSED] - Object: 'Object Repository/04-Add my Organizations/Free limited Plan/div_Service Industry_select-arrow' is clicked on

2023-04-05 12:35:02 - [TEST_STEP][PASSED] - sendKeys(findTestObject(null), Keys.chord(ESCAPE)): Keys 'ESCAPE + ' sent to object: 'tempBody'

2023-04-05 12:35:02 - [MESSAGE][WARNING] - Test object id is null

2023-04-05 12:35:02 - [MESSAGE][WARNING] - Test object with id 'Object Repository/' does not exist

2023-04-05 12:35:02 - [MESSAGE][PASSED] - Keys 'ESCAPE + ' sent to object: 'tempBody'

2023-04-05 12:35:02 - [TEST_STEP][PASSED] - delay(3): Delayed 3 second(s)

2023-04-05 12:35:05 - [MESSAGE][PASSED] - Delayed 3 second(s)

2023-04-05 12:35:05 - [TEST_STEP][PASSED] - verifyElementVisible(findTestObject("04-Add my Organizations/Free limited Plan/div_OrganizationName_error")): Object 'Object Repository/04-Add my Organizations/Free limited Plan/div_OrganizationName_error' is visible

2023-04-05 12:35:06 - [MESSAGE][PASSED] - Object 'Object Repository/04-Add my Organizations/Free limited Plan/div_OrganizationName_error' is visible

2023-04-05 12:35:06 - [TEST_STEP][PASSED] - verifyElementVisible(findTestObject("04-Add my Organizations/Free limited Plan/div_Organization Alias_error")): Object 'Object Repository/04-Add my Organizations/Free limited Plan/div_Organization Alias_error' is visible

2023-04-05 12:35:07 - [MESSAGE][PASSED] - Object 'Object Repository/04-Add my Organizations/Free limited Plan/div_Organization Alias_error' is visible

2023-04-05 12:35:07 - [TEST_STEP][PASSED] - verifyElementVisible(findTestObject("04-Add my Organizations/Free limited Plan/div_Service Industry_error")): Object 'Object Repository/04-Add my Organizations/Free limited Plan/div_Service Industry_error' is visible

2023-04-05 12:35:07 - [MESSAGE][PASSED] - Object 'Object Repository/04-Add my Organizations/Free limited Plan/div_Service Industry_error' is visible

2023-04-05 12:35:07 - [TEST_STEP][PASSED] - delay(3): Delayed 3 second(s)

2023-04-05 12:35:10 - [MESSAGE][PASSED] - Delayed 3 second(s)]]></system-out>
         <system-err><![CDATA[]]></system-err>
      </testcase>
      <testcase name="Test Cases/04-Add my Organizations/02- Free limited Plan (Used Org Alias)" time="7.924" classname="Test Cases/04-Add my Organizations/02- Free limited Plan (Used Org Alias)" status="PASSED">
         <system-out><![CDATA[2023-04-05 12:35:10 - [TEST_CASE][PASSED] - Test Cases/04-Add my Organizations/02- Free limited Plan (Used Org Alias): Test Cases/04-Add my Organizations/02- Free limited Plan (Used Org Alias)

2023-04-05 12:35:12 - [TEST_STEP][PASSED] - setText(findTestObject("04-Add my Organizations/Free limited Plan/input_org alias"), "1234"): Text '1234' is set on object 'Object Repository/04-Add my Organizations/Free limited Plan/input_org alias'

2023-04-05 12:35:13 - [MESSAGE][PASSED] - Text '1234' is set on object 'Object Repository/04-Add my Organizations/Free limited Plan/input_org alias'

2023-04-05 12:35:13 - [TEST_STEP][PASSED] - click(findTestObject("04-Add my Organizations/Free limited Plan/input_orgName")): Object: 'Object Repository/04-Add my Organizations/Free limited Plan/input_orgName' is clicked on

2023-04-05 12:35:14 - [MESSAGE][PASSED] - Object: 'Object Repository/04-Add my Organizations/Free limited Plan/input_orgName' is clicked on

2023-04-05 12:35:14 - [TEST_STEP][PASSED] - verifyElementVisible(findTestObject("04-Add my Organizations/Free limited Plan/mat-error_1234 already exists. Please enter another ID")): Object 'Object Repository/04-Add my Organizations/Free limited Plan/mat-error_1234 already exists. Please enter another ID' is visible

2023-04-05 12:35:15 - [MESSAGE][PASSED] - Object 'Object Repository/04-Add my Organizations/Free limited Plan/mat-error_1234 already exists. Please enter another ID' is visible

2023-04-05 12:35:15 - [TEST_STEP][PASSED] - delay(3): Delayed 3 second(s)

2023-04-05 12:35:18 - [MESSAGE][PASSED] - Delayed 3 second(s)]]></system-out>
         <system-err><![CDATA[]]></system-err>
      </testcase>
      <testcase name="Test Cases/04-Add my Organizations/03- Free limited Plan (Positive Scenarios)" time="84.33" classname="Test Cases/04-Add my Organizations/03- Free limited Plan (Positive Scenarios)" status="PASSED">
         <system-out><![CDATA[2023-04-05 12:35:18 - [TEST_CASE][PASSED] - Test Cases/04-Add my Organizations/03- Free limited Plan (Positive Scenarios): Test Cases/04-Add my Organizations/03- Free limited Plan (Positive Scenarios)

2023-04-05 12:35:21 - [TEST_STEP][PASSED] - delay(2): Delayed 2 second(s)

2023-04-05 12:35:23 - [MESSAGE][PASSED] - Delayed 2 second(s)

2023-04-05 12:35:23 - [TEST_STEP][PASSED] - setText(findTestObject("04-Add my Organizations/Free limited Plan/input_orgName"), "GG Automation"): Text 'GG Automation' is set on object 'Object Repository/04-Add my Organizations/Free limited Plan/input_orgName'

2023-04-05 12:35:24 - [MESSAGE][PASSED] - Text 'GG Automation' is set on object 'Object Repository/04-Add my Organizations/Free limited Plan/input_orgName'

2023-04-05 12:35:24 - [TEST_STEP][PASSED] - setText(findTestObject("04-Add my Organizations/Free limited Plan/input_org alias"), "GGAutoAlias"): Text 'GGAutoAlias' is set on object 'Object Repository/04-Add my Organizations/Free limited Plan/input_org alias'

2023-04-05 12:35:26 - [MESSAGE][PASSED] - Text 'GGAutoAlias' is set on object 'Object Repository/04-Add my Organizations/Free limited Plan/input_org alias'

2023-04-05 12:35:26 - [TEST_STEP][PASSED] - click(findTestObject("04-Add my Organizations/Free limited Plan/div_Service Industry_select-arrow"), STOP_ON_FAILURE): Object: 'Object Repository/04-Add my Organizations/Free limited Plan/div_Service Industry_select-arrow' is clicked on

2023-04-05 12:35:27 - [MESSAGE][PASSED] - Object: 'Object Repository/04-Add my Organizations/Free limited Plan/div_Service Industry_select-arrow' is clicked on

2023-04-05 12:35:27 - [TEST_STEP][PASSED] - delay(1): Delayed 1 second(s)

2023-04-05 12:35:28 - [MESSAGE][PASSED] - Delayed 1 second(s)

2023-04-05 12:35:28 - [TEST_STEP][PASSED] - verifyElementVisible(findTestObject("04-Add my Organizations/Free limited Plan/span_CPA_EA_Accounting Firms")): Object 'Object Repository/04-Add my Organizations/Free limited Plan/span_CPA_EA_Accounting Firms' is visible

2023-04-05 12:35:29 - [MESSAGE][PASSED] - Object 'Object Repository/04-Add my Organizations/Free limited Plan/span_CPA_EA_Accounting Firms' is visible

2023-04-05 12:35:29 - [TEST_STEP][PASSED] - verifyElementVisible(findTestObject("04-Add my Organizations/Free limited Plan/span_Law Firms")): Object 'Object Repository/04-Add my Organizations/Free limited Plan/span_Law Firms' is visible

2023-04-05 12:35:30 - [MESSAGE][PASSED] - Object 'Object Repository/04-Add my Organizations/Free limited Plan/span_Law Firms' is visible

2023-04-05 12:35:30 - [TEST_STEP][PASSED] - verifyElementVisible(findTestObject("04-Add my Organizations/Free limited Plan/span_Medical Service_Physian_Dentist Office")): Object 'Object Repository/04-Add my Organizations/Free limited Plan/span_Medical Service_Physian_Dentist Office' is visible

2023-04-05 12:35:30 - [MESSAGE][PASSED] - Object 'Object Repository/04-Add my Organizations/Free limited Plan/span_Medical Service_Physian_Dentist Office' is visible

2023-04-05 12:35:30 - [TEST_STEP][PASSED] - verifyElementVisible(findTestObject("04-Add my Organizations/Free limited Plan/span_Education")): Object 'Object Repository/04-Add my Organizations/Free limited Plan/span_Education' is visible

2023-04-05 12:35:31 - [MESSAGE][PASSED] - Object 'Object Repository/04-Add my Organizations/Free limited Plan/span_Education' is visible

2023-04-05 12:35:31 - [TEST_STEP][PASSED] - verifyElementVisible(findTestObject("04-Add my Organizations/Free limited Plan/span_Real Estate")): Object 'Object Repository/04-Add my Organizations/Free limited Plan/span_Real Estate' is visible

2023-04-05 12:35:32 - [MESSAGE][PASSED] - Object 'Object Repository/04-Add my Organizations/Free limited Plan/span_Real Estate' is visible

2023-04-05 12:35:32 - [TEST_STEP][PASSED] - verifyElementVisible(findTestObject("04-Add my Organizations/Free limited Plan/span_Other Service Business")): Object 'Object Repository/04-Add my Organizations/Free limited Plan/span_Other Service Business' is visible

2023-04-05 12:35:32 - [MESSAGE][PASSED] - Object 'Object Repository/04-Add my Organizations/Free limited Plan/span_Other Service Business' is visible

2023-04-05 12:35:32 - [TEST_STEP][PASSED] - verifyElementVisible(findTestObject("04-Add my Organizations/Free limited Plan/span_Product Business")): Object 'Object Repository/04-Add my Organizations/Free limited Plan/span_Product Business' is visible

2023-04-05 12:35:33 - [MESSAGE][PASSED] - Object 'Object Repository/04-Add my Organizations/Free limited Plan/span_Product Business' is visible

2023-04-05 12:35:33 - [TEST_STEP][PASSED] - verifyElementVisible(findTestObject("04-Add my Organizations/Free limited Plan/span_Community")): Object 'Object Repository/04-Add my Organizations/Free limited Plan/span_Community' is visible

2023-04-05 12:35:34 - [MESSAGE][PASSED] - Object 'Object Repository/04-Add my Organizations/Free limited Plan/span_Community' is visible

2023-04-05 12:35:34 - [TEST_STEP][PASSED] - verifyElementVisible(findTestObject("04-Add my Organizations/Free limited Plan/span_Non Profit Organizations")): Object 'Object Repository/04-Add my Organizations/Free limited Plan/span_Non Profit Organizations' is visible

2023-04-05 12:35:34 - [MESSAGE][PASSED] - Object 'Object Repository/04-Add my Organizations/Free limited Plan/span_Non Profit Organizations' is visible

2023-04-05 12:35:34 - [TEST_STEP][PASSED] - delay(1): Delayed 1 second(s)

2023-04-05 12:35:36 - [MESSAGE][PASSED] - Delayed 1 second(s)

2023-04-05 12:35:36 - [TEST_STEP][PASSED] - click(findTestObject("04-Add my Organizations/Free limited Plan/span_Other Service Business")): Object: 'Object Repository/04-Add my Organizations/Free limited Plan/span_Other Service Business' is clicked on

2023-04-05 12:35:36 - [MESSAGE][PASSED] - Object: 'Object Repository/04-Add my Organizations/Free limited Plan/span_Other Service Business' is clicked on

2023-04-05 12:35:36 - [TEST_STEP][PASSED] - click(findTestObject("04-Add my Organizations/Free limited Plan/button_Next")): Object: 'Object Repository/04-Add my Organizations/Free limited Plan/button_Next' is clicked on

2023-04-05 12:35:37 - [MESSAGE][PASSED] - Object: 'Object Repository/04-Add my Organizations/Free limited Plan/button_Next' is clicked on

2023-04-05 12:35:37 - [TEST_STEP][PASSED] - delay(1): Delayed 1 second(s)

2023-04-05 12:35:38 - [MESSAGE][PASSED] - Delayed 1 second(s)

2023-04-05 12:35:38 - [TEST_STEP][PASSED] - verifyElementVisible(findTestObject("04-Add my Organizations/Free limited Plan/add my org modal 2")): Object 'Object Repository/04-Add my Organizations/Free limited Plan/add my org modal 2' is visible

2023-04-05 12:35:39 - [MESSAGE][PASSED] - Object 'Object Repository/04-Add my Organizations/Free limited Plan/add my org modal 2' is visible

2023-04-05 12:35:39 - [TEST_STEP][PASSED] - click(findTestObject("04-Add my Organizations/Free limited Plan/Free limited plan radio button")): Object: 'Object Repository/04-Add my Organizations/Free limited Plan/Free limited plan radio button' is clicked on

2023-04-05 12:35:40 - [MESSAGE][PASSED] - Object: 'Object Repository/04-Add my Organizations/Free limited Plan/Free limited plan radio button' is clicked on

2023-04-05 12:35:40 - [TEST_STEP][PASSED] - delay(1): Delayed 1 second(s)

2023-04-05 12:35:41 - [MESSAGE][PASSED] - Delayed 1 second(s)

2023-04-05 12:35:41 - [TEST_STEP][PASSED] - click(findTestObject("04-Add my Organizations/Free limited Plan/span_Usage limit")): Object: 'Object Repository/04-Add my Organizations/Free limited Plan/span_Usage limit' is clicked on

2023-04-05 12:35:43 - [MESSAGE][PASSED] - Object: 'Object Repository/04-Add my Organizations/Free limited Plan/span_Usage limit' is clicked on

2023-04-05 12:35:43 - [TEST_STEP][PASSED] - switchToWindowIndex(1): Switched to window with index: '1'

2023-04-05 12:35:44 - [MESSAGE][PASSED] - Switched to window with index: '1'

2023-04-05 12:35:44 - [TEST_STEP][PASSED] - delay(5): Delayed 5 second(s)

2023-04-05 12:35:49 - [MESSAGE][PASSED] - Delayed 5 second(s)

2023-04-05 12:35:49 - [TEST_STEP][PASSED] - assert getUrl() == "https://www.everleagues.com/pricing": Current window's url is: 'https://www.everleagues.com/pricing'

2023-04-05 12:35:51 - [MESSAGE][PASSED] - Current window's url is: 'https://www.everleagues.com/pricing'

2023-04-05 12:35:51 - [TEST_STEP][PASSED] - closeWindowUrl("https://www.everleagues.com/pricing"): Window with url: 'https://www.everleagues.com/pricing' is closed

2023-04-05 12:35:52 - [MESSAGE][PASSED] - Window with url: 'https://www.everleagues.com/pricing' is closed

2023-04-05 12:35:52 - [TEST_STEP][PASSED] - switchToWindowIndex(0): Switched to window with index: '0'

2023-04-05 12:35:52 - [MESSAGE][PASSED] - Switched to window with index: '0'

2023-04-05 12:35:52 - [TEST_STEP][PASSED] - delay(1): Delayed 1 second(s)

2023-04-05 12:35:53 - [MESSAGE][PASSED] - Delayed 1 second(s)

2023-04-05 12:35:53 - [TEST_STEP][PASSED] - click(findTestObject("04-Add my Organizations/Free limited Plan/a_open_in_newPricing detail")): Object: 'Object Repository/04-Add my Organizations/Free limited Plan/a_open_in_newPricing detail' is clicked on

2023-04-05 12:35:54 - [MESSAGE][PASSED] - Object: 'Object Repository/04-Add my Organizations/Free limited Plan/a_open_in_newPricing detail' is clicked on

2023-04-05 12:35:54 - [TEST_STEP][PASSED] - switchToWindowIndex(1): Switched to window with index: '1'

2023-04-05 12:35:55 - [MESSAGE][PASSED] - Switched to window with index: '1'

2023-04-05 12:35:55 - [TEST_STEP][PASSED] - delay(5): Delayed 5 second(s)

2023-04-05 12:36:00 - [MESSAGE][PASSED] - Delayed 5 second(s)

2023-04-05 12:36:00 - [TEST_STEP][PASSED] - assert getUrl() == "https://www.everleagues.com/pricing": Current window's url is: 'https://www.everleagues.com/pricing'

2023-04-05 12:36:00 - [MESSAGE][PASSED] - Current window's url is: 'https://www.everleagues.com/pricing'

2023-04-05 12:36:00 - [TEST_STEP][PASSED] - closeWindowUrl("https://www.everleagues.com/pricing"): Window with url: 'https://www.everleagues.com/pricing' is closed

2023-04-05 12:36:00 - [MESSAGE][PASSED] - Window with url: 'https://www.everleagues.com/pricing' is closed

2023-04-05 12:36:00 - [TEST_STEP][PASSED] - switchToWindowIndex(0): Switched to window with index: '0'

2023-04-05 12:36:01 - [MESSAGE][PASSED] - Switched to window with index: '0'

2023-04-05 12:36:01 - [TEST_STEP][PASSED] - delay(1): Delayed 1 second(s)

2023-04-05 12:36:02 - [MESSAGE][PASSED] - Delayed 1 second(s)

2023-04-05 12:36:02 - [TEST_STEP][PASSED] - click(findTestObject("04-Add my Organizations/Free limited Plan/button_Next2")): Object: 'Object Repository/04-Add my Organizations/Free limited Plan/button_Next2' is clicked on

2023-04-05 12:36:02 - [MESSAGE][PASSED] - Object: 'Object Repository/04-Add my Organizations/Free limited Plan/button_Next2' is clicked on

2023-04-05 12:36:02 - [TEST_STEP][PASSED] - delay(1): Delayed 1 second(s)

2023-04-05 12:36:03 - [MESSAGE][PASSED] - Delayed 1 second(s)

2023-04-05 12:36:03 - [TEST_STEP][PASSED] - verifyElementVisible(findTestObject("04-Add my Organizations/Free limited Plan/add my org modal 3")): Object 'Object Repository/04-Add my Organizations/Free limited Plan/add my org modal 3' is visible

2023-04-05 12:36:04 - [MESSAGE][PASSED] - Object 'Object Repository/04-Add my Organizations/Free limited Plan/add my org modal 3' is visible

2023-04-05 12:36:04 - [TEST_STEP][PASSED] - delay(1): Delayed 1 second(s)

2023-04-05 12:36:05 - [MESSAGE][PASSED] - Delayed 1 second(s)

2023-04-05 12:36:05 - [TEST_STEP][PASSED] - click(findTestObject("04-Add my Organizations/Free limited Plan/SaaS checkbox")): Object: 'Object Repository/04-Add my Organizations/Free limited Plan/SaaS checkbox' is clicked on

2023-04-05 12:36:06 - [MESSAGE][PASSED] - Object: 'Object Repository/04-Add my Organizations/Free limited Plan/SaaS checkbox' is clicked on

2023-04-05 12:36:06 - [TEST_STEP][PASSED] - click(findTestObject("04-Add my Organizations/Free limited Plan/a_Software as a service (SaaS) subscription agreement")): Object: 'Object Repository/04-Add my Organizations/Free limited Plan/a_Software as a service (SaaS) subscription agreement' is clicked on

2023-04-05 12:36:08 - [MESSAGE][PASSED] - Object: 'Object Repository/04-Add my Organizations/Free limited Plan/a_Software as a service (SaaS) subscription agreement' is clicked on

2023-04-05 12:36:08 - [TEST_STEP][PASSED] - switchToWindowIndex(1): Switched to window with index: '1'

2023-04-05 12:36:09 - [MESSAGE][PASSED] - Switched to window with index: '1'

2023-04-05 12:36:09 - [TEST_STEP][PASSED] - delay(5): Delayed 5 second(s)

2023-04-05 12:36:14 - [MESSAGE][PASSED] - Delayed 5 second(s)

2023-04-05 12:36:14 - [TEST_STEP][PASSED] - assert getUrl() == "https://www.everleagues.com/saas-agreement/": Current window's url is: 'https://www.everleagues.com/saas-agreement/'

2023-04-05 12:36:16 - [MESSAGE][PASSED] - Current window's url is: 'https://www.everleagues.com/saas-agreement/'

2023-04-05 12:36:16 - [TEST_STEP][PASSED] - closeWindowUrl("https://www.everleagues.com/saas-agreement/"): Window with url: 'https://www.everleagues.com/saas-agreement/' is closed

2023-04-05 12:36:17 - [MESSAGE][PASSED] - Window with url: 'https://www.everleagues.com/saas-agreement/' is closed

2023-04-05 12:36:17 - [TEST_STEP][PASSED] - switchToWindowIndex(0): Switched to window with index: '0'

2023-04-05 12:36:17 - [MESSAGE][PASSED] - Switched to window with index: '0'

2023-04-05 12:36:17 - [TEST_STEP][PASSED] - delay(1): Delayed 1 second(s)

2023-04-05 12:36:18 - [MESSAGE][PASSED] - Delayed 1 second(s)

2023-04-05 12:36:18 - [TEST_STEP][PASSED] - click(findTestObject("04-Add my Organizations/Free limited Plan/button_Create")): Object: 'Object Repository/04-Add my Organizations/Free limited Plan/button_Create' is clicked on

2023-04-05 12:36:19 - [MESSAGE][PASSED] - Object: 'Object Repository/04-Add my Organizations/Free limited Plan/button_Create' is clicked on

2023-04-05 12:36:19 - [TEST_STEP][PASSED] - delay(1): Delayed 1 second(s)

2023-04-05 12:36:20 - [MESSAGE][PASSED] - Delayed 1 second(s)

2023-04-05 12:36:20 - [TEST_STEP][PASSED] - verifyElementVisible(findTestObject("04-Add my Organizations/Free limited Plan/Congratulations msg")): Object 'Object Repository/04-Add my Organizations/Free limited Plan/Congratulations msg' is visible

2023-04-05 12:36:28 - [MESSAGE][PASSED] - Object 'Object Repository/04-Add my Organizations/Free limited Plan/Congratulations msg' is visible

2023-04-05 12:36:28 - [TEST_STEP][PASSED] - verifyElementVisible(findTestObject("04-Add my Organizations/Free limited Plan/button_SET UP")): Object 'Object Repository/04-Add my Organizations/Free limited Plan/button_SET UP' is visible

2023-04-05 12:36:29 - [MESSAGE][PASSED] - Object 'Object Repository/04-Add my Organizations/Free limited Plan/button_SET UP' is visible

2023-04-05 12:36:29 - [TEST_STEP][PASSED] - verifyElementVisible(findTestObject("04-Add my Organizations/Free limited Plan/button_INVITE EMPLOYEES etc")): Object 'Object Repository/04-Add my Organizations/Free limited Plan/button_INVITE EMPLOYEES etc' is visible

2023-04-05 12:36:30 - [MESSAGE][PASSED] - Object 'Object Repository/04-Add my Organizations/Free limited Plan/button_INVITE EMPLOYEES etc' is visible

2023-04-05 12:36:30 - [TEST_STEP][PASSED] - verifyElementVisible(findTestObject("04-Add my Organizations/Free limited Plan/button_SET UP TEAM")): Object 'Object Repository/04-Add my Organizations/Free limited Plan/button_SET UP TEAM' is visible

2023-04-05 12:36:32 - [MESSAGE][PASSED] - Object 'Object Repository/04-Add my Organizations/Free limited Plan/button_SET UP TEAM' is visible

2023-04-05 12:36:32 - [TEST_STEP][PASSED] - verifyElementVisible(findTestObject("04-Add my Organizations/Free limited Plan/button_LEARN MORE")): Object 'Object Repository/04-Add my Organizations/Free limited Plan/button_LEARN MORE' is visible

2023-04-05 12:36:32 - [MESSAGE][PASSED] - Object 'Object Repository/04-Add my Organizations/Free limited Plan/button_LEARN MORE' is visible

2023-04-05 12:36:32 - [TEST_STEP][PASSED] - delay(5): Delayed 5 second(s)

2023-04-05 12:36:37 - [MESSAGE][PASSED] - Delayed 5 second(s)

2023-04-05 12:36:37 - [TEST_STEP][PASSED] - click(findTestObject("04-Add my Organizations/Free limited Plan/button_DO THIS LATER")): Object: 'Object Repository/04-Add my Organizations/Free limited Plan/button_DO THIS LATER' is clicked on

2023-04-05 12:36:38 - [MESSAGE][PASSED] - Object: 'Object Repository/04-Add my Organizations/Free limited Plan/button_DO THIS LATER' is clicked on

2023-04-05 12:36:38 - [TEST_STEP][PASSED] - delay(1): Delayed 1 second(s)

2023-04-05 12:36:39 - [MESSAGE][PASSED] - Delayed 1 second(s)

2023-04-05 12:36:39 - [TEST_STEP][PASSED] - verifyElementVisible(findTestObject("04-Add my Organizations/Free limited Plan/span_GG Automation")): Object 'Object Repository/04-Add my Organizations/Free limited Plan/span_GG Automation' is visible

2023-04-05 12:36:40 - [MESSAGE][PASSED] - Object 'Object Repository/04-Add my Organizations/Free limited Plan/span_GG Automation' is visible

2023-04-05 12:36:40 - [TEST_STEP][PASSED] - delay(1): Delayed 1 second(s)

2023-04-05 12:36:41 - [MESSAGE][PASSED] - Delayed 1 second(s)

2023-04-05 12:36:41 - [TEST_STEP][PASSED] - closeBrowser(): Browser is closed

2023-04-05 12:36:43 - [MESSAGE][PASSED] - Browser is closed]]></system-out>
         <system-err><![CDATA[]]></system-err>
      </testcase>
      <system-out><![CDATA[2023-04-05 12:33:03 - [TEST_SUITE][PASSED] - 04-Add my Organizations: Test Cases/04-Add my Organizations/03- Free limited Plan (Positive Scenarios)]]></system-out>
      <system-err><![CDATA[]]></system-err>
   </testsuite>
</testsuites>
