<?xml version="1.0" encoding="UTF-8"?>
<testsuites name="09-Settings" time="1130.378" tests="5" failures="0" errors="0">
   <testsuite name="09-Settings" tests="5" failures="0" errors="0" time="1130.378" skipped="0" timestamp="2022-10-05 16:06:06" hostname="User - DESKTOP-QCRNR4M" id="Test Suites/TS-Organization/09-Settings">
      <properties>
         <property name="deviceName" value=""/>
         <property name="devicePlatform" value=""/>
         <property name="logFolder" value="C:\\Users\\User\\Katalon Studio\\EverleaguesMain\\Reports\\20221005_160604\\TS-Organization\\09-Settings\\20221005_160604"/>
         <property name="logFiles" value="C:\\Users\\User\\Katalon Studio\\EverleaguesMain\\Reports\\20221005_160604\\TS-Organization\\09-Settings\\20221005_160604\\execution0.log"/>
         <property name="attachments" value=""/>
         <property name="hostName" value="User - DESKTOP-QCRNR4M"/>
         <property name="os" value="Windows 10 64bit"/>
         <property name="katalonVersion" value="8.4.1.208"/>
         <property name="browser" value="Chrome 106.0.0.0"/>
         <property name="hostAddress" value="192.168.5.124"/>
         <property name="sessionId" value="95493e2256e7ce8ee8a5f66421280c6a"/>
         <property name="seleniumVersion" value="3.141.59"/>
         <property name="proxyInformation" value="ProxyInformation { proxyOption=NO_PROXY, proxyServerType=HTTP, username=, password=********, proxyServerAddress=, proxyServerPort=0, executionList=&quot;&quot;, isApplyToDesiredCapabilities=true }"/>
         <property name="platform" value="Windows 10"/>
      </properties>
      <testcase name="Test Cases/09-Settings/01 - Users (Invite new user but field are blank)" time="135.654" classname="Test Cases/09-Settings/01 - Users (Invite new user but field are blank)" status="PASSED">
         <system-out><![CDATA[2022-10-05 16:06:07 - [TEST_CASE][PASSED] - Test Cases/09-Settings/01 - Users (Invite new user but field are blank): Test Cases/09-Settings/01 - Users (Invite new user but field are blank)

2022-10-05 16:06:07 - [TEST_STEP][PASSED] - openBrowser(""): Browser is opened with url: ''

2022-10-05 16:06:07 - [MESSAGE][INFO] - Starting 'Chrome' driver

2022-10-05 16:06:07 - [MESSAGE][INFO] - Action delay is set to 0 milliseconds

2022-10-05 16:06:09 - [MESSAGE][PASSED] - Browser is opened with url: ''

2022-10-05 16:06:09 - [TEST_STEP][PASSED] - navigateToUrl("https://lab.everleagues.com/"): Navigate to 'https://lab.everleagues.com/' successfully

2022-10-05 16:07:01 - [MESSAGE][PASSED] - Navigate to 'https://lab.everleagues.com/' successfully

2022-10-05 16:07:01 - [TEST_STEP][PASSED] - maximizeWindow(): Current window maximized

2022-10-05 16:07:01 - [MESSAGE][PASSED] - Current window maximized

2022-10-05 16:07:01 - [TEST_STEP][PASSED] - setText(findTestObject("02-Side Icons(Organization)/Add Contact/Email Field"), "testuser02@mailinator.com"): Text 'testuser02@mailinator.com' is set on object 'Object Repository/02-Side Icons(Organization)/Add Contact/Email Field'

2022-10-05 16:07:02 - [MESSAGE][PASSED] - Text 'testuser02@mailinator.com' is set on object 'Object Repository/02-Side Icons(Organization)/Add Contact/Email Field'

2022-10-05 16:07:02 - [TEST_STEP][PASSED] - setEncryptedText(findTestObject("02-Side Icons(Organization)/Add Contact/Password Field"), "8yFRyszE6U6jvsCn51OQbg=="): Text ****** has been set on object 'Object Repository/02-Side Icons(Organization)/Add Contact/Password Field'

2022-10-05 16:07:02 - [MESSAGE][PASSED] - Text ****** has been set on object 'Object Repository/02-Side Icons(Organization)/Add Contact/Password Field'

2022-10-05 16:07:02 - [TEST_STEP][PASSED] - click(findTestObject("02-Side Icons(Organization)/Add Contact/button_Sign in")): Object: 'Object Repository/02-Side Icons(Organization)/Add Contact/button_Sign in' is clicked on

2022-10-05 16:07:03 - [MESSAGE][PASSED] - Object: 'Object Repository/02-Side Icons(Organization)/Add Contact/button_Sign in' is clicked on

2022-10-05 16:07:03 - [TEST_STEP][PASSED] - delay(2): Delayed 2 second(s)

2022-10-05 16:07:05 - [MESSAGE][PASSED] - Delayed 2 second(s)

2022-10-05 16:07:05 - [TEST_STEP][PASSED] - click(findTestObject("06-Teams/For 2FA/button_Confirm_2FA")): Object: 'Object Repository/06-Teams/For 2FA/button_Confirm_2FA' is clicked on

2022-10-05 16:07:05 - [MESSAGE][PASSED] - Object: 'Object Repository/06-Teams/For 2FA/button_Confirm_2FA' is clicked on

2022-10-05 16:07:05 - [TEST_STEP][PASSED] - executeJavaScript("window.open();", []): Execute JavaScript 'window.open();' successfully

2022-10-05 16:07:05 - [MESSAGE][PASSED] - Execute JavaScript 'window.open();' successfully

2022-10-05 16:07:05 - [TEST_STEP][PASSED] - currentWindow = getWindowIndex(): Current window's index is: 0

2022-10-05 16:07:06 - [MESSAGE][PASSED] - Current window's index is: 0

2022-10-05 16:07:06 - [TEST_STEP][PASSED] - delay(3): Delayed 3 second(s)

2022-10-05 16:07:09 - [MESSAGE][PASSED] - Delayed 3 second(s)

2022-10-05 16:07:09 - [TEST_STEP][PASSED] - switchToWindowIndex(currentWindow + 1): Switched to window with index: '1'

2022-10-05 16:07:09 - [MESSAGE][PASSED] - Switched to window with index: '1'

2022-10-05 16:07:09 - [TEST_STEP][PASSED] - navigateToUrl("https://www.mailinator.com/"): Navigate to 'https://www.mailinator.com/' successfully

2022-10-05 16:07:10 - [MESSAGE][PASSED] - Navigate to 'https://www.mailinator.com/' successfully

2022-10-05 16:07:10 - [TEST_STEP][PASSED] - delay(3): Delayed 3 second(s)

2022-10-05 16:07:13 - [MESSAGE][PASSED] - Delayed 3 second(s)

2022-10-05 16:07:13 - [TEST_STEP][PASSED] - setText(findTestObject("00-Signup and Activation/zMailinator/input_LOGIN_search"), "testuser02@mailinator.com"): Text 'testuser02@mailinator.com' is set on object 'Object Repository/00-Signup and Activation/zMailinator/input_LOGIN_search'

2022-10-05 16:07:14 - [MESSAGE][PASSED] - Text 'testuser02@mailinator.com' is set on object 'Object Repository/00-Signup and Activation/zMailinator/input_LOGIN_search'

2022-10-05 16:07:14 - [TEST_STEP][PASSED] - click(findTestObject("00-Signup and Activation/zMailinator/gobutton"), STOP_ON_FAILURE): Object: 'Object Repository/00-Signup and Activation/zMailinator/gobutton' is clicked on

2022-10-05 16:07:16 - [MESSAGE][PASSED] - Object: 'Object Repository/00-Signup and Activation/zMailinator/gobutton' is clicked on

2022-10-05 16:07:16 - [TEST_STEP][PASSED] - delay(3): Delayed 3 second(s)

2022-10-05 16:07:19 - [MESSAGE][PASSED] - Delayed 3 second(s)

2022-10-05 16:07:19 - [TEST_STEP][PASSED] - click(findTestObject("00-Signup and Activation/zMailinator/Email - everleagues")): Object: 'Object Repository/00-Signup and Activation/zMailinator/Email - everleagues' is clicked on

2022-10-05 16:07:19 - [MESSAGE][PASSED] - Object: 'Object Repository/00-Signup and Activation/zMailinator/Email - everleagues' is clicked on

2022-10-05 16:07:19 - [TEST_STEP][PASSED] - delay(3): Delayed 3 second(s)

2022-10-05 16:07:22 - [MESSAGE][PASSED] - Delayed 3 second(s)

2022-10-05 16:07:22 - [TEST_STEP][PASSED] - code = getText(findTestObject("Object Repository/06-Teams/For 2FA/2FA code")): Text of object 'Object Repository/06-Teams/For 2FA/2FA code' is: '979911'

2022-10-05 16:07:23 - [MESSAGE][PASSED] - Text of object 'Object Repository/06-Teams/For 2FA/2FA code' is: '979911'

2022-10-05 16:07:23 - [TEST_STEP][PASSED] - delay(3): Delayed 3 second(s)

2022-10-05 16:07:26 - [MESSAGE][PASSED] - Delayed 3 second(s)

2022-10-05 16:07:26 - [TEST_STEP][PASSED] - closeWindowTitle("Mailinator"): Window with title: 'Mailinator' is closed

2022-10-05 16:07:26 - [MESSAGE][PASSED] - Window with title: 'Mailinator' is closed

2022-10-05 16:07:26 - [TEST_STEP][PASSED] - delay(3): Delayed 3 second(s)

2022-10-05 16:07:29 - [MESSAGE][PASSED] - Delayed 3 second(s)

2022-10-05 16:07:29 - [TEST_STEP][PASSED] - switchToWindowIndex(0): Switched to window with index: '0'

2022-10-05 16:07:29 - [MESSAGE][PASSED] - Switched to window with index: '0'

2022-10-05 16:07:29 - [TEST_STEP][PASSED] - delay(3): Delayed 3 second(s)

2022-10-05 16:07:32 - [MESSAGE][PASSED] - Delayed 3 second(s)

2022-10-05 16:07:32 - [TEST_STEP][PASSED] - setText(findTestObject("Object Repository/06-Teams/For 2FA/input_Enter verification code_code"), code): Text '979911' is set on object 'Object Repository/06-Teams/For 2FA/input_Enter verification code_code'

2022-10-05 16:07:33 - [MESSAGE][PASSED] - Text '979911' is set on object 'Object Repository/06-Teams/For 2FA/input_Enter verification code_code'

2022-10-05 16:07:33 - [TEST_STEP][PASSED] - delay(3): Delayed 3 second(s)

2022-10-05 16:07:36 - [MESSAGE][PASSED] - Delayed 3 second(s)

2022-10-05 16:07:36 - [TEST_STEP][PASSED] - click(findTestObject("06-Teams/For 2FA/button_Verify_2FA")): Object: 'Object Repository/06-Teams/For 2FA/button_Verify_2FA' is clicked on

2022-10-05 16:07:37 - [MESSAGE][PASSED] - Object: 'Object Repository/06-Teams/For 2FA/button_Verify_2FA' is clicked on

2022-10-05 16:07:37 - [TEST_STEP][PASSED] - delay(5): Delayed 5 second(s)

2022-10-05 16:07:42 - [MESSAGE][PASSED] - Delayed 5 second(s)

2022-10-05 16:07:42 - [TEST_STEP][PASSED] - click(findTestObject("06-Teams/button_doublearrow")): Object: 'Object Repository/06-Teams/button_doublearrow' is clicked on

2022-10-05 16:07:43 - [MESSAGE][PASSED] - Object: 'Object Repository/06-Teams/button_doublearrow' is clicked on

2022-10-05 16:07:43 - [TEST_STEP][PASSED] - click(findTestObject("06-Teams/button_My Organizations")): Object: 'Object Repository/06-Teams/button_My Organizations' is clicked on

2022-10-05 16:07:43 - [MESSAGE][PASSED] - Object: 'Object Repository/06-Teams/button_My Organizations' is clicked on

2022-10-05 16:07:43 - [TEST_STEP][PASSED] - click(findTestObject("06-Teams/button_GG Automation")): Object: 'Object Repository/06-Teams/button_GG Automation' is clicked on

2022-10-05 16:07:44 - [MESSAGE][PASSED] - Object: 'Object Repository/06-Teams/button_GG Automation' is clicked on

2022-10-05 16:07:44 - [TEST_STEP][PASSED] - delay(4): Delayed 4 second(s)

2022-10-05 16:07:48 - [MESSAGE][PASSED] - Delayed 4 second(s)

2022-10-05 16:07:48 - [TEST_STEP][PASSED] - verifyElementVisible(findTestObject("06-Teams/span_GG Automation")): Object 'Object Repository/06-Teams/span_GG Automation' is visible

2022-10-05 16:07:49 - [MESSAGE][PASSED] - Object 'Object Repository/06-Teams/span_GG Automation' is visible

2022-10-05 16:07:49 - [TEST_STEP][PASSED] - delay(10): Delayed 10 second(s)

2022-10-05 16:07:59 - [MESSAGE][PASSED] - Delayed 10 second(s)

2022-10-05 16:07:59 - [TEST_STEP][PASSED] - click(findTestObject("03-Header Menu/Hamburger Button/div_Settings")): Object: 'Object Repository/03-Header Menu/Hamburger Button/div_Settings' is clicked on

2022-10-05 16:07:59 - [MESSAGE][PASSED] - Object: 'Object Repository/03-Header Menu/Hamburger Button/div_Settings' is clicked on

2022-10-05 16:07:59 - [TEST_STEP][PASSED] - verifyElementVisible(findTestObject("09-Settings/Users/div_Organization")): Object 'Object Repository/09-Settings/Users/div_Organization' is visible

2022-10-05 16:08:00 - [MESSAGE][PASSED] - Object 'Object Repository/09-Settings/Users/div_Organization' is visible

2022-10-05 16:08:00 - [TEST_STEP][PASSED] - verifyElementVisible(findTestObject("09-Settings/Users/div_Organization Units")): Object 'Object Repository/09-Settings/Users/div_Organization Units' is visible

2022-10-05 16:08:00 - [MESSAGE][PASSED] - Object 'Object Repository/09-Settings/Users/div_Organization Units' is visible

2022-10-05 16:08:00 - [TEST_STEP][PASSED] - verifyElementVisible(findTestObject("09-Settings/Users/div_Subscriptions")): Object 'Object Repository/09-Settings/Users/div_Subscriptions' is visible

2022-10-05 16:08:00 - [MESSAGE][PASSED] - Object 'Object Repository/09-Settings/Users/div_Subscriptions' is visible

2022-10-05 16:08:00 - [TEST_STEP][PASSED] - verifyElementVisible(findTestObject("09-Settings/Users/div_Users")): Object 'Object Repository/09-Settings/Users/div_Users' is visible

2022-10-05 16:08:01 - [MESSAGE][PASSED] - Object 'Object Repository/09-Settings/Users/div_Users' is visible

2022-10-05 16:08:01 - [TEST_STEP][PASSED] - delay(3): Delayed 3 second(s)

2022-10-05 16:08:04 - [MESSAGE][PASSED] - Delayed 3 second(s)

2022-10-05 16:08:04 - [TEST_STEP][PASSED] - click(findTestObject("09-Settings/Users/div_Users")): Object: 'Object Repository/09-Settings/Users/div_Users' is clicked on

2022-10-05 16:08:04 - [MESSAGE][PASSED] - Object: 'Object Repository/09-Settings/Users/div_Users' is clicked on

2022-10-05 16:08:04 - [TEST_STEP][PASSED] - verifyElementVisible(findTestObject("09-Settings/Users/h4_USERS")): Object 'Object Repository/09-Settings/Users/h4_USERS' is visible

2022-10-05 16:08:05 - [MESSAGE][PASSED] - Object 'Object Repository/09-Settings/Users/h4_USERS' is visible

2022-10-05 16:08:05 - [TEST_STEP][PASSED] - verifyElementVisible(findTestObject("09-Settings/Users/User Page")): Object 'Object Repository/09-Settings/Users/User Page' is visible

2022-10-05 16:08:06 - [MESSAGE][PASSED] - Object 'Object Repository/09-Settings/Users/User Page' is visible

2022-10-05 16:08:06 - [TEST_STEP][PASSED] - delay(3): Delayed 3 second(s)

2022-10-05 16:08:09 - [MESSAGE][PASSED] - Delayed 3 second(s)

2022-10-05 16:08:09 - [TEST_STEP][PASSED] - click(findTestObject("09-Settings/Users/button_add")): Object: 'Object Repository/09-Settings/Users/button_add' is clicked on

2022-10-05 16:08:09 - [MESSAGE][PASSED] - Object: 'Object Repository/09-Settings/Users/button_add' is clicked on

2022-10-05 16:08:09 - [TEST_STEP][PASSED] - verifyElementVisible(findTestObject("09-Settings/Users/User Invitation modal")): Object 'Object Repository/09-Settings/Users/User Invitation modal' is visible

2022-10-05 16:08:10 - [MESSAGE][PASSED] - Object 'Object Repository/09-Settings/Users/User Invitation modal' is visible

2022-10-05 16:08:10 - [TEST_STEP][PASSED] - delay(3): Delayed 3 second(s)

2022-10-05 16:08:13 - [MESSAGE][PASSED] - Delayed 3 second(s)

2022-10-05 16:08:13 - [TEST_STEP][PASSED] - click(findTestObject("09-Settings/Users/add Invite a single user")): Object: 'Object Repository/09-Settings/Users/add Invite a single user' is clicked on

2022-10-05 16:08:13 - [MESSAGE][PASSED] - Object: 'Object Repository/09-Settings/Users/add Invite a single user' is clicked on

2022-10-05 16:08:13 - [TEST_STEP][PASSED] - verifyElementVisible(findTestObject("09-Settings/Users/Invite new user modal")): Object 'Object Repository/09-Settings/Users/Invite new user modal' is visible

2022-10-05 16:08:14 - [MESSAGE][PASSED] - Object 'Object Repository/09-Settings/Users/Invite new user modal' is visible

2022-10-05 16:08:14 - [TEST_STEP][PASSED] - click(findTestObject("09-Settings/Users/input_email")): Object: 'Object Repository/09-Settings/Users/input_email' is clicked on

2022-10-05 16:08:15 - [MESSAGE][PASSED] - Object: 'Object Repository/09-Settings/Users/input_email' is clicked on

2022-10-05 16:08:15 - [TEST_STEP][PASSED] - click(findTestObject("09-Settings/Users/input_firstName")): Object: 'Object Repository/09-Settings/Users/input_firstName' is clicked on

2022-10-05 16:08:15 - [MESSAGE][PASSED] - Object: 'Object Repository/09-Settings/Users/input_firstName' is clicked on

2022-10-05 16:08:15 - [TEST_STEP][PASSED] - click(findTestObject("09-Settings/Users/input_lastName")): Object: 'Object Repository/09-Settings/Users/input_lastName' is clicked on

2022-10-05 16:08:15 - [MESSAGE][PASSED] - Object: 'Object Repository/09-Settings/Users/input_lastName' is clicked on

2022-10-05 16:08:15 - [TEST_STEP][PASSED] - click(findTestObject("09-Settings/Users/span_Role")): Object: 'Object Repository/09-Settings/Users/span_Role' is clicked on

2022-10-05 16:08:16 - [MESSAGE][PASSED] - Object: 'Object Repository/09-Settings/Users/span_Role' is clicked on

2022-10-05 16:08:16 - [TEST_STEP][PASSED] - clickOffset(findTestObject("09-Settings/Users/h4_Invite New User"), 100, 100): Object: 'Object Repository/09-Settings/Users/h4_Invite New User' is clicked on using offset x=100 and y=100

2022-10-05 16:08:17 - [MESSAGE][PASSED] - Object: 'Object Repository/09-Settings/Users/h4_Invite New User' is clicked on using offset x=100 and y=100

2022-10-05 16:08:17 - [TEST_STEP][PASSED] - verifyElementVisible(findTestObject("09-Settings/Users/Email required")): Object 'Object Repository/09-Settings/Users/Email required' is visible

2022-10-05 16:08:18 - [MESSAGE][PASSED] - Object 'Object Repository/09-Settings/Users/Email required' is visible

2022-10-05 16:08:18 - [TEST_STEP][PASSED] - verifyElementVisible(findTestObject("09-Settings/Users/Firstname required")): Object 'Object Repository/09-Settings/Users/Firstname required' is visible

2022-10-05 16:08:18 - [MESSAGE][PASSED] - Object 'Object Repository/09-Settings/Users/Firstname required' is visible

2022-10-05 16:08:18 - [TEST_STEP][PASSED] - verifyElementVisible(findTestObject("09-Settings/Users/last name required")): Object 'Object Repository/09-Settings/Users/last name required' is visible

2022-10-05 16:08:18 - [MESSAGE][PASSED] - Object 'Object Repository/09-Settings/Users/last name required' is visible

2022-10-05 16:08:18 - [TEST_STEP][PASSED] - verifyElementVisible(findTestObject("09-Settings/Users/error_Select a role")): Object 'Object Repository/09-Settings/Users/error_Select a role' is visible

2022-10-05 16:08:18 - [MESSAGE][PASSED] - Object 'Object Repository/09-Settings/Users/error_Select a role' is visible

2022-10-05 16:08:18 - [TEST_STEP][PASSED] - delay(3): Delayed 3 second(s)

2022-10-05 16:08:21 - [MESSAGE][PASSED] - Delayed 3 second(s)

2022-10-05 16:08:21 - [TEST_STEP][PASSED] - closeBrowser(): Browser is closed

2022-10-05 16:08:22 - [MESSAGE][PASSED] - Browser is closed]]></system-out>
         <system-err><![CDATA[]]></system-err>
      </testcase>
      <testcase name="Test Cases/09-Settings/02 - Users (Invite new user as co worker)" time="429.177" classname="Test Cases/09-Settings/02 - Users (Invite new user as co worker)" status="PASSED">
         <system-out><![CDATA[2022-10-05 16:08:22 - [TEST_CASE][PASSED] - Test Cases/09-Settings/02 - Users (Invite new user as co worker): Test Cases/09-Settings/02 - Users (Invite new user as co worker)

2022-10-05 16:08:22 - [TEST_STEP][PASSED] - openBrowser(""): Browser is opened with url: ''

2022-10-05 16:08:23 - [MESSAGE][INFO] - Starting 'Chrome' driver

2022-10-05 16:08:23 - [MESSAGE][INFO] - Action delay is set to 0 milliseconds

2022-10-05 16:08:24 - [MESSAGE][PASSED] - Browser is opened with url: ''

2022-10-05 16:08:24 - [TEST_STEP][PASSED] - navigateToUrl("https://lab.everleagues.com/"): Navigate to 'https://lab.everleagues.com/' successfully

2022-10-05 16:08:38 - [MESSAGE][PASSED] - Navigate to 'https://lab.everleagues.com/' successfully

2022-10-05 16:08:38 - [TEST_STEP][PASSED] - maximizeWindow(): Current window maximized

2022-10-05 16:08:39 - [MESSAGE][PASSED] - Current window maximized

2022-10-05 16:08:39 - [TEST_STEP][PASSED] - setText(findTestObject("02-Side Icons(Organization)/Add Contact/Email Field"), "testuser02@mailinator.com"): Text 'testuser02@mailinator.com' is set on object 'Object Repository/02-Side Icons(Organization)/Add Contact/Email Field'

2022-10-05 16:08:39 - [MESSAGE][PASSED] - Text 'testuser02@mailinator.com' is set on object 'Object Repository/02-Side Icons(Organization)/Add Contact/Email Field'

2022-10-05 16:08:39 - [TEST_STEP][PASSED] - setEncryptedText(findTestObject("02-Side Icons(Organization)/Add Contact/Password Field"), "8yFRyszE6U6jvsCn51OQbg=="): Text ****** has been set on object 'Object Repository/02-Side Icons(Organization)/Add Contact/Password Field'

2022-10-05 16:08:40 - [MESSAGE][PASSED] - Text ****** has been set on object 'Object Repository/02-Side Icons(Organization)/Add Contact/Password Field'

2022-10-05 16:08:40 - [TEST_STEP][PASSED] - click(findTestObject("02-Side Icons(Organization)/Add Contact/button_Sign in")): Object: 'Object Repository/02-Side Icons(Organization)/Add Contact/button_Sign in' is clicked on

2022-10-05 16:08:40 - [MESSAGE][PASSED] - Object: 'Object Repository/02-Side Icons(Organization)/Add Contact/button_Sign in' is clicked on

2022-10-05 16:08:40 - [TEST_STEP][PASSED] - delay(2): Delayed 2 second(s)

2022-10-05 16:08:42 - [MESSAGE][PASSED] - Delayed 2 second(s)

2022-10-05 16:08:42 - [TEST_STEP][PASSED] - click(findTestObject("06-Teams/For 2FA/button_Confirm_2FA")): Object: 'Object Repository/06-Teams/For 2FA/button_Confirm_2FA' is clicked on

2022-10-05 16:08:43 - [MESSAGE][PASSED] - Object: 'Object Repository/06-Teams/For 2FA/button_Confirm_2FA' is clicked on

2022-10-05 16:08:43 - [TEST_STEP][PASSED] - executeJavaScript("window.open();", []): Execute JavaScript 'window.open();' successfully

2022-10-05 16:08:43 - [MESSAGE][PASSED] - Execute JavaScript 'window.open();' successfully

2022-10-05 16:08:43 - [TEST_STEP][PASSED] - currentWindow = getWindowIndex(): Current window's index is: 0

2022-10-05 16:08:43 - [MESSAGE][PASSED] - Current window's index is: 0

2022-10-05 16:08:43 - [TEST_STEP][PASSED] - delay(3): Delayed 3 second(s)

2022-10-05 16:08:46 - [MESSAGE][PASSED] - Delayed 3 second(s)

2022-10-05 16:08:46 - [TEST_STEP][PASSED] - switchToWindowIndex(currentWindow + 1): Switched to window with index: '1'

2022-10-05 16:08:46 - [MESSAGE][PASSED] - Switched to window with index: '1'

2022-10-05 16:08:46 - [TEST_STEP][PASSED] - navigateToUrl("https://www.mailinator.com/"): Navigate to 'https://www.mailinator.com/' successfully

2022-10-05 16:08:50 - [MESSAGE][PASSED] - Navigate to 'https://www.mailinator.com/' successfully

2022-10-05 16:08:50 - [TEST_STEP][PASSED] - delay(3): Delayed 3 second(s)

2022-10-05 16:08:53 - [MESSAGE][PASSED] - Delayed 3 second(s)

2022-10-05 16:08:53 - [TEST_STEP][PASSED] - setText(findTestObject("00-Signup and Activation/zMailinator/input_LOGIN_search"), "testuser02@mailinator.com"): Text 'testuser02@mailinator.com' is set on object 'Object Repository/00-Signup and Activation/zMailinator/input_LOGIN_search'

2022-10-05 16:08:54 - [MESSAGE][PASSED] - Text 'testuser02@mailinator.com' is set on object 'Object Repository/00-Signup and Activation/zMailinator/input_LOGIN_search'

2022-10-05 16:08:54 - [TEST_STEP][PASSED] - click(findTestObject("00-Signup and Activation/zMailinator/gobutton"), STOP_ON_FAILURE): Object: 'Object Repository/00-Signup and Activation/zMailinator/gobutton' is clicked on

2022-10-05 16:08:55 - [MESSAGE][PASSED] - Object: 'Object Repository/00-Signup and Activation/zMailinator/gobutton' is clicked on

2022-10-05 16:08:55 - [TEST_STEP][PASSED] - delay(3): Delayed 3 second(s)

2022-10-05 16:08:58 - [MESSAGE][PASSED] - Delayed 3 second(s)

2022-10-05 16:08:58 - [TEST_STEP][PASSED] - click(findTestObject("00-Signup and Activation/zMailinator/Email - everleagues")): Object: 'Object Repository/00-Signup and Activation/zMailinator/Email - everleagues' is clicked on

2022-10-05 16:08:58 - [MESSAGE][PASSED] - Object: 'Object Repository/00-Signup and Activation/zMailinator/Email - everleagues' is clicked on

2022-10-05 16:08:58 - [TEST_STEP][PASSED] - delay(3): Delayed 3 second(s)

2022-10-05 16:09:01 - [MESSAGE][PASSED] - Delayed 3 second(s)

2022-10-05 16:09:01 - [TEST_STEP][PASSED] - code = getText(findTestObject("Object Repository/06-Teams/For 2FA/2FA code")): Text of object 'Object Repository/06-Teams/For 2FA/2FA code' is: '979911'

2022-10-05 16:09:02 - [MESSAGE][PASSED] - Text of object 'Object Repository/06-Teams/For 2FA/2FA code' is: '979911'

2022-10-05 16:09:02 - [TEST_STEP][PASSED] - delay(3): Delayed 3 second(s)

2022-10-05 16:09:05 - [MESSAGE][PASSED] - Delayed 3 second(s)

2022-10-05 16:09:05 - [TEST_STEP][PASSED] - closeWindowTitle("Mailinator"): Window with title: 'Mailinator' is closed

2022-10-05 16:09:05 - [MESSAGE][PASSED] - Window with title: 'Mailinator' is closed

2022-10-05 16:09:05 - [TEST_STEP][PASSED] - delay(3): Delayed 3 second(s)

2022-10-05 16:09:08 - [MESSAGE][PASSED] - Delayed 3 second(s)

2022-10-05 16:09:08 - [TEST_STEP][PASSED] - switchToWindowIndex(0): Switched to window with index: '0'

2022-10-05 16:09:08 - [MESSAGE][PASSED] - Switched to window with index: '0'

2022-10-05 16:09:08 - [TEST_STEP][PASSED] - delay(3): Delayed 3 second(s)

2022-10-05 16:09:11 - [MESSAGE][PASSED] - Delayed 3 second(s)

2022-10-05 16:09:11 - [TEST_STEP][PASSED] - setText(findTestObject("Object Repository/06-Teams/For 2FA/input_Enter verification code_code"), code): Text '979911' is set on object 'Object Repository/06-Teams/For 2FA/input_Enter verification code_code'

2022-10-05 16:09:12 - [MESSAGE][PASSED] - Text '979911' is set on object 'Object Repository/06-Teams/For 2FA/input_Enter verification code_code'

2022-10-05 16:09:12 - [TEST_STEP][PASSED] - delay(3): Delayed 3 second(s)

2022-10-05 16:09:15 - [MESSAGE][PASSED] - Delayed 3 second(s)

2022-10-05 16:09:15 - [TEST_STEP][PASSED] - click(findTestObject("06-Teams/For 2FA/button_Verify_2FA")): Object: 'Object Repository/06-Teams/For 2FA/button_Verify_2FA' is clicked on

2022-10-05 16:09:16 - [MESSAGE][PASSED] - Object: 'Object Repository/06-Teams/For 2FA/button_Verify_2FA' is clicked on

2022-10-05 16:09:16 - [TEST_STEP][PASSED] - delay(5): Delayed 5 second(s)

2022-10-05 16:09:21 - [MESSAGE][PASSED] - Delayed 5 second(s)

2022-10-05 16:09:21 - [TEST_STEP][PASSED] - click(findTestObject("06-Teams/button_doublearrow")): Object: 'Object Repository/06-Teams/button_doublearrow' is clicked on

2022-10-05 16:09:22 - [MESSAGE][PASSED] - Object: 'Object Repository/06-Teams/button_doublearrow' is clicked on

2022-10-05 16:09:22 - [TEST_STEP][PASSED] - click(findTestObject("06-Teams/button_My Organizations")): Object: 'Object Repository/06-Teams/button_My Organizations' is clicked on

2022-10-05 16:09:23 - [MESSAGE][PASSED] - Object: 'Object Repository/06-Teams/button_My Organizations' is clicked on

2022-10-05 16:09:23 - [TEST_STEP][PASSED] - click(findTestObject("06-Teams/button_GG Automation")): Object: 'Object Repository/06-Teams/button_GG Automation' is clicked on

2022-10-05 16:09:23 - [MESSAGE][PASSED] - Object: 'Object Repository/06-Teams/button_GG Automation' is clicked on

2022-10-05 16:09:23 - [TEST_STEP][PASSED] - delay(4): Delayed 4 second(s)

2022-10-05 16:09:27 - [MESSAGE][PASSED] - Delayed 4 second(s)

2022-10-05 16:09:27 - [TEST_STEP][PASSED] - verifyElementVisible(findTestObject("06-Teams/span_GG Automation")): Object 'Object Repository/06-Teams/span_GG Automation' is visible

2022-10-05 16:09:28 - [MESSAGE][PASSED] - Object 'Object Repository/06-Teams/span_GG Automation' is visible

2022-10-05 16:09:28 - [TEST_STEP][PASSED] - delay(10): Delayed 10 second(s)

2022-10-05 16:09:38 - [MESSAGE][PASSED] - Delayed 10 second(s)

2022-10-05 16:09:38 - [TEST_STEP][PASSED] - click(findTestObject("03-Header Menu/Hamburger Button/div_Settings")): Object: 'Object Repository/03-Header Menu/Hamburger Button/div_Settings' is clicked on

2022-10-05 16:09:38 - [MESSAGE][PASSED] - Object: 'Object Repository/03-Header Menu/Hamburger Button/div_Settings' is clicked on

2022-10-05 16:09:38 - [TEST_STEP][PASSED] - delay(3): Delayed 3 second(s)

2022-10-05 16:09:41 - [MESSAGE][PASSED] - Delayed 3 second(s)

2022-10-05 16:09:41 - [TEST_STEP][PASSED] - click(findTestObject("09-Settings/Users/div_Users")): Object: 'Object Repository/09-Settings/Users/div_Users' is clicked on

2022-10-05 16:09:42 - [MESSAGE][PASSED] - Object: 'Object Repository/09-Settings/Users/div_Users' is clicked on

2022-10-05 16:09:42 - [TEST_STEP][PASSED] - delay(3): Delayed 3 second(s)

2022-10-05 16:09:45 - [MESSAGE][PASSED] - Delayed 3 second(s)

2022-10-05 16:09:45 - [TEST_STEP][PASSED] - click(findTestObject("09-Settings/Users/button_add")): Object: 'Object Repository/09-Settings/Users/button_add' is clicked on

2022-10-05 16:09:45 - [MESSAGE][PASSED] - Object: 'Object Repository/09-Settings/Users/button_add' is clicked on

2022-10-05 16:09:45 - [TEST_STEP][PASSED] - delay(3): Delayed 3 second(s)

2022-10-05 16:09:48 - [MESSAGE][PASSED] - Delayed 3 second(s)

2022-10-05 16:09:48 - [TEST_STEP][PASSED] - click(findTestObject("09-Settings/Users/add Invite a single user")): Object: 'Object Repository/09-Settings/Users/add Invite a single user' is clicked on

2022-10-05 16:09:49 - [MESSAGE][PASSED] - Object: 'Object Repository/09-Settings/Users/add Invite a single user' is clicked on

2022-10-05 16:09:49 - [TEST_STEP][PASSED] - delay(3): Delayed 3 second(s)

2022-10-05 16:09:52 - [MESSAGE][PASSED] - Delayed 3 second(s)

2022-10-05 16:09:52 - [TEST_STEP][PASSED] - setText(findTestObject("09-Settings/Users/input_email"), "autotester04@mailinator.com"): Text 'autotester04@mailinator.com' is set on object 'Object Repository/09-Settings/Users/input_email'

2022-10-05 16:09:53 - [MESSAGE][PASSED] - Text 'autotester04@mailinator.com' is set on object 'Object Repository/09-Settings/Users/input_email'

2022-10-05 16:09:53 - [TEST_STEP][PASSED] - setText(findTestObject("09-Settings/Users/input_firstName"), "GG"): Text 'GG' is set on object 'Object Repository/09-Settings/Users/input_firstName'

2022-10-05 16:09:53 - [MESSAGE][PASSED] - Text 'GG' is set on object 'Object Repository/09-Settings/Users/input_firstName'

2022-10-05 16:09:53 - [TEST_STEP][PASSED] - setText(findTestObject("09-Settings/Users/input_lastName"), "Auto Contact 2"): Text 'Auto Contact 2' is set on object 'Object Repository/09-Settings/Users/input_lastName'

2022-10-05 16:09:54 - [MESSAGE][PASSED] - Text 'Auto Contact 2' is set on object 'Object Repository/09-Settings/Users/input_lastName'

2022-10-05 16:09:54 - [TEST_STEP][PASSED] - click(findTestObject("09-Settings/Users/span_Role")): Object: 'Object Repository/09-Settings/Users/span_Role' is clicked on

2022-10-05 16:09:55 - [MESSAGE][PASSED] - Object: 'Object Repository/09-Settings/Users/span_Role' is clicked on

2022-10-05 16:09:55 - [TEST_STEP][PASSED] - click(findTestObject("09-Settings/Users/span_CoWorker")): Object: 'Object Repository/09-Settings/Users/span_CoWorker' is clicked on

2022-10-05 16:09:55 - [MESSAGE][PASSED] - Object: 'Object Repository/09-Settings/Users/span_CoWorker' is clicked on

2022-10-05 16:09:55 - [TEST_STEP][PASSED] - click(findTestObject("09-Settings/Users/button_Send Invitation")): Object: 'Object Repository/09-Settings/Users/button_Send Invitation' is clicked on

2022-10-05 16:09:56 - [MESSAGE][PASSED] - Object: 'Object Repository/09-Settings/Users/button_Send Invitation' is clicked on

2022-10-05 16:09:56 - [TEST_STEP][PASSED] - delay(2): Delayed 2 second(s)

2022-10-05 16:09:58 - [MESSAGE][PASSED] - Delayed 2 second(s)

2022-10-05 16:09:58 - [TEST_STEP][PASSED] - verifyElementVisible(findTestObject("07-Directory/Connections/zContact Profile/Successfully invited user")): Object 'Object Repository/07-Directory/Connections/zContact Profile/Successfully invited user' is visible

2022-10-05 16:10:00 - [MESSAGE][PASSED] - Object 'Object Repository/07-Directory/Connections/zContact Profile/Successfully invited user' is visible

2022-10-05 16:10:00 - [TEST_STEP][PASSED] - delay(2): Delayed 2 second(s)

2022-10-05 16:10:02 - [MESSAGE][PASSED] - Delayed 2 second(s)

2022-10-05 16:10:02 - [TEST_STEP][PASSED] - executeJavaScript("window.open();", []): Execute JavaScript 'window.open();' successfully

2022-10-05 16:10:02 - [MESSAGE][PASSED] - Execute JavaScript 'window.open();' successfully

2022-10-05 16:10:02 - [TEST_STEP][PASSED] - currentWindow = getWindowIndex(): Current window's index is: 0

2022-10-05 16:10:02 - [MESSAGE][PASSED] - Current window's index is: 0

2022-10-05 16:10:02 - [TEST_STEP][PASSED] - delay(3): Delayed 3 second(s)

2022-10-05 16:10:05 - [MESSAGE][PASSED] - Delayed 3 second(s)

2022-10-05 16:10:05 - [TEST_STEP][PASSED] - switchToWindowIndex(currentWindow + 1): Switched to window with index: '1'

2022-10-05 16:10:05 - [MESSAGE][PASSED] - Switched to window with index: '1'

2022-10-05 16:10:05 - [TEST_STEP][PASSED] - navigateToUrl("https://www.mailinator.com/"): Navigate to 'https://www.mailinator.com/' successfully

2022-10-05 16:10:06 - [MESSAGE][PASSED] - Navigate to 'https://www.mailinator.com/' successfully

2022-10-05 16:10:06 - [TEST_STEP][PASSED] - delay(3): Delayed 3 second(s)

2022-10-05 16:10:09 - [MESSAGE][PASSED] - Delayed 3 second(s)

2022-10-05 16:10:09 - [TEST_STEP][PASSED] - setText(findTestObject("00-Signup and Activation/zMailinator/input_LOGIN_search"), "autotester04@mailinator.com"): Text 'autotester04@mailinator.com' is set on object 'Object Repository/00-Signup and Activation/zMailinator/input_LOGIN_search'

2022-10-05 16:10:10 - [MESSAGE][PASSED] - Text 'autotester04@mailinator.com' is set on object 'Object Repository/00-Signup and Activation/zMailinator/input_LOGIN_search'

2022-10-05 16:10:10 - [TEST_STEP][PASSED] - click(findTestObject("00-Signup and Activation/zMailinator/gobutton"), STOP_ON_FAILURE): Object: 'Object Repository/00-Signup and Activation/zMailinator/gobutton' is clicked on

2022-10-05 16:10:10 - [MESSAGE][PASSED] - Object: 'Object Repository/00-Signup and Activation/zMailinator/gobutton' is clicked on

2022-10-05 16:10:10 - [TEST_STEP][PASSED] - delay(3): Delayed 3 second(s)

2022-10-05 16:10:13 - [MESSAGE][PASSED] - Delayed 3 second(s)

2022-10-05 16:10:13 - [TEST_STEP][PASSED] - closeWindowTitle("Everleagues"): Window with title: 'Everleagues' is closed

2022-10-05 16:10:14 - [MESSAGE][PASSED] - Window with title: 'Everleagues' is closed

2022-10-05 16:10:14 - [TEST_STEP][PASSED] - switchToWindowIndex(0): Switched to window with index: '0'

2022-10-05 16:10:14 - [MESSAGE][PASSED] - Switched to window with index: '0'

2022-10-05 16:10:14 - [TEST_STEP][PASSED] - click(findTestObject("09-Settings/Users/Co worker/td_Invitation from GG Automation")): Object: 'Object Repository/09-Settings/Users/Co worker/td_Invitation from GG Automation' is clicked on

2022-10-05 16:10:14 - [MESSAGE][PASSED] - Object: 'Object Repository/09-Settings/Users/Co worker/td_Invitation from GG Automation' is clicked on

2022-10-05 16:10:14 - [TEST_STEP][PASSED] - click(findTestObject("09-Settings/Users/Co worker/a_Click here to join GG Automation on EverLeagues")): Object: 'Object Repository/09-Settings/Users/Co worker/a_Click here to join GG Automation on EverLeagues' is clicked on

2022-10-05 16:10:15 - [MESSAGE][PASSED] - Object: 'Object Repository/09-Settings/Users/Co worker/a_Click here to join GG Automation on EverLeagues' is clicked on

2022-10-05 16:10:15 - [TEST_STEP][PASSED] - closeWindowTitle("Mailinator"): Window with title: 'Mailinator' is closed

2022-10-05 16:10:15 - [MESSAGE][PASSED] - Window with title: 'Mailinator' is closed

2022-10-05 16:10:15 - [TEST_STEP][PASSED] - switchToWindowIndex(0): Switched to window with index: '0'

2022-10-05 16:10:15 - [MESSAGE][PASSED] - Switched to window with index: '0'

2022-10-05 16:10:15 - [TEST_STEP][PASSED] - verifyElementVisible(findTestObject("09-Settings/Users/Co worker/Logout before proceed modal")): Object 'Object Repository/09-Settings/Users/Co worker/Logout before proceed modal' is visible

2022-10-05 16:10:21 - [MESSAGE][PASSED] - Object 'Object Repository/09-Settings/Users/Co worker/Logout before proceed modal' is visible

2022-10-05 16:10:21 - [TEST_STEP][PASSED] - click(findTestObject("09-Settings/Users/Co worker/button_Yes")): Object: 'Object Repository/09-Settings/Users/Co worker/button_Yes' is clicked on

2022-10-05 16:10:21 - [MESSAGE][PASSED] - Object: 'Object Repository/09-Settings/Users/Co worker/button_Yes' is clicked on

2022-10-05 16:10:21 - [TEST_STEP][PASSED] - delay(3): Delayed 3 second(s)

2022-10-05 16:10:24 - [MESSAGE][PASSED] - Delayed 3 second(s)

2022-10-05 16:10:24 - [TEST_STEP][PASSED] - setText(findTestObject("09-Settings/Users/Co worker/input_Email_email"), "autotester04@mailinator.com"): Text 'autotester04@mailinator.com' is set on object 'Object Repository/09-Settings/Users/Co worker/input_Email_email'

2022-10-05 16:11:25 - [MESSAGE][PASSED] - Text 'autotester04@mailinator.com' is set on object 'Object Repository/09-Settings/Users/Co worker/input_Email_email'

2022-10-05 16:11:25 - [TEST_STEP][PASSED] - setEncryptedText(findTestObject("09-Settings/Users/Co worker/input__password"), "8yFRyszE6U6jvsCn51OQbg=="): Text ****** has been set on object 'Object Repository/09-Settings/Users/Co worker/input__password'

2022-10-05 16:11:55 - [MESSAGE][PASSED] - Text ****** has been set on object 'Object Repository/09-Settings/Users/Co worker/input__password'

2022-10-05 16:11:55 - [TEST_STEP][PASSED] - click(findTestObject("02-Side Icons(Organization)/Add Contact/button_Sign in")): Object: 'Object Repository/02-Side Icons(Organization)/Add Contact/button_Sign in' is clicked on

2022-10-05 16:12:25 - [MESSAGE][PASSED] - Object: 'Object Repository/02-Side Icons(Organization)/Add Contact/button_Sign in' is clicked on

2022-10-05 16:12:25 - [TEST_STEP][PASSED] - delay(2): Delayed 2 second(s)

2022-10-05 16:12:27 - [MESSAGE][PASSED] - Delayed 2 second(s)

2022-10-05 16:12:27 - [TEST_STEP][PASSED] - click(findTestObject("06-Teams/For 2FA/button_Confirm_2FA")): Object: 'Object Repository/06-Teams/For 2FA/button_Confirm_2FA' is clicked on

2022-10-05 16:12:57 - [MESSAGE][PASSED] - Object: 'Object Repository/06-Teams/For 2FA/button_Confirm_2FA' is clicked on

2022-10-05 16:12:57 - [TEST_STEP][PASSED] - executeJavaScript("window.open();", []): Execute JavaScript 'window.open();' successfully

2022-10-05 16:12:57 - [MESSAGE][PASSED] - Execute JavaScript 'window.open();' successfully

2022-10-05 16:12:57 - [TEST_STEP][PASSED] - currentWindow = getWindowIndex(): Current window's index is: 0

2022-10-05 16:12:57 - [MESSAGE][PASSED] - Current window's index is: 0

2022-10-05 16:12:57 - [TEST_STEP][PASSED] - delay(3): Delayed 3 second(s)

2022-10-05 16:13:00 - [MESSAGE][PASSED] - Delayed 3 second(s)

2022-10-05 16:13:00 - [TEST_STEP][PASSED] - switchToWindowIndex(currentWindow + 1): Switched to window with index: '1'

2022-10-05 16:13:00 - [MESSAGE][PASSED] - Switched to window with index: '1'

2022-10-05 16:13:00 - [TEST_STEP][PASSED] - navigateToUrl("https://www.mailinator.com/"): Navigate to 'https://www.mailinator.com/' successfully

2022-10-05 16:13:01 - [MESSAGE][PASSED] - Navigate to 'https://www.mailinator.com/' successfully

2022-10-05 16:13:01 - [TEST_STEP][PASSED] - delay(3): Delayed 3 second(s)

2022-10-05 16:13:04 - [MESSAGE][PASSED] - Delayed 3 second(s)

2022-10-05 16:13:04 - [TEST_STEP][PASSED] - setText(findTestObject("00-Signup and Activation/zMailinator/input_LOGIN_search"), "autotester04@mailinator.com"): Text 'autotester04@mailinator.com' is set on object 'Object Repository/00-Signup and Activation/zMailinator/input_LOGIN_search'

2022-10-05 16:13:05 - [MESSAGE][PASSED] - Text 'autotester04@mailinator.com' is set on object 'Object Repository/00-Signup and Activation/zMailinator/input_LOGIN_search'

2022-10-05 16:13:05 - [TEST_STEP][PASSED] - click(findTestObject("00-Signup and Activation/zMailinator/gobutton"), STOP_ON_FAILURE): Object: 'Object Repository/00-Signup and Activation/zMailinator/gobutton' is clicked on

2022-10-05 16:13:06 - [MESSAGE][PASSED] - Object: 'Object Repository/00-Signup and Activation/zMailinator/gobutton' is clicked on

2022-10-05 16:13:06 - [TEST_STEP][PASSED] - delay(3): Delayed 3 second(s)

2022-10-05 16:13:09 - [MESSAGE][PASSED] - Delayed 3 second(s)

2022-10-05 16:13:09 - [TEST_STEP][PASSED] - click(findTestObject("00-Signup and Activation/zMailinator/Email - everleagues")): Object: 'Object Repository/00-Signup and Activation/zMailinator/Email - everleagues' is clicked on

2022-10-05 16:13:09 - [MESSAGE][PASSED] - Object: 'Object Repository/00-Signup and Activation/zMailinator/Email - everleagues' is clicked on

2022-10-05 16:13:09 - [TEST_STEP][PASSED] - delay(3): Delayed 3 second(s)

2022-10-05 16:13:12 - [MESSAGE][PASSED] - Delayed 3 second(s)

2022-10-05 16:13:12 - [TEST_STEP][PASSED] - codetwo = getText(findTestObject("Object Repository/06-Teams/For 2FA/2FA code")): Text of object 'Object Repository/06-Teams/For 2FA/2FA code' is: '956041'

2022-10-05 16:13:13 - [MESSAGE][PASSED] - Text of object 'Object Repository/06-Teams/For 2FA/2FA code' is: '956041'

2022-10-05 16:13:13 - [TEST_STEP][PASSED] - delay(3): Delayed 3 second(s)

2022-10-05 16:13:16 - [MESSAGE][PASSED] - Delayed 3 second(s)

2022-10-05 16:13:16 - [TEST_STEP][PASSED] - closeWindowTitle("Mailinator"): Window with title: 'Mailinator' is closed

2022-10-05 16:13:16 - [MESSAGE][PASSED] - Window with title: 'Mailinator' is closed

2022-10-05 16:13:16 - [TEST_STEP][PASSED] - delay(3): Delayed 3 second(s)

2022-10-05 16:13:19 - [MESSAGE][PASSED] - Delayed 3 second(s)

2022-10-05 16:13:19 - [TEST_STEP][PASSED] - switchToWindowIndex(0): Switched to window with index: '0'

2022-10-05 16:13:19 - [MESSAGE][PASSED] - Switched to window with index: '0'

2022-10-05 16:13:19 - [TEST_STEP][PASSED] - delay(3): Delayed 3 second(s)

2022-10-05 16:13:22 - [MESSAGE][PASSED] - Delayed 3 second(s)

2022-10-05 16:13:22 - [TEST_STEP][PASSED] - setText(findTestObject("Object Repository/06-Teams/For 2FA/input_Enter verification code_code"), codetwo): Text '956041' is set on object 'Object Repository/06-Teams/For 2FA/input_Enter verification code_code'

2022-10-05 16:14:22 - [MESSAGE][PASSED] - Text '956041' is set on object 'Object Repository/06-Teams/For 2FA/input_Enter verification code_code'

2022-10-05 16:14:22 - [TEST_STEP][PASSED] - delay(3): Delayed 3 second(s)

2022-10-05 16:14:25 - [MESSAGE][PASSED] - Delayed 3 second(s)

2022-10-05 16:14:25 - [TEST_STEP][PASSED] - click(findTestObject("06-Teams/For 2FA/button_Verify_2FA")): Object: 'Object Repository/06-Teams/For 2FA/button_Verify_2FA' is clicked on

2022-10-05 16:14:56 - [MESSAGE][PASSED] - Object: 'Object Repository/06-Teams/For 2FA/button_Verify_2FA' is clicked on

2022-10-05 16:14:56 - [TEST_STEP][PASSED] - delay(5): Delayed 5 second(s)

2022-10-05 16:15:01 - [MESSAGE][PASSED] - Delayed 5 second(s)

2022-10-05 16:15:01 - [TEST_STEP][PASSED] - executeJavaScript("window.open();", []): Execute JavaScript 'window.open();' successfully

2022-10-05 16:15:01 - [MESSAGE][PASSED] - Execute JavaScript 'window.open();' successfully

2022-10-05 16:15:01 - [TEST_STEP][PASSED] - currentWindow = getWindowIndex(): Current window's index is: 0

2022-10-05 16:15:01 - [MESSAGE][PASSED] - Current window's index is: 0

2022-10-05 16:15:01 - [TEST_STEP][PASSED] - delay(3): Delayed 3 second(s)

2022-10-05 16:15:04 - [MESSAGE][PASSED] - Delayed 3 second(s)

2022-10-05 16:15:04 - [TEST_STEP][PASSED] - switchToWindowIndex(currentWindow + 1): Switched to window with index: '1'

2022-10-05 16:15:04 - [MESSAGE][PASSED] - Switched to window with index: '1'

2022-10-05 16:15:04 - [TEST_STEP][PASSED] - navigateToUrl("https://www.mailinator.com/"): Navigate to 'https://www.mailinator.com/' successfully

2022-10-05 16:15:05 - [MESSAGE][PASSED] - Navigate to 'https://www.mailinator.com/' successfully

2022-10-05 16:15:05 - [TEST_STEP][PASSED] - delay(3): Delayed 3 second(s)

2022-10-05 16:15:08 - [MESSAGE][PASSED] - Delayed 3 second(s)

2022-10-05 16:15:08 - [TEST_STEP][PASSED] - setText(findTestObject("00-Signup and Activation/zMailinator/input_LOGIN_search"), "autotester04@mailinator.com"): Text 'autotester04@mailinator.com' is set on object 'Object Repository/00-Signup and Activation/zMailinator/input_LOGIN_search'

2022-10-05 16:15:08 - [MESSAGE][PASSED] - Text 'autotester04@mailinator.com' is set on object 'Object Repository/00-Signup and Activation/zMailinator/input_LOGIN_search'

2022-10-05 16:15:08 - [TEST_STEP][PASSED] - click(findTestObject("00-Signup and Activation/zMailinator/gobutton"), STOP_ON_FAILURE): Object: 'Object Repository/00-Signup and Activation/zMailinator/gobutton' is clicked on

2022-10-05 16:15:09 - [MESSAGE][PASSED] - Object: 'Object Repository/00-Signup and Activation/zMailinator/gobutton' is clicked on

2022-10-05 16:15:09 - [TEST_STEP][PASSED] - delay(3): Delayed 3 second(s)

2022-10-05 16:15:12 - [MESSAGE][PASSED] - Delayed 3 second(s)

2022-10-05 16:15:12 - [TEST_STEP][PASSED] - closeWindowTitle("Everleagues"): Window with title: 'Everleagues' is closed

2022-10-05 16:15:12 - [MESSAGE][PASSED] - Window with title: 'Everleagues' is closed

2022-10-05 16:15:12 - [TEST_STEP][PASSED] - switchToWindowIndex(0): Switched to window with index: '0'

2022-10-05 16:15:12 - [MESSAGE][PASSED] - Switched to window with index: '0'

2022-10-05 16:15:12 - [TEST_STEP][PASSED] - click(findTestObject("09-Settings/Users/Co worker/td_Invitation from GG Automation")): Object: 'Object Repository/09-Settings/Users/Co worker/td_Invitation from GG Automation' is clicked on

2022-10-05 16:15:13 - [MESSAGE][PASSED] - Object: 'Object Repository/09-Settings/Users/Co worker/td_Invitation from GG Automation' is clicked on

2022-10-05 16:15:13 - [TEST_STEP][PASSED] - click(findTestObject("09-Settings/Users/Co worker/a_Click here to join GG Automation on EverLeagues")): Object: 'Object Repository/09-Settings/Users/Co worker/a_Click here to join GG Automation on EverLeagues' is clicked on

2022-10-05 16:15:14 - [MESSAGE][PASSED] - Object: 'Object Repository/09-Settings/Users/Co worker/a_Click here to join GG Automation on EverLeagues' is clicked on

2022-10-05 16:15:14 - [TEST_STEP][PASSED] - delay(3): Delayed 3 second(s)

2022-10-05 16:15:17 - [MESSAGE][PASSED] - Delayed 3 second(s)

2022-10-05 16:15:17 - [TEST_STEP][PASSED] - closeWindowTitle("Mailinator"): Window with title: 'Mailinator' is closed

2022-10-05 16:15:17 - [MESSAGE][PASSED] - Window with title: 'Mailinator' is closed

2022-10-05 16:15:17 - [TEST_STEP][PASSED] - switchToWindowIndex(0): Switched to window with index: '0'

2022-10-05 16:15:17 - [MESSAGE][PASSED] - Switched to window with index: '0'

2022-10-05 16:15:17 - [TEST_STEP][PASSED] - verifyElementVisible(findTestObject("09-Settings/Users/Co worker/Invite modal")): Object 'Object Repository/09-Settings/Users/Co worker/Invite modal' is visible

2022-10-05 16:15:20 - [MESSAGE][PASSED] - Object 'Object Repository/09-Settings/Users/Co worker/Invite modal' is visible

2022-10-05 16:15:20 - [TEST_STEP][PASSED] - click(findTestObject("09-Settings/Users/Co worker/button_Accept")): Object: 'Object Repository/09-Settings/Users/Co worker/button_Accept' is clicked on

2022-10-05 16:15:20 - [MESSAGE][PASSED] - Object: 'Object Repository/09-Settings/Users/Co worker/button_Accept' is clicked on

2022-10-05 16:15:20 - [TEST_STEP][PASSED] - delay(10): Delayed 10 second(s)

2022-10-05 16:15:30 - [MESSAGE][PASSED] - Delayed 10 second(s)

2022-10-05 16:15:30 - [TEST_STEP][PASSED] - verifyElementVisible(findTestObject("09-Settings/Users/Co worker/div_Joined as CoWorker")): Object 'Object Repository/09-Settings/Users/Co worker/div_Joined as CoWorker' is visible

2022-10-05 16:15:31 - [MESSAGE][PASSED] - Object 'Object Repository/09-Settings/Users/Co worker/div_Joined as CoWorker' is visible

2022-10-05 16:15:31 - [TEST_STEP][PASSED] - closeBrowser(): Browser is closed

2022-10-05 16:15:31 - [MESSAGE][PASSED] - Browser is closed]]></system-out>
         <system-err><![CDATA[]]></system-err>
      </testcase>
      <testcase name="Test Cases/09-Settings/03 - Users (Invite new user as client)" time="244.852" classname="Test Cases/09-Settings/03 - Users (Invite new user as client)" status="PASSED">
         <system-out><![CDATA[2022-10-05 16:15:31 - [TEST_CASE][PASSED] - Test Cases/09-Settings/03 - Users (Invite new user as client): Test Cases/09-Settings/03 - Users (Invite new user as client)

2022-10-05 16:15:32 - [TEST_STEP][PASSED] - openBrowser(""): Browser is opened with url: ''

2022-10-05 16:15:32 - [MESSAGE][INFO] - Starting 'Chrome' driver

2022-10-05 16:15:32 - [MESSAGE][INFO] - Action delay is set to 0 milliseconds

2022-10-05 16:15:33 - [MESSAGE][PASSED] - Browser is opened with url: ''

2022-10-05 16:15:33 - [TEST_STEP][PASSED] - navigateToUrl("https://lab.everleagues.com/"): Navigate to 'https://lab.everleagues.com/' successfully

2022-10-05 16:16:26 - [MESSAGE][PASSED] - Navigate to 'https://lab.everleagues.com/' successfully

2022-10-05 16:16:26 - [TEST_STEP][PASSED] - maximizeWindow(): Current window maximized

2022-10-05 16:16:26 - [MESSAGE][PASSED] - Current window maximized

2022-10-05 16:16:26 - [TEST_STEP][PASSED] - setText(findTestObject("02-Side Icons(Organization)/Add Contact/Email Field"), "testuser02@mailinator.com"): Text 'testuser02@mailinator.com' is set on object 'Object Repository/02-Side Icons(Organization)/Add Contact/Email Field'

2022-10-05 16:16:27 - [MESSAGE][PASSED] - Text 'testuser02@mailinator.com' is set on object 'Object Repository/02-Side Icons(Organization)/Add Contact/Email Field'

2022-10-05 16:16:27 - [TEST_STEP][PASSED] - setEncryptedText(findTestObject("02-Side Icons(Organization)/Add Contact/Password Field"), "8yFRyszE6U6jvsCn51OQbg=="): Text ****** has been set on object 'Object Repository/02-Side Icons(Organization)/Add Contact/Password Field'

2022-10-05 16:16:27 - [MESSAGE][PASSED] - Text ****** has been set on object 'Object Repository/02-Side Icons(Organization)/Add Contact/Password Field'

2022-10-05 16:16:27 - [TEST_STEP][PASSED] - click(findTestObject("02-Side Icons(Organization)/Add Contact/button_Sign in")): Object: 'Object Repository/02-Side Icons(Organization)/Add Contact/button_Sign in' is clicked on

2022-10-05 16:16:28 - [MESSAGE][PASSED] - Object: 'Object Repository/02-Side Icons(Organization)/Add Contact/button_Sign in' is clicked on

2022-10-05 16:16:28 - [TEST_STEP][PASSED] - delay(2): Delayed 2 second(s)

2022-10-05 16:16:30 - [MESSAGE][PASSED] - Delayed 2 second(s)

2022-10-05 16:16:30 - [TEST_STEP][PASSED] - click(findTestObject("06-Teams/For 2FA/button_Confirm_2FA")): Object: 'Object Repository/06-Teams/For 2FA/button_Confirm_2FA' is clicked on

2022-10-05 16:16:30 - [MESSAGE][PASSED] - Object: 'Object Repository/06-Teams/For 2FA/button_Confirm_2FA' is clicked on

2022-10-05 16:16:30 - [TEST_STEP][PASSED] - executeJavaScript("window.open();", []): Execute JavaScript 'window.open();' successfully

2022-10-05 16:16:30 - [MESSAGE][PASSED] - Execute JavaScript 'window.open();' successfully

2022-10-05 16:16:30 - [TEST_STEP][PASSED] - currentWindow = getWindowIndex(): Current window's index is: 0

2022-10-05 16:16:30 - [MESSAGE][PASSED] - Current window's index is: 0

2022-10-05 16:16:30 - [TEST_STEP][PASSED] - delay(3): Delayed 3 second(s)

2022-10-05 16:16:33 - [MESSAGE][PASSED] - Delayed 3 second(s)

2022-10-05 16:16:33 - [TEST_STEP][PASSED] - switchToWindowIndex(currentWindow + 1): Switched to window with index: '1'

2022-10-05 16:16:33 - [MESSAGE][PASSED] - Switched to window with index: '1'

2022-10-05 16:16:33 - [TEST_STEP][PASSED] - navigateToUrl("https://www.mailinator.com/"): Navigate to 'https://www.mailinator.com/' successfully

2022-10-05 16:16:35 - [MESSAGE][PASSED] - Navigate to 'https://www.mailinator.com/' successfully

2022-10-05 16:16:35 - [TEST_STEP][PASSED] - delay(3): Delayed 3 second(s)

2022-10-05 16:16:38 - [MESSAGE][PASSED] - Delayed 3 second(s)

2022-10-05 16:16:38 - [TEST_STEP][PASSED] - setText(findTestObject("00-Signup and Activation/zMailinator/input_LOGIN_search"), "testuser02@mailinator.com"): Text 'testuser02@mailinator.com' is set on object 'Object Repository/00-Signup and Activation/zMailinator/input_LOGIN_search'

2022-10-05 16:16:39 - [MESSAGE][PASSED] - Text 'testuser02@mailinator.com' is set on object 'Object Repository/00-Signup and Activation/zMailinator/input_LOGIN_search'

2022-10-05 16:16:39 - [TEST_STEP][PASSED] - click(findTestObject("00-Signup and Activation/zMailinator/gobutton"), STOP_ON_FAILURE): Object: 'Object Repository/00-Signup and Activation/zMailinator/gobutton' is clicked on

2022-10-05 16:16:41 - [MESSAGE][PASSED] - Object: 'Object Repository/00-Signup and Activation/zMailinator/gobutton' is clicked on

2022-10-05 16:16:41 - [TEST_STEP][PASSED] - delay(3): Delayed 3 second(s)

2022-10-05 16:16:44 - [MESSAGE][PASSED] - Delayed 3 second(s)

2022-10-05 16:16:44 - [TEST_STEP][PASSED] - click(findTestObject("00-Signup and Activation/zMailinator/Email - everleagues")): Object: 'Object Repository/00-Signup and Activation/zMailinator/Email - everleagues' is clicked on

2022-10-05 16:16:44 - [MESSAGE][PASSED] - Object: 'Object Repository/00-Signup and Activation/zMailinator/Email - everleagues' is clicked on

2022-10-05 16:16:44 - [TEST_STEP][PASSED] - delay(3): Delayed 3 second(s)

2022-10-05 16:16:47 - [MESSAGE][PASSED] - Delayed 3 second(s)

2022-10-05 16:16:47 - [TEST_STEP][PASSED] - code = getText(findTestObject("Object Repository/06-Teams/For 2FA/2FA code")): Text of object 'Object Repository/06-Teams/For 2FA/2FA code' is: '103304'

2022-10-05 16:16:48 - [MESSAGE][PASSED] - Text of object 'Object Repository/06-Teams/For 2FA/2FA code' is: '103304'

2022-10-05 16:16:48 - [TEST_STEP][PASSED] - delay(3): Delayed 3 second(s)

2022-10-05 16:16:51 - [MESSAGE][PASSED] - Delayed 3 second(s)

2022-10-05 16:16:51 - [TEST_STEP][PASSED] - closeWindowTitle("Mailinator"): Window with title: 'Mailinator' is closed

2022-10-05 16:16:51 - [MESSAGE][PASSED] - Window with title: 'Mailinator' is closed

2022-10-05 16:16:51 - [TEST_STEP][PASSED] - delay(3): Delayed 3 second(s)

2022-10-05 16:16:54 - [MESSAGE][PASSED] - Delayed 3 second(s)

2022-10-05 16:16:54 - [TEST_STEP][PASSED] - switchToWindowIndex(0): Switched to window with index: '0'

2022-10-05 16:16:54 - [MESSAGE][PASSED] - Switched to window with index: '0'

2022-10-05 16:16:54 - [TEST_STEP][PASSED] - delay(3): Delayed 3 second(s)

2022-10-05 16:16:57 - [MESSAGE][PASSED] - Delayed 3 second(s)

2022-10-05 16:16:57 - [TEST_STEP][PASSED] - setText(findTestObject("Object Repository/06-Teams/For 2FA/input_Enter verification code_code"), code): Text '103304' is set on object 'Object Repository/06-Teams/For 2FA/input_Enter verification code_code'

2022-10-05 16:16:58 - [MESSAGE][PASSED] - Text '103304' is set on object 'Object Repository/06-Teams/For 2FA/input_Enter verification code_code'

2022-10-05 16:16:58 - [TEST_STEP][PASSED] - delay(3): Delayed 3 second(s)

2022-10-05 16:17:01 - [MESSAGE][PASSED] - Delayed 3 second(s)

2022-10-05 16:17:01 - [TEST_STEP][PASSED] - click(findTestObject("06-Teams/For 2FA/button_Verify_2FA")): Object: 'Object Repository/06-Teams/For 2FA/button_Verify_2FA' is clicked on

2022-10-05 16:17:02 - [MESSAGE][PASSED] - Object: 'Object Repository/06-Teams/For 2FA/button_Verify_2FA' is clicked on

2022-10-05 16:17:02 - [TEST_STEP][PASSED] - delay(5): Delayed 5 second(s)

2022-10-05 16:17:07 - [MESSAGE][PASSED] - Delayed 5 second(s)

2022-10-05 16:17:07 - [TEST_STEP][PASSED] - click(findTestObject("06-Teams/button_doublearrow")): Object: 'Object Repository/06-Teams/button_doublearrow' is clicked on

2022-10-05 16:17:07 - [MESSAGE][PASSED] - Object: 'Object Repository/06-Teams/button_doublearrow' is clicked on

2022-10-05 16:17:07 - [TEST_STEP][PASSED] - click(findTestObject("06-Teams/button_My Organizations")): Object: 'Object Repository/06-Teams/button_My Organizations' is clicked on

2022-10-05 16:17:08 - [MESSAGE][PASSED] - Object: 'Object Repository/06-Teams/button_My Organizations' is clicked on

2022-10-05 16:17:08 - [TEST_STEP][PASSED] - click(findTestObject("06-Teams/button_GG Automation")): Object: 'Object Repository/06-Teams/button_GG Automation' is clicked on

2022-10-05 16:17:08 - [MESSAGE][PASSED] - Object: 'Object Repository/06-Teams/button_GG Automation' is clicked on

2022-10-05 16:17:08 - [TEST_STEP][PASSED] - delay(4): Delayed 4 second(s)

2022-10-05 16:17:12 - [MESSAGE][PASSED] - Delayed 4 second(s)

2022-10-05 16:17:12 - [TEST_STEP][PASSED] - verifyElementVisible(findTestObject("06-Teams/span_GG Automation")): Object 'Object Repository/06-Teams/span_GG Automation' is visible

2022-10-05 16:17:13 - [MESSAGE][PASSED] - Object 'Object Repository/06-Teams/span_GG Automation' is visible

2022-10-05 16:17:13 - [TEST_STEP][PASSED] - delay(10): Delayed 10 second(s)

2022-10-05 16:17:23 - [MESSAGE][PASSED] - Delayed 10 second(s)

2022-10-05 16:17:23 - [TEST_STEP][PASSED] - click(findTestObject("03-Header Menu/Hamburger Button/div_Settings")): Object: 'Object Repository/03-Header Menu/Hamburger Button/div_Settings' is clicked on

2022-10-05 16:17:23 - [MESSAGE][PASSED] - Object: 'Object Repository/03-Header Menu/Hamburger Button/div_Settings' is clicked on

2022-10-05 16:17:23 - [TEST_STEP][PASSED] - delay(3): Delayed 3 second(s)

2022-10-05 16:17:26 - [MESSAGE][PASSED] - Delayed 3 second(s)

2022-10-05 16:17:26 - [TEST_STEP][PASSED] - click(findTestObject("09-Settings/Users/div_Users")): Object: 'Object Repository/09-Settings/Users/div_Users' is clicked on

2022-10-05 16:17:27 - [MESSAGE][PASSED] - Object: 'Object Repository/09-Settings/Users/div_Users' is clicked on

2022-10-05 16:17:27 - [TEST_STEP][PASSED] - delay(3): Delayed 3 second(s)

2022-10-05 16:17:30 - [MESSAGE][PASSED] - Delayed 3 second(s)

2022-10-05 16:17:30 - [TEST_STEP][PASSED] - click(findTestObject("09-Settings/Users/button_add")): Object: 'Object Repository/09-Settings/Users/button_add' is clicked on

2022-10-05 16:17:30 - [MESSAGE][PASSED] - Object: 'Object Repository/09-Settings/Users/button_add' is clicked on

2022-10-05 16:17:30 - [TEST_STEP][PASSED] - delay(3): Delayed 3 second(s)

2022-10-05 16:17:33 - [MESSAGE][PASSED] - Delayed 3 second(s)

2022-10-05 16:17:33 - [TEST_STEP][PASSED] - click(findTestObject("09-Settings/Users/add Invite a single user")): Object: 'Object Repository/09-Settings/Users/add Invite a single user' is clicked on

2022-10-05 16:17:33 - [MESSAGE][PASSED] - Object: 'Object Repository/09-Settings/Users/add Invite a single user' is clicked on

2022-10-05 16:17:33 - [TEST_STEP][PASSED] - delay(3): Delayed 3 second(s)

2022-10-05 16:17:36 - [MESSAGE][PASSED] - Delayed 3 second(s)

2022-10-05 16:17:36 - [TEST_STEP][PASSED] - setText(findTestObject("09-Settings/Users/input_email"), "autotester09@mailinator.com"): Text 'autotester09@mailinator.com' is set on object 'Object Repository/09-Settings/Users/input_email'

2022-10-05 16:17:37 - [MESSAGE][PASSED] - Text 'autotester09@mailinator.com' is set on object 'Object Repository/09-Settings/Users/input_email'

2022-10-05 16:17:37 - [TEST_STEP][PASSED] - setText(findTestObject("09-Settings/Users/input_firstName"), "GG"): Text 'GG' is set on object 'Object Repository/09-Settings/Users/input_firstName'

2022-10-05 16:17:38 - [MESSAGE][PASSED] - Text 'GG' is set on object 'Object Repository/09-Settings/Users/input_firstName'

2022-10-05 16:17:38 - [TEST_STEP][PASSED] - setText(findTestObject("09-Settings/Users/input_lastName"), "Client"): Text 'Client' is set on object 'Object Repository/09-Settings/Users/input_lastName'

2022-10-05 16:17:39 - [MESSAGE][PASSED] - Text 'Client' is set on object 'Object Repository/09-Settings/Users/input_lastName'

2022-10-05 16:17:39 - [TEST_STEP][PASSED] - click(findTestObject("09-Settings/Users/span_Role")): Object: 'Object Repository/09-Settings/Users/span_Role' is clicked on

2022-10-05 16:17:39 - [MESSAGE][PASSED] - Object: 'Object Repository/09-Settings/Users/span_Role' is clicked on

2022-10-05 16:17:39 - [TEST_STEP][PASSED] - click(findTestObject("09-Settings/Users/span_Client")): Object: 'Object Repository/09-Settings/Users/span_Client' is clicked on

2022-10-05 16:17:40 - [MESSAGE][PASSED] - Object: 'Object Repository/09-Settings/Users/span_Client' is clicked on

2022-10-05 16:17:40 - [TEST_STEP][PASSED] - click(findTestObject("09-Settings/Users/button_Send Invitation")): Object: 'Object Repository/09-Settings/Users/button_Send Invitation' is clicked on

2022-10-05 16:17:41 - [MESSAGE][PASSED] - Object: 'Object Repository/09-Settings/Users/button_Send Invitation' is clicked on

2022-10-05 16:17:41 - [TEST_STEP][PASSED] - delay(2): Delayed 2 second(s)

2022-10-05 16:17:43 - [MESSAGE][PASSED] - Delayed 2 second(s)

2022-10-05 16:17:43 - [TEST_STEP][PASSED] - verifyElementVisible(findTestObject("07-Directory/Connections/zContact Profile/Successfully invited user")): Object 'Object Repository/07-Directory/Connections/zContact Profile/Successfully invited user' is visible

2022-10-05 16:17:45 - [MESSAGE][PASSED] - Object 'Object Repository/07-Directory/Connections/zContact Profile/Successfully invited user' is visible

2022-10-05 16:17:45 - [TEST_STEP][PASSED] - delay(2): Delayed 2 second(s)

2022-10-05 16:17:47 - [MESSAGE][PASSED] - Delayed 2 second(s)

2022-10-05 16:17:47 - [TEST_STEP][PASSED] - click(findTestObject("01-Login and Forgot Password/User menu drop")): Object: 'Object Repository/01-Login and Forgot Password/User menu drop' is clicked on

2022-10-05 16:17:47 - [MESSAGE][PASSED] - Object: 'Object Repository/01-Login and Forgot Password/User menu drop' is clicked on

2022-10-05 16:17:47 - [TEST_STEP][PASSED] - delay(2): Delayed 2 second(s)

2022-10-05 16:17:49 - [MESSAGE][PASSED] - Delayed 2 second(s)

2022-10-05 16:17:49 - [TEST_STEP][PASSED] - click(findTestObject("01-Login and Forgot Password/h4_Sign Out"), STOP_ON_FAILURE): Object: 'Object Repository/01-Login and Forgot Password/h4_Sign Out' is clicked on

2022-10-05 16:17:49 - [MESSAGE][PASSED] - Object: 'Object Repository/01-Login and Forgot Password/h4_Sign Out' is clicked on

2022-10-05 16:17:49 - [TEST_STEP][PASSED] - delay(2): Delayed 2 second(s)

2022-10-05 16:17:51 - [MESSAGE][PASSED] - Delayed 2 second(s)

2022-10-05 16:17:51 - [TEST_STEP][PASSED] - verifyElementPresent(findTestObject("01-Login and Forgot Password/Login_Card"), 0): Object 'Object Repository/01-Login and Forgot Password/Login_Card' is present

2022-10-05 16:17:52 - [MESSAGE][WARNING] - Timeout '0' is invalid. Using default page load timeout: '30'

2022-10-05 16:17:52 - [MESSAGE][PASSED] - Object 'Object Repository/01-Login and Forgot Password/Login_Card' is present

2022-10-05 16:17:52 - [TEST_STEP][PASSED] - delay(3): Delayed 3 second(s)

2022-10-05 16:17:55 - [MESSAGE][PASSED] - Delayed 3 second(s)

2022-10-05 16:17:55 - [TEST_STEP][PASSED] - closeBrowser(): Browser is closed

2022-10-05 16:17:55 - [MESSAGE][PASSED] - Browser is closed

2022-10-05 16:17:55 - [TEST_STEP][PASSED] - openBrowser(""): Browser is opened with url: ''

2022-10-05 16:17:55 - [MESSAGE][INFO] - Starting 'Chrome' driver

2022-10-05 16:17:55 - [MESSAGE][INFO] - Action delay is set to 0 milliseconds

2022-10-05 16:17:57 - [MESSAGE][PASSED] - Browser is opened with url: ''

2022-10-05 16:17:57 - [TEST_STEP][PASSED] - navigateToUrl("https://lab.everleagues.com/"): Navigate to 'https://lab.everleagues.com/' successfully

2022-10-05 16:18:21 - [MESSAGE][PASSED] - Navigate to 'https://lab.everleagues.com/' successfully

2022-10-05 16:18:21 - [TEST_STEP][PASSED] - maximizeWindow(): Current window maximized

2022-10-05 16:18:21 - [MESSAGE][PASSED] - Current window maximized

2022-10-05 16:18:21 - [TEST_STEP][PASSED] - setText(findTestObject("02-Side Icons(Organization)/Add Contact/Email Field"), "autotester09@mailinator.com"): Text 'autotester09@mailinator.com' is set on object 'Object Repository/02-Side Icons(Organization)/Add Contact/Email Field'

2022-10-05 16:18:21 - [MESSAGE][PASSED] - Text 'autotester09@mailinator.com' is set on object 'Object Repository/02-Side Icons(Organization)/Add Contact/Email Field'

2022-10-05 16:18:21 - [TEST_STEP][PASSED] - setEncryptedText(findTestObject("02-Side Icons(Organization)/Add Contact/Password Field"), "8yFRyszE6U6jvsCn51OQbg=="): Text ****** has been set on object 'Object Repository/02-Side Icons(Organization)/Add Contact/Password Field'

2022-10-05 16:18:22 - [MESSAGE][PASSED] - Text ****** has been set on object 'Object Repository/02-Side Icons(Organization)/Add Contact/Password Field'

2022-10-05 16:18:22 - [TEST_STEP][PASSED] - click(findTestObject("02-Side Icons(Organization)/Add Contact/button_Sign in")): Object: 'Object Repository/02-Side Icons(Organization)/Add Contact/button_Sign in' is clicked on

2022-10-05 16:18:23 - [MESSAGE][PASSED] - Object: 'Object Repository/02-Side Icons(Organization)/Add Contact/button_Sign in' is clicked on

2022-10-05 16:18:23 - [TEST_STEP][PASSED] - delay(2): Delayed 2 second(s)

2022-10-05 16:18:25 - [MESSAGE][PASSED] - Delayed 2 second(s)

2022-10-05 16:18:25 - [TEST_STEP][PASSED] - click(findTestObject("06-Teams/For 2FA/button_Confirm_2FA")): Object: 'Object Repository/06-Teams/For 2FA/button_Confirm_2FA' is clicked on

2022-10-05 16:18:25 - [MESSAGE][PASSED] - Object: 'Object Repository/06-Teams/For 2FA/button_Confirm_2FA' is clicked on

2022-10-05 16:18:25 - [TEST_STEP][PASSED] - executeJavaScript("window.open();", []): Execute JavaScript 'window.open();' successfully

2022-10-05 16:18:25 - [MESSAGE][PASSED] - Execute JavaScript 'window.open();' successfully

2022-10-05 16:18:25 - [TEST_STEP][PASSED] - currentWindow = getWindowIndex(): Current window's index is: 0

2022-10-05 16:18:25 - [MESSAGE][PASSED] - Current window's index is: 0

2022-10-05 16:18:25 - [TEST_STEP][PASSED] - delay(3): Delayed 3 second(s)

2022-10-05 16:18:28 - [MESSAGE][PASSED] - Delayed 3 second(s)

2022-10-05 16:18:28 - [TEST_STEP][PASSED] - switchToWindowIndex(currentWindow + 1): Switched to window with index: '1'

2022-10-05 16:18:28 - [MESSAGE][PASSED] - Switched to window with index: '1'

2022-10-05 16:18:28 - [TEST_STEP][PASSED] - navigateToUrl("https://www.mailinator.com/"): Navigate to 'https://www.mailinator.com/' successfully

2022-10-05 16:18:31 - [MESSAGE][PASSED] - Navigate to 'https://www.mailinator.com/' successfully

2022-10-05 16:18:31 - [TEST_STEP][PASSED] - delay(3): Delayed 3 second(s)

2022-10-05 16:18:34 - [MESSAGE][PASSED] - Delayed 3 second(s)

2022-10-05 16:18:34 - [TEST_STEP][PASSED] - setText(findTestObject("00-Signup and Activation/zMailinator/input_LOGIN_search"), "autotester09@mailinator.com"): Text 'autotester09@mailinator.com' is set on object 'Object Repository/00-Signup and Activation/zMailinator/input_LOGIN_search'

2022-10-05 16:18:35 - [MESSAGE][PASSED] - Text 'autotester09@mailinator.com' is set on object 'Object Repository/00-Signup and Activation/zMailinator/input_LOGIN_search'

2022-10-05 16:18:35 - [TEST_STEP][PASSED] - click(findTestObject("00-Signup and Activation/zMailinator/gobutton"), STOP_ON_FAILURE): Object: 'Object Repository/00-Signup and Activation/zMailinator/gobutton' is clicked on

2022-10-05 16:18:36 - [MESSAGE][PASSED] - Object: 'Object Repository/00-Signup and Activation/zMailinator/gobutton' is clicked on

2022-10-05 16:18:36 - [TEST_STEP][PASSED] - delay(3): Delayed 3 second(s)

2022-10-05 16:18:39 - [MESSAGE][PASSED] - Delayed 3 second(s)

2022-10-05 16:18:39 - [TEST_STEP][PASSED] - click(findTestObject("00-Signup and Activation/zMailinator/Email - everleagues")): Object: 'Object Repository/00-Signup and Activation/zMailinator/Email - everleagues' is clicked on

2022-10-05 16:18:39 - [MESSAGE][PASSED] - Object: 'Object Repository/00-Signup and Activation/zMailinator/Email - everleagues' is clicked on

2022-10-05 16:18:39 - [TEST_STEP][PASSED] - delay(3): Delayed 3 second(s)

2022-10-05 16:18:42 - [MESSAGE][PASSED] - Delayed 3 second(s)

2022-10-05 16:18:42 - [TEST_STEP][PASSED] - codetwo = getText(findTestObject("Object Repository/06-Teams/For 2FA/2FA code")): Text of object 'Object Repository/06-Teams/For 2FA/2FA code' is: '633334'

2022-10-05 16:18:43 - [MESSAGE][PASSED] - Text of object 'Object Repository/06-Teams/For 2FA/2FA code' is: '633334'

2022-10-05 16:18:43 - [TEST_STEP][PASSED] - delay(3): Delayed 3 second(s)

2022-10-05 16:18:46 - [MESSAGE][PASSED] - Delayed 3 second(s)

2022-10-05 16:18:46 - [TEST_STEP][PASSED] - closeWindowTitle("Mailinator"): Window with title: 'Mailinator' is closed

2022-10-05 16:18:46 - [MESSAGE][PASSED] - Window with title: 'Mailinator' is closed

2022-10-05 16:18:46 - [TEST_STEP][PASSED] - delay(3): Delayed 3 second(s)

2022-10-05 16:18:49 - [MESSAGE][PASSED] - Delayed 3 second(s)

2022-10-05 16:18:49 - [TEST_STEP][PASSED] - switchToWindowIndex(0): Switched to window with index: '0'

2022-10-05 16:18:49 - [MESSAGE][PASSED] - Switched to window with index: '0'

2022-10-05 16:18:49 - [TEST_STEP][PASSED] - delay(3): Delayed 3 second(s)

2022-10-05 16:18:52 - [MESSAGE][PASSED] - Delayed 3 second(s)

2022-10-05 16:18:52 - [TEST_STEP][PASSED] - setText(findTestObject("Object Repository/06-Teams/For 2FA/input_Enter verification code_code"), codetwo): Text '633334' is set on object 'Object Repository/06-Teams/For 2FA/input_Enter verification code_code'

2022-10-05 16:18:53 - [MESSAGE][PASSED] - Text '633334' is set on object 'Object Repository/06-Teams/For 2FA/input_Enter verification code_code'

2022-10-05 16:18:53 - [TEST_STEP][PASSED] - delay(3): Delayed 3 second(s)

2022-10-05 16:18:56 - [MESSAGE][PASSED] - Delayed 3 second(s)

2022-10-05 16:18:56 - [TEST_STEP][PASSED] - click(findTestObject("06-Teams/For 2FA/button_Verify_2FA")): Object: 'Object Repository/06-Teams/For 2FA/button_Verify_2FA' is clicked on

2022-10-05 16:18:57 - [MESSAGE][PASSED] - Object: 'Object Repository/06-Teams/For 2FA/button_Verify_2FA' is clicked on

2022-10-05 16:18:57 - [TEST_STEP][PASSED] - delay(5): Delayed 5 second(s)

2022-10-05 16:19:02 - [MESSAGE][PASSED] - Delayed 5 second(s)

2022-10-05 16:19:02 - [TEST_STEP][PASSED] - executeJavaScript("window.open();", []): Execute JavaScript 'window.open();' successfully

2022-10-05 16:19:02 - [MESSAGE][PASSED] - Execute JavaScript 'window.open();' successfully

2022-10-05 16:19:02 - [TEST_STEP][PASSED] - currentWindow = getWindowIndex(): Current window's index is: 0

2022-10-05 16:19:02 - [MESSAGE][PASSED] - Current window's index is: 0

2022-10-05 16:19:02 - [TEST_STEP][PASSED] - delay(3): Delayed 3 second(s)

2022-10-05 16:19:05 - [MESSAGE][PASSED] - Delayed 3 second(s)

2022-10-05 16:19:05 - [TEST_STEP][PASSED] - switchToWindowIndex(currentWindow + 1): Switched to window with index: '1'

2022-10-05 16:19:05 - [MESSAGE][PASSED] - Switched to window with index: '1'

2022-10-05 16:19:05 - [TEST_STEP][PASSED] - navigateToUrl("https://www.mailinator.com/"): Navigate to 'https://www.mailinator.com/' successfully

2022-10-05 16:19:06 - [MESSAGE][PASSED] - Navigate to 'https://www.mailinator.com/' successfully

2022-10-05 16:19:06 - [TEST_STEP][PASSED] - delay(3): Delayed 3 second(s)

2022-10-05 16:19:09 - [MESSAGE][PASSED] - Delayed 3 second(s)

2022-10-05 16:19:09 - [TEST_STEP][PASSED] - setText(findTestObject("00-Signup and Activation/zMailinator/input_LOGIN_search"), "autotester09@mailinator.com"): Text 'autotester09@mailinator.com' is set on object 'Object Repository/00-Signup and Activation/zMailinator/input_LOGIN_search'

2022-10-05 16:19:09 - [MESSAGE][PASSED] - Text 'autotester09@mailinator.com' is set on object 'Object Repository/00-Signup and Activation/zMailinator/input_LOGIN_search'

2022-10-05 16:19:09 - [TEST_STEP][PASSED] - click(findTestObject("00-Signup and Activation/zMailinator/gobutton"), STOP_ON_FAILURE): Object: 'Object Repository/00-Signup and Activation/zMailinator/gobutton' is clicked on

2022-10-05 16:19:10 - [MESSAGE][PASSED] - Object: 'Object Repository/00-Signup and Activation/zMailinator/gobutton' is clicked on

2022-10-05 16:19:10 - [TEST_STEP][PASSED] - delay(3): Delayed 3 second(s)

2022-10-05 16:19:13 - [MESSAGE][PASSED] - Delayed 3 second(s)

2022-10-05 16:19:13 - [TEST_STEP][PASSED] - closeWindowTitle("Everleagues"): Window with title: 'Everleagues' is closed

2022-10-05 16:19:14 - [MESSAGE][PASSED] - Window with title: 'Everleagues' is closed

2022-10-05 16:19:14 - [TEST_STEP][PASSED] - switchToWindowIndex(0): Switched to window with index: '0'

2022-10-05 16:19:14 - [MESSAGE][PASSED] - Switched to window with index: '0'

2022-10-05 16:19:14 - [TEST_STEP][PASSED] - click(findTestObject("09-Settings/Users/Co worker/td_Invitation from GG Automation")): Object: 'Object Repository/09-Settings/Users/Co worker/td_Invitation from GG Automation' is clicked on

2022-10-05 16:19:14 - [MESSAGE][PASSED] - Object: 'Object Repository/09-Settings/Users/Co worker/td_Invitation from GG Automation' is clicked on

2022-10-05 16:19:14 - [TEST_STEP][PASSED] - click(findTestObject("09-Settings/Users/Co worker/a_Click here to join GG Automation on EverLeagues")): Object: 'Object Repository/09-Settings/Users/Co worker/a_Click here to join GG Automation on EverLeagues' is clicked on

2022-10-05 16:19:15 - [MESSAGE][PASSED] - Object: 'Object Repository/09-Settings/Users/Co worker/a_Click here to join GG Automation on EverLeagues' is clicked on

2022-10-05 16:19:15 - [TEST_STEP][PASSED] - closeWindowTitle("Mailinator"): Window with title: 'Mailinator' is closed

2022-10-05 16:19:15 - [MESSAGE][PASSED] - Window with title: 'Mailinator' is closed

2022-10-05 16:19:15 - [TEST_STEP][PASSED] - switchToWindowIndex(0): Switched to window with index: '0'

2022-10-05 16:19:15 - [MESSAGE][PASSED] - Switched to window with index: '0'

2022-10-05 16:19:15 - [TEST_STEP][PASSED] - verifyElementVisible(findTestObject("09-Settings/Users/Client/Invite modal")): Object 'Object Repository/09-Settings/Users/Client/Invite modal' is visible

2022-10-05 16:19:21 - [MESSAGE][PASSED] - Object 'Object Repository/09-Settings/Users/Client/Invite modal' is visible

2022-10-05 16:19:21 - [TEST_STEP][PASSED] - setText(findTestObject("09-Settings/Users/Client/Company field"), "QA Company"): Text 'QA Company' is set on object 'Object Repository/09-Settings/Users/Client/Company field'

2022-10-05 16:19:22 - [MESSAGE][PASSED] - Text 'QA Company' is set on object 'Object Repository/09-Settings/Users/Client/Company field'

2022-10-05 16:19:22 - [TEST_STEP][PASSED] - click(findTestObject("09-Settings/Users/Client/button_Accept")): Object: 'Object Repository/09-Settings/Users/Client/button_Accept' is clicked on

2022-10-05 16:19:22 - [MESSAGE][PASSED] - Object: 'Object Repository/09-Settings/Users/Client/button_Accept' is clicked on

2022-10-05 16:19:22 - [TEST_STEP][PASSED] - delay(10): Delayed 10 second(s)

2022-10-05 16:19:32 - [MESSAGE][PASSED] - Delayed 10 second(s)

2022-10-05 16:19:32 - [TEST_STEP][PASSED] - verifyElementVisible(findTestObject("09-Settings/Users/Client/div_Joined as CLIENT")): Object 'Object Repository/09-Settings/Users/Client/div_Joined as CLIENT' is visible

2022-10-05 16:19:32 - [MESSAGE][PASSED] - Object 'Object Repository/09-Settings/Users/Client/div_Joined as CLIENT' is visible

2022-10-05 16:19:32 - [TEST_STEP][PASSED] - delay(3): Delayed 3 second(s)

2022-10-05 16:19:36 - [MESSAGE][PASSED] - Delayed 3 second(s)

2022-10-05 16:19:36 - [TEST_STEP][PASSED] - closeBrowser(): Browser is closed

2022-10-05 16:19:36 - [MESSAGE][PASSED] - Browser is closed]]></system-out>
         <system-err><![CDATA[]]></system-err>
      </testcase>
      <testcase name="Test Cases/09-Settings/04 - Users (Invite new user as partner)" time="202.759" classname="Test Cases/09-Settings/04 - Users (Invite new user as partner)" status="PASSED">
         <system-out><![CDATA[2022-10-05 16:19:36 - [TEST_CASE][PASSED] - Test Cases/09-Settings/04 - Users (Invite new user as partner): Test Cases/09-Settings/04 - Users (Invite new user as partner)

2022-10-05 16:19:36 - [TEST_STEP][PASSED] - openBrowser(""): Browser is opened with url: ''

2022-10-05 16:19:36 - [MESSAGE][INFO] - Starting 'Chrome' driver

2022-10-05 16:19:36 - [MESSAGE][INFO] - Action delay is set to 0 milliseconds

2022-10-05 16:19:38 - [MESSAGE][PASSED] - Browser is opened with url: ''

2022-10-05 16:19:38 - [TEST_STEP][PASSED] - navigateToUrl("https://lab.everleagues.com/"): Navigate to 'https://lab.everleagues.com/' successfully

2022-10-05 16:19:50 - [MESSAGE][PASSED] - Navigate to 'https://lab.everleagues.com/' successfully

2022-10-05 16:19:50 - [TEST_STEP][PASSED] - maximizeWindow(): Current window maximized

2022-10-05 16:19:50 - [MESSAGE][PASSED] - Current window maximized

2022-10-05 16:19:50 - [TEST_STEP][PASSED] - setText(findTestObject("02-Side Icons(Organization)/Add Contact/Email Field"), "testuser02@mailinator.com"): Text 'testuser02@mailinator.com' is set on object 'Object Repository/02-Side Icons(Organization)/Add Contact/Email Field'

2022-10-05 16:19:50 - [MESSAGE][PASSED] - Text 'testuser02@mailinator.com' is set on object 'Object Repository/02-Side Icons(Organization)/Add Contact/Email Field'

2022-10-05 16:19:50 - [TEST_STEP][PASSED] - setEncryptedText(findTestObject("02-Side Icons(Organization)/Add Contact/Password Field"), "8yFRyszE6U6jvsCn51OQbg=="): Text ****** has been set on object 'Object Repository/02-Side Icons(Organization)/Add Contact/Password Field'

2022-10-05 16:19:51 - [MESSAGE][PASSED] - Text ****** has been set on object 'Object Repository/02-Side Icons(Organization)/Add Contact/Password Field'

2022-10-05 16:19:51 - [TEST_STEP][PASSED] - click(findTestObject("02-Side Icons(Organization)/Add Contact/button_Sign in")): Object: 'Object Repository/02-Side Icons(Organization)/Add Contact/button_Sign in' is clicked on

2022-10-05 16:19:52 - [MESSAGE][PASSED] - Object: 'Object Repository/02-Side Icons(Organization)/Add Contact/button_Sign in' is clicked on

2022-10-05 16:19:52 - [TEST_STEP][PASSED] - delay(2): Delayed 2 second(s)

2022-10-05 16:19:54 - [MESSAGE][PASSED] - Delayed 2 second(s)

2022-10-05 16:19:54 - [TEST_STEP][PASSED] - click(findTestObject("06-Teams/For 2FA/button_Confirm_2FA")): Object: 'Object Repository/06-Teams/For 2FA/button_Confirm_2FA' is clicked on

2022-10-05 16:19:54 - [MESSAGE][PASSED] - Object: 'Object Repository/06-Teams/For 2FA/button_Confirm_2FA' is clicked on

2022-10-05 16:19:54 - [TEST_STEP][PASSED] - executeJavaScript("window.open();", []): Execute JavaScript 'window.open();' successfully

2022-10-05 16:19:54 - [MESSAGE][PASSED] - Execute JavaScript 'window.open();' successfully

2022-10-05 16:19:54 - [TEST_STEP][PASSED] - currentWindow = getWindowIndex(): Current window's index is: 0

2022-10-05 16:19:54 - [MESSAGE][PASSED] - Current window's index is: 0

2022-10-05 16:19:54 - [TEST_STEP][PASSED] - delay(3): Delayed 3 second(s)

2022-10-05 16:19:57 - [MESSAGE][PASSED] - Delayed 3 second(s)

2022-10-05 16:19:57 - [TEST_STEP][PASSED] - switchToWindowIndex(currentWindow + 1): Switched to window with index: '1'

2022-10-05 16:19:57 - [MESSAGE][PASSED] - Switched to window with index: '1'

2022-10-05 16:19:57 - [TEST_STEP][PASSED] - navigateToUrl("https://www.mailinator.com/"): Navigate to 'https://www.mailinator.com/' successfully

2022-10-05 16:19:59 - [MESSAGE][PASSED] - Navigate to 'https://www.mailinator.com/' successfully

2022-10-05 16:19:59 - [TEST_STEP][PASSED] - delay(3): Delayed 3 second(s)

2022-10-05 16:20:02 - [MESSAGE][PASSED] - Delayed 3 second(s)

2022-10-05 16:20:02 - [TEST_STEP][PASSED] - setText(findTestObject("00-Signup and Activation/zMailinator/input_LOGIN_search"), "testuser02@mailinator.com"): Text 'testuser02@mailinator.com' is set on object 'Object Repository/00-Signup and Activation/zMailinator/input_LOGIN_search'

2022-10-05 16:20:03 - [MESSAGE][PASSED] - Text 'testuser02@mailinator.com' is set on object 'Object Repository/00-Signup and Activation/zMailinator/input_LOGIN_search'

2022-10-05 16:20:03 - [TEST_STEP][PASSED] - click(findTestObject("00-Signup and Activation/zMailinator/gobutton"), STOP_ON_FAILURE): Object: 'Object Repository/00-Signup and Activation/zMailinator/gobutton' is clicked on

2022-10-05 16:20:04 - [MESSAGE][PASSED] - Object: 'Object Repository/00-Signup and Activation/zMailinator/gobutton' is clicked on

2022-10-05 16:20:04 - [TEST_STEP][PASSED] - delay(3): Delayed 3 second(s)

2022-10-05 16:20:07 - [MESSAGE][PASSED] - Delayed 3 second(s)

2022-10-05 16:20:07 - [TEST_STEP][PASSED] - click(findTestObject("00-Signup and Activation/zMailinator/Email - everleagues")): Object: 'Object Repository/00-Signup and Activation/zMailinator/Email - everleagues' is clicked on

2022-10-05 16:20:08 - [MESSAGE][PASSED] - Object: 'Object Repository/00-Signup and Activation/zMailinator/Email - everleagues' is clicked on

2022-10-05 16:20:08 - [TEST_STEP][PASSED] - delay(3): Delayed 3 second(s)

2022-10-05 16:20:11 - [MESSAGE][PASSED] - Delayed 3 second(s)

2022-10-05 16:20:11 - [TEST_STEP][PASSED] - code = getText(findTestObject("Object Repository/06-Teams/For 2FA/2FA code")): Text of object 'Object Repository/06-Teams/For 2FA/2FA code' is: '679436'

2022-10-05 16:20:11 - [MESSAGE][PASSED] - Text of object 'Object Repository/06-Teams/For 2FA/2FA code' is: '679436'

2022-10-05 16:20:11 - [TEST_STEP][PASSED] - delay(3): Delayed 3 second(s)

2022-10-05 16:20:14 - [MESSAGE][PASSED] - Delayed 3 second(s)

2022-10-05 16:20:14 - [TEST_STEP][PASSED] - closeWindowTitle("Mailinator"): Window with title: 'Mailinator' is closed

2022-10-05 16:20:14 - [MESSAGE][PASSED] - Window with title: 'Mailinator' is closed

2022-10-05 16:20:14 - [TEST_STEP][PASSED] - delay(3): Delayed 3 second(s)

2022-10-05 16:20:17 - [MESSAGE][PASSED] - Delayed 3 second(s)

2022-10-05 16:20:17 - [TEST_STEP][PASSED] - switchToWindowIndex(0): Switched to window with index: '0'

2022-10-05 16:20:17 - [MESSAGE][PASSED] - Switched to window with index: '0'

2022-10-05 16:20:17 - [TEST_STEP][PASSED] - delay(3): Delayed 3 second(s)

2022-10-05 16:20:20 - [MESSAGE][PASSED] - Delayed 3 second(s)

2022-10-05 16:20:20 - [TEST_STEP][PASSED] - setText(findTestObject("Object Repository/06-Teams/For 2FA/input_Enter verification code_code"), code): Text '679436' is set on object 'Object Repository/06-Teams/For 2FA/input_Enter verification code_code'

2022-10-05 16:20:21 - [MESSAGE][PASSED] - Text '679436' is set on object 'Object Repository/06-Teams/For 2FA/input_Enter verification code_code'

2022-10-05 16:20:21 - [TEST_STEP][PASSED] - delay(3): Delayed 3 second(s)

2022-10-05 16:20:24 - [MESSAGE][PASSED] - Delayed 3 second(s)

2022-10-05 16:20:24 - [TEST_STEP][PASSED] - click(findTestObject("06-Teams/For 2FA/button_Verify_2FA")): Object: 'Object Repository/06-Teams/For 2FA/button_Verify_2FA' is clicked on

2022-10-05 16:20:25 - [MESSAGE][PASSED] - Object: 'Object Repository/06-Teams/For 2FA/button_Verify_2FA' is clicked on

2022-10-05 16:20:25 - [TEST_STEP][PASSED] - delay(5): Delayed 5 second(s)

2022-10-05 16:20:30 - [MESSAGE][PASSED] - Delayed 5 second(s)

2022-10-05 16:20:30 - [TEST_STEP][PASSED] - click(findTestObject("06-Teams/button_doublearrow")): Object: 'Object Repository/06-Teams/button_doublearrow' is clicked on

2022-10-05 16:20:30 - [MESSAGE][PASSED] - Object: 'Object Repository/06-Teams/button_doublearrow' is clicked on

2022-10-05 16:20:30 - [TEST_STEP][PASSED] - click(findTestObject("06-Teams/button_My Organizations")): Object: 'Object Repository/06-Teams/button_My Organizations' is clicked on

2022-10-05 16:20:31 - [MESSAGE][PASSED] - Object: 'Object Repository/06-Teams/button_My Organizations' is clicked on

2022-10-05 16:20:31 - [TEST_STEP][PASSED] - click(findTestObject("06-Teams/button_GG Automation")): Object: 'Object Repository/06-Teams/button_GG Automation' is clicked on

2022-10-05 16:20:31 - [MESSAGE][PASSED] - Object: 'Object Repository/06-Teams/button_GG Automation' is clicked on

2022-10-05 16:20:31 - [TEST_STEP][PASSED] - delay(4): Delayed 4 second(s)

2022-10-05 16:20:35 - [MESSAGE][PASSED] - Delayed 4 second(s)

2022-10-05 16:20:35 - [TEST_STEP][PASSED] - verifyElementVisible(findTestObject("06-Teams/span_GG Automation")): Object 'Object Repository/06-Teams/span_GG Automation' is visible

2022-10-05 16:20:36 - [MESSAGE][PASSED] - Object 'Object Repository/06-Teams/span_GG Automation' is visible

2022-10-05 16:20:36 - [TEST_STEP][PASSED] - delay(10): Delayed 10 second(s)

2022-10-05 16:20:46 - [MESSAGE][PASSED] - Delayed 10 second(s)

2022-10-05 16:20:46 - [TEST_STEP][PASSED] - click(findTestObject("03-Header Menu/Hamburger Button/div_Settings")): Object: 'Object Repository/03-Header Menu/Hamburger Button/div_Settings' is clicked on

2022-10-05 16:20:46 - [MESSAGE][PASSED] - Object: 'Object Repository/03-Header Menu/Hamburger Button/div_Settings' is clicked on

2022-10-05 16:20:46 - [TEST_STEP][PASSED] - delay(3): Delayed 3 second(s)

2022-10-05 16:20:49 - [MESSAGE][PASSED] - Delayed 3 second(s)

2022-10-05 16:20:49 - [TEST_STEP][PASSED] - click(findTestObject("09-Settings/Users/div_Users")): Object: 'Object Repository/09-Settings/Users/div_Users' is clicked on

2022-10-05 16:20:50 - [MESSAGE][PASSED] - Object: 'Object Repository/09-Settings/Users/div_Users' is clicked on

2022-10-05 16:20:50 - [TEST_STEP][PASSED] - delay(3): Delayed 3 second(s)

2022-10-05 16:20:53 - [MESSAGE][PASSED] - Delayed 3 second(s)

2022-10-05 16:20:53 - [TEST_STEP][PASSED] - click(findTestObject("09-Settings/Users/button_add")): Object: 'Object Repository/09-Settings/Users/button_add' is clicked on

2022-10-05 16:20:53 - [MESSAGE][PASSED] - Object: 'Object Repository/09-Settings/Users/button_add' is clicked on

2022-10-05 16:20:53 - [TEST_STEP][PASSED] - delay(3): Delayed 3 second(s)

2022-10-05 16:20:56 - [MESSAGE][PASSED] - Delayed 3 second(s)

2022-10-05 16:20:56 - [TEST_STEP][PASSED] - click(findTestObject("09-Settings/Users/add Invite a single user")): Object: 'Object Repository/09-Settings/Users/add Invite a single user' is clicked on

2022-10-05 16:20:57 - [MESSAGE][PASSED] - Object: 'Object Repository/09-Settings/Users/add Invite a single user' is clicked on

2022-10-05 16:20:57 - [TEST_STEP][PASSED] - delay(3): Delayed 3 second(s)

2022-10-05 16:21:00 - [MESSAGE][PASSED] - Delayed 3 second(s)

2022-10-05 16:21:00 - [TEST_STEP][PASSED] - setText(findTestObject("09-Settings/Users/input_email"), "autotester10@mailinator.com"): Text 'autotester10@mailinator.com' is set on object 'Object Repository/09-Settings/Users/input_email'

2022-10-05 16:21:01 - [MESSAGE][PASSED] - Text 'autotester10@mailinator.com' is set on object 'Object Repository/09-Settings/Users/input_email'

2022-10-05 16:21:01 - [TEST_STEP][PASSED] - setText(findTestObject("09-Settings/Users/input_firstName"), "GG"): Text 'GG' is set on object 'Object Repository/09-Settings/Users/input_firstName'

2022-10-05 16:21:01 - [MESSAGE][PASSED] - Text 'GG' is set on object 'Object Repository/09-Settings/Users/input_firstName'

2022-10-05 16:21:01 - [TEST_STEP][PASSED] - setText(findTestObject("09-Settings/Users/input_lastName"), "Partner"): Text 'Partner' is set on object 'Object Repository/09-Settings/Users/input_lastName'

2022-10-05 16:21:02 - [MESSAGE][PASSED] - Text 'Partner' is set on object 'Object Repository/09-Settings/Users/input_lastName'

2022-10-05 16:21:02 - [TEST_STEP][PASSED] - click(findTestObject("09-Settings/Users/span_Role")): Object: 'Object Repository/09-Settings/Users/span_Role' is clicked on

2022-10-05 16:21:03 - [MESSAGE][PASSED] - Object: 'Object Repository/09-Settings/Users/span_Role' is clicked on

2022-10-05 16:21:03 - [TEST_STEP][PASSED] - click(findTestObject("09-Settings/Users/span_Partner")): Object: 'Object Repository/09-Settings/Users/span_Partner' is clicked on

2022-10-05 16:21:03 - [MESSAGE][PASSED] - Object: 'Object Repository/09-Settings/Users/span_Partner' is clicked on

2022-10-05 16:21:03 - [TEST_STEP][PASSED] - click(findTestObject("09-Settings/Users/button_Send Invitation")): Object: 'Object Repository/09-Settings/Users/button_Send Invitation' is clicked on

2022-10-05 16:21:04 - [MESSAGE][PASSED] - Object: 'Object Repository/09-Settings/Users/button_Send Invitation' is clicked on

2022-10-05 16:21:04 - [TEST_STEP][PASSED] - delay(2): Delayed 2 second(s)

2022-10-05 16:21:06 - [MESSAGE][PASSED] - Delayed 2 second(s)

2022-10-05 16:21:06 - [TEST_STEP][PASSED] - verifyElementVisible(findTestObject("07-Directory/Connections/zContact Profile/Successfully invited user")): Object 'Object Repository/07-Directory/Connections/zContact Profile/Successfully invited user' is visible

2022-10-05 16:21:07 - [MESSAGE][PASSED] - Object 'Object Repository/07-Directory/Connections/zContact Profile/Successfully invited user' is visible

2022-10-05 16:21:07 - [TEST_STEP][PASSED] - delay(2): Delayed 2 second(s)

2022-10-05 16:21:09 - [MESSAGE][PASSED] - Delayed 2 second(s)

2022-10-05 16:21:09 - [TEST_STEP][PASSED] - click(findTestObject("01-Login and Forgot Password/User menu drop")): Object: 'Object Repository/01-Login and Forgot Password/User menu drop' is clicked on

2022-10-05 16:21:09 - [MESSAGE][PASSED] - Object: 'Object Repository/01-Login and Forgot Password/User menu drop' is clicked on

2022-10-05 16:21:09 - [TEST_STEP][PASSED] - delay(2): Delayed 2 second(s)

2022-10-05 16:21:11 - [MESSAGE][PASSED] - Delayed 2 second(s)

2022-10-05 16:21:11 - [TEST_STEP][PASSED] - click(findTestObject("01-Login and Forgot Password/h4_Sign Out"), STOP_ON_FAILURE): Object: 'Object Repository/01-Login and Forgot Password/h4_Sign Out' is clicked on

2022-10-05 16:21:12 - [MESSAGE][PASSED] - Object: 'Object Repository/01-Login and Forgot Password/h4_Sign Out' is clicked on

2022-10-05 16:21:12 - [TEST_STEP][PASSED] - delay(2): Delayed 2 second(s)

2022-10-05 16:21:14 - [MESSAGE][PASSED] - Delayed 2 second(s)

2022-10-05 16:21:14 - [TEST_STEP][PASSED] - verifyElementPresent(findTestObject("01-Login and Forgot Password/Login_Card"), 0): Object 'Object Repository/01-Login and Forgot Password/Login_Card' is present

2022-10-05 16:21:14 - [MESSAGE][WARNING] - Timeout '0' is invalid. Using default page load timeout: '30'

2022-10-05 16:21:14 - [MESSAGE][PASSED] - Object 'Object Repository/01-Login and Forgot Password/Login_Card' is present

2022-10-05 16:21:14 - [TEST_STEP][PASSED] - delay(3): Delayed 3 second(s)

2022-10-05 16:21:17 - [MESSAGE][PASSED] - Delayed 3 second(s)

2022-10-05 16:21:17 - [TEST_STEP][PASSED] - closeBrowser(): Browser is closed

2022-10-05 16:21:18 - [MESSAGE][PASSED] - Browser is closed

2022-10-05 16:21:18 - [TEST_STEP][PASSED] - openBrowser(""): Browser is opened with url: ''

2022-10-05 16:21:18 - [MESSAGE][INFO] - Starting 'Chrome' driver

2022-10-05 16:21:18 - [MESSAGE][INFO] - Action delay is set to 0 milliseconds

2022-10-05 16:21:19 - [MESSAGE][PASSED] - Browser is opened with url: ''

2022-10-05 16:21:19 - [TEST_STEP][PASSED] - navigateToUrl("https://lab.everleagues.com/"): Navigate to 'https://lab.everleagues.com/' successfully

2022-10-05 16:21:45 - [MESSAGE][PASSED] - Navigate to 'https://lab.everleagues.com/' successfully

2022-10-05 16:21:45 - [TEST_STEP][PASSED] - maximizeWindow(): Current window maximized

2022-10-05 16:21:45 - [MESSAGE][PASSED] - Current window maximized

2022-10-05 16:21:45 - [TEST_STEP][PASSED] - setText(findTestObject("02-Side Icons(Organization)/Add Contact/Email Field"), "autotester10@mailinator.com"): Text 'autotester10@mailinator.com' is set on object 'Object Repository/02-Side Icons(Organization)/Add Contact/Email Field'

2022-10-05 16:21:46 - [MESSAGE][PASSED] - Text 'autotester10@mailinator.com' is set on object 'Object Repository/02-Side Icons(Organization)/Add Contact/Email Field'

2022-10-05 16:21:46 - [TEST_STEP][PASSED] - setEncryptedText(findTestObject("02-Side Icons(Organization)/Add Contact/Password Field"), "8yFRyszE6U6jvsCn51OQbg=="): Text ****** has been set on object 'Object Repository/02-Side Icons(Organization)/Add Contact/Password Field'

2022-10-05 16:21:46 - [MESSAGE][PASSED] - Text ****** has been set on object 'Object Repository/02-Side Icons(Organization)/Add Contact/Password Field'

2022-10-05 16:21:46 - [TEST_STEP][PASSED] - click(findTestObject("02-Side Icons(Organization)/Add Contact/button_Sign in")): Object: 'Object Repository/02-Side Icons(Organization)/Add Contact/button_Sign in' is clicked on

2022-10-05 16:21:47 - [MESSAGE][PASSED] - Object: 'Object Repository/02-Side Icons(Organization)/Add Contact/button_Sign in' is clicked on

2022-10-05 16:21:47 - [TEST_STEP][PASSED] - delay(2): Delayed 2 second(s)

2022-10-05 16:21:49 - [MESSAGE][PASSED] - Delayed 2 second(s)

2022-10-05 16:21:49 - [TEST_STEP][PASSED] - click(findTestObject("06-Teams/For 2FA/button_Confirm_2FA")): Object: 'Object Repository/06-Teams/For 2FA/button_Confirm_2FA' is clicked on

2022-10-05 16:21:49 - [MESSAGE][PASSED] - Object: 'Object Repository/06-Teams/For 2FA/button_Confirm_2FA' is clicked on

2022-10-05 16:21:49 - [TEST_STEP][PASSED] - executeJavaScript("window.open();", []): Execute JavaScript 'window.open();' successfully

2022-10-05 16:21:49 - [MESSAGE][PASSED] - Execute JavaScript 'window.open();' successfully

2022-10-05 16:21:49 - [TEST_STEP][PASSED] - currentWindow = getWindowIndex(): Current window's index is: 0

2022-10-05 16:21:49 - [MESSAGE][PASSED] - Current window's index is: 0

2022-10-05 16:21:49 - [TEST_STEP][PASSED] - delay(3): Delayed 3 second(s)

2022-10-05 16:21:52 - [MESSAGE][PASSED] - Delayed 3 second(s)

2022-10-05 16:21:52 - [TEST_STEP][PASSED] - switchToWindowIndex(currentWindow + 1): Switched to window with index: '1'

2022-10-05 16:21:52 - [MESSAGE][PASSED] - Switched to window with index: '1'

2022-10-05 16:21:52 - [TEST_STEP][PASSED] - navigateToUrl("https://www.mailinator.com/"): Navigate to 'https://www.mailinator.com/' successfully

2022-10-05 16:21:54 - [MESSAGE][PASSED] - Navigate to 'https://www.mailinator.com/' successfully

2022-10-05 16:21:54 - [TEST_STEP][PASSED] - delay(3): Delayed 3 second(s)

2022-10-05 16:21:57 - [MESSAGE][PASSED] - Delayed 3 second(s)

2022-10-05 16:21:57 - [TEST_STEP][PASSED] - setText(findTestObject("00-Signup and Activation/zMailinator/input_LOGIN_search"), "autotester10@mailinator.com"): Text 'autotester10@mailinator.com' is set on object 'Object Repository/00-Signup and Activation/zMailinator/input_LOGIN_search'

2022-10-05 16:21:58 - [MESSAGE][PASSED] - Text 'autotester10@mailinator.com' is set on object 'Object Repository/00-Signup and Activation/zMailinator/input_LOGIN_search'

2022-10-05 16:21:58 - [TEST_STEP][PASSED] - click(findTestObject("00-Signup and Activation/zMailinator/gobutton"), STOP_ON_FAILURE): Object: 'Object Repository/00-Signup and Activation/zMailinator/gobutton' is clicked on

2022-10-05 16:21:59 - [MESSAGE][PASSED] - Object: 'Object Repository/00-Signup and Activation/zMailinator/gobutton' is clicked on

2022-10-05 16:21:59 - [TEST_STEP][PASSED] - delay(3): Delayed 3 second(s)

2022-10-05 16:22:02 - [MESSAGE][PASSED] - Delayed 3 second(s)

2022-10-05 16:22:02 - [TEST_STEP][PASSED] - click(findTestObject("00-Signup and Activation/zMailinator/Email - everleagues")): Object: 'Object Repository/00-Signup and Activation/zMailinator/Email - everleagues' is clicked on

2022-10-05 16:22:03 - [MESSAGE][PASSED] - Object: 'Object Repository/00-Signup and Activation/zMailinator/Email - everleagues' is clicked on

2022-10-05 16:22:03 - [TEST_STEP][PASSED] - delay(3): Delayed 3 second(s)

2022-10-05 16:22:06 - [MESSAGE][PASSED] - Delayed 3 second(s)

2022-10-05 16:22:06 - [TEST_STEP][PASSED] - codetwo = getText(findTestObject("Object Repository/06-Teams/For 2FA/2FA code")): Text of object 'Object Repository/06-Teams/For 2FA/2FA code' is: '955980'

2022-10-05 16:22:06 - [MESSAGE][PASSED] - Text of object 'Object Repository/06-Teams/For 2FA/2FA code' is: '955980'

2022-10-05 16:22:06 - [TEST_STEP][PASSED] - delay(3): Delayed 3 second(s)

2022-10-05 16:22:09 - [MESSAGE][PASSED] - Delayed 3 second(s)

2022-10-05 16:22:09 - [TEST_STEP][PASSED] - closeWindowTitle("Mailinator"): Window with title: 'Mailinator' is closed

2022-10-05 16:22:09 - [MESSAGE][PASSED] - Window with title: 'Mailinator' is closed

2022-10-05 16:22:09 - [TEST_STEP][PASSED] - delay(3): Delayed 3 second(s)

2022-10-05 16:22:12 - [MESSAGE][PASSED] - Delayed 3 second(s)

2022-10-05 16:22:12 - [TEST_STEP][PASSED] - switchToWindowIndex(0): Switched to window with index: '0'

2022-10-05 16:22:12 - [MESSAGE][PASSED] - Switched to window with index: '0'

2022-10-05 16:22:12 - [TEST_STEP][PASSED] - delay(3): Delayed 3 second(s)

2022-10-05 16:22:15 - [MESSAGE][PASSED] - Delayed 3 second(s)

2022-10-05 16:22:15 - [TEST_STEP][PASSED] - setText(findTestObject("Object Repository/06-Teams/For 2FA/input_Enter verification code_code"), codetwo): Text '955980' is set on object 'Object Repository/06-Teams/For 2FA/input_Enter verification code_code'

2022-10-05 16:22:16 - [MESSAGE][PASSED] - Text '955980' is set on object 'Object Repository/06-Teams/For 2FA/input_Enter verification code_code'

2022-10-05 16:22:16 - [TEST_STEP][PASSED] - delay(3): Delayed 3 second(s)

2022-10-05 16:22:19 - [MESSAGE][PASSED] - Delayed 3 second(s)

2022-10-05 16:22:19 - [TEST_STEP][PASSED] - click(findTestObject("06-Teams/For 2FA/button_Verify_2FA")): Object: 'Object Repository/06-Teams/For 2FA/button_Verify_2FA' is clicked on

2022-10-05 16:22:20 - [MESSAGE][PASSED] - Object: 'Object Repository/06-Teams/For 2FA/button_Verify_2FA' is clicked on

2022-10-05 16:22:20 - [TEST_STEP][PASSED] - delay(5): Delayed 5 second(s)

2022-10-05 16:22:25 - [MESSAGE][PASSED] - Delayed 5 second(s)

2022-10-05 16:22:25 - [TEST_STEP][PASSED] - executeJavaScript("window.open();", []): Execute JavaScript 'window.open();' successfully

2022-10-05 16:22:25 - [MESSAGE][PASSED] - Execute JavaScript 'window.open();' successfully

2022-10-05 16:22:25 - [TEST_STEP][PASSED] - currentWindow = getWindowIndex(): Current window's index is: 0

2022-10-05 16:22:25 - [MESSAGE][PASSED] - Current window's index is: 0

2022-10-05 16:22:25 - [TEST_STEP][PASSED] - delay(3): Delayed 3 second(s)

2022-10-05 16:22:28 - [MESSAGE][PASSED] - Delayed 3 second(s)

2022-10-05 16:22:28 - [TEST_STEP][PASSED] - switchToWindowIndex(currentWindow + 1): Switched to window with index: '1'

2022-10-05 16:22:28 - [MESSAGE][PASSED] - Switched to window with index: '1'

2022-10-05 16:22:28 - [TEST_STEP][PASSED] - navigateToUrl("https://www.mailinator.com/"): Navigate to 'https://www.mailinator.com/' successfully

2022-10-05 16:22:29 - [MESSAGE][PASSED] - Navigate to 'https://www.mailinator.com/' successfully

2022-10-05 16:22:29 - [TEST_STEP][PASSED] - delay(3): Delayed 3 second(s)

2022-10-05 16:22:32 - [MESSAGE][PASSED] - Delayed 3 second(s)

2022-10-05 16:22:32 - [TEST_STEP][PASSED] - setText(findTestObject("00-Signup and Activation/zMailinator/input_LOGIN_search"), "autotester10@mailinator.com"): Text 'autotester10@mailinator.com' is set on object 'Object Repository/00-Signup and Activation/zMailinator/input_LOGIN_search'

2022-10-05 16:22:33 - [MESSAGE][PASSED] - Text 'autotester10@mailinator.com' is set on object 'Object Repository/00-Signup and Activation/zMailinator/input_LOGIN_search'

2022-10-05 16:22:33 - [TEST_STEP][PASSED] - click(findTestObject("00-Signup and Activation/zMailinator/gobutton"), STOP_ON_FAILURE): Object: 'Object Repository/00-Signup and Activation/zMailinator/gobutton' is clicked on

2022-10-05 16:22:33 - [MESSAGE][PASSED] - Object: 'Object Repository/00-Signup and Activation/zMailinator/gobutton' is clicked on

2022-10-05 16:22:33 - [TEST_STEP][PASSED] - delay(3): Delayed 3 second(s)

2022-10-05 16:22:36 - [MESSAGE][PASSED] - Delayed 3 second(s)

2022-10-05 16:22:36 - [TEST_STEP][PASSED] - closeWindowTitle("Everleagues"): Window with title: 'Everleagues' is closed

2022-10-05 16:22:37 - [MESSAGE][PASSED] - Window with title: 'Everleagues' is closed

2022-10-05 16:22:37 - [TEST_STEP][PASSED] - switchToWindowIndex(0): Switched to window with index: '0'

2022-10-05 16:22:37 - [MESSAGE][PASSED] - Switched to window with index: '0'

2022-10-05 16:22:37 - [TEST_STEP][PASSED] - click(findTestObject("09-Settings/Users/Co worker/td_Invitation from GG Automation")): Object: 'Object Repository/09-Settings/Users/Co worker/td_Invitation from GG Automation' is clicked on

2022-10-05 16:22:37 - [MESSAGE][PASSED] - Object: 'Object Repository/09-Settings/Users/Co worker/td_Invitation from GG Automation' is clicked on

2022-10-05 16:22:37 - [TEST_STEP][PASSED] - click(findTestObject("09-Settings/Users/Co worker/a_Click here to join GG Automation on EverLeagues")): Object: 'Object Repository/09-Settings/Users/Co worker/a_Click here to join GG Automation on EverLeagues' is clicked on

2022-10-05 16:22:38 - [MESSAGE][PASSED] - Object: 'Object Repository/09-Settings/Users/Co worker/a_Click here to join GG Automation on EverLeagues' is clicked on

2022-10-05 16:22:38 - [TEST_STEP][PASSED] - closeWindowTitle("Mailinator"): Window with title: 'Mailinator' is closed

2022-10-05 16:22:38 - [MESSAGE][PASSED] - Window with title: 'Mailinator' is closed

2022-10-05 16:22:38 - [TEST_STEP][PASSED] - switchToWindowIndex(0): Switched to window with index: '0'

2022-10-05 16:22:38 - [MESSAGE][PASSED] - Switched to window with index: '0'

2022-10-05 16:22:38 - [TEST_STEP][PASSED] - verifyElementVisible(findTestObject("09-Settings/Users/Client/Invite modal")): Object 'Object Repository/09-Settings/Users/Client/Invite modal' is visible

2022-10-05 16:22:44 - [MESSAGE][PASSED] - Object 'Object Repository/09-Settings/Users/Client/Invite modal' is visible

2022-10-05 16:22:44 - [TEST_STEP][PASSED] - setText(findTestObject("09-Settings/Users/Client/Company field"), "QA Company"): Text 'QA Company' is set on object 'Object Repository/09-Settings/Users/Client/Company field'

2022-10-05 16:22:44 - [MESSAGE][PASSED] - Text 'QA Company' is set on object 'Object Repository/09-Settings/Users/Client/Company field'

2022-10-05 16:22:44 - [TEST_STEP][PASSED] - click(findTestObject("09-Settings/Users/Client/button_Accept")): Object: 'Object Repository/09-Settings/Users/Client/button_Accept' is clicked on

2022-10-05 16:22:45 - [MESSAGE][PASSED] - Object: 'Object Repository/09-Settings/Users/Client/button_Accept' is clicked on

2022-10-05 16:22:45 - [TEST_STEP][PASSED] - delay(10): Delayed 10 second(s)

2022-10-05 16:22:55 - [MESSAGE][PASSED] - Delayed 10 second(s)

2022-10-05 16:22:55 - [TEST_STEP][PASSED] - verifyElementVisible(findTestObject("09-Settings/Users/div_Joined as Partner")): Object 'Object Repository/09-Settings/Users/div_Joined as Partner' is visible

2022-10-05 16:22:55 - [MESSAGE][PASSED] - Object 'Object Repository/09-Settings/Users/div_Joined as Partner' is visible

2022-10-05 16:22:55 - [TEST_STEP][PASSED] - delay(3): Delayed 3 second(s)

2022-10-05 16:22:58 - [MESSAGE][PASSED] - Delayed 3 second(s)

2022-10-05 16:22:58 - [TEST_STEP][PASSED] - closeBrowser(): Browser is closed

2022-10-05 16:22:59 - [MESSAGE][PASSED] - Browser is closed]]></system-out>
         <system-err><![CDATA[]]></system-err>
      </testcase>
      <testcase name="Test Cases/09-Settings/05 - Users (Invite batch of users via CSV file)" time="117.632" classname="Test Cases/09-Settings/05 - Users (Invite batch of users via CSV file)" status="PASSED">
         <system-out><![CDATA[2022-10-05 16:22:59 - [TEST_CASE][PASSED] - Test Cases/09-Settings/05 - Users (Invite batch of users via CSV file): Test Cases/09-Settings/05 - Users (Invite batch of users via CSV file)

2022-10-05 16:22:59 - [TEST_STEP][PASSED] - openBrowser(""): Browser is opened with url: ''

2022-10-05 16:22:59 - [MESSAGE][INFO] - Starting 'Chrome' driver

2022-10-05 16:22:59 - [MESSAGE][INFO] - Action delay is set to 0 milliseconds

2022-10-05 16:23:00 - [MESSAGE][PASSED] - Browser is opened with url: ''

2022-10-05 16:23:00 - [TEST_STEP][PASSED] - navigateToUrl("https://lab.everleagues.com/"): Navigate to 'https://lab.everleagues.com/' successfully

2022-10-05 16:23:19 - [MESSAGE][PASSED] - Navigate to 'https://lab.everleagues.com/' successfully

2022-10-05 16:23:19 - [TEST_STEP][PASSED] - maximizeWindow(): Current window maximized

2022-10-05 16:23:19 - [MESSAGE][PASSED] - Current window maximized

2022-10-05 16:23:19 - [TEST_STEP][PASSED] - setText(findTestObject("02-Side Icons(Organization)/Add Contact/Email Field"), "testuser02@mailinator.com"): Text 'testuser02@mailinator.com' is set on object 'Object Repository/02-Side Icons(Organization)/Add Contact/Email Field'

2022-10-05 16:23:20 - [MESSAGE][PASSED] - Text 'testuser02@mailinator.com' is set on object 'Object Repository/02-Side Icons(Organization)/Add Contact/Email Field'

2022-10-05 16:23:20 - [TEST_STEP][PASSED] - setEncryptedText(findTestObject("02-Side Icons(Organization)/Add Contact/Password Field"), "8yFRyszE6U6jvsCn51OQbg=="): Text ****** has been set on object 'Object Repository/02-Side Icons(Organization)/Add Contact/Password Field'

2022-10-05 16:23:21 - [MESSAGE][PASSED] - Text ****** has been set on object 'Object Repository/02-Side Icons(Organization)/Add Contact/Password Field'

2022-10-05 16:23:21 - [TEST_STEP][PASSED] - click(findTestObject("02-Side Icons(Organization)/Add Contact/button_Sign in")): Object: 'Object Repository/02-Side Icons(Organization)/Add Contact/button_Sign in' is clicked on

2022-10-05 16:23:21 - [MESSAGE][PASSED] - Object: 'Object Repository/02-Side Icons(Organization)/Add Contact/button_Sign in' is clicked on

2022-10-05 16:23:21 - [TEST_STEP][PASSED] - delay(2): Delayed 2 second(s)

2022-10-05 16:23:23 - [MESSAGE][PASSED] - Delayed 2 second(s)

2022-10-05 16:23:23 - [TEST_STEP][PASSED] - click(findTestObject("06-Teams/For 2FA/button_Confirm_2FA")): Object: 'Object Repository/06-Teams/For 2FA/button_Confirm_2FA' is clicked on

2022-10-05 16:23:24 - [MESSAGE][PASSED] - Object: 'Object Repository/06-Teams/For 2FA/button_Confirm_2FA' is clicked on

2022-10-05 16:23:24 - [TEST_STEP][PASSED] - executeJavaScript("window.open();", []): Execute JavaScript 'window.open();' successfully

2022-10-05 16:23:24 - [MESSAGE][PASSED] - Execute JavaScript 'window.open();' successfully

2022-10-05 16:23:24 - [TEST_STEP][PASSED] - currentWindow = getWindowIndex(): Current window's index is: 0

2022-10-05 16:23:24 - [MESSAGE][PASSED] - Current window's index is: 0

2022-10-05 16:23:24 - [TEST_STEP][PASSED] - delay(3): Delayed 3 second(s)

2022-10-05 16:23:27 - [MESSAGE][PASSED] - Delayed 3 second(s)

2022-10-05 16:23:27 - [TEST_STEP][PASSED] - switchToWindowIndex(currentWindow + 1): Switched to window with index: '1'

2022-10-05 16:23:27 - [MESSAGE][PASSED] - Switched to window with index: '1'

2022-10-05 16:23:27 - [TEST_STEP][PASSED] - navigateToUrl("https://www.mailinator.com/"): Navigate to 'https://www.mailinator.com/' successfully

2022-10-05 16:23:29 - [MESSAGE][PASSED] - Navigate to 'https://www.mailinator.com/' successfully

2022-10-05 16:23:29 - [TEST_STEP][PASSED] - delay(3): Delayed 3 second(s)

2022-10-05 16:23:32 - [MESSAGE][PASSED] - Delayed 3 second(s)

2022-10-05 16:23:32 - [TEST_STEP][PASSED] - setText(findTestObject("00-Signup and Activation/zMailinator/input_LOGIN_search"), "testuser02@mailinator.com"): Text 'testuser02@mailinator.com' is set on object 'Object Repository/00-Signup and Activation/zMailinator/input_LOGIN_search'

2022-10-05 16:23:32 - [MESSAGE][PASSED] - Text 'testuser02@mailinator.com' is set on object 'Object Repository/00-Signup and Activation/zMailinator/input_LOGIN_search'

2022-10-05 16:23:32 - [TEST_STEP][PASSED] - click(findTestObject("00-Signup and Activation/zMailinator/gobutton"), STOP_ON_FAILURE): Object: 'Object Repository/00-Signup and Activation/zMailinator/gobutton' is clicked on

2022-10-05 16:23:34 - [MESSAGE][PASSED] - Object: 'Object Repository/00-Signup and Activation/zMailinator/gobutton' is clicked on

2022-10-05 16:23:34 - [TEST_STEP][PASSED] - delay(3): Delayed 3 second(s)

2022-10-05 16:23:37 - [MESSAGE][PASSED] - Delayed 3 second(s)

2022-10-05 16:23:37 - [TEST_STEP][PASSED] - click(findTestObject("00-Signup and Activation/zMailinator/Email - everleagues")): Object: 'Object Repository/00-Signup and Activation/zMailinator/Email - everleagues' is clicked on

2022-10-05 16:23:38 - [MESSAGE][PASSED] - Object: 'Object Repository/00-Signup and Activation/zMailinator/Email - everleagues' is clicked on

2022-10-05 16:23:38 - [TEST_STEP][PASSED] - delay(3): Delayed 3 second(s)

2022-10-05 16:23:41 - [MESSAGE][PASSED] - Delayed 3 second(s)

2022-10-05 16:23:41 - [TEST_STEP][PASSED] - code = getText(findTestObject("Object Repository/06-Teams/For 2FA/2FA code")): Text of object 'Object Repository/06-Teams/For 2FA/2FA code' is: '048826'

2022-10-05 16:23:41 - [MESSAGE][PASSED] - Text of object 'Object Repository/06-Teams/For 2FA/2FA code' is: '048826'

2022-10-05 16:23:41 - [TEST_STEP][PASSED] - delay(3): Delayed 3 second(s)

2022-10-05 16:23:44 - [MESSAGE][PASSED] - Delayed 3 second(s)

2022-10-05 16:23:44 - [TEST_STEP][PASSED] - closeWindowTitle("Mailinator"): Window with title: 'Mailinator' is closed

2022-10-05 16:23:44 - [MESSAGE][PASSED] - Window with title: 'Mailinator' is closed

2022-10-05 16:23:44 - [TEST_STEP][PASSED] - delay(3): Delayed 3 second(s)

2022-10-05 16:23:47 - [MESSAGE][PASSED] - Delayed 3 second(s)

2022-10-05 16:23:47 - [TEST_STEP][PASSED] - switchToWindowIndex(0): Switched to window with index: '0'

2022-10-05 16:23:47 - [MESSAGE][PASSED] - Switched to window with index: '0'

2022-10-05 16:23:47 - [TEST_STEP][PASSED] - delay(3): Delayed 3 second(s)

2022-10-05 16:23:50 - [MESSAGE][PASSED] - Delayed 3 second(s)

2022-10-05 16:23:50 - [TEST_STEP][PASSED] - setText(findTestObject("Object Repository/06-Teams/For 2FA/input_Enter verification code_code"), code): Text '048826' is set on object 'Object Repository/06-Teams/For 2FA/input_Enter verification code_code'

2022-10-05 16:23:51 - [MESSAGE][PASSED] - Text '048826' is set on object 'Object Repository/06-Teams/For 2FA/input_Enter verification code_code'

2022-10-05 16:23:51 - [TEST_STEP][PASSED] - delay(3): Delayed 3 second(s)

2022-10-05 16:23:54 - [MESSAGE][PASSED] - Delayed 3 second(s)

2022-10-05 16:23:54 - [TEST_STEP][PASSED] - click(findTestObject("06-Teams/For 2FA/button_Verify_2FA")): Object: 'Object Repository/06-Teams/For 2FA/button_Verify_2FA' is clicked on

2022-10-05 16:23:55 - [MESSAGE][PASSED] - Object: 'Object Repository/06-Teams/For 2FA/button_Verify_2FA' is clicked on

2022-10-05 16:23:55 - [TEST_STEP][PASSED] - delay(5): Delayed 5 second(s)

2022-10-05 16:24:00 - [MESSAGE][PASSED] - Delayed 5 second(s)

2022-10-05 16:24:00 - [TEST_STEP][PASSED] - click(findTestObject("06-Teams/button_doublearrow")): Object: 'Object Repository/06-Teams/button_doublearrow' is clicked on

2022-10-05 16:24:00 - [MESSAGE][PASSED] - Object: 'Object Repository/06-Teams/button_doublearrow' is clicked on

2022-10-05 16:24:00 - [TEST_STEP][PASSED] - click(findTestObject("06-Teams/button_My Organizations")): Object: 'Object Repository/06-Teams/button_My Organizations' is clicked on

2022-10-05 16:24:01 - [MESSAGE][PASSED] - Object: 'Object Repository/06-Teams/button_My Organizations' is clicked on

2022-10-05 16:24:01 - [TEST_STEP][PASSED] - click(findTestObject("06-Teams/button_GG Automation")): Object: 'Object Repository/06-Teams/button_GG Automation' is clicked on

2022-10-05 16:24:01 - [MESSAGE][PASSED] - Object: 'Object Repository/06-Teams/button_GG Automation' is clicked on

2022-10-05 16:24:01 - [TEST_STEP][PASSED] - delay(4): Delayed 4 second(s)

2022-10-05 16:24:05 - [MESSAGE][PASSED] - Delayed 4 second(s)

2022-10-05 16:24:05 - [TEST_STEP][PASSED] - verifyElementVisible(findTestObject("06-Teams/span_GG Automation")): Object 'Object Repository/06-Teams/span_GG Automation' is visible

2022-10-05 16:24:06 - [MESSAGE][PASSED] - Object 'Object Repository/06-Teams/span_GG Automation' is visible

2022-10-05 16:24:06 - [TEST_STEP][PASSED] - delay(10): Delayed 10 second(s)

2022-10-05 16:24:16 - [MESSAGE][PASSED] - Delayed 10 second(s)

2022-10-05 16:24:16 - [TEST_STEP][PASSED] - click(findTestObject("03-Header Menu/Hamburger Button/div_Settings")): Object: 'Object Repository/03-Header Menu/Hamburger Button/div_Settings' is clicked on

2022-10-05 16:24:16 - [MESSAGE][PASSED] - Object: 'Object Repository/03-Header Menu/Hamburger Button/div_Settings' is clicked on

2022-10-05 16:24:16 - [TEST_STEP][PASSED] - delay(3): Delayed 3 second(s)

2022-10-05 16:24:19 - [MESSAGE][PASSED] - Delayed 3 second(s)

2022-10-05 16:24:19 - [TEST_STEP][PASSED] - click(findTestObject("09-Settings/Users/div_Users")): Object: 'Object Repository/09-Settings/Users/div_Users' is clicked on

2022-10-05 16:24:20 - [MESSAGE][PASSED] - Object: 'Object Repository/09-Settings/Users/div_Users' is clicked on

2022-10-05 16:24:20 - [TEST_STEP][PASSED] - delay(3): Delayed 3 second(s)

2022-10-05 16:24:23 - [MESSAGE][PASSED] - Delayed 3 second(s)

2022-10-05 16:24:23 - [TEST_STEP][PASSED] - click(findTestObject("09-Settings/Users/button_add")): Object: 'Object Repository/09-Settings/Users/button_add' is clicked on

2022-10-05 16:24:23 - [MESSAGE][PASSED] - Object: 'Object Repository/09-Settings/Users/button_add' is clicked on

2022-10-05 16:24:23 - [TEST_STEP][PASSED] - delay(3): Delayed 3 second(s)

2022-10-05 16:24:26 - [MESSAGE][PASSED] - Delayed 3 second(s)

2022-10-05 16:24:26 - [TEST_STEP][PASSED] - click(findTestObject("09-Settings/Users/Invite batch of users via CSV file")): Object: 'Object Repository/09-Settings/Users/Invite batch of users via CSV file' is clicked on

2022-10-05 16:24:27 - [MESSAGE][PASSED] - Object: 'Object Repository/09-Settings/Users/Invite batch of users via CSV file' is clicked on

2022-10-05 16:24:27 - [TEST_STEP][PASSED] - verifyElementVisible(findTestObject("09-Settings/Users/CSV Invite/Import CSV File modal")): Object 'Object Repository/09-Settings/Users/CSV Invite/Import CSV File modal' is visible

2022-10-05 16:24:27 - [MESSAGE][PASSED] - Object 'Object Repository/09-Settings/Users/CSV Invite/Import CSV File modal' is visible

2022-10-05 16:24:27 - [TEST_STEP][PASSED] - verifyElementNotClickable(findTestObject("09-Settings/Users/CSV Invite/button_Import")): Object 'Object Repository/09-Settings/Users/CSV Invite/button_Import' is NOT clickable

2022-10-05 16:24:28 - [MESSAGE][PASSED] - Object 'Object Repository/09-Settings/Users/CSV Invite/button_Import' is NOT clickable

2022-10-05 16:24:28 - [TEST_STEP][PASSED] - delay(3): Delayed 3 second(s)

2022-10-05 16:24:31 - [MESSAGE][PASSED] - Delayed 3 second(s)

2022-10-05 16:24:31 - [TEST_STEP][PASSED] - uploadpackage.Upload.uploadFile(findTestObject("Object Repository/09-Settings/Users/CSV Invite/button_Choose File"), "C:\Users\User\Desktop\EL automation\sample csv.csv"): uploadpackage.Upload.uploadFile is PASSED

2022-10-05 16:24:31 - [MESSAGE][PASSED] - Object: 'Object Repository/09-Settings/Users/CSV Invite/button_Choose File' is clicked on

2022-10-05 16:24:31 - [MESSAGE][PASSED] - uploadpackage.Upload.uploadFile is PASSED

2022-10-05 16:24:31 - [TEST_STEP][PASSED] - delay(3): Delayed 3 second(s)

2022-10-05 16:24:34 - [MESSAGE][PASSED] - Delayed 3 second(s)

2022-10-05 16:24:34 - [TEST_STEP][PASSED] - verifyElementVisible(findTestObject("09-Settings/Users/CSV Invite/div_Sample csv.csv")): Object 'Object Repository/09-Settings/Users/CSV Invite/div_Sample csv.csv' is visible

2022-10-05 16:24:35 - [MESSAGE][PASSED] - Object 'Object Repository/09-Settings/Users/CSV Invite/div_Sample csv.csv' is visible

2022-10-05 16:24:35 - [TEST_STEP][PASSED] - click(findTestObject("09-Settings/Users/CSV Invite/button_Import")): Object: 'Object Repository/09-Settings/Users/CSV Invite/button_Import' is clicked on

2022-10-05 16:24:35 - [MESSAGE][PASSED] - Object: 'Object Repository/09-Settings/Users/CSV Invite/button_Import' is clicked on

2022-10-05 16:24:35 - [TEST_STEP][PASSED] - delay(10): Delayed 10 second(s)

2022-10-05 16:24:45 - [MESSAGE][PASSED] - Delayed 10 second(s)

2022-10-05 16:24:45 - [TEST_STEP][PASSED] - verifyElementVisible(findTestObject("09-Settings/Users/CSV Invite/Success import modal")): Object 'Object Repository/09-Settings/Users/CSV Invite/Success import modal' is visible

2022-10-05 16:24:46 - [MESSAGE][PASSED] - Object 'Object Repository/09-Settings/Users/CSV Invite/Success import modal' is visible

2022-10-05 16:24:46 - [TEST_STEP][PASSED] - click(findTestObject("09-Settings/Users/CSV Invite/button_Close")): Object: 'Object Repository/09-Settings/Users/CSV Invite/button_Close' is clicked on

2022-10-05 16:24:46 - [MESSAGE][PASSED] - Object: 'Object Repository/09-Settings/Users/CSV Invite/button_Close' is clicked on

2022-10-05 16:24:46 - [TEST_STEP][PASSED] - click(findTestObject("09-Settings/Users/CSV Invite/Invited Users tab")): Object: 'Object Repository/09-Settings/Users/CSV Invite/Invited Users tab' is clicked on

2022-10-05 16:24:47 - [MESSAGE][PASSED] - Object: 'Object Repository/09-Settings/Users/CSV Invite/Invited Users tab' is clicked on

2022-10-05 16:24:47 - [TEST_STEP][PASSED] - delay(3): Delayed 3 second(s)

2022-10-05 16:24:50 - [MESSAGE][PASSED] - Delayed 3 second(s)

2022-10-05 16:24:50 - [TEST_STEP][PASSED] - verifyElementVisible(findTestObject("09-Settings/Users/CSV Invite/div_CTCSV test3")): Object 'Object Repository/09-Settings/Users/CSV Invite/div_CTCSV test3' is visible

2022-10-05 16:24:50 - [MESSAGE][PASSED] - Object 'Object Repository/09-Settings/Users/CSV Invite/div_CTCSV test3' is visible

2022-10-05 16:24:50 - [TEST_STEP][PASSED] - verifyElementVisible(findTestObject("09-Settings/Users/CSV Invite/div_autotester08mailinator.com")): Object 'Object Repository/09-Settings/Users/CSV Invite/div_autotester08mailinator.com' is visible

2022-10-05 16:24:51 - [MESSAGE][PASSED] - Object 'Object Repository/09-Settings/Users/CSV Invite/div_autotester08mailinator.com' is visible

2022-10-05 16:24:51 - [TEST_STEP][PASSED] - verifyElementVisible(findTestObject("09-Settings/Users/CSV Invite/div_Partner")): Object 'Object Repository/09-Settings/Users/CSV Invite/div_Partner' is visible

2022-10-05 16:24:51 - [MESSAGE][PASSED] - Object 'Object Repository/09-Settings/Users/CSV Invite/div_Partner' is visible

2022-10-05 16:24:51 - [TEST_STEP][PASSED] - verifyElementVisible(findTestObject("09-Settings/Users/CSV Invite/div_CTCSV test2")): Object 'Object Repository/09-Settings/Users/CSV Invite/div_CTCSV test2' is visible

2022-10-05 16:24:51 - [MESSAGE][PASSED] - Object 'Object Repository/09-Settings/Users/CSV Invite/div_CTCSV test2' is visible

2022-10-05 16:24:51 - [TEST_STEP][PASSED] - verifyElementVisible(findTestObject("09-Settings/Users/CSV Invite/div_autotester07mailinator.com")): Object 'Object Repository/09-Settings/Users/CSV Invite/div_autotester07mailinator.com' is visible

2022-10-05 16:24:52 - [MESSAGE][PASSED] - Object 'Object Repository/09-Settings/Users/CSV Invite/div_autotester07mailinator.com' is visible

2022-10-05 16:24:52 - [TEST_STEP][PASSED] - verifyElementVisible(findTestObject("09-Settings/Users/CSV Invite/div_Client")): Object 'Object Repository/09-Settings/Users/CSV Invite/div_Client' is visible

2022-10-05 16:24:52 - [MESSAGE][PASSED] - Object 'Object Repository/09-Settings/Users/CSV Invite/div_Client' is visible

2022-10-05 16:24:52 - [TEST_STEP][PASSED] - verifyElementVisible(findTestObject("09-Settings/Users/CSV Invite/div_CTCSV test1")): Object 'Object Repository/09-Settings/Users/CSV Invite/div_CTCSV test1' is visible

2022-10-05 16:24:52 - [MESSAGE][PASSED] - Object 'Object Repository/09-Settings/Users/CSV Invite/div_CTCSV test1' is visible

2022-10-05 16:24:52 - [TEST_STEP][PASSED] - verifyElementVisible(findTestObject("09-Settings/Users/CSV Invite/div_autotester06mailinator.com")): Object 'Object Repository/09-Settings/Users/CSV Invite/div_autotester06mailinator.com' is visible

2022-10-05 16:24:53 - [MESSAGE][PASSED] - Object 'Object Repository/09-Settings/Users/CSV Invite/div_autotester06mailinator.com' is visible

2022-10-05 16:24:53 - [TEST_STEP][PASSED] - verifyElementVisible(findTestObject("09-Settings/Users/CSV Invite/div_Coworker")): Object 'Object Repository/09-Settings/Users/CSV Invite/div_Coworker' is visible

2022-10-05 16:24:53 - [MESSAGE][PASSED] - Object 'Object Repository/09-Settings/Users/CSV Invite/div_Coworker' is visible

2022-10-05 16:24:53 - [TEST_STEP][PASSED] - delay(3): Delayed 3 second(s)

2022-10-05 16:24:56 - [MESSAGE][PASSED] - Delayed 3 second(s)

2022-10-05 16:24:56 - [TEST_STEP][PASSED] - closeBrowser(): Browser is closed

2022-10-05 16:24:57 - [MESSAGE][PASSED] - Browser is closed]]></system-out>
         <system-err><![CDATA[]]></system-err>
      </testcase>
      <system-out><![CDATA[2022-10-05 16:06:06 - [TEST_SUITE][PASSED] - 09-Settings: Test Cases/09-Settings/05 - Users (Invite batch of users via CSV file)]]></system-out>
      <system-err><![CDATA[]]></system-err>
   </testsuite>
</testsuites>
