<?xml version="1.0" encoding="UTF-8"?>
<testsuites name="06-Teams" time="239.478" tests="1" failures="0" errors="0">
   <testsuite name="06-Teams" tests="1" failures="0" errors="0" time="239.478" skipped="0" timestamp="2022-03-10 21:20:35" hostname="User - DESKTOP-QCRNR4M" id="Test Suites/TS-Organization/06-Teams">
      <properties>
         <property name="deviceName" value=""/>
         <property name="devicePlatform" value=""/>
         <property name="logFolder" value="C:\\Users\\User\\Katalon Studio\\EverleaguesMain\\Reports\\20220310_212033\\TS-Organization\\06-Teams\\20220310_212033"/>
         <property name="logFiles" value="C:\\Users\\User\\Katalon Studio\\EverleaguesMain\\Reports\\20220310_212033\\TS-Organization\\06-Teams\\20220310_212033\\execution0.log"/>
         <property name="attachments" value=""/>
         <property name="hostName" value="User - DESKTOP-QCRNR4M"/>
         <property name="os" value="Windows 10 64bit"/>
         <property name="katalonVersion" value="8.2.5.208"/>
         <property name="browser" value="Chrome 99.0.4844.51"/>
         <property name="hostAddress" value="192.168.5.53"/>
         <property name="sessionId" value="4347abb9b5d866c4d43767a8f1fc7db6"/>
         <property name="seleniumVersion" value="3.141.59"/>
         <property name="proxyInformation" value="ProxyInformation { proxyOption=NO_PROXY, proxyServerType=HTTP, username=, password=********, proxyServerAddress=, proxyServerPort=0, executionList=&quot;&quot;, isApplyToDesiredCapabilities=true }"/>
         <property name="platform" value="Windows 10"/>
      </properties>
      <testcase name="Test Cases/06-Teams/01- Add Team- Public" time="239.202" classname="Test Cases/06-Teams/01- Add Team- Public" status="PASSED">
         <system-out><![CDATA[2022-03-10 21:20:35 - [TEST_CASE][PASSED] - Test Cases/06-Teams/01- Add Team- Public: Test Cases/06-Teams/01- Add Team- Public

2022-03-10 21:20:36 - [TEST_STEP][PASSED] - openBrowser(""): Browser is opened with url: ''

2022-03-10 21:20:36 - [MESSAGE][INFO] - Starting 'Chrome' driver

2022-03-10 21:20:36 - [MESSAGE][INFO] - Action delay is set to 0 milliseconds

2022-03-10 21:20:38 - [MESSAGE][PASSED] - Browser is opened with url: ''

2022-03-10 21:20:38 - [TEST_STEP][PASSED] - navigateToUrl("https://lab.everleagues.com/"): Navigate to 'https://lab.everleagues.com/' successfully

2022-03-10 21:23:26 - [MESSAGE][PASSED] - Navigate to 'https://lab.everleagues.com/' successfully

2022-03-10 21:23:26 - [TEST_STEP][PASSED] - maximizeWindow(): Current window maximized

2022-03-10 21:23:26 - [MESSAGE][PASSED] - Current window maximized

2022-03-10 21:23:26 - [TEST_STEP][PASSED] - setText(findTestObject("02-Side Icons(Organization)/Add Contact/Email Field"), "testuser02@mailinator.com"): Text 'testuser02@mailinator.com' is set on object 'Object Repository/02-Side Icons(Organization)/Add Contact/Email Field'

2022-03-10 21:23:27 - [MESSAGE][PASSED] - Text 'testuser02@mailinator.com' is set on object 'Object Repository/02-Side Icons(Organization)/Add Contact/Email Field'

2022-03-10 21:23:27 - [TEST_STEP][PASSED] - setEncryptedText(findTestObject("02-Side Icons(Organization)/Add Contact/Password Field"), "8yFRyszE6U6jvsCn51OQbg=="): Text ****** has been set on object 'Object Repository/02-Side Icons(Organization)/Add Contact/Password Field'

2022-03-10 21:23:27 - [MESSAGE][PASSED] - Text ****** has been set on object 'Object Repository/02-Side Icons(Organization)/Add Contact/Password Field'

2022-03-10 21:23:27 - [TEST_STEP][PASSED] - click(findTestObject("02-Side Icons(Organization)/Add Contact/button_Sign in")): Object: 'Object Repository/02-Side Icons(Organization)/Add Contact/button_Sign in' is clicked on

2022-03-10 21:23:28 - [MESSAGE][PASSED] - Object: 'Object Repository/02-Side Icons(Organization)/Add Contact/button_Sign in' is clicked on

2022-03-10 21:23:28 - [TEST_STEP][PASSED] - delay(2): Delayed 2 second(s)

2022-03-10 21:23:30 - [MESSAGE][PASSED] - Delayed 2 second(s)

2022-03-10 21:23:30 - [TEST_STEP][PASSED] - click(findTestObject("06-Teams/button_doublearrow")): Object: 'Object Repository/06-Teams/button_doublearrow' is clicked on

2022-03-10 21:23:49 - [MESSAGE][PASSED] - Object: 'Object Repository/06-Teams/button_doublearrow' is clicked on

2022-03-10 21:23:49 - [TEST_STEP][PASSED] - click(findTestObject("06-Teams/button_My Organizations")): Object: 'Object Repository/06-Teams/button_My Organizations' is clicked on

2022-03-10 21:23:49 - [MESSAGE][PASSED] - Object: 'Object Repository/06-Teams/button_My Organizations' is clicked on

2022-03-10 21:23:49 - [TEST_STEP][PASSED] - click(findTestObject("06-Teams/button_GG Automation")): Object: 'Object Repository/06-Teams/button_GG Automation' is clicked on

2022-03-10 21:23:50 - [MESSAGE][PASSED] - Object: 'Object Repository/06-Teams/button_GG Automation' is clicked on

2022-03-10 21:23:50 - [TEST_STEP][PASSED] - delay(4): Delayed 4 second(s)

2022-03-10 21:23:54 - [MESSAGE][PASSED] - Delayed 4 second(s)

2022-03-10 21:23:54 - [TEST_STEP][PASSED] - verifyElementVisible(findTestObject("06-Teams/span_GG Automation")): Object 'Object Repository/06-Teams/span_GG Automation' is visible

2022-03-10 21:23:54 - [MESSAGE][PASSED] - Object 'Object Repository/06-Teams/span_GG Automation' is visible

2022-03-10 21:23:54 - [TEST_STEP][PASSED] - delay(2): Delayed 2 second(s)

2022-03-10 21:23:56 - [MESSAGE][PASSED] - Delayed 2 second(s)

2022-03-10 21:23:56 - [TEST_STEP][PASSED] - click(findTestObject("03-Header Menu/Hamburger Button/div_Teams")): Object: 'Object Repository/03-Header Menu/Hamburger Button/div_Teams' is clicked on

2022-03-10 21:23:57 - [MESSAGE][PASSED] - Object: 'Object Repository/03-Header Menu/Hamburger Button/div_Teams' is clicked on

2022-03-10 21:23:57 - [TEST_STEP][PASSED] - delay(2): Delayed 2 second(s)

2022-03-10 21:23:59 - [MESSAGE][PASSED] - Delayed 2 second(s)

2022-03-10 21:23:59 - [TEST_STEP][PASSED] - verifyElementVisible(findTestObject("06-Teams/h4_TEAMS")): Object 'Object Repository/06-Teams/h4_TEAMS' is visible

2022-03-10 21:23:59 - [MESSAGE][PASSED] - Object 'Object Repository/06-Teams/h4_TEAMS' is visible

2022-03-10 21:23:59 - [TEST_STEP][PASSED] - delay(3): Delayed 3 second(s)

2022-03-10 21:24:02 - [MESSAGE][PASSED] - Delayed 3 second(s)

2022-03-10 21:24:02 - [TEST_STEP][PASSED] - click(findTestObject("06-Teams/Add Team")): Object: 'Object Repository/06-Teams/Add Team' is clicked on

2022-03-10 21:24:03 - [MESSAGE][PASSED] - Object: 'Object Repository/06-Teams/Add Team' is clicked on

2022-03-10 21:24:03 - [TEST_STEP][PASSED] - delay(3): Delayed 3 second(s)

2022-03-10 21:24:06 - [MESSAGE][PASSED] - Delayed 3 second(s)

2022-03-10 21:24:06 - [TEST_STEP][PASSED] - verifyElementVisible(findTestObject("06-Teams/button_Public")): Object 'Object Repository/06-Teams/button_Public' is visible

2022-03-10 21:24:06 - [MESSAGE][PASSED] - Object 'Object Repository/06-Teams/button_Public' is visible

2022-03-10 21:24:06 - [TEST_STEP][PASSED] - verifyElementVisible(findTestObject("06-Teams/button_Private")): Object 'Object Repository/06-Teams/button_Private' is visible

2022-03-10 21:24:07 - [MESSAGE][PASSED] - Object 'Object Repository/06-Teams/button_Private' is visible

2022-03-10 21:24:07 - [TEST_STEP][PASSED] - delay(3): Delayed 3 second(s)

2022-03-10 21:24:10 - [MESSAGE][PASSED] - Delayed 3 second(s)

2022-03-10 21:24:10 - [TEST_STEP][PASSED] - click(findTestObject("06-Teams/button_Public")): Object: 'Object Repository/06-Teams/button_Public' is clicked on

2022-03-10 21:24:10 - [MESSAGE][PASSED] - Object: 'Object Repository/06-Teams/button_Public' is clicked on

2022-03-10 21:24:10 - [TEST_STEP][PASSED] - verifyElementVisible(findTestObject("06-Teams/01-Add Team-Public/Add Team_Public")): Object 'Object Repository/06-Teams/01-Add Team-Public/Add Team_Public' is visible

2022-03-10 21:24:11 - [MESSAGE][PASSED] - Object 'Object Repository/06-Teams/01-Add Team-Public/Add Team_Public' is visible

2022-03-10 21:24:11 - [TEST_STEP][PASSED] - verifyElementNotClickable(findTestObject("06-Teams/01-Add Team-Public/button_Create")): Object 'Object Repository/06-Teams/01-Add Team-Public/button_Create' is NOT clickable

2022-03-10 21:24:11 - [MESSAGE][PASSED] - Object 'Object Repository/06-Teams/01-Add Team-Public/button_Create' is NOT clickable

2022-03-10 21:24:11 - [TEST_STEP][PASSED] - delay(3): Delayed 3 second(s)

2022-03-10 21:24:14 - [MESSAGE][PASSED] - Delayed 3 second(s)

2022-03-10 21:24:14 - [TEST_STEP][PASSED] - click(findTestObject("06-Teams/01-Add Team-Public/input_teamName")): Object: 'Object Repository/06-Teams/01-Add Team-Public/input_teamName' is clicked on

2022-03-10 21:24:14 - [MESSAGE][PASSED] - Object: 'Object Repository/06-Teams/01-Add Team-Public/input_teamName' is clicked on

2022-03-10 21:24:14 - [TEST_STEP][PASSED] - click(findTestObject("06-Teams/01-Add Team-Public/Org unit")): Object: 'Object Repository/06-Teams/01-Add Team-Public/Org unit' is clicked on

2022-03-10 21:24:15 - [MESSAGE][PASSED] - Object: 'Object Repository/06-Teams/01-Add Team-Public/Org unit' is clicked on

2022-03-10 21:24:15 - [TEST_STEP][PASSED] - verifyElementVisible(findTestObject("06-Teams/01-Add Team-Public/h4_Select an organization unit")): Object 'Object Repository/06-Teams/01-Add Team-Public/h4_Select an organization unit' is visible

2022-03-10 21:24:15 - [MESSAGE][PASSED] - Object 'Object Repository/06-Teams/01-Add Team-Public/h4_Select an organization unit' is visible

2022-03-10 21:24:15 - [TEST_STEP][PASSED] - delay(3): Delayed 3 second(s)

2022-03-10 21:24:18 - [MESSAGE][PASSED] - Delayed 3 second(s)

2022-03-10 21:24:18 - [TEST_STEP][PASSED] - click(findTestObject("06-Teams/01-Add Team-Public/div_GG Automation")): Object: 'Object Repository/06-Teams/01-Add Team-Public/div_GG Automation' is clicked on

2022-03-10 21:24:19 - [MESSAGE][PASSED] - Object: 'Object Repository/06-Teams/01-Add Team-Public/div_GG Automation' is clicked on

2022-03-10 21:24:19 - [TEST_STEP][PASSED] - click(findTestObject("06-Teams/01-Add Team-Public/button_Select")): Object: 'Object Repository/06-Teams/01-Add Team-Public/button_Select' is clicked on

2022-03-10 21:24:19 - [MESSAGE][PASSED] - Object: 'Object Repository/06-Teams/01-Add Team-Public/button_Select' is clicked on

2022-03-10 21:24:19 - [TEST_STEP][PASSED] - verifyElementVisible(findTestObject("06-Teams/01-Add Team-Public/Error Team name")): Object 'Object Repository/06-Teams/01-Add Team-Public/Error Team name' is visible

2022-03-10 21:24:20 - [MESSAGE][PASSED] - Object 'Object Repository/06-Teams/01-Add Team-Public/Error Team name' is visible

2022-03-10 21:24:20 - [TEST_STEP][PASSED] - delay(3): Delayed 3 second(s)

2022-03-10 21:24:23 - [MESSAGE][PASSED] - Delayed 3 second(s)

2022-03-10 21:24:23 - [TEST_STEP][PASSED] - setText(findTestObject("06-Teams/01-Add Team-Public/input_teamName"), "Auto Team Public"): Text 'Auto Team Public' is set on object 'Object Repository/06-Teams/01-Add Team-Public/input_teamName'

2022-03-10 21:24:24 - [MESSAGE][PASSED] - Text 'Auto Team Public' is set on object 'Object Repository/06-Teams/01-Add Team-Public/input_teamName'

2022-03-10 21:24:24 - [TEST_STEP][PASSED] - click(findTestObject("06-Teams/01-Add Team-Public/button_Create")): Object: 'Object Repository/06-Teams/01-Add Team-Public/button_Create' is clicked on

2022-03-10 21:24:24 - [MESSAGE][PASSED] - Object: 'Object Repository/06-Teams/01-Add Team-Public/button_Create' is clicked on

2022-03-10 21:24:24 - [TEST_STEP][PASSED] - delay(3): Delayed 3 second(s)

2022-03-10 21:24:27 - [MESSAGE][PASSED] - Delayed 3 second(s)

2022-03-10 21:24:27 - [TEST_STEP][PASSED] - verifyElementVisible(findTestObject("06-Teams/01-Add Team-Public/span_Successfully added new team")): Object 'Object Repository/06-Teams/01-Add Team-Public/span_Successfully added new team' is visible

2022-03-10 21:24:28 - [MESSAGE][PASSED] - Object 'Object Repository/06-Teams/01-Add Team-Public/span_Successfully added new team' is visible

2022-03-10 21:24:28 - [TEST_STEP][PASSED] - delay(3): Delayed 3 second(s)

2022-03-10 21:24:31 - [MESSAGE][PASSED] - Delayed 3 second(s)

2022-03-10 21:24:31 - [TEST_STEP][PASSED] - verifyElementVisible(findTestObject("06-Teams/01-Add Team-Public/span_Auto Team Public")): Object 'Object Repository/06-Teams/01-Add Team-Public/span_Auto Team Public' is visible

2022-03-10 21:24:31 - [MESSAGE][PASSED] - Object 'Object Repository/06-Teams/01-Add Team-Public/span_Auto Team Public' is visible

2022-03-10 21:24:31 - [TEST_STEP][PASSED] - delay(3): Delayed 3 second(s)

2022-03-10 21:24:34 - [MESSAGE][PASSED] - Delayed 3 second(s)

2022-03-10 21:24:34 - [TEST_STEP][PASSED] - closeBrowser(): Browser is closed

2022-03-10 21:24:35 - [MESSAGE][PASSED] - Browser is closed]]></system-out>
         <system-err><![CDATA[]]></system-err>
      </testcase>
      <system-out><![CDATA[2022-03-10 21:20:35 - [TEST_SUITE][PASSED] - 06-Teams: Test Cases/06-Teams/01- Add Team- Public]]></system-out>
      <system-err><![CDATA[]]></system-err>
   </testsuite>
</testsuites>
