<?xml version="1.0" encoding="UTF-8"?>
<testsuites name="06.1- Teams - Add" time="256.836" tests="2" failures="0" errors="0">
   <testsuite name="06.1- Teams - Add" tests="2" failures="0" errors="0" time="256.836" skipped="0" timestamp="2022-10-07 18:50:50" hostname="User - DESKTOP-QCRNR4M" id="Test Suites/TS-Organization/06.1- Teams - Add">
      <properties>
         <property name="deviceName" value=""/>
         <property name="devicePlatform" value=""/>
         <property name="logFolder" value="C:\\Users\\User\\Katalon Studio\\EverleaguesMain\\Reports\\20221007_185048\\TS-Organization\\06.1- Teams - Add\\20221007_185048"/>
         <property name="logFiles" value="C:\\Users\\User\\Katalon Studio\\EverleaguesMain\\Reports\\20221007_185048\\TS-Organization\\06.1- Teams - Add\\20221007_185048\\execution0.log"/>
         <property name="attachments" value=""/>
         <property name="hostName" value="User - DESKTOP-QCRNR4M"/>
         <property name="os" value="Windows 10 64bit"/>
         <property name="katalonVersion" value="8.4.1.208"/>
         <property name="browser" value="Chrome 106.0.0.0"/>
         <property name="hostAddress" value="192.168.5.124"/>
         <property name="sessionId" value="0db7795267580b3663d5e5332ecf26eb"/>
         <property name="seleniumVersion" value="3.141.59"/>
         <property name="proxyInformation" value="ProxyInformation { proxyOption=NO_PROXY, proxyServerType=HTTP, username=, password=********, proxyServerAddress=, proxyServerPort=0, executionList=&quot;&quot;, isApplyToDesiredCapabilities=true }"/>
         <property name="platform" value="Windows 10"/>
      </properties>
      <testcase name="Test Cases/06- Teams/01- Add Team- Public" time="130.544" classname="Test Cases/06- Teams/01- Add Team- Public" status="PASSED">
         <system-out><![CDATA[2022-10-07 18:50:51 - [TEST_CASE][PASSED] - Test Cases/06- Teams/01- Add Team- Public: Test Cases/06- Teams/01- Add Team- Public

2022-10-07 18:50:51 - [TEST_STEP][PASSED] - openBrowser(""): Browser is opened with url: ''

2022-10-07 18:50:51 - [MESSAGE][INFO] - Starting 'Chrome' driver

2022-10-07 18:50:51 - [MESSAGE][INFO] - Action delay is set to 0 milliseconds

2022-10-07 18:50:53 - [MESSAGE][PASSED] - Browser is opened with url: ''

2022-10-07 18:50:53 - [TEST_STEP][PASSED] - navigateToUrl("https://lab.everleagues.com/"): Navigate to 'https://lab.everleagues.com/' successfully

2022-10-07 18:51:32 - [MESSAGE][PASSED] - Navigate to 'https://lab.everleagues.com/' successfully

2022-10-07 18:51:32 - [TEST_STEP][PASSED] - maximizeWindow(): Current window maximized

2022-10-07 18:51:33 - [MESSAGE][PASSED] - Current window maximized

2022-10-07 18:51:33 - [TEST_STEP][PASSED] - setText(findTestObject("02-Side Icons(Organization)/Add Contact/Email Field"), "testuser02@mailinator.com"): Text 'testuser02@mailinator.com' is set on object 'Object Repository/02-Side Icons(Organization)/Add Contact/Email Field'

2022-10-07 18:51:33 - [MESSAGE][PASSED] - Text 'testuser02@mailinator.com' is set on object 'Object Repository/02-Side Icons(Organization)/Add Contact/Email Field'

2022-10-07 18:51:33 - [TEST_STEP][PASSED] - setEncryptedText(findTestObject("02-Side Icons(Organization)/Add Contact/Password Field"), "8yFRyszE6U6jvsCn51OQbg=="): Text ****** has been set on object 'Object Repository/02-Side Icons(Organization)/Add Contact/Password Field'

2022-10-07 18:51:35 - [MESSAGE][PASSED] - Text ****** has been set on object 'Object Repository/02-Side Icons(Organization)/Add Contact/Password Field'

2022-10-07 18:51:35 - [TEST_STEP][PASSED] - click(findTestObject("02-Side Icons(Organization)/Add Contact/button_Sign in")): Object: 'Object Repository/02-Side Icons(Organization)/Add Contact/button_Sign in' is clicked on

2022-10-07 18:51:36 - [MESSAGE][PASSED] - Object: 'Object Repository/02-Side Icons(Organization)/Add Contact/button_Sign in' is clicked on

2022-10-07 18:51:36 - [TEST_STEP][PASSED] - delay(2): Delayed 2 second(s)

2022-10-07 18:51:38 - [MESSAGE][PASSED] - Delayed 2 second(s)

2022-10-07 18:51:38 - [TEST_STEP][PASSED] - click(findTestObject("06-Teams/For 2FA/button_Confirm_2FA")): Object: 'Object Repository/06-Teams/For 2FA/button_Confirm_2FA' is clicked on

2022-10-07 18:51:38 - [MESSAGE][PASSED] - Object: 'Object Repository/06-Teams/For 2FA/button_Confirm_2FA' is clicked on

2022-10-07 18:51:38 - [TEST_STEP][PASSED] - executeJavaScript("window.open();", []): Execute JavaScript 'window.open();' successfully

2022-10-07 18:51:38 - [MESSAGE][PASSED] - Execute JavaScript 'window.open();' successfully

2022-10-07 18:51:38 - [TEST_STEP][PASSED] - currentWindow = getWindowIndex(): Current window's index is: 0

2022-10-07 18:51:38 - [MESSAGE][PASSED] - Current window's index is: 0

2022-10-07 18:51:38 - [TEST_STEP][PASSED] - delay(3): Delayed 3 second(s)

2022-10-07 18:51:41 - [MESSAGE][PASSED] - Delayed 3 second(s)

2022-10-07 18:51:41 - [TEST_STEP][PASSED] - switchToWindowIndex(currentWindow + 1): Switched to window with index: '1'

2022-10-07 18:51:41 - [MESSAGE][PASSED] - Switched to window with index: '1'

2022-10-07 18:51:41 - [TEST_STEP][PASSED] - navigateToUrl("https://www.mailinator.com/"): Navigate to 'https://www.mailinator.com/' successfully

2022-10-07 18:51:43 - [MESSAGE][PASSED] - Navigate to 'https://www.mailinator.com/' successfully

2022-10-07 18:51:43 - [TEST_STEP][PASSED] - delay(3): Delayed 3 second(s)

2022-10-07 18:51:46 - [MESSAGE][PASSED] - Delayed 3 second(s)

2022-10-07 18:51:46 - [TEST_STEP][PASSED] - setText(findTestObject("00-Signup and Activation/zMailinator/input_LOGIN_search"), "testuser02@mailinator.com"): Text 'testuser02@mailinator.com' is set on object 'Object Repository/00-Signup and Activation/zMailinator/input_LOGIN_search'

2022-10-07 18:51:47 - [MESSAGE][PASSED] - Text 'testuser02@mailinator.com' is set on object 'Object Repository/00-Signup and Activation/zMailinator/input_LOGIN_search'

2022-10-07 18:51:47 - [TEST_STEP][PASSED] - click(findTestObject("00-Signup and Activation/zMailinator/gobutton"), STOP_ON_FAILURE): Object: 'Object Repository/00-Signup and Activation/zMailinator/gobutton' is clicked on

2022-10-07 18:51:48 - [MESSAGE][PASSED] - Object: 'Object Repository/00-Signup and Activation/zMailinator/gobutton' is clicked on

2022-10-07 18:51:48 - [TEST_STEP][PASSED] - delay(3): Delayed 3 second(s)

2022-10-07 18:51:51 - [MESSAGE][PASSED] - Delayed 3 second(s)

2022-10-07 18:51:51 - [TEST_STEP][PASSED] - click(findTestObject("00-Signup and Activation/zMailinator/Email - everleagues")): Object: 'Object Repository/00-Signup and Activation/zMailinator/Email - everleagues' is clicked on

2022-10-07 18:51:52 - [MESSAGE][PASSED] - Object: 'Object Repository/00-Signup and Activation/zMailinator/Email - everleagues' is clicked on

2022-10-07 18:51:52 - [TEST_STEP][PASSED] - delay(3): Delayed 3 second(s)

2022-10-07 18:51:55 - [MESSAGE][PASSED] - Delayed 3 second(s)

2022-10-07 18:51:55 - [TEST_STEP][PASSED] - code = getText(findTestObject("Object Repository/06-Teams/For 2FA/2FA code")): Text of object 'Object Repository/06-Teams/For 2FA/2FA code' is: '663473'

2022-10-07 18:51:55 - [MESSAGE][PASSED] - Text of object 'Object Repository/06-Teams/For 2FA/2FA code' is: '663473'

2022-10-07 18:51:55 - [TEST_STEP][PASSED] - delay(3): Delayed 3 second(s)

2022-10-07 18:51:58 - [MESSAGE][PASSED] - Delayed 3 second(s)

2022-10-07 18:51:58 - [TEST_STEP][PASSED] - closeWindowTitle("Mailinator"): Window with title: 'Mailinator' is closed

2022-10-07 18:51:58 - [MESSAGE][PASSED] - Window with title: 'Mailinator' is closed

2022-10-07 18:51:58 - [TEST_STEP][PASSED] - delay(3): Delayed 3 second(s)

2022-10-07 18:52:01 - [MESSAGE][PASSED] - Delayed 3 second(s)

2022-10-07 18:52:01 - [TEST_STEP][PASSED] - switchToWindowIndex(0): Switched to window with index: '0'

2022-10-07 18:52:01 - [MESSAGE][PASSED] - Switched to window with index: '0'

2022-10-07 18:52:01 - [TEST_STEP][PASSED] - delay(3): Delayed 3 second(s)

2022-10-07 18:52:04 - [MESSAGE][PASSED] - Delayed 3 second(s)

2022-10-07 18:52:04 - [TEST_STEP][PASSED] - setText(findTestObject("Object Repository/06-Teams/For 2FA/input_Enter verification code_code"), code): Text '663473' is set on object 'Object Repository/06-Teams/For 2FA/input_Enter verification code_code'

2022-10-07 18:52:05 - [MESSAGE][PASSED] - Text '663473' is set on object 'Object Repository/06-Teams/For 2FA/input_Enter verification code_code'

2022-10-07 18:52:05 - [TEST_STEP][PASSED] - delay(3): Delayed 3 second(s)

2022-10-07 18:52:08 - [MESSAGE][PASSED] - Delayed 3 second(s)

2022-10-07 18:52:08 - [TEST_STEP][PASSED] - click(findTestObject("06-Teams/For 2FA/button_Verify_2FA")): Object: 'Object Repository/06-Teams/For 2FA/button_Verify_2FA' is clicked on

2022-10-07 18:52:09 - [MESSAGE][PASSED] - Object: 'Object Repository/06-Teams/For 2FA/button_Verify_2FA' is clicked on

2022-10-07 18:52:09 - [TEST_STEP][PASSED] - delay(5): Delayed 5 second(s)

2022-10-07 18:52:14 - [MESSAGE][PASSED] - Delayed 5 second(s)

2022-10-07 18:52:14 - [TEST_STEP][PASSED] - click(findTestObject("06-Teams/button_doublearrow")): Object: 'Object Repository/06-Teams/button_doublearrow' is clicked on

2022-10-07 18:52:15 - [MESSAGE][PASSED] - Object: 'Object Repository/06-Teams/button_doublearrow' is clicked on

2022-10-07 18:52:15 - [TEST_STEP][PASSED] - click(findTestObject("06-Teams/button_My Organizations")): Object: 'Object Repository/06-Teams/button_My Organizations' is clicked on

2022-10-07 18:52:16 - [MESSAGE][PASSED] - Object: 'Object Repository/06-Teams/button_My Organizations' is clicked on

2022-10-07 18:52:16 - [TEST_STEP][PASSED] - click(findTestObject("06-Teams/button_GG Automation")): Object: 'Object Repository/06-Teams/button_GG Automation' is clicked on

2022-10-07 18:52:16 - [MESSAGE][PASSED] - Object: 'Object Repository/06-Teams/button_GG Automation' is clicked on

2022-10-07 18:52:16 - [TEST_STEP][PASSED] - delay(4): Delayed 4 second(s)

2022-10-07 18:52:20 - [MESSAGE][PASSED] - Delayed 4 second(s)

2022-10-07 18:52:20 - [TEST_STEP][PASSED] - verifyElementVisible(findTestObject("06-Teams/span_GG Automation")): Object 'Object Repository/06-Teams/span_GG Automation' is visible

2022-10-07 18:52:21 - [MESSAGE][PASSED] - Object 'Object Repository/06-Teams/span_GG Automation' is visible

2022-10-07 18:52:21 - [TEST_STEP][PASSED] - delay(2): Delayed 2 second(s)

2022-10-07 18:52:23 - [MESSAGE][PASSED] - Delayed 2 second(s)

2022-10-07 18:52:23 - [TEST_STEP][PASSED] - click(findTestObject("03-Header Menu/Hamburger Button/div_Teams")): Object: 'Object Repository/03-Header Menu/Hamburger Button/div_Teams' is clicked on

2022-10-07 18:52:23 - [MESSAGE][PASSED] - Object: 'Object Repository/03-Header Menu/Hamburger Button/div_Teams' is clicked on

2022-10-07 18:52:23 - [TEST_STEP][PASSED] - delay(2): Delayed 2 second(s)

2022-10-07 18:52:25 - [MESSAGE][PASSED] - Delayed 2 second(s)

2022-10-07 18:52:25 - [TEST_STEP][PASSED] - verifyElementVisible(findTestObject("06-Teams/h4_TEAMS")): Object 'Object Repository/06-Teams/h4_TEAMS' is visible

2022-10-07 18:52:26 - [MESSAGE][PASSED] - Object 'Object Repository/06-Teams/h4_TEAMS' is visible

2022-10-07 18:52:26 - [TEST_STEP][PASSED] - delay(3): Delayed 3 second(s)

2022-10-07 18:52:29 - [MESSAGE][PASSED] - Delayed 3 second(s)

2022-10-07 18:52:29 - [TEST_STEP][PASSED] - click(findTestObject("06-Teams/Add Team")): Object: 'Object Repository/06-Teams/Add Team' is clicked on

2022-10-07 18:52:29 - [MESSAGE][PASSED] - Object: 'Object Repository/06-Teams/Add Team' is clicked on

2022-10-07 18:52:29 - [TEST_STEP][PASSED] - delay(3): Delayed 3 second(s)

2022-10-07 18:52:32 - [MESSAGE][PASSED] - Delayed 3 second(s)

2022-10-07 18:52:32 - [TEST_STEP][PASSED] - verifyElementVisible(findTestObject("06-Teams/button_Public")): Object 'Object Repository/06-Teams/button_Public' is visible

2022-10-07 18:52:32 - [MESSAGE][PASSED] - Object 'Object Repository/06-Teams/button_Public' is visible

2022-10-07 18:52:32 - [TEST_STEP][PASSED] - verifyElementVisible(findTestObject("06-Teams/button_Private")): Object 'Object Repository/06-Teams/button_Private' is visible

2022-10-07 18:52:33 - [MESSAGE][PASSED] - Object 'Object Repository/06-Teams/button_Private' is visible

2022-10-07 18:52:33 - [TEST_STEP][PASSED] - delay(3): Delayed 3 second(s)

2022-10-07 18:52:36 - [MESSAGE][PASSED] - Delayed 3 second(s)

2022-10-07 18:52:36 - [TEST_STEP][PASSED] - click(findTestObject("06-Teams/button_Public")): Object: 'Object Repository/06-Teams/button_Public' is clicked on

2022-10-07 18:52:36 - [MESSAGE][PASSED] - Object: 'Object Repository/06-Teams/button_Public' is clicked on

2022-10-07 18:52:36 - [TEST_STEP][PASSED] - verifyElementVisible(findTestObject("06-Teams/01-Add Team-Public/Add Team_Public")): Object 'Object Repository/06-Teams/01-Add Team-Public/Add Team_Public' is visible

2022-10-07 18:52:37 - [MESSAGE][PASSED] - Object 'Object Repository/06-Teams/01-Add Team-Public/Add Team_Public' is visible

2022-10-07 18:52:37 - [TEST_STEP][PASSED] - verifyElementNotClickable(findTestObject("06-Teams/01-Add Team-Public/button_Create")): Object 'Object Repository/06-Teams/01-Add Team-Public/button_Create' is NOT clickable

2022-10-07 18:52:37 - [MESSAGE][PASSED] - Object 'Object Repository/06-Teams/01-Add Team-Public/button_Create' is NOT clickable

2022-10-07 18:52:37 - [TEST_STEP][PASSED] - delay(3): Delayed 3 second(s)

2022-10-07 18:52:40 - [MESSAGE][PASSED] - Delayed 3 second(s)

2022-10-07 18:52:40 - [TEST_STEP][PASSED] - click(findTestObject("06-Teams/01-Add Team-Public/input_teamName")): Object: 'Object Repository/06-Teams/01-Add Team-Public/input_teamName' is clicked on

2022-10-07 18:52:41 - [MESSAGE][PASSED] - Object: 'Object Repository/06-Teams/01-Add Team-Public/input_teamName' is clicked on

2022-10-07 18:52:41 - [TEST_STEP][PASSED] - click(findTestObject("06-Teams/01-Add Team-Public/Org unit")): Object: 'Object Repository/06-Teams/01-Add Team-Public/Org unit' is clicked on

2022-10-07 18:52:41 - [MESSAGE][PASSED] - Object: 'Object Repository/06-Teams/01-Add Team-Public/Org unit' is clicked on

2022-10-07 18:52:41 - [TEST_STEP][PASSED] - verifyElementVisible(findTestObject("06-Teams/01-Add Team-Public/h4_Select an organization unit")): Object 'Object Repository/06-Teams/01-Add Team-Public/h4_Select an organization unit' is visible

2022-10-07 18:52:42 - [MESSAGE][PASSED] - Object 'Object Repository/06-Teams/01-Add Team-Public/h4_Select an organization unit' is visible

2022-10-07 18:52:42 - [TEST_STEP][PASSED] - delay(3): Delayed 3 second(s)

2022-10-07 18:52:45 - [MESSAGE][PASSED] - Delayed 3 second(s)

2022-10-07 18:52:45 - [TEST_STEP][PASSED] - click(findTestObject("06-Teams/01-Add Team-Public/div_GG Automation")): Object: 'Object Repository/06-Teams/01-Add Team-Public/div_GG Automation' is clicked on

2022-10-07 18:52:45 - [MESSAGE][PASSED] - Object: 'Object Repository/06-Teams/01-Add Team-Public/div_GG Automation' is clicked on

2022-10-07 18:52:45 - [TEST_STEP][PASSED] - click(findTestObject("06-Teams/01-Add Team-Public/button_Select")): Object: 'Object Repository/06-Teams/01-Add Team-Public/button_Select' is clicked on

2022-10-07 18:52:45 - [MESSAGE][PASSED] - Object: 'Object Repository/06-Teams/01-Add Team-Public/button_Select' is clicked on

2022-10-07 18:52:45 - [TEST_STEP][PASSED] - verifyElementVisible(findTestObject("06-Teams/01-Add Team-Public/Error Team name")): Object 'Object Repository/06-Teams/01-Add Team-Public/Error Team name' is visible

2022-10-07 18:52:46 - [MESSAGE][PASSED] - Object 'Object Repository/06-Teams/01-Add Team-Public/Error Team name' is visible

2022-10-07 18:52:46 - [TEST_STEP][PASSED] - delay(3): Delayed 3 second(s)

2022-10-07 18:52:49 - [MESSAGE][PASSED] - Delayed 3 second(s)

2022-10-07 18:52:49 - [TEST_STEP][PASSED] - setText(findTestObject("06-Teams/01-Add Team-Public/input_teamName"), "Auto Team Public"): Text 'Auto Team Public' is set on object 'Object Repository/06-Teams/01-Add Team-Public/input_teamName'

2022-10-07 18:52:50 - [MESSAGE][PASSED] - Text 'Auto Team Public' is set on object 'Object Repository/06-Teams/01-Add Team-Public/input_teamName'

2022-10-07 18:52:50 - [TEST_STEP][PASSED] - click(findTestObject("06-Teams/01-Add Team-Public/button_Create")): Object: 'Object Repository/06-Teams/01-Add Team-Public/button_Create' is clicked on

2022-10-07 18:52:50 - [MESSAGE][PASSED] - Object: 'Object Repository/06-Teams/01-Add Team-Public/button_Create' is clicked on

2022-10-07 18:52:50 - [TEST_STEP][PASSED] - delay(3): Delayed 3 second(s)

2022-10-07 18:52:54 - [MESSAGE][PASSED] - Delayed 3 second(s)

2022-10-07 18:52:54 - [TEST_STEP][PASSED] - verifyElementVisible(findTestObject("06-Teams/01-Add Team-Public/span_Successfully added new team")): Object 'Object Repository/06-Teams/01-Add Team-Public/span_Successfully added new team' is visible

2022-10-07 18:52:54 - [MESSAGE][PASSED] - Object 'Object Repository/06-Teams/01-Add Team-Public/span_Successfully added new team' is visible

2022-10-07 18:52:54 - [TEST_STEP][PASSED] - delay(3): Delayed 3 second(s)

2022-10-07 18:52:57 - [MESSAGE][PASSED] - Delayed 3 second(s)

2022-10-07 18:52:57 - [TEST_STEP][PASSED] - verifyElementVisible(findTestObject("06-Teams/01-Add Team-Public/span_Auto Team Public")): Object 'Object Repository/06-Teams/01-Add Team-Public/span_Auto Team Public' is visible

2022-10-07 18:52:58 - [MESSAGE][PASSED] - Object 'Object Repository/06-Teams/01-Add Team-Public/span_Auto Team Public' is visible

2022-10-07 18:52:58 - [TEST_STEP][PASSED] - delay(3): Delayed 3 second(s)

2022-10-07 18:53:01 - [MESSAGE][PASSED] - Delayed 3 second(s)

2022-10-07 18:53:01 - [TEST_STEP][PASSED] - closeBrowser(): Browser is closed

2022-10-07 18:53:01 - [MESSAGE][PASSED] - Browser is closed]]></system-out>
         <system-err><![CDATA[]]></system-err>
      </testcase>
      <testcase name="Test Cases/06- Teams/02-Add Team-Private" time="126.0" classname="Test Cases/06- Teams/02-Add Team-Private" status="PASSED">
         <system-out><![CDATA[2022-10-07 18:53:01 - [TEST_CASE][PASSED] - Test Cases/06- Teams/02-Add Team-Private: Test Cases/06- Teams/02-Add Team-Private

2022-10-07 18:53:02 - [TEST_STEP][PASSED] - openBrowser(""): Browser is opened with url: ''

2022-10-07 18:53:02 - [MESSAGE][INFO] - Starting 'Chrome' driver

2022-10-07 18:53:02 - [MESSAGE][INFO] - Action delay is set to 0 milliseconds

2022-10-07 18:53:03 - [MESSAGE][PASSED] - Browser is opened with url: ''

2022-10-07 18:53:03 - [TEST_STEP][PASSED] - navigateToUrl("https://lab.everleagues.com/"): Navigate to 'https://lab.everleagues.com/' successfully

2022-10-07 18:53:24 - [MESSAGE][PASSED] - Navigate to 'https://lab.everleagues.com/' successfully

2022-10-07 18:53:24 - [TEST_STEP][PASSED] - maximizeWindow(): Current window maximized

2022-10-07 18:53:25 - [MESSAGE][PASSED] - Current window maximized

2022-10-07 18:53:25 - [TEST_STEP][PASSED] - setText(findTestObject("02-Side Icons(Organization)/Add Contact/Email Field"), "testuser02@mailinator.com"): Text 'testuser02@mailinator.com' is set on object 'Object Repository/02-Side Icons(Organization)/Add Contact/Email Field'

2022-10-07 18:53:26 - [MESSAGE][PASSED] - Text 'testuser02@mailinator.com' is set on object 'Object Repository/02-Side Icons(Organization)/Add Contact/Email Field'

2022-10-07 18:53:26 - [TEST_STEP][PASSED] - setEncryptedText(findTestObject("02-Side Icons(Organization)/Add Contact/Password Field"), "8yFRyszE6U6jvsCn51OQbg=="): Text ****** has been set on object 'Object Repository/02-Side Icons(Organization)/Add Contact/Password Field'

2022-10-07 18:53:26 - [MESSAGE][PASSED] - Text ****** has been set on object 'Object Repository/02-Side Icons(Organization)/Add Contact/Password Field'

2022-10-07 18:53:26 - [TEST_STEP][PASSED] - click(findTestObject("02-Side Icons(Organization)/Add Contact/button_Sign in")): Object: 'Object Repository/02-Side Icons(Organization)/Add Contact/button_Sign in' is clicked on

2022-10-07 18:53:31 - [MESSAGE][PASSED] - Object: 'Object Repository/02-Side Icons(Organization)/Add Contact/button_Sign in' is clicked on

2022-10-07 18:53:31 - [TEST_STEP][PASSED] - delay(3): Delayed 3 second(s)

2022-10-07 18:53:34 - [MESSAGE][PASSED] - Delayed 3 second(s)

2022-10-07 18:53:34 - [TEST_STEP][PASSED] - click(findTestObject("06-Teams/For 2FA/button_Confirm_2FA")): Object: 'Object Repository/06-Teams/For 2FA/button_Confirm_2FA' is clicked on

2022-10-07 18:53:35 - [MESSAGE][PASSED] - Object: 'Object Repository/06-Teams/For 2FA/button_Confirm_2FA' is clicked on

2022-10-07 18:53:35 - [TEST_STEP][PASSED] - executeJavaScript("window.open();", []): Execute JavaScript 'window.open();' successfully

2022-10-07 18:53:35 - [MESSAGE][PASSED] - Execute JavaScript 'window.open();' successfully

2022-10-07 18:53:35 - [TEST_STEP][PASSED] - currentWindow = getWindowIndex(): Current window's index is: 0

2022-10-07 18:53:35 - [MESSAGE][PASSED] - Current window's index is: 0

2022-10-07 18:53:35 - [TEST_STEP][PASSED] - delay(3): Delayed 3 second(s)

2022-10-07 18:53:38 - [MESSAGE][PASSED] - Delayed 3 second(s)

2022-10-07 18:53:38 - [TEST_STEP][PASSED] - switchToWindowIndex(currentWindow + 1): Switched to window with index: '1'

2022-10-07 18:53:38 - [MESSAGE][PASSED] - Switched to window with index: '1'

2022-10-07 18:53:38 - [TEST_STEP][PASSED] - navigateToUrl("https://www.mailinator.com/"): Navigate to 'https://www.mailinator.com/' successfully

2022-10-07 18:53:40 - [MESSAGE][PASSED] - Navigate to 'https://www.mailinator.com/' successfully

2022-10-07 18:53:40 - [TEST_STEP][PASSED] - delay(3): Delayed 3 second(s)

2022-10-07 18:53:43 - [MESSAGE][PASSED] - Delayed 3 second(s)

2022-10-07 18:53:43 - [TEST_STEP][PASSED] - setText(findTestObject("00-Signup and Activation/zMailinator/input_LOGIN_search"), "testuser02@mailinator.com"): Text 'testuser02@mailinator.com' is set on object 'Object Repository/00-Signup and Activation/zMailinator/input_LOGIN_search'

2022-10-07 18:53:43 - [MESSAGE][PASSED] - Text 'testuser02@mailinator.com' is set on object 'Object Repository/00-Signup and Activation/zMailinator/input_LOGIN_search'

2022-10-07 18:53:43 - [TEST_STEP][PASSED] - click(findTestObject("00-Signup and Activation/zMailinator/gobutton"), STOP_ON_FAILURE): Object: 'Object Repository/00-Signup and Activation/zMailinator/gobutton' is clicked on

2022-10-07 18:53:45 - [MESSAGE][PASSED] - Object: 'Object Repository/00-Signup and Activation/zMailinator/gobutton' is clicked on

2022-10-07 18:53:45 - [TEST_STEP][PASSED] - delay(3): Delayed 3 second(s)

2022-10-07 18:53:48 - [MESSAGE][PASSED] - Delayed 3 second(s)

2022-10-07 18:53:48 - [TEST_STEP][PASSED] - click(findTestObject("00-Signup and Activation/zMailinator/Email - everleagues")): Object: 'Object Repository/00-Signup and Activation/zMailinator/Email - everleagues' is clicked on

2022-10-07 18:53:48 - [MESSAGE][PASSED] - Object: 'Object Repository/00-Signup and Activation/zMailinator/Email - everleagues' is clicked on

2022-10-07 18:53:48 - [TEST_STEP][PASSED] - delay(3): Delayed 3 second(s)

2022-10-07 18:53:51 - [MESSAGE][PASSED] - Delayed 3 second(s)

2022-10-07 18:53:51 - [TEST_STEP][PASSED] - code = getText(findTestObject("Object Repository/06-Teams/For 2FA/2FA code")): Text of object 'Object Repository/06-Teams/For 2FA/2FA code' is: '663473'

2022-10-07 18:53:52 - [MESSAGE][PASSED] - Text of object 'Object Repository/06-Teams/For 2FA/2FA code' is: '663473'

2022-10-07 18:53:52 - [TEST_STEP][PASSED] - delay(3): Delayed 3 second(s)

2022-10-07 18:53:55 - [MESSAGE][PASSED] - Delayed 3 second(s)

2022-10-07 18:53:55 - [TEST_STEP][PASSED] - closeWindowTitle("Mailinator"): Window with title: 'Mailinator' is closed

2022-10-07 18:53:55 - [MESSAGE][PASSED] - Window with title: 'Mailinator' is closed

2022-10-07 18:53:55 - [TEST_STEP][PASSED] - delay(3): Delayed 3 second(s)

2022-10-07 18:53:58 - [MESSAGE][PASSED] - Delayed 3 second(s)

2022-10-07 18:53:58 - [TEST_STEP][PASSED] - switchToWindowIndex(0): Switched to window with index: '0'

2022-10-07 18:53:58 - [MESSAGE][PASSED] - Switched to window with index: '0'

2022-10-07 18:53:58 - [TEST_STEP][PASSED] - delay(3): Delayed 3 second(s)

2022-10-07 18:54:01 - [MESSAGE][PASSED] - Delayed 3 second(s)

2022-10-07 18:54:01 - [TEST_STEP][PASSED] - setText(findTestObject("Object Repository/06-Teams/For 2FA/input_Enter verification code_code"), code): Text '663473' is set on object 'Object Repository/06-Teams/For 2FA/input_Enter verification code_code'

2022-10-07 18:54:02 - [MESSAGE][PASSED] - Text '663473' is set on object 'Object Repository/06-Teams/For 2FA/input_Enter verification code_code'

2022-10-07 18:54:02 - [TEST_STEP][PASSED] - delay(3): Delayed 3 second(s)

2022-10-07 18:54:05 - [MESSAGE][PASSED] - Delayed 3 second(s)

2022-10-07 18:54:05 - [TEST_STEP][PASSED] - click(findTestObject("06-Teams/For 2FA/button_Verify_2FA")): Object: 'Object Repository/06-Teams/For 2FA/button_Verify_2FA' is clicked on

2022-10-07 18:54:06 - [MESSAGE][PASSED] - Object: 'Object Repository/06-Teams/For 2FA/button_Verify_2FA' is clicked on

2022-10-07 18:54:06 - [TEST_STEP][PASSED] - delay(5): Delayed 5 second(s)

2022-10-07 18:54:11 - [MESSAGE][PASSED] - Delayed 5 second(s)

2022-10-07 18:54:11 - [TEST_STEP][PASSED] - click(findTestObject("06-Teams/button_doublearrow")): Object: 'Object Repository/06-Teams/button_doublearrow' is clicked on

2022-10-07 18:54:12 - [MESSAGE][PASSED] - Object: 'Object Repository/06-Teams/button_doublearrow' is clicked on

2022-10-07 18:54:12 - [TEST_STEP][PASSED] - click(findTestObject("06-Teams/button_My Organizations")): Object: 'Object Repository/06-Teams/button_My Organizations' is clicked on

2022-10-07 18:54:13 - [MESSAGE][PASSED] - Object: 'Object Repository/06-Teams/button_My Organizations' is clicked on

2022-10-07 18:54:13 - [TEST_STEP][PASSED] - click(findTestObject("06-Teams/button_GG Automation")): Object: 'Object Repository/06-Teams/button_GG Automation' is clicked on

2022-10-07 18:54:13 - [MESSAGE][PASSED] - Object: 'Object Repository/06-Teams/button_GG Automation' is clicked on

2022-10-07 18:54:13 - [TEST_STEP][PASSED] - delay(4): Delayed 4 second(s)

2022-10-07 18:54:18 - [MESSAGE][PASSED] - Delayed 4 second(s)

2022-10-07 18:54:18 - [TEST_STEP][PASSED] - verifyElementVisible(findTestObject("06-Teams/span_GG Automation")): Object 'Object Repository/06-Teams/span_GG Automation' is visible

2022-10-07 18:54:18 - [MESSAGE][PASSED] - Object 'Object Repository/06-Teams/span_GG Automation' is visible

2022-10-07 18:54:18 - [TEST_STEP][PASSED] - delay(2): Delayed 2 second(s)

2022-10-07 18:54:20 - [MESSAGE][PASSED] - Delayed 2 second(s)

2022-10-07 18:54:20 - [TEST_STEP][PASSED] - click(findTestObject("03-Header Menu/Hamburger Button/div_Teams")): Object: 'Object Repository/03-Header Menu/Hamburger Button/div_Teams' is clicked on

2022-10-07 18:54:20 - [MESSAGE][PASSED] - Object: 'Object Repository/03-Header Menu/Hamburger Button/div_Teams' is clicked on

2022-10-07 18:54:20 - [TEST_STEP][PASSED] - delay(2): Delayed 2 second(s)

2022-10-07 18:54:22 - [MESSAGE][PASSED] - Delayed 2 second(s)

2022-10-07 18:54:22 - [TEST_STEP][PASSED] - verifyElementVisible(findTestObject("06-Teams/h4_TEAMS")): Object 'Object Repository/06-Teams/h4_TEAMS' is visible

2022-10-07 18:54:23 - [MESSAGE][PASSED] - Object 'Object Repository/06-Teams/h4_TEAMS' is visible

2022-10-07 18:54:23 - [TEST_STEP][PASSED] - delay(3): Delayed 3 second(s)

2022-10-07 18:54:26 - [MESSAGE][PASSED] - Delayed 3 second(s)

2022-10-07 18:54:26 - [TEST_STEP][PASSED] - click(findTestObject("06-Teams/Add Team")): Object: 'Object Repository/06-Teams/Add Team' is clicked on

2022-10-07 18:54:26 - [MESSAGE][PASSED] - Object: 'Object Repository/06-Teams/Add Team' is clicked on

2022-10-07 18:54:26 - [TEST_STEP][PASSED] - delay(3): Delayed 3 second(s)

2022-10-07 18:54:29 - [MESSAGE][PASSED] - Delayed 3 second(s)

2022-10-07 18:54:29 - [TEST_STEP][PASSED] - verifyElementVisible(findTestObject("06-Teams/button_Public")): Object 'Object Repository/06-Teams/button_Public' is visible

2022-10-07 18:54:29 - [MESSAGE][PASSED] - Object 'Object Repository/06-Teams/button_Public' is visible

2022-10-07 18:54:29 - [TEST_STEP][PASSED] - verifyElementVisible(findTestObject("06-Teams/button_Private")): Object 'Object Repository/06-Teams/button_Private' is visible

2022-10-07 18:54:30 - [MESSAGE][PASSED] - Object 'Object Repository/06-Teams/button_Private' is visible

2022-10-07 18:54:30 - [TEST_STEP][PASSED] - delay(3): Delayed 3 second(s)

2022-10-07 18:54:33 - [MESSAGE][PASSED] - Delayed 3 second(s)

2022-10-07 18:54:33 - [TEST_STEP][PASSED] - click(findTestObject("06-Teams/button_Private")): Object: 'Object Repository/06-Teams/button_Private' is clicked on

2022-10-07 18:54:33 - [MESSAGE][PASSED] - Object: 'Object Repository/06-Teams/button_Private' is clicked on

2022-10-07 18:54:33 - [TEST_STEP][PASSED] - delay(3): Delayed 3 second(s)

2022-10-07 18:54:36 - [MESSAGE][PASSED] - Delayed 3 second(s)

2022-10-07 18:54:36 - [TEST_STEP][PASSED] - verifyElementVisible(findTestObject("06-Teams/02-Add Team-Private/Add team- Private")): Object 'Object Repository/06-Teams/02-Add Team-Private/Add team- Private' is visible

2022-10-07 18:54:37 - [MESSAGE][PASSED] - Object 'Object Repository/06-Teams/02-Add Team-Private/Add team- Private' is visible

2022-10-07 18:54:37 - [TEST_STEP][PASSED] - verifyElementVisible(findTestObject("06-Teams/02-Add Team-Private/div_Settings")): Object 'Object Repository/06-Teams/02-Add Team-Private/div_Settings' is visible

2022-10-07 18:54:37 - [MESSAGE][PASSED] - Object 'Object Repository/06-Teams/02-Add Team-Private/div_Settings' is visible

2022-10-07 18:54:37 - [TEST_STEP][PASSED] - verifyElementVisible(findTestObject("06-Teams/02-Add Team-Private/div_Members")): Object 'Object Repository/06-Teams/02-Add Team-Private/div_Members' is visible

2022-10-07 18:54:37 - [MESSAGE][PASSED] - Object 'Object Repository/06-Teams/02-Add Team-Private/div_Members' is visible

2022-10-07 18:54:37 - [TEST_STEP][PASSED] - verifyElementNotClickable(findTestObject("06-Teams/01-Add Team-Public/button_Create")): Object 'Object Repository/06-Teams/01-Add Team-Public/button_Create' is NOT clickable

2022-10-07 18:54:38 - [MESSAGE][PASSED] - Object 'Object Repository/06-Teams/01-Add Team-Public/button_Create' is NOT clickable

2022-10-07 18:54:38 - [TEST_STEP][PASSED] - delay(3): Delayed 3 second(s)

2022-10-07 18:54:41 - [MESSAGE][PASSED] - Delayed 3 second(s)

2022-10-07 18:54:41 - [TEST_STEP][PASSED] - click(findTestObject("06-Teams/01-Add Team-Public/input_teamName")): Object: 'Object Repository/06-Teams/01-Add Team-Public/input_teamName' is clicked on

2022-10-07 18:54:41 - [MESSAGE][PASSED] - Object: 'Object Repository/06-Teams/01-Add Team-Public/input_teamName' is clicked on

2022-10-07 18:54:41 - [TEST_STEP][PASSED] - click(findTestObject("06-Teams/01-Add Team-Public/Org unit")): Object: 'Object Repository/06-Teams/01-Add Team-Public/Org unit' is clicked on

2022-10-07 18:54:42 - [MESSAGE][PASSED] - Object: 'Object Repository/06-Teams/01-Add Team-Public/Org unit' is clicked on

2022-10-07 18:54:42 - [TEST_STEP][PASSED] - verifyElementVisible(findTestObject("06-Teams/01-Add Team-Public/h4_Select an organization unit")): Object 'Object Repository/06-Teams/01-Add Team-Public/h4_Select an organization unit' is visible

2022-10-07 18:54:42 - [MESSAGE][PASSED] - Object 'Object Repository/06-Teams/01-Add Team-Public/h4_Select an organization unit' is visible

2022-10-07 18:54:42 - [TEST_STEP][PASSED] - delay(3): Delayed 3 second(s)

2022-10-07 18:54:45 - [MESSAGE][PASSED] - Delayed 3 second(s)

2022-10-07 18:54:45 - [TEST_STEP][PASSED] - click(findTestObject("06-Teams/01-Add Team-Public/div_GG Automation")): Object: 'Object Repository/06-Teams/01-Add Team-Public/div_GG Automation' is clicked on

2022-10-07 18:54:45 - [MESSAGE][PASSED] - Object: 'Object Repository/06-Teams/01-Add Team-Public/div_GG Automation' is clicked on

2022-10-07 18:54:45 - [TEST_STEP][PASSED] - click(findTestObject("06-Teams/01-Add Team-Public/button_Select")): Object: 'Object Repository/06-Teams/01-Add Team-Public/button_Select' is clicked on

2022-10-07 18:54:46 - [MESSAGE][PASSED] - Object: 'Object Repository/06-Teams/01-Add Team-Public/button_Select' is clicked on

2022-10-07 18:54:46 - [TEST_STEP][PASSED] - verifyElementVisible(findTestObject("06-Teams/01-Add Team-Public/Error Team name")): Object 'Object Repository/06-Teams/01-Add Team-Public/Error Team name' is visible

2022-10-07 18:54:47 - [MESSAGE][PASSED] - Object 'Object Repository/06-Teams/01-Add Team-Public/Error Team name' is visible

2022-10-07 18:54:47 - [TEST_STEP][PASSED] - delay(3): Delayed 3 second(s)

2022-10-07 18:54:50 - [MESSAGE][PASSED] - Delayed 3 second(s)

2022-10-07 18:54:50 - [TEST_STEP][PASSED] - setText(findTestObject("06-Teams/01-Add Team-Public/input_teamName"), "Auto Team Private"): Text 'Auto Team Private' is set on object 'Object Repository/06-Teams/01-Add Team-Public/input_teamName'

2022-10-07 18:54:51 - [MESSAGE][PASSED] - Text 'Auto Team Private' is set on object 'Object Repository/06-Teams/01-Add Team-Public/input_teamName'

2022-10-07 18:54:51 - [TEST_STEP][PASSED] - delay(3): Delayed 3 second(s)

2022-10-07 18:54:54 - [MESSAGE][PASSED] - Delayed 3 second(s)

2022-10-07 18:54:54 - [TEST_STEP][PASSED] - click(findTestObject("06-Teams/02-Add Team-Private/div_Members")): Object: 'Object Repository/06-Teams/02-Add Team-Private/div_Members' is clicked on

2022-10-07 18:54:54 - [MESSAGE][PASSED] - Object: 'Object Repository/06-Teams/02-Add Team-Private/div_Members' is clicked on

2022-10-07 18:54:54 - [TEST_STEP][PASSED] - verifyElementVisible(findTestObject("06-Teams/02-Add Team-Private/Members dialog box")): Object 'Object Repository/06-Teams/02-Add Team-Private/Members dialog box' is visible

2022-10-07 18:54:55 - [MESSAGE][PASSED] - Object 'Object Repository/06-Teams/02-Add Team-Private/Members dialog box' is visible

2022-10-07 18:54:55 - [TEST_STEP][PASSED] - delay(3): Delayed 3 second(s)

2022-10-07 18:54:58 - [MESSAGE][PASSED] - Delayed 3 second(s)

2022-10-07 18:54:58 - [TEST_STEP][PASSED] - click(findTestObject("06-Teams/01-Add Team-Public/button_Create")): Object: 'Object Repository/06-Teams/01-Add Team-Public/button_Create' is clicked on

2022-10-07 18:54:59 - [MESSAGE][PASSED] - Object: 'Object Repository/06-Teams/01-Add Team-Public/button_Create' is clicked on

2022-10-07 18:54:59 - [TEST_STEP][PASSED] - verifyElementVisible(findTestObject("06-Teams/01-Add Team-Public/span_Successfully added new team")): Object 'Object Repository/06-Teams/01-Add Team-Public/span_Successfully added new team' is visible

2022-10-07 18:55:00 - [MESSAGE][PASSED] - Object 'Object Repository/06-Teams/01-Add Team-Public/span_Successfully added new team' is visible

2022-10-07 18:55:00 - [TEST_STEP][PASSED] - delay(3): Delayed 3 second(s)

2022-10-07 18:55:03 - [MESSAGE][PASSED] - Delayed 3 second(s)

2022-10-07 18:55:03 - [TEST_STEP][PASSED] - verifyElementVisible(findTestObject("06-Teams/02-Add Team-Private/span_Auto Team Private")): Object 'Object Repository/06-Teams/02-Add Team-Private/span_Auto Team Private' is visible

2022-10-07 18:55:04 - [MESSAGE][PASSED] - Object 'Object Repository/06-Teams/02-Add Team-Private/span_Auto Team Private' is visible

2022-10-07 18:55:04 - [TEST_STEP][PASSED] - delay(3): Delayed 3 second(s)

2022-10-07 18:55:07 - [MESSAGE][PASSED] - Delayed 3 second(s)

2022-10-07 18:55:07 - [TEST_STEP][PASSED] - closeBrowser(): Browser is closed

2022-10-07 18:55:07 - [MESSAGE][PASSED] - Browser is closed]]></system-out>
         <system-err><![CDATA[]]></system-err>
      </testcase>
      <system-out><![CDATA[2022-10-07 18:50:50 - [TEST_SUITE][PASSED] - 06.1- Teams - Add: Test Cases/06- Teams/02-Add Team-Private]]></system-out>
      <system-err><![CDATA[]]></system-err>
   </testsuite>
</testsuites>
