<?xml version="1.0" encoding="UTF-8"?>
<testsuites name="09.1 - Settings (Invite users)" time="1062.211" tests="5" failures="0" errors="0">
   <testsuite name="09.1 - Settings (Invite users)" tests="5" failures="0" errors="0" time="1062.211" skipped="0" timestamp="2022-11-18 13:18:48" hostname="User - DESKTOP-QCRNR4M" id="Test Suites/TS-Organization/09.1 - Settings (Invite users)">
      <properties>
         <property name="deviceName" value=""/>
         <property name="devicePlatform" value=""/>
         <property name="logFolder" value="C:\\Users\\User\\Katalon Studio\\EverleaguesMain\\Reports\\20221118_131845\\TS-Organization\\09.1 - Settings (Invite users)\\20221118_131845"/>
         <property name="logFiles" value="C:\\Users\\User\\Katalon Studio\\EverleaguesMain\\Reports\\20221118_131845\\TS-Organization\\09.1 - Settings (Invite users)\\20221118_131845\\execution0.log"/>
         <property name="attachments" value=""/>
         <property name="hostName" value="User - DESKTOP-QCRNR4M"/>
         <property name="os" value="Windows 10 64bit"/>
         <property name="katalonVersion" value="8.4.1.208"/>
         <property name="browser" value="Chrome 107.0.0.0"/>
         <property name="hostAddress" value="192.168.5.124"/>
         <property name="sessionId" value="257dfd6e26dc676581ff4adc97785bf2"/>
         <property name="seleniumVersion" value="3.141.59"/>
         <property name="proxyInformation" value="ProxyInformation { proxyOption=NO_PROXY, proxyServerType=HTTP, username=, password=********, proxyServerAddress=, proxyServerPort=0, executionList=&quot;&quot;, isApplyToDesiredCapabilities=true }"/>
         <property name="platform" value="Windows 10"/>
      </properties>
      <testcase name="Test Cases/09-Settings/01 - Users (Invite new user but field are blank)" time="92.43" classname="Test Cases/09-Settings/01 - Users (Invite new user but field are blank)" status="PASSED">
         <system-out><![CDATA[2022-11-18 13:18:48 - [TEST_CASE][PASSED] - Test Cases/09-Settings/01 - Users (Invite new user but field are blank): Test Cases/09-Settings/01 - Users (Invite new user but field are blank)

2022-11-18 13:18:48 - [TEST_STEP][PASSED] - openBrowser(""): Browser is opened with url: ''

2022-11-18 13:18:48 - [MESSAGE][INFO] - Starting 'Chrome' driver

2022-11-18 13:18:48 - [MESSAGE][INFO] - Action delay is set to 0 milliseconds

2022-11-18 13:18:50 - [MESSAGE][PASSED] - Browser is opened with url: ''

2022-11-18 13:18:50 - [TEST_STEP][PASSED] - navigateToUrl("https://lab.everleagues.com/"): Navigate to 'https://lab.everleagues.com/' successfully

2022-11-18 13:19:02 - [MESSAGE][PASSED] - Navigate to 'https://lab.everleagues.com/' successfully

2022-11-18 13:19:02 - [TEST_STEP][PASSED] - maximizeWindow(): Current window maximized

2022-11-18 13:19:02 - [MESSAGE][PASSED] - Current window maximized

2022-11-18 13:19:02 - [TEST_STEP][PASSED] - setText(findTestObject("02-Side Icons(Organization)/Add Contact/Email Field"), "testuser02@mailinator.com"): Text 'testuser02@mailinator.com' is set on object 'Object Repository/02-Side Icons(Organization)/Add Contact/Email Field'

2022-11-18 13:19:03 - [MESSAGE][PASSED] - Text 'testuser02@mailinator.com' is set on object 'Object Repository/02-Side Icons(Organization)/Add Contact/Email Field'

2022-11-18 13:19:03 - [TEST_STEP][PASSED] - setEncryptedText(findTestObject("02-Side Icons(Organization)/Add Contact/Password Field"), "8yFRyszE6U6jvsCn51OQbg=="): Text ****** has been set on object 'Object Repository/02-Side Icons(Organization)/Add Contact/Password Field'

2022-11-18 13:19:03 - [MESSAGE][PASSED] - Text ****** has been set on object 'Object Repository/02-Side Icons(Organization)/Add Contact/Password Field'

2022-11-18 13:19:03 - [TEST_STEP][PASSED] - click(findTestObject("02-Side Icons(Organization)/Add Contact/button_Sign in")): Object: 'Object Repository/02-Side Icons(Organization)/Add Contact/button_Sign in' is clicked on

2022-11-18 13:19:04 - [MESSAGE][PASSED] - Object: 'Object Repository/02-Side Icons(Organization)/Add Contact/button_Sign in' is clicked on

2022-11-18 13:19:04 - [TEST_STEP][PASSED] - delay(2): Delayed 2 second(s)

2022-11-18 13:19:06 - [MESSAGE][PASSED] - Delayed 2 second(s)

2022-11-18 13:19:06 - [TEST_STEP][PASSED] - click(findTestObject("06-Teams/For 2FA/button_Confirm_2FA")): Object: 'Object Repository/06-Teams/For 2FA/button_Confirm_2FA' is clicked on

2022-11-18 13:19:11 - [MESSAGE][PASSED] - Object: 'Object Repository/06-Teams/For 2FA/button_Confirm_2FA' is clicked on

2022-11-18 13:19:11 - [TEST_STEP][PASSED] - executeJavaScript("window.open();", []): Execute JavaScript 'window.open();' successfully

2022-11-18 13:19:11 - [MESSAGE][PASSED] - Execute JavaScript 'window.open();' successfully

2022-11-18 13:19:11 - [TEST_STEP][PASSED] - currentWindow = getWindowIndex(): Current window's index is: 0

2022-11-18 13:19:11 - [MESSAGE][PASSED] - Current window's index is: 0

2022-11-18 13:19:11 - [TEST_STEP][PASSED] - delay(3): Delayed 3 second(s)

2022-11-18 13:19:14 - [MESSAGE][PASSED] - Delayed 3 second(s)

2022-11-18 13:19:14 - [TEST_STEP][PASSED] - switchToWindowIndex(currentWindow + 1): Switched to window with index: '1'

2022-11-18 13:19:14 - [MESSAGE][PASSED] - Switched to window with index: '1'

2022-11-18 13:19:14 - [TEST_STEP][PASSED] - navigateToUrl("https://www.mailinator.com/"): Navigate to 'https://www.mailinator.com/' successfully

2022-11-18 13:19:17 - [MESSAGE][PASSED] - Navigate to 'https://www.mailinator.com/' successfully

2022-11-18 13:19:17 - [TEST_STEP][PASSED] - delay(3): Delayed 3 second(s)

2022-11-18 13:19:20 - [MESSAGE][PASSED] - Delayed 3 second(s)

2022-11-18 13:19:20 - [TEST_STEP][PASSED] - setText(findTestObject("00-Signup and Activation/zMailinator/input_LOGIN_search"), "testuser02@mailinator.com"): Text 'testuser02@mailinator.com' is set on object 'Object Repository/00-Signup and Activation/zMailinator/input_LOGIN_search'

2022-11-18 13:19:21 - [MESSAGE][PASSED] - Text 'testuser02@mailinator.com' is set on object 'Object Repository/00-Signup and Activation/zMailinator/input_LOGIN_search'

2022-11-18 13:19:21 - [TEST_STEP][PASSED] - click(findTestObject("00-Signup and Activation/zMailinator/gobutton"), STOP_ON_FAILURE): Object: 'Object Repository/00-Signup and Activation/zMailinator/gobutton' is clicked on

2022-11-18 13:19:23 - [MESSAGE][PASSED] - Object: 'Object Repository/00-Signup and Activation/zMailinator/gobutton' is clicked on

2022-11-18 13:19:23 - [TEST_STEP][PASSED] - delay(3): Delayed 3 second(s)

2022-11-18 13:19:26 - [MESSAGE][PASSED] - Delayed 3 second(s)

2022-11-18 13:19:26 - [TEST_STEP][PASSED] - click(findTestObject("00-Signup and Activation/zMailinator/Email - everleagues")): Object: 'Object Repository/00-Signup and Activation/zMailinator/Email - everleagues' is clicked on

2022-11-18 13:19:26 - [MESSAGE][PASSED] - Object: 'Object Repository/00-Signup and Activation/zMailinator/Email - everleagues' is clicked on

2022-11-18 13:19:26 - [TEST_STEP][PASSED] - delay(3): Delayed 3 second(s)

2022-11-18 13:19:29 - [MESSAGE][PASSED] - Delayed 3 second(s)

2022-11-18 13:19:29 - [TEST_STEP][PASSED] - code = getText(findTestObject("Object Repository/06-Teams/For 2FA/2FA code")): Text of object 'Object Repository/06-Teams/For 2FA/2FA code' is: '574173'

2022-11-18 13:19:30 - [MESSAGE][PASSED] - Text of object 'Object Repository/06-Teams/For 2FA/2FA code' is: '574173'

2022-11-18 13:19:30 - [TEST_STEP][PASSED] - delay(3): Delayed 3 second(s)

2022-11-18 13:19:33 - [MESSAGE][PASSED] - Delayed 3 second(s)

2022-11-18 13:19:33 - [TEST_STEP][PASSED] - closeWindowTitle("Mailinator"): Window with title: 'Mailinator' is closed

2022-11-18 13:19:33 - [MESSAGE][PASSED] - Window with title: 'Mailinator' is closed

2022-11-18 13:19:33 - [TEST_STEP][PASSED] - delay(3): Delayed 3 second(s)

2022-11-18 13:19:36 - [MESSAGE][PASSED] - Delayed 3 second(s)

2022-11-18 13:19:36 - [TEST_STEP][PASSED] - switchToWindowIndex(0): Switched to window with index: '0'

2022-11-18 13:19:36 - [MESSAGE][PASSED] - Switched to window with index: '0'

2022-11-18 13:19:36 - [TEST_STEP][PASSED] - delay(3): Delayed 3 second(s)

2022-11-18 13:19:39 - [MESSAGE][PASSED] - Delayed 3 second(s)

2022-11-18 13:19:39 - [TEST_STEP][PASSED] - setText(findTestObject("Object Repository/06-Teams/For 2FA/input_Enter verification code_code"), code): Text '574173' is set on object 'Object Repository/06-Teams/For 2FA/input_Enter verification code_code'

2022-11-18 13:19:40 - [MESSAGE][PASSED] - Text '574173' is set on object 'Object Repository/06-Teams/For 2FA/input_Enter verification code_code'

2022-11-18 13:19:40 - [TEST_STEP][PASSED] - delay(3): Delayed 3 second(s)

2022-11-18 13:19:43 - [MESSAGE][PASSED] - Delayed 3 second(s)

2022-11-18 13:19:43 - [TEST_STEP][PASSED] - click(findTestObject("06-Teams/For 2FA/button_Verify_2FA")): Object: 'Object Repository/06-Teams/For 2FA/button_Verify_2FA' is clicked on

2022-11-18 13:19:44 - [MESSAGE][PASSED] - Object: 'Object Repository/06-Teams/For 2FA/button_Verify_2FA' is clicked on

2022-11-18 13:19:44 - [TEST_STEP][PASSED] - delay(5): Delayed 5 second(s)

2022-11-18 13:19:49 - [MESSAGE][PASSED] - Delayed 5 second(s)

2022-11-18 13:19:49 - [TEST_STEP][PASSED] - click(findTestObject("06-Teams/button_doublearrow")): Object: 'Object Repository/06-Teams/button_doublearrow' is clicked on

2022-11-18 13:19:49 - [MESSAGE][PASSED] - Object: 'Object Repository/06-Teams/button_doublearrow' is clicked on

2022-11-18 13:19:49 - [TEST_STEP][PASSED] - click(findTestObject("06-Teams/button_My Organizations")): Object: 'Object Repository/06-Teams/button_My Organizations' is clicked on

2022-11-18 13:19:50 - [MESSAGE][PASSED] - Object: 'Object Repository/06-Teams/button_My Organizations' is clicked on

2022-11-18 13:19:50 - [TEST_STEP][PASSED] - click(findTestObject("06-Teams/button_GG Automation")): Object: 'Object Repository/06-Teams/button_GG Automation' is clicked on

2022-11-18 13:19:51 - [MESSAGE][PASSED] - Object: 'Object Repository/06-Teams/button_GG Automation' is clicked on

2022-11-18 13:19:51 - [TEST_STEP][PASSED] - delay(4): Delayed 4 second(s)

2022-11-18 13:19:55 - [MESSAGE][PASSED] - Delayed 4 second(s)

2022-11-18 13:19:55 - [TEST_STEP][PASSED] - verifyElementVisible(findTestObject("06-Teams/span_GG Automation")): Object 'Object Repository/06-Teams/span_GG Automation' is visible

2022-11-18 13:19:55 - [MESSAGE][PASSED] - Object 'Object Repository/06-Teams/span_GG Automation' is visible

2022-11-18 13:19:55 - [TEST_STEP][PASSED] - delay(5): Delayed 5 second(s)

2022-11-18 13:20:00 - [MESSAGE][PASSED] - Delayed 5 second(s)

2022-11-18 13:20:00 - [TEST_STEP][PASSED] - click(findTestObject("03-Header Menu/Hamburger Button/div_Settings")): Object: 'Object Repository/03-Header Menu/Hamburger Button/div_Settings' is clicked on

2022-11-18 13:20:00 - [MESSAGE][PASSED] - Object: 'Object Repository/03-Header Menu/Hamburger Button/div_Settings' is clicked on

2022-11-18 13:20:00 - [TEST_STEP][PASSED] - verifyElementVisible(findTestObject("09-Settings/Users/div_Organization")): Object 'Object Repository/09-Settings/Users/div_Organization' is visible

2022-11-18 13:20:01 - [MESSAGE][PASSED] - Object 'Object Repository/09-Settings/Users/div_Organization' is visible

2022-11-18 13:20:01 - [TEST_STEP][PASSED] - verifyElementVisible(findTestObject("09-Settings/Users/div_Organization Units")): Object 'Object Repository/09-Settings/Users/div_Organization Units' is visible

2022-11-18 13:20:01 - [MESSAGE][PASSED] - Object 'Object Repository/09-Settings/Users/div_Organization Units' is visible

2022-11-18 13:20:01 - [TEST_STEP][PASSED] - verifyElementVisible(findTestObject("09-Settings/Users/div_Subscriptions")): Object 'Object Repository/09-Settings/Users/div_Subscriptions' is visible

2022-11-18 13:20:02 - [MESSAGE][PASSED] - Object 'Object Repository/09-Settings/Users/div_Subscriptions' is visible

2022-11-18 13:20:02 - [TEST_STEP][PASSED] - verifyElementVisible(findTestObject("09-Settings/Users/div_Users")): Object 'Object Repository/09-Settings/Users/div_Users' is visible

2022-11-18 13:20:02 - [MESSAGE][PASSED] - Object 'Object Repository/09-Settings/Users/div_Users' is visible

2022-11-18 13:20:02 - [TEST_STEP][PASSED] - delay(3): Delayed 3 second(s)

2022-11-18 13:20:05 - [MESSAGE][PASSED] - Delayed 3 second(s)

2022-11-18 13:20:05 - [TEST_STEP][PASSED] - click(findTestObject("09-Settings/Users/div_Users")): Object: 'Object Repository/09-Settings/Users/div_Users' is clicked on

2022-11-18 13:20:06 - [MESSAGE][PASSED] - Object: 'Object Repository/09-Settings/Users/div_Users' is clicked on

2022-11-18 13:20:06 - [TEST_STEP][PASSED] - verifyElementVisible(findTestObject("09-Settings/Users/h4_USERS")): Object 'Object Repository/09-Settings/Users/h4_USERS' is visible

2022-11-18 13:20:07 - [MESSAGE][PASSED] - Object 'Object Repository/09-Settings/Users/h4_USERS' is visible

2022-11-18 13:20:07 - [TEST_STEP][PASSED] - verifyElementVisible(findTestObject("09-Settings/Users/User Page")): Object 'Object Repository/09-Settings/Users/User Page' is visible

2022-11-18 13:20:07 - [MESSAGE][PASSED] - Object 'Object Repository/09-Settings/Users/User Page' is visible

2022-11-18 13:20:07 - [TEST_STEP][PASSED] - delay(3): Delayed 3 second(s)

2022-11-18 13:20:10 - [MESSAGE][PASSED] - Delayed 3 second(s)

2022-11-18 13:20:10 - [TEST_STEP][PASSED] - click(findTestObject("09-Settings/Users/button_add")): Object: 'Object Repository/09-Settings/Users/button_add' is clicked on

2022-11-18 13:20:11 - [MESSAGE][PASSED] - Object: 'Object Repository/09-Settings/Users/button_add' is clicked on

2022-11-18 13:20:11 - [TEST_STEP][PASSED] - verifyElementVisible(findTestObject("09-Settings/Users/User Invitation modal")): Object 'Object Repository/09-Settings/Users/User Invitation modal' is visible

2022-11-18 13:20:11 - [MESSAGE][PASSED] - Object 'Object Repository/09-Settings/Users/User Invitation modal' is visible

2022-11-18 13:20:11 - [TEST_STEP][PASSED] - delay(3): Delayed 3 second(s)

2022-11-18 13:20:14 - [MESSAGE][PASSED] - Delayed 3 second(s)

2022-11-18 13:20:14 - [TEST_STEP][PASSED] - click(findTestObject("09-Settings/Users/add Invite a single user")): Object: 'Object Repository/09-Settings/Users/add Invite a single user' is clicked on

2022-11-18 13:20:15 - [MESSAGE][PASSED] - Object: 'Object Repository/09-Settings/Users/add Invite a single user' is clicked on

2022-11-18 13:20:15 - [TEST_STEP][PASSED] - verifyElementVisible(findTestObject("09-Settings/Users/Invite new user modal")): Object 'Object Repository/09-Settings/Users/Invite new user modal' is visible

2022-11-18 13:20:16 - [MESSAGE][PASSED] - Object 'Object Repository/09-Settings/Users/Invite new user modal' is visible

2022-11-18 13:20:16 - [TEST_STEP][PASSED] - click(findTestObject("09-Settings/Users/input_email")): Object: 'Object Repository/09-Settings/Users/input_email' is clicked on

2022-11-18 13:20:16 - [MESSAGE][PASSED] - Object: 'Object Repository/09-Settings/Users/input_email' is clicked on

2022-11-18 13:20:16 - [TEST_STEP][PASSED] - click(findTestObject("09-Settings/Users/input_firstName")): Object: 'Object Repository/09-Settings/Users/input_firstName' is clicked on

2022-11-18 13:20:17 - [MESSAGE][PASSED] - Object: 'Object Repository/09-Settings/Users/input_firstName' is clicked on

2022-11-18 13:20:17 - [TEST_STEP][PASSED] - click(findTestObject("09-Settings/Users/input_lastName")): Object: 'Object Repository/09-Settings/Users/input_lastName' is clicked on

2022-11-18 13:20:17 - [MESSAGE][PASSED] - Object: 'Object Repository/09-Settings/Users/input_lastName' is clicked on

2022-11-18 13:20:17 - [TEST_STEP][PASSED] - click(findTestObject("09-Settings/Users/span_Role")): Object: 'Object Repository/09-Settings/Users/span_Role' is clicked on

2022-11-18 13:20:18 - [MESSAGE][PASSED] - Object: 'Object Repository/09-Settings/Users/span_Role' is clicked on

2022-11-18 13:20:18 - [TEST_STEP][PASSED] - clickOffset(findTestObject("09-Settings/Users/h4_Invite New User"), 100, 100): Object: 'Object Repository/09-Settings/Users/h4_Invite New User' is clicked on using offset x=100 and y=100

2022-11-18 13:20:18 - [MESSAGE][PASSED] - Object: 'Object Repository/09-Settings/Users/h4_Invite New User' is clicked on using offset x=100 and y=100

2022-11-18 13:20:18 - [TEST_STEP][PASSED] - verifyElementVisible(findTestObject("09-Settings/Users/Email required")): Object 'Object Repository/09-Settings/Users/Email required' is visible

2022-11-18 13:20:19 - [MESSAGE][PASSED] - Object 'Object Repository/09-Settings/Users/Email required' is visible

2022-11-18 13:20:19 - [TEST_STEP][PASSED] - verifyElementVisible(findTestObject("09-Settings/Users/Firstname required")): Object 'Object Repository/09-Settings/Users/Firstname required' is visible

2022-11-18 13:20:20 - [MESSAGE][PASSED] - Object 'Object Repository/09-Settings/Users/Firstname required' is visible

2022-11-18 13:20:20 - [TEST_STEP][PASSED] - verifyElementVisible(findTestObject("09-Settings/Users/last name required")): Object 'Object Repository/09-Settings/Users/last name required' is visible

2022-11-18 13:20:20 - [MESSAGE][PASSED] - Object 'Object Repository/09-Settings/Users/last name required' is visible

2022-11-18 13:20:20 - [TEST_STEP][PASSED] - verifyElementVisible(findTestObject("09-Settings/Users/error_Select a role")): Object 'Object Repository/09-Settings/Users/error_Select a role' is visible

2022-11-18 13:20:20 - [MESSAGE][PASSED] - Object 'Object Repository/09-Settings/Users/error_Select a role' is visible]]></system-out>
         <system-err><![CDATA[]]></system-err>
      </testcase>
      <testcase name="Test Cases/09-Settings/02 - Users (Invite new user as co worker)" time="350.574" classname="Test Cases/09-Settings/02 - Users (Invite new user as co worker)" status="PASSED">
         <system-out><![CDATA[2022-11-18 13:20:20 - [TEST_CASE][PASSED] - Test Cases/09-Settings/02 - Users (Invite new user as co worker): Test Cases/09-Settings/02 - Users (Invite new user as co worker)

2022-11-18 13:20:21 - [TEST_STEP][PASSED] - delay(3): Delayed 3 second(s)

2022-11-18 13:20:24 - [MESSAGE][PASSED] - Delayed 3 second(s)

2022-11-18 13:20:24 - [TEST_STEP][PASSED] - setText(findTestObject("09-Settings/Users/input_email"), "autotester04@mailinator.com"): Text 'autotester04@mailinator.com' is set on object 'Object Repository/09-Settings/Users/input_email'

2022-11-18 13:20:25 - [MESSAGE][PASSED] - Text 'autotester04@mailinator.com' is set on object 'Object Repository/09-Settings/Users/input_email'

2022-11-18 13:20:25 - [TEST_STEP][PASSED] - setText(findTestObject("09-Settings/Users/input_firstName"), "GG"): Text 'GG' is set on object 'Object Repository/09-Settings/Users/input_firstName'

2022-11-18 13:20:25 - [MESSAGE][PASSED] - Text 'GG' is set on object 'Object Repository/09-Settings/Users/input_firstName'

2022-11-18 13:20:25 - [TEST_STEP][PASSED] - setText(findTestObject("09-Settings/Users/input_lastName"), "Auto Contact 2"): Text 'Auto Contact 2' is set on object 'Object Repository/09-Settings/Users/input_lastName'

2022-11-18 13:20:26 - [MESSAGE][PASSED] - Text 'Auto Contact 2' is set on object 'Object Repository/09-Settings/Users/input_lastName'

2022-11-18 13:20:26 - [TEST_STEP][PASSED] - click(findTestObject("09-Settings/Users/span_Role")): Object: 'Object Repository/09-Settings/Users/span_Role' is clicked on

2022-11-18 13:20:27 - [MESSAGE][PASSED] - Object: 'Object Repository/09-Settings/Users/span_Role' is clicked on

2022-11-18 13:20:27 - [TEST_STEP][PASSED] - click(findTestObject("09-Settings/Users/span_CoWorker")): Object: 'Object Repository/09-Settings/Users/span_CoWorker' is clicked on

2022-11-18 13:20:27 - [MESSAGE][PASSED] - Object: 'Object Repository/09-Settings/Users/span_CoWorker' is clicked on

2022-11-18 13:20:27 - [TEST_STEP][PASSED] - click(findTestObject("09-Settings/Users/button_Send Invitation")): Object: 'Object Repository/09-Settings/Users/button_Send Invitation' is clicked on

2022-11-18 13:20:28 - [MESSAGE][PASSED] - Object: 'Object Repository/09-Settings/Users/button_Send Invitation' is clicked on

2022-11-18 13:20:28 - [TEST_STEP][PASSED] - delay(2): Delayed 2 second(s)

2022-11-18 13:20:30 - [MESSAGE][PASSED] - Delayed 2 second(s)

2022-11-18 13:20:30 - [TEST_STEP][PASSED] - verifyElementVisible(findTestObject("07-Directory/Connections/zContact Profile/Successfully invited user")): Object 'Object Repository/07-Directory/Connections/zContact Profile/Successfully invited user' is visible

2022-11-18 13:20:32 - [MESSAGE][PASSED] - Object 'Object Repository/07-Directory/Connections/zContact Profile/Successfully invited user' is visible

2022-11-18 13:20:32 - [TEST_STEP][PASSED] - delay(2): Delayed 2 second(s)

2022-11-18 13:20:34 - [MESSAGE][PASSED] - Delayed 2 second(s)

2022-11-18 13:20:34 - [TEST_STEP][PASSED] - executeJavaScript("window.open();", []): Execute JavaScript 'window.open();' successfully

2022-11-18 13:20:34 - [MESSAGE][PASSED] - Execute JavaScript 'window.open();' successfully

2022-11-18 13:20:34 - [TEST_STEP][PASSED] - currentWindow = getWindowIndex(): Current window's index is: 0

2022-11-18 13:20:34 - [MESSAGE][PASSED] - Current window's index is: 0

2022-11-18 13:20:34 - [TEST_STEP][PASSED] - delay(3): Delayed 3 second(s)

2022-11-18 13:20:37 - [MESSAGE][PASSED] - Delayed 3 second(s)

2022-11-18 13:20:37 - [TEST_STEP][PASSED] - switchToWindowIndex(currentWindow + 1): Switched to window with index: '1'

2022-11-18 13:20:37 - [MESSAGE][PASSED] - Switched to window with index: '1'

2022-11-18 13:20:37 - [TEST_STEP][PASSED] - navigateToUrl("https://www.mailinator.com/"): Navigate to 'https://www.mailinator.com/' successfully

2022-11-18 13:20:38 - [MESSAGE][PASSED] - Navigate to 'https://www.mailinator.com/' successfully

2022-11-18 13:20:38 - [TEST_STEP][PASSED] - delay(3): Delayed 3 second(s)

2022-11-18 13:20:41 - [MESSAGE][PASSED] - Delayed 3 second(s)

2022-11-18 13:20:41 - [TEST_STEP][PASSED] - setText(findTestObject("00-Signup and Activation/zMailinator/input_LOGIN_search"), "autotester04@mailinator.com"): Text 'autotester04@mailinator.com' is set on object 'Object Repository/00-Signup and Activation/zMailinator/input_LOGIN_search'

2022-11-18 13:20:42 - [MESSAGE][PASSED] - Text 'autotester04@mailinator.com' is set on object 'Object Repository/00-Signup and Activation/zMailinator/input_LOGIN_search'

2022-11-18 13:20:42 - [TEST_STEP][PASSED] - click(findTestObject("00-Signup and Activation/zMailinator/gobutton"), STOP_ON_FAILURE): Object: 'Object Repository/00-Signup and Activation/zMailinator/gobutton' is clicked on

2022-11-18 13:20:43 - [MESSAGE][PASSED] - Object: 'Object Repository/00-Signup and Activation/zMailinator/gobutton' is clicked on

2022-11-18 13:20:43 - [TEST_STEP][PASSED] - delay(3): Delayed 3 second(s)

2022-11-18 13:20:46 - [MESSAGE][PASSED] - Delayed 3 second(s)

2022-11-18 13:20:46 - [TEST_STEP][PASSED] - closeWindowTitle("Everleagues"): Window with title: 'Everleagues' is closed

2022-11-18 13:20:46 - [MESSAGE][PASSED] - Window with title: 'Everleagues' is closed

2022-11-18 13:20:46 - [TEST_STEP][PASSED] - switchToWindowIndex(0): Switched to window with index: '0'

2022-11-18 13:20:46 - [MESSAGE][PASSED] - Switched to window with index: '0'

2022-11-18 13:20:46 - [TEST_STEP][PASSED] - click(findTestObject("09-Settings/Users/Co worker/td_Invitation from GG Automation")): Object: 'Object Repository/09-Settings/Users/Co worker/td_Invitation from GG Automation' is clicked on

2022-11-18 13:20:47 - [MESSAGE][PASSED] - Object: 'Object Repository/09-Settings/Users/Co worker/td_Invitation from GG Automation' is clicked on

2022-11-18 13:20:47 - [TEST_STEP][PASSED] - click(findTestObject("09-Settings/Users/Co worker/a_Click here to join GG Automation on EverLeagues")): Object: 'Object Repository/09-Settings/Users/Co worker/a_Click here to join GG Automation on EverLeagues' is clicked on

2022-11-18 13:20:48 - [MESSAGE][PASSED] - Object: 'Object Repository/09-Settings/Users/Co worker/a_Click here to join GG Automation on EverLeagues' is clicked on

2022-11-18 13:20:48 - [TEST_STEP][PASSED] - closeWindowTitle("Mailinator"): Window with title: 'Mailinator' is closed

2022-11-18 13:20:48 - [MESSAGE][PASSED] - Window with title: 'Mailinator' is closed

2022-11-18 13:20:48 - [TEST_STEP][PASSED] - switchToWindowIndex(0): Switched to window with index: '0'

2022-11-18 13:20:48 - [MESSAGE][PASSED] - Switched to window with index: '0'

2022-11-18 13:20:48 - [TEST_STEP][PASSED] - verifyElementVisible(findTestObject("09-Settings/Users/Co worker/Logout before proceed modal")): Object 'Object Repository/09-Settings/Users/Co worker/Logout before proceed modal' is visible

2022-11-18 13:20:54 - [MESSAGE][PASSED] - Object 'Object Repository/09-Settings/Users/Co worker/Logout before proceed modal' is visible

2022-11-18 13:20:54 - [TEST_STEP][PASSED] - click(findTestObject("09-Settings/Users/Co worker/button_Yes")): Object: 'Object Repository/09-Settings/Users/Co worker/button_Yes' is clicked on

2022-11-18 13:20:54 - [MESSAGE][PASSED] - Object: 'Object Repository/09-Settings/Users/Co worker/button_Yes' is clicked on

2022-11-18 13:20:54 - [TEST_STEP][PASSED] - delay(3): Delayed 3 second(s)

2022-11-18 13:20:57 - [MESSAGE][PASSED] - Delayed 3 second(s)

2022-11-18 13:20:57 - [TEST_STEP][PASSED] - setText(findTestObject("09-Settings/Users/Co worker/input_Email_email"), "autotester04@mailinator.com"): Text 'autotester04@mailinator.com' is set on object 'Object Repository/09-Settings/Users/Co worker/input_Email_email'

2022-11-18 13:21:57 - [MESSAGE][PASSED] - Text 'autotester04@mailinator.com' is set on object 'Object Repository/09-Settings/Users/Co worker/input_Email_email'

2022-11-18 13:21:57 - [TEST_STEP][PASSED] - setEncryptedText(findTestObject("09-Settings/Users/Co worker/input__password"), "8yFRyszE6U6jvsCn51OQbg=="): Text ****** has been set on object 'Object Repository/09-Settings/Users/Co worker/input__password'

2022-11-18 13:22:28 - [MESSAGE][PASSED] - Text ****** has been set on object 'Object Repository/09-Settings/Users/Co worker/input__password'

2022-11-18 13:22:28 - [TEST_STEP][PASSED] - click(findTestObject("02-Side Icons(Organization)/Add Contact/button_Sign in")): Object: 'Object Repository/02-Side Icons(Organization)/Add Contact/button_Sign in' is clicked on

2022-11-18 13:22:58 - [MESSAGE][PASSED] - Object: 'Object Repository/02-Side Icons(Organization)/Add Contact/button_Sign in' is clicked on

2022-11-18 13:22:58 - [TEST_STEP][PASSED] - delay(2): Delayed 2 second(s)

2022-11-18 13:23:00 - [MESSAGE][PASSED] - Delayed 2 second(s)

2022-11-18 13:23:00 - [TEST_STEP][PASSED] - click(findTestObject("06-Teams/For 2FA/button_Confirm_2FA")): Object: 'Object Repository/06-Teams/For 2FA/button_Confirm_2FA' is clicked on

2022-11-18 13:23:30 - [MESSAGE][PASSED] - Object: 'Object Repository/06-Teams/For 2FA/button_Confirm_2FA' is clicked on

2022-11-18 13:23:30 - [TEST_STEP][PASSED] - executeJavaScript("window.open();", []): Execute JavaScript 'window.open();' successfully

2022-11-18 13:23:30 - [MESSAGE][PASSED] - Execute JavaScript 'window.open();' successfully

2022-11-18 13:23:30 - [TEST_STEP][PASSED] - currentWindow = getWindowIndex(): Current window's index is: 0

2022-11-18 13:23:30 - [MESSAGE][PASSED] - Current window's index is: 0

2022-11-18 13:23:30 - [TEST_STEP][PASSED] - delay(3): Delayed 3 second(s)

2022-11-18 13:23:33 - [MESSAGE][PASSED] - Delayed 3 second(s)

2022-11-18 13:23:33 - [TEST_STEP][PASSED] - switchToWindowIndex(currentWindow + 1): Switched to window with index: '1'

2022-11-18 13:23:33 - [MESSAGE][PASSED] - Switched to window with index: '1'

2022-11-18 13:23:33 - [TEST_STEP][PASSED] - navigateToUrl("https://www.mailinator.com/"): Navigate to 'https://www.mailinator.com/' successfully

2022-11-18 13:23:34 - [MESSAGE][PASSED] - Navigate to 'https://www.mailinator.com/' successfully

2022-11-18 13:23:34 - [TEST_STEP][PASSED] - delay(3): Delayed 3 second(s)

2022-11-18 13:23:37 - [MESSAGE][PASSED] - Delayed 3 second(s)

2022-11-18 13:23:37 - [TEST_STEP][PASSED] - setText(findTestObject("00-Signup and Activation/zMailinator/input_LOGIN_search"), "autotester04@mailinator.com"): Text 'autotester04@mailinator.com' is set on object 'Object Repository/00-Signup and Activation/zMailinator/input_LOGIN_search'

2022-11-18 13:23:38 - [MESSAGE][PASSED] - Text 'autotester04@mailinator.com' is set on object 'Object Repository/00-Signup and Activation/zMailinator/input_LOGIN_search'

2022-11-18 13:23:38 - [TEST_STEP][PASSED] - click(findTestObject("00-Signup and Activation/zMailinator/gobutton"), STOP_ON_FAILURE): Object: 'Object Repository/00-Signup and Activation/zMailinator/gobutton' is clicked on

2022-11-18 13:23:39 - [MESSAGE][PASSED] - Object: 'Object Repository/00-Signup and Activation/zMailinator/gobutton' is clicked on

2022-11-18 13:23:39 - [TEST_STEP][PASSED] - delay(3): Delayed 3 second(s)

2022-11-18 13:23:42 - [MESSAGE][PASSED] - Delayed 3 second(s)

2022-11-18 13:23:42 - [TEST_STEP][PASSED] - click(findTestObject("00-Signup and Activation/zMailinator/Email - everleagues")): Object: 'Object Repository/00-Signup and Activation/zMailinator/Email - everleagues' is clicked on

2022-11-18 13:23:47 - [MESSAGE][PASSED] - Object: 'Object Repository/00-Signup and Activation/zMailinator/Email - everleagues' is clicked on

2022-11-18 13:23:47 - [TEST_STEP][PASSED] - delay(3): Delayed 3 second(s)

2022-11-18 13:23:50 - [MESSAGE][PASSED] - Delayed 3 second(s)

2022-11-18 13:23:50 - [TEST_STEP][PASSED] - codetwo = getText(findTestObject("Object Repository/06-Teams/For 2FA/2FA code")): Text of object 'Object Repository/06-Teams/For 2FA/2FA code' is: '552113'

2022-11-18 13:23:51 - [MESSAGE][PASSED] - Text of object 'Object Repository/06-Teams/For 2FA/2FA code' is: '552113'

2022-11-18 13:23:51 - [TEST_STEP][PASSED] - delay(3): Delayed 3 second(s)

2022-11-18 13:23:54 - [MESSAGE][PASSED] - Delayed 3 second(s)

2022-11-18 13:23:54 - [TEST_STEP][PASSED] - closeWindowTitle("Mailinator"): Window with title: 'Mailinator' is closed

2022-11-18 13:23:54 - [MESSAGE][PASSED] - Window with title: 'Mailinator' is closed

2022-11-18 13:23:54 - [TEST_STEP][PASSED] - delay(3): Delayed 3 second(s)

2022-11-18 13:23:57 - [MESSAGE][PASSED] - Delayed 3 second(s)

2022-11-18 13:23:57 - [TEST_STEP][PASSED] - switchToWindowIndex(0): Switched to window with index: '0'

2022-11-18 13:23:57 - [MESSAGE][PASSED] - Switched to window with index: '0'

2022-11-18 13:23:57 - [TEST_STEP][PASSED] - delay(3): Delayed 3 second(s)

2022-11-18 13:24:00 - [MESSAGE][PASSED] - Delayed 3 second(s)

2022-11-18 13:24:00 - [TEST_STEP][PASSED] - setText(findTestObject("Object Repository/06-Teams/For 2FA/input_Enter verification code_code"), codetwo): Text '552113' is set on object 'Object Repository/06-Teams/For 2FA/input_Enter verification code_code'

2022-11-18 13:25:00 - [MESSAGE][PASSED] - Text '552113' is set on object 'Object Repository/06-Teams/For 2FA/input_Enter verification code_code'

2022-11-18 13:25:00 - [TEST_STEP][PASSED] - delay(3): Delayed 3 second(s)

2022-11-18 13:25:03 - [MESSAGE][PASSED] - Delayed 3 second(s)

2022-11-18 13:25:03 - [TEST_STEP][PASSED] - click(findTestObject("06-Teams/For 2FA/button_Verify_2FA")): Object: 'Object Repository/06-Teams/For 2FA/button_Verify_2FA' is clicked on

2022-11-18 13:25:33 - [MESSAGE][PASSED] - Object: 'Object Repository/06-Teams/For 2FA/button_Verify_2FA' is clicked on

2022-11-18 13:25:33 - [TEST_STEP][PASSED] - delay(5): Delayed 5 second(s)

2022-11-18 13:25:38 - [MESSAGE][PASSED] - Delayed 5 second(s)

2022-11-18 13:25:38 - [TEST_STEP][PASSED] - executeJavaScript("window.open();", []): Execute JavaScript 'window.open();' successfully

2022-11-18 13:25:39 - [MESSAGE][PASSED] - Execute JavaScript 'window.open();' successfully

2022-11-18 13:25:39 - [TEST_STEP][PASSED] - currentWindow = getWindowIndex(): Current window's index is: 0

2022-11-18 13:25:39 - [MESSAGE][PASSED] - Current window's index is: 0

2022-11-18 13:25:39 - [TEST_STEP][PASSED] - delay(3): Delayed 3 second(s)

2022-11-18 13:25:42 - [MESSAGE][PASSED] - Delayed 3 second(s)

2022-11-18 13:25:42 - [TEST_STEP][PASSED] - switchToWindowIndex(currentWindow + 1): Switched to window with index: '1'

2022-11-18 13:25:42 - [MESSAGE][PASSED] - Switched to window with index: '1'

2022-11-18 13:25:42 - [TEST_STEP][PASSED] - navigateToUrl("https://www.mailinator.com/"): Navigate to 'https://www.mailinator.com/' successfully

2022-11-18 13:25:43 - [MESSAGE][PASSED] - Navigate to 'https://www.mailinator.com/' successfully

2022-11-18 13:25:43 - [TEST_STEP][PASSED] - delay(3): Delayed 3 second(s)

2022-11-18 13:25:46 - [MESSAGE][PASSED] - Delayed 3 second(s)

2022-11-18 13:25:46 - [TEST_STEP][PASSED] - setText(findTestObject("00-Signup and Activation/zMailinator/input_LOGIN_search"), "autotester04@mailinator.com"): Text 'autotester04@mailinator.com' is set on object 'Object Repository/00-Signup and Activation/zMailinator/input_LOGIN_search'

2022-11-18 13:25:47 - [MESSAGE][PASSED] - Text 'autotester04@mailinator.com' is set on object 'Object Repository/00-Signup and Activation/zMailinator/input_LOGIN_search'

2022-11-18 13:25:47 - [TEST_STEP][PASSED] - click(findTestObject("00-Signup and Activation/zMailinator/gobutton"), STOP_ON_FAILURE): Object: 'Object Repository/00-Signup and Activation/zMailinator/gobutton' is clicked on

2022-11-18 13:25:47 - [MESSAGE][PASSED] - Object: 'Object Repository/00-Signup and Activation/zMailinator/gobutton' is clicked on

2022-11-18 13:25:47 - [TEST_STEP][PASSED] - delay(3): Delayed 3 second(s)

2022-11-18 13:25:50 - [MESSAGE][PASSED] - Delayed 3 second(s)

2022-11-18 13:25:50 - [TEST_STEP][PASSED] - closeWindowTitle("Everleagues"): Window with title: 'Everleagues' is closed

2022-11-18 13:25:51 - [MESSAGE][PASSED] - Window with title: 'Everleagues' is closed

2022-11-18 13:25:51 - [TEST_STEP][PASSED] - switchToWindowIndex(0): Switched to window with index: '0'

2022-11-18 13:25:51 - [MESSAGE][PASSED] - Switched to window with index: '0'

2022-11-18 13:25:51 - [TEST_STEP][PASSED] - click(findTestObject("09-Settings/Users/Co worker/td_Invitation from GG Automation")): Object: 'Object Repository/09-Settings/Users/Co worker/td_Invitation from GG Automation' is clicked on

2022-11-18 13:25:51 - [MESSAGE][PASSED] - Object: 'Object Repository/09-Settings/Users/Co worker/td_Invitation from GG Automation' is clicked on

2022-11-18 13:25:51 - [TEST_STEP][PASSED] - click(findTestObject("09-Settings/Users/Co worker/a_Click here to join GG Automation on EverLeagues")): Object: 'Object Repository/09-Settings/Users/Co worker/a_Click here to join GG Automation on EverLeagues' is clicked on

2022-11-18 13:25:52 - [MESSAGE][PASSED] - Object: 'Object Repository/09-Settings/Users/Co worker/a_Click here to join GG Automation on EverLeagues' is clicked on

2022-11-18 13:25:52 - [TEST_STEP][PASSED] - delay(3): Delayed 3 second(s)

2022-11-18 13:25:55 - [MESSAGE][PASSED] - Delayed 3 second(s)

2022-11-18 13:25:55 - [TEST_STEP][PASSED] - closeWindowTitle("Mailinator"): Window with title: 'Mailinator' is closed

2022-11-18 13:25:55 - [MESSAGE][PASSED] - Window with title: 'Mailinator' is closed

2022-11-18 13:25:55 - [TEST_STEP][PASSED] - switchToWindowIndex(0): Switched to window with index: '0'

2022-11-18 13:25:55 - [MESSAGE][PASSED] - Switched to window with index: '0'

2022-11-18 13:25:55 - [TEST_STEP][PASSED] - verifyElementVisible(findTestObject("09-Settings/Users/Co worker/Invite modal")): Object 'Object Repository/09-Settings/Users/Co worker/Invite modal' is visible

2022-11-18 13:25:59 - [MESSAGE][PASSED] - Object 'Object Repository/09-Settings/Users/Co worker/Invite modal' is visible

2022-11-18 13:25:59 - [TEST_STEP][PASSED] - click(findTestObject("09-Settings/Users/Co worker/button_Accept")): Object: 'Object Repository/09-Settings/Users/Co worker/button_Accept' is clicked on

2022-11-18 13:26:00 - [MESSAGE][PASSED] - Object: 'Object Repository/09-Settings/Users/Co worker/button_Accept' is clicked on

2022-11-18 13:26:00 - [TEST_STEP][PASSED] - delay(10): Delayed 10 second(s)

2022-11-18 13:26:10 - [MESSAGE][PASSED] - Delayed 10 second(s)

2022-11-18 13:26:10 - [TEST_STEP][PASSED] - verifyElementVisible(findTestObject("09-Settings/Users/Co worker/div_Joined as CoWorker")): Object 'Object Repository/09-Settings/Users/Co worker/div_Joined as CoWorker' is visible

2022-11-18 13:26:10 - [MESSAGE][PASSED] - Object 'Object Repository/09-Settings/Users/Co worker/div_Joined as CoWorker' is visible

2022-11-18 13:26:10 - [TEST_STEP][PASSED] - closeBrowser(): Browser is closed

2022-11-18 13:26:11 - [MESSAGE][PASSED] - Browser is closed]]></system-out>
         <system-err><![CDATA[]]></system-err>
      </testcase>
      <testcase name="Test Cases/09-Settings/03 - Users (Invite new user as client)" time="213.224" classname="Test Cases/09-Settings/03 - Users (Invite new user as client)" status="PASSED">
         <system-out><![CDATA[2022-11-18 13:26:11 - [TEST_CASE][PASSED] - Test Cases/09-Settings/03 - Users (Invite new user as client): Test Cases/09-Settings/03 - Users (Invite new user as client)

2022-11-18 13:26:11 - [TEST_STEP][PASSED] - openBrowser(""): Browser is opened with url: ''

2022-11-18 13:26:11 - [MESSAGE][INFO] - Starting 'Chrome' driver

2022-11-18 13:26:11 - [MESSAGE][INFO] - Action delay is set to 0 milliseconds

2022-11-18 13:26:12 - [MESSAGE][PASSED] - Browser is opened with url: ''

2022-11-18 13:26:12 - [TEST_STEP][PASSED] - navigateToUrl("https://lab.everleagues.com/"): Navigate to 'https://lab.everleagues.com/' successfully

2022-11-18 13:26:41 - [MESSAGE][PASSED] - Navigate to 'https://lab.everleagues.com/' successfully

2022-11-18 13:26:41 - [TEST_STEP][PASSED] - maximizeWindow(): Current window maximized

2022-11-18 13:26:41 - [MESSAGE][PASSED] - Current window maximized

2022-11-18 13:26:41 - [TEST_STEP][PASSED] - setText(findTestObject("02-Side Icons(Organization)/Add Contact/Email Field"), "testuser02@mailinator.com"): Text 'testuser02@mailinator.com' is set on object 'Object Repository/02-Side Icons(Organization)/Add Contact/Email Field'

2022-11-18 13:26:42 - [MESSAGE][PASSED] - Text 'testuser02@mailinator.com' is set on object 'Object Repository/02-Side Icons(Organization)/Add Contact/Email Field'

2022-11-18 13:26:42 - [TEST_STEP][PASSED] - setEncryptedText(findTestObject("02-Side Icons(Organization)/Add Contact/Password Field"), "8yFRyszE6U6jvsCn51OQbg=="): Text ****** has been set on object 'Object Repository/02-Side Icons(Organization)/Add Contact/Password Field'

2022-11-18 13:26:43 - [MESSAGE][PASSED] - Text ****** has been set on object 'Object Repository/02-Side Icons(Organization)/Add Contact/Password Field'

2022-11-18 13:26:43 - [TEST_STEP][PASSED] - click(findTestObject("02-Side Icons(Organization)/Add Contact/button_Sign in")): Object: 'Object Repository/02-Side Icons(Organization)/Add Contact/button_Sign in' is clicked on

2022-11-18 13:26:44 - [MESSAGE][PASSED] - Object: 'Object Repository/02-Side Icons(Organization)/Add Contact/button_Sign in' is clicked on

2022-11-18 13:26:44 - [TEST_STEP][PASSED] - delay(2): Delayed 2 second(s)

2022-11-18 13:26:46 - [MESSAGE][PASSED] - Delayed 2 second(s)

2022-11-18 13:26:46 - [TEST_STEP][PASSED] - click(findTestObject("06-Teams/For 2FA/button_Confirm_2FA")): Object: 'Object Repository/06-Teams/For 2FA/button_Confirm_2FA' is clicked on

2022-11-18 13:26:46 - [MESSAGE][PASSED] - Object: 'Object Repository/06-Teams/For 2FA/button_Confirm_2FA' is clicked on

2022-11-18 13:26:46 - [TEST_STEP][PASSED] - executeJavaScript("window.open();", []): Execute JavaScript 'window.open();' successfully

2022-11-18 13:26:47 - [MESSAGE][PASSED] - Execute JavaScript 'window.open();' successfully

2022-11-18 13:26:47 - [TEST_STEP][PASSED] - currentWindow = getWindowIndex(): Current window's index is: 0

2022-11-18 13:26:47 - [MESSAGE][PASSED] - Current window's index is: 0

2022-11-18 13:26:47 - [TEST_STEP][PASSED] - delay(3): Delayed 3 second(s)

2022-11-18 13:26:50 - [MESSAGE][PASSED] - Delayed 3 second(s)

2022-11-18 13:26:50 - [TEST_STEP][PASSED] - switchToWindowIndex(currentWindow + 1): Switched to window with index: '1'

2022-11-18 13:26:50 - [MESSAGE][PASSED] - Switched to window with index: '1'

2022-11-18 13:26:50 - [TEST_STEP][PASSED] - navigateToUrl("https://www.mailinator.com/"): Navigate to 'https://www.mailinator.com/' successfully

2022-11-18 13:26:52 - [MESSAGE][PASSED] - Navigate to 'https://www.mailinator.com/' successfully

2022-11-18 13:26:52 - [TEST_STEP][PASSED] - delay(3): Delayed 3 second(s)

2022-11-18 13:26:55 - [MESSAGE][PASSED] - Delayed 3 second(s)

2022-11-18 13:26:55 - [TEST_STEP][PASSED] - setText(findTestObject("00-Signup and Activation/zMailinator/input_LOGIN_search"), "testuser02@mailinator.com"): Text 'testuser02@mailinator.com' is set on object 'Object Repository/00-Signup and Activation/zMailinator/input_LOGIN_search'

2022-11-18 13:26:55 - [MESSAGE][PASSED] - Text 'testuser02@mailinator.com' is set on object 'Object Repository/00-Signup and Activation/zMailinator/input_LOGIN_search'

2022-11-18 13:26:55 - [TEST_STEP][PASSED] - click(findTestObject("00-Signup and Activation/zMailinator/gobutton"), STOP_ON_FAILURE): Object: 'Object Repository/00-Signup and Activation/zMailinator/gobutton' is clicked on

2022-11-18 13:26:57 - [MESSAGE][PASSED] - Object: 'Object Repository/00-Signup and Activation/zMailinator/gobutton' is clicked on

2022-11-18 13:26:57 - [TEST_STEP][PASSED] - delay(3): Delayed 3 second(s)

2022-11-18 13:27:00 - [MESSAGE][PASSED] - Delayed 3 second(s)

2022-11-18 13:27:00 - [TEST_STEP][PASSED] - click(findTestObject("00-Signup and Activation/zMailinator/Email - everleagues")): Object: 'Object Repository/00-Signup and Activation/zMailinator/Email - everleagues' is clicked on

2022-11-18 13:27:01 - [MESSAGE][PASSED] - Object: 'Object Repository/00-Signup and Activation/zMailinator/Email - everleagues' is clicked on

2022-11-18 13:27:01 - [TEST_STEP][PASSED] - delay(3): Delayed 3 second(s)

2022-11-18 13:27:04 - [MESSAGE][PASSED] - Delayed 3 second(s)

2022-11-18 13:27:04 - [TEST_STEP][PASSED] - code = getText(findTestObject("Object Repository/06-Teams/For 2FA/2FA code")): Text of object 'Object Repository/06-Teams/For 2FA/2FA code' is: '270864'

2022-11-18 13:27:04 - [MESSAGE][PASSED] - Text of object 'Object Repository/06-Teams/For 2FA/2FA code' is: '270864'

2022-11-18 13:27:04 - [TEST_STEP][PASSED] - delay(3): Delayed 3 second(s)

2022-11-18 13:27:07 - [MESSAGE][PASSED] - Delayed 3 second(s)

2022-11-18 13:27:07 - [TEST_STEP][PASSED] - closeWindowTitle("Mailinator"): Window with title: 'Mailinator' is closed

2022-11-18 13:27:07 - [MESSAGE][PASSED] - Window with title: 'Mailinator' is closed

2022-11-18 13:27:07 - [TEST_STEP][PASSED] - delay(3): Delayed 3 second(s)

2022-11-18 13:27:10 - [MESSAGE][PASSED] - Delayed 3 second(s)

2022-11-18 13:27:10 - [TEST_STEP][PASSED] - switchToWindowIndex(0): Switched to window with index: '0'

2022-11-18 13:27:10 - [MESSAGE][PASSED] - Switched to window with index: '0'

2022-11-18 13:27:10 - [TEST_STEP][PASSED] - delay(3): Delayed 3 second(s)

2022-11-18 13:27:13 - [MESSAGE][PASSED] - Delayed 3 second(s)

2022-11-18 13:27:13 - [TEST_STEP][PASSED] - setText(findTestObject("Object Repository/06-Teams/For 2FA/input_Enter verification code_code"), code): Text '270864' is set on object 'Object Repository/06-Teams/For 2FA/input_Enter verification code_code'

2022-11-18 13:27:14 - [MESSAGE][PASSED] - Text '270864' is set on object 'Object Repository/06-Teams/For 2FA/input_Enter verification code_code'

2022-11-18 13:27:14 - [TEST_STEP][PASSED] - delay(3): Delayed 3 second(s)

2022-11-18 13:27:17 - [MESSAGE][PASSED] - Delayed 3 second(s)

2022-11-18 13:27:17 - [TEST_STEP][PASSED] - click(findTestObject("06-Teams/For 2FA/button_Verify_2FA")): Object: 'Object Repository/06-Teams/For 2FA/button_Verify_2FA' is clicked on

2022-11-18 13:27:18 - [MESSAGE][PASSED] - Object: 'Object Repository/06-Teams/For 2FA/button_Verify_2FA' is clicked on

2022-11-18 13:27:18 - [TEST_STEP][PASSED] - delay(5): Delayed 5 second(s)

2022-11-18 13:27:23 - [MESSAGE][PASSED] - Delayed 5 second(s)

2022-11-18 13:27:23 - [TEST_STEP][PASSED] - click(findTestObject("06-Teams/button_doublearrow")): Object: 'Object Repository/06-Teams/button_doublearrow' is clicked on

2022-11-18 13:27:24 - [MESSAGE][PASSED] - Object: 'Object Repository/06-Teams/button_doublearrow' is clicked on

2022-11-18 13:27:24 - [TEST_STEP][PASSED] - click(findTestObject("06-Teams/button_My Organizations")): Object: 'Object Repository/06-Teams/button_My Organizations' is clicked on

2022-11-18 13:27:24 - [MESSAGE][PASSED] - Object: 'Object Repository/06-Teams/button_My Organizations' is clicked on

2022-11-18 13:27:24 - [TEST_STEP][PASSED] - click(findTestObject("06-Teams/button_GG Automation")): Object: 'Object Repository/06-Teams/button_GG Automation' is clicked on

2022-11-18 13:27:25 - [MESSAGE][PASSED] - Object: 'Object Repository/06-Teams/button_GG Automation' is clicked on

2022-11-18 13:27:25 - [TEST_STEP][PASSED] - delay(4): Delayed 4 second(s)

2022-11-18 13:27:29 - [MESSAGE][PASSED] - Delayed 4 second(s)

2022-11-18 13:27:29 - [TEST_STEP][PASSED] - verifyElementVisible(findTestObject("06-Teams/span_GG Automation")): Object 'Object Repository/06-Teams/span_GG Automation' is visible

2022-11-18 13:27:29 - [MESSAGE][PASSED] - Object 'Object Repository/06-Teams/span_GG Automation' is visible

2022-11-18 13:27:29 - [TEST_STEP][PASSED] - delay(10): Delayed 10 second(s)

2022-11-18 13:27:39 - [MESSAGE][PASSED] - Delayed 10 second(s)

2022-11-18 13:27:39 - [TEST_STEP][PASSED] - click(findTestObject("03-Header Menu/Hamburger Button/div_Settings")): Object: 'Object Repository/03-Header Menu/Hamburger Button/div_Settings' is clicked on

2022-11-18 13:27:40 - [MESSAGE][PASSED] - Object: 'Object Repository/03-Header Menu/Hamburger Button/div_Settings' is clicked on

2022-11-18 13:27:40 - [TEST_STEP][PASSED] - delay(3): Delayed 3 second(s)

2022-11-18 13:27:43 - [MESSAGE][PASSED] - Delayed 3 second(s)

2022-11-18 13:27:43 - [TEST_STEP][PASSED] - click(findTestObject("09-Settings/Users/div_Users")): Object: 'Object Repository/09-Settings/Users/div_Users' is clicked on

2022-11-18 13:27:44 - [MESSAGE][PASSED] - Object: 'Object Repository/09-Settings/Users/div_Users' is clicked on

2022-11-18 13:27:44 - [TEST_STEP][PASSED] - delay(3): Delayed 3 second(s)

2022-11-18 13:27:47 - [MESSAGE][PASSED] - Delayed 3 second(s)

2022-11-18 13:27:47 - [TEST_STEP][PASSED] - click(findTestObject("09-Settings/Users/button_add")): Object: 'Object Repository/09-Settings/Users/button_add' is clicked on

2022-11-18 13:27:47 - [MESSAGE][PASSED] - Object: 'Object Repository/09-Settings/Users/button_add' is clicked on

2022-11-18 13:27:47 - [TEST_STEP][PASSED] - delay(3): Delayed 3 second(s)

2022-11-18 13:27:50 - [MESSAGE][PASSED] - Delayed 3 second(s)

2022-11-18 13:27:50 - [TEST_STEP][PASSED] - click(findTestObject("09-Settings/Users/add Invite a single user")): Object: 'Object Repository/09-Settings/Users/add Invite a single user' is clicked on

2022-11-18 13:27:51 - [MESSAGE][PASSED] - Object: 'Object Repository/09-Settings/Users/add Invite a single user' is clicked on

2022-11-18 13:27:51 - [TEST_STEP][PASSED] - delay(3): Delayed 3 second(s)

2022-11-18 13:27:54 - [MESSAGE][PASSED] - Delayed 3 second(s)

2022-11-18 13:27:54 - [TEST_STEP][PASSED] - setText(findTestObject("09-Settings/Users/input_email"), "autotester09@mailinator.com"): Text 'autotester09@mailinator.com' is set on object 'Object Repository/09-Settings/Users/input_email'

2022-11-18 13:27:55 - [MESSAGE][PASSED] - Text 'autotester09@mailinator.com' is set on object 'Object Repository/09-Settings/Users/input_email'

2022-11-18 13:27:55 - [TEST_STEP][PASSED] - setText(findTestObject("09-Settings/Users/input_firstName"), "GG"): Text 'GG' is set on object 'Object Repository/09-Settings/Users/input_firstName'

2022-11-18 13:27:55 - [MESSAGE][PASSED] - Text 'GG' is set on object 'Object Repository/09-Settings/Users/input_firstName'

2022-11-18 13:27:55 - [TEST_STEP][PASSED] - setText(findTestObject("09-Settings/Users/input_lastName"), "Client"): Text 'Client' is set on object 'Object Repository/09-Settings/Users/input_lastName'

2022-11-18 13:27:56 - [MESSAGE][PASSED] - Text 'Client' is set on object 'Object Repository/09-Settings/Users/input_lastName'

2022-11-18 13:27:56 - [TEST_STEP][PASSED] - click(findTestObject("09-Settings/Users/span_Role")): Object: 'Object Repository/09-Settings/Users/span_Role' is clicked on

2022-11-18 13:27:57 - [MESSAGE][PASSED] - Object: 'Object Repository/09-Settings/Users/span_Role' is clicked on

2022-11-18 13:27:57 - [TEST_STEP][PASSED] - click(findTestObject("09-Settings/Users/span_Client")): Object: 'Object Repository/09-Settings/Users/span_Client' is clicked on

2022-11-18 13:27:57 - [MESSAGE][PASSED] - Object: 'Object Repository/09-Settings/Users/span_Client' is clicked on

2022-11-18 13:27:57 - [TEST_STEP][PASSED] - click(findTestObject("09-Settings/Users/button_Send Invitation")): Object: 'Object Repository/09-Settings/Users/button_Send Invitation' is clicked on

2022-11-18 13:27:58 - [MESSAGE][PASSED] - Object: 'Object Repository/09-Settings/Users/button_Send Invitation' is clicked on

2022-11-18 13:27:58 - [TEST_STEP][PASSED] - delay(2): Delayed 2 second(s)

2022-11-18 13:28:00 - [MESSAGE][PASSED] - Delayed 2 second(s)

2022-11-18 13:28:00 - [TEST_STEP][PASSED] - verifyElementVisible(findTestObject("07-Directory/Connections/zContact Profile/Successfully invited user")): Object 'Object Repository/07-Directory/Connections/zContact Profile/Successfully invited user' is visible

2022-11-18 13:28:05 - [MESSAGE][PASSED] - Object 'Object Repository/07-Directory/Connections/zContact Profile/Successfully invited user' is visible

2022-11-18 13:28:05 - [TEST_STEP][PASSED] - delay(2): Delayed 2 second(s)

2022-11-18 13:28:07 - [MESSAGE][PASSED] - Delayed 2 second(s)

2022-11-18 13:28:07 - [TEST_STEP][PASSED] - click(findTestObject("01-Login and Forgot Password/User menu drop")): Object: 'Object Repository/01-Login and Forgot Password/User menu drop' is clicked on

2022-11-18 13:28:08 - [MESSAGE][PASSED] - Object: 'Object Repository/01-Login and Forgot Password/User menu drop' is clicked on

2022-11-18 13:28:08 - [TEST_STEP][PASSED] - delay(2): Delayed 2 second(s)

2022-11-18 13:28:10 - [MESSAGE][PASSED] - Delayed 2 second(s)

2022-11-18 13:28:10 - [TEST_STEP][PASSED] - click(findTestObject("01-Login and Forgot Password/h4_Sign Out"), STOP_ON_FAILURE): Object: 'Object Repository/01-Login and Forgot Password/h4_Sign Out' is clicked on

2022-11-18 13:28:10 - [MESSAGE][PASSED] - Object: 'Object Repository/01-Login and Forgot Password/h4_Sign Out' is clicked on

2022-11-18 13:28:10 - [TEST_STEP][PASSED] - delay(2): Delayed 2 second(s)

2022-11-18 13:28:12 - [MESSAGE][PASSED] - Delayed 2 second(s)

2022-11-18 13:28:12 - [TEST_STEP][PASSED] - verifyElementPresent(findTestObject("01-Login and Forgot Password/Login_Card"), 0): Object 'Object Repository/01-Login and Forgot Password/Login_Card' is present

2022-11-18 13:28:12 - [MESSAGE][WARNING] - Timeout '0' is invalid. Using default page load timeout: '30'

2022-11-18 13:28:12 - [MESSAGE][PASSED] - Object 'Object Repository/01-Login and Forgot Password/Login_Card' is present

2022-11-18 13:28:12 - [TEST_STEP][PASSED] - delay(3): Delayed 3 second(s)

2022-11-18 13:28:15 - [MESSAGE][PASSED] - Delayed 3 second(s)

2022-11-18 13:28:15 - [TEST_STEP][PASSED] - closeBrowser(): Browser is closed

2022-11-18 13:28:16 - [MESSAGE][PASSED] - Browser is closed

2022-11-18 13:28:16 - [TEST_STEP][PASSED] - openBrowser(""): Browser is opened with url: ''

2022-11-18 13:28:16 - [MESSAGE][INFO] - Starting 'Chrome' driver

2022-11-18 13:28:16 - [MESSAGE][INFO] - Action delay is set to 0 milliseconds

2022-11-18 13:28:17 - [MESSAGE][PASSED] - Browser is opened with url: ''

2022-11-18 13:28:17 - [TEST_STEP][PASSED] - navigateToUrl("https://lab.everleagues.com/"): Navigate to 'https://lab.everleagues.com/' successfully

2022-11-18 13:28:28 - [MESSAGE][PASSED] - Navigate to 'https://lab.everleagues.com/' successfully

2022-11-18 13:28:28 - [TEST_STEP][PASSED] - maximizeWindow(): Current window maximized

2022-11-18 13:28:28 - [MESSAGE][PASSED] - Current window maximized

2022-11-18 13:28:28 - [TEST_STEP][PASSED] - setText(findTestObject("02-Side Icons(Organization)/Add Contact/Email Field"), "autotester09@mailinator.com"): Text 'autotester09@mailinator.com' is set on object 'Object Repository/02-Side Icons(Organization)/Add Contact/Email Field'

2022-11-18 13:28:29 - [MESSAGE][PASSED] - Text 'autotester09@mailinator.com' is set on object 'Object Repository/02-Side Icons(Organization)/Add Contact/Email Field'

2022-11-18 13:28:29 - [TEST_STEP][PASSED] - setEncryptedText(findTestObject("02-Side Icons(Organization)/Add Contact/Password Field"), "8yFRyszE6U6jvsCn51OQbg=="): Text ****** has been set on object 'Object Repository/02-Side Icons(Organization)/Add Contact/Password Field'

2022-11-18 13:28:29 - [MESSAGE][PASSED] - Text ****** has been set on object 'Object Repository/02-Side Icons(Organization)/Add Contact/Password Field'

2022-11-18 13:28:29 - [TEST_STEP][PASSED] - click(findTestObject("02-Side Icons(Organization)/Add Contact/button_Sign in")): Object: 'Object Repository/02-Side Icons(Organization)/Add Contact/button_Sign in' is clicked on

2022-11-18 13:28:30 - [MESSAGE][PASSED] - Object: 'Object Repository/02-Side Icons(Organization)/Add Contact/button_Sign in' is clicked on

2022-11-18 13:28:30 - [TEST_STEP][PASSED] - delay(2): Delayed 2 second(s)

2022-11-18 13:28:32 - [MESSAGE][PASSED] - Delayed 2 second(s)

2022-11-18 13:28:32 - [TEST_STEP][PASSED] - click(findTestObject("06-Teams/For 2FA/button_Confirm_2FA")): Object: 'Object Repository/06-Teams/For 2FA/button_Confirm_2FA' is clicked on

2022-11-18 13:28:32 - [MESSAGE][PASSED] - Object: 'Object Repository/06-Teams/For 2FA/button_Confirm_2FA' is clicked on

2022-11-18 13:28:32 - [TEST_STEP][PASSED] - executeJavaScript("window.open();", []): Execute JavaScript 'window.open();' successfully

2022-11-18 13:28:32 - [MESSAGE][PASSED] - Execute JavaScript 'window.open();' successfully

2022-11-18 13:28:32 - [TEST_STEP][PASSED] - currentWindow = getWindowIndex(): Current window's index is: 0

2022-11-18 13:28:32 - [MESSAGE][PASSED] - Current window's index is: 0

2022-11-18 13:28:32 - [TEST_STEP][PASSED] - delay(3): Delayed 3 second(s)

2022-11-18 13:28:35 - [MESSAGE][PASSED] - Delayed 3 second(s)

2022-11-18 13:28:35 - [TEST_STEP][PASSED] - switchToWindowIndex(currentWindow + 1): Switched to window with index: '1'

2022-11-18 13:28:35 - [MESSAGE][PASSED] - Switched to window with index: '1'

2022-11-18 13:28:35 - [TEST_STEP][PASSED] - navigateToUrl("https://www.mailinator.com/"): Navigate to 'https://www.mailinator.com/' successfully

2022-11-18 13:28:38 - [MESSAGE][PASSED] - Navigate to 'https://www.mailinator.com/' successfully

2022-11-18 13:28:38 - [TEST_STEP][PASSED] - delay(3): Delayed 3 second(s)

2022-11-18 13:28:41 - [MESSAGE][PASSED] - Delayed 3 second(s)

2022-11-18 13:28:41 - [TEST_STEP][PASSED] - setText(findTestObject("00-Signup and Activation/zMailinator/input_LOGIN_search"), "autotester09@mailinator.com"): Text 'autotester09@mailinator.com' is set on object 'Object Repository/00-Signup and Activation/zMailinator/input_LOGIN_search'

2022-11-18 13:28:42 - [MESSAGE][PASSED] - Text 'autotester09@mailinator.com' is set on object 'Object Repository/00-Signup and Activation/zMailinator/input_LOGIN_search'

2022-11-18 13:28:42 - [TEST_STEP][PASSED] - click(findTestObject("00-Signup and Activation/zMailinator/gobutton"), STOP_ON_FAILURE): Object: 'Object Repository/00-Signup and Activation/zMailinator/gobutton' is clicked on

2022-11-18 13:28:43 - [MESSAGE][PASSED] - Object: 'Object Repository/00-Signup and Activation/zMailinator/gobutton' is clicked on

2022-11-18 13:28:43 - [TEST_STEP][PASSED] - delay(3): Delayed 3 second(s)

2022-11-18 13:28:46 - [MESSAGE][PASSED] - Delayed 3 second(s)

2022-11-18 13:28:46 - [TEST_STEP][PASSED] - click(findTestObject("00-Signup and Activation/zMailinator/Email - everleagues")): Object: 'Object Repository/00-Signup and Activation/zMailinator/Email - everleagues' is clicked on

2022-11-18 13:28:47 - [MESSAGE][PASSED] - Object: 'Object Repository/00-Signup and Activation/zMailinator/Email - everleagues' is clicked on

2022-11-18 13:28:47 - [TEST_STEP][PASSED] - delay(3): Delayed 3 second(s)

2022-11-18 13:28:50 - [MESSAGE][PASSED] - Delayed 3 second(s)

2022-11-18 13:28:50 - [TEST_STEP][PASSED] - codetwo = getText(findTestObject("Object Repository/06-Teams/For 2FA/2FA code")): Text of object 'Object Repository/06-Teams/For 2FA/2FA code' is: '661081'

2022-11-18 13:28:50 - [MESSAGE][PASSED] - Text of object 'Object Repository/06-Teams/For 2FA/2FA code' is: '661081'

2022-11-18 13:28:50 - [TEST_STEP][PASSED] - delay(3): Delayed 3 second(s)

2022-11-18 13:28:53 - [MESSAGE][PASSED] - Delayed 3 second(s)

2022-11-18 13:28:53 - [TEST_STEP][PASSED] - closeWindowTitle("Mailinator"): Window with title: 'Mailinator' is closed

2022-11-18 13:28:54 - [MESSAGE][PASSED] - Window with title: 'Mailinator' is closed

2022-11-18 13:28:54 - [TEST_STEP][PASSED] - delay(3): Delayed 3 second(s)

2022-11-18 13:28:57 - [MESSAGE][PASSED] - Delayed 3 second(s)

2022-11-18 13:28:57 - [TEST_STEP][PASSED] - switchToWindowIndex(0): Switched to window with index: '0'

2022-11-18 13:28:57 - [MESSAGE][PASSED] - Switched to window with index: '0'

2022-11-18 13:28:57 - [TEST_STEP][PASSED] - delay(3): Delayed 3 second(s)

2022-11-18 13:29:00 - [MESSAGE][PASSED] - Delayed 3 second(s)

2022-11-18 13:29:00 - [TEST_STEP][PASSED] - setText(findTestObject("Object Repository/06-Teams/For 2FA/input_Enter verification code_code"), codetwo): Text '661081' is set on object 'Object Repository/06-Teams/For 2FA/input_Enter verification code_code'

2022-11-18 13:29:01 - [MESSAGE][PASSED] - Text '661081' is set on object 'Object Repository/06-Teams/For 2FA/input_Enter verification code_code'

2022-11-18 13:29:01 - [TEST_STEP][PASSED] - delay(3): Delayed 3 second(s)

2022-11-18 13:29:04 - [MESSAGE][PASSED] - Delayed 3 second(s)

2022-11-18 13:29:04 - [TEST_STEP][PASSED] - click(findTestObject("06-Teams/For 2FA/button_Verify_2FA")): Object: 'Object Repository/06-Teams/For 2FA/button_Verify_2FA' is clicked on

2022-11-18 13:29:04 - [MESSAGE][PASSED] - Object: 'Object Repository/06-Teams/For 2FA/button_Verify_2FA' is clicked on

2022-11-18 13:29:04 - [TEST_STEP][PASSED] - delay(5): Delayed 5 second(s)

2022-11-18 13:29:09 - [MESSAGE][PASSED] - Delayed 5 second(s)

2022-11-18 13:29:09 - [TEST_STEP][PASSED] - executeJavaScript("window.open();", []): Execute JavaScript 'window.open();' successfully

2022-11-18 13:29:09 - [MESSAGE][PASSED] - Execute JavaScript 'window.open();' successfully

2022-11-18 13:29:09 - [TEST_STEP][PASSED] - currentWindow = getWindowIndex(): Current window's index is: 0

2022-11-18 13:29:09 - [MESSAGE][PASSED] - Current window's index is: 0

2022-11-18 13:29:09 - [TEST_STEP][PASSED] - delay(3): Delayed 3 second(s)

2022-11-18 13:29:12 - [MESSAGE][PASSED] - Delayed 3 second(s)

2022-11-18 13:29:12 - [TEST_STEP][PASSED] - switchToWindowIndex(currentWindow + 1): Switched to window with index: '1'

2022-11-18 13:29:12 - [MESSAGE][PASSED] - Switched to window with index: '1'

2022-11-18 13:29:12 - [TEST_STEP][PASSED] - navigateToUrl("https://www.mailinator.com/"): Navigate to 'https://www.mailinator.com/' successfully

2022-11-18 13:29:13 - [MESSAGE][PASSED] - Navigate to 'https://www.mailinator.com/' successfully

2022-11-18 13:29:13 - [TEST_STEP][PASSED] - delay(3): Delayed 3 second(s)

2022-11-18 13:29:16 - [MESSAGE][PASSED] - Delayed 3 second(s)

2022-11-18 13:29:16 - [TEST_STEP][PASSED] - setText(findTestObject("00-Signup and Activation/zMailinator/input_LOGIN_search"), "autotester09@mailinator.com"): Text 'autotester09@mailinator.com' is set on object 'Object Repository/00-Signup and Activation/zMailinator/input_LOGIN_search'

2022-11-18 13:29:17 - [MESSAGE][PASSED] - Text 'autotester09@mailinator.com' is set on object 'Object Repository/00-Signup and Activation/zMailinator/input_LOGIN_search'

2022-11-18 13:29:17 - [TEST_STEP][PASSED] - click(findTestObject("00-Signup and Activation/zMailinator/gobutton"), STOP_ON_FAILURE): Object: 'Object Repository/00-Signup and Activation/zMailinator/gobutton' is clicked on

2022-11-18 13:29:18 - [MESSAGE][PASSED] - Object: 'Object Repository/00-Signup and Activation/zMailinator/gobutton' is clicked on

2022-11-18 13:29:18 - [TEST_STEP][PASSED] - delay(3): Delayed 3 second(s)

2022-11-18 13:29:21 - [MESSAGE][PASSED] - Delayed 3 second(s)

2022-11-18 13:29:21 - [TEST_STEP][PASSED] - closeWindowTitle("Everleagues"): Window with title: 'Everleagues' is closed

2022-11-18 13:29:21 - [MESSAGE][PASSED] - Window with title: 'Everleagues' is closed

2022-11-18 13:29:21 - [TEST_STEP][PASSED] - switchToWindowIndex(0): Switched to window with index: '0'

2022-11-18 13:29:21 - [MESSAGE][PASSED] - Switched to window with index: '0'

2022-11-18 13:29:21 - [TEST_STEP][PASSED] - click(findTestObject("09-Settings/Users/Co worker/td_Invitation from GG Automation")): Object: 'Object Repository/09-Settings/Users/Co worker/td_Invitation from GG Automation' is clicked on

2022-11-18 13:29:22 - [MESSAGE][PASSED] - Object: 'Object Repository/09-Settings/Users/Co worker/td_Invitation from GG Automation' is clicked on

2022-11-18 13:29:22 - [TEST_STEP][PASSED] - click(findTestObject("09-Settings/Users/Co worker/a_Click here to join GG Automation on EverLeagues")): Object: 'Object Repository/09-Settings/Users/Co worker/a_Click here to join GG Automation on EverLeagues' is clicked on

2022-11-18 13:29:23 - [MESSAGE][PASSED] - Object: 'Object Repository/09-Settings/Users/Co worker/a_Click here to join GG Automation on EverLeagues' is clicked on

2022-11-18 13:29:23 - [TEST_STEP][PASSED] - closeWindowTitle("Mailinator"): Window with title: 'Mailinator' is closed

2022-11-18 13:29:23 - [MESSAGE][PASSED] - Window with title: 'Mailinator' is closed

2022-11-18 13:29:23 - [TEST_STEP][PASSED] - switchToWindowIndex(0): Switched to window with index: '0'

2022-11-18 13:29:23 - [MESSAGE][PASSED] - Switched to window with index: '0'

2022-11-18 13:29:23 - [TEST_STEP][PASSED] - verifyElementVisible(findTestObject("09-Settings/Users/Client/Invite modal")): Object 'Object Repository/09-Settings/Users/Client/Invite modal' is visible

2022-11-18 13:29:29 - [MESSAGE][PASSED] - Object 'Object Repository/09-Settings/Users/Client/Invite modal' is visible

2022-11-18 13:29:29 - [TEST_STEP][PASSED] - setText(findTestObject("09-Settings/Users/Client/Company field"), "QA Company"): Text 'QA Company' is set on object 'Object Repository/09-Settings/Users/Client/Company field'

2022-11-18 13:29:30 - [MESSAGE][PASSED] - Text 'QA Company' is set on object 'Object Repository/09-Settings/Users/Client/Company field'

2022-11-18 13:29:30 - [TEST_STEP][PASSED] - click(findTestObject("09-Settings/Users/Client/button_Accept")): Object: 'Object Repository/09-Settings/Users/Client/button_Accept' is clicked on

2022-11-18 13:29:30 - [MESSAGE][PASSED] - Object: 'Object Repository/09-Settings/Users/Client/button_Accept' is clicked on

2022-11-18 13:29:30 - [TEST_STEP][PASSED] - delay(10): Delayed 10 second(s)

2022-11-18 13:29:40 - [MESSAGE][PASSED] - Delayed 10 second(s)

2022-11-18 13:29:40 - [TEST_STEP][PASSED] - verifyElementVisible(findTestObject("09-Settings/Users/Client/div_Joined as CLIENT")): Object 'Object Repository/09-Settings/Users/Client/div_Joined as CLIENT' is visible

2022-11-18 13:29:40 - [MESSAGE][PASSED] - Object 'Object Repository/09-Settings/Users/Client/div_Joined as CLIENT' is visible

2022-11-18 13:29:40 - [TEST_STEP][PASSED] - delay(3): Delayed 3 second(s)

2022-11-18 13:29:43 - [MESSAGE][PASSED] - Delayed 3 second(s)

2022-11-18 13:29:43 - [TEST_STEP][PASSED] - closeBrowser(): Browser is closed

2022-11-18 13:29:44 - [MESSAGE][PASSED] - Browser is closed]]></system-out>
         <system-err><![CDATA[]]></system-err>
      </testcase>
      <testcase name="Test Cases/09-Settings/04 - Users (Invite new user as partner)" time="268.393" classname="Test Cases/09-Settings/04 - Users (Invite new user as partner)" status="PASSED">
         <system-out><![CDATA[2022-11-18 13:29:44 - [TEST_CASE][PASSED] - Test Cases/09-Settings/04 - Users (Invite new user as partner): Test Cases/09-Settings/04 - Users (Invite new user as partner)

2022-11-18 13:29:44 - [TEST_STEP][PASSED] - openBrowser(""): Browser is opened with url: ''

2022-11-18 13:29:44 - [MESSAGE][INFO] - Starting 'Chrome' driver

2022-11-18 13:29:44 - [MESSAGE][INFO] - Action delay is set to 0 milliseconds

2022-11-18 13:29:45 - [MESSAGE][PASSED] - Browser is opened with url: ''

2022-11-18 13:29:45 - [TEST_STEP][PASSED] - navigateToUrl("https://lab.everleagues.com/"): Navigate to 'https://lab.everleagues.com/' successfully

2022-11-18 13:30:27 - [MESSAGE][PASSED] - Navigate to 'https://lab.everleagues.com/' successfully

2022-11-18 13:30:27 - [TEST_STEP][PASSED] - maximizeWindow(): Current window maximized

2022-11-18 13:30:27 - [MESSAGE][PASSED] - Current window maximized

2022-11-18 13:30:27 - [TEST_STEP][PASSED] - setText(findTestObject("02-Side Icons(Organization)/Add Contact/Email Field"), "testuser02@mailinator.com"): Text 'testuser02@mailinator.com' is set on object 'Object Repository/02-Side Icons(Organization)/Add Contact/Email Field'

2022-11-18 13:30:57 - [MESSAGE][PASSED] - Text 'testuser02@mailinator.com' is set on object 'Object Repository/02-Side Icons(Organization)/Add Contact/Email Field'

2022-11-18 13:30:57 - [TEST_STEP][PASSED] - setEncryptedText(findTestObject("02-Side Icons(Organization)/Add Contact/Password Field"), "8yFRyszE6U6jvsCn51OQbg=="): Text ****** has been set on object 'Object Repository/02-Side Icons(Organization)/Add Contact/Password Field'

2022-11-18 13:30:58 - [MESSAGE][PASSED] - Text ****** has been set on object 'Object Repository/02-Side Icons(Organization)/Add Contact/Password Field'

2022-11-18 13:30:58 - [TEST_STEP][PASSED] - click(findTestObject("02-Side Icons(Organization)/Add Contact/button_Sign in")): Object: 'Object Repository/02-Side Icons(Organization)/Add Contact/button_Sign in' is clicked on

2022-11-18 13:30:59 - [MESSAGE][PASSED] - Object: 'Object Repository/02-Side Icons(Organization)/Add Contact/button_Sign in' is clicked on

2022-11-18 13:30:59 - [TEST_STEP][PASSED] - delay(2): Delayed 2 second(s)

2022-11-18 13:31:01 - [MESSAGE][PASSED] - Delayed 2 second(s)

2022-11-18 13:31:01 - [TEST_STEP][PASSED] - click(findTestObject("06-Teams/For 2FA/button_Confirm_2FA")): Object: 'Object Repository/06-Teams/For 2FA/button_Confirm_2FA' is clicked on

2022-11-18 13:31:01 - [MESSAGE][PASSED] - Object: 'Object Repository/06-Teams/For 2FA/button_Confirm_2FA' is clicked on

2022-11-18 13:31:01 - [TEST_STEP][PASSED] - executeJavaScript("window.open();", []): Execute JavaScript 'window.open();' successfully

2022-11-18 13:31:01 - [MESSAGE][PASSED] - Execute JavaScript 'window.open();' successfully

2022-11-18 13:31:01 - [TEST_STEP][PASSED] - currentWindow = getWindowIndex(): Current window's index is: 0

2022-11-18 13:31:01 - [MESSAGE][PASSED] - Current window's index is: 0

2022-11-18 13:31:01 - [TEST_STEP][PASSED] - delay(3): Delayed 3 second(s)

2022-11-18 13:31:04 - [MESSAGE][PASSED] - Delayed 3 second(s)

2022-11-18 13:31:04 - [TEST_STEP][PASSED] - switchToWindowIndex(currentWindow + 1): Switched to window with index: '1'

2022-11-18 13:31:04 - [MESSAGE][PASSED] - Switched to window with index: '1'

2022-11-18 13:31:04 - [TEST_STEP][PASSED] - navigateToUrl("https://www.mailinator.com/"): Navigate to 'https://www.mailinator.com/' successfully

2022-11-18 13:31:07 - [MESSAGE][PASSED] - Navigate to 'https://www.mailinator.com/' successfully

2022-11-18 13:31:07 - [TEST_STEP][PASSED] - delay(3): Delayed 3 second(s)

2022-11-18 13:31:10 - [MESSAGE][PASSED] - Delayed 3 second(s)

2022-11-18 13:31:10 - [TEST_STEP][PASSED] - setText(findTestObject("00-Signup and Activation/zMailinator/input_LOGIN_search"), "testuser02@mailinator.com"): Text 'testuser02@mailinator.com' is set on object 'Object Repository/00-Signup and Activation/zMailinator/input_LOGIN_search'

2022-11-18 13:31:11 - [MESSAGE][PASSED] - Text 'testuser02@mailinator.com' is set on object 'Object Repository/00-Signup and Activation/zMailinator/input_LOGIN_search'

2022-11-18 13:31:11 - [TEST_STEP][PASSED] - click(findTestObject("00-Signup and Activation/zMailinator/gobutton"), STOP_ON_FAILURE): Object: 'Object Repository/00-Signup and Activation/zMailinator/gobutton' is clicked on

2022-11-18 13:31:12 - [MESSAGE][PASSED] - Object: 'Object Repository/00-Signup and Activation/zMailinator/gobutton' is clicked on

2022-11-18 13:31:12 - [TEST_STEP][PASSED] - delay(3): Delayed 3 second(s)

2022-11-18 13:31:15 - [MESSAGE][PASSED] - Delayed 3 second(s)

2022-11-18 13:31:15 - [TEST_STEP][PASSED] - click(findTestObject("00-Signup and Activation/zMailinator/Email - everleagues")): Object: 'Object Repository/00-Signup and Activation/zMailinator/Email - everleagues' is clicked on

2022-11-18 13:31:16 - [MESSAGE][PASSED] - Object: 'Object Repository/00-Signup and Activation/zMailinator/Email - everleagues' is clicked on

2022-11-18 13:31:16 - [TEST_STEP][PASSED] - delay(3): Delayed 3 second(s)

2022-11-18 13:31:19 - [MESSAGE][PASSED] - Delayed 3 second(s)

2022-11-18 13:31:19 - [TEST_STEP][PASSED] - code = getText(findTestObject("Object Repository/06-Teams/For 2FA/2FA code")): Text of object 'Object Repository/06-Teams/For 2FA/2FA code' is: '867664'

2022-11-18 13:31:20 - [MESSAGE][PASSED] - Text of object 'Object Repository/06-Teams/For 2FA/2FA code' is: '867664'

2022-11-18 13:31:20 - [TEST_STEP][PASSED] - delay(3): Delayed 3 second(s)

2022-11-18 13:31:23 - [MESSAGE][PASSED] - Delayed 3 second(s)

2022-11-18 13:31:23 - [TEST_STEP][PASSED] - closeWindowTitle("Mailinator"): Window with title: 'Mailinator' is closed

2022-11-18 13:31:23 - [MESSAGE][PASSED] - Window with title: 'Mailinator' is closed

2022-11-18 13:31:23 - [TEST_STEP][PASSED] - delay(3): Delayed 3 second(s)

2022-11-18 13:31:26 - [MESSAGE][PASSED] - Delayed 3 second(s)

2022-11-18 13:31:26 - [TEST_STEP][PASSED] - switchToWindowIndex(0): Switched to window with index: '0'

2022-11-18 13:31:26 - [MESSAGE][PASSED] - Switched to window with index: '0'

2022-11-18 13:31:26 - [TEST_STEP][PASSED] - delay(3): Delayed 3 second(s)

2022-11-18 13:31:29 - [MESSAGE][PASSED] - Delayed 3 second(s)

2022-11-18 13:31:29 - [TEST_STEP][PASSED] - setText(findTestObject("Object Repository/06-Teams/For 2FA/input_Enter verification code_code"), code): Text '867664' is set on object 'Object Repository/06-Teams/For 2FA/input_Enter verification code_code'

2022-11-18 13:31:30 - [MESSAGE][PASSED] - Text '867664' is set on object 'Object Repository/06-Teams/For 2FA/input_Enter verification code_code'

2022-11-18 13:31:30 - [TEST_STEP][PASSED] - delay(3): Delayed 3 second(s)

2022-11-18 13:31:33 - [MESSAGE][PASSED] - Delayed 3 second(s)

2022-11-18 13:31:33 - [TEST_STEP][PASSED] - click(findTestObject("06-Teams/For 2FA/button_Verify_2FA")): Object: 'Object Repository/06-Teams/For 2FA/button_Verify_2FA' is clicked on

2022-11-18 13:31:33 - [MESSAGE][PASSED] - Object: 'Object Repository/06-Teams/For 2FA/button_Verify_2FA' is clicked on

2022-11-18 13:31:33 - [TEST_STEP][PASSED] - delay(5): Delayed 5 second(s)

2022-11-18 13:31:38 - [MESSAGE][PASSED] - Delayed 5 second(s)

2022-11-18 13:31:38 - [TEST_STEP][PASSED] - click(findTestObject("06-Teams/button_doublearrow")): Object: 'Object Repository/06-Teams/button_doublearrow' is clicked on

2022-11-18 13:31:39 - [MESSAGE][PASSED] - Object: 'Object Repository/06-Teams/button_doublearrow' is clicked on

2022-11-18 13:31:39 - [TEST_STEP][PASSED] - click(findTestObject("06-Teams/button_My Organizations")): Object: 'Object Repository/06-Teams/button_My Organizations' is clicked on

2022-11-18 13:31:39 - [MESSAGE][PASSED] - Object: 'Object Repository/06-Teams/button_My Organizations' is clicked on

2022-11-18 13:31:39 - [TEST_STEP][PASSED] - click(findTestObject("06-Teams/button_GG Automation")): Object: 'Object Repository/06-Teams/button_GG Automation' is clicked on

2022-11-18 13:31:40 - [MESSAGE][PASSED] - Object: 'Object Repository/06-Teams/button_GG Automation' is clicked on

2022-11-18 13:31:40 - [TEST_STEP][PASSED] - delay(4): Delayed 4 second(s)

2022-11-18 13:31:44 - [MESSAGE][PASSED] - Delayed 4 second(s)

2022-11-18 13:31:44 - [TEST_STEP][PASSED] - verifyElementVisible(findTestObject("06-Teams/span_GG Automation")): Object 'Object Repository/06-Teams/span_GG Automation' is visible

2022-11-18 13:31:45 - [MESSAGE][PASSED] - Object 'Object Repository/06-Teams/span_GG Automation' is visible

2022-11-18 13:31:45 - [TEST_STEP][PASSED] - delay(10): Delayed 10 second(s)

2022-11-18 13:31:55 - [MESSAGE][PASSED] - Delayed 10 second(s)

2022-11-18 13:31:55 - [TEST_STEP][PASSED] - click(findTestObject("03-Header Menu/Hamburger Button/div_Settings")): Object: 'Object Repository/03-Header Menu/Hamburger Button/div_Settings' is clicked on

2022-11-18 13:31:55 - [MESSAGE][PASSED] - Object: 'Object Repository/03-Header Menu/Hamburger Button/div_Settings' is clicked on

2022-11-18 13:31:55 - [TEST_STEP][PASSED] - delay(3): Delayed 3 second(s)

2022-11-18 13:31:58 - [MESSAGE][PASSED] - Delayed 3 second(s)

2022-11-18 13:31:58 - [TEST_STEP][PASSED] - click(findTestObject("09-Settings/Users/div_Users")): Object: 'Object Repository/09-Settings/Users/div_Users' is clicked on

2022-11-18 13:31:59 - [MESSAGE][PASSED] - Object: 'Object Repository/09-Settings/Users/div_Users' is clicked on

2022-11-18 13:31:59 - [TEST_STEP][PASSED] - delay(3): Delayed 3 second(s)

2022-11-18 13:32:02 - [MESSAGE][PASSED] - Delayed 3 second(s)

2022-11-18 13:32:02 - [TEST_STEP][PASSED] - click(findTestObject("09-Settings/Users/button_add")): Object: 'Object Repository/09-Settings/Users/button_add' is clicked on

2022-11-18 13:32:03 - [MESSAGE][PASSED] - Object: 'Object Repository/09-Settings/Users/button_add' is clicked on

2022-11-18 13:32:03 - [TEST_STEP][PASSED] - delay(3): Delayed 3 second(s)

2022-11-18 13:32:06 - [MESSAGE][PASSED] - Delayed 3 second(s)

2022-11-18 13:32:06 - [TEST_STEP][PASSED] - click(findTestObject("09-Settings/Users/add Invite a single user")): Object: 'Object Repository/09-Settings/Users/add Invite a single user' is clicked on

2022-11-18 13:32:06 - [MESSAGE][PASSED] - Object: 'Object Repository/09-Settings/Users/add Invite a single user' is clicked on

2022-11-18 13:32:06 - [TEST_STEP][PASSED] - delay(3): Delayed 3 second(s)

2022-11-18 13:32:09 - [MESSAGE][PASSED] - Delayed 3 second(s)

2022-11-18 13:32:09 - [TEST_STEP][PASSED] - setText(findTestObject("09-Settings/Users/input_email"), "autotester10@mailinator.com"): Text 'autotester10@mailinator.com' is set on object 'Object Repository/09-Settings/Users/input_email'

2022-11-18 13:32:10 - [MESSAGE][PASSED] - Text 'autotester10@mailinator.com' is set on object 'Object Repository/09-Settings/Users/input_email'

2022-11-18 13:32:10 - [TEST_STEP][PASSED] - setText(findTestObject("09-Settings/Users/input_firstName"), "GG"): Text 'GG' is set on object 'Object Repository/09-Settings/Users/input_firstName'

2022-11-18 13:32:11 - [MESSAGE][PASSED] - Text 'GG' is set on object 'Object Repository/09-Settings/Users/input_firstName'

2022-11-18 13:32:11 - [TEST_STEP][PASSED] - setText(findTestObject("09-Settings/Users/input_lastName"), "Partner"): Text 'Partner' is set on object 'Object Repository/09-Settings/Users/input_lastName'

2022-11-18 13:32:12 - [MESSAGE][PASSED] - Text 'Partner' is set on object 'Object Repository/09-Settings/Users/input_lastName'

2022-11-18 13:32:12 - [TEST_STEP][PASSED] - click(findTestObject("09-Settings/Users/span_Role")): Object: 'Object Repository/09-Settings/Users/span_Role' is clicked on

2022-11-18 13:32:12 - [MESSAGE][PASSED] - Object: 'Object Repository/09-Settings/Users/span_Role' is clicked on

2022-11-18 13:32:12 - [TEST_STEP][PASSED] - click(findTestObject("09-Settings/Users/span_Partner")): Object: 'Object Repository/09-Settings/Users/span_Partner' is clicked on

2022-11-18 13:32:13 - [MESSAGE][PASSED] - Object: 'Object Repository/09-Settings/Users/span_Partner' is clicked on

2022-11-18 13:32:13 - [TEST_STEP][PASSED] - click(findTestObject("09-Settings/Users/button_Send Invitation")): Object: 'Object Repository/09-Settings/Users/button_Send Invitation' is clicked on

2022-11-18 13:32:14 - [MESSAGE][PASSED] - Object: 'Object Repository/09-Settings/Users/button_Send Invitation' is clicked on

2022-11-18 13:32:14 - [TEST_STEP][PASSED] - delay(2): Delayed 2 second(s)

2022-11-18 13:32:16 - [MESSAGE][PASSED] - Delayed 2 second(s)

2022-11-18 13:32:16 - [TEST_STEP][PASSED] - verifyElementVisible(findTestObject("07-Directory/Connections/zContact Profile/Successfully invited user")): Object 'Object Repository/07-Directory/Connections/zContact Profile/Successfully invited user' is visible

2022-11-18 13:32:17 - [MESSAGE][PASSED] - Object 'Object Repository/07-Directory/Connections/zContact Profile/Successfully invited user' is visible

2022-11-18 13:32:17 - [TEST_STEP][PASSED] - delay(2): Delayed 2 second(s)

2022-11-18 13:32:19 - [MESSAGE][PASSED] - Delayed 2 second(s)

2022-11-18 13:32:19 - [TEST_STEP][PASSED] - click(findTestObject("01-Login and Forgot Password/User menu drop")): Object: 'Object Repository/01-Login and Forgot Password/User menu drop' is clicked on

2022-11-18 13:32:20 - [MESSAGE][PASSED] - Object: 'Object Repository/01-Login and Forgot Password/User menu drop' is clicked on

2022-11-18 13:32:20 - [TEST_STEP][PASSED] - delay(2): Delayed 2 second(s)

2022-11-18 13:32:22 - [MESSAGE][PASSED] - Delayed 2 second(s)

2022-11-18 13:32:22 - [TEST_STEP][PASSED] - click(findTestObject("01-Login and Forgot Password/h4_Sign Out"), STOP_ON_FAILURE): Object: 'Object Repository/01-Login and Forgot Password/h4_Sign Out' is clicked on

2022-11-18 13:32:22 - [MESSAGE][PASSED] - Object: 'Object Repository/01-Login and Forgot Password/h4_Sign Out' is clicked on

2022-11-18 13:32:22 - [TEST_STEP][PASSED] - delay(2): Delayed 2 second(s)

2022-11-18 13:32:24 - [MESSAGE][PASSED] - Delayed 2 second(s)

2022-11-18 13:32:24 - [TEST_STEP][PASSED] - verifyElementPresent(findTestObject("01-Login and Forgot Password/Login_Card"), 0): Object 'Object Repository/01-Login and Forgot Password/Login_Card' is present

2022-11-18 13:32:24 - [MESSAGE][WARNING] - Timeout '0' is invalid. Using default page load timeout: '30'

2022-11-18 13:32:25 - [MESSAGE][PASSED] - Object 'Object Repository/01-Login and Forgot Password/Login_Card' is present

2022-11-18 13:32:25 - [TEST_STEP][PASSED] - delay(3): Delayed 3 second(s)

2022-11-18 13:32:28 - [MESSAGE][PASSED] - Delayed 3 second(s)

2022-11-18 13:32:28 - [TEST_STEP][PASSED] - closeBrowser(): Browser is closed

2022-11-18 13:32:28 - [MESSAGE][PASSED] - Browser is closed

2022-11-18 13:32:28 - [TEST_STEP][PASSED] - openBrowser(""): Browser is opened with url: ''

2022-11-18 13:32:28 - [MESSAGE][INFO] - Starting 'Chrome' driver

2022-11-18 13:32:28 - [MESSAGE][INFO] - Action delay is set to 0 milliseconds

2022-11-18 13:32:29 - [MESSAGE][PASSED] - Browser is opened with url: ''

2022-11-18 13:32:29 - [TEST_STEP][PASSED] - navigateToUrl("https://lab.everleagues.com/"): Navigate to 'https://lab.everleagues.com/' successfully

2022-11-18 13:32:56 - [MESSAGE][PASSED] - Navigate to 'https://lab.everleagues.com/' successfully

2022-11-18 13:32:56 - [TEST_STEP][PASSED] - maximizeWindow(): Current window maximized

2022-11-18 13:32:56 - [MESSAGE][PASSED] - Current window maximized

2022-11-18 13:32:56 - [TEST_STEP][PASSED] - setText(findTestObject("02-Side Icons(Organization)/Add Contact/Email Field"), "autotester10@mailinator.com"): Text 'autotester10@mailinator.com' is set on object 'Object Repository/02-Side Icons(Organization)/Add Contact/Email Field'

2022-11-18 13:32:57 - [MESSAGE][PASSED] - Text 'autotester10@mailinator.com' is set on object 'Object Repository/02-Side Icons(Organization)/Add Contact/Email Field'

2022-11-18 13:32:57 - [TEST_STEP][PASSED] - setEncryptedText(findTestObject("02-Side Icons(Organization)/Add Contact/Password Field"), "8yFRyszE6U6jvsCn51OQbg=="): Text ****** has been set on object 'Object Repository/02-Side Icons(Organization)/Add Contact/Password Field'

2022-11-18 13:32:58 - [MESSAGE][PASSED] - Text ****** has been set on object 'Object Repository/02-Side Icons(Organization)/Add Contact/Password Field'

2022-11-18 13:32:58 - [TEST_STEP][PASSED] - click(findTestObject("02-Side Icons(Organization)/Add Contact/button_Sign in")): Object: 'Object Repository/02-Side Icons(Organization)/Add Contact/button_Sign in' is clicked on

2022-11-18 13:32:59 - [MESSAGE][PASSED] - Object: 'Object Repository/02-Side Icons(Organization)/Add Contact/button_Sign in' is clicked on

2022-11-18 13:32:59 - [TEST_STEP][PASSED] - delay(2): Delayed 2 second(s)

2022-11-18 13:33:01 - [MESSAGE][PASSED] - Delayed 2 second(s)

2022-11-18 13:33:01 - [TEST_STEP][PASSED] - click(findTestObject("06-Teams/For 2FA/button_Confirm_2FA")): Object: 'Object Repository/06-Teams/For 2FA/button_Confirm_2FA' is clicked on

2022-11-18 13:33:01 - [MESSAGE][PASSED] - Object: 'Object Repository/06-Teams/For 2FA/button_Confirm_2FA' is clicked on

2022-11-18 13:33:01 - [TEST_STEP][PASSED] - executeJavaScript("window.open();", []): Execute JavaScript 'window.open();' successfully

2022-11-18 13:33:01 - [MESSAGE][PASSED] - Execute JavaScript 'window.open();' successfully

2022-11-18 13:33:01 - [TEST_STEP][PASSED] - currentWindow = getWindowIndex(): Current window's index is: 0

2022-11-18 13:33:01 - [MESSAGE][PASSED] - Current window's index is: 0

2022-11-18 13:33:01 - [TEST_STEP][PASSED] - delay(3): Delayed 3 second(s)

2022-11-18 13:33:04 - [MESSAGE][PASSED] - Delayed 3 second(s)

2022-11-18 13:33:04 - [TEST_STEP][PASSED] - switchToWindowIndex(currentWindow + 1): Switched to window with index: '1'

2022-11-18 13:33:04 - [MESSAGE][PASSED] - Switched to window with index: '1'

2022-11-18 13:33:04 - [TEST_STEP][PASSED] - navigateToUrl("https://www.mailinator.com/"): Navigate to 'https://www.mailinator.com/' successfully

2022-11-18 13:33:06 - [MESSAGE][PASSED] - Navigate to 'https://www.mailinator.com/' successfully

2022-11-18 13:33:06 - [TEST_STEP][PASSED] - delay(3): Delayed 3 second(s)

2022-11-18 13:33:09 - [MESSAGE][PASSED] - Delayed 3 second(s)

2022-11-18 13:33:09 - [TEST_STEP][PASSED] - setText(findTestObject("00-Signup and Activation/zMailinator/input_LOGIN_search"), "autotester10@mailinator.com"): Text 'autotester10@mailinator.com' is set on object 'Object Repository/00-Signup and Activation/zMailinator/input_LOGIN_search'

2022-11-18 13:33:10 - [MESSAGE][PASSED] - Text 'autotester10@mailinator.com' is set on object 'Object Repository/00-Signup and Activation/zMailinator/input_LOGIN_search'

2022-11-18 13:33:10 - [TEST_STEP][PASSED] - click(findTestObject("00-Signup and Activation/zMailinator/gobutton"), STOP_ON_FAILURE): Object: 'Object Repository/00-Signup and Activation/zMailinator/gobutton' is clicked on

2022-11-18 13:33:12 - [MESSAGE][PASSED] - Object: 'Object Repository/00-Signup and Activation/zMailinator/gobutton' is clicked on

2022-11-18 13:33:12 - [TEST_STEP][PASSED] - delay(3): Delayed 3 second(s)

2022-11-18 13:33:15 - [MESSAGE][PASSED] - Delayed 3 second(s)

2022-11-18 13:33:15 - [TEST_STEP][PASSED] - click(findTestObject("00-Signup and Activation/zMailinator/Email - everleagues")): Object: 'Object Repository/00-Signup and Activation/zMailinator/Email - everleagues' is clicked on

2022-11-18 13:33:15 - [MESSAGE][PASSED] - Object: 'Object Repository/00-Signup and Activation/zMailinator/Email - everleagues' is clicked on

2022-11-18 13:33:15 - [TEST_STEP][PASSED] - delay(3): Delayed 3 second(s)

2022-11-18 13:33:18 - [MESSAGE][PASSED] - Delayed 3 second(s)

2022-11-18 13:33:18 - [TEST_STEP][PASSED] - codetwo = getText(findTestObject("Object Repository/06-Teams/For 2FA/2FA code")): Text of object 'Object Repository/06-Teams/For 2FA/2FA code' is: '901702'

2022-11-18 13:33:19 - [MESSAGE][PASSED] - Text of object 'Object Repository/06-Teams/For 2FA/2FA code' is: '901702'

2022-11-18 13:33:19 - [TEST_STEP][PASSED] - delay(3): Delayed 3 second(s)

2022-11-18 13:33:22 - [MESSAGE][PASSED] - Delayed 3 second(s)

2022-11-18 13:33:22 - [TEST_STEP][PASSED] - closeWindowTitle("Mailinator"): Window with title: 'Mailinator' is closed

2022-11-18 13:33:22 - [MESSAGE][PASSED] - Window with title: 'Mailinator' is closed

2022-11-18 13:33:22 - [TEST_STEP][PASSED] - delay(3): Delayed 3 second(s)

2022-11-18 13:33:25 - [MESSAGE][PASSED] - Delayed 3 second(s)

2022-11-18 13:33:25 - [TEST_STEP][PASSED] - switchToWindowIndex(0): Switched to window with index: '0'

2022-11-18 13:33:25 - [MESSAGE][PASSED] - Switched to window with index: '0'

2022-11-18 13:33:25 - [TEST_STEP][PASSED] - delay(3): Delayed 3 second(s)

2022-11-18 13:33:28 - [MESSAGE][PASSED] - Delayed 3 second(s)

2022-11-18 13:33:28 - [TEST_STEP][PASSED] - setText(findTestObject("Object Repository/06-Teams/For 2FA/input_Enter verification code_code"), codetwo): Text '901702' is set on object 'Object Repository/06-Teams/For 2FA/input_Enter verification code_code'

2022-11-18 13:33:29 - [MESSAGE][PASSED] - Text '901702' is set on object 'Object Repository/06-Teams/For 2FA/input_Enter verification code_code'

2022-11-18 13:33:29 - [TEST_STEP][PASSED] - delay(3): Delayed 3 second(s)

2022-11-18 13:33:32 - [MESSAGE][PASSED] - Delayed 3 second(s)

2022-11-18 13:33:32 - [TEST_STEP][PASSED] - click(findTestObject("06-Teams/For 2FA/button_Verify_2FA")): Object: 'Object Repository/06-Teams/For 2FA/button_Verify_2FA' is clicked on

2022-11-18 13:33:32 - [MESSAGE][PASSED] - Object: 'Object Repository/06-Teams/For 2FA/button_Verify_2FA' is clicked on

2022-11-18 13:33:32 - [TEST_STEP][PASSED] - delay(5): Delayed 5 second(s)

2022-11-18 13:33:37 - [MESSAGE][PASSED] - Delayed 5 second(s)

2022-11-18 13:33:37 - [TEST_STEP][PASSED] - executeJavaScript("window.open();", []): Execute JavaScript 'window.open();' successfully

2022-11-18 13:33:37 - [MESSAGE][PASSED] - Execute JavaScript 'window.open();' successfully

2022-11-18 13:33:37 - [TEST_STEP][PASSED] - currentWindow = getWindowIndex(): Current window's index is: 0

2022-11-18 13:33:37 - [MESSAGE][PASSED] - Current window's index is: 0

2022-11-18 13:33:37 - [TEST_STEP][PASSED] - delay(3): Delayed 3 second(s)

2022-11-18 13:33:40 - [MESSAGE][PASSED] - Delayed 3 second(s)

2022-11-18 13:33:40 - [TEST_STEP][PASSED] - switchToWindowIndex(currentWindow + 1): Switched to window with index: '1'

2022-11-18 13:33:40 - [MESSAGE][PASSED] - Switched to window with index: '1'

2022-11-18 13:33:40 - [TEST_STEP][PASSED] - navigateToUrl("https://www.mailinator.com/"): Navigate to 'https://www.mailinator.com/' successfully

2022-11-18 13:33:42 - [MESSAGE][PASSED] - Navigate to 'https://www.mailinator.com/' successfully

2022-11-18 13:33:42 - [TEST_STEP][PASSED] - delay(3): Delayed 3 second(s)

2022-11-18 13:33:45 - [MESSAGE][PASSED] - Delayed 3 second(s)

2022-11-18 13:33:45 - [TEST_STEP][PASSED] - setText(findTestObject("00-Signup and Activation/zMailinator/input_LOGIN_search"), "autotester10@mailinator.com"): Text 'autotester10@mailinator.com' is set on object 'Object Repository/00-Signup and Activation/zMailinator/input_LOGIN_search'

2022-11-18 13:33:45 - [MESSAGE][PASSED] - Text 'autotester10@mailinator.com' is set on object 'Object Repository/00-Signup and Activation/zMailinator/input_LOGIN_search'

2022-11-18 13:33:45 - [TEST_STEP][PASSED] - click(findTestObject("00-Signup and Activation/zMailinator/gobutton"), STOP_ON_FAILURE): Object: 'Object Repository/00-Signup and Activation/zMailinator/gobutton' is clicked on

2022-11-18 13:33:46 - [MESSAGE][PASSED] - Object: 'Object Repository/00-Signup and Activation/zMailinator/gobutton' is clicked on

2022-11-18 13:33:46 - [TEST_STEP][PASSED] - delay(3): Delayed 3 second(s)

2022-11-18 13:33:49 - [MESSAGE][PASSED] - Delayed 3 second(s)

2022-11-18 13:33:49 - [TEST_STEP][PASSED] - closeWindowTitle("Everleagues"): Window with title: 'Everleagues' is closed

2022-11-18 13:33:50 - [MESSAGE][PASSED] - Window with title: 'Everleagues' is closed

2022-11-18 13:33:50 - [TEST_STEP][PASSED] - switchToWindowIndex(0): Switched to window with index: '0'

2022-11-18 13:33:50 - [MESSAGE][PASSED] - Switched to window with index: '0'

2022-11-18 13:33:50 - [TEST_STEP][PASSED] - click(findTestObject("09-Settings/Users/Co worker/td_Invitation from GG Automation")): Object: 'Object Repository/09-Settings/Users/Co worker/td_Invitation from GG Automation' is clicked on

2022-11-18 13:33:50 - [MESSAGE][PASSED] - Object: 'Object Repository/09-Settings/Users/Co worker/td_Invitation from GG Automation' is clicked on

2022-11-18 13:33:50 - [TEST_STEP][PASSED] - click(findTestObject("09-Settings/Users/Co worker/a_Click here to join GG Automation on EverLeagues")): Object: 'Object Repository/09-Settings/Users/Co worker/a_Click here to join GG Automation on EverLeagues' is clicked on

2022-11-18 13:33:51 - [MESSAGE][PASSED] - Object: 'Object Repository/09-Settings/Users/Co worker/a_Click here to join GG Automation on EverLeagues' is clicked on

2022-11-18 13:33:51 - [TEST_STEP][PASSED] - closeWindowTitle("Mailinator"): Window with title: 'Mailinator' is closed

2022-11-18 13:33:51 - [MESSAGE][PASSED] - Window with title: 'Mailinator' is closed

2022-11-18 13:33:51 - [TEST_STEP][PASSED] - switchToWindowIndex(0): Switched to window with index: '0'

2022-11-18 13:33:51 - [MESSAGE][PASSED] - Switched to window with index: '0'

2022-11-18 13:33:51 - [TEST_STEP][PASSED] - verifyElementVisible(findTestObject("09-Settings/Users/Client/Invite modal")): Object 'Object Repository/09-Settings/Users/Client/Invite modal' is visible

2022-11-18 13:33:57 - [MESSAGE][PASSED] - Object 'Object Repository/09-Settings/Users/Client/Invite modal' is visible

2022-11-18 13:33:57 - [TEST_STEP][PASSED] - setText(findTestObject("09-Settings/Users/Client/Company field"), "QA Company"): Text 'QA Company' is set on object 'Object Repository/09-Settings/Users/Client/Company field'

2022-11-18 13:33:58 - [MESSAGE][PASSED] - Text 'QA Company' is set on object 'Object Repository/09-Settings/Users/Client/Company field'

2022-11-18 13:33:58 - [TEST_STEP][PASSED] - click(findTestObject("09-Settings/Users/Client/button_Accept")): Object: 'Object Repository/09-Settings/Users/Client/button_Accept' is clicked on

2022-11-18 13:33:58 - [MESSAGE][PASSED] - Object: 'Object Repository/09-Settings/Users/Client/button_Accept' is clicked on

2022-11-18 13:33:58 - [TEST_STEP][PASSED] - delay(10): Delayed 10 second(s)

2022-11-18 13:34:08 - [MESSAGE][PASSED] - Delayed 10 second(s)

2022-11-18 13:34:08 - [TEST_STEP][PASSED] - verifyElementVisible(findTestObject("09-Settings/Users/div_Joined as Partner")): Object 'Object Repository/09-Settings/Users/div_Joined as Partner' is visible

2022-11-18 13:34:09 - [MESSAGE][PASSED] - Object 'Object Repository/09-Settings/Users/div_Joined as Partner' is visible

2022-11-18 13:34:09 - [TEST_STEP][PASSED] - delay(3): Delayed 3 second(s)

2022-11-18 13:34:12 - [MESSAGE][PASSED] - Delayed 3 second(s)

2022-11-18 13:34:12 - [TEST_STEP][PASSED] - closeBrowser(): Browser is closed

2022-11-18 13:34:12 - [MESSAGE][PASSED] - Browser is closed]]></system-out>
         <system-err><![CDATA[]]></system-err>
      </testcase>
      <testcase name="Test Cases/09-Settings/05 - Users (Invite batch of users via CSV file)" time="137.297" classname="Test Cases/09-Settings/05 - Users (Invite batch of users via CSV file)" status="PASSED">
         <system-out><![CDATA[2022-11-18 13:34:12 - [TEST_CASE][PASSED] - Test Cases/09-Settings/05 - Users (Invite batch of users via CSV file): Test Cases/09-Settings/05 - Users (Invite batch of users via CSV file)

2022-11-18 13:34:13 - [TEST_STEP][PASSED] - openBrowser(""): Browser is opened with url: ''

2022-11-18 13:34:13 - [MESSAGE][INFO] - Starting 'Chrome' driver

2022-11-18 13:34:13 - [MESSAGE][INFO] - Action delay is set to 0 milliseconds

2022-11-18 13:34:14 - [MESSAGE][PASSED] - Browser is opened with url: ''

2022-11-18 13:34:14 - [TEST_STEP][PASSED] - navigateToUrl("https://lab.everleagues.com/"): Navigate to 'https://lab.everleagues.com/' successfully

2022-11-18 13:34:45 - [MESSAGE][PASSED] - Navigate to 'https://lab.everleagues.com/' successfully

2022-11-18 13:34:45 - [TEST_STEP][PASSED] - maximizeWindow(): Current window maximized

2022-11-18 13:34:45 - [MESSAGE][PASSED] - Current window maximized

2022-11-18 13:34:45 - [TEST_STEP][PASSED] - setText(findTestObject("02-Side Icons(Organization)/Add Contact/Email Field"), "testuser02@mailinator.com"): Text 'testuser02@mailinator.com' is set on object 'Object Repository/02-Side Icons(Organization)/Add Contact/Email Field'

2022-11-18 13:34:46 - [MESSAGE][PASSED] - Text 'testuser02@mailinator.com' is set on object 'Object Repository/02-Side Icons(Organization)/Add Contact/Email Field'

2022-11-18 13:34:46 - [TEST_STEP][PASSED] - setEncryptedText(findTestObject("02-Side Icons(Organization)/Add Contact/Password Field"), "8yFRyszE6U6jvsCn51OQbg=="): Text ****** has been set on object 'Object Repository/02-Side Icons(Organization)/Add Contact/Password Field'

2022-11-18 13:34:46 - [MESSAGE][PASSED] - Text ****** has been set on object 'Object Repository/02-Side Icons(Organization)/Add Contact/Password Field'

2022-11-18 13:34:46 - [TEST_STEP][PASSED] - click(findTestObject("02-Side Icons(Organization)/Add Contact/button_Sign in")): Object: 'Object Repository/02-Side Icons(Organization)/Add Contact/button_Sign in' is clicked on

2022-11-18 13:34:47 - [MESSAGE][PASSED] - Object: 'Object Repository/02-Side Icons(Organization)/Add Contact/button_Sign in' is clicked on

2022-11-18 13:34:47 - [TEST_STEP][PASSED] - delay(2): Delayed 2 second(s)

2022-11-18 13:34:49 - [MESSAGE][PASSED] - Delayed 2 second(s)

2022-11-18 13:34:49 - [TEST_STEP][PASSED] - click(findTestObject("06-Teams/For 2FA/button_Confirm_2FA")): Object: 'Object Repository/06-Teams/For 2FA/button_Confirm_2FA' is clicked on

2022-11-18 13:34:50 - [MESSAGE][PASSED] - Object: 'Object Repository/06-Teams/For 2FA/button_Confirm_2FA' is clicked on

2022-11-18 13:34:50 - [TEST_STEP][PASSED] - executeJavaScript("window.open();", []): Execute JavaScript 'window.open();' successfully

2022-11-18 13:34:50 - [MESSAGE][PASSED] - Execute JavaScript 'window.open();' successfully

2022-11-18 13:34:50 - [TEST_STEP][PASSED] - currentWindow = getWindowIndex(): Current window's index is: 0

2022-11-18 13:34:50 - [MESSAGE][PASSED] - Current window's index is: 0

2022-11-18 13:34:50 - [TEST_STEP][PASSED] - delay(3): Delayed 3 second(s)

2022-11-18 13:34:53 - [MESSAGE][PASSED] - Delayed 3 second(s)

2022-11-18 13:34:53 - [TEST_STEP][PASSED] - switchToWindowIndex(currentWindow + 1): Switched to window with index: '1'

2022-11-18 13:34:53 - [MESSAGE][PASSED] - Switched to window with index: '1'

2022-11-18 13:34:53 - [TEST_STEP][PASSED] - navigateToUrl("https://www.mailinator.com/"): Navigate to 'https://www.mailinator.com/' successfully

2022-11-18 13:34:54 - [MESSAGE][PASSED] - Navigate to 'https://www.mailinator.com/' successfully

2022-11-18 13:34:54 - [TEST_STEP][PASSED] - delay(3): Delayed 3 second(s)

2022-11-18 13:34:57 - [MESSAGE][PASSED] - Delayed 3 second(s)

2022-11-18 13:34:57 - [TEST_STEP][PASSED] - setText(findTestObject("00-Signup and Activation/zMailinator/input_LOGIN_search"), "testuser02@mailinator.com"): Text 'testuser02@mailinator.com' is set on object 'Object Repository/00-Signup and Activation/zMailinator/input_LOGIN_search'

2022-11-18 13:34:58 - [MESSAGE][PASSED] - Text 'testuser02@mailinator.com' is set on object 'Object Repository/00-Signup and Activation/zMailinator/input_LOGIN_search'

2022-11-18 13:34:58 - [TEST_STEP][PASSED] - click(findTestObject("00-Signup and Activation/zMailinator/gobutton"), STOP_ON_FAILURE): Object: 'Object Repository/00-Signup and Activation/zMailinator/gobutton' is clicked on

2022-11-18 13:35:00 - [MESSAGE][PASSED] - Object: 'Object Repository/00-Signup and Activation/zMailinator/gobutton' is clicked on

2022-11-18 13:35:00 - [TEST_STEP][PASSED] - delay(3): Delayed 3 second(s)

2022-11-18 13:35:03 - [MESSAGE][PASSED] - Delayed 3 second(s)

2022-11-18 13:35:03 - [TEST_STEP][PASSED] - click(findTestObject("00-Signup and Activation/zMailinator/Email - everleagues")): Object: 'Object Repository/00-Signup and Activation/zMailinator/Email - everleagues' is clicked on

2022-11-18 13:35:03 - [MESSAGE][PASSED] - Object: 'Object Repository/00-Signup and Activation/zMailinator/Email - everleagues' is clicked on

2022-11-18 13:35:03 - [TEST_STEP][PASSED] - delay(3): Delayed 3 second(s)

2022-11-18 13:35:06 - [MESSAGE][PASSED] - Delayed 3 second(s)

2022-11-18 13:35:06 - [TEST_STEP][PASSED] - code = getText(findTestObject("Object Repository/06-Teams/For 2FA/2FA code")): Text of object 'Object Repository/06-Teams/For 2FA/2FA code' is: '135908'

2022-11-18 13:35:06 - [MESSAGE][PASSED] - Text of object 'Object Repository/06-Teams/For 2FA/2FA code' is: '135908'

2022-11-18 13:35:06 - [TEST_STEP][PASSED] - delay(3): Delayed 3 second(s)

2022-11-18 13:35:09 - [MESSAGE][PASSED] - Delayed 3 second(s)

2022-11-18 13:35:09 - [TEST_STEP][PASSED] - closeWindowTitle("Mailinator"): Window with title: 'Mailinator' is closed

2022-11-18 13:35:09 - [MESSAGE][PASSED] - Window with title: 'Mailinator' is closed

2022-11-18 13:35:09 - [TEST_STEP][PASSED] - delay(3): Delayed 3 second(s)

2022-11-18 13:35:12 - [MESSAGE][PASSED] - Delayed 3 second(s)

2022-11-18 13:35:12 - [TEST_STEP][PASSED] - switchToWindowIndex(0): Switched to window with index: '0'

2022-11-18 13:35:13 - [MESSAGE][PASSED] - Switched to window with index: '0'

2022-11-18 13:35:13 - [TEST_STEP][PASSED] - delay(3): Delayed 3 second(s)

2022-11-18 13:35:16 - [MESSAGE][PASSED] - Delayed 3 second(s)

2022-11-18 13:35:16 - [TEST_STEP][PASSED] - setText(findTestObject("Object Repository/06-Teams/For 2FA/input_Enter verification code_code"), code): Text '135908' is set on object 'Object Repository/06-Teams/For 2FA/input_Enter verification code_code'

2022-11-18 13:35:16 - [MESSAGE][PASSED] - Text '135908' is set on object 'Object Repository/06-Teams/For 2FA/input_Enter verification code_code'

2022-11-18 13:35:16 - [TEST_STEP][PASSED] - delay(3): Delayed 3 second(s)

2022-11-18 13:35:19 - [MESSAGE][PASSED] - Delayed 3 second(s)

2022-11-18 13:35:19 - [TEST_STEP][PASSED] - click(findTestObject("06-Teams/For 2FA/button_Verify_2FA")): Object: 'Object Repository/06-Teams/For 2FA/button_Verify_2FA' is clicked on

2022-11-18 13:35:20 - [MESSAGE][PASSED] - Object: 'Object Repository/06-Teams/For 2FA/button_Verify_2FA' is clicked on

2022-11-18 13:35:20 - [TEST_STEP][PASSED] - delay(5): Delayed 5 second(s)

2022-11-18 13:35:25 - [MESSAGE][PASSED] - Delayed 5 second(s)

2022-11-18 13:35:25 - [TEST_STEP][PASSED] - click(findTestObject("06-Teams/button_doublearrow")): Object: 'Object Repository/06-Teams/button_doublearrow' is clicked on

2022-11-18 13:35:28 - [MESSAGE][PASSED] - Object: 'Object Repository/06-Teams/button_doublearrow' is clicked on

2022-11-18 13:35:28 - [TEST_STEP][PASSED] - click(findTestObject("06-Teams/button_My Organizations")): Object: 'Object Repository/06-Teams/button_My Organizations' is clicked on

2022-11-18 13:35:30 - [MESSAGE][PASSED] - Object: 'Object Repository/06-Teams/button_My Organizations' is clicked on

2022-11-18 13:35:30 - [TEST_STEP][PASSED] - click(findTestObject("06-Teams/button_GG Automation")): Object: 'Object Repository/06-Teams/button_GG Automation' is clicked on

2022-11-18 13:35:30 - [MESSAGE][PASSED] - Object: 'Object Repository/06-Teams/button_GG Automation' is clicked on

2022-11-18 13:35:30 - [TEST_STEP][PASSED] - delay(4): Delayed 4 second(s)

2022-11-18 13:35:34 - [MESSAGE][PASSED] - Delayed 4 second(s)

2022-11-18 13:35:34 - [TEST_STEP][PASSED] - verifyElementVisible(findTestObject("06-Teams/span_GG Automation")): Object 'Object Repository/06-Teams/span_GG Automation' is visible

2022-11-18 13:35:35 - [MESSAGE][PASSED] - Object 'Object Repository/06-Teams/span_GG Automation' is visible

2022-11-18 13:35:35 - [TEST_STEP][PASSED] - delay(10): Delayed 10 second(s)

2022-11-18 13:35:45 - [MESSAGE][PASSED] - Delayed 10 second(s)

2022-11-18 13:35:45 - [TEST_STEP][PASSED] - click(findTestObject("03-Header Menu/Hamburger Button/div_Settings")): Object: 'Object Repository/03-Header Menu/Hamburger Button/div_Settings' is clicked on

2022-11-18 13:35:45 - [MESSAGE][PASSED] - Object: 'Object Repository/03-Header Menu/Hamburger Button/div_Settings' is clicked on

2022-11-18 13:35:45 - [TEST_STEP][PASSED] - delay(3): Delayed 3 second(s)

2022-11-18 13:35:48 - [MESSAGE][PASSED] - Delayed 3 second(s)

2022-11-18 13:35:48 - [TEST_STEP][PASSED] - click(findTestObject("09-Settings/Users/div_Users")): Object: 'Object Repository/09-Settings/Users/div_Users' is clicked on

2022-11-18 13:35:49 - [MESSAGE][PASSED] - Object: 'Object Repository/09-Settings/Users/div_Users' is clicked on

2022-11-18 13:35:49 - [TEST_STEP][PASSED] - delay(3): Delayed 3 second(s)

2022-11-18 13:35:52 - [MESSAGE][PASSED] - Delayed 3 second(s)

2022-11-18 13:35:52 - [TEST_STEP][PASSED] - click(findTestObject("09-Settings/Users/button_add")): Object: 'Object Repository/09-Settings/Users/button_add' is clicked on

2022-11-18 13:35:52 - [MESSAGE][PASSED] - Object: 'Object Repository/09-Settings/Users/button_add' is clicked on

2022-11-18 13:35:52 - [TEST_STEP][PASSED] - delay(3): Delayed 3 second(s)

2022-11-18 13:35:55 - [MESSAGE][PASSED] - Delayed 3 second(s)

2022-11-18 13:35:55 - [TEST_STEP][PASSED] - click(findTestObject("09-Settings/Users/Invite batch of users via CSV file")): Object: 'Object Repository/09-Settings/Users/Invite batch of users via CSV file' is clicked on

2022-11-18 13:35:56 - [MESSAGE][PASSED] - Object: 'Object Repository/09-Settings/Users/Invite batch of users via CSV file' is clicked on

2022-11-18 13:35:56 - [TEST_STEP][PASSED] - verifyElementVisible(findTestObject("09-Settings/Users/CSV Invite/Import CSV File modal")): Object 'Object Repository/09-Settings/Users/CSV Invite/Import CSV File modal' is visible

2022-11-18 13:35:57 - [MESSAGE][PASSED] - Object 'Object Repository/09-Settings/Users/CSV Invite/Import CSV File modal' is visible

2022-11-18 13:35:57 - [TEST_STEP][PASSED] - verifyElementNotClickable(findTestObject("09-Settings/Users/CSV Invite/button_Import")): Object 'Object Repository/09-Settings/Users/CSV Invite/button_Import' is NOT clickable

2022-11-18 13:35:57 - [MESSAGE][PASSED] - Object 'Object Repository/09-Settings/Users/CSV Invite/button_Import' is NOT clickable

2022-11-18 13:35:57 - [TEST_STEP][PASSED] - delay(3): Delayed 3 second(s)

2022-11-18 13:36:00 - [MESSAGE][PASSED] - Delayed 3 second(s)

2022-11-18 13:36:00 - [TEST_STEP][PASSED] - uploadpackage.Upload.uploadFile(findTestObject("Object Repository/09-Settings/Users/CSV Invite/button_Choose File"), "C:\Users\User\Desktop\EL automation\sample csv.csv"): uploadpackage.Upload.uploadFile is PASSED

2022-11-18 13:36:01 - [MESSAGE][PASSED] - Object: 'Object Repository/09-Settings/Users/CSV Invite/button_Choose File' is clicked on

2022-11-18 13:36:01 - [MESSAGE][PASSED] - uploadpackage.Upload.uploadFile is PASSED

2022-11-18 13:36:01 - [TEST_STEP][PASSED] - delay(3): Delayed 3 second(s)

2022-11-18 13:36:04 - [MESSAGE][PASSED] - Delayed 3 second(s)

2022-11-18 13:36:04 - [TEST_STEP][PASSED] - verifyElementVisible(findTestObject("09-Settings/Users/CSV Invite/div_Sample csv.csv")): Object 'Object Repository/09-Settings/Users/CSV Invite/div_Sample csv.csv' is visible

2022-11-18 13:36:04 - [MESSAGE][PASSED] - Object 'Object Repository/09-Settings/Users/CSV Invite/div_Sample csv.csv' is visible

2022-11-18 13:36:04 - [TEST_STEP][PASSED] - click(findTestObject("09-Settings/Users/CSV Invite/button_Import")): Object: 'Object Repository/09-Settings/Users/CSV Invite/button_Import' is clicked on

2022-11-18 13:36:05 - [MESSAGE][PASSED] - Object: 'Object Repository/09-Settings/Users/CSV Invite/button_Import' is clicked on

2022-11-18 13:36:05 - [TEST_STEP][PASSED] - delay(10): Delayed 10 second(s)

2022-11-18 13:36:15 - [MESSAGE][PASSED] - Delayed 10 second(s)

2022-11-18 13:36:15 - [TEST_STEP][PASSED] - verifyElementVisible(findTestObject("09-Settings/Users/CSV Invite/Success import modal")): Object 'Object Repository/09-Settings/Users/CSV Invite/Success import modal' is visible

2022-11-18 13:36:15 - [MESSAGE][PASSED] - Object 'Object Repository/09-Settings/Users/CSV Invite/Success import modal' is visible

2022-11-18 13:36:15 - [TEST_STEP][PASSED] - click(findTestObject("09-Settings/Users/CSV Invite/button_Close")): Object: 'Object Repository/09-Settings/Users/CSV Invite/button_Close' is clicked on

2022-11-18 13:36:15 - [MESSAGE][PASSED] - Object: 'Object Repository/09-Settings/Users/CSV Invite/button_Close' is clicked on

2022-11-18 13:36:15 - [TEST_STEP][PASSED] - click(findTestObject("09-Settings/Users/CSV Invite/Invited Users tab")): Object: 'Object Repository/09-Settings/Users/CSV Invite/Invited Users tab' is clicked on

2022-11-18 13:36:16 - [MESSAGE][PASSED] - Object: 'Object Repository/09-Settings/Users/CSV Invite/Invited Users tab' is clicked on

2022-11-18 13:36:16 - [TEST_STEP][PASSED] - delay(3): Delayed 3 second(s)

2022-11-18 13:36:19 - [MESSAGE][PASSED] - Delayed 3 second(s)

2022-11-18 13:36:19 - [TEST_STEP][PASSED] - verifyElementVisible(findTestObject("09-Settings/Users/CSV Invite/div_CTCSV test3")): Object 'Object Repository/09-Settings/Users/CSV Invite/div_CTCSV test3' is visible

2022-11-18 13:36:20 - [MESSAGE][PASSED] - Object 'Object Repository/09-Settings/Users/CSV Invite/div_CTCSV test3' is visible

2022-11-18 13:36:20 - [TEST_STEP][PASSED] - verifyElementVisible(findTestObject("09-Settings/Users/CSV Invite/div_autotester08mailinator.com")): Object 'Object Repository/09-Settings/Users/CSV Invite/div_autotester08mailinator.com' is visible

2022-11-18 13:36:20 - [MESSAGE][PASSED] - Object 'Object Repository/09-Settings/Users/CSV Invite/div_autotester08mailinator.com' is visible

2022-11-18 13:36:20 - [TEST_STEP][PASSED] - verifyElementVisible(findTestObject("09-Settings/Users/CSV Invite/div_Partner")): Object 'Object Repository/09-Settings/Users/CSV Invite/div_Partner' is visible

2022-11-18 13:36:20 - [MESSAGE][PASSED] - Object 'Object Repository/09-Settings/Users/CSV Invite/div_Partner' is visible

2022-11-18 13:36:20 - [TEST_STEP][PASSED] - verifyElementVisible(findTestObject("09-Settings/Users/CSV Invite/div_CTCSV test2")): Object 'Object Repository/09-Settings/Users/CSV Invite/div_CTCSV test2' is visible

2022-11-18 13:36:21 - [MESSAGE][PASSED] - Object 'Object Repository/09-Settings/Users/CSV Invite/div_CTCSV test2' is visible

2022-11-18 13:36:21 - [TEST_STEP][PASSED] - verifyElementVisible(findTestObject("09-Settings/Users/CSV Invite/div_autotester07mailinator.com")): Object 'Object Repository/09-Settings/Users/CSV Invite/div_autotester07mailinator.com' is visible

2022-11-18 13:36:21 - [MESSAGE][PASSED] - Object 'Object Repository/09-Settings/Users/CSV Invite/div_autotester07mailinator.com' is visible

2022-11-18 13:36:21 - [TEST_STEP][PASSED] - verifyElementVisible(findTestObject("09-Settings/Users/CSV Invite/div_Client")): Object 'Object Repository/09-Settings/Users/CSV Invite/div_Client' is visible

2022-11-18 13:36:25 - [MESSAGE][PASSED] - Object 'Object Repository/09-Settings/Users/CSV Invite/div_Client' is visible

2022-11-18 13:36:25 - [TEST_STEP][PASSED] - verifyElementVisible(findTestObject("09-Settings/Users/CSV Invite/div_CTCSV test1")): Object 'Object Repository/09-Settings/Users/CSV Invite/div_CTCSV test1' is visible

2022-11-18 13:36:25 - [MESSAGE][PASSED] - Object 'Object Repository/09-Settings/Users/CSV Invite/div_CTCSV test1' is visible

2022-11-18 13:36:25 - [TEST_STEP][PASSED] - verifyElementVisible(findTestObject("09-Settings/Users/CSV Invite/div_autotester06mailinator.com")): Object 'Object Repository/09-Settings/Users/CSV Invite/div_autotester06mailinator.com' is visible

2022-11-18 13:36:26 - [MESSAGE][PASSED] - Object 'Object Repository/09-Settings/Users/CSV Invite/div_autotester06mailinator.com' is visible

2022-11-18 13:36:26 - [TEST_STEP][PASSED] - verifyElementVisible(findTestObject("09-Settings/Users/CSV Invite/div_Coworker")): Object 'Object Repository/09-Settings/Users/CSV Invite/div_Coworker' is visible

2022-11-18 13:36:26 - [MESSAGE][PASSED] - Object 'Object Repository/09-Settings/Users/CSV Invite/div_Coworker' is visible

2022-11-18 13:36:26 - [TEST_STEP][PASSED] - delay(3): Delayed 3 second(s)

2022-11-18 13:36:29 - [MESSAGE][PASSED] - Delayed 3 second(s)

2022-11-18 13:36:29 - [TEST_STEP][PASSED] - closeBrowser(): Browser is closed

2022-11-18 13:36:30 - [MESSAGE][PASSED] - Browser is closed]]></system-out>
         <system-err><![CDATA[]]></system-err>
      </testcase>
      <system-out><![CDATA[2022-11-18 13:18:48 - [TEST_SUITE][PASSED] - 09.1 - Settings (Invite users): Test Cases/09-Settings/05 - Users (Invite batch of users via CSV file)]]></system-out>
      <system-err><![CDATA[]]></system-err>
   </testsuite>
</testsuites>
