<?xml version="1.0" encoding="UTF-8"?>
<testsuites name="09.5 - Settings (Organization)" time="302.539" tests="3" failures="3" errors="0">
   <testsuite name="09.5 - Settings (Organization)" tests="3" failures="3" errors="0" time="302.539" skipped="0" timestamp="2023-05-23 15:01:05" hostname="Mike - LAPTOP-LF5VTH4H" id="Test Suites/TS-Organization/09.5 - Settings (Organization)">
      <properties>
         <property name="deviceName" value=""/>
         <property name="devicePlatform" value=""/>
         <property name="logFolder" value="D:\\Users\\Michelle\\Project\\Everleagues\\Reports\\20230523_150056\\TS-Organization\\09.5 - Settings (Organization)\\20230523_150056"/>
         <property name="logFiles" value="D:\\Users\\Michelle\\Project\\Everleagues\\Reports\\20230523_150056\\TS-Organization\\09.5 - Settings (Organization)\\20230523_150056\\execution0.log"/>
         <property name="attachments" value="D:\\Users\\Michelle\\Project\\Everleagues\\Reports\\20230523_150056\\TS-Organization\\09.5 - Settings (Organization)\\20230523_150056\\1684825470064.png, D:\\Users\\Michelle\\Project\\Everleagues\\Reports\\20230523_150056\\TS-Organization\\09.5 - Settings (Organization)\\20230523_150056\\1684825470563.png, D:\\Users\\Michelle\\Project\\Everleagues\\Reports\\20230523_150056\\TS-Organization\\09.5 - Settings (Organization)\\20230523_150056\\1684825530465.png, D:\\Users\\Michelle\\Project\\Everleagues\\Reports\\20230523_150056\\TS-Organization\\09.5 - Settings (Organization)\\20230523_150056\\1684825567703.png"/>
         <property name="hostName" value="Mike - LAPTOP-LF5VTH4H"/>
         <property name="os" value="Windows 10 64bit"/>
         <property name="katalonVersion" value="8.6.0.208"/>
         <property name="browser" value="Chrome 113.0.0.0"/>
         <property name="hostAddress" value="192.168.100.69"/>
         <property name="sessionId" value="151130ed2a1acd04a62be02a6ac55064"/>
         <property name="seleniumVersion" value="3.141.59"/>
         <property name="proxyInformation" value="ProxyInformation { proxyOption=NO_PROXY, proxyServerType=HTTP, username=, password=********, proxyServerAddress=, proxyServerPort=0, executionList=&quot;&quot;, isApplyToDesiredCapabilities=true }"/>
         <property name="platform" value="Windows 10"/>
      </properties>
      <testcase name="Test Cases/09-Settings/23 - Organization - Profile Settings" time="204.863" classname="Test Cases/09-Settings/23 - Organization - Profile Settings" status="FAILED">
         <failure type="FAILED" message="Test Cases/09-Settings/23 - Organization - Profile Settings FAILED.
Reason:
com.kms.katalon.core.exception.StepFailedException: Unable to verify object 'Object Repository/09-Settings/Organization/snack-bar-container_Settings savedOK' is visible
	at com.kms.katalon.core.webui.keyword.internal.WebUIKeywordMain.stepFailed(WebUIKeywordMain.groovy:64)
	at com.kms.katalon.core.webui.keyword.internal.WebUIKeywordMain.runKeyword(WebUIKeywordMain.groovy:26)
	at com.kms.katalon.core.webui.keyword.builtin.VerifyElementVisibleKeyword.verifyElementVisible(VerifyElementVisibleKeyword.groovy:97)
	at com.kms.katalon.core.webui.keyword.builtin.VerifyElementVisibleKeyword.execute(VerifyElementVisibleKeyword.groovy:67)
	at com.kms.katalon.core.keyword.internal.KeywordExecutor.executeKeywordForPlatform(KeywordExecutor.groovy:74)
	at com.kms.katalon.core.webui.keyword.WebUiBuiltInKeywords.verifyElementVisible(WebUiBuiltInKeywords.groovy:376)
	at com.kms.katalon.core.webui.keyword.WebUiBuiltInKeywords$verifyElementVisible$11.call(Unknown Source)
	at 23 - Organization - Profile Settings.run(23 - Organization - Profile Settings:235)
	at com.kms.katalon.core.main.ScriptEngine.run(ScriptEngine.java:194)
	at com.kms.katalon.core.main.ScriptEngine.runScriptAsRawText(ScriptEngine.java:119)
	at com.kms.katalon.core.main.TestCaseExecutor.runScript(TestCaseExecutor.java:448)
	at com.kms.katalon.core.main.TestCaseExecutor.doExecute(TestCaseExecutor.java:439)
	at com.kms.katalon.core.main.TestCaseExecutor.processExecutionPhase(TestCaseExecutor.java:418)
	at com.kms.katalon.core.main.TestCaseExecutor.accessMainPhase(TestCaseExecutor.java:410)
	at com.kms.katalon.core.main.TestCaseExecutor.execute(TestCaseExecutor.java:285)
	at com.kms.katalon.core.common.CommonExecutor.accessTestCaseMainPhase(CommonExecutor.java:65)
	at com.kms.katalon.core.main.TestSuiteExecutor.accessTestSuiteMainPhase(TestSuiteExecutor.java:148)
	at com.kms.katalon.core.main.TestSuiteExecutor.execute(TestSuiteExecutor.java:106)
	at com.kms.katalon.core.main.TestCaseMain.startTestSuite(TestCaseMain.java:187)
	at com.kms.katalon.core.main.TestCaseMain$startTestSuite$0.call(Unknown Source)
	at TempTestSuite1684825256355.run(TempTestSuite1684825256355.groovy:36)
Caused by: com.kms.katalon.core.exception.StepFailedException: Web element with id: 'Object Repository/09-Settings/Organization/snack-bar-container_Settings savedOK' located by '//snack-bar-container[(text() = 'Settings savedOK' or . = 'Settings savedOK')]' not found
	at com.kms.katalon.core.webui.keyword.internal.WebUIKeywordMain.stepFailed(WebUIKeywordMain.groovy:64)
	at com.kms.katalon.core.webui.keyword.builtin.VerifyElementVisibleKeyword$_verifyElementVisible_closure1.doCall(VerifyElementVisibleKeyword.groovy:89)
	at com.kms.katalon.core.webui.keyword.builtin.VerifyElementVisibleKeyword$_verifyElementVisible_closure1.call(VerifyElementVisibleKeyword.groovy)
	at com.kms.katalon.core.webui.keyword.internal.WebUIKeywordMain.runKeyword(WebUIKeywordMain.groovy:20)
	... 19 more
"/>
         <system-out><![CDATA[2023-05-23 15:01:05 - [TEST_CASE][FAILED] - Test Cases/09-Settings/23 - Organization - Profile Settings: Test Cases/09-Settings/23 - Organization - Profile Settings FAILED.
Reason:
com.kms.katalon.core.exception.StepFailedException: Unable to verify object 'Object Repository/09-Settings/Organization/snack-bar-container_Settings savedOK' is visible
	at com.kms.katalon.core.webui.keyword.internal.WebUIKeywordMain.stepFailed(WebUIKeywordMain.groovy:64)
	at com.kms.katalon.core.webui.keyword.internal.WebUIKeywordMain.runKeyword(WebUIKeywordMain.groovy:26)
	at com.kms.katalon.core.webui.keyword.builtin.VerifyElementVisibleKeyword.verifyElementVisible(VerifyElementVisibleKeyword.groovy:97)
	at com.kms.katalon.core.webui.keyword.builtin.VerifyElementVisibleKeyword.execute(VerifyElementVisibleKeyword.groovy:67)
	at com.kms.katalon.core.keyword.internal.KeywordExecutor.executeKeywordForPlatform(KeywordExecutor.groovy:74)
	at com.kms.katalon.core.webui.keyword.WebUiBuiltInKeywords.verifyElementVisible(WebUiBuiltInKeywords.groovy:376)
	at com.kms.katalon.core.webui.keyword.WebUiBuiltInKeywords$verifyElementVisible$11.call(Unknown Source)
	at 23 - Organization - Profile Settings.run(23 - Organization - Profile Settings:235)
	at com.kms.katalon.core.main.ScriptEngine.run(ScriptEngine.java:194)
	at com.kms.katalon.core.main.ScriptEngine.runScriptAsRawText(ScriptEngine.java:119)
	at com.kms.katalon.core.main.TestCaseExecutor.runScript(TestCaseExecutor.java:448)
	at com.kms.katalon.core.main.TestCaseExecutor.doExecute(TestCaseExecutor.java:439)
	at com.kms.katalon.core.main.TestCaseExecutor.processExecutionPhase(TestCaseExecutor.java:418)
	at com.kms.katalon.core.main.TestCaseExecutor.accessMainPhase(TestCaseExecutor.java:410)
	at com.kms.katalon.core.main.TestCaseExecutor.execute(TestCaseExecutor.java:285)
	at com.kms.katalon.core.common.CommonExecutor.accessTestCaseMainPhase(CommonExecutor.java:65)
	at com.kms.katalon.core.main.TestSuiteExecutor.accessTestSuiteMainPhase(TestSuiteExecutor.java:148)
	at com.kms.katalon.core.main.TestSuiteExecutor.execute(TestSuiteExecutor.java:106)
	at com.kms.katalon.core.main.TestCaseMain.startTestSuite(TestCaseMain.java:187)
	at com.kms.katalon.core.main.TestCaseMain$startTestSuite$0.call(Unknown Source)
	at TempTestSuite1684825256355.run(TempTestSuite1684825256355.groovy:36)
Caused by: com.kms.katalon.core.exception.StepFailedException: Web element with id: 'Object Repository/09-Settings/Organization/snack-bar-container_Settings savedOK' located by '//snack-bar-container[(text() = 'Settings savedOK' or . = 'Settings savedOK')]' not found
	at com.kms.katalon.core.webui.keyword.internal.WebUIKeywordMain.stepFailed(WebUIKeywordMain.groovy:64)
	at com.kms.katalon.core.webui.keyword.builtin.VerifyElementVisibleKeyword$_verifyElementVisible_closure1.doCall(VerifyElementVisibleKeyword.groovy:89)
	at com.kms.katalon.core.webui.keyword.builtin.VerifyElementVisibleKeyword$_verifyElementVisible_closure1.call(VerifyElementVisibleKeyword.groovy)
	at com.kms.katalon.core.webui.keyword.internal.WebUIKeywordMain.runKeyword(WebUIKeywordMain.groovy:20)
	... 19 more


2023-05-23 15:01:06 - [TEST_STEP][PASSED] - openBrowser(""): Browser is opened with url: ''

2023-05-23 15:01:07 - [MESSAGE][INFO] - Starting 'Chrome' driver

2023-05-23 15:01:07 - [MESSAGE][INFO] - Action delay is set to 0 milliseconds

2023-05-23 15:01:12 - [MESSAGE][PASSED] - Browser is opened with url: ''

2023-05-23 15:01:12 - [TEST_STEP][PASSED] - navigateToUrl(appURL): Navigate to 'https://lab.everleagues.com/' successfully

2023-05-23 15:01:25 - [MESSAGE][PASSED] - Navigate to 'https://lab.everleagues.com/' successfully

2023-05-23 15:01:25 - [TEST_STEP][PASSED] - maximizeWindow(): Current window maximized

2023-05-23 15:01:26 - [MESSAGE][PASSED] - Current window maximized

2023-05-23 15:01:26 - [TEST_STEP][PASSED] - callTestCase(findTestCase("01-Login and Forgot Password/04-Login(Valid Credentials-With Subscription)"), [:], STOP_ON_FAILURE): Call Test Case 'Test Cases/01-Login and Forgot Password/04-Login(Valid Credentials-With Subscription)' successfully

2023-05-23 15:01:26 - [TEST_CASE][PASSED] - Test Cases/01-Login and Forgot Password/04-Login(Valid Credentials-With Subscription): Test Cases/01-Login and Forgot Password/04-Login(Valid Credentials-With Subscription)

2023-05-23 15:01:26 - [TEST_STEP][PASSED] - setText(findTestObject("01-Login and Forgot Password/input_Email_email"), email_with_subscription): Text 'testuser05@mailinator.com' is set on object 'Object Repository/01-Login and Forgot Password/input_Email_email'

2023-05-23 15:01:34 - [MESSAGE][PASSED] - Text 'testuser05@mailinator.com' is set on object 'Object Repository/01-Login and Forgot Password/input_Email_email'

2023-05-23 15:01:34 - [TEST_STEP][PASSED] - setEncryptedText(findTestObject("01-Login and Forgot Password/input_Email_password"), password): Text ****** has been set on object 'Object Repository/01-Login and Forgot Password/input_Email_password'

2023-05-23 15:01:35 - [MESSAGE][PASSED] - Text ****** has been set on object 'Object Repository/01-Login and Forgot Password/input_Email_password'

2023-05-23 15:01:35 - [TEST_STEP][PASSED] - delay(delay_2seconds): Delayed 2 second(s)

2023-05-23 15:01:37 - [MESSAGE][PASSED] - Delayed 2 second(s)

2023-05-23 15:01:37 - [TEST_STEP][PASSED] - click(findTestObject("01-Login and Forgot Password/show pass button")): Object: 'Object Repository/01-Login and Forgot Password/show pass button' is clicked on

2023-05-23 15:01:38 - [MESSAGE][PASSED] - Object: 'Object Repository/01-Login and Forgot Password/show pass button' is clicked on

2023-05-23 15:01:38 - [TEST_STEP][PASSED] - delay(delay_3seconds): Delayed 3 second(s)

2023-05-23 15:01:41 - [MESSAGE][PASSED] - Delayed 3 second(s)

2023-05-23 15:01:41 - [TEST_STEP][PASSED] - click(findTestObject("01-Login and Forgot Password/button_Sign in")): Object: 'Object Repository/01-Login and Forgot Password/button_Sign in' is clicked on

2023-05-23 15:01:41 - [MESSAGE][PASSED] - Object: 'Object Repository/01-Login and Forgot Password/button_Sign in' is clicked on

2023-05-23 15:01:41 - [TEST_STEP][PASSED] - delay(delay_3seconds): Delayed 3 second(s)

2023-05-23 15:01:44 - [MESSAGE][PASSED] - Delayed 3 second(s)

2023-05-23 15:01:44 - [TEST_STEP][PASSED] - click(findTestObject("06-Teams/For 2FA/button_Confirm_2FA")): Object: 'Object Repository/06-Teams/For 2FA/button_Confirm_2FA' is clicked on

2023-05-23 15:01:45 - [MESSAGE][PASSED] - Object: 'Object Repository/06-Teams/For 2FA/button_Confirm_2FA' is clicked on

2023-05-23 15:01:45 - [TEST_STEP][PASSED] - executeJavaScript("window.open();", []): Execute JavaScript 'window.open();' successfully

2023-05-23 15:01:45 - [MESSAGE][PASSED] - Execute JavaScript 'window.open();' successfully

2023-05-23 15:01:45 - [TEST_STEP][PASSED] - currentWindow = getWindowIndex(): Current window's index is: 0

2023-05-23 15:01:45 - [MESSAGE][PASSED] - Current window's index is: 0

2023-05-23 15:01:45 - [TEST_STEP][PASSED] - delay(delay_3seconds): Delayed 3 second(s)

2023-05-23 15:01:48 - [MESSAGE][PASSED] - Delayed 3 second(s)

2023-05-23 15:01:48 - [TEST_STEP][PASSED] - switchToWindowIndex(currentWindow + 1): Switched to window with index: '1'

2023-05-23 15:01:49 - [MESSAGE][PASSED] - Switched to window with index: '1'

2023-05-23 15:01:49 - [TEST_STEP][PASSED] - navigateToUrl(app_mailinator): Navigate to 'https://www.mailinator.com/' successfully

2023-05-23 15:01:52 - [MESSAGE][PASSED] - Navigate to 'https://www.mailinator.com/' successfully

2023-05-23 15:01:52 - [TEST_STEP][PASSED] - delay(delay_3seconds): Delayed 3 second(s)

2023-05-23 15:01:55 - [MESSAGE][PASSED] - Delayed 3 second(s)

2023-05-23 15:01:55 - [TEST_STEP][PASSED] - setText(findTestObject("00-Signup and Activation/zMailinator/input_LOGIN_search"), email_for_searchmailinator_testuser05): Text 'testuser05@mailinator.com' is set on object 'Object Repository/00-Signup and Activation/zMailinator/input_LOGIN_search'

2023-05-23 15:01:56 - [MESSAGE][PASSED] - Text 'testuser05@mailinator.com' is set on object 'Object Repository/00-Signup and Activation/zMailinator/input_LOGIN_search'

2023-05-23 15:01:56 - [TEST_STEP][PASSED] - click(findTestObject("00-Signup and Activation/zMailinator/gobutton"), STOP_ON_FAILURE): Object: 'Object Repository/00-Signup and Activation/zMailinator/gobutton' is clicked on

2023-05-23 15:01:57 - [MESSAGE][PASSED] - Object: 'Object Repository/00-Signup and Activation/zMailinator/gobutton' is clicked on

2023-05-23 15:01:57 - [TEST_STEP][PASSED] - delay(delay_3seconds): Delayed 3 second(s)

2023-05-23 15:02:00 - [MESSAGE][PASSED] - Delayed 3 second(s)

2023-05-23 15:02:00 - [TEST_STEP][PASSED] - click(findTestObject("00-Signup and Activation/zMailinator/Email - everleagues")): Object: 'Object Repository/00-Signup and Activation/zMailinator/Email - everleagues' is clicked on

2023-05-23 15:02:00 - [MESSAGE][PASSED] - Object: 'Object Repository/00-Signup and Activation/zMailinator/Email - everleagues' is clicked on

2023-05-23 15:02:00 - [TEST_STEP][PASSED] - delay(delay_3seconds): Delayed 3 second(s)

2023-05-23 15:02:03 - [MESSAGE][PASSED] - Delayed 3 second(s)

2023-05-23 15:02:03 - [TEST_STEP][PASSED] - code = getText(findTestObject("Object Repository/06-Teams/For 2FA/2FA code")): Text of object 'Object Repository/06-Teams/For 2FA/2FA code' is: '276366'

2023-05-23 15:02:04 - [MESSAGE][PASSED] - Text of object 'Object Repository/06-Teams/For 2FA/2FA code' is: '276366'

2023-05-23 15:02:04 - [TEST_STEP][PASSED] - delay(delay_3seconds): Delayed 3 second(s)

2023-05-23 15:02:07 - [MESSAGE][PASSED] - Delayed 3 second(s)

2023-05-23 15:02:07 - [TEST_STEP][PASSED] - closeWindowTitle("Mailinator"): Window with title: 'Mailinator' is closed

2023-05-23 15:02:07 - [MESSAGE][PASSED] - Window with title: 'Mailinator' is closed

2023-05-23 15:02:07 - [TEST_STEP][PASSED] - delay(delay_3seconds): Delayed 3 second(s)

2023-05-23 15:02:10 - [MESSAGE][PASSED] - Delayed 3 second(s)

2023-05-23 15:02:10 - [TEST_STEP][PASSED] - switchToWindowIndex(0): Switched to window with index: '0'

2023-05-23 15:02:10 - [MESSAGE][PASSED] - Switched to window with index: '0'

2023-05-23 15:02:10 - [TEST_STEP][PASSED] - delay(delay_3seconds): Delayed 3 second(s)

2023-05-23 15:02:13 - [MESSAGE][PASSED] - Delayed 3 second(s)

2023-05-23 15:02:13 - [TEST_STEP][PASSED] - setText(findTestObject("Object Repository/06-Teams/For 2FA/input_Enter verification code_code"), code): Text '276366' is set on object 'Object Repository/06-Teams/For 2FA/input_Enter verification code_code'

2023-05-23 15:02:14 - [MESSAGE][PASSED] - Text '276366' is set on object 'Object Repository/06-Teams/For 2FA/input_Enter verification code_code'

2023-05-23 15:02:14 - [TEST_STEP][PASSED] - delay(delay_3seconds): Delayed 3 second(s)

2023-05-23 15:02:17 - [MESSAGE][PASSED] - Delayed 3 second(s)

2023-05-23 15:02:17 - [TEST_STEP][PASSED] - click(findTestObject("06-Teams/For 2FA/button_Verify_2FA")): Object: 'Object Repository/06-Teams/For 2FA/button_Verify_2FA' is clicked on

2023-05-23 15:02:18 - [MESSAGE][PASSED] - Object: 'Object Repository/06-Teams/For 2FA/button_Verify_2FA' is clicked on

2023-05-23 15:02:18 - [TEST_STEP][PASSED] - delay(delay_3seconds): Delayed 3 second(s)

2023-05-23 15:02:21 - [MESSAGE][PASSED] - Delayed 3 second(s)

2023-05-23 15:02:21 - [MESSAGE][PASSED] - Call Test Case 'Test Cases/01-Login and Forgot Password/04-Login(Valid Credentials-With Subscription)' successfully

2023-05-23 15:02:21 - [TEST_STEP][PASSED] - click(findTestObject("06-Teams/button_doublearrow")): Object: 'Object Repository/06-Teams/button_doublearrow' is clicked on

2023-05-23 15:02:23 - [MESSAGE][PASSED] - Object: 'Object Repository/06-Teams/button_doublearrow' is clicked on

2023-05-23 15:02:23 - [TEST_STEP][PASSED] - click(findTestObject("06-Teams/button_My Organizations")): Object: 'Object Repository/06-Teams/button_My Organizations' is clicked on

2023-05-23 15:02:24 - [MESSAGE][PASSED] - Object: 'Object Repository/06-Teams/button_My Organizations' is clicked on

2023-05-23 15:02:24 - [TEST_STEP][PASSED] - click(findTestObject("06-Teams/button_GG Automation")): Object: 'Object Repository/06-Teams/button_GG Automation' is clicked on

2023-05-23 15:02:25 - [MESSAGE][PASSED] - Object: 'Object Repository/06-Teams/button_GG Automation' is clicked on

2023-05-23 15:02:25 - [TEST_STEP][PASSED] - delay(delay_4seconds): Delayed 4 second(s)

2023-05-23 15:02:29 - [MESSAGE][PASSED] - Delayed 4 second(s)

2023-05-23 15:02:29 - [TEST_STEP][PASSED] - verifyElementVisible(findTestObject("06-Teams/span_GG Automation")): Object 'Object Repository/06-Teams/span_GG Automation' is visible

2023-05-23 15:02:30 - [MESSAGE][PASSED] - Object 'Object Repository/06-Teams/span_GG Automation' is visible

2023-05-23 15:02:30 - [TEST_STEP][PASSED] - delay(delay_3seconds): Delayed 3 second(s)

2023-05-23 15:02:33 - [MESSAGE][PASSED] - Delayed 3 second(s)

2023-05-23 15:02:33 - [TEST_STEP][PASSED] - click(findTestObject("03-Header Menu/Hamburger Button/div_Settings")): Object: 'Object Repository/03-Header Menu/Hamburger Button/div_Settings' is clicked on

2023-05-23 15:02:33 - [MESSAGE][PASSED] - Object: 'Object Repository/03-Header Menu/Hamburger Button/div_Settings' is clicked on

2023-05-23 15:02:33 - [TEST_STEP][PASSED] - delay(delay_3seconds): Delayed 3 second(s)

2023-05-23 15:02:36 - [MESSAGE][PASSED] - Delayed 3 second(s)

2023-05-23 15:02:36 - [TEST_STEP][PASSED] - click(findTestObject("09-Settings/Users/div_Organization")): Object: 'Object Repository/09-Settings/Users/div_Organization' is clicked on

2023-05-23 15:02:37 - [MESSAGE][PASSED] - Object: 'Object Repository/09-Settings/Users/div_Organization' is clicked on

2023-05-23 15:02:37 - [TEST_STEP][PASSED] - verifyElementVisible(findTestObject("09-Settings/Organization/h4_ORGANIZATION SETTINGS")): Object 'Object Repository/09-Settings/Organization/h4_ORGANIZATION SETTINGS' is visible

2023-05-23 15:02:38 - [MESSAGE][PASSED] - Object 'Object Repository/09-Settings/Organization/h4_ORGANIZATION SETTINGS' is visible

2023-05-23 15:02:38 - [TEST_STEP][PASSED] - click(findTestObject("09-Settings/Organization/div_Profile")): Object: 'Object Repository/09-Settings/Organization/div_Profile' is clicked on

2023-05-23 15:02:39 - [MESSAGE][PASSED] - Object: 'Object Repository/09-Settings/Organization/div_Profile' is clicked on

2023-05-23 15:02:39 - [TEST_STEP][PASSED] - verifyElementVisible(findTestObject("09-Settings/Organization/div_ProfileSettings page")): Object 'Object Repository/09-Settings/Organization/div_ProfileSettings page' is visible

2023-05-23 15:02:40 - [MESSAGE][PASSED] - Object 'Object Repository/09-Settings/Organization/div_ProfileSettings page' is visible

2023-05-23 15:02:40 - [TEST_STEP][PASSED] - delay(delay_3seconds): Delayed 3 second(s)

2023-05-23 15:02:43 - [MESSAGE][PASSED] - Delayed 3 second(s)

2023-05-23 15:02:43 - [TEST_STEP][PASSED] - verifyElementVisible(findTestObject("09-Settings/Organization/mat-card-title_Profile")): Object 'Object Repository/09-Settings/Organization/mat-card-title_Profile' is visible

2023-05-23 15:02:43 - [MESSAGE][PASSED] - Object 'Object Repository/09-Settings/Organization/mat-card-title_Profile' is visible

2023-05-23 15:02:43 - [TEST_STEP][PASSED] - verifyElementVisible(findTestObject("09-Settings/Organization/input_Industry")): Object 'Object Repository/09-Settings/Organization/input_Industry' is visible

2023-05-23 15:02:43 - [MESSAGE][PASSED] - Object 'Object Repository/09-Settings/Organization/input_Industry' is visible

2023-05-23 15:02:43 - [TEST_STEP][PASSED] - verifyElementVisible(findTestObject("09-Settings/Organization/input_Organization number")): Object 'Object Repository/09-Settings/Organization/input_Organization number' is visible

2023-05-23 15:02:44 - [MESSAGE][PASSED] - Object 'Object Repository/09-Settings/Organization/input_Organization number' is visible

2023-05-23 15:02:44 - [TEST_STEP][PASSED] - delay(delay_3seconds): Delayed 3 second(s)

2023-05-23 15:02:47 - [MESSAGE][PASSED] - Delayed 3 second(s)

2023-05-23 15:02:47 - [TEST_STEP][PASSED] - click(findTestObject("03-Header Menu/User Profile/View Profile/Profile Tab/Upload Icon")): Object: 'Object Repository/03-Header Menu/User Profile/View Profile/Profile Tab/Upload Icon' is clicked on

2023-05-23 15:02:48 - [MESSAGE][PASSED] - Object: 'Object Repository/03-Header Menu/User Profile/View Profile/Profile Tab/Upload Icon' is clicked on

2023-05-23 15:02:48 - [TEST_STEP][PASSED] - delay(delay_2seconds): Delayed 2 second(s)

2023-05-23 15:02:50 - [MESSAGE][PASSED] - Delayed 2 second(s)

2023-05-23 15:02:50 - [TEST_STEP][PASSED] - verifyElementVisible(findTestObject("09-Settings/Organization/Upload Org image")): Object 'Object Repository/09-Settings/Organization/Upload Org image' is visible

2023-05-23 15:02:50 - [MESSAGE][PASSED] - Object 'Object Repository/09-Settings/Organization/Upload Org image' is visible

2023-05-23 15:02:50 - [TEST_STEP][PASSED] - verifyElementNotClickable(findTestObject("03-Header Menu/User Profile/View Profile/Profile Tab/button_Upload Image")): Object 'Object Repository/03-Header Menu/User Profile/View Profile/Profile Tab/button_Upload Image' is NOT clickable

2023-05-23 15:02:50 - [MESSAGE][PASSED] - Object 'Object Repository/03-Header Menu/User Profile/View Profile/Profile Tab/button_Upload Image' is NOT clickable

2023-05-23 15:02:50 - [TEST_STEP][PASSED] - delay(delay_1second): Delayed 1 second(s)

2023-05-23 15:02:51 - [MESSAGE][PASSED] - Delayed 1 second(s)

2023-05-23 15:02:51 - [TEST_STEP][PASSED] - click(findTestObject("03-Header Menu/User Profile/View Profile/Profile Tab/button_Cancel")): Object: 'Object Repository/03-Header Menu/User Profile/View Profile/Profile Tab/button_Cancel' is clicked on

2023-05-23 15:02:52 - [MESSAGE][PASSED] - Object: 'Object Repository/03-Header Menu/User Profile/View Profile/Profile Tab/button_Cancel' is clicked on

2023-05-23 15:02:52 - [TEST_STEP][PASSED] - delay(delay_3seconds): Delayed 3 second(s)

2023-05-23 15:02:55 - [MESSAGE][PASSED] - Delayed 3 second(s)

2023-05-23 15:02:55 - [TEST_STEP][PASSED] - click(findTestObject("03-Header Menu/User Profile/View Profile/Profile Tab/Upload Icon")): Object: 'Object Repository/03-Header Menu/User Profile/View Profile/Profile Tab/Upload Icon' is clicked on

2023-05-23 15:02:57 - [MESSAGE][PASSED] - Object: 'Object Repository/03-Header Menu/User Profile/View Profile/Profile Tab/Upload Icon' is clicked on

2023-05-23 15:02:57 - [TEST_STEP][PASSED] - uploadpackage.Upload.uploadFile(findTestObject("Object Repository/03-Header Menu/User Profile/View Profile/Profile Tab/button_folderBrowse"), upload_file): uploadpackage.Upload.uploadFile is PASSED

2023-05-23 15:02:57 - [MESSAGE][PASSED] - Object: 'Object Repository/03-Header Menu/User Profile/View Profile/Profile Tab/button_folderBrowse' is clicked on

2023-05-23 15:02:59 - [MESSAGE][PASSED] - uploadpackage.Upload.uploadFile is PASSED

2023-05-23 15:02:59 - [TEST_STEP][PASSED] - delay(delay_2seconds): Delayed 2 second(s)

2023-05-23 15:03:01 - [MESSAGE][PASSED] - Delayed 2 second(s)

2023-05-23 15:03:01 - [TEST_STEP][PASSED] - click(findTestObject("03-Header Menu/User Profile/View Profile/Profile Tab/button_Upload Image")): Object: 'Object Repository/03-Header Menu/User Profile/View Profile/Profile Tab/button_Upload Image' is clicked on

2023-05-23 15:03:02 - [MESSAGE][PASSED] - Object: 'Object Repository/03-Header Menu/User Profile/View Profile/Profile Tab/button_Upload Image' is clicked on

2023-05-23 15:03:02 - [TEST_STEP][PASSED] - verifyElementVisible(findTestObject("09-Settings/Organization/snack-bar-container_Successfully changed organization imageOK")): Object 'Object Repository/09-Settings/Organization/snack-bar-container_Successfully changed organization imageOK' is visible

2023-05-23 15:03:04 - [MESSAGE][PASSED] - Object 'Object Repository/09-Settings/Organization/snack-bar-container_Successfully changed organization imageOK' is visible

2023-05-23 15:03:04 - [TEST_STEP][PASSED] - click(findTestObject("09-Settings/Organization/input_name")): Object: 'Object Repository/09-Settings/Organization/input_name' is clicked on

2023-05-23 15:03:05 - [MESSAGE][PASSED] - Object: 'Object Repository/09-Settings/Organization/input_name' is clicked on

2023-05-23 15:03:05 - [TEST_STEP][PASSED] - setText(findTestObject("09-Settings/Organization/input_name"), name): Text 'THIS IS AUTOMATION' is set on object 'Object Repository/09-Settings/Organization/input_name'

2023-05-23 15:03:07 - [MESSAGE][PASSED] - Text 'THIS IS AUTOMATION' is set on object 'Object Repository/09-Settings/Organization/input_name'

2023-05-23 15:03:07 - [TEST_STEP][PASSED] - delay(delay_3seconds): Delayed 3 second(s)

2023-05-23 15:03:10 - [MESSAGE][PASSED] - Delayed 3 second(s)

2023-05-23 15:03:10 - [TEST_STEP][PASSED] - click(findTestObject("09-Settings/Users/Active User/button_Save")): Object: 'Object Repository/09-Settings/Users/Active User/button_Save' is clicked on

2023-05-23 15:03:11 - [MESSAGE][PASSED] - Object: 'Object Repository/09-Settings/Users/Active User/button_Save' is clicked on

2023-05-23 15:03:11 - [TEST_STEP][PASSED] - verifyElementVisible(findTestObject("09-Settings/Organization/snack-bar-container_Settings savedOK")): Object 'Object Repository/09-Settings/Organization/snack-bar-container_Settings savedOK' is visible

2023-05-23 15:03:12 - [MESSAGE][PASSED] - Object 'Object Repository/09-Settings/Organization/snack-bar-container_Settings savedOK' is visible

2023-05-23 15:03:12 - [TEST_STEP][PASSED] - delay(delay_3seconds): Delayed 3 second(s)

2023-05-23 15:03:15 - [MESSAGE][PASSED] - Delayed 3 second(s)

2023-05-23 15:03:15 - [TEST_STEP][PASSED] - scrollToElement(findTestObject("09-Settings/Organization/input_name"), 0): Scroll to object 'Object Repository/09-Settings/Organization/input_name' successfully

2023-05-23 15:03:15 - [MESSAGE][WARNING] - Timeout '0' is invalid. Using default page load timeout: '30'

2023-05-23 15:03:17 - [MESSAGE][PASSED] - Scroll to object 'Object Repository/09-Settings/Organization/input_name' successfully

2023-05-23 15:03:17 - [TEST_STEP][PASSED] - setText(findTestObject("09-Settings/Organization/input_name"), org_name): Text 'GG Automation' is set on object 'Object Repository/09-Settings/Organization/input_name'

2023-05-23 15:03:18 - [MESSAGE][PASSED] - Text 'GG Automation' is set on object 'Object Repository/09-Settings/Organization/input_name'

2023-05-23 15:03:18 - [TEST_STEP][PASSED] - delay(delay_3seconds): Delayed 3 second(s)

2023-05-23 15:03:21 - [MESSAGE][PASSED] - Delayed 3 second(s)

2023-05-23 15:03:21 - [TEST_STEP][PASSED] - scrollToElement(findTestObject("09-Settings/Users/Active User/button_Save"), 0): Scroll to object 'Object Repository/09-Settings/Users/Active User/button_Save' successfully

2023-05-23 15:03:21 - [MESSAGE][WARNING] - Timeout '0' is invalid. Using default page load timeout: '30'

2023-05-23 15:03:21 - [MESSAGE][PASSED] - Scroll to object 'Object Repository/09-Settings/Users/Active User/button_Save' successfully

2023-05-23 15:03:21 - [TEST_STEP][PASSED] - click(findTestObject("09-Settings/Users/Active User/button_Save")): Object: 'Object Repository/09-Settings/Users/Active User/button_Save' is clicked on

2023-05-23 15:03:22 - [MESSAGE][PASSED] - Object: 'Object Repository/09-Settings/Users/Active User/button_Save' is clicked on

2023-05-23 15:03:22 - [TEST_STEP][PASSED] - verifyElementVisible(findTestObject("09-Settings/Organization/snack-bar-container_Settings savedOK")): Object 'Object Repository/09-Settings/Organization/snack-bar-container_Settings savedOK' is visible

2023-05-23 15:03:23 - [MESSAGE][PASSED] - Object 'Object Repository/09-Settings/Organization/snack-bar-container_Settings savedOK' is visible

2023-05-23 15:03:23 - [TEST_STEP][PASSED] - delay(delay_3seconds): Delayed 3 second(s)

2023-05-23 15:03:26 - [MESSAGE][PASSED] - Delayed 3 second(s)

2023-05-23 15:03:26 - [TEST_STEP][PASSED] - scrollToElement(findTestObject("09-Settings/Organization/mat-card_Address"), 0): Scroll to object 'Object Repository/09-Settings/Organization/mat-card_Address' successfully

2023-05-23 15:03:26 - [MESSAGE][WARNING] - Timeout '0' is invalid. Using default page load timeout: '30'

2023-05-23 15:03:26 - [MESSAGE][PASSED] - Scroll to object 'Object Repository/09-Settings/Organization/mat-card_Address' successfully

2023-05-23 15:03:26 - [TEST_STEP][PASSED] - verifyElementVisible(findTestObject("09-Settings/Organization/mat-card_Address")): Object 'Object Repository/09-Settings/Organization/mat-card_Address' is visible

2023-05-23 15:03:27 - [MESSAGE][PASSED] - Object 'Object Repository/09-Settings/Organization/mat-card_Address' is visible

2023-05-23 15:03:27 - [TEST_STEP][PASSED] - verifyElementVisible(findTestObject("09-Settings/Organization/mat-card-title_Address")): Object 'Object Repository/09-Settings/Organization/mat-card-title_Address' is visible

2023-05-23 15:03:27 - [MESSAGE][PASSED] - Object 'Object Repository/09-Settings/Organization/mat-card-title_Address' is visible

2023-05-23 15:03:27 - [TEST_STEP][PASSED] - setText(findTestObject("09-Settings/Organization/input_Street"), "4711 Hardy Street"): Text '4711 Hardy Street' is set on object 'Object Repository/09-Settings/Organization/input_Street'

2023-05-23 15:03:28 - [MESSAGE][PASSED] - Text '4711 Hardy Street' is set on object 'Object Repository/09-Settings/Organization/input_Street'

2023-05-23 15:03:28 - [TEST_STEP][PASSED] - setText(findTestObject("09-Settings/Organization/input_City"), "Kelowna"): Text 'Kelowna' is set on object 'Object Repository/09-Settings/Organization/input_City'

2023-05-23 15:03:29 - [MESSAGE][PASSED] - Text 'Kelowna' is set on object 'Object Repository/09-Settings/Organization/input_City'

2023-05-23 15:03:29 - [TEST_STEP][PASSED] - setText(findTestObject("09-Settings/Organization/input_Zip"), "V1Y 8H2"): Text 'V1Y 8H2' is set on object 'Object Repository/09-Settings/Organization/input_Zip'

2023-05-23 15:03:30 - [MESSAGE][PASSED] - Text 'V1Y 8H2' is set on object 'Object Repository/09-Settings/Organization/input_Zip'

2023-05-23 15:03:30 - [TEST_STEP][PASSED] - setText(findTestObject("09-Settings/Organization/input_State"), "British Columbia"): Text 'British Columbia' is set on object 'Object Repository/09-Settings/Organization/input_State'

2023-05-23 15:03:31 - [MESSAGE][PASSED] - Text 'British Columbia' is set on object 'Object Repository/09-Settings/Organization/input_State'

2023-05-23 15:03:31 - [TEST_STEP][PASSED] - click(findTestObject("09-Settings/Organization/input_Country"), STOP_ON_FAILURE): Object: 'Object Repository/09-Settings/Organization/input_Country' is clicked on

2023-05-23 15:03:32 - [MESSAGE][PASSED] - Object: 'Object Repository/09-Settings/Organization/input_Country' is clicked on

2023-05-23 15:03:32 - [TEST_STEP][PASSED] - click(findTestObject("09-Settings/Organization/mat-option_united states"), STOP_ON_FAILURE): Object: 'Object Repository/09-Settings/Organization/mat-option_united states' is clicked on

2023-05-23 15:03:32 - [MESSAGE][PASSED] - Object: 'Object Repository/09-Settings/Organization/mat-option_united states' is clicked on

2023-05-23 15:03:32 - [TEST_STEP][PASSED] - delay(delay_3seconds): Delayed 3 second(s)

2023-05-23 15:03:35 - [MESSAGE][PASSED] - Delayed 3 second(s)

2023-05-23 15:03:35 - [TEST_STEP][PASSED] - scrollToElement(findTestObject("09-Settings/Users/Active User/button_Save"), 0): Scroll to object 'Object Repository/09-Settings/Users/Active User/button_Save' successfully

2023-05-23 15:03:35 - [MESSAGE][WARNING] - Timeout '0' is invalid. Using default page load timeout: '30'

2023-05-23 15:03:36 - [MESSAGE][PASSED] - Scroll to object 'Object Repository/09-Settings/Users/Active User/button_Save' successfully

2023-05-23 15:03:36 - [TEST_STEP][PASSED] - click(findTestObject("09-Settings/Users/Active User/button_Save")): Object: 'Object Repository/09-Settings/Users/Active User/button_Save' is clicked on

2023-05-23 15:03:37 - [MESSAGE][PASSED] - Object: 'Object Repository/09-Settings/Users/Active User/button_Save' is clicked on

2023-05-23 15:03:37 - [TEST_STEP][PASSED] - verifyElementVisible(findTestObject("09-Settings/Organization/snack-bar-container_Settings savedOK")): Object 'Object Repository/09-Settings/Organization/snack-bar-container_Settings savedOK' is visible

2023-05-23 15:03:38 - [MESSAGE][PASSED] - Object 'Object Repository/09-Settings/Organization/snack-bar-container_Settings savedOK' is visible

2023-05-23 15:03:38 - [TEST_STEP][PASSED] - delay(delay_3seconds): Delayed 3 second(s)

2023-05-23 15:03:41 - [MESSAGE][PASSED] - Delayed 3 second(s)

2023-05-23 15:03:41 - [TEST_STEP][PASSED] - verifyElementVisible(findTestObject("09-Settings/Organization/mat-card_Contact")): Object 'Object Repository/09-Settings/Organization/mat-card_Contact' is visible

2023-05-23 15:03:41 - [MESSAGE][PASSED] - Object 'Object Repository/09-Settings/Organization/mat-card_Contact' is visible

2023-05-23 15:03:41 - [TEST_STEP][PASSED] - verifyElementVisible(findTestObject("09-Settings/Organization/mat-card-title_Contact")): Object 'Object Repository/09-Settings/Organization/mat-card-title_Contact' is visible

2023-05-23 15:03:42 - [MESSAGE][PASSED] - Object 'Object Repository/09-Settings/Organization/mat-card-title_Contact' is visible

2023-05-23 15:03:42 - [TEST_STEP][PASSED] - setText(findTestObject("09-Settings/Organization/input_Email"), email_for_testuser02): Text 'testuser02@mailinator.com' is set on object 'Object Repository/09-Settings/Organization/input_Email'

2023-05-23 15:03:43 - [MESSAGE][PASSED] - Text 'testuser02@mailinator.com' is set on object 'Object Repository/09-Settings/Organization/input_Email'

2023-05-23 15:03:43 - [TEST_STEP][PASSED] - setText(findTestObject("09-Settings/Organization/input_Web"), appURL): Text 'https://lab.everleagues.com/' is set on object 'Object Repository/09-Settings/Organization/input_Web'

2023-05-23 15:03:44 - [MESSAGE][PASSED] - Text 'https://lab.everleagues.com/' is set on object 'Object Repository/09-Settings/Organization/input_Web'

2023-05-23 15:03:44 - [TEST_STEP][PASSED] - click(findTestObject("09-Settings/Organization/button_Phone")): Object: 'Object Repository/09-Settings/Organization/button_Phone' is clicked on

2023-05-23 15:03:44 - [MESSAGE][PASSED] - Object: 'Object Repository/09-Settings/Organization/button_Phone' is clicked on

2023-05-23 15:03:44 - [TEST_STEP][PASSED] - click(findTestObject("09-Settings/Organization/button_93")): Object: 'Object Repository/09-Settings/Organization/button_93' is clicked on

2023-05-23 15:03:45 - [MESSAGE][PASSED] - Object: 'Object Repository/09-Settings/Organization/button_93' is clicked on

2023-05-23 15:03:45 - [TEST_STEP][PASSED] - setText(findTestObject("09-Settings/Organization/input_phone search"), "PH"): Text 'PH' is set on object 'Object Repository/09-Settings/Organization/input_phone search'

2023-05-23 15:03:48 - [MESSAGE][PASSED] - Text 'PH' is set on object 'Object Repository/09-Settings/Organization/input_phone search'

2023-05-23 15:03:48 - [TEST_STEP][PASSED] - click(findTestObject("09-Settings/Organization/button_Philippines 63")): Object: 'Object Repository/09-Settings/Organization/button_Philippines 63' is clicked on

2023-05-23 15:03:48 - [MESSAGE][PASSED] - Object: 'Object Repository/09-Settings/Organization/button_Philippines 63' is clicked on

2023-05-23 15:03:48 - [TEST_STEP][PASSED] - setText(findTestObject("09-Settings/Organization/input_phone"), "9211234567"): Text '9211234567' is set on object 'Object Repository/09-Settings/Organization/input_phone'

2023-05-23 15:03:50 - [MESSAGE][PASSED] - Text '9211234567' is set on object 'Object Repository/09-Settings/Organization/input_phone'

2023-05-23 15:03:50 - [TEST_STEP][PASSED] - click(findTestObject("09-Settings/Organization/button_fax")): Object: 'Object Repository/09-Settings/Organization/button_fax' is clicked on

2023-05-23 15:03:51 - [MESSAGE][PASSED] - Object: 'Object Repository/09-Settings/Organization/button_fax' is clicked on

2023-05-23 15:03:51 - [TEST_STEP][PASSED] - click(findTestObject("09-Settings/Organization/button_93")): Object: 'Object Repository/09-Settings/Organization/button_93' is clicked on

2023-05-23 15:03:51 - [MESSAGE][PASSED] - Object: 'Object Repository/09-Settings/Organization/button_93' is clicked on

2023-05-23 15:03:51 - [TEST_STEP][PASSED] - setText(findTestObject("09-Settings/Organization/input_phone search"), "PH"): Text 'PH' is set on object 'Object Repository/09-Settings/Organization/input_phone search'

2023-05-23 15:03:53 - [MESSAGE][PASSED] - Text 'PH' is set on object 'Object Repository/09-Settings/Organization/input_phone search'

2023-05-23 15:03:53 - [TEST_STEP][PASSED] - click(findTestObject("09-Settings/Organization/button_Philippines 63")): Object: 'Object Repository/09-Settings/Organization/button_Philippines 63' is clicked on

2023-05-23 15:03:53 - [MESSAGE][PASSED] - Object: 'Object Repository/09-Settings/Organization/button_Philippines 63' is clicked on

2023-05-23 15:03:53 - [TEST_STEP][PASSED] - setText(findTestObject("09-Settings/Organization/input_fax"), "9211234567"): Text '9211234567' is set on object 'Object Repository/09-Settings/Organization/input_fax'

2023-05-23 15:03:55 - [MESSAGE][PASSED] - Text '9211234567' is set on object 'Object Repository/09-Settings/Organization/input_fax'

2023-05-23 15:03:55 - [TEST_STEP][PASSED] - delay(delay_3seconds): Delayed 3 second(s)

2023-05-23 15:03:58 - [MESSAGE][PASSED] - Delayed 3 second(s)

2023-05-23 15:03:58 - [TEST_STEP][PASSED] - click(findTestObject("09-Settings/Users/Active User/button_Save")): Object: 'Object Repository/09-Settings/Users/Active User/button_Save' is clicked on

2023-05-23 15:03:58 - [MESSAGE][PASSED] - Object: 'Object Repository/09-Settings/Users/Active User/button_Save' is clicked on

2023-05-23 15:03:58 - [TEST_STEP][FAILED] - verifyElementVisible(findTestObject("09-Settings/Organization/snack-bar-container_Settings savedOK")): Unable to verify object 'Object Repository/09-Settings/Organization/snack-bar-container_Settings savedOK' is visible (Root cause: com.kms.katalon.core.exception.StepFailedException: Unable to verify object 'Object Repository/09-Settings/Organization/snack-bar-container_Settings savedOK' is visible
	at com.kms.katalon.core.webui.keyword.internal.WebUIKeywordMain.stepFailed(WebUIKeywordMain.groovy:64)
	at com.kms.katalon.core.webui.keyword.internal.WebUIKeywordMain.runKeyword(WebUIKeywordMain.groovy:26)
	at com.kms.katalon.core.webui.keyword.builtin.VerifyElementVisibleKeyword.verifyElementVisible(VerifyElementVisibleKeyword.groovy:97)
	at com.kms.katalon.core.webui.keyword.builtin.VerifyElementVisibleKeyword.execute(VerifyElementVisibleKeyword.groovy:67)
	at com.kms.katalon.core.keyword.internal.KeywordExecutor.executeKeywordForPlatform(KeywordExecutor.groovy:74)
	at com.kms.katalon.core.webui.keyword.WebUiBuiltInKeywords.verifyElementVisible(WebUiBuiltInKeywords.groovy:376)
	at com.kms.katalon.core.webui.keyword.WebUiBuiltInKeywords$verifyElementVisible$11.call(Unknown Source)
	at 23 - Organization - Profile Settings.run(23 - Organization - Profile Settings:235)
	at com.kms.katalon.core.main.ScriptEngine.run(ScriptEngine.java:194)
	at com.kms.katalon.core.main.ScriptEngine.runScriptAsRawText(ScriptEngine.java:119)
	at com.kms.katalon.core.main.TestCaseExecutor.runScript(TestCaseExecutor.java:448)
	at com.kms.katalon.core.main.TestCaseExecutor.doExecute(TestCaseExecutor.java:439)
	at com.kms.katalon.core.main.TestCaseExecutor.processExecutionPhase(TestCaseExecutor.java:418)
	at com.kms.katalon.core.main.TestCaseExecutor.accessMainPhase(TestCaseExecutor.java:410)
	at com.kms.katalon.core.main.TestCaseExecutor.execute(TestCaseExecutor.java:285)
	at com.kms.katalon.core.common.CommonExecutor.accessTestCaseMainPhase(CommonExecutor.java:65)
	at com.kms.katalon.core.main.TestSuiteExecutor.accessTestSuiteMainPhase(TestSuiteExecutor.java:148)
	at com.kms.katalon.core.main.TestSuiteExecutor.execute(TestSuiteExecutor.java:106)
	at com.kms.katalon.core.main.TestCaseMain.startTestSuite(TestCaseMain.java:187)
	at com.kms.katalon.core.main.TestCaseMain$startTestSuite$0.call(Unknown Source)
	at TempTestSuite1684825256355.run(TempTestSuite1684825256355.groovy:36)
Caused by: com.kms.katalon.core.exception.StepFailedException: Web element with id: 'Object Repository/09-Settings/Organization/snack-bar-container_Settings savedOK' located by '//snack-bar-container[(text() = 'Settings savedOK' or . = 'Settings savedOK')]' not found
	at com.kms.katalon.core.webui.keyword.internal.WebUIKeywordMain.stepFailed(WebUIKeywordMain.groovy:64)
	at com.kms.katalon.core.webui.keyword.builtin.VerifyElementVisibleKeyword$_verifyElementVisible_closure1.doCall(VerifyElementVisibleKeyword.groovy:89)
	at com.kms.katalon.core.webui.keyword.builtin.VerifyElementVisibleKeyword$_verifyElementVisible_closure1.call(VerifyElementVisibleKeyword.groovy)
	at com.kms.katalon.core.webui.keyword.internal.WebUIKeywordMain.runKeyword(WebUIKeywordMain.groovy:20)
	... 19 more
)

2023-05-23 15:04:30 - [MESSAGE][INFO] - Unable to find the element located by 'By.xpath: //snack-bar-container[(text() = 'Settings savedOK' or . = 'Settings savedOK')]'. Please recheck the objects properties to make sure the desired element is located. 

2023-05-23 15:04:30 - [MESSAGE][FAILED] - Web element with id: 'Object Repository/09-Settings/Organization/snack-bar-container_Settings savedOK' located by '//snack-bar-container[(text() = 'Settings savedOK' or . = 'Settings savedOK')]' not found (Root cause: com.kms.katalon.core.exception.StepFailedException: Web element with id: 'Object Repository/09-Settings/Organization/snack-bar-container_Settings savedOK' located by '//snack-bar-container[(text() = 'Settings savedOK' or . = 'Settings savedOK')]' not found
	at com.kms.katalon.core.webui.keyword.internal.WebUIKeywordMain.stepFailed(WebUIKeywordMain.groovy:64)
	at com.kms.katalon.core.webui.keyword.builtin.VerifyElementVisibleKeyword$_verifyElementVisible_closure1.doCall(VerifyElementVisibleKeyword.groovy:89)
	at com.kms.katalon.core.webui.keyword.builtin.VerifyElementVisibleKeyword$_verifyElementVisible_closure1.call(VerifyElementVisibleKeyword.groovy)
	at com.kms.katalon.core.webui.keyword.internal.WebUIKeywordMain.runKeyword(WebUIKeywordMain.groovy:20)
	at com.kms.katalon.core.webui.keyword.builtin.VerifyElementVisibleKeyword.verifyElementVisible(VerifyElementVisibleKeyword.groovy:97)
	at com.kms.katalon.core.webui.keyword.builtin.VerifyElementVisibleKeyword.execute(VerifyElementVisibleKeyword.groovy:67)
	at com.kms.katalon.core.keyword.internal.KeywordExecutor.executeKeywordForPlatform(KeywordExecutor.groovy:74)
	at com.kms.katalon.core.webui.keyword.WebUiBuiltInKeywords.verifyElementVisible(WebUiBuiltInKeywords.groovy:376)
	at com.kms.katalon.core.webui.keyword.WebUiBuiltInKeywords$verifyElementVisible$11.call(Unknown Source)
	at 23 - Organization - Profile Settings.run(23 - Organization - Profile Settings:235)
	at com.kms.katalon.core.main.ScriptEngine.run(ScriptEngine.java:194)
	at com.kms.katalon.core.main.ScriptEngine.runScriptAsRawText(ScriptEngine.java:119)
	at com.kms.katalon.core.main.TestCaseExecutor.runScript(TestCaseExecutor.java:448)
	at com.kms.katalon.core.main.TestCaseExecutor.doExecute(TestCaseExecutor.java:439)
	at com.kms.katalon.core.main.TestCaseExecutor.processExecutionPhase(TestCaseExecutor.java:418)
	at com.kms.katalon.core.main.TestCaseExecutor.accessMainPhase(TestCaseExecutor.java:410)
	at com.kms.katalon.core.main.TestCaseExecutor.execute(TestCaseExecutor.java:285)
	at com.kms.katalon.core.common.CommonExecutor.accessTestCaseMainPhase(CommonExecutor.java:65)
	at com.kms.katalon.core.main.TestSuiteExecutor.accessTestSuiteMainPhase(TestSuiteExecutor.java:148)
	at com.kms.katalon.core.main.TestSuiteExecutor.execute(TestSuiteExecutor.java:106)
	at com.kms.katalon.core.main.TestCaseMain.startTestSuite(TestCaseMain.java:187)
	at com.kms.katalon.core.main.TestCaseMain$startTestSuite$0.call(Unknown Source)
	at TempTestSuite1684825256355.run(TempTestSuite1684825256355.groovy:36)
)
[[ATTACHMENT|D:\\Users\\Michelle\\Project\\Everleagues\\Reports\\20230523_150056\\TS-Organization\\09.5 - Settings (Organization)\\20230523_150056\\1684825470064.png]]

2023-05-23 15:04:30 - [MESSAGE][FAILED] - Unable to verify object 'Object Repository/09-Settings/Organization/snack-bar-container_Settings savedOK' is visible (Root cause: com.kms.katalon.core.exception.StepFailedException: Unable to verify object 'Object Repository/09-Settings/Organization/snack-bar-container_Settings savedOK' is visible
	at com.kms.katalon.core.webui.keyword.internal.WebUIKeywordMain.stepFailed(WebUIKeywordMain.groovy:64)
	at com.kms.katalon.core.webui.keyword.internal.WebUIKeywordMain.runKeyword(WebUIKeywordMain.groovy:26)
	at com.kms.katalon.core.webui.keyword.builtin.VerifyElementVisibleKeyword.verifyElementVisible(VerifyElementVisibleKeyword.groovy:97)
	at com.kms.katalon.core.webui.keyword.builtin.VerifyElementVisibleKeyword.execute(VerifyElementVisibleKeyword.groovy:67)
	at com.kms.katalon.core.keyword.internal.KeywordExecutor.executeKeywordForPlatform(KeywordExecutor.groovy:74)
	at com.kms.katalon.core.webui.keyword.WebUiBuiltInKeywords.verifyElementVisible(WebUiBuiltInKeywords.groovy:376)
	at com.kms.katalon.core.webui.keyword.WebUiBuiltInKeywords$verifyElementVisible$11.call(Unknown Source)
	at 23 - Organization - Profile Settings.run(23 - Organization - Profile Settings:235)
	at com.kms.katalon.core.main.ScriptEngine.run(ScriptEngine.java:194)
	at com.kms.katalon.core.main.ScriptEngine.runScriptAsRawText(ScriptEngine.java:119)
	at com.kms.katalon.core.main.TestCaseExecutor.runScript(TestCaseExecutor.java:448)
	at com.kms.katalon.core.main.TestCaseExecutor.doExecute(TestCaseExecutor.java:439)
	at com.kms.katalon.core.main.TestCaseExecutor.processExecutionPhase(TestCaseExecutor.java:418)
	at com.kms.katalon.core.main.TestCaseExecutor.accessMainPhase(TestCaseExecutor.java:410)
	at com.kms.katalon.core.main.TestCaseExecutor.execute(TestCaseExecutor.java:285)
	at com.kms.katalon.core.common.CommonExecutor.accessTestCaseMainPhase(CommonExecutor.java:65)
	at com.kms.katalon.core.main.TestSuiteExecutor.accessTestSuiteMainPhase(TestSuiteExecutor.java:148)
	at com.kms.katalon.core.main.TestSuiteExecutor.execute(TestSuiteExecutor.java:106)
	at com.kms.katalon.core.main.TestCaseMain.startTestSuite(TestCaseMain.java:187)
	at com.kms.katalon.core.main.TestCaseMain$startTestSuite$0.call(Unknown Source)
	at TempTestSuite1684825256355.run(TempTestSuite1684825256355.groovy:36)
Caused by: com.kms.katalon.core.exception.StepFailedException: Web element with id: 'Object Repository/09-Settings/Organization/snack-bar-container_Settings savedOK' located by '//snack-bar-container[(text() = 'Settings savedOK' or . = 'Settings savedOK')]' not found
	at com.kms.katalon.core.webui.keyword.internal.WebUIKeywordMain.stepFailed(WebUIKeywordMain.groovy:64)
	at com.kms.katalon.core.webui.keyword.builtin.VerifyElementVisibleKeyword$_verifyElementVisible_closure1.doCall(VerifyElementVisibleKeyword.groovy:89)
	at com.kms.katalon.core.webui.keyword.builtin.VerifyElementVisibleKeyword$_verifyElementVisible_closure1.call(VerifyElementVisibleKeyword.groovy)
	at com.kms.katalon.core.webui.keyword.internal.WebUIKeywordMain.runKeyword(WebUIKeywordMain.groovy:20)
	... 19 more
)
[[ATTACHMENT|D:\\Users\\Michelle\\Project\\Everleagues\\Reports\\20230523_150056\\TS-Organization\\09.5 - Settings (Organization)\\20230523_150056\\1684825470563.png]]]]></system-out>
         <system-err><![CDATA[2023-05-23 15:01:05 - [TEST_CASE][FAILED] - Test Cases/09-Settings/23 - Organization - Profile Settings: Test Cases/09-Settings/23 - Organization - Profile Settings FAILED.
Reason:
com.kms.katalon.core.exception.StepFailedException: Unable to verify object 'Object Repository/09-Settings/Organization/snack-bar-container_Settings savedOK' is visible
	at com.kms.katalon.core.webui.keyword.internal.WebUIKeywordMain.stepFailed(WebUIKeywordMain.groovy:64)
	at com.kms.katalon.core.webui.keyword.internal.WebUIKeywordMain.runKeyword(WebUIKeywordMain.groovy:26)
	at com.kms.katalon.core.webui.keyword.builtin.VerifyElementVisibleKeyword.verifyElementVisible(VerifyElementVisibleKeyword.groovy:97)
	at com.kms.katalon.core.webui.keyword.builtin.VerifyElementVisibleKeyword.execute(VerifyElementVisibleKeyword.groovy:67)
	at com.kms.katalon.core.keyword.internal.KeywordExecutor.executeKeywordForPlatform(KeywordExecutor.groovy:74)
	at com.kms.katalon.core.webui.keyword.WebUiBuiltInKeywords.verifyElementVisible(WebUiBuiltInKeywords.groovy:376)
	at com.kms.katalon.core.webui.keyword.WebUiBuiltInKeywords$verifyElementVisible$11.call(Unknown Source)
	at 23 - Organization - Profile Settings.run(23 - Organization - Profile Settings:235)
	at com.kms.katalon.core.main.ScriptEngine.run(ScriptEngine.java:194)
	at com.kms.katalon.core.main.ScriptEngine.runScriptAsRawText(ScriptEngine.java:119)
	at com.kms.katalon.core.main.TestCaseExecutor.runScript(TestCaseExecutor.java:448)
	at com.kms.katalon.core.main.TestCaseExecutor.doExecute(TestCaseExecutor.java:439)
	at com.kms.katalon.core.main.TestCaseExecutor.processExecutionPhase(TestCaseExecutor.java:418)
	at com.kms.katalon.core.main.TestCaseExecutor.accessMainPhase(TestCaseExecutor.java:410)
	at com.kms.katalon.core.main.TestCaseExecutor.execute(TestCaseExecutor.java:285)
	at com.kms.katalon.core.common.CommonExecutor.accessTestCaseMainPhase(CommonExecutor.java:65)
	at com.kms.katalon.core.main.TestSuiteExecutor.accessTestSuiteMainPhase(TestSuiteExecutor.java:148)
	at com.kms.katalon.core.main.TestSuiteExecutor.execute(TestSuiteExecutor.java:106)
	at com.kms.katalon.core.main.TestCaseMain.startTestSuite(TestCaseMain.java:187)
	at com.kms.katalon.core.main.TestCaseMain$startTestSuite$0.call(Unknown Source)
	at TempTestSuite1684825256355.run(TempTestSuite1684825256355.groovy:36)
Caused by: com.kms.katalon.core.exception.StepFailedException: Web element with id: 'Object Repository/09-Settings/Organization/snack-bar-container_Settings savedOK' located by '//snack-bar-container[(text() = 'Settings savedOK' or . = 'Settings savedOK')]' not found
	at com.kms.katalon.core.webui.keyword.internal.WebUIKeywordMain.stepFailed(WebUIKeywordMain.groovy:64)
	at com.kms.katalon.core.webui.keyword.builtin.VerifyElementVisibleKeyword$_verifyElementVisible_closure1.doCall(VerifyElementVisibleKeyword.groovy:89)
	at com.kms.katalon.core.webui.keyword.builtin.VerifyElementVisibleKeyword$_verifyElementVisible_closure1.call(VerifyElementVisibleKeyword.groovy)
	at com.kms.katalon.core.webui.keyword.internal.WebUIKeywordMain.runKeyword(WebUIKeywordMain.groovy:20)
	... 19 more]]></system-err>
      </testcase>
      <testcase name="Test Cases/09-Settings/24 - Organization - Settings" time="59.794" classname="Test Cases/09-Settings/24 - Organization - Settings" status="FAILED">
         <failure type="FAILED" message="Test Cases/09-Settings/24 - Organization - Settings FAILED.
Reason:
com.kms.katalon.core.exception.StepFailedException: Unable to click on object 'Object Repository/09-Settings/Organization/div_Settings'
	at com.kms.katalon.core.webui.keyword.internal.WebUIKeywordMain.stepFailed(WebUIKeywordMain.groovy:64)
	at com.kms.katalon.core.webui.keyword.internal.WebUIKeywordMain.runKeyword(WebUIKeywordMain.groovy:26)
	at com.kms.katalon.core.webui.keyword.builtin.ClickKeyword.click(ClickKeyword.groovy:74)
	at com.kms.katalon.core.webui.keyword.builtin.ClickKeyword.execute(ClickKeyword.groovy:40)
	at com.kms.katalon.core.keyword.internal.KeywordExecutor.executeKeywordForPlatform(KeywordExecutor.groovy:74)
	at com.kms.katalon.core.webui.keyword.WebUiBuiltInKeywords.click(WebUiBuiltInKeywords.groovy:620)
	at com.kms.katalon.core.webui.keyword.WebUiBuiltInKeywords$click$4.call(Unknown Source)
	at 24 - Organization - Settings.run(24 - Organization - Settings:80)
	at com.kms.katalon.core.main.ScriptEngine.run(ScriptEngine.java:194)
	at com.kms.katalon.core.main.ScriptEngine.runScriptAsRawText(ScriptEngine.java:119)
	at com.kms.katalon.core.main.TestCaseExecutor.runScript(TestCaseExecutor.java:448)
	at com.kms.katalon.core.main.TestCaseExecutor.doExecute(TestCaseExecutor.java:439)
	at com.kms.katalon.core.main.TestCaseExecutor.processExecutionPhase(TestCaseExecutor.java:418)
	at com.kms.katalon.core.main.TestCaseExecutor.accessMainPhase(TestCaseExecutor.java:410)
	at com.kms.katalon.core.main.TestCaseExecutor.execute(TestCaseExecutor.java:285)
	at com.kms.katalon.core.common.CommonExecutor.accessTestCaseMainPhase(CommonExecutor.java:65)
	at com.kms.katalon.core.main.TestSuiteExecutor.accessTestSuiteMainPhase(TestSuiteExecutor.java:148)
	at com.kms.katalon.core.main.TestSuiteExecutor.execute(TestSuiteExecutor.java:106)
	at com.kms.katalon.core.main.TestCaseMain.startTestSuite(TestCaseMain.java:187)
	at com.kms.katalon.core.main.TestCaseMain$startTestSuite$0.call(Unknown Source)
	at TempTestSuite1684825256355.run(TempTestSuite1684825256355.groovy:36)
Caused by: org.openqa.selenium.ElementClickInterceptedException: element click intercepted: Element &lt;div role=&quot;tab&quot; mattablabelwrapper=&quot;&quot; mat-ripple=&quot;&quot; cdkmonitorelementfocus=&quot;&quot; class=&quot;mat-ripple mat-tab-label mat-focus-indicator ng-star-inserted mat-tab-label-active&quot; id=&quot;mat-tab-label-0-1&quot; ng-reflect-disabled=&quot;false&quot; tabindex=&quot;0&quot; aria-posinset=&quot;2&quot; aria-setsize=&quot;2&quot; aria-controls=&quot;mat-tab-content-0-1&quot; aria-selected=&quot;true&quot; aria-disabled=&quot;false&quot; style=&quot;&quot;>...&lt;/div> is not clickable at point (560, 24). Other element would receive the click: &lt;h4 _ngcontent-mxr-c501=&quot;&quot; class=&quot;ng-tns-c501-5&quot;>...&lt;/h4>
  (Session info: chrome=113.0.5672.127)
Build info: version: '3.141.59', revision: 'e82be7d358', time: '2018-11-14T08:25:53'
System info: host: 'LAPTOP-LF5VTH4H', ip: '192.168.100.69', os.name: 'Windows 10', os.arch: 'amd64', os.version: '10.0', java.version: '1.8.0_282'
Driver info: com.kms.katalon.selenium.driver.CChromeDriver
Capabilities {acceptInsecureCerts: false, browserName: chrome, browserVersion: 113.0.5672.127, chrome: {chromedriverVersion: 113.0.5672.63 (0e1a4471d5ae..., userDataDir: C:\Users\Mike\AppData\Local...}, goog:chromeOptions: {debuggerAddress: localhost:58086}, javascriptEnabled: true, networkConnectionEnabled: false, pageLoadStrategy: normal, platform: WINDOWS, platformName: WINDOWS, proxy: Proxy(), setWindowRect: true, strictFileInteractability: false, timeouts: {implicit: 0, pageLoad: 300000, script: 30000}, unhandledPromptBehavior: dismiss and notify, webauthn:extension:credBlob: true, webauthn:extension:largeBlob: true, webauthn:extension:minPinLength: true, webauthn:extension:prf: true, webauthn:virtualAuthenticators: true}
Session ID: 151130ed2a1acd04a62be02a6ac55064
	at org.openqa.selenium.remote.http.W3CHttpResponseCodec.createException(W3CHttpResponseCodec.java:187)
	at org.openqa.selenium.remote.http.W3CHttpResponseCodec.decode(W3CHttpResponseCodec.java:122)
	at org.openqa.selenium.remote.http.W3CHttpResponseCodec.decode(W3CHttpResponseCodec.java:49)
	at org.openqa.selenium.remote.HttpCommandExecutor.execute(HttpCommandExecutor.java:158)
	at org.openqa.selenium.remote.service.DriverCommandExecutor.execute(DriverCommandExecutor.java:83)
	at org.openqa.selenium.remote.RemoteWebDriver.execute(RemoteWebDriver.java:552)
	at com.kms.katalon.selenium.driver.CChromeDriver.execute(CChromeDriver.java:19)
	at org.openqa.selenium.remote.RemoteWebElement.execute(RemoteWebElement.java:285)
	at org.openqa.selenium.remote.RemoteWebElement.click(RemoteWebElement.java:84)
	at org.openqa.selenium.support.events.EventFiringWebDriver$EventFiringWebElement.lambda$new$0(EventFiringWebDriver.java:404)
	at com.sun.proxy.$Proxy11.click(Unknown Source)
	at org.openqa.selenium.support.events.EventFiringWebDriver$EventFiringWebElement.click(EventFiringWebDriver.java:417)
	at org.openqa.selenium.WebElement$click.call(Unknown Source)
	at com.kms.katalon.core.webui.keyword.builtin.ClickKeyword.clickUntilSuccessWithTimeout(ClickKeyword.groovy:81)
	at com.kms.katalon.core.webui.keyword.builtin.ClickKeyword.clickUntilSuccessWithTimeout(ClickKeyword.groovy)
	at com.kms.katalon.core.webui.keyword.builtin.ClickKeyword$_click_closure1.doCall(ClickKeyword.groovy:67)
	at com.kms.katalon.core.webui.keyword.builtin.ClickKeyword$_click_closure1.call(ClickKeyword.groovy)
	at com.kms.katalon.core.webui.keyword.internal.WebUIKeywordMain.runKeyword(WebUIKeywordMain.groovy:20)
	... 19 more
"/>
         <system-out><![CDATA[2023-05-23 15:04:30 - [TEST_CASE][FAILED] - Test Cases/09-Settings/24 - Organization - Settings: Test Cases/09-Settings/24 - Organization - Settings FAILED.
Reason:
com.kms.katalon.core.exception.StepFailedException: Unable to click on object 'Object Repository/09-Settings/Organization/div_Settings'
	at com.kms.katalon.core.webui.keyword.internal.WebUIKeywordMain.stepFailed(WebUIKeywordMain.groovy:64)
	at com.kms.katalon.core.webui.keyword.internal.WebUIKeywordMain.runKeyword(WebUIKeywordMain.groovy:26)
	at com.kms.katalon.core.webui.keyword.builtin.ClickKeyword.click(ClickKeyword.groovy:74)
	at com.kms.katalon.core.webui.keyword.builtin.ClickKeyword.execute(ClickKeyword.groovy:40)
	at com.kms.katalon.core.keyword.internal.KeywordExecutor.executeKeywordForPlatform(KeywordExecutor.groovy:74)
	at com.kms.katalon.core.webui.keyword.WebUiBuiltInKeywords.click(WebUiBuiltInKeywords.groovy:620)
	at com.kms.katalon.core.webui.keyword.WebUiBuiltInKeywords$click$4.call(Unknown Source)
	at 24 - Organization - Settings.run(24 - Organization - Settings:80)
	at com.kms.katalon.core.main.ScriptEngine.run(ScriptEngine.java:194)
	at com.kms.katalon.core.main.ScriptEngine.runScriptAsRawText(ScriptEngine.java:119)
	at com.kms.katalon.core.main.TestCaseExecutor.runScript(TestCaseExecutor.java:448)
	at com.kms.katalon.core.main.TestCaseExecutor.doExecute(TestCaseExecutor.java:439)
	at com.kms.katalon.core.main.TestCaseExecutor.processExecutionPhase(TestCaseExecutor.java:418)
	at com.kms.katalon.core.main.TestCaseExecutor.accessMainPhase(TestCaseExecutor.java:410)
	at com.kms.katalon.core.main.TestCaseExecutor.execute(TestCaseExecutor.java:285)
	at com.kms.katalon.core.common.CommonExecutor.accessTestCaseMainPhase(CommonExecutor.java:65)
	at com.kms.katalon.core.main.TestSuiteExecutor.accessTestSuiteMainPhase(TestSuiteExecutor.java:148)
	at com.kms.katalon.core.main.TestSuiteExecutor.execute(TestSuiteExecutor.java:106)
	at com.kms.katalon.core.main.TestCaseMain.startTestSuite(TestCaseMain.java:187)
	at com.kms.katalon.core.main.TestCaseMain$startTestSuite$0.call(Unknown Source)
	at TempTestSuite1684825256355.run(TempTestSuite1684825256355.groovy:36)
Caused by: org.openqa.selenium.ElementClickInterceptedException: element click intercepted: Element <div role="tab" mattablabelwrapper="" mat-ripple="" cdkmonitorelementfocus="" class="mat-ripple mat-tab-label mat-focus-indicator ng-star-inserted mat-tab-label-active" id="mat-tab-label-0-1" ng-reflect-disabled="false" tabindex="0" aria-posinset="2" aria-setsize="2" aria-controls="mat-tab-content-0-1" aria-selected="true" aria-disabled="false" style="">...</div> is not clickable at point (560, 24). Other element would receive the click: <h4 _ngcontent-mxr-c501="" class="ng-tns-c501-5">...</h4>
  (Session info: chrome=113.0.5672.127)
Build info: version: '3.141.59', revision: 'e82be7d358', time: '2018-11-14T08:25:53'
System info: host: 'LAPTOP-LF5VTH4H', ip: '192.168.100.69', os.name: 'Windows 10', os.arch: 'amd64', os.version: '10.0', java.version: '1.8.0_282'
Driver info: com.kms.katalon.selenium.driver.CChromeDriver
Capabilities {acceptInsecureCerts: false, browserName: chrome, browserVersion: 113.0.5672.127, chrome: {chromedriverVersion: 113.0.5672.63 (0e1a4471d5ae..., userDataDir: C:\Users\Mike\AppData\Local...}, goog:chromeOptions: {debuggerAddress: localhost:58086}, javascriptEnabled: true, networkConnectionEnabled: false, pageLoadStrategy: normal, platform: WINDOWS, platformName: WINDOWS, proxy: Proxy(), setWindowRect: true, strictFileInteractability: false, timeouts: {implicit: 0, pageLoad: 300000, script: 30000}, unhandledPromptBehavior: dismiss and notify, webauthn:extension:credBlob: true, webauthn:extension:largeBlob: true, webauthn:extension:minPinLength: true, webauthn:extension:prf: true, webauthn:virtualAuthenticators: true}
Session ID: 151130ed2a1acd04a62be02a6ac55064
	at org.openqa.selenium.remote.http.W3CHttpResponseCodec.createException(W3CHttpResponseCodec.java:187)
	at org.openqa.selenium.remote.http.W3CHttpResponseCodec.decode(W3CHttpResponseCodec.java:122)
	at org.openqa.selenium.remote.http.W3CHttpResponseCodec.decode(W3CHttpResponseCodec.java:49)
	at org.openqa.selenium.remote.HttpCommandExecutor.execute(HttpCommandExecutor.java:158)
	at org.openqa.selenium.remote.service.DriverCommandExecutor.execute(DriverCommandExecutor.java:83)
	at org.openqa.selenium.remote.RemoteWebDriver.execute(RemoteWebDriver.java:552)
	at com.kms.katalon.selenium.driver.CChromeDriver.execute(CChromeDriver.java:19)
	at org.openqa.selenium.remote.RemoteWebElement.execute(RemoteWebElement.java:285)
	at org.openqa.selenium.remote.RemoteWebElement.click(RemoteWebElement.java:84)
	at org.openqa.selenium.support.events.EventFiringWebDriver$EventFiringWebElement.lambda$new$0(EventFiringWebDriver.java:404)
	at com.sun.proxy.$Proxy11.click(Unknown Source)
	at org.openqa.selenium.support.events.EventFiringWebDriver$EventFiringWebElement.click(EventFiringWebDriver.java:417)
	at org.openqa.selenium.WebElement$click.call(Unknown Source)
	at com.kms.katalon.core.webui.keyword.builtin.ClickKeyword.clickUntilSuccessWithTimeout(ClickKeyword.groovy:81)
	at com.kms.katalon.core.webui.keyword.builtin.ClickKeyword.clickUntilSuccessWithTimeout(ClickKeyword.groovy)
	at com.kms.katalon.core.webui.keyword.builtin.ClickKeyword$_click_closure1.doCall(ClickKeyword.groovy:67)
	at com.kms.katalon.core.webui.keyword.builtin.ClickKeyword$_click_closure1.call(ClickKeyword.groovy)
	at com.kms.katalon.core.webui.keyword.internal.WebUIKeywordMain.runKeyword(WebUIKeywordMain.groovy:20)
	... 19 more


2023-05-23 15:04:31 - [TEST_STEP][PASSED] - delay(delay_3seconds): Delayed 3 second(s)

2023-05-23 15:04:34 - [MESSAGE][PASSED] - Delayed 3 second(s)

2023-05-23 15:04:34 - [TEST_STEP][PASSED] - click(findTestObject("09-Settings/Organization/div_Settings")): Object: 'Object Repository/09-Settings/Organization/div_Settings' is clicked on

2023-05-23 15:04:35 - [MESSAGE][PASSED] - Object: 'Object Repository/09-Settings/Organization/div_Settings' is clicked on

2023-05-23 15:04:35 - [TEST_STEP][PASSED] - verifyElementVisible(findTestObject("09-Settings/Organization/div_Settings page")): Object 'Object Repository/09-Settings/Organization/div_Settings page' is visible

2023-05-23 15:04:35 - [MESSAGE][PASSED] - Object 'Object Repository/09-Settings/Organization/div_Settings page' is visible

2023-05-23 15:04:35 - [TEST_STEP][PASSED] - delay(delay_3seconds): Delayed 3 second(s)

2023-05-23 15:04:38 - [MESSAGE][PASSED] - Delayed 3 second(s)

2023-05-23 15:04:38 - [TEST_STEP][PASSED] - verifyElementVisible(findTestObject("09-Settings/Organization/mat-card-title_Chat Message Settings")): Object 'Object Repository/09-Settings/Organization/mat-card-title_Chat Message Settings' is visible

2023-05-23 15:04:39 - [MESSAGE][PASSED] - Object 'Object Repository/09-Settings/Organization/mat-card-title_Chat Message Settings' is visible

2023-05-23 15:04:39 - [TEST_STEP][PASSED] - verifyElementVisible(findTestObject("09-Settings/Organization/mat-card_Chat Message Settings")): Object 'Object Repository/09-Settings/Organization/mat-card_Chat Message Settings' is visible

2023-05-23 15:04:39 - [MESSAGE][PASSED] - Object 'Object Repository/09-Settings/Organization/mat-card_Chat Message Settings' is visible

2023-05-23 15:04:39 - [TEST_STEP][PASSED] - click(findTestObject("09-Settings/Organization/toggle_Enable chat message editing")): Object: 'Object Repository/09-Settings/Organization/toggle_Enable chat message editing' is clicked on

2023-05-23 15:04:40 - [MESSAGE][PASSED] - Object: 'Object Repository/09-Settings/Organization/toggle_Enable chat message editing' is clicked on

2023-05-23 15:04:40 - [TEST_STEP][PASSED] - click(findTestObject("09-Settings/Organization/toggle_Enable chat message deletion")): Object: 'Object Repository/09-Settings/Organization/toggle_Enable chat message deletion' is clicked on

2023-05-23 15:04:41 - [MESSAGE][PASSED] - Object: 'Object Repository/09-Settings/Organization/toggle_Enable chat message deletion' is clicked on

2023-05-23 15:04:41 - [TEST_STEP][PASSED] - delay(delay_3seconds): Delayed 3 second(s)

2023-05-23 15:04:44 - [MESSAGE][PASSED] - Delayed 3 second(s)

2023-05-23 15:04:44 - [TEST_STEP][PASSED] - click(findTestObject("09-Settings/Organization/toggle_Enable chat message editing")): Object: 'Object Repository/09-Settings/Organization/toggle_Enable chat message editing' is clicked on

2023-05-23 15:04:44 - [MESSAGE][PASSED] - Object: 'Object Repository/09-Settings/Organization/toggle_Enable chat message editing' is clicked on

2023-05-23 15:04:44 - [TEST_STEP][PASSED] - click(findTestObject("09-Settings/Organization/toggle_Enable chat message deletion")): Object: 'Object Repository/09-Settings/Organization/toggle_Enable chat message deletion' is clicked on

2023-05-23 15:04:45 - [MESSAGE][PASSED] - Object: 'Object Repository/09-Settings/Organization/toggle_Enable chat message deletion' is clicked on

2023-05-23 15:04:45 - [TEST_STEP][PASSED] - delay(delay_2seconds): Delayed 2 second(s)

2023-05-23 15:04:47 - [MESSAGE][PASSED] - Delayed 2 second(s)

2023-05-23 15:04:47 - [TEST_STEP][PASSED] - click(findTestObject("09-Settings/Organization/div_Settings")): Object: 'Object Repository/09-Settings/Organization/div_Settings' is clicked on

2023-05-23 15:04:47 - [MESSAGE][PASSED] - Object: 'Object Repository/09-Settings/Organization/div_Settings' is clicked on

2023-05-23 15:04:47 - [TEST_STEP][PASSED] - delay(delay_2seconds): Delayed 2 second(s)

2023-05-23 15:04:49 - [MESSAGE][PASSED] - Delayed 2 second(s)

2023-05-23 15:04:49 - [TEST_STEP][PASSED] - verifyElementVisible(findTestObject("09-Settings/Organization/mat-card-title_Membership")): Object 'Object Repository/09-Settings/Organization/mat-card-title_Membership' is visible

2023-05-23 15:04:50 - [MESSAGE][PASSED] - Object 'Object Repository/09-Settings/Organization/mat-card-title_Membership' is visible

2023-05-23 15:04:50 - [TEST_STEP][PASSED] - verifyElementVisible(findTestObject("09-Settings/Organization/mat-card_Membership")): Object 'Object Repository/09-Settings/Organization/mat-card_Membership' is visible

2023-05-23 15:04:50 - [MESSAGE][PASSED] - Object 'Object Repository/09-Settings/Organization/mat-card_Membership' is visible

2023-05-23 15:04:50 - [TEST_STEP][PASSED] - verifyElementVisible(findTestObject("09-Settings/Organization/div_By enabling this option, all join requests via URL will be automatically approved")): Object 'Object Repository/09-Settings/Organization/div_By enabling this option, all join requests via URL will be automatically approved' is visible

2023-05-23 15:04:51 - [MESSAGE][PASSED] - Object 'Object Repository/09-Settings/Organization/div_By enabling this option, all join requests via URL will be automatically approved' is visible

2023-05-23 15:04:51 - [TEST_STEP][PASSED] - click(findTestObject("09-Settings/Organization/toggle_Enable auto approve")): Object: 'Object Repository/09-Settings/Organization/toggle_Enable auto approve' is clicked on

2023-05-23 15:04:51 - [MESSAGE][PASSED] - Object: 'Object Repository/09-Settings/Organization/toggle_Enable auto approve' is clicked on

2023-05-23 15:04:51 - [TEST_STEP][PASSED] - delay(delay_2seconds): Delayed 2 second(s)

2023-05-23 15:04:53 - [MESSAGE][PASSED] - Delayed 2 second(s)

2023-05-23 15:04:53 - [TEST_STEP][PASSED] - scrollToElement(findTestObject("09-Settings/Organization/mat-card-title_Cloud files"), 0): Scroll to object 'Object Repository/09-Settings/Organization/mat-card-title_Cloud files' successfully

2023-05-23 15:04:53 - [MESSAGE][WARNING] - Timeout '0' is invalid. Using default page load timeout: '30'

2023-05-23 15:04:53 - [MESSAGE][PASSED] - Scroll to object 'Object Repository/09-Settings/Organization/mat-card-title_Cloud files' successfully

2023-05-23 15:04:53 - [TEST_STEP][PASSED] - verifyElementVisible(findTestObject("09-Settings/Organization/mat-card-title_Cloud files")): Object 'Object Repository/09-Settings/Organization/mat-card-title_Cloud files' is visible

2023-05-23 15:04:54 - [MESSAGE][PASSED] - Object 'Object Repository/09-Settings/Organization/mat-card-title_Cloud files' is visible

2023-05-23 15:04:54 - [TEST_STEP][PASSED] - verifyElementVisible(findTestObject("09-Settings/Organization/mat-card-Cloud files")): Object 'Object Repository/09-Settings/Organization/mat-card-Cloud files' is visible

2023-05-23 15:04:54 - [MESSAGE][PASSED] - Object 'Object Repository/09-Settings/Organization/mat-card-Cloud files' is visible

2023-05-23 15:04:54 - [TEST_STEP][PASSED] - click(findTestObject("09-Settings/Organization/toggle_cloudfiles")): Object: 'Object Repository/09-Settings/Organization/toggle_cloudfiles' is clicked on

2023-05-23 15:04:55 - [MESSAGE][PASSED] - Object: 'Object Repository/09-Settings/Organization/toggle_cloudfiles' is clicked on

2023-05-23 15:04:55 - [TEST_STEP][PASSED] - delay(delay_2seconds): Delayed 2 second(s)

2023-05-23 15:04:57 - [MESSAGE][PASSED] - Delayed 2 second(s)

2023-05-23 15:04:57 - [TEST_STEP][FAILED] - click(findTestObject("09-Settings/Organization/div_Settings")): Unable to click on object 'Object Repository/09-Settings/Organization/div_Settings' (Root cause: com.kms.katalon.core.exception.StepFailedException: Unable to click on object 'Object Repository/09-Settings/Organization/div_Settings'
	at com.kms.katalon.core.webui.keyword.internal.WebUIKeywordMain.stepFailed(WebUIKeywordMain.groovy:64)
	at com.kms.katalon.core.webui.keyword.internal.WebUIKeywordMain.runKeyword(WebUIKeywordMain.groovy:26)
	at com.kms.katalon.core.webui.keyword.builtin.ClickKeyword.click(ClickKeyword.groovy:74)
	at com.kms.katalon.core.webui.keyword.builtin.ClickKeyword.execute(ClickKeyword.groovy:40)
	at com.kms.katalon.core.keyword.internal.KeywordExecutor.executeKeywordForPlatform(KeywordExecutor.groovy:74)
	at com.kms.katalon.core.webui.keyword.WebUiBuiltInKeywords.click(WebUiBuiltInKeywords.groovy:620)
	at com.kms.katalon.core.webui.keyword.WebUiBuiltInKeywords$click$4.call(Unknown Source)
	at 24 - Organization - Settings.run(24 - Organization - Settings:80)
	at com.kms.katalon.core.main.ScriptEngine.run(ScriptEngine.java:194)
	at com.kms.katalon.core.main.ScriptEngine.runScriptAsRawText(ScriptEngine.java:119)
	at com.kms.katalon.core.main.TestCaseExecutor.runScript(TestCaseExecutor.java:448)
	at com.kms.katalon.core.main.TestCaseExecutor.doExecute(TestCaseExecutor.java:439)
	at com.kms.katalon.core.main.TestCaseExecutor.processExecutionPhase(TestCaseExecutor.java:418)
	at com.kms.katalon.core.main.TestCaseExecutor.accessMainPhase(TestCaseExecutor.java:410)
	at com.kms.katalon.core.main.TestCaseExecutor.execute(TestCaseExecutor.java:285)
	at com.kms.katalon.core.common.CommonExecutor.accessTestCaseMainPhase(CommonExecutor.java:65)
	at com.kms.katalon.core.main.TestSuiteExecutor.accessTestSuiteMainPhase(TestSuiteExecutor.java:148)
	at com.kms.katalon.core.main.TestSuiteExecutor.execute(TestSuiteExecutor.java:106)
	at com.kms.katalon.core.main.TestCaseMain.startTestSuite(TestCaseMain.java:187)
	at com.kms.katalon.core.main.TestCaseMain$startTestSuite$0.call(Unknown Source)
	at TempTestSuite1684825256355.run(TempTestSuite1684825256355.groovy:36)
Caused by: org.openqa.selenium.ElementClickInterceptedException: element click intercepted: Element <div role="tab" mattablabelwrapper="" mat-ripple="" cdkmonitorelementfocus="" class="mat-ripple mat-tab-label mat-focus-indicator ng-star-inserted mat-tab-label-active" id="mat-tab-label-0-1" ng-reflect-disabled="false" tabindex="0" aria-posinset="2" aria-setsize="2" aria-controls="mat-tab-content-0-1" aria-selected="true" aria-disabled="false" style="">...</div> is not clickable at point (560, 24). Other element would receive the click: <h4 _ngcontent-mxr-c501="" class="ng-tns-c501-5">...</h4>
  (Session info: chrome=113.0.5672.127)
Build info: version: '3.141.59', revision: 'e82be7d358', time: '2018-11-14T08:25:53'
System info: host: 'LAPTOP-LF5VTH4H', ip: '192.168.100.69', os.name: 'Windows 10', os.arch: 'amd64', os.version: '10.0', java.version: '1.8.0_282'
Driver info: com.kms.katalon.selenium.driver.CChromeDriver
Capabilities {acceptInsecureCerts: false, browserName: chrome, browserVersion: 113.0.5672.127, chrome: {chromedriverVersion: 113.0.5672.63 (0e1a4471d5ae..., userDataDir: C:\Users\Mike\AppData\Local...}, goog:chromeOptions: {debuggerAddress: localhost:58086}, javascriptEnabled: true, networkConnectionEnabled: false, pageLoadStrategy: normal, platform: WINDOWS, platformName: WINDOWS, proxy: Proxy(), setWindowRect: true, strictFileInteractability: false, timeouts: {implicit: 0, pageLoad: 300000, script: 30000}, unhandledPromptBehavior: dismiss and notify, webauthn:extension:credBlob: true, webauthn:extension:largeBlob: true, webauthn:extension:minPinLength: true, webauthn:extension:prf: true, webauthn:virtualAuthenticators: true}
Session ID: 151130ed2a1acd04a62be02a6ac55064
	at org.openqa.selenium.remote.http.W3CHttpResponseCodec.createException(W3CHttpResponseCodec.java:187)
	at org.openqa.selenium.remote.http.W3CHttpResponseCodec.decode(W3CHttpResponseCodec.java:122)
	at org.openqa.selenium.remote.http.W3CHttpResponseCodec.decode(W3CHttpResponseCodec.java:49)
	at org.openqa.selenium.remote.HttpCommandExecutor.execute(HttpCommandExecutor.java:158)
	at org.openqa.selenium.remote.service.DriverCommandExecutor.execute(DriverCommandExecutor.java:83)
	at org.openqa.selenium.remote.RemoteWebDriver.execute(RemoteWebDriver.java:552)
	at com.kms.katalon.selenium.driver.CChromeDriver.execute(CChromeDriver.java:19)
	at org.openqa.selenium.remote.RemoteWebElement.execute(RemoteWebElement.java:285)
	at org.openqa.selenium.remote.RemoteWebElement.click(RemoteWebElement.java:84)
	at org.openqa.selenium.support.events.EventFiringWebDriver$EventFiringWebElement.lambda$new$0(EventFiringWebDriver.java:404)
	at com.sun.proxy.$Proxy11.click(Unknown Source)
	at org.openqa.selenium.support.events.EventFiringWebDriver$EventFiringWebElement.click(EventFiringWebDriver.java:417)
	at org.openqa.selenium.WebElement$click.call(Unknown Source)
	at com.kms.katalon.core.webui.keyword.builtin.ClickKeyword.clickUntilSuccessWithTimeout(ClickKeyword.groovy:81)
	at com.kms.katalon.core.webui.keyword.builtin.ClickKeyword.clickUntilSuccessWithTimeout(ClickKeyword.groovy)
	at com.kms.katalon.core.webui.keyword.builtin.ClickKeyword$_click_closure1.doCall(ClickKeyword.groovy:67)
	at com.kms.katalon.core.webui.keyword.builtin.ClickKeyword$_click_closure1.call(ClickKeyword.groovy)
	at com.kms.katalon.core.webui.keyword.internal.WebUIKeywordMain.runKeyword(WebUIKeywordMain.groovy:20)
	at com.kms.katalon.core.webui.keyword.builtin.ClickKeyword.click(ClickKeyword.groovy:74)
	at com.kms.katalon.core.webui.keyword.builtin.ClickKeyword.execute(ClickKeyword.groovy:40)
	at com.kms.katalon.core.keyword.internal.KeywordExecutor.executeKeywordForPlatform(KeywordExecutor.groovy:74)
	at com.kms.katalon.core.webui.keyword.WebUiBuiltInKeywords.click(WebUiBuiltInKeywords.groovy:620)
	at com.kms.katalon.core.webui.keyword.WebUiBuiltInKeywords$click$4.call(Unknown Source)
	at Script1665573593955.run(Script1665573593955.groovy:80)
	... 13 more
)

2023-05-23 15:05:30 - [MESSAGE][FAILED] - Unable to click on object 'Object Repository/09-Settings/Organization/div_Settings' (Root cause: com.kms.katalon.core.exception.StepFailedException: Unable to click on object 'Object Repository/09-Settings/Organization/div_Settings'
	at com.kms.katalon.core.webui.keyword.internal.WebUIKeywordMain.stepFailed(WebUIKeywordMain.groovy:64)
	at com.kms.katalon.core.webui.keyword.internal.WebUIKeywordMain.runKeyword(WebUIKeywordMain.groovy:26)
	at com.kms.katalon.core.webui.keyword.builtin.ClickKeyword.click(ClickKeyword.groovy:74)
	at com.kms.katalon.core.webui.keyword.builtin.ClickKeyword.execute(ClickKeyword.groovy:40)
	at com.kms.katalon.core.keyword.internal.KeywordExecutor.executeKeywordForPlatform(KeywordExecutor.groovy:74)
	at com.kms.katalon.core.webui.keyword.WebUiBuiltInKeywords.click(WebUiBuiltInKeywords.groovy:620)
	at com.kms.katalon.core.webui.keyword.WebUiBuiltInKeywords$click$4.call(Unknown Source)
	at 24 - Organization - Settings.run(24 - Organization - Settings:80)
	at com.kms.katalon.core.main.ScriptEngine.run(ScriptEngine.java:194)
	at com.kms.katalon.core.main.ScriptEngine.runScriptAsRawText(ScriptEngine.java:119)
	at com.kms.katalon.core.main.TestCaseExecutor.runScript(TestCaseExecutor.java:448)
	at com.kms.katalon.core.main.TestCaseExecutor.doExecute(TestCaseExecutor.java:439)
	at com.kms.katalon.core.main.TestCaseExecutor.processExecutionPhase(TestCaseExecutor.java:418)
	at com.kms.katalon.core.main.TestCaseExecutor.accessMainPhase(TestCaseExecutor.java:410)
	at com.kms.katalon.core.main.TestCaseExecutor.execute(TestCaseExecutor.java:285)
	at com.kms.katalon.core.common.CommonExecutor.accessTestCaseMainPhase(CommonExecutor.java:65)
	at com.kms.katalon.core.main.TestSuiteExecutor.accessTestSuiteMainPhase(TestSuiteExecutor.java:148)
	at com.kms.katalon.core.main.TestSuiteExecutor.execute(TestSuiteExecutor.java:106)
	at com.kms.katalon.core.main.TestCaseMain.startTestSuite(TestCaseMain.java:187)
	at com.kms.katalon.core.main.TestCaseMain$startTestSuite$0.call(Unknown Source)
	at TempTestSuite1684825256355.run(TempTestSuite1684825256355.groovy:36)
Caused by: org.openqa.selenium.ElementClickInterceptedException: element click intercepted: Element <div role="tab" mattablabelwrapper="" mat-ripple="" cdkmonitorelementfocus="" class="mat-ripple mat-tab-label mat-focus-indicator ng-star-inserted mat-tab-label-active" id="mat-tab-label-0-1" ng-reflect-disabled="false" tabindex="0" aria-posinset="2" aria-setsize="2" aria-controls="mat-tab-content-0-1" aria-selected="true" aria-disabled="false" style="">...</div> is not clickable at point (560, 24). Other element would receive the click: <h4 _ngcontent-mxr-c501="" class="ng-tns-c501-5">...</h4>
  (Session info: chrome=113.0.5672.127)
Build info: version: '3.141.59', revision: 'e82be7d358', time: '2018-11-14T08:25:53'
System info: host: 'LAPTOP-LF5VTH4H', ip: '192.168.100.69', os.name: 'Windows 10', os.arch: 'amd64', os.version: '10.0', java.version: '1.8.0_282'
Driver info: com.kms.katalon.selenium.driver.CChromeDriver
Capabilities {acceptInsecureCerts: false, browserName: chrome, browserVersion: 113.0.5672.127, chrome: {chromedriverVersion: 113.0.5672.63 (0e1a4471d5ae..., userDataDir: C:\Users\Mike\AppData\Local...}, goog:chromeOptions: {debuggerAddress: localhost:58086}, javascriptEnabled: true, networkConnectionEnabled: false, pageLoadStrategy: normal, platform: WINDOWS, platformName: WINDOWS, proxy: Proxy(), setWindowRect: true, strictFileInteractability: false, timeouts: {implicit: 0, pageLoad: 300000, script: 30000}, unhandledPromptBehavior: dismiss and notify, webauthn:extension:credBlob: true, webauthn:extension:largeBlob: true, webauthn:extension:minPinLength: true, webauthn:extension:prf: true, webauthn:virtualAuthenticators: true}
Session ID: 151130ed2a1acd04a62be02a6ac55064
	at org.openqa.selenium.remote.http.W3CHttpResponseCodec.createException(W3CHttpResponseCodec.java:187)
	at org.openqa.selenium.remote.http.W3CHttpResponseCodec.decode(W3CHttpResponseCodec.java:122)
	at org.openqa.selenium.remote.http.W3CHttpResponseCodec.decode(W3CHttpResponseCodec.java:49)
	at org.openqa.selenium.remote.HttpCommandExecutor.execute(HttpCommandExecutor.java:158)
	at org.openqa.selenium.remote.service.DriverCommandExecutor.execute(DriverCommandExecutor.java:83)
	at org.openqa.selenium.remote.RemoteWebDriver.execute(RemoteWebDriver.java:552)
	at com.kms.katalon.selenium.driver.CChromeDriver.execute(CChromeDriver.java:19)
	at org.openqa.selenium.remote.RemoteWebElement.execute(RemoteWebElement.java:285)
	at org.openqa.selenium.remote.RemoteWebElement.click(RemoteWebElement.java:84)
	at org.openqa.selenium.support.events.EventFiringWebDriver$EventFiringWebElement.lambda$new$0(EventFiringWebDriver.java:404)
	at com.sun.proxy.$Proxy11.click(Unknown Source)
	at org.openqa.selenium.support.events.EventFiringWebDriver$EventFiringWebElement.click(EventFiringWebDriver.java:417)
	at org.openqa.selenium.WebElement$click.call(Unknown Source)
	at com.kms.katalon.core.webui.keyword.builtin.ClickKeyword.clickUntilSuccessWithTimeout(ClickKeyword.groovy:81)
	at com.kms.katalon.core.webui.keyword.builtin.ClickKeyword.clickUntilSuccessWithTimeout(ClickKeyword.groovy)
	at com.kms.katalon.core.webui.keyword.builtin.ClickKeyword$_click_closure1.doCall(ClickKeyword.groovy:67)
	at com.kms.katalon.core.webui.keyword.builtin.ClickKeyword$_click_closure1.call(ClickKeyword.groovy)
	at com.kms.katalon.core.webui.keyword.internal.WebUIKeywordMain.runKeyword(WebUIKeywordMain.groovy:20)
	at com.kms.katalon.core.webui.keyword.builtin.ClickKeyword.click(ClickKeyword.groovy:74)
	at com.kms.katalon.core.webui.keyword.builtin.ClickKeyword.execute(ClickKeyword.groovy:40)
	at com.kms.katalon.core.keyword.internal.KeywordExecutor.executeKeywordForPlatform(KeywordExecutor.groovy:74)
	at com.kms.katalon.core.webui.keyword.WebUiBuiltInKeywords.click(WebUiBuiltInKeywords.groovy:620)
	at com.kms.katalon.core.webui.keyword.WebUiBuiltInKeywords$click$4.call(Unknown Source)
	at Script1665573593955.run(Script1665573593955.groovy:80)
	... 13 more
)
[[ATTACHMENT|D:\\Users\\Michelle\\Project\\Everleagues\\Reports\\20230523_150056\\TS-Organization\\09.5 - Settings (Organization)\\20230523_150056\\1684825530465.png]]]]></system-out>
         <system-err><![CDATA[2023-05-23 15:04:30 - [TEST_CASE][FAILED] - Test Cases/09-Settings/24 - Organization - Settings: Test Cases/09-Settings/24 - Organization - Settings FAILED.
Reason:
com.kms.katalon.core.exception.StepFailedException: Unable to click on object 'Object Repository/09-Settings/Organization/div_Settings'
	at com.kms.katalon.core.webui.keyword.internal.WebUIKeywordMain.stepFailed(WebUIKeywordMain.groovy:64)
	at com.kms.katalon.core.webui.keyword.internal.WebUIKeywordMain.runKeyword(WebUIKeywordMain.groovy:26)
	at com.kms.katalon.core.webui.keyword.builtin.ClickKeyword.click(ClickKeyword.groovy:74)
	at com.kms.katalon.core.webui.keyword.builtin.ClickKeyword.execute(ClickKeyword.groovy:40)
	at com.kms.katalon.core.keyword.internal.KeywordExecutor.executeKeywordForPlatform(KeywordExecutor.groovy:74)
	at com.kms.katalon.core.webui.keyword.WebUiBuiltInKeywords.click(WebUiBuiltInKeywords.groovy:620)
	at com.kms.katalon.core.webui.keyword.WebUiBuiltInKeywords$click$4.call(Unknown Source)
	at 24 - Organization - Settings.run(24 - Organization - Settings:80)
	at com.kms.katalon.core.main.ScriptEngine.run(ScriptEngine.java:194)
	at com.kms.katalon.core.main.ScriptEngine.runScriptAsRawText(ScriptEngine.java:119)
	at com.kms.katalon.core.main.TestCaseExecutor.runScript(TestCaseExecutor.java:448)
	at com.kms.katalon.core.main.TestCaseExecutor.doExecute(TestCaseExecutor.java:439)
	at com.kms.katalon.core.main.TestCaseExecutor.processExecutionPhase(TestCaseExecutor.java:418)
	at com.kms.katalon.core.main.TestCaseExecutor.accessMainPhase(TestCaseExecutor.java:410)
	at com.kms.katalon.core.main.TestCaseExecutor.execute(TestCaseExecutor.java:285)
	at com.kms.katalon.core.common.CommonExecutor.accessTestCaseMainPhase(CommonExecutor.java:65)
	at com.kms.katalon.core.main.TestSuiteExecutor.accessTestSuiteMainPhase(TestSuiteExecutor.java:148)
	at com.kms.katalon.core.main.TestSuiteExecutor.execute(TestSuiteExecutor.java:106)
	at com.kms.katalon.core.main.TestCaseMain.startTestSuite(TestCaseMain.java:187)
	at com.kms.katalon.core.main.TestCaseMain$startTestSuite$0.call(Unknown Source)
	at TempTestSuite1684825256355.run(TempTestSuite1684825256355.groovy:36)
Caused by: org.openqa.selenium.ElementClickInterceptedException: element click intercepted: Element <div role="tab" mattablabelwrapper="" mat-ripple="" cdkmonitorelementfocus="" class="mat-ripple mat-tab-label mat-focus-indicator ng-star-inserted mat-tab-label-active" id="mat-tab-label-0-1" ng-reflect-disabled="false" tabindex="0" aria-posinset="2" aria-setsize="2" aria-controls="mat-tab-content-0-1" aria-selected="true" aria-disabled="false" style="">...</div> is not clickable at point (560, 24). Other element would receive the click: <h4 _ngcontent-mxr-c501="" class="ng-tns-c501-5">...</h4>
  (Session info: chrome=113.0.5672.127)
Build info: version: '3.141.59', revision: 'e82be7d358', time: '2018-11-14T08:25:53'
System info: host: 'LAPTOP-LF5VTH4H', ip: '192.168.100.69', os.name: 'Windows 10', os.arch: 'amd64', os.version: '10.0', java.version: '1.8.0_282'
Driver info: com.kms.katalon.selenium.driver.CChromeDriver
Capabilities {acceptInsecureCerts: false, browserName: chrome, browserVersion: 113.0.5672.127, chrome: {chromedriverVersion: 113.0.5672.63 (0e1a4471d5ae..., userDataDir: C:\Users\Mike\AppData\Local...}, goog:chromeOptions: {debuggerAddress: localhost:58086}, javascriptEnabled: true, networkConnectionEnabled: false, pageLoadStrategy: normal, platform: WINDOWS, platformName: WINDOWS, proxy: Proxy(), setWindowRect: true, strictFileInteractability: false, timeouts: {implicit: 0, pageLoad: 300000, script: 30000}, unhandledPromptBehavior: dismiss and notify, webauthn:extension:credBlob: true, webauthn:extension:largeBlob: true, webauthn:extension:minPinLength: true, webauthn:extension:prf: true, webauthn:virtualAuthenticators: true}
Session ID: 151130ed2a1acd04a62be02a6ac55064
	at org.openqa.selenium.remote.http.W3CHttpResponseCodec.createException(W3CHttpResponseCodec.java:187)
	at org.openqa.selenium.remote.http.W3CHttpResponseCodec.decode(W3CHttpResponseCodec.java:122)
	at org.openqa.selenium.remote.http.W3CHttpResponseCodec.decode(W3CHttpResponseCodec.java:49)
	at org.openqa.selenium.remote.HttpCommandExecutor.execute(HttpCommandExecutor.java:158)
	at org.openqa.selenium.remote.service.DriverCommandExecutor.execute(DriverCommandExecutor.java:83)
	at org.openqa.selenium.remote.RemoteWebDriver.execute(RemoteWebDriver.java:552)
	at com.kms.katalon.selenium.driver.CChromeDriver.execute(CChromeDriver.java:19)
	at org.openqa.selenium.remote.RemoteWebElement.execute(RemoteWebElement.java:285)
	at org.openqa.selenium.remote.RemoteWebElement.click(RemoteWebElement.java:84)
	at org.openqa.selenium.support.events.EventFiringWebDriver$EventFiringWebElement.lambda$new$0(EventFiringWebDriver.java:404)
	at com.sun.proxy.$Proxy11.click(Unknown Source)
	at org.openqa.selenium.support.events.EventFiringWebDriver$EventFiringWebElement.click(EventFiringWebDriver.java:417)
	at org.openqa.selenium.WebElement$click.call(Unknown Source)
	at com.kms.katalon.core.webui.keyword.builtin.ClickKeyword.clickUntilSuccessWithTimeout(ClickKeyword.groovy:81)
	at com.kms.katalon.core.webui.keyword.builtin.ClickKeyword.clickUntilSuccessWithTimeout(ClickKeyword.groovy)
	at com.kms.katalon.core.webui.keyword.builtin.ClickKeyword$_click_closure1.doCall(ClickKeyword.groovy:67)
	at com.kms.katalon.core.webui.keyword.builtin.ClickKeyword$_click_closure1.call(ClickKeyword.groovy)
	at com.kms.katalon.core.webui.keyword.internal.WebUIKeywordMain.runKeyword(WebUIKeywordMain.groovy:20)
	... 19 more]]></system-err>
      </testcase>
      <testcase name="Test Cases/09-Settings/25 - Organization - Delete Organization" time="37.172" classname="Test Cases/09-Settings/25 - Organization - Delete Organization" status="FAILED">
         <failure type="FAILED" message="Test Cases/09-Settings/25 - Organization - Delete Organization FAILED.
Reason:
com.kms.katalon.core.exception.StepFailedException: Unable to click on object 'Object Repository/09-Settings/Organization/div_Profile'
	at com.kms.katalon.core.webui.keyword.internal.WebUIKeywordMain.stepFailed(WebUIKeywordMain.groovy:64)
	at com.kms.katalon.core.webui.keyword.internal.WebUIKeywordMain.runKeyword(WebUIKeywordMain.groovy:26)
	at com.kms.katalon.core.webui.keyword.builtin.ClickKeyword.click(ClickKeyword.groovy:74)
	at com.kms.katalon.core.webui.keyword.builtin.ClickKeyword.execute(ClickKeyword.groovy:40)
	at com.kms.katalon.core.keyword.internal.KeywordExecutor.executeKeywordForPlatform(KeywordExecutor.groovy:74)
	at com.kms.katalon.core.webui.keyword.WebUiBuiltInKeywords.click(WebUiBuiltInKeywords.groovy:620)
	at com.kms.katalon.core.webui.keyword.WebUiBuiltInKeywords$click$4.call(Unknown Source)
	at 25 - Organization - Delete Organization.run(25 - Organization - Delete Organization:24)
	at com.kms.katalon.core.main.ScriptEngine.run(ScriptEngine.java:194)
	at com.kms.katalon.core.main.ScriptEngine.runScriptAsRawText(ScriptEngine.java:119)
	at com.kms.katalon.core.main.TestCaseExecutor.runScript(TestCaseExecutor.java:448)
	at com.kms.katalon.core.main.TestCaseExecutor.doExecute(TestCaseExecutor.java:439)
	at com.kms.katalon.core.main.TestCaseExecutor.processExecutionPhase(TestCaseExecutor.java:418)
	at com.kms.katalon.core.main.TestCaseExecutor.accessMainPhase(TestCaseExecutor.java:410)
	at com.kms.katalon.core.main.TestCaseExecutor.execute(TestCaseExecutor.java:285)
	at com.kms.katalon.core.common.CommonExecutor.accessTestCaseMainPhase(CommonExecutor.java:65)
	at com.kms.katalon.core.main.TestSuiteExecutor.accessTestSuiteMainPhase(TestSuiteExecutor.java:148)
	at com.kms.katalon.core.main.TestSuiteExecutor.execute(TestSuiteExecutor.java:106)
	at com.kms.katalon.core.main.TestCaseMain.startTestSuite(TestCaseMain.java:187)
	at com.kms.katalon.core.main.TestCaseMain$startTestSuite$0.call(Unknown Source)
	at TempTestSuite1684825256355.run(TempTestSuite1684825256355.groovy:36)
Caused by: org.openqa.selenium.ElementClickInterceptedException: element click intercepted: Element &lt;div role=&quot;tab&quot; mattablabelwrapper=&quot;&quot; mat-ripple=&quot;&quot; cdkmonitorelementfocus=&quot;&quot; class=&quot;mat-ripple mat-tab-label mat-focus-indicator ng-star-inserted&quot; id=&quot;mat-tab-label-0-0&quot; ng-reflect-disabled=&quot;false&quot; tabindex=&quot;-1&quot; aria-posinset=&quot;1&quot; aria-setsize=&quot;2&quot; aria-controls=&quot;mat-tab-content-0-0&quot; aria-selected=&quot;false&quot; aria-disabled=&quot;false&quot; style=&quot;&quot;>...&lt;/div> is not clickable at point (400, 24). Other element would receive the click: &lt;h4 _ngcontent-mxr-c501=&quot;&quot; class=&quot;ng-tns-c501-5&quot;>...&lt;/h4>
  (Session info: chrome=113.0.5672.127)
Build info: version: '3.141.59', revision: 'e82be7d358', time: '2018-11-14T08:25:53'
System info: host: 'LAPTOP-LF5VTH4H', ip: '192.168.100.69', os.name: 'Windows 10', os.arch: 'amd64', os.version: '10.0', java.version: '1.8.0_282'
Driver info: com.kms.katalon.selenium.driver.CChromeDriver
Capabilities {acceptInsecureCerts: false, browserName: chrome, browserVersion: 113.0.5672.127, chrome: {chromedriverVersion: 113.0.5672.63 (0e1a4471d5ae..., userDataDir: C:\Users\Mike\AppData\Local...}, goog:chromeOptions: {debuggerAddress: localhost:58086}, javascriptEnabled: true, networkConnectionEnabled: false, pageLoadStrategy: normal, platform: WINDOWS, platformName: WINDOWS, proxy: Proxy(), setWindowRect: true, strictFileInteractability: false, timeouts: {implicit: 0, pageLoad: 300000, script: 30000}, unhandledPromptBehavior: dismiss and notify, webauthn:extension:credBlob: true, webauthn:extension:largeBlob: true, webauthn:extension:minPinLength: true, webauthn:extension:prf: true, webauthn:virtualAuthenticators: true}
Session ID: 151130ed2a1acd04a62be02a6ac55064
	at org.openqa.selenium.remote.http.W3CHttpResponseCodec.createException(W3CHttpResponseCodec.java:187)
	at org.openqa.selenium.remote.http.W3CHttpResponseCodec.decode(W3CHttpResponseCodec.java:122)
	at org.openqa.selenium.remote.http.W3CHttpResponseCodec.decode(W3CHttpResponseCodec.java:49)
	at org.openqa.selenium.remote.HttpCommandExecutor.execute(HttpCommandExecutor.java:158)
	at org.openqa.selenium.remote.service.DriverCommandExecutor.execute(DriverCommandExecutor.java:83)
	at org.openqa.selenium.remote.RemoteWebDriver.execute(RemoteWebDriver.java:552)
	at com.kms.katalon.selenium.driver.CChromeDriver.execute(CChromeDriver.java:19)
	at org.openqa.selenium.remote.RemoteWebElement.execute(RemoteWebElement.java:285)
	at org.openqa.selenium.remote.RemoteWebElement.click(RemoteWebElement.java:84)
	at org.openqa.selenium.support.events.EventFiringWebDriver$EventFiringWebElement.lambda$new$0(EventFiringWebDriver.java:404)
	at com.sun.proxy.$Proxy11.click(Unknown Source)
	at org.openqa.selenium.support.events.EventFiringWebDriver$EventFiringWebElement.click(EventFiringWebDriver.java:417)
	at org.openqa.selenium.WebElement$click.call(Unknown Source)
	at com.kms.katalon.core.webui.keyword.builtin.ClickKeyword.clickUntilSuccessWithTimeout(ClickKeyword.groovy:81)
	at com.kms.katalon.core.webui.keyword.builtin.ClickKeyword.clickUntilSuccessWithTimeout(ClickKeyword.groovy)
	at com.kms.katalon.core.webui.keyword.builtin.ClickKeyword$_click_closure1.doCall(ClickKeyword.groovy:67)
	at com.kms.katalon.core.webui.keyword.builtin.ClickKeyword$_click_closure1.call(ClickKeyword.groovy)
	at com.kms.katalon.core.webui.keyword.internal.WebUIKeywordMain.runKeyword(WebUIKeywordMain.groovy:20)
	... 19 more
"/>
         <system-out><![CDATA[2023-05-23 15:05:30 - [TEST_CASE][FAILED] - Test Cases/09-Settings/25 - Organization - Delete Organization: Test Cases/09-Settings/25 - Organization - Delete Organization FAILED.
Reason:
com.kms.katalon.core.exception.StepFailedException: Unable to click on object 'Object Repository/09-Settings/Organization/div_Profile'
	at com.kms.katalon.core.webui.keyword.internal.WebUIKeywordMain.stepFailed(WebUIKeywordMain.groovy:64)
	at com.kms.katalon.core.webui.keyword.internal.WebUIKeywordMain.runKeyword(WebUIKeywordMain.groovy:26)
	at com.kms.katalon.core.webui.keyword.builtin.ClickKeyword.click(ClickKeyword.groovy:74)
	at com.kms.katalon.core.webui.keyword.builtin.ClickKeyword.execute(ClickKeyword.groovy:40)
	at com.kms.katalon.core.keyword.internal.KeywordExecutor.executeKeywordForPlatform(KeywordExecutor.groovy:74)
	at com.kms.katalon.core.webui.keyword.WebUiBuiltInKeywords.click(WebUiBuiltInKeywords.groovy:620)
	at com.kms.katalon.core.webui.keyword.WebUiBuiltInKeywords$click$4.call(Unknown Source)
	at 25 - Organization - Delete Organization.run(25 - Organization - Delete Organization:24)
	at com.kms.katalon.core.main.ScriptEngine.run(ScriptEngine.java:194)
	at com.kms.katalon.core.main.ScriptEngine.runScriptAsRawText(ScriptEngine.java:119)
	at com.kms.katalon.core.main.TestCaseExecutor.runScript(TestCaseExecutor.java:448)
	at com.kms.katalon.core.main.TestCaseExecutor.doExecute(TestCaseExecutor.java:439)
	at com.kms.katalon.core.main.TestCaseExecutor.processExecutionPhase(TestCaseExecutor.java:418)
	at com.kms.katalon.core.main.TestCaseExecutor.accessMainPhase(TestCaseExecutor.java:410)
	at com.kms.katalon.core.main.TestCaseExecutor.execute(TestCaseExecutor.java:285)
	at com.kms.katalon.core.common.CommonExecutor.accessTestCaseMainPhase(CommonExecutor.java:65)
	at com.kms.katalon.core.main.TestSuiteExecutor.accessTestSuiteMainPhase(TestSuiteExecutor.java:148)
	at com.kms.katalon.core.main.TestSuiteExecutor.execute(TestSuiteExecutor.java:106)
	at com.kms.katalon.core.main.TestCaseMain.startTestSuite(TestCaseMain.java:187)
	at com.kms.katalon.core.main.TestCaseMain$startTestSuite$0.call(Unknown Source)
	at TempTestSuite1684825256355.run(TempTestSuite1684825256355.groovy:36)
Caused by: org.openqa.selenium.ElementClickInterceptedException: element click intercepted: Element <div role="tab" mattablabelwrapper="" mat-ripple="" cdkmonitorelementfocus="" class="mat-ripple mat-tab-label mat-focus-indicator ng-star-inserted" id="mat-tab-label-0-0" ng-reflect-disabled="false" tabindex="-1" aria-posinset="1" aria-setsize="2" aria-controls="mat-tab-content-0-0" aria-selected="false" aria-disabled="false" style="">...</div> is not clickable at point (400, 24). Other element would receive the click: <h4 _ngcontent-mxr-c501="" class="ng-tns-c501-5">...</h4>
  (Session info: chrome=113.0.5672.127)
Build info: version: '3.141.59', revision: 'e82be7d358', time: '2018-11-14T08:25:53'
System info: host: 'LAPTOP-LF5VTH4H', ip: '192.168.100.69', os.name: 'Windows 10', os.arch: 'amd64', os.version: '10.0', java.version: '1.8.0_282'
Driver info: com.kms.katalon.selenium.driver.CChromeDriver
Capabilities {acceptInsecureCerts: false, browserName: chrome, browserVersion: 113.0.5672.127, chrome: {chromedriverVersion: 113.0.5672.63 (0e1a4471d5ae..., userDataDir: C:\Users\Mike\AppData\Local...}, goog:chromeOptions: {debuggerAddress: localhost:58086}, javascriptEnabled: true, networkConnectionEnabled: false, pageLoadStrategy: normal, platform: WINDOWS, platformName: WINDOWS, proxy: Proxy(), setWindowRect: true, strictFileInteractability: false, timeouts: {implicit: 0, pageLoad: 300000, script: 30000}, unhandledPromptBehavior: dismiss and notify, webauthn:extension:credBlob: true, webauthn:extension:largeBlob: true, webauthn:extension:minPinLength: true, webauthn:extension:prf: true, webauthn:virtualAuthenticators: true}
Session ID: 151130ed2a1acd04a62be02a6ac55064
	at org.openqa.selenium.remote.http.W3CHttpResponseCodec.createException(W3CHttpResponseCodec.java:187)
	at org.openqa.selenium.remote.http.W3CHttpResponseCodec.decode(W3CHttpResponseCodec.java:122)
	at org.openqa.selenium.remote.http.W3CHttpResponseCodec.decode(W3CHttpResponseCodec.java:49)
	at org.openqa.selenium.remote.HttpCommandExecutor.execute(HttpCommandExecutor.java:158)
	at org.openqa.selenium.remote.service.DriverCommandExecutor.execute(DriverCommandExecutor.java:83)
	at org.openqa.selenium.remote.RemoteWebDriver.execute(RemoteWebDriver.java:552)
	at com.kms.katalon.selenium.driver.CChromeDriver.execute(CChromeDriver.java:19)
	at org.openqa.selenium.remote.RemoteWebElement.execute(RemoteWebElement.java:285)
	at org.openqa.selenium.remote.RemoteWebElement.click(RemoteWebElement.java:84)
	at org.openqa.selenium.support.events.EventFiringWebDriver$EventFiringWebElement.lambda$new$0(EventFiringWebDriver.java:404)
	at com.sun.proxy.$Proxy11.click(Unknown Source)
	at org.openqa.selenium.support.events.EventFiringWebDriver$EventFiringWebElement.click(EventFiringWebDriver.java:417)
	at org.openqa.selenium.WebElement$click.call(Unknown Source)
	at com.kms.katalon.core.webui.keyword.builtin.ClickKeyword.clickUntilSuccessWithTimeout(ClickKeyword.groovy:81)
	at com.kms.katalon.core.webui.keyword.builtin.ClickKeyword.clickUntilSuccessWithTimeout(ClickKeyword.groovy)
	at com.kms.katalon.core.webui.keyword.builtin.ClickKeyword$_click_closure1.doCall(ClickKeyword.groovy:67)
	at com.kms.katalon.core.webui.keyword.builtin.ClickKeyword$_click_closure1.call(ClickKeyword.groovy)
	at com.kms.katalon.core.webui.keyword.internal.WebUIKeywordMain.runKeyword(WebUIKeywordMain.groovy:20)
	... 19 more


2023-05-23 15:05:31 - [TEST_STEP][PASSED] - delay(delay_3seconds): Delayed 3 second(s)

2023-05-23 15:05:34 - [MESSAGE][PASSED] - Delayed 3 second(s)

2023-05-23 15:05:34 - [TEST_STEP][PASSED] - scrollToElement(findTestObject("09-Settings/Organization/div_Profile"), 0): Scroll to object 'Object Repository/09-Settings/Organization/div_Profile' successfully

2023-05-23 15:05:34 - [MESSAGE][WARNING] - Timeout '0' is invalid. Using default page load timeout: '30'

2023-05-23 15:05:34 - [MESSAGE][PASSED] - Scroll to object 'Object Repository/09-Settings/Organization/div_Profile' successfully

2023-05-23 15:05:34 - [TEST_STEP][FAILED] - click(findTestObject("09-Settings/Organization/div_Profile")): Unable to click on object 'Object Repository/09-Settings/Organization/div_Profile' (Root cause: com.kms.katalon.core.exception.StepFailedException: Unable to click on object 'Object Repository/09-Settings/Organization/div_Profile'
	at com.kms.katalon.core.webui.keyword.internal.WebUIKeywordMain.stepFailed(WebUIKeywordMain.groovy:64)
	at com.kms.katalon.core.webui.keyword.internal.WebUIKeywordMain.runKeyword(WebUIKeywordMain.groovy:26)
	at com.kms.katalon.core.webui.keyword.builtin.ClickKeyword.click(ClickKeyword.groovy:74)
	at com.kms.katalon.core.webui.keyword.builtin.ClickKeyword.execute(ClickKeyword.groovy:40)
	at com.kms.katalon.core.keyword.internal.KeywordExecutor.executeKeywordForPlatform(KeywordExecutor.groovy:74)
	at com.kms.katalon.core.webui.keyword.WebUiBuiltInKeywords.click(WebUiBuiltInKeywords.groovy:620)
	at com.kms.katalon.core.webui.keyword.WebUiBuiltInKeywords$click$4.call(Unknown Source)
	at 25 - Organization - Delete Organization.run(25 - Organization - Delete Organization:24)
	at com.kms.katalon.core.main.ScriptEngine.run(ScriptEngine.java:194)
	at com.kms.katalon.core.main.ScriptEngine.runScriptAsRawText(ScriptEngine.java:119)
	at com.kms.katalon.core.main.TestCaseExecutor.runScript(TestCaseExecutor.java:448)
	at com.kms.katalon.core.main.TestCaseExecutor.doExecute(TestCaseExecutor.java:439)
	at com.kms.katalon.core.main.TestCaseExecutor.processExecutionPhase(TestCaseExecutor.java:418)
	at com.kms.katalon.core.main.TestCaseExecutor.accessMainPhase(TestCaseExecutor.java:410)
	at com.kms.katalon.core.main.TestCaseExecutor.execute(TestCaseExecutor.java:285)
	at com.kms.katalon.core.common.CommonExecutor.accessTestCaseMainPhase(CommonExecutor.java:65)
	at com.kms.katalon.core.main.TestSuiteExecutor.accessTestSuiteMainPhase(TestSuiteExecutor.java:148)
	at com.kms.katalon.core.main.TestSuiteExecutor.execute(TestSuiteExecutor.java:106)
	at com.kms.katalon.core.main.TestCaseMain.startTestSuite(TestCaseMain.java:187)
	at com.kms.katalon.core.main.TestCaseMain$startTestSuite$0.call(Unknown Source)
	at TempTestSuite1684825256355.run(TempTestSuite1684825256355.groovy:36)
Caused by: org.openqa.selenium.ElementClickInterceptedException: element click intercepted: Element <div role="tab" mattablabelwrapper="" mat-ripple="" cdkmonitorelementfocus="" class="mat-ripple mat-tab-label mat-focus-indicator ng-star-inserted" id="mat-tab-label-0-0" ng-reflect-disabled="false" tabindex="-1" aria-posinset="1" aria-setsize="2" aria-controls="mat-tab-content-0-0" aria-selected="false" aria-disabled="false" style="">...</div> is not clickable at point (400, 24). Other element would receive the click: <h4 _ngcontent-mxr-c501="" class="ng-tns-c501-5">...</h4>
  (Session info: chrome=113.0.5672.127)
Build info: version: '3.141.59', revision: 'e82be7d358', time: '2018-11-14T08:25:53'
System info: host: 'LAPTOP-LF5VTH4H', ip: '192.168.100.69', os.name: 'Windows 10', os.arch: 'amd64', os.version: '10.0', java.version: '1.8.0_282'
Driver info: com.kms.katalon.selenium.driver.CChromeDriver
Capabilities {acceptInsecureCerts: false, browserName: chrome, browserVersion: 113.0.5672.127, chrome: {chromedriverVersion: 113.0.5672.63 (0e1a4471d5ae..., userDataDir: C:\Users\Mike\AppData\Local...}, goog:chromeOptions: {debuggerAddress: localhost:58086}, javascriptEnabled: true, networkConnectionEnabled: false, pageLoadStrategy: normal, platform: WINDOWS, platformName: WINDOWS, proxy: Proxy(), setWindowRect: true, strictFileInteractability: false, timeouts: {implicit: 0, pageLoad: 300000, script: 30000}, unhandledPromptBehavior: dismiss and notify, webauthn:extension:credBlob: true, webauthn:extension:largeBlob: true, webauthn:extension:minPinLength: true, webauthn:extension:prf: true, webauthn:virtualAuthenticators: true}
Session ID: 151130ed2a1acd04a62be02a6ac55064
	at org.openqa.selenium.remote.http.W3CHttpResponseCodec.createException(W3CHttpResponseCodec.java:187)
	at org.openqa.selenium.remote.http.W3CHttpResponseCodec.decode(W3CHttpResponseCodec.java:122)
	at org.openqa.selenium.remote.http.W3CHttpResponseCodec.decode(W3CHttpResponseCodec.java:49)
	at org.openqa.selenium.remote.HttpCommandExecutor.execute(HttpCommandExecutor.java:158)
	at org.openqa.selenium.remote.service.DriverCommandExecutor.execute(DriverCommandExecutor.java:83)
	at org.openqa.selenium.remote.RemoteWebDriver.execute(RemoteWebDriver.java:552)
	at com.kms.katalon.selenium.driver.CChromeDriver.execute(CChromeDriver.java:19)
	at org.openqa.selenium.remote.RemoteWebElement.execute(RemoteWebElement.java:285)
	at org.openqa.selenium.remote.RemoteWebElement.click(RemoteWebElement.java:84)
	at org.openqa.selenium.support.events.EventFiringWebDriver$EventFiringWebElement.lambda$new$0(EventFiringWebDriver.java:404)
	at com.sun.proxy.$Proxy11.click(Unknown Source)
	at org.openqa.selenium.support.events.EventFiringWebDriver$EventFiringWebElement.click(EventFiringWebDriver.java:417)
	at org.openqa.selenium.WebElement$click.call(Unknown Source)
	at com.kms.katalon.core.webui.keyword.builtin.ClickKeyword.clickUntilSuccessWithTimeout(ClickKeyword.groovy:81)
	at com.kms.katalon.core.webui.keyword.builtin.ClickKeyword.clickUntilSuccessWithTimeout(ClickKeyword.groovy)
	at com.kms.katalon.core.webui.keyword.builtin.ClickKeyword$_click_closure1.doCall(ClickKeyword.groovy:67)
	at com.kms.katalon.core.webui.keyword.builtin.ClickKeyword$_click_closure1.call(ClickKeyword.groovy)
	at com.kms.katalon.core.webui.keyword.internal.WebUIKeywordMain.runKeyword(WebUIKeywordMain.groovy:20)
	at com.kms.katalon.core.webui.keyword.builtin.ClickKeyword.click(ClickKeyword.groovy:74)
	at com.kms.katalon.core.webui.keyword.builtin.ClickKeyword.execute(ClickKeyword.groovy:40)
	at com.kms.katalon.core.keyword.internal.KeywordExecutor.executeKeywordForPlatform(KeywordExecutor.groovy:74)
	at com.kms.katalon.core.webui.keyword.WebUiBuiltInKeywords.click(WebUiBuiltInKeywords.groovy:620)
	at com.kms.katalon.core.webui.keyword.WebUiBuiltInKeywords$click$4.call(Unknown Source)
	at Script1665573620067.run(Script1665573620067.groovy:24)
	... 13 more
)

2023-05-23 15:06:07 - [MESSAGE][FAILED] - Unable to click on object 'Object Repository/09-Settings/Organization/div_Profile' (Root cause: com.kms.katalon.core.exception.StepFailedException: Unable to click on object 'Object Repository/09-Settings/Organization/div_Profile'
	at com.kms.katalon.core.webui.keyword.internal.WebUIKeywordMain.stepFailed(WebUIKeywordMain.groovy:64)
	at com.kms.katalon.core.webui.keyword.internal.WebUIKeywordMain.runKeyword(WebUIKeywordMain.groovy:26)
	at com.kms.katalon.core.webui.keyword.builtin.ClickKeyword.click(ClickKeyword.groovy:74)
	at com.kms.katalon.core.webui.keyword.builtin.ClickKeyword.execute(ClickKeyword.groovy:40)
	at com.kms.katalon.core.keyword.internal.KeywordExecutor.executeKeywordForPlatform(KeywordExecutor.groovy:74)
	at com.kms.katalon.core.webui.keyword.WebUiBuiltInKeywords.click(WebUiBuiltInKeywords.groovy:620)
	at com.kms.katalon.core.webui.keyword.WebUiBuiltInKeywords$click$4.call(Unknown Source)
	at 25 - Organization - Delete Organization.run(25 - Organization - Delete Organization:24)
	at com.kms.katalon.core.main.ScriptEngine.run(ScriptEngine.java:194)
	at com.kms.katalon.core.main.ScriptEngine.runScriptAsRawText(ScriptEngine.java:119)
	at com.kms.katalon.core.main.TestCaseExecutor.runScript(TestCaseExecutor.java:448)
	at com.kms.katalon.core.main.TestCaseExecutor.doExecute(TestCaseExecutor.java:439)
	at com.kms.katalon.core.main.TestCaseExecutor.processExecutionPhase(TestCaseExecutor.java:418)
	at com.kms.katalon.core.main.TestCaseExecutor.accessMainPhase(TestCaseExecutor.java:410)
	at com.kms.katalon.core.main.TestCaseExecutor.execute(TestCaseExecutor.java:285)
	at com.kms.katalon.core.common.CommonExecutor.accessTestCaseMainPhase(CommonExecutor.java:65)
	at com.kms.katalon.core.main.TestSuiteExecutor.accessTestSuiteMainPhase(TestSuiteExecutor.java:148)
	at com.kms.katalon.core.main.TestSuiteExecutor.execute(TestSuiteExecutor.java:106)
	at com.kms.katalon.core.main.TestCaseMain.startTestSuite(TestCaseMain.java:187)
	at com.kms.katalon.core.main.TestCaseMain$startTestSuite$0.call(Unknown Source)
	at TempTestSuite1684825256355.run(TempTestSuite1684825256355.groovy:36)
Caused by: org.openqa.selenium.ElementClickInterceptedException: element click intercepted: Element <div role="tab" mattablabelwrapper="" mat-ripple="" cdkmonitorelementfocus="" class="mat-ripple mat-tab-label mat-focus-indicator ng-star-inserted" id="mat-tab-label-0-0" ng-reflect-disabled="false" tabindex="-1" aria-posinset="1" aria-setsize="2" aria-controls="mat-tab-content-0-0" aria-selected="false" aria-disabled="false" style="">...</div> is not clickable at point (400, 24). Other element would receive the click: <h4 _ngcontent-mxr-c501="" class="ng-tns-c501-5">...</h4>
  (Session info: chrome=113.0.5672.127)
Build info: version: '3.141.59', revision: 'e82be7d358', time: '2018-11-14T08:25:53'
System info: host: 'LAPTOP-LF5VTH4H', ip: '192.168.100.69', os.name: 'Windows 10', os.arch: 'amd64', os.version: '10.0', java.version: '1.8.0_282'
Driver info: com.kms.katalon.selenium.driver.CChromeDriver
Capabilities {acceptInsecureCerts: false, browserName: chrome, browserVersion: 113.0.5672.127, chrome: {chromedriverVersion: 113.0.5672.63 (0e1a4471d5ae..., userDataDir: C:\Users\Mike\AppData\Local...}, goog:chromeOptions: {debuggerAddress: localhost:58086}, javascriptEnabled: true, networkConnectionEnabled: false, pageLoadStrategy: normal, platform: WINDOWS, platformName: WINDOWS, proxy: Proxy(), setWindowRect: true, strictFileInteractability: false, timeouts: {implicit: 0, pageLoad: 300000, script: 30000}, unhandledPromptBehavior: dismiss and notify, webauthn:extension:credBlob: true, webauthn:extension:largeBlob: true, webauthn:extension:minPinLength: true, webauthn:extension:prf: true, webauthn:virtualAuthenticators: true}
Session ID: 151130ed2a1acd04a62be02a6ac55064
	at org.openqa.selenium.remote.http.W3CHttpResponseCodec.createException(W3CHttpResponseCodec.java:187)
	at org.openqa.selenium.remote.http.W3CHttpResponseCodec.decode(W3CHttpResponseCodec.java:122)
	at org.openqa.selenium.remote.http.W3CHttpResponseCodec.decode(W3CHttpResponseCodec.java:49)
	at org.openqa.selenium.remote.HttpCommandExecutor.execute(HttpCommandExecutor.java:158)
	at org.openqa.selenium.remote.service.DriverCommandExecutor.execute(DriverCommandExecutor.java:83)
	at org.openqa.selenium.remote.RemoteWebDriver.execute(RemoteWebDriver.java:552)
	at com.kms.katalon.selenium.driver.CChromeDriver.execute(CChromeDriver.java:19)
	at org.openqa.selenium.remote.RemoteWebElement.execute(RemoteWebElement.java:285)
	at org.openqa.selenium.remote.RemoteWebElement.click(RemoteWebElement.java:84)
	at org.openqa.selenium.support.events.EventFiringWebDriver$EventFiringWebElement.lambda$new$0(EventFiringWebDriver.java:404)
	at com.sun.proxy.$Proxy11.click(Unknown Source)
	at org.openqa.selenium.support.events.EventFiringWebDriver$EventFiringWebElement.click(EventFiringWebDriver.java:417)
	at org.openqa.selenium.WebElement$click.call(Unknown Source)
	at com.kms.katalon.core.webui.keyword.builtin.ClickKeyword.clickUntilSuccessWithTimeout(ClickKeyword.groovy:81)
	at com.kms.katalon.core.webui.keyword.builtin.ClickKeyword.clickUntilSuccessWithTimeout(ClickKeyword.groovy)
	at com.kms.katalon.core.webui.keyword.builtin.ClickKeyword$_click_closure1.doCall(ClickKeyword.groovy:67)
	at com.kms.katalon.core.webui.keyword.builtin.ClickKeyword$_click_closure1.call(ClickKeyword.groovy)
	at com.kms.katalon.core.webui.keyword.internal.WebUIKeywordMain.runKeyword(WebUIKeywordMain.groovy:20)
	at com.kms.katalon.core.webui.keyword.builtin.ClickKeyword.click(ClickKeyword.groovy:74)
	at com.kms.katalon.core.webui.keyword.builtin.ClickKeyword.execute(ClickKeyword.groovy:40)
	at com.kms.katalon.core.keyword.internal.KeywordExecutor.executeKeywordForPlatform(KeywordExecutor.groovy:74)
	at com.kms.katalon.core.webui.keyword.WebUiBuiltInKeywords.click(WebUiBuiltInKeywords.groovy:620)
	at com.kms.katalon.core.webui.keyword.WebUiBuiltInKeywords$click$4.call(Unknown Source)
	at Script1665573620067.run(Script1665573620067.groovy:24)
	... 13 more
)
[[ATTACHMENT|D:\\Users\\Michelle\\Project\\Everleagues\\Reports\\20230523_150056\\TS-Organization\\09.5 - Settings (Organization)\\20230523_150056\\1684825567703.png]]]]></system-out>
         <system-err><![CDATA[2023-05-23 15:05:30 - [TEST_CASE][FAILED] - Test Cases/09-Settings/25 - Organization - Delete Organization: Test Cases/09-Settings/25 - Organization - Delete Organization FAILED.
Reason:
com.kms.katalon.core.exception.StepFailedException: Unable to click on object 'Object Repository/09-Settings/Organization/div_Profile'
	at com.kms.katalon.core.webui.keyword.internal.WebUIKeywordMain.stepFailed(WebUIKeywordMain.groovy:64)
	at com.kms.katalon.core.webui.keyword.internal.WebUIKeywordMain.runKeyword(WebUIKeywordMain.groovy:26)
	at com.kms.katalon.core.webui.keyword.builtin.ClickKeyword.click(ClickKeyword.groovy:74)
	at com.kms.katalon.core.webui.keyword.builtin.ClickKeyword.execute(ClickKeyword.groovy:40)
	at com.kms.katalon.core.keyword.internal.KeywordExecutor.executeKeywordForPlatform(KeywordExecutor.groovy:74)
	at com.kms.katalon.core.webui.keyword.WebUiBuiltInKeywords.click(WebUiBuiltInKeywords.groovy:620)
	at com.kms.katalon.core.webui.keyword.WebUiBuiltInKeywords$click$4.call(Unknown Source)
	at 25 - Organization - Delete Organization.run(25 - Organization - Delete Organization:24)
	at com.kms.katalon.core.main.ScriptEngine.run(ScriptEngine.java:194)
	at com.kms.katalon.core.main.ScriptEngine.runScriptAsRawText(ScriptEngine.java:119)
	at com.kms.katalon.core.main.TestCaseExecutor.runScript(TestCaseExecutor.java:448)
	at com.kms.katalon.core.main.TestCaseExecutor.doExecute(TestCaseExecutor.java:439)
	at com.kms.katalon.core.main.TestCaseExecutor.processExecutionPhase(TestCaseExecutor.java:418)
	at com.kms.katalon.core.main.TestCaseExecutor.accessMainPhase(TestCaseExecutor.java:410)
	at com.kms.katalon.core.main.TestCaseExecutor.execute(TestCaseExecutor.java:285)
	at com.kms.katalon.core.common.CommonExecutor.accessTestCaseMainPhase(CommonExecutor.java:65)
	at com.kms.katalon.core.main.TestSuiteExecutor.accessTestSuiteMainPhase(TestSuiteExecutor.java:148)
	at com.kms.katalon.core.main.TestSuiteExecutor.execute(TestSuiteExecutor.java:106)
	at com.kms.katalon.core.main.TestCaseMain.startTestSuite(TestCaseMain.java:187)
	at com.kms.katalon.core.main.TestCaseMain$startTestSuite$0.call(Unknown Source)
	at TempTestSuite1684825256355.run(TempTestSuite1684825256355.groovy:36)
Caused by: org.openqa.selenium.ElementClickInterceptedException: element click intercepted: Element <div role="tab" mattablabelwrapper="" mat-ripple="" cdkmonitorelementfocus="" class="mat-ripple mat-tab-label mat-focus-indicator ng-star-inserted" id="mat-tab-label-0-0" ng-reflect-disabled="false" tabindex="-1" aria-posinset="1" aria-setsize="2" aria-controls="mat-tab-content-0-0" aria-selected="false" aria-disabled="false" style="">...</div> is not clickable at point (400, 24). Other element would receive the click: <h4 _ngcontent-mxr-c501="" class="ng-tns-c501-5">...</h4>
  (Session info: chrome=113.0.5672.127)
Build info: version: '3.141.59', revision: 'e82be7d358', time: '2018-11-14T08:25:53'
System info: host: 'LAPTOP-LF5VTH4H', ip: '192.168.100.69', os.name: 'Windows 10', os.arch: 'amd64', os.version: '10.0', java.version: '1.8.0_282'
Driver info: com.kms.katalon.selenium.driver.CChromeDriver
Capabilities {acceptInsecureCerts: false, browserName: chrome, browserVersion: 113.0.5672.127, chrome: {chromedriverVersion: 113.0.5672.63 (0e1a4471d5ae..., userDataDir: C:\Users\Mike\AppData\Local...}, goog:chromeOptions: {debuggerAddress: localhost:58086}, javascriptEnabled: true, networkConnectionEnabled: false, pageLoadStrategy: normal, platform: WINDOWS, platformName: WINDOWS, proxy: Proxy(), setWindowRect: true, strictFileInteractability: false, timeouts: {implicit: 0, pageLoad: 300000, script: 30000}, unhandledPromptBehavior: dismiss and notify, webauthn:extension:credBlob: true, webauthn:extension:largeBlob: true, webauthn:extension:minPinLength: true, webauthn:extension:prf: true, webauthn:virtualAuthenticators: true}
Session ID: 151130ed2a1acd04a62be02a6ac55064
	at org.openqa.selenium.remote.http.W3CHttpResponseCodec.createException(W3CHttpResponseCodec.java:187)
	at org.openqa.selenium.remote.http.W3CHttpResponseCodec.decode(W3CHttpResponseCodec.java:122)
	at org.openqa.selenium.remote.http.W3CHttpResponseCodec.decode(W3CHttpResponseCodec.java:49)
	at org.openqa.selenium.remote.HttpCommandExecutor.execute(HttpCommandExecutor.java:158)
	at org.openqa.selenium.remote.service.DriverCommandExecutor.execute(DriverCommandExecutor.java:83)
	at org.openqa.selenium.remote.RemoteWebDriver.execute(RemoteWebDriver.java:552)
	at com.kms.katalon.selenium.driver.CChromeDriver.execute(CChromeDriver.java:19)
	at org.openqa.selenium.remote.RemoteWebElement.execute(RemoteWebElement.java:285)
	at org.openqa.selenium.remote.RemoteWebElement.click(RemoteWebElement.java:84)
	at org.openqa.selenium.support.events.EventFiringWebDriver$EventFiringWebElement.lambda$new$0(EventFiringWebDriver.java:404)
	at com.sun.proxy.$Proxy11.click(Unknown Source)
	at org.openqa.selenium.support.events.EventFiringWebDriver$EventFiringWebElement.click(EventFiringWebDriver.java:417)
	at org.openqa.selenium.WebElement$click.call(Unknown Source)
	at com.kms.katalon.core.webui.keyword.builtin.ClickKeyword.clickUntilSuccessWithTimeout(ClickKeyword.groovy:81)
	at com.kms.katalon.core.webui.keyword.builtin.ClickKeyword.clickUntilSuccessWithTimeout(ClickKeyword.groovy)
	at com.kms.katalon.core.webui.keyword.builtin.ClickKeyword$_click_closure1.doCall(ClickKeyword.groovy:67)
	at com.kms.katalon.core.webui.keyword.builtin.ClickKeyword$_click_closure1.call(ClickKeyword.groovy)
	at com.kms.katalon.core.webui.keyword.internal.WebUIKeywordMain.runKeyword(WebUIKeywordMain.groovy:20)
	... 19 more]]></system-err>
      </testcase>
      <system-out><![CDATA[2023-05-23 15:01:05 - [TEST_SUITE][FAILED] - 09.5 - Settings (Organization): Test Cases/09-Settings/23 - Organization - Profile Settings FAILED.
Reason:
com.kms.katalon.core.exception.StepFailedException: Unable to verify object 'Object Repository/09-Settings/Organization/snack-bar-container_Settings savedOK' is visible
	at com.kms.katalon.core.webui.keyword.internal.WebUIKeywordMain.stepFailed(WebUIKeywordMain.groovy:64)
	at com.kms.katalon.core.webui.keyword.internal.WebUIKeywordMain.runKeyword(WebUIKeywordMain.groovy:26)
	at com.kms.katalon.core.webui.keyword.builtin.VerifyElementVisibleKeyword.verifyElementVisible(VerifyElementVisibleKeyword.groovy:97)
	at com.kms.katalon.core.webui.keyword.builtin.VerifyElementVisibleKeyword.execute(VerifyElementVisibleKeyword.groovy:67)
	at com.kms.katalon.core.keyword.internal.KeywordExecutor.executeKeywordForPlatform(KeywordExecutor.groovy:74)
	at com.kms.katalon.core.webui.keyword.WebUiBuiltInKeywords.verifyElementVisible(WebUiBuiltInKeywords.groovy:376)
	at com.kms.katalon.core.webui.keyword.WebUiBuiltInKeywords$verifyElementVisible$11.call(Unknown Source)
	at 23 - Organization - Profile Settings.run(23 - Organization - Profile Settings:235)
	at com.kms.katalon.core.main.ScriptEngine.run(ScriptEngine.java:194)
	at com.kms.katalon.core.main.ScriptEngine.runScriptAsRawText(ScriptEngine.java:119)
	at com.kms.katalon.core.main.TestCaseExecutor.runScript(TestCaseExecutor.java:448)
	at com.kms.katalon.core.main.TestCaseExecutor.doExecute(TestCaseExecutor.java:439)
	at com.kms.katalon.core.main.TestCaseExecutor.processExecutionPhase(TestCaseExecutor.java:418)
	at com.kms.katalon.core.main.TestCaseExecutor.accessMainPhase(TestCaseExecutor.java:410)
	at com.kms.katalon.core.main.TestCaseExecutor.execute(TestCaseExecutor.java:285)
	at com.kms.katalon.core.common.CommonExecutor.accessTestCaseMainPhase(CommonExecutor.java:65)
	at com.kms.katalon.core.main.TestSuiteExecutor.accessTestSuiteMainPhase(TestSuiteExecutor.java:148)
	at com.kms.katalon.core.main.TestSuiteExecutor.execute(TestSuiteExecutor.java:106)
	at com.kms.katalon.core.main.TestCaseMain.startTestSuite(TestCaseMain.java:187)
	at com.kms.katalon.core.main.TestCaseMain$startTestSuite$0.call(Unknown Source)
	at TempTestSuite1684825256355.run(TempTestSuite1684825256355.groovy:36)
Caused by: com.kms.katalon.core.exception.StepFailedException: Web element with id: 'Object Repository/09-Settings/Organization/snack-bar-container_Settings savedOK' located by '//snack-bar-container[(text() = 'Settings savedOK' or . = 'Settings savedOK')]' not found
	at com.kms.katalon.core.webui.keyword.internal.WebUIKeywordMain.stepFailed(WebUIKeywordMain.groovy:64)
	at com.kms.katalon.core.webui.keyword.builtin.VerifyElementVisibleKeyword$_verifyElementVisible_closure1.doCall(VerifyElementVisibleKeyword.groovy:89)
	at com.kms.katalon.core.webui.keyword.builtin.VerifyElementVisibleKeyword$_verifyElementVisible_closure1.call(VerifyElementVisibleKeyword.groovy)
	at com.kms.katalon.core.webui.keyword.internal.WebUIKeywordMain.runKeyword(WebUIKeywordMain.groovy:20)
	... 19 more]]></system-out>
      <system-err><![CDATA[2023-05-23 15:01:05 - [TEST_SUITE][FAILED] - 09.5 - Settings (Organization): Test Cases/09-Settings/23 - Organization - Profile Settings FAILED.
Reason:
com.kms.katalon.core.exception.StepFailedException: Unable to verify object 'Object Repository/09-Settings/Organization/snack-bar-container_Settings savedOK' is visible
	at com.kms.katalon.core.webui.keyword.internal.WebUIKeywordMain.stepFailed(WebUIKeywordMain.groovy:64)
	at com.kms.katalon.core.webui.keyword.internal.WebUIKeywordMain.runKeyword(WebUIKeywordMain.groovy:26)
	at com.kms.katalon.core.webui.keyword.builtin.VerifyElementVisibleKeyword.verifyElementVisible(VerifyElementVisibleKeyword.groovy:97)
	at com.kms.katalon.core.webui.keyword.builtin.VerifyElementVisibleKeyword.execute(VerifyElementVisibleKeyword.groovy:67)
	at com.kms.katalon.core.keyword.internal.KeywordExecutor.executeKeywordForPlatform(KeywordExecutor.groovy:74)
	at com.kms.katalon.core.webui.keyword.WebUiBuiltInKeywords.verifyElementVisible(WebUiBuiltInKeywords.groovy:376)
	at com.kms.katalon.core.webui.keyword.WebUiBuiltInKeywords$verifyElementVisible$11.call(Unknown Source)
	at 23 - Organization - Profile Settings.run(23 - Organization - Profile Settings:235)
	at com.kms.katalon.core.main.ScriptEngine.run(ScriptEngine.java:194)
	at com.kms.katalon.core.main.ScriptEngine.runScriptAsRawText(ScriptEngine.java:119)
	at com.kms.katalon.core.main.TestCaseExecutor.runScript(TestCaseExecutor.java:448)
	at com.kms.katalon.core.main.TestCaseExecutor.doExecute(TestCaseExecutor.java:439)
	at com.kms.katalon.core.main.TestCaseExecutor.processExecutionPhase(TestCaseExecutor.java:418)
	at com.kms.katalon.core.main.TestCaseExecutor.accessMainPhase(TestCaseExecutor.java:410)
	at com.kms.katalon.core.main.TestCaseExecutor.execute(TestCaseExecutor.java:285)
	at com.kms.katalon.core.common.CommonExecutor.accessTestCaseMainPhase(CommonExecutor.java:65)
	at com.kms.katalon.core.main.TestSuiteExecutor.accessTestSuiteMainPhase(TestSuiteExecutor.java:148)
	at com.kms.katalon.core.main.TestSuiteExecutor.execute(TestSuiteExecutor.java:106)
	at com.kms.katalon.core.main.TestCaseMain.startTestSuite(TestCaseMain.java:187)
	at com.kms.katalon.core.main.TestCaseMain$startTestSuite$0.call(Unknown Source)
	at TempTestSuite1684825256355.run(TempTestSuite1684825256355.groovy:36)
Caused by: com.kms.katalon.core.exception.StepFailedException: Web element with id: 'Object Repository/09-Settings/Organization/snack-bar-container_Settings savedOK' located by '//snack-bar-container[(text() = 'Settings savedOK' or . = 'Settings savedOK')]' not found
	at com.kms.katalon.core.webui.keyword.internal.WebUIKeywordMain.stepFailed(WebUIKeywordMain.groovy:64)
	at com.kms.katalon.core.webui.keyword.builtin.VerifyElementVisibleKeyword$_verifyElementVisible_closure1.doCall(VerifyElementVisibleKeyword.groovy:89)
	at com.kms.katalon.core.webui.keyword.builtin.VerifyElementVisibleKeyword$_verifyElementVisible_closure1.call(VerifyElementVisibleKeyword.groovy)
	at com.kms.katalon.core.webui.keyword.internal.WebUIKeywordMain.runKeyword(WebUIKeywordMain.groovy:20)
	... 19 more]]></system-err>
   </testsuite>
</testsuites>
