<?xml version="1.0" encoding="UTF-8"?>
<testsuites name="11.1 - Cloud Files(My Drive)" time="391.991" tests="14" failures="0" errors="0">
   <testsuite name="11.1 - Cloud Files(My Drive)" tests="14" failures="0" errors="0" time="391.991" skipped="0" timestamp="2023-05-12 16:26:37" hostname="Mike - LAPTOP-LF5VTH4H" id="Test Suites/TS-Organization/11.1 - Cloud Files(My Drive)">
      <properties>
         <property name="deviceName" value=""/>
         <property name="devicePlatform" value=""/>
         <property name="logFolder" value="D:\\Users\\Michelle\\Project\\Everleagues\\Reports\\20230512_162630\\TS-Organization\\11.1 - Cloud Files(My Drive)\\20230512_162630"/>
         <property name="logFiles" value="D:\\Users\\Michelle\\Project\\Everleagues\\Reports\\20230512_162630\\TS-Organization\\11.1 - Cloud Files(My Drive)\\20230512_162630\\execution0.log"/>
         <property name="attachments" value=""/>
         <property name="hostName" value="Mike - LAPTOP-LF5VTH4H"/>
         <property name="os" value="Windows 10 64bit"/>
         <property name="katalonVersion" value="8.6.0.208"/>
         <property name="browser" value="Chrome 113.0.0.0"/>
         <property name="hostAddress" value="192.168.100.69"/>
         <property name="sessionId" value="994d3f0e7a5027362c3e4f68280b5ce1"/>
         <property name="seleniumVersion" value="3.141.59"/>
         <property name="proxyInformation" value="ProxyInformation { proxyOption=NO_PROXY, proxyServerType=HTTP, username=, password=********, proxyServerAddress=, proxyServerPort=0, executionList=&quot;&quot;, isApplyToDesiredCapabilities=true }"/>
         <property name="platform" value="Windows 10"/>
      </properties>
      <testcase name="Test Cases/11.1 - Cloud Files (My Drive)/01-Create new folder(required field is blank)" time="110.333" classname="Test Cases/11.1 - Cloud Files (My Drive)/01-Create new folder(required field is blank)" status="PASSED">
         <system-out><![CDATA[2023-05-12 16:26:38 - [TEST_CASE][PASSED] - Test Cases/11.1 - Cloud Files (My Drive)/01-Create new folder(required field is blank): Test Cases/11.1 - Cloud Files (My Drive)/01-Create new folder(required field is blank)

2023-05-12 16:26:39 - [TEST_STEP][PASSED] - openBrowser(""): Browser is opened with url: ''

2023-05-12 16:26:39 - [MESSAGE][INFO] - Starting 'Chrome' driver

2023-05-12 16:26:40 - [MESSAGE][INFO] - Action delay is set to 0 milliseconds

2023-05-12 16:26:45 - [MESSAGE][PASSED] - Browser is opened with url: ''

2023-05-12 16:26:45 - [TEST_STEP][PASSED] - navigateToUrl(appURL): Navigate to 'https://lab.everleagues.com/' successfully

2023-05-12 16:26:58 - [MESSAGE][PASSED] - Navigate to 'https://lab.everleagues.com/' successfully

2023-05-12 16:26:58 - [TEST_STEP][PASSED] - maximizeWindow(): Current window maximized

2023-05-12 16:26:59 - [MESSAGE][PASSED] - Current window maximized

2023-05-12 16:26:59 - [TEST_STEP][PASSED] - callTestCase(findTestCase("01-Login and Forgot Password/04-Login(Valid Credentials-With Subscription)"), [:], STOP_ON_FAILURE): Call Test Case 'Test Cases/01-Login and Forgot Password/04-Login(Valid Credentials-With Subscription)' successfully

2023-05-12 16:26:59 - [TEST_CASE][PASSED] - Test Cases/01-Login and Forgot Password/04-Login(Valid Credentials-With Subscription): Test Cases/01-Login and Forgot Password/04-Login(Valid Credentials-With Subscription)

2023-05-12 16:27:01 - [TEST_STEP][PASSED] - setText(findTestObject("01-Login and Forgot Password/input_Email_email"), email_with_subscription): Text 'testuser05@mailinator.com' is set on object 'Object Repository/01-Login and Forgot Password/input_Email_email'

2023-05-12 16:27:05 - [MESSAGE][PASSED] - Text 'testuser05@mailinator.com' is set on object 'Object Repository/01-Login and Forgot Password/input_Email_email'

2023-05-12 16:27:05 - [TEST_STEP][PASSED] - setEncryptedText(findTestObject("01-Login and Forgot Password/input_Email_password"), password): Text ****** has been set on object 'Object Repository/01-Login and Forgot Password/input_Email_password'

2023-05-12 16:27:06 - [MESSAGE][PASSED] - Text ****** has been set on object 'Object Repository/01-Login and Forgot Password/input_Email_password'

2023-05-12 16:27:06 - [TEST_STEP][PASSED] - delay(delay_2seconds): Delayed 2 second(s)

2023-05-12 16:27:08 - [MESSAGE][PASSED] - Delayed 2 second(s)

2023-05-12 16:27:08 - [TEST_STEP][PASSED] - click(findTestObject("01-Login and Forgot Password/show pass button")): Object: 'Object Repository/01-Login and Forgot Password/show pass button' is clicked on

2023-05-12 16:27:08 - [MESSAGE][PASSED] - Object: 'Object Repository/01-Login and Forgot Password/show pass button' is clicked on

2023-05-12 16:27:08 - [TEST_STEP][PASSED] - delay(delay_3seconds): Delayed 3 second(s)

2023-05-12 16:27:11 - [MESSAGE][PASSED] - Delayed 3 second(s)

2023-05-12 16:27:11 - [TEST_STEP][PASSED] - click(findTestObject("01-Login and Forgot Password/button_Sign in")): Object: 'Object Repository/01-Login and Forgot Password/button_Sign in' is clicked on

2023-05-12 16:27:12 - [MESSAGE][PASSED] - Object: 'Object Repository/01-Login and Forgot Password/button_Sign in' is clicked on

2023-05-12 16:27:12 - [TEST_STEP][PASSED] - delay(delay_3seconds): Delayed 3 second(s)

2023-05-12 16:27:15 - [MESSAGE][PASSED] - Delayed 3 second(s)

2023-05-12 16:27:15 - [TEST_STEP][PASSED] - click(findTestObject("06-Teams/For 2FA/button_Confirm_2FA")): Object: 'Object Repository/06-Teams/For 2FA/button_Confirm_2FA' is clicked on

2023-05-12 16:27:15 - [MESSAGE][PASSED] - Object: 'Object Repository/06-Teams/For 2FA/button_Confirm_2FA' is clicked on

2023-05-12 16:27:15 - [TEST_STEP][PASSED] - executeJavaScript("window.open();", []): Execute JavaScript 'window.open();' successfully

2023-05-12 16:27:16 - [MESSAGE][PASSED] - Execute JavaScript 'window.open();' successfully

2023-05-12 16:27:16 - [TEST_STEP][PASSED] - currentWindow = getWindowIndex(): Current window's index is: 0

2023-05-12 16:27:16 - [MESSAGE][PASSED] - Current window's index is: 0

2023-05-12 16:27:16 - [TEST_STEP][PASSED] - delay(delay_3seconds): Delayed 3 second(s)

2023-05-12 16:27:19 - [MESSAGE][PASSED] - Delayed 3 second(s)

2023-05-12 16:27:19 - [TEST_STEP][PASSED] - switchToWindowIndex(currentWindow + 1): Switched to window with index: '1'

2023-05-12 16:27:19 - [MESSAGE][PASSED] - Switched to window with index: '1'

2023-05-12 16:27:19 - [TEST_STEP][PASSED] - navigateToUrl(app_mailinator): Navigate to 'https://www.mailinator.com/' successfully

2023-05-12 16:27:23 - [MESSAGE][PASSED] - Navigate to 'https://www.mailinator.com/' successfully

2023-05-12 16:27:23 - [TEST_STEP][PASSED] - delay(delay_3seconds): Delayed 3 second(s)

2023-05-12 16:27:26 - [MESSAGE][PASSED] - Delayed 3 second(s)

2023-05-12 16:27:26 - [TEST_STEP][PASSED] - setText(findTestObject("00-Signup and Activation/zMailinator/input_LOGIN_search"), email_for_searchmailinator_testuser05): Text 'testuser05@mailinator.com' is set on object 'Object Repository/00-Signup and Activation/zMailinator/input_LOGIN_search'

2023-05-12 16:27:27 - [MESSAGE][PASSED] - Text 'testuser05@mailinator.com' is set on object 'Object Repository/00-Signup and Activation/zMailinator/input_LOGIN_search'

2023-05-12 16:27:27 - [TEST_STEP][PASSED] - click(findTestObject("00-Signup and Activation/zMailinator/gobutton"), STOP_ON_FAILURE): Object: 'Object Repository/00-Signup and Activation/zMailinator/gobutton' is clicked on

2023-05-12 16:27:32 - [MESSAGE][PASSED] - Object: 'Object Repository/00-Signup and Activation/zMailinator/gobutton' is clicked on

2023-05-12 16:27:32 - [TEST_STEP][PASSED] - delay(delay_3seconds): Delayed 3 second(s)

2023-05-12 16:27:35 - [MESSAGE][PASSED] - Delayed 3 second(s)

2023-05-12 16:27:35 - [TEST_STEP][PASSED] - click(findTestObject("00-Signup and Activation/zMailinator/Email - everleagues")): Object: 'Object Repository/00-Signup and Activation/zMailinator/Email - everleagues' is clicked on

2023-05-12 16:27:36 - [MESSAGE][PASSED] - Object: 'Object Repository/00-Signup and Activation/zMailinator/Email - everleagues' is clicked on

2023-05-12 16:27:36 - [TEST_STEP][PASSED] - delay(delay_3seconds): Delayed 3 second(s)

2023-05-12 16:27:39 - [MESSAGE][PASSED] - Delayed 3 second(s)

2023-05-12 16:27:39 - [TEST_STEP][PASSED] - code = getText(findTestObject("Object Repository/06-Teams/For 2FA/2FA code")): Text of object 'Object Repository/06-Teams/For 2FA/2FA code' is: '921646'

2023-05-12 16:27:40 - [MESSAGE][PASSED] - Text of object 'Object Repository/06-Teams/For 2FA/2FA code' is: '921646'

2023-05-12 16:27:40 - [TEST_STEP][PASSED] - delay(delay_3seconds): Delayed 3 second(s)

2023-05-12 16:27:43 - [MESSAGE][PASSED] - Delayed 3 second(s)

2023-05-12 16:27:43 - [TEST_STEP][PASSED] - closeWindowTitle("Mailinator"): Window with title: 'Mailinator' is closed

2023-05-12 16:27:43 - [MESSAGE][PASSED] - Window with title: 'Mailinator' is closed

2023-05-12 16:27:43 - [TEST_STEP][PASSED] - delay(delay_3seconds): Delayed 3 second(s)

2023-05-12 16:27:46 - [MESSAGE][PASSED] - Delayed 3 second(s)

2023-05-12 16:27:46 - [TEST_STEP][PASSED] - switchToWindowIndex(0): Switched to window with index: '0'

2023-05-12 16:27:46 - [MESSAGE][PASSED] - Switched to window with index: '0'

2023-05-12 16:27:46 - [TEST_STEP][PASSED] - delay(delay_3seconds): Delayed 3 second(s)

2023-05-12 16:27:49 - [MESSAGE][PASSED] - Delayed 3 second(s)

2023-05-12 16:27:49 - [TEST_STEP][PASSED] - setText(findTestObject("Object Repository/06-Teams/For 2FA/input_Enter verification code_code"), code): Text '921646' is set on object 'Object Repository/06-Teams/For 2FA/input_Enter verification code_code'

2023-05-12 16:27:50 - [MESSAGE][PASSED] - Text '921646' is set on object 'Object Repository/06-Teams/For 2FA/input_Enter verification code_code'

2023-05-12 16:27:50 - [TEST_STEP][PASSED] - delay(delay_3seconds): Delayed 3 second(s)

2023-05-12 16:27:53 - [MESSAGE][PASSED] - Delayed 3 second(s)

2023-05-12 16:27:53 - [TEST_STEP][PASSED] - click(findTestObject("06-Teams/For 2FA/button_Verify_2FA")): Object: 'Object Repository/06-Teams/For 2FA/button_Verify_2FA' is clicked on

2023-05-12 16:27:54 - [MESSAGE][PASSED] - Object: 'Object Repository/06-Teams/For 2FA/button_Verify_2FA' is clicked on

2023-05-12 16:27:54 - [TEST_STEP][PASSED] - delay(delay_3seconds): Delayed 3 second(s)

2023-05-12 16:27:57 - [MESSAGE][PASSED] - Delayed 3 second(s)

2023-05-12 16:27:57 - [MESSAGE][PASSED] - Call Test Case 'Test Cases/01-Login and Forgot Password/04-Login(Valid Credentials-With Subscription)' successfully

2023-05-12 16:27:57 - [TEST_STEP][PASSED] - click(findTestObject("06-Teams/button_doublearrow")): Object: 'Object Repository/06-Teams/button_doublearrow' is clicked on

2023-05-12 16:28:00 - [MESSAGE][PASSED] - Object: 'Object Repository/06-Teams/button_doublearrow' is clicked on

2023-05-12 16:28:00 - [TEST_STEP][PASSED] - click(findTestObject("06-Teams/button_My Organizations")): Object: 'Object Repository/06-Teams/button_My Organizations' is clicked on

2023-05-12 16:28:02 - [MESSAGE][PASSED] - Object: 'Object Repository/06-Teams/button_My Organizations' is clicked on

2023-05-12 16:28:02 - [TEST_STEP][PASSED] - click(findTestObject("02-Side Icons(Organization)/Add Contact/button_Automation Test Org")): Object: 'Object Repository/02-Side Icons(Organization)/Add Contact/button_Automation Test Org' is clicked on

2023-05-12 16:28:03 - [MESSAGE][PASSED] - Object: 'Object Repository/02-Side Icons(Organization)/Add Contact/button_Automation Test Org' is clicked on

2023-05-12 16:28:03 - [TEST_STEP][PASSED] - delay(delay_4seconds): Delayed 4 second(s)

2023-05-12 16:28:07 - [MESSAGE][PASSED] - Delayed 4 second(s)

2023-05-12 16:28:07 - [TEST_STEP][PASSED] - verifyElementVisible(findTestObject("02-Side Icons(Organization)/Add Contact/span_Automation Test Org")): Object 'Object Repository/02-Side Icons(Organization)/Add Contact/span_Automation Test Org' is visible

2023-05-12 16:28:07 - [MESSAGE][PASSED] - Object 'Object Repository/02-Side Icons(Organization)/Add Contact/span_Automation Test Org' is visible

2023-05-12 16:28:07 - [TEST_STEP][PASSED] - delay(delay_5seconds): Delayed 5 second(s)

2023-05-12 16:28:12 - [MESSAGE][PASSED] - Delayed 5 second(s)

2023-05-12 16:28:12 - [TEST_STEP][PASSED] - click(findTestObject("03-Header Menu/Hamburger Button/div_Cloud Files")): Object: 'Object Repository/03-Header Menu/Hamburger Button/div_Cloud Files' is clicked on

2023-05-12 16:28:13 - [MESSAGE][PASSED] - Object: 'Object Repository/03-Header Menu/Hamburger Button/div_Cloud Files' is clicked on

2023-05-12 16:28:13 - [TEST_STEP][PASSED] - scrollToElement(findTestObject("11-Cloud Files/a_My Drive"), 0): Scroll to object 'Object Repository/11-Cloud Files/a_My Drive' successfully

2023-05-12 16:28:13 - [MESSAGE][WARNING] - Timeout '0' is invalid. Using default page load timeout: '30'

2023-05-12 16:28:14 - [MESSAGE][PASSED] - Scroll to object 'Object Repository/11-Cloud Files/a_My Drive' successfully

2023-05-12 16:28:14 - [TEST_STEP][PASSED] - verifyElementVisible(findTestObject("11-Cloud Files/a_My Drive")): Object 'Object Repository/11-Cloud Files/a_My Drive' is visible

2023-05-12 16:28:14 - [MESSAGE][PASSED] - Object 'Object Repository/11-Cloud Files/a_My Drive' is visible

2023-05-12 16:28:14 - [TEST_STEP][PASSED] - verifyElementVisible(findTestObject("11-Cloud Files/a_Shared Drive")): Object 'Object Repository/11-Cloud Files/a_Shared Drive' is visible

2023-05-12 16:28:15 - [MESSAGE][PASSED] - Object 'Object Repository/11-Cloud Files/a_Shared Drive' is visible

2023-05-12 16:28:15 - [TEST_STEP][PASSED] - verifyElementVisible(findTestObject("11-Cloud Files/a_Shared With Me")): Object 'Object Repository/11-Cloud Files/a_Shared With Me' is visible

2023-05-12 16:28:15 - [MESSAGE][PASSED] - Object 'Object Repository/11-Cloud Files/a_Shared With Me' is visible

2023-05-12 16:28:15 - [TEST_STEP][PASSED] - click(findTestObject("11-Cloud Files/a_My Drive")): Object: 'Object Repository/11-Cloud Files/a_My Drive' is clicked on

2023-05-12 16:28:16 - [MESSAGE][PASSED] - Object: 'Object Repository/11-Cloud Files/a_My Drive' is clicked on

2023-05-12 16:28:16 - [TEST_STEP][PASSED] - verifyElementVisible(findTestObject("11-Cloud Files/h4_CLOUD STORAGE")): Object 'Object Repository/11-Cloud Files/h4_CLOUD STORAGE' is visible

2023-05-12 16:28:17 - [MESSAGE][PASSED] - Object 'Object Repository/11-Cloud Files/h4_CLOUD STORAGE' is visible

2023-05-12 16:28:17 - [TEST_STEP][PASSED] - verifyElementVisible(findTestObject("11-Cloud Files/h4_MY FILES")): Object 'Object Repository/11-Cloud Files/h4_MY FILES' is visible

2023-05-12 16:28:18 - [MESSAGE][PASSED] - Object 'Object Repository/11-Cloud Files/h4_MY FILES' is visible

2023-05-12 16:28:18 - [TEST_STEP][PASSED] - delay(delay_3seconds): Delayed 3 second(s)

2023-05-12 16:28:21 - [MESSAGE][PASSED] - Delayed 3 second(s)

2023-05-12 16:28:21 - [TEST_STEP][PASSED] - click(findTestObject("11-Cloud Files/button_create_new_folderNew Folder")): Object: 'Object Repository/11-Cloud Files/button_create_new_folderNew Folder' is clicked on

2023-05-12 16:28:21 - [MESSAGE][PASSED] - Object: 'Object Repository/11-Cloud Files/button_create_new_folderNew Folder' is clicked on

2023-05-12 16:28:21 - [TEST_STEP][PASSED] - verifyElementVisible(findTestObject("11-Cloud Files/mat-dialog-container_CreateNewFolder modal")): Object 'Object Repository/11-Cloud Files/mat-dialog-container_CreateNewFolder modal' is visible

2023-05-12 16:28:22 - [MESSAGE][PASSED] - Object 'Object Repository/11-Cloud Files/mat-dialog-container_CreateNewFolder modal' is visible

2023-05-12 16:28:22 - [TEST_STEP][PASSED] - verifyElementVisible(findTestObject("11-Cloud Files/h4_New folder")): Object 'Object Repository/11-Cloud Files/h4_New folder' is visible

2023-05-12 16:28:23 - [MESSAGE][PASSED] - Object 'Object Repository/11-Cloud Files/h4_New folder' is visible

2023-05-12 16:28:23 - [TEST_STEP][PASSED] - click(findTestObject("11-Cloud Files/input_folderName"), STOP_ON_FAILURE): Object: 'Object Repository/11-Cloud Files/input_folderName' is clicked on

2023-05-12 16:28:23 - [MESSAGE][PASSED] - Object: 'Object Repository/11-Cloud Files/input_folderName' is clicked on

2023-05-12 16:28:23 - [TEST_STEP][PASSED] - clickOffset(findTestObject("11-Cloud Files/input_folderName"), 50, 50): Object: 'Object Repository/11-Cloud Files/input_folderName' is clicked on using offset x=50 and y=50

2023-05-12 16:28:24 - [MESSAGE][PASSED] - Object: 'Object Repository/11-Cloud Files/input_folderName' is clicked on using offset x=50 and y=50

2023-05-12 16:28:24 - [TEST_STEP][PASSED] - verifyElementVisible(findTestObject("11-Cloud Files/mat-error_filename")): Object 'Object Repository/11-Cloud Files/mat-error_filename' is visible

2023-05-12 16:28:25 - [MESSAGE][PASSED] - Object 'Object Repository/11-Cloud Files/mat-error_filename' is visible

2023-05-12 16:28:25 - [TEST_STEP][PASSED] - verifyElementNotClickable(findTestObject("11-Cloud Files/button_Create")): Object 'Object Repository/11-Cloud Files/button_Create' is NOT clickable

2023-05-12 16:28:25 - [MESSAGE][PASSED] - Object 'Object Repository/11-Cloud Files/button_Create' is NOT clickable

2023-05-12 16:28:25 - [TEST_STEP][PASSED] - delay(delay_3seconds): Delayed 3 second(s)

2023-05-12 16:28:28 - [MESSAGE][PASSED] - Delayed 3 second(s)]]></system-out>
         <system-err><![CDATA[]]></system-err>
      </testcase>
      <testcase name="Test Cases/11.1 - Cloud Files (My Drive)/02-Create new folder" time="13.389" classname="Test Cases/11.1 - Cloud Files (My Drive)/02-Create new folder" status="PASSED">
         <system-out><![CDATA[2023-05-12 16:28:28 - [TEST_CASE][PASSED] - Test Cases/11.1 - Cloud Files (My Drive)/02-Create new folder: Test Cases/11.1 - Cloud Files (My Drive)/02-Create new folder

2023-05-12 16:28:28 - [TEST_STEP][PASSED] - setText(findTestObject("11-Cloud Files/input_folderName"), folder_name): Text 'Automation folder' is set on object 'Object Repository/11-Cloud Files/input_folderName'

2023-05-12 16:28:30 - [MESSAGE][PASSED] - Text 'Automation folder' is set on object 'Object Repository/11-Cloud Files/input_folderName'

2023-05-12 16:28:30 - [TEST_STEP][PASSED] - click(findTestObject("11-Cloud Files/button_Create")): Object: 'Object Repository/11-Cloud Files/button_Create' is clicked on

2023-05-12 16:28:31 - [MESSAGE][PASSED] - Object: 'Object Repository/11-Cloud Files/button_Create' is clicked on

2023-05-12 16:28:31 - [TEST_STEP][PASSED] - delay(delay_3seconds): Delayed 3 second(s)

2023-05-12 16:28:34 - [MESSAGE][PASSED] - Delayed 3 second(s)

2023-05-12 16:28:34 - [TEST_STEP][PASSED] - click(findTestObject("11-Cloud Files/button_create_new_folderNew Folder")): Object: 'Object Repository/11-Cloud Files/button_create_new_folderNew Folder' is clicked on

2023-05-12 16:28:34 - [MESSAGE][PASSED] - Object: 'Object Repository/11-Cloud Files/button_create_new_folderNew Folder' is clicked on

2023-05-12 16:28:34 - [TEST_STEP][PASSED] - verifyElementVisible(findTestObject("11-Cloud Files/mat-dialog-container_CreateNewFolder modal")): Object 'Object Repository/11-Cloud Files/mat-dialog-container_CreateNewFolder modal' is visible

2023-05-12 16:28:35 - [MESSAGE][PASSED] - Object 'Object Repository/11-Cloud Files/mat-dialog-container_CreateNewFolder modal' is visible

2023-05-12 16:28:35 - [TEST_STEP][PASSED] - verifyElementVisible(findTestObject("11-Cloud Files/h4_New folder")): Object 'Object Repository/11-Cloud Files/h4_New folder' is visible

2023-05-12 16:28:35 - [MESSAGE][PASSED] - Object 'Object Repository/11-Cloud Files/h4_New folder' is visible

2023-05-12 16:28:35 - [TEST_STEP][PASSED] - setText(findTestObject("11-Cloud Files/input_folderName"), folder_name2): Text 'Automation folder 2' is set on object 'Object Repository/11-Cloud Files/input_folderName'

2023-05-12 16:28:36 - [MESSAGE][PASSED] - Text 'Automation folder 2' is set on object 'Object Repository/11-Cloud Files/input_folderName'

2023-05-12 16:28:36 - [TEST_STEP][PASSED] - click(findTestObject("11-Cloud Files/button_Create")): Object: 'Object Repository/11-Cloud Files/button_Create' is clicked on

2023-05-12 16:28:37 - [MESSAGE][PASSED] - Object: 'Object Repository/11-Cloud Files/button_Create' is clicked on

2023-05-12 16:28:37 - [TEST_STEP][PASSED] - delay(delay_3seconds): Delayed 3 second(s)

2023-05-12 16:28:40 - [MESSAGE][PASSED] - Delayed 3 second(s)

2023-05-12 16:28:40 - [TEST_STEP][PASSED] - click(findTestObject("11-Cloud Files/mat-icon_refresh")): Object: 'Object Repository/11-Cloud Files/mat-icon_refresh' is clicked on

2023-05-12 16:28:41 - [MESSAGE][PASSED] - Object: 'Object Repository/11-Cloud Files/mat-icon_refresh' is clicked on

2023-05-12 16:28:41 - [TEST_STEP][PASSED] - verifyElementVisible(findTestObject("11-Cloud Files/td_Automation folder")): Object 'Object Repository/11-Cloud Files/td_Automation folder' is visible

2023-05-12 16:28:41 - [MESSAGE][PASSED] - Object 'Object Repository/11-Cloud Files/td_Automation folder' is visible]]></system-out>
         <system-err><![CDATA[]]></system-err>
      </testcase>
      <testcase name="Test Cases/11.1 - Cloud Files (My Drive)/03-Upload Local File" time="35.0" classname="Test Cases/11.1 - Cloud Files (My Drive)/03-Upload Local File" status="PASSED">
         <system-out><![CDATA[2023-05-12 16:28:41 - [TEST_CASE][PASSED] - Test Cases/11.1 - Cloud Files (My Drive)/03-Upload Local File: Test Cases/11.1 - Cloud Files (My Drive)/03-Upload Local File

2023-05-12 16:28:42 - [TEST_STEP][PASSED] - delay(delay_3seconds): Delayed 3 second(s)

2023-05-12 16:28:45 - [MESSAGE][PASSED] - Delayed 3 second(s)

2023-05-12 16:28:45 - [TEST_STEP][PASSED] - click(findTestObject("11-Cloud Files/button_cloud_upload Upload Files  Create Folders")): Object: 'Object Repository/11-Cloud Files/button_cloud_upload Upload Files  Create Folders' is clicked on

2023-05-12 16:28:45 - [MESSAGE][PASSED] - Object: 'Object Repository/11-Cloud Files/button_cloud_upload Upload Files  Create Folders' is clicked on

2023-05-12 16:28:45 - [TEST_STEP][PASSED] - uploadpackage.Upload.uploadFile(findTestObject("11-Cloud Files/button_cloud_uploadUpload Local File"), upload_file): uploadpackage.Upload.uploadFile is PASSED

2023-05-12 16:28:47 - [MESSAGE][PASSED] - Object: 'Object Repository/11-Cloud Files/button_cloud_uploadUpload Local File' is clicked on

2023-05-12 16:28:50 - [MESSAGE][PASSED] - uploadpackage.Upload.uploadFile is PASSED

2023-05-12 16:28:50 - [TEST_STEP][PASSED] - delay(delay_2seconds): Delayed 2 second(s)

2023-05-12 16:28:52 - [MESSAGE][PASSED] - Delayed 2 second(s)

2023-05-12 16:28:52 - [TEST_STEP][PASSED] - verifyElementVisible(findTestObject("11-Cloud Files/mat-dialog-container_Upload local file modal")): Object 'Object Repository/11-Cloud Files/mat-dialog-container_Upload local file modal' is visible

2023-05-12 16:29:03 - [MESSAGE][PASSED] - Object 'Object Repository/11-Cloud Files/mat-dialog-container_Upload local file modal' is visible

2023-05-12 16:29:03 - [TEST_STEP][PASSED] - click(findTestObject("11-Cloud Files/button_Confirm")): Object: 'Object Repository/11-Cloud Files/button_Confirm' is clicked on

2023-05-12 16:29:03 - [MESSAGE][PASSED] - Object: 'Object Repository/11-Cloud Files/button_Confirm' is clicked on

2023-05-12 16:29:03 - [TEST_STEP][PASSED] - delay(delay_3seconds): Delayed 3 second(s)

2023-05-12 16:29:06 - [MESSAGE][PASSED] - Delayed 3 second(s)

2023-05-12 16:29:06 - [TEST_STEP][PASSED] - verifyElementVisible(findTestObject("11-Cloud Files/div_Upload completed clear")): Object 'Object Repository/11-Cloud Files/div_Upload completed clear' is visible

2023-05-12 16:29:07 - [MESSAGE][PASSED] - Object 'Object Repository/11-Cloud Files/div_Upload completed clear' is visible

2023-05-12 16:29:07 - [TEST_STEP][PASSED] - delay(delay_3seconds): Delayed 3 second(s)

2023-05-12 16:29:10 - [MESSAGE][PASSED] - Delayed 3 second(s)

2023-05-12 16:29:10 - [TEST_STEP][PASSED] - setText(findTestObject("11-Cloud Files/input_Search cloudfiles"), folder_name): Text 'Automation folder' is set on object 'Object Repository/11-Cloud Files/input_Search cloudfiles'

2023-05-12 16:29:11 - [MESSAGE][PASSED] - Text 'Automation folder' is set on object 'Object Repository/11-Cloud Files/input_Search cloudfiles'

2023-05-12 16:29:11 - [TEST_STEP][PASSED] - sendKeys(findTestObject("11-Cloud Files/input_Search cloudfiles"), Keys.chord(ENTER)): Keys 'ENTER + ' sent to object: 'Object Repository/11-Cloud Files/input_Search cloudfiles'

2023-05-12 16:29:12 - [MESSAGE][PASSED] - Keys 'ENTER + ' sent to object: 'Object Repository/11-Cloud Files/input_Search cloudfiles'

2023-05-12 16:29:12 - [TEST_STEP][PASSED] - delay(delay_3seconds): Delayed 3 second(s)

2023-05-12 16:29:15 - [MESSAGE][PASSED] - Delayed 3 second(s)

2023-05-12 16:29:15 - [TEST_STEP][PASSED] - verifyElementVisible(findTestObject("11-Cloud Files/td_Automation folder")): Object 'Object Repository/11-Cloud Files/td_Automation folder' is visible

2023-05-12 16:29:15 - [MESSAGE][PASSED] - Object 'Object Repository/11-Cloud Files/td_Automation folder' is visible

2023-05-12 16:29:15 - [TEST_STEP][PASSED] - clearText(findTestObject("11-Cloud Files/input_Search cloudfiles")): Text of object 'Object Repository/11-Cloud Files/input_Search cloudfiles' is cleared

2023-05-12 16:29:16 - [MESSAGE][PASSED] - Text of object 'Object Repository/11-Cloud Files/input_Search cloudfiles' is cleared

2023-05-12 16:29:16 - [TEST_STEP][PASSED] - click(findTestObject("11-Cloud Files/button_back")): Object: 'Object Repository/11-Cloud Files/button_back' is clicked on

2023-05-12 16:29:16 - [MESSAGE][PASSED] - Object: 'Object Repository/11-Cloud Files/button_back' is clicked on]]></system-out>
         <system-err><![CDATA[]]></system-err>
      </testcase>
      <testcase name="Test Cases/11.1 - Cloud Files (My Drive)/04-Rename a folder and file" time="22.056" classname="Test Cases/11.1 - Cloud Files (My Drive)/04-Rename a folder and file" status="PASSED">
         <system-out><![CDATA[2023-05-12 16:29:16 - [TEST_CASE][PASSED] - Test Cases/11.1 - Cloud Files (My Drive)/04-Rename a folder and file: Test Cases/11.1 - Cloud Files (My Drive)/04-Rename a folder and file

2023-05-12 16:29:17 - [TEST_STEP][PASSED] - delay(delay_3seconds): Delayed 3 second(s)

2023-05-12 16:29:20 - [MESSAGE][PASSED] - Delayed 3 second(s)

2023-05-12 16:29:20 - [TEST_STEP][PASSED] - rightClick(findTestObject("11-Cloud Files/td_Automation folder")): Object: 'Object Repository/11-Cloud Files/td_Automation folder' is right clicked on

2023-05-12 16:29:21 - [MESSAGE][PASSED] - Object: 'Object Repository/11-Cloud Files/td_Automation folder' is right clicked on

2023-05-12 16:29:21 - [TEST_STEP][PASSED] - click(findTestObject("11-Cloud Files/button_Rename")): Object: 'Object Repository/11-Cloud Files/button_Rename' is clicked on

2023-05-12 16:29:22 - [MESSAGE][PASSED] - Object: 'Object Repository/11-Cloud Files/button_Rename' is clicked on

2023-05-12 16:29:22 - [TEST_STEP][PASSED] - verifyElementVisible(findTestObject("11-Cloud Files/mat-dialog-container_RenameName nodal")): Object 'Object Repository/11-Cloud Files/mat-dialog-container_RenameName nodal' is visible

2023-05-12 16:29:23 - [MESSAGE][PASSED] - Object 'Object Repository/11-Cloud Files/mat-dialog-container_RenameName nodal' is visible

2023-05-12 16:29:23 - [TEST_STEP][PASSED] - setText(findTestObject("11-Cloud Files/input_Rename"), edit_folder_name): Text 'Automation folder EDIT' is set on object 'Object Repository/11-Cloud Files/input_Rename'

2023-05-12 16:29:25 - [MESSAGE][PASSED] - Text 'Automation folder EDIT' is set on object 'Object Repository/11-Cloud Files/input_Rename'

2023-05-12 16:29:25 - [TEST_STEP][PASSED] - click(findTestObject("09-Settings/Users/Active User/button_Save")): Object: 'Object Repository/09-Settings/Users/Active User/button_Save' is clicked on

2023-05-12 16:29:25 - [MESSAGE][PASSED] - Object: 'Object Repository/09-Settings/Users/Active User/button_Save' is clicked on

2023-05-12 16:29:25 - [TEST_STEP][PASSED] - verifyElementVisible(findTestObject("11-Cloud Files/snack-bar-container_Successfully changed nameOK")): Object 'Object Repository/11-Cloud Files/snack-bar-container_Successfully changed nameOK' is visible

2023-05-12 16:29:29 - [MESSAGE][PASSED] - Object 'Object Repository/11-Cloud Files/snack-bar-container_Successfully changed nameOK' is visible

2023-05-12 16:29:29 - [TEST_STEP][PASSED] - delay(delay_3seconds): Delayed 3 second(s)

2023-05-12 16:29:32 - [MESSAGE][PASSED] - Delayed 3 second(s)

2023-05-12 16:29:32 - [TEST_STEP][PASSED] - rightClick(findTestObject("11-Cloud Files/td_qa")): Object: 'Object Repository/11-Cloud Files/td_qa' is right clicked on

2023-05-12 16:29:33 - [MESSAGE][PASSED] - Object: 'Object Repository/11-Cloud Files/td_qa' is right clicked on

2023-05-12 16:29:33 - [TEST_STEP][PASSED] - click(findTestObject("11-Cloud Files/button_Rename")): Object: 'Object Repository/11-Cloud Files/button_Rename' is clicked on

2023-05-12 16:29:34 - [MESSAGE][PASSED] - Object: 'Object Repository/11-Cloud Files/button_Rename' is clicked on

2023-05-12 16:29:34 - [TEST_STEP][PASSED] - verifyElementVisible(findTestObject("11-Cloud Files/mat-dialog-container_RenameName nodal")): Object 'Object Repository/11-Cloud Files/mat-dialog-container_RenameName nodal' is visible

2023-05-12 16:29:34 - [MESSAGE][PASSED] - Object 'Object Repository/11-Cloud Files/mat-dialog-container_RenameName nodal' is visible

2023-05-12 16:29:34 - [TEST_STEP][PASSED] - setText(findTestObject("11-Cloud Files/input_Rename"), "qa EDIT"): Text 'qa EDIT' is set on object 'Object Repository/11-Cloud Files/input_Rename'

2023-05-12 16:29:35 - [MESSAGE][PASSED] - Text 'qa EDIT' is set on object 'Object Repository/11-Cloud Files/input_Rename'

2023-05-12 16:29:36 - [TEST_STEP][PASSED] - click(findTestObject("09-Settings/Users/Active User/button_Save")): Object: 'Object Repository/09-Settings/Users/Active User/button_Save' is clicked on

2023-05-12 16:29:36 - [MESSAGE][PASSED] - Object: 'Object Repository/09-Settings/Users/Active User/button_Save' is clicked on

2023-05-12 16:29:36 - [TEST_STEP][PASSED] - verifyElementVisible(findTestObject("11-Cloud Files/snack-bar-container_Successfully changed nameOK")): Object 'Object Repository/11-Cloud Files/snack-bar-container_Successfully changed nameOK' is visible

2023-05-12 16:29:39 - [MESSAGE][PASSED] - Object 'Object Repository/11-Cloud Files/snack-bar-container_Successfully changed nameOK' is visible]]></system-out>
         <system-err><![CDATA[]]></system-err>
      </testcase>
      <testcase name="Test Cases/11.1 - Cloud Files (My Drive)/05-Download a file and folder" time="16.4" classname="Test Cases/11.1 - Cloud Files (My Drive)/05-Download a file and folder" status="PASSED">
         <system-out><![CDATA[2023-05-12 16:29:39 - [TEST_CASE][PASSED] - Test Cases/11.1 - Cloud Files (My Drive)/05-Download a file and folder: Test Cases/11.1 - Cloud Files (My Drive)/05-Download a file and folder

2023-05-12 16:29:39 - [TEST_STEP][PASSED] - delay(delay_3seconds): Delayed 3 second(s)

2023-05-12 16:29:42 - [MESSAGE][PASSED] - Delayed 3 second(s)

2023-05-12 16:29:42 - [TEST_STEP][PASSED] - rightClick(findTestObject("11-Cloud Files/td_qa EDIT")): Object: 'Object Repository/11-Cloud Files/td_qa EDIT' is right clicked on

2023-05-12 16:29:43 - [MESSAGE][PASSED] - Object: 'Object Repository/11-Cloud Files/td_qa EDIT' is right clicked on

2023-05-12 16:29:43 - [TEST_STEP][PASSED] - click(findTestObject("11-Cloud Files/button_download")): Object: 'Object Repository/11-Cloud Files/button_download' is clicked on

2023-05-12 16:29:44 - [MESSAGE][PASSED] - Object: 'Object Repository/11-Cloud Files/button_download' is clicked on

2023-05-12 16:29:44 - [TEST_STEP][PASSED] - verifyElementVisible(findTestObject("11-Cloud Files/div_Done downloading qaclear")): Object 'Object Repository/11-Cloud Files/div_Done downloading qaclear' is visible

2023-05-12 16:29:47 - [MESSAGE][PASSED] - Object 'Object Repository/11-Cloud Files/div_Done downloading qaclear' is visible

2023-05-12 16:29:47 - [TEST_STEP][PASSED] - delay(delay_3seconds): Delayed 3 second(s)

2023-05-12 16:29:50 - [MESSAGE][PASSED] - Delayed 3 second(s)

2023-05-12 16:29:50 - [TEST_STEP][PASSED] - rightClick(findTestObject("11-Cloud Files/td_Automation folder EDIT")): Object: 'Object Repository/11-Cloud Files/td_Automation folder EDIT' is right clicked on

2023-05-12 16:29:50 - [MESSAGE][PASSED] - Object: 'Object Repository/11-Cloud Files/td_Automation folder EDIT' is right clicked on

2023-05-12 16:29:50 - [TEST_STEP][PASSED] - click(findTestObject("11-Cloud Files/button_download")): Object: 'Object Repository/11-Cloud Files/button_download' is clicked on

2023-05-12 16:29:51 - [MESSAGE][PASSED] - Object: 'Object Repository/11-Cloud Files/button_download' is clicked on

2023-05-12 16:29:51 - [TEST_STEP][PASSED] - verifyElementVisible(findTestObject("11-Cloud Files/div_Done downloading folder")): Object 'Object Repository/11-Cloud Files/div_Done downloading folder' is visible

2023-05-12 16:29:55 - [MESSAGE][PASSED] - Object 'Object Repository/11-Cloud Files/div_Done downloading folder' is visible]]></system-out>
         <system-err><![CDATA[]]></system-err>
      </testcase>
      <testcase name="Test Cases/11.1 - Cloud Files (My Drive)/06-Duplicate a Folder (Negative scenario)" time="10.061" classname="Test Cases/11.1 - Cloud Files (My Drive)/06-Duplicate a Folder (Negative scenario)" status="PASSED">
         <system-out><![CDATA[2023-05-12 16:29:55 - [TEST_CASE][PASSED] - Test Cases/11.1 - Cloud Files (My Drive)/06-Duplicate a Folder (Negative scenario): Test Cases/11.1 - Cloud Files (My Drive)/06-Duplicate a Folder (Negative scenario)

2023-05-12 16:29:56 - [TEST_STEP][PASSED] - delay(delay_3seconds): Delayed 3 second(s)

2023-05-12 16:29:59 - [MESSAGE][PASSED] - Delayed 3 second(s)

2023-05-12 16:29:59 - [TEST_STEP][PASSED] - click(findTestObject("11-Cloud Files/td_Automation folder EDIT")): Object: 'Object Repository/11-Cloud Files/td_Automation folder EDIT' is clicked on

2023-05-12 16:29:59 - [MESSAGE][PASSED] - Object: 'Object Repository/11-Cloud Files/td_Automation folder EDIT' is clicked on

2023-05-12 16:29:59 - [TEST_STEP][PASSED] - click(findTestObject("11-Cloud Files/button_Duplicate")): Object: 'Object Repository/11-Cloud Files/button_Duplicate' is clicked on

2023-05-12 16:30:00 - [MESSAGE][PASSED] - Object: 'Object Repository/11-Cloud Files/button_Duplicate' is clicked on

2023-05-12 16:30:00 - [TEST_STEP][PASSED] - verifyElementVisible(findTestObject("11-Cloud Files/mat-dialog-container_DuplicateFolderModal")): Object 'Object Repository/11-Cloud Files/mat-dialog-container_DuplicateFolderModal' is visible

2023-05-12 16:30:01 - [MESSAGE][PASSED] - Object 'Object Repository/11-Cloud Files/mat-dialog-container_DuplicateFolderModal' is visible

2023-05-12 16:30:01 - [TEST_STEP][PASSED] - delay(delay_3seconds): Delayed 3 second(s)

2023-05-12 16:30:04 - [MESSAGE][PASSED] - Delayed 3 second(s)

2023-05-12 16:30:04 - [TEST_STEP][PASSED] - click(findTestObject("11-Cloud Files/button_Confirm")): Object: 'Object Repository/11-Cloud Files/button_Confirm' is clicked on

2023-05-12 16:30:04 - [MESSAGE][PASSED] - Object: 'Object Repository/11-Cloud Files/button_Confirm' is clicked on

2023-05-12 16:30:04 - [TEST_STEP][PASSED] - click(findTestObject("11-Cloud Files/td_Automation folder EDIT")): Object: 'Object Repository/11-Cloud Files/td_Automation folder EDIT' is clicked on

2023-05-12 16:30:05 - [MESSAGE][PASSED] - Object: 'Object Repository/11-Cloud Files/td_Automation folder EDIT' is clicked on]]></system-out>
         <system-err><![CDATA[]]></system-err>
      </testcase>
      <testcase name="Test Cases/11.1 - Cloud Files (My Drive)/07-Duplicate a file" time="7.796" classname="Test Cases/11.1 - Cloud Files (My Drive)/07-Duplicate a file" status="PASSED">
         <system-out><![CDATA[2023-05-12 16:30:05 - [TEST_CASE][PASSED] - Test Cases/11.1 - Cloud Files (My Drive)/07-Duplicate a file: Test Cases/11.1 - Cloud Files (My Drive)/07-Duplicate a file

2023-05-12 16:30:06 - [TEST_STEP][PASSED] - delay(delay_3seconds): Delayed 3 second(s)

2023-05-12 16:30:09 - [MESSAGE][PASSED] - Delayed 3 second(s)

2023-05-12 16:30:09 - [TEST_STEP][PASSED] - click(findTestObject("11-Cloud Files/td_qa EDIT")): Object: 'Object Repository/11-Cloud Files/td_qa EDIT' is clicked on

2023-05-12 16:30:10 - [MESSAGE][PASSED] - Object: 'Object Repository/11-Cloud Files/td_qa EDIT' is clicked on

2023-05-12 16:30:10 - [TEST_STEP][PASSED] - click(findTestObject("11-Cloud Files/button_Duplicate")): Object: 'Object Repository/11-Cloud Files/button_Duplicate' is clicked on

2023-05-12 16:30:11 - [MESSAGE][PASSED] - Object: 'Object Repository/11-Cloud Files/button_Duplicate' is clicked on

2023-05-12 16:30:11 - [TEST_STEP][PASSED] - verifyElementVisible(findTestObject("11-Cloud Files/div_ItemsDuplicatedSuccessfully")): Object 'Object Repository/11-Cloud Files/div_ItemsDuplicatedSuccessfully' is visible

2023-05-12 16:30:12 - [MESSAGE][PASSED] - Object 'Object Repository/11-Cloud Files/div_ItemsDuplicatedSuccessfully' is visible

2023-05-12 16:30:12 - [TEST_STEP][PASSED] - verifyElementVisible(findTestObject("11-Cloud Files/td_Copy of qa EDIT")): Object 'Object Repository/11-Cloud Files/td_Copy of qa EDIT' is visible

2023-05-12 16:30:13 - [MESSAGE][PASSED] - Object 'Object Repository/11-Cloud Files/td_Copy of qa EDIT' is visible]]></system-out>
         <system-err><![CDATA[]]></system-err>
      </testcase>
      <testcase name="Test Cases/11.1 - Cloud Files (My Drive)/08-Move a file and folder" time="17.145" classname="Test Cases/11.1 - Cloud Files (My Drive)/08-Move a file and folder" status="PASSED">
         <system-out><![CDATA[2023-05-12 16:30:13 - [TEST_CASE][PASSED] - Test Cases/11.1 - Cloud Files (My Drive)/08-Move a file and folder: Test Cases/11.1 - Cloud Files (My Drive)/08-Move a file and folder

2023-05-12 16:30:13 - [TEST_STEP][PASSED] - delay(delay_3seconds): Delayed 3 second(s)

2023-05-12 16:30:16 - [MESSAGE][PASSED] - Delayed 3 second(s)

2023-05-12 16:30:16 - [TEST_STEP][PASSED] - rightClick(findTestObject("11-Cloud Files/td_Copy of qa EDIT")): Object: 'Object Repository/11-Cloud Files/td_Copy of qa EDIT' is right clicked on

2023-05-12 16:30:17 - [MESSAGE][PASSED] - Object: 'Object Repository/11-Cloud Files/td_Copy of qa EDIT' is right clicked on

2023-05-12 16:30:17 - [TEST_STEP][PASSED] - click(findTestObject("11-Cloud Files/button_MoveTo")): Object: 'Object Repository/11-Cloud Files/button_MoveTo' is clicked on

2023-05-12 16:30:18 - [MESSAGE][PASSED] - Object: 'Object Repository/11-Cloud Files/button_MoveTo' is clicked on

2023-05-12 16:30:18 - [TEST_STEP][PASSED] - click(findTestObject("11-Cloud Files/span_Automation folder EDIT MoveTo")): Object: 'Object Repository/11-Cloud Files/span_Automation folder EDIT MoveTo' is clicked on

2023-05-12 16:30:19 - [MESSAGE][PASSED] - Object: 'Object Repository/11-Cloud Files/span_Automation folder EDIT MoveTo' is clicked on

2023-05-12 16:30:19 - [TEST_STEP][PASSED] - click(findTestObject("11-Cloud Files/button_Move")): Object: 'Object Repository/11-Cloud Files/button_Move' is clicked on

2023-05-12 16:30:20 - [MESSAGE][PASSED] - Object: 'Object Repository/11-Cloud Files/button_Move' is clicked on

2023-05-12 16:30:20 - [TEST_STEP][PASSED] - verifyElementVisible(findTestObject("11-Cloud Files/div_ItemSuccessfullyMove")): Object 'Object Repository/11-Cloud Files/div_ItemSuccessfullyMove' is visible

2023-05-12 16:30:22 - [MESSAGE][PASSED] - Object 'Object Repository/11-Cloud Files/div_ItemSuccessfullyMove' is visible

2023-05-12 16:30:22 - [TEST_STEP][PASSED] - delay(delay_3seconds): Delayed 3 second(s)

2023-05-12 16:30:25 - [MESSAGE][PASSED] - Delayed 3 second(s)

2023-05-12 16:30:25 - [TEST_STEP][PASSED] - rightClick(findTestObject("11-Cloud Files/td_Automation folder 2")): Object: 'Object Repository/11-Cloud Files/td_Automation folder 2' is right clicked on

2023-05-12 16:30:25 - [MESSAGE][PASSED] - Object: 'Object Repository/11-Cloud Files/td_Automation folder 2' is right clicked on

2023-05-12 16:30:25 - [TEST_STEP][PASSED] - click(findTestObject("11-Cloud Files/button_MoveTo")): Object: 'Object Repository/11-Cloud Files/button_MoveTo' is clicked on

2023-05-12 16:30:26 - [MESSAGE][PASSED] - Object: 'Object Repository/11-Cloud Files/button_MoveTo' is clicked on

2023-05-12 16:30:26 - [TEST_STEP][PASSED] - click(findTestObject("11-Cloud Files/span_Automation folder EDIT MoveTo")): Object: 'Object Repository/11-Cloud Files/span_Automation folder EDIT MoveTo' is clicked on

2023-05-12 16:30:28 - [MESSAGE][PASSED] - Object: 'Object Repository/11-Cloud Files/span_Automation folder EDIT MoveTo' is clicked on

2023-05-12 16:30:28 - [TEST_STEP][PASSED] - click(findTestObject("11-Cloud Files/button_Move")): Object: 'Object Repository/11-Cloud Files/button_Move' is clicked on

2023-05-12 16:30:28 - [MESSAGE][PASSED] - Object: 'Object Repository/11-Cloud Files/button_Move' is clicked on

2023-05-12 16:30:28 - [TEST_STEP][PASSED] - verifyElementVisible(findTestObject("11-Cloud Files/div_ItemSuccessfullyMove")): Object 'Object Repository/11-Cloud Files/div_ItemSuccessfullyMove' is visible

2023-05-12 16:30:30 - [MESSAGE][PASSED] - Object 'Object Repository/11-Cloud Files/div_ItemSuccessfullyMove' is visible]]></system-out>
         <system-err><![CDATA[]]></system-err>
      </testcase>
      <testcase name="Test Cases/11.1 - Cloud Files (My Drive)/09-Open a file and folder" time="16.251" classname="Test Cases/11.1 - Cloud Files (My Drive)/09-Open a file and folder" status="PASSED">
         <system-out><![CDATA[2023-05-12 16:30:30 - [TEST_CASE][PASSED] - Test Cases/11.1 - Cloud Files (My Drive)/09-Open a file and folder: Test Cases/11.1 - Cloud Files (My Drive)/09-Open a file and folder

2023-05-12 16:30:30 - [TEST_STEP][PASSED] - delay(delay_3seconds): Delayed 3 second(s)

2023-05-12 16:30:33 - [MESSAGE][PASSED] - Delayed 3 second(s)

2023-05-12 16:30:33 - [TEST_STEP][PASSED] - rightClick(findTestObject("11-Cloud Files/td_qa EDIT")): Object: 'Object Repository/11-Cloud Files/td_qa EDIT' is right clicked on

2023-05-12 16:30:34 - [MESSAGE][PASSED] - Object: 'Object Repository/11-Cloud Files/td_qa EDIT' is right clicked on

2023-05-12 16:30:34 - [TEST_STEP][PASSED] - click(findTestObject("11-Cloud Files/button_Open")): Object: 'Object Repository/11-Cloud Files/button_Open' is clicked on

2023-05-12 16:30:35 - [MESSAGE][PASSED] - Object: 'Object Repository/11-Cloud Files/button_Open' is clicked on

2023-05-12 16:30:35 - [TEST_STEP][PASSED] - switchToWindowIndex(1): Switched to window with index: '1'

2023-05-12 16:30:37 - [MESSAGE][PASSED] - Switched to window with index: '1'

2023-05-12 16:30:37 - [TEST_STEP][PASSED] - closeWindowIndex(1): Window with index 1 is closed

2023-05-12 16:30:37 - [MESSAGE][PASSED] - Window with index 1 is closed

2023-05-12 16:30:37 - [TEST_STEP][PASSED] - switchToWindowIndex(0): Switched to window with index: '0'

2023-05-12 16:30:37 - [MESSAGE][PASSED] - Switched to window with index: '0'

2023-05-12 16:30:37 - [TEST_STEP][PASSED] - delay(delay_3seconds): Delayed 3 second(s)

2023-05-12 16:30:40 - [MESSAGE][PASSED] - Delayed 3 second(s)

2023-05-12 16:30:40 - [TEST_STEP][PASSED] - rightClick(findTestObject("11-Cloud Files/td_Automation folder EDIT")): Object: 'Object Repository/11-Cloud Files/td_Automation folder EDIT' is right clicked on

2023-05-12 16:30:41 - [MESSAGE][PASSED] - Object: 'Object Repository/11-Cloud Files/td_Automation folder EDIT' is right clicked on

2023-05-12 16:30:41 - [TEST_STEP][PASSED] - click(findTestObject("11-Cloud Files/button_Open")): Object: 'Object Repository/11-Cloud Files/button_Open' is clicked on

2023-05-12 16:30:42 - [MESSAGE][PASSED] - Object: 'Object Repository/11-Cloud Files/button_Open' is clicked on

2023-05-12 16:30:42 - [TEST_STEP][PASSED] - click(findTestObject("11-Cloud Files/h4_MY FILES")): Object: 'Object Repository/11-Cloud Files/h4_MY FILES' is clicked on

2023-05-12 16:30:43 - [MESSAGE][PASSED] - Object: 'Object Repository/11-Cloud Files/h4_MY FILES' is clicked on

2023-05-12 16:30:43 - [TEST_STEP][PASSED] - delay(delay_3seconds): Delayed 3 second(s)

2023-05-12 16:30:46 - [MESSAGE][PASSED] - Delayed 3 second(s)]]></system-out>
         <system-err><![CDATA[]]></system-err>
      </testcase>
      <testcase name="Test Cases/11.1 - Cloud Files (My Drive)/10-Share a file" time="9.409" classname="Test Cases/11.1 - Cloud Files (My Drive)/10-Share a file" status="PASSED">
         <system-out><![CDATA[2023-05-12 16:30:46 - [TEST_CASE][PASSED] - Test Cases/11.1 - Cloud Files (My Drive)/10-Share a file: Test Cases/11.1 - Cloud Files (My Drive)/10-Share a file

2023-05-12 16:30:47 - [TEST_STEP][PASSED] - click(findTestObject("11-Cloud Files/button_clearNotif")): Object: 'Object Repository/11-Cloud Files/button_clearNotif' is clicked on

2023-05-12 16:30:47 - [MESSAGE][PASSED] - Object: 'Object Repository/11-Cloud Files/button_clearNotif' is clicked on

2023-05-12 16:30:47 - [TEST_STEP][PASSED] - rightClick(findTestObject("11-Cloud Files/td_qa EDIT")): Object: 'Object Repository/11-Cloud Files/td_qa EDIT' is right clicked on

2023-05-12 16:30:48 - [MESSAGE][PASSED] - Object: 'Object Repository/11-Cloud Files/td_qa EDIT' is right clicked on

2023-05-12 16:30:48 - [TEST_STEP][PASSED] - click(findTestObject("11-Cloud Files/button_Share")): Object: 'Object Repository/11-Cloud Files/button_Share' is clicked on

2023-05-12 16:30:49 - [MESSAGE][PASSED] - Object: 'Object Repository/11-Cloud Files/button_Share' is clicked on

2023-05-12 16:30:49 - [TEST_STEP][PASSED] - verifyElementVisible(findTestObject("11-Cloud Files/mat-dialog-container_ShareFiles Modal")): Object 'Object Repository/11-Cloud Files/mat-dialog-container_ShareFiles Modal' is visible

2023-05-12 16:30:50 - [MESSAGE][PASSED] - Object 'Object Repository/11-Cloud Files/mat-dialog-container_ShareFiles Modal' is visible

2023-05-12 16:30:50 - [TEST_STEP][PASSED] - click(findTestObject("11-Cloud Files/input_Add Users")): Object: 'Object Repository/11-Cloud Files/input_Add Users' is clicked on

2023-05-12 16:30:51 - [MESSAGE][PASSED] - Object: 'Object Repository/11-Cloud Files/input_Add Users' is clicked on

2023-05-12 16:30:51 - [TEST_STEP][PASSED] - click(findTestObject("11-Cloud Files/mat-option_GTGG tester 2")): Object: 'Object Repository/11-Cloud Files/mat-option_GTGG tester 2' is clicked on

2023-05-12 16:30:51 - [MESSAGE][PASSED] - Object: 'Object Repository/11-Cloud Files/mat-option_GTGG tester 2' is clicked on

2023-05-12 16:30:51 - [TEST_STEP][PASSED] - click(findTestObject("11-Cloud Files/mat-option_GTGG tester")): Object: 'Object Repository/11-Cloud Files/mat-option_GTGG tester' is clicked on

2023-05-12 16:30:52 - [MESSAGE][PASSED] - Object: 'Object Repository/11-Cloud Files/mat-option_GTGG tester' is clicked on

2023-05-12 16:30:52 - [TEST_STEP][PASSED] - click(findTestObject("11-Cloud Files/button_done")): Object: 'Object Repository/11-Cloud Files/button_done' is clicked on

2023-05-12 16:30:53 - [MESSAGE][PASSED] - Object: 'Object Repository/11-Cloud Files/button_done' is clicked on

2023-05-12 16:30:53 - [TEST_STEP][PASSED] - delay(delay_3seconds): Delayed 3 second(s)

2023-05-12 16:30:56 - [MESSAGE][PASSED] - Delayed 3 second(s)]]></system-out>
         <system-err><![CDATA[]]></system-err>
      </testcase>
      <testcase name="Test Cases/11.1 - Cloud Files (My Drive)/11-Share a file - Edit" time="46.207" classname="Test Cases/11.1 - Cloud Files (My Drive)/11-Share a file - Edit" status="PASSED">
         <system-out><![CDATA[2023-05-12 16:30:56 - [TEST_CASE][PASSED] - Test Cases/11.1 - Cloud Files (My Drive)/11-Share a file - Edit: Test Cases/11.1 - Cloud Files (My Drive)/11-Share a file - Edit

2023-05-12 16:30:56 - [TEST_STEP][PASSED] - rightClick(findTestObject("11-Cloud Files/td_qa EditPeople")): Object: 'Object Repository/11-Cloud Files/td_qa EditPeople' is right clicked on

2023-05-12 16:30:57 - [MESSAGE][PASSED] - Object: 'Object Repository/11-Cloud Files/td_qa EditPeople' is right clicked on

2023-05-12 16:30:57 - [TEST_STEP][PASSED] - click(findTestObject("11-Cloud Files/button_Share")): Object: 'Object Repository/11-Cloud Files/button_Share' is clicked on

2023-05-12 16:30:58 - [MESSAGE][PASSED] - Object: 'Object Repository/11-Cloud Files/button_Share' is clicked on

2023-05-12 16:30:58 - [TEST_STEP][PASSED] - verifyElementVisible(findTestObject("11-Cloud Files/mat-dialog-container_View Share Files Modal")): Object 'Object Repository/11-Cloud Files/mat-dialog-container_View Share Files Modal' is visible

2023-05-12 16:30:59 - [MESSAGE][PASSED] - Object 'Object Repository/11-Cloud Files/mat-dialog-container_View Share Files Modal' is visible

2023-05-12 16:30:59 - [TEST_STEP][PASSED] - click(findTestObject("11-Cloud Files/div_dropdown")): Object: 'Object Repository/11-Cloud Files/div_dropdown' is clicked on

2023-05-12 16:31:00 - [MESSAGE][PASSED] - Object: 'Object Repository/11-Cloud Files/div_dropdown' is clicked on

2023-05-12 16:31:00 - [TEST_STEP][PASSED] - click(findTestObject("11-Cloud Files/mat-option_manager")): Object: 'Object Repository/11-Cloud Files/mat-option_manager' is clicked on

2023-05-12 16:31:00 - [MESSAGE][PASSED] - Object: 'Object Repository/11-Cloud Files/mat-option_manager' is clicked on

2023-05-12 16:31:00 - [TEST_STEP][PASSED] - delay(delay_3seconds): Delayed 3 second(s)

2023-05-12 16:31:03 - [MESSAGE][PASSED] - Delayed 3 second(s)

2023-05-12 16:31:03 - [TEST_STEP][PASSED] - verifyElementVisible(findTestObject("11-Cloud Files/div_GTGG tester2")): Object 'Object Repository/11-Cloud Files/div_GTGG tester2' is visible

2023-05-12 16:31:04 - [MESSAGE][PASSED] - Object 'Object Repository/11-Cloud Files/div_GTGG tester2' is visible

2023-05-12 16:31:04 - [TEST_STEP][PASSED] - click(findTestObject("11-Cloud Files/div_dropdown2")): Object: 'Object Repository/11-Cloud Files/div_dropdown2' is clicked on

2023-05-12 16:31:04 - [MESSAGE][PASSED] - Object: 'Object Repository/11-Cloud Files/div_dropdown2' is clicked on

2023-05-12 16:31:04 - [TEST_STEP][PASSED] - click(findTestObject("11-Cloud Files/mat-option-checkmark_contributor")): Object: 'Object Repository/11-Cloud Files/mat-option-checkmark_contributor' is clicked on

2023-05-12 16:31:05 - [MESSAGE][PASSED] - Object: 'Object Repository/11-Cloud Files/mat-option-checkmark_contributor' is clicked on

2023-05-12 16:31:05 - [TEST_STEP][PASSED] - delay(delay_3seconds): Delayed 3 second(s)

2023-05-12 16:31:08 - [MESSAGE][PASSED] - Delayed 3 second(s)

2023-05-12 16:31:08 - [TEST_STEP][PASSED] - verifyElementVisible(findTestObject("11-Cloud Files/div_GTGG tester")): Object 'Object Repository/11-Cloud Files/div_GTGG tester' is visible

2023-05-12 16:31:08 - [MESSAGE][PASSED] - Object 'Object Repository/11-Cloud Files/div_GTGG tester' is visible

2023-05-12 16:31:08 - [TEST_STEP][PASSED] - click(findTestObject("11-Cloud Files/div_dropdown3")): Object: 'Object Repository/11-Cloud Files/div_dropdown3' is clicked on

2023-05-12 16:31:10 - [MESSAGE][PASSED] - Object: 'Object Repository/11-Cloud Files/div_dropdown3' is clicked on

2023-05-12 16:31:10 - [TEST_STEP][PASSED] - click(findTestObject("11-Cloud Files/span_delete Remove Access")): Object: 'Object Repository/11-Cloud Files/span_delete Remove Access' is clicked on

2023-05-12 16:31:10 - [MESSAGE][PASSED] - Object: 'Object Repository/11-Cloud Files/span_delete Remove Access' is clicked on

2023-05-12 16:31:10 - [TEST_STEP][PASSED] - click(findTestObject("11-Cloud Files/button_done")): Object: 'Object Repository/11-Cloud Files/button_done' is clicked on

2023-05-12 16:31:11 - [MESSAGE][PASSED] - Object: 'Object Repository/11-Cloud Files/button_done' is clicked on

2023-05-12 16:31:11 - [TEST_STEP][PASSED] - delay(delay_3seconds): Delayed 3 second(s)

2023-05-12 16:31:14 - [MESSAGE][PASSED] - Delayed 3 second(s)

2023-05-12 16:31:14 - [TEST_STEP][PASSED] - rightClick(findTestObject("11-Cloud Files/td_qa EditPeople")): Object: 'Object Repository/11-Cloud Files/td_qa EditPeople' is right clicked on

2023-05-12 16:31:15 - [MESSAGE][PASSED] - Object: 'Object Repository/11-Cloud Files/td_qa EditPeople' is right clicked on

2023-05-12 16:31:15 - [TEST_STEP][PASSED] - click(findTestObject("11-Cloud Files/button_Share")): Object: 'Object Repository/11-Cloud Files/button_Share' is clicked on

2023-05-12 16:31:15 - [MESSAGE][PASSED] - Object: 'Object Repository/11-Cloud Files/button_Share' is clicked on

2023-05-12 16:31:15 - [TEST_STEP][PASSED] - click(findTestObject("11-Cloud Files/button_Copy Share Link")): Object: 'Object Repository/11-Cloud Files/button_Copy Share Link' is clicked on

2023-05-12 16:31:17 - [MESSAGE][PASSED] - Object: 'Object Repository/11-Cloud Files/button_Copy Share Link' is clicked on

2023-05-12 16:31:17 - [TEST_STEP][PASSED] - delay(delay_3seconds): Delayed 3 second(s)

2023-05-12 16:31:20 - [MESSAGE][PASSED] - Delayed 3 second(s)

2023-05-12 16:31:20 - [TEST_STEP][PASSED] - my_clipboard = getContents(null).getTransferData(stringFlavor): null

2023-05-12 16:31:20 - [TEST_STEP][PASSED] - navigateToUrl(my_clipboard): Navigate to 'https://xukp7.app.goo.gl/2ABq' successfully

2023-05-12 16:31:31 - [MESSAGE][PASSED] - Navigate to 'https://xukp7.app.goo.gl/2ABq' successfully

2023-05-12 16:31:31 - [TEST_STEP][PASSED] - switchToWindowIndex(0): Switched to window with index: '0'

2023-05-12 16:31:31 - [MESSAGE][PASSED] - Switched to window with index: '0'

2023-05-12 16:31:31 - [TEST_STEP][PASSED] - click(findTestObject("03-Header Menu/Hamburger Button/div_Cloud Files")): Object: 'Object Repository/03-Header Menu/Hamburger Button/div_Cloud Files' is clicked on

2023-05-12 16:31:37 - [MESSAGE][PASSED] - Object: 'Object Repository/03-Header Menu/Hamburger Button/div_Cloud Files' is clicked on

2023-05-12 16:31:37 - [TEST_STEP][PASSED] - scrollToElement(findTestObject("11-Cloud Files/a_My Drive"), 0): Scroll to object 'Object Repository/11-Cloud Files/a_My Drive' successfully

2023-05-12 16:31:37 - [MESSAGE][WARNING] - Timeout '0' is invalid. Using default page load timeout: '30'

2023-05-12 16:31:38 - [MESSAGE][PASSED] - Scroll to object 'Object Repository/11-Cloud Files/a_My Drive' successfully

2023-05-12 16:31:38 - [TEST_STEP][PASSED] - click(findTestObject("11-Cloud Files/a_My Drive")): Object: 'Object Repository/11-Cloud Files/a_My Drive' is clicked on

2023-05-12 16:31:39 - [MESSAGE][PASSED] - Object: 'Object Repository/11-Cloud Files/a_My Drive' is clicked on

2023-05-12 16:31:39 - [TEST_STEP][PASSED] - delay(delay_3seconds): Delayed 3 second(s)

2023-05-12 16:31:42 - [MESSAGE][PASSED] - Delayed 3 second(s)]]></system-out>
         <system-err><![CDATA[]]></system-err>
      </testcase>
      <testcase name="Test Cases/11.1 - Cloud Files (My Drive)/12-Share a folder" time="24.111" classname="Test Cases/11.1 - Cloud Files (My Drive)/12-Share a folder" status="PASSED">
         <system-out><![CDATA[2023-05-12 16:31:42 - [TEST_CASE][PASSED] - Test Cases/11.1 - Cloud Files (My Drive)/12-Share a folder: Test Cases/11.1 - Cloud Files (My Drive)/12-Share a folder

2023-05-12 16:31:43 - [TEST_STEP][PASSED] - rightClick(findTestObject("11-Cloud Files/td_Automation folder EDIT")): Object: 'Object Repository/11-Cloud Files/td_Automation folder EDIT' is right clicked on

2023-05-12 16:31:44 - [MESSAGE][PASSED] - Object: 'Object Repository/11-Cloud Files/td_Automation folder EDIT' is right clicked on

2023-05-12 16:31:44 - [TEST_STEP][PASSED] - click(findTestObject("11-Cloud Files/button_Share")): Object: 'Object Repository/11-Cloud Files/button_Share' is clicked on

2023-05-12 16:31:45 - [MESSAGE][PASSED] - Object: 'Object Repository/11-Cloud Files/button_Share' is clicked on

2023-05-12 16:31:45 - [TEST_STEP][PASSED] - verifyElementVisible(findTestObject("11-Cloud Files/mat-dialog-container_ShareFiles Modal")): Object 'Object Repository/11-Cloud Files/mat-dialog-container_ShareFiles Modal' is visible

2023-05-12 16:31:45 - [MESSAGE][PASSED] - Object 'Object Repository/11-Cloud Files/mat-dialog-container_ShareFiles Modal' is visible

2023-05-12 16:31:45 - [TEST_STEP][PASSED] - click(findTestObject("11-Cloud Files/mat-icon_close")): Object: 'Object Repository/11-Cloud Files/mat-icon_close' is clicked on

2023-05-12 16:31:46 - [MESSAGE][PASSED] - Object: 'Object Repository/11-Cloud Files/mat-icon_close' is clicked on

2023-05-12 16:31:46 - [TEST_STEP][PASSED] - delay(delay_3seconds): Delayed 3 second(s)

2023-05-12 16:31:49 - [MESSAGE][PASSED] - Delayed 3 second(s)

2023-05-12 16:31:49 - [TEST_STEP][PASSED] - rightClick(findTestObject("11-Cloud Files/td_Automation folder EDIT")): Object: 'Object Repository/11-Cloud Files/td_Automation folder EDIT' is right clicked on

2023-05-12 16:31:49 - [MESSAGE][PASSED] - Object: 'Object Repository/11-Cloud Files/td_Automation folder EDIT' is right clicked on

2023-05-12 16:31:49 - [TEST_STEP][PASSED] - click(findTestObject("11-Cloud Files/button_Share")): Object: 'Object Repository/11-Cloud Files/button_Share' is clicked on

2023-05-12 16:31:50 - [MESSAGE][PASSED] - Object: 'Object Repository/11-Cloud Files/button_Share' is clicked on

2023-05-12 16:31:50 - [TEST_STEP][PASSED] - verifyElementVisible(findTestObject("11-Cloud Files/mat-dialog-container_ShareFiles Modal")): Object 'Object Repository/11-Cloud Files/mat-dialog-container_ShareFiles Modal' is visible

2023-05-12 16:31:51 - [MESSAGE][PASSED] - Object 'Object Repository/11-Cloud Files/mat-dialog-container_ShareFiles Modal' is visible

2023-05-12 16:31:51 - [TEST_STEP][PASSED] - click(findTestObject("11-Cloud Files/input_Add Users")): Object: 'Object Repository/11-Cloud Files/input_Add Users' is clicked on

2023-05-12 16:31:51 - [MESSAGE][PASSED] - Object: 'Object Repository/11-Cloud Files/input_Add Users' is clicked on

2023-05-12 16:31:51 - [TEST_STEP][PASSED] - click(findTestObject("11-Cloud Files/mat-option_GTGG tester")): Object: 'Object Repository/11-Cloud Files/mat-option_GTGG tester' is clicked on

2023-05-12 16:31:52 - [MESSAGE][PASSED] - Object: 'Object Repository/11-Cloud Files/mat-option_GTGG tester' is clicked on

2023-05-12 16:31:52 - [TEST_STEP][PASSED] - click(findTestObject("10-Open Video Conference/mat-icon_cancel")): Object: 'Object Repository/10-Open Video Conference/mat-icon_cancel' is clicked on

2023-05-12 16:31:53 - [MESSAGE][PASSED] - Object: 'Object Repository/10-Open Video Conference/mat-icon_cancel' is clicked on

2023-05-12 16:31:53 - [TEST_STEP][PASSED] - delay(delay_3seconds): Delayed 3 second(s)

2023-05-12 16:31:56 - [MESSAGE][PASSED] - Delayed 3 second(s)

2023-05-12 16:31:56 - [TEST_STEP][PASSED] - click(findTestObject("11-Cloud Files/input_Add Users")): Object: 'Object Repository/11-Cloud Files/input_Add Users' is clicked on

2023-05-12 16:31:56 - [MESSAGE][PASSED] - Object: 'Object Repository/11-Cloud Files/input_Add Users' is clicked on

2023-05-12 16:31:56 - [TEST_STEP][PASSED] - click(findTestObject("11-Cloud Files/mat-option_GTGG tester 2")): Object: 'Object Repository/11-Cloud Files/mat-option_GTGG tester 2' is clicked on

2023-05-12 16:31:57 - [MESSAGE][PASSED] - Object: 'Object Repository/11-Cloud Files/mat-option_GTGG tester 2' is clicked on

2023-05-12 16:31:57 - [TEST_STEP][PASSED] - click(findTestObject("11-Cloud Files/mat-option_GTGG tester")): Object: 'Object Repository/11-Cloud Files/mat-option_GTGG tester' is clicked on

2023-05-12 16:31:57 - [MESSAGE][PASSED] - Object: 'Object Repository/11-Cloud Files/mat-option_GTGG tester' is clicked on

2023-05-12 16:31:57 - [TEST_STEP][PASSED] - clickOffset(findTestObject("11-Cloud Files/button_Copy Share Link"), 10, 10): Object: 'Object Repository/11-Cloud Files/button_Copy Share Link' is clicked on using offset x=10 and y=10

2023-05-12 16:31:58 - [MESSAGE][PASSED] - Object: 'Object Repository/11-Cloud Files/button_Copy Share Link' is clicked on using offset x=10 and y=10

2023-05-12 16:31:58 - [TEST_STEP][PASSED] - click(findTestObject("11-Cloud Files/div_mat-checkbox-notify-user")): Object: 'Object Repository/11-Cloud Files/div_mat-checkbox-notify-user' is clicked on

2023-05-12 16:32:00 - [MESSAGE][PASSED] - Object: 'Object Repository/11-Cloud Files/div_mat-checkbox-notify-user' is clicked on

2023-05-12 16:32:00 - [TEST_STEP][PASSED] - click(findTestObject("11-Cloud Files/div_mat-checkbox-notify-user")): Object: 'Object Repository/11-Cloud Files/div_mat-checkbox-notify-user' is clicked on

2023-05-12 16:32:01 - [MESSAGE][PASSED] - Object: 'Object Repository/11-Cloud Files/div_mat-checkbox-notify-user' is clicked on

2023-05-12 16:32:01 - [TEST_STEP][PASSED] - click(findTestObject("11-Cloud Files/div_dropdown")): Object: 'Object Repository/11-Cloud Files/div_dropdown' is clicked on

2023-05-12 16:32:02 - [MESSAGE][PASSED] - Object: 'Object Repository/11-Cloud Files/div_dropdown' is clicked on

2023-05-12 16:32:02 - [TEST_STEP][PASSED] - click(findTestObject("11-Cloud Files/span_Viewer")): Object: 'Object Repository/11-Cloud Files/span_Viewer' is clicked on

2023-05-12 16:32:02 - [MESSAGE][PASSED] - Object: 'Object Repository/11-Cloud Files/span_Viewer' is clicked on

2023-05-12 16:32:02 - [TEST_STEP][PASSED] - click(findTestObject("11-Cloud Files/button_done")): Object: 'Object Repository/11-Cloud Files/button_done' is clicked on

2023-05-12 16:32:03 - [MESSAGE][PASSED] - Object: 'Object Repository/11-Cloud Files/button_done' is clicked on

2023-05-12 16:32:03 - [TEST_STEP][PASSED] - delay(delay_3seconds): Delayed 3 second(s)

2023-05-12 16:32:06 - [MESSAGE][PASSED] - Delayed 3 second(s)]]></system-out>
         <system-err><![CDATA[]]></system-err>
      </testcase>
      <testcase name="Test Cases/11.1 - Cloud Files (My Drive)/13-Share a folder - Edit" time="46.12" classname="Test Cases/11.1 - Cloud Files (My Drive)/13-Share a folder - Edit" status="PASSED">
         <system-out><![CDATA[2023-05-12 16:32:06 - [TEST_CASE][PASSED] - Test Cases/11.1 - Cloud Files (My Drive)/13-Share a folder - Edit: Test Cases/11.1 - Cloud Files (My Drive)/13-Share a folder - Edit

2023-05-12 16:32:07 - [TEST_STEP][PASSED] - delay(delay_3seconds): Delayed 3 second(s)

2023-05-12 16:32:10 - [MESSAGE][PASSED] - Delayed 3 second(s)

2023-05-12 16:32:10 - [TEST_STEP][PASSED] - rightClick(findTestObject("11-Cloud Files/td_Automation folder EDIT")): Object: 'Object Repository/11-Cloud Files/td_Automation folder EDIT' is right clicked on

2023-05-12 16:32:10 - [MESSAGE][PASSED] - Object: 'Object Repository/11-Cloud Files/td_Automation folder EDIT' is right clicked on

2023-05-12 16:32:10 - [TEST_STEP][PASSED] - click(findTestObject("11-Cloud Files/button_Share")): Object: 'Object Repository/11-Cloud Files/button_Share' is clicked on

2023-05-12 16:32:11 - [MESSAGE][PASSED] - Object: 'Object Repository/11-Cloud Files/button_Share' is clicked on

2023-05-12 16:32:11 - [TEST_STEP][PASSED] - verifyElementVisible(findTestObject("11-Cloud Files/mat-dialog-container_View Share Files Modal")): Object 'Object Repository/11-Cloud Files/mat-dialog-container_View Share Files Modal' is visible

2023-05-12 16:32:12 - [MESSAGE][PASSED] - Object 'Object Repository/11-Cloud Files/mat-dialog-container_View Share Files Modal' is visible

2023-05-12 16:32:12 - [TEST_STEP][PASSED] - click(findTestObject("11-Cloud Files/div_dropdown")): Object: 'Object Repository/11-Cloud Files/div_dropdown' is clicked on

2023-05-12 16:32:12 - [MESSAGE][PASSED] - Object: 'Object Repository/11-Cloud Files/div_dropdown' is clicked on

2023-05-12 16:32:12 - [TEST_STEP][PASSED] - click(findTestObject("11-Cloud Files/mat-option_manager")): Object: 'Object Repository/11-Cloud Files/mat-option_manager' is clicked on

2023-05-12 16:32:13 - [MESSAGE][PASSED] - Object: 'Object Repository/11-Cloud Files/mat-option_manager' is clicked on

2023-05-12 16:32:13 - [TEST_STEP][PASSED] - delay(delay_3seconds): Delayed 3 second(s)

2023-05-12 16:32:16 - [MESSAGE][PASSED] - Delayed 3 second(s)

2023-05-12 16:32:16 - [TEST_STEP][PASSED] - verifyElementVisible(findTestObject("11-Cloud Files/div_GTGG tester2")): Object 'Object Repository/11-Cloud Files/div_GTGG tester2' is visible

2023-05-12 16:32:16 - [MESSAGE][PASSED] - Object 'Object Repository/11-Cloud Files/div_GTGG tester2' is visible

2023-05-12 16:32:16 - [TEST_STEP][PASSED] - click(findTestObject("11-Cloud Files/div_dropdown2")): Object: 'Object Repository/11-Cloud Files/div_dropdown2' is clicked on

2023-05-12 16:32:17 - [MESSAGE][PASSED] - Object: 'Object Repository/11-Cloud Files/div_dropdown2' is clicked on

2023-05-12 16:32:17 - [TEST_STEP][PASSED] - click(findTestObject("11-Cloud Files/mat-option-checkmark_contributor")): Object: 'Object Repository/11-Cloud Files/mat-option-checkmark_contributor' is clicked on

2023-05-12 16:32:17 - [MESSAGE][PASSED] - Object: 'Object Repository/11-Cloud Files/mat-option-checkmark_contributor' is clicked on

2023-05-12 16:32:17 - [TEST_STEP][PASSED] - delay(delay_3seconds): Delayed 3 second(s)

2023-05-12 16:32:20 - [MESSAGE][PASSED] - Delayed 3 second(s)

2023-05-12 16:32:20 - [TEST_STEP][PASSED] - verifyElementVisible(findTestObject("11-Cloud Files/div_GTGG tester")): Object 'Object Repository/11-Cloud Files/div_GTGG tester' is visible

2023-05-12 16:32:21 - [MESSAGE][PASSED] - Object 'Object Repository/11-Cloud Files/div_GTGG tester' is visible

2023-05-12 16:32:21 - [TEST_STEP][PASSED] - click(findTestObject("11-Cloud Files/div_dropdown3")): Object: 'Object Repository/11-Cloud Files/div_dropdown3' is clicked on

2023-05-12 16:32:21 - [MESSAGE][PASSED] - Object: 'Object Repository/11-Cloud Files/div_dropdown3' is clicked on

2023-05-12 16:32:21 - [TEST_STEP][PASSED] - click(findTestObject("11-Cloud Files/span_delete Remove Access")): Object: 'Object Repository/11-Cloud Files/span_delete Remove Access' is clicked on

2023-05-12 16:32:22 - [MESSAGE][PASSED] - Object: 'Object Repository/11-Cloud Files/span_delete Remove Access' is clicked on

2023-05-12 16:32:22 - [TEST_STEP][PASSED] - click(findTestObject("11-Cloud Files/button_done")): Object: 'Object Repository/11-Cloud Files/button_done' is clicked on

2023-05-12 16:32:22 - [MESSAGE][PASSED] - Object: 'Object Repository/11-Cloud Files/button_done' is clicked on

2023-05-12 16:32:22 - [TEST_STEP][PASSED] - delay(delay_3seconds): Delayed 3 second(s)

2023-05-12 16:32:25 - [MESSAGE][PASSED] - Delayed 3 second(s)

2023-05-12 16:32:25 - [TEST_STEP][PASSED] - rightClick(findTestObject("11-Cloud Files/td_Automation folder EDIT")): Object: 'Object Repository/11-Cloud Files/td_Automation folder EDIT' is right clicked on

2023-05-12 16:32:26 - [MESSAGE][PASSED] - Object: 'Object Repository/11-Cloud Files/td_Automation folder EDIT' is right clicked on

2023-05-12 16:32:26 - [TEST_STEP][PASSED] - click(findTestObject("11-Cloud Files/button_Share")): Object: 'Object Repository/11-Cloud Files/button_Share' is clicked on

2023-05-12 16:32:27 - [MESSAGE][PASSED] - Object: 'Object Repository/11-Cloud Files/button_Share' is clicked on

2023-05-12 16:32:27 - [TEST_STEP][PASSED] - click(findTestObject("11-Cloud Files/button_Copy Share Link")): Object: 'Object Repository/11-Cloud Files/button_Copy Share Link' is clicked on

2023-05-12 16:32:28 - [MESSAGE][PASSED] - Object: 'Object Repository/11-Cloud Files/button_Copy Share Link' is clicked on

2023-05-12 16:32:28 - [TEST_STEP][PASSED] - delay(delay_3seconds): Delayed 3 second(s)

2023-05-12 16:32:31 - [MESSAGE][PASSED] - Delayed 3 second(s)

2023-05-12 16:32:31 - [TEST_STEP][PASSED] - my_clipboard = getContents(null).getTransferData(stringFlavor): null

2023-05-12 16:32:31 - [TEST_STEP][PASSED] - navigateToUrl(my_clipboard): Navigate to 'https://xukp7.app.goo.gl/DgM3' successfully

2023-05-12 16:32:39 - [MESSAGE][PASSED] - Navigate to 'https://xukp7.app.goo.gl/DgM3' successfully

2023-05-12 16:32:39 - [TEST_STEP][PASSED] - delay(delay_4seconds): Delayed 4 second(s)

2023-05-12 16:32:43 - [MESSAGE][PASSED] - Delayed 4 second(s)

2023-05-12 16:32:43 - [TEST_STEP][PASSED] - click(findTestObject("03-Header Menu/Hamburger Button/div_Cloud Files")): Object: 'Object Repository/03-Header Menu/Hamburger Button/div_Cloud Files' is clicked on

2023-05-12 16:32:46 - [MESSAGE][PASSED] - Object: 'Object Repository/03-Header Menu/Hamburger Button/div_Cloud Files' is clicked on

2023-05-12 16:32:46 - [TEST_STEP][PASSED] - scrollToElement(findTestObject("11-Cloud Files/a_My Drive"), 0): Scroll to object 'Object Repository/11-Cloud Files/a_My Drive' successfully

2023-05-12 16:32:46 - [MESSAGE][WARNING] - Timeout '0' is invalid. Using default page load timeout: '30'

2023-05-12 16:32:47 - [MESSAGE][PASSED] - Scroll to object 'Object Repository/11-Cloud Files/a_My Drive' successfully

2023-05-12 16:32:47 - [TEST_STEP][PASSED] - click(findTestObject("11-Cloud Files/a_My Drive")): Object: 'Object Repository/11-Cloud Files/a_My Drive' is clicked on

2023-05-12 16:32:48 - [MESSAGE][PASSED] - Object: 'Object Repository/11-Cloud Files/a_My Drive' is clicked on

2023-05-12 16:32:48 - [TEST_STEP][PASSED] - click(findTestObject("11-Cloud Files/h4_MY FILES")): Object: 'Object Repository/11-Cloud Files/h4_MY FILES' is clicked on

2023-05-12 16:32:49 - [MESSAGE][PASSED] - Object: 'Object Repository/11-Cloud Files/h4_MY FILES' is clicked on

2023-05-12 16:32:49 - [TEST_STEP][PASSED] - delay(delay_3seconds): Delayed 3 second(s)

2023-05-12 16:32:52 - [MESSAGE][PASSED] - Delayed 3 second(s)]]></system-out>
         <system-err><![CDATA[]]></system-err>
      </testcase>
      <testcase name="Test Cases/11.1 - Cloud Files (My Drive)/14-Delete a file and folder" time="16.594" classname="Test Cases/11.1 - Cloud Files (My Drive)/14-Delete a file and folder" status="PASSED">
         <system-out><![CDATA[2023-05-12 16:32:52 - [TEST_CASE][PASSED] - Test Cases/11.1 - Cloud Files (My Drive)/14-Delete a file and folder: Test Cases/11.1 - Cloud Files (My Drive)/14-Delete a file and folder

2023-05-12 16:32:53 - [TEST_STEP][PASSED] - rightClick(findTestObject("11-Cloud Files/td_Automation folder EDIT")): Object: 'Object Repository/11-Cloud Files/td_Automation folder EDIT' is right clicked on

2023-05-12 16:32:54 - [MESSAGE][PASSED] - Object: 'Object Repository/11-Cloud Files/td_Automation folder EDIT' is right clicked on

2023-05-12 16:32:54 - [TEST_STEP][PASSED] - click(findTestObject("11-Cloud Files/button_deleteDelete")): Object: 'Object Repository/11-Cloud Files/button_deleteDelete' is clicked on

2023-05-12 16:32:55 - [MESSAGE][PASSED] - Object: 'Object Repository/11-Cloud Files/button_deleteDelete' is clicked on

2023-05-12 16:32:55 - [TEST_STEP][PASSED] - verifyElementVisible(findTestObject("11-Cloud Files/mat-dialog-container_DeleteConfirmationModal")): Object 'Object Repository/11-Cloud Files/mat-dialog-container_DeleteConfirmationModal' is visible

2023-05-12 16:32:56 - [MESSAGE][PASSED] - Object 'Object Repository/11-Cloud Files/mat-dialog-container_DeleteConfirmationModal' is visible

2023-05-12 16:32:56 - [TEST_STEP][PASSED] - click(findTestObject("11-Cloud Files/button_Confirm")): Object: 'Object Repository/11-Cloud Files/button_Confirm' is clicked on

2023-05-12 16:32:56 - [MESSAGE][PASSED] - Object: 'Object Repository/11-Cloud Files/button_Confirm' is clicked on

2023-05-12 16:32:56 - [TEST_STEP][PASSED] - delay(delay_3seconds): Delayed 3 second(s)

2023-05-12 16:32:59 - [MESSAGE][PASSED] - Delayed 3 second(s)

2023-05-12 16:32:59 - [TEST_STEP][PASSED] - rightClick(findTestObject("11-Cloud Files/td_qa EditPeople")): Object: 'Object Repository/11-Cloud Files/td_qa EditPeople' is right clicked on

2023-05-12 16:33:00 - [MESSAGE][PASSED] - Object: 'Object Repository/11-Cloud Files/td_qa EditPeople' is right clicked on

2023-05-12 16:33:00 - [TEST_STEP][PASSED] - click(findTestObject("11-Cloud Files/button_deleteDelete")): Object: 'Object Repository/11-Cloud Files/button_deleteDelete' is clicked on

2023-05-12 16:33:01 - [MESSAGE][PASSED] - Object: 'Object Repository/11-Cloud Files/button_deleteDelete' is clicked on

2023-05-12 16:33:01 - [TEST_STEP][PASSED] - verifyElementVisible(findTestObject("11-Cloud Files/mat-dialog-container_DeleteConfirmationModal")): Object 'Object Repository/11-Cloud Files/mat-dialog-container_DeleteConfirmationModal' is visible

2023-05-12 16:33:02 - [MESSAGE][PASSED] - Object 'Object Repository/11-Cloud Files/mat-dialog-container_DeleteConfirmationModal' is visible

2023-05-12 16:33:02 - [TEST_STEP][PASSED] - click(findTestObject("11-Cloud Files/button_Confirm")): Object: 'Object Repository/11-Cloud Files/button_Confirm' is clicked on

2023-05-12 16:33:03 - [MESSAGE][PASSED] - Object: 'Object Repository/11-Cloud Files/button_Confirm' is clicked on

2023-05-12 16:33:03 - [TEST_STEP][PASSED] - delay(delay_4seconds): Delayed 4 second(s)

2023-05-12 16:33:07 - [MESSAGE][PASSED] - Delayed 4 second(s)

2023-05-12 16:33:07 - [TEST_STEP][PASSED] - closeBrowser(): Browser is closed

2023-05-12 16:33:09 - [MESSAGE][PASSED] - Browser is closed]]></system-out>
         <system-err><![CDATA[]]></system-err>
      </testcase>
      <system-out><![CDATA[2023-05-12 16:26:37 - [TEST_SUITE][PASSED] - 11.1 - Cloud Files(My Drive): Test Cases/11.1 - Cloud Files (My Drive)/14-Delete a file and folder]]></system-out>
      <system-err><![CDATA[]]></system-err>
   </testsuite>
</testsuites>
