<?xml version="1.0" encoding="UTF-8"?>
<testsuites name="05-Chat" time="640.612" tests="10" failures="0" errors="0">
   <testsuite name="05-Chat" tests="10" failures="0" errors="0" time="640.612" skipped="0" timestamp="2022-12-23 12:38:17" hostname="asus - DESKTOP-3L3J9C1" id="Test Suites/TS-Organization/05-Chat">
      <properties>
         <property name="deviceName" value=""/>
         <property name="devicePlatform" value=""/>
         <property name="logFolder" value="C:\\Users\\asus\\Katalon Studio\\Everleagues\\Everleagues\\Reports\\20221223_123805\\TS-Organization\\05-Chat\\20221223_123805"/>
         <property name="logFiles" value="C:\\Users\\asus\\Katalon Studio\\Everleagues\\Everleagues\\Reports\\20221223_123805\\TS-Organization\\05-Chat\\20221223_123805\\execution0.log"/>
         <property name="attachments" value=""/>
         <property name="hostName" value="asus - DESKTOP-3L3J9C1"/>
         <property name="os" value="Windows 10 64bit"/>
         <property name="katalonVersion" value="8.4.1.208"/>
         <property name="browser" value="Chrome 108.0.0.0"/>
         <property name="hostAddress" value="192.168.5.82"/>
         <property name="sessionId" value="a867bd77fa73df6f8acfc20aac247a71"/>
         <property name="seleniumVersion" value="3.141.59"/>
         <property name="proxyInformation" value="ProxyInformation { proxyOption=NO_PROXY, proxyServerType=HTTP, username=, password=********, proxyServerAddress=, proxyServerPort=0, executionList=&quot;&quot;, isApplyToDesiredCapabilities=true }"/>
         <property name="platform" value="Windows 10"/>
      </properties>
      <testcase name="Test Cases/05- Chat/01-Creating a Chat group" time="147.91" classname="Test Cases/05- Chat/01-Creating a Chat group" status="PASSED">
         <system-out><![CDATA[2022-12-23 12:38:18 - [TEST_CASE][PASSED] - Test Cases/05- Chat/01-Creating a Chat group: Test Cases/05- Chat/01-Creating a Chat group

2022-12-23 12:38:20 - [TEST_STEP][PASSED] - openBrowser(""): Browser is opened with url: ''

2022-12-23 12:38:21 - [MESSAGE][INFO] - Starting 'Chrome' driver

2022-12-23 12:38:21 - [MESSAGE][INFO] - Action delay is set to 0 milliseconds

2022-12-23 12:38:29 - [MESSAGE][PASSED] - Browser is opened with url: ''

2022-12-23 12:38:29 - [TEST_STEP][PASSED] - navigateToUrl("https://lab.everleagues.com/"): Navigate to 'https://lab.everleagues.com/' successfully

2022-12-23 12:38:49 - [MESSAGE][PASSED] - Navigate to 'https://lab.everleagues.com/' successfully

2022-12-23 12:38:49 - [TEST_STEP][PASSED] - maximizeWindow(): Current window maximized

2022-12-23 12:38:49 - [MESSAGE][PASSED] - Current window maximized

2022-12-23 12:38:49 - [TEST_STEP][PASSED] - setText(findTestObject("02-Side Icons(Organization)/Add Contact/Email Field"), "testuser02@mailinator.com"): Text 'testuser02@mailinator.com' is set on object 'Object Repository/02-Side Icons(Organization)/Add Contact/Email Field'

2022-12-23 12:38:51 - [MESSAGE][PASSED] - Text 'testuser02@mailinator.com' is set on object 'Object Repository/02-Side Icons(Organization)/Add Contact/Email Field'

2022-12-23 12:38:51 - [TEST_STEP][PASSED] - setEncryptedText(findTestObject("02-Side Icons(Organization)/Add Contact/Password Field"), "8yFRyszE6U6jvsCn51OQbg=="): Text ****** has been set on object 'Object Repository/02-Side Icons(Organization)/Add Contact/Password Field'

2022-12-23 12:38:53 - [MESSAGE][PASSED] - Text ****** has been set on object 'Object Repository/02-Side Icons(Organization)/Add Contact/Password Field'

2022-12-23 12:38:53 - [TEST_STEP][PASSED] - click(findTestObject("02-Side Icons(Organization)/Add Contact/button_Sign in")): Object: 'Object Repository/02-Side Icons(Organization)/Add Contact/button_Sign in' is clicked on

2022-12-23 12:38:56 - [MESSAGE][PASSED] - Object: 'Object Repository/02-Side Icons(Organization)/Add Contact/button_Sign in' is clicked on

2022-12-23 12:38:56 - [TEST_STEP][PASSED] - delay(2): Delayed 2 second(s)

2022-12-23 12:38:58 - [MESSAGE][PASSED] - Delayed 2 second(s)

2022-12-23 12:38:58 - [TEST_STEP][PASSED] - click(findTestObject("06-Teams/For 2FA/button_Confirm_2FA")): Object: 'Object Repository/06-Teams/For 2FA/button_Confirm_2FA' is clicked on

2022-12-23 12:39:00 - [MESSAGE][PASSED] - Object: 'Object Repository/06-Teams/For 2FA/button_Confirm_2FA' is clicked on

2022-12-23 12:39:00 - [TEST_STEP][PASSED] - executeJavaScript("window.open();", []): Execute JavaScript 'window.open();' successfully

2022-12-23 12:39:00 - [MESSAGE][PASSED] - Execute JavaScript 'window.open();' successfully

2022-12-23 12:39:00 - [TEST_STEP][PASSED] - currentWindow = getWindowIndex(): Current window's index is: 0

2022-12-23 12:39:00 - [MESSAGE][PASSED] - Current window's index is: 0

2022-12-23 12:39:00 - [TEST_STEP][PASSED] - delay(3): Delayed 3 second(s)

2022-12-23 12:39:03 - [MESSAGE][PASSED] - Delayed 3 second(s)

2022-12-23 12:39:03 - [TEST_STEP][PASSED] - switchToWindowIndex(currentWindow + 1): Switched to window with index: '1'

2022-12-23 12:39:04 - [MESSAGE][PASSED] - Switched to window with index: '1'

2022-12-23 12:39:04 - [TEST_STEP][PASSED] - navigateToUrl("https://www.mailinator.com/"): Navigate to 'https://www.mailinator.com/' successfully

2022-12-23 12:39:13 - [MESSAGE][PASSED] - Navigate to 'https://www.mailinator.com/' successfully

2022-12-23 12:39:13 - [TEST_STEP][PASSED] - delay(3): Delayed 3 second(s)

2022-12-23 12:39:16 - [MESSAGE][PASSED] - Delayed 3 second(s)

2022-12-23 12:39:16 - [TEST_STEP][PASSED] - setText(findTestObject("00-Signup and Activation/zMailinator/input_LOGIN_search"), "testuser02@mailinator.com"): Text 'testuser02@mailinator.com' is set on object 'Object Repository/00-Signup and Activation/zMailinator/input_LOGIN_search'

2022-12-23 12:39:17 - [MESSAGE][PASSED] - Text 'testuser02@mailinator.com' is set on object 'Object Repository/00-Signup and Activation/zMailinator/input_LOGIN_search'

2022-12-23 12:39:17 - [TEST_STEP][PASSED] - click(findTestObject("00-Signup and Activation/zMailinator/gobutton"), STOP_ON_FAILURE): Object: 'Object Repository/00-Signup and Activation/zMailinator/gobutton' is clicked on

2022-12-23 12:39:23 - [MESSAGE][PASSED] - Object: 'Object Repository/00-Signup and Activation/zMailinator/gobutton' is clicked on

2022-12-23 12:39:23 - [TEST_STEP][PASSED] - delay(3): Delayed 3 second(s)

2022-12-23 12:39:26 - [MESSAGE][PASSED] - Delayed 3 second(s)

2022-12-23 12:39:26 - [TEST_STEP][PASSED] - click(findTestObject("00-Signup and Activation/zMailinator/Email - everleagues")): Object: 'Object Repository/00-Signup and Activation/zMailinator/Email - everleagues' is clicked on

2022-12-23 12:39:27 - [MESSAGE][PASSED] - Object: 'Object Repository/00-Signup and Activation/zMailinator/Email - everleagues' is clicked on

2022-12-23 12:39:27 - [TEST_STEP][PASSED] - delay(3): Delayed 3 second(s)

2022-12-23 12:39:30 - [MESSAGE][PASSED] - Delayed 3 second(s)

2022-12-23 12:39:30 - [TEST_STEP][PASSED] - code = getText(findTestObject("Object Repository/06-Teams/For 2FA/2FA code")): Text of object 'Object Repository/06-Teams/For 2FA/2FA code' is: '664745'

2022-12-23 12:39:31 - [MESSAGE][PASSED] - Text of object 'Object Repository/06-Teams/For 2FA/2FA code' is: '664745'

2022-12-23 12:39:31 - [TEST_STEP][PASSED] - delay(3): Delayed 3 second(s)

2022-12-23 12:39:34 - [MESSAGE][PASSED] - Delayed 3 second(s)

2022-12-23 12:39:34 - [TEST_STEP][PASSED] - closeWindowTitle("Mailinator"): Window with title: 'Mailinator' is closed

2022-12-23 12:39:35 - [MESSAGE][PASSED] - Window with title: 'Mailinator' is closed

2022-12-23 12:39:35 - [TEST_STEP][PASSED] - delay(3): Delayed 3 second(s)

2022-12-23 12:39:38 - [MESSAGE][PASSED] - Delayed 3 second(s)

2022-12-23 12:39:38 - [TEST_STEP][PASSED] - switchToWindowIndex(0): Switched to window with index: '0'

2022-12-23 12:39:38 - [MESSAGE][PASSED] - Switched to window with index: '0'

2022-12-23 12:39:38 - [TEST_STEP][PASSED] - delay(3): Delayed 3 second(s)

2022-12-23 12:39:41 - [MESSAGE][PASSED] - Delayed 3 second(s)

2022-12-23 12:39:41 - [TEST_STEP][PASSED] - setText(findTestObject("Object Repository/06-Teams/For 2FA/input_Enter verification code_code"), code): Text '664745' is set on object 'Object Repository/06-Teams/For 2FA/input_Enter verification code_code'

2022-12-23 12:39:43 - [MESSAGE][PASSED] - Text '664745' is set on object 'Object Repository/06-Teams/For 2FA/input_Enter verification code_code'

2022-12-23 12:39:43 - [TEST_STEP][PASSED] - delay(3): Delayed 3 second(s)

2022-12-23 12:39:46 - [MESSAGE][PASSED] - Delayed 3 second(s)

2022-12-23 12:39:46 - [TEST_STEP][PASSED] - click(findTestObject("06-Teams/For 2FA/button_Verify_2FA")): Object: 'Object Repository/06-Teams/For 2FA/button_Verify_2FA' is clicked on

2022-12-23 12:39:47 - [MESSAGE][PASSED] - Object: 'Object Repository/06-Teams/For 2FA/button_Verify_2FA' is clicked on

2022-12-23 12:39:47 - [TEST_STEP][PASSED] - delay(5): Delayed 5 second(s)

2022-12-23 12:39:52 - [MESSAGE][PASSED] - Delayed 5 second(s)

2022-12-23 12:39:52 - [TEST_STEP][PASSED] - click(findTestObject("02-Side Icons(Organization)/Add Contact/Side Menu double arrow icon")): Object: 'Object Repository/02-Side Icons(Organization)/Add Contact/Side Menu double arrow icon' is clicked on

2022-12-23 12:39:53 - [MESSAGE][PASSED] - Object: 'Object Repository/02-Side Icons(Organization)/Add Contact/Side Menu double arrow icon' is clicked on

2022-12-23 12:39:53 - [TEST_STEP][PASSED] - delay(2): Delayed 2 second(s)

2022-12-23 12:39:55 - [MESSAGE][PASSED] - Delayed 2 second(s)

2022-12-23 12:39:55 - [TEST_STEP][PASSED] - click(findTestObject("02-Side Icons(Organization)/Add Contact/button_My Organizations")): Object: 'Object Repository/02-Side Icons(Organization)/Add Contact/button_My Organizations' is clicked on

2022-12-23 12:39:56 - [MESSAGE][PASSED] - Object: 'Object Repository/02-Side Icons(Organization)/Add Contact/button_My Organizations' is clicked on

2022-12-23 12:39:56 - [TEST_STEP][PASSED] - delay(2): Delayed 2 second(s)

2022-12-23 12:39:58 - [MESSAGE][PASSED] - Delayed 2 second(s)

2022-12-23 12:39:58 - [TEST_STEP][PASSED] - click(findTestObject("02-Side Icons(Organization)/Add Contact/button_Automation Test Org")): Object: 'Object Repository/02-Side Icons(Organization)/Add Contact/button_Automation Test Org' is clicked on

2022-12-23 12:40:01 - [MESSAGE][PASSED] - Object: 'Object Repository/02-Side Icons(Organization)/Add Contact/button_Automation Test Org' is clicked on

2022-12-23 12:40:01 - [TEST_STEP][PASSED] - delay(2): Delayed 2 second(s)

2022-12-23 12:40:03 - [MESSAGE][PASSED] - Delayed 2 second(s)

2022-12-23 12:40:03 - [TEST_STEP][PASSED] - verifyElementVisible(findTestObject("02-Side Icons(Organization)/Add Contact/span_Automation Test Org")): Object 'Object Repository/02-Side Icons(Organization)/Add Contact/span_Automation Test Org' is visible

2022-12-23 12:40:03 - [MESSAGE][PASSED] - Object 'Object Repository/02-Side Icons(Organization)/Add Contact/span_Automation Test Org' is visible

2022-12-23 12:40:03 - [TEST_STEP][PASSED] - click(findTestObject("05-Chat/01- Creating a Chat group/div_Chat")): Object: 'Object Repository/05-Chat/01- Creating a Chat group/div_Chat' is clicked on

2022-12-23 12:40:10 - [MESSAGE][PASSED] - Object: 'Object Repository/05-Chat/01- Creating a Chat group/div_Chat' is clicked on

2022-12-23 12:40:10 - [TEST_STEP][PASSED] - delay(1): Delayed 1 second(s)

2022-12-23 12:40:11 - [MESSAGE][PASSED] - Delayed 1 second(s)

2022-12-23 12:40:11 - [TEST_STEP][PASSED] - verifyElementVisible(findTestObject("05-Chat/01- Creating a Chat group/h4_CHAT")): Object 'Object Repository/05-Chat/01- Creating a Chat group/h4_CHAT' is visible

2022-12-23 12:40:12 - [MESSAGE][PASSED] - Object 'Object Repository/05-Chat/01- Creating a Chat group/h4_CHAT' is visible

2022-12-23 12:40:12 - [TEST_STEP][PASSED] - verifyElementVisible(findTestObject("05-Chat/01- Creating a Chat group/div_No chat available")): Object 'Object Repository/05-Chat/01- Creating a Chat group/div_No chat available' is visible

2022-12-23 12:40:12 - [MESSAGE][PASSED] - Object 'Object Repository/05-Chat/01- Creating a Chat group/div_No chat available' is visible

2022-12-23 12:40:12 - [TEST_STEP][PASSED] - verifyElementVisible(findTestObject("05-Chat/01- Creating a Chat group/h5_Chat securely with your contacts here")): Object 'Object Repository/05-Chat/01- Creating a Chat group/h5_Chat securely with your contacts here' is visible

2022-12-23 12:40:14 - [MESSAGE][PASSED] - Object 'Object Repository/05-Chat/01- Creating a Chat group/h5_Chat securely with your contacts here' is visible

2022-12-23 12:40:14 - [TEST_STEP][PASSED] - delay(3): Delayed 3 second(s)

2022-12-23 12:40:17 - [MESSAGE][PASSED] - Delayed 3 second(s)

2022-12-23 12:40:17 - [TEST_STEP][PASSED] - click(findTestObject("05-Chat/01- Creating a Chat group/new chat icon")): Object: 'Object Repository/05-Chat/01- Creating a Chat group/new chat icon' is clicked on

2022-12-23 12:40:18 - [MESSAGE][PASSED] - Object: 'Object Repository/05-Chat/01- Creating a Chat group/new chat icon' is clicked on

2022-12-23 12:40:18 - [TEST_STEP][PASSED] - delay(5): Delayed 5 second(s)

2022-12-23 12:40:23 - [MESSAGE][PASSED] - Delayed 5 second(s)

2022-12-23 12:40:23 - [TEST_STEP][PASSED] - click(findTestObject("05-Chat/01- Creating a Chat group/div_New Group Chat")): Object: 'Object Repository/05-Chat/01- Creating a Chat group/div_New Group Chat' is clicked on

2022-12-23 12:40:24 - [MESSAGE][PASSED] - Object: 'Object Repository/05-Chat/01- Creating a Chat group/div_New Group Chat' is clicked on

2022-12-23 12:40:24 - [TEST_STEP][PASSED] - delay(1): Delayed 1 second(s)

2022-12-23 12:40:25 - [MESSAGE][PASSED] - Delayed 1 second(s)

2022-12-23 12:40:25 - [TEST_STEP][PASSED] - verifyElementVisible(findTestObject("05-Chat/01- Creating a Chat group/span_Add group participant")): Object 'Object Repository/05-Chat/01- Creating a Chat group/span_Add group participant' is visible

2022-12-23 12:40:26 - [MESSAGE][PASSED] - Object 'Object Repository/05-Chat/01- Creating a Chat group/span_Add group participant' is visible

2022-12-23 12:40:26 - [TEST_STEP][PASSED] - verifyElementNotPresent(findTestObject("05-Chat/01- Creating a Chat group/button_arrow_forward"), 0): Web element with id: 'Object Repository/05-Chat/01- Creating a Chat group/button_arrow_forward' located by 'By.xpath: //button[@type = 'button' and @ng-reflect-disabled = 'false' and (text() = 'arrow_forward' or . = 'arrow_forward')]' is not present after '30' second(s)

2022-12-23 12:40:26 - [MESSAGE][WARNING] - Timeout '0' is invalid. Using default page load timeout: '30'

2022-12-23 12:40:28 - [MESSAGE][PASSED] - Web element with id: 'Object Repository/05-Chat/01- Creating a Chat group/button_arrow_forward' located by 'By.xpath: //button[@type = 'button' and @ng-reflect-disabled = 'false' and (text() = 'arrow_forward' or . = 'arrow_forward')]' is not present after '30' second(s)

2022-12-23 12:40:28 - [TEST_STEP][PASSED] - delay(1): Delayed 1 second(s)

2022-12-23 12:40:29 - [MESSAGE][PASSED] - Delayed 1 second(s)

2022-12-23 12:40:29 - [TEST_STEP][PASSED] - setText(findTestObject("05-Chat/01- Creating a Chat group/input_newGroupName"), "Automation Chat"): Text 'Automation Chat' is set on object 'Object Repository/05-Chat/01- Creating a Chat group/input_newGroupName'

2022-12-23 12:40:32 - [MESSAGE][PASSED] - Text 'Automation Chat' is set on object 'Object Repository/05-Chat/01- Creating a Chat group/input_newGroupName'

2022-12-23 12:40:32 - [TEST_STEP][PASSED] - click(findTestObject("05-Chat/01- Creating a Chat group/div_GTGG tester")): Object: 'Object Repository/05-Chat/01- Creating a Chat group/div_GTGG tester' is clicked on

2022-12-23 12:40:33 - [MESSAGE][PASSED] - Object: 'Object Repository/05-Chat/01- Creating a Chat group/div_GTGG tester' is clicked on

2022-12-23 12:40:33 - [TEST_STEP][PASSED] - verifyElementVisible(findTestObject("05-Chat/01- Creating a Chat group/GG tester added")): Object 'Object Repository/05-Chat/01- Creating a Chat group/GG tester added' is visible

2022-12-23 12:40:34 - [MESSAGE][PASSED] - Object 'Object Repository/05-Chat/01- Creating a Chat group/GG tester added' is visible

2022-12-23 12:40:34 - [TEST_STEP][PASSED] - delay(1): Delayed 1 second(s)

2022-12-23 12:40:35 - [MESSAGE][PASSED] - Delayed 1 second(s)

2022-12-23 12:40:35 - [TEST_STEP][PASSED] - click(findTestObject("05-Chat/01- Creating a Chat group/div_GTGG tester 2")): Object: 'Object Repository/05-Chat/01- Creating a Chat group/div_GTGG tester 2' is clicked on

2022-12-23 12:40:35 - [MESSAGE][PASSED] - Object: 'Object Repository/05-Chat/01- Creating a Chat group/div_GTGG tester 2' is clicked on

2022-12-23 12:40:35 - [TEST_STEP][PASSED] - verifyElementVisible(findTestObject("05-Chat/01- Creating a Chat group/GG tester 2 added")): Object 'Object Repository/05-Chat/01- Creating a Chat group/GG tester 2 added' is visible

2022-12-23 12:40:36 - [MESSAGE][PASSED] - Object 'Object Repository/05-Chat/01- Creating a Chat group/GG tester 2 added' is visible

2022-12-23 12:40:36 - [TEST_STEP][PASSED] - delay(1): Delayed 1 second(s)

2022-12-23 12:40:37 - [MESSAGE][PASSED] - Delayed 1 second(s)

2022-12-23 12:40:37 - [TEST_STEP][PASSED] - click(findTestObject("05-Chat/01- Creating a Chat group/button_arrow_forward")): Object: 'Object Repository/05-Chat/01- Creating a Chat group/button_arrow_forward' is clicked on

2022-12-23 12:40:38 - [MESSAGE][PASSED] - Object: 'Object Repository/05-Chat/01- Creating a Chat group/button_arrow_forward' is clicked on

2022-12-23 12:40:38 - [TEST_STEP][PASSED] - verifyElementVisible(findTestObject("05-Chat/01- Creating a Chat group/div_Creating Chat")): Object 'Object Repository/05-Chat/01- Creating a Chat group/div_Creating Chat' is visible

2022-12-23 12:40:39 - [MESSAGE][PASSED] - Object 'Object Repository/05-Chat/01- Creating a Chat group/div_Creating Chat' is visible

2022-12-23 12:40:39 - [TEST_STEP][PASSED] - delay(3): Delayed 3 second(s)

2022-12-23 12:40:42 - [MESSAGE][PASSED] - Delayed 3 second(s)

2022-12-23 12:40:42 - [TEST_STEP][PASSED] - verifyElementVisible(findTestObject("05-Chat/01- Creating a Chat group/div_Automation Chat")): Object 'Object Repository/05-Chat/01- Creating a Chat group/div_Automation Chat' is visible

2022-12-23 12:40:43 - [MESSAGE][PASSED] - Object 'Object Repository/05-Chat/01- Creating a Chat group/div_Automation Chat' is visible

2022-12-23 12:40:43 - [TEST_STEP][PASSED] - delay(3): Delayed 3 second(s)

2022-12-23 12:40:46 - [MESSAGE][PASSED] - Delayed 3 second(s)]]></system-out>
         <system-err><![CDATA[]]></system-err>
      </testcase>
      <testcase name="Test Cases/05- Chat/02-Sending chat messages" time="33.962" classname="Test Cases/05- Chat/02-Sending chat messages" status="PASSED">
         <system-out><![CDATA[2022-12-23 12:40:46 - [TEST_CASE][PASSED] - Test Cases/05- Chat/02-Sending chat messages: Test Cases/05- Chat/02-Sending chat messages

2022-12-23 12:40:48 - [TEST_STEP][PASSED] - click(findTestObject("05-Chat/02-Sending chat messages/div_AC")): Object: 'Object Repository/05-Chat/02-Sending chat messages/div_AC' is clicked on

2022-12-23 12:40:49 - [MESSAGE][PASSED] - Object: 'Object Repository/05-Chat/02-Sending chat messages/div_AC' is clicked on

2022-12-23 12:40:49 - [TEST_STEP][PASSED] - setText(findTestObject("05-Chat/02-Sending chat messages/textarea__msg"), "Testing automation"): Text 'Testing automation' is set on object 'Object Repository/05-Chat/02-Sending chat messages/textarea__msg'

2022-12-23 12:40:52 - [MESSAGE][PASSED] - Text 'Testing automation' is set on object 'Object Repository/05-Chat/02-Sending chat messages/textarea__msg'

2022-12-23 12:40:52 - [TEST_STEP][PASSED] - click(findTestObject("05-Chat/02-Sending chat messages/button_send")): Object: 'Object Repository/05-Chat/02-Sending chat messages/button_send' is clicked on

2022-12-23 12:40:54 - [MESSAGE][PASSED] - Object: 'Object Repository/05-Chat/02-Sending chat messages/button_send' is clicked on

2022-12-23 12:40:54 - [TEST_STEP][PASSED] - verifyElementVisible(findTestObject("05-Chat/02-Sending chat messages/verify_Testing automation msg")): Object 'Object Repository/05-Chat/02-Sending chat messages/verify_Testing automation msg' is visible

2022-12-23 12:40:56 - [MESSAGE][PASSED] - Object 'Object Repository/05-Chat/02-Sending chat messages/verify_Testing automation msg' is visible

2022-12-23 12:40:56 - [TEST_STEP][PASSED] - delay(3): Delayed 3 second(s)

2022-12-23 12:40:59 - [MESSAGE][PASSED] - Delayed 3 second(s)

2022-12-23 12:40:59 - [TEST_STEP][PASSED] - click(findTestObject("05-Chat/02-Sending chat messages/button_insert_emoticon")): Object: 'Object Repository/05-Chat/02-Sending chat messages/button_insert_emoticon' is clicked on

2022-12-23 12:41:01 - [MESSAGE][PASSED] - Object: 'Object Repository/05-Chat/02-Sending chat messages/button_insert_emoticon' is clicked on

2022-12-23 12:41:01 - [TEST_STEP][PASSED] - verifyElementVisible(findTestObject("05-Chat/02-Sending chat messages/Frequently used")): Object 'Object Repository/05-Chat/02-Sending chat messages/Frequently used' is visible

2022-12-23 12:41:02 - [MESSAGE][PASSED] - Object 'Object Repository/05-Chat/02-Sending chat messages/Frequently used' is visible

2022-12-23 12:41:02 - [TEST_STEP][PASSED] - verifyElementVisible(findTestObject("05-Chat/02-Sending chat messages/smiley and people")): Object 'Object Repository/05-Chat/02-Sending chat messages/smiley and people' is visible

2022-12-23 12:41:03 - [MESSAGE][PASSED] - Object 'Object Repository/05-Chat/02-Sending chat messages/smiley and people' is visible

2022-12-23 12:41:03 - [TEST_STEP][PASSED] - verifyElementVisible(findTestObject("05-Chat/02-Sending chat messages/Animals and nature")): Object 'Object Repository/05-Chat/02-Sending chat messages/Animals and nature' is visible

2022-12-23 12:41:04 - [MESSAGE][PASSED] - Object 'Object Repository/05-Chat/02-Sending chat messages/Animals and nature' is visible

2022-12-23 12:41:04 - [TEST_STEP][PASSED] - verifyElementVisible(findTestObject("05-Chat/02-Sending chat messages/Food and drink")): Object 'Object Repository/05-Chat/02-Sending chat messages/Food and drink' is visible

2022-12-23 12:41:05 - [MESSAGE][PASSED] - Object 'Object Repository/05-Chat/02-Sending chat messages/Food and drink' is visible

2022-12-23 12:41:05 - [TEST_STEP][PASSED] - verifyElementVisible(findTestObject("05-Chat/02-Sending chat messages/Activity")): Object 'Object Repository/05-Chat/02-Sending chat messages/Activity' is visible

2022-12-23 12:41:05 - [MESSAGE][PASSED] - Object 'Object Repository/05-Chat/02-Sending chat messages/Activity' is visible

2022-12-23 12:41:05 - [TEST_STEP][PASSED] - verifyElementVisible(findTestObject("05-Chat/02-Sending chat messages/Travel and places")): Object 'Object Repository/05-Chat/02-Sending chat messages/Travel and places' is visible

2022-12-23 12:41:06 - [MESSAGE][PASSED] - Object 'Object Repository/05-Chat/02-Sending chat messages/Travel and places' is visible

2022-12-23 12:41:06 - [TEST_STEP][PASSED] - verifyElementVisible(findTestObject("05-Chat/02-Sending chat messages/Objects")): Object 'Object Repository/05-Chat/02-Sending chat messages/Objects' is visible

2022-12-23 12:41:07 - [MESSAGE][PASSED] - Object 'Object Repository/05-Chat/02-Sending chat messages/Objects' is visible

2022-12-23 12:41:07 - [TEST_STEP][PASSED] - verifyElementVisible(findTestObject("05-Chat/02-Sending chat messages/Symbols")): Object 'Object Repository/05-Chat/02-Sending chat messages/Symbols' is visible

2022-12-23 12:41:09 - [MESSAGE][PASSED] - Object 'Object Repository/05-Chat/02-Sending chat messages/Symbols' is visible

2022-12-23 12:41:09 - [TEST_STEP][PASSED] - delay(2): Delayed 2 second(s)

2022-12-23 12:41:11 - [MESSAGE][PASSED] - Delayed 2 second(s)

2022-12-23 12:41:11 - [TEST_STEP][PASSED] - click(findTestObject("05-Chat/02-Sending chat messages/Money Face")): Object: 'Object Repository/05-Chat/02-Sending chat messages/Money Face' is clicked on

2022-12-23 12:41:13 - [MESSAGE][PASSED] - Object: 'Object Repository/05-Chat/02-Sending chat messages/Money Face' is clicked on

2022-12-23 12:41:13 - [TEST_STEP][PASSED] - click(findTestObject("05-Chat/02-Sending chat messages/button_send")): Object: 'Object Repository/05-Chat/02-Sending chat messages/button_send' is clicked on

2022-12-23 12:41:14 - [MESSAGE][PASSED] - Object: 'Object Repository/05-Chat/02-Sending chat messages/button_send' is clicked on

2022-12-23 12:41:14 - [TEST_STEP][PASSED] - delay(2): Delayed 2 second(s)

2022-12-23 12:41:16 - [MESSAGE][PASSED] - Delayed 2 second(s)

2022-12-23 12:41:16 - [TEST_STEP][PASSED] - verifyElementVisible(findTestObject("05-Chat/02-Sending chat messages/money face in chat")): Object 'Object Repository/05-Chat/02-Sending chat messages/money face in chat' is visible

2022-12-23 12:41:17 - [MESSAGE][PASSED] - Object 'Object Repository/05-Chat/02-Sending chat messages/money face in chat' is visible

2022-12-23 12:41:17 - [TEST_STEP][PASSED] - delay(3): Delayed 3 second(s)

2022-12-23 12:41:20 - [MESSAGE][PASSED] - Delayed 3 second(s)]]></system-out>
         <system-err><![CDATA[]]></system-err>
      </testcase>
      <testcase name="Test Cases/05- Chat/03-React to a message" time="32.547" classname="Test Cases/05- Chat/03-React to a message" status="PASSED">
         <system-out><![CDATA[2022-12-23 12:41:20 - [TEST_CASE][PASSED] - Test Cases/05- Chat/03-React to a message: Test Cases/05- Chat/03-React to a message

2022-12-23 12:41:22 - [TEST_STEP][PASSED] - mouseOver(findTestObject("05-Chat/03-05 - React and Reply/div_chat")): Object: 'Object Repository/05-Chat/03-05 - React and Reply/div_chat' is hovered

2022-12-23 12:41:23 - [MESSAGE][PASSED] - Object: 'Object Repository/05-Chat/03-05 - React and Reply/div_chat' is hovered

2022-12-23 12:41:23 - [TEST_STEP][PASSED] - click(findTestObject("05-Chat/03-05 - React and Reply/mat-icon_mood")): Object: 'Object Repository/05-Chat/03-05 - React and Reply/mat-icon_mood' is clicked on

2022-12-23 12:41:24 - [MESSAGE][PASSED] - Object: 'Object Repository/05-Chat/03-05 - React and Reply/mat-icon_mood' is clicked on

2022-12-23 12:41:24 - [TEST_STEP][PASSED] - click(findTestObject("05-Chat/03-05 - React and Reply/button_react_like")): Object: 'Object Repository/05-Chat/03-05 - React and Reply/button_react_like' is clicked on

2022-12-23 12:41:25 - [MESSAGE][PASSED] - Object: 'Object Repository/05-Chat/03-05 - React and Reply/button_react_like' is clicked on

2022-12-23 12:41:25 - [TEST_STEP][PASSED] - delay(2): Delayed 2 second(s)

2022-12-23 12:41:27 - [MESSAGE][PASSED] - Delayed 2 second(s)

2022-12-23 12:41:27 - [TEST_STEP][PASSED] - mouseOver(findTestObject("05-Chat/03-05 - React and Reply/div_chat")): Object: 'Object Repository/05-Chat/03-05 - React and Reply/div_chat' is hovered

2022-12-23 12:41:28 - [MESSAGE][PASSED] - Object: 'Object Repository/05-Chat/03-05 - React and Reply/div_chat' is hovered

2022-12-23 12:41:28 - [TEST_STEP][PASSED] - click(findTestObject("05-Chat/03-05 - React and Reply/mat-icon_mood")): Object: 'Object Repository/05-Chat/03-05 - React and Reply/mat-icon_mood' is clicked on

2022-12-23 12:41:29 - [MESSAGE][PASSED] - Object: 'Object Repository/05-Chat/03-05 - React and Reply/mat-icon_mood' is clicked on

2022-12-23 12:41:29 - [TEST_STEP][PASSED] - click(findTestObject("05-Chat/03-05 - React and Reply/button_react_heart")): Object: 'Object Repository/05-Chat/03-05 - React and Reply/button_react_heart' is clicked on

2022-12-23 12:41:30 - [MESSAGE][PASSED] - Object: 'Object Repository/05-Chat/03-05 - React and Reply/button_react_heart' is clicked on

2022-12-23 12:41:30 - [TEST_STEP][PASSED] - delay(2): Delayed 2 second(s)

2022-12-23 12:41:32 - [MESSAGE][PASSED] - Delayed 2 second(s)

2022-12-23 12:41:32 - [TEST_STEP][PASSED] - click(findTestObject("05-Chat/03-05 - React and Reply/div_react_heart")): Object: 'Object Repository/05-Chat/03-05 - React and Reply/div_react_heart' is clicked on

2022-12-23 12:41:33 - [MESSAGE][PASSED] - Object: 'Object Repository/05-Chat/03-05 - React and Reply/div_react_heart' is clicked on

2022-12-23 12:41:33 - [TEST_STEP][PASSED] - verifyElementVisible(findTestObject("05-Chat/03-05 - React and Reply/h4_Message Reactions")): Object 'Object Repository/05-Chat/03-05 - React and Reply/h4_Message Reactions' is visible

2022-12-23 12:41:34 - [MESSAGE][PASSED] - Object 'Object Repository/05-Chat/03-05 - React and Reply/h4_Message Reactions' is visible

2022-12-23 12:41:34 - [TEST_STEP][PASSED] - click(findTestObject("05-Chat/03-05 - React and Reply/div_react_All")): Object: 'Object Repository/05-Chat/03-05 - React and Reply/div_react_All' is clicked on

2022-12-23 12:41:35 - [MESSAGE][PASSED] - Object: 'Object Repository/05-Chat/03-05 - React and Reply/div_react_All' is clicked on

2022-12-23 12:41:35 - [TEST_STEP][PASSED] - verifyElementVisible(findTestObject("05-Chat/03-05 - React and Reply/div_GG TESTER Click to remove")): Object 'Object Repository/05-Chat/03-05 - React and Reply/div_GG TESTER Click to remove' is visible

2022-12-23 12:41:36 - [MESSAGE][PASSED] - Object 'Object Repository/05-Chat/03-05 - React and Reply/div_GG TESTER Click to remove' is visible

2022-12-23 12:41:36 - [TEST_STEP][PASSED] - delay(2): Delayed 2 second(s)

2022-12-23 12:41:38 - [MESSAGE][PASSED] - Delayed 2 second(s)

2022-12-23 12:41:38 - [TEST_STEP][PASSED] - click(findTestObject("05-Chat/03-05 - React and Reply/div_react")): Object: 'Object Repository/05-Chat/03-05 - React and Reply/div_react' is clicked on

2022-12-23 12:41:39 - [MESSAGE][PASSED] - Object: 'Object Repository/05-Chat/03-05 - React and Reply/div_react' is clicked on

2022-12-23 12:41:39 - [TEST_STEP][PASSED] - verifyElementVisible(findTestObject("05-Chat/03-05 - React and Reply/div_GG TESTER Click to remove")): Object 'Object Repository/05-Chat/03-05 - React and Reply/div_GG TESTER Click to remove' is visible

2022-12-23 12:41:41 - [MESSAGE][PASSED] - Object 'Object Repository/05-Chat/03-05 - React and Reply/div_GG TESTER Click to remove' is visible

2022-12-23 12:41:41 - [TEST_STEP][PASSED] - clickOffset(findTestObject("05-Chat/03-05 - React and Reply/div_react_heart"), 10, 0): Object: 'Object Repository/05-Chat/03-05 - React and Reply/div_react_heart' is clicked on using offset x=10 and y=0

2022-12-23 12:41:42 - [MESSAGE][PASSED] - Object: 'Object Repository/05-Chat/03-05 - React and Reply/div_react_heart' is clicked on using offset x=10 and y=0

2022-12-23 12:41:42 - [TEST_STEP][PASSED] - delay(10): Delayed 10 second(s)

2022-12-23 12:41:52 - [MESSAGE][PASSED] - Delayed 10 second(s)]]></system-out>
         <system-err><![CDATA[]]></system-err>
      </testcase>
      <testcase name="Test Cases/05- Chat/04-Remove react on a message" time="9.587" classname="Test Cases/05- Chat/04-Remove react on a message" status="PASSED">
         <system-out><![CDATA[2022-12-23 12:41:52 - [TEST_CASE][PASSED] - Test Cases/05- Chat/04-Remove react on a message: Test Cases/05- Chat/04-Remove react on a message

2022-12-23 12:41:54 - [TEST_STEP][PASSED] - click(findTestObject("05-Chat/03-05 - React and Reply/div_react_heart")): Object: 'Object Repository/05-Chat/03-05 - React and Reply/div_react_heart' is clicked on

2022-12-23 12:41:55 - [MESSAGE][PASSED] - Object: 'Object Repository/05-Chat/03-05 - React and Reply/div_react_heart' is clicked on

2022-12-23 12:41:55 - [TEST_STEP][PASSED] - verifyElementVisible(findTestObject("05-Chat/03-05 - React and Reply/h4_Message Reactions")): Object 'Object Repository/05-Chat/03-05 - React and Reply/h4_Message Reactions' is visible

2022-12-23 12:41:55 - [MESSAGE][PASSED] - Object 'Object Repository/05-Chat/03-05 - React and Reply/h4_Message Reactions' is visible

2022-12-23 12:41:55 - [TEST_STEP][PASSED] - click(findTestObject("05-Chat/03-05 - React and Reply/div_react_All")): Object: 'Object Repository/05-Chat/03-05 - React and Reply/div_react_All' is clicked on

2022-12-23 12:41:56 - [MESSAGE][PASSED] - Object: 'Object Repository/05-Chat/03-05 - React and Reply/div_react_All' is clicked on

2022-12-23 12:41:56 - [TEST_STEP][PASSED] - click(findTestObject("05-Chat/03-05 - React and Reply/div_GG TESTER Click to remove")): Object: 'Object Repository/05-Chat/03-05 - React and Reply/div_GG TESTER Click to remove' is clicked on

2022-12-23 12:41:57 - [MESSAGE][PASSED] - Object: 'Object Repository/05-Chat/03-05 - React and Reply/div_GG TESTER Click to remove' is clicked on

2022-12-23 12:41:57 - [TEST_STEP][PASSED] - delay(5): Delayed 5 second(s)

2022-12-23 12:42:02 - [MESSAGE][PASSED] - Delayed 5 second(s)]]></system-out>
         <system-err><![CDATA[]]></system-err>
      </testcase>
      <testcase name="Test Cases/05- Chat/05-Reply on a message" time="28.576" classname="Test Cases/05- Chat/05-Reply on a message" status="PASSED">
         <system-out><![CDATA[2022-12-23 12:42:02 - [TEST_CASE][PASSED] - Test Cases/05- Chat/05-Reply on a message: Test Cases/05- Chat/05-Reply on a message

2022-12-23 12:42:04 - [TEST_STEP][PASSED] - mouseOver(findTestObject("05-Chat/03-05 - React and Reply/div_chat")): Object: 'Object Repository/05-Chat/03-05 - React and Reply/div_chat' is hovered

2022-12-23 12:42:05 - [MESSAGE][PASSED] - Object: 'Object Repository/05-Chat/03-05 - React and Reply/div_chat' is hovered

2022-12-23 12:42:05 - [TEST_STEP][PASSED] - click(findTestObject("05-Chat/03-05 - React and Reply/button_expand_less")): Object: 'Object Repository/05-Chat/03-05 - React and Reply/button_expand_less' is clicked on

2022-12-23 12:42:06 - [MESSAGE][PASSED] - Object: 'Object Repository/05-Chat/03-05 - React and Reply/button_expand_less' is clicked on

2022-12-23 12:42:06 - [TEST_STEP][PASSED] - click(findTestObject("05-Chat/03-05 - React and Reply/button_Reply")): Object: 'Object Repository/05-Chat/03-05 - React and Reply/button_Reply' is clicked on

2022-12-23 12:42:07 - [MESSAGE][PASSED] - Object: 'Object Repository/05-Chat/03-05 - React and Reply/button_Reply' is clicked on

2022-12-23 12:42:07 - [TEST_STEP][PASSED] - delay(2): Delayed 2 second(s)

2022-12-23 12:42:09 - [MESSAGE][PASSED] - Delayed 2 second(s)

2022-12-23 12:42:09 - [TEST_STEP][PASSED] - verifyElementVisible(findTestObject("05-Chat/03-05 - React and Reply/div_reply")): Object 'Object Repository/05-Chat/03-05 - React and Reply/div_reply' is visible

2022-12-23 12:42:10 - [MESSAGE][PASSED] - Object 'Object Repository/05-Chat/03-05 - React and Reply/div_reply' is visible

2022-12-23 12:42:10 - [TEST_STEP][PASSED] - click(findTestObject("05-Chat/03-05 - React and Reply/mat-icon_cancel"), STOP_ON_FAILURE): Object: 'Object Repository/05-Chat/03-05 - React and Reply/mat-icon_cancel' is clicked on

2022-12-23 12:42:11 - [MESSAGE][PASSED] - Object: 'Object Repository/05-Chat/03-05 - React and Reply/mat-icon_cancel' is clicked on

2022-12-23 12:42:11 - [TEST_STEP][PASSED] - delay(2): Delayed 2 second(s)

2022-12-23 12:42:13 - [MESSAGE][PASSED] - Delayed 2 second(s)

2022-12-23 12:42:13 - [TEST_STEP][PASSED] - mouseOver(findTestObject("05-Chat/03-05 - React and Reply/div_chat")): Object: 'Object Repository/05-Chat/03-05 - React and Reply/div_chat' is hovered

2022-12-23 12:42:14 - [MESSAGE][PASSED] - Object: 'Object Repository/05-Chat/03-05 - React and Reply/div_chat' is hovered

2022-12-23 12:42:14 - [TEST_STEP][PASSED] - click(findTestObject("05-Chat/03-05 - React and Reply/button_expand_less")): Object: 'Object Repository/05-Chat/03-05 - React and Reply/button_expand_less' is clicked on

2022-12-23 12:42:15 - [MESSAGE][PASSED] - Object: 'Object Repository/05-Chat/03-05 - React and Reply/button_expand_less' is clicked on

2022-12-23 12:42:15 - [TEST_STEP][PASSED] - click(findTestObject("05-Chat/03-05 - React and Reply/button_Reply")): Object: 'Object Repository/05-Chat/03-05 - React and Reply/button_Reply' is clicked on

2022-12-23 12:42:16 - [MESSAGE][PASSED] - Object: 'Object Repository/05-Chat/03-05 - React and Reply/button_Reply' is clicked on

2022-12-23 12:42:16 - [TEST_STEP][PASSED] - delay(2): Delayed 2 second(s)

2022-12-23 12:42:18 - [MESSAGE][PASSED] - Delayed 2 second(s)

2022-12-23 12:42:18 - [TEST_STEP][PASSED] - verifyElementVisible(findTestObject("05-Chat/03-05 - React and Reply/div_reply")): Object 'Object Repository/05-Chat/03-05 - React and Reply/div_reply' is visible

2022-12-23 12:42:18 - [MESSAGE][PASSED] - Object 'Object Repository/05-Chat/03-05 - React and Reply/div_reply' is visible

2022-12-23 12:42:18 - [TEST_STEP][PASSED] - setText(findTestObject("05-Chat/02-Sending chat messages/textarea__msg"), "Reply test"): Text 'Reply test' is set on object 'Object Repository/05-Chat/02-Sending chat messages/textarea__msg'

2022-12-23 12:42:21 - [MESSAGE][PASSED] - Text 'Reply test' is set on object 'Object Repository/05-Chat/02-Sending chat messages/textarea__msg'

2022-12-23 12:42:21 - [TEST_STEP][PASSED] - click(findTestObject("05-Chat/02-Sending chat messages/button_send")): Object: 'Object Repository/05-Chat/02-Sending chat messages/button_send' is clicked on

2022-12-23 12:42:23 - [MESSAGE][PASSED] - Object: 'Object Repository/05-Chat/02-Sending chat messages/button_send' is clicked on

2022-12-23 12:42:23 - [TEST_STEP][PASSED] - verifyElementVisible(findTestObject("05-Chat/03-05 - React and Reply/div_reply_chat")): Object 'Object Repository/05-Chat/03-05 - React and Reply/div_reply_chat' is visible

2022-12-23 12:42:26 - [MESSAGE][PASSED] - Object 'Object Repository/05-Chat/03-05 - React and Reply/div_reply_chat' is visible

2022-12-23 12:42:26 - [TEST_STEP][PASSED] - delay(5): Delayed 5 second(s)

2022-12-23 12:42:31 - [MESSAGE][PASSED] - Delayed 5 second(s)]]></system-out>
         <system-err><![CDATA[]]></system-err>
      </testcase>
      <testcase name="Test Cases/05- Chat/06-Sending attached file" time="134.818" classname="Test Cases/05- Chat/06-Sending attached file" status="PASSED">
         <system-out><![CDATA[2022-12-23 12:42:31 - [TEST_CASE][PASSED] - Test Cases/05- Chat/06-Sending attached file: Test Cases/05- Chat/06-Sending attached file

2022-12-23 12:42:33 - [TEST_STEP][PASSED] - delay(5): Delayed 5 second(s)

2022-12-23 12:42:38 - [MESSAGE][PASSED] - Delayed 5 second(s)

2022-12-23 12:42:38 - [TEST_STEP][PASSED] - uploadpackage.Upload.uploadFile(findTestObject("Object Repository/05-Chat/06-Sending attached file/button_attach_file"), "C:\Users\asus\Desktop\EL automation\qa.jpg"): uploadpackage.Upload.uploadFile is PASSED

2022-12-23 12:42:38 - [MESSAGE][PASSED] - Object: 'Object Repository/05-Chat/06-Sending attached file/button_attach_file' is clicked on

2022-12-23 12:42:40 - [MESSAGE][PASSED] - uploadpackage.Upload.uploadFile is PASSED

2022-12-23 12:42:40 - [TEST_STEP][PASSED] - delay(5): Delayed 5 second(s)

2022-12-23 12:42:45 - [MESSAGE][PASSED] - Delayed 5 second(s)

2022-12-23 12:42:45 - [TEST_STEP][PASSED] - click(findTestObject("05-Chat/02-Sending chat messages/button_send")): Object: 'Object Repository/05-Chat/02-Sending chat messages/button_send' is clicked on

2022-12-23 12:42:46 - [MESSAGE][PASSED] - Object: 'Object Repository/05-Chat/02-Sending chat messages/button_send' is clicked on

2022-12-23 12:42:46 - [TEST_STEP][PASSED] - delay(5): Delayed 5 second(s)

2022-12-23 12:42:51 - [MESSAGE][PASSED] - Delayed 5 second(s)

2022-12-23 12:42:51 - [TEST_STEP][PASSED] - verifyElementVisible(findTestObject("05-Chat/06-Sending attached file/img_You_inserted")): Object 'Object Repository/05-Chat/06-Sending attached file/img_You_inserted' is visible

2022-12-23 12:42:53 - [MESSAGE][PASSED] - Object 'Object Repository/05-Chat/06-Sending attached file/img_You_inserted' is visible

2022-12-23 12:42:53 - [TEST_STEP][PASSED] - refresh(): Refresh successfully

2022-12-23 12:43:02 - [MESSAGE][PASSED] - Refresh successfully

2022-12-23 12:43:02 - [TEST_STEP][PASSED] - delay(5): Delayed 5 second(s)

2022-12-23 12:43:07 - [MESSAGE][PASSED] - Delayed 5 second(s)

2022-12-23 12:43:07 - [TEST_STEP][PASSED] - uploadFileWithDragAndDrop(findTestObject("Object Repository/05-Chat/02-Sending chat messages/textarea__msg"), "C:\Users\asus\Desktop\EL automation\sample.pdf"): null

2022-12-23 12:43:32 - [TEST_STEP][PASSED] - delay(5): Delayed 5 second(s)

2022-12-23 12:43:37 - [MESSAGE][PASSED] - Delayed 5 second(s)

2022-12-23 12:43:37 - [TEST_STEP][PASSED] - click(findTestObject("05-Chat/02-Sending chat messages/button_send")): Object: 'Object Repository/05-Chat/02-Sending chat messages/button_send' is clicked on

2022-12-23 12:43:39 - [MESSAGE][PASSED] - Object: 'Object Repository/05-Chat/02-Sending chat messages/button_send' is clicked on

2022-12-23 12:43:39 - [TEST_STEP][PASSED] - delay(5): Delayed 5 second(s)

2022-12-23 12:43:44 - [MESSAGE][PASSED] - Delayed 5 second(s)

2022-12-23 12:43:44 - [TEST_STEP][PASSED] - verifyElementVisible(findTestObject("05-Chat/06-Sending attached file/span_sample.pdf")): Object 'Object Repository/05-Chat/06-Sending attached file/span_sample.pdf' is visible

2022-12-23 12:43:45 - [MESSAGE][PASSED] - Object 'Object Repository/05-Chat/06-Sending attached file/span_sample.pdf' is visible

2022-12-23 12:43:45 - [TEST_STEP][PASSED] - refresh(): Refresh successfully

2022-12-23 12:43:50 - [MESSAGE][PASSED] - Refresh successfully

2022-12-23 12:43:50 - [TEST_STEP][PASSED] - delay(5): Delayed 5 second(s)

2022-12-23 12:43:55 - [MESSAGE][PASSED] - Delayed 5 second(s)

2022-12-23 12:43:55 - [TEST_STEP][PASSED] - uploadFileWithDragAndDrop(findTestObject("Object Repository/05-Chat/02-Sending chat messages/textarea__msg"), "C:\Users\asus\Desktop\EL automation\video.mp4"): null

2022-12-23 12:44:19 - [TEST_STEP][PASSED] - delay(5): Delayed 5 second(s)

2022-12-23 12:44:24 - [MESSAGE][PASSED] - Delayed 5 second(s)

2022-12-23 12:44:24 - [TEST_STEP][PASSED] - click(findTestObject("05-Chat/02-Sending chat messages/button_send")): Object: 'Object Repository/05-Chat/02-Sending chat messages/button_send' is clicked on

2022-12-23 12:44:25 - [MESSAGE][PASSED] - Object: 'Object Repository/05-Chat/02-Sending chat messages/button_send' is clicked on

2022-12-23 12:44:25 - [TEST_STEP][PASSED] - delay(5): Delayed 5 second(s)

2022-12-23 12:44:30 - [MESSAGE][PASSED] - Delayed 5 second(s)

2022-12-23 12:44:30 - [TEST_STEP][PASSED] - verifyElementVisible(findTestObject("05-Chat/06-Sending attached file/span_video.mp4")): Object 'Object Repository/05-Chat/06-Sending attached file/span_video.mp4' is visible

2022-12-23 12:44:40 - [MESSAGE][PASSED] - Object 'Object Repository/05-Chat/06-Sending attached file/span_video.mp4' is visible

2022-12-23 12:44:40 - [TEST_STEP][PASSED] - delay(5): Delayed 5 second(s)

2022-12-23 12:44:46 - [MESSAGE][PASSED] - Delayed 5 second(s)]]></system-out>
         <system-err><![CDATA[]]></system-err>
      </testcase>
      <testcase name="Test Cases/05- Chat/07-Sending a video conference invite" time="40.579" classname="Test Cases/05- Chat/07-Sending a video conference invite" status="PASSED">
         <system-out><![CDATA[2022-12-23 12:44:46 - [TEST_CASE][PASSED] - Test Cases/05- Chat/07-Sending a video conference invite: Test Cases/05- Chat/07-Sending a video conference invite

2022-12-23 12:44:47 - [TEST_STEP][PASSED] - click(findTestObject("05-Chat/07-Sending a video conference invite/button_videocam")): Object: 'Object Repository/05-Chat/07-Sending a video conference invite/button_videocam' is clicked on

2022-12-23 12:45:12 - [MESSAGE][PASSED] - Object: 'Object Repository/05-Chat/07-Sending a video conference invite/button_videocam' is clicked on

2022-12-23 12:45:12 - [TEST_STEP][PASSED] - delay(2): Delayed 2 second(s)

2022-12-23 12:45:14 - [MESSAGE][PASSED] - Delayed 2 second(s)

2022-12-23 12:45:14 - [TEST_STEP][PASSED] - click(findTestObject("05-Chat/02-Sending chat messages/button_send")): Object: 'Object Repository/05-Chat/02-Sending chat messages/button_send' is clicked on

2022-12-23 12:45:15 - [MESSAGE][PASSED] - Object: 'Object Repository/05-Chat/02-Sending chat messages/button_send' is clicked on

2022-12-23 12:45:15 - [TEST_STEP][PASSED] - delay(5): Delayed 5 second(s)

2022-12-23 12:45:20 - [MESSAGE][PASSED] - Delayed 5 second(s)

2022-12-23 12:45:20 - [TEST_STEP][PASSED] - verifyElementVisible(findTestObject("05-Chat/07-Sending a video conference invite/div_Video Conference"), CONTINUE_ON_FAILURE): Object 'Object Repository/05-Chat/07-Sending a video conference invite/div_Video Conference' is visible

2022-12-23 12:45:21 - [MESSAGE][PASSED] - Object 'Object Repository/05-Chat/07-Sending a video conference invite/div_Video Conference' is visible

2022-12-23 12:45:21 - [TEST_STEP][PASSED] - delay(5): Delayed 5 second(s)

2022-12-23 12:45:26 - [MESSAGE][PASSED] - Delayed 5 second(s)]]></system-out>
         <system-err><![CDATA[]]></system-err>
      </testcase>
      <testcase name="Test Cases/05- Chat/08-Schedule a meeting" time="51.959" classname="Test Cases/05- Chat/08-Schedule a meeting" status="PASSED">
         <system-out><![CDATA[2022-12-23 12:45:28 - [TEST_CASE][PASSED] - Test Cases/05- Chat/08-Schedule a meeting: Test Cases/05- Chat/08-Schedule a meeting

2022-12-23 12:45:29 - [TEST_STEP][PASSED] - click(findTestObject("05-Chat/08-Schedule a meeting/button_schedule a meeting")): Object: 'Object Repository/05-Chat/08-Schedule a meeting/button_schedule a meeting' is clicked on

2022-12-23 12:45:31 - [MESSAGE][PASSED] - Object: 'Object Repository/05-Chat/08-Schedule a meeting/button_schedule a meeting' is clicked on

2022-12-23 12:45:31 - [TEST_STEP][PASSED] - delay(2): Delayed 2 second(s)

2022-12-23 12:45:33 - [MESSAGE][PASSED] - Delayed 2 second(s)

2022-12-23 12:45:33 - [TEST_STEP][PASSED] - verifyElementVisible(findTestObject("05-Chat/08-Schedule a meeting/Meeting title field")): Object 'Object Repository/05-Chat/08-Schedule a meeting/Meeting title field' is visible

2022-12-23 12:45:34 - [MESSAGE][PASSED] - Object 'Object Repository/05-Chat/08-Schedule a meeting/Meeting title field' is visible

2022-12-23 12:45:34 - [TEST_STEP][PASSED] - verifyElementVisible(findTestObject("05-Chat/08-Schedule a meeting/div_Start Date")): Object 'Object Repository/05-Chat/08-Schedule a meeting/div_Start Date' is visible

2022-12-23 12:45:34 - [MESSAGE][PASSED] - Object 'Object Repository/05-Chat/08-Schedule a meeting/div_Start Date' is visible

2022-12-23 12:45:34 - [TEST_STEP][PASSED] - verifyElementVisible(findTestObject("05-Chat/08-Schedule a meeting/div_End Date")): Object 'Object Repository/05-Chat/08-Schedule a meeting/div_End Date' is visible

2022-12-23 12:45:35 - [MESSAGE][PASSED] - Object 'Object Repository/05-Chat/08-Schedule a meeting/div_End Date' is visible

2022-12-23 12:45:35 - [TEST_STEP][PASSED] - verifyElementVisible(findTestObject("05-Chat/08-Schedule a meeting/div_Recurrence")): Object 'Object Repository/05-Chat/08-Schedule a meeting/div_Recurrence' is visible

2022-12-23 12:45:36 - [MESSAGE][PASSED] - Object 'Object Repository/05-Chat/08-Schedule a meeting/div_Recurrence' is visible

2022-12-23 12:45:36 - [TEST_STEP][PASSED] - delay(2): Delayed 2 second(s)

2022-12-23 12:45:38 - [MESSAGE][PASSED] - Delayed 2 second(s)

2022-12-23 12:45:38 - [TEST_STEP][PASSED] - click(findTestObject("05-Chat/08-Schedule a meeting/button_Start Date_calendar")): Object: 'Object Repository/05-Chat/08-Schedule a meeting/button_Start Date_calendar' is clicked on

2022-12-23 12:45:40 - [MESSAGE][PASSED] - Object: 'Object Repository/05-Chat/08-Schedule a meeting/button_Start Date_calendar' is clicked on

2022-12-23 12:45:40 - [TEST_STEP][PASSED] - verifyElementVisible(findTestObject("05-Chat/08-Schedule a meeting/calendar modal")): Object 'Object Repository/05-Chat/08-Schedule a meeting/calendar modal' is visible

2022-12-23 12:45:41 - [MESSAGE][PASSED] - Object 'Object Repository/05-Chat/08-Schedule a meeting/calendar modal' is visible

2022-12-23 12:45:41 - [TEST_STEP][PASSED] - delay(2): Delayed 2 second(s)

2022-12-23 12:45:43 - [MESSAGE][PASSED] - Delayed 2 second(s)

2022-12-23 12:45:43 - [TEST_STEP][PASSED] - doubleClick(findTestObject("05-Chat/08-Schedule a meeting/button_End Date_calendar")): Object: 'Object Repository/05-Chat/08-Schedule a meeting/button_End Date_calendar' is double clicked on

2022-12-23 12:45:44 - [MESSAGE][PASSED] - Object: 'Object Repository/05-Chat/08-Schedule a meeting/button_End Date_calendar' is double clicked on

2022-12-23 12:45:44 - [TEST_STEP][PASSED] - verifyElementVisible(findTestObject("05-Chat/08-Schedule a meeting/calendar modal")): Object 'Object Repository/05-Chat/08-Schedule a meeting/calendar modal' is visible

2022-12-23 12:45:45 - [MESSAGE][PASSED] - Object 'Object Repository/05-Chat/08-Schedule a meeting/calendar modal' is visible

2022-12-23 12:45:45 - [TEST_STEP][PASSED] - delay(3): Delayed 3 second(s)

2022-12-23 12:45:48 - [MESSAGE][PASSED] - Delayed 3 second(s)

2022-12-23 12:45:48 - [TEST_STEP][PASSED] - doubleClick(findTestObject("05-Chat/08-Schedule a meeting/div_recurrence_selectarror")): Object: 'Object Repository/05-Chat/08-Schedule a meeting/div_recurrence_selectarror' is double clicked on

2022-12-23 12:45:50 - [MESSAGE][PASSED] - Object: 'Object Repository/05-Chat/08-Schedule a meeting/div_recurrence_selectarror' is double clicked on

2022-12-23 12:45:50 - [TEST_STEP][PASSED] - verifyElementVisible(findTestObject("05-Chat/08-Schedule a meeting/span_Does not repeat")): Object 'Object Repository/05-Chat/08-Schedule a meeting/span_Does not repeat' is visible

2022-12-23 12:45:51 - [MESSAGE][PASSED] - Object 'Object Repository/05-Chat/08-Schedule a meeting/span_Does not repeat' is visible

2022-12-23 12:45:51 - [TEST_STEP][PASSED] - verifyElementVisible(findTestObject("05-Chat/08-Schedule a meeting/span_Daily")): Object 'Object Repository/05-Chat/08-Schedule a meeting/span_Daily' is visible

2022-12-23 12:45:51 - [MESSAGE][PASSED] - Object 'Object Repository/05-Chat/08-Schedule a meeting/span_Daily' is visible

2022-12-23 12:45:51 - [TEST_STEP][PASSED] - verifyElementVisible(findTestObject("05-Chat/08-Schedule a meeting/span_Weekly")): Object 'Object Repository/05-Chat/08-Schedule a meeting/span_Weekly' is visible

2022-12-23 12:45:52 - [MESSAGE][PASSED] - Object 'Object Repository/05-Chat/08-Schedule a meeting/span_Weekly' is visible

2022-12-23 12:45:52 - [TEST_STEP][PASSED] - verifyElementVisible(findTestObject("05-Chat/08-Schedule a meeting/span_Monthly")): Object 'Object Repository/05-Chat/08-Schedule a meeting/span_Monthly' is visible

2022-12-23 12:45:53 - [MESSAGE][PASSED] - Object 'Object Repository/05-Chat/08-Schedule a meeting/span_Monthly' is visible

2022-12-23 12:45:53 - [TEST_STEP][PASSED] - verifyElementVisible(findTestObject("05-Chat/08-Schedule a meeting/span_Every weekday")): Object 'Object Repository/05-Chat/08-Schedule a meeting/span_Every weekday' is visible

2022-12-23 12:45:54 - [MESSAGE][PASSED] - Object 'Object Repository/05-Chat/08-Schedule a meeting/span_Every weekday' is visible

2022-12-23 12:45:54 - [TEST_STEP][PASSED] - click(findTestObject("05-Chat/08-Schedule a meeting/span_Daily"), STOP_ON_FAILURE): Object: 'Object Repository/05-Chat/08-Schedule a meeting/span_Daily' is clicked on

2022-12-23 12:45:55 - [MESSAGE][PASSED] - Object: 'Object Repository/05-Chat/08-Schedule a meeting/span_Daily' is clicked on

2022-12-23 12:45:55 - [TEST_STEP][PASSED] - delay(2): Delayed 2 second(s)

2022-12-23 12:45:57 - [MESSAGE][PASSED] - Delayed 2 second(s)

2022-12-23 12:45:57 - [TEST_STEP][PASSED] - setText(findTestObject("05-Chat/08-Schedule a meeting/input_meeting title"), "Automation Meeting"): Text 'Automation Meeting' is set on object 'Object Repository/05-Chat/08-Schedule a meeting/input_meeting title'

2022-12-23 12:46:00 - [MESSAGE][PASSED] - Text 'Automation Meeting' is set on object 'Object Repository/05-Chat/08-Schedule a meeting/input_meeting title'

2022-12-23 12:46:00 - [TEST_STEP][PASSED] - delay(2): Delayed 2 second(s)

2022-12-23 12:46:02 - [MESSAGE][PASSED] - Delayed 2 second(s)

2022-12-23 12:46:02 - [TEST_STEP][PASSED] - click(findTestObject("05-Chat/02-Sending chat messages/button_send")): Object: 'Object Repository/05-Chat/02-Sending chat messages/button_send' is clicked on

2022-12-23 12:46:04 - [MESSAGE][PASSED] - Object: 'Object Repository/05-Chat/02-Sending chat messages/button_send' is clicked on

2022-12-23 12:46:04 - [TEST_STEP][PASSED] - delay(5): Delayed 5 second(s)

2022-12-23 12:46:09 - [MESSAGE][PASSED] - Delayed 5 second(s)

2022-12-23 12:46:09 - [TEST_STEP][PASSED] - verifyElementVisible(findTestObject("05-Chat/08-Schedule a meeting/span_Automation Meeting")): Object 'Object Repository/05-Chat/08-Schedule a meeting/span_Automation Meeting' is visible

2022-12-23 12:46:15 - [MESSAGE][PASSED] - Object 'Object Repository/05-Chat/08-Schedule a meeting/span_Automation Meeting' is visible

2022-12-23 12:46:15 - [TEST_STEP][PASSED] - delay(5): Delayed 5 second(s)

2022-12-23 12:46:20 - [MESSAGE][PASSED] - Delayed 5 second(s)]]></system-out>
         <system-err><![CDATA[]]></system-err>
      </testcase>
      <testcase name="Test Cases/05- Chat/09-Hiding a chat" time="83.955" classname="Test Cases/05- Chat/09-Hiding a chat" status="PASSED">
         <system-out><![CDATA[2022-12-23 12:46:20 - [TEST_CASE][PASSED] - Test Cases/05- Chat/09-Hiding a chat: Test Cases/05- Chat/09-Hiding a chat

2022-12-23 12:46:21 - [TEST_STEP][PASSED] - delay(3): Delayed 3 second(s)

2022-12-23 12:46:24 - [MESSAGE][PASSED] - Delayed 3 second(s)

2022-12-23 12:46:24 - [TEST_STEP][PASSED] - click(findTestObject("05-Chat/09-Hiding a chat/ellipsis_chat setting")): Object: 'Object Repository/05-Chat/09-Hiding a chat/ellipsis_chat setting' is clicked on

2022-12-23 12:46:26 - [MESSAGE][PASSED] - Object: 'Object Repository/05-Chat/09-Hiding a chat/ellipsis_chat setting' is clicked on

2022-12-23 12:46:26 - [TEST_STEP][PASSED] - delay(2): Delayed 2 second(s)

2022-12-23 12:46:28 - [MESSAGE][PASSED] - Delayed 2 second(s)

2022-12-23 12:46:28 - [TEST_STEP][PASSED] - verifyElementVisible(findTestObject("05-Chat/09-Hiding a chat/button_Group info")): Object 'Object Repository/05-Chat/09-Hiding a chat/button_Group info' is visible

2022-12-23 12:46:29 - [MESSAGE][PASSED] - Object 'Object Repository/05-Chat/09-Hiding a chat/button_Group info' is visible

2022-12-23 12:46:29 - [TEST_STEP][PASSED] - verifyElementVisible(findTestObject("05-Chat/09-Hiding a chat/button_Hide chat")): Object 'Object Repository/05-Chat/09-Hiding a chat/button_Hide chat' is visible

2022-12-23 12:46:29 - [MESSAGE][PASSED] - Object 'Object Repository/05-Chat/09-Hiding a chat/button_Hide chat' is visible

2022-12-23 12:46:29 - [TEST_STEP][PASSED] - delay(3): Delayed 3 second(s)

2022-12-23 12:46:32 - [MESSAGE][PASSED] - Delayed 3 second(s)

2022-12-23 12:46:32 - [TEST_STEP][PASSED] - click(findTestObject("05-Chat/09-Hiding a chat/button_Hide chat")): Object: 'Object Repository/05-Chat/09-Hiding a chat/button_Hide chat' is clicked on

2022-12-23 12:46:33 - [MESSAGE][PASSED] - Object: 'Object Repository/05-Chat/09-Hiding a chat/button_Hide chat' is clicked on

2022-12-23 12:46:33 - [TEST_STEP][PASSED] - delay(3): Delayed 3 second(s)

2022-12-23 12:46:36 - [MESSAGE][PASSED] - Delayed 3 second(s)

2022-12-23 12:46:36 - [TEST_STEP][PASSED] - refresh(): Refresh successfully

2022-12-23 12:46:43 - [MESSAGE][PASSED] - Refresh successfully

2022-12-23 12:46:43 - [TEST_STEP][PASSED] - delay(5): Delayed 5 second(s)

2022-12-23 12:46:48 - [MESSAGE][PASSED] - Delayed 5 second(s)

2022-12-23 12:46:48 - [TEST_STEP][PASSED] - verifyElementVisible(findTestObject("05-Chat/01- Creating a Chat group/div_No chat available")): Object 'Object Repository/05-Chat/01- Creating a Chat group/div_No chat available' is visible

2022-12-23 12:47:13 - [MESSAGE][PASSED] - Object 'Object Repository/05-Chat/01- Creating a Chat group/div_No chat available' is visible

2022-12-23 12:47:13 - [TEST_STEP][PASSED] - delay(1): Delayed 1 second(s)

2022-12-23 12:47:14 - [MESSAGE][PASSED] - Delayed 1 second(s)

2022-12-23 12:47:14 - [TEST_STEP][PASSED] - click(findTestObject("05-Chat/09-Hiding a chat/button_search")): Object: 'Object Repository/05-Chat/09-Hiding a chat/button_search' is clicked on

2022-12-23 12:47:16 - [MESSAGE][PASSED] - Object: 'Object Repository/05-Chat/09-Hiding a chat/button_search' is clicked on

2022-12-23 12:47:16 - [TEST_STEP][PASSED] - setText(findTestObject("05-Chat/09-Hiding a chat/input_search"), "Auto"): Text 'Auto' is set on object 'Object Repository/05-Chat/09-Hiding a chat/input_search'

2022-12-23 12:47:18 - [MESSAGE][PASSED] - Text 'Auto' is set on object 'Object Repository/05-Chat/09-Hiding a chat/input_search'

2022-12-23 12:47:18 - [TEST_STEP][PASSED] - delay(3): Delayed 3 second(s)

2022-12-23 12:47:21 - [MESSAGE][PASSED] - Delayed 3 second(s)

2022-12-23 12:47:21 - [TEST_STEP][PASSED] - click(findTestObject("05-Chat/02-Sending chat messages/div_AC")): Object: 'Object Repository/05-Chat/02-Sending chat messages/div_AC' is clicked on

2022-12-23 12:47:22 - [MESSAGE][PASSED] - Object: 'Object Repository/05-Chat/02-Sending chat messages/div_AC' is clicked on

2022-12-23 12:47:22 - [TEST_STEP][PASSED] - delay(5): Delayed 5 second(s)

2022-12-23 12:47:27 - [MESSAGE][PASSED] - Delayed 5 second(s)

2022-12-23 12:47:27 - [TEST_STEP][PASSED] - setText(findTestObject("05-Chat/02-Sending chat messages/textarea__msg"), "Test auto"): Text 'Test auto' is set on object 'Object Repository/05-Chat/02-Sending chat messages/textarea__msg'

2022-12-23 12:47:29 - [MESSAGE][PASSED] - Text 'Test auto' is set on object 'Object Repository/05-Chat/02-Sending chat messages/textarea__msg'

2022-12-23 12:47:29 - [TEST_STEP][PASSED] - click(findTestObject("05-Chat/02-Sending chat messages/button_send")): Object: 'Object Repository/05-Chat/02-Sending chat messages/button_send' is clicked on

2022-12-23 12:47:31 - [MESSAGE][PASSED] - Object: 'Object Repository/05-Chat/02-Sending chat messages/button_send' is clicked on

2022-12-23 12:47:31 - [TEST_STEP][PASSED] - delay(3): Delayed 3 second(s)

2022-12-23 12:47:34 - [MESSAGE][PASSED] - Delayed 3 second(s)

2022-12-23 12:47:34 - [TEST_STEP][PASSED] - refresh(): Refresh successfully

2022-12-23 12:47:41 - [MESSAGE][PASSED] - Refresh successfully

2022-12-23 12:47:41 - [TEST_STEP][PASSED] - delay(3): Delayed 3 second(s)

2022-12-23 12:47:44 - [MESSAGE][PASSED] - Delayed 3 second(s)]]></system-out>
         <system-err><![CDATA[]]></system-err>
      </testcase>
      <testcase name="Test Cases/05- Chat/10-Group Info" time="73.742" classname="Test Cases/05- Chat/10-Group Info" status="PASSED">
         <system-out><![CDATA[2022-12-23 12:47:44 - [TEST_CASE][PASSED] - Test Cases/05- Chat/10-Group Info: Test Cases/05- Chat/10-Group Info

2022-12-23 12:47:46 - [TEST_STEP][PASSED] - delay(1): Delayed 1 second(s)

2022-12-23 12:47:47 - [MESSAGE][PASSED] - Delayed 1 second(s)

2022-12-23 12:47:47 - [TEST_STEP][PASSED] - click(findTestObject("05-Chat/02-Sending chat messages/div_AC")): Object: 'Object Repository/05-Chat/02-Sending chat messages/div_AC' is clicked on

2022-12-23 12:48:12 - [MESSAGE][PASSED] - Object: 'Object Repository/05-Chat/02-Sending chat messages/div_AC' is clicked on

2022-12-23 12:48:12 - [TEST_STEP][PASSED] - delay(3): Delayed 3 second(s)

2022-12-23 12:48:15 - [MESSAGE][PASSED] - Delayed 3 second(s)

2022-12-23 12:48:15 - [TEST_STEP][PASSED] - click(findTestObject("05-Chat/09-Hiding a chat/ellipsis_chat setting")): Object: 'Object Repository/05-Chat/09-Hiding a chat/ellipsis_chat setting' is clicked on

2022-12-23 12:48:16 - [MESSAGE][PASSED] - Object: 'Object Repository/05-Chat/09-Hiding a chat/ellipsis_chat setting' is clicked on

2022-12-23 12:48:16 - [TEST_STEP][PASSED] - delay(2): Delayed 2 second(s)

2022-12-23 12:48:18 - [MESSAGE][PASSED] - Delayed 2 second(s)

2022-12-23 12:48:18 - [TEST_STEP][PASSED] - click(findTestObject("05-Chat/09-Hiding a chat/button_Group info")): Object: 'Object Repository/05-Chat/09-Hiding a chat/button_Group info' is clicked on

2022-12-23 12:48:19 - [MESSAGE][PASSED] - Object: 'Object Repository/05-Chat/09-Hiding a chat/button_Group info' is clicked on

2022-12-23 12:48:19 - [TEST_STEP][PASSED] - delay(2): Delayed 2 second(s)

2022-12-23 12:48:21 - [MESSAGE][PASSED] - Delayed 2 second(s)

2022-12-23 12:48:21 - [TEST_STEP][PASSED] - verifyElementVisible(findTestObject("05-Chat/09-Hiding a chat/Group info")): Object 'Object Repository/05-Chat/09-Hiding a chat/Group info' is visible

2022-12-23 12:48:22 - [MESSAGE][PASSED] - Object 'Object Repository/05-Chat/09-Hiding a chat/Group info' is visible

2022-12-23 12:48:22 - [TEST_STEP][PASSED] - delay(2): Delayed 2 second(s)

2022-12-23 12:48:24 - [MESSAGE][PASSED] - Delayed 2 second(s)

2022-12-23 12:48:24 - [TEST_STEP][PASSED] - click(findTestObject("05-Chat/10-Group Info/button_EDIT")): Object: 'Object Repository/05-Chat/10-Group Info/button_EDIT' is clicked on

2022-12-23 12:48:25 - [MESSAGE][PASSED] - Object: 'Object Repository/05-Chat/10-Group Info/button_EDIT' is clicked on

2022-12-23 12:48:25 - [TEST_STEP][PASSED] - setText(findTestObject("05-Chat/10-Group Info/input_groupName_edit"), "Automation Chat EDITED"): Text 'Automation Chat EDITED' is set on object 'Object Repository/05-Chat/10-Group Info/input_groupName_edit'

2022-12-23 12:48:28 - [MESSAGE][PASSED] - Text 'Automation Chat EDITED' is set on object 'Object Repository/05-Chat/10-Group Info/input_groupName_edit'

2022-12-23 12:48:28 - [TEST_STEP][PASSED] - click(findTestObject("05-Chat/10-Group Info/button_Save")): Object: 'Object Repository/05-Chat/10-Group Info/button_Save' is clicked on

2022-12-23 12:48:29 - [MESSAGE][PASSED] - Object: 'Object Repository/05-Chat/10-Group Info/button_Save' is clicked on

2022-12-23 12:48:29 - [TEST_STEP][PASSED] - verifyElementVisible(findTestObject("05-Chat/10-Group Info/Successfully changed group name msg")): Object 'Object Repository/05-Chat/10-Group Info/Successfully changed group name msg' is visible

2022-12-23 12:48:32 - [MESSAGE][PASSED] - Object 'Object Repository/05-Chat/10-Group Info/Successfully changed group name msg' is visible

2022-12-23 12:48:32 - [TEST_STEP][PASSED] - delay(3): Delayed 3 second(s)

2022-12-23 12:48:35 - [MESSAGE][PASSED] - Delayed 3 second(s)

2022-12-23 12:48:35 - [TEST_STEP][PASSED] - click(findTestObject("05-Chat/10-Group Info/div_GTGG tester")): Object: 'Object Repository/05-Chat/10-Group Info/div_GTGG tester' is clicked on

2022-12-23 12:48:36 - [MESSAGE][PASSED] - Object: 'Object Repository/05-Chat/10-Group Info/div_GTGG tester' is clicked on

2022-12-23 12:48:36 - [TEST_STEP][PASSED] - verifyElementVisible(findTestObject("05-Chat/10-Group Info/button_Message")): Object 'Object Repository/05-Chat/10-Group Info/button_Message' is visible

2022-12-23 12:48:36 - [MESSAGE][PASSED] - Object 'Object Repository/05-Chat/10-Group Info/button_Message' is visible

2022-12-23 12:48:36 - [TEST_STEP][PASSED] - verifyElementVisible(findTestObject("05-Chat/10-Group Info/button_Kick from group")): Object 'Object Repository/05-Chat/10-Group Info/button_Kick from group' is visible

2022-12-23 12:48:37 - [MESSAGE][PASSED] - Object 'Object Repository/05-Chat/10-Group Info/button_Kick from group' is visible

2022-12-23 12:48:37 - [TEST_STEP][PASSED] - delay(3): Delayed 3 second(s)

2022-12-23 12:48:40 - [MESSAGE][PASSED] - Delayed 3 second(s)

2022-12-23 12:48:40 - [TEST_STEP][PASSED] - click(findTestObject("05-Chat/10-Group Info/button_Kick from group")): Object: 'Object Repository/05-Chat/10-Group Info/button_Kick from group' is clicked on

2022-12-23 12:48:41 - [MESSAGE][PASSED] - Object: 'Object Repository/05-Chat/10-Group Info/button_Kick from group' is clicked on

2022-12-23 12:48:41 - [TEST_STEP][PASSED] - delay(3): Delayed 3 second(s)

2022-12-23 12:48:44 - [MESSAGE][PASSED] - Delayed 3 second(s)

2022-12-23 12:48:44 - [TEST_STEP][PASSED] - verifyElementVisible(findTestObject("05-Chat/10-Group Info/Successfully removed user from group msg"), CONTINUE_ON_FAILURE): Object 'Object Repository/05-Chat/10-Group Info/Successfully removed user from group msg' is visible

2022-12-23 12:48:45 - [MESSAGE][PASSED] - Object 'Object Repository/05-Chat/10-Group Info/Successfully removed user from group msg' is visible

2022-12-23 12:48:45 - [TEST_STEP][PASSED] - delay(3): Delayed 3 second(s)

2022-12-23 12:48:48 - [MESSAGE][PASSED] - Delayed 3 second(s)

2022-12-23 12:48:48 - [TEST_STEP][PASSED] - click(findTestObject("05-Chat/10-Group Info/div_Remove group")): Object: 'Object Repository/05-Chat/10-Group Info/div_Remove group' is clicked on

2022-12-23 12:48:49 - [MESSAGE][PASSED] - Object: 'Object Repository/05-Chat/10-Group Info/div_Remove group' is clicked on

2022-12-23 12:48:49 - [TEST_STEP][PASSED] - verifyElementVisible(findTestObject("05-Chat/10-Group Info/Successfully removed group msg")): Object 'Object Repository/05-Chat/10-Group Info/Successfully removed group msg' is visible

2022-12-23 12:48:52 - [MESSAGE][PASSED] - Object 'Object Repository/05-Chat/10-Group Info/Successfully removed group msg' is visible

2022-12-23 12:48:52 - [TEST_STEP][PASSED] - delay(3): Delayed 3 second(s)

2022-12-23 12:48:55 - [MESSAGE][PASSED] - Delayed 3 second(s)

2022-12-23 12:48:55 - [TEST_STEP][PASSED] - closeBrowser(): Browser is closed

2022-12-23 12:48:57 - [MESSAGE][PASSED] - Browser is closed]]></system-out>
         <system-err><![CDATA[]]></system-err>
      </testcase>
      <system-out><![CDATA[2022-12-23 12:38:17 - [TEST_SUITE][PASSED] - 05-Chat: Test Cases/05- Chat/10-Group Info]]></system-out>
      <system-err><![CDATA[]]></system-err>
   </testsuite>
</testsuites>
