<?xml version="1.0" encoding="UTF-8"?>
<testsuites name="03-Header Menu" time="466.212" tests="18" failures="7" errors="0">
   <testsuite name="03-Header Menu" tests="18" failures="7" errors="0" time="466.212" skipped="0" timestamp="2022-07-06 17:10:16" hostname="User - DESKTOP-QCRNR4M" id="Test Suites/TS-Organization/03-Header Menu">
      <properties>
         <property name="deviceName" value=""/>
         <property name="devicePlatform" value=""/>
         <property name="logFolder" value="C:\\Users\\User\\Katalon Studio\\EverleaguesMain\\Reports\\20220706_171012\\TS-Organization\\03-Header Menu\\20220706_171013"/>
         <property name="logFiles" value="C:\\Users\\User\\Katalon Studio\\EverleaguesMain\\Reports\\20220706_171012\\TS-Organization\\03-Header Menu\\20220706_171013\\execution0.log"/>
         <property name="attachments" value="C:\\Users\\User\\Katalon Studio\\EverleaguesMain\\Reports\\20220706_171012\\TS-Organization\\03-Header Menu\\20220706_171013\\1657099007800.png, C:\\Users\\User\\Katalon Studio\\EverleaguesMain\\Reports\\20220706_171012\\TS-Organization\\03-Header Menu\\20220706_171013\\1657099019391.png, C:\\Users\\User\\Katalon Studio\\EverleaguesMain\\Reports\\20220706_171012\\TS-Organization\\03-Header Menu\\20220706_171013\\1657099055215.png, C:\\Users\\User\\Katalon Studio\\EverleaguesMain\\Reports\\20220706_171012\\TS-Organization\\03-Header Menu\\20220706_171013\\1657099055361.png"/>
         <property name="hostName" value="User - DESKTOP-QCRNR4M"/>
         <property name="os" value="Windows 10 64bit"/>
         <property name="katalonVersion" value="8.3.5.208"/>
         <property name="browser" value="Chrome 103.0.5060.114"/>
         <property name="hostAddress" value="192.168.5.89"/>
         <property name="sessionId" value="e8307d521a24a782169105a02380b37e"/>
         <property name="seleniumVersion" value="3.141.59"/>
         <property name="proxyInformation" value="ProxyInformation { proxyOption=NO_PROXY, proxyServerType=HTTP, username=, password=********, proxyServerAddress=, proxyServerPort=0, executionList=&quot;&quot;, isApplyToDesiredCapabilities=true }"/>
         <property name="platform" value="Windows 10"/>
      </properties>
      <testcase name="Test Cases/03-Header Menu/01- Hamburger Button" time="85.01" classname="Test Cases/03-Header Menu/01- Hamburger Button" status="PASSED">
         <system-out><![CDATA[2022-07-06 17:10:16 - [TEST_CASE][PASSED] - Test Cases/03-Header Menu/01- Hamburger Button: Test Cases/03-Header Menu/01- Hamburger Button

2022-07-06 17:10:16 - [TEST_STEP][PASSED] - openBrowser(""): Browser is opened with url: ''

2022-07-06 17:10:17 - [MESSAGE][INFO] - Starting 'Chrome' driver

2022-07-06 17:10:17 - [MESSAGE][INFO] - Action delay is set to 0 milliseconds

2022-07-06 17:10:19 - [MESSAGE][PASSED] - Browser is opened with url: ''

2022-07-06 17:10:19 - [TEST_STEP][PASSED] - navigateToUrl("https://lab.everleagues.com/login?returnUrl=%2Fmain%2Fdashboard"): Navigate to 'https://lab.everleagues.com/login?returnUrl=%2Fmain%2Fdashboard' successfully

2022-07-06 17:10:39 - [MESSAGE][PASSED] - Navigate to 'https://lab.everleagues.com/login?returnUrl=%2Fmain%2Fdashboard' successfully

2022-07-06 17:10:39 - [TEST_STEP][PASSED] - maximizeWindow(): Current window maximized

2022-07-06 17:10:39 - [MESSAGE][PASSED] - Current window maximized

2022-07-06 17:10:39 - [TEST_STEP][PASSED] - setText(findTestObject("02-Side Icons(Organization)/Add Contact/Email Field"), "testuser01@mailinator.com"): Text 'testuser01@mailinator.com' is set on object 'Object Repository/02-Side Icons(Organization)/Add Contact/Email Field'

2022-07-06 17:10:40 - [MESSAGE][PASSED] - Text 'testuser01@mailinator.com' is set on object 'Object Repository/02-Side Icons(Organization)/Add Contact/Email Field'

2022-07-06 17:10:40 - [TEST_STEP][PASSED] - setEncryptedText(findTestObject("02-Side Icons(Organization)/Add Contact/Password Field"), "8yFRyszE6U6jvsCn51OQbg=="): Text ****** has been set on object 'Object Repository/02-Side Icons(Organization)/Add Contact/Password Field'

2022-07-06 17:10:40 - [MESSAGE][PASSED] - Text ****** has been set on object 'Object Repository/02-Side Icons(Organization)/Add Contact/Password Field'

2022-07-06 17:10:40 - [TEST_STEP][PASSED] - click(findTestObject("02-Side Icons(Organization)/Add Contact/button_Sign in")): Object: 'Object Repository/02-Side Icons(Organization)/Add Contact/button_Sign in' is clicked on

2022-07-06 17:10:41 - [MESSAGE][PASSED] - Object: 'Object Repository/02-Side Icons(Organization)/Add Contact/button_Sign in' is clicked on

2022-07-06 17:10:41 - [TEST_STEP][PASSED] - delay(2): Delayed 2 second(s)

2022-07-06 17:10:43 - [MESSAGE][PASSED] - Delayed 2 second(s)

2022-07-06 17:10:43 - [TEST_STEP][PASSED] - click(findTestObject("06-Teams/For 2FA/button_Confirm_2FA")): Object: 'Object Repository/06-Teams/For 2FA/button_Confirm_2FA' is clicked on

2022-07-06 17:10:44 - [MESSAGE][PASSED] - Object: 'Object Repository/06-Teams/For 2FA/button_Confirm_2FA' is clicked on

2022-07-06 17:10:44 - [TEST_STEP][PASSED] - executeJavaScript("window.open();", []): Execute JavaScript 'window.open();' successfully

2022-07-06 17:10:44 - [MESSAGE][PASSED] - Execute JavaScript 'window.open();' successfully

2022-07-06 17:10:44 - [TEST_STEP][PASSED] - currentWindow = getWindowIndex(): Current window's index is: 0

2022-07-06 17:10:44 - [MESSAGE][PASSED] - Current window's index is: 0

2022-07-06 17:10:44 - [TEST_STEP][PASSED] - delay(3): Delayed 3 second(s)

2022-07-06 17:10:47 - [MESSAGE][PASSED] - Delayed 3 second(s)

2022-07-06 17:10:47 - [TEST_STEP][PASSED] - switchToWindowIndex(currentWindow + 1): Switched to window with index: '1'

2022-07-06 17:10:47 - [MESSAGE][PASSED] - Switched to window with index: '1'

2022-07-06 17:10:47 - [TEST_STEP][PASSED] - navigateToUrl("https://www.mailinator.com/"): Navigate to 'https://www.mailinator.com/' successfully

2022-07-06 17:10:50 - [MESSAGE][PASSED] - Navigate to 'https://www.mailinator.com/' successfully

2022-07-06 17:10:50 - [TEST_STEP][PASSED] - delay(3): Delayed 3 second(s)

2022-07-06 17:10:53 - [MESSAGE][PASSED] - Delayed 3 second(s)

2022-07-06 17:10:53 - [TEST_STEP][PASSED] - setText(findTestObject("00-Signup and Activation/zMailinator/input_LOGIN_search"), "testuser01@mailinator.com"): Text 'testuser01@mailinator.com' is set on object 'Object Repository/00-Signup and Activation/zMailinator/input_LOGIN_search'

2022-07-06 17:10:54 - [MESSAGE][PASSED] - Text 'testuser01@mailinator.com' is set on object 'Object Repository/00-Signup and Activation/zMailinator/input_LOGIN_search'

2022-07-06 17:10:54 - [TEST_STEP][PASSED] - click(findTestObject("00-Signup and Activation/zMailinator/gobutton"), STOP_ON_FAILURE): Object: 'Object Repository/00-Signup and Activation/zMailinator/gobutton' is clicked on

2022-07-06 17:10:55 - [MESSAGE][PASSED] - Object: 'Object Repository/00-Signup and Activation/zMailinator/gobutton' is clicked on

2022-07-06 17:10:55 - [TEST_STEP][PASSED] - delay(3): Delayed 3 second(s)

2022-07-06 17:10:58 - [MESSAGE][PASSED] - Delayed 3 second(s)

2022-07-06 17:10:58 - [TEST_STEP][PASSED] - click(findTestObject("00-Signup and Activation/zMailinator/Email - everleagues")): Object: 'Object Repository/00-Signup and Activation/zMailinator/Email - everleagues' is clicked on

2022-07-06 17:10:58 - [MESSAGE][PASSED] - Object: 'Object Repository/00-Signup and Activation/zMailinator/Email - everleagues' is clicked on

2022-07-06 17:10:58 - [TEST_STEP][PASSED] - delay(3): Delayed 3 second(s)

2022-07-06 17:11:01 - [MESSAGE][PASSED] - Delayed 3 second(s)

2022-07-06 17:11:01 - [TEST_STEP][PASSED] - code = getText(findTestObject("Object Repository/06-Teams/For 2FA/2FA code")): Text of object 'Object Repository/06-Teams/For 2FA/2FA code' is: '742333'

2022-07-06 17:11:02 - [MESSAGE][PASSED] - Text of object 'Object Repository/06-Teams/For 2FA/2FA code' is: '742333'

2022-07-06 17:11:02 - [TEST_STEP][PASSED] - delay(3): Delayed 3 second(s)

2022-07-06 17:11:05 - [MESSAGE][PASSED] - Delayed 3 second(s)

2022-07-06 17:11:05 - [TEST_STEP][PASSED] - closeWindowTitle("Mailinator"): Window with title: 'Mailinator' is closed

2022-07-06 17:11:05 - [MESSAGE][PASSED] - Window with title: 'Mailinator' is closed

2022-07-06 17:11:05 - [TEST_STEP][PASSED] - delay(3): Delayed 3 second(s)

2022-07-06 17:11:08 - [MESSAGE][PASSED] - Delayed 3 second(s)

2022-07-06 17:11:08 - [TEST_STEP][PASSED] - switchToWindowIndex(0): Switched to window with index: '0'

2022-07-06 17:11:08 - [MESSAGE][PASSED] - Switched to window with index: '0'

2022-07-06 17:11:08 - [TEST_STEP][PASSED] - delay(3): Delayed 3 second(s)

2022-07-06 17:11:11 - [MESSAGE][PASSED] - Delayed 3 second(s)

2022-07-06 17:11:11 - [TEST_STEP][PASSED] - setText(findTestObject("Object Repository/06-Teams/For 2FA/input_Enter verification code_code"), code): Text '742333' is set on object 'Object Repository/06-Teams/For 2FA/input_Enter verification code_code'

2022-07-06 17:11:12 - [MESSAGE][PASSED] - Text '742333' is set on object 'Object Repository/06-Teams/For 2FA/input_Enter verification code_code'

2022-07-06 17:11:12 - [TEST_STEP][PASSED] - delay(3): Delayed 3 second(s)

2022-07-06 17:11:15 - [MESSAGE][PASSED] - Delayed 3 second(s)

2022-07-06 17:11:15 - [TEST_STEP][PASSED] - click(findTestObject("06-Teams/For 2FA/button_Verify_2FA")): Object: 'Object Repository/06-Teams/For 2FA/button_Verify_2FA' is clicked on

2022-07-06 17:11:16 - [MESSAGE][PASSED] - Object: 'Object Repository/06-Teams/For 2FA/button_Verify_2FA' is clicked on

2022-07-06 17:11:16 - [TEST_STEP][PASSED] - delay(5): Delayed 5 second(s)

2022-07-06 17:11:21 - [MESSAGE][PASSED] - Delayed 5 second(s)

2022-07-06 17:11:21 - [TEST_STEP][PASSED] - click(findTestObject("03-Header Menu/Hamburger Button/button_menu")): Object: 'Object Repository/03-Header Menu/Hamburger Button/button_menu' is clicked on

2022-07-06 17:11:22 - [MESSAGE][PASSED] - Object: 'Object Repository/03-Header Menu/Hamburger Button/button_menu' is clicked on

2022-07-06 17:11:22 - [TEST_STEP][PASSED] - delay(1): Delayed 1 second(s)

2022-07-06 17:11:23 - [MESSAGE][PASSED] - Delayed 1 second(s)

2022-07-06 17:11:23 - [TEST_STEP][PASSED] - verifyElementNotVisible(findTestObject("03-Header Menu/Hamburger Button/div_Add My Organization"), STOP_ON_FAILURE): Object 'Object Repository/03-Header Menu/Hamburger Button/div_Add My Organization' is NOT visible

2022-07-06 17:11:24 - [MESSAGE][PASSED] - Object 'Object Repository/03-Header Menu/Hamburger Button/div_Add My Organization' is NOT visible

2022-07-06 17:11:24 - [TEST_STEP][PASSED] - verifyElementNotVisible(findTestObject("03-Header Menu/Hamburger Button/div_Dashboard"), STOP_ON_FAILURE): Object 'Object Repository/03-Header Menu/Hamburger Button/div_Dashboard' is NOT visible

2022-07-06 17:11:24 - [MESSAGE][PASSED] - Object 'Object Repository/03-Header Menu/Hamburger Button/div_Dashboard' is NOT visible

2022-07-06 17:11:24 - [TEST_STEP][PASSED] - verifyElementNotVisible(findTestObject("03-Header Menu/Hamburger Button/div_Chat"), STOP_ON_FAILURE): Object 'Object Repository/03-Header Menu/Hamburger Button/div_Chat' is NOT visible

2022-07-06 17:11:24 - [MESSAGE][PASSED] - Object 'Object Repository/03-Header Menu/Hamburger Button/div_Chat' is NOT visible

2022-07-06 17:11:24 - [TEST_STEP][PASSED] - verifyElementNotVisible(findTestObject("03-Header Menu/Hamburger Button/div_Teams"), STOP_ON_FAILURE): Object 'Object Repository/03-Header Menu/Hamburger Button/div_Teams' is NOT visible

2022-07-06 17:11:25 - [MESSAGE][PASSED] - Object 'Object Repository/03-Header Menu/Hamburger Button/div_Teams' is NOT visible

2022-07-06 17:11:25 - [TEST_STEP][PASSED] - verifyElementNotVisible(findTestObject("03-Header Menu/Hamburger Button/div_Directory"), STOP_ON_FAILURE): Object 'Object Repository/03-Header Menu/Hamburger Button/div_Directory' is NOT visible

2022-07-06 17:11:25 - [MESSAGE][PASSED] - Object 'Object Repository/03-Header Menu/Hamburger Button/div_Directory' is NOT visible

2022-07-06 17:11:25 - [TEST_STEP][PASSED] - verifyElementNotVisible(findTestObject("03-Header Menu/Hamburger Button/div_Operation"), STOP_ON_FAILURE): Object 'Object Repository/03-Header Menu/Hamburger Button/div_Operation' is NOT visible

2022-07-06 17:11:26 - [MESSAGE][PASSED] - Object 'Object Repository/03-Header Menu/Hamburger Button/div_Operation' is NOT visible

2022-07-06 17:11:26 - [TEST_STEP][PASSED] - verifyElementNotVisible(findTestObject("03-Header Menu/Hamburger Button/div_Settings"), STOP_ON_FAILURE): Object 'Object Repository/03-Header Menu/Hamburger Button/div_Settings' is NOT visible

2022-07-06 17:11:26 - [MESSAGE][PASSED] - Object 'Object Repository/03-Header Menu/Hamburger Button/div_Settings' is NOT visible

2022-07-06 17:11:26 - [TEST_STEP][PASSED] - verifyElementNotVisible(findTestObject("03-Header Menu/Hamburger Button/div_Open Video Conference"), STOP_ON_FAILURE): Object 'Object Repository/03-Header Menu/Hamburger Button/div_Open Video Conference' is NOT visible

2022-07-06 17:11:26 - [MESSAGE][PASSED] - Object 'Object Repository/03-Header Menu/Hamburger Button/div_Open Video Conference' is NOT visible

2022-07-06 17:11:26 - [TEST_STEP][PASSED] - verifyElementNotVisible(findTestObject("03-Header Menu/Hamburger Button/div_Storage (beta)"), STOP_ON_FAILURE): Object 'Object Repository/03-Header Menu/Hamburger Button/div_Storage (beta)' is NOT visible

2022-07-06 17:11:27 - [MESSAGE][PASSED] - Object 'Object Repository/03-Header Menu/Hamburger Button/div_Storage (beta)' is NOT visible

2022-07-06 17:11:27 - [TEST_STEP][PASSED] - verifyElementNotVisible(findTestObject("03-Header Menu/Hamburger Button/div_ELSign"), STOP_ON_FAILURE): Object 'Object Repository/03-Header Menu/Hamburger Button/div_ELSign' is NOT visible

2022-07-06 17:11:27 - [MESSAGE][PASSED] - Object 'Object Repository/03-Header Menu/Hamburger Button/div_ELSign' is NOT visible

2022-07-06 17:11:27 - [TEST_STEP][PASSED] - verifyElementNotVisible(findTestObject("03-Header Menu/Hamburger Button/div_Income and Expense"), STOP_ON_FAILURE): Object 'Object Repository/03-Header Menu/Hamburger Button/div_Income and Expense' is NOT visible

2022-07-06 17:11:28 - [MESSAGE][PASSED] - Object 'Object Repository/03-Header Menu/Hamburger Button/div_Income and Expense' is NOT visible

2022-07-06 17:11:28 - [TEST_STEP][PASSED] - verifyElementNotVisible(findTestObject("03-Header Menu/Hamburger Button/div_EL HealthCheck"), STOP_ON_FAILURE): Object 'Object Repository/03-Header Menu/Hamburger Button/div_EL HealthCheck' is NOT visible

2022-07-06 17:11:28 - [MESSAGE][PASSED] - Object 'Object Repository/03-Header Menu/Hamburger Button/div_EL HealthCheck' is NOT visible

2022-07-06 17:11:28 - [TEST_STEP][PASSED] - verifyElementNotVisible(findTestObject("03-Header Menu/Hamburger Button/div_ELNet"), STOP_ON_FAILURE): Object 'Object Repository/03-Header Menu/Hamburger Button/div_ELNet' is NOT visible

2022-07-06 17:11:28 - [MESSAGE][PASSED] - Object 'Object Repository/03-Header Menu/Hamburger Button/div_ELNet' is NOT visible

2022-07-06 17:11:28 - [TEST_STEP][PASSED] - verifyElementNotVisible(findTestObject("03-Header Menu/Hamburger Button/div_Help"), STOP_ON_FAILURE): Object 'Object Repository/03-Header Menu/Hamburger Button/div_Help' is NOT visible

2022-07-06 17:11:29 - [MESSAGE][PASSED] - Object 'Object Repository/03-Header Menu/Hamburger Button/div_Help' is NOT visible

2022-07-06 17:11:29 - [TEST_STEP][PASSED] - delay(3): Delayed 3 second(s)

2022-07-06 17:11:32 - [MESSAGE][PASSED] - Delayed 3 second(s)

2022-07-06 17:11:32 - [TEST_STEP][PASSED] - click(findTestObject("03-Header Menu/Hamburger Button/button_menu")): Object: 'Object Repository/03-Header Menu/Hamburger Button/button_menu' is clicked on

2022-07-06 17:11:32 - [MESSAGE][PASSED] - Object: 'Object Repository/03-Header Menu/Hamburger Button/button_menu' is clicked on

2022-07-06 17:11:32 - [TEST_STEP][PASSED] - verifyElementVisible(findTestObject("03-Header Menu/Hamburger Button/div_Add My Organization"), STOP_ON_FAILURE): Object 'Object Repository/03-Header Menu/Hamburger Button/div_Add My Organization' is visible

2022-07-06 17:11:32 - [MESSAGE][PASSED] - Object 'Object Repository/03-Header Menu/Hamburger Button/div_Add My Organization' is visible

2022-07-06 17:11:32 - [TEST_STEP][PASSED] - verifyElementVisible(findTestObject("03-Header Menu/Hamburger Button/div_Dashboard"), STOP_ON_FAILURE): Object 'Object Repository/03-Header Menu/Hamburger Button/div_Dashboard' is visible

2022-07-06 17:11:33 - [MESSAGE][PASSED] - Object 'Object Repository/03-Header Menu/Hamburger Button/div_Dashboard' is visible

2022-07-06 17:11:33 - [TEST_STEP][PASSED] - verifyElementVisible(findTestObject("03-Header Menu/Hamburger Button/div_Chat"), STOP_ON_FAILURE): Object 'Object Repository/03-Header Menu/Hamburger Button/div_Chat' is visible

2022-07-06 17:11:34 - [MESSAGE][PASSED] - Object 'Object Repository/03-Header Menu/Hamburger Button/div_Chat' is visible

2022-07-06 17:11:34 - [TEST_STEP][PASSED] - verifyElementVisible(findTestObject("03-Header Menu/Hamburger Button/div_Teams"), STOP_ON_FAILURE): Object 'Object Repository/03-Header Menu/Hamburger Button/div_Teams' is visible

2022-07-06 17:11:34 - [MESSAGE][PASSED] - Object 'Object Repository/03-Header Menu/Hamburger Button/div_Teams' is visible

2022-07-06 17:11:34 - [TEST_STEP][PASSED] - verifyElementVisible(findTestObject("03-Header Menu/Hamburger Button/div_Directory"), STOP_ON_FAILURE): Object 'Object Repository/03-Header Menu/Hamburger Button/div_Directory' is visible

2022-07-06 17:11:34 - [MESSAGE][PASSED] - Object 'Object Repository/03-Header Menu/Hamburger Button/div_Directory' is visible

2022-07-06 17:11:34 - [TEST_STEP][PASSED] - verifyElementVisible(findTestObject("03-Header Menu/Hamburger Button/div_Operation"), STOP_ON_FAILURE): Object 'Object Repository/03-Header Menu/Hamburger Button/div_Operation' is visible

2022-07-06 17:11:35 - [MESSAGE][PASSED] - Object 'Object Repository/03-Header Menu/Hamburger Button/div_Operation' is visible

2022-07-06 17:11:35 - [TEST_STEP][PASSED] - verifyElementVisible(findTestObject("03-Header Menu/Hamburger Button/div_Settings"), STOP_ON_FAILURE): Object 'Object Repository/03-Header Menu/Hamburger Button/div_Settings' is visible

2022-07-06 17:11:35 - [MESSAGE][PASSED] - Object 'Object Repository/03-Header Menu/Hamburger Button/div_Settings' is visible

2022-07-06 17:11:35 - [TEST_STEP][PASSED] - verifyElementVisible(findTestObject("03-Header Menu/Hamburger Button/div_Open Video Conference"), STOP_ON_FAILURE): Object 'Object Repository/03-Header Menu/Hamburger Button/div_Open Video Conference' is visible

2022-07-06 17:11:36 - [MESSAGE][PASSED] - Object 'Object Repository/03-Header Menu/Hamburger Button/div_Open Video Conference' is visible

2022-07-06 17:11:36 - [TEST_STEP][PASSED] - verifyElementVisible(findTestObject("03-Header Menu/Hamburger Button/div_Storage (beta)"), STOP_ON_FAILURE): Object 'Object Repository/03-Header Menu/Hamburger Button/div_Storage (beta)' is visible

2022-07-06 17:11:36 - [MESSAGE][PASSED] - Object 'Object Repository/03-Header Menu/Hamburger Button/div_Storage (beta)' is visible

2022-07-06 17:11:36 - [TEST_STEP][PASSED] - verifyElementVisible(findTestObject("03-Header Menu/Hamburger Button/div_ELSign"), STOP_ON_FAILURE): Object 'Object Repository/03-Header Menu/Hamburger Button/div_ELSign' is visible

2022-07-06 17:11:36 - [MESSAGE][PASSED] - Object 'Object Repository/03-Header Menu/Hamburger Button/div_ELSign' is visible

2022-07-06 17:11:36 - [TEST_STEP][PASSED] - verifyElementVisible(findTestObject("03-Header Menu/Hamburger Button/div_Income and Expense"), STOP_ON_FAILURE): Object 'Object Repository/03-Header Menu/Hamburger Button/div_Income and Expense' is visible

2022-07-06 17:11:37 - [MESSAGE][PASSED] - Object 'Object Repository/03-Header Menu/Hamburger Button/div_Income and Expense' is visible

2022-07-06 17:11:37 - [TEST_STEP][PASSED] - verifyElementVisible(findTestObject("03-Header Menu/Hamburger Button/div_EL HealthCheck"), STOP_ON_FAILURE): Object 'Object Repository/03-Header Menu/Hamburger Button/div_EL HealthCheck' is visible

2022-07-06 17:11:37 - [MESSAGE][PASSED] - Object 'Object Repository/03-Header Menu/Hamburger Button/div_EL HealthCheck' is visible

2022-07-06 17:11:37 - [TEST_STEP][PASSED] - verifyElementVisible(findTestObject("03-Header Menu/Hamburger Button/div_ELNet"), STOP_ON_FAILURE): Object 'Object Repository/03-Header Menu/Hamburger Button/div_ELNet' is visible

2022-07-06 17:11:37 - [MESSAGE][PASSED] - Object 'Object Repository/03-Header Menu/Hamburger Button/div_ELNet' is visible

2022-07-06 17:11:37 - [TEST_STEP][PASSED] - verifyElementVisible(findTestObject("03-Header Menu/Hamburger Button/div_Help"), STOP_ON_FAILURE): Object 'Object Repository/03-Header Menu/Hamburger Button/div_Help' is visible

2022-07-06 17:11:38 - [MESSAGE][PASSED] - Object 'Object Repository/03-Header Menu/Hamburger Button/div_Help' is visible

2022-07-06 17:11:38 - [TEST_STEP][PASSED] - delay(3): Delayed 3 second(s)

2022-07-06 17:11:41 - [MESSAGE][PASSED] - Delayed 3 second(s)]]></system-out>
         <system-err><![CDATA[]]></system-err>
      </testcase>
      <testcase name="Test Cases/03-Header Menu/02- Language Selector" time="45.251" classname="Test Cases/03-Header Menu/02- Language Selector" status="PASSED">
         <system-out><![CDATA[2022-07-06 17:11:41 - [TEST_CASE][PASSED] - Test Cases/03-Header Menu/02- Language Selector: Test Cases/03-Header Menu/02- Language Selector

2022-07-06 17:11:41 - [TEST_STEP][PASSED] - click(findTestObject("03-Header Menu/Language/button_Language Selector")): Object: 'Object Repository/03-Header Menu/Language/button_Language Selector' is clicked on

2022-07-06 17:11:42 - [MESSAGE][PASSED] - Object: 'Object Repository/03-Header Menu/Language/button_Language Selector' is clicked on

2022-07-06 17:11:42 - [TEST_STEP][PASSED] - delay(2): Delayed 2 second(s)

2022-07-06 17:11:44 - [MESSAGE][PASSED] - Delayed 2 second(s)

2022-07-06 17:11:44 - [TEST_STEP][PASSED] - click(findTestObject("03-Header Menu/Language/button_chinese 1")): Object: 'Object Repository/03-Header Menu/Language/button_chinese 1' is clicked on

2022-07-06 17:11:44 - [MESSAGE][PASSED] - Object: 'Object Repository/03-Header Menu/Language/button_chinese 1' is clicked on

2022-07-06 17:11:44 - [TEST_STEP][PASSED] - delay(2): Delayed 2 second(s)

2022-07-06 17:11:46 - [MESSAGE][PASSED] - Delayed 2 second(s)

2022-07-06 17:11:46 - [TEST_STEP][PASSED] - verifyElementVisible(findTestObject("03-Header Menu/Language/Language Div/div_chinese1 dashboard")): Object 'Object Repository/03-Header Menu/Language/Language Div/div_chinese1 dashboard' is visible

2022-07-06 17:11:46 - [MESSAGE][PASSED] - Object 'Object Repository/03-Header Menu/Language/Language Div/div_chinese1 dashboard' is visible

2022-07-06 17:11:46 - [TEST_STEP][PASSED] - verifyElementVisible(findTestObject("03-Header Menu/Language/Language Div/div_chinese1 chat")): Object 'Object Repository/03-Header Menu/Language/Language Div/div_chinese1 chat' is visible

2022-07-06 17:11:47 - [MESSAGE][PASSED] - Object 'Object Repository/03-Header Menu/Language/Language Div/div_chinese1 chat' is visible

2022-07-06 17:11:47 - [TEST_STEP][PASSED] - verifyElementVisible(findTestObject("03-Header Menu/Language/Language Div/div_chinese1 teams")): Object 'Object Repository/03-Header Menu/Language/Language Div/div_chinese1 teams' is visible

2022-07-06 17:11:47 - [MESSAGE][PASSED] - Object 'Object Repository/03-Header Menu/Language/Language Div/div_chinese1 teams' is visible

2022-07-06 17:11:47 - [TEST_STEP][PASSED] - delay(2): Delayed 2 second(s)

2022-07-06 17:11:49 - [MESSAGE][PASSED] - Delayed 2 second(s)

2022-07-06 17:11:49 - [TEST_STEP][PASSED] - click(findTestObject("03-Header Menu/Language/button_Language Selector")): Object: 'Object Repository/03-Header Menu/Language/button_Language Selector' is clicked on

2022-07-06 17:11:50 - [MESSAGE][PASSED] - Object: 'Object Repository/03-Header Menu/Language/button_Language Selector' is clicked on

2022-07-06 17:11:50 - [TEST_STEP][PASSED] - delay(2): Delayed 2 second(s)

2022-07-06 17:11:52 - [MESSAGE][PASSED] - Delayed 2 second(s)

2022-07-06 17:11:52 - [TEST_STEP][PASSED] - click(findTestObject("03-Header Menu/Language/button_chinese 2")): Object: 'Object Repository/03-Header Menu/Language/button_chinese 2' is clicked on

2022-07-06 17:11:52 - [MESSAGE][PASSED] - Object: 'Object Repository/03-Header Menu/Language/button_chinese 2' is clicked on

2022-07-06 17:11:52 - [TEST_STEP][PASSED] - delay(2): Delayed 2 second(s)

2022-07-06 17:11:54 - [MESSAGE][PASSED] - Delayed 2 second(s)

2022-07-06 17:11:54 - [TEST_STEP][PASSED] - verifyElementVisible(findTestObject("03-Header Menu/Language/Language Div/div_chinese2 dashboard")): Object 'Object Repository/03-Header Menu/Language/Language Div/div_chinese2 dashboard' is visible

2022-07-06 17:11:54 - [MESSAGE][PASSED] - Object 'Object Repository/03-Header Menu/Language/Language Div/div_chinese2 dashboard' is visible

2022-07-06 17:11:54 - [TEST_STEP][PASSED] - verifyElementVisible(findTestObject("03-Header Menu/Language/Language Div/div_chinese2 chat")): Object 'Object Repository/03-Header Menu/Language/Language Div/div_chinese2 chat' is visible

2022-07-06 17:11:55 - [MESSAGE][PASSED] - Object 'Object Repository/03-Header Menu/Language/Language Div/div_chinese2 chat' is visible

2022-07-06 17:11:55 - [TEST_STEP][PASSED] - verifyElementVisible(findTestObject("03-Header Menu/Language/Language Div/div_chinese2 teams")): Object 'Object Repository/03-Header Menu/Language/Language Div/div_chinese2 teams' is visible

2022-07-06 17:11:55 - [MESSAGE][PASSED] - Object 'Object Repository/03-Header Menu/Language/Language Div/div_chinese2 teams' is visible

2022-07-06 17:11:55 - [TEST_STEP][PASSED] - delay(2): Delayed 2 second(s)

2022-07-06 17:11:57 - [MESSAGE][PASSED] - Delayed 2 second(s)

2022-07-06 17:11:57 - [TEST_STEP][PASSED] - click(findTestObject("03-Header Menu/Language/button_Language Selector")): Object: 'Object Repository/03-Header Menu/Language/button_Language Selector' is clicked on

2022-07-06 17:11:58 - [MESSAGE][PASSED] - Object: 'Object Repository/03-Header Menu/Language/button_Language Selector' is clicked on

2022-07-06 17:11:58 - [TEST_STEP][PASSED] - delay(2): Delayed 2 second(s)

2022-07-06 17:12:00 - [MESSAGE][PASSED] - Delayed 2 second(s)

2022-07-06 17:12:00 - [TEST_STEP][PASSED] - click(findTestObject("03-Header Menu/Language/button_chinese 3")): Object: 'Object Repository/03-Header Menu/Language/button_chinese 3' is clicked on

2022-07-06 17:12:00 - [MESSAGE][PASSED] - Object: 'Object Repository/03-Header Menu/Language/button_chinese 3' is clicked on

2022-07-06 17:12:00 - [TEST_STEP][PASSED] - delay(2): Delayed 2 second(s)

2022-07-06 17:12:02 - [MESSAGE][PASSED] - Delayed 2 second(s)

2022-07-06 17:12:02 - [TEST_STEP][PASSED] - verifyElementVisible(findTestObject("03-Header Menu/Language/Language Div/div_chinese3 dashboard")): Object 'Object Repository/03-Header Menu/Language/Language Div/div_chinese3 dashboard' is visible

2022-07-06 17:12:02 - [MESSAGE][PASSED] - Object 'Object Repository/03-Header Menu/Language/Language Div/div_chinese3 dashboard' is visible

2022-07-06 17:12:02 - [TEST_STEP][PASSED] - verifyElementVisible(findTestObject("03-Header Menu/Language/Language Div/div_chinese3 chat")): Object 'Object Repository/03-Header Menu/Language/Language Div/div_chinese3 chat' is visible

2022-07-06 17:12:03 - [MESSAGE][PASSED] - Object 'Object Repository/03-Header Menu/Language/Language Div/div_chinese3 chat' is visible

2022-07-06 17:12:03 - [TEST_STEP][PASSED] - verifyElementVisible(findTestObject("03-Header Menu/Language/Language Div/div_chinese3 teams")): Object 'Object Repository/03-Header Menu/Language/Language Div/div_chinese3 teams' is visible

2022-07-06 17:12:03 - [MESSAGE][PASSED] - Object 'Object Repository/03-Header Menu/Language/Language Div/div_chinese3 teams' is visible

2022-07-06 17:12:03 - [TEST_STEP][PASSED] - delay(2): Delayed 2 second(s)

2022-07-06 17:12:05 - [MESSAGE][PASSED] - Delayed 2 second(s)

2022-07-06 17:12:05 - [TEST_STEP][PASSED] - click(findTestObject("03-Header Menu/Language/button_Language Selector")): Object: 'Object Repository/03-Header Menu/Language/button_Language Selector' is clicked on

2022-07-06 17:12:06 - [MESSAGE][PASSED] - Object: 'Object Repository/03-Header Menu/Language/button_Language Selector' is clicked on

2022-07-06 17:12:06 - [TEST_STEP][PASSED] - delay(2): Delayed 2 second(s)

2022-07-06 17:12:08 - [MESSAGE][PASSED] - Delayed 2 second(s)

2022-07-06 17:12:08 - [TEST_STEP][PASSED] - click(findTestObject("03-Header Menu/Language/button_Espanol")): Object: 'Object Repository/03-Header Menu/Language/button_Espanol' is clicked on

2022-07-06 17:12:08 - [MESSAGE][PASSED] - Object: 'Object Repository/03-Header Menu/Language/button_Espanol' is clicked on

2022-07-06 17:12:08 - [TEST_STEP][PASSED] - delay(2): Delayed 2 second(s)

2022-07-06 17:12:10 - [MESSAGE][PASSED] - Delayed 2 second(s)

2022-07-06 17:12:10 - [TEST_STEP][PASSED] - verifyElementVisible(findTestObject("03-Header Menu/Language/Language Div/div_spanish_Panel")): Object 'Object Repository/03-Header Menu/Language/Language Div/div_spanish_Panel' is visible

2022-07-06 17:12:10 - [MESSAGE][PASSED] - Object 'Object Repository/03-Header Menu/Language/Language Div/div_spanish_Panel' is visible

2022-07-06 17:12:10 - [TEST_STEP][PASSED] - verifyElementVisible(findTestObject("03-Header Menu/Language/Language Div/div_spanish_Equipo")): Object 'Object Repository/03-Header Menu/Language/Language Div/div_spanish_Equipo' is visible

2022-07-06 17:12:11 - [MESSAGE][PASSED] - Object 'Object Repository/03-Header Menu/Language/Language Div/div_spanish_Equipo' is visible

2022-07-06 17:12:11 - [TEST_STEP][PASSED] - delay(2): Delayed 2 second(s)

2022-07-06 17:12:13 - [MESSAGE][PASSED] - Delayed 2 second(s)

2022-07-06 17:12:13 - [TEST_STEP][PASSED] - click(findTestObject("03-Header Menu/Language/button_Language Selector")): Object: 'Object Repository/03-Header Menu/Language/button_Language Selector' is clicked on

2022-07-06 17:12:13 - [MESSAGE][PASSED] - Object: 'Object Repository/03-Header Menu/Language/button_Language Selector' is clicked on

2022-07-06 17:12:13 - [TEST_STEP][PASSED] - delay(2): Delayed 2 second(s)

2022-07-06 17:12:15 - [MESSAGE][PASSED] - Delayed 2 second(s)

2022-07-06 17:12:15 - [TEST_STEP][PASSED] - click(findTestObject("03-Header Menu/Language/button_Italiano")): Object: 'Object Repository/03-Header Menu/Language/button_Italiano' is clicked on

2022-07-06 17:12:16 - [MESSAGE][PASSED] - Object: 'Object Repository/03-Header Menu/Language/button_Italiano' is clicked on

2022-07-06 17:12:16 - [TEST_STEP][PASSED] - delay(2): Delayed 2 second(s)

2022-07-06 17:12:18 - [MESSAGE][PASSED] - Delayed 2 second(s)

2022-07-06 17:12:18 - [TEST_STEP][PASSED] - verifyElementVisible(findTestObject("03-Header Menu/Language/Language Div/div_Pannello di controllo")): Object 'Object Repository/03-Header Menu/Language/Language Div/div_Pannello di controllo' is visible

2022-07-06 17:12:18 - [MESSAGE][PASSED] - Object 'Object Repository/03-Header Menu/Language/Language Div/div_Pannello di controllo' is visible

2022-07-06 17:12:18 - [TEST_STEP][PASSED] - verifyElementVisible(findTestObject("03-Header Menu/Language/Language Div/div_Impostazioni")): Object 'Object Repository/03-Header Menu/Language/Language Div/div_Impostazioni' is visible

2022-07-06 17:12:18 - [MESSAGE][PASSED] - Object 'Object Repository/03-Header Menu/Language/Language Div/div_Impostazioni' is visible

2022-07-06 17:12:18 - [TEST_STEP][PASSED] - click(findTestObject("03-Header Menu/Language/button_Language Selector")): Object: 'Object Repository/03-Header Menu/Language/button_Language Selector' is clicked on

2022-07-06 17:12:19 - [MESSAGE][PASSED] - Object: 'Object Repository/03-Header Menu/Language/button_Language Selector' is clicked on

2022-07-06 17:12:19 - [TEST_STEP][PASSED] - delay(2): Delayed 2 second(s)

2022-07-06 17:12:21 - [MESSAGE][PASSED] - Delayed 2 second(s)

2022-07-06 17:12:21 - [TEST_STEP][PASSED] - click(findTestObject("03-Header Menu/Language/button_English")): Object: 'Object Repository/03-Header Menu/Language/button_English' is clicked on

2022-07-06 17:12:21 - [MESSAGE][PASSED] - Object: 'Object Repository/03-Header Menu/Language/button_English' is clicked on

2022-07-06 17:12:21 - [TEST_STEP][PASSED] - delay(2): Delayed 2 second(s)

2022-07-06 17:12:23 - [MESSAGE][PASSED] - Delayed 2 second(s)

2022-07-06 17:12:23 - [TEST_STEP][PASSED] - verifyElementVisible(findTestObject("03-Header Menu/Language/Language Div/div_Dashboard")): Object 'Object Repository/03-Header Menu/Language/Language Div/div_Dashboard' is visible

2022-07-06 17:12:24 - [MESSAGE][PASSED] - Object 'Object Repository/03-Header Menu/Language/Language Div/div_Dashboard' is visible

2022-07-06 17:12:24 - [TEST_STEP][PASSED] - verifyElementVisible(findTestObject("03-Header Menu/Language/Language Div/div_Teams")): Object 'Object Repository/03-Header Menu/Language/Language Div/div_Teams' is visible

2022-07-06 17:12:24 - [MESSAGE][PASSED] - Object 'Object Repository/03-Header Menu/Language/Language Div/div_Teams' is visible

2022-07-06 17:12:24 - [TEST_STEP][PASSED] - delay(2): Delayed 2 second(s)

2022-07-06 17:12:26 - [MESSAGE][PASSED] - Delayed 2 second(s)]]></system-out>
         <system-err><![CDATA[]]></system-err>
      </testcase>
      <testcase name="Test Cases/03-Header Menu/03- Users Profile menu and notification button" time="15.842" classname="Test Cases/03-Header Menu/03- Users Profile menu and notification button" status="PASSED">
         <system-out><![CDATA[2022-07-06 17:12:26 - [TEST_CASE][PASSED] - Test Cases/03-Header Menu/03- Users Profile menu and notification button: Test Cases/03-Header Menu/03- Users Profile menu and notification button

2022-07-06 17:12:26 - [TEST_STEP][PASSED] - click(findTestObject("03-Header Menu/User Profile/Users Profile menu and notification button/button_notification bell")): Object: 'Object Repository/03-Header Menu/User Profile/Users Profile menu and notification button/button_notification bell' is clicked on

2022-07-06 17:12:27 - [MESSAGE][PASSED] - Object: 'Object Repository/03-Header Menu/User Profile/Users Profile menu and notification button/button_notification bell' is clicked on

2022-07-06 17:12:27 - [TEST_STEP][PASSED] - delay(2): Delayed 2 second(s)

2022-07-06 17:12:29 - [MESSAGE][PASSED] - Delayed 2 second(s)

2022-07-06 17:12:29 - [TEST_STEP][PASSED] - verifyElementVisible(findTestObject("03-Header Menu/User Profile/Users Profile menu and notification button/div_notification modal")): Object 'Object Repository/03-Header Menu/User Profile/Users Profile menu and notification button/div_notification modal' is visible

2022-07-06 17:12:29 - [MESSAGE][PASSED] - Object 'Object Repository/03-Header Menu/User Profile/Users Profile menu and notification button/div_notification modal' is visible

2022-07-06 17:12:29 - [TEST_STEP][PASSED] - delay(2): Delayed 2 second(s)

2022-07-06 17:12:31 - [MESSAGE][PASSED] - Delayed 2 second(s)

2022-07-06 17:12:31 - [TEST_STEP][PASSED] - clickOffset(findTestObject("03-Header Menu/User Profile/Users Profile menu and notification button/div_notification modal"), 100, 100): Object: 'Object Repository/03-Header Menu/User Profile/Users Profile menu and notification button/div_notification modal' is clicked on using offset x=100 and y=100

2022-07-06 17:12:32 - [MESSAGE][PASSED] - Object: 'Object Repository/03-Header Menu/User Profile/Users Profile menu and notification button/div_notification modal' is clicked on using offset x=100 and y=100

2022-07-06 17:12:32 - [TEST_STEP][PASSED] - click(findTestObject("03-Header Menu/User Profile/Users Profile menu and notification button/div_User drop down menu button")): Object: 'Object Repository/03-Header Menu/User Profile/Users Profile menu and notification button/div_User drop down menu button' is clicked on

2022-07-06 17:12:33 - [MESSAGE][PASSED] - Object: 'Object Repository/03-Header Menu/User Profile/Users Profile menu and notification button/div_User drop down menu button' is clicked on

2022-07-06 17:12:33 - [TEST_STEP][PASSED] - delay(1): Delayed 1 second(s)

2022-07-06 17:12:34 - [MESSAGE][PASSED] - Delayed 1 second(s)

2022-07-06 17:12:34 - [TEST_STEP][PASSED] - verifyElementVisible(findTestObject("03-Header Menu/User Profile/Users Profile menu and notification button/h4_View Profile")): Object 'Object Repository/03-Header Menu/User Profile/Users Profile menu and notification button/h4_View Profile' is visible

2022-07-06 17:12:34 - [MESSAGE][PASSED] - Object 'Object Repository/03-Header Menu/User Profile/Users Profile menu and notification button/h4_View Profile' is visible

2022-07-06 17:12:34 - [TEST_STEP][PASSED] - verifyElementVisible(findTestObject("03-Header Menu/User Profile/Users Profile menu and notification button/h4_Change Password")): Object 'Object Repository/03-Header Menu/User Profile/Users Profile menu and notification button/h4_Change Password' is visible

2022-07-06 17:12:35 - [MESSAGE][PASSED] - Object 'Object Repository/03-Header Menu/User Profile/Users Profile menu and notification button/h4_Change Password' is visible

2022-07-06 17:12:35 - [TEST_STEP][PASSED] - verifyElementVisible(findTestObject("03-Header Menu/User Profile/Users Profile menu and notification button/h4_Sign Out")): Object 'Object Repository/03-Header Menu/User Profile/Users Profile menu and notification button/h4_Sign Out' is visible

2022-07-06 17:12:35 - [MESSAGE][PASSED] - Object 'Object Repository/03-Header Menu/User Profile/Users Profile menu and notification button/h4_Sign Out' is visible

2022-07-06 17:12:35 - [TEST_STEP][PASSED] - delay(2): Delayed 2 second(s)

2022-07-06 17:12:37 - [MESSAGE][PASSED] - Delayed 2 second(s)

2022-07-06 17:12:37 - [TEST_STEP][PASSED] - click(findTestObject("03-Header Menu/User Profile/Users Profile menu and notification button/h4_Sign Out")): Object: 'Object Repository/03-Header Menu/User Profile/Users Profile menu and notification button/h4_Sign Out' is clicked on

2022-07-06 17:12:38 - [MESSAGE][PASSED] - Object: 'Object Repository/03-Header Menu/User Profile/Users Profile menu and notification button/h4_Sign Out' is clicked on

2022-07-06 17:12:38 - [TEST_STEP][PASSED] - verifyElementVisible(findTestObject("03-Header Menu/User Profile/Users Profile menu and notification button/Login card")): Object 'Object Repository/03-Header Menu/User Profile/Users Profile menu and notification button/Login card' is visible

2022-07-06 17:12:39 - [MESSAGE][PASSED] - Object 'Object Repository/03-Header Menu/User Profile/Users Profile menu and notification button/Login card' is visible

2022-07-06 17:12:39 - [TEST_STEP][PASSED] - delay(2): Delayed 2 second(s)

2022-07-06 17:12:41 - [MESSAGE][PASSED] - Delayed 2 second(s)

2022-07-06 17:12:41 - [TEST_STEP][PASSED] - closeBrowser(): Browser is closed

2022-07-06 17:12:42 - [MESSAGE][PASSED] - Browser is closed]]></system-out>
         <system-err><![CDATA[]]></system-err>
      </testcase>
      <testcase name="Test Cases/03-Header Menu/04- View Profile" time="98.983" classname="Test Cases/03-Header Menu/04- View Profile" status="PASSED">
         <system-out><![CDATA[2022-07-06 17:12:42 - [TEST_CASE][PASSED] - Test Cases/03-Header Menu/04- View Profile: Test Cases/03-Header Menu/04- View Profile

2022-07-06 17:12:42 - [TEST_STEP][PASSED] - openBrowser(""): Browser is opened with url: ''

2022-07-06 17:12:42 - [MESSAGE][INFO] - Starting 'Chrome' driver

2022-07-06 17:12:42 - [MESSAGE][INFO] - Action delay is set to 0 milliseconds

2022-07-06 17:12:43 - [MESSAGE][PASSED] - Browser is opened with url: ''

2022-07-06 17:12:43 - [TEST_STEP][PASSED] - navigateToUrl("https://lab.everleagues.com/"): Navigate to 'https://lab.everleagues.com/' successfully

2022-07-06 17:13:33 - [MESSAGE][PASSED] - Navigate to 'https://lab.everleagues.com/' successfully

2022-07-06 17:13:33 - [TEST_STEP][PASSED] - maximizeWindow(): Current window maximized

2022-07-06 17:13:33 - [MESSAGE][PASSED] - Current window maximized

2022-07-06 17:13:33 - [TEST_STEP][PASSED] - setText(findTestObject("02-Side Icons(Organization)/Add Contact/Email Field"), "testuser02@mailinator.com"): Text 'testuser02@mailinator.com' is set on object 'Object Repository/02-Side Icons(Organization)/Add Contact/Email Field'

2022-07-06 17:13:34 - [MESSAGE][PASSED] - Text 'testuser02@mailinator.com' is set on object 'Object Repository/02-Side Icons(Organization)/Add Contact/Email Field'

2022-07-06 17:13:34 - [TEST_STEP][PASSED] - setEncryptedText(findTestObject("02-Side Icons(Organization)/Add Contact/Password Field"), "8yFRyszE6U6jvsCn51OQbg=="): Text ****** has been set on object 'Object Repository/02-Side Icons(Organization)/Add Contact/Password Field'

2022-07-06 17:13:35 - [MESSAGE][PASSED] - Text ****** has been set on object 'Object Repository/02-Side Icons(Organization)/Add Contact/Password Field'

2022-07-06 17:13:35 - [TEST_STEP][PASSED] - click(findTestObject("02-Side Icons(Organization)/Add Contact/button_Sign in")): Object: 'Object Repository/02-Side Icons(Organization)/Add Contact/button_Sign in' is clicked on

2022-07-06 17:13:35 - [MESSAGE][PASSED] - Object: 'Object Repository/02-Side Icons(Organization)/Add Contact/button_Sign in' is clicked on

2022-07-06 17:13:35 - [TEST_STEP][PASSED] - delay(2): Delayed 2 second(s)

2022-07-06 17:13:37 - [MESSAGE][PASSED] - Delayed 2 second(s)

2022-07-06 17:13:37 - [TEST_STEP][PASSED] - click(findTestObject("06-Teams/For 2FA/button_Confirm_2FA")): Object: 'Object Repository/06-Teams/For 2FA/button_Confirm_2FA' is clicked on

2022-07-06 17:13:38 - [MESSAGE][PASSED] - Object: 'Object Repository/06-Teams/For 2FA/button_Confirm_2FA' is clicked on

2022-07-06 17:13:38 - [TEST_STEP][PASSED] - executeJavaScript("window.open();", []): Execute JavaScript 'window.open();' successfully

2022-07-06 17:13:38 - [MESSAGE][PASSED] - Execute JavaScript 'window.open();' successfully

2022-07-06 17:13:38 - [TEST_STEP][PASSED] - currentWindow = getWindowIndex(): Current window's index is: 0

2022-07-06 17:13:38 - [MESSAGE][PASSED] - Current window's index is: 0

2022-07-06 17:13:38 - [TEST_STEP][PASSED] - delay(3): Delayed 3 second(s)

2022-07-06 17:13:41 - [MESSAGE][PASSED] - Delayed 3 second(s)

2022-07-06 17:13:41 - [TEST_STEP][PASSED] - switchToWindowIndex(currentWindow + 1): Switched to window with index: '1'

2022-07-06 17:13:41 - [MESSAGE][PASSED] - Switched to window with index: '1'

2022-07-06 17:13:41 - [TEST_STEP][PASSED] - navigateToUrl("https://www.mailinator.com/"): Navigate to 'https://www.mailinator.com/' successfully

2022-07-06 17:13:43 - [MESSAGE][PASSED] - Navigate to 'https://www.mailinator.com/' successfully

2022-07-06 17:13:43 - [TEST_STEP][PASSED] - delay(3): Delayed 3 second(s)

2022-07-06 17:13:46 - [MESSAGE][PASSED] - Delayed 3 second(s)

2022-07-06 17:13:46 - [TEST_STEP][PASSED] - setText(findTestObject("00-Signup and Activation/zMailinator/input_LOGIN_search"), "testuser02@mailinator.com"): Text 'testuser02@mailinator.com' is set on object 'Object Repository/00-Signup and Activation/zMailinator/input_LOGIN_search'

2022-07-06 17:13:47 - [MESSAGE][PASSED] - Text 'testuser02@mailinator.com' is set on object 'Object Repository/00-Signup and Activation/zMailinator/input_LOGIN_search'

2022-07-06 17:13:47 - [TEST_STEP][PASSED] - click(findTestObject("00-Signup and Activation/zMailinator/gobutton"), STOP_ON_FAILURE): Object: 'Object Repository/00-Signup and Activation/zMailinator/gobutton' is clicked on

2022-07-06 17:13:48 - [MESSAGE][PASSED] - Object: 'Object Repository/00-Signup and Activation/zMailinator/gobutton' is clicked on

2022-07-06 17:13:48 - [TEST_STEP][PASSED] - delay(3): Delayed 3 second(s)

2022-07-06 17:13:51 - [MESSAGE][PASSED] - Delayed 3 second(s)

2022-07-06 17:13:51 - [TEST_STEP][PASSED] - click(findTestObject("00-Signup and Activation/zMailinator/Email - everleagues")): Object: 'Object Repository/00-Signup and Activation/zMailinator/Email - everleagues' is clicked on

2022-07-06 17:13:51 - [MESSAGE][PASSED] - Object: 'Object Repository/00-Signup and Activation/zMailinator/Email - everleagues' is clicked on

2022-07-06 17:13:51 - [TEST_STEP][PASSED] - delay(3): Delayed 3 second(s)

2022-07-06 17:13:54 - [MESSAGE][PASSED] - Delayed 3 second(s)

2022-07-06 17:13:54 - [TEST_STEP][PASSED] - code = getText(findTestObject("Object Repository/06-Teams/For 2FA/2FA code")): Text of object 'Object Repository/06-Teams/For 2FA/2FA code' is: '072101'

2022-07-06 17:13:55 - [MESSAGE][PASSED] - Text of object 'Object Repository/06-Teams/For 2FA/2FA code' is: '072101'

2022-07-06 17:13:55 - [TEST_STEP][PASSED] - delay(3): Delayed 3 second(s)

2022-07-06 17:13:58 - [MESSAGE][PASSED] - Delayed 3 second(s)

2022-07-06 17:13:58 - [TEST_STEP][PASSED] - closeWindowTitle("Mailinator"): Window with title: 'Mailinator' is closed

2022-07-06 17:13:58 - [MESSAGE][PASSED] - Window with title: 'Mailinator' is closed

2022-07-06 17:13:58 - [TEST_STEP][PASSED] - delay(3): Delayed 3 second(s)

2022-07-06 17:14:01 - [MESSAGE][PASSED] - Delayed 3 second(s)

2022-07-06 17:14:01 - [TEST_STEP][PASSED] - switchToWindowIndex(0): Switched to window with index: '0'

2022-07-06 17:14:01 - [MESSAGE][PASSED] - Switched to window with index: '0'

2022-07-06 17:14:01 - [TEST_STEP][PASSED] - delay(3): Delayed 3 second(s)

2022-07-06 17:14:04 - [MESSAGE][PASSED] - Delayed 3 second(s)

2022-07-06 17:14:04 - [TEST_STEP][PASSED] - setText(findTestObject("Object Repository/06-Teams/For 2FA/input_Enter verification code_code"), code): Text '072101' is set on object 'Object Repository/06-Teams/For 2FA/input_Enter verification code_code'

2022-07-06 17:14:05 - [MESSAGE][PASSED] - Text '072101' is set on object 'Object Repository/06-Teams/For 2FA/input_Enter verification code_code'

2022-07-06 17:14:05 - [TEST_STEP][PASSED] - delay(3): Delayed 3 second(s)

2022-07-06 17:14:08 - [MESSAGE][PASSED] - Delayed 3 second(s)

2022-07-06 17:14:08 - [TEST_STEP][PASSED] - click(findTestObject("06-Teams/For 2FA/button_Verify_2FA")): Object: 'Object Repository/06-Teams/For 2FA/button_Verify_2FA' is clicked on

2022-07-06 17:14:08 - [MESSAGE][PASSED] - Object: 'Object Repository/06-Teams/For 2FA/button_Verify_2FA' is clicked on

2022-07-06 17:14:08 - [TEST_STEP][PASSED] - delay(5): Delayed 5 second(s)

2022-07-06 17:14:13 - [MESSAGE][PASSED] - Delayed 5 second(s)

2022-07-06 17:14:13 - [TEST_STEP][PASSED] - click(findTestObject("03-Header Menu/User Profile/Users Profile menu and notification button/div_User drop down menu button")): Object: 'Object Repository/03-Header Menu/User Profile/Users Profile menu and notification button/div_User drop down menu button' is clicked on

2022-07-06 17:14:14 - [MESSAGE][PASSED] - Object: 'Object Repository/03-Header Menu/User Profile/Users Profile menu and notification button/div_User drop down menu button' is clicked on

2022-07-06 17:14:14 - [TEST_STEP][PASSED] - delay(1): Delayed 1 second(s)

2022-07-06 17:14:15 - [MESSAGE][PASSED] - Delayed 1 second(s)

2022-07-06 17:14:15 - [TEST_STEP][PASSED] - click(findTestObject("03-Header Menu/User Profile/Users Profile menu and notification button/h4_View Profile")): Object: 'Object Repository/03-Header Menu/User Profile/Users Profile menu and notification button/h4_View Profile' is clicked on

2022-07-06 17:14:15 - [MESSAGE][PASSED] - Object: 'Object Repository/03-Header Menu/User Profile/Users Profile menu and notification button/h4_View Profile' is clicked on

2022-07-06 17:14:15 - [TEST_STEP][PASSED] - delay(2): Delayed 2 second(s)

2022-07-06 17:14:17 - [MESSAGE][PASSED] - Delayed 2 second(s)

2022-07-06 17:14:17 - [TEST_STEP][PASSED] - verifyElementVisible(findTestObject("03-Header Menu/User Profile/View Profile/div_Contact Info")): Object 'Object Repository/03-Header Menu/User Profile/View Profile/div_Contact Info' is visible

2022-07-06 17:14:18 - [MESSAGE][PASSED] - Object 'Object Repository/03-Header Menu/User Profile/View Profile/div_Contact Info' is visible

2022-07-06 17:14:18 - [TEST_STEP][PASSED] - verifyElementVisible(findTestObject("03-Header Menu/User Profile/View Profile/div_Profile")): Object 'Object Repository/03-Header Menu/User Profile/View Profile/div_Profile' is visible

2022-07-06 17:14:18 - [MESSAGE][PASSED] - Object 'Object Repository/03-Header Menu/User Profile/View Profile/div_Profile' is visible

2022-07-06 17:14:18 - [TEST_STEP][PASSED] - verifyElementVisible(findTestObject("03-Header Menu/User Profile/View Profile/div_Security")): Object 'Object Repository/03-Header Menu/User Profile/View Profile/div_Security' is visible

2022-07-06 17:14:18 - [MESSAGE][PASSED] - Object 'Object Repository/03-Header Menu/User Profile/View Profile/div_Security' is visible

2022-07-06 17:14:18 - [TEST_STEP][PASSED] - verifyElementVisible(findTestObject("03-Header Menu/User Profile/View Profile/div_Settings")): Object 'Object Repository/03-Header Menu/User Profile/View Profile/div_Settings' is visible

2022-07-06 17:14:19 - [MESSAGE][PASSED] - Object 'Object Repository/03-Header Menu/User Profile/View Profile/div_Settings' is visible

2022-07-06 17:14:19 - [TEST_STEP][PASSED] - delay(2): Delayed 2 second(s)

2022-07-06 17:14:21 - [MESSAGE][PASSED] - Delayed 2 second(s)]]></system-out>
         <system-err><![CDATA[]]></system-err>
      </testcase>
      <testcase name="Test Cases/03-Header Menu/05 - Edit Profile Tab (No changes made)" time="7.427" classname="Test Cases/03-Header Menu/05 - Edit Profile Tab (No changes made)" status="PASSED">
         <system-out><![CDATA[2022-07-06 17:14:21 - [TEST_CASE][PASSED] - Test Cases/03-Header Menu/05 - Edit Profile Tab (No changes made): Test Cases/03-Header Menu/05 - Edit Profile Tab (No changes made)

2022-07-06 17:14:21 - [TEST_STEP][PASSED] - mouseOver(findTestObject("03-Header Menu/User Profile/View Profile/Profile Tab/img tray")): Object: 'Object Repository/03-Header Menu/User Profile/View Profile/Profile Tab/img tray' is hovered

2022-07-06 17:14:22 - [MESSAGE][PASSED] - Object: 'Object Repository/03-Header Menu/User Profile/View Profile/Profile Tab/img tray' is hovered

2022-07-06 17:14:22 - [TEST_STEP][PASSED] - click(findTestObject("03-Header Menu/User Profile/View Profile/Profile Tab/Upload Icon")): Object: 'Object Repository/03-Header Menu/User Profile/View Profile/Profile Tab/Upload Icon' is clicked on

2022-07-06 17:14:22 - [MESSAGE][PASSED] - Object: 'Object Repository/03-Header Menu/User Profile/View Profile/Profile Tab/Upload Icon' is clicked on

2022-07-06 17:14:22 - [TEST_STEP][PASSED] - delay(2): Delayed 2 second(s)

2022-07-06 17:14:24 - [MESSAGE][PASSED] - Delayed 2 second(s)

2022-07-06 17:14:24 - [TEST_STEP][PASSED] - verifyElementVisible(findTestObject("03-Header Menu/User Profile/View Profile/Profile Tab/Upload User Image modal")): Object 'Object Repository/03-Header Menu/User Profile/View Profile/Profile Tab/Upload User Image modal' is visible

2022-07-06 17:14:25 - [MESSAGE][PASSED] - Object 'Object Repository/03-Header Menu/User Profile/View Profile/Profile Tab/Upload User Image modal' is visible

2022-07-06 17:14:25 - [TEST_STEP][PASSED] - verifyElementNotClickable(findTestObject("03-Header Menu/User Profile/View Profile/Profile Tab/button_Upload Image")): Object 'Object Repository/03-Header Menu/User Profile/View Profile/Profile Tab/button_Upload Image' is NOT clickable

2022-07-06 17:14:25 - [MESSAGE][PASSED] - Object 'Object Repository/03-Header Menu/User Profile/View Profile/Profile Tab/button_Upload Image' is NOT clickable

2022-07-06 17:14:25 - [TEST_STEP][PASSED] - delay(1): Delayed 1 second(s)

2022-07-06 17:14:26 - [MESSAGE][PASSED] - Delayed 1 second(s)

2022-07-06 17:14:26 - [TEST_STEP][PASSED] - click(findTestObject("03-Header Menu/User Profile/View Profile/Profile Tab/button_Cancel")): Object: 'Object Repository/03-Header Menu/User Profile/View Profile/Profile Tab/button_Cancel' is clicked on

2022-07-06 17:14:26 - [MESSAGE][PASSED] - Object: 'Object Repository/03-Header Menu/User Profile/View Profile/Profile Tab/button_Cancel' is clicked on

2022-07-06 17:14:26 - [TEST_STEP][PASSED] - delay(2): Delayed 2 second(s)

2022-07-06 17:14:28 - [MESSAGE][PASSED] - Delayed 2 second(s)]]></system-out>
         <system-err><![CDATA[]]></system-err>
      </testcase>
      <testcase name="Test Cases/03-Header Menu/06- Edit Profile Tab (with changes)" time="32.042" classname="Test Cases/03-Header Menu/06- Edit Profile Tab (with changes)" status="PASSED">
         <system-out><![CDATA[2022-07-06 17:14:28 - [TEST_CASE][PASSED] - Test Cases/03-Header Menu/06- Edit Profile Tab (with changes): Test Cases/03-Header Menu/06- Edit Profile Tab (with changes)

2022-07-06 17:14:29 - [TEST_STEP][PASSED] - delay(3): Delayed 3 second(s)

2022-07-06 17:14:32 - [MESSAGE][PASSED] - Delayed 3 second(s)

2022-07-06 17:14:32 - [TEST_STEP][PASSED] - setText(findTestObject("03-Header Menu/User Profile/View Profile/Profile Tab/input_FirstName"), "THIS IS"): Text 'THIS IS' is set on object 'Object Repository/03-Header Menu/User Profile/View Profile/Profile Tab/input_FirstName'

2022-07-06 17:14:32 - [MESSAGE][PASSED] - Text 'THIS IS' is set on object 'Object Repository/03-Header Menu/User Profile/View Profile/Profile Tab/input_FirstName'

2022-07-06 17:14:32 - [TEST_STEP][PASSED] - setText(findTestObject("03-Header Menu/User Profile/View Profile/Profile Tab/input_LastName"), "AUTOMATION"): Text 'AUTOMATION' is set on object 'Object Repository/03-Header Menu/User Profile/View Profile/Profile Tab/input_LastName'

2022-07-06 17:14:33 - [MESSAGE][PASSED] - Text 'AUTOMATION' is set on object 'Object Repository/03-Header Menu/User Profile/View Profile/Profile Tab/input_LastName'

2022-07-06 17:14:33 - [TEST_STEP][PASSED] - delay(2): Delayed 2 second(s)

2022-07-06 17:14:35 - [MESSAGE][PASSED] - Delayed 2 second(s)

2022-07-06 17:14:35 - [TEST_STEP][PASSED] - click(findTestObject("03-Header Menu/User Profile/View Profile/Profile Tab/button_Save")): Object: 'Object Repository/03-Header Menu/User Profile/View Profile/Profile Tab/button_Save' is clicked on

2022-07-06 17:14:36 - [MESSAGE][PASSED] - Object: 'Object Repository/03-Header Menu/User Profile/View Profile/Profile Tab/button_Save' is clicked on

2022-07-06 17:14:36 - [TEST_STEP][PASSED] - verifyElementVisible(findTestObject("03-Header Menu/User Profile/View Profile/Profile Tab/success msg")): Object 'Object Repository/03-Header Menu/User Profile/View Profile/Profile Tab/success msg' is visible

2022-07-06 17:14:38 - [MESSAGE][PASSED] - Object 'Object Repository/03-Header Menu/User Profile/View Profile/Profile Tab/success msg' is visible

2022-07-06 17:14:38 - [TEST_STEP][PASSED] - delay(2): Delayed 2 second(s)

2022-07-06 17:14:40 - [MESSAGE][PASSED] - Delayed 2 second(s)

2022-07-06 17:14:40 - [TEST_STEP][PASSED] - setText(findTestObject("03-Header Menu/User Profile/View Profile/Profile Tab/input_FirstName"), "GG"): Text 'GG' is set on object 'Object Repository/03-Header Menu/User Profile/View Profile/Profile Tab/input_FirstName'

2022-07-06 17:14:41 - [MESSAGE][PASSED] - Text 'GG' is set on object 'Object Repository/03-Header Menu/User Profile/View Profile/Profile Tab/input_FirstName'

2022-07-06 17:14:41 - [TEST_STEP][PASSED] - setText(findTestObject("03-Header Menu/User Profile/View Profile/Profile Tab/input_LastName"), "TESTER"): Text 'TESTER' is set on object 'Object Repository/03-Header Menu/User Profile/View Profile/Profile Tab/input_LastName'

2022-07-06 17:14:42 - [MESSAGE][PASSED] - Text 'TESTER' is set on object 'Object Repository/03-Header Menu/User Profile/View Profile/Profile Tab/input_LastName'

2022-07-06 17:14:42 - [TEST_STEP][PASSED] - delay(2): Delayed 2 second(s)

2022-07-06 17:14:44 - [MESSAGE][PASSED] - Delayed 2 second(s)

2022-07-06 17:14:44 - [TEST_STEP][PASSED] - click(findTestObject("03-Header Menu/User Profile/View Profile/Profile Tab/button_Save")): Object: 'Object Repository/03-Header Menu/User Profile/View Profile/Profile Tab/button_Save' is clicked on

2022-07-06 17:14:44 - [MESSAGE][PASSED] - Object: 'Object Repository/03-Header Menu/User Profile/View Profile/Profile Tab/button_Save' is clicked on

2022-07-06 17:14:44 - [TEST_STEP][PASSED] - delay(3): Delayed 3 second(s)

2022-07-06 17:14:47 - [MESSAGE][PASSED] - Delayed 3 second(s)

2022-07-06 17:14:47 - [TEST_STEP][PASSED] - verifyElementVisible(findTestObject("03-Header Menu/User Profile/View Profile/Profile Tab/success msg")): Object 'Object Repository/03-Header Menu/User Profile/View Profile/Profile Tab/success msg' is visible

2022-07-06 17:14:48 - [MESSAGE][PASSED] - Object 'Object Repository/03-Header Menu/User Profile/View Profile/Profile Tab/success msg' is visible

2022-07-06 17:14:48 - [TEST_STEP][PASSED] - delay(2): Delayed 2 second(s)

2022-07-06 17:14:50 - [MESSAGE][PASSED] - Delayed 2 second(s)

2022-07-06 17:14:50 - [TEST_STEP][PASSED] - mouseOver(findTestObject("03-Header Menu/User Profile/View Profile/Profile Tab/img tray")): Object: 'Object Repository/03-Header Menu/User Profile/View Profile/Profile Tab/img tray' is hovered

2022-07-06 17:14:50 - [MESSAGE][PASSED] - Object: 'Object Repository/03-Header Menu/User Profile/View Profile/Profile Tab/img tray' is hovered

2022-07-06 17:14:50 - [TEST_STEP][PASSED] - click(findTestObject("03-Header Menu/User Profile/View Profile/Profile Tab/Upload Icon")): Object: 'Object Repository/03-Header Menu/User Profile/View Profile/Profile Tab/Upload Icon' is clicked on

2022-07-06 17:14:51 - [MESSAGE][PASSED] - Object: 'Object Repository/03-Header Menu/User Profile/View Profile/Profile Tab/Upload Icon' is clicked on

2022-07-06 17:14:51 - [TEST_STEP][PASSED] - uploadpackage.Upload.uploadFile(findTestObject("Object Repository/03-Header Menu/User Profile/View Profile/Profile Tab/button_folderBrowse"), "C:\Users\User\Desktop\EL automation\qa.jpg"): uploadpackage.Upload.uploadFile is PASSED

2022-07-06 17:14:51 - [MESSAGE][PASSED] - Object: 'Object Repository/03-Header Menu/User Profile/View Profile/Profile Tab/button_folderBrowse' is clicked on

2022-07-06 17:14:52 - [MESSAGE][PASSED] - uploadpackage.Upload.uploadFile is PASSED

2022-07-06 17:14:52 - [TEST_STEP][PASSED] - delay(2): Delayed 2 second(s)

2022-07-06 17:14:54 - [MESSAGE][PASSED] - Delayed 2 second(s)

2022-07-06 17:14:54 - [TEST_STEP][PASSED] - click(findTestObject("03-Header Menu/User Profile/View Profile/Profile Tab/button_Upload Image")): Object: 'Object Repository/03-Header Menu/User Profile/View Profile/Profile Tab/button_Upload Image' is clicked on

2022-07-06 17:14:54 - [MESSAGE][PASSED] - Object: 'Object Repository/03-Header Menu/User Profile/View Profile/Profile Tab/button_Upload Image' is clicked on

2022-07-06 17:14:54 - [TEST_STEP][PASSED] - delay(3): Delayed 3 second(s)

2022-07-06 17:14:57 - [MESSAGE][PASSED] - Delayed 3 second(s)

2022-07-06 17:14:57 - [TEST_STEP][PASSED] - verifyElementVisible(findTestObject("03-Header Menu/User Profile/View Profile/Contact Info/Successfully changed profile image")): Object 'Object Repository/03-Header Menu/User Profile/View Profile/Contact Info/Successfully changed profile image' is visible

2022-07-06 17:14:57 - [MESSAGE][PASSED] - Object 'Object Repository/03-Header Menu/User Profile/View Profile/Contact Info/Successfully changed profile image' is visible

2022-07-06 17:14:57 - [TEST_STEP][PASSED] - delay(3): Delayed 3 second(s)

2022-07-06 17:15:00 - [MESSAGE][PASSED] - Delayed 3 second(s)]]></system-out>
         <system-err><![CDATA[]]></system-err>
      </testcase>
      <testcase name="Test Cases/03-Header Menu/07- Security Tab (Blank phone number field)" time="12.561" classname="Test Cases/03-Header Menu/07- Security Tab (Blank phone number field)" status="PASSED">
         <system-out><![CDATA[2022-07-06 17:15:00 - [TEST_CASE][PASSED] - Test Cases/03-Header Menu/07- Security Tab (Blank phone number field): Test Cases/03-Header Menu/07- Security Tab (Blank phone number field)

2022-07-06 17:15:01 - [TEST_STEP][PASSED] - click(findTestObject("03-Header Menu/User Profile/View Profile/div_Security")): Object: 'Object Repository/03-Header Menu/User Profile/View Profile/div_Security' is clicked on

2022-07-06 17:15:01 - [MESSAGE][PASSED] - Object: 'Object Repository/03-Header Menu/User Profile/View Profile/div_Security' is clicked on

2022-07-06 17:15:01 - [TEST_STEP][PASSED] - delay(1): Delayed 1 second(s)

2022-07-06 17:15:02 - [MESSAGE][PASSED] - Delayed 1 second(s)

2022-07-06 17:15:02 - [TEST_STEP][PASSED] - verifyElementVisible(findTestObject("03-Header Menu/User Profile/View Profile/Security Tab (2FA)/title_2FA")): Object 'Object Repository/03-Header Menu/User Profile/View Profile/Security Tab (2FA)/title_2FA' is visible

2022-07-06 17:15:03 - [MESSAGE][PASSED] - Object 'Object Repository/03-Header Menu/User Profile/View Profile/Security Tab (2FA)/title_2FA' is visible

2022-07-06 17:15:03 - [TEST_STEP][PASSED] - verifyElementVisible(findTestObject("03-Header Menu/User Profile/View Profile/Security Tab (2FA)/2FA_toggle")): Object 'Object Repository/03-Header Menu/User Profile/View Profile/Security Tab (2FA)/2FA_toggle' is visible

2022-07-06 17:15:03 - [MESSAGE][PASSED] - Object 'Object Repository/03-Header Menu/User Profile/View Profile/Security Tab (2FA)/2FA_toggle' is visible

2022-07-06 17:15:03 - [TEST_STEP][PASSED] - verifyElementVisible(findTestObject("03-Header Menu/User Profile/View Profile/Security Tab (2FA)/input_Email")): Object 'Object Repository/03-Header Menu/User Profile/View Profile/Security Tab (2FA)/input_Email' is visible

2022-07-06 17:15:03 - [MESSAGE][PASSED] - Object 'Object Repository/03-Header Menu/User Profile/View Profile/Security Tab (2FA)/input_Email' is visible

2022-07-06 17:15:03 - [TEST_STEP][PASSED] - delay(1): Delayed 1 second(s)

2022-07-06 17:15:04 - [MESSAGE][PASSED] - Delayed 1 second(s)

2022-07-06 17:15:04 - [TEST_STEP][PASSED] - verifyElementNotPresent(findTestObject("03-Header Menu/User Profile/View Profile/Security Tab (2FA)/button_edit"), 0): Web element with id: 'Object Repository/03-Header Menu/User Profile/View Profile/Security Tab (2FA)/button_edit' located by 'By.xpath: //button[@type = 'button' and (text() = 'edit' or . = 'edit')]' is not present after '30' second(s)

2022-07-06 17:15:04 - [MESSAGE][WARNING] - Timeout '0' is invalid. Using default page load timeout: '30'

2022-07-06 17:15:05 - [MESSAGE][PASSED] - Web element with id: 'Object Repository/03-Header Menu/User Profile/View Profile/Security Tab (2FA)/button_edit' located by 'By.xpath: //button[@type = 'button' and (text() = 'edit' or . = 'edit')]' is not present after '30' second(s)

2022-07-06 17:15:05 - [TEST_STEP][PASSED] - delay(1): Delayed 1 second(s)

2022-07-06 17:15:06 - [MESSAGE][PASSED] - Delayed 1 second(s)

2022-07-06 17:15:06 - [TEST_STEP][PASSED] - click(findTestObject("03-Header Menu/User Profile/View Profile/Security Tab (2FA)/2FA_toggle")): Object: 'Object Repository/03-Header Menu/User Profile/View Profile/Security Tab (2FA)/2FA_toggle' is clicked on

2022-07-06 17:15:06 - [MESSAGE][PASSED] - Object: 'Object Repository/03-Header Menu/User Profile/View Profile/Security Tab (2FA)/2FA_toggle' is clicked on

2022-07-06 17:15:06 - [TEST_STEP][PASSED] - verifyElementVisible(findTestObject("03-Header Menu/User Profile/View Profile/Security Tab (2FA)/Success_enable")): Object 'Object Repository/03-Header Menu/User Profile/View Profile/Security Tab (2FA)/Success_enable' is visible

2022-07-06 17:15:08 - [MESSAGE][PASSED] - Object 'Object Repository/03-Header Menu/User Profile/View Profile/Security Tab (2FA)/Success_enable' is visible

2022-07-06 17:15:08 - [TEST_STEP][PASSED] - delay(1): Delayed 1 second(s)

2022-07-06 17:15:09 - [MESSAGE][PASSED] - Delayed 1 second(s)

2022-07-06 17:15:09 - [TEST_STEP][PASSED] - click(findTestObject("03-Header Menu/User Profile/View Profile/Security Tab (2FA)/button_edit")): Object: 'Object Repository/03-Header Menu/User Profile/View Profile/Security Tab (2FA)/button_edit' is clicked on

2022-07-06 17:15:09 - [MESSAGE][PASSED] - Object: 'Object Repository/03-Header Menu/User Profile/View Profile/Security Tab (2FA)/button_edit' is clicked on

2022-07-06 17:15:09 - [TEST_STEP][PASSED] - verifyElementVisible(findTestObject("03-Header Menu/User Profile/View Profile/Security Tab (2FA)/2FA Phone Number modal")): Object 'Object Repository/03-Header Menu/User Profile/View Profile/Security Tab (2FA)/2FA Phone Number modal' is visible

2022-07-06 17:15:10 - [MESSAGE][PASSED] - Object 'Object Repository/03-Header Menu/User Profile/View Profile/Security Tab (2FA)/2FA Phone Number modal' is visible

2022-07-06 17:15:10 - [TEST_STEP][PASSED] - click(findTestObject("03-Header Menu/User Profile/View Profile/Security Tab (2FA)/2FA Phone Number modal")): Object: 'Object Repository/03-Header Menu/User Profile/View Profile/Security Tab (2FA)/2FA Phone Number modal' is clicked on

2022-07-06 17:15:11 - [MESSAGE][PASSED] - Object: 'Object Repository/03-Header Menu/User Profile/View Profile/Security Tab (2FA)/2FA Phone Number modal' is clicked on

2022-07-06 17:15:11 - [TEST_STEP][PASSED] - delay(1): Delayed 1 second(s)

2022-07-06 17:15:12 - [MESSAGE][PASSED] - Delayed 1 second(s)

2022-07-06 17:15:12 - [TEST_STEP][PASSED] - verifyElementVisible(findTestObject("03-Header Menu/User Profile/View Profile/Security Tab (2FA)/Phone_Error")): Object 'Object Repository/03-Header Menu/User Profile/View Profile/Security Tab (2FA)/Phone_Error' is visible

2022-07-06 17:15:12 - [MESSAGE][PASSED] - Object 'Object Repository/03-Header Menu/User Profile/View Profile/Security Tab (2FA)/Phone_Error' is visible

2022-07-06 17:15:12 - [TEST_STEP][PASSED] - delay(1): Delayed 1 second(s)

2022-07-06 17:15:13 - [MESSAGE][PASSED] - Delayed 1 second(s)]]></system-out>
         <system-err><![CDATA[]]></system-err>
      </testcase>
      <testcase name="Test Cases/03-Header Menu/08-Security Tab (Wrong phone number)" time="12.878" classname="Test Cases/03-Header Menu/08-Security Tab (Wrong phone number)" status="PASSED">
         <system-out><![CDATA[2022-07-06 17:15:13 - [TEST_CASE][PASSED] - Test Cases/03-Header Menu/08-Security Tab (Wrong phone number): Test Cases/03-Header Menu/08-Security Tab (Wrong phone number)

2022-07-06 17:15:13 - [TEST_STEP][PASSED] - setText(findTestObject("03-Header Menu/User Profile/View Profile/Security Tab (2FA)/input_phone number"), "+1234567890"): Text '+1234567890' is set on object 'Object Repository/03-Header Menu/User Profile/View Profile/Security Tab (2FA)/input_phone number'

2022-07-06 17:15:14 - [MESSAGE][PASSED] - Text '+1234567890' is set on object 'Object Repository/03-Header Menu/User Profile/View Profile/Security Tab (2FA)/input_phone number'

2022-07-06 17:15:14 - [TEST_STEP][PASSED] - delay(2): Delayed 2 second(s)

2022-07-06 17:15:16 - [MESSAGE][PASSED] - Delayed 2 second(s)

2022-07-06 17:15:16 - [TEST_STEP][PASSED] - click(findTestObject("03-Header Menu/User Profile/View Profile/Security Tab (2FA)/button_Next")): Object: 'Object Repository/03-Header Menu/User Profile/View Profile/Security Tab (2FA)/button_Next' is clicked on

2022-07-06 17:15:16 - [MESSAGE][PASSED] - Object: 'Object Repository/03-Header Menu/User Profile/View Profile/Security Tab (2FA)/button_Next' is clicked on

2022-07-06 17:15:16 - [TEST_STEP][PASSED] - delay(1): Delayed 1 second(s)

2022-07-06 17:15:17 - [MESSAGE][PASSED] - Delayed 1 second(s)

2022-07-06 17:15:17 - [TEST_STEP][PASSED] - verifyElementVisible(findTestObject("03-Header Menu/User Profile/View Profile/Security Tab (2FA)/div_Failed to send SMS")): Object 'Object Repository/03-Header Menu/User Profile/View Profile/Security Tab (2FA)/div_Failed to send SMS' is visible

2022-07-06 17:15:18 - [MESSAGE][PASSED] - Object 'Object Repository/03-Header Menu/User Profile/View Profile/Security Tab (2FA)/div_Failed to send SMS' is visible

2022-07-06 17:15:18 - [TEST_STEP][PASSED] - delay(2): Delayed 2 second(s)

2022-07-06 17:15:20 - [MESSAGE][PASSED] - Delayed 2 second(s)

2022-07-06 17:15:20 - [TEST_STEP][PASSED] - click(findTestObject("03-Header Menu/User Profile/View Profile/Security Tab (2FA)/button_Cancel")): Object: 'Object Repository/03-Header Menu/User Profile/View Profile/Security Tab (2FA)/button_Cancel' is clicked on

2022-07-06 17:15:21 - [MESSAGE][PASSED] - Object: 'Object Repository/03-Header Menu/User Profile/View Profile/Security Tab (2FA)/button_Cancel' is clicked on

2022-07-06 17:15:21 - [TEST_STEP][PASSED] - click(findTestObject("03-Header Menu/User Profile/View Profile/Security Tab (2FA)/2FA_toggle")): Object: 'Object Repository/03-Header Menu/User Profile/View Profile/Security Tab (2FA)/2FA_toggle' is clicked on

2022-07-06 17:15:21 - [MESSAGE][PASSED] - Object: 'Object Repository/03-Header Menu/User Profile/View Profile/Security Tab (2FA)/2FA_toggle' is clicked on

2022-07-06 17:15:21 - [TEST_STEP][PASSED] - delay(2): Delayed 2 second(s)

2022-07-06 17:15:23 - [MESSAGE][PASSED] - Delayed 2 second(s)

2022-07-06 17:15:23 - [TEST_STEP][PASSED] - verifyElementVisible(findTestObject("03-Header Menu/User Profile/View Profile/Security Tab (2FA)/Success_disable")): Object 'Object Repository/03-Header Menu/User Profile/View Profile/Security Tab (2FA)/Success_disable' is visible

2022-07-06 17:15:24 - [MESSAGE][PASSED] - Object 'Object Repository/03-Header Menu/User Profile/View Profile/Security Tab (2FA)/Success_disable' is visible

2022-07-06 17:15:24 - [TEST_STEP][PASSED] - delay(2): Delayed 2 second(s)

2022-07-06 17:15:26 - [MESSAGE][PASSED] - Delayed 2 second(s)]]></system-out>
         <system-err><![CDATA[]]></system-err>
      </testcase>
      <testcase name="Test Cases/03-Header Menu/09- Security Tab (Enabling 2FA)" time="16.429" classname="Test Cases/03-Header Menu/09- Security Tab (Enabling 2FA)" status="PASSED">
         <system-out><![CDATA[2022-07-06 17:15:26 - [TEST_CASE][PASSED] - Test Cases/03-Header Menu/09- Security Tab (Enabling 2FA): Test Cases/03-Header Menu/09- Security Tab (Enabling 2FA)

2022-07-06 17:15:26 - [TEST_STEP][PASSED] - click(findTestObject("03-Header Menu/User Profile/View Profile/Security Tab (2FA)/2FA_toggle")): Object: 'Object Repository/03-Header Menu/User Profile/View Profile/Security Tab (2FA)/2FA_toggle' is clicked on

2022-07-06 17:15:26 - [MESSAGE][PASSED] - Object: 'Object Repository/03-Header Menu/User Profile/View Profile/Security Tab (2FA)/2FA_toggle' is clicked on

2022-07-06 17:15:26 - [TEST_STEP][PASSED] - verifyElementVisible(findTestObject("03-Header Menu/User Profile/View Profile/Security Tab (2FA)/Success_enable")): Object 'Object Repository/03-Header Menu/User Profile/View Profile/Security Tab (2FA)/Success_enable' is visible

2022-07-06 17:15:28 - [MESSAGE][PASSED] - Object 'Object Repository/03-Header Menu/User Profile/View Profile/Security Tab (2FA)/Success_enable' is visible

2022-07-06 17:15:28 - [TEST_STEP][PASSED] - delay(1): Delayed 1 second(s)

2022-07-06 17:15:29 - [MESSAGE][PASSED] - Delayed 1 second(s)

2022-07-06 17:15:29 - [TEST_STEP][PASSED] - click(findTestObject("03-Header Menu/User Profile/View Profile/Security Tab (2FA)/button_edit")): Object: 'Object Repository/03-Header Menu/User Profile/View Profile/Security Tab (2FA)/button_edit' is clicked on

2022-07-06 17:15:29 - [MESSAGE][PASSED] - Object: 'Object Repository/03-Header Menu/User Profile/View Profile/Security Tab (2FA)/button_edit' is clicked on

2022-07-06 17:15:29 - [TEST_STEP][PASSED] - verifyElementVisible(findTestObject("03-Header Menu/User Profile/View Profile/Security Tab (2FA)/2FA Phone Number modal")): Object 'Object Repository/03-Header Menu/User Profile/View Profile/Security Tab (2FA)/2FA Phone Number modal' is visible

2022-07-06 17:15:30 - [MESSAGE][PASSED] - Object 'Object Repository/03-Header Menu/User Profile/View Profile/Security Tab (2FA)/2FA Phone Number modal' is visible

2022-07-06 17:15:30 - [TEST_STEP][PASSED] - delay(1): Delayed 1 second(s)

2022-07-06 17:15:31 - [MESSAGE][PASSED] - Delayed 1 second(s)

2022-07-06 17:15:31 - [TEST_STEP][PASSED] - setText(findTestObject("03-Header Menu/User Profile/View Profile/Security Tab (2FA)/input_phone number"), "+639212968902"): Text '+639212968902' is set on object 'Object Repository/03-Header Menu/User Profile/View Profile/Security Tab (2FA)/input_phone number'

2022-07-06 17:15:32 - [MESSAGE][PASSED] - Text '+639212968902' is set on object 'Object Repository/03-Header Menu/User Profile/View Profile/Security Tab (2FA)/input_phone number'

2022-07-06 17:15:32 - [TEST_STEP][PASSED] - delay(2): Delayed 2 second(s)

2022-07-06 17:15:34 - [MESSAGE][PASSED] - Delayed 2 second(s)

2022-07-06 17:15:34 - [TEST_STEP][PASSED] - click(findTestObject("03-Header Menu/User Profile/View Profile/Security Tab (2FA)/button_Next")): Object: 'Object Repository/03-Header Menu/User Profile/View Profile/Security Tab (2FA)/button_Next' is clicked on

2022-07-06 17:15:34 - [MESSAGE][PASSED] - Object: 'Object Repository/03-Header Menu/User Profile/View Profile/Security Tab (2FA)/button_Next' is clicked on

2022-07-06 17:15:34 - [TEST_STEP][PASSED] - delay(1): Delayed 1 second(s)

2022-07-06 17:15:35 - [MESSAGE][PASSED] - Delayed 1 second(s)

2022-07-06 17:15:35 - [TEST_STEP][PASSED] - verifyElementVisible(findTestObject("03-Header Menu/User Profile/View Profile/Security Tab (2FA)/ver_code_success")): Object 'Object Repository/03-Header Menu/User Profile/View Profile/Security Tab (2FA)/ver_code_success' is visible

2022-07-06 17:15:36 - [MESSAGE][PASSED] - Object 'Object Repository/03-Header Menu/User Profile/View Profile/Security Tab (2FA)/ver_code_success' is visible

2022-07-06 17:15:36 - [TEST_STEP][PASSED] - delay(2): Delayed 2 second(s)

2022-07-06 17:15:38 - [MESSAGE][PASSED] - Delayed 2 second(s)

2022-07-06 17:15:38 - [TEST_STEP][PASSED] - click(findTestObject("03-Header Menu/User Profile/View Profile/Security Tab (2FA)/button_Cancel")): Object: 'Object Repository/03-Header Menu/User Profile/View Profile/Security Tab (2FA)/button_Cancel' is clicked on

2022-07-06 17:15:38 - [MESSAGE][PASSED] - Object: 'Object Repository/03-Header Menu/User Profile/View Profile/Security Tab (2FA)/button_Cancel' is clicked on

2022-07-06 17:15:38 - [TEST_STEP][PASSED] - click(findTestObject("03-Header Menu/User Profile/View Profile/Security Tab (2FA)/2FA_toggle")): Object: 'Object Repository/03-Header Menu/User Profile/View Profile/Security Tab (2FA)/2FA_toggle' is clicked on

2022-07-06 17:15:39 - [MESSAGE][PASSED] - Object: 'Object Repository/03-Header Menu/User Profile/View Profile/Security Tab (2FA)/2FA_toggle' is clicked on

2022-07-06 17:15:39 - [TEST_STEP][PASSED] - verifyElementVisible(findTestObject("03-Header Menu/User Profile/View Profile/Security Tab (2FA)/Success_disable")): Object 'Object Repository/03-Header Menu/User Profile/View Profile/Security Tab (2FA)/Success_disable' is visible

2022-07-06 17:15:40 - [MESSAGE][PASSED] - Object 'Object Repository/03-Header Menu/User Profile/View Profile/Security Tab (2FA)/Success_disable' is visible

2022-07-06 17:15:40 - [TEST_STEP][PASSED] - delay(2): Delayed 2 second(s)

2022-07-06 17:15:42 - [MESSAGE][PASSED] - Delayed 2 second(s)]]></system-out>
         <system-err><![CDATA[]]></system-err>
      </testcase>
      <testcase name="Test Cases/03-Header Menu/10- Settings (Timezone select)" time="16.368" classname="Test Cases/03-Header Menu/10- Settings (Timezone select)" status="PASSED">
         <system-out><![CDATA[2022-07-06 17:15:42 - [TEST_CASE][PASSED] - Test Cases/03-Header Menu/10- Settings (Timezone select): Test Cases/03-Header Menu/10- Settings (Timezone select)

2022-07-06 17:15:43 - [TEST_STEP][PASSED] - click(findTestObject("03-Header Menu/User Profile/View Profile/div_Settings")): Object: 'Object Repository/03-Header Menu/User Profile/View Profile/div_Settings' is clicked on

2022-07-06 17:15:43 - [MESSAGE][PASSED] - Object: 'Object Repository/03-Header Menu/User Profile/View Profile/div_Settings' is clicked on

2022-07-06 17:15:43 - [TEST_STEP][PASSED] - delay(1): Delayed 1 second(s)

2022-07-06 17:15:44 - [MESSAGE][PASSED] - Delayed 1 second(s)

2022-07-06 17:15:44 - [TEST_STEP][PASSED] - verifyElementVisible(findTestObject("03-Header Menu/User Profile/View Profile/Settings/Dashboard Card")): Object 'Object Repository/03-Header Menu/User Profile/View Profile/Settings/Dashboard Card' is visible

2022-07-06 17:15:45 - [MESSAGE][PASSED] - Object 'Object Repository/03-Header Menu/User Profile/View Profile/Settings/Dashboard Card' is visible

2022-07-06 17:15:45 - [TEST_STEP][PASSED] - verifyElementVisible(findTestObject("03-Header Menu/User Profile/View Profile/Settings/Email Frequency")): Object 'Object Repository/03-Header Menu/User Profile/View Profile/Settings/Email Frequency' is visible

2022-07-06 17:15:45 - [MESSAGE][PASSED] - Object 'Object Repository/03-Header Menu/User Profile/View Profile/Settings/Email Frequency' is visible

2022-07-06 17:15:45 - [TEST_STEP][PASSED] - verifyElementVisible(findTestObject("03-Header Menu/User Profile/View Profile/Settings/Timezone")): Object 'Object Repository/03-Header Menu/User Profile/View Profile/Settings/Timezone' is visible

2022-07-06 17:15:45 - [MESSAGE][PASSED] - Object 'Object Repository/03-Header Menu/User Profile/View Profile/Settings/Timezone' is visible

2022-07-06 17:15:45 - [TEST_STEP][PASSED] - delay(3): Delayed 3 second(s)

2022-07-06 17:15:48 - [MESSAGE][PASSED] - Delayed 3 second(s)

2022-07-06 17:15:48 - [TEST_STEP][PASSED] - click(findTestObject("03-Header Menu/User Profile/View Profile/Settings/Timezone selector")): Object: 'Object Repository/03-Header Menu/User Profile/View Profile/Settings/Timezone selector' is clicked on

2022-07-06 17:15:49 - [MESSAGE][PASSED] - Object: 'Object Repository/03-Header Menu/User Profile/View Profile/Settings/Timezone selector' is clicked on

2022-07-06 17:15:49 - [TEST_STEP][PASSED] - click(findTestObject("03-Header Menu/User Profile/View Profile/Settings/span_(UTC0800) Beijing, Chongqing, Hong Kong, Urumqi")): Object: 'Object Repository/03-Header Menu/User Profile/View Profile/Settings/span_(UTC0800) Beijing, Chongqing, Hong Kong, Urumqi' is clicked on

2022-07-06 17:15:49 - [MESSAGE][PASSED] - Object: 'Object Repository/03-Header Menu/User Profile/View Profile/Settings/span_(UTC0800) Beijing, Chongqing, Hong Kong, Urumqi' is clicked on

2022-07-06 17:15:49 - [TEST_STEP][PASSED] - click(findTestObject("03-Header Menu/User Profile/View Profile/Settings/button_Save")): Object: 'Object Repository/03-Header Menu/User Profile/View Profile/Settings/button_Save' is clicked on

2022-07-06 17:15:50 - [MESSAGE][PASSED] - Object: 'Object Repository/03-Header Menu/User Profile/View Profile/Settings/button_Save' is clicked on

2022-07-06 17:15:50 - [TEST_STEP][PASSED] - verifyElementVisible(findTestObject("03-Header Menu/User Profile/View Profile/Settings/Successfully msg")): Object 'Object Repository/03-Header Menu/User Profile/View Profile/Settings/Successfully msg' is visible

2022-07-06 17:15:51 - [MESSAGE][PASSED] - Object 'Object Repository/03-Header Menu/User Profile/View Profile/Settings/Successfully msg' is visible

2022-07-06 17:15:51 - [TEST_STEP][PASSED] - delay(2): Delayed 2 second(s)

2022-07-06 17:15:53 - [MESSAGE][PASSED] - Delayed 2 second(s)

2022-07-06 17:15:53 - [TEST_STEP][PASSED] - click(findTestObject("03-Header Menu/User Profile/View Profile/Settings/Timezone selector")): Object: 'Object Repository/03-Header Menu/User Profile/View Profile/Settings/Timezone selector' is clicked on

2022-07-06 17:15:54 - [MESSAGE][PASSED] - Object: 'Object Repository/03-Header Menu/User Profile/View Profile/Settings/Timezone selector' is clicked on

2022-07-06 17:15:54 - [TEST_STEP][PASSED] - click(findTestObject("03-Header Menu/User Profile/View Profile/Settings/span_(UTC0800) Kuala Lumpur, Singapore")): Object: 'Object Repository/03-Header Menu/User Profile/View Profile/Settings/span_(UTC0800) Kuala Lumpur, Singapore' is clicked on

2022-07-06 17:15:55 - [MESSAGE][PASSED] - Object: 'Object Repository/03-Header Menu/User Profile/View Profile/Settings/span_(UTC0800) Kuala Lumpur, Singapore' is clicked on

2022-07-06 17:15:55 - [TEST_STEP][PASSED] - click(findTestObject("03-Header Menu/User Profile/View Profile/Settings/button_Save")): Object: 'Object Repository/03-Header Menu/User Profile/View Profile/Settings/button_Save' is clicked on

2022-07-06 17:15:56 - [MESSAGE][PASSED] - Object: 'Object Repository/03-Header Menu/User Profile/View Profile/Settings/button_Save' is clicked on

2022-07-06 17:15:56 - [TEST_STEP][PASSED] - verifyElementVisible(findTestObject("03-Header Menu/User Profile/View Profile/Settings/Successfully msg")): Object 'Object Repository/03-Header Menu/User Profile/View Profile/Settings/Successfully msg' is visible

2022-07-06 17:15:57 - [MESSAGE][PASSED] - Object 'Object Repository/03-Header Menu/User Profile/View Profile/Settings/Successfully msg' is visible

2022-07-06 17:15:57 - [TEST_STEP][PASSED] - delay(2): Delayed 2 second(s)

2022-07-06 17:15:59 - [MESSAGE][PASSED] - Delayed 2 second(s)]]></system-out>
         <system-err><![CDATA[]]></system-err>
      </testcase>
      <testcase name="Test Cases/03-Header Menu/11-Settings (Email Frequency select)" time="33.375" classname="Test Cases/03-Header Menu/11-Settings (Email Frequency select)" status="PASSED">
         <system-out><![CDATA[2022-07-06 17:15:59 - [TEST_CASE][PASSED] - Test Cases/03-Header Menu/11-Settings (Email Frequency select): Test Cases/03-Header Menu/11-Settings (Email Frequency select)

2022-07-06 17:15:59 - [TEST_STEP][PASSED] - click(findTestObject("03-Header Menu/User Profile/View Profile/Settings/Email Frequency selector")): Object: 'Object Repository/03-Header Menu/User Profile/View Profile/Settings/Email Frequency selector' is clicked on

2022-07-06 17:16:00 - [MESSAGE][PASSED] - Object: 'Object Repository/03-Header Menu/User Profile/View Profile/Settings/Email Frequency selector' is clicked on

2022-07-06 17:16:00 - [TEST_STEP][PASSED] - click(findTestObject("03-Header Menu/User Profile/View Profile/Settings/span_None")): Object: 'Object Repository/03-Header Menu/User Profile/View Profile/Settings/span_None' is clicked on

2022-07-06 17:16:00 - [MESSAGE][PASSED] - Object: 'Object Repository/03-Header Menu/User Profile/View Profile/Settings/span_None' is clicked on

2022-07-06 17:16:00 - [TEST_STEP][PASSED] - click(findTestObject("03-Header Menu/User Profile/View Profile/Settings/button_Save")): Object: 'Object Repository/03-Header Menu/User Profile/View Profile/Settings/button_Save' is clicked on

2022-07-06 17:16:02 - [MESSAGE][PASSED] - Object: 'Object Repository/03-Header Menu/User Profile/View Profile/Settings/button_Save' is clicked on

2022-07-06 17:16:02 - [TEST_STEP][PASSED] - verifyElementVisible(findTestObject("03-Header Menu/User Profile/View Profile/Settings/Successfully msg")): Object 'Object Repository/03-Header Menu/User Profile/View Profile/Settings/Successfully msg' is visible

2022-07-06 17:16:03 - [MESSAGE][PASSED] - Object 'Object Repository/03-Header Menu/User Profile/View Profile/Settings/Successfully msg' is visible

2022-07-06 17:16:03 - [TEST_STEP][PASSED] - delay(2): Delayed 2 second(s)

2022-07-06 17:16:05 - [MESSAGE][PASSED] - Delayed 2 second(s)

2022-07-06 17:16:05 - [TEST_STEP][PASSED] - click(findTestObject("03-Header Menu/User Profile/View Profile/Settings/Email Frequency selector")): Object: 'Object Repository/03-Header Menu/User Profile/View Profile/Settings/Email Frequency selector' is clicked on

2022-07-06 17:16:06 - [MESSAGE][PASSED] - Object: 'Object Repository/03-Header Menu/User Profile/View Profile/Settings/Email Frequency selector' is clicked on

2022-07-06 17:16:06 - [TEST_STEP][PASSED] - click(findTestObject("03-Header Menu/User Profile/View Profile/Settings/span_Every 2 hours")): Object: 'Object Repository/03-Header Menu/User Profile/View Profile/Settings/span_Every 2 hours' is clicked on

2022-07-06 17:16:07 - [MESSAGE][PASSED] - Object: 'Object Repository/03-Header Menu/User Profile/View Profile/Settings/span_Every 2 hours' is clicked on

2022-07-06 17:16:07 - [TEST_STEP][PASSED] - click(findTestObject("03-Header Menu/User Profile/View Profile/Settings/button_Save")): Object: 'Object Repository/03-Header Menu/User Profile/View Profile/Settings/button_Save' is clicked on

2022-07-06 17:16:08 - [MESSAGE][PASSED] - Object: 'Object Repository/03-Header Menu/User Profile/View Profile/Settings/button_Save' is clicked on

2022-07-06 17:16:08 - [TEST_STEP][PASSED] - verifyElementVisible(findTestObject("03-Header Menu/User Profile/View Profile/Settings/Successfully msg")): Object 'Object Repository/03-Header Menu/User Profile/View Profile/Settings/Successfully msg' is visible

2022-07-06 17:16:09 - [MESSAGE][PASSED] - Object 'Object Repository/03-Header Menu/User Profile/View Profile/Settings/Successfully msg' is visible

2022-07-06 17:16:09 - [TEST_STEP][PASSED] - delay(2): Delayed 2 second(s)

2022-07-06 17:16:11 - [MESSAGE][PASSED] - Delayed 2 second(s)

2022-07-06 17:16:11 - [TEST_STEP][PASSED] - click(findTestObject("03-Header Menu/User Profile/View Profile/Settings/Email Frequency selector")): Object: 'Object Repository/03-Header Menu/User Profile/View Profile/Settings/Email Frequency selector' is clicked on

2022-07-06 17:16:11 - [MESSAGE][PASSED] - Object: 'Object Repository/03-Header Menu/User Profile/View Profile/Settings/Email Frequency selector' is clicked on

2022-07-06 17:16:11 - [TEST_STEP][PASSED] - click(findTestObject("03-Header Menu/User Profile/View Profile/Settings/span_Every 6 hours")): Object: 'Object Repository/03-Header Menu/User Profile/View Profile/Settings/span_Every 6 hours' is clicked on

2022-07-06 17:16:12 - [MESSAGE][PASSED] - Object: 'Object Repository/03-Header Menu/User Profile/View Profile/Settings/span_Every 6 hours' is clicked on

2022-07-06 17:16:12 - [TEST_STEP][PASSED] - click(findTestObject("03-Header Menu/User Profile/View Profile/Settings/button_Save")): Object: 'Object Repository/03-Header Menu/User Profile/View Profile/Settings/button_Save' is clicked on

2022-07-06 17:16:13 - [MESSAGE][PASSED] - Object: 'Object Repository/03-Header Menu/User Profile/View Profile/Settings/button_Save' is clicked on

2022-07-06 17:16:13 - [TEST_STEP][PASSED] - verifyElementVisible(findTestObject("03-Header Menu/User Profile/View Profile/Settings/Successfully msg")): Object 'Object Repository/03-Header Menu/User Profile/View Profile/Settings/Successfully msg' is visible

2022-07-06 17:16:14 - [MESSAGE][PASSED] - Object 'Object Repository/03-Header Menu/User Profile/View Profile/Settings/Successfully msg' is visible

2022-07-06 17:16:14 - [TEST_STEP][PASSED] - delay(2): Delayed 2 second(s)

2022-07-06 17:16:16 - [MESSAGE][PASSED] - Delayed 2 second(s)

2022-07-06 17:16:16 - [TEST_STEP][PASSED] - click(findTestObject("03-Header Menu/User Profile/View Profile/Settings/Email Frequency selector")): Object: 'Object Repository/03-Header Menu/User Profile/View Profile/Settings/Email Frequency selector' is clicked on

2022-07-06 17:16:17 - [MESSAGE][PASSED] - Object: 'Object Repository/03-Header Menu/User Profile/View Profile/Settings/Email Frequency selector' is clicked on

2022-07-06 17:16:17 - [TEST_STEP][PASSED] - click(findTestObject("03-Header Menu/User Profile/View Profile/Settings/span_Every 12 hours")): Object: 'Object Repository/03-Header Menu/User Profile/View Profile/Settings/span_Every 12 hours' is clicked on

2022-07-06 17:16:17 - [MESSAGE][PASSED] - Object: 'Object Repository/03-Header Menu/User Profile/View Profile/Settings/span_Every 12 hours' is clicked on

2022-07-06 17:16:17 - [TEST_STEP][PASSED] - click(findTestObject("03-Header Menu/User Profile/View Profile/Settings/button_Save")): Object: 'Object Repository/03-Header Menu/User Profile/View Profile/Settings/button_Save' is clicked on

2022-07-06 17:16:19 - [MESSAGE][PASSED] - Object: 'Object Repository/03-Header Menu/User Profile/View Profile/Settings/button_Save' is clicked on

2022-07-06 17:16:19 - [TEST_STEP][PASSED] - verifyElementVisible(findTestObject("03-Header Menu/User Profile/View Profile/Settings/Successfully msg")): Object 'Object Repository/03-Header Menu/User Profile/View Profile/Settings/Successfully msg' is visible

2022-07-06 17:16:19 - [MESSAGE][PASSED] - Object 'Object Repository/03-Header Menu/User Profile/View Profile/Settings/Successfully msg' is visible

2022-07-06 17:16:19 - [TEST_STEP][PASSED] - delay(2): Delayed 2 second(s)

2022-07-06 17:16:21 - [MESSAGE][PASSED] - Delayed 2 second(s)

2022-07-06 17:16:21 - [TEST_STEP][PASSED] - click(findTestObject("03-Header Menu/User Profile/View Profile/Settings/Email Frequency selector")): Object: 'Object Repository/03-Header Menu/User Profile/View Profile/Settings/Email Frequency selector' is clicked on

2022-07-06 17:16:22 - [MESSAGE][PASSED] - Object: 'Object Repository/03-Header Menu/User Profile/View Profile/Settings/Email Frequency selector' is clicked on

2022-07-06 17:16:22 - [TEST_STEP][PASSED] - click(findTestObject("03-Header Menu/User Profile/View Profile/Settings/span_Once a day (9pm local time)")): Object: 'Object Repository/03-Header Menu/User Profile/View Profile/Settings/span_Once a day (9pm local time)' is clicked on

2022-07-06 17:16:23 - [MESSAGE][PASSED] - Object: 'Object Repository/03-Header Menu/User Profile/View Profile/Settings/span_Once a day (9pm local time)' is clicked on

2022-07-06 17:16:23 - [TEST_STEP][PASSED] - click(findTestObject("03-Header Menu/User Profile/View Profile/Settings/button_Save")): Object: 'Object Repository/03-Header Menu/User Profile/View Profile/Settings/button_Save' is clicked on

2022-07-06 17:16:24 - [MESSAGE][PASSED] - Object: 'Object Repository/03-Header Menu/User Profile/View Profile/Settings/button_Save' is clicked on

2022-07-06 17:16:24 - [TEST_STEP][PASSED] - verifyElementVisible(findTestObject("03-Header Menu/User Profile/View Profile/Settings/Successfully msg")): Object 'Object Repository/03-Header Menu/User Profile/View Profile/Settings/Successfully msg' is visible

2022-07-06 17:16:25 - [MESSAGE][PASSED] - Object 'Object Repository/03-Header Menu/User Profile/View Profile/Settings/Successfully msg' is visible

2022-07-06 17:16:25 - [TEST_STEP][PASSED] - delay(2): Delayed 2 second(s)

2022-07-06 17:16:27 - [MESSAGE][PASSED] - Delayed 2 second(s)

2022-07-06 17:16:27 - [TEST_STEP][PASSED] - click(findTestObject("03-Header Menu/User Profile/View Profile/Settings/Email Frequency selector")): Object: 'Object Repository/03-Header Menu/User Profile/View Profile/Settings/Email Frequency selector' is clicked on

2022-07-06 17:16:27 - [MESSAGE][PASSED] - Object: 'Object Repository/03-Header Menu/User Profile/View Profile/Settings/Email Frequency selector' is clicked on

2022-07-06 17:16:27 - [TEST_STEP][PASSED] - click(findTestObject("03-Header Menu/User Profile/View Profile/Settings/span_Every 4 hours")): Object: 'Object Repository/03-Header Menu/User Profile/View Profile/Settings/span_Every 4 hours' is clicked on

2022-07-06 17:16:28 - [MESSAGE][PASSED] - Object: 'Object Repository/03-Header Menu/User Profile/View Profile/Settings/span_Every 4 hours' is clicked on

2022-07-06 17:16:28 - [TEST_STEP][PASSED] - click(findTestObject("03-Header Menu/User Profile/View Profile/Settings/button_Save")): Object: 'Object Repository/03-Header Menu/User Profile/View Profile/Settings/button_Save' is clicked on

2022-07-06 17:16:29 - [MESSAGE][PASSED] - Object: 'Object Repository/03-Header Menu/User Profile/View Profile/Settings/button_Save' is clicked on

2022-07-06 17:16:29 - [TEST_STEP][PASSED] - verifyElementVisible(findTestObject("03-Header Menu/User Profile/View Profile/Settings/Successfully msg")): Object 'Object Repository/03-Header Menu/User Profile/View Profile/Settings/Successfully msg' is visible

2022-07-06 17:16:30 - [MESSAGE][PASSED] - Object 'Object Repository/03-Header Menu/User Profile/View Profile/Settings/Successfully msg' is visible

2022-07-06 17:16:30 - [TEST_STEP][PASSED] - delay(2): Delayed 2 second(s)

2022-07-06 17:16:32 - [MESSAGE][PASSED] - Delayed 2 second(s)]]></system-out>
         <system-err><![CDATA[]]></system-err>
      </testcase>
      <testcase name="Test Cases/03-Header Menu/12- Contact Info (add-remove email)" time="15.435" classname="Test Cases/03-Header Menu/12- Contact Info (add-remove email)" status="FAILED">
         <failure type="FAILED" message="Test Cases/03-Header Menu/12- Contact Info (add-remove email) FAILED.
Reason:
com.kms.katalon.core.exception.StepFailedException: Unable to click on object 'Object Repository/03-Header Menu/User Profile/View Profile/Contact Info/remove email'
	at com.kms.katalon.core.webui.keyword.internal.WebUIKeywordMain.stepFailed(WebUIKeywordMain.groovy:64)
	at com.kms.katalon.core.webui.keyword.internal.WebUIKeywordMain.runKeyword(WebUIKeywordMain.groovy:26)
	at com.kms.katalon.core.webui.keyword.builtin.ClickKeyword.click(ClickKeyword.groovy:74)
	at com.kms.katalon.core.webui.keyword.builtin.ClickKeyword.execute(ClickKeyword.groovy:40)
	at com.kms.katalon.core.keyword.internal.KeywordExecutor.executeKeywordForPlatform(KeywordExecutor.groovy:74)
	at com.kms.katalon.core.webui.keyword.WebUiBuiltInKeywords.click(WebUiBuiltInKeywords.groovy:620)
	at com.kms.katalon.core.webui.keyword.WebUiBuiltInKeywords$click$4.call(Unknown Source)
	at 12- Contact Info (add-remove email).run(12- Contact Info (add-remove email):60)
	at com.kms.katalon.core.main.ScriptEngine.run(ScriptEngine.java:194)
	at com.kms.katalon.core.main.ScriptEngine.runScriptAsRawText(ScriptEngine.java:119)
	at com.kms.katalon.core.main.TestCaseExecutor.runScript(TestCaseExecutor.java:445)
	at com.kms.katalon.core.main.TestCaseExecutor.doExecute(TestCaseExecutor.java:436)
	at com.kms.katalon.core.main.TestCaseExecutor.processExecutionPhase(TestCaseExecutor.java:415)
	at com.kms.katalon.core.main.TestCaseExecutor.accessMainPhase(TestCaseExecutor.java:407)
	at com.kms.katalon.core.main.TestCaseExecutor.execute(TestCaseExecutor.java:284)
	at com.kms.katalon.core.common.CommonExecutor.accessTestCaseMainPhase(CommonExecutor.java:65)
	at com.kms.katalon.core.main.TestSuiteExecutor.accessTestSuiteMainPhase(TestSuiteExecutor.java:144)
	at com.kms.katalon.core.main.TestSuiteExecutor.execute(TestSuiteExecutor.java:106)
	at com.kms.katalon.core.main.TestCaseMain.startTestSuite(TestCaseMain.java:185)
	at com.kms.katalon.core.main.TestCaseMain$startTestSuite$0.call(Unknown Source)
	at TempTestSuite1657098613835.run(TempTestSuite1657098613835.groovy:36)
Caused by: org.openqa.selenium.ElementNotInteractableException: element not interactable
  (Session info: chrome=103.0.5060.114)
Build info: version: '3.141.59', revision: 'e82be7d358', time: '2018-11-14T08:25:53'
System info: host: 'DESKTOP-QCRNR4M', ip: '192.168.5.89', os.name: 'Windows 10', os.arch: 'amd64', os.version: '10.0', java.version: '1.8.0_181'
Driver info: com.kms.katalon.selenium.driver.CChromeDriver
Capabilities {acceptInsecureCerts: false, browserName: chrome, browserVersion: 103.0.5060.114, chrome: {chromedriverVersion: 103.0.5060.53 (a1711811edd7..., userDataDir: C:\Users\User\AppData\Local...}, goog:chromeOptions: {debuggerAddress: localhost:60667}, javascriptEnabled: true, networkConnectionEnabled: false, pageLoadStrategy: normal, platform: WINDOWS, platformName: WINDOWS, proxy: Proxy(), setWindowRect: true, strictFileInteractability: false, timeouts: {implicit: 0, pageLoad: 300000, script: 30000}, unhandledPromptBehavior: dismiss and notify, webauthn:extension:credBlob: true, webauthn:extension:largeBlob: true, webauthn:virtualAuthenticators: true}
Session ID: e3067e16a25ee999a187bf67f2c0919e
	at org.openqa.selenium.remote.http.W3CHttpResponseCodec.createException(W3CHttpResponseCodec.java:187)
	at org.openqa.selenium.remote.http.W3CHttpResponseCodec.decode(W3CHttpResponseCodec.java:122)
	at org.openqa.selenium.remote.http.W3CHttpResponseCodec.decode(W3CHttpResponseCodec.java:49)
	at org.openqa.selenium.remote.HttpCommandExecutor.execute(HttpCommandExecutor.java:158)
	at org.openqa.selenium.remote.service.DriverCommandExecutor.execute(DriverCommandExecutor.java:83)
	at org.openqa.selenium.remote.RemoteWebDriver.execute(RemoteWebDriver.java:552)
	at com.kms.katalon.selenium.driver.CChromeDriver.execute(CChromeDriver.java:19)
	at org.openqa.selenium.remote.RemoteWebElement.execute(RemoteWebElement.java:285)
	at org.openqa.selenium.remote.RemoteWebElement.click(RemoteWebElement.java:84)
	at org.openqa.selenium.support.events.EventFiringWebDriver$EventFiringWebElement.lambda$new$0(EventFiringWebDriver.java:404)
	at com.sun.proxy.$Proxy11.click(Unknown Source)
	at org.openqa.selenium.support.events.EventFiringWebDriver$EventFiringWebElement.click(EventFiringWebDriver.java:417)
	at org.openqa.selenium.WebElement$click.call(Unknown Source)
	at com.kms.katalon.core.webui.keyword.builtin.ClickKeyword.clickUntilSuccessWithTimeout(ClickKeyword.groovy:81)
	at com.kms.katalon.core.webui.keyword.builtin.ClickKeyword.clickUntilSuccessWithTimeout(ClickKeyword.groovy)
	at com.kms.katalon.core.webui.keyword.builtin.ClickKeyword$_click_closure1.doCall(ClickKeyword.groovy:67)
	at com.kms.katalon.core.webui.keyword.builtin.ClickKeyword$_click_closure1.call(ClickKeyword.groovy)
	at com.kms.katalon.core.webui.keyword.internal.WebUIKeywordMain.runKeyword(WebUIKeywordMain.groovy:20)
	... 19 more
"/>
         <system-out><![CDATA[2022-07-06 17:16:32 - [TEST_CASE][FAILED] - Test Cases/03-Header Menu/12- Contact Info (add-remove email): Test Cases/03-Header Menu/12- Contact Info (add-remove email) FAILED.
Reason:
com.kms.katalon.core.exception.StepFailedException: Unable to click on object 'Object Repository/03-Header Menu/User Profile/View Profile/Contact Info/remove email'
	at com.kms.katalon.core.webui.keyword.internal.WebUIKeywordMain.stepFailed(WebUIKeywordMain.groovy:64)
	at com.kms.katalon.core.webui.keyword.internal.WebUIKeywordMain.runKeyword(WebUIKeywordMain.groovy:26)
	at com.kms.katalon.core.webui.keyword.builtin.ClickKeyword.click(ClickKeyword.groovy:74)
	at com.kms.katalon.core.webui.keyword.builtin.ClickKeyword.execute(ClickKeyword.groovy:40)
	at com.kms.katalon.core.keyword.internal.KeywordExecutor.executeKeywordForPlatform(KeywordExecutor.groovy:74)
	at com.kms.katalon.core.webui.keyword.WebUiBuiltInKeywords.click(WebUiBuiltInKeywords.groovy:620)
	at com.kms.katalon.core.webui.keyword.WebUiBuiltInKeywords$click$4.call(Unknown Source)
	at 12- Contact Info (add-remove email).run(12- Contact Info (add-remove email):60)
	at com.kms.katalon.core.main.ScriptEngine.run(ScriptEngine.java:194)
	at com.kms.katalon.core.main.ScriptEngine.runScriptAsRawText(ScriptEngine.java:119)
	at com.kms.katalon.core.main.TestCaseExecutor.runScript(TestCaseExecutor.java:445)
	at com.kms.katalon.core.main.TestCaseExecutor.doExecute(TestCaseExecutor.java:436)
	at com.kms.katalon.core.main.TestCaseExecutor.processExecutionPhase(TestCaseExecutor.java:415)
	at com.kms.katalon.core.main.TestCaseExecutor.accessMainPhase(TestCaseExecutor.java:407)
	at com.kms.katalon.core.main.TestCaseExecutor.execute(TestCaseExecutor.java:284)
	at com.kms.katalon.core.common.CommonExecutor.accessTestCaseMainPhase(CommonExecutor.java:65)
	at com.kms.katalon.core.main.TestSuiteExecutor.accessTestSuiteMainPhase(TestSuiteExecutor.java:144)
	at com.kms.katalon.core.main.TestSuiteExecutor.execute(TestSuiteExecutor.java:106)
	at com.kms.katalon.core.main.TestCaseMain.startTestSuite(TestCaseMain.java:185)
	at com.kms.katalon.core.main.TestCaseMain$startTestSuite$0.call(Unknown Source)
	at TempTestSuite1657098613835.run(TempTestSuite1657098613835.groovy:36)
Caused by: org.openqa.selenium.ElementNotInteractableException: element not interactable
  (Session info: chrome=103.0.5060.114)
Build info: version: '3.141.59', revision: 'e82be7d358', time: '2018-11-14T08:25:53'
System info: host: 'DESKTOP-QCRNR4M', ip: '192.168.5.89', os.name: 'Windows 10', os.arch: 'amd64', os.version: '10.0', java.version: '1.8.0_181'
Driver info: com.kms.katalon.selenium.driver.CChromeDriver
Capabilities {acceptInsecureCerts: false, browserName: chrome, browserVersion: 103.0.5060.114, chrome: {chromedriverVersion: 103.0.5060.53 (a1711811edd7..., userDataDir: C:\Users\User\AppData\Local...}, goog:chromeOptions: {debuggerAddress: localhost:60667}, javascriptEnabled: true, networkConnectionEnabled: false, pageLoadStrategy: normal, platform: WINDOWS, platformName: WINDOWS, proxy: Proxy(), setWindowRect: true, strictFileInteractability: false, timeouts: {implicit: 0, pageLoad: 300000, script: 30000}, unhandledPromptBehavior: dismiss and notify, webauthn:extension:credBlob: true, webauthn:extension:largeBlob: true, webauthn:virtualAuthenticators: true}
Session ID: e3067e16a25ee999a187bf67f2c0919e
	at org.openqa.selenium.remote.http.W3CHttpResponseCodec.createException(W3CHttpResponseCodec.java:187)
	at org.openqa.selenium.remote.http.W3CHttpResponseCodec.decode(W3CHttpResponseCodec.java:122)
	at org.openqa.selenium.remote.http.W3CHttpResponseCodec.decode(W3CHttpResponseCodec.java:49)
	at org.openqa.selenium.remote.HttpCommandExecutor.execute(HttpCommandExecutor.java:158)
	at org.openqa.selenium.remote.service.DriverCommandExecutor.execute(DriverCommandExecutor.java:83)
	at org.openqa.selenium.remote.RemoteWebDriver.execute(RemoteWebDriver.java:552)
	at com.kms.katalon.selenium.driver.CChromeDriver.execute(CChromeDriver.java:19)
	at org.openqa.selenium.remote.RemoteWebElement.execute(RemoteWebElement.java:285)
	at org.openqa.selenium.remote.RemoteWebElement.click(RemoteWebElement.java:84)
	at org.openqa.selenium.support.events.EventFiringWebDriver$EventFiringWebElement.lambda$new$0(EventFiringWebDriver.java:404)
	at com.sun.proxy.$Proxy11.click(Unknown Source)
	at org.openqa.selenium.support.events.EventFiringWebDriver$EventFiringWebElement.click(EventFiringWebDriver.java:417)
	at org.openqa.selenium.WebElement$click.call(Unknown Source)
	at com.kms.katalon.core.webui.keyword.builtin.ClickKeyword.clickUntilSuccessWithTimeout(ClickKeyword.groovy:81)
	at com.kms.katalon.core.webui.keyword.builtin.ClickKeyword.clickUntilSuccessWithTimeout(ClickKeyword.groovy)
	at com.kms.katalon.core.webui.keyword.builtin.ClickKeyword$_click_closure1.doCall(ClickKeyword.groovy:67)
	at com.kms.katalon.core.webui.keyword.builtin.ClickKeyword$_click_closure1.call(ClickKeyword.groovy)
	at com.kms.katalon.core.webui.keyword.internal.WebUIKeywordMain.runKeyword(WebUIKeywordMain.groovy:20)
	... 19 more


2022-07-06 17:16:32 - [TEST_STEP][PASSED] - click(findTestObject("03-Header Menu/User Profile/View Profile/div_Contact Info")): Object: 'Object Repository/03-Header Menu/User Profile/View Profile/div_Contact Info' is clicked on

2022-07-06 17:16:33 - [MESSAGE][PASSED] - Object: 'Object Repository/03-Header Menu/User Profile/View Profile/div_Contact Info' is clicked on

2022-07-06 17:16:33 - [TEST_STEP][PASSED] - delay(1): Delayed 1 second(s)

2022-07-06 17:16:34 - [MESSAGE][PASSED] - Delayed 1 second(s)

2022-07-06 17:16:34 - [TEST_STEP][PASSED] - verifyElementVisible(findTestObject("03-Header Menu/User Profile/View Profile/Contact Info/div_Email")): Object 'Object Repository/03-Header Menu/User Profile/View Profile/Contact Info/div_Email' is visible

2022-07-06 17:16:35 - [MESSAGE][PASSED] - Object 'Object Repository/03-Header Menu/User Profile/View Profile/Contact Info/div_Email' is visible

2022-07-06 17:16:35 - [TEST_STEP][PASSED] - verifyElementVisible(findTestObject("03-Header Menu/User Profile/View Profile/Contact Info/div_Phone")): Object 'Object Repository/03-Header Menu/User Profile/View Profile/Contact Info/div_Phone' is visible

2022-07-06 17:16:35 - [MESSAGE][PASSED] - Object 'Object Repository/03-Header Menu/User Profile/View Profile/Contact Info/div_Phone' is visible

2022-07-06 17:16:35 - [TEST_STEP][PASSED] - verifyElementVisible(findTestObject("03-Header Menu/User Profile/View Profile/Contact Info/div_Address")): Object 'Object Repository/03-Header Menu/User Profile/View Profile/Contact Info/div_Address' is visible

2022-07-06 17:16:36 - [MESSAGE][PASSED] - Object 'Object Repository/03-Header Menu/User Profile/View Profile/Contact Info/div_Address' is visible

2022-07-06 17:16:36 - [TEST_STEP][PASSED] - delay(1): Delayed 1 second(s)

2022-07-06 17:16:37 - [MESSAGE][PASSED] - Delayed 1 second(s)

2022-07-06 17:16:37 - [TEST_STEP][PASSED] - setText(findTestObject("03-Header Menu/User Profile/View Profile/Contact Info/Positon Field"), "Auto"): Text 'Auto' is set on object 'Object Repository/03-Header Menu/User Profile/View Profile/Contact Info/Positon Field'

2022-07-06 17:16:37 - [MESSAGE][PASSED] - Text 'Auto' is set on object 'Object Repository/03-Header Menu/User Profile/View Profile/Contact Info/Positon Field'

2022-07-06 17:16:37 - [TEST_STEP][PASSED] - click(findTestObject("03-Header Menu/User Profile/View Profile/Contact Info/div_Email Type")): Object: 'Object Repository/03-Header Menu/User Profile/View Profile/Contact Info/div_Email Type' is clicked on

2022-07-06 17:16:38 - [MESSAGE][PASSED] - Object: 'Object Repository/03-Header Menu/User Profile/View Profile/Contact Info/div_Email Type' is clicked on

2022-07-06 17:16:38 - [TEST_STEP][PASSED] - verifyElementVisible(findTestObject("03-Header Menu/User Profile/View Profile/Contact Info/span_Work")): Object 'Object Repository/03-Header Menu/User Profile/View Profile/Contact Info/span_Work' is visible

2022-07-06 17:16:38 - [MESSAGE][PASSED] - Object 'Object Repository/03-Header Menu/User Profile/View Profile/Contact Info/span_Work' is visible

2022-07-06 17:16:38 - [TEST_STEP][PASSED] - verifyElementVisible(findTestObject("03-Header Menu/User Profile/View Profile/Contact Info/span_Personal")): Object 'Object Repository/03-Header Menu/User Profile/View Profile/Contact Info/span_Personal' is visible

2022-07-06 17:16:39 - [MESSAGE][PASSED] - Object 'Object Repository/03-Header Menu/User Profile/View Profile/Contact Info/span_Personal' is visible

2022-07-06 17:16:39 - [TEST_STEP][PASSED] - verifyElementVisible(findTestObject("03-Header Menu/User Profile/View Profile/Contact Info/span_Other")): Object 'Object Repository/03-Header Menu/User Profile/View Profile/Contact Info/span_Other' is visible

2022-07-06 17:16:39 - [MESSAGE][PASSED] - Object 'Object Repository/03-Header Menu/User Profile/View Profile/Contact Info/span_Other' is visible

2022-07-06 17:16:39 - [TEST_STEP][PASSED] - delay(1): Delayed 1 second(s)

2022-07-06 17:16:40 - [MESSAGE][PASSED] - Delayed 1 second(s)

2022-07-06 17:16:40 - [TEST_STEP][PASSED] - click(findTestObject("03-Header Menu/User Profile/View Profile/Contact Info/div_Email")): Object: 'Object Repository/03-Header Menu/User Profile/View Profile/Contact Info/div_Email' is clicked on

2022-07-06 17:16:40 - [MESSAGE][PASSED] - Object: 'Object Repository/03-Header Menu/User Profile/View Profile/Contact Info/div_Email' is clicked on

2022-07-06 17:16:40 - [TEST_STEP][PASSED] - click(findTestObject("03-Header Menu/User Profile/View Profile/Contact Info/add email button")): Object: 'Object Repository/03-Header Menu/User Profile/View Profile/Contact Info/add email button' is clicked on

2022-07-06 17:16:41 - [MESSAGE][PASSED] - Object: 'Object Repository/03-Header Menu/User Profile/View Profile/Contact Info/add email button' is clicked on

2022-07-06 17:16:41 - [TEST_STEP][PASSED] - setText(findTestObject("03-Header Menu/User Profile/View Profile/Contact Info/email field"), "auto@automation.com"): Text 'auto@automation.com' is set on object 'Object Repository/03-Header Menu/User Profile/View Profile/Contact Info/email field'

2022-07-06 17:16:42 - [MESSAGE][PASSED] - Text 'auto@automation.com' is set on object 'Object Repository/03-Header Menu/User Profile/View Profile/Contact Info/email field'

2022-07-06 17:16:42 - [TEST_STEP][PASSED] - sendKeys(findTestObject("03-Header Menu/User Profile/View Profile/Contact Info/email field"), Keys.chord(ENTER)): Keys 'ENTER + ' sent to object: 'Object Repository/03-Header Menu/User Profile/View Profile/Contact Info/email field'

2022-07-06 17:16:43 - [MESSAGE][PASSED] - Keys 'ENTER + ' sent to object: 'Object Repository/03-Header Menu/User Profile/View Profile/Contact Info/email field'

2022-07-06 17:16:43 - [TEST_STEP][PASSED] - click(findTestObject("03-Header Menu/User Profile/View Profile/Contact Info/button_Save")): Object: 'Object Repository/03-Header Menu/User Profile/View Profile/Contact Info/button_Save' is clicked on

2022-07-06 17:16:43 - [MESSAGE][PASSED] - Object: 'Object Repository/03-Header Menu/User Profile/View Profile/Contact Info/button_Save' is clicked on

2022-07-06 17:16:43 - [TEST_STEP][PASSED] - verifyElementVisible(findTestObject("03-Header Menu/User Profile/View Profile/Contact Info/Success Msg")): Object 'Object Repository/03-Header Menu/User Profile/View Profile/Contact Info/Success Msg' is visible

2022-07-06 17:16:44 - [MESSAGE][PASSED] - Object 'Object Repository/03-Header Menu/User Profile/View Profile/Contact Info/Success Msg' is visible

2022-07-06 17:16:44 - [TEST_STEP][PASSED] - delay(2): Delayed 2 second(s)

2022-07-06 17:16:46 - [MESSAGE][PASSED] - Delayed 2 second(s)

2022-07-06 17:16:46 - [TEST_STEP][PASSED] - mouseOver(findTestObject("03-Header Menu/User Profile/View Profile/Contact Info/email field")): Object: 'Object Repository/03-Header Menu/User Profile/View Profile/Contact Info/email field' is hovered

2022-07-06 17:16:47 - [MESSAGE][PASSED] - Object: 'Object Repository/03-Header Menu/User Profile/View Profile/Contact Info/email field' is hovered

2022-07-06 17:16:47 - [TEST_STEP][FAILED] - click(findTestObject("03-Header Menu/User Profile/View Profile/Contact Info/remove email")): Unable to click on object 'Object Repository/03-Header Menu/User Profile/View Profile/Contact Info/remove email' (Root cause: com.kms.katalon.core.exception.StepFailedException: Unable to click on object 'Object Repository/03-Header Menu/User Profile/View Profile/Contact Info/remove email'
	at com.kms.katalon.core.webui.keyword.internal.WebUIKeywordMain.stepFailed(WebUIKeywordMain.groovy:64)
	at com.kms.katalon.core.webui.keyword.internal.WebUIKeywordMain.runKeyword(WebUIKeywordMain.groovy:26)
	at com.kms.katalon.core.webui.keyword.builtin.ClickKeyword.click(ClickKeyword.groovy:74)
	at com.kms.katalon.core.webui.keyword.builtin.ClickKeyword.execute(ClickKeyword.groovy:40)
	at com.kms.katalon.core.keyword.internal.KeywordExecutor.executeKeywordForPlatform(KeywordExecutor.groovy:74)
	at com.kms.katalon.core.webui.keyword.WebUiBuiltInKeywords.click(WebUiBuiltInKeywords.groovy:620)
	at com.kms.katalon.core.webui.keyword.WebUiBuiltInKeywords$click$4.call(Unknown Source)
	at 12- Contact Info (add-remove email).run(12- Contact Info (add-remove email):60)
	at com.kms.katalon.core.main.ScriptEngine.run(ScriptEngine.java:194)
	at com.kms.katalon.core.main.ScriptEngine.runScriptAsRawText(ScriptEngine.java:119)
	at com.kms.katalon.core.main.TestCaseExecutor.runScript(TestCaseExecutor.java:445)
	at com.kms.katalon.core.main.TestCaseExecutor.doExecute(TestCaseExecutor.java:436)
	at com.kms.katalon.core.main.TestCaseExecutor.processExecutionPhase(TestCaseExecutor.java:415)
	at com.kms.katalon.core.main.TestCaseExecutor.accessMainPhase(TestCaseExecutor.java:407)
	at com.kms.katalon.core.main.TestCaseExecutor.execute(TestCaseExecutor.java:284)
	at com.kms.katalon.core.common.CommonExecutor.accessTestCaseMainPhase(CommonExecutor.java:65)
	at com.kms.katalon.core.main.TestSuiteExecutor.accessTestSuiteMainPhase(TestSuiteExecutor.java:144)
	at com.kms.katalon.core.main.TestSuiteExecutor.execute(TestSuiteExecutor.java:106)
	at com.kms.katalon.core.main.TestCaseMain.startTestSuite(TestCaseMain.java:185)
	at com.kms.katalon.core.main.TestCaseMain$startTestSuite$0.call(Unknown Source)
	at TempTestSuite1657098613835.run(TempTestSuite1657098613835.groovy:36)
Caused by: org.openqa.selenium.ElementNotInteractableException: element not interactable
  (Session info: chrome=103.0.5060.114)
Build info: version: '3.141.59', revision: 'e82be7d358', time: '2018-11-14T08:25:53'
System info: host: 'DESKTOP-QCRNR4M', ip: '192.168.5.89', os.name: 'Windows 10', os.arch: 'amd64', os.version: '10.0', java.version: '1.8.0_181'
Driver info: com.kms.katalon.selenium.driver.CChromeDriver
Capabilities {acceptInsecureCerts: false, browserName: chrome, browserVersion: 103.0.5060.114, chrome: {chromedriverVersion: 103.0.5060.53 (a1711811edd7..., userDataDir: C:\Users\User\AppData\Local...}, goog:chromeOptions: {debuggerAddress: localhost:60667}, javascriptEnabled: true, networkConnectionEnabled: false, pageLoadStrategy: normal, platform: WINDOWS, platformName: WINDOWS, proxy: Proxy(), setWindowRect: true, strictFileInteractability: false, timeouts: {implicit: 0, pageLoad: 300000, script: 30000}, unhandledPromptBehavior: dismiss and notify, webauthn:extension:credBlob: true, webauthn:extension:largeBlob: true, webauthn:virtualAuthenticators: true}
Session ID: e3067e16a25ee999a187bf67f2c0919e
	at org.openqa.selenium.remote.http.W3CHttpResponseCodec.createException(W3CHttpResponseCodec.java:187)
	at org.openqa.selenium.remote.http.W3CHttpResponseCodec.decode(W3CHttpResponseCodec.java:122)
	at org.openqa.selenium.remote.http.W3CHttpResponseCodec.decode(W3CHttpResponseCodec.java:49)
	at org.openqa.selenium.remote.HttpCommandExecutor.execute(HttpCommandExecutor.java:158)
	at org.openqa.selenium.remote.service.DriverCommandExecutor.execute(DriverCommandExecutor.java:83)
	at org.openqa.selenium.remote.RemoteWebDriver.execute(RemoteWebDriver.java:552)
	at com.kms.katalon.selenium.driver.CChromeDriver.execute(CChromeDriver.java:19)
	at org.openqa.selenium.remote.RemoteWebElement.execute(RemoteWebElement.java:285)
	at org.openqa.selenium.remote.RemoteWebElement.click(RemoteWebElement.java:84)
	at org.openqa.selenium.support.events.EventFiringWebDriver$EventFiringWebElement.lambda$new$0(EventFiringWebDriver.java:404)
	at com.sun.proxy.$Proxy11.click(Unknown Source)
	at org.openqa.selenium.support.events.EventFiringWebDriver$EventFiringWebElement.click(EventFiringWebDriver.java:417)
	at org.openqa.selenium.WebElement$click.call(Unknown Source)
	at com.kms.katalon.core.webui.keyword.builtin.ClickKeyword.clickUntilSuccessWithTimeout(ClickKeyword.groovy:81)
	at com.kms.katalon.core.webui.keyword.builtin.ClickKeyword.clickUntilSuccessWithTimeout(ClickKeyword.groovy)
	at com.kms.katalon.core.webui.keyword.builtin.ClickKeyword$_click_closure1.doCall(ClickKeyword.groovy:67)
	at com.kms.katalon.core.webui.keyword.builtin.ClickKeyword$_click_closure1.call(ClickKeyword.groovy)
	at com.kms.katalon.core.webui.keyword.internal.WebUIKeywordMain.runKeyword(WebUIKeywordMain.groovy:20)
	at com.kms.katalon.core.webui.keyword.builtin.ClickKeyword.click(ClickKeyword.groovy:74)
	at com.kms.katalon.core.webui.keyword.builtin.ClickKeyword.execute(ClickKeyword.groovy:40)
	at com.kms.katalon.core.keyword.internal.KeywordExecutor.executeKeywordForPlatform(KeywordExecutor.groovy:74)
	at com.kms.katalon.core.webui.keyword.WebUiBuiltInKeywords.click(WebUiBuiltInKeywords.groovy:620)
	at com.kms.katalon.core.webui.keyword.WebUiBuiltInKeywords$click$4.call(Unknown Source)
	at Script1652769619761.run(Script1652769619761.groovy:60)
	... 13 more
)

2022-07-06 17:16:47 - [MESSAGE][FAILED] - Unable to click on object 'Object Repository/03-Header Menu/User Profile/View Profile/Contact Info/remove email' (Root cause: com.kms.katalon.core.exception.StepFailedException: Unable to click on object 'Object Repository/03-Header Menu/User Profile/View Profile/Contact Info/remove email'
	at com.kms.katalon.core.webui.keyword.internal.WebUIKeywordMain.stepFailed(WebUIKeywordMain.groovy:64)
	at com.kms.katalon.core.webui.keyword.internal.WebUIKeywordMain.runKeyword(WebUIKeywordMain.groovy:26)
	at com.kms.katalon.core.webui.keyword.builtin.ClickKeyword.click(ClickKeyword.groovy:74)
	at com.kms.katalon.core.webui.keyword.builtin.ClickKeyword.execute(ClickKeyword.groovy:40)
	at com.kms.katalon.core.keyword.internal.KeywordExecutor.executeKeywordForPlatform(KeywordExecutor.groovy:74)
	at com.kms.katalon.core.webui.keyword.WebUiBuiltInKeywords.click(WebUiBuiltInKeywords.groovy:620)
	at com.kms.katalon.core.webui.keyword.WebUiBuiltInKeywords$click$4.call(Unknown Source)
	at 12- Contact Info (add-remove email).run(12- Contact Info (add-remove email):60)
	at com.kms.katalon.core.main.ScriptEngine.run(ScriptEngine.java:194)
	at com.kms.katalon.core.main.ScriptEngine.runScriptAsRawText(ScriptEngine.java:119)
	at com.kms.katalon.core.main.TestCaseExecutor.runScript(TestCaseExecutor.java:445)
	at com.kms.katalon.core.main.TestCaseExecutor.doExecute(TestCaseExecutor.java:436)
	at com.kms.katalon.core.main.TestCaseExecutor.processExecutionPhase(TestCaseExecutor.java:415)
	at com.kms.katalon.core.main.TestCaseExecutor.accessMainPhase(TestCaseExecutor.java:407)
	at com.kms.katalon.core.main.TestCaseExecutor.execute(TestCaseExecutor.java:284)
	at com.kms.katalon.core.common.CommonExecutor.accessTestCaseMainPhase(CommonExecutor.java:65)
	at com.kms.katalon.core.main.TestSuiteExecutor.accessTestSuiteMainPhase(TestSuiteExecutor.java:144)
	at com.kms.katalon.core.main.TestSuiteExecutor.execute(TestSuiteExecutor.java:106)
	at com.kms.katalon.core.main.TestCaseMain.startTestSuite(TestCaseMain.java:185)
	at com.kms.katalon.core.main.TestCaseMain$startTestSuite$0.call(Unknown Source)
	at TempTestSuite1657098613835.run(TempTestSuite1657098613835.groovy:36)
Caused by: org.openqa.selenium.ElementNotInteractableException: element not interactable
  (Session info: chrome=103.0.5060.114)
Build info: version: '3.141.59', revision: 'e82be7d358', time: '2018-11-14T08:25:53'
System info: host: 'DESKTOP-QCRNR4M', ip: '192.168.5.89', os.name: 'Windows 10', os.arch: 'amd64', os.version: '10.0', java.version: '1.8.0_181'
Driver info: com.kms.katalon.selenium.driver.CChromeDriver
Capabilities {acceptInsecureCerts: false, browserName: chrome, browserVersion: 103.0.5060.114, chrome: {chromedriverVersion: 103.0.5060.53 (a1711811edd7..., userDataDir: C:\Users\User\AppData\Local...}, goog:chromeOptions: {debuggerAddress: localhost:60667}, javascriptEnabled: true, networkConnectionEnabled: false, pageLoadStrategy: normal, platform: WINDOWS, platformName: WINDOWS, proxy: Proxy(), setWindowRect: true, strictFileInteractability: false, timeouts: {implicit: 0, pageLoad: 300000, script: 30000}, unhandledPromptBehavior: dismiss and notify, webauthn:extension:credBlob: true, webauthn:extension:largeBlob: true, webauthn:virtualAuthenticators: true}
Session ID: e3067e16a25ee999a187bf67f2c0919e
	at org.openqa.selenium.remote.http.W3CHttpResponseCodec.createException(W3CHttpResponseCodec.java:187)
	at org.openqa.selenium.remote.http.W3CHttpResponseCodec.decode(W3CHttpResponseCodec.java:122)
	at org.openqa.selenium.remote.http.W3CHttpResponseCodec.decode(W3CHttpResponseCodec.java:49)
	at org.openqa.selenium.remote.HttpCommandExecutor.execute(HttpCommandExecutor.java:158)
	at org.openqa.selenium.remote.service.DriverCommandExecutor.execute(DriverCommandExecutor.java:83)
	at org.openqa.selenium.remote.RemoteWebDriver.execute(RemoteWebDriver.java:552)
	at com.kms.katalon.selenium.driver.CChromeDriver.execute(CChromeDriver.java:19)
	at org.openqa.selenium.remote.RemoteWebElement.execute(RemoteWebElement.java:285)
	at org.openqa.selenium.remote.RemoteWebElement.click(RemoteWebElement.java:84)
	at org.openqa.selenium.support.events.EventFiringWebDriver$EventFiringWebElement.lambda$new$0(EventFiringWebDriver.java:404)
	at com.sun.proxy.$Proxy11.click(Unknown Source)
	at org.openqa.selenium.support.events.EventFiringWebDriver$EventFiringWebElement.click(EventFiringWebDriver.java:417)
	at org.openqa.selenium.WebElement$click.call(Unknown Source)
	at com.kms.katalon.core.webui.keyword.builtin.ClickKeyword.clickUntilSuccessWithTimeout(ClickKeyword.groovy:81)
	at com.kms.katalon.core.webui.keyword.builtin.ClickKeyword.clickUntilSuccessWithTimeout(ClickKeyword.groovy)
	at com.kms.katalon.core.webui.keyword.builtin.ClickKeyword$_click_closure1.doCall(ClickKeyword.groovy:67)
	at com.kms.katalon.core.webui.keyword.builtin.ClickKeyword$_click_closure1.call(ClickKeyword.groovy)
	at com.kms.katalon.core.webui.keyword.internal.WebUIKeywordMain.runKeyword(WebUIKeywordMain.groovy:20)
	at com.kms.katalon.core.webui.keyword.builtin.ClickKeyword.click(ClickKeyword.groovy:74)
	at com.kms.katalon.core.webui.keyword.builtin.ClickKeyword.execute(ClickKeyword.groovy:40)
	at com.kms.katalon.core.keyword.internal.KeywordExecutor.executeKeywordForPlatform(KeywordExecutor.groovy:74)
	at com.kms.katalon.core.webui.keyword.WebUiBuiltInKeywords.click(WebUiBuiltInKeywords.groovy:620)
	at com.kms.katalon.core.webui.keyword.WebUiBuiltInKeywords$click$4.call(Unknown Source)
	at Script1652769619761.run(Script1652769619761.groovy:60)
	... 13 more
)
[[ATTACHMENT|C:\\Users\\User\\Katalon Studio\\EverleaguesMain\\Reports\\20220706_171012\\TS-Organization\\03-Header Menu\\20220706_171013\\1657099007800.png]]]]></system-out>
         <system-err><![CDATA[2022-07-06 17:16:32 - [TEST_CASE][FAILED] - Test Cases/03-Header Menu/12- Contact Info (add-remove email): Test Cases/03-Header Menu/12- Contact Info (add-remove email) FAILED.
Reason:
com.kms.katalon.core.exception.StepFailedException: Unable to click on object 'Object Repository/03-Header Menu/User Profile/View Profile/Contact Info/remove email'
	at com.kms.katalon.core.webui.keyword.internal.WebUIKeywordMain.stepFailed(WebUIKeywordMain.groovy:64)
	at com.kms.katalon.core.webui.keyword.internal.WebUIKeywordMain.runKeyword(WebUIKeywordMain.groovy:26)
	at com.kms.katalon.core.webui.keyword.builtin.ClickKeyword.click(ClickKeyword.groovy:74)
	at com.kms.katalon.core.webui.keyword.builtin.ClickKeyword.execute(ClickKeyword.groovy:40)
	at com.kms.katalon.core.keyword.internal.KeywordExecutor.executeKeywordForPlatform(KeywordExecutor.groovy:74)
	at com.kms.katalon.core.webui.keyword.WebUiBuiltInKeywords.click(WebUiBuiltInKeywords.groovy:620)
	at com.kms.katalon.core.webui.keyword.WebUiBuiltInKeywords$click$4.call(Unknown Source)
	at 12- Contact Info (add-remove email).run(12- Contact Info (add-remove email):60)
	at com.kms.katalon.core.main.ScriptEngine.run(ScriptEngine.java:194)
	at com.kms.katalon.core.main.ScriptEngine.runScriptAsRawText(ScriptEngine.java:119)
	at com.kms.katalon.core.main.TestCaseExecutor.runScript(TestCaseExecutor.java:445)
	at com.kms.katalon.core.main.TestCaseExecutor.doExecute(TestCaseExecutor.java:436)
	at com.kms.katalon.core.main.TestCaseExecutor.processExecutionPhase(TestCaseExecutor.java:415)
	at com.kms.katalon.core.main.TestCaseExecutor.accessMainPhase(TestCaseExecutor.java:407)
	at com.kms.katalon.core.main.TestCaseExecutor.execute(TestCaseExecutor.java:284)
	at com.kms.katalon.core.common.CommonExecutor.accessTestCaseMainPhase(CommonExecutor.java:65)
	at com.kms.katalon.core.main.TestSuiteExecutor.accessTestSuiteMainPhase(TestSuiteExecutor.java:144)
	at com.kms.katalon.core.main.TestSuiteExecutor.execute(TestSuiteExecutor.java:106)
	at com.kms.katalon.core.main.TestCaseMain.startTestSuite(TestCaseMain.java:185)
	at com.kms.katalon.core.main.TestCaseMain$startTestSuite$0.call(Unknown Source)
	at TempTestSuite1657098613835.run(TempTestSuite1657098613835.groovy:36)
Caused by: org.openqa.selenium.ElementNotInteractableException: element not interactable
  (Session info: chrome=103.0.5060.114)
Build info: version: '3.141.59', revision: 'e82be7d358', time: '2018-11-14T08:25:53'
System info: host: 'DESKTOP-QCRNR4M', ip: '192.168.5.89', os.name: 'Windows 10', os.arch: 'amd64', os.version: '10.0', java.version: '1.8.0_181'
Driver info: com.kms.katalon.selenium.driver.CChromeDriver
Capabilities {acceptInsecureCerts: false, browserName: chrome, browserVersion: 103.0.5060.114, chrome: {chromedriverVersion: 103.0.5060.53 (a1711811edd7..., userDataDir: C:\Users\User\AppData\Local...}, goog:chromeOptions: {debuggerAddress: localhost:60667}, javascriptEnabled: true, networkConnectionEnabled: false, pageLoadStrategy: normal, platform: WINDOWS, platformName: WINDOWS, proxy: Proxy(), setWindowRect: true, strictFileInteractability: false, timeouts: {implicit: 0, pageLoad: 300000, script: 30000}, unhandledPromptBehavior: dismiss and notify, webauthn:extension:credBlob: true, webauthn:extension:largeBlob: true, webauthn:virtualAuthenticators: true}
Session ID: e3067e16a25ee999a187bf67f2c0919e
	at org.openqa.selenium.remote.http.W3CHttpResponseCodec.createException(W3CHttpResponseCodec.java:187)
	at org.openqa.selenium.remote.http.W3CHttpResponseCodec.decode(W3CHttpResponseCodec.java:122)
	at org.openqa.selenium.remote.http.W3CHttpResponseCodec.decode(W3CHttpResponseCodec.java:49)
	at org.openqa.selenium.remote.HttpCommandExecutor.execute(HttpCommandExecutor.java:158)
	at org.openqa.selenium.remote.service.DriverCommandExecutor.execute(DriverCommandExecutor.java:83)
	at org.openqa.selenium.remote.RemoteWebDriver.execute(RemoteWebDriver.java:552)
	at com.kms.katalon.selenium.driver.CChromeDriver.execute(CChromeDriver.java:19)
	at org.openqa.selenium.remote.RemoteWebElement.execute(RemoteWebElement.java:285)
	at org.openqa.selenium.remote.RemoteWebElement.click(RemoteWebElement.java:84)
	at org.openqa.selenium.support.events.EventFiringWebDriver$EventFiringWebElement.lambda$new$0(EventFiringWebDriver.java:404)
	at com.sun.proxy.$Proxy11.click(Unknown Source)
	at org.openqa.selenium.support.events.EventFiringWebDriver$EventFiringWebElement.click(EventFiringWebDriver.java:417)
	at org.openqa.selenium.WebElement$click.call(Unknown Source)
	at com.kms.katalon.core.webui.keyword.builtin.ClickKeyword.clickUntilSuccessWithTimeout(ClickKeyword.groovy:81)
	at com.kms.katalon.core.webui.keyword.builtin.ClickKeyword.clickUntilSuccessWithTimeout(ClickKeyword.groovy)
	at com.kms.katalon.core.webui.keyword.builtin.ClickKeyword$_click_closure1.doCall(ClickKeyword.groovy:67)
	at com.kms.katalon.core.webui.keyword.builtin.ClickKeyword$_click_closure1.call(ClickKeyword.groovy)
	at com.kms.katalon.core.webui.keyword.internal.WebUIKeywordMain.runKeyword(WebUIKeywordMain.groovy:20)
	... 19 more]]></system-err>
      </testcase>
      <testcase name="Test Cases/03-Header Menu/13- Contact Info (add-remove phone number)" time="11.565" classname="Test Cases/03-Header Menu/13- Contact Info (add-remove phone number)" status="FAILED">
         <failure type="FAILED" message="Test Cases/03-Header Menu/13- Contact Info (add-remove phone number) FAILED.
Reason:
com.kms.katalon.core.exception.StepFailedException: Unable to click on object 'Object Repository/03-Header Menu/User Profile/View Profile/Contact Info/phone remove button'
	at com.kms.katalon.core.webui.keyword.internal.WebUIKeywordMain.stepFailed(WebUIKeywordMain.groovy:64)
	at com.kms.katalon.core.webui.keyword.internal.WebUIKeywordMain.runKeyword(WebUIKeywordMain.groovy:26)
	at com.kms.katalon.core.webui.keyword.builtin.ClickKeyword.click(ClickKeyword.groovy:74)
	at com.kms.katalon.core.webui.keyword.builtin.ClickKeyword.execute(ClickKeyword.groovy:40)
	at com.kms.katalon.core.keyword.internal.KeywordExecutor.executeKeywordForPlatform(KeywordExecutor.groovy:74)
	at com.kms.katalon.core.webui.keyword.WebUiBuiltInKeywords.click(WebUiBuiltInKeywords.groovy:620)
	at com.kms.katalon.core.webui.keyword.WebUiBuiltInKeywords$click$4.call(Unknown Source)
	at 13- Contact Info (add-remove phone number).run(13- Contact Info (add-remove phone number):44)
	at com.kms.katalon.core.main.ScriptEngine.run(ScriptEngine.java:194)
	at com.kms.katalon.core.main.ScriptEngine.runScriptAsRawText(ScriptEngine.java:119)
	at com.kms.katalon.core.main.TestCaseExecutor.runScript(TestCaseExecutor.java:445)
	at com.kms.katalon.core.main.TestCaseExecutor.doExecute(TestCaseExecutor.java:436)
	at com.kms.katalon.core.main.TestCaseExecutor.processExecutionPhase(TestCaseExecutor.java:415)
	at com.kms.katalon.core.main.TestCaseExecutor.accessMainPhase(TestCaseExecutor.java:407)
	at com.kms.katalon.core.main.TestCaseExecutor.execute(TestCaseExecutor.java:284)
	at com.kms.katalon.core.common.CommonExecutor.accessTestCaseMainPhase(CommonExecutor.java:65)
	at com.kms.katalon.core.main.TestSuiteExecutor.accessTestSuiteMainPhase(TestSuiteExecutor.java:144)
	at com.kms.katalon.core.main.TestSuiteExecutor.execute(TestSuiteExecutor.java:106)
	at com.kms.katalon.core.main.TestCaseMain.startTestSuite(TestCaseMain.java:185)
	at com.kms.katalon.core.main.TestCaseMain$startTestSuite$0.call(Unknown Source)
	at TempTestSuite1657098613835.run(TempTestSuite1657098613835.groovy:36)
Caused by: org.openqa.selenium.ElementNotInteractableException: element not interactable
  (Session info: chrome=103.0.5060.114)
Build info: version: '3.141.59', revision: 'e82be7d358', time: '2018-11-14T08:25:53'
System info: host: 'DESKTOP-QCRNR4M', ip: '192.168.5.89', os.name: 'Windows 10', os.arch: 'amd64', os.version: '10.0', java.version: '1.8.0_181'
Driver info: com.kms.katalon.selenium.driver.CChromeDriver
Capabilities {acceptInsecureCerts: false, browserName: chrome, browserVersion: 103.0.5060.114, chrome: {chromedriverVersion: 103.0.5060.53 (a1711811edd7..., userDataDir: C:\Users\User\AppData\Local...}, goog:chromeOptions: {debuggerAddress: localhost:60667}, javascriptEnabled: true, networkConnectionEnabled: false, pageLoadStrategy: normal, platform: WINDOWS, platformName: WINDOWS, proxy: Proxy(), setWindowRect: true, strictFileInteractability: false, timeouts: {implicit: 0, pageLoad: 300000, script: 30000}, unhandledPromptBehavior: dismiss and notify, webauthn:extension:credBlob: true, webauthn:extension:largeBlob: true, webauthn:virtualAuthenticators: true}
Session ID: e3067e16a25ee999a187bf67f2c0919e
	at org.openqa.selenium.remote.http.W3CHttpResponseCodec.createException(W3CHttpResponseCodec.java:187)
	at org.openqa.selenium.remote.http.W3CHttpResponseCodec.decode(W3CHttpResponseCodec.java:122)
	at org.openqa.selenium.remote.http.W3CHttpResponseCodec.decode(W3CHttpResponseCodec.java:49)
	at org.openqa.selenium.remote.HttpCommandExecutor.execute(HttpCommandExecutor.java:158)
	at org.openqa.selenium.remote.service.DriverCommandExecutor.execute(DriverCommandExecutor.java:83)
	at org.openqa.selenium.remote.RemoteWebDriver.execute(RemoteWebDriver.java:552)
	at com.kms.katalon.selenium.driver.CChromeDriver.execute(CChromeDriver.java:19)
	at org.openqa.selenium.remote.RemoteWebElement.execute(RemoteWebElement.java:285)
	at org.openqa.selenium.remote.RemoteWebElement.click(RemoteWebElement.java:84)
	at org.openqa.selenium.support.events.EventFiringWebDriver$EventFiringWebElement.lambda$new$0(EventFiringWebDriver.java:404)
	at com.sun.proxy.$Proxy11.click(Unknown Source)
	at org.openqa.selenium.support.events.EventFiringWebDriver$EventFiringWebElement.click(EventFiringWebDriver.java:417)
	at org.openqa.selenium.WebElement$click.call(Unknown Source)
	at com.kms.katalon.core.webui.keyword.builtin.ClickKeyword.clickUntilSuccessWithTimeout(ClickKeyword.groovy:81)
	at com.kms.katalon.core.webui.keyword.builtin.ClickKeyword.clickUntilSuccessWithTimeout(ClickKeyword.groovy)
	at com.kms.katalon.core.webui.keyword.builtin.ClickKeyword$_click_closure1.doCall(ClickKeyword.groovy:67)
	at com.kms.katalon.core.webui.keyword.builtin.ClickKeyword$_click_closure1.call(ClickKeyword.groovy)
	at com.kms.katalon.core.webui.keyword.internal.WebUIKeywordMain.runKeyword(WebUIKeywordMain.groovy:20)
	... 19 more
"/>
         <system-out><![CDATA[2022-07-06 17:16:47 - [TEST_CASE][FAILED] - Test Cases/03-Header Menu/13- Contact Info (add-remove phone number): Test Cases/03-Header Menu/13- Contact Info (add-remove phone number) FAILED.
Reason:
com.kms.katalon.core.exception.StepFailedException: Unable to click on object 'Object Repository/03-Header Menu/User Profile/View Profile/Contact Info/phone remove button'
	at com.kms.katalon.core.webui.keyword.internal.WebUIKeywordMain.stepFailed(WebUIKeywordMain.groovy:64)
	at com.kms.katalon.core.webui.keyword.internal.WebUIKeywordMain.runKeyword(WebUIKeywordMain.groovy:26)
	at com.kms.katalon.core.webui.keyword.builtin.ClickKeyword.click(ClickKeyword.groovy:74)
	at com.kms.katalon.core.webui.keyword.builtin.ClickKeyword.execute(ClickKeyword.groovy:40)
	at com.kms.katalon.core.keyword.internal.KeywordExecutor.executeKeywordForPlatform(KeywordExecutor.groovy:74)
	at com.kms.katalon.core.webui.keyword.WebUiBuiltInKeywords.click(WebUiBuiltInKeywords.groovy:620)
	at com.kms.katalon.core.webui.keyword.WebUiBuiltInKeywords$click$4.call(Unknown Source)
	at 13- Contact Info (add-remove phone number).run(13- Contact Info (add-remove phone number):44)
	at com.kms.katalon.core.main.ScriptEngine.run(ScriptEngine.java:194)
	at com.kms.katalon.core.main.ScriptEngine.runScriptAsRawText(ScriptEngine.java:119)
	at com.kms.katalon.core.main.TestCaseExecutor.runScript(TestCaseExecutor.java:445)
	at com.kms.katalon.core.main.TestCaseExecutor.doExecute(TestCaseExecutor.java:436)
	at com.kms.katalon.core.main.TestCaseExecutor.processExecutionPhase(TestCaseExecutor.java:415)
	at com.kms.katalon.core.main.TestCaseExecutor.accessMainPhase(TestCaseExecutor.java:407)
	at com.kms.katalon.core.main.TestCaseExecutor.execute(TestCaseExecutor.java:284)
	at com.kms.katalon.core.common.CommonExecutor.accessTestCaseMainPhase(CommonExecutor.java:65)
	at com.kms.katalon.core.main.TestSuiteExecutor.accessTestSuiteMainPhase(TestSuiteExecutor.java:144)
	at com.kms.katalon.core.main.TestSuiteExecutor.execute(TestSuiteExecutor.java:106)
	at com.kms.katalon.core.main.TestCaseMain.startTestSuite(TestCaseMain.java:185)
	at com.kms.katalon.core.main.TestCaseMain$startTestSuite$0.call(Unknown Source)
	at TempTestSuite1657098613835.run(TempTestSuite1657098613835.groovy:36)
Caused by: org.openqa.selenium.ElementNotInteractableException: element not interactable
  (Session info: chrome=103.0.5060.114)
Build info: version: '3.141.59', revision: 'e82be7d358', time: '2018-11-14T08:25:53'
System info: host: 'DESKTOP-QCRNR4M', ip: '192.168.5.89', os.name: 'Windows 10', os.arch: 'amd64', os.version: '10.0', java.version: '1.8.0_181'
Driver info: com.kms.katalon.selenium.driver.CChromeDriver
Capabilities {acceptInsecureCerts: false, browserName: chrome, browserVersion: 103.0.5060.114, chrome: {chromedriverVersion: 103.0.5060.53 (a1711811edd7..., userDataDir: C:\Users\User\AppData\Local...}, goog:chromeOptions: {debuggerAddress: localhost:60667}, javascriptEnabled: true, networkConnectionEnabled: false, pageLoadStrategy: normal, platform: WINDOWS, platformName: WINDOWS, proxy: Proxy(), setWindowRect: true, strictFileInteractability: false, timeouts: {implicit: 0, pageLoad: 300000, script: 30000}, unhandledPromptBehavior: dismiss and notify, webauthn:extension:credBlob: true, webauthn:extension:largeBlob: true, webauthn:virtualAuthenticators: true}
Session ID: e3067e16a25ee999a187bf67f2c0919e
	at org.openqa.selenium.remote.http.W3CHttpResponseCodec.createException(W3CHttpResponseCodec.java:187)
	at org.openqa.selenium.remote.http.W3CHttpResponseCodec.decode(W3CHttpResponseCodec.java:122)
	at org.openqa.selenium.remote.http.W3CHttpResponseCodec.decode(W3CHttpResponseCodec.java:49)
	at org.openqa.selenium.remote.HttpCommandExecutor.execute(HttpCommandExecutor.java:158)
	at org.openqa.selenium.remote.service.DriverCommandExecutor.execute(DriverCommandExecutor.java:83)
	at org.openqa.selenium.remote.RemoteWebDriver.execute(RemoteWebDriver.java:552)
	at com.kms.katalon.selenium.driver.CChromeDriver.execute(CChromeDriver.java:19)
	at org.openqa.selenium.remote.RemoteWebElement.execute(RemoteWebElement.java:285)
	at org.openqa.selenium.remote.RemoteWebElement.click(RemoteWebElement.java:84)
	at org.openqa.selenium.support.events.EventFiringWebDriver$EventFiringWebElement.lambda$new$0(EventFiringWebDriver.java:404)
	at com.sun.proxy.$Proxy11.click(Unknown Source)
	at org.openqa.selenium.support.events.EventFiringWebDriver$EventFiringWebElement.click(EventFiringWebDriver.java:417)
	at org.openqa.selenium.WebElement$click.call(Unknown Source)
	at com.kms.katalon.core.webui.keyword.builtin.ClickKeyword.clickUntilSuccessWithTimeout(ClickKeyword.groovy:81)
	at com.kms.katalon.core.webui.keyword.builtin.ClickKeyword.clickUntilSuccessWithTimeout(ClickKeyword.groovy)
	at com.kms.katalon.core.webui.keyword.builtin.ClickKeyword$_click_closure1.doCall(ClickKeyword.groovy:67)
	at com.kms.katalon.core.webui.keyword.builtin.ClickKeyword$_click_closure1.call(ClickKeyword.groovy)
	at com.kms.katalon.core.webui.keyword.internal.WebUIKeywordMain.runKeyword(WebUIKeywordMain.groovy:20)
	... 19 more


2022-07-06 17:16:48 - [TEST_STEP][PASSED] - click(findTestObject("03-Header Menu/User Profile/View Profile/Contact Info/phone field")): Object: 'Object Repository/03-Header Menu/User Profile/View Profile/Contact Info/phone field' is clicked on

2022-07-06 17:16:48 - [MESSAGE][PASSED] - Object: 'Object Repository/03-Header Menu/User Profile/View Profile/Contact Info/phone field' is clicked on

2022-07-06 17:16:48 - [TEST_STEP][PASSED] - click(findTestObject("03-Header Menu/User Profile/View Profile/Contact Info/area code selector")): Object: 'Object Repository/03-Header Menu/User Profile/View Profile/Contact Info/area code selector' is clicked on

2022-07-06 17:16:49 - [MESSAGE][PASSED] - Object: 'Object Repository/03-Header Menu/User Profile/View Profile/Contact Info/area code selector' is clicked on

2022-07-06 17:16:49 - [TEST_STEP][PASSED] - verifyElementVisible(findTestObject("03-Header Menu/User Profile/View Profile/Contact Info/area code modal")): Object 'Object Repository/03-Header Menu/User Profile/View Profile/Contact Info/area code modal' is visible

2022-07-06 17:16:49 - [MESSAGE][PASSED] - Object 'Object Repository/03-Header Menu/User Profile/View Profile/Contact Info/area code modal' is visible

2022-07-06 17:16:49 - [TEST_STEP][PASSED] - click(findTestObject("03-Header Menu/User Profile/View Profile/Contact Info/button_Philippines 63")): Object: 'Object Repository/03-Header Menu/User Profile/View Profile/Contact Info/button_Philippines 63' is clicked on

2022-07-06 17:16:50 - [MESSAGE][PASSED] - Object: 'Object Repository/03-Header Menu/User Profile/View Profile/Contact Info/button_Philippines 63' is clicked on

2022-07-06 17:16:50 - [TEST_STEP][PASSED] - setText(findTestObject("03-Header Menu/User Profile/View Profile/Contact Info/phone field"), "9211234567"): Text '9211234567' is set on object 'Object Repository/03-Header Menu/User Profile/View Profile/Contact Info/phone field'

2022-07-06 17:16:51 - [MESSAGE][PASSED] - Text '9211234567' is set on object 'Object Repository/03-Header Menu/User Profile/View Profile/Contact Info/phone field'

2022-07-06 17:16:51 - [TEST_STEP][PASSED] - sendKeys(findTestObject("03-Header Menu/User Profile/View Profile/Contact Info/Positon Field"), Keys.chord(ENTER)): Keys 'ENTER + ' sent to object: 'Object Repository/03-Header Menu/User Profile/View Profile/Contact Info/Positon Field'

2022-07-06 17:16:52 - [MESSAGE][PASSED] - Keys 'ENTER + ' sent to object: 'Object Repository/03-Header Menu/User Profile/View Profile/Contact Info/Positon Field'

2022-07-06 17:16:52 - [TEST_STEP][PASSED] - click(findTestObject("03-Header Menu/User Profile/View Profile/Contact Info/button_Save")): Object: 'Object Repository/03-Header Menu/User Profile/View Profile/Contact Info/button_Save' is clicked on

2022-07-06 17:16:53 - [MESSAGE][PASSED] - Object: 'Object Repository/03-Header Menu/User Profile/View Profile/Contact Info/button_Save' is clicked on

2022-07-06 17:16:53 - [TEST_STEP][PASSED] - delay(2): Delayed 2 second(s)

2022-07-06 17:16:55 - [MESSAGE][PASSED] - Delayed 2 second(s)

2022-07-06 17:16:55 - [TEST_STEP][PASSED] - verifyElementVisible(findTestObject("03-Header Menu/User Profile/View Profile/Contact Info/Success Msg")): Object 'Object Repository/03-Header Menu/User Profile/View Profile/Contact Info/Success Msg' is visible

2022-07-06 17:16:55 - [MESSAGE][PASSED] - Object 'Object Repository/03-Header Menu/User Profile/View Profile/Contact Info/Success Msg' is visible

2022-07-06 17:16:55 - [TEST_STEP][PASSED] - delay(2): Delayed 2 second(s)

2022-07-06 17:16:57 - [MESSAGE][PASSED] - Delayed 2 second(s)

2022-07-06 17:16:57 - [TEST_STEP][PASSED] - mouseOver(findTestObject("03-Header Menu/User Profile/View Profile/Contact Info/phone field")): Object: 'Object Repository/03-Header Menu/User Profile/View Profile/Contact Info/phone field' is hovered

2022-07-06 17:16:58 - [MESSAGE][PASSED] - Object: 'Object Repository/03-Header Menu/User Profile/View Profile/Contact Info/phone field' is hovered

2022-07-06 17:16:58 - [TEST_STEP][PASSED] - delay(1): Delayed 1 second(s)

2022-07-06 17:16:59 - [MESSAGE][PASSED] - Delayed 1 second(s)

2022-07-06 17:16:59 - [TEST_STEP][FAILED] - click(findTestObject("03-Header Menu/User Profile/View Profile/Contact Info/phone remove button")): Unable to click on object 'Object Repository/03-Header Menu/User Profile/View Profile/Contact Info/phone remove button' (Root cause: com.kms.katalon.core.exception.StepFailedException: Unable to click on object 'Object Repository/03-Header Menu/User Profile/View Profile/Contact Info/phone remove button'
	at com.kms.katalon.core.webui.keyword.internal.WebUIKeywordMain.stepFailed(WebUIKeywordMain.groovy:64)
	at com.kms.katalon.core.webui.keyword.internal.WebUIKeywordMain.runKeyword(WebUIKeywordMain.groovy:26)
	at com.kms.katalon.core.webui.keyword.builtin.ClickKeyword.click(ClickKeyword.groovy:74)
	at com.kms.katalon.core.webui.keyword.builtin.ClickKeyword.execute(ClickKeyword.groovy:40)
	at com.kms.katalon.core.keyword.internal.KeywordExecutor.executeKeywordForPlatform(KeywordExecutor.groovy:74)
	at com.kms.katalon.core.webui.keyword.WebUiBuiltInKeywords.click(WebUiBuiltInKeywords.groovy:620)
	at com.kms.katalon.core.webui.keyword.WebUiBuiltInKeywords$click$4.call(Unknown Source)
	at 13- Contact Info (add-remove phone number).run(13- Contact Info (add-remove phone number):44)
	at com.kms.katalon.core.main.ScriptEngine.run(ScriptEngine.java:194)
	at com.kms.katalon.core.main.ScriptEngine.runScriptAsRawText(ScriptEngine.java:119)
	at com.kms.katalon.core.main.TestCaseExecutor.runScript(TestCaseExecutor.java:445)
	at com.kms.katalon.core.main.TestCaseExecutor.doExecute(TestCaseExecutor.java:436)
	at com.kms.katalon.core.main.TestCaseExecutor.processExecutionPhase(TestCaseExecutor.java:415)
	at com.kms.katalon.core.main.TestCaseExecutor.accessMainPhase(TestCaseExecutor.java:407)
	at com.kms.katalon.core.main.TestCaseExecutor.execute(TestCaseExecutor.java:284)
	at com.kms.katalon.core.common.CommonExecutor.accessTestCaseMainPhase(CommonExecutor.java:65)
	at com.kms.katalon.core.main.TestSuiteExecutor.accessTestSuiteMainPhase(TestSuiteExecutor.java:144)
	at com.kms.katalon.core.main.TestSuiteExecutor.execute(TestSuiteExecutor.java:106)
	at com.kms.katalon.core.main.TestCaseMain.startTestSuite(TestCaseMain.java:185)
	at com.kms.katalon.core.main.TestCaseMain$startTestSuite$0.call(Unknown Source)
	at TempTestSuite1657098613835.run(TempTestSuite1657098613835.groovy:36)
Caused by: org.openqa.selenium.ElementNotInteractableException: element not interactable
  (Session info: chrome=103.0.5060.114)
Build info: version: '3.141.59', revision: 'e82be7d358', time: '2018-11-14T08:25:53'
System info: host: 'DESKTOP-QCRNR4M', ip: '192.168.5.89', os.name: 'Windows 10', os.arch: 'amd64', os.version: '10.0', java.version: '1.8.0_181'
Driver info: com.kms.katalon.selenium.driver.CChromeDriver
Capabilities {acceptInsecureCerts: false, browserName: chrome, browserVersion: 103.0.5060.114, chrome: {chromedriverVersion: 103.0.5060.53 (a1711811edd7..., userDataDir: C:\Users\User\AppData\Local...}, goog:chromeOptions: {debuggerAddress: localhost:60667}, javascriptEnabled: true, networkConnectionEnabled: false, pageLoadStrategy: normal, platform: WINDOWS, platformName: WINDOWS, proxy: Proxy(), setWindowRect: true, strictFileInteractability: false, timeouts: {implicit: 0, pageLoad: 300000, script: 30000}, unhandledPromptBehavior: dismiss and notify, webauthn:extension:credBlob: true, webauthn:extension:largeBlob: true, webauthn:virtualAuthenticators: true}
Session ID: e3067e16a25ee999a187bf67f2c0919e
	at org.openqa.selenium.remote.http.W3CHttpResponseCodec.createException(W3CHttpResponseCodec.java:187)
	at org.openqa.selenium.remote.http.W3CHttpResponseCodec.decode(W3CHttpResponseCodec.java:122)
	at org.openqa.selenium.remote.http.W3CHttpResponseCodec.decode(W3CHttpResponseCodec.java:49)
	at org.openqa.selenium.remote.HttpCommandExecutor.execute(HttpCommandExecutor.java:158)
	at org.openqa.selenium.remote.service.DriverCommandExecutor.execute(DriverCommandExecutor.java:83)
	at org.openqa.selenium.remote.RemoteWebDriver.execute(RemoteWebDriver.java:552)
	at com.kms.katalon.selenium.driver.CChromeDriver.execute(CChromeDriver.java:19)
	at org.openqa.selenium.remote.RemoteWebElement.execute(RemoteWebElement.java:285)
	at org.openqa.selenium.remote.RemoteWebElement.click(RemoteWebElement.java:84)
	at org.openqa.selenium.support.events.EventFiringWebDriver$EventFiringWebElement.lambda$new$0(EventFiringWebDriver.java:404)
	at com.sun.proxy.$Proxy11.click(Unknown Source)
	at org.openqa.selenium.support.events.EventFiringWebDriver$EventFiringWebElement.click(EventFiringWebDriver.java:417)
	at org.openqa.selenium.WebElement$click.call(Unknown Source)
	at com.kms.katalon.core.webui.keyword.builtin.ClickKeyword.clickUntilSuccessWithTimeout(ClickKeyword.groovy:81)
	at com.kms.katalon.core.webui.keyword.builtin.ClickKeyword.clickUntilSuccessWithTimeout(ClickKeyword.groovy)
	at com.kms.katalon.core.webui.keyword.builtin.ClickKeyword$_click_closure1.doCall(ClickKeyword.groovy:67)
	at com.kms.katalon.core.webui.keyword.builtin.ClickKeyword$_click_closure1.call(ClickKeyword.groovy)
	at com.kms.katalon.core.webui.keyword.internal.WebUIKeywordMain.runKeyword(WebUIKeywordMain.groovy:20)
	at com.kms.katalon.core.webui.keyword.builtin.ClickKeyword.click(ClickKeyword.groovy:74)
	at com.kms.katalon.core.webui.keyword.builtin.ClickKeyword.execute(ClickKeyword.groovy:40)
	at com.kms.katalon.core.keyword.internal.KeywordExecutor.executeKeywordForPlatform(KeywordExecutor.groovy:74)
	at com.kms.katalon.core.webui.keyword.WebUiBuiltInKeywords.click(WebUiBuiltInKeywords.groovy:620)
	at com.kms.katalon.core.webui.keyword.WebUiBuiltInKeywords$click$4.call(Unknown Source)
	at Script1652769658833.run(Script1652769658833.groovy:44)
	... 13 more
)

2022-07-06 17:16:59 - [MESSAGE][FAILED] - Unable to click on object 'Object Repository/03-Header Menu/User Profile/View Profile/Contact Info/phone remove button' (Root cause: com.kms.katalon.core.exception.StepFailedException: Unable to click on object 'Object Repository/03-Header Menu/User Profile/View Profile/Contact Info/phone remove button'
	at com.kms.katalon.core.webui.keyword.internal.WebUIKeywordMain.stepFailed(WebUIKeywordMain.groovy:64)
	at com.kms.katalon.core.webui.keyword.internal.WebUIKeywordMain.runKeyword(WebUIKeywordMain.groovy:26)
	at com.kms.katalon.core.webui.keyword.builtin.ClickKeyword.click(ClickKeyword.groovy:74)
	at com.kms.katalon.core.webui.keyword.builtin.ClickKeyword.execute(ClickKeyword.groovy:40)
	at com.kms.katalon.core.keyword.internal.KeywordExecutor.executeKeywordForPlatform(KeywordExecutor.groovy:74)
	at com.kms.katalon.core.webui.keyword.WebUiBuiltInKeywords.click(WebUiBuiltInKeywords.groovy:620)
	at com.kms.katalon.core.webui.keyword.WebUiBuiltInKeywords$click$4.call(Unknown Source)
	at 13- Contact Info (add-remove phone number).run(13- Contact Info (add-remove phone number):44)
	at com.kms.katalon.core.main.ScriptEngine.run(ScriptEngine.java:194)
	at com.kms.katalon.core.main.ScriptEngine.runScriptAsRawText(ScriptEngine.java:119)
	at com.kms.katalon.core.main.TestCaseExecutor.runScript(TestCaseExecutor.java:445)
	at com.kms.katalon.core.main.TestCaseExecutor.doExecute(TestCaseExecutor.java:436)
	at com.kms.katalon.core.main.TestCaseExecutor.processExecutionPhase(TestCaseExecutor.java:415)
	at com.kms.katalon.core.main.TestCaseExecutor.accessMainPhase(TestCaseExecutor.java:407)
	at com.kms.katalon.core.main.TestCaseExecutor.execute(TestCaseExecutor.java:284)
	at com.kms.katalon.core.common.CommonExecutor.accessTestCaseMainPhase(CommonExecutor.java:65)
	at com.kms.katalon.core.main.TestSuiteExecutor.accessTestSuiteMainPhase(TestSuiteExecutor.java:144)
	at com.kms.katalon.core.main.TestSuiteExecutor.execute(TestSuiteExecutor.java:106)
	at com.kms.katalon.core.main.TestCaseMain.startTestSuite(TestCaseMain.java:185)
	at com.kms.katalon.core.main.TestCaseMain$startTestSuite$0.call(Unknown Source)
	at TempTestSuite1657098613835.run(TempTestSuite1657098613835.groovy:36)
Caused by: org.openqa.selenium.ElementNotInteractableException: element not interactable
  (Session info: chrome=103.0.5060.114)
Build info: version: '3.141.59', revision: 'e82be7d358', time: '2018-11-14T08:25:53'
System info: host: 'DESKTOP-QCRNR4M', ip: '192.168.5.89', os.name: 'Windows 10', os.arch: 'amd64', os.version: '10.0', java.version: '1.8.0_181'
Driver info: com.kms.katalon.selenium.driver.CChromeDriver
Capabilities {acceptInsecureCerts: false, browserName: chrome, browserVersion: 103.0.5060.114, chrome: {chromedriverVersion: 103.0.5060.53 (a1711811edd7..., userDataDir: C:\Users\User\AppData\Local...}, goog:chromeOptions: {debuggerAddress: localhost:60667}, javascriptEnabled: true, networkConnectionEnabled: false, pageLoadStrategy: normal, platform: WINDOWS, platformName: WINDOWS, proxy: Proxy(), setWindowRect: true, strictFileInteractability: false, timeouts: {implicit: 0, pageLoad: 300000, script: 30000}, unhandledPromptBehavior: dismiss and notify, webauthn:extension:credBlob: true, webauthn:extension:largeBlob: true, webauthn:virtualAuthenticators: true}
Session ID: e3067e16a25ee999a187bf67f2c0919e
	at org.openqa.selenium.remote.http.W3CHttpResponseCodec.createException(W3CHttpResponseCodec.java:187)
	at org.openqa.selenium.remote.http.W3CHttpResponseCodec.decode(W3CHttpResponseCodec.java:122)
	at org.openqa.selenium.remote.http.W3CHttpResponseCodec.decode(W3CHttpResponseCodec.java:49)
	at org.openqa.selenium.remote.HttpCommandExecutor.execute(HttpCommandExecutor.java:158)
	at org.openqa.selenium.remote.service.DriverCommandExecutor.execute(DriverCommandExecutor.java:83)
	at org.openqa.selenium.remote.RemoteWebDriver.execute(RemoteWebDriver.java:552)
	at com.kms.katalon.selenium.driver.CChromeDriver.execute(CChromeDriver.java:19)
	at org.openqa.selenium.remote.RemoteWebElement.execute(RemoteWebElement.java:285)
	at org.openqa.selenium.remote.RemoteWebElement.click(RemoteWebElement.java:84)
	at org.openqa.selenium.support.events.EventFiringWebDriver$EventFiringWebElement.lambda$new$0(EventFiringWebDriver.java:404)
	at com.sun.proxy.$Proxy11.click(Unknown Source)
	at org.openqa.selenium.support.events.EventFiringWebDriver$EventFiringWebElement.click(EventFiringWebDriver.java:417)
	at org.openqa.selenium.WebElement$click.call(Unknown Source)
	at com.kms.katalon.core.webui.keyword.builtin.ClickKeyword.clickUntilSuccessWithTimeout(ClickKeyword.groovy:81)
	at com.kms.katalon.core.webui.keyword.builtin.ClickKeyword.clickUntilSuccessWithTimeout(ClickKeyword.groovy)
	at com.kms.katalon.core.webui.keyword.builtin.ClickKeyword$_click_closure1.doCall(ClickKeyword.groovy:67)
	at com.kms.katalon.core.webui.keyword.builtin.ClickKeyword$_click_closure1.call(ClickKeyword.groovy)
	at com.kms.katalon.core.webui.keyword.internal.WebUIKeywordMain.runKeyword(WebUIKeywordMain.groovy:20)
	at com.kms.katalon.core.webui.keyword.builtin.ClickKeyword.click(ClickKeyword.groovy:74)
	at com.kms.katalon.core.webui.keyword.builtin.ClickKeyword.execute(ClickKeyword.groovy:40)
	at com.kms.katalon.core.keyword.internal.KeywordExecutor.executeKeywordForPlatform(KeywordExecutor.groovy:74)
	at com.kms.katalon.core.webui.keyword.WebUiBuiltInKeywords.click(WebUiBuiltInKeywords.groovy:620)
	at com.kms.katalon.core.webui.keyword.WebUiBuiltInKeywords$click$4.call(Unknown Source)
	at Script1652769658833.run(Script1652769658833.groovy:44)
	... 13 more
)
[[ATTACHMENT|C:\\Users\\User\\Katalon Studio\\EverleaguesMain\\Reports\\20220706_171012\\TS-Organization\\03-Header Menu\\20220706_171013\\1657099019391.png]]]]></system-out>
         <system-err><![CDATA[2022-07-06 17:16:47 - [TEST_CASE][FAILED] - Test Cases/03-Header Menu/13- Contact Info (add-remove phone number): Test Cases/03-Header Menu/13- Contact Info (add-remove phone number) FAILED.
Reason:
com.kms.katalon.core.exception.StepFailedException: Unable to click on object 'Object Repository/03-Header Menu/User Profile/View Profile/Contact Info/phone remove button'
	at com.kms.katalon.core.webui.keyword.internal.WebUIKeywordMain.stepFailed(WebUIKeywordMain.groovy:64)
	at com.kms.katalon.core.webui.keyword.internal.WebUIKeywordMain.runKeyword(WebUIKeywordMain.groovy:26)
	at com.kms.katalon.core.webui.keyword.builtin.ClickKeyword.click(ClickKeyword.groovy:74)
	at com.kms.katalon.core.webui.keyword.builtin.ClickKeyword.execute(ClickKeyword.groovy:40)
	at com.kms.katalon.core.keyword.internal.KeywordExecutor.executeKeywordForPlatform(KeywordExecutor.groovy:74)
	at com.kms.katalon.core.webui.keyword.WebUiBuiltInKeywords.click(WebUiBuiltInKeywords.groovy:620)
	at com.kms.katalon.core.webui.keyword.WebUiBuiltInKeywords$click$4.call(Unknown Source)
	at 13- Contact Info (add-remove phone number).run(13- Contact Info (add-remove phone number):44)
	at com.kms.katalon.core.main.ScriptEngine.run(ScriptEngine.java:194)
	at com.kms.katalon.core.main.ScriptEngine.runScriptAsRawText(ScriptEngine.java:119)
	at com.kms.katalon.core.main.TestCaseExecutor.runScript(TestCaseExecutor.java:445)
	at com.kms.katalon.core.main.TestCaseExecutor.doExecute(TestCaseExecutor.java:436)
	at com.kms.katalon.core.main.TestCaseExecutor.processExecutionPhase(TestCaseExecutor.java:415)
	at com.kms.katalon.core.main.TestCaseExecutor.accessMainPhase(TestCaseExecutor.java:407)
	at com.kms.katalon.core.main.TestCaseExecutor.execute(TestCaseExecutor.java:284)
	at com.kms.katalon.core.common.CommonExecutor.accessTestCaseMainPhase(CommonExecutor.java:65)
	at com.kms.katalon.core.main.TestSuiteExecutor.accessTestSuiteMainPhase(TestSuiteExecutor.java:144)
	at com.kms.katalon.core.main.TestSuiteExecutor.execute(TestSuiteExecutor.java:106)
	at com.kms.katalon.core.main.TestCaseMain.startTestSuite(TestCaseMain.java:185)
	at com.kms.katalon.core.main.TestCaseMain$startTestSuite$0.call(Unknown Source)
	at TempTestSuite1657098613835.run(TempTestSuite1657098613835.groovy:36)
Caused by: org.openqa.selenium.ElementNotInteractableException: element not interactable
  (Session info: chrome=103.0.5060.114)
Build info: version: '3.141.59', revision: 'e82be7d358', time: '2018-11-14T08:25:53'
System info: host: 'DESKTOP-QCRNR4M', ip: '192.168.5.89', os.name: 'Windows 10', os.arch: 'amd64', os.version: '10.0', java.version: '1.8.0_181'
Driver info: com.kms.katalon.selenium.driver.CChromeDriver
Capabilities {acceptInsecureCerts: false, browserName: chrome, browserVersion: 103.0.5060.114, chrome: {chromedriverVersion: 103.0.5060.53 (a1711811edd7..., userDataDir: C:\Users\User\AppData\Local...}, goog:chromeOptions: {debuggerAddress: localhost:60667}, javascriptEnabled: true, networkConnectionEnabled: false, pageLoadStrategy: normal, platform: WINDOWS, platformName: WINDOWS, proxy: Proxy(), setWindowRect: true, strictFileInteractability: false, timeouts: {implicit: 0, pageLoad: 300000, script: 30000}, unhandledPromptBehavior: dismiss and notify, webauthn:extension:credBlob: true, webauthn:extension:largeBlob: true, webauthn:virtualAuthenticators: true}
Session ID: e3067e16a25ee999a187bf67f2c0919e
	at org.openqa.selenium.remote.http.W3CHttpResponseCodec.createException(W3CHttpResponseCodec.java:187)
	at org.openqa.selenium.remote.http.W3CHttpResponseCodec.decode(W3CHttpResponseCodec.java:122)
	at org.openqa.selenium.remote.http.W3CHttpResponseCodec.decode(W3CHttpResponseCodec.java:49)
	at org.openqa.selenium.remote.HttpCommandExecutor.execute(HttpCommandExecutor.java:158)
	at org.openqa.selenium.remote.service.DriverCommandExecutor.execute(DriverCommandExecutor.java:83)
	at org.openqa.selenium.remote.RemoteWebDriver.execute(RemoteWebDriver.java:552)
	at com.kms.katalon.selenium.driver.CChromeDriver.execute(CChromeDriver.java:19)
	at org.openqa.selenium.remote.RemoteWebElement.execute(RemoteWebElement.java:285)
	at org.openqa.selenium.remote.RemoteWebElement.click(RemoteWebElement.java:84)
	at org.openqa.selenium.support.events.EventFiringWebDriver$EventFiringWebElement.lambda$new$0(EventFiringWebDriver.java:404)
	at com.sun.proxy.$Proxy11.click(Unknown Source)
	at org.openqa.selenium.support.events.EventFiringWebDriver$EventFiringWebElement.click(EventFiringWebDriver.java:417)
	at org.openqa.selenium.WebElement$click.call(Unknown Source)
	at com.kms.katalon.core.webui.keyword.builtin.ClickKeyword.clickUntilSuccessWithTimeout(ClickKeyword.groovy:81)
	at com.kms.katalon.core.webui.keyword.builtin.ClickKeyword.clickUntilSuccessWithTimeout(ClickKeyword.groovy)
	at com.kms.katalon.core.webui.keyword.builtin.ClickKeyword$_click_closure1.doCall(ClickKeyword.groovy:67)
	at com.kms.katalon.core.webui.keyword.builtin.ClickKeyword$_click_closure1.call(ClickKeyword.groovy)
	at com.kms.katalon.core.webui.keyword.internal.WebUIKeywordMain.runKeyword(WebUIKeywordMain.groovy:20)
	... 19 more]]></system-err>
      </testcase>
      <testcase name="Test Cases/03-Header Menu/14- Contact Info (add-remove address)" time="35.957" classname="Test Cases/03-Header Menu/14- Contact Info (add-remove address)" status="FAILED">
         <failure type="FAILED" message="Test Cases/03-Header Menu/14- Contact Info (add-remove address) FAILED.
Reason:
com.kms.katalon.core.exception.StepFailedException: Unable to verify object 'Object Repository/03-Header Menu/User Profile/View Profile/Contact Info/h4_Edit Address' is visible
	at com.kms.katalon.core.webui.keyword.internal.WebUIKeywordMain.stepFailed(WebUIKeywordMain.groovy:64)
	at com.kms.katalon.core.webui.keyword.internal.WebUIKeywordMain.runKeyword(WebUIKeywordMain.groovy:26)
	at com.kms.katalon.core.webui.keyword.builtin.VerifyElementVisibleKeyword.verifyElementVisible(VerifyElementVisibleKeyword.groovy:97)
	at com.kms.katalon.core.webui.keyword.builtin.VerifyElementVisibleKeyword.execute(VerifyElementVisibleKeyword.groovy:67)
	at com.kms.katalon.core.keyword.internal.KeywordExecutor.executeKeywordForPlatform(KeywordExecutor.groovy:74)
	at com.kms.katalon.core.webui.keyword.WebUiBuiltInKeywords.verifyElementVisible(WebUiBuiltInKeywords.groovy:376)
	at com.kms.katalon.core.webui.keyword.WebUiBuiltInKeywords$verifyElementVisible$13.call(Unknown Source)
	at 14- Contact Info (add-remove address).run(14- Contact Info (add-remove address):28)
	at com.kms.katalon.core.main.ScriptEngine.run(ScriptEngine.java:194)
	at com.kms.katalon.core.main.ScriptEngine.runScriptAsRawText(ScriptEngine.java:119)
	at com.kms.katalon.core.main.TestCaseExecutor.runScript(TestCaseExecutor.java:445)
	at com.kms.katalon.core.main.TestCaseExecutor.doExecute(TestCaseExecutor.java:436)
	at com.kms.katalon.core.main.TestCaseExecutor.processExecutionPhase(TestCaseExecutor.java:415)
	at com.kms.katalon.core.main.TestCaseExecutor.accessMainPhase(TestCaseExecutor.java:407)
	at com.kms.katalon.core.main.TestCaseExecutor.execute(TestCaseExecutor.java:284)
	at com.kms.katalon.core.common.CommonExecutor.accessTestCaseMainPhase(CommonExecutor.java:65)
	at com.kms.katalon.core.main.TestSuiteExecutor.accessTestSuiteMainPhase(TestSuiteExecutor.java:144)
	at com.kms.katalon.core.main.TestSuiteExecutor.execute(TestSuiteExecutor.java:106)
	at com.kms.katalon.core.main.TestCaseMain.startTestSuite(TestCaseMain.java:185)
	at com.kms.katalon.core.main.TestCaseMain$startTestSuite$0.call(Unknown Source)
	at TempTestSuite1657098613835.run(TempTestSuite1657098613835.groovy:36)
Caused by: com.kms.katalon.core.exception.StepFailedException: Web element with id: 'Object Repository/03-Header Menu/User Profile/View Profile/Contact Info/h4_Edit Address' located by '//h4[(text() = 'Edit Address' or . = 'Edit Address')]' not found
	at com.kms.katalon.core.webui.keyword.internal.WebUIKeywordMain.stepFailed(WebUIKeywordMain.groovy:64)
	at com.kms.katalon.core.webui.keyword.builtin.VerifyElementVisibleKeyword$_verifyElementVisible_closure1.doCall(VerifyElementVisibleKeyword.groovy:89)
	at com.kms.katalon.core.webui.keyword.builtin.VerifyElementVisibleKeyword$_verifyElementVisible_closure1.call(VerifyElementVisibleKeyword.groovy)
	at com.kms.katalon.core.webui.keyword.internal.WebUIKeywordMain.runKeyword(WebUIKeywordMain.groovy:20)
	... 19 more
"/>
         <system-out><![CDATA[2022-07-06 17:16:59 - [TEST_CASE][FAILED] - Test Cases/03-Header Menu/14- Contact Info (add-remove address): Test Cases/03-Header Menu/14- Contact Info (add-remove address) FAILED.
Reason:
com.kms.katalon.core.exception.StepFailedException: Unable to verify object 'Object Repository/03-Header Menu/User Profile/View Profile/Contact Info/h4_Edit Address' is visible
	at com.kms.katalon.core.webui.keyword.internal.WebUIKeywordMain.stepFailed(WebUIKeywordMain.groovy:64)
	at com.kms.katalon.core.webui.keyword.internal.WebUIKeywordMain.runKeyword(WebUIKeywordMain.groovy:26)
	at com.kms.katalon.core.webui.keyword.builtin.VerifyElementVisibleKeyword.verifyElementVisible(VerifyElementVisibleKeyword.groovy:97)
	at com.kms.katalon.core.webui.keyword.builtin.VerifyElementVisibleKeyword.execute(VerifyElementVisibleKeyword.groovy:67)
	at com.kms.katalon.core.keyword.internal.KeywordExecutor.executeKeywordForPlatform(KeywordExecutor.groovy:74)
	at com.kms.katalon.core.webui.keyword.WebUiBuiltInKeywords.verifyElementVisible(WebUiBuiltInKeywords.groovy:376)
	at com.kms.katalon.core.webui.keyword.WebUiBuiltInKeywords$verifyElementVisible$13.call(Unknown Source)
	at 14- Contact Info (add-remove address).run(14- Contact Info (add-remove address):28)
	at com.kms.katalon.core.main.ScriptEngine.run(ScriptEngine.java:194)
	at com.kms.katalon.core.main.ScriptEngine.runScriptAsRawText(ScriptEngine.java:119)
	at com.kms.katalon.core.main.TestCaseExecutor.runScript(TestCaseExecutor.java:445)
	at com.kms.katalon.core.main.TestCaseExecutor.doExecute(TestCaseExecutor.java:436)
	at com.kms.katalon.core.main.TestCaseExecutor.processExecutionPhase(TestCaseExecutor.java:415)
	at com.kms.katalon.core.main.TestCaseExecutor.accessMainPhase(TestCaseExecutor.java:407)
	at com.kms.katalon.core.main.TestCaseExecutor.execute(TestCaseExecutor.java:284)
	at com.kms.katalon.core.common.CommonExecutor.accessTestCaseMainPhase(CommonExecutor.java:65)
	at com.kms.katalon.core.main.TestSuiteExecutor.accessTestSuiteMainPhase(TestSuiteExecutor.java:144)
	at com.kms.katalon.core.main.TestSuiteExecutor.execute(TestSuiteExecutor.java:106)
	at com.kms.katalon.core.main.TestCaseMain.startTestSuite(TestCaseMain.java:185)
	at com.kms.katalon.core.main.TestCaseMain$startTestSuite$0.call(Unknown Source)
	at TempTestSuite1657098613835.run(TempTestSuite1657098613835.groovy:36)
Caused by: com.kms.katalon.core.exception.StepFailedException: Web element with id: 'Object Repository/03-Header Menu/User Profile/View Profile/Contact Info/h4_Edit Address' located by '//h4[(text() = 'Edit Address' or . = 'Edit Address')]' not found
	at com.kms.katalon.core.webui.keyword.internal.WebUIKeywordMain.stepFailed(WebUIKeywordMain.groovy:64)
	at com.kms.katalon.core.webui.keyword.builtin.VerifyElementVisibleKeyword$_verifyElementVisible_closure1.doCall(VerifyElementVisibleKeyword.groovy:89)
	at com.kms.katalon.core.webui.keyword.builtin.VerifyElementVisibleKeyword$_verifyElementVisible_closure1.call(VerifyElementVisibleKeyword.groovy)
	at com.kms.katalon.core.webui.keyword.internal.WebUIKeywordMain.runKeyword(WebUIKeywordMain.groovy:20)
	... 19 more


2022-07-06 17:16:59 - [TEST_STEP][PASSED] - delay(2): Delayed 2 second(s)

2022-07-06 17:17:01 - [MESSAGE][PASSED] - Delayed 2 second(s)

2022-07-06 17:17:01 - [TEST_STEP][PASSED] - click(findTestObject("03-Header Menu/User Profile/View Profile/div_Contact Info")): Object: 'Object Repository/03-Header Menu/User Profile/View Profile/div_Contact Info' is clicked on

2022-07-06 17:17:02 - [MESSAGE][PASSED] - Object: 'Object Repository/03-Header Menu/User Profile/View Profile/div_Contact Info' is clicked on

2022-07-06 17:17:02 - [TEST_STEP][PASSED] - delay(1): Delayed 1 second(s)

2022-07-06 17:17:03 - [MESSAGE][PASSED] - Delayed 1 second(s)

2022-07-06 17:17:03 - [TEST_STEP][PASSED] - click(findTestObject("03-Header Menu/User Profile/View Profile/Contact Info/add address button")): Object: 'Object Repository/03-Header Menu/User Profile/View Profile/Contact Info/add address button' is clicked on

2022-07-06 17:17:03 - [MESSAGE][PASSED] - Object: 'Object Repository/03-Header Menu/User Profile/View Profile/Contact Info/add address button' is clicked on

2022-07-06 17:17:03 - [TEST_STEP][FAILED] - verifyElementVisible(findTestObject("03-Header Menu/User Profile/View Profile/Contact Info/h4_Edit Address")): Unable to verify object 'Object Repository/03-Header Menu/User Profile/View Profile/Contact Info/h4_Edit Address' is visible (Root cause: com.kms.katalon.core.exception.StepFailedException: Unable to verify object 'Object Repository/03-Header Menu/User Profile/View Profile/Contact Info/h4_Edit Address' is visible
	at com.kms.katalon.core.webui.keyword.internal.WebUIKeywordMain.stepFailed(WebUIKeywordMain.groovy:64)
	at com.kms.katalon.core.webui.keyword.internal.WebUIKeywordMain.runKeyword(WebUIKeywordMain.groovy:26)
	at com.kms.katalon.core.webui.keyword.builtin.VerifyElementVisibleKeyword.verifyElementVisible(VerifyElementVisibleKeyword.groovy:97)
	at com.kms.katalon.core.webui.keyword.builtin.VerifyElementVisibleKeyword.execute(VerifyElementVisibleKeyword.groovy:67)
	at com.kms.katalon.core.keyword.internal.KeywordExecutor.executeKeywordForPlatform(KeywordExecutor.groovy:74)
	at com.kms.katalon.core.webui.keyword.WebUiBuiltInKeywords.verifyElementVisible(WebUiBuiltInKeywords.groovy:376)
	at com.kms.katalon.core.webui.keyword.WebUiBuiltInKeywords$verifyElementVisible$13.call(Unknown Source)
	at 14- Contact Info (add-remove address).run(14- Contact Info (add-remove address):28)
	at com.kms.katalon.core.main.ScriptEngine.run(ScriptEngine.java:194)
	at com.kms.katalon.core.main.ScriptEngine.runScriptAsRawText(ScriptEngine.java:119)
	at com.kms.katalon.core.main.TestCaseExecutor.runScript(TestCaseExecutor.java:445)
	at com.kms.katalon.core.main.TestCaseExecutor.doExecute(TestCaseExecutor.java:436)
	at com.kms.katalon.core.main.TestCaseExecutor.processExecutionPhase(TestCaseExecutor.java:415)
	at com.kms.katalon.core.main.TestCaseExecutor.accessMainPhase(TestCaseExecutor.java:407)
	at com.kms.katalon.core.main.TestCaseExecutor.execute(TestCaseExecutor.java:284)
	at com.kms.katalon.core.common.CommonExecutor.accessTestCaseMainPhase(CommonExecutor.java:65)
	at com.kms.katalon.core.main.TestSuiteExecutor.accessTestSuiteMainPhase(TestSuiteExecutor.java:144)
	at com.kms.katalon.core.main.TestSuiteExecutor.execute(TestSuiteExecutor.java:106)
	at com.kms.katalon.core.main.TestCaseMain.startTestSuite(TestCaseMain.java:185)
	at com.kms.katalon.core.main.TestCaseMain$startTestSuite$0.call(Unknown Source)
	at TempTestSuite1657098613835.run(TempTestSuite1657098613835.groovy:36)
Caused by: com.kms.katalon.core.exception.StepFailedException: Web element with id: 'Object Repository/03-Header Menu/User Profile/View Profile/Contact Info/h4_Edit Address' located by '//h4[(text() = 'Edit Address' or . = 'Edit Address')]' not found
	at com.kms.katalon.core.webui.keyword.internal.WebUIKeywordMain.stepFailed(WebUIKeywordMain.groovy:64)
	at com.kms.katalon.core.webui.keyword.builtin.VerifyElementVisibleKeyword$_verifyElementVisible_closure1.doCall(VerifyElementVisibleKeyword.groovy:89)
	at com.kms.katalon.core.webui.keyword.builtin.VerifyElementVisibleKeyword$_verifyElementVisible_closure1.call(VerifyElementVisibleKeyword.groovy)
	at com.kms.katalon.core.webui.keyword.internal.WebUIKeywordMain.runKeyword(WebUIKeywordMain.groovy:20)
	... 19 more
)

2022-07-06 17:17:35 - [MESSAGE][INFO] - Unable to find the element located by 'By.xpath: //h4[(text() = 'Edit Address' or . = 'Edit Address')]'. Please recheck the objects properties to make sure the desired element is located. 

2022-07-06 17:17:35 - [MESSAGE][FAILED] - Web element with id: 'Object Repository/03-Header Menu/User Profile/View Profile/Contact Info/h4_Edit Address' located by '//h4[(text() = 'Edit Address' or . = 'Edit Address')]' not found (Root cause: com.kms.katalon.core.exception.StepFailedException: Web element with id: 'Object Repository/03-Header Menu/User Profile/View Profile/Contact Info/h4_Edit Address' located by '//h4[(text() = 'Edit Address' or . = 'Edit Address')]' not found
	at com.kms.katalon.core.webui.keyword.internal.WebUIKeywordMain.stepFailed(WebUIKeywordMain.groovy:64)
	at com.kms.katalon.core.webui.keyword.builtin.VerifyElementVisibleKeyword$_verifyElementVisible_closure1.doCall(VerifyElementVisibleKeyword.groovy:89)
	at com.kms.katalon.core.webui.keyword.builtin.VerifyElementVisibleKeyword$_verifyElementVisible_closure1.call(VerifyElementVisibleKeyword.groovy)
	at com.kms.katalon.core.webui.keyword.internal.WebUIKeywordMain.runKeyword(WebUIKeywordMain.groovy:20)
	at com.kms.katalon.core.webui.keyword.builtin.VerifyElementVisibleKeyword.verifyElementVisible(VerifyElementVisibleKeyword.groovy:97)
	at com.kms.katalon.core.webui.keyword.builtin.VerifyElementVisibleKeyword.execute(VerifyElementVisibleKeyword.groovy:67)
	at com.kms.katalon.core.keyword.internal.KeywordExecutor.executeKeywordForPlatform(KeywordExecutor.groovy:74)
	at com.kms.katalon.core.webui.keyword.WebUiBuiltInKeywords.verifyElementVisible(WebUiBuiltInKeywords.groovy:376)
	at com.kms.katalon.core.webui.keyword.WebUiBuiltInKeywords$verifyElementVisible$13.call(Unknown Source)
	at 14- Contact Info (add-remove address).run(14- Contact Info (add-remove address):28)
	at com.kms.katalon.core.main.ScriptEngine.run(ScriptEngine.java:194)
	at com.kms.katalon.core.main.ScriptEngine.runScriptAsRawText(ScriptEngine.java:119)
	at com.kms.katalon.core.main.TestCaseExecutor.runScript(TestCaseExecutor.java:445)
	at com.kms.katalon.core.main.TestCaseExecutor.doExecute(TestCaseExecutor.java:436)
	at com.kms.katalon.core.main.TestCaseExecutor.processExecutionPhase(TestCaseExecutor.java:415)
	at com.kms.katalon.core.main.TestCaseExecutor.accessMainPhase(TestCaseExecutor.java:407)
	at com.kms.katalon.core.main.TestCaseExecutor.execute(TestCaseExecutor.java:284)
	at com.kms.katalon.core.common.CommonExecutor.accessTestCaseMainPhase(CommonExecutor.java:65)
	at com.kms.katalon.core.main.TestSuiteExecutor.accessTestSuiteMainPhase(TestSuiteExecutor.java:144)
	at com.kms.katalon.core.main.TestSuiteExecutor.execute(TestSuiteExecutor.java:106)
	at com.kms.katalon.core.main.TestCaseMain.startTestSuite(TestCaseMain.java:185)
	at com.kms.katalon.core.main.TestCaseMain$startTestSuite$0.call(Unknown Source)
	at TempTestSuite1657098613835.run(TempTestSuite1657098613835.groovy:36)
)
[[ATTACHMENT|C:\\Users\\User\\Katalon Studio\\EverleaguesMain\\Reports\\20220706_171012\\TS-Organization\\03-Header Menu\\20220706_171013\\1657099055215.png]]

2022-07-06 17:17:35 - [MESSAGE][FAILED] - Unable to verify object 'Object Repository/03-Header Menu/User Profile/View Profile/Contact Info/h4_Edit Address' is visible (Root cause: com.kms.katalon.core.exception.StepFailedException: Unable to verify object 'Object Repository/03-Header Menu/User Profile/View Profile/Contact Info/h4_Edit Address' is visible
	at com.kms.katalon.core.webui.keyword.internal.WebUIKeywordMain.stepFailed(WebUIKeywordMain.groovy:64)
	at com.kms.katalon.core.webui.keyword.internal.WebUIKeywordMain.runKeyword(WebUIKeywordMain.groovy:26)
	at com.kms.katalon.core.webui.keyword.builtin.VerifyElementVisibleKeyword.verifyElementVisible(VerifyElementVisibleKeyword.groovy:97)
	at com.kms.katalon.core.webui.keyword.builtin.VerifyElementVisibleKeyword.execute(VerifyElementVisibleKeyword.groovy:67)
	at com.kms.katalon.core.keyword.internal.KeywordExecutor.executeKeywordForPlatform(KeywordExecutor.groovy:74)
	at com.kms.katalon.core.webui.keyword.WebUiBuiltInKeywords.verifyElementVisible(WebUiBuiltInKeywords.groovy:376)
	at com.kms.katalon.core.webui.keyword.WebUiBuiltInKeywords$verifyElementVisible$13.call(Unknown Source)
	at 14- Contact Info (add-remove address).run(14- Contact Info (add-remove address):28)
	at com.kms.katalon.core.main.ScriptEngine.run(ScriptEngine.java:194)
	at com.kms.katalon.core.main.ScriptEngine.runScriptAsRawText(ScriptEngine.java:119)
	at com.kms.katalon.core.main.TestCaseExecutor.runScript(TestCaseExecutor.java:445)
	at com.kms.katalon.core.main.TestCaseExecutor.doExecute(TestCaseExecutor.java:436)
	at com.kms.katalon.core.main.TestCaseExecutor.processExecutionPhase(TestCaseExecutor.java:415)
	at com.kms.katalon.core.main.TestCaseExecutor.accessMainPhase(TestCaseExecutor.java:407)
	at com.kms.katalon.core.main.TestCaseExecutor.execute(TestCaseExecutor.java:284)
	at com.kms.katalon.core.common.CommonExecutor.accessTestCaseMainPhase(CommonExecutor.java:65)
	at com.kms.katalon.core.main.TestSuiteExecutor.accessTestSuiteMainPhase(TestSuiteExecutor.java:144)
	at com.kms.katalon.core.main.TestSuiteExecutor.execute(TestSuiteExecutor.java:106)
	at com.kms.katalon.core.main.TestCaseMain.startTestSuite(TestCaseMain.java:185)
	at com.kms.katalon.core.main.TestCaseMain$startTestSuite$0.call(Unknown Source)
	at TempTestSuite1657098613835.run(TempTestSuite1657098613835.groovy:36)
Caused by: com.kms.katalon.core.exception.StepFailedException: Web element with id: 'Object Repository/03-Header Menu/User Profile/View Profile/Contact Info/h4_Edit Address' located by '//h4[(text() = 'Edit Address' or . = 'Edit Address')]' not found
	at com.kms.katalon.core.webui.keyword.internal.WebUIKeywordMain.stepFailed(WebUIKeywordMain.groovy:64)
	at com.kms.katalon.core.webui.keyword.builtin.VerifyElementVisibleKeyword$_verifyElementVisible_closure1.doCall(VerifyElementVisibleKeyword.groovy:89)
	at com.kms.katalon.core.webui.keyword.builtin.VerifyElementVisibleKeyword$_verifyElementVisible_closure1.call(VerifyElementVisibleKeyword.groovy)
	at com.kms.katalon.core.webui.keyword.internal.WebUIKeywordMain.runKeyword(WebUIKeywordMain.groovy:20)
	... 19 more
)
[[ATTACHMENT|C:\\Users\\User\\Katalon Studio\\EverleaguesMain\\Reports\\20220706_171012\\TS-Organization\\03-Header Menu\\20220706_171013\\1657099055361.png]]]]></system-out>
         <system-err><![CDATA[2022-07-06 17:16:59 - [TEST_CASE][FAILED] - Test Cases/03-Header Menu/14- Contact Info (add-remove address): Test Cases/03-Header Menu/14- Contact Info (add-remove address) FAILED.
Reason:
com.kms.katalon.core.exception.StepFailedException: Unable to verify object 'Object Repository/03-Header Menu/User Profile/View Profile/Contact Info/h4_Edit Address' is visible
	at com.kms.katalon.core.webui.keyword.internal.WebUIKeywordMain.stepFailed(WebUIKeywordMain.groovy:64)
	at com.kms.katalon.core.webui.keyword.internal.WebUIKeywordMain.runKeyword(WebUIKeywordMain.groovy:26)
	at com.kms.katalon.core.webui.keyword.builtin.VerifyElementVisibleKeyword.verifyElementVisible(VerifyElementVisibleKeyword.groovy:97)
	at com.kms.katalon.core.webui.keyword.builtin.VerifyElementVisibleKeyword.execute(VerifyElementVisibleKeyword.groovy:67)
	at com.kms.katalon.core.keyword.internal.KeywordExecutor.executeKeywordForPlatform(KeywordExecutor.groovy:74)
	at com.kms.katalon.core.webui.keyword.WebUiBuiltInKeywords.verifyElementVisible(WebUiBuiltInKeywords.groovy:376)
	at com.kms.katalon.core.webui.keyword.WebUiBuiltInKeywords$verifyElementVisible$13.call(Unknown Source)
	at 14- Contact Info (add-remove address).run(14- Contact Info (add-remove address):28)
	at com.kms.katalon.core.main.ScriptEngine.run(ScriptEngine.java:194)
	at com.kms.katalon.core.main.ScriptEngine.runScriptAsRawText(ScriptEngine.java:119)
	at com.kms.katalon.core.main.TestCaseExecutor.runScript(TestCaseExecutor.java:445)
	at com.kms.katalon.core.main.TestCaseExecutor.doExecute(TestCaseExecutor.java:436)
	at com.kms.katalon.core.main.TestCaseExecutor.processExecutionPhase(TestCaseExecutor.java:415)
	at com.kms.katalon.core.main.TestCaseExecutor.accessMainPhase(TestCaseExecutor.java:407)
	at com.kms.katalon.core.main.TestCaseExecutor.execute(TestCaseExecutor.java:284)
	at com.kms.katalon.core.common.CommonExecutor.accessTestCaseMainPhase(CommonExecutor.java:65)
	at com.kms.katalon.core.main.TestSuiteExecutor.accessTestSuiteMainPhase(TestSuiteExecutor.java:144)
	at com.kms.katalon.core.main.TestSuiteExecutor.execute(TestSuiteExecutor.java:106)
	at com.kms.katalon.core.main.TestCaseMain.startTestSuite(TestCaseMain.java:185)
	at com.kms.katalon.core.main.TestCaseMain$startTestSuite$0.call(Unknown Source)
	at TempTestSuite1657098613835.run(TempTestSuite1657098613835.groovy:36)
Caused by: com.kms.katalon.core.exception.StepFailedException: Web element with id: 'Object Repository/03-Header Menu/User Profile/View Profile/Contact Info/h4_Edit Address' located by '//h4[(text() = 'Edit Address' or . = 'Edit Address')]' not found
	at com.kms.katalon.core.webui.keyword.internal.WebUIKeywordMain.stepFailed(WebUIKeywordMain.groovy:64)
	at com.kms.katalon.core.webui.keyword.builtin.VerifyElementVisibleKeyword$_verifyElementVisible_closure1.doCall(VerifyElementVisibleKeyword.groovy:89)
	at com.kms.katalon.core.webui.keyword.builtin.VerifyElementVisibleKeyword$_verifyElementVisible_closure1.call(VerifyElementVisibleKeyword.groovy)
	at com.kms.katalon.core.webui.keyword.internal.WebUIKeywordMain.runKeyword(WebUIKeywordMain.groovy:20)
	... 19 more]]></system-err>
      </testcase>
      <testcase name="Test Cases/03-Header Menu/15- Change Password (Blank Fields)" time="25.58" classname="Test Cases/03-Header Menu/15- Change Password (Blank Fields)" status="FAILED">
         <failure type="FAILED" message="Test Cases/03-Header Menu/15- Change Password (Blank Fields) FAILED.
Reason:
com.kms.katalon.core.exception.StepFailedException: Unable to maximize current window
	at com.kms.katalon.core.webui.keyword.internal.WebUIKeywordMain.stepFailed(WebUIKeywordMain.groovy:64)
	at com.kms.katalon.core.webui.keyword.internal.WebUIKeywordMain.runKeyword(WebUIKeywordMain.groovy:26)
	at com.kms.katalon.core.webui.keyword.builtin.MaximizeWindowKeyword.maximizeWindow(MaximizeWindowKeyword.groovy:74)
	at com.kms.katalon.core.webui.keyword.builtin.MaximizeWindowKeyword.execute(MaximizeWindowKeyword.groovy:69)
	at com.kms.katalon.core.keyword.internal.KeywordExecutor.executeKeywordForPlatform(KeywordExecutor.groovy:74)
	at com.kms.katalon.core.webui.keyword.WebUiBuiltInKeywords.maximizeWindow(WebUiBuiltInKeywords.groovy:283)
	at com.kms.katalon.core.webui.keyword.WebUiBuiltInKeywords$maximizeWindow$1.call(Unknown Source)
	at 15- Change Password (Blank Fields).run(15- Change Password (Blank Fields):24)
	at com.kms.katalon.core.main.ScriptEngine.run(ScriptEngine.java:194)
	at com.kms.katalon.core.main.ScriptEngine.runScriptAsRawText(ScriptEngine.java:119)
	at com.kms.katalon.core.main.TestCaseExecutor.runScript(TestCaseExecutor.java:445)
	at com.kms.katalon.core.main.TestCaseExecutor.doExecute(TestCaseExecutor.java:436)
	at com.kms.katalon.core.main.TestCaseExecutor.processExecutionPhase(TestCaseExecutor.java:415)
	at com.kms.katalon.core.main.TestCaseExecutor.accessMainPhase(TestCaseExecutor.java:407)
	at com.kms.katalon.core.main.TestCaseExecutor.execute(TestCaseExecutor.java:284)
	at com.kms.katalon.core.common.CommonExecutor.accessTestCaseMainPhase(CommonExecutor.java:65)
	at com.kms.katalon.core.main.TestSuiteExecutor.accessTestSuiteMainPhase(TestSuiteExecutor.java:144)
	at com.kms.katalon.core.main.TestSuiteExecutor.execute(TestSuiteExecutor.java:106)
	at com.kms.katalon.core.main.TestCaseMain.startTestSuite(TestCaseMain.java:185)
	at com.kms.katalon.core.main.TestCaseMain$startTestSuite$0.call(Unknown Source)
	at TempTestSuite1657098613835.run(TempTestSuite1657098613835.groovy:36)
Caused by: org.openqa.selenium.NoSuchWindowException: no such window: target window already closed
from unknown error: web view not found
  (Session info: chrome=103.0.5060.114)
Build info: version: '3.141.59', revision: 'e82be7d358', time: '2018-11-14T08:25:53'
System info: host: 'DESKTOP-QCRNR4M', ip: '192.168.5.89', os.name: 'Windows 10', os.arch: 'amd64', os.version: '10.0', java.version: '1.8.0_181'
Driver info: com.kms.katalon.selenium.driver.CChromeDriver
Capabilities {acceptInsecureCerts: false, browserName: chrome, browserVersion: 103.0.5060.114, chrome: {chromedriverVersion: 103.0.5060.53 (a1711811edd7..., userDataDir: C:\Users\User\AppData\Local...}, goog:chromeOptions: {debuggerAddress: localhost:60793}, javascriptEnabled: true, networkConnectionEnabled: false, pageLoadStrategy: normal, platform: WINDOWS, platformName: WINDOWS, proxy: Proxy(), setWindowRect: true, strictFileInteractability: false, timeouts: {implicit: 0, pageLoad: 300000, script: 30000}, unhandledPromptBehavior: dismiss and notify, webauthn:extension:credBlob: true, webauthn:extension:largeBlob: true, webauthn:virtualAuthenticators: true}
Session ID: e8307d521a24a782169105a02380b37e
	at org.openqa.selenium.remote.http.W3CHttpResponseCodec.createException(W3CHttpResponseCodec.java:187)
	at org.openqa.selenium.remote.http.W3CHttpResponseCodec.decode(W3CHttpResponseCodec.java:122)
	at org.openqa.selenium.remote.http.W3CHttpResponseCodec.decode(W3CHttpResponseCodec.java:49)
	at org.openqa.selenium.remote.HttpCommandExecutor.execute(HttpCommandExecutor.java:158)
	at org.openqa.selenium.remote.service.DriverCommandExecutor.execute(DriverCommandExecutor.java:83)
	at org.openqa.selenium.remote.RemoteWebDriver.execute(RemoteWebDriver.java:552)
	at com.kms.katalon.selenium.driver.CChromeDriver.execute(CChromeDriver.java:19)
	at org.openqa.selenium.remote.RemoteWebDriver.execute(RemoteWebDriver.java:609)
	at org.openqa.selenium.remote.RemoteWebDriver$RemoteWebDriverOptions$RemoteWindow.maximize(RemoteWebDriver.java:837)
	at org.openqa.selenium.support.events.EventFiringWebDriver$EventFiringWindow.maximize(EventFiringWebDriver.java:769)
	at com.kms.katalon.core.webui.keyword.builtin.MaximizeWindowKeyword$_maximizeWindow_closure1.doCall(MaximizeWindowKeyword.groovy:85)
	at com.kms.katalon.core.webui.keyword.builtin.MaximizeWindowKeyword$_maximizeWindow_closure1.call(MaximizeWindowKeyword.groovy)
	at com.kms.katalon.core.webui.keyword.internal.WebUIKeywordMain.runKeyword(WebUIKeywordMain.groovy:20)
	... 19 more
"/>
         <system-out><![CDATA[2022-07-06 17:17:35 - [TEST_CASE][FAILED] - Test Cases/03-Header Menu/15- Change Password (Blank Fields): Test Cases/03-Header Menu/15- Change Password (Blank Fields) FAILED.
Reason:
com.kms.katalon.core.exception.StepFailedException: Unable to maximize current window
	at com.kms.katalon.core.webui.keyword.internal.WebUIKeywordMain.stepFailed(WebUIKeywordMain.groovy:64)
	at com.kms.katalon.core.webui.keyword.internal.WebUIKeywordMain.runKeyword(WebUIKeywordMain.groovy:26)
	at com.kms.katalon.core.webui.keyword.builtin.MaximizeWindowKeyword.maximizeWindow(MaximizeWindowKeyword.groovy:74)
	at com.kms.katalon.core.webui.keyword.builtin.MaximizeWindowKeyword.execute(MaximizeWindowKeyword.groovy:69)
	at com.kms.katalon.core.keyword.internal.KeywordExecutor.executeKeywordForPlatform(KeywordExecutor.groovy:74)
	at com.kms.katalon.core.webui.keyword.WebUiBuiltInKeywords.maximizeWindow(WebUiBuiltInKeywords.groovy:283)
	at com.kms.katalon.core.webui.keyword.WebUiBuiltInKeywords$maximizeWindow$1.call(Unknown Source)
	at 15- Change Password (Blank Fields).run(15- Change Password (Blank Fields):24)
	at com.kms.katalon.core.main.ScriptEngine.run(ScriptEngine.java:194)
	at com.kms.katalon.core.main.ScriptEngine.runScriptAsRawText(ScriptEngine.java:119)
	at com.kms.katalon.core.main.TestCaseExecutor.runScript(TestCaseExecutor.java:445)
	at com.kms.katalon.core.main.TestCaseExecutor.doExecute(TestCaseExecutor.java:436)
	at com.kms.katalon.core.main.TestCaseExecutor.processExecutionPhase(TestCaseExecutor.java:415)
	at com.kms.katalon.core.main.TestCaseExecutor.accessMainPhase(TestCaseExecutor.java:407)
	at com.kms.katalon.core.main.TestCaseExecutor.execute(TestCaseExecutor.java:284)
	at com.kms.katalon.core.common.CommonExecutor.accessTestCaseMainPhase(CommonExecutor.java:65)
	at com.kms.katalon.core.main.TestSuiteExecutor.accessTestSuiteMainPhase(TestSuiteExecutor.java:144)
	at com.kms.katalon.core.main.TestSuiteExecutor.execute(TestSuiteExecutor.java:106)
	at com.kms.katalon.core.main.TestCaseMain.startTestSuite(TestCaseMain.java:185)
	at com.kms.katalon.core.main.TestCaseMain$startTestSuite$0.call(Unknown Source)
	at TempTestSuite1657098613835.run(TempTestSuite1657098613835.groovy:36)
Caused by: org.openqa.selenium.NoSuchWindowException: no such window: target window already closed
from unknown error: web view not found
  (Session info: chrome=103.0.5060.114)
Build info: version: '3.141.59', revision: 'e82be7d358', time: '2018-11-14T08:25:53'
System info: host: 'DESKTOP-QCRNR4M', ip: '192.168.5.89', os.name: 'Windows 10', os.arch: 'amd64', os.version: '10.0', java.version: '1.8.0_181'
Driver info: com.kms.katalon.selenium.driver.CChromeDriver
Capabilities {acceptInsecureCerts: false, browserName: chrome, browserVersion: 103.0.5060.114, chrome: {chromedriverVersion: 103.0.5060.53 (a1711811edd7..., userDataDir: C:\Users\User\AppData\Local...}, goog:chromeOptions: {debuggerAddress: localhost:60793}, javascriptEnabled: true, networkConnectionEnabled: false, pageLoadStrategy: normal, platform: WINDOWS, platformName: WINDOWS, proxy: Proxy(), setWindowRect: true, strictFileInteractability: false, timeouts: {implicit: 0, pageLoad: 300000, script: 30000}, unhandledPromptBehavior: dismiss and notify, webauthn:extension:credBlob: true, webauthn:extension:largeBlob: true, webauthn:virtualAuthenticators: true}
Session ID: e8307d521a24a782169105a02380b37e
	at org.openqa.selenium.remote.http.W3CHttpResponseCodec.createException(W3CHttpResponseCodec.java:187)
	at org.openqa.selenium.remote.http.W3CHttpResponseCodec.decode(W3CHttpResponseCodec.java:122)
	at org.openqa.selenium.remote.http.W3CHttpResponseCodec.decode(W3CHttpResponseCodec.java:49)
	at org.openqa.selenium.remote.HttpCommandExecutor.execute(HttpCommandExecutor.java:158)
	at org.openqa.selenium.remote.service.DriverCommandExecutor.execute(DriverCommandExecutor.java:83)
	at org.openqa.selenium.remote.RemoteWebDriver.execute(RemoteWebDriver.java:552)
	at com.kms.katalon.selenium.driver.CChromeDriver.execute(CChromeDriver.java:19)
	at org.openqa.selenium.remote.RemoteWebDriver.execute(RemoteWebDriver.java:609)
	at org.openqa.selenium.remote.RemoteWebDriver$RemoteWebDriverOptions$RemoteWindow.maximize(RemoteWebDriver.java:837)
	at org.openqa.selenium.support.events.EventFiringWebDriver$EventFiringWindow.maximize(EventFiringWebDriver.java:769)
	at com.kms.katalon.core.webui.keyword.builtin.MaximizeWindowKeyword$_maximizeWindow_closure1.doCall(MaximizeWindowKeyword.groovy:85)
	at com.kms.katalon.core.webui.keyword.builtin.MaximizeWindowKeyword$_maximizeWindow_closure1.call(MaximizeWindowKeyword.groovy)
	at com.kms.katalon.core.webui.keyword.internal.WebUIKeywordMain.runKeyword(WebUIKeywordMain.groovy:20)
	... 19 more


2022-07-06 17:17:35 - [TEST_STEP][PASSED] - openBrowser(""): Browser is opened with url: ''

2022-07-06 17:17:35 - [MESSAGE][WARNING] - A browser is already opened. Closing browser and opening a new one

2022-07-06 17:17:36 - [MESSAGE][INFO] - Starting 'Chrome' driver

2022-07-06 17:17:36 - [MESSAGE][INFO] - Action delay is set to 0 milliseconds

2022-07-06 17:17:37 - [MESSAGE][PASSED] - Browser is opened with url: ''

2022-07-06 17:17:37 - [TEST_STEP][PASSED] - navigateToUrl("https://lab.everleagues.com/login?returnUrl=%2Fmain%2Fdashboard"): Navigate to 'https://lab.everleagues.com/login?returnUrl=%2Fmain%2Fdashboard' successfully

2022-07-06 17:18:01 - [MESSAGE][PASSED] - Navigate to 'https://lab.everleagues.com/login?returnUrl=%2Fmain%2Fdashboard' successfully

2022-07-06 17:18:01 - [TEST_STEP][FAILED] - maximizeWindow(): Unable to maximize current window (Root cause: com.kms.katalon.core.exception.StepFailedException: Unable to maximize current window
	at com.kms.katalon.core.webui.keyword.internal.WebUIKeywordMain.stepFailed(WebUIKeywordMain.groovy:64)
	at com.kms.katalon.core.webui.keyword.internal.WebUIKeywordMain.runKeyword(WebUIKeywordMain.groovy:26)
	at com.kms.katalon.core.webui.keyword.builtin.MaximizeWindowKeyword.maximizeWindow(MaximizeWindowKeyword.groovy:74)
	at com.kms.katalon.core.webui.keyword.builtin.MaximizeWindowKeyword.execute(MaximizeWindowKeyword.groovy:69)
	at com.kms.katalon.core.keyword.internal.KeywordExecutor.executeKeywordForPlatform(KeywordExecutor.groovy:74)
	at com.kms.katalon.core.webui.keyword.WebUiBuiltInKeywords.maximizeWindow(WebUiBuiltInKeywords.groovy:283)
	at com.kms.katalon.core.webui.keyword.WebUiBuiltInKeywords$maximizeWindow$1.call(Unknown Source)
	at 15- Change Password (Blank Fields).run(15- Change Password (Blank Fields):24)
	at com.kms.katalon.core.main.ScriptEngine.run(ScriptEngine.java:194)
	at com.kms.katalon.core.main.ScriptEngine.runScriptAsRawText(ScriptEngine.java:119)
	at com.kms.katalon.core.main.TestCaseExecutor.runScript(TestCaseExecutor.java:445)
	at com.kms.katalon.core.main.TestCaseExecutor.doExecute(TestCaseExecutor.java:436)
	at com.kms.katalon.core.main.TestCaseExecutor.processExecutionPhase(TestCaseExecutor.java:415)
	at com.kms.katalon.core.main.TestCaseExecutor.accessMainPhase(TestCaseExecutor.java:407)
	at com.kms.katalon.core.main.TestCaseExecutor.execute(TestCaseExecutor.java:284)
	at com.kms.katalon.core.common.CommonExecutor.accessTestCaseMainPhase(CommonExecutor.java:65)
	at com.kms.katalon.core.main.TestSuiteExecutor.accessTestSuiteMainPhase(TestSuiteExecutor.java:144)
	at com.kms.katalon.core.main.TestSuiteExecutor.execute(TestSuiteExecutor.java:106)
	at com.kms.katalon.core.main.TestCaseMain.startTestSuite(TestCaseMain.java:185)
	at com.kms.katalon.core.main.TestCaseMain$startTestSuite$0.call(Unknown Source)
	at TempTestSuite1657098613835.run(TempTestSuite1657098613835.groovy:36)
Caused by: org.openqa.selenium.NoSuchWindowException: no such window: target window already closed
from unknown error: web view not found
  (Session info: chrome=103.0.5060.114)
Build info: version: '3.141.59', revision: 'e82be7d358', time: '2018-11-14T08:25:53'
System info: host: 'DESKTOP-QCRNR4M', ip: '192.168.5.89', os.name: 'Windows 10', os.arch: 'amd64', os.version: '10.0', java.version: '1.8.0_181'
Driver info: com.kms.katalon.selenium.driver.CChromeDriver
Capabilities {acceptInsecureCerts: false, browserName: chrome, browserVersion: 103.0.5060.114, chrome: {chromedriverVersion: 103.0.5060.53 (a1711811edd7..., userDataDir: C:\Users\User\AppData\Local...}, goog:chromeOptions: {debuggerAddress: localhost:60793}, javascriptEnabled: true, networkConnectionEnabled: false, pageLoadStrategy: normal, platform: WINDOWS, platformName: WINDOWS, proxy: Proxy(), setWindowRect: true, strictFileInteractability: false, timeouts: {implicit: 0, pageLoad: 300000, script: 30000}, unhandledPromptBehavior: dismiss and notify, webauthn:extension:credBlob: true, webauthn:extension:largeBlob: true, webauthn:virtualAuthenticators: true}
Session ID: e8307d521a24a782169105a02380b37e
	at org.openqa.selenium.remote.http.W3CHttpResponseCodec.createException(W3CHttpResponseCodec.java:187)
	at org.openqa.selenium.remote.http.W3CHttpResponseCodec.decode(W3CHttpResponseCodec.java:122)
	at org.openqa.selenium.remote.http.W3CHttpResponseCodec.decode(W3CHttpResponseCodec.java:49)
	at org.openqa.selenium.remote.HttpCommandExecutor.execute(HttpCommandExecutor.java:158)
	at org.openqa.selenium.remote.service.DriverCommandExecutor.execute(DriverCommandExecutor.java:83)
	at org.openqa.selenium.remote.RemoteWebDriver.execute(RemoteWebDriver.java:552)
	at com.kms.katalon.selenium.driver.CChromeDriver.execute(CChromeDriver.java:19)
	at org.openqa.selenium.remote.RemoteWebDriver.execute(RemoteWebDriver.java:609)
	at org.openqa.selenium.remote.RemoteWebDriver$RemoteWebDriverOptions$RemoteWindow.maximize(RemoteWebDriver.java:837)
	at org.openqa.selenium.support.events.EventFiringWebDriver$EventFiringWindow.maximize(EventFiringWebDriver.java:769)
	at com.kms.katalon.core.webui.keyword.builtin.MaximizeWindowKeyword$_maximizeWindow_closure1.doCall(MaximizeWindowKeyword.groovy:85)
	at com.kms.katalon.core.webui.keyword.builtin.MaximizeWindowKeyword$_maximizeWindow_closure1.call(MaximizeWindowKeyword.groovy)
	at com.kms.katalon.core.webui.keyword.internal.WebUIKeywordMain.runKeyword(WebUIKeywordMain.groovy:20)
	at com.kms.katalon.core.webui.keyword.builtin.MaximizeWindowKeyword.maximizeWindow(MaximizeWindowKeyword.groovy:74)
	at com.kms.katalon.core.webui.keyword.builtin.MaximizeWindowKeyword.execute(MaximizeWindowKeyword.groovy:69)
	at com.kms.katalon.core.keyword.internal.KeywordExecutor.executeKeywordForPlatform(KeywordExecutor.groovy:74)
	at com.kms.katalon.core.webui.keyword.WebUiBuiltInKeywords.maximizeWindow(WebUiBuiltInKeywords.groovy:283)
	at com.kms.katalon.core.webui.keyword.WebUiBuiltInKeywords$maximizeWindow$1.call(Unknown Source)
	at Script1652850973848.run(Script1652850973848.groovy:24)
	... 13 more
)

2022-07-06 17:18:01 - [MESSAGE][WARNING] - Cannot take screenshot

2022-07-06 17:18:01 - [MESSAGE][FAILED] - Unable to maximize current window (Root cause: com.kms.katalon.core.exception.StepFailedException: Unable to maximize current window
	at com.kms.katalon.core.webui.keyword.internal.WebUIKeywordMain.stepFailed(WebUIKeywordMain.groovy:64)
	at com.kms.katalon.core.webui.keyword.internal.WebUIKeywordMain.runKeyword(WebUIKeywordMain.groovy:26)
	at com.kms.katalon.core.webui.keyword.builtin.MaximizeWindowKeyword.maximizeWindow(MaximizeWindowKeyword.groovy:74)
	at com.kms.katalon.core.webui.keyword.builtin.MaximizeWindowKeyword.execute(MaximizeWindowKeyword.groovy:69)
	at com.kms.katalon.core.keyword.internal.KeywordExecutor.executeKeywordForPlatform(KeywordExecutor.groovy:74)
	at com.kms.katalon.core.webui.keyword.WebUiBuiltInKeywords.maximizeWindow(WebUiBuiltInKeywords.groovy:283)
	at com.kms.katalon.core.webui.keyword.WebUiBuiltInKeywords$maximizeWindow$1.call(Unknown Source)
	at 15- Change Password (Blank Fields).run(15- Change Password (Blank Fields):24)
	at com.kms.katalon.core.main.ScriptEngine.run(ScriptEngine.java:194)
	at com.kms.katalon.core.main.ScriptEngine.runScriptAsRawText(ScriptEngine.java:119)
	at com.kms.katalon.core.main.TestCaseExecutor.runScript(TestCaseExecutor.java:445)
	at com.kms.katalon.core.main.TestCaseExecutor.doExecute(TestCaseExecutor.java:436)
	at com.kms.katalon.core.main.TestCaseExecutor.processExecutionPhase(TestCaseExecutor.java:415)
	at com.kms.katalon.core.main.TestCaseExecutor.accessMainPhase(TestCaseExecutor.java:407)
	at com.kms.katalon.core.main.TestCaseExecutor.execute(TestCaseExecutor.java:284)
	at com.kms.katalon.core.common.CommonExecutor.accessTestCaseMainPhase(CommonExecutor.java:65)
	at com.kms.katalon.core.main.TestSuiteExecutor.accessTestSuiteMainPhase(TestSuiteExecutor.java:144)
	at com.kms.katalon.core.main.TestSuiteExecutor.execute(TestSuiteExecutor.java:106)
	at com.kms.katalon.core.main.TestCaseMain.startTestSuite(TestCaseMain.java:185)
	at com.kms.katalon.core.main.TestCaseMain$startTestSuite$0.call(Unknown Source)
	at TempTestSuite1657098613835.run(TempTestSuite1657098613835.groovy:36)
Caused by: org.openqa.selenium.NoSuchWindowException: no such window: target window already closed
from unknown error: web view not found
  (Session info: chrome=103.0.5060.114)
Build info: version: '3.141.59', revision: 'e82be7d358', time: '2018-11-14T08:25:53'
System info: host: 'DESKTOP-QCRNR4M', ip: '192.168.5.89', os.name: 'Windows 10', os.arch: 'amd64', os.version: '10.0', java.version: '1.8.0_181'
Driver info: com.kms.katalon.selenium.driver.CChromeDriver
Capabilities {acceptInsecureCerts: false, browserName: chrome, browserVersion: 103.0.5060.114, chrome: {chromedriverVersion: 103.0.5060.53 (a1711811edd7..., userDataDir: C:\Users\User\AppData\Local...}, goog:chromeOptions: {debuggerAddress: localhost:60793}, javascriptEnabled: true, networkConnectionEnabled: false, pageLoadStrategy: normal, platform: WINDOWS, platformName: WINDOWS, proxy: Proxy(), setWindowRect: true, strictFileInteractability: false, timeouts: {implicit: 0, pageLoad: 300000, script: 30000}, unhandledPromptBehavior: dismiss and notify, webauthn:extension:credBlob: true, webauthn:extension:largeBlob: true, webauthn:virtualAuthenticators: true}
Session ID: e8307d521a24a782169105a02380b37e
	at org.openqa.selenium.remote.http.W3CHttpResponseCodec.createException(W3CHttpResponseCodec.java:187)
	at org.openqa.selenium.remote.http.W3CHttpResponseCodec.decode(W3CHttpResponseCodec.java:122)
	at org.openqa.selenium.remote.http.W3CHttpResponseCodec.decode(W3CHttpResponseCodec.java:49)
	at org.openqa.selenium.remote.HttpCommandExecutor.execute(HttpCommandExecutor.java:158)
	at org.openqa.selenium.remote.service.DriverCommandExecutor.execute(DriverCommandExecutor.java:83)
	at org.openqa.selenium.remote.RemoteWebDriver.execute(RemoteWebDriver.java:552)
	at com.kms.katalon.selenium.driver.CChromeDriver.execute(CChromeDriver.java:19)
	at org.openqa.selenium.remote.RemoteWebDriver.execute(RemoteWebDriver.java:609)
	at org.openqa.selenium.remote.RemoteWebDriver$RemoteWebDriverOptions$RemoteWindow.maximize(RemoteWebDriver.java:837)
	at org.openqa.selenium.support.events.EventFiringWebDriver$EventFiringWindow.maximize(EventFiringWebDriver.java:769)
	at com.kms.katalon.core.webui.keyword.builtin.MaximizeWindowKeyword$_maximizeWindow_closure1.doCall(MaximizeWindowKeyword.groovy:85)
	at com.kms.katalon.core.webui.keyword.builtin.MaximizeWindowKeyword$_maximizeWindow_closure1.call(MaximizeWindowKeyword.groovy)
	at com.kms.katalon.core.webui.keyword.internal.WebUIKeywordMain.runKeyword(WebUIKeywordMain.groovy:20)
	at com.kms.katalon.core.webui.keyword.builtin.MaximizeWindowKeyword.maximizeWindow(MaximizeWindowKeyword.groovy:74)
	at com.kms.katalon.core.webui.keyword.builtin.MaximizeWindowKeyword.execute(MaximizeWindowKeyword.groovy:69)
	at com.kms.katalon.core.keyword.internal.KeywordExecutor.executeKeywordForPlatform(KeywordExecutor.groovy:74)
	at com.kms.katalon.core.webui.keyword.WebUiBuiltInKeywords.maximizeWindow(WebUiBuiltInKeywords.groovy:283)
	at com.kms.katalon.core.webui.keyword.WebUiBuiltInKeywords$maximizeWindow$1.call(Unknown Source)
	at Script1652850973848.run(Script1652850973848.groovy:24)
	... 13 more
)]]></system-out>
         <system-err><![CDATA[2022-07-06 17:17:35 - [TEST_CASE][FAILED] - Test Cases/03-Header Menu/15- Change Password (Blank Fields): Test Cases/03-Header Menu/15- Change Password (Blank Fields) FAILED.
Reason:
com.kms.katalon.core.exception.StepFailedException: Unable to maximize current window
	at com.kms.katalon.core.webui.keyword.internal.WebUIKeywordMain.stepFailed(WebUIKeywordMain.groovy:64)
	at com.kms.katalon.core.webui.keyword.internal.WebUIKeywordMain.runKeyword(WebUIKeywordMain.groovy:26)
	at com.kms.katalon.core.webui.keyword.builtin.MaximizeWindowKeyword.maximizeWindow(MaximizeWindowKeyword.groovy:74)
	at com.kms.katalon.core.webui.keyword.builtin.MaximizeWindowKeyword.execute(MaximizeWindowKeyword.groovy:69)
	at com.kms.katalon.core.keyword.internal.KeywordExecutor.executeKeywordForPlatform(KeywordExecutor.groovy:74)
	at com.kms.katalon.core.webui.keyword.WebUiBuiltInKeywords.maximizeWindow(WebUiBuiltInKeywords.groovy:283)
	at com.kms.katalon.core.webui.keyword.WebUiBuiltInKeywords$maximizeWindow$1.call(Unknown Source)
	at 15- Change Password (Blank Fields).run(15- Change Password (Blank Fields):24)
	at com.kms.katalon.core.main.ScriptEngine.run(ScriptEngine.java:194)
	at com.kms.katalon.core.main.ScriptEngine.runScriptAsRawText(ScriptEngine.java:119)
	at com.kms.katalon.core.main.TestCaseExecutor.runScript(TestCaseExecutor.java:445)
	at com.kms.katalon.core.main.TestCaseExecutor.doExecute(TestCaseExecutor.java:436)
	at com.kms.katalon.core.main.TestCaseExecutor.processExecutionPhase(TestCaseExecutor.java:415)
	at com.kms.katalon.core.main.TestCaseExecutor.accessMainPhase(TestCaseExecutor.java:407)
	at com.kms.katalon.core.main.TestCaseExecutor.execute(TestCaseExecutor.java:284)
	at com.kms.katalon.core.common.CommonExecutor.accessTestCaseMainPhase(CommonExecutor.java:65)
	at com.kms.katalon.core.main.TestSuiteExecutor.accessTestSuiteMainPhase(TestSuiteExecutor.java:144)
	at com.kms.katalon.core.main.TestSuiteExecutor.execute(TestSuiteExecutor.java:106)
	at com.kms.katalon.core.main.TestCaseMain.startTestSuite(TestCaseMain.java:185)
	at com.kms.katalon.core.main.TestCaseMain$startTestSuite$0.call(Unknown Source)
	at TempTestSuite1657098613835.run(TempTestSuite1657098613835.groovy:36)
Caused by: org.openqa.selenium.NoSuchWindowException: no such window: target window already closed
from unknown error: web view not found
  (Session info: chrome=103.0.5060.114)
Build info: version: '3.141.59', revision: 'e82be7d358', time: '2018-11-14T08:25:53'
System info: host: 'DESKTOP-QCRNR4M', ip: '192.168.5.89', os.name: 'Windows 10', os.arch: 'amd64', os.version: '10.0', java.version: '1.8.0_181'
Driver info: com.kms.katalon.selenium.driver.CChromeDriver
Capabilities {acceptInsecureCerts: false, browserName: chrome, browserVersion: 103.0.5060.114, chrome: {chromedriverVersion: 103.0.5060.53 (a1711811edd7..., userDataDir: C:\Users\User\AppData\Local...}, goog:chromeOptions: {debuggerAddress: localhost:60793}, javascriptEnabled: true, networkConnectionEnabled: false, pageLoadStrategy: normal, platform: WINDOWS, platformName: WINDOWS, proxy: Proxy(), setWindowRect: true, strictFileInteractability: false, timeouts: {implicit: 0, pageLoad: 300000, script: 30000}, unhandledPromptBehavior: dismiss and notify, webauthn:extension:credBlob: true, webauthn:extension:largeBlob: true, webauthn:virtualAuthenticators: true}
Session ID: e8307d521a24a782169105a02380b37e
	at org.openqa.selenium.remote.http.W3CHttpResponseCodec.createException(W3CHttpResponseCodec.java:187)
	at org.openqa.selenium.remote.http.W3CHttpResponseCodec.decode(W3CHttpResponseCodec.java:122)
	at org.openqa.selenium.remote.http.W3CHttpResponseCodec.decode(W3CHttpResponseCodec.java:49)
	at org.openqa.selenium.remote.HttpCommandExecutor.execute(HttpCommandExecutor.java:158)
	at org.openqa.selenium.remote.service.DriverCommandExecutor.execute(DriverCommandExecutor.java:83)
	at org.openqa.selenium.remote.RemoteWebDriver.execute(RemoteWebDriver.java:552)
	at com.kms.katalon.selenium.driver.CChromeDriver.execute(CChromeDriver.java:19)
	at org.openqa.selenium.remote.RemoteWebDriver.execute(RemoteWebDriver.java:609)
	at org.openqa.selenium.remote.RemoteWebDriver$RemoteWebDriverOptions$RemoteWindow.maximize(RemoteWebDriver.java:837)
	at org.openqa.selenium.support.events.EventFiringWebDriver$EventFiringWindow.maximize(EventFiringWebDriver.java:769)
	at com.kms.katalon.core.webui.keyword.builtin.MaximizeWindowKeyword$_maximizeWindow_closure1.doCall(MaximizeWindowKeyword.groovy:85)
	at com.kms.katalon.core.webui.keyword.builtin.MaximizeWindowKeyword$_maximizeWindow_closure1.call(MaximizeWindowKeyword.groovy)
	at com.kms.katalon.core.webui.keyword.internal.WebUIKeywordMain.runKeyword(WebUIKeywordMain.groovy:20)
	... 19 more]]></system-err>
      </testcase>
      <testcase name="Test Cases/03-Header Menu/16- Change Password (Incorrect Old Password)" time="0.373" classname="Test Cases/03-Header Menu/16- Change Password (Incorrect Old Password)" status="FAILED">
         <failure type="FAILED" message="Test Cases/03-Header Menu/16- Change Password (Incorrect Old Password) FAILED.
Reason:
com.kms.katalon.core.exception.StepFailedException: Unable to click on object 'Object Repository/03-Header Menu/User Profile/Users Profile menu and notification button/div_User drop down menu button'
	at com.kms.katalon.core.webui.keyword.internal.WebUIKeywordMain.stepFailed(WebUIKeywordMain.groovy:64)
	at com.kms.katalon.core.webui.keyword.internal.WebUIKeywordMain.runKeyword(WebUIKeywordMain.groovy:26)
	at com.kms.katalon.core.webui.keyword.builtin.ClickKeyword.click(ClickKeyword.groovy:74)
	at com.kms.katalon.core.webui.keyword.builtin.ClickKeyword.execute(ClickKeyword.groovy:40)
	at com.kms.katalon.core.keyword.internal.KeywordExecutor.executeKeywordForPlatform(KeywordExecutor.groovy:74)
	at com.kms.katalon.core.webui.keyword.WebUiBuiltInKeywords.click(WebUiBuiltInKeywords.groovy:620)
	at com.kms.katalon.core.webui.keyword.WebUiBuiltInKeywords$click$4.call(Unknown Source)
	at 16- Change Password (Incorrect Old Password).run(16- Change Password (Incorrect Old Password):20)
	at com.kms.katalon.core.main.ScriptEngine.run(ScriptEngine.java:194)
	at com.kms.katalon.core.main.ScriptEngine.runScriptAsRawText(ScriptEngine.java:119)
	at com.kms.katalon.core.main.TestCaseExecutor.runScript(TestCaseExecutor.java:445)
	at com.kms.katalon.core.main.TestCaseExecutor.doExecute(TestCaseExecutor.java:436)
	at com.kms.katalon.core.main.TestCaseExecutor.processExecutionPhase(TestCaseExecutor.java:415)
	at com.kms.katalon.core.main.TestCaseExecutor.accessMainPhase(TestCaseExecutor.java:407)
	at com.kms.katalon.core.main.TestCaseExecutor.execute(TestCaseExecutor.java:284)
	at com.kms.katalon.core.common.CommonExecutor.accessTestCaseMainPhase(CommonExecutor.java:65)
	at com.kms.katalon.core.main.TestSuiteExecutor.accessTestSuiteMainPhase(TestSuiteExecutor.java:144)
	at com.kms.katalon.core.main.TestSuiteExecutor.execute(TestSuiteExecutor.java:106)
	at com.kms.katalon.core.main.TestCaseMain.startTestSuite(TestCaseMain.java:185)
	at com.kms.katalon.core.main.TestCaseMain$startTestSuite$0.call(Unknown Source)
	at TempTestSuite1657098613835.run(TempTestSuite1657098613835.groovy:36)
Caused by: org.openqa.selenium.NoSuchWindowException: no such window: target window already closed
from unknown error: web view not found
  (Session info: chrome=103.0.5060.114)
Build info: version: '3.141.59', revision: 'e82be7d358', time: '2018-11-14T08:25:53'
System info: host: 'DESKTOP-QCRNR4M', ip: '192.168.5.89', os.name: 'Windows 10', os.arch: 'amd64', os.version: '10.0', java.version: '1.8.0_181'
Driver info: com.kms.katalon.selenium.driver.CChromeDriver
Capabilities {acceptInsecureCerts: false, browserName: chrome, browserVersion: 103.0.5060.114, chrome: {chromedriverVersion: 103.0.5060.53 (a1711811edd7..., userDataDir: C:\Users\User\AppData\Local...}, goog:chromeOptions: {debuggerAddress: localhost:60793}, javascriptEnabled: true, networkConnectionEnabled: false, pageLoadStrategy: normal, platform: WINDOWS, platformName: WINDOWS, proxy: Proxy(), setWindowRect: true, strictFileInteractability: false, timeouts: {implicit: 0, pageLoad: 300000, script: 30000}, unhandledPromptBehavior: dismiss and notify, webauthn:extension:credBlob: true, webauthn:extension:largeBlob: true, webauthn:virtualAuthenticators: true}
Session ID: e8307d521a24a782169105a02380b37e
*** Element info: {Using=xpath, value=(//user-avatar[contains(@class,'mat-list-avatar mat-menu-trigger')]//div)[1]}
	at org.openqa.selenium.remote.http.W3CHttpResponseCodec.createException(W3CHttpResponseCodec.java:187)
	at org.openqa.selenium.remote.http.W3CHttpResponseCodec.decode(W3CHttpResponseCodec.java:122)
	at org.openqa.selenium.remote.http.W3CHttpResponseCodec.decode(W3CHttpResponseCodec.java:49)
	at org.openqa.selenium.remote.HttpCommandExecutor.execute(HttpCommandExecutor.java:158)
	at org.openqa.selenium.remote.service.DriverCommandExecutor.execute(DriverCommandExecutor.java:83)
	at org.openqa.selenium.remote.RemoteWebDriver.execute(RemoteWebDriver.java:552)
	at com.kms.katalon.selenium.driver.CChromeDriver.execute(CChromeDriver.java:19)
	at org.openqa.selenium.remote.RemoteWebDriver.findElements(RemoteWebDriver.java:353)
	at org.openqa.selenium.remote.RemoteWebDriver.findElementsByXPath(RemoteWebDriver.java:432)
	at org.openqa.selenium.By$ByXPath.findElements(By.java:348)
	at org.openqa.selenium.remote.RemoteWebDriver.findElements(RemoteWebDriver.java:311)
	at org.openqa.selenium.support.events.EventFiringWebDriver.lambda$new$1(EventFiringWebDriver.java:105)
	at com.sun.proxy.$Proxy10.findElements(Unknown Source)
	at org.openqa.selenium.support.events.EventFiringWebDriver.findElements(EventFiringWebDriver.java:182)
	at com.kms.katalon.core.webui.common.WebUiCommonHelper.findElementByNormalMethods(WebUiCommonHelper.java:1016)
	at com.kms.katalon.core.webui.common.WebUiCommonHelper.findElementsBySelectedMethod(WebUiCommonHelper.java:911)
	at com.kms.katalon.core.webui.common.WebUiCommonHelper.findElementsBySelectedMethod(WebUiCommonHelper.java:894)
	at com.kms.katalon.core.webui.common.WebUiCommonHelper.findElementsBySelectedMethod(WebUiCommonHelper.java:889)
	at com.kms.katalon.core.webui.common.WebUiCommonHelper.findElementsByDefault(WebUiCommonHelper.java:885)
	at com.kms.katalon.core.webui.common.WebUiCommonHelper.findWebElements(WebUiCommonHelper.java:720)
	at com.kms.katalon.core.webui.common.WebUiCommonHelper.findWebElement(WebUiCommonHelper.java:1365)
	at com.kms.katalon.core.webui.keyword.internal.WebUIAbstractKeyword.findWebElement(WebUIAbstractKeyword.groovy:27)
	at com.kms.katalon.core.webui.keyword.builtin.ClickKeyword$_click_closure1.doCall(ClickKeyword.groovy:65)
	at com.kms.katalon.core.webui.keyword.builtin.ClickKeyword$_click_closure1.call(ClickKeyword.groovy)
	at com.kms.katalon.core.webui.keyword.internal.WebUIKeywordMain.runKeyword(WebUIKeywordMain.groovy:20)
	... 19 more
"/>
         <system-out><![CDATA[2022-07-06 17:18:01 - [TEST_CASE][FAILED] - Test Cases/03-Header Menu/16- Change Password (Incorrect Old Password): Test Cases/03-Header Menu/16- Change Password (Incorrect Old Password) FAILED.
Reason:
com.kms.katalon.core.exception.StepFailedException: Unable to click on object 'Object Repository/03-Header Menu/User Profile/Users Profile menu and notification button/div_User drop down menu button'
	at com.kms.katalon.core.webui.keyword.internal.WebUIKeywordMain.stepFailed(WebUIKeywordMain.groovy:64)
	at com.kms.katalon.core.webui.keyword.internal.WebUIKeywordMain.runKeyword(WebUIKeywordMain.groovy:26)
	at com.kms.katalon.core.webui.keyword.builtin.ClickKeyword.click(ClickKeyword.groovy:74)
	at com.kms.katalon.core.webui.keyword.builtin.ClickKeyword.execute(ClickKeyword.groovy:40)
	at com.kms.katalon.core.keyword.internal.KeywordExecutor.executeKeywordForPlatform(KeywordExecutor.groovy:74)
	at com.kms.katalon.core.webui.keyword.WebUiBuiltInKeywords.click(WebUiBuiltInKeywords.groovy:620)
	at com.kms.katalon.core.webui.keyword.WebUiBuiltInKeywords$click$4.call(Unknown Source)
	at 16- Change Password (Incorrect Old Password).run(16- Change Password (Incorrect Old Password):20)
	at com.kms.katalon.core.main.ScriptEngine.run(ScriptEngine.java:194)
	at com.kms.katalon.core.main.ScriptEngine.runScriptAsRawText(ScriptEngine.java:119)
	at com.kms.katalon.core.main.TestCaseExecutor.runScript(TestCaseExecutor.java:445)
	at com.kms.katalon.core.main.TestCaseExecutor.doExecute(TestCaseExecutor.java:436)
	at com.kms.katalon.core.main.TestCaseExecutor.processExecutionPhase(TestCaseExecutor.java:415)
	at com.kms.katalon.core.main.TestCaseExecutor.accessMainPhase(TestCaseExecutor.java:407)
	at com.kms.katalon.core.main.TestCaseExecutor.execute(TestCaseExecutor.java:284)
	at com.kms.katalon.core.common.CommonExecutor.accessTestCaseMainPhase(CommonExecutor.java:65)
	at com.kms.katalon.core.main.TestSuiteExecutor.accessTestSuiteMainPhase(TestSuiteExecutor.java:144)
	at com.kms.katalon.core.main.TestSuiteExecutor.execute(TestSuiteExecutor.java:106)
	at com.kms.katalon.core.main.TestCaseMain.startTestSuite(TestCaseMain.java:185)
	at com.kms.katalon.core.main.TestCaseMain$startTestSuite$0.call(Unknown Source)
	at TempTestSuite1657098613835.run(TempTestSuite1657098613835.groovy:36)
Caused by: org.openqa.selenium.NoSuchWindowException: no such window: target window already closed
from unknown error: web view not found
  (Session info: chrome=103.0.5060.114)
Build info: version: '3.141.59', revision: 'e82be7d358', time: '2018-11-14T08:25:53'
System info: host: 'DESKTOP-QCRNR4M', ip: '192.168.5.89', os.name: 'Windows 10', os.arch: 'amd64', os.version: '10.0', java.version: '1.8.0_181'
Driver info: com.kms.katalon.selenium.driver.CChromeDriver
Capabilities {acceptInsecureCerts: false, browserName: chrome, browserVersion: 103.0.5060.114, chrome: {chromedriverVersion: 103.0.5060.53 (a1711811edd7..., userDataDir: C:\Users\User\AppData\Local...}, goog:chromeOptions: {debuggerAddress: localhost:60793}, javascriptEnabled: true, networkConnectionEnabled: false, pageLoadStrategy: normal, platform: WINDOWS, platformName: WINDOWS, proxy: Proxy(), setWindowRect: true, strictFileInteractability: false, timeouts: {implicit: 0, pageLoad: 300000, script: 30000}, unhandledPromptBehavior: dismiss and notify, webauthn:extension:credBlob: true, webauthn:extension:largeBlob: true, webauthn:virtualAuthenticators: true}
Session ID: e8307d521a24a782169105a02380b37e
*** Element info: {Using=xpath, value=(//user-avatar[contains(@class,'mat-list-avatar mat-menu-trigger')]//div)[1]}
	at org.openqa.selenium.remote.http.W3CHttpResponseCodec.createException(W3CHttpResponseCodec.java:187)
	at org.openqa.selenium.remote.http.W3CHttpResponseCodec.decode(W3CHttpResponseCodec.java:122)
	at org.openqa.selenium.remote.http.W3CHttpResponseCodec.decode(W3CHttpResponseCodec.java:49)
	at org.openqa.selenium.remote.HttpCommandExecutor.execute(HttpCommandExecutor.java:158)
	at org.openqa.selenium.remote.service.DriverCommandExecutor.execute(DriverCommandExecutor.java:83)
	at org.openqa.selenium.remote.RemoteWebDriver.execute(RemoteWebDriver.java:552)
	at com.kms.katalon.selenium.driver.CChromeDriver.execute(CChromeDriver.java:19)
	at org.openqa.selenium.remote.RemoteWebDriver.findElements(RemoteWebDriver.java:353)
	at org.openqa.selenium.remote.RemoteWebDriver.findElementsByXPath(RemoteWebDriver.java:432)
	at org.openqa.selenium.By$ByXPath.findElements(By.java:348)
	at org.openqa.selenium.remote.RemoteWebDriver.findElements(RemoteWebDriver.java:311)
	at org.openqa.selenium.support.events.EventFiringWebDriver.lambda$new$1(EventFiringWebDriver.java:105)
	at com.sun.proxy.$Proxy10.findElements(Unknown Source)
	at org.openqa.selenium.support.events.EventFiringWebDriver.findElements(EventFiringWebDriver.java:182)
	at com.kms.katalon.core.webui.common.WebUiCommonHelper.findElementByNormalMethods(WebUiCommonHelper.java:1016)
	at com.kms.katalon.core.webui.common.WebUiCommonHelper.findElementsBySelectedMethod(WebUiCommonHelper.java:911)
	at com.kms.katalon.core.webui.common.WebUiCommonHelper.findElementsBySelectedMethod(WebUiCommonHelper.java:894)
	at com.kms.katalon.core.webui.common.WebUiCommonHelper.findElementsBySelectedMethod(WebUiCommonHelper.java:889)
	at com.kms.katalon.core.webui.common.WebUiCommonHelper.findElementsByDefault(WebUiCommonHelper.java:885)
	at com.kms.katalon.core.webui.common.WebUiCommonHelper.findWebElements(WebUiCommonHelper.java:720)
	at com.kms.katalon.core.webui.common.WebUiCommonHelper.findWebElement(WebUiCommonHelper.java:1365)
	at com.kms.katalon.core.webui.keyword.internal.WebUIAbstractKeyword.findWebElement(WebUIAbstractKeyword.groovy:27)
	at com.kms.katalon.core.webui.keyword.builtin.ClickKeyword$_click_closure1.doCall(ClickKeyword.groovy:65)
	at com.kms.katalon.core.webui.keyword.builtin.ClickKeyword$_click_closure1.call(ClickKeyword.groovy)
	at com.kms.katalon.core.webui.keyword.internal.WebUIKeywordMain.runKeyword(WebUIKeywordMain.groovy:20)
	... 19 more


2022-07-06 17:18:01 - [TEST_STEP][FAILED] - click(findTestObject("03-Header Menu/User Profile/Users Profile menu and notification button/div_User drop down menu button")): Unable to click on object 'Object Repository/03-Header Menu/User Profile/Users Profile menu and notification button/div_User drop down menu button' (Root cause: com.kms.katalon.core.exception.StepFailedException: Unable to click on object 'Object Repository/03-Header Menu/User Profile/Users Profile menu and notification button/div_User drop down menu button'
	at com.kms.katalon.core.webui.keyword.internal.WebUIKeywordMain.stepFailed(WebUIKeywordMain.groovy:64)
	at com.kms.katalon.core.webui.keyword.internal.WebUIKeywordMain.runKeyword(WebUIKeywordMain.groovy:26)
	at com.kms.katalon.core.webui.keyword.builtin.ClickKeyword.click(ClickKeyword.groovy:74)
	at com.kms.katalon.core.webui.keyword.builtin.ClickKeyword.execute(ClickKeyword.groovy:40)
	at com.kms.katalon.core.keyword.internal.KeywordExecutor.executeKeywordForPlatform(KeywordExecutor.groovy:74)
	at com.kms.katalon.core.webui.keyword.WebUiBuiltInKeywords.click(WebUiBuiltInKeywords.groovy:620)
	at com.kms.katalon.core.webui.keyword.WebUiBuiltInKeywords$click$4.call(Unknown Source)
	at 16- Change Password (Incorrect Old Password).run(16- Change Password (Incorrect Old Password):20)
	at com.kms.katalon.core.main.ScriptEngine.run(ScriptEngine.java:194)
	at com.kms.katalon.core.main.ScriptEngine.runScriptAsRawText(ScriptEngine.java:119)
	at com.kms.katalon.core.main.TestCaseExecutor.runScript(TestCaseExecutor.java:445)
	at com.kms.katalon.core.main.TestCaseExecutor.doExecute(TestCaseExecutor.java:436)
	at com.kms.katalon.core.main.TestCaseExecutor.processExecutionPhase(TestCaseExecutor.java:415)
	at com.kms.katalon.core.main.TestCaseExecutor.accessMainPhase(TestCaseExecutor.java:407)
	at com.kms.katalon.core.main.TestCaseExecutor.execute(TestCaseExecutor.java:284)
	at com.kms.katalon.core.common.CommonExecutor.accessTestCaseMainPhase(CommonExecutor.java:65)
	at com.kms.katalon.core.main.TestSuiteExecutor.accessTestSuiteMainPhase(TestSuiteExecutor.java:144)
	at com.kms.katalon.core.main.TestSuiteExecutor.execute(TestSuiteExecutor.java:106)
	at com.kms.katalon.core.main.TestCaseMain.startTestSuite(TestCaseMain.java:185)
	at com.kms.katalon.core.main.TestCaseMain$startTestSuite$0.call(Unknown Source)
	at TempTestSuite1657098613835.run(TempTestSuite1657098613835.groovy:36)
Caused by: org.openqa.selenium.NoSuchWindowException: no such window: target window already closed
from unknown error: web view not found
  (Session info: chrome=103.0.5060.114)
Build info: version: '3.141.59', revision: 'e82be7d358', time: '2018-11-14T08:25:53'
System info: host: 'DESKTOP-QCRNR4M', ip: '192.168.5.89', os.name: 'Windows 10', os.arch: 'amd64', os.version: '10.0', java.version: '1.8.0_181'
Driver info: com.kms.katalon.selenium.driver.CChromeDriver
Capabilities {acceptInsecureCerts: false, browserName: chrome, browserVersion: 103.0.5060.114, chrome: {chromedriverVersion: 103.0.5060.53 (a1711811edd7..., userDataDir: C:\Users\User\AppData\Local...}, goog:chromeOptions: {debuggerAddress: localhost:60793}, javascriptEnabled: true, networkConnectionEnabled: false, pageLoadStrategy: normal, platform: WINDOWS, platformName: WINDOWS, proxy: Proxy(), setWindowRect: true, strictFileInteractability: false, timeouts: {implicit: 0, pageLoad: 300000, script: 30000}, unhandledPromptBehavior: dismiss and notify, webauthn:extension:credBlob: true, webauthn:extension:largeBlob: true, webauthn:virtualAuthenticators: true}
Session ID: e8307d521a24a782169105a02380b37e
*** Element info: {Using=xpath, value=(//user-avatar[contains(@class,'mat-list-avatar mat-menu-trigger')]//div)[1]}
	at org.openqa.selenium.remote.http.W3CHttpResponseCodec.createException(W3CHttpResponseCodec.java:187)
	at org.openqa.selenium.remote.http.W3CHttpResponseCodec.decode(W3CHttpResponseCodec.java:122)
	at org.openqa.selenium.remote.http.W3CHttpResponseCodec.decode(W3CHttpResponseCodec.java:49)
	at org.openqa.selenium.remote.HttpCommandExecutor.execute(HttpCommandExecutor.java:158)
	at org.openqa.selenium.remote.service.DriverCommandExecutor.execute(DriverCommandExecutor.java:83)
	at org.openqa.selenium.remote.RemoteWebDriver.execute(RemoteWebDriver.java:552)
	at com.kms.katalon.selenium.driver.CChromeDriver.execute(CChromeDriver.java:19)
	at org.openqa.selenium.remote.RemoteWebDriver.findElements(RemoteWebDriver.java:353)
	at org.openqa.selenium.remote.RemoteWebDriver.findElementsByXPath(RemoteWebDriver.java:432)
	at org.openqa.selenium.By$ByXPath.findElements(By.java:348)
	at org.openqa.selenium.remote.RemoteWebDriver.findElements(RemoteWebDriver.java:311)
	at org.openqa.selenium.support.events.EventFiringWebDriver.lambda$new$1(EventFiringWebDriver.java:105)
	at com.sun.proxy.$Proxy10.findElements(Unknown Source)
	at org.openqa.selenium.support.events.EventFiringWebDriver.findElements(EventFiringWebDriver.java:182)
	at com.kms.katalon.core.webui.common.WebUiCommonHelper.findElementByNormalMethods(WebUiCommonHelper.java:1016)
	at com.kms.katalon.core.webui.common.WebUiCommonHelper.findElementsBySelectedMethod(WebUiCommonHelper.java:911)
	at com.kms.katalon.core.webui.common.WebUiCommonHelper.findElementsBySelectedMethod(WebUiCommonHelper.java:894)
	at com.kms.katalon.core.webui.common.WebUiCommonHelper.findElementsBySelectedMethod(WebUiCommonHelper.java:889)
	at com.kms.katalon.core.webui.common.WebUiCommonHelper.findElementsByDefault(WebUiCommonHelper.java:885)
	at com.kms.katalon.core.webui.common.WebUiCommonHelper.findWebElements(WebUiCommonHelper.java:720)
	at com.kms.katalon.core.webui.common.WebUiCommonHelper.findWebElement(WebUiCommonHelper.java:1365)
	at com.kms.katalon.core.webui.keyword.internal.WebUIAbstractKeyword.findWebElement(WebUIAbstractKeyword.groovy:27)
	at com.kms.katalon.core.webui.keyword.builtin.ClickKeyword$_click_closure1.doCall(ClickKeyword.groovy:65)
	at com.kms.katalon.core.webui.keyword.builtin.ClickKeyword$_click_closure1.call(ClickKeyword.groovy)
	at com.kms.katalon.core.webui.keyword.internal.WebUIKeywordMain.runKeyword(WebUIKeywordMain.groovy:20)
	at com.kms.katalon.core.webui.keyword.builtin.ClickKeyword.click(ClickKeyword.groovy:74)
	at com.kms.katalon.core.webui.keyword.builtin.ClickKeyword.execute(ClickKeyword.groovy:40)
	at com.kms.katalon.core.keyword.internal.KeywordExecutor.executeKeywordForPlatform(KeywordExecutor.groovy:74)
	at com.kms.katalon.core.webui.keyword.WebUiBuiltInKeywords.click(WebUiBuiltInKeywords.groovy:620)
	at com.kms.katalon.core.webui.keyword.WebUiBuiltInKeywords$click$4.call(Unknown Source)
	at Script1652850934272.run(Script1652850934272.groovy:20)
	... 13 more
)

2022-07-06 17:18:01 - [MESSAGE][WARNING] - Cannot take screenshot

2022-07-06 17:18:01 - [MESSAGE][FAILED] - Unable to click on object 'Object Repository/03-Header Menu/User Profile/Users Profile menu and notification button/div_User drop down menu button' (Root cause: com.kms.katalon.core.exception.StepFailedException: Unable to click on object 'Object Repository/03-Header Menu/User Profile/Users Profile menu and notification button/div_User drop down menu button'
	at com.kms.katalon.core.webui.keyword.internal.WebUIKeywordMain.stepFailed(WebUIKeywordMain.groovy:64)
	at com.kms.katalon.core.webui.keyword.internal.WebUIKeywordMain.runKeyword(WebUIKeywordMain.groovy:26)
	at com.kms.katalon.core.webui.keyword.builtin.ClickKeyword.click(ClickKeyword.groovy:74)
	at com.kms.katalon.core.webui.keyword.builtin.ClickKeyword.execute(ClickKeyword.groovy:40)
	at com.kms.katalon.core.keyword.internal.KeywordExecutor.executeKeywordForPlatform(KeywordExecutor.groovy:74)
	at com.kms.katalon.core.webui.keyword.WebUiBuiltInKeywords.click(WebUiBuiltInKeywords.groovy:620)
	at com.kms.katalon.core.webui.keyword.WebUiBuiltInKeywords$click$4.call(Unknown Source)
	at 16- Change Password (Incorrect Old Password).run(16- Change Password (Incorrect Old Password):20)
	at com.kms.katalon.core.main.ScriptEngine.run(ScriptEngine.java:194)
	at com.kms.katalon.core.main.ScriptEngine.runScriptAsRawText(ScriptEngine.java:119)
	at com.kms.katalon.core.main.TestCaseExecutor.runScript(TestCaseExecutor.java:445)
	at com.kms.katalon.core.main.TestCaseExecutor.doExecute(TestCaseExecutor.java:436)
	at com.kms.katalon.core.main.TestCaseExecutor.processExecutionPhase(TestCaseExecutor.java:415)
	at com.kms.katalon.core.main.TestCaseExecutor.accessMainPhase(TestCaseExecutor.java:407)
	at com.kms.katalon.core.main.TestCaseExecutor.execute(TestCaseExecutor.java:284)
	at com.kms.katalon.core.common.CommonExecutor.accessTestCaseMainPhase(CommonExecutor.java:65)
	at com.kms.katalon.core.main.TestSuiteExecutor.accessTestSuiteMainPhase(TestSuiteExecutor.java:144)
	at com.kms.katalon.core.main.TestSuiteExecutor.execute(TestSuiteExecutor.java:106)
	at com.kms.katalon.core.main.TestCaseMain.startTestSuite(TestCaseMain.java:185)
	at com.kms.katalon.core.main.TestCaseMain$startTestSuite$0.call(Unknown Source)
	at TempTestSuite1657098613835.run(TempTestSuite1657098613835.groovy:36)
Caused by: org.openqa.selenium.NoSuchWindowException: no such window: target window already closed
from unknown error: web view not found
  (Session info: chrome=103.0.5060.114)
Build info: version: '3.141.59', revision: 'e82be7d358', time: '2018-11-14T08:25:53'
System info: host: 'DESKTOP-QCRNR4M', ip: '192.168.5.89', os.name: 'Windows 10', os.arch: 'amd64', os.version: '10.0', java.version: '1.8.0_181'
Driver info: com.kms.katalon.selenium.driver.CChromeDriver
Capabilities {acceptInsecureCerts: false, browserName: chrome, browserVersion: 103.0.5060.114, chrome: {chromedriverVersion: 103.0.5060.53 (a1711811edd7..., userDataDir: C:\Users\User\AppData\Local...}, goog:chromeOptions: {debuggerAddress: localhost:60793}, javascriptEnabled: true, networkConnectionEnabled: false, pageLoadStrategy: normal, platform: WINDOWS, platformName: WINDOWS, proxy: Proxy(), setWindowRect: true, strictFileInteractability: false, timeouts: {implicit: 0, pageLoad: 300000, script: 30000}, unhandledPromptBehavior: dismiss and notify, webauthn:extension:credBlob: true, webauthn:extension:largeBlob: true, webauthn:virtualAuthenticators: true}
Session ID: e8307d521a24a782169105a02380b37e
*** Element info: {Using=xpath, value=(//user-avatar[contains(@class,'mat-list-avatar mat-menu-trigger')]//div)[1]}
	at org.openqa.selenium.remote.http.W3CHttpResponseCodec.createException(W3CHttpResponseCodec.java:187)
	at org.openqa.selenium.remote.http.W3CHttpResponseCodec.decode(W3CHttpResponseCodec.java:122)
	at org.openqa.selenium.remote.http.W3CHttpResponseCodec.decode(W3CHttpResponseCodec.java:49)
	at org.openqa.selenium.remote.HttpCommandExecutor.execute(HttpCommandExecutor.java:158)
	at org.openqa.selenium.remote.service.DriverCommandExecutor.execute(DriverCommandExecutor.java:83)
	at org.openqa.selenium.remote.RemoteWebDriver.execute(RemoteWebDriver.java:552)
	at com.kms.katalon.selenium.driver.CChromeDriver.execute(CChromeDriver.java:19)
	at org.openqa.selenium.remote.RemoteWebDriver.findElements(RemoteWebDriver.java:353)
	at org.openqa.selenium.remote.RemoteWebDriver.findElementsByXPath(RemoteWebDriver.java:432)
	at org.openqa.selenium.By$ByXPath.findElements(By.java:348)
	at org.openqa.selenium.remote.RemoteWebDriver.findElements(RemoteWebDriver.java:311)
	at org.openqa.selenium.support.events.EventFiringWebDriver.lambda$new$1(EventFiringWebDriver.java:105)
	at com.sun.proxy.$Proxy10.findElements(Unknown Source)
	at org.openqa.selenium.support.events.EventFiringWebDriver.findElements(EventFiringWebDriver.java:182)
	at com.kms.katalon.core.webui.common.WebUiCommonHelper.findElementByNormalMethods(WebUiCommonHelper.java:1016)
	at com.kms.katalon.core.webui.common.WebUiCommonHelper.findElementsBySelectedMethod(WebUiCommonHelper.java:911)
	at com.kms.katalon.core.webui.common.WebUiCommonHelper.findElementsBySelectedMethod(WebUiCommonHelper.java:894)
	at com.kms.katalon.core.webui.common.WebUiCommonHelper.findElementsBySelectedMethod(WebUiCommonHelper.java:889)
	at com.kms.katalon.core.webui.common.WebUiCommonHelper.findElementsByDefault(WebUiCommonHelper.java:885)
	at com.kms.katalon.core.webui.common.WebUiCommonHelper.findWebElements(WebUiCommonHelper.java:720)
	at com.kms.katalon.core.webui.common.WebUiCommonHelper.findWebElement(WebUiCommonHelper.java:1365)
	at com.kms.katalon.core.webui.keyword.internal.WebUIAbstractKeyword.findWebElement(WebUIAbstractKeyword.groovy:27)
	at com.kms.katalon.core.webui.keyword.builtin.ClickKeyword$_click_closure1.doCall(ClickKeyword.groovy:65)
	at com.kms.katalon.core.webui.keyword.builtin.ClickKeyword$_click_closure1.call(ClickKeyword.groovy)
	at com.kms.katalon.core.webui.keyword.internal.WebUIKeywordMain.runKeyword(WebUIKeywordMain.groovy:20)
	at com.kms.katalon.core.webui.keyword.builtin.ClickKeyword.click(ClickKeyword.groovy:74)
	at com.kms.katalon.core.webui.keyword.builtin.ClickKeyword.execute(ClickKeyword.groovy:40)
	at com.kms.katalon.core.keyword.internal.KeywordExecutor.executeKeywordForPlatform(KeywordExecutor.groovy:74)
	at com.kms.katalon.core.webui.keyword.WebUiBuiltInKeywords.click(WebUiBuiltInKeywords.groovy:620)
	at com.kms.katalon.core.webui.keyword.WebUiBuiltInKeywords$click$4.call(Unknown Source)
	at Script1652850934272.run(Script1652850934272.groovy:20)
	... 13 more
)]]></system-out>
         <system-err><![CDATA[2022-07-06 17:18:01 - [TEST_CASE][FAILED] - Test Cases/03-Header Menu/16- Change Password (Incorrect Old Password): Test Cases/03-Header Menu/16- Change Password (Incorrect Old Password) FAILED.
Reason:
com.kms.katalon.core.exception.StepFailedException: Unable to click on object 'Object Repository/03-Header Menu/User Profile/Users Profile menu and notification button/div_User drop down menu button'
	at com.kms.katalon.core.webui.keyword.internal.WebUIKeywordMain.stepFailed(WebUIKeywordMain.groovy:64)
	at com.kms.katalon.core.webui.keyword.internal.WebUIKeywordMain.runKeyword(WebUIKeywordMain.groovy:26)
	at com.kms.katalon.core.webui.keyword.builtin.ClickKeyword.click(ClickKeyword.groovy:74)
	at com.kms.katalon.core.webui.keyword.builtin.ClickKeyword.execute(ClickKeyword.groovy:40)
	at com.kms.katalon.core.keyword.internal.KeywordExecutor.executeKeywordForPlatform(KeywordExecutor.groovy:74)
	at com.kms.katalon.core.webui.keyword.WebUiBuiltInKeywords.click(WebUiBuiltInKeywords.groovy:620)
	at com.kms.katalon.core.webui.keyword.WebUiBuiltInKeywords$click$4.call(Unknown Source)
	at 16- Change Password (Incorrect Old Password).run(16- Change Password (Incorrect Old Password):20)
	at com.kms.katalon.core.main.ScriptEngine.run(ScriptEngine.java:194)
	at com.kms.katalon.core.main.ScriptEngine.runScriptAsRawText(ScriptEngine.java:119)
	at com.kms.katalon.core.main.TestCaseExecutor.runScript(TestCaseExecutor.java:445)
	at com.kms.katalon.core.main.TestCaseExecutor.doExecute(TestCaseExecutor.java:436)
	at com.kms.katalon.core.main.TestCaseExecutor.processExecutionPhase(TestCaseExecutor.java:415)
	at com.kms.katalon.core.main.TestCaseExecutor.accessMainPhase(TestCaseExecutor.java:407)
	at com.kms.katalon.core.main.TestCaseExecutor.execute(TestCaseExecutor.java:284)
	at com.kms.katalon.core.common.CommonExecutor.accessTestCaseMainPhase(CommonExecutor.java:65)
	at com.kms.katalon.core.main.TestSuiteExecutor.accessTestSuiteMainPhase(TestSuiteExecutor.java:144)
	at com.kms.katalon.core.main.TestSuiteExecutor.execute(TestSuiteExecutor.java:106)
	at com.kms.katalon.core.main.TestCaseMain.startTestSuite(TestCaseMain.java:185)
	at com.kms.katalon.core.main.TestCaseMain$startTestSuite$0.call(Unknown Source)
	at TempTestSuite1657098613835.run(TempTestSuite1657098613835.groovy:36)
Caused by: org.openqa.selenium.NoSuchWindowException: no such window: target window already closed
from unknown error: web view not found
  (Session info: chrome=103.0.5060.114)
Build info: version: '3.141.59', revision: 'e82be7d358', time: '2018-11-14T08:25:53'
System info: host: 'DESKTOP-QCRNR4M', ip: '192.168.5.89', os.name: 'Windows 10', os.arch: 'amd64', os.version: '10.0', java.version: '1.8.0_181'
Driver info: com.kms.katalon.selenium.driver.CChromeDriver
Capabilities {acceptInsecureCerts: false, browserName: chrome, browserVersion: 103.0.5060.114, chrome: {chromedriverVersion: 103.0.5060.53 (a1711811edd7..., userDataDir: C:\Users\User\AppData\Local...}, goog:chromeOptions: {debuggerAddress: localhost:60793}, javascriptEnabled: true, networkConnectionEnabled: false, pageLoadStrategy: normal, platform: WINDOWS, platformName: WINDOWS, proxy: Proxy(), setWindowRect: true, strictFileInteractability: false, timeouts: {implicit: 0, pageLoad: 300000, script: 30000}, unhandledPromptBehavior: dismiss and notify, webauthn:extension:credBlob: true, webauthn:extension:largeBlob: true, webauthn:virtualAuthenticators: true}
Session ID: e8307d521a24a782169105a02380b37e
*** Element info: {Using=xpath, value=(//user-avatar[contains(@class,'mat-list-avatar mat-menu-trigger')]//div)[1]}
	at org.openqa.selenium.remote.http.W3CHttpResponseCodec.createException(W3CHttpResponseCodec.java:187)
	at org.openqa.selenium.remote.http.W3CHttpResponseCodec.decode(W3CHttpResponseCodec.java:122)
	at org.openqa.selenium.remote.http.W3CHttpResponseCodec.decode(W3CHttpResponseCodec.java:49)
	at org.openqa.selenium.remote.HttpCommandExecutor.execute(HttpCommandExecutor.java:158)
	at org.openqa.selenium.remote.service.DriverCommandExecutor.execute(DriverCommandExecutor.java:83)
	at org.openqa.selenium.remote.RemoteWebDriver.execute(RemoteWebDriver.java:552)
	at com.kms.katalon.selenium.driver.CChromeDriver.execute(CChromeDriver.java:19)
	at org.openqa.selenium.remote.RemoteWebDriver.findElements(RemoteWebDriver.java:353)
	at org.openqa.selenium.remote.RemoteWebDriver.findElementsByXPath(RemoteWebDriver.java:432)
	at org.openqa.selenium.By$ByXPath.findElements(By.java:348)
	at org.openqa.selenium.remote.RemoteWebDriver.findElements(RemoteWebDriver.java:311)
	at org.openqa.selenium.support.events.EventFiringWebDriver.lambda$new$1(EventFiringWebDriver.java:105)
	at com.sun.proxy.$Proxy10.findElements(Unknown Source)
	at org.openqa.selenium.support.events.EventFiringWebDriver.findElements(EventFiringWebDriver.java:182)
	at com.kms.katalon.core.webui.common.WebUiCommonHelper.findElementByNormalMethods(WebUiCommonHelper.java:1016)
	at com.kms.katalon.core.webui.common.WebUiCommonHelper.findElementsBySelectedMethod(WebUiCommonHelper.java:911)
	at com.kms.katalon.core.webui.common.WebUiCommonHelper.findElementsBySelectedMethod(WebUiCommonHelper.java:894)
	at com.kms.katalon.core.webui.common.WebUiCommonHelper.findElementsBySelectedMethod(WebUiCommonHelper.java:889)
	at com.kms.katalon.core.webui.common.WebUiCommonHelper.findElementsByDefault(WebUiCommonHelper.java:885)
	at com.kms.katalon.core.webui.common.WebUiCommonHelper.findWebElements(WebUiCommonHelper.java:720)
	at com.kms.katalon.core.webui.common.WebUiCommonHelper.findWebElement(WebUiCommonHelper.java:1365)
	at com.kms.katalon.core.webui.keyword.internal.WebUIAbstractKeyword.findWebElement(WebUIAbstractKeyword.groovy:27)
	at com.kms.katalon.core.webui.keyword.builtin.ClickKeyword$_click_closure1.doCall(ClickKeyword.groovy:65)
	at com.kms.katalon.core.webui.keyword.builtin.ClickKeyword$_click_closure1.call(ClickKeyword.groovy)
	at com.kms.katalon.core.webui.keyword.internal.WebUIKeywordMain.runKeyword(WebUIKeywordMain.groovy:20)
	... 19 more]]></system-err>
      </testcase>
      <testcase name="Test Cases/03-Header Menu/17- Change Password (old and new didnt match)" time="0.374" classname="Test Cases/03-Header Menu/17- Change Password (old and new didnt match)" status="FAILED">
         <failure type="FAILED" message="Test Cases/03-Header Menu/17- Change Password (old and new didnt match) FAILED.
Reason:
com.kms.katalon.core.exception.StepFailedException: Unable to click on object 'Object Repository/03-Header Menu/User Profile/Users Profile menu and notification button/div_User drop down menu button'
	at com.kms.katalon.core.webui.keyword.internal.WebUIKeywordMain.stepFailed(WebUIKeywordMain.groovy:64)
	at com.kms.katalon.core.webui.keyword.internal.WebUIKeywordMain.runKeyword(WebUIKeywordMain.groovy:26)
	at com.kms.katalon.core.webui.keyword.builtin.ClickKeyword.click(ClickKeyword.groovy:74)
	at com.kms.katalon.core.webui.keyword.builtin.ClickKeyword.execute(ClickKeyword.groovy:40)
	at com.kms.katalon.core.keyword.internal.KeywordExecutor.executeKeywordForPlatform(KeywordExecutor.groovy:74)
	at com.kms.katalon.core.webui.keyword.WebUiBuiltInKeywords.click(WebUiBuiltInKeywords.groovy:620)
	at com.kms.katalon.core.webui.keyword.WebUiBuiltInKeywords$click$4.call(Unknown Source)
	at 17- Change Password (old and new didnt match).run(17- Change Password (old and new didnt match):20)
	at com.kms.katalon.core.main.ScriptEngine.run(ScriptEngine.java:194)
	at com.kms.katalon.core.main.ScriptEngine.runScriptAsRawText(ScriptEngine.java:119)
	at com.kms.katalon.core.main.TestCaseExecutor.runScript(TestCaseExecutor.java:445)
	at com.kms.katalon.core.main.TestCaseExecutor.doExecute(TestCaseExecutor.java:436)
	at com.kms.katalon.core.main.TestCaseExecutor.processExecutionPhase(TestCaseExecutor.java:415)
	at com.kms.katalon.core.main.TestCaseExecutor.accessMainPhase(TestCaseExecutor.java:407)
	at com.kms.katalon.core.main.TestCaseExecutor.execute(TestCaseExecutor.java:284)
	at com.kms.katalon.core.common.CommonExecutor.accessTestCaseMainPhase(CommonExecutor.java:65)
	at com.kms.katalon.core.main.TestSuiteExecutor.accessTestSuiteMainPhase(TestSuiteExecutor.java:144)
	at com.kms.katalon.core.main.TestSuiteExecutor.execute(TestSuiteExecutor.java:106)
	at com.kms.katalon.core.main.TestCaseMain.startTestSuite(TestCaseMain.java:185)
	at com.kms.katalon.core.main.TestCaseMain$startTestSuite$0.call(Unknown Source)
	at TempTestSuite1657098613835.run(TempTestSuite1657098613835.groovy:36)
Caused by: org.openqa.selenium.NoSuchWindowException: no such window: target window already closed
from unknown error: web view not found
  (Session info: chrome=103.0.5060.114)
Build info: version: '3.141.59', revision: 'e82be7d358', time: '2018-11-14T08:25:53'
System info: host: 'DESKTOP-QCRNR4M', ip: '192.168.5.89', os.name: 'Windows 10', os.arch: 'amd64', os.version: '10.0', java.version: '1.8.0_181'
Driver info: com.kms.katalon.selenium.driver.CChromeDriver
Capabilities {acceptInsecureCerts: false, browserName: chrome, browserVersion: 103.0.5060.114, chrome: {chromedriverVersion: 103.0.5060.53 (a1711811edd7..., userDataDir: C:\Users\User\AppData\Local...}, goog:chromeOptions: {debuggerAddress: localhost:60793}, javascriptEnabled: true, networkConnectionEnabled: false, pageLoadStrategy: normal, platform: WINDOWS, platformName: WINDOWS, proxy: Proxy(), setWindowRect: true, strictFileInteractability: false, timeouts: {implicit: 0, pageLoad: 300000, script: 30000}, unhandledPromptBehavior: dismiss and notify, webauthn:extension:credBlob: true, webauthn:extension:largeBlob: true, webauthn:virtualAuthenticators: true}
Session ID: e8307d521a24a782169105a02380b37e
*** Element info: {Using=xpath, value=(//user-avatar[contains(@class,'mat-list-avatar mat-menu-trigger')]//div)[1]}
	at org.openqa.selenium.remote.http.W3CHttpResponseCodec.createException(W3CHttpResponseCodec.java:187)
	at org.openqa.selenium.remote.http.W3CHttpResponseCodec.decode(W3CHttpResponseCodec.java:122)
	at org.openqa.selenium.remote.http.W3CHttpResponseCodec.decode(W3CHttpResponseCodec.java:49)
	at org.openqa.selenium.remote.HttpCommandExecutor.execute(HttpCommandExecutor.java:158)
	at org.openqa.selenium.remote.service.DriverCommandExecutor.execute(DriverCommandExecutor.java:83)
	at org.openqa.selenium.remote.RemoteWebDriver.execute(RemoteWebDriver.java:552)
	at com.kms.katalon.selenium.driver.CChromeDriver.execute(CChromeDriver.java:19)
	at org.openqa.selenium.remote.RemoteWebDriver.findElements(RemoteWebDriver.java:353)
	at org.openqa.selenium.remote.RemoteWebDriver.findElementsByXPath(RemoteWebDriver.java:432)
	at org.openqa.selenium.By$ByXPath.findElements(By.java:348)
	at org.openqa.selenium.remote.RemoteWebDriver.findElements(RemoteWebDriver.java:311)
	at org.openqa.selenium.support.events.EventFiringWebDriver.lambda$new$1(EventFiringWebDriver.java:105)
	at com.sun.proxy.$Proxy10.findElements(Unknown Source)
	at org.openqa.selenium.support.events.EventFiringWebDriver.findElements(EventFiringWebDriver.java:182)
	at com.kms.katalon.core.webui.common.WebUiCommonHelper.findElementByNormalMethods(WebUiCommonHelper.java:1016)
	at com.kms.katalon.core.webui.common.WebUiCommonHelper.findElementsBySelectedMethod(WebUiCommonHelper.java:911)
	at com.kms.katalon.core.webui.common.WebUiCommonHelper.findElementsBySelectedMethod(WebUiCommonHelper.java:894)
	at com.kms.katalon.core.webui.common.WebUiCommonHelper.findElementsBySelectedMethod(WebUiCommonHelper.java:889)
	at com.kms.katalon.core.webui.common.WebUiCommonHelper.findElementsByDefault(WebUiCommonHelper.java:885)
	at com.kms.katalon.core.webui.common.WebUiCommonHelper.findWebElements(WebUiCommonHelper.java:720)
	at com.kms.katalon.core.webui.common.WebUiCommonHelper.findWebElement(WebUiCommonHelper.java:1365)
	at com.kms.katalon.core.webui.keyword.internal.WebUIAbstractKeyword.findWebElement(WebUIAbstractKeyword.groovy:27)
	at com.kms.katalon.core.webui.keyword.builtin.ClickKeyword$_click_closure1.doCall(ClickKeyword.groovy:65)
	at com.kms.katalon.core.webui.keyword.builtin.ClickKeyword$_click_closure1.call(ClickKeyword.groovy)
	at com.kms.katalon.core.webui.keyword.internal.WebUIKeywordMain.runKeyword(WebUIKeywordMain.groovy:20)
	... 19 more
"/>
         <system-out><![CDATA[2022-07-06 17:18:01 - [TEST_CASE][FAILED] - Test Cases/03-Header Menu/17- Change Password (old and new didnt match): Test Cases/03-Header Menu/17- Change Password (old and new didnt match) FAILED.
Reason:
com.kms.katalon.core.exception.StepFailedException: Unable to click on object 'Object Repository/03-Header Menu/User Profile/Users Profile menu and notification button/div_User drop down menu button'
	at com.kms.katalon.core.webui.keyword.internal.WebUIKeywordMain.stepFailed(WebUIKeywordMain.groovy:64)
	at com.kms.katalon.core.webui.keyword.internal.WebUIKeywordMain.runKeyword(WebUIKeywordMain.groovy:26)
	at com.kms.katalon.core.webui.keyword.builtin.ClickKeyword.click(ClickKeyword.groovy:74)
	at com.kms.katalon.core.webui.keyword.builtin.ClickKeyword.execute(ClickKeyword.groovy:40)
	at com.kms.katalon.core.keyword.internal.KeywordExecutor.executeKeywordForPlatform(KeywordExecutor.groovy:74)
	at com.kms.katalon.core.webui.keyword.WebUiBuiltInKeywords.click(WebUiBuiltInKeywords.groovy:620)
	at com.kms.katalon.core.webui.keyword.WebUiBuiltInKeywords$click$4.call(Unknown Source)
	at 17- Change Password (old and new didnt match).run(17- Change Password (old and new didnt match):20)
	at com.kms.katalon.core.main.ScriptEngine.run(ScriptEngine.java:194)
	at com.kms.katalon.core.main.ScriptEngine.runScriptAsRawText(ScriptEngine.java:119)
	at com.kms.katalon.core.main.TestCaseExecutor.runScript(TestCaseExecutor.java:445)
	at com.kms.katalon.core.main.TestCaseExecutor.doExecute(TestCaseExecutor.java:436)
	at com.kms.katalon.core.main.TestCaseExecutor.processExecutionPhase(TestCaseExecutor.java:415)
	at com.kms.katalon.core.main.TestCaseExecutor.accessMainPhase(TestCaseExecutor.java:407)
	at com.kms.katalon.core.main.TestCaseExecutor.execute(TestCaseExecutor.java:284)
	at com.kms.katalon.core.common.CommonExecutor.accessTestCaseMainPhase(CommonExecutor.java:65)
	at com.kms.katalon.core.main.TestSuiteExecutor.accessTestSuiteMainPhase(TestSuiteExecutor.java:144)
	at com.kms.katalon.core.main.TestSuiteExecutor.execute(TestSuiteExecutor.java:106)
	at com.kms.katalon.core.main.TestCaseMain.startTestSuite(TestCaseMain.java:185)
	at com.kms.katalon.core.main.TestCaseMain$startTestSuite$0.call(Unknown Source)
	at TempTestSuite1657098613835.run(TempTestSuite1657098613835.groovy:36)
Caused by: org.openqa.selenium.NoSuchWindowException: no such window: target window already closed
from unknown error: web view not found
  (Session info: chrome=103.0.5060.114)
Build info: version: '3.141.59', revision: 'e82be7d358', time: '2018-11-14T08:25:53'
System info: host: 'DESKTOP-QCRNR4M', ip: '192.168.5.89', os.name: 'Windows 10', os.arch: 'amd64', os.version: '10.0', java.version: '1.8.0_181'
Driver info: com.kms.katalon.selenium.driver.CChromeDriver
Capabilities {acceptInsecureCerts: false, browserName: chrome, browserVersion: 103.0.5060.114, chrome: {chromedriverVersion: 103.0.5060.53 (a1711811edd7..., userDataDir: C:\Users\User\AppData\Local...}, goog:chromeOptions: {debuggerAddress: localhost:60793}, javascriptEnabled: true, networkConnectionEnabled: false, pageLoadStrategy: normal, platform: WINDOWS, platformName: WINDOWS, proxy: Proxy(), setWindowRect: true, strictFileInteractability: false, timeouts: {implicit: 0, pageLoad: 300000, script: 30000}, unhandledPromptBehavior: dismiss and notify, webauthn:extension:credBlob: true, webauthn:extension:largeBlob: true, webauthn:virtualAuthenticators: true}
Session ID: e8307d521a24a782169105a02380b37e
*** Element info: {Using=xpath, value=(//user-avatar[contains(@class,'mat-list-avatar mat-menu-trigger')]//div)[1]}
	at org.openqa.selenium.remote.http.W3CHttpResponseCodec.createException(W3CHttpResponseCodec.java:187)
	at org.openqa.selenium.remote.http.W3CHttpResponseCodec.decode(W3CHttpResponseCodec.java:122)
	at org.openqa.selenium.remote.http.W3CHttpResponseCodec.decode(W3CHttpResponseCodec.java:49)
	at org.openqa.selenium.remote.HttpCommandExecutor.execute(HttpCommandExecutor.java:158)
	at org.openqa.selenium.remote.service.DriverCommandExecutor.execute(DriverCommandExecutor.java:83)
	at org.openqa.selenium.remote.RemoteWebDriver.execute(RemoteWebDriver.java:552)
	at com.kms.katalon.selenium.driver.CChromeDriver.execute(CChromeDriver.java:19)
	at org.openqa.selenium.remote.RemoteWebDriver.findElements(RemoteWebDriver.java:353)
	at org.openqa.selenium.remote.RemoteWebDriver.findElementsByXPath(RemoteWebDriver.java:432)
	at org.openqa.selenium.By$ByXPath.findElements(By.java:348)
	at org.openqa.selenium.remote.RemoteWebDriver.findElements(RemoteWebDriver.java:311)
	at org.openqa.selenium.support.events.EventFiringWebDriver.lambda$new$1(EventFiringWebDriver.java:105)
	at com.sun.proxy.$Proxy10.findElements(Unknown Source)
	at org.openqa.selenium.support.events.EventFiringWebDriver.findElements(EventFiringWebDriver.java:182)
	at com.kms.katalon.core.webui.common.WebUiCommonHelper.findElementByNormalMethods(WebUiCommonHelper.java:1016)
	at com.kms.katalon.core.webui.common.WebUiCommonHelper.findElementsBySelectedMethod(WebUiCommonHelper.java:911)
	at com.kms.katalon.core.webui.common.WebUiCommonHelper.findElementsBySelectedMethod(WebUiCommonHelper.java:894)
	at com.kms.katalon.core.webui.common.WebUiCommonHelper.findElementsBySelectedMethod(WebUiCommonHelper.java:889)
	at com.kms.katalon.core.webui.common.WebUiCommonHelper.findElementsByDefault(WebUiCommonHelper.java:885)
	at com.kms.katalon.core.webui.common.WebUiCommonHelper.findWebElements(WebUiCommonHelper.java:720)
	at com.kms.katalon.core.webui.common.WebUiCommonHelper.findWebElement(WebUiCommonHelper.java:1365)
	at com.kms.katalon.core.webui.keyword.internal.WebUIAbstractKeyword.findWebElement(WebUIAbstractKeyword.groovy:27)
	at com.kms.katalon.core.webui.keyword.builtin.ClickKeyword$_click_closure1.doCall(ClickKeyword.groovy:65)
	at com.kms.katalon.core.webui.keyword.builtin.ClickKeyword$_click_closure1.call(ClickKeyword.groovy)
	at com.kms.katalon.core.webui.keyword.internal.WebUIKeywordMain.runKeyword(WebUIKeywordMain.groovy:20)
	... 19 more


2022-07-06 17:18:01 - [TEST_STEP][FAILED] - click(findTestObject("03-Header Menu/User Profile/Users Profile menu and notification button/div_User drop down menu button")): Unable to click on object 'Object Repository/03-Header Menu/User Profile/Users Profile menu and notification button/div_User drop down menu button' (Root cause: com.kms.katalon.core.exception.StepFailedException: Unable to click on object 'Object Repository/03-Header Menu/User Profile/Users Profile menu and notification button/div_User drop down menu button'
	at com.kms.katalon.core.webui.keyword.internal.WebUIKeywordMain.stepFailed(WebUIKeywordMain.groovy:64)
	at com.kms.katalon.core.webui.keyword.internal.WebUIKeywordMain.runKeyword(WebUIKeywordMain.groovy:26)
	at com.kms.katalon.core.webui.keyword.builtin.ClickKeyword.click(ClickKeyword.groovy:74)
	at com.kms.katalon.core.webui.keyword.builtin.ClickKeyword.execute(ClickKeyword.groovy:40)
	at com.kms.katalon.core.keyword.internal.KeywordExecutor.executeKeywordForPlatform(KeywordExecutor.groovy:74)
	at com.kms.katalon.core.webui.keyword.WebUiBuiltInKeywords.click(WebUiBuiltInKeywords.groovy:620)
	at com.kms.katalon.core.webui.keyword.WebUiBuiltInKeywords$click$4.call(Unknown Source)
	at 17- Change Password (old and new didnt match).run(17- Change Password (old and new didnt match):20)
	at com.kms.katalon.core.main.ScriptEngine.run(ScriptEngine.java:194)
	at com.kms.katalon.core.main.ScriptEngine.runScriptAsRawText(ScriptEngine.java:119)
	at com.kms.katalon.core.main.TestCaseExecutor.runScript(TestCaseExecutor.java:445)
	at com.kms.katalon.core.main.TestCaseExecutor.doExecute(TestCaseExecutor.java:436)
	at com.kms.katalon.core.main.TestCaseExecutor.processExecutionPhase(TestCaseExecutor.java:415)
	at com.kms.katalon.core.main.TestCaseExecutor.accessMainPhase(TestCaseExecutor.java:407)
	at com.kms.katalon.core.main.TestCaseExecutor.execute(TestCaseExecutor.java:284)
	at com.kms.katalon.core.common.CommonExecutor.accessTestCaseMainPhase(CommonExecutor.java:65)
	at com.kms.katalon.core.main.TestSuiteExecutor.accessTestSuiteMainPhase(TestSuiteExecutor.java:144)
	at com.kms.katalon.core.main.TestSuiteExecutor.execute(TestSuiteExecutor.java:106)
	at com.kms.katalon.core.main.TestCaseMain.startTestSuite(TestCaseMain.java:185)
	at com.kms.katalon.core.main.TestCaseMain$startTestSuite$0.call(Unknown Source)
	at TempTestSuite1657098613835.run(TempTestSuite1657098613835.groovy:36)
Caused by: org.openqa.selenium.NoSuchWindowException: no such window: target window already closed
from unknown error: web view not found
  (Session info: chrome=103.0.5060.114)
Build info: version: '3.141.59', revision: 'e82be7d358', time: '2018-11-14T08:25:53'
System info: host: 'DESKTOP-QCRNR4M', ip: '192.168.5.89', os.name: 'Windows 10', os.arch: 'amd64', os.version: '10.0', java.version: '1.8.0_181'
Driver info: com.kms.katalon.selenium.driver.CChromeDriver
Capabilities {acceptInsecureCerts: false, browserName: chrome, browserVersion: 103.0.5060.114, chrome: {chromedriverVersion: 103.0.5060.53 (a1711811edd7..., userDataDir: C:\Users\User\AppData\Local...}, goog:chromeOptions: {debuggerAddress: localhost:60793}, javascriptEnabled: true, networkConnectionEnabled: false, pageLoadStrategy: normal, platform: WINDOWS, platformName: WINDOWS, proxy: Proxy(), setWindowRect: true, strictFileInteractability: false, timeouts: {implicit: 0, pageLoad: 300000, script: 30000}, unhandledPromptBehavior: dismiss and notify, webauthn:extension:credBlob: true, webauthn:extension:largeBlob: true, webauthn:virtualAuthenticators: true}
Session ID: e8307d521a24a782169105a02380b37e
*** Element info: {Using=xpath, value=(//user-avatar[contains(@class,'mat-list-avatar mat-menu-trigger')]//div)[1]}
	at org.openqa.selenium.remote.http.W3CHttpResponseCodec.createException(W3CHttpResponseCodec.java:187)
	at org.openqa.selenium.remote.http.W3CHttpResponseCodec.decode(W3CHttpResponseCodec.java:122)
	at org.openqa.selenium.remote.http.W3CHttpResponseCodec.decode(W3CHttpResponseCodec.java:49)
	at org.openqa.selenium.remote.HttpCommandExecutor.execute(HttpCommandExecutor.java:158)
	at org.openqa.selenium.remote.service.DriverCommandExecutor.execute(DriverCommandExecutor.java:83)
	at org.openqa.selenium.remote.RemoteWebDriver.execute(RemoteWebDriver.java:552)
	at com.kms.katalon.selenium.driver.CChromeDriver.execute(CChromeDriver.java:19)
	at org.openqa.selenium.remote.RemoteWebDriver.findElements(RemoteWebDriver.java:353)
	at org.openqa.selenium.remote.RemoteWebDriver.findElementsByXPath(RemoteWebDriver.java:432)
	at org.openqa.selenium.By$ByXPath.findElements(By.java:348)
	at org.openqa.selenium.remote.RemoteWebDriver.findElements(RemoteWebDriver.java:311)
	at org.openqa.selenium.support.events.EventFiringWebDriver.lambda$new$1(EventFiringWebDriver.java:105)
	at com.sun.proxy.$Proxy10.findElements(Unknown Source)
	at org.openqa.selenium.support.events.EventFiringWebDriver.findElements(EventFiringWebDriver.java:182)
	at com.kms.katalon.core.webui.common.WebUiCommonHelper.findElementByNormalMethods(WebUiCommonHelper.java:1016)
	at com.kms.katalon.core.webui.common.WebUiCommonHelper.findElementsBySelectedMethod(WebUiCommonHelper.java:911)
	at com.kms.katalon.core.webui.common.WebUiCommonHelper.findElementsBySelectedMethod(WebUiCommonHelper.java:894)
	at com.kms.katalon.core.webui.common.WebUiCommonHelper.findElementsBySelectedMethod(WebUiCommonHelper.java:889)
	at com.kms.katalon.core.webui.common.WebUiCommonHelper.findElementsByDefault(WebUiCommonHelper.java:885)
	at com.kms.katalon.core.webui.common.WebUiCommonHelper.findWebElements(WebUiCommonHelper.java:720)
	at com.kms.katalon.core.webui.common.WebUiCommonHelper.findWebElement(WebUiCommonHelper.java:1365)
	at com.kms.katalon.core.webui.keyword.internal.WebUIAbstractKeyword.findWebElement(WebUIAbstractKeyword.groovy:27)
	at com.kms.katalon.core.webui.keyword.builtin.ClickKeyword$_click_closure1.doCall(ClickKeyword.groovy:65)
	at com.kms.katalon.core.webui.keyword.builtin.ClickKeyword$_click_closure1.call(ClickKeyword.groovy)
	at com.kms.katalon.core.webui.keyword.internal.WebUIKeywordMain.runKeyword(WebUIKeywordMain.groovy:20)
	at com.kms.katalon.core.webui.keyword.builtin.ClickKeyword.click(ClickKeyword.groovy:74)
	at com.kms.katalon.core.webui.keyword.builtin.ClickKeyword.execute(ClickKeyword.groovy:40)
	at com.kms.katalon.core.keyword.internal.KeywordExecutor.executeKeywordForPlatform(KeywordExecutor.groovy:74)
	at com.kms.katalon.core.webui.keyword.WebUiBuiltInKeywords.click(WebUiBuiltInKeywords.groovy:620)
	at com.kms.katalon.core.webui.keyword.WebUiBuiltInKeywords$click$4.call(Unknown Source)
	at Script1652850957963.run(Script1652850957963.groovy:20)
	... 13 more
)

2022-07-06 17:18:01 - [MESSAGE][WARNING] - Cannot take screenshot

2022-07-06 17:18:01 - [MESSAGE][FAILED] - Unable to click on object 'Object Repository/03-Header Menu/User Profile/Users Profile menu and notification button/div_User drop down menu button' (Root cause: com.kms.katalon.core.exception.StepFailedException: Unable to click on object 'Object Repository/03-Header Menu/User Profile/Users Profile menu and notification button/div_User drop down menu button'
	at com.kms.katalon.core.webui.keyword.internal.WebUIKeywordMain.stepFailed(WebUIKeywordMain.groovy:64)
	at com.kms.katalon.core.webui.keyword.internal.WebUIKeywordMain.runKeyword(WebUIKeywordMain.groovy:26)
	at com.kms.katalon.core.webui.keyword.builtin.ClickKeyword.click(ClickKeyword.groovy:74)
	at com.kms.katalon.core.webui.keyword.builtin.ClickKeyword.execute(ClickKeyword.groovy:40)
	at com.kms.katalon.core.keyword.internal.KeywordExecutor.executeKeywordForPlatform(KeywordExecutor.groovy:74)
	at com.kms.katalon.core.webui.keyword.WebUiBuiltInKeywords.click(WebUiBuiltInKeywords.groovy:620)
	at com.kms.katalon.core.webui.keyword.WebUiBuiltInKeywords$click$4.call(Unknown Source)
	at 17- Change Password (old and new didnt match).run(17- Change Password (old and new didnt match):20)
	at com.kms.katalon.core.main.ScriptEngine.run(ScriptEngine.java:194)
	at com.kms.katalon.core.main.ScriptEngine.runScriptAsRawText(ScriptEngine.java:119)
	at com.kms.katalon.core.main.TestCaseExecutor.runScript(TestCaseExecutor.java:445)
	at com.kms.katalon.core.main.TestCaseExecutor.doExecute(TestCaseExecutor.java:436)
	at com.kms.katalon.core.main.TestCaseExecutor.processExecutionPhase(TestCaseExecutor.java:415)
	at com.kms.katalon.core.main.TestCaseExecutor.accessMainPhase(TestCaseExecutor.java:407)
	at com.kms.katalon.core.main.TestCaseExecutor.execute(TestCaseExecutor.java:284)
	at com.kms.katalon.core.common.CommonExecutor.accessTestCaseMainPhase(CommonExecutor.java:65)
	at com.kms.katalon.core.main.TestSuiteExecutor.accessTestSuiteMainPhase(TestSuiteExecutor.java:144)
	at com.kms.katalon.core.main.TestSuiteExecutor.execute(TestSuiteExecutor.java:106)
	at com.kms.katalon.core.main.TestCaseMain.startTestSuite(TestCaseMain.java:185)
	at com.kms.katalon.core.main.TestCaseMain$startTestSuite$0.call(Unknown Source)
	at TempTestSuite1657098613835.run(TempTestSuite1657098613835.groovy:36)
Caused by: org.openqa.selenium.NoSuchWindowException: no such window: target window already closed
from unknown error: web view not found
  (Session info: chrome=103.0.5060.114)
Build info: version: '3.141.59', revision: 'e82be7d358', time: '2018-11-14T08:25:53'
System info: host: 'DESKTOP-QCRNR4M', ip: '192.168.5.89', os.name: 'Windows 10', os.arch: 'amd64', os.version: '10.0', java.version: '1.8.0_181'
Driver info: com.kms.katalon.selenium.driver.CChromeDriver
Capabilities {acceptInsecureCerts: false, browserName: chrome, browserVersion: 103.0.5060.114, chrome: {chromedriverVersion: 103.0.5060.53 (a1711811edd7..., userDataDir: C:\Users\User\AppData\Local...}, goog:chromeOptions: {debuggerAddress: localhost:60793}, javascriptEnabled: true, networkConnectionEnabled: false, pageLoadStrategy: normal, platform: WINDOWS, platformName: WINDOWS, proxy: Proxy(), setWindowRect: true, strictFileInteractability: false, timeouts: {implicit: 0, pageLoad: 300000, script: 30000}, unhandledPromptBehavior: dismiss and notify, webauthn:extension:credBlob: true, webauthn:extension:largeBlob: true, webauthn:virtualAuthenticators: true}
Session ID: e8307d521a24a782169105a02380b37e
*** Element info: {Using=xpath, value=(//user-avatar[contains(@class,'mat-list-avatar mat-menu-trigger')]//div)[1]}
	at org.openqa.selenium.remote.http.W3CHttpResponseCodec.createException(W3CHttpResponseCodec.java:187)
	at org.openqa.selenium.remote.http.W3CHttpResponseCodec.decode(W3CHttpResponseCodec.java:122)
	at org.openqa.selenium.remote.http.W3CHttpResponseCodec.decode(W3CHttpResponseCodec.java:49)
	at org.openqa.selenium.remote.HttpCommandExecutor.execute(HttpCommandExecutor.java:158)
	at org.openqa.selenium.remote.service.DriverCommandExecutor.execute(DriverCommandExecutor.java:83)
	at org.openqa.selenium.remote.RemoteWebDriver.execute(RemoteWebDriver.java:552)
	at com.kms.katalon.selenium.driver.CChromeDriver.execute(CChromeDriver.java:19)
	at org.openqa.selenium.remote.RemoteWebDriver.findElements(RemoteWebDriver.java:353)
	at org.openqa.selenium.remote.RemoteWebDriver.findElementsByXPath(RemoteWebDriver.java:432)
	at org.openqa.selenium.By$ByXPath.findElements(By.java:348)
	at org.openqa.selenium.remote.RemoteWebDriver.findElements(RemoteWebDriver.java:311)
	at org.openqa.selenium.support.events.EventFiringWebDriver.lambda$new$1(EventFiringWebDriver.java:105)
	at com.sun.proxy.$Proxy10.findElements(Unknown Source)
	at org.openqa.selenium.support.events.EventFiringWebDriver.findElements(EventFiringWebDriver.java:182)
	at com.kms.katalon.core.webui.common.WebUiCommonHelper.findElementByNormalMethods(WebUiCommonHelper.java:1016)
	at com.kms.katalon.core.webui.common.WebUiCommonHelper.findElementsBySelectedMethod(WebUiCommonHelper.java:911)
	at com.kms.katalon.core.webui.common.WebUiCommonHelper.findElementsBySelectedMethod(WebUiCommonHelper.java:894)
	at com.kms.katalon.core.webui.common.WebUiCommonHelper.findElementsBySelectedMethod(WebUiCommonHelper.java:889)
	at com.kms.katalon.core.webui.common.WebUiCommonHelper.findElementsByDefault(WebUiCommonHelper.java:885)
	at com.kms.katalon.core.webui.common.WebUiCommonHelper.findWebElements(WebUiCommonHelper.java:720)
	at com.kms.katalon.core.webui.common.WebUiCommonHelper.findWebElement(WebUiCommonHelper.java:1365)
	at com.kms.katalon.core.webui.keyword.internal.WebUIAbstractKeyword.findWebElement(WebUIAbstractKeyword.groovy:27)
	at com.kms.katalon.core.webui.keyword.builtin.ClickKeyword$_click_closure1.doCall(ClickKeyword.groovy:65)
	at com.kms.katalon.core.webui.keyword.builtin.ClickKeyword$_click_closure1.call(ClickKeyword.groovy)
	at com.kms.katalon.core.webui.keyword.internal.WebUIKeywordMain.runKeyword(WebUIKeywordMain.groovy:20)
	at com.kms.katalon.core.webui.keyword.builtin.ClickKeyword.click(ClickKeyword.groovy:74)
	at com.kms.katalon.core.webui.keyword.builtin.ClickKeyword.execute(ClickKeyword.groovy:40)
	at com.kms.katalon.core.keyword.internal.KeywordExecutor.executeKeywordForPlatform(KeywordExecutor.groovy:74)
	at com.kms.katalon.core.webui.keyword.WebUiBuiltInKeywords.click(WebUiBuiltInKeywords.groovy:620)
	at com.kms.katalon.core.webui.keyword.WebUiBuiltInKeywords$click$4.call(Unknown Source)
	at Script1652850957963.run(Script1652850957963.groovy:20)
	... 13 more
)]]></system-out>
         <system-err><![CDATA[2022-07-06 17:18:01 - [TEST_CASE][FAILED] - Test Cases/03-Header Menu/17- Change Password (old and new didnt match): Test Cases/03-Header Menu/17- Change Password (old and new didnt match) FAILED.
Reason:
com.kms.katalon.core.exception.StepFailedException: Unable to click on object 'Object Repository/03-Header Menu/User Profile/Users Profile menu and notification button/div_User drop down menu button'
	at com.kms.katalon.core.webui.keyword.internal.WebUIKeywordMain.stepFailed(WebUIKeywordMain.groovy:64)
	at com.kms.katalon.core.webui.keyword.internal.WebUIKeywordMain.runKeyword(WebUIKeywordMain.groovy:26)
	at com.kms.katalon.core.webui.keyword.builtin.ClickKeyword.click(ClickKeyword.groovy:74)
	at com.kms.katalon.core.webui.keyword.builtin.ClickKeyword.execute(ClickKeyword.groovy:40)
	at com.kms.katalon.core.keyword.internal.KeywordExecutor.executeKeywordForPlatform(KeywordExecutor.groovy:74)
	at com.kms.katalon.core.webui.keyword.WebUiBuiltInKeywords.click(WebUiBuiltInKeywords.groovy:620)
	at com.kms.katalon.core.webui.keyword.WebUiBuiltInKeywords$click$4.call(Unknown Source)
	at 17- Change Password (old and new didnt match).run(17- Change Password (old and new didnt match):20)
	at com.kms.katalon.core.main.ScriptEngine.run(ScriptEngine.java:194)
	at com.kms.katalon.core.main.ScriptEngine.runScriptAsRawText(ScriptEngine.java:119)
	at com.kms.katalon.core.main.TestCaseExecutor.runScript(TestCaseExecutor.java:445)
	at com.kms.katalon.core.main.TestCaseExecutor.doExecute(TestCaseExecutor.java:436)
	at com.kms.katalon.core.main.TestCaseExecutor.processExecutionPhase(TestCaseExecutor.java:415)
	at com.kms.katalon.core.main.TestCaseExecutor.accessMainPhase(TestCaseExecutor.java:407)
	at com.kms.katalon.core.main.TestCaseExecutor.execute(TestCaseExecutor.java:284)
	at com.kms.katalon.core.common.CommonExecutor.accessTestCaseMainPhase(CommonExecutor.java:65)
	at com.kms.katalon.core.main.TestSuiteExecutor.accessTestSuiteMainPhase(TestSuiteExecutor.java:144)
	at com.kms.katalon.core.main.TestSuiteExecutor.execute(TestSuiteExecutor.java:106)
	at com.kms.katalon.core.main.TestCaseMain.startTestSuite(TestCaseMain.java:185)
	at com.kms.katalon.core.main.TestCaseMain$startTestSuite$0.call(Unknown Source)
	at TempTestSuite1657098613835.run(TempTestSuite1657098613835.groovy:36)
Caused by: org.openqa.selenium.NoSuchWindowException: no such window: target window already closed
from unknown error: web view not found
  (Session info: chrome=103.0.5060.114)
Build info: version: '3.141.59', revision: 'e82be7d358', time: '2018-11-14T08:25:53'
System info: host: 'DESKTOP-QCRNR4M', ip: '192.168.5.89', os.name: 'Windows 10', os.arch: 'amd64', os.version: '10.0', java.version: '1.8.0_181'
Driver info: com.kms.katalon.selenium.driver.CChromeDriver
Capabilities {acceptInsecureCerts: false, browserName: chrome, browserVersion: 103.0.5060.114, chrome: {chromedriverVersion: 103.0.5060.53 (a1711811edd7..., userDataDir: C:\Users\User\AppData\Local...}, goog:chromeOptions: {debuggerAddress: localhost:60793}, javascriptEnabled: true, networkConnectionEnabled: false, pageLoadStrategy: normal, platform: WINDOWS, platformName: WINDOWS, proxy: Proxy(), setWindowRect: true, strictFileInteractability: false, timeouts: {implicit: 0, pageLoad: 300000, script: 30000}, unhandledPromptBehavior: dismiss and notify, webauthn:extension:credBlob: true, webauthn:extension:largeBlob: true, webauthn:virtualAuthenticators: true}
Session ID: e8307d521a24a782169105a02380b37e
*** Element info: {Using=xpath, value=(//user-avatar[contains(@class,'mat-list-avatar mat-menu-trigger')]//div)[1]}
	at org.openqa.selenium.remote.http.W3CHttpResponseCodec.createException(W3CHttpResponseCodec.java:187)
	at org.openqa.selenium.remote.http.W3CHttpResponseCodec.decode(W3CHttpResponseCodec.java:122)
	at org.openqa.selenium.remote.http.W3CHttpResponseCodec.decode(W3CHttpResponseCodec.java:49)
	at org.openqa.selenium.remote.HttpCommandExecutor.execute(HttpCommandExecutor.java:158)
	at org.openqa.selenium.remote.service.DriverCommandExecutor.execute(DriverCommandExecutor.java:83)
	at org.openqa.selenium.remote.RemoteWebDriver.execute(RemoteWebDriver.java:552)
	at com.kms.katalon.selenium.driver.CChromeDriver.execute(CChromeDriver.java:19)
	at org.openqa.selenium.remote.RemoteWebDriver.findElements(RemoteWebDriver.java:353)
	at org.openqa.selenium.remote.RemoteWebDriver.findElementsByXPath(RemoteWebDriver.java:432)
	at org.openqa.selenium.By$ByXPath.findElements(By.java:348)
	at org.openqa.selenium.remote.RemoteWebDriver.findElements(RemoteWebDriver.java:311)
	at org.openqa.selenium.support.events.EventFiringWebDriver.lambda$new$1(EventFiringWebDriver.java:105)
	at com.sun.proxy.$Proxy10.findElements(Unknown Source)
	at org.openqa.selenium.support.events.EventFiringWebDriver.findElements(EventFiringWebDriver.java:182)
	at com.kms.katalon.core.webui.common.WebUiCommonHelper.findElementByNormalMethods(WebUiCommonHelper.java:1016)
	at com.kms.katalon.core.webui.common.WebUiCommonHelper.findElementsBySelectedMethod(WebUiCommonHelper.java:911)
	at com.kms.katalon.core.webui.common.WebUiCommonHelper.findElementsBySelectedMethod(WebUiCommonHelper.java:894)
	at com.kms.katalon.core.webui.common.WebUiCommonHelper.findElementsBySelectedMethod(WebUiCommonHelper.java:889)
	at com.kms.katalon.core.webui.common.WebUiCommonHelper.findElementsByDefault(WebUiCommonHelper.java:885)
	at com.kms.katalon.core.webui.common.WebUiCommonHelper.findWebElements(WebUiCommonHelper.java:720)
	at com.kms.katalon.core.webui.common.WebUiCommonHelper.findWebElement(WebUiCommonHelper.java:1365)
	at com.kms.katalon.core.webui.keyword.internal.WebUIAbstractKeyword.findWebElement(WebUIAbstractKeyword.groovy:27)
	at com.kms.katalon.core.webui.keyword.builtin.ClickKeyword$_click_closure1.doCall(ClickKeyword.groovy:65)
	at com.kms.katalon.core.webui.keyword.builtin.ClickKeyword$_click_closure1.call(ClickKeyword.groovy)
	at com.kms.katalon.core.webui.keyword.internal.WebUIKeywordMain.runKeyword(WebUIKeywordMain.groovy:20)
	... 19 more]]></system-err>
      </testcase>
      <testcase name="Test Cases/03-Header Menu/18-Change Password(Positive Scenario)" time="0.355" classname="Test Cases/03-Header Menu/18-Change Password(Positive Scenario)" status="FAILED">
         <failure type="FAILED" message="Test Cases/03-Header Menu/18-Change Password(Positive Scenario) FAILED.
Reason:
com.kms.katalon.core.exception.StepFailedException: Unable to set encrypted text for object 'Object Repository/03-Header Menu/User Profile/Change Password/input_Old password'
	at com.kms.katalon.core.webui.keyword.internal.WebUIKeywordMain.stepFailed(WebUIKeywordMain.groovy:64)
	at com.kms.katalon.core.webui.keyword.internal.WebUIKeywordMain.runKeyword(WebUIKeywordMain.groovy:26)
	at com.kms.katalon.core.webui.keyword.builtin.SetEncryptedTextKeyword.setEncryptedText(SetEncryptedTextKeyword.groovy:65)
	at com.kms.katalon.core.webui.keyword.builtin.SetEncryptedTextKeyword.execute(SetEncryptedTextKeyword.groovy:34)
	at com.kms.katalon.core.keyword.internal.KeywordExecutor.executeKeywordForPlatform(KeywordExecutor.groovy:74)
	at com.kms.katalon.core.webui.keyword.WebUiBuiltInKeywords.setEncryptedText(WebUiBuiltInKeywords.groovy:1011)
	at com.kms.katalon.core.webui.keyword.WebUiBuiltInKeywords$setEncryptedText$3.call(Unknown Source)
	at 18-Change Password(Positive Scenario).run(18-Change Password(Positive Scenario):20)
	at com.kms.katalon.core.main.ScriptEngine.run(ScriptEngine.java:194)
	at com.kms.katalon.core.main.ScriptEngine.runScriptAsRawText(ScriptEngine.java:119)
	at com.kms.katalon.core.main.TestCaseExecutor.runScript(TestCaseExecutor.java:445)
	at com.kms.katalon.core.main.TestCaseExecutor.doExecute(TestCaseExecutor.java:436)
	at com.kms.katalon.core.main.TestCaseExecutor.processExecutionPhase(TestCaseExecutor.java:415)
	at com.kms.katalon.core.main.TestCaseExecutor.accessMainPhase(TestCaseExecutor.java:407)
	at com.kms.katalon.core.main.TestCaseExecutor.execute(TestCaseExecutor.java:284)
	at com.kms.katalon.core.common.CommonExecutor.accessTestCaseMainPhase(CommonExecutor.java:65)
	at com.kms.katalon.core.main.TestSuiteExecutor.accessTestSuiteMainPhase(TestSuiteExecutor.java:144)
	at com.kms.katalon.core.main.TestSuiteExecutor.execute(TestSuiteExecutor.java:106)
	at com.kms.katalon.core.main.TestCaseMain.startTestSuite(TestCaseMain.java:185)
	at com.kms.katalon.core.main.TestCaseMain$startTestSuite$0.call(Unknown Source)
	at TempTestSuite1657098613835.run(TempTestSuite1657098613835.groovy:36)
Caused by: org.openqa.selenium.NoSuchWindowException: no such window: target window already closed
from unknown error: web view not found
  (Session info: chrome=103.0.5060.114)
Build info: version: '3.141.59', revision: 'e82be7d358', time: '2018-11-14T08:25:53'
System info: host: 'DESKTOP-QCRNR4M', ip: '192.168.5.89', os.name: 'Windows 10', os.arch: 'amd64', os.version: '10.0', java.version: '1.8.0_181'
Driver info: com.kms.katalon.selenium.driver.CChromeDriver
Capabilities {acceptInsecureCerts: false, browserName: chrome, browserVersion: 103.0.5060.114, chrome: {chromedriverVersion: 103.0.5060.53 (a1711811edd7..., userDataDir: C:\Users\User\AppData\Local...}, goog:chromeOptions: {debuggerAddress: localhost:60793}, javascriptEnabled: true, networkConnectionEnabled: false, pageLoadStrategy: normal, platform: WINDOWS, platformName: WINDOWS, proxy: Proxy(), setWindowRect: true, strictFileInteractability: false, timeouts: {implicit: 0, pageLoad: 300000, script: 30000}, unhandledPromptBehavior: dismiss and notify, webauthn:extension:credBlob: true, webauthn:extension:largeBlob: true, webauthn:virtualAuthenticators: true}
Session ID: e8307d521a24a782169105a02380b37e
*** Element info: {Using=xpath, value=//input[@name = 'oldPassword' and @type = 'password' and @placeholder = 'Old Password']}
	at org.openqa.selenium.remote.http.W3CHttpResponseCodec.createException(W3CHttpResponseCodec.java:187)
	at org.openqa.selenium.remote.http.W3CHttpResponseCodec.decode(W3CHttpResponseCodec.java:122)
	at org.openqa.selenium.remote.http.W3CHttpResponseCodec.decode(W3CHttpResponseCodec.java:49)
	at org.openqa.selenium.remote.HttpCommandExecutor.execute(HttpCommandExecutor.java:158)
	at org.openqa.selenium.remote.service.DriverCommandExecutor.execute(DriverCommandExecutor.java:83)
	at org.openqa.selenium.remote.RemoteWebDriver.execute(RemoteWebDriver.java:552)
	at com.kms.katalon.selenium.driver.CChromeDriver.execute(CChromeDriver.java:19)
	at org.openqa.selenium.remote.RemoteWebDriver.findElements(RemoteWebDriver.java:353)
	at org.openqa.selenium.remote.RemoteWebDriver.findElementsByXPath(RemoteWebDriver.java:432)
	at org.openqa.selenium.By$ByXPath.findElements(By.java:348)
	at org.openqa.selenium.remote.RemoteWebDriver.findElements(RemoteWebDriver.java:311)
	at org.openqa.selenium.support.events.EventFiringWebDriver.lambda$new$1(EventFiringWebDriver.java:105)
	at com.sun.proxy.$Proxy10.findElements(Unknown Source)
	at org.openqa.selenium.support.events.EventFiringWebDriver.findElements(EventFiringWebDriver.java:182)
	at com.kms.katalon.core.webui.common.WebUiCommonHelper.findElementByNormalMethods(WebUiCommonHelper.java:1016)
	at com.kms.katalon.core.webui.common.WebUiCommonHelper.findElementsBySelectedMethod(WebUiCommonHelper.java:905)
	at com.kms.katalon.core.webui.common.WebUiCommonHelper.findElementsBySelectedMethod(WebUiCommonHelper.java:894)
	at com.kms.katalon.core.webui.common.WebUiCommonHelper.findElementsBySelectedMethod(WebUiCommonHelper.java:889)
	at com.kms.katalon.core.webui.common.WebUiCommonHelper.findElementsByDefault(WebUiCommonHelper.java:885)
	at com.kms.katalon.core.webui.common.WebUiCommonHelper.findWebElements(WebUiCommonHelper.java:720)
	at com.kms.katalon.core.webui.common.WebUiCommonHelper.findWebElement(WebUiCommonHelper.java:1365)
	at com.kms.katalon.core.webui.keyword.internal.WebUIAbstractKeyword.findWebElement(WebUIAbstractKeyword.groovy:27)
	at com.kms.katalon.core.webui.keyword.internal.WebUIAbstractKeyword.findWebElement(WebUIAbstractKeyword.groovy:26)
	at com.kms.katalon.core.webui.keyword.builtin.SetEncryptedTextKeyword$_setEncryptedText_closure1.doCall(SetEncryptedTextKeyword.groovy:51)
	at com.kms.katalon.core.webui.keyword.builtin.SetEncryptedTextKeyword$_setEncryptedText_closure1.call(SetEncryptedTextKeyword.groovy)
	at com.kms.katalon.core.webui.keyword.internal.WebUIKeywordMain.runKeyword(WebUIKeywordMain.groovy:20)
	... 19 more
"/>
         <system-out><![CDATA[2022-07-06 17:18:01 - [TEST_CASE][FAILED] - Test Cases/03-Header Menu/18-Change Password(Positive Scenario): Test Cases/03-Header Menu/18-Change Password(Positive Scenario) FAILED.
Reason:
com.kms.katalon.core.exception.StepFailedException: Unable to set encrypted text for object 'Object Repository/03-Header Menu/User Profile/Change Password/input_Old password'
	at com.kms.katalon.core.webui.keyword.internal.WebUIKeywordMain.stepFailed(WebUIKeywordMain.groovy:64)
	at com.kms.katalon.core.webui.keyword.internal.WebUIKeywordMain.runKeyword(WebUIKeywordMain.groovy:26)
	at com.kms.katalon.core.webui.keyword.builtin.SetEncryptedTextKeyword.setEncryptedText(SetEncryptedTextKeyword.groovy:65)
	at com.kms.katalon.core.webui.keyword.builtin.SetEncryptedTextKeyword.execute(SetEncryptedTextKeyword.groovy:34)
	at com.kms.katalon.core.keyword.internal.KeywordExecutor.executeKeywordForPlatform(KeywordExecutor.groovy:74)
	at com.kms.katalon.core.webui.keyword.WebUiBuiltInKeywords.setEncryptedText(WebUiBuiltInKeywords.groovy:1011)
	at com.kms.katalon.core.webui.keyword.WebUiBuiltInKeywords$setEncryptedText$3.call(Unknown Source)
	at 18-Change Password(Positive Scenario).run(18-Change Password(Positive Scenario):20)
	at com.kms.katalon.core.main.ScriptEngine.run(ScriptEngine.java:194)
	at com.kms.katalon.core.main.ScriptEngine.runScriptAsRawText(ScriptEngine.java:119)
	at com.kms.katalon.core.main.TestCaseExecutor.runScript(TestCaseExecutor.java:445)
	at com.kms.katalon.core.main.TestCaseExecutor.doExecute(TestCaseExecutor.java:436)
	at com.kms.katalon.core.main.TestCaseExecutor.processExecutionPhase(TestCaseExecutor.java:415)
	at com.kms.katalon.core.main.TestCaseExecutor.accessMainPhase(TestCaseExecutor.java:407)
	at com.kms.katalon.core.main.TestCaseExecutor.execute(TestCaseExecutor.java:284)
	at com.kms.katalon.core.common.CommonExecutor.accessTestCaseMainPhase(CommonExecutor.java:65)
	at com.kms.katalon.core.main.TestSuiteExecutor.accessTestSuiteMainPhase(TestSuiteExecutor.java:144)
	at com.kms.katalon.core.main.TestSuiteExecutor.execute(TestSuiteExecutor.java:106)
	at com.kms.katalon.core.main.TestCaseMain.startTestSuite(TestCaseMain.java:185)
	at com.kms.katalon.core.main.TestCaseMain$startTestSuite$0.call(Unknown Source)
	at TempTestSuite1657098613835.run(TempTestSuite1657098613835.groovy:36)
Caused by: org.openqa.selenium.NoSuchWindowException: no such window: target window already closed
from unknown error: web view not found
  (Session info: chrome=103.0.5060.114)
Build info: version: '3.141.59', revision: 'e82be7d358', time: '2018-11-14T08:25:53'
System info: host: 'DESKTOP-QCRNR4M', ip: '192.168.5.89', os.name: 'Windows 10', os.arch: 'amd64', os.version: '10.0', java.version: '1.8.0_181'
Driver info: com.kms.katalon.selenium.driver.CChromeDriver
Capabilities {acceptInsecureCerts: false, browserName: chrome, browserVersion: 103.0.5060.114, chrome: {chromedriverVersion: 103.0.5060.53 (a1711811edd7..., userDataDir: C:\Users\User\AppData\Local...}, goog:chromeOptions: {debuggerAddress: localhost:60793}, javascriptEnabled: true, networkConnectionEnabled: false, pageLoadStrategy: normal, platform: WINDOWS, platformName: WINDOWS, proxy: Proxy(), setWindowRect: true, strictFileInteractability: false, timeouts: {implicit: 0, pageLoad: 300000, script: 30000}, unhandledPromptBehavior: dismiss and notify, webauthn:extension:credBlob: true, webauthn:extension:largeBlob: true, webauthn:virtualAuthenticators: true}
Session ID: e8307d521a24a782169105a02380b37e
*** Element info: {Using=xpath, value=//input[@name = 'oldPassword' and @type = 'password' and @placeholder = 'Old Password']}
	at org.openqa.selenium.remote.http.W3CHttpResponseCodec.createException(W3CHttpResponseCodec.java:187)
	at org.openqa.selenium.remote.http.W3CHttpResponseCodec.decode(W3CHttpResponseCodec.java:122)
	at org.openqa.selenium.remote.http.W3CHttpResponseCodec.decode(W3CHttpResponseCodec.java:49)
	at org.openqa.selenium.remote.HttpCommandExecutor.execute(HttpCommandExecutor.java:158)
	at org.openqa.selenium.remote.service.DriverCommandExecutor.execute(DriverCommandExecutor.java:83)
	at org.openqa.selenium.remote.RemoteWebDriver.execute(RemoteWebDriver.java:552)
	at com.kms.katalon.selenium.driver.CChromeDriver.execute(CChromeDriver.java:19)
	at org.openqa.selenium.remote.RemoteWebDriver.findElements(RemoteWebDriver.java:353)
	at org.openqa.selenium.remote.RemoteWebDriver.findElementsByXPath(RemoteWebDriver.java:432)
	at org.openqa.selenium.By$ByXPath.findElements(By.java:348)
	at org.openqa.selenium.remote.RemoteWebDriver.findElements(RemoteWebDriver.java:311)
	at org.openqa.selenium.support.events.EventFiringWebDriver.lambda$new$1(EventFiringWebDriver.java:105)
	at com.sun.proxy.$Proxy10.findElements(Unknown Source)
	at org.openqa.selenium.support.events.EventFiringWebDriver.findElements(EventFiringWebDriver.java:182)
	at com.kms.katalon.core.webui.common.WebUiCommonHelper.findElementByNormalMethods(WebUiCommonHelper.java:1016)
	at com.kms.katalon.core.webui.common.WebUiCommonHelper.findElementsBySelectedMethod(WebUiCommonHelper.java:905)
	at com.kms.katalon.core.webui.common.WebUiCommonHelper.findElementsBySelectedMethod(WebUiCommonHelper.java:894)
	at com.kms.katalon.core.webui.common.WebUiCommonHelper.findElementsBySelectedMethod(WebUiCommonHelper.java:889)
	at com.kms.katalon.core.webui.common.WebUiCommonHelper.findElementsByDefault(WebUiCommonHelper.java:885)
	at com.kms.katalon.core.webui.common.WebUiCommonHelper.findWebElements(WebUiCommonHelper.java:720)
	at com.kms.katalon.core.webui.common.WebUiCommonHelper.findWebElement(WebUiCommonHelper.java:1365)
	at com.kms.katalon.core.webui.keyword.internal.WebUIAbstractKeyword.findWebElement(WebUIAbstractKeyword.groovy:27)
	at com.kms.katalon.core.webui.keyword.internal.WebUIAbstractKeyword.findWebElement(WebUIAbstractKeyword.groovy:26)
	at com.kms.katalon.core.webui.keyword.builtin.SetEncryptedTextKeyword$_setEncryptedText_closure1.doCall(SetEncryptedTextKeyword.groovy:51)
	at com.kms.katalon.core.webui.keyword.builtin.SetEncryptedTextKeyword$_setEncryptedText_closure1.call(SetEncryptedTextKeyword.groovy)
	at com.kms.katalon.core.webui.keyword.internal.WebUIKeywordMain.runKeyword(WebUIKeywordMain.groovy:20)
	... 19 more


2022-07-06 17:18:02 - [TEST_STEP][FAILED] - setEncryptedText(findTestObject("03-Header Menu/User Profile/Change Password/input_Old password"), "8yFRyszE6U6jvsCn51OQbg=="): Unable to set encrypted text for object 'Object Repository/03-Header Menu/User Profile/Change Password/input_Old password' (Root cause: com.kms.katalon.core.exception.StepFailedException: Unable to set encrypted text for object 'Object Repository/03-Header Menu/User Profile/Change Password/input_Old password'
	at com.kms.katalon.core.webui.keyword.internal.WebUIKeywordMain.stepFailed(WebUIKeywordMain.groovy:64)
	at com.kms.katalon.core.webui.keyword.internal.WebUIKeywordMain.runKeyword(WebUIKeywordMain.groovy:26)
	at com.kms.katalon.core.webui.keyword.builtin.SetEncryptedTextKeyword.setEncryptedText(SetEncryptedTextKeyword.groovy:65)
	at com.kms.katalon.core.webui.keyword.builtin.SetEncryptedTextKeyword.execute(SetEncryptedTextKeyword.groovy:34)
	at com.kms.katalon.core.keyword.internal.KeywordExecutor.executeKeywordForPlatform(KeywordExecutor.groovy:74)
	at com.kms.katalon.core.webui.keyword.WebUiBuiltInKeywords.setEncryptedText(WebUiBuiltInKeywords.groovy:1011)
	at com.kms.katalon.core.webui.keyword.WebUiBuiltInKeywords$setEncryptedText$3.call(Unknown Source)
	at 18-Change Password(Positive Scenario).run(18-Change Password(Positive Scenario):20)
	at com.kms.katalon.core.main.ScriptEngine.run(ScriptEngine.java:194)
	at com.kms.katalon.core.main.ScriptEngine.runScriptAsRawText(ScriptEngine.java:119)
	at com.kms.katalon.core.main.TestCaseExecutor.runScript(TestCaseExecutor.java:445)
	at com.kms.katalon.core.main.TestCaseExecutor.doExecute(TestCaseExecutor.java:436)
	at com.kms.katalon.core.main.TestCaseExecutor.processExecutionPhase(TestCaseExecutor.java:415)
	at com.kms.katalon.core.main.TestCaseExecutor.accessMainPhase(TestCaseExecutor.java:407)
	at com.kms.katalon.core.main.TestCaseExecutor.execute(TestCaseExecutor.java:284)
	at com.kms.katalon.core.common.CommonExecutor.accessTestCaseMainPhase(CommonExecutor.java:65)
	at com.kms.katalon.core.main.TestSuiteExecutor.accessTestSuiteMainPhase(TestSuiteExecutor.java:144)
	at com.kms.katalon.core.main.TestSuiteExecutor.execute(TestSuiteExecutor.java:106)
	at com.kms.katalon.core.main.TestCaseMain.startTestSuite(TestCaseMain.java:185)
	at com.kms.katalon.core.main.TestCaseMain$startTestSuite$0.call(Unknown Source)
	at TempTestSuite1657098613835.run(TempTestSuite1657098613835.groovy:36)
Caused by: org.openqa.selenium.NoSuchWindowException: no such window: target window already closed
from unknown error: web view not found
  (Session info: chrome=103.0.5060.114)
Build info: version: '3.141.59', revision: 'e82be7d358', time: '2018-11-14T08:25:53'
System info: host: 'DESKTOP-QCRNR4M', ip: '192.168.5.89', os.name: 'Windows 10', os.arch: 'amd64', os.version: '10.0', java.version: '1.8.0_181'
Driver info: com.kms.katalon.selenium.driver.CChromeDriver
Capabilities {acceptInsecureCerts: false, browserName: chrome, browserVersion: 103.0.5060.114, chrome: {chromedriverVersion: 103.0.5060.53 (a1711811edd7..., userDataDir: C:\Users\User\AppData\Local...}, goog:chromeOptions: {debuggerAddress: localhost:60793}, javascriptEnabled: true, networkConnectionEnabled: false, pageLoadStrategy: normal, platform: WINDOWS, platformName: WINDOWS, proxy: Proxy(), setWindowRect: true, strictFileInteractability: false, timeouts: {implicit: 0, pageLoad: 300000, script: 30000}, unhandledPromptBehavior: dismiss and notify, webauthn:extension:credBlob: true, webauthn:extension:largeBlob: true, webauthn:virtualAuthenticators: true}
Session ID: e8307d521a24a782169105a02380b37e
*** Element info: {Using=xpath, value=//input[@name = 'oldPassword' and @type = 'password' and @placeholder = 'Old Password']}
	at org.openqa.selenium.remote.http.W3CHttpResponseCodec.createException(W3CHttpResponseCodec.java:187)
	at org.openqa.selenium.remote.http.W3CHttpResponseCodec.decode(W3CHttpResponseCodec.java:122)
	at org.openqa.selenium.remote.http.W3CHttpResponseCodec.decode(W3CHttpResponseCodec.java:49)
	at org.openqa.selenium.remote.HttpCommandExecutor.execute(HttpCommandExecutor.java:158)
	at org.openqa.selenium.remote.service.DriverCommandExecutor.execute(DriverCommandExecutor.java:83)
	at org.openqa.selenium.remote.RemoteWebDriver.execute(RemoteWebDriver.java:552)
	at com.kms.katalon.selenium.driver.CChromeDriver.execute(CChromeDriver.java:19)
	at org.openqa.selenium.remote.RemoteWebDriver.findElements(RemoteWebDriver.java:353)
	at org.openqa.selenium.remote.RemoteWebDriver.findElementsByXPath(RemoteWebDriver.java:432)
	at org.openqa.selenium.By$ByXPath.findElements(By.java:348)
	at org.openqa.selenium.remote.RemoteWebDriver.findElements(RemoteWebDriver.java:311)
	at org.openqa.selenium.support.events.EventFiringWebDriver.lambda$new$1(EventFiringWebDriver.java:105)
	at com.sun.proxy.$Proxy10.findElements(Unknown Source)
	at org.openqa.selenium.support.events.EventFiringWebDriver.findElements(EventFiringWebDriver.java:182)
	at com.kms.katalon.core.webui.common.WebUiCommonHelper.findElementByNormalMethods(WebUiCommonHelper.java:1016)
	at com.kms.katalon.core.webui.common.WebUiCommonHelper.findElementsBySelectedMethod(WebUiCommonHelper.java:905)
	at com.kms.katalon.core.webui.common.WebUiCommonHelper.findElementsBySelectedMethod(WebUiCommonHelper.java:894)
	at com.kms.katalon.core.webui.common.WebUiCommonHelper.findElementsBySelectedMethod(WebUiCommonHelper.java:889)
	at com.kms.katalon.core.webui.common.WebUiCommonHelper.findElementsByDefault(WebUiCommonHelper.java:885)
	at com.kms.katalon.core.webui.common.WebUiCommonHelper.findWebElements(WebUiCommonHelper.java:720)
	at com.kms.katalon.core.webui.common.WebUiCommonHelper.findWebElement(WebUiCommonHelper.java:1365)
	at com.kms.katalon.core.webui.keyword.internal.WebUIAbstractKeyword.findWebElement(WebUIAbstractKeyword.groovy:27)
	at com.kms.katalon.core.webui.keyword.internal.WebUIAbstractKeyword.findWebElement(WebUIAbstractKeyword.groovy:26)
	at com.kms.katalon.core.webui.keyword.builtin.SetEncryptedTextKeyword$_setEncryptedText_closure1.doCall(SetEncryptedTextKeyword.groovy:51)
	at com.kms.katalon.core.webui.keyword.builtin.SetEncryptedTextKeyword$_setEncryptedText_closure1.call(SetEncryptedTextKeyword.groovy)
	at com.kms.katalon.core.webui.keyword.internal.WebUIKeywordMain.runKeyword(WebUIKeywordMain.groovy:20)
	at com.kms.katalon.core.webui.keyword.builtin.SetEncryptedTextKeyword.setEncryptedText(SetEncryptedTextKeyword.groovy:65)
	at com.kms.katalon.core.webui.keyword.builtin.SetEncryptedTextKeyword.execute(SetEncryptedTextKeyword.groovy:34)
	at com.kms.katalon.core.keyword.internal.KeywordExecutor.executeKeywordForPlatform(KeywordExecutor.groovy:74)
	at com.kms.katalon.core.webui.keyword.WebUiBuiltInKeywords.setEncryptedText(WebUiBuiltInKeywords.groovy:1011)
	at com.kms.katalon.core.webui.keyword.WebUiBuiltInKeywords$setEncryptedText$3.call(Unknown Source)
	at Script1652850907216.run(Script1652850907216.groovy:20)
	... 13 more
)

2022-07-06 17:18:02 - [MESSAGE][WARNING] - Cannot take screenshot

2022-07-06 17:18:02 - [MESSAGE][FAILED] - Unable to set encrypted text for object 'Object Repository/03-Header Menu/User Profile/Change Password/input_Old password' (Root cause: com.kms.katalon.core.exception.StepFailedException: Unable to set encrypted text for object 'Object Repository/03-Header Menu/User Profile/Change Password/input_Old password'
	at com.kms.katalon.core.webui.keyword.internal.WebUIKeywordMain.stepFailed(WebUIKeywordMain.groovy:64)
	at com.kms.katalon.core.webui.keyword.internal.WebUIKeywordMain.runKeyword(WebUIKeywordMain.groovy:26)
	at com.kms.katalon.core.webui.keyword.builtin.SetEncryptedTextKeyword.setEncryptedText(SetEncryptedTextKeyword.groovy:65)
	at com.kms.katalon.core.webui.keyword.builtin.SetEncryptedTextKeyword.execute(SetEncryptedTextKeyword.groovy:34)
	at com.kms.katalon.core.keyword.internal.KeywordExecutor.executeKeywordForPlatform(KeywordExecutor.groovy:74)
	at com.kms.katalon.core.webui.keyword.WebUiBuiltInKeywords.setEncryptedText(WebUiBuiltInKeywords.groovy:1011)
	at com.kms.katalon.core.webui.keyword.WebUiBuiltInKeywords$setEncryptedText$3.call(Unknown Source)
	at 18-Change Password(Positive Scenario).run(18-Change Password(Positive Scenario):20)
	at com.kms.katalon.core.main.ScriptEngine.run(ScriptEngine.java:194)
	at com.kms.katalon.core.main.ScriptEngine.runScriptAsRawText(ScriptEngine.java:119)
	at com.kms.katalon.core.main.TestCaseExecutor.runScript(TestCaseExecutor.java:445)
	at com.kms.katalon.core.main.TestCaseExecutor.doExecute(TestCaseExecutor.java:436)
	at com.kms.katalon.core.main.TestCaseExecutor.processExecutionPhase(TestCaseExecutor.java:415)
	at com.kms.katalon.core.main.TestCaseExecutor.accessMainPhase(TestCaseExecutor.java:407)
	at com.kms.katalon.core.main.TestCaseExecutor.execute(TestCaseExecutor.java:284)
	at com.kms.katalon.core.common.CommonExecutor.accessTestCaseMainPhase(CommonExecutor.java:65)
	at com.kms.katalon.core.main.TestSuiteExecutor.accessTestSuiteMainPhase(TestSuiteExecutor.java:144)
	at com.kms.katalon.core.main.TestSuiteExecutor.execute(TestSuiteExecutor.java:106)
	at com.kms.katalon.core.main.TestCaseMain.startTestSuite(TestCaseMain.java:185)
	at com.kms.katalon.core.main.TestCaseMain$startTestSuite$0.call(Unknown Source)
	at TempTestSuite1657098613835.run(TempTestSuite1657098613835.groovy:36)
Caused by: org.openqa.selenium.NoSuchWindowException: no such window: target window already closed
from unknown error: web view not found
  (Session info: chrome=103.0.5060.114)
Build info: version: '3.141.59', revision: 'e82be7d358', time: '2018-11-14T08:25:53'
System info: host: 'DESKTOP-QCRNR4M', ip: '192.168.5.89', os.name: 'Windows 10', os.arch: 'amd64', os.version: '10.0', java.version: '1.8.0_181'
Driver info: com.kms.katalon.selenium.driver.CChromeDriver
Capabilities {acceptInsecureCerts: false, browserName: chrome, browserVersion: 103.0.5060.114, chrome: {chromedriverVersion: 103.0.5060.53 (a1711811edd7..., userDataDir: C:\Users\User\AppData\Local...}, goog:chromeOptions: {debuggerAddress: localhost:60793}, javascriptEnabled: true, networkConnectionEnabled: false, pageLoadStrategy: normal, platform: WINDOWS, platformName: WINDOWS, proxy: Proxy(), setWindowRect: true, strictFileInteractability: false, timeouts: {implicit: 0, pageLoad: 300000, script: 30000}, unhandledPromptBehavior: dismiss and notify, webauthn:extension:credBlob: true, webauthn:extension:largeBlob: true, webauthn:virtualAuthenticators: true}
Session ID: e8307d521a24a782169105a02380b37e
*** Element info: {Using=xpath, value=//input[@name = 'oldPassword' and @type = 'password' and @placeholder = 'Old Password']}
	at org.openqa.selenium.remote.http.W3CHttpResponseCodec.createException(W3CHttpResponseCodec.java:187)
	at org.openqa.selenium.remote.http.W3CHttpResponseCodec.decode(W3CHttpResponseCodec.java:122)
	at org.openqa.selenium.remote.http.W3CHttpResponseCodec.decode(W3CHttpResponseCodec.java:49)
	at org.openqa.selenium.remote.HttpCommandExecutor.execute(HttpCommandExecutor.java:158)
	at org.openqa.selenium.remote.service.DriverCommandExecutor.execute(DriverCommandExecutor.java:83)
	at org.openqa.selenium.remote.RemoteWebDriver.execute(RemoteWebDriver.java:552)
	at com.kms.katalon.selenium.driver.CChromeDriver.execute(CChromeDriver.java:19)
	at org.openqa.selenium.remote.RemoteWebDriver.findElements(RemoteWebDriver.java:353)
	at org.openqa.selenium.remote.RemoteWebDriver.findElementsByXPath(RemoteWebDriver.java:432)
	at org.openqa.selenium.By$ByXPath.findElements(By.java:348)
	at org.openqa.selenium.remote.RemoteWebDriver.findElements(RemoteWebDriver.java:311)
	at org.openqa.selenium.support.events.EventFiringWebDriver.lambda$new$1(EventFiringWebDriver.java:105)
	at com.sun.proxy.$Proxy10.findElements(Unknown Source)
	at org.openqa.selenium.support.events.EventFiringWebDriver.findElements(EventFiringWebDriver.java:182)
	at com.kms.katalon.core.webui.common.WebUiCommonHelper.findElementByNormalMethods(WebUiCommonHelper.java:1016)
	at com.kms.katalon.core.webui.common.WebUiCommonHelper.findElementsBySelectedMethod(WebUiCommonHelper.java:905)
	at com.kms.katalon.core.webui.common.WebUiCommonHelper.findElementsBySelectedMethod(WebUiCommonHelper.java:894)
	at com.kms.katalon.core.webui.common.WebUiCommonHelper.findElementsBySelectedMethod(WebUiCommonHelper.java:889)
	at com.kms.katalon.core.webui.common.WebUiCommonHelper.findElementsByDefault(WebUiCommonHelper.java:885)
	at com.kms.katalon.core.webui.common.WebUiCommonHelper.findWebElements(WebUiCommonHelper.java:720)
	at com.kms.katalon.core.webui.common.WebUiCommonHelper.findWebElement(WebUiCommonHelper.java:1365)
	at com.kms.katalon.core.webui.keyword.internal.WebUIAbstractKeyword.findWebElement(WebUIAbstractKeyword.groovy:27)
	at com.kms.katalon.core.webui.keyword.internal.WebUIAbstractKeyword.findWebElement(WebUIAbstractKeyword.groovy:26)
	at com.kms.katalon.core.webui.keyword.builtin.SetEncryptedTextKeyword$_setEncryptedText_closure1.doCall(SetEncryptedTextKeyword.groovy:51)
	at com.kms.katalon.core.webui.keyword.builtin.SetEncryptedTextKeyword$_setEncryptedText_closure1.call(SetEncryptedTextKeyword.groovy)
	at com.kms.katalon.core.webui.keyword.internal.WebUIKeywordMain.runKeyword(WebUIKeywordMain.groovy:20)
	at com.kms.katalon.core.webui.keyword.builtin.SetEncryptedTextKeyword.setEncryptedText(SetEncryptedTextKeyword.groovy:65)
	at com.kms.katalon.core.webui.keyword.builtin.SetEncryptedTextKeyword.execute(SetEncryptedTextKeyword.groovy:34)
	at com.kms.katalon.core.keyword.internal.KeywordExecutor.executeKeywordForPlatform(KeywordExecutor.groovy:74)
	at com.kms.katalon.core.webui.keyword.WebUiBuiltInKeywords.setEncryptedText(WebUiBuiltInKeywords.groovy:1011)
	at com.kms.katalon.core.webui.keyword.WebUiBuiltInKeywords$setEncryptedText$3.call(Unknown Source)
	at Script1652850907216.run(Script1652850907216.groovy:20)
	... 13 more
)]]></system-out>
         <system-err><![CDATA[2022-07-06 17:18:01 - [TEST_CASE][FAILED] - Test Cases/03-Header Menu/18-Change Password(Positive Scenario): Test Cases/03-Header Menu/18-Change Password(Positive Scenario) FAILED.
Reason:
com.kms.katalon.core.exception.StepFailedException: Unable to set encrypted text for object 'Object Repository/03-Header Menu/User Profile/Change Password/input_Old password'
	at com.kms.katalon.core.webui.keyword.internal.WebUIKeywordMain.stepFailed(WebUIKeywordMain.groovy:64)
	at com.kms.katalon.core.webui.keyword.internal.WebUIKeywordMain.runKeyword(WebUIKeywordMain.groovy:26)
	at com.kms.katalon.core.webui.keyword.builtin.SetEncryptedTextKeyword.setEncryptedText(SetEncryptedTextKeyword.groovy:65)
	at com.kms.katalon.core.webui.keyword.builtin.SetEncryptedTextKeyword.execute(SetEncryptedTextKeyword.groovy:34)
	at com.kms.katalon.core.keyword.internal.KeywordExecutor.executeKeywordForPlatform(KeywordExecutor.groovy:74)
	at com.kms.katalon.core.webui.keyword.WebUiBuiltInKeywords.setEncryptedText(WebUiBuiltInKeywords.groovy:1011)
	at com.kms.katalon.core.webui.keyword.WebUiBuiltInKeywords$setEncryptedText$3.call(Unknown Source)
	at 18-Change Password(Positive Scenario).run(18-Change Password(Positive Scenario):20)
	at com.kms.katalon.core.main.ScriptEngine.run(ScriptEngine.java:194)
	at com.kms.katalon.core.main.ScriptEngine.runScriptAsRawText(ScriptEngine.java:119)
	at com.kms.katalon.core.main.TestCaseExecutor.runScript(TestCaseExecutor.java:445)
	at com.kms.katalon.core.main.TestCaseExecutor.doExecute(TestCaseExecutor.java:436)
	at com.kms.katalon.core.main.TestCaseExecutor.processExecutionPhase(TestCaseExecutor.java:415)
	at com.kms.katalon.core.main.TestCaseExecutor.accessMainPhase(TestCaseExecutor.java:407)
	at com.kms.katalon.core.main.TestCaseExecutor.execute(TestCaseExecutor.java:284)
	at com.kms.katalon.core.common.CommonExecutor.accessTestCaseMainPhase(CommonExecutor.java:65)
	at com.kms.katalon.core.main.TestSuiteExecutor.accessTestSuiteMainPhase(TestSuiteExecutor.java:144)
	at com.kms.katalon.core.main.TestSuiteExecutor.execute(TestSuiteExecutor.java:106)
	at com.kms.katalon.core.main.TestCaseMain.startTestSuite(TestCaseMain.java:185)
	at com.kms.katalon.core.main.TestCaseMain$startTestSuite$0.call(Unknown Source)
	at TempTestSuite1657098613835.run(TempTestSuite1657098613835.groovy:36)
Caused by: org.openqa.selenium.NoSuchWindowException: no such window: target window already closed
from unknown error: web view not found
  (Session info: chrome=103.0.5060.114)
Build info: version: '3.141.59', revision: 'e82be7d358', time: '2018-11-14T08:25:53'
System info: host: 'DESKTOP-QCRNR4M', ip: '192.168.5.89', os.name: 'Windows 10', os.arch: 'amd64', os.version: '10.0', java.version: '1.8.0_181'
Driver info: com.kms.katalon.selenium.driver.CChromeDriver
Capabilities {acceptInsecureCerts: false, browserName: chrome, browserVersion: 103.0.5060.114, chrome: {chromedriverVersion: 103.0.5060.53 (a1711811edd7..., userDataDir: C:\Users\User\AppData\Local...}, goog:chromeOptions: {debuggerAddress: localhost:60793}, javascriptEnabled: true, networkConnectionEnabled: false, pageLoadStrategy: normal, platform: WINDOWS, platformName: WINDOWS, proxy: Proxy(), setWindowRect: true, strictFileInteractability: false, timeouts: {implicit: 0, pageLoad: 300000, script: 30000}, unhandledPromptBehavior: dismiss and notify, webauthn:extension:credBlob: true, webauthn:extension:largeBlob: true, webauthn:virtualAuthenticators: true}
Session ID: e8307d521a24a782169105a02380b37e
*** Element info: {Using=xpath, value=//input[@name = 'oldPassword' and @type = 'password' and @placeholder = 'Old Password']}
	at org.openqa.selenium.remote.http.W3CHttpResponseCodec.createException(W3CHttpResponseCodec.java:187)
	at org.openqa.selenium.remote.http.W3CHttpResponseCodec.decode(W3CHttpResponseCodec.java:122)
	at org.openqa.selenium.remote.http.W3CHttpResponseCodec.decode(W3CHttpResponseCodec.java:49)
	at org.openqa.selenium.remote.HttpCommandExecutor.execute(HttpCommandExecutor.java:158)
	at org.openqa.selenium.remote.service.DriverCommandExecutor.execute(DriverCommandExecutor.java:83)
	at org.openqa.selenium.remote.RemoteWebDriver.execute(RemoteWebDriver.java:552)
	at com.kms.katalon.selenium.driver.CChromeDriver.execute(CChromeDriver.java:19)
	at org.openqa.selenium.remote.RemoteWebDriver.findElements(RemoteWebDriver.java:353)
	at org.openqa.selenium.remote.RemoteWebDriver.findElementsByXPath(RemoteWebDriver.java:432)
	at org.openqa.selenium.By$ByXPath.findElements(By.java:348)
	at org.openqa.selenium.remote.RemoteWebDriver.findElements(RemoteWebDriver.java:311)
	at org.openqa.selenium.support.events.EventFiringWebDriver.lambda$new$1(EventFiringWebDriver.java:105)
	at com.sun.proxy.$Proxy10.findElements(Unknown Source)
	at org.openqa.selenium.support.events.EventFiringWebDriver.findElements(EventFiringWebDriver.java:182)
	at com.kms.katalon.core.webui.common.WebUiCommonHelper.findElementByNormalMethods(WebUiCommonHelper.java:1016)
	at com.kms.katalon.core.webui.common.WebUiCommonHelper.findElementsBySelectedMethod(WebUiCommonHelper.java:905)
	at com.kms.katalon.core.webui.common.WebUiCommonHelper.findElementsBySelectedMethod(WebUiCommonHelper.java:894)
	at com.kms.katalon.core.webui.common.WebUiCommonHelper.findElementsBySelectedMethod(WebUiCommonHelper.java:889)
	at com.kms.katalon.core.webui.common.WebUiCommonHelper.findElementsByDefault(WebUiCommonHelper.java:885)
	at com.kms.katalon.core.webui.common.WebUiCommonHelper.findWebElements(WebUiCommonHelper.java:720)
	at com.kms.katalon.core.webui.common.WebUiCommonHelper.findWebElement(WebUiCommonHelper.java:1365)
	at com.kms.katalon.core.webui.keyword.internal.WebUIAbstractKeyword.findWebElement(WebUIAbstractKeyword.groovy:27)
	at com.kms.katalon.core.webui.keyword.internal.WebUIAbstractKeyword.findWebElement(WebUIAbstractKeyword.groovy:26)
	at com.kms.katalon.core.webui.keyword.builtin.SetEncryptedTextKeyword$_setEncryptedText_closure1.doCall(SetEncryptedTextKeyword.groovy:51)
	at com.kms.katalon.core.webui.keyword.builtin.SetEncryptedTextKeyword$_setEncryptedText_closure1.call(SetEncryptedTextKeyword.groovy)
	at com.kms.katalon.core.webui.keyword.internal.WebUIKeywordMain.runKeyword(WebUIKeywordMain.groovy:20)
	... 19 more]]></system-err>
      </testcase>
      <system-out><![CDATA[2022-07-06 17:10:16 - [TEST_SUITE][FAILED] - 03-Header Menu: Test Cases/03-Header Menu/12- Contact Info (add-remove email) FAILED.
Reason:
com.kms.katalon.core.exception.StepFailedException: Unable to click on object 'Object Repository/03-Header Menu/User Profile/View Profile/Contact Info/remove email'
	at com.kms.katalon.core.webui.keyword.internal.WebUIKeywordMain.stepFailed(WebUIKeywordMain.groovy:64)
	at com.kms.katalon.core.webui.keyword.internal.WebUIKeywordMain.runKeyword(WebUIKeywordMain.groovy:26)
	at com.kms.katalon.core.webui.keyword.builtin.ClickKeyword.click(ClickKeyword.groovy:74)
	at com.kms.katalon.core.webui.keyword.builtin.ClickKeyword.execute(ClickKeyword.groovy:40)
	at com.kms.katalon.core.keyword.internal.KeywordExecutor.executeKeywordForPlatform(KeywordExecutor.groovy:74)
	at com.kms.katalon.core.webui.keyword.WebUiBuiltInKeywords.click(WebUiBuiltInKeywords.groovy:620)
	at com.kms.katalon.core.webui.keyword.WebUiBuiltInKeywords$click$4.call(Unknown Source)
	at 12- Contact Info (add-remove email).run(12- Contact Info (add-remove email):60)
	at com.kms.katalon.core.main.ScriptEngine.run(ScriptEngine.java:194)
	at com.kms.katalon.core.main.ScriptEngine.runScriptAsRawText(ScriptEngine.java:119)
	at com.kms.katalon.core.main.TestCaseExecutor.runScript(TestCaseExecutor.java:445)
	at com.kms.katalon.core.main.TestCaseExecutor.doExecute(TestCaseExecutor.java:436)
	at com.kms.katalon.core.main.TestCaseExecutor.processExecutionPhase(TestCaseExecutor.java:415)
	at com.kms.katalon.core.main.TestCaseExecutor.accessMainPhase(TestCaseExecutor.java:407)
	at com.kms.katalon.core.main.TestCaseExecutor.execute(TestCaseExecutor.java:284)
	at com.kms.katalon.core.common.CommonExecutor.accessTestCaseMainPhase(CommonExecutor.java:65)
	at com.kms.katalon.core.main.TestSuiteExecutor.accessTestSuiteMainPhase(TestSuiteExecutor.java:144)
	at com.kms.katalon.core.main.TestSuiteExecutor.execute(TestSuiteExecutor.java:106)
	at com.kms.katalon.core.main.TestCaseMain.startTestSuite(TestCaseMain.java:185)
	at com.kms.katalon.core.main.TestCaseMain$startTestSuite$0.call(Unknown Source)
	at TempTestSuite1657098613835.run(TempTestSuite1657098613835.groovy:36)
Caused by: org.openqa.selenium.ElementNotInteractableException: element not interactable
  (Session info: chrome=103.0.5060.114)
Build info: version: '3.141.59', revision: 'e82be7d358', time: '2018-11-14T08:25:53'
System info: host: 'DESKTOP-QCRNR4M', ip: '192.168.5.89', os.name: 'Windows 10', os.arch: 'amd64', os.version: '10.0', java.version: '1.8.0_181'
Driver info: com.kms.katalon.selenium.driver.CChromeDriver
Capabilities {acceptInsecureCerts: false, browserName: chrome, browserVersion: 103.0.5060.114, chrome: {chromedriverVersion: 103.0.5060.53 (a1711811edd7..., userDataDir: C:\Users\User\AppData\Local...}, goog:chromeOptions: {debuggerAddress: localhost:60667}, javascriptEnabled: true, networkConnectionEnabled: false, pageLoadStrategy: normal, platform: WINDOWS, platformName: WINDOWS, proxy: Proxy(), setWindowRect: true, strictFileInteractability: false, timeouts: {implicit: 0, pageLoad: 300000, script: 30000}, unhandledPromptBehavior: dismiss and notify, webauthn:extension:credBlob: true, webauthn:extension:largeBlob: true, webauthn:virtualAuthenticators: true}
Session ID: e3067e16a25ee999a187bf67f2c0919e
	at org.openqa.selenium.remote.http.W3CHttpResponseCodec.createException(W3CHttpResponseCodec.java:187)
	at org.openqa.selenium.remote.http.W3CHttpResponseCodec.decode(W3CHttpResponseCodec.java:122)
	at org.openqa.selenium.remote.http.W3CHttpResponseCodec.decode(W3CHttpResponseCodec.java:49)
	at org.openqa.selenium.remote.HttpCommandExecutor.execute(HttpCommandExecutor.java:158)
	at org.openqa.selenium.remote.service.DriverCommandExecutor.execute(DriverCommandExecutor.java:83)
	at org.openqa.selenium.remote.RemoteWebDriver.execute(RemoteWebDriver.java:552)
	at com.kms.katalon.selenium.driver.CChromeDriver.execute(CChromeDriver.java:19)
	at org.openqa.selenium.remote.RemoteWebElement.execute(RemoteWebElement.java:285)
	at org.openqa.selenium.remote.RemoteWebElement.click(RemoteWebElement.java:84)
	at org.openqa.selenium.support.events.EventFiringWebDriver$EventFiringWebElement.lambda$new$0(EventFiringWebDriver.java:404)
	at com.sun.proxy.$Proxy11.click(Unknown Source)
	at org.openqa.selenium.support.events.EventFiringWebDriver$EventFiringWebElement.click(EventFiringWebDriver.java:417)
	at org.openqa.selenium.WebElement$click.call(Unknown Source)
	at com.kms.katalon.core.webui.keyword.builtin.ClickKeyword.clickUntilSuccessWithTimeout(ClickKeyword.groovy:81)
	at com.kms.katalon.core.webui.keyword.builtin.ClickKeyword.clickUntilSuccessWithTimeout(ClickKeyword.groovy)
	at com.kms.katalon.core.webui.keyword.builtin.ClickKeyword$_click_closure1.doCall(ClickKeyword.groovy:67)
	at com.kms.katalon.core.webui.keyword.builtin.ClickKeyword$_click_closure1.call(ClickKeyword.groovy)
	at com.kms.katalon.core.webui.keyword.internal.WebUIKeywordMain.runKeyword(WebUIKeywordMain.groovy:20)
	... 19 more]]></system-out>
      <system-err><![CDATA[2022-07-06 17:10:16 - [TEST_SUITE][FAILED] - 03-Header Menu: Test Cases/03-Header Menu/12- Contact Info (add-remove email) FAILED.
Reason:
com.kms.katalon.core.exception.StepFailedException: Unable to click on object 'Object Repository/03-Header Menu/User Profile/View Profile/Contact Info/remove email'
	at com.kms.katalon.core.webui.keyword.internal.WebUIKeywordMain.stepFailed(WebUIKeywordMain.groovy:64)
	at com.kms.katalon.core.webui.keyword.internal.WebUIKeywordMain.runKeyword(WebUIKeywordMain.groovy:26)
	at com.kms.katalon.core.webui.keyword.builtin.ClickKeyword.click(ClickKeyword.groovy:74)
	at com.kms.katalon.core.webui.keyword.builtin.ClickKeyword.execute(ClickKeyword.groovy:40)
	at com.kms.katalon.core.keyword.internal.KeywordExecutor.executeKeywordForPlatform(KeywordExecutor.groovy:74)
	at com.kms.katalon.core.webui.keyword.WebUiBuiltInKeywords.click(WebUiBuiltInKeywords.groovy:620)
	at com.kms.katalon.core.webui.keyword.WebUiBuiltInKeywords$click$4.call(Unknown Source)
	at 12- Contact Info (add-remove email).run(12- Contact Info (add-remove email):60)
	at com.kms.katalon.core.main.ScriptEngine.run(ScriptEngine.java:194)
	at com.kms.katalon.core.main.ScriptEngine.runScriptAsRawText(ScriptEngine.java:119)
	at com.kms.katalon.core.main.TestCaseExecutor.runScript(TestCaseExecutor.java:445)
	at com.kms.katalon.core.main.TestCaseExecutor.doExecute(TestCaseExecutor.java:436)
	at com.kms.katalon.core.main.TestCaseExecutor.processExecutionPhase(TestCaseExecutor.java:415)
	at com.kms.katalon.core.main.TestCaseExecutor.accessMainPhase(TestCaseExecutor.java:407)
	at com.kms.katalon.core.main.TestCaseExecutor.execute(TestCaseExecutor.java:284)
	at com.kms.katalon.core.common.CommonExecutor.accessTestCaseMainPhase(CommonExecutor.java:65)
	at com.kms.katalon.core.main.TestSuiteExecutor.accessTestSuiteMainPhase(TestSuiteExecutor.java:144)
	at com.kms.katalon.core.main.TestSuiteExecutor.execute(TestSuiteExecutor.java:106)
	at com.kms.katalon.core.main.TestCaseMain.startTestSuite(TestCaseMain.java:185)
	at com.kms.katalon.core.main.TestCaseMain$startTestSuite$0.call(Unknown Source)
	at TempTestSuite1657098613835.run(TempTestSuite1657098613835.groovy:36)
Caused by: org.openqa.selenium.ElementNotInteractableException: element not interactable
  (Session info: chrome=103.0.5060.114)
Build info: version: '3.141.59', revision: 'e82be7d358', time: '2018-11-14T08:25:53'
System info: host: 'DESKTOP-QCRNR4M', ip: '192.168.5.89', os.name: 'Windows 10', os.arch: 'amd64', os.version: '10.0', java.version: '1.8.0_181'
Driver info: com.kms.katalon.selenium.driver.CChromeDriver
Capabilities {acceptInsecureCerts: false, browserName: chrome, browserVersion: 103.0.5060.114, chrome: {chromedriverVersion: 103.0.5060.53 (a1711811edd7..., userDataDir: C:\Users\User\AppData\Local...}, goog:chromeOptions: {debuggerAddress: localhost:60667}, javascriptEnabled: true, networkConnectionEnabled: false, pageLoadStrategy: normal, platform: WINDOWS, platformName: WINDOWS, proxy: Proxy(), setWindowRect: true, strictFileInteractability: false, timeouts: {implicit: 0, pageLoad: 300000, script: 30000}, unhandledPromptBehavior: dismiss and notify, webauthn:extension:credBlob: true, webauthn:extension:largeBlob: true, webauthn:virtualAuthenticators: true}
Session ID: e3067e16a25ee999a187bf67f2c0919e
	at org.openqa.selenium.remote.http.W3CHttpResponseCodec.createException(W3CHttpResponseCodec.java:187)
	at org.openqa.selenium.remote.http.W3CHttpResponseCodec.decode(W3CHttpResponseCodec.java:122)
	at org.openqa.selenium.remote.http.W3CHttpResponseCodec.decode(W3CHttpResponseCodec.java:49)
	at org.openqa.selenium.remote.HttpCommandExecutor.execute(HttpCommandExecutor.java:158)
	at org.openqa.selenium.remote.service.DriverCommandExecutor.execute(DriverCommandExecutor.java:83)
	at org.openqa.selenium.remote.RemoteWebDriver.execute(RemoteWebDriver.java:552)
	at com.kms.katalon.selenium.driver.CChromeDriver.execute(CChromeDriver.java:19)
	at org.openqa.selenium.remote.RemoteWebElement.execute(RemoteWebElement.java:285)
	at org.openqa.selenium.remote.RemoteWebElement.click(RemoteWebElement.java:84)
	at org.openqa.selenium.support.events.EventFiringWebDriver$EventFiringWebElement.lambda$new$0(EventFiringWebDriver.java:404)
	at com.sun.proxy.$Proxy11.click(Unknown Source)
	at org.openqa.selenium.support.events.EventFiringWebDriver$EventFiringWebElement.click(EventFiringWebDriver.java:417)
	at org.openqa.selenium.WebElement$click.call(Unknown Source)
	at com.kms.katalon.core.webui.keyword.builtin.ClickKeyword.clickUntilSuccessWithTimeout(ClickKeyword.groovy:81)
	at com.kms.katalon.core.webui.keyword.builtin.ClickKeyword.clickUntilSuccessWithTimeout(ClickKeyword.groovy)
	at com.kms.katalon.core.webui.keyword.builtin.ClickKeyword$_click_closure1.doCall(ClickKeyword.groovy:67)
	at com.kms.katalon.core.webui.keyword.builtin.ClickKeyword$_click_closure1.call(ClickKeyword.groovy)
	at com.kms.katalon.core.webui.keyword.internal.WebUIKeywordMain.runKeyword(WebUIKeywordMain.groovy:20)
	... 19 more]]></system-err>
   </testsuite>
</testsuites>
