<?xml version="1.0" encoding="UTF-8"?>
<testsuites name="07-Directory" time="512.637" tests="13" failures="0" errors="0">
   <testsuite name="07-Directory" tests="13" failures="0" errors="0" time="512.637" skipped="0" timestamp="2023-03-23 13:06:53" hostname="asus - DESKTOP-3L3J9C1" id="Test Suites/TS-Organization/07-Directory">
      <properties>
         <property name="deviceName" value=""/>
         <property name="devicePlatform" value=""/>
         <property name="logFolder" value="C:\\Users\\asus\\Katalon Studio\\Everleagues\\Everleagues\\Reports\\20230323_130638\\TS-Organization\\07-Directory\\20230323_130638"/>
         <property name="logFiles" value="C:\\Users\\asus\\Katalon Studio\\Everleagues\\Everleagues\\Reports\\20230323_130638\\TS-Organization\\07-Directory\\20230323_130638\\execution0.log"/>
         <property name="attachments" value=""/>
         <property name="hostName" value="asus - DESKTOP-3L3J9C1"/>
         <property name="os" value="Windows 10 64bit"/>
         <property name="katalonVersion" value="8.4.1.208"/>
         <property name="browser" value="Chrome 111.0.0.0"/>
         <property name="hostAddress" value="10.100.1.128"/>
         <property name="sessionId" value="1403ced507b96ab706e081482c947a08"/>
         <property name="seleniumVersion" value="3.141.59"/>
         <property name="proxyInformation" value="ProxyInformation { proxyOption=NO_PROXY, proxyServerType=HTTP, username=, password=********, proxyServerAddress=, proxyServerPort=0, executionList=&quot;&quot;, isApplyToDesiredCapabilities=true }"/>
         <property name="platform" value="Windows 10"/>
      </properties>
      <testcase name="Test Cases/07-Directory/01 -Connections - Add New Contact (required field is blank)" time="204.505" classname="Test Cases/07-Directory/01 -Connections - Add New Contact (required field is blank)" status="PASSED">
         <system-out><![CDATA[2023-03-23 13:06:55 - [TEST_CASE][PASSED] - Test Cases/07-Directory/01 -Connections - Add New Contact (required field is blank): Test Cases/07-Directory/01 -Connections - Add New Contact (required field is blank)

2023-03-23 13:06:57 - [TEST_STEP][PASSED] - openBrowser(""): Browser is opened with url: ''

2023-03-23 13:06:59 - [MESSAGE][INFO] - Starting 'Chrome' driver

2023-03-23 13:06:59 - [MESSAGE][INFO] - Action delay is set to 0 milliseconds

2023-03-23 13:07:08 - [MESSAGE][PASSED] - Browser is opened with url: ''

2023-03-23 13:07:08 - [TEST_STEP][PASSED] - navigateToUrl("https://lab.everleagues.com/"): Navigate to 'https://lab.everleagues.com/' successfully

2023-03-23 13:08:18 - [MESSAGE][PASSED] - Navigate to 'https://lab.everleagues.com/' successfully

2023-03-23 13:08:18 - [TEST_STEP][PASSED] - maximizeWindow(): Current window maximized

2023-03-23 13:08:18 - [MESSAGE][PASSED] - Current window maximized

2023-03-23 13:08:18 - [TEST_STEP][PASSED] - callTestCase(findTestCase("01-Login and Forgot Password/04-Login(Valid Credentials-With Subscription)"), [:], STOP_ON_FAILURE): Call Test Case 'Test Cases/01-Login and Forgot Password/04-Login(Valid Credentials-With Subscription)' successfully

2023-03-23 13:08:18 - [TEST_CASE][PASSED] - Test Cases/01-Login and Forgot Password/04-Login(Valid Credentials-With Subscription): Test Cases/01-Login and Forgot Password/04-Login(Valid Credentials-With Subscription)

2023-03-23 13:08:21 - [TEST_STEP][PASSED] - setText(findTestObject("01-Login and Forgot Password/input_Email_email"), "testuser05@mailinator.com"): Text 'testuser05@mailinator.com' is set on object 'Object Repository/01-Login and Forgot Password/input_Email_email'

2023-03-23 13:08:23 - [MESSAGE][PASSED] - Text 'testuser05@mailinator.com' is set on object 'Object Repository/01-Login and Forgot Password/input_Email_email'

2023-03-23 13:08:23 - [TEST_STEP][PASSED] - setEncryptedText(findTestObject("01-Login and Forgot Password/input_Email_password"), "8yFRyszE6U6jvsCn51OQbg=="): Text ****** has been set on object 'Object Repository/01-Login and Forgot Password/input_Email_password'

2023-03-23 13:08:24 - [MESSAGE][PASSED] - Text ****** has been set on object 'Object Repository/01-Login and Forgot Password/input_Email_password'

2023-03-23 13:08:24 - [TEST_STEP][PASSED] - delay(2): Delayed 2 second(s)

2023-03-23 13:08:26 - [MESSAGE][PASSED] - Delayed 2 second(s)

2023-03-23 13:08:26 - [TEST_STEP][PASSED] - click(findTestObject("01-Login and Forgot Password/show pass button")): Object: 'Object Repository/01-Login and Forgot Password/show pass button' is clicked on

2023-03-23 13:08:28 - [MESSAGE][PASSED] - Object: 'Object Repository/01-Login and Forgot Password/show pass button' is clicked on

2023-03-23 13:08:28 - [TEST_STEP][PASSED] - delay(3): Delayed 3 second(s)

2023-03-23 13:08:31 - [MESSAGE][PASSED] - Delayed 3 second(s)

2023-03-23 13:08:31 - [TEST_STEP][PASSED] - click(findTestObject("01-Login and Forgot Password/button_Sign in")): Object: 'Object Repository/01-Login and Forgot Password/button_Sign in' is clicked on

2023-03-23 13:08:32 - [MESSAGE][PASSED] - Object: 'Object Repository/01-Login and Forgot Password/button_Sign in' is clicked on

2023-03-23 13:08:32 - [TEST_STEP][PASSED] - delay(3): Delayed 3 second(s)

2023-03-23 13:08:35 - [MESSAGE][PASSED] - Delayed 3 second(s)

2023-03-23 13:08:35 - [TEST_STEP][PASSED] - click(findTestObject("06-Teams/For 2FA/button_Confirm_2FA")): Object: 'Object Repository/06-Teams/For 2FA/button_Confirm_2FA' is clicked on

2023-03-23 13:08:35 - [MESSAGE][PASSED] - Object: 'Object Repository/06-Teams/For 2FA/button_Confirm_2FA' is clicked on

2023-03-23 13:08:35 - [TEST_STEP][PASSED] - executeJavaScript("window.open();", []): Execute JavaScript 'window.open();' successfully

2023-03-23 13:08:36 - [MESSAGE][PASSED] - Execute JavaScript 'window.open();' successfully

2023-03-23 13:08:36 - [TEST_STEP][PASSED] - currentWindow = getWindowIndex(): Current window's index is: 0

2023-03-23 13:08:37 - [MESSAGE][PASSED] - Current window's index is: 0

2023-03-23 13:08:37 - [TEST_STEP][PASSED] - delay(3): Delayed 3 second(s)

2023-03-23 13:08:40 - [MESSAGE][PASSED] - Delayed 3 second(s)

2023-03-23 13:08:40 - [TEST_STEP][PASSED] - switchToWindowIndex(currentWindow + 1): Switched to window with index: '1'

2023-03-23 13:08:40 - [MESSAGE][PASSED] - Switched to window with index: '1'

2023-03-23 13:08:40 - [TEST_STEP][PASSED] - navigateToUrl("https://www.mailinator.com/"): Navigate to 'https://www.mailinator.com/' successfully

2023-03-23 13:08:46 - [MESSAGE][PASSED] - Navigate to 'https://www.mailinator.com/' successfully

2023-03-23 13:08:46 - [TEST_STEP][PASSED] - delay(3): Delayed 3 second(s)

2023-03-23 13:08:49 - [MESSAGE][PASSED] - Delayed 3 second(s)

2023-03-23 13:08:49 - [TEST_STEP][PASSED] - setText(findTestObject("00-Signup and Activation/zMailinator/input_LOGIN_search"), "testuser05@mailinator.com"): Text 'testuser05@mailinator.com' is set on object 'Object Repository/00-Signup and Activation/zMailinator/input_LOGIN_search'

2023-03-23 13:08:51 - [MESSAGE][PASSED] - Text 'testuser05@mailinator.com' is set on object 'Object Repository/00-Signup and Activation/zMailinator/input_LOGIN_search'

2023-03-23 13:08:51 - [TEST_STEP][PASSED] - click(findTestObject("00-Signup and Activation/zMailinator/gobutton"), STOP_ON_FAILURE): Object: 'Object Repository/00-Signup and Activation/zMailinator/gobutton' is clicked on

2023-03-23 13:08:53 - [MESSAGE][PASSED] - Object: 'Object Repository/00-Signup and Activation/zMailinator/gobutton' is clicked on

2023-03-23 13:08:53 - [TEST_STEP][PASSED] - delay(3): Delayed 3 second(s)

2023-03-23 13:08:56 - [MESSAGE][PASSED] - Delayed 3 second(s)

2023-03-23 13:08:56 - [TEST_STEP][PASSED] - click(findTestObject("00-Signup and Activation/zMailinator/Email - everleagues")): Object: 'Object Repository/00-Signup and Activation/zMailinator/Email - everleagues' is clicked on

2023-03-23 13:08:57 - [MESSAGE][PASSED] - Object: 'Object Repository/00-Signup and Activation/zMailinator/Email - everleagues' is clicked on

2023-03-23 13:08:57 - [TEST_STEP][PASSED] - delay(3): Delayed 3 second(s)

2023-03-23 13:09:00 - [MESSAGE][PASSED] - Delayed 3 second(s)

2023-03-23 13:09:00 - [TEST_STEP][PASSED] - code = getText(findTestObject("Object Repository/06-Teams/For 2FA/2FA code")): Text of object 'Object Repository/06-Teams/For 2FA/2FA code' is: '971518'

2023-03-23 13:09:02 - [MESSAGE][PASSED] - Text of object 'Object Repository/06-Teams/For 2FA/2FA code' is: '971518'

2023-03-23 13:09:02 - [TEST_STEP][PASSED] - delay(3): Delayed 3 second(s)

2023-03-23 13:09:05 - [MESSAGE][PASSED] - Delayed 3 second(s)

2023-03-23 13:09:05 - [TEST_STEP][PASSED] - closeWindowTitle("Mailinator"): Window with title: 'Mailinator' is closed

2023-03-23 13:09:06 - [MESSAGE][PASSED] - Window with title: 'Mailinator' is closed

2023-03-23 13:09:06 - [TEST_STEP][PASSED] - delay(3): Delayed 3 second(s)

2023-03-23 13:09:09 - [MESSAGE][PASSED] - Delayed 3 second(s)

2023-03-23 13:09:09 - [TEST_STEP][PASSED] - switchToWindowIndex(0): Switched to window with index: '0'

2023-03-23 13:09:09 - [MESSAGE][PASSED] - Switched to window with index: '0'

2023-03-23 13:09:09 - [TEST_STEP][PASSED] - delay(3): Delayed 3 second(s)

2023-03-23 13:09:12 - [MESSAGE][PASSED] - Delayed 3 second(s)

2023-03-23 13:09:12 - [TEST_STEP][PASSED] - setText(findTestObject("Object Repository/06-Teams/For 2FA/input_Enter verification code_code"), code): Text '971518' is set on object 'Object Repository/06-Teams/For 2FA/input_Enter verification code_code'

2023-03-23 13:09:15 - [MESSAGE][PASSED] - Text '971518' is set on object 'Object Repository/06-Teams/For 2FA/input_Enter verification code_code'

2023-03-23 13:09:15 - [TEST_STEP][PASSED] - delay(3): Delayed 3 second(s)

2023-03-23 13:09:18 - [MESSAGE][PASSED] - Delayed 3 second(s)

2023-03-23 13:09:18 - [TEST_STEP][PASSED] - click(findTestObject("06-Teams/For 2FA/button_Verify_2FA")): Object: 'Object Repository/06-Teams/For 2FA/button_Verify_2FA' is clicked on

2023-03-23 13:09:19 - [MESSAGE][PASSED] - Object: 'Object Repository/06-Teams/For 2FA/button_Verify_2FA' is clicked on

2023-03-23 13:09:19 - [TEST_STEP][PASSED] - delay(3): Delayed 3 second(s)

2023-03-23 13:09:22 - [MESSAGE][PASSED] - Delayed 3 second(s)

2023-03-23 13:09:22 - [MESSAGE][PASSED] - Call Test Case 'Test Cases/01-Login and Forgot Password/04-Login(Valid Credentials-With Subscription)' successfully

2023-03-23 13:09:22 - [TEST_STEP][PASSED] - click(findTestObject("03-Header Menu/Hamburger Button/div_Directory")): Object: 'Object Repository/03-Header Menu/Hamburger Button/div_Directory' is clicked on

2023-03-23 13:09:30 - [MESSAGE][PASSED] - Object: 'Object Repository/03-Header Menu/Hamburger Button/div_Directory' is clicked on

2023-03-23 13:09:30 - [TEST_STEP][PASSED] - delay(3): Delayed 3 second(s)

2023-03-23 13:09:33 - [MESSAGE][PASSED] - Delayed 3 second(s)

2023-03-23 13:09:33 - [TEST_STEP][PASSED] - verifyElementVisible(findTestObject("07-Directory/Connections/div_Connections")): Object 'Object Repository/07-Directory/Connections/div_Connections' is visible

2023-03-23 13:09:35 - [MESSAGE][PASSED] - Object 'Object Repository/07-Directory/Connections/div_Connections' is visible

2023-03-23 13:09:35 - [TEST_STEP][PASSED] - verifyElementVisible(findTestObject("07-Directory/Connections/div_Labels")): Object 'Object Repository/07-Directory/Connections/div_Labels' is visible

2023-03-23 13:09:36 - [MESSAGE][PASSED] - Object 'Object Repository/07-Directory/Connections/div_Labels' is visible

2023-03-23 13:09:36 - [TEST_STEP][PASSED] - delay(3): Delayed 3 second(s)

2023-03-23 13:09:39 - [MESSAGE][PASSED] - Delayed 3 second(s)

2023-03-23 13:09:39 - [TEST_STEP][PASSED] - click(findTestObject("07-Directory/Connections/div_Connections")): Object: 'Object Repository/07-Directory/Connections/div_Connections' is clicked on

2023-03-23 13:09:41 - [MESSAGE][PASSED] - Object: 'Object Repository/07-Directory/Connections/div_Connections' is clicked on

2023-03-23 13:09:41 - [TEST_STEP][PASSED] - delay(3): Delayed 3 second(s)

2023-03-23 13:09:44 - [MESSAGE][PASSED] - Delayed 3 second(s)

2023-03-23 13:09:44 - [TEST_STEP][PASSED] - verifyElementVisible(findTestObject("07-Directory/Connections/h4_CONNECTIONS")): Object 'Object Repository/07-Directory/Connections/h4_CONNECTIONS' is visible

2023-03-23 13:09:44 - [MESSAGE][PASSED] - Object 'Object Repository/07-Directory/Connections/h4_CONNECTIONS' is visible

2023-03-23 13:09:44 - [TEST_STEP][PASSED] - verifyElementVisible(findTestObject("07-Directory/Connections/h5_Save your contacts here and throw your business cards away")): Object 'Object Repository/07-Directory/Connections/h5_Save your contacts here and throw your business cards away' is visible

2023-03-23 13:09:46 - [MESSAGE][PASSED] - Object 'Object Repository/07-Directory/Connections/h5_Save your contacts here and throw your business cards away' is visible

2023-03-23 13:09:46 - [TEST_STEP][PASSED] - verifyElementVisible(findTestObject("07-Directory/Connections/button_search")): Object 'Object Repository/07-Directory/Connections/button_search' is visible

2023-03-23 13:09:47 - [MESSAGE][PASSED] - Object 'Object Repository/07-Directory/Connections/button_search' is visible

2023-03-23 13:09:47 - [TEST_STEP][PASSED] - verifyElementVisible(findTestObject("07-Directory/Connections/button_add new contact")): Object 'Object Repository/07-Directory/Connections/button_add new contact' is visible

2023-03-23 13:09:48 - [MESSAGE][PASSED] - Object 'Object Repository/07-Directory/Connections/button_add new contact' is visible

2023-03-23 13:09:48 - [TEST_STEP][PASSED] - verifyElementVisible(findTestObject("07-Directory/Connections/button_Filter")): Object 'Object Repository/07-Directory/Connections/button_Filter' is visible

2023-03-23 13:09:49 - [MESSAGE][PASSED] - Object 'Object Repository/07-Directory/Connections/button_Filter' is visible

2023-03-23 13:09:49 - [TEST_STEP][PASSED] - delay(3): Delayed 3 second(s)

2023-03-23 13:09:52 - [MESSAGE][PASSED] - Delayed 3 second(s)

2023-03-23 13:09:52 - [TEST_STEP][PASSED] - click(findTestObject("07-Directory/Connections/button_add new contact")): Object: 'Object Repository/07-Directory/Connections/button_add new contact' is clicked on

2023-03-23 13:09:56 - [MESSAGE][PASSED] - Object: 'Object Repository/07-Directory/Connections/button_add new contact' is clicked on

2023-03-23 13:09:56 - [TEST_STEP][PASSED] - delay(3): Delayed 3 second(s)

2023-03-23 13:09:59 - [MESSAGE][PASSED] - Delayed 3 second(s)

2023-03-23 13:09:59 - [TEST_STEP][PASSED] - click(findTestObject("07-Directory/Connections/input_Type_email")): Object: 'Object Repository/07-Directory/Connections/input_Type_email' is clicked on

2023-03-23 13:10:02 - [MESSAGE][PASSED] - Object: 'Object Repository/07-Directory/Connections/input_Type_email' is clicked on

2023-03-23 13:10:02 - [TEST_STEP][PASSED] - verifyElementVisible(findTestObject("07-Directory/Connections/Add new contact modal")): Object 'Object Repository/07-Directory/Connections/Add new contact modal' is visible

2023-03-23 13:10:03 - [MESSAGE][PASSED] - Object 'Object Repository/07-Directory/Connections/Add new contact modal' is visible

2023-03-23 13:10:03 - [TEST_STEP][PASSED] - delay(3): Delayed 3 second(s)

2023-03-23 13:10:06 - [MESSAGE][PASSED] - Delayed 3 second(s)

2023-03-23 13:10:06 - [TEST_STEP][PASSED] - click(findTestObject("07-Directory/Connections/input_firstName")): Object: 'Object Repository/07-Directory/Connections/input_firstName' is clicked on

2023-03-23 13:10:07 - [MESSAGE][PASSED] - Object: 'Object Repository/07-Directory/Connections/input_firstName' is clicked on

2023-03-23 13:10:07 - [TEST_STEP][PASSED] - click(findTestObject("07-Directory/Connections/input_lastName")): Object: 'Object Repository/07-Directory/Connections/input_lastName' is clicked on

2023-03-23 13:10:09 - [MESSAGE][PASSED] - Object: 'Object Repository/07-Directory/Connections/input_lastName' is clicked on

2023-03-23 13:10:09 - [TEST_STEP][PASSED] - click(findTestObject("07-Directory/Connections/input_Type_email")): Object: 'Object Repository/07-Directory/Connections/input_Type_email' is clicked on

2023-03-23 13:10:10 - [MESSAGE][PASSED] - Object: 'Object Repository/07-Directory/Connections/input_Type_email' is clicked on

2023-03-23 13:10:10 - [TEST_STEP][PASSED] - delay(3): Delayed 3 second(s)

2023-03-23 13:10:13 - [MESSAGE][PASSED] - Delayed 3 second(s)

2023-03-23 13:10:13 - [TEST_STEP][PASSED] - verifyElementVisible(findTestObject("07-Directory/Connections/div_First Name Field is required")): Object 'Object Repository/07-Directory/Connections/div_First Name Field is required' is visible

2023-03-23 13:10:14 - [MESSAGE][PASSED] - Object 'Object Repository/07-Directory/Connections/div_First Name Field is required' is visible

2023-03-23 13:10:14 - [TEST_STEP][PASSED] - verifyElementVisible(findTestObject("07-Directory/Connections/div_Last Name Field is required")): Object 'Object Repository/07-Directory/Connections/div_Last Name Field is required' is visible

2023-03-23 13:10:15 - [MESSAGE][PASSED] - Object 'Object Repository/07-Directory/Connections/div_Last Name Field is required' is visible

2023-03-23 13:10:15 - [TEST_STEP][PASSED] - verifyElementNotClickable(findTestObject("07-Directory/Connections/button_Create")): Object 'Object Repository/07-Directory/Connections/button_Create' is NOT clickable

2023-03-23 13:10:16 - [MESSAGE][PASSED] - Object 'Object Repository/07-Directory/Connections/button_Create' is NOT clickable

2023-03-23 13:10:16 - [TEST_STEP][PASSED] - delay(3): Delayed 3 second(s)

2023-03-23 13:10:19 - [MESSAGE][PASSED] - Delayed 3 second(s)]]></system-out>
         <system-err><![CDATA[]]></system-err>
      </testcase>
      <testcase name="Test Cases/07-Directory/02 -Connections - Add New Contact (Fill out required field)" time="16.363" classname="Test Cases/07-Directory/02 -Connections - Add New Contact (Fill out required field)" status="PASSED">
         <system-out><![CDATA[2023-03-23 13:10:19 - [TEST_CASE][PASSED] - Test Cases/07-Directory/02 -Connections - Add New Contact (Fill out required field): Test Cases/07-Directory/02 -Connections - Add New Contact (Fill out required field)

2023-03-23 13:10:21 - [TEST_STEP][PASSED] - setText(findTestObject("07-Directory/Connections/input_firstName"), "GG"): Text 'GG' is set on object 'Object Repository/07-Directory/Connections/input_firstName'

2023-03-23 13:10:23 - [MESSAGE][PASSED] - Text 'GG' is set on object 'Object Repository/07-Directory/Connections/input_firstName'

2023-03-23 13:10:23 - [TEST_STEP][PASSED] - setText(findTestObject("07-Directory/Connections/input_lastName"), "Auto"): Text 'Auto' is set on object 'Object Repository/07-Directory/Connections/input_lastName'

2023-03-23 13:10:25 - [MESSAGE][PASSED] - Text 'Auto' is set on object 'Object Repository/07-Directory/Connections/input_lastName'

2023-03-23 13:10:25 - [TEST_STEP][PASSED] - setText(findTestObject("07-Directory/Connections/input_Type_email"), "autotester02@mailinator.com"): Text 'autotester02@mailinator.com' is set on object 'Object Repository/07-Directory/Connections/input_Type_email'

2023-03-23 13:10:28 - [MESSAGE][PASSED] - Text 'autotester02@mailinator.com' is set on object 'Object Repository/07-Directory/Connections/input_Type_email'

2023-03-23 13:10:28 - [TEST_STEP][PASSED] - click(findTestObject("07-Directory/Connections/input_Type_phone")): Object: 'Object Repository/07-Directory/Connections/input_Type_phone' is clicked on

2023-03-23 13:10:29 - [MESSAGE][PASSED] - Object: 'Object Repository/07-Directory/Connections/input_Type_phone' is clicked on

2023-03-23 13:10:29 - [TEST_STEP][PASSED] - click(findTestObject("07-Directory/Connections/button_area code")): Object: 'Object Repository/07-Directory/Connections/button_area code' is clicked on

2023-03-23 13:10:33 - [MESSAGE][PASSED] - Object: 'Object Repository/07-Directory/Connections/button_area code' is clicked on

2023-03-23 13:10:33 - [TEST_STEP][PASSED] - delay(3): Delayed 3 second(s)

2023-03-23 13:10:36 - [MESSAGE][PASSED] - Delayed 3 second(s)]]></system-out>
         <system-err><![CDATA[]]></system-err>
      </testcase>
      <testcase name="Test Cases/07-Directory/03 -Connections - Add New Contact (add phone number)" time="12.376" classname="Test Cases/07-Directory/03 -Connections - Add New Contact (add phone number)" status="PASSED">
         <system-out><![CDATA[2023-03-23 13:10:36 - [TEST_CASE][PASSED] - Test Cases/07-Directory/03 -Connections - Add New Contact (add phone number): Test Cases/07-Directory/03 -Connections - Add New Contact (add phone number)

2023-03-23 13:10:37 - [TEST_STEP][PASSED] - verifyElementVisible(findTestObject("07-Directory/Connections/area code modal")): Object 'Object Repository/07-Directory/Connections/area code modal' is visible

2023-03-23 13:10:38 - [MESSAGE][PASSED] - Object 'Object Repository/07-Directory/Connections/area code modal' is visible

2023-03-23 13:10:38 - [TEST_STEP][PASSED] - click(findTestObject("07-Directory/Connections/button_Australia")): Object: 'Object Repository/07-Directory/Connections/button_Australia' is clicked on

2023-03-23 13:10:39 - [MESSAGE][PASSED] - Object: 'Object Repository/07-Directory/Connections/button_Australia' is clicked on

2023-03-23 13:10:39 - [TEST_STEP][PASSED] - delay(3): Delayed 3 second(s)

2023-03-23 13:10:42 - [MESSAGE][PASSED] - Delayed 3 second(s)

2023-03-23 13:10:42 - [TEST_STEP][PASSED] - setText(findTestObject("07-Directory/Connections/input_Type_phone"), "488827341"): Text '488827341' is set on object 'Object Repository/07-Directory/Connections/input_Type_phone'

2023-03-23 13:10:45 - [MESSAGE][PASSED] - Text '488827341' is set on object 'Object Repository/07-Directory/Connections/input_Type_phone'

2023-03-23 13:10:45 - [TEST_STEP][PASSED] - delay(3): Delayed 3 second(s)

2023-03-23 13:10:48 - [MESSAGE][PASSED] - Delayed 3 second(s)]]></system-out>
         <system-err><![CDATA[]]></system-err>
      </testcase>
      <testcase name="Test Cases/07-Directory/04 -Connections - Add New Contact (address required fields blank)" time="45.774" classname="Test Cases/07-Directory/04 -Connections - Add New Contact (address required fields blank)" status="PASSED">
         <system-out><![CDATA[2023-03-23 13:10:48 - [TEST_CASE][PASSED] - Test Cases/07-Directory/04 -Connections - Add New Contact (address required fields blank): Test Cases/07-Directory/04 -Connections - Add New Contact (address required fields blank)

2023-03-23 13:10:51 - [TEST_STEP][PASSED] - scrollToElement(findTestObject("07-Directory/Connections/button_add_address"), 0): Scroll to object 'Object Repository/07-Directory/Connections/button_add_address' successfully

2023-03-23 13:10:51 - [MESSAGE][WARNING] - Timeout '0' is invalid. Using default page load timeout: '30'

2023-03-23 13:10:52 - [MESSAGE][PASSED] - Scroll to object 'Object Repository/07-Directory/Connections/button_add_address' successfully

2023-03-23 13:10:52 - [TEST_STEP][PASSED] - click(findTestObject("07-Directory/Connections/button_add_address")): Object: 'Object Repository/07-Directory/Connections/button_add_address' is clicked on

2023-03-23 13:10:54 - [MESSAGE][PASSED] - Object: 'Object Repository/07-Directory/Connections/button_add_address' is clicked on

2023-03-23 13:10:54 - [TEST_STEP][PASSED] - click(findTestObject("07-Directory/Connections/button_add_address")): Object: 'Object Repository/07-Directory/Connections/button_add_address' is clicked on

2023-03-23 13:10:56 - [MESSAGE][PASSED] - Object: 'Object Repository/07-Directory/Connections/button_add_address' is clicked on

2023-03-23 13:10:56 - [TEST_STEP][PASSED] - verifyElementVisible(findTestObject("07-Directory/Connections/Edit address modal")): Object 'Object Repository/07-Directory/Connections/Edit address modal' is visible

2023-03-23 13:10:58 - [MESSAGE][PASSED] - Object 'Object Repository/07-Directory/Connections/Edit address modal' is visible

2023-03-23 13:10:58 - [TEST_STEP][PASSED] - delay(3): Delayed 3 second(s)

2023-03-23 13:11:01 - [MESSAGE][PASSED] - Delayed 3 second(s)

2023-03-23 13:11:01 - [TEST_STEP][PASSED] - click(findTestObject("07-Directory/Connections/input_Edit Address_street1")): Object: 'Object Repository/07-Directory/Connections/input_Edit Address_street1' is clicked on

2023-03-23 13:11:02 - [MESSAGE][PASSED] - Object: 'Object Repository/07-Directory/Connections/input_Edit Address_street1' is clicked on

2023-03-23 13:11:02 - [TEST_STEP][PASSED] - click(findTestObject("07-Directory/Connections/input_Street 1_street2")): Object: 'Object Repository/07-Directory/Connections/input_Street 1_street2' is clicked on

2023-03-23 13:11:04 - [MESSAGE][PASSED] - Object: 'Object Repository/07-Directory/Connections/input_Street 1_street2' is clicked on

2023-03-23 13:11:04 - [TEST_STEP][PASSED] - click(findTestObject("07-Directory/Connections/input_Street 2_postcode")): Object: 'Object Repository/07-Directory/Connections/input_Street 2_postcode' is clicked on

2023-03-23 13:11:06 - [MESSAGE][PASSED] - Object: 'Object Repository/07-Directory/Connections/input_Street 2_postcode' is clicked on

2023-03-23 13:11:06 - [TEST_STEP][PASSED] - click(findTestObject("07-Directory/Connections/input_Zip  Postal Code_city")): Object: 'Object Repository/07-Directory/Connections/input_Zip  Postal Code_city' is clicked on

2023-03-23 13:11:07 - [MESSAGE][PASSED] - Object: 'Object Repository/07-Directory/Connections/input_Zip  Postal Code_city' is clicked on

2023-03-23 13:11:07 - [TEST_STEP][PASSED] - click(findTestObject("07-Directory/Connections/input_City_state")): Object: 'Object Repository/07-Directory/Connections/input_City_state' is clicked on

2023-03-23 13:11:08 - [MESSAGE][PASSED] - Object: 'Object Repository/07-Directory/Connections/input_City_state' is clicked on

2023-03-23 13:11:08 - [TEST_STEP][PASSED] - click(findTestObject("07-Directory/Connections/input_State_country")): Object: 'Object Repository/07-Directory/Connections/input_State_country' is clicked on

2023-03-23 13:11:09 - [MESSAGE][PASSED] - Object: 'Object Repository/07-Directory/Connections/input_State_country' is clicked on

2023-03-23 13:11:09 - [TEST_STEP][PASSED] - doubleClick(findTestObject("07-Directory/Connections/input_Edit Address_street1"), STOP_ON_FAILURE): Object: 'Object Repository/07-Directory/Connections/input_Edit Address_street1' is double clicked on

2023-03-23 13:11:10 - [MESSAGE][PASSED] - Object: 'Object Repository/07-Directory/Connections/input_Edit Address_street1' is double clicked on

2023-03-23 13:11:10 - [TEST_STEP][PASSED] - scrollToElement(findTestObject("07-Directory/Connections/input_Country_addressLabel"), 0): Scroll to object 'Object Repository/07-Directory/Connections/input_Country_addressLabel' successfully

2023-03-23 13:11:11 - [MESSAGE][WARNING] - Timeout '0' is invalid. Using default page load timeout: '30'

2023-03-23 13:11:11 - [MESSAGE][PASSED] - Scroll to object 'Object Repository/07-Directory/Connections/input_Country_addressLabel' successfully

2023-03-23 13:11:11 - [TEST_STEP][PASSED] - click(findTestObject("07-Directory/Connections/input_Country_addressLabel")): Object: 'Object Repository/07-Directory/Connections/input_Country_addressLabel' is clicked on

2023-03-23 13:11:12 - [MESSAGE][PASSED] - Object: 'Object Repository/07-Directory/Connections/input_Country_addressLabel' is clicked on

2023-03-23 13:11:12 - [TEST_STEP][PASSED] - delay(3): Delayed 3 second(s)

2023-03-23 13:11:15 - [MESSAGE][PASSED] - Delayed 3 second(s)

2023-03-23 13:11:15 - [TEST_STEP][PASSED] - verifyElementVisible(findTestObject("07-Directory/Connections/span_Work")): Object 'Object Repository/07-Directory/Connections/span_Work' is visible

2023-03-23 13:11:16 - [MESSAGE][PASSED] - Object 'Object Repository/07-Directory/Connections/span_Work' is visible

2023-03-23 13:11:16 - [TEST_STEP][PASSED] - verifyElementVisible(findTestObject("07-Directory/Connections/span_Personal")): Object 'Object Repository/07-Directory/Connections/span_Personal' is visible

2023-03-23 13:11:16 - [MESSAGE][PASSED] - Object 'Object Repository/07-Directory/Connections/span_Personal' is visible

2023-03-23 13:11:16 - [TEST_STEP][PASSED] - verifyElementVisible(findTestObject("07-Directory/Connections/span_Other")): Object 'Object Repository/07-Directory/Connections/span_Other' is visible

2023-03-23 13:11:17 - [MESSAGE][PASSED] - Object 'Object Repository/07-Directory/Connections/span_Other' is visible

2023-03-23 13:11:17 - [TEST_STEP][PASSED] - delay(3): Delayed 3 second(s)

2023-03-23 13:11:21 - [MESSAGE][PASSED] - Delayed 3 second(s)

2023-03-23 13:11:21 - [TEST_STEP][PASSED] - click(findTestObject("07-Directory/Connections/h4_Edit Address")): Object: 'Object Repository/07-Directory/Connections/h4_Edit Address' is clicked on

2023-03-23 13:11:22 - [MESSAGE][PASSED] - Object: 'Object Repository/07-Directory/Connections/h4_Edit Address' is clicked on

2023-03-23 13:11:22 - [TEST_STEP][PASSED] - delay(3): Delayed 3 second(s)

2023-03-23 13:11:25 - [MESSAGE][PASSED] - Delayed 3 second(s)

2023-03-23 13:11:25 - [TEST_STEP][PASSED] - scrollToElement(findTestObject("07-Directory/Connections/street 1 error"), 0): Scroll to object 'Object Repository/07-Directory/Connections/street 1 error' successfully

2023-03-23 13:11:25 - [MESSAGE][WARNING] - Timeout '0' is invalid. Using default page load timeout: '30'

2023-03-23 13:11:26 - [MESSAGE][PASSED] - Scroll to object 'Object Repository/07-Directory/Connections/street 1 error' successfully

2023-03-23 13:11:26 - [TEST_STEP][PASSED] - verifyElementVisible(findTestObject("07-Directory/Connections/street 1 error")): Object 'Object Repository/07-Directory/Connections/street 1 error' is visible

2023-03-23 13:11:26 - [MESSAGE][PASSED] - Object 'Object Repository/07-Directory/Connections/street 1 error' is visible

2023-03-23 13:11:26 - [TEST_STEP][PASSED] - verifyElementVisible(findTestObject("07-Directory/Connections/post code error")): Object 'Object Repository/07-Directory/Connections/post code error' is visible

2023-03-23 13:11:29 - [MESSAGE][PASSED] - Object 'Object Repository/07-Directory/Connections/post code error' is visible

2023-03-23 13:11:29 - [TEST_STEP][PASSED] - verifyElementVisible(findTestObject("07-Directory/Connections/city error")): Object 'Object Repository/07-Directory/Connections/city error' is visible

2023-03-23 13:11:30 - [MESSAGE][PASSED] - Object 'Object Repository/07-Directory/Connections/city error' is visible

2023-03-23 13:11:30 - [TEST_STEP][PASSED] - verifyElementVisible(findTestObject("07-Directory/Connections/state error")): Object 'Object Repository/07-Directory/Connections/state error' is visible

2023-03-23 13:11:31 - [MESSAGE][PASSED] - Object 'Object Repository/07-Directory/Connections/state error' is visible

2023-03-23 13:11:31 - [TEST_STEP][PASSED] - delay(3): Delayed 3 second(s)

2023-03-23 13:11:34 - [MESSAGE][PASSED] - Delayed 3 second(s)]]></system-out>
         <system-err><![CDATA[]]></system-err>
      </testcase>
      <testcase name="Test Cases/07-Directory/05 -Connections - Add New Contact (add address successfully and add new contact successfully)" time="32.588" classname="Test Cases/07-Directory/05 -Connections - Add New Contact (add address successfully and add new contact successfully)" status="PASSED">
         <system-out><![CDATA[2023-03-23 13:11:34 - [TEST_CASE][PASSED] - Test Cases/07-Directory/05 -Connections - Add New Contact (add address successfully and add new contact successfully): Test Cases/07-Directory/05 -Connections - Add New Contact (add address successfully and add new contact successfully)

2023-03-23 13:11:36 - [TEST_STEP][PASSED] - setText(findTestObject("07-Directory/Connections/input_Edit Address_street1"), "Auto street 1"): Text 'Auto street 1' is set on object 'Object Repository/07-Directory/Connections/input_Edit Address_street1'

2023-03-23 13:11:38 - [MESSAGE][PASSED] - Text 'Auto street 1' is set on object 'Object Repository/07-Directory/Connections/input_Edit Address_street1'

2023-03-23 13:11:38 - [TEST_STEP][PASSED] - setText(findTestObject("07-Directory/Connections/input_Street 1_street2"), "Auto street 2"): Text 'Auto street 2' is set on object 'Object Repository/07-Directory/Connections/input_Street 1_street2'

2023-03-23 13:11:40 - [MESSAGE][PASSED] - Text 'Auto street 2' is set on object 'Object Repository/07-Directory/Connections/input_Street 1_street2'

2023-03-23 13:11:40 - [TEST_STEP][PASSED] - setText(findTestObject("07-Directory/Connections/input_Street 2_postcode"), "54321"): Text '54321' is set on object 'Object Repository/07-Directory/Connections/input_Street 2_postcode'

2023-03-23 13:11:42 - [MESSAGE][PASSED] - Text '54321' is set on object 'Object Repository/07-Directory/Connections/input_Street 2_postcode'

2023-03-23 13:11:42 - [TEST_STEP][PASSED] - setText(findTestObject("07-Directory/Connections/input_Zip  Postal Code_city"), "Auto city"): Text 'Auto city' is set on object 'Object Repository/07-Directory/Connections/input_Zip  Postal Code_city'

2023-03-23 13:11:45 - [MESSAGE][PASSED] - Text 'Auto city' is set on object 'Object Repository/07-Directory/Connections/input_Zip  Postal Code_city'

2023-03-23 13:11:45 - [TEST_STEP][PASSED] - setText(findTestObject("07-Directory/Connections/input_City_state"), "Auto state"): Text 'Auto state' is set on object 'Object Repository/07-Directory/Connections/input_City_state'

2023-03-23 13:11:47 - [MESSAGE][PASSED] - Text 'Auto state' is set on object 'Object Repository/07-Directory/Connections/input_City_state'

2023-03-23 13:11:47 - [TEST_STEP][PASSED] - click(findTestObject("07-Directory/Connections/input_State_country"), STOP_ON_FAILURE): Object: 'Object Repository/07-Directory/Connections/input_State_country' is clicked on

2023-03-23 13:11:48 - [MESSAGE][PASSED] - Object: 'Object Repository/07-Directory/Connections/input_State_country' is clicked on

2023-03-23 13:11:48 - [TEST_STEP][PASSED] - click(findTestObject("07-Directory/Connections/option_united states"), STOP_ON_FAILURE): Object: 'Object Repository/07-Directory/Connections/option_united states' is clicked on

2023-03-23 13:11:49 - [MESSAGE][PASSED] - Object: 'Object Repository/07-Directory/Connections/option_united states' is clicked on

2023-03-23 13:11:49 - [TEST_STEP][PASSED] - scrollToElement(findTestObject("07-Directory/Connections/input_Country_addressLabel"), 0): Scroll to object 'Object Repository/07-Directory/Connections/input_Country_addressLabel' successfully

2023-03-23 13:11:50 - [MESSAGE][WARNING] - Timeout '0' is invalid. Using default page load timeout: '30'

2023-03-23 13:11:50 - [MESSAGE][PASSED] - Scroll to object 'Object Repository/07-Directory/Connections/input_Country_addressLabel' successfully

2023-03-23 13:11:50 - [TEST_STEP][PASSED] - click(findTestObject("07-Directory/Connections/input_Country_addressLabel"), STOP_ON_FAILURE): Object: 'Object Repository/07-Directory/Connections/input_Country_addressLabel' is clicked on

2023-03-23 13:11:51 - [MESSAGE][PASSED] - Object: 'Object Repository/07-Directory/Connections/input_Country_addressLabel' is clicked on

2023-03-23 13:11:51 - [TEST_STEP][PASSED] - delay(3): Delayed 3 second(s)

2023-03-23 13:11:54 - [MESSAGE][PASSED] - Delayed 3 second(s)

2023-03-23 13:11:54 - [TEST_STEP][PASSED] - click(findTestObject("07-Directory/Connections/span_Work")): Object: 'Object Repository/07-Directory/Connections/span_Work' is clicked on

2023-03-23 13:11:56 - [MESSAGE][PASSED] - Object: 'Object Repository/07-Directory/Connections/span_Work' is clicked on

2023-03-23 13:11:56 - [TEST_STEP][PASSED] - click(findTestObject("07-Directory/Connections/address_Save")): Object: 'Object Repository/07-Directory/Connections/address_Save' is clicked on

2023-03-23 13:11:58 - [MESSAGE][PASSED] - Object: 'Object Repository/07-Directory/Connections/address_Save' is clicked on

2023-03-23 13:11:58 - [TEST_STEP][PASSED] - delay(3): Delayed 3 second(s)

2023-03-23 13:12:01 - [MESSAGE][PASSED] - Delayed 3 second(s)

2023-03-23 13:12:01 - [TEST_STEP][PASSED] - verifyElementVisible(findTestObject("07-Directory/Connections/added address")): Object 'Object Repository/07-Directory/Connections/added address' is visible

2023-03-23 13:12:01 - [MESSAGE][PASSED] - Object 'Object Repository/07-Directory/Connections/added address' is visible

2023-03-23 13:12:01 - [TEST_STEP][PASSED] - click(findTestObject("07-Directory/Connections/button_Create")): Object: 'Object Repository/07-Directory/Connections/button_Create' is clicked on

2023-03-23 13:12:02 - [MESSAGE][PASSED] - Object: 'Object Repository/07-Directory/Connections/button_Create' is clicked on

2023-03-23 13:12:02 - [TEST_STEP][PASSED] - delay(3): Delayed 3 second(s)

2023-03-23 13:12:05 - [MESSAGE][PASSED] - Delayed 3 second(s)

2023-03-23 13:12:05 - [TEST_STEP][PASSED] - verifyElementVisible(findTestObject("07-Directory/Connections/div_added user")): Object 'Object Repository/07-Directory/Connections/div_added user' is visible

2023-03-23 13:12:07 - [MESSAGE][PASSED] - Object 'Object Repository/07-Directory/Connections/div_added user' is visible]]></system-out>
         <system-err><![CDATA[]]></system-err>
      </testcase>
      <testcase name="Test Cases/07-Directory/06- Connections - Invite contact as new user" time="40.204" classname="Test Cases/07-Directory/06- Connections - Invite contact as new user" status="PASSED">
         <system-out><![CDATA[2023-03-23 13:12:07 - [TEST_CASE][PASSED] - Test Cases/07-Directory/06- Connections - Invite contact as new user: Test Cases/07-Directory/06- Connections - Invite contact as new user

2023-03-23 13:12:09 - [TEST_STEP][PASSED] - delay(3): Delayed 3 second(s)

2023-03-23 13:12:12 - [MESSAGE][PASSED] - Delayed 3 second(s)

2023-03-23 13:12:12 - [TEST_STEP][PASSED] - click(findTestObject("07-Directory/Connections/div_added user")): Object: 'Object Repository/07-Directory/Connections/div_added user' is clicked on

2023-03-23 13:12:15 - [MESSAGE][PASSED] - Object: 'Object Repository/07-Directory/Connections/div_added user' is clicked on

2023-03-23 13:12:15 - [TEST_STEP][PASSED] - click(findTestObject("07-Directory/Connections/zContact Profile/button_invite")): Object: 'Object Repository/07-Directory/Connections/zContact Profile/button_invite' is clicked on

2023-03-23 13:12:17 - [MESSAGE][PASSED] - Object: 'Object Repository/07-Directory/Connections/zContact Profile/button_invite' is clicked on

2023-03-23 13:12:17 - [TEST_STEP][PASSED] - delay(3): Delayed 3 second(s)

2023-03-23 13:12:20 - [MESSAGE][PASSED] - Delayed 3 second(s)

2023-03-23 13:12:20 - [TEST_STEP][PASSED] - verifyElementVisible(findTestObject("07-Directory/Connections/zContact Profile/Invite new user modal")): Object 'Object Repository/07-Directory/Connections/zContact Profile/Invite new user modal' is visible

2023-03-23 13:12:21 - [MESSAGE][PASSED] - Object 'Object Repository/07-Directory/Connections/zContact Profile/Invite new user modal' is visible

2023-03-23 13:12:21 - [TEST_STEP][PASSED] - verifyElementNotClickable(findTestObject("07-Directory/Connections/zContact Profile/button_Send Invitation")): Object 'Object Repository/07-Directory/Connections/zContact Profile/button_Send Invitation' is NOT clickable

2023-03-23 13:12:22 - [MESSAGE][PASSED] - Object 'Object Repository/07-Directory/Connections/zContact Profile/button_Send Invitation' is NOT clickable

2023-03-23 13:12:22 - [TEST_STEP][PASSED] - delay(3): Delayed 3 second(s)

2023-03-23 13:12:25 - [MESSAGE][PASSED] - Delayed 3 second(s)

2023-03-23 13:12:25 - [TEST_STEP][PASSED] - click(findTestObject("07-Directory/Connections/zContact Profile/Role")): Object: 'Object Repository/07-Directory/Connections/zContact Profile/Role' is clicked on

2023-03-23 13:12:26 - [MESSAGE][PASSED] - Object: 'Object Repository/07-Directory/Connections/zContact Profile/Role' is clicked on

2023-03-23 13:12:26 - [TEST_STEP][PASSED] - clickOffset(findTestObject("07-Directory/Connections/zContact Profile/h4_Invite New User"), 100, 100): Object: 'Object Repository/07-Directory/Connections/zContact Profile/h4_Invite New User' is clicked on using offset x=100 and y=100

2023-03-23 13:12:27 - [MESSAGE][PASSED] - Object: 'Object Repository/07-Directory/Connections/zContact Profile/h4_Invite New User' is clicked on using offset x=100 and y=100

2023-03-23 13:12:27 - [TEST_STEP][PASSED] - verifyElementVisible(findTestObject("07-Directory/Connections/zContact Profile/Select a role error")): Object 'Object Repository/07-Directory/Connections/zContact Profile/Select a role error' is visible

2023-03-23 13:12:28 - [MESSAGE][PASSED] - Object 'Object Repository/07-Directory/Connections/zContact Profile/Select a role error' is visible

2023-03-23 13:12:28 - [TEST_STEP][PASSED] - delay(3): Delayed 3 second(s)

2023-03-23 13:12:31 - [MESSAGE][PASSED] - Delayed 3 second(s)

2023-03-23 13:12:31 - [TEST_STEP][PASSED] - click(findTestObject("07-Directory/Connections/zContact Profile/Role")): Object: 'Object Repository/07-Directory/Connections/zContact Profile/Role' is clicked on

2023-03-23 13:12:33 - [MESSAGE][PASSED] - Object: 'Object Repository/07-Directory/Connections/zContact Profile/Role' is clicked on

2023-03-23 13:12:33 - [TEST_STEP][PASSED] - verifyElementVisible(findTestObject("07-Directory/Connections/zContact Profile/span_Client")): Object 'Object Repository/07-Directory/Connections/zContact Profile/span_Client' is visible

2023-03-23 13:12:35 - [MESSAGE][PASSED] - Object 'Object Repository/07-Directory/Connections/zContact Profile/span_Client' is visible

2023-03-23 13:12:35 - [TEST_STEP][PASSED] - verifyElementVisible(findTestObject("07-Directory/Connections/zContact Profile/span_CoWorker")): Object 'Object Repository/07-Directory/Connections/zContact Profile/span_CoWorker' is visible

2023-03-23 13:12:35 - [MESSAGE][PASSED] - Object 'Object Repository/07-Directory/Connections/zContact Profile/span_CoWorker' is visible

2023-03-23 13:12:35 - [TEST_STEP][PASSED] - verifyElementVisible(findTestObject("07-Directory/Connections/zContact Profile/span_External Contact")): Object 'Object Repository/07-Directory/Connections/zContact Profile/span_External Contact' is visible

2023-03-23 13:12:36 - [MESSAGE][PASSED] - Object 'Object Repository/07-Directory/Connections/zContact Profile/span_External Contact' is visible

2023-03-23 13:12:36 - [TEST_STEP][PASSED] - click(findTestObject("07-Directory/Connections/zContact Profile/span_CoWorker")): Object: 'Object Repository/07-Directory/Connections/zContact Profile/span_CoWorker' is clicked on

2023-03-23 13:12:37 - [MESSAGE][PASSED] - Object: 'Object Repository/07-Directory/Connections/zContact Profile/span_CoWorker' is clicked on

2023-03-23 13:12:37 - [TEST_STEP][PASSED] - delay(3): Delayed 3 second(s)

2023-03-23 13:12:40 - [MESSAGE][PASSED] - Delayed 3 second(s)

2023-03-23 13:12:40 - [TEST_STEP][PASSED] - click(findTestObject("07-Directory/Connections/zContact Profile/button_Send Invitation")): Object: 'Object Repository/07-Directory/Connections/zContact Profile/button_Send Invitation' is clicked on

2023-03-23 13:12:41 - [MESSAGE][PASSED] - Object: 'Object Repository/07-Directory/Connections/zContact Profile/button_Send Invitation' is clicked on

2023-03-23 13:12:41 - [TEST_STEP][PASSED] - verifyElementVisible(findTestObject("07-Directory/Connections/zContact Profile/Successfully invited user")): Object 'Object Repository/07-Directory/Connections/zContact Profile/Successfully invited user' is visible

2023-03-23 13:12:47 - [MESSAGE][PASSED] - Object 'Object Repository/07-Directory/Connections/zContact Profile/Successfully invited user' is visible]]></system-out>
         <system-err><![CDATA[]]></system-err>
      </testcase>
      <testcase name="Test Cases/07-Directory/07-Connections - Delete invitation" time="34.808" classname="Test Cases/07-Directory/07-Connections - Delete invitation" status="PASSED">
         <system-out><![CDATA[2023-03-23 13:12:47 - [TEST_CASE][PASSED] - Test Cases/07-Directory/07-Connections - Delete invitation: Test Cases/07-Directory/07-Connections - Delete invitation

2023-03-23 13:12:49 - [TEST_STEP][PASSED] - delay(3): Delayed 3 second(s)

2023-03-23 13:12:52 - [MESSAGE][PASSED] - Delayed 3 second(s)

2023-03-23 13:12:52 - [TEST_STEP][PASSED] - click(findTestObject("07-Directory/Connections/button_delete invitation")): Object: 'Object Repository/07-Directory/Connections/button_delete invitation' is clicked on

2023-03-23 13:12:54 - [MESSAGE][PASSED] - Object: 'Object Repository/07-Directory/Connections/button_delete invitation' is clicked on

2023-03-23 13:12:54 - [TEST_STEP][PASSED] - verifyElementVisible(findTestObject("07-Directory/Connections/mat-dialog-container_deleteInvitationConfirmationModal")): Object 'Object Repository/07-Directory/Connections/mat-dialog-container_deleteInvitationConfirmationModal' is visible

2023-03-23 13:12:55 - [MESSAGE][PASSED] - Object 'Object Repository/07-Directory/Connections/mat-dialog-container_deleteInvitationConfirmationModal' is visible

2023-03-23 13:12:55 - [TEST_STEP][PASSED] - delay(2): Delayed 2 second(s)

2023-03-23 13:12:57 - [MESSAGE][PASSED] - Delayed 2 second(s)

2023-03-23 13:12:57 - [TEST_STEP][PASSED] - click(findTestObject("07-Directory/Connections/button_Cancel")): Object: 'Object Repository/07-Directory/Connections/button_Cancel' is clicked on

2023-03-23 13:12:58 - [MESSAGE][PASSED] - Object: 'Object Repository/07-Directory/Connections/button_Cancel' is clicked on

2023-03-23 13:12:58 - [TEST_STEP][PASSED] - delay(2): Delayed 2 second(s)

2023-03-23 13:13:00 - [MESSAGE][PASSED] - Delayed 2 second(s)

2023-03-23 13:13:00 - [TEST_STEP][PASSED] - click(findTestObject("07-Directory/Connections/button_delete invitation")): Object: 'Object Repository/07-Directory/Connections/button_delete invitation' is clicked on

2023-03-23 13:13:01 - [MESSAGE][PASSED] - Object: 'Object Repository/07-Directory/Connections/button_delete invitation' is clicked on

2023-03-23 13:13:01 - [TEST_STEP][PASSED] - verifyElementVisible(findTestObject("07-Directory/Connections/mat-dialog-container_deleteInvitationConfirmationModal")): Object 'Object Repository/07-Directory/Connections/mat-dialog-container_deleteInvitationConfirmationModal' is visible

2023-03-23 13:13:02 - [MESSAGE][PASSED] - Object 'Object Repository/07-Directory/Connections/mat-dialog-container_deleteInvitationConfirmationModal' is visible

2023-03-23 13:13:02 - [TEST_STEP][PASSED] - delay(3): Delayed 3 second(s)

2023-03-23 13:13:05 - [MESSAGE][PASSED] - Delayed 3 second(s)

2023-03-23 13:13:05 - [TEST_STEP][PASSED] - click(findTestObject("07-Directory/Connections/button_Confirm")): Object: 'Object Repository/07-Directory/Connections/button_Confirm' is clicked on

2023-03-23 13:13:07 - [MESSAGE][PASSED] - Object: 'Object Repository/07-Directory/Connections/button_Confirm' is clicked on

2023-03-23 13:13:07 - [TEST_STEP][PASSED] - verifyElementVisible(findTestObject("07-Directory/Connections/snack-bar-container_Successfully delete invitation requestOK")): Object 'Object Repository/07-Directory/Connections/snack-bar-container_Successfully delete invitation requestOK' is visible

2023-03-23 13:13:10 - [MESSAGE][PASSED] - Object 'Object Repository/07-Directory/Connections/snack-bar-container_Successfully delete invitation requestOK' is visible

2023-03-23 13:13:10 - [TEST_STEP][PASSED] - delay(3): Delayed 3 second(s)

2023-03-23 13:13:13 - [MESSAGE][PASSED] - Delayed 3 second(s)

2023-03-23 13:13:13 - [TEST_STEP][PASSED] - click(findTestObject("07-Directory/Connections/zContact Profile/button_invite")): Object: 'Object Repository/07-Directory/Connections/zContact Profile/button_invite' is clicked on

2023-03-23 13:13:14 - [MESSAGE][PASSED] - Object: 'Object Repository/07-Directory/Connections/zContact Profile/button_invite' is clicked on

2023-03-23 13:13:14 - [TEST_STEP][PASSED] - click(findTestObject("07-Directory/Connections/zContact Profile/Role")): Object: 'Object Repository/07-Directory/Connections/zContact Profile/Role' is clicked on

2023-03-23 13:13:17 - [MESSAGE][PASSED] - Object: 'Object Repository/07-Directory/Connections/zContact Profile/Role' is clicked on

2023-03-23 13:13:17 - [TEST_STEP][PASSED] - click(findTestObject("07-Directory/Connections/zContact Profile/span_CoWorker")): Object: 'Object Repository/07-Directory/Connections/zContact Profile/span_CoWorker' is clicked on

2023-03-23 13:13:18 - [MESSAGE][PASSED] - Object: 'Object Repository/07-Directory/Connections/zContact Profile/span_CoWorker' is clicked on

2023-03-23 13:13:18 - [TEST_STEP][PASSED] - delay(3): Delayed 3 second(s)

2023-03-23 13:13:21 - [MESSAGE][PASSED] - Delayed 3 second(s)

2023-03-23 13:13:21 - [TEST_STEP][PASSED] - click(findTestObject("07-Directory/Connections/zContact Profile/button_Send Invitation")): Object: 'Object Repository/07-Directory/Connections/zContact Profile/button_Send Invitation' is clicked on

2023-03-23 13:13:22 - [MESSAGE][PASSED] - Object: 'Object Repository/07-Directory/Connections/zContact Profile/button_Send Invitation' is clicked on]]></system-out>
         <system-err><![CDATA[]]></system-err>
      </testcase>
      <testcase name="Test Cases/07-Directory/08-Connections - Resend invitation" time="21.92" classname="Test Cases/07-Directory/08-Connections - Resend invitation" status="PASSED">
         <system-out><![CDATA[2023-03-23 13:13:22 - [TEST_CASE][PASSED] - Test Cases/07-Directory/08-Connections - Resend invitation: Test Cases/07-Directory/08-Connections - Resend invitation

2023-03-23 13:13:25 - [TEST_STEP][PASSED] - click(findTestObject("07-Directory/Connections/button_resendInvitation")): Object: 'Object Repository/07-Directory/Connections/button_resendInvitation' is clicked on

2023-03-23 13:13:26 - [MESSAGE][PASSED] - Object: 'Object Repository/07-Directory/Connections/button_resendInvitation' is clicked on

2023-03-23 13:13:26 - [TEST_STEP][PASSED] - verifyElementVisible(findTestObject("07-Directory/Connections/mat-dialog-container_resendInivationConfirmationModal")): Object 'Object Repository/07-Directory/Connections/mat-dialog-container_resendInivationConfirmationModal' is visible

2023-03-23 13:13:27 - [MESSAGE][PASSED] - Object 'Object Repository/07-Directory/Connections/mat-dialog-container_resendInivationConfirmationModal' is visible

2023-03-23 13:13:27 - [TEST_STEP][PASSED] - delay(2): Delayed 2 second(s)

2023-03-23 13:13:29 - [MESSAGE][PASSED] - Delayed 2 second(s)

2023-03-23 13:13:29 - [TEST_STEP][PASSED] - click(findTestObject("07-Directory/Connections/button_Cancel")): Object: 'Object Repository/07-Directory/Connections/button_Cancel' is clicked on

2023-03-23 13:13:29 - [MESSAGE][PASSED] - Object: 'Object Repository/07-Directory/Connections/button_Cancel' is clicked on

2023-03-23 13:13:29 - [TEST_STEP][PASSED] - delay(2): Delayed 2 second(s)

2023-03-23 13:13:31 - [MESSAGE][PASSED] - Delayed 2 second(s)

2023-03-23 13:13:31 - [TEST_STEP][PASSED] - click(findTestObject("07-Directory/Connections/button_resendInvitation")): Object: 'Object Repository/07-Directory/Connections/button_resendInvitation' is clicked on

2023-03-23 13:13:32 - [MESSAGE][PASSED] - Object: 'Object Repository/07-Directory/Connections/button_resendInvitation' is clicked on

2023-03-23 13:13:32 - [TEST_STEP][PASSED] - verifyElementVisible(findTestObject("07-Directory/Connections/mat-dialog-container_resendInivationConfirmationModal")): Object 'Object Repository/07-Directory/Connections/mat-dialog-container_resendInivationConfirmationModal' is visible

2023-03-23 13:13:34 - [MESSAGE][PASSED] - Object 'Object Repository/07-Directory/Connections/mat-dialog-container_resendInivationConfirmationModal' is visible

2023-03-23 13:13:34 - [TEST_STEP][PASSED] - delay(3): Delayed 3 second(s)

2023-03-23 13:13:37 - [MESSAGE][PASSED] - Delayed 3 second(s)

2023-03-23 13:13:37 - [TEST_STEP][PASSED] - click(findTestObject("07-Directory/Connections/button_Confirm")): Object: 'Object Repository/07-Directory/Connections/button_Confirm' is clicked on

2023-03-23 13:13:38 - [MESSAGE][PASSED] - Object: 'Object Repository/07-Directory/Connections/button_Confirm' is clicked on

2023-03-23 13:13:38 - [TEST_STEP][PASSED] - verifyElementVisible(findTestObject("07-Directory/Connections/simple-snack-bar_Successfully resent emailOK")): Object 'Object Repository/07-Directory/Connections/simple-snack-bar_Successfully resent emailOK' is visible

2023-03-23 13:13:41 - [MESSAGE][PASSED] - Object 'Object Repository/07-Directory/Connections/simple-snack-bar_Successfully resent emailOK' is visible

2023-03-23 13:13:41 - [TEST_STEP][PASSED] - delay(3): Delayed 3 second(s)

2023-03-23 13:13:44 - [MESSAGE][PASSED] - Delayed 3 second(s)]]></system-out>
         <system-err><![CDATA[]]></system-err>
      </testcase>
      <testcase name="Test Cases/07-Directory/09- Connections - Edit Profile" time="23.423" classname="Test Cases/07-Directory/09- Connections - Edit Profile" status="PASSED">
         <system-out><![CDATA[2023-03-23 13:13:44 - [TEST_CASE][PASSED] - Test Cases/07-Directory/09- Connections - Edit Profile: Test Cases/07-Directory/09- Connections - Edit Profile

2023-03-23 13:13:46 - [TEST_STEP][PASSED] - delay(3): Delayed 3 second(s)

2023-03-23 13:13:49 - [MESSAGE][PASSED] - Delayed 3 second(s)

2023-03-23 13:13:49 - [TEST_STEP][PASSED] - click(findTestObject("07-Directory/Connections/div_added user")): Object: 'Object Repository/07-Directory/Connections/div_added user' is clicked on

2023-03-23 13:13:50 - [MESSAGE][PASSED] - Object: 'Object Repository/07-Directory/Connections/div_added user' is clicked on

2023-03-23 13:13:50 - [TEST_STEP][PASSED] - click(findTestObject("07-Directory/Connections/zContact Profile/button_edit profile")): Object: 'Object Repository/07-Directory/Connections/zContact Profile/button_edit profile' is clicked on

2023-03-23 13:13:52 - [MESSAGE][PASSED] - Object: 'Object Repository/07-Directory/Connections/zContact Profile/button_edit profile' is clicked on

2023-03-23 13:13:52 - [TEST_STEP][PASSED] - verifyElementVisible(findTestObject("07-Directory/Connections/zContact Profile/connection profile modal")): Object 'Object Repository/07-Directory/Connections/zContact Profile/connection profile modal' is visible

2023-03-23 13:13:54 - [MESSAGE][PASSED] - Object 'Object Repository/07-Directory/Connections/zContact Profile/connection profile modal' is visible

2023-03-23 13:13:54 - [TEST_STEP][PASSED] - delay(2): Delayed 2 second(s)

2023-03-23 13:13:56 - [MESSAGE][PASSED] - Delayed 2 second(s)

2023-03-23 13:13:56 - [TEST_STEP][PASSED] - setText(findTestObject("07-Directory/Connections/zContact Profile/input_firstName"), "GGedit"): Text 'GGedit' is set on object 'Object Repository/07-Directory/Connections/zContact Profile/input_firstName'

2023-03-23 13:13:58 - [MESSAGE][PASSED] - Text 'GGedit' is set on object 'Object Repository/07-Directory/Connections/zContact Profile/input_firstName'

2023-03-23 13:13:58 - [TEST_STEP][PASSED] - setText(findTestObject("07-Directory/Connections/zContact Profile/input_lastName"), "Autoedit"): Text 'Autoedit' is set on object 'Object Repository/07-Directory/Connections/zContact Profile/input_lastName'

2023-03-23 13:14:00 - [MESSAGE][PASSED] - Text 'Autoedit' is set on object 'Object Repository/07-Directory/Connections/zContact Profile/input_lastName'

2023-03-23 13:14:00 - [TEST_STEP][PASSED] - scrollToElement(findTestObject("07-Directory/Connections/zContact Profile/notes"), 0): Scroll to object 'Object Repository/07-Directory/Connections/zContact Profile/notes' successfully

2023-03-23 13:14:00 - [MESSAGE][WARNING] - Timeout '0' is invalid. Using default page load timeout: '30'

2023-03-23 13:14:00 - [MESSAGE][PASSED] - Scroll to object 'Object Repository/07-Directory/Connections/zContact Profile/notes' successfully

2023-03-23 13:14:00 - [TEST_STEP][PASSED] - setText(findTestObject("07-Directory/Connections/zContact Profile/notes"), "Automation Notes"): Text 'Automation Notes' is set on object 'Object Repository/07-Directory/Connections/zContact Profile/notes'

2023-03-23 13:14:03 - [MESSAGE][PASSED] - Text 'Automation Notes' is set on object 'Object Repository/07-Directory/Connections/zContact Profile/notes'

2023-03-23 13:14:03 - [TEST_STEP][PASSED] - scrollToElement(findTestObject("07-Directory/Connections/zContact Profile/button_save changes"), 0): Scroll to object 'Object Repository/07-Directory/Connections/zContact Profile/button_save changes' successfully

2023-03-23 13:14:03 - [MESSAGE][WARNING] - Timeout '0' is invalid. Using default page load timeout: '30'

2023-03-23 13:14:04 - [MESSAGE][PASSED] - Scroll to object 'Object Repository/07-Directory/Connections/zContact Profile/button_save changes' successfully

2023-03-23 13:14:04 - [TEST_STEP][PASSED] - click(findTestObject("07-Directory/Connections/zContact Profile/button_save changes")): Object: 'Object Repository/07-Directory/Connections/zContact Profile/button_save changes' is clicked on

2023-03-23 13:14:06 - [MESSAGE][PASSED] - Object: 'Object Repository/07-Directory/Connections/zContact Profile/button_save changes' is clicked on

2023-03-23 13:14:06 - [TEST_STEP][PASSED] - verifyElementVisible(findTestObject("07-Directory/Connections/zContact Profile/success msg")): Object 'Object Repository/07-Directory/Connections/zContact Profile/success msg' is visible

2023-03-23 13:14:07 - [MESSAGE][PASSED] - Object 'Object Repository/07-Directory/Connections/zContact Profile/success msg' is visible]]></system-out>
         <system-err><![CDATA[]]></system-err>
      </testcase>
      <testcase name="Test Cases/07-Directory/10- Connections- delete" time="12.272" classname="Test Cases/07-Directory/10- Connections- delete" status="PASSED">
         <system-out><![CDATA[2023-03-23 13:14:07 - [TEST_CASE][PASSED] - Test Cases/07-Directory/10- Connections- delete: Test Cases/07-Directory/10- Connections- delete

2023-03-23 13:14:10 - [TEST_STEP][PASSED] - delay(2): Delayed 2 second(s)

2023-03-23 13:14:12 - [MESSAGE][PASSED] - Delayed 2 second(s)

2023-03-23 13:14:12 - [TEST_STEP][PASSED] - click(findTestObject("07-Directory/Connections/zContact Profile/GG edited")): Object: 'Object Repository/07-Directory/Connections/zContact Profile/GG edited' is clicked on

2023-03-23 13:14:13 - [MESSAGE][PASSED] - Object: 'Object Repository/07-Directory/Connections/zContact Profile/GG edited' is clicked on

2023-03-23 13:14:13 - [TEST_STEP][PASSED] - click(findTestObject("07-Directory/Connections/zContact Profile/button_delete")): Object: 'Object Repository/07-Directory/Connections/zContact Profile/button_delete' is clicked on

2023-03-23 13:14:14 - [MESSAGE][PASSED] - Object: 'Object Repository/07-Directory/Connections/zContact Profile/button_delete' is clicked on

2023-03-23 13:14:14 - [TEST_STEP][PASSED] - verifyElementVisible(findTestObject("07-Directory/Connections/zContact Profile/delete modal")): Object 'Object Repository/07-Directory/Connections/zContact Profile/delete modal' is visible

2023-03-23 13:14:15 - [MESSAGE][PASSED] - Object 'Object Repository/07-Directory/Connections/zContact Profile/delete modal' is visible

2023-03-23 13:14:15 - [TEST_STEP][PASSED] - click(findTestObject("07-Directory/Connections/zContact Profile/button_Deletemsg")): Object: 'Object Repository/07-Directory/Connections/zContact Profile/button_Deletemsg' is clicked on

2023-03-23 13:14:16 - [MESSAGE][PASSED] - Object: 'Object Repository/07-Directory/Connections/zContact Profile/button_Deletemsg' is clicked on

2023-03-23 13:14:16 - [TEST_STEP][PASSED] - verifyElementVisible(findTestObject("07-Directory/Connections/zContact Profile/success delete msg")): Object 'Object Repository/07-Directory/Connections/zContact Profile/success delete msg' is visible

2023-03-23 13:14:18 - [MESSAGE][PASSED] - Object 'Object Repository/07-Directory/Connections/zContact Profile/success delete msg' is visible

2023-03-23 13:14:18 - [TEST_STEP][PASSED] - delay(2): Delayed 2 second(s)

2023-03-23 13:14:20 - [MESSAGE][PASSED] - Delayed 2 second(s)]]></system-out>
         <system-err><![CDATA[]]></system-err>
      </testcase>
      <testcase name="Test Cases/07-Directory/11 - Add new label" time="35.659" classname="Test Cases/07-Directory/11 - Add new label" status="PASSED">
         <system-out><![CDATA[2023-03-23 13:14:20 - [TEST_CASE][PASSED] - Test Cases/07-Directory/11 - Add new label: Test Cases/07-Directory/11 - Add new label

2023-03-23 13:14:22 - [TEST_STEP][PASSED] - delay(3): Delayed 3 second(s)

2023-03-23 13:14:25 - [MESSAGE][PASSED] - Delayed 3 second(s)

2023-03-23 13:14:25 - [TEST_STEP][PASSED] - click(findTestObject("07-Directory/Connections/div_Labels")): Object: 'Object Repository/07-Directory/Connections/div_Labels' is clicked on

2023-03-23 13:14:27 - [MESSAGE][PASSED] - Object: 'Object Repository/07-Directory/Connections/div_Labels' is clicked on

2023-03-23 13:14:27 - [TEST_STEP][PASSED] - delay(3): Delayed 3 second(s)

2023-03-23 13:14:30 - [MESSAGE][PASSED] - Delayed 3 second(s)

2023-03-23 13:14:30 - [TEST_STEP][PASSED] - verifyElementVisible(findTestObject("07-Directory/Labels/Labels page")): Object 'Object Repository/07-Directory/Labels/Labels page' is visible

2023-03-23 13:14:31 - [MESSAGE][PASSED] - Object 'Object Repository/07-Directory/Labels/Labels page' is visible

2023-03-23 13:14:31 - [TEST_STEP][PASSED] - verifyElementVisible(findTestObject("07-Directory/Labels/h4_LABELS")): Object 'Object Repository/07-Directory/Labels/h4_LABELS' is visible

2023-03-23 13:14:33 - [MESSAGE][PASSED] - Object 'Object Repository/07-Directory/Labels/h4_LABELS' is visible

2023-03-23 13:14:33 - [TEST_STEP][PASSED] - delay(3): Delayed 3 second(s)

2023-03-23 13:14:36 - [MESSAGE][PASSED] - Delayed 3 second(s)

2023-03-23 13:14:36 - [TEST_STEP][PASSED] - click(findTestObject("07-Directory/Labels/plus_add label")): Object: 'Object Repository/07-Directory/Labels/plus_add label' is clicked on

2023-03-23 13:14:38 - [MESSAGE][PASSED] - Object: 'Object Repository/07-Directory/Labels/plus_add label' is clicked on

2023-03-23 13:14:38 - [TEST_STEP][PASSED] - verifyElementVisible(findTestObject("07-Directory/Labels/add new label modal")): Object 'Object Repository/07-Directory/Labels/add new label modal' is visible

2023-03-23 13:14:39 - [MESSAGE][PASSED] - Object 'Object Repository/07-Directory/Labels/add new label modal' is visible

2023-03-23 13:14:39 - [TEST_STEP][PASSED] - delay(3): Delayed 3 second(s)

2023-03-23 13:14:42 - [MESSAGE][PASSED] - Delayed 3 second(s)

2023-03-23 13:14:42 - [TEST_STEP][PASSED] - click(findTestObject("07-Directory/Labels/h4_Add New Label")): Object: 'Object Repository/07-Directory/Labels/h4_Add New Label' is clicked on

2023-03-23 13:14:44 - [MESSAGE][PASSED] - Object: 'Object Repository/07-Directory/Labels/h4_Add New Label' is clicked on

2023-03-23 13:14:44 - [TEST_STEP][PASSED] - verifyElementVisible(findTestObject("07-Directory/Labels/div_Label Name Field is required")): Object 'Object Repository/07-Directory/Labels/div_Label Name Field is required' is visible

2023-03-23 13:14:45 - [MESSAGE][PASSED] - Object 'Object Repository/07-Directory/Labels/div_Label Name Field is required' is visible

2023-03-23 13:14:45 - [TEST_STEP][PASSED] - verifyElementNotClickable(findTestObject("07-Directory/Labels/button_Add Label")): Object 'Object Repository/07-Directory/Labels/button_Add Label' is NOT clickable

2023-03-23 13:14:46 - [MESSAGE][PASSED] - Object 'Object Repository/07-Directory/Labels/button_Add Label' is NOT clickable

2023-03-23 13:14:46 - [TEST_STEP][PASSED] - delay(3): Delayed 3 second(s)

2023-03-23 13:14:49 - [MESSAGE][PASSED] - Delayed 3 second(s)

2023-03-23 13:14:49 - [TEST_STEP][PASSED] - setText(findTestObject("07-Directory/Labels/input_Add New Label Name"), "Label QA"): Text 'Label QA' is set on object 'Object Repository/07-Directory/Labels/input_Add New Label Name'

2023-03-23 13:14:51 - [MESSAGE][PASSED] - Text 'Label QA' is set on object 'Object Repository/07-Directory/Labels/input_Add New Label Name'

2023-03-23 13:14:51 - [TEST_STEP][PASSED] - click(findTestObject("07-Directory/Labels/button_Add Label")): Object: 'Object Repository/07-Directory/Labels/button_Add Label' is clicked on

2023-03-23 13:14:52 - [MESSAGE][PASSED] - Object: 'Object Repository/07-Directory/Labels/button_Add Label' is clicked on

2023-03-23 13:14:52 - [TEST_STEP][PASSED] - delay(2): Delayed 2 second(s)

2023-03-23 13:14:54 - [MESSAGE][PASSED] - Delayed 2 second(s)

2023-03-23 13:14:54 - [TEST_STEP][PASSED] - verifyElementVisible(findTestObject("07-Directory/Labels/success msg label")): Object 'Object Repository/07-Directory/Labels/success msg label' is visible

2023-03-23 13:14:55 - [MESSAGE][PASSED] - Object 'Object Repository/07-Directory/Labels/success msg label' is visible

2023-03-23 13:14:55 - [TEST_STEP][PASSED] - verifyElementVisible(findTestObject("07-Directory/Labels/div_Label QA added")): Object 'Object Repository/07-Directory/Labels/div_Label QA added' is visible

2023-03-23 13:14:55 - [MESSAGE][PASSED] - Object 'Object Repository/07-Directory/Labels/div_Label QA added' is visible]]></system-out>
         <system-err><![CDATA[]]></system-err>
      </testcase>
      <testcase name="Test Cases/07-Directory/12 - Edit a label" time="15.828" classname="Test Cases/07-Directory/12 - Edit a label" status="PASSED">
         <system-out><![CDATA[2023-03-23 13:14:55 - [TEST_CASE][PASSED] - Test Cases/07-Directory/12 - Edit a label: Test Cases/07-Directory/12 - Edit a label

2023-03-23 13:14:58 - [TEST_STEP][PASSED] - delay(3): Delayed 3 second(s)

2023-03-23 13:15:01 - [MESSAGE][PASSED] - Delayed 3 second(s)

2023-03-23 13:15:01 - [TEST_STEP][PASSED] - click(findTestObject("07-Directory/Labels/button_create")): Object: 'Object Repository/07-Directory/Labels/button_create' is clicked on

2023-03-23 13:15:02 - [MESSAGE][PASSED] - Object: 'Object Repository/07-Directory/Labels/button_create' is clicked on

2023-03-23 13:15:02 - [TEST_STEP][PASSED] - verifyElementVisible(findTestObject("07-Directory/Labels/Edit Label modal")): Object 'Object Repository/07-Directory/Labels/Edit Label modal' is visible

2023-03-23 13:15:03 - [MESSAGE][PASSED] - Object 'Object Repository/07-Directory/Labels/Edit Label modal' is visible

2023-03-23 13:15:03 - [TEST_STEP][PASSED] - verifyElementNotClickable(findTestObject("07-Directory/Labels/button_Edit Label")): Object 'Object Repository/07-Directory/Labels/button_Edit Label' is NOT clickable

2023-03-23 13:15:04 - [MESSAGE][PASSED] - Object 'Object Repository/07-Directory/Labels/button_Edit Label' is NOT clickable

2023-03-23 13:15:04 - [TEST_STEP][PASSED] - delay(3): Delayed 3 second(s)

2023-03-23 13:15:07 - [MESSAGE][PASSED] - Delayed 3 second(s)

2023-03-23 13:15:07 - [TEST_STEP][PASSED] - setText(findTestObject("07-Directory/Labels/input_Add New Label Name"), "Label QA Edit"): Text 'Label QA Edit' is set on object 'Object Repository/07-Directory/Labels/input_Add New Label Name'

2023-03-23 13:15:08 - [MESSAGE][PASSED] - Text 'Label QA Edit' is set on object 'Object Repository/07-Directory/Labels/input_Add New Label Name'

2023-03-23 13:15:08 - [TEST_STEP][PASSED] - click(findTestObject("07-Directory/Labels/button_Edit Label")): Object: 'Object Repository/07-Directory/Labels/button_Edit Label' is clicked on

2023-03-23 13:15:09 - [MESSAGE][PASSED] - Object: 'Object Repository/07-Directory/Labels/button_Edit Label' is clicked on

2023-03-23 13:15:09 - [TEST_STEP][PASSED] - verifyElementVisible(findTestObject("07-Directory/Labels/edit success msg")): Object 'Object Repository/07-Directory/Labels/edit success msg' is visible

2023-03-23 13:15:11 - [MESSAGE][PASSED] - Object 'Object Repository/07-Directory/Labels/edit success msg' is visible

2023-03-23 13:15:11 - [TEST_STEP][PASSED] - verifyElementVisible(findTestObject("07-Directory/Labels/div_Label QA Edited")): Object 'Object Repository/07-Directory/Labels/div_Label QA Edited' is visible

2023-03-23 13:15:11 - [MESSAGE][PASSED] - Object 'Object Repository/07-Directory/Labels/div_Label QA Edited' is visible]]></system-out>
         <system-err><![CDATA[]]></system-err>
      </testcase>
      <testcase name="Test Cases/07-Directory/13- Delete a label" time="14.739" classname="Test Cases/07-Directory/13- Delete a label" status="PASSED">
         <system-out><![CDATA[2023-03-23 13:15:11 - [TEST_CASE][PASSED] - Test Cases/07-Directory/13- Delete a label: Test Cases/07-Directory/13- Delete a label

2023-03-23 13:15:13 - [TEST_STEP][PASSED] - delay(3): Delayed 3 second(s)

2023-03-23 13:15:16 - [MESSAGE][PASSED] - Delayed 3 second(s)

2023-03-23 13:15:16 - [TEST_STEP][PASSED] - click(findTestObject("07-Directory/Labels/trash_delete label")): Object: 'Object Repository/07-Directory/Labels/trash_delete label' is clicked on

2023-03-23 13:15:17 - [MESSAGE][PASSED] - Object: 'Object Repository/07-Directory/Labels/trash_delete label' is clicked on

2023-03-23 13:15:17 - [TEST_STEP][PASSED] - verifyElementVisible(findTestObject("07-Directory/Labels/delete label modal")): Object 'Object Repository/07-Directory/Labels/delete label modal' is visible

2023-03-23 13:15:18 - [MESSAGE][PASSED] - Object 'Object Repository/07-Directory/Labels/delete label modal' is visible

2023-03-23 13:15:18 - [TEST_STEP][PASSED] - click(findTestObject("07-Directory/Labels/button_Delete Label")): Object: 'Object Repository/07-Directory/Labels/button_Delete Label' is clicked on

2023-03-23 13:15:19 - [MESSAGE][PASSED] - Object: 'Object Repository/07-Directory/Labels/button_Delete Label' is clicked on

2023-03-23 13:15:19 - [TEST_STEP][PASSED] - verifyElementVisible(findTestObject("07-Directory/Labels/success delete msg")): Object 'Object Repository/07-Directory/Labels/success delete msg' is visible

2023-03-23 13:15:20 - [MESSAGE][PASSED] - Object 'Object Repository/07-Directory/Labels/success delete msg' is visible

2023-03-23 13:15:20 - [TEST_STEP][PASSED] - verifyElementVisible(findTestObject("07-Directory/Labels/Labels page")): Object 'Object Repository/07-Directory/Labels/Labels page' is visible

2023-03-23 13:15:21 - [MESSAGE][PASSED] - Object 'Object Repository/07-Directory/Labels/Labels page' is visible

2023-03-23 13:15:21 - [TEST_STEP][PASSED] - delay(3): Delayed 3 second(s)

2023-03-23 13:15:24 - [MESSAGE][PASSED] - Delayed 3 second(s)

2023-03-23 13:15:24 - [TEST_STEP][PASSED] - closeBrowser(): Browser is closed

2023-03-23 13:15:26 - [MESSAGE][PASSED] - Browser is closed]]></system-out>
         <system-err><![CDATA[]]></system-err>
      </testcase>
      <system-out><![CDATA[2023-03-23 13:06:53 - [TEST_SUITE][PASSED] - 07-Directory: Test Cases/07-Directory/13- Delete a label]]></system-out>
      <system-err><![CDATA[]]></system-err>
   </testsuite>
</testsuites>
