<?xml version="1.0" encoding="UTF-8"?>
<testsuites name="09-Settings" time="1188.038" tests="5" failures="1" errors="0">
   <testsuite name="09-Settings" tests="5" failures="1" errors="0" time="1188.038" skipped="0" timestamp="2022-10-07 20:34:03" hostname="User - DESKTOP-QCRNR4M" id="Test Suites/TS-Organization/09-Settings">
      <properties>
         <property name="deviceName" value=""/>
         <property name="devicePlatform" value=""/>
         <property name="logFolder" value="C:\\Users\\User\\Katalon Studio\\EverleaguesMain\\Reports\\20221007_203401\\TS-Organization\\09-Settings\\20221007_203401"/>
         <property name="logFiles" value="C:\\Users\\User\\Katalon Studio\\EverleaguesMain\\Reports\\20221007_203401\\TS-Organization\\09-Settings\\20221007_203401\\execution0.log"/>
         <property name="attachments" value="C:\\Users\\User\\Katalon Studio\\EverleaguesMain\\Reports\\20221007_203401\\TS-Organization\\09-Settings\\20221007_203401\\1665147231382.png, C:\\Users\\User\\Katalon Studio\\EverleaguesMain\\Reports\\20221007_203401\\TS-Organization\\09-Settings\\20221007_203401\\1665147231586.png"/>
         <property name="hostName" value="User - DESKTOP-QCRNR4M"/>
         <property name="os" value="Windows 10 64bit"/>
         <property name="katalonVersion" value="8.4.1.208"/>
         <property name="browser" value="Chrome 106.0.0.0"/>
         <property name="hostAddress" value="192.168.5.124"/>
         <property name="sessionId" value="6474ce42bf87424baa06d0aaf21496e9"/>
         <property name="seleniumVersion" value="3.141.59"/>
         <property name="proxyInformation" value="ProxyInformation { proxyOption=NO_PROXY, proxyServerType=HTTP, username=, password=********, proxyServerAddress=, proxyServerPort=0, executionList=&quot;&quot;, isApplyToDesiredCapabilities=true }"/>
         <property name="platform" value="Windows 10"/>
      </properties>
      <testcase name="Test Cases/09-Settings/01 - Users (Invite new user but field are blank)" time="132.672" classname="Test Cases/09-Settings/01 - Users (Invite new user but field are blank)" status="PASSED">
         <system-out><![CDATA[2022-10-07 20:34:04 - [TEST_CASE][PASSED] - Test Cases/09-Settings/01 - Users (Invite new user but field are blank): Test Cases/09-Settings/01 - Users (Invite new user but field are blank)

2022-10-07 20:34:04 - [TEST_STEP][PASSED] - openBrowser(""): Browser is opened with url: ''

2022-10-07 20:34:04 - [MESSAGE][INFO] - Starting 'Chrome' driver

2022-10-07 20:34:04 - [MESSAGE][INFO] - Action delay is set to 0 milliseconds

2022-10-07 20:34:06 - [MESSAGE][PASSED] - Browser is opened with url: ''

2022-10-07 20:34:06 - [TEST_STEP][PASSED] - navigateToUrl("https://lab.everleagues.com/"): Navigate to 'https://lab.everleagues.com/' successfully

2022-10-07 20:34:54 - [MESSAGE][PASSED] - Navigate to 'https://lab.everleagues.com/' successfully

2022-10-07 20:34:54 - [TEST_STEP][PASSED] - maximizeWindow(): Current window maximized

2022-10-07 20:34:54 - [MESSAGE][PASSED] - Current window maximized

2022-10-07 20:34:54 - [TEST_STEP][PASSED] - setText(findTestObject("02-Side Icons(Organization)/Add Contact/Email Field"), "testuser02@mailinator.com"): Text 'testuser02@mailinator.com' is set on object 'Object Repository/02-Side Icons(Organization)/Add Contact/Email Field'

2022-10-07 20:34:55 - [MESSAGE][PASSED] - Text 'testuser02@mailinator.com' is set on object 'Object Repository/02-Side Icons(Organization)/Add Contact/Email Field'

2022-10-07 20:34:55 - [TEST_STEP][PASSED] - setEncryptedText(findTestObject("02-Side Icons(Organization)/Add Contact/Password Field"), "8yFRyszE6U6jvsCn51OQbg=="): Text ****** has been set on object 'Object Repository/02-Side Icons(Organization)/Add Contact/Password Field'

2022-10-07 20:34:55 - [MESSAGE][PASSED] - Text ****** has been set on object 'Object Repository/02-Side Icons(Organization)/Add Contact/Password Field'

2022-10-07 20:34:55 - [TEST_STEP][PASSED] - click(findTestObject("02-Side Icons(Organization)/Add Contact/button_Sign in")): Object: 'Object Repository/02-Side Icons(Organization)/Add Contact/button_Sign in' is clicked on

2022-10-07 20:34:56 - [MESSAGE][PASSED] - Object: 'Object Repository/02-Side Icons(Organization)/Add Contact/button_Sign in' is clicked on

2022-10-07 20:34:56 - [TEST_STEP][PASSED] - delay(2): Delayed 2 second(s)

2022-10-07 20:34:58 - [MESSAGE][PASSED] - Delayed 2 second(s)

2022-10-07 20:34:58 - [TEST_STEP][PASSED] - click(findTestObject("06-Teams/For 2FA/button_Confirm_2FA")): Object: 'Object Repository/06-Teams/For 2FA/button_Confirm_2FA' is clicked on

2022-10-07 20:34:59 - [MESSAGE][PASSED] - Object: 'Object Repository/06-Teams/For 2FA/button_Confirm_2FA' is clicked on

2022-10-07 20:34:59 - [TEST_STEP][PASSED] - executeJavaScript("window.open();", []): Execute JavaScript 'window.open();' successfully

2022-10-07 20:34:59 - [MESSAGE][PASSED] - Execute JavaScript 'window.open();' successfully

2022-10-07 20:34:59 - [TEST_STEP][PASSED] - currentWindow = getWindowIndex(): Current window's index is: 0

2022-10-07 20:34:59 - [MESSAGE][PASSED] - Current window's index is: 0

2022-10-07 20:34:59 - [TEST_STEP][PASSED] - delay(3): Delayed 3 second(s)

2022-10-07 20:35:02 - [MESSAGE][PASSED] - Delayed 3 second(s)

2022-10-07 20:35:02 - [TEST_STEP][PASSED] - switchToWindowIndex(currentWindow + 1): Switched to window with index: '1'

2022-10-07 20:35:02 - [MESSAGE][PASSED] - Switched to window with index: '1'

2022-10-07 20:35:02 - [TEST_STEP][PASSED] - navigateToUrl("https://www.mailinator.com/"): Navigate to 'https://www.mailinator.com/' successfully

2022-10-07 20:35:05 - [MESSAGE][PASSED] - Navigate to 'https://www.mailinator.com/' successfully

2022-10-07 20:35:05 - [TEST_STEP][PASSED] - delay(3): Delayed 3 second(s)

2022-10-07 20:35:08 - [MESSAGE][PASSED] - Delayed 3 second(s)

2022-10-07 20:35:08 - [TEST_STEP][PASSED] - setText(findTestObject("00-Signup and Activation/zMailinator/input_LOGIN_search"), "testuser02@mailinator.com"): Text 'testuser02@mailinator.com' is set on object 'Object Repository/00-Signup and Activation/zMailinator/input_LOGIN_search'

2022-10-07 20:35:08 - [MESSAGE][PASSED] - Text 'testuser02@mailinator.com' is set on object 'Object Repository/00-Signup and Activation/zMailinator/input_LOGIN_search'

2022-10-07 20:35:08 - [TEST_STEP][PASSED] - click(findTestObject("00-Signup and Activation/zMailinator/gobutton"), STOP_ON_FAILURE): Object: 'Object Repository/00-Signup and Activation/zMailinator/gobutton' is clicked on

2022-10-07 20:35:11 - [MESSAGE][PASSED] - Object: 'Object Repository/00-Signup and Activation/zMailinator/gobutton' is clicked on

2022-10-07 20:35:11 - [TEST_STEP][PASSED] - delay(3): Delayed 3 second(s)

2022-10-07 20:35:14 - [MESSAGE][PASSED] - Delayed 3 second(s)

2022-10-07 20:35:14 - [TEST_STEP][PASSED] - click(findTestObject("00-Signup and Activation/zMailinator/Email - everleagues")): Object: 'Object Repository/00-Signup and Activation/zMailinator/Email - everleagues' is clicked on

2022-10-07 20:35:14 - [MESSAGE][PASSED] - Object: 'Object Repository/00-Signup and Activation/zMailinator/Email - everleagues' is clicked on

2022-10-07 20:35:14 - [TEST_STEP][PASSED] - delay(3): Delayed 3 second(s)

2022-10-07 20:35:17 - [MESSAGE][PASSED] - Delayed 3 second(s)

2022-10-07 20:35:17 - [TEST_STEP][PASSED] - code = getText(findTestObject("Object Repository/06-Teams/For 2FA/2FA code")): Text of object 'Object Repository/06-Teams/For 2FA/2FA code' is: '467592'

2022-10-07 20:35:18 - [MESSAGE][PASSED] - Text of object 'Object Repository/06-Teams/For 2FA/2FA code' is: '467592'

2022-10-07 20:35:18 - [TEST_STEP][PASSED] - delay(3): Delayed 3 second(s)

2022-10-07 20:35:21 - [MESSAGE][PASSED] - Delayed 3 second(s)

2022-10-07 20:35:21 - [TEST_STEP][PASSED] - closeWindowTitle("Mailinator"): Window with title: 'Mailinator' is closed

2022-10-07 20:35:21 - [MESSAGE][PASSED] - Window with title: 'Mailinator' is closed

2022-10-07 20:35:21 - [TEST_STEP][PASSED] - delay(3): Delayed 3 second(s)

2022-10-07 20:35:24 - [MESSAGE][PASSED] - Delayed 3 second(s)

2022-10-07 20:35:24 - [TEST_STEP][PASSED] - switchToWindowIndex(0): Switched to window with index: '0'

2022-10-07 20:35:24 - [MESSAGE][PASSED] - Switched to window with index: '0'

2022-10-07 20:35:24 - [TEST_STEP][PASSED] - delay(3): Delayed 3 second(s)

2022-10-07 20:35:27 - [MESSAGE][PASSED] - Delayed 3 second(s)

2022-10-07 20:35:27 - [TEST_STEP][PASSED] - setText(findTestObject("Object Repository/06-Teams/For 2FA/input_Enter verification code_code"), code): Text '467592' is set on object 'Object Repository/06-Teams/For 2FA/input_Enter verification code_code'

2022-10-07 20:35:28 - [MESSAGE][PASSED] - Text '467592' is set on object 'Object Repository/06-Teams/For 2FA/input_Enter verification code_code'

2022-10-07 20:35:28 - [TEST_STEP][PASSED] - delay(3): Delayed 3 second(s)

2022-10-07 20:35:31 - [MESSAGE][PASSED] - Delayed 3 second(s)

2022-10-07 20:35:31 - [TEST_STEP][PASSED] - click(findTestObject("06-Teams/For 2FA/button_Verify_2FA")): Object: 'Object Repository/06-Teams/For 2FA/button_Verify_2FA' is clicked on

2022-10-07 20:35:32 - [MESSAGE][PASSED] - Object: 'Object Repository/06-Teams/For 2FA/button_Verify_2FA' is clicked on

2022-10-07 20:35:32 - [TEST_STEP][PASSED] - delay(5): Delayed 5 second(s)

2022-10-07 20:35:37 - [MESSAGE][PASSED] - Delayed 5 second(s)

2022-10-07 20:35:37 - [TEST_STEP][PASSED] - click(findTestObject("06-Teams/button_doublearrow")): Object: 'Object Repository/06-Teams/button_doublearrow' is clicked on

2022-10-07 20:35:37 - [MESSAGE][PASSED] - Object: 'Object Repository/06-Teams/button_doublearrow' is clicked on

2022-10-07 20:35:37 - [TEST_STEP][PASSED] - click(findTestObject("06-Teams/button_My Organizations")): Object: 'Object Repository/06-Teams/button_My Organizations' is clicked on

2022-10-07 20:35:38 - [MESSAGE][PASSED] - Object: 'Object Repository/06-Teams/button_My Organizations' is clicked on

2022-10-07 20:35:38 - [TEST_STEP][PASSED] - click(findTestObject("06-Teams/button_GG Automation")): Object: 'Object Repository/06-Teams/button_GG Automation' is clicked on

2022-10-07 20:35:38 - [MESSAGE][PASSED] - Object: 'Object Repository/06-Teams/button_GG Automation' is clicked on

2022-10-07 20:35:38 - [TEST_STEP][PASSED] - delay(4): Delayed 4 second(s)

2022-10-07 20:35:43 - [MESSAGE][PASSED] - Delayed 4 second(s)

2022-10-07 20:35:43 - [TEST_STEP][PASSED] - verifyElementVisible(findTestObject("06-Teams/span_GG Automation")): Object 'Object Repository/06-Teams/span_GG Automation' is visible

2022-10-07 20:35:43 - [MESSAGE][PASSED] - Object 'Object Repository/06-Teams/span_GG Automation' is visible

2022-10-07 20:35:43 - [TEST_STEP][PASSED] - delay(10): Delayed 10 second(s)

2022-10-07 20:35:53 - [MESSAGE][PASSED] - Delayed 10 second(s)

2022-10-07 20:35:53 - [TEST_STEP][PASSED] - click(findTestObject("03-Header Menu/Hamburger Button/div_Settings")): Object: 'Object Repository/03-Header Menu/Hamburger Button/div_Settings' is clicked on

2022-10-07 20:35:53 - [MESSAGE][PASSED] - Object: 'Object Repository/03-Header Menu/Hamburger Button/div_Settings' is clicked on

2022-10-07 20:35:53 - [TEST_STEP][PASSED] - verifyElementVisible(findTestObject("09-Settings/Users/div_Organization")): Object 'Object Repository/09-Settings/Users/div_Organization' is visible

2022-10-07 20:35:54 - [MESSAGE][PASSED] - Object 'Object Repository/09-Settings/Users/div_Organization' is visible

2022-10-07 20:35:54 - [TEST_STEP][PASSED] - verifyElementVisible(findTestObject("09-Settings/Users/div_Organization Units")): Object 'Object Repository/09-Settings/Users/div_Organization Units' is visible

2022-10-07 20:35:54 - [MESSAGE][PASSED] - Object 'Object Repository/09-Settings/Users/div_Organization Units' is visible

2022-10-07 20:35:54 - [TEST_STEP][PASSED] - verifyElementVisible(findTestObject("09-Settings/Users/div_Subscriptions")): Object 'Object Repository/09-Settings/Users/div_Subscriptions' is visible

2022-10-07 20:35:55 - [MESSAGE][PASSED] - Object 'Object Repository/09-Settings/Users/div_Subscriptions' is visible

2022-10-07 20:35:55 - [TEST_STEP][PASSED] - verifyElementVisible(findTestObject("09-Settings/Users/div_Users")): Object 'Object Repository/09-Settings/Users/div_Users' is visible

2022-10-07 20:35:55 - [MESSAGE][PASSED] - Object 'Object Repository/09-Settings/Users/div_Users' is visible

2022-10-07 20:35:55 - [TEST_STEP][PASSED] - delay(3): Delayed 3 second(s)

2022-10-07 20:35:58 - [MESSAGE][PASSED] - Delayed 3 second(s)

2022-10-07 20:35:58 - [TEST_STEP][PASSED] - click(findTestObject("09-Settings/Users/div_Users")): Object: 'Object Repository/09-Settings/Users/div_Users' is clicked on

2022-10-07 20:35:59 - [MESSAGE][PASSED] - Object: 'Object Repository/09-Settings/Users/div_Users' is clicked on

2022-10-07 20:35:59 - [TEST_STEP][PASSED] - verifyElementVisible(findTestObject("09-Settings/Users/h4_USERS")): Object 'Object Repository/09-Settings/Users/h4_USERS' is visible

2022-10-07 20:35:59 - [MESSAGE][PASSED] - Object 'Object Repository/09-Settings/Users/h4_USERS' is visible

2022-10-07 20:35:59 - [TEST_STEP][PASSED] - verifyElementVisible(findTestObject("09-Settings/Users/User Page")): Object 'Object Repository/09-Settings/Users/User Page' is visible

2022-10-07 20:36:00 - [MESSAGE][PASSED] - Object 'Object Repository/09-Settings/Users/User Page' is visible

2022-10-07 20:36:00 - [TEST_STEP][PASSED] - delay(3): Delayed 3 second(s)

2022-10-07 20:36:03 - [MESSAGE][PASSED] - Delayed 3 second(s)

2022-10-07 20:36:03 - [TEST_STEP][PASSED] - click(findTestObject("09-Settings/Users/button_add")): Object: 'Object Repository/09-Settings/Users/button_add' is clicked on

2022-10-07 20:36:03 - [MESSAGE][PASSED] - Object: 'Object Repository/09-Settings/Users/button_add' is clicked on

2022-10-07 20:36:03 - [TEST_STEP][PASSED] - verifyElementVisible(findTestObject("09-Settings/Users/User Invitation modal")): Object 'Object Repository/09-Settings/Users/User Invitation modal' is visible

2022-10-07 20:36:04 - [MESSAGE][PASSED] - Object 'Object Repository/09-Settings/Users/User Invitation modal' is visible

2022-10-07 20:36:04 - [TEST_STEP][PASSED] - delay(3): Delayed 3 second(s)

2022-10-07 20:36:07 - [MESSAGE][PASSED] - Delayed 3 second(s)

2022-10-07 20:36:07 - [TEST_STEP][PASSED] - click(findTestObject("09-Settings/Users/add Invite a single user")): Object: 'Object Repository/09-Settings/Users/add Invite a single user' is clicked on

2022-10-07 20:36:07 - [MESSAGE][PASSED] - Object: 'Object Repository/09-Settings/Users/add Invite a single user' is clicked on

2022-10-07 20:36:07 - [TEST_STEP][PASSED] - verifyElementVisible(findTestObject("09-Settings/Users/Invite new user modal")): Object 'Object Repository/09-Settings/Users/Invite new user modal' is visible

2022-10-07 20:36:08 - [MESSAGE][PASSED] - Object 'Object Repository/09-Settings/Users/Invite new user modal' is visible

2022-10-07 20:36:08 - [TEST_STEP][PASSED] - click(findTestObject("09-Settings/Users/input_email")): Object: 'Object Repository/09-Settings/Users/input_email' is clicked on

2022-10-07 20:36:09 - [MESSAGE][PASSED] - Object: 'Object Repository/09-Settings/Users/input_email' is clicked on

2022-10-07 20:36:09 - [TEST_STEP][PASSED] - click(findTestObject("09-Settings/Users/input_firstName")): Object: 'Object Repository/09-Settings/Users/input_firstName' is clicked on

2022-10-07 20:36:09 - [MESSAGE][PASSED] - Object: 'Object Repository/09-Settings/Users/input_firstName' is clicked on

2022-10-07 20:36:09 - [TEST_STEP][PASSED] - click(findTestObject("09-Settings/Users/input_lastName")): Object: 'Object Repository/09-Settings/Users/input_lastName' is clicked on

2022-10-07 20:36:09 - [MESSAGE][PASSED] - Object: 'Object Repository/09-Settings/Users/input_lastName' is clicked on

2022-10-07 20:36:09 - [TEST_STEP][PASSED] - click(findTestObject("09-Settings/Users/span_Role")): Object: 'Object Repository/09-Settings/Users/span_Role' is clicked on

2022-10-07 20:36:10 - [MESSAGE][PASSED] - Object: 'Object Repository/09-Settings/Users/span_Role' is clicked on

2022-10-07 20:36:10 - [TEST_STEP][PASSED] - clickOffset(findTestObject("09-Settings/Users/h4_Invite New User"), 100, 100): Object: 'Object Repository/09-Settings/Users/h4_Invite New User' is clicked on using offset x=100 and y=100

2022-10-07 20:36:11 - [MESSAGE][PASSED] - Object: 'Object Repository/09-Settings/Users/h4_Invite New User' is clicked on using offset x=100 and y=100

2022-10-07 20:36:11 - [TEST_STEP][PASSED] - verifyElementVisible(findTestObject("09-Settings/Users/Email required")): Object 'Object Repository/09-Settings/Users/Email required' is visible

2022-10-07 20:36:11 - [MESSAGE][PASSED] - Object 'Object Repository/09-Settings/Users/Email required' is visible

2022-10-07 20:36:11 - [TEST_STEP][PASSED] - verifyElementVisible(findTestObject("09-Settings/Users/Firstname required")): Object 'Object Repository/09-Settings/Users/Firstname required' is visible

2022-10-07 20:36:12 - [MESSAGE][PASSED] - Object 'Object Repository/09-Settings/Users/Firstname required' is visible

2022-10-07 20:36:12 - [TEST_STEP][PASSED] - verifyElementVisible(findTestObject("09-Settings/Users/last name required")): Object 'Object Repository/09-Settings/Users/last name required' is visible

2022-10-07 20:36:12 - [MESSAGE][PASSED] - Object 'Object Repository/09-Settings/Users/last name required' is visible

2022-10-07 20:36:12 - [TEST_STEP][PASSED] - verifyElementVisible(findTestObject("09-Settings/Users/error_Select a role")): Object 'Object Repository/09-Settings/Users/error_Select a role' is visible

2022-10-07 20:36:12 - [MESSAGE][PASSED] - Object 'Object Repository/09-Settings/Users/error_Select a role' is visible

2022-10-07 20:36:12 - [TEST_STEP][PASSED] - delay(3): Delayed 3 second(s)

2022-10-07 20:36:15 - [MESSAGE][PASSED] - Delayed 3 second(s)

2022-10-07 20:36:15 - [TEST_STEP][PASSED] - closeBrowser(): Browser is closed

2022-10-07 20:36:16 - [MESSAGE][PASSED] - Browser is closed]]></system-out>
         <system-err><![CDATA[]]></system-err>
      </testcase>
      <testcase name="Test Cases/09-Settings/02 - Users (Invite new user as co worker)" time="441.622" classname="Test Cases/09-Settings/02 - Users (Invite new user as co worker)" status="PASSED">
         <system-out><![CDATA[2022-10-07 20:36:16 - [TEST_CASE][PASSED] - Test Cases/09-Settings/02 - Users (Invite new user as co worker): Test Cases/09-Settings/02 - Users (Invite new user as co worker)

2022-10-07 20:36:17 - [TEST_STEP][PASSED] - openBrowser(""): Browser is opened with url: ''

2022-10-07 20:36:17 - [MESSAGE][INFO] - Starting 'Chrome' driver

2022-10-07 20:36:17 - [MESSAGE][INFO] - Action delay is set to 0 milliseconds

2022-10-07 20:36:18 - [MESSAGE][PASSED] - Browser is opened with url: ''

2022-10-07 20:36:18 - [TEST_STEP][PASSED] - navigateToUrl("https://lab.everleagues.com/"): Navigate to 'https://lab.everleagues.com/' successfully

2022-10-07 20:36:45 - [MESSAGE][PASSED] - Navigate to 'https://lab.everleagues.com/' successfully

2022-10-07 20:36:45 - [TEST_STEP][PASSED] - maximizeWindow(): Current window maximized

2022-10-07 20:36:45 - [MESSAGE][PASSED] - Current window maximized

2022-10-07 20:36:45 - [TEST_STEP][PASSED] - setText(findTestObject("02-Side Icons(Organization)/Add Contact/Email Field"), "testuser02@mailinator.com"): Text 'testuser02@mailinator.com' is set on object 'Object Repository/02-Side Icons(Organization)/Add Contact/Email Field'

2022-10-07 20:36:46 - [MESSAGE][PASSED] - Text 'testuser02@mailinator.com' is set on object 'Object Repository/02-Side Icons(Organization)/Add Contact/Email Field'

2022-10-07 20:36:46 - [TEST_STEP][PASSED] - setEncryptedText(findTestObject("02-Side Icons(Organization)/Add Contact/Password Field"), "8yFRyszE6U6jvsCn51OQbg=="): Text ****** has been set on object 'Object Repository/02-Side Icons(Organization)/Add Contact/Password Field'

2022-10-07 20:36:46 - [MESSAGE][PASSED] - Text ****** has been set on object 'Object Repository/02-Side Icons(Organization)/Add Contact/Password Field'

2022-10-07 20:36:46 - [TEST_STEP][PASSED] - click(findTestObject("02-Side Icons(Organization)/Add Contact/button_Sign in")): Object: 'Object Repository/02-Side Icons(Organization)/Add Contact/button_Sign in' is clicked on

2022-10-07 20:36:47 - [MESSAGE][PASSED] - Object: 'Object Repository/02-Side Icons(Organization)/Add Contact/button_Sign in' is clicked on

2022-10-07 20:36:47 - [TEST_STEP][PASSED] - delay(2): Delayed 2 second(s)

2022-10-07 20:36:49 - [MESSAGE][PASSED] - Delayed 2 second(s)

2022-10-07 20:36:49 - [TEST_STEP][PASSED] - click(findTestObject("06-Teams/For 2FA/button_Confirm_2FA")): Object: 'Object Repository/06-Teams/For 2FA/button_Confirm_2FA' is clicked on

2022-10-07 20:36:49 - [MESSAGE][PASSED] - Object: 'Object Repository/06-Teams/For 2FA/button_Confirm_2FA' is clicked on

2022-10-07 20:36:49 - [TEST_STEP][PASSED] - executeJavaScript("window.open();", []): Execute JavaScript 'window.open();' successfully

2022-10-07 20:36:49 - [MESSAGE][PASSED] - Execute JavaScript 'window.open();' successfully

2022-10-07 20:36:49 - [TEST_STEP][PASSED] - currentWindow = getWindowIndex(): Current window's index is: 0

2022-10-07 20:36:49 - [MESSAGE][PASSED] - Current window's index is: 0

2022-10-07 20:36:49 - [TEST_STEP][PASSED] - delay(3): Delayed 3 second(s)

2022-10-07 20:36:52 - [MESSAGE][PASSED] - Delayed 3 second(s)

2022-10-07 20:36:52 - [TEST_STEP][PASSED] - switchToWindowIndex(currentWindow + 1): Switched to window with index: '1'

2022-10-07 20:36:52 - [MESSAGE][PASSED] - Switched to window with index: '1'

2022-10-07 20:36:52 - [TEST_STEP][PASSED] - navigateToUrl("https://www.mailinator.com/"): Navigate to 'https://www.mailinator.com/' successfully

2022-10-07 20:36:55 - [MESSAGE][PASSED] - Navigate to 'https://www.mailinator.com/' successfully

2022-10-07 20:36:55 - [TEST_STEP][PASSED] - delay(3): Delayed 3 second(s)

2022-10-07 20:36:58 - [MESSAGE][PASSED] - Delayed 3 second(s)

2022-10-07 20:36:58 - [TEST_STEP][PASSED] - setText(findTestObject("00-Signup and Activation/zMailinator/input_LOGIN_search"), "testuser02@mailinator.com"): Text 'testuser02@mailinator.com' is set on object 'Object Repository/00-Signup and Activation/zMailinator/input_LOGIN_search'

2022-10-07 20:36:59 - [MESSAGE][PASSED] - Text 'testuser02@mailinator.com' is set on object 'Object Repository/00-Signup and Activation/zMailinator/input_LOGIN_search'

2022-10-07 20:36:59 - [TEST_STEP][PASSED] - click(findTestObject("00-Signup and Activation/zMailinator/gobutton"), STOP_ON_FAILURE): Object: 'Object Repository/00-Signup and Activation/zMailinator/gobutton' is clicked on

2022-10-07 20:37:00 - [MESSAGE][PASSED] - Object: 'Object Repository/00-Signup and Activation/zMailinator/gobutton' is clicked on

2022-10-07 20:37:00 - [TEST_STEP][PASSED] - delay(3): Delayed 3 second(s)

2022-10-07 20:37:03 - [MESSAGE][PASSED] - Delayed 3 second(s)

2022-10-07 20:37:03 - [TEST_STEP][PASSED] - click(findTestObject("00-Signup and Activation/zMailinator/Email - everleagues")): Object: 'Object Repository/00-Signup and Activation/zMailinator/Email - everleagues' is clicked on

2022-10-07 20:37:04 - [MESSAGE][PASSED] - Object: 'Object Repository/00-Signup and Activation/zMailinator/Email - everleagues' is clicked on

2022-10-07 20:37:04 - [TEST_STEP][PASSED] - delay(3): Delayed 3 second(s)

2022-10-07 20:37:07 - [MESSAGE][PASSED] - Delayed 3 second(s)

2022-10-07 20:37:07 - [TEST_STEP][PASSED] - code = getText(findTestObject("Object Repository/06-Teams/For 2FA/2FA code")): Text of object 'Object Repository/06-Teams/For 2FA/2FA code' is: '832227'

2022-10-07 20:37:07 - [MESSAGE][PASSED] - Text of object 'Object Repository/06-Teams/For 2FA/2FA code' is: '832227'

2022-10-07 20:37:07 - [TEST_STEP][PASSED] - delay(3): Delayed 3 second(s)

2022-10-07 20:37:10 - [MESSAGE][PASSED] - Delayed 3 second(s)

2022-10-07 20:37:10 - [TEST_STEP][PASSED] - closeWindowTitle("Mailinator"): Window with title: 'Mailinator' is closed

2022-10-07 20:37:10 - [MESSAGE][PASSED] - Window with title: 'Mailinator' is closed

2022-10-07 20:37:10 - [TEST_STEP][PASSED] - delay(3): Delayed 3 second(s)

2022-10-07 20:37:13 - [MESSAGE][PASSED] - Delayed 3 second(s)

2022-10-07 20:37:13 - [TEST_STEP][PASSED] - switchToWindowIndex(0): Switched to window with index: '0'

2022-10-07 20:37:14 - [MESSAGE][PASSED] - Switched to window with index: '0'

2022-10-07 20:37:14 - [TEST_STEP][PASSED] - delay(3): Delayed 3 second(s)

2022-10-07 20:37:17 - [MESSAGE][PASSED] - Delayed 3 second(s)

2022-10-07 20:37:17 - [TEST_STEP][PASSED] - setText(findTestObject("Object Repository/06-Teams/For 2FA/input_Enter verification code_code"), code): Text '832227' is set on object 'Object Repository/06-Teams/For 2FA/input_Enter verification code_code'

2022-10-07 20:37:17 - [MESSAGE][PASSED] - Text '832227' is set on object 'Object Repository/06-Teams/For 2FA/input_Enter verification code_code'

2022-10-07 20:37:17 - [TEST_STEP][PASSED] - delay(3): Delayed 3 second(s)

2022-10-07 20:37:20 - [MESSAGE][PASSED] - Delayed 3 second(s)

2022-10-07 20:37:20 - [TEST_STEP][PASSED] - click(findTestObject("06-Teams/For 2FA/button_Verify_2FA")): Object: 'Object Repository/06-Teams/For 2FA/button_Verify_2FA' is clicked on

2022-10-07 20:37:21 - [MESSAGE][PASSED] - Object: 'Object Repository/06-Teams/For 2FA/button_Verify_2FA' is clicked on

2022-10-07 20:37:21 - [TEST_STEP][PASSED] - delay(5): Delayed 5 second(s)

2022-10-07 20:37:26 - [MESSAGE][PASSED] - Delayed 5 second(s)

2022-10-07 20:37:26 - [TEST_STEP][PASSED] - click(findTestObject("06-Teams/button_doublearrow")): Object: 'Object Repository/06-Teams/button_doublearrow' is clicked on

2022-10-07 20:37:27 - [MESSAGE][PASSED] - Object: 'Object Repository/06-Teams/button_doublearrow' is clicked on

2022-10-07 20:37:27 - [TEST_STEP][PASSED] - click(findTestObject("06-Teams/button_My Organizations")): Object: 'Object Repository/06-Teams/button_My Organizations' is clicked on

2022-10-07 20:37:28 - [MESSAGE][PASSED] - Object: 'Object Repository/06-Teams/button_My Organizations' is clicked on

2022-10-07 20:37:28 - [TEST_STEP][PASSED] - click(findTestObject("06-Teams/button_GG Automation")): Object: 'Object Repository/06-Teams/button_GG Automation' is clicked on

2022-10-07 20:37:29 - [MESSAGE][PASSED] - Object: 'Object Repository/06-Teams/button_GG Automation' is clicked on

2022-10-07 20:37:29 - [TEST_STEP][PASSED] - delay(4): Delayed 4 second(s)

2022-10-07 20:37:33 - [MESSAGE][PASSED] - Delayed 4 second(s)

2022-10-07 20:37:33 - [TEST_STEP][PASSED] - verifyElementVisible(findTestObject("06-Teams/span_GG Automation")): Object 'Object Repository/06-Teams/span_GG Automation' is visible

2022-10-07 20:37:33 - [MESSAGE][PASSED] - Object 'Object Repository/06-Teams/span_GG Automation' is visible

2022-10-07 20:37:33 - [TEST_STEP][PASSED] - delay(10): Delayed 10 second(s)

2022-10-07 20:37:43 - [MESSAGE][PASSED] - Delayed 10 second(s)

2022-10-07 20:37:43 - [TEST_STEP][PASSED] - click(findTestObject("03-Header Menu/Hamburger Button/div_Settings")): Object: 'Object Repository/03-Header Menu/Hamburger Button/div_Settings' is clicked on

2022-10-07 20:37:43 - [MESSAGE][PASSED] - Object: 'Object Repository/03-Header Menu/Hamburger Button/div_Settings' is clicked on

2022-10-07 20:37:43 - [TEST_STEP][PASSED] - delay(3): Delayed 3 second(s)

2022-10-07 20:37:46 - [MESSAGE][PASSED] - Delayed 3 second(s)

2022-10-07 20:37:46 - [TEST_STEP][PASSED] - click(findTestObject("09-Settings/Users/div_Users")): Object: 'Object Repository/09-Settings/Users/div_Users' is clicked on

2022-10-07 20:37:47 - [MESSAGE][PASSED] - Object: 'Object Repository/09-Settings/Users/div_Users' is clicked on

2022-10-07 20:37:47 - [TEST_STEP][PASSED] - delay(3): Delayed 3 second(s)

2022-10-07 20:37:50 - [MESSAGE][PASSED] - Delayed 3 second(s)

2022-10-07 20:37:50 - [TEST_STEP][PASSED] - click(findTestObject("09-Settings/Users/button_add")): Object: 'Object Repository/09-Settings/Users/button_add' is clicked on

2022-10-07 20:37:51 - [MESSAGE][PASSED] - Object: 'Object Repository/09-Settings/Users/button_add' is clicked on

2022-10-07 20:37:51 - [TEST_STEP][PASSED] - delay(3): Delayed 3 second(s)

2022-10-07 20:37:54 - [MESSAGE][PASSED] - Delayed 3 second(s)

2022-10-07 20:37:54 - [TEST_STEP][PASSED] - click(findTestObject("09-Settings/Users/add Invite a single user")): Object: 'Object Repository/09-Settings/Users/add Invite a single user' is clicked on

2022-10-07 20:37:54 - [MESSAGE][PASSED] - Object: 'Object Repository/09-Settings/Users/add Invite a single user' is clicked on

2022-10-07 20:37:54 - [TEST_STEP][PASSED] - delay(3): Delayed 3 second(s)

2022-10-07 20:37:57 - [MESSAGE][PASSED] - Delayed 3 second(s)

2022-10-07 20:37:57 - [TEST_STEP][PASSED] - setText(findTestObject("09-Settings/Users/input_email"), "autotester04@mailinator.com"): Text 'autotester04@mailinator.com' is set on object 'Object Repository/09-Settings/Users/input_email'

2022-10-07 20:37:58 - [MESSAGE][PASSED] - Text 'autotester04@mailinator.com' is set on object 'Object Repository/09-Settings/Users/input_email'

2022-10-07 20:37:58 - [TEST_STEP][PASSED] - setText(findTestObject("09-Settings/Users/input_firstName"), "GG"): Text 'GG' is set on object 'Object Repository/09-Settings/Users/input_firstName'

2022-10-07 20:37:59 - [MESSAGE][PASSED] - Text 'GG' is set on object 'Object Repository/09-Settings/Users/input_firstName'

2022-10-07 20:37:59 - [TEST_STEP][PASSED] - setText(findTestObject("09-Settings/Users/input_lastName"), "Auto Contact 2"): Text 'Auto Contact 2' is set on object 'Object Repository/09-Settings/Users/input_lastName'

2022-10-07 20:38:00 - [MESSAGE][PASSED] - Text 'Auto Contact 2' is set on object 'Object Repository/09-Settings/Users/input_lastName'

2022-10-07 20:38:00 - [TEST_STEP][PASSED] - click(findTestObject("09-Settings/Users/span_Role")): Object: 'Object Repository/09-Settings/Users/span_Role' is clicked on

2022-10-07 20:38:00 - [MESSAGE][PASSED] - Object: 'Object Repository/09-Settings/Users/span_Role' is clicked on

2022-10-07 20:38:00 - [TEST_STEP][PASSED] - click(findTestObject("09-Settings/Users/span_CoWorker")): Object: 'Object Repository/09-Settings/Users/span_CoWorker' is clicked on

2022-10-07 20:38:00 - [MESSAGE][PASSED] - Object: 'Object Repository/09-Settings/Users/span_CoWorker' is clicked on

2022-10-07 20:38:00 - [TEST_STEP][PASSED] - click(findTestObject("09-Settings/Users/button_Send Invitation")): Object: 'Object Repository/09-Settings/Users/button_Send Invitation' is clicked on

2022-10-07 20:38:01 - [MESSAGE][PASSED] - Object: 'Object Repository/09-Settings/Users/button_Send Invitation' is clicked on

2022-10-07 20:38:01 - [TEST_STEP][PASSED] - delay(2): Delayed 2 second(s)

2022-10-07 20:38:03 - [MESSAGE][PASSED] - Delayed 2 second(s)

2022-10-07 20:38:03 - [TEST_STEP][PASSED] - verifyElementVisible(findTestObject("07-Directory/Connections/zContact Profile/Successfully invited user")): Object 'Object Repository/07-Directory/Connections/zContact Profile/Successfully invited user' is visible

2022-10-07 20:38:05 - [MESSAGE][PASSED] - Object 'Object Repository/07-Directory/Connections/zContact Profile/Successfully invited user' is visible

2022-10-07 20:38:05 - [TEST_STEP][PASSED] - delay(2): Delayed 2 second(s)

2022-10-07 20:38:07 - [MESSAGE][PASSED] - Delayed 2 second(s)

2022-10-07 20:38:07 - [TEST_STEP][PASSED] - executeJavaScript("window.open();", []): Execute JavaScript 'window.open();' successfully

2022-10-07 20:38:07 - [MESSAGE][PASSED] - Execute JavaScript 'window.open();' successfully

2022-10-07 20:38:07 - [TEST_STEP][PASSED] - currentWindow = getWindowIndex(): Current window's index is: 0

2022-10-07 20:38:07 - [MESSAGE][PASSED] - Current window's index is: 0

2022-10-07 20:38:07 - [TEST_STEP][PASSED] - delay(3): Delayed 3 second(s)

2022-10-07 20:38:10 - [MESSAGE][PASSED] - Delayed 3 second(s)

2022-10-07 20:38:10 - [TEST_STEP][PASSED] - switchToWindowIndex(currentWindow + 1): Switched to window with index: '1'

2022-10-07 20:38:10 - [MESSAGE][PASSED] - Switched to window with index: '1'

2022-10-07 20:38:10 - [TEST_STEP][PASSED] - navigateToUrl("https://www.mailinator.com/"): Navigate to 'https://www.mailinator.com/' successfully

2022-10-07 20:38:11 - [MESSAGE][PASSED] - Navigate to 'https://www.mailinator.com/' successfully

2022-10-07 20:38:11 - [TEST_STEP][PASSED] - delay(3): Delayed 3 second(s)

2022-10-07 20:38:14 - [MESSAGE][PASSED] - Delayed 3 second(s)

2022-10-07 20:38:14 - [TEST_STEP][PASSED] - setText(findTestObject("00-Signup and Activation/zMailinator/input_LOGIN_search"), "autotester04@mailinator.com"): Text 'autotester04@mailinator.com' is set on object 'Object Repository/00-Signup and Activation/zMailinator/input_LOGIN_search'

2022-10-07 20:38:15 - [MESSAGE][PASSED] - Text 'autotester04@mailinator.com' is set on object 'Object Repository/00-Signup and Activation/zMailinator/input_LOGIN_search'

2022-10-07 20:38:15 - [TEST_STEP][PASSED] - click(findTestObject("00-Signup and Activation/zMailinator/gobutton"), STOP_ON_FAILURE): Object: 'Object Repository/00-Signup and Activation/zMailinator/gobutton' is clicked on

2022-10-07 20:38:16 - [MESSAGE][PASSED] - Object: 'Object Repository/00-Signup and Activation/zMailinator/gobutton' is clicked on

2022-10-07 20:38:16 - [TEST_STEP][PASSED] - delay(3): Delayed 3 second(s)

2022-10-07 20:38:19 - [MESSAGE][PASSED] - Delayed 3 second(s)

2022-10-07 20:38:19 - [TEST_STEP][PASSED] - closeWindowTitle("Everleagues"): Window with title: 'Everleagues' is closed

2022-10-07 20:38:19 - [MESSAGE][PASSED] - Window with title: 'Everleagues' is closed

2022-10-07 20:38:19 - [TEST_STEP][PASSED] - switchToWindowIndex(0): Switched to window with index: '0'

2022-10-07 20:38:19 - [MESSAGE][PASSED] - Switched to window with index: '0'

2022-10-07 20:38:19 - [TEST_STEP][PASSED] - click(findTestObject("09-Settings/Users/Co worker/td_Invitation from GG Automation")): Object: 'Object Repository/09-Settings/Users/Co worker/td_Invitation from GG Automation' is clicked on

2022-10-07 20:38:19 - [MESSAGE][PASSED] - Object: 'Object Repository/09-Settings/Users/Co worker/td_Invitation from GG Automation' is clicked on

2022-10-07 20:38:19 - [TEST_STEP][PASSED] - click(findTestObject("09-Settings/Users/Co worker/a_Click here to join GG Automation on EverLeagues")): Object: 'Object Repository/09-Settings/Users/Co worker/a_Click here to join GG Automation on EverLeagues' is clicked on

2022-10-07 20:38:20 - [MESSAGE][PASSED] - Object: 'Object Repository/09-Settings/Users/Co worker/a_Click here to join GG Automation on EverLeagues' is clicked on

2022-10-07 20:38:20 - [TEST_STEP][PASSED] - closeWindowTitle("Mailinator"): Window with title: 'Mailinator' is closed

2022-10-07 20:38:20 - [MESSAGE][PASSED] - Window with title: 'Mailinator' is closed

2022-10-07 20:38:20 - [TEST_STEP][PASSED] - switchToWindowIndex(0): Switched to window with index: '0'

2022-10-07 20:38:20 - [MESSAGE][PASSED] - Switched to window with index: '0'

2022-10-07 20:38:20 - [TEST_STEP][PASSED] - verifyElementVisible(findTestObject("09-Settings/Users/Co worker/Logout before proceed modal")): Object 'Object Repository/09-Settings/Users/Co worker/Logout before proceed modal' is visible

2022-10-07 20:38:27 - [MESSAGE][PASSED] - Object 'Object Repository/09-Settings/Users/Co worker/Logout before proceed modal' is visible

2022-10-07 20:38:27 - [TEST_STEP][PASSED] - click(findTestObject("09-Settings/Users/Co worker/button_Yes")): Object: 'Object Repository/09-Settings/Users/Co worker/button_Yes' is clicked on

2022-10-07 20:38:27 - [MESSAGE][PASSED] - Object: 'Object Repository/09-Settings/Users/Co worker/button_Yes' is clicked on

2022-10-07 20:38:27 - [TEST_STEP][PASSED] - delay(3): Delayed 3 second(s)

2022-10-07 20:38:30 - [MESSAGE][PASSED] - Delayed 3 second(s)

2022-10-07 20:38:30 - [TEST_STEP][PASSED] - setText(findTestObject("09-Settings/Users/Co worker/input_Email_email"), "autotester04@mailinator.com"): Text 'autotester04@mailinator.com' is set on object 'Object Repository/09-Settings/Users/Co worker/input_Email_email'

2022-10-07 20:39:30 - [MESSAGE][PASSED] - Text 'autotester04@mailinator.com' is set on object 'Object Repository/09-Settings/Users/Co worker/input_Email_email'

2022-10-07 20:39:30 - [TEST_STEP][PASSED] - setEncryptedText(findTestObject("09-Settings/Users/Co worker/input__password"), "8yFRyszE6U6jvsCn51OQbg=="): Text ****** has been set on object 'Object Repository/09-Settings/Users/Co worker/input__password'

2022-10-07 20:40:00 - [MESSAGE][PASSED] - Text ****** has been set on object 'Object Repository/09-Settings/Users/Co worker/input__password'

2022-10-07 20:40:00 - [TEST_STEP][PASSED] - click(findTestObject("02-Side Icons(Organization)/Add Contact/button_Sign in")): Object: 'Object Repository/02-Side Icons(Organization)/Add Contact/button_Sign in' is clicked on

2022-10-07 20:40:31 - [MESSAGE][PASSED] - Object: 'Object Repository/02-Side Icons(Organization)/Add Contact/button_Sign in' is clicked on

2022-10-07 20:40:31 - [TEST_STEP][PASSED] - delay(2): Delayed 2 second(s)

2022-10-07 20:40:33 - [MESSAGE][PASSED] - Delayed 2 second(s)

2022-10-07 20:40:33 - [TEST_STEP][PASSED] - click(findTestObject("06-Teams/For 2FA/button_Confirm_2FA")): Object: 'Object Repository/06-Teams/For 2FA/button_Confirm_2FA' is clicked on

2022-10-07 20:41:03 - [MESSAGE][PASSED] - Object: 'Object Repository/06-Teams/For 2FA/button_Confirm_2FA' is clicked on

2022-10-07 20:41:03 - [TEST_STEP][PASSED] - executeJavaScript("window.open();", []): Execute JavaScript 'window.open();' successfully

2022-10-07 20:41:03 - [MESSAGE][PASSED] - Execute JavaScript 'window.open();' successfully

2022-10-07 20:41:03 - [TEST_STEP][PASSED] - currentWindow = getWindowIndex(): Current window's index is: 0

2022-10-07 20:41:03 - [MESSAGE][PASSED] - Current window's index is: 0

2022-10-07 20:41:03 - [TEST_STEP][PASSED] - delay(3): Delayed 3 second(s)

2022-10-07 20:41:06 - [MESSAGE][PASSED] - Delayed 3 second(s)

2022-10-07 20:41:06 - [TEST_STEP][PASSED] - switchToWindowIndex(currentWindow + 1): Switched to window with index: '1'

2022-10-07 20:41:06 - [MESSAGE][PASSED] - Switched to window with index: '1'

2022-10-07 20:41:06 - [TEST_STEP][PASSED] - navigateToUrl("https://www.mailinator.com/"): Navigate to 'https://www.mailinator.com/' successfully

2022-10-07 20:41:08 - [MESSAGE][PASSED] - Navigate to 'https://www.mailinator.com/' successfully

2022-10-07 20:41:08 - [TEST_STEP][PASSED] - delay(3): Delayed 3 second(s)

2022-10-07 20:41:11 - [MESSAGE][PASSED] - Delayed 3 second(s)

2022-10-07 20:41:11 - [TEST_STEP][PASSED] - setText(findTestObject("00-Signup and Activation/zMailinator/input_LOGIN_search"), "autotester04@mailinator.com"): Text 'autotester04@mailinator.com' is set on object 'Object Repository/00-Signup and Activation/zMailinator/input_LOGIN_search'

2022-10-07 20:41:12 - [MESSAGE][PASSED] - Text 'autotester04@mailinator.com' is set on object 'Object Repository/00-Signup and Activation/zMailinator/input_LOGIN_search'

2022-10-07 20:41:12 - [TEST_STEP][PASSED] - click(findTestObject("00-Signup and Activation/zMailinator/gobutton"), STOP_ON_FAILURE): Object: 'Object Repository/00-Signup and Activation/zMailinator/gobutton' is clicked on

2022-10-07 20:41:13 - [MESSAGE][PASSED] - Object: 'Object Repository/00-Signup and Activation/zMailinator/gobutton' is clicked on

2022-10-07 20:41:13 - [TEST_STEP][PASSED] - delay(3): Delayed 3 second(s)

2022-10-07 20:41:16 - [MESSAGE][PASSED] - Delayed 3 second(s)

2022-10-07 20:41:16 - [TEST_STEP][PASSED] - click(findTestObject("00-Signup and Activation/zMailinator/Email - everleagues")): Object: 'Object Repository/00-Signup and Activation/zMailinator/Email - everleagues' is clicked on

2022-10-07 20:41:16 - [MESSAGE][PASSED] - Object: 'Object Repository/00-Signup and Activation/zMailinator/Email - everleagues' is clicked on

2022-10-07 20:41:16 - [TEST_STEP][PASSED] - delay(3): Delayed 3 second(s)

2022-10-07 20:41:19 - [MESSAGE][PASSED] - Delayed 3 second(s)

2022-10-07 20:41:19 - [TEST_STEP][PASSED] - codetwo = getText(findTestObject("Object Repository/06-Teams/For 2FA/2FA code")): Text of object 'Object Repository/06-Teams/For 2FA/2FA code' is: '185685'

2022-10-07 20:41:19 - [MESSAGE][PASSED] - Text of object 'Object Repository/06-Teams/For 2FA/2FA code' is: '185685'

2022-10-07 20:41:19 - [TEST_STEP][PASSED] - delay(3): Delayed 3 second(s)

2022-10-07 20:41:23 - [MESSAGE][PASSED] - Delayed 3 second(s)

2022-10-07 20:41:23 - [TEST_STEP][PASSED] - closeWindowTitle("Mailinator"): Window with title: 'Mailinator' is closed

2022-10-07 20:41:23 - [MESSAGE][PASSED] - Window with title: 'Mailinator' is closed

2022-10-07 20:41:23 - [TEST_STEP][PASSED] - delay(3): Delayed 3 second(s)

2022-10-07 20:41:26 - [MESSAGE][PASSED] - Delayed 3 second(s)

2022-10-07 20:41:26 - [TEST_STEP][PASSED] - switchToWindowIndex(0): Switched to window with index: '0'

2022-10-07 20:41:26 - [MESSAGE][PASSED] - Switched to window with index: '0'

2022-10-07 20:41:26 - [TEST_STEP][PASSED] - delay(3): Delayed 3 second(s)

2022-10-07 20:41:29 - [MESSAGE][PASSED] - Delayed 3 second(s)

2022-10-07 20:41:29 - [TEST_STEP][PASSED] - setText(findTestObject("Object Repository/06-Teams/For 2FA/input_Enter verification code_code"), codetwo): Text '185685' is set on object 'Object Repository/06-Teams/For 2FA/input_Enter verification code_code'

2022-10-07 20:42:29 - [MESSAGE][PASSED] - Text '185685' is set on object 'Object Repository/06-Teams/For 2FA/input_Enter verification code_code'

2022-10-07 20:42:29 - [TEST_STEP][PASSED] - delay(3): Delayed 3 second(s)

2022-10-07 20:42:32 - [MESSAGE][PASSED] - Delayed 3 second(s)

2022-10-07 20:42:32 - [TEST_STEP][PASSED] - click(findTestObject("06-Teams/For 2FA/button_Verify_2FA")): Object: 'Object Repository/06-Teams/For 2FA/button_Verify_2FA' is clicked on

2022-10-07 20:43:02 - [MESSAGE][PASSED] - Object: 'Object Repository/06-Teams/For 2FA/button_Verify_2FA' is clicked on

2022-10-07 20:43:02 - [TEST_STEP][PASSED] - delay(5): Delayed 5 second(s)

2022-10-07 20:43:07 - [MESSAGE][PASSED] - Delayed 5 second(s)

2022-10-07 20:43:07 - [TEST_STEP][PASSED] - executeJavaScript("window.open();", []): Execute JavaScript 'window.open();' successfully

2022-10-07 20:43:07 - [MESSAGE][PASSED] - Execute JavaScript 'window.open();' successfully

2022-10-07 20:43:07 - [TEST_STEP][PASSED] - currentWindow = getWindowIndex(): Current window's index is: 0

2022-10-07 20:43:07 - [MESSAGE][PASSED] - Current window's index is: 0

2022-10-07 20:43:07 - [TEST_STEP][PASSED] - delay(3): Delayed 3 second(s)

2022-10-07 20:43:10 - [MESSAGE][PASSED] - Delayed 3 second(s)

2022-10-07 20:43:10 - [TEST_STEP][PASSED] - switchToWindowIndex(currentWindow + 1): Switched to window with index: '1'

2022-10-07 20:43:10 - [MESSAGE][PASSED] - Switched to window with index: '1'

2022-10-07 20:43:10 - [TEST_STEP][PASSED] - navigateToUrl("https://www.mailinator.com/"): Navigate to 'https://www.mailinator.com/' successfully

2022-10-07 20:43:12 - [MESSAGE][PASSED] - Navigate to 'https://www.mailinator.com/' successfully

2022-10-07 20:43:12 - [TEST_STEP][PASSED] - delay(3): Delayed 3 second(s)

2022-10-07 20:43:15 - [MESSAGE][PASSED] - Delayed 3 second(s)

2022-10-07 20:43:15 - [TEST_STEP][PASSED] - setText(findTestObject("00-Signup and Activation/zMailinator/input_LOGIN_search"), "autotester04@mailinator.com"): Text 'autotester04@mailinator.com' is set on object 'Object Repository/00-Signup and Activation/zMailinator/input_LOGIN_search'

2022-10-07 20:43:15 - [MESSAGE][PASSED] - Text 'autotester04@mailinator.com' is set on object 'Object Repository/00-Signup and Activation/zMailinator/input_LOGIN_search'

2022-10-07 20:43:15 - [TEST_STEP][PASSED] - click(findTestObject("00-Signup and Activation/zMailinator/gobutton"), STOP_ON_FAILURE): Object: 'Object Repository/00-Signup and Activation/zMailinator/gobutton' is clicked on

2022-10-07 20:43:16 - [MESSAGE][PASSED] - Object: 'Object Repository/00-Signup and Activation/zMailinator/gobutton' is clicked on

2022-10-07 20:43:16 - [TEST_STEP][PASSED] - delay(3): Delayed 3 second(s)

2022-10-07 20:43:19 - [MESSAGE][PASSED] - Delayed 3 second(s)

2022-10-07 20:43:19 - [TEST_STEP][PASSED] - closeWindowTitle("Everleagues"): Window with title: 'Everleagues' is closed

2022-10-07 20:43:19 - [MESSAGE][PASSED] - Window with title: 'Everleagues' is closed

2022-10-07 20:43:19 - [TEST_STEP][PASSED] - switchToWindowIndex(0): Switched to window with index: '0'

2022-10-07 20:43:19 - [MESSAGE][PASSED] - Switched to window with index: '0'

2022-10-07 20:43:19 - [TEST_STEP][PASSED] - click(findTestObject("09-Settings/Users/Co worker/td_Invitation from GG Automation")): Object: 'Object Repository/09-Settings/Users/Co worker/td_Invitation from GG Automation' is clicked on

2022-10-07 20:43:20 - [MESSAGE][PASSED] - Object: 'Object Repository/09-Settings/Users/Co worker/td_Invitation from GG Automation' is clicked on

2022-10-07 20:43:20 - [TEST_STEP][PASSED] - click(findTestObject("09-Settings/Users/Co worker/a_Click here to join GG Automation on EverLeagues")): Object: 'Object Repository/09-Settings/Users/Co worker/a_Click here to join GG Automation on EverLeagues' is clicked on

2022-10-07 20:43:21 - [MESSAGE][PASSED] - Object: 'Object Repository/09-Settings/Users/Co worker/a_Click here to join GG Automation on EverLeagues' is clicked on

2022-10-07 20:43:21 - [TEST_STEP][PASSED] - delay(3): Delayed 3 second(s)

2022-10-07 20:43:24 - [MESSAGE][PASSED] - Delayed 3 second(s)

2022-10-07 20:43:24 - [TEST_STEP][PASSED] - closeWindowTitle("Mailinator"): Window with title: 'Mailinator' is closed

2022-10-07 20:43:24 - [MESSAGE][PASSED] - Window with title: 'Mailinator' is closed

2022-10-07 20:43:24 - [TEST_STEP][PASSED] - switchToWindowIndex(0): Switched to window with index: '0'

2022-10-07 20:43:24 - [MESSAGE][PASSED] - Switched to window with index: '0'

2022-10-07 20:43:24 - [TEST_STEP][PASSED] - verifyElementVisible(findTestObject("09-Settings/Users/Co worker/Invite modal")): Object 'Object Repository/09-Settings/Users/Co worker/Invite modal' is visible

2022-10-07 20:43:26 - [MESSAGE][PASSED] - Object 'Object Repository/09-Settings/Users/Co worker/Invite modal' is visible

2022-10-07 20:43:26 - [TEST_STEP][PASSED] - click(findTestObject("09-Settings/Users/Co worker/button_Accept")): Object: 'Object Repository/09-Settings/Users/Co worker/button_Accept' is clicked on

2022-10-07 20:43:27 - [MESSAGE][PASSED] - Object: 'Object Repository/09-Settings/Users/Co worker/button_Accept' is clicked on

2022-10-07 20:43:27 - [TEST_STEP][PASSED] - delay(10): Delayed 10 second(s)

2022-10-07 20:43:37 - [MESSAGE][PASSED] - Delayed 10 second(s)

2022-10-07 20:43:37 - [TEST_STEP][PASSED] - verifyElementVisible(findTestObject("09-Settings/Users/Co worker/div_Joined as CoWorker")): Object 'Object Repository/09-Settings/Users/Co worker/div_Joined as CoWorker' is visible

2022-10-07 20:43:37 - [MESSAGE][PASSED] - Object 'Object Repository/09-Settings/Users/Co worker/div_Joined as CoWorker' is visible

2022-10-07 20:43:37 - [TEST_STEP][PASSED] - closeBrowser(): Browser is closed

2022-10-07 20:43:38 - [MESSAGE][PASSED] - Browser is closed]]></system-out>
         <system-err><![CDATA[]]></system-err>
      </testcase>
      <testcase name="Test Cases/09-Settings/03 - Users (Invite new user as client)" time="220.851" classname="Test Cases/09-Settings/03 - Users (Invite new user as client)" status="PASSED">
         <system-out><![CDATA[2022-10-07 20:43:38 - [TEST_CASE][PASSED] - Test Cases/09-Settings/03 - Users (Invite new user as client): Test Cases/09-Settings/03 - Users (Invite new user as client)

2022-10-07 20:43:38 - [TEST_STEP][PASSED] - openBrowser(""): Browser is opened with url: ''

2022-10-07 20:43:38 - [MESSAGE][INFO] - Starting 'Chrome' driver

2022-10-07 20:43:38 - [MESSAGE][INFO] - Action delay is set to 0 milliseconds

2022-10-07 20:43:39 - [MESSAGE][PASSED] - Browser is opened with url: ''

2022-10-07 20:43:39 - [TEST_STEP][PASSED] - navigateToUrl("https://lab.everleagues.com/"): Navigate to 'https://lab.everleagues.com/' successfully

2022-10-07 20:44:14 - [MESSAGE][PASSED] - Navigate to 'https://lab.everleagues.com/' successfully

2022-10-07 20:44:14 - [TEST_STEP][PASSED] - maximizeWindow(): Current window maximized

2022-10-07 20:44:14 - [MESSAGE][PASSED] - Current window maximized

2022-10-07 20:44:14 - [TEST_STEP][PASSED] - setText(findTestObject("02-Side Icons(Organization)/Add Contact/Email Field"), "testuser02@mailinator.com"): Text 'testuser02@mailinator.com' is set on object 'Object Repository/02-Side Icons(Organization)/Add Contact/Email Field'

2022-10-07 20:44:15 - [MESSAGE][PASSED] - Text 'testuser02@mailinator.com' is set on object 'Object Repository/02-Side Icons(Organization)/Add Contact/Email Field'

2022-10-07 20:44:15 - [TEST_STEP][PASSED] - setEncryptedText(findTestObject("02-Side Icons(Organization)/Add Contact/Password Field"), "8yFRyszE6U6jvsCn51OQbg=="): Text ****** has been set on object 'Object Repository/02-Side Icons(Organization)/Add Contact/Password Field'

2022-10-07 20:44:15 - [MESSAGE][PASSED] - Text ****** has been set on object 'Object Repository/02-Side Icons(Organization)/Add Contact/Password Field'

2022-10-07 20:44:15 - [TEST_STEP][PASSED] - click(findTestObject("02-Side Icons(Organization)/Add Contact/button_Sign in")): Object: 'Object Repository/02-Side Icons(Organization)/Add Contact/button_Sign in' is clicked on

2022-10-07 20:44:16 - [MESSAGE][PASSED] - Object: 'Object Repository/02-Side Icons(Organization)/Add Contact/button_Sign in' is clicked on

2022-10-07 20:44:16 - [TEST_STEP][PASSED] - delay(2): Delayed 2 second(s)

2022-10-07 20:44:18 - [MESSAGE][PASSED] - Delayed 2 second(s)

2022-10-07 20:44:18 - [TEST_STEP][PASSED] - click(findTestObject("06-Teams/For 2FA/button_Confirm_2FA")): Object: 'Object Repository/06-Teams/For 2FA/button_Confirm_2FA' is clicked on

2022-10-07 20:44:19 - [MESSAGE][PASSED] - Object: 'Object Repository/06-Teams/For 2FA/button_Confirm_2FA' is clicked on

2022-10-07 20:44:19 - [TEST_STEP][PASSED] - executeJavaScript("window.open();", []): Execute JavaScript 'window.open();' successfully

2022-10-07 20:44:19 - [MESSAGE][PASSED] - Execute JavaScript 'window.open();' successfully

2022-10-07 20:44:19 - [TEST_STEP][PASSED] - currentWindow = getWindowIndex(): Current window's index is: 0

2022-10-07 20:44:19 - [MESSAGE][PASSED] - Current window's index is: 0

2022-10-07 20:44:19 - [TEST_STEP][PASSED] - delay(3): Delayed 3 second(s)

2022-10-07 20:44:22 - [MESSAGE][PASSED] - Delayed 3 second(s)

2022-10-07 20:44:22 - [TEST_STEP][PASSED] - switchToWindowIndex(currentWindow + 1): Switched to window with index: '1'

2022-10-07 20:44:22 - [MESSAGE][PASSED] - Switched to window with index: '1'

2022-10-07 20:44:22 - [TEST_STEP][PASSED] - navigateToUrl("https://www.mailinator.com/"): Navigate to 'https://www.mailinator.com/' successfully

2022-10-07 20:44:26 - [MESSAGE][PASSED] - Navigate to 'https://www.mailinator.com/' successfully

2022-10-07 20:44:26 - [TEST_STEP][PASSED] - delay(3): Delayed 3 second(s)

2022-10-07 20:44:29 - [MESSAGE][PASSED] - Delayed 3 second(s)

2022-10-07 20:44:29 - [TEST_STEP][PASSED] - setText(findTestObject("00-Signup and Activation/zMailinator/input_LOGIN_search"), "testuser02@mailinator.com"): Text 'testuser02@mailinator.com' is set on object 'Object Repository/00-Signup and Activation/zMailinator/input_LOGIN_search'

2022-10-07 20:44:29 - [MESSAGE][PASSED] - Text 'testuser02@mailinator.com' is set on object 'Object Repository/00-Signup and Activation/zMailinator/input_LOGIN_search'

2022-10-07 20:44:29 - [TEST_STEP][PASSED] - click(findTestObject("00-Signup and Activation/zMailinator/gobutton"), STOP_ON_FAILURE): Object: 'Object Repository/00-Signup and Activation/zMailinator/gobutton' is clicked on

2022-10-07 20:44:31 - [MESSAGE][PASSED] - Object: 'Object Repository/00-Signup and Activation/zMailinator/gobutton' is clicked on

2022-10-07 20:44:31 - [TEST_STEP][PASSED] - delay(3): Delayed 3 second(s)

2022-10-07 20:44:34 - [MESSAGE][PASSED] - Delayed 3 second(s)

2022-10-07 20:44:34 - [TEST_STEP][PASSED] - click(findTestObject("00-Signup and Activation/zMailinator/Email - everleagues")): Object: 'Object Repository/00-Signup and Activation/zMailinator/Email - everleagues' is clicked on

2022-10-07 20:44:35 - [MESSAGE][PASSED] - Object: 'Object Repository/00-Signup and Activation/zMailinator/Email - everleagues' is clicked on

2022-10-07 20:44:35 - [TEST_STEP][PASSED] - delay(3): Delayed 3 second(s)

2022-10-07 20:44:38 - [MESSAGE][PASSED] - Delayed 3 second(s)

2022-10-07 20:44:38 - [TEST_STEP][PASSED] - code = getText(findTestObject("Object Repository/06-Teams/For 2FA/2FA code")): Text of object 'Object Repository/06-Teams/For 2FA/2FA code' is: '448354'

2022-10-07 20:44:38 - [MESSAGE][PASSED] - Text of object 'Object Repository/06-Teams/For 2FA/2FA code' is: '448354'

2022-10-07 20:44:38 - [TEST_STEP][PASSED] - delay(3): Delayed 3 second(s)

2022-10-07 20:44:41 - [MESSAGE][PASSED] - Delayed 3 second(s)

2022-10-07 20:44:41 - [TEST_STEP][PASSED] - closeWindowTitle("Mailinator"): Window with title: 'Mailinator' is closed

2022-10-07 20:44:41 - [MESSAGE][PASSED] - Window with title: 'Mailinator' is closed

2022-10-07 20:44:41 - [TEST_STEP][PASSED] - delay(3): Delayed 3 second(s)

2022-10-07 20:44:44 - [MESSAGE][PASSED] - Delayed 3 second(s)

2022-10-07 20:44:44 - [TEST_STEP][PASSED] - switchToWindowIndex(0): Switched to window with index: '0'

2022-10-07 20:44:44 - [MESSAGE][PASSED] - Switched to window with index: '0'

2022-10-07 20:44:44 - [TEST_STEP][PASSED] - delay(3): Delayed 3 second(s)

2022-10-07 20:44:47 - [MESSAGE][PASSED] - Delayed 3 second(s)

2022-10-07 20:44:47 - [TEST_STEP][PASSED] - setText(findTestObject("Object Repository/06-Teams/For 2FA/input_Enter verification code_code"), code): Text '448354' is set on object 'Object Repository/06-Teams/For 2FA/input_Enter verification code_code'

2022-10-07 20:44:48 - [MESSAGE][PASSED] - Text '448354' is set on object 'Object Repository/06-Teams/For 2FA/input_Enter verification code_code'

2022-10-07 20:44:48 - [TEST_STEP][PASSED] - delay(3): Delayed 3 second(s)

2022-10-07 20:44:51 - [MESSAGE][PASSED] - Delayed 3 second(s)

2022-10-07 20:44:51 - [TEST_STEP][PASSED] - click(findTestObject("06-Teams/For 2FA/button_Verify_2FA")): Object: 'Object Repository/06-Teams/For 2FA/button_Verify_2FA' is clicked on

2022-10-07 20:44:52 - [MESSAGE][PASSED] - Object: 'Object Repository/06-Teams/For 2FA/button_Verify_2FA' is clicked on

2022-10-07 20:44:52 - [TEST_STEP][PASSED] - delay(5): Delayed 5 second(s)

2022-10-07 20:44:57 - [MESSAGE][PASSED] - Delayed 5 second(s)

2022-10-07 20:44:57 - [TEST_STEP][PASSED] - click(findTestObject("06-Teams/button_doublearrow")): Object: 'Object Repository/06-Teams/button_doublearrow' is clicked on

2022-10-07 20:44:57 - [MESSAGE][PASSED] - Object: 'Object Repository/06-Teams/button_doublearrow' is clicked on

2022-10-07 20:44:57 - [TEST_STEP][PASSED] - click(findTestObject("06-Teams/button_My Organizations")): Object: 'Object Repository/06-Teams/button_My Organizations' is clicked on

2022-10-07 20:44:58 - [MESSAGE][PASSED] - Object: 'Object Repository/06-Teams/button_My Organizations' is clicked on

2022-10-07 20:44:58 - [TEST_STEP][PASSED] - click(findTestObject("06-Teams/button_GG Automation")): Object: 'Object Repository/06-Teams/button_GG Automation' is clicked on

2022-10-07 20:44:59 - [MESSAGE][PASSED] - Object: 'Object Repository/06-Teams/button_GG Automation' is clicked on

2022-10-07 20:44:59 - [TEST_STEP][PASSED] - delay(4): Delayed 4 second(s)

2022-10-07 20:45:03 - [MESSAGE][PASSED] - Delayed 4 second(s)

2022-10-07 20:45:03 - [TEST_STEP][PASSED] - verifyElementVisible(findTestObject("06-Teams/span_GG Automation")): Object 'Object Repository/06-Teams/span_GG Automation' is visible

2022-10-07 20:45:03 - [MESSAGE][PASSED] - Object 'Object Repository/06-Teams/span_GG Automation' is visible

2022-10-07 20:45:03 - [TEST_STEP][PASSED] - delay(10): Delayed 10 second(s)

2022-10-07 20:45:13 - [MESSAGE][PASSED] - Delayed 10 second(s)

2022-10-07 20:45:13 - [TEST_STEP][PASSED] - click(findTestObject("03-Header Menu/Hamburger Button/div_Settings")): Object: 'Object Repository/03-Header Menu/Hamburger Button/div_Settings' is clicked on

2022-10-07 20:45:14 - [MESSAGE][PASSED] - Object: 'Object Repository/03-Header Menu/Hamburger Button/div_Settings' is clicked on

2022-10-07 20:45:14 - [TEST_STEP][PASSED] - delay(3): Delayed 3 second(s)

2022-10-07 20:45:17 - [MESSAGE][PASSED] - Delayed 3 second(s)

2022-10-07 20:45:17 - [TEST_STEP][PASSED] - click(findTestObject("09-Settings/Users/div_Users")): Object: 'Object Repository/09-Settings/Users/div_Users' is clicked on

2022-10-07 20:45:17 - [MESSAGE][PASSED] - Object: 'Object Repository/09-Settings/Users/div_Users' is clicked on

2022-10-07 20:45:17 - [TEST_STEP][PASSED] - delay(3): Delayed 3 second(s)

2022-10-07 20:45:20 - [MESSAGE][PASSED] - Delayed 3 second(s)

2022-10-07 20:45:20 - [TEST_STEP][PASSED] - click(findTestObject("09-Settings/Users/button_add")): Object: 'Object Repository/09-Settings/Users/button_add' is clicked on

2022-10-07 20:45:21 - [MESSAGE][PASSED] - Object: 'Object Repository/09-Settings/Users/button_add' is clicked on

2022-10-07 20:45:21 - [TEST_STEP][PASSED] - delay(3): Delayed 3 second(s)

2022-10-07 20:45:24 - [MESSAGE][PASSED] - Delayed 3 second(s)

2022-10-07 20:45:24 - [TEST_STEP][PASSED] - click(findTestObject("09-Settings/Users/add Invite a single user")): Object: 'Object Repository/09-Settings/Users/add Invite a single user' is clicked on

2022-10-07 20:45:24 - [MESSAGE][PASSED] - Object: 'Object Repository/09-Settings/Users/add Invite a single user' is clicked on

2022-10-07 20:45:24 - [TEST_STEP][PASSED] - delay(3): Delayed 3 second(s)

2022-10-07 20:45:27 - [MESSAGE][PASSED] - Delayed 3 second(s)

2022-10-07 20:45:27 - [TEST_STEP][PASSED] - setText(findTestObject("09-Settings/Users/input_email"), "autotester09@mailinator.com"): Text 'autotester09@mailinator.com' is set on object 'Object Repository/09-Settings/Users/input_email'

2022-10-07 20:45:28 - [MESSAGE][PASSED] - Text 'autotester09@mailinator.com' is set on object 'Object Repository/09-Settings/Users/input_email'

2022-10-07 20:45:28 - [TEST_STEP][PASSED] - setText(findTestObject("09-Settings/Users/input_firstName"), "GG"): Text 'GG' is set on object 'Object Repository/09-Settings/Users/input_firstName'

2022-10-07 20:45:29 - [MESSAGE][PASSED] - Text 'GG' is set on object 'Object Repository/09-Settings/Users/input_firstName'

2022-10-07 20:45:29 - [TEST_STEP][PASSED] - setText(findTestObject("09-Settings/Users/input_lastName"), "Client"): Text 'Client' is set on object 'Object Repository/09-Settings/Users/input_lastName'

2022-10-07 20:45:30 - [MESSAGE][PASSED] - Text 'Client' is set on object 'Object Repository/09-Settings/Users/input_lastName'

2022-10-07 20:45:30 - [TEST_STEP][PASSED] - click(findTestObject("09-Settings/Users/span_Role")): Object: 'Object Repository/09-Settings/Users/span_Role' is clicked on

2022-10-07 20:45:30 - [MESSAGE][PASSED] - Object: 'Object Repository/09-Settings/Users/span_Role' is clicked on

2022-10-07 20:45:30 - [TEST_STEP][PASSED] - click(findTestObject("09-Settings/Users/span_Client")): Object: 'Object Repository/09-Settings/Users/span_Client' is clicked on

2022-10-07 20:45:31 - [MESSAGE][PASSED] - Object: 'Object Repository/09-Settings/Users/span_Client' is clicked on

2022-10-07 20:45:31 - [TEST_STEP][PASSED] - click(findTestObject("09-Settings/Users/button_Send Invitation")): Object: 'Object Repository/09-Settings/Users/button_Send Invitation' is clicked on

2022-10-07 20:45:32 - [MESSAGE][PASSED] - Object: 'Object Repository/09-Settings/Users/button_Send Invitation' is clicked on

2022-10-07 20:45:32 - [TEST_STEP][PASSED] - delay(2): Delayed 2 second(s)

2022-10-07 20:45:34 - [MESSAGE][PASSED] - Delayed 2 second(s)

2022-10-07 20:45:34 - [TEST_STEP][PASSED] - verifyElementVisible(findTestObject("07-Directory/Connections/zContact Profile/Successfully invited user")): Object 'Object Repository/07-Directory/Connections/zContact Profile/Successfully invited user' is visible

2022-10-07 20:45:35 - [MESSAGE][PASSED] - Object 'Object Repository/07-Directory/Connections/zContact Profile/Successfully invited user' is visible

2022-10-07 20:45:35 - [TEST_STEP][PASSED] - delay(2): Delayed 2 second(s)

2022-10-07 20:45:37 - [MESSAGE][PASSED] - Delayed 2 second(s)

2022-10-07 20:45:37 - [TEST_STEP][PASSED] - click(findTestObject("01-Login and Forgot Password/User menu drop")): Object: 'Object Repository/01-Login and Forgot Password/User menu drop' is clicked on

2022-10-07 20:45:38 - [MESSAGE][PASSED] - Object: 'Object Repository/01-Login and Forgot Password/User menu drop' is clicked on

2022-10-07 20:45:38 - [TEST_STEP][PASSED] - delay(2): Delayed 2 second(s)

2022-10-07 20:45:40 - [MESSAGE][PASSED] - Delayed 2 second(s)

2022-10-07 20:45:40 - [TEST_STEP][PASSED] - click(findTestObject("01-Login and Forgot Password/h4_Sign Out"), STOP_ON_FAILURE): Object: 'Object Repository/01-Login and Forgot Password/h4_Sign Out' is clicked on

2022-10-07 20:45:41 - [MESSAGE][PASSED] - Object: 'Object Repository/01-Login and Forgot Password/h4_Sign Out' is clicked on

2022-10-07 20:45:41 - [TEST_STEP][PASSED] - delay(2): Delayed 2 second(s)

2022-10-07 20:45:43 - [MESSAGE][PASSED] - Delayed 2 second(s)

2022-10-07 20:45:43 - [TEST_STEP][PASSED] - verifyElementPresent(findTestObject("01-Login and Forgot Password/Login_Card"), 0): Object 'Object Repository/01-Login and Forgot Password/Login_Card' is present

2022-10-07 20:45:43 - [MESSAGE][WARNING] - Timeout '0' is invalid. Using default page load timeout: '30'

2022-10-07 20:45:43 - [MESSAGE][PASSED] - Object 'Object Repository/01-Login and Forgot Password/Login_Card' is present

2022-10-07 20:45:43 - [TEST_STEP][PASSED] - delay(3): Delayed 3 second(s)

2022-10-07 20:45:46 - [MESSAGE][PASSED] - Delayed 3 second(s)

2022-10-07 20:45:46 - [TEST_STEP][PASSED] - closeBrowser(): Browser is closed

2022-10-07 20:45:47 - [MESSAGE][PASSED] - Browser is closed

2022-10-07 20:45:47 - [TEST_STEP][PASSED] - openBrowser(""): Browser is opened with url: ''

2022-10-07 20:45:47 - [MESSAGE][INFO] - Starting 'Chrome' driver

2022-10-07 20:45:47 - [MESSAGE][INFO] - Action delay is set to 0 milliseconds

2022-10-07 20:45:48 - [MESSAGE][PASSED] - Browser is opened with url: ''

2022-10-07 20:45:48 - [TEST_STEP][PASSED] - navigateToUrl("https://lab.everleagues.com/"): Navigate to 'https://lab.everleagues.com/' successfully

2022-10-07 20:46:03 - [MESSAGE][PASSED] - Navigate to 'https://lab.everleagues.com/' successfully

2022-10-07 20:46:03 - [TEST_STEP][PASSED] - maximizeWindow(): Current window maximized

2022-10-07 20:46:03 - [MESSAGE][PASSED] - Current window maximized

2022-10-07 20:46:03 - [TEST_STEP][PASSED] - setText(findTestObject("02-Side Icons(Organization)/Add Contact/Email Field"), "autotester09@mailinator.com"): Text 'autotester09@mailinator.com' is set on object 'Object Repository/02-Side Icons(Organization)/Add Contact/Email Field'

2022-10-07 20:46:04 - [MESSAGE][PASSED] - Text 'autotester09@mailinator.com' is set on object 'Object Repository/02-Side Icons(Organization)/Add Contact/Email Field'

2022-10-07 20:46:04 - [TEST_STEP][PASSED] - setEncryptedText(findTestObject("02-Side Icons(Organization)/Add Contact/Password Field"), "8yFRyszE6U6jvsCn51OQbg=="): Text ****** has been set on object 'Object Repository/02-Side Icons(Organization)/Add Contact/Password Field'

2022-10-07 20:46:04 - [MESSAGE][PASSED] - Text ****** has been set on object 'Object Repository/02-Side Icons(Organization)/Add Contact/Password Field'

2022-10-07 20:46:04 - [TEST_STEP][PASSED] - click(findTestObject("02-Side Icons(Organization)/Add Contact/button_Sign in")): Object: 'Object Repository/02-Side Icons(Organization)/Add Contact/button_Sign in' is clicked on

2022-10-07 20:46:05 - [MESSAGE][PASSED] - Object: 'Object Repository/02-Side Icons(Organization)/Add Contact/button_Sign in' is clicked on

2022-10-07 20:46:05 - [TEST_STEP][PASSED] - delay(2): Delayed 2 second(s)

2022-10-07 20:46:07 - [MESSAGE][PASSED] - Delayed 2 second(s)

2022-10-07 20:46:07 - [TEST_STEP][PASSED] - click(findTestObject("06-Teams/For 2FA/button_Confirm_2FA")): Object: 'Object Repository/06-Teams/For 2FA/button_Confirm_2FA' is clicked on

2022-10-07 20:46:07 - [MESSAGE][PASSED] - Object: 'Object Repository/06-Teams/For 2FA/button_Confirm_2FA' is clicked on

2022-10-07 20:46:07 - [TEST_STEP][PASSED] - executeJavaScript("window.open();", []): Execute JavaScript 'window.open();' successfully

2022-10-07 20:46:07 - [MESSAGE][PASSED] - Execute JavaScript 'window.open();' successfully

2022-10-07 20:46:07 - [TEST_STEP][PASSED] - currentWindow = getWindowIndex(): Current window's index is: 0

2022-10-07 20:46:07 - [MESSAGE][PASSED] - Current window's index is: 0

2022-10-07 20:46:07 - [TEST_STEP][PASSED] - delay(3): Delayed 3 second(s)

2022-10-07 20:46:10 - [MESSAGE][PASSED] - Delayed 3 second(s)

2022-10-07 20:46:10 - [TEST_STEP][PASSED] - switchToWindowIndex(currentWindow + 1): Switched to window with index: '1'

2022-10-07 20:46:10 - [MESSAGE][PASSED] - Switched to window with index: '1'

2022-10-07 20:46:10 - [TEST_STEP][PASSED] - navigateToUrl("https://www.mailinator.com/"): Navigate to 'https://www.mailinator.com/' successfully

2022-10-07 20:46:13 - [MESSAGE][PASSED] - Navigate to 'https://www.mailinator.com/' successfully

2022-10-07 20:46:13 - [TEST_STEP][PASSED] - delay(3): Delayed 3 second(s)

2022-10-07 20:46:16 - [MESSAGE][PASSED] - Delayed 3 second(s)

2022-10-07 20:46:16 - [TEST_STEP][PASSED] - setText(findTestObject("00-Signup and Activation/zMailinator/input_LOGIN_search"), "autotester09@mailinator.com"): Text 'autotester09@mailinator.com' is set on object 'Object Repository/00-Signup and Activation/zMailinator/input_LOGIN_search'

2022-10-07 20:46:16 - [MESSAGE][PASSED] - Text 'autotester09@mailinator.com' is set on object 'Object Repository/00-Signup and Activation/zMailinator/input_LOGIN_search'

2022-10-07 20:46:16 - [TEST_STEP][PASSED] - click(findTestObject("00-Signup and Activation/zMailinator/gobutton"), STOP_ON_FAILURE): Object: 'Object Repository/00-Signup and Activation/zMailinator/gobutton' is clicked on

2022-10-07 20:46:18 - [MESSAGE][PASSED] - Object: 'Object Repository/00-Signup and Activation/zMailinator/gobutton' is clicked on

2022-10-07 20:46:18 - [TEST_STEP][PASSED] - delay(3): Delayed 3 second(s)

2022-10-07 20:46:21 - [MESSAGE][PASSED] - Delayed 3 second(s)

2022-10-07 20:46:21 - [TEST_STEP][PASSED] - click(findTestObject("00-Signup and Activation/zMailinator/Email - everleagues")): Object: 'Object Repository/00-Signup and Activation/zMailinator/Email - everleagues' is clicked on

2022-10-07 20:46:21 - [MESSAGE][PASSED] - Object: 'Object Repository/00-Signup and Activation/zMailinator/Email - everleagues' is clicked on

2022-10-07 20:46:21 - [TEST_STEP][PASSED] - delay(3): Delayed 3 second(s)

2022-10-07 20:46:24 - [MESSAGE][PASSED] - Delayed 3 second(s)

2022-10-07 20:46:24 - [TEST_STEP][PASSED] - codetwo = getText(findTestObject("Object Repository/06-Teams/For 2FA/2FA code")): Text of object 'Object Repository/06-Teams/For 2FA/2FA code' is: '613384'

2022-10-07 20:46:25 - [MESSAGE][PASSED] - Text of object 'Object Repository/06-Teams/For 2FA/2FA code' is: '613384'

2022-10-07 20:46:25 - [TEST_STEP][PASSED] - delay(3): Delayed 3 second(s)

2022-10-07 20:46:28 - [MESSAGE][PASSED] - Delayed 3 second(s)

2022-10-07 20:46:28 - [TEST_STEP][PASSED] - closeWindowTitle("Mailinator"): Window with title: 'Mailinator' is closed

2022-10-07 20:46:28 - [MESSAGE][PASSED] - Window with title: 'Mailinator' is closed

2022-10-07 20:46:28 - [TEST_STEP][PASSED] - delay(3): Delayed 3 second(s)

2022-10-07 20:46:31 - [MESSAGE][PASSED] - Delayed 3 second(s)

2022-10-07 20:46:31 - [TEST_STEP][PASSED] - switchToWindowIndex(0): Switched to window with index: '0'

2022-10-07 20:46:31 - [MESSAGE][PASSED] - Switched to window with index: '0'

2022-10-07 20:46:31 - [TEST_STEP][PASSED] - delay(3): Delayed 3 second(s)

2022-10-07 20:46:34 - [MESSAGE][PASSED] - Delayed 3 second(s)

2022-10-07 20:46:34 - [TEST_STEP][PASSED] - setText(findTestObject("Object Repository/06-Teams/For 2FA/input_Enter verification code_code"), codetwo): Text '613384' is set on object 'Object Repository/06-Teams/For 2FA/input_Enter verification code_code'

2022-10-07 20:46:35 - [MESSAGE][PASSED] - Text '613384' is set on object 'Object Repository/06-Teams/For 2FA/input_Enter verification code_code'

2022-10-07 20:46:35 - [TEST_STEP][PASSED] - delay(3): Delayed 3 second(s)

2022-10-07 20:46:38 - [MESSAGE][PASSED] - Delayed 3 second(s)

2022-10-07 20:46:38 - [TEST_STEP][PASSED] - click(findTestObject("06-Teams/For 2FA/button_Verify_2FA")): Object: 'Object Repository/06-Teams/For 2FA/button_Verify_2FA' is clicked on

2022-10-07 20:46:39 - [MESSAGE][PASSED] - Object: 'Object Repository/06-Teams/For 2FA/button_Verify_2FA' is clicked on

2022-10-07 20:46:39 - [TEST_STEP][PASSED] - delay(5): Delayed 5 second(s)

2022-10-07 20:46:44 - [MESSAGE][PASSED] - Delayed 5 second(s)

2022-10-07 20:46:44 - [TEST_STEP][PASSED] - executeJavaScript("window.open();", []): Execute JavaScript 'window.open();' successfully

2022-10-07 20:46:44 - [MESSAGE][PASSED] - Execute JavaScript 'window.open();' successfully

2022-10-07 20:46:44 - [TEST_STEP][PASSED] - currentWindow = getWindowIndex(): Current window's index is: 0

2022-10-07 20:46:44 - [MESSAGE][PASSED] - Current window's index is: 0

2022-10-07 20:46:44 - [TEST_STEP][PASSED] - delay(3): Delayed 3 second(s)

2022-10-07 20:46:47 - [MESSAGE][PASSED] - Delayed 3 second(s)

2022-10-07 20:46:47 - [TEST_STEP][PASSED] - switchToWindowIndex(currentWindow + 1): Switched to window with index: '1'

2022-10-07 20:46:47 - [MESSAGE][PASSED] - Switched to window with index: '1'

2022-10-07 20:46:47 - [TEST_STEP][PASSED] - navigateToUrl("https://www.mailinator.com/"): Navigate to 'https://www.mailinator.com/' successfully

2022-10-07 20:46:48 - [MESSAGE][PASSED] - Navigate to 'https://www.mailinator.com/' successfully

2022-10-07 20:46:48 - [TEST_STEP][PASSED] - delay(3): Delayed 3 second(s)

2022-10-07 20:46:51 - [MESSAGE][PASSED] - Delayed 3 second(s)

2022-10-07 20:46:51 - [TEST_STEP][PASSED] - setText(findTestObject("00-Signup and Activation/zMailinator/input_LOGIN_search"), "autotester09@mailinator.com"): Text 'autotester09@mailinator.com' is set on object 'Object Repository/00-Signup and Activation/zMailinator/input_LOGIN_search'

2022-10-07 20:46:52 - [MESSAGE][PASSED] - Text 'autotester09@mailinator.com' is set on object 'Object Repository/00-Signup and Activation/zMailinator/input_LOGIN_search'

2022-10-07 20:46:52 - [TEST_STEP][PASSED] - click(findTestObject("00-Signup and Activation/zMailinator/gobutton"), STOP_ON_FAILURE): Object: 'Object Repository/00-Signup and Activation/zMailinator/gobutton' is clicked on

2022-10-07 20:46:53 - [MESSAGE][PASSED] - Object: 'Object Repository/00-Signup and Activation/zMailinator/gobutton' is clicked on

2022-10-07 20:46:53 - [TEST_STEP][PASSED] - delay(3): Delayed 3 second(s)

2022-10-07 20:46:56 - [MESSAGE][PASSED] - Delayed 3 second(s)

2022-10-07 20:46:56 - [TEST_STEP][PASSED] - closeWindowTitle("Everleagues"): Window with title: 'Everleagues' is closed

2022-10-07 20:46:56 - [MESSAGE][PASSED] - Window with title: 'Everleagues' is closed

2022-10-07 20:46:56 - [TEST_STEP][PASSED] - switchToWindowIndex(0): Switched to window with index: '0'

2022-10-07 20:46:56 - [MESSAGE][PASSED] - Switched to window with index: '0'

2022-10-07 20:46:56 - [TEST_STEP][PASSED] - click(findTestObject("09-Settings/Users/Co worker/td_Invitation from GG Automation")): Object: 'Object Repository/09-Settings/Users/Co worker/td_Invitation from GG Automation' is clicked on

2022-10-07 20:46:56 - [MESSAGE][PASSED] - Object: 'Object Repository/09-Settings/Users/Co worker/td_Invitation from GG Automation' is clicked on

2022-10-07 20:46:56 - [TEST_STEP][PASSED] - click(findTestObject("09-Settings/Users/Co worker/a_Click here to join GG Automation on EverLeagues")): Object: 'Object Repository/09-Settings/Users/Co worker/a_Click here to join GG Automation on EverLeagues' is clicked on

2022-10-07 20:46:57 - [MESSAGE][PASSED] - Object: 'Object Repository/09-Settings/Users/Co worker/a_Click here to join GG Automation on EverLeagues' is clicked on

2022-10-07 20:46:57 - [TEST_STEP][PASSED] - closeWindowTitle("Mailinator"): Window with title: 'Mailinator' is closed

2022-10-07 20:46:57 - [MESSAGE][PASSED] - Window with title: 'Mailinator' is closed

2022-10-07 20:46:57 - [TEST_STEP][PASSED] - switchToWindowIndex(0): Switched to window with index: '0'

2022-10-07 20:46:57 - [MESSAGE][PASSED] - Switched to window with index: '0'

2022-10-07 20:46:57 - [TEST_STEP][PASSED] - verifyElementVisible(findTestObject("09-Settings/Users/Client/Invite modal")): Object 'Object Repository/09-Settings/Users/Client/Invite modal' is visible

2022-10-07 20:47:03 - [MESSAGE][PASSED] - Object 'Object Repository/09-Settings/Users/Client/Invite modal' is visible

2022-10-07 20:47:03 - [TEST_STEP][PASSED] - setText(findTestObject("09-Settings/Users/Client/Company field"), "QA Company"): Text 'QA Company' is set on object 'Object Repository/09-Settings/Users/Client/Company field'

2022-10-07 20:47:04 - [MESSAGE][PASSED] - Text 'QA Company' is set on object 'Object Repository/09-Settings/Users/Client/Company field'

2022-10-07 20:47:04 - [TEST_STEP][PASSED] - click(findTestObject("09-Settings/Users/Client/button_Accept")): Object: 'Object Repository/09-Settings/Users/Client/button_Accept' is clicked on

2022-10-07 20:47:05 - [MESSAGE][PASSED] - Object: 'Object Repository/09-Settings/Users/Client/button_Accept' is clicked on

2022-10-07 20:47:05 - [TEST_STEP][PASSED] - delay(10): Delayed 10 second(s)

2022-10-07 20:47:15 - [MESSAGE][PASSED] - Delayed 10 second(s)

2022-10-07 20:47:15 - [TEST_STEP][PASSED] - verifyElementVisible(findTestObject("09-Settings/Users/Client/div_Joined as CLIENT")): Object 'Object Repository/09-Settings/Users/Client/div_Joined as CLIENT' is visible

2022-10-07 20:47:15 - [MESSAGE][PASSED] - Object 'Object Repository/09-Settings/Users/Client/div_Joined as CLIENT' is visible

2022-10-07 20:47:15 - [TEST_STEP][PASSED] - delay(3): Delayed 3 second(s)

2022-10-07 20:47:18 - [MESSAGE][PASSED] - Delayed 3 second(s)

2022-10-07 20:47:18 - [TEST_STEP][PASSED] - closeBrowser(): Browser is closed

2022-10-07 20:47:19 - [MESSAGE][PASSED] - Browser is closed]]></system-out>
         <system-err><![CDATA[]]></system-err>
      </testcase>
      <testcase name="Test Cases/09-Settings/04 - Users (Invite new user as partner)" time="233.261" classname="Test Cases/09-Settings/04 - Users (Invite new user as partner)" status="PASSED">
         <system-out><![CDATA[2022-10-07 20:47:19 - [TEST_CASE][PASSED] - Test Cases/09-Settings/04 - Users (Invite new user as partner): Test Cases/09-Settings/04 - Users (Invite new user as partner)

2022-10-07 20:47:19 - [TEST_STEP][PASSED] - openBrowser(""): Browser is opened with url: ''

2022-10-07 20:47:19 - [MESSAGE][INFO] - Starting 'Chrome' driver

2022-10-07 20:47:19 - [MESSAGE][INFO] - Action delay is set to 0 milliseconds

2022-10-07 20:47:20 - [MESSAGE][PASSED] - Browser is opened with url: ''

2022-10-07 20:47:20 - [TEST_STEP][PASSED] - navigateToUrl("https://lab.everleagues.com/"): Navigate to 'https://lab.everleagues.com/' successfully

2022-10-07 20:47:53 - [MESSAGE][PASSED] - Navigate to 'https://lab.everleagues.com/' successfully

2022-10-07 20:47:53 - [TEST_STEP][PASSED] - maximizeWindow(): Current window maximized

2022-10-07 20:47:53 - [MESSAGE][PASSED] - Current window maximized

2022-10-07 20:47:53 - [TEST_STEP][PASSED] - setText(findTestObject("02-Side Icons(Organization)/Add Contact/Email Field"), "testuser02@mailinator.com"): Text 'testuser02@mailinator.com' is set on object 'Object Repository/02-Side Icons(Organization)/Add Contact/Email Field'

2022-10-07 20:47:54 - [MESSAGE][PASSED] - Text 'testuser02@mailinator.com' is set on object 'Object Repository/02-Side Icons(Organization)/Add Contact/Email Field'

2022-10-07 20:47:54 - [TEST_STEP][PASSED] - setEncryptedText(findTestObject("02-Side Icons(Organization)/Add Contact/Password Field"), "8yFRyszE6U6jvsCn51OQbg=="): Text ****** has been set on object 'Object Repository/02-Side Icons(Organization)/Add Contact/Password Field'

2022-10-07 20:47:54 - [MESSAGE][PASSED] - Text ****** has been set on object 'Object Repository/02-Side Icons(Organization)/Add Contact/Password Field'

2022-10-07 20:47:54 - [TEST_STEP][PASSED] - click(findTestObject("02-Side Icons(Organization)/Add Contact/button_Sign in")): Object: 'Object Repository/02-Side Icons(Organization)/Add Contact/button_Sign in' is clicked on

2022-10-07 20:47:55 - [MESSAGE][PASSED] - Object: 'Object Repository/02-Side Icons(Organization)/Add Contact/button_Sign in' is clicked on

2022-10-07 20:47:55 - [TEST_STEP][PASSED] - delay(2): Delayed 2 second(s)

2022-10-07 20:47:57 - [MESSAGE][PASSED] - Delayed 2 second(s)

2022-10-07 20:47:57 - [TEST_STEP][PASSED] - click(findTestObject("06-Teams/For 2FA/button_Confirm_2FA")): Object: 'Object Repository/06-Teams/For 2FA/button_Confirm_2FA' is clicked on

2022-10-07 20:47:57 - [MESSAGE][PASSED] - Object: 'Object Repository/06-Teams/For 2FA/button_Confirm_2FA' is clicked on

2022-10-07 20:47:57 - [TEST_STEP][PASSED] - executeJavaScript("window.open();", []): Execute JavaScript 'window.open();' successfully

2022-10-07 20:47:57 - [MESSAGE][PASSED] - Execute JavaScript 'window.open();' successfully

2022-10-07 20:47:57 - [TEST_STEP][PASSED] - currentWindow = getWindowIndex(): Current window's index is: 0

2022-10-07 20:47:57 - [MESSAGE][PASSED] - Current window's index is: 0

2022-10-07 20:47:57 - [TEST_STEP][PASSED] - delay(3): Delayed 3 second(s)

2022-10-07 20:48:00 - [MESSAGE][PASSED] - Delayed 3 second(s)

2022-10-07 20:48:00 - [TEST_STEP][PASSED] - switchToWindowIndex(currentWindow + 1): Switched to window with index: '1'

2022-10-07 20:48:00 - [MESSAGE][PASSED] - Switched to window with index: '1'

2022-10-07 20:48:00 - [TEST_STEP][PASSED] - navigateToUrl("https://www.mailinator.com/"): Navigate to 'https://www.mailinator.com/' successfully

2022-10-07 20:48:02 - [MESSAGE][PASSED] - Navigate to 'https://www.mailinator.com/' successfully

2022-10-07 20:48:02 - [TEST_STEP][PASSED] - delay(3): Delayed 3 second(s)

2022-10-07 20:48:05 - [MESSAGE][PASSED] - Delayed 3 second(s)

2022-10-07 20:48:05 - [TEST_STEP][PASSED] - setText(findTestObject("00-Signup and Activation/zMailinator/input_LOGIN_search"), "testuser02@mailinator.com"): Text 'testuser02@mailinator.com' is set on object 'Object Repository/00-Signup and Activation/zMailinator/input_LOGIN_search'

2022-10-07 20:48:06 - [MESSAGE][PASSED] - Text 'testuser02@mailinator.com' is set on object 'Object Repository/00-Signup and Activation/zMailinator/input_LOGIN_search'

2022-10-07 20:48:06 - [TEST_STEP][PASSED] - click(findTestObject("00-Signup and Activation/zMailinator/gobutton"), STOP_ON_FAILURE): Object: 'Object Repository/00-Signup and Activation/zMailinator/gobutton' is clicked on

2022-10-07 20:48:08 - [MESSAGE][PASSED] - Object: 'Object Repository/00-Signup and Activation/zMailinator/gobutton' is clicked on

2022-10-07 20:48:08 - [TEST_STEP][PASSED] - delay(3): Delayed 3 second(s)

2022-10-07 20:48:11 - [MESSAGE][PASSED] - Delayed 3 second(s)

2022-10-07 20:48:11 - [TEST_STEP][PASSED] - click(findTestObject("00-Signup and Activation/zMailinator/Email - everleagues")): Object: 'Object Repository/00-Signup and Activation/zMailinator/Email - everleagues' is clicked on

2022-10-07 20:48:11 - [MESSAGE][PASSED] - Object: 'Object Repository/00-Signup and Activation/zMailinator/Email - everleagues' is clicked on

2022-10-07 20:48:11 - [TEST_STEP][PASSED] - delay(3): Delayed 3 second(s)

2022-10-07 20:48:14 - [MESSAGE][PASSED] - Delayed 3 second(s)

2022-10-07 20:48:14 - [TEST_STEP][PASSED] - code = getText(findTestObject("Object Repository/06-Teams/For 2FA/2FA code")): Text of object 'Object Repository/06-Teams/For 2FA/2FA code' is: '176078'

2022-10-07 20:48:15 - [MESSAGE][PASSED] - Text of object 'Object Repository/06-Teams/For 2FA/2FA code' is: '176078'

2022-10-07 20:48:15 - [TEST_STEP][PASSED] - delay(3): Delayed 3 second(s)

2022-10-07 20:48:18 - [MESSAGE][PASSED] - Delayed 3 second(s)

2022-10-07 20:48:18 - [TEST_STEP][PASSED] - closeWindowTitle("Mailinator"): Window with title: 'Mailinator' is closed

2022-10-07 20:48:18 - [MESSAGE][PASSED] - Window with title: 'Mailinator' is closed

2022-10-07 20:48:18 - [TEST_STEP][PASSED] - delay(3): Delayed 3 second(s)

2022-10-07 20:48:21 - [MESSAGE][PASSED] - Delayed 3 second(s)

2022-10-07 20:48:21 - [TEST_STEP][PASSED] - switchToWindowIndex(0): Switched to window with index: '0'

2022-10-07 20:48:21 - [MESSAGE][PASSED] - Switched to window with index: '0'

2022-10-07 20:48:21 - [TEST_STEP][PASSED] - delay(3): Delayed 3 second(s)

2022-10-07 20:48:24 - [MESSAGE][PASSED] - Delayed 3 second(s)

2022-10-07 20:48:24 - [TEST_STEP][PASSED] - setText(findTestObject("Object Repository/06-Teams/For 2FA/input_Enter verification code_code"), code): Text '176078' is set on object 'Object Repository/06-Teams/For 2FA/input_Enter verification code_code'

2022-10-07 20:48:25 - [MESSAGE][PASSED] - Text '176078' is set on object 'Object Repository/06-Teams/For 2FA/input_Enter verification code_code'

2022-10-07 20:48:25 - [TEST_STEP][PASSED] - delay(3): Delayed 3 second(s)

2022-10-07 20:48:28 - [MESSAGE][PASSED] - Delayed 3 second(s)

2022-10-07 20:48:28 - [TEST_STEP][PASSED] - click(findTestObject("06-Teams/For 2FA/button_Verify_2FA")): Object: 'Object Repository/06-Teams/For 2FA/button_Verify_2FA' is clicked on

2022-10-07 20:48:28 - [MESSAGE][PASSED] - Object: 'Object Repository/06-Teams/For 2FA/button_Verify_2FA' is clicked on

2022-10-07 20:48:28 - [TEST_STEP][PASSED] - delay(5): Delayed 5 second(s)

2022-10-07 20:48:33 - [MESSAGE][PASSED] - Delayed 5 second(s)

2022-10-07 20:48:33 - [TEST_STEP][PASSED] - click(findTestObject("06-Teams/button_doublearrow")): Object: 'Object Repository/06-Teams/button_doublearrow' is clicked on

2022-10-07 20:48:34 - [MESSAGE][PASSED] - Object: 'Object Repository/06-Teams/button_doublearrow' is clicked on

2022-10-07 20:48:34 - [TEST_STEP][PASSED] - click(findTestObject("06-Teams/button_My Organizations")): Object: 'Object Repository/06-Teams/button_My Organizations' is clicked on

2022-10-07 20:48:34 - [MESSAGE][PASSED] - Object: 'Object Repository/06-Teams/button_My Organizations' is clicked on

2022-10-07 20:48:34 - [TEST_STEP][PASSED] - click(findTestObject("06-Teams/button_GG Automation")): Object: 'Object Repository/06-Teams/button_GG Automation' is clicked on

2022-10-07 20:48:35 - [MESSAGE][PASSED] - Object: 'Object Repository/06-Teams/button_GG Automation' is clicked on

2022-10-07 20:48:35 - [TEST_STEP][PASSED] - delay(4): Delayed 4 second(s)

2022-10-07 20:48:39 - [MESSAGE][PASSED] - Delayed 4 second(s)

2022-10-07 20:48:39 - [TEST_STEP][PASSED] - verifyElementVisible(findTestObject("06-Teams/span_GG Automation")): Object 'Object Repository/06-Teams/span_GG Automation' is visible

2022-10-07 20:48:39 - [MESSAGE][PASSED] - Object 'Object Repository/06-Teams/span_GG Automation' is visible

2022-10-07 20:48:39 - [TEST_STEP][PASSED] - delay(10): Delayed 10 second(s)

2022-10-07 20:48:49 - [MESSAGE][PASSED] - Delayed 10 second(s)

2022-10-07 20:48:49 - [TEST_STEP][PASSED] - click(findTestObject("03-Header Menu/Hamburger Button/div_Settings")): Object: 'Object Repository/03-Header Menu/Hamburger Button/div_Settings' is clicked on

2022-10-07 20:48:50 - [MESSAGE][PASSED] - Object: 'Object Repository/03-Header Menu/Hamburger Button/div_Settings' is clicked on

2022-10-07 20:48:50 - [TEST_STEP][PASSED] - delay(3): Delayed 3 second(s)

2022-10-07 20:48:53 - [MESSAGE][PASSED] - Delayed 3 second(s)

2022-10-07 20:48:53 - [TEST_STEP][PASSED] - click(findTestObject("09-Settings/Users/div_Users")): Object: 'Object Repository/09-Settings/Users/div_Users' is clicked on

2022-10-07 20:48:53 - [MESSAGE][PASSED] - Object: 'Object Repository/09-Settings/Users/div_Users' is clicked on

2022-10-07 20:48:53 - [TEST_STEP][PASSED] - delay(3): Delayed 3 second(s)

2022-10-07 20:48:56 - [MESSAGE][PASSED] - Delayed 3 second(s)

2022-10-07 20:48:56 - [TEST_STEP][PASSED] - click(findTestObject("09-Settings/Users/button_add")): Object: 'Object Repository/09-Settings/Users/button_add' is clicked on

2022-10-07 20:48:57 - [MESSAGE][PASSED] - Object: 'Object Repository/09-Settings/Users/button_add' is clicked on

2022-10-07 20:48:57 - [TEST_STEP][PASSED] - delay(3): Delayed 3 second(s)

2022-10-07 20:49:00 - [MESSAGE][PASSED] - Delayed 3 second(s)

2022-10-07 20:49:00 - [TEST_STEP][PASSED] - click(findTestObject("09-Settings/Users/add Invite a single user")): Object: 'Object Repository/09-Settings/Users/add Invite a single user' is clicked on

2022-10-07 20:49:00 - [MESSAGE][PASSED] - Object: 'Object Repository/09-Settings/Users/add Invite a single user' is clicked on

2022-10-07 20:49:00 - [TEST_STEP][PASSED] - delay(3): Delayed 3 second(s)

2022-10-07 20:49:03 - [MESSAGE][PASSED] - Delayed 3 second(s)

2022-10-07 20:49:03 - [TEST_STEP][PASSED] - setText(findTestObject("09-Settings/Users/input_email"), "autotester10@mailinator.com"): Text 'autotester10@mailinator.com' is set on object 'Object Repository/09-Settings/Users/input_email'

2022-10-07 20:49:04 - [MESSAGE][PASSED] - Text 'autotester10@mailinator.com' is set on object 'Object Repository/09-Settings/Users/input_email'

2022-10-07 20:49:04 - [TEST_STEP][PASSED] - setText(findTestObject("09-Settings/Users/input_firstName"), "GG"): Text 'GG' is set on object 'Object Repository/09-Settings/Users/input_firstName'

2022-10-07 20:49:05 - [MESSAGE][PASSED] - Text 'GG' is set on object 'Object Repository/09-Settings/Users/input_firstName'

2022-10-07 20:49:05 - [TEST_STEP][PASSED] - setText(findTestObject("09-Settings/Users/input_lastName"), "Partner"): Text 'Partner' is set on object 'Object Repository/09-Settings/Users/input_lastName'

2022-10-07 20:49:06 - [MESSAGE][PASSED] - Text 'Partner' is set on object 'Object Repository/09-Settings/Users/input_lastName'

2022-10-07 20:49:06 - [TEST_STEP][PASSED] - click(findTestObject("09-Settings/Users/span_Role")): Object: 'Object Repository/09-Settings/Users/span_Role' is clicked on

2022-10-07 20:49:06 - [MESSAGE][PASSED] - Object: 'Object Repository/09-Settings/Users/span_Role' is clicked on

2022-10-07 20:49:06 - [TEST_STEP][PASSED] - click(findTestObject("09-Settings/Users/span_Partner")): Object: 'Object Repository/09-Settings/Users/span_Partner' is clicked on

2022-10-07 20:49:07 - [MESSAGE][PASSED] - Object: 'Object Repository/09-Settings/Users/span_Partner' is clicked on

2022-10-07 20:49:07 - [TEST_STEP][PASSED] - click(findTestObject("09-Settings/Users/button_Send Invitation")): Object: 'Object Repository/09-Settings/Users/button_Send Invitation' is clicked on

2022-10-07 20:49:08 - [MESSAGE][PASSED] - Object: 'Object Repository/09-Settings/Users/button_Send Invitation' is clicked on

2022-10-07 20:49:08 - [TEST_STEP][PASSED] - delay(2): Delayed 2 second(s)

2022-10-07 20:49:10 - [MESSAGE][PASSED] - Delayed 2 second(s)

2022-10-07 20:49:10 - [TEST_STEP][PASSED] - verifyElementVisible(findTestObject("07-Directory/Connections/zContact Profile/Successfully invited user")): Object 'Object Repository/07-Directory/Connections/zContact Profile/Successfully invited user' is visible

2022-10-07 20:49:10 - [MESSAGE][PASSED] - Object 'Object Repository/07-Directory/Connections/zContact Profile/Successfully invited user' is visible

2022-10-07 20:49:10 - [TEST_STEP][PASSED] - delay(2): Delayed 2 second(s)

2022-10-07 20:49:12 - [MESSAGE][PASSED] - Delayed 2 second(s)

2022-10-07 20:49:12 - [TEST_STEP][PASSED] - click(findTestObject("01-Login and Forgot Password/User menu drop")): Object: 'Object Repository/01-Login and Forgot Password/User menu drop' is clicked on

2022-10-07 20:49:13 - [MESSAGE][PASSED] - Object: 'Object Repository/01-Login and Forgot Password/User menu drop' is clicked on

2022-10-07 20:49:13 - [TEST_STEP][PASSED] - delay(2): Delayed 2 second(s)

2022-10-07 20:49:15 - [MESSAGE][PASSED] - Delayed 2 second(s)

2022-10-07 20:49:15 - [TEST_STEP][PASSED] - click(findTestObject("01-Login and Forgot Password/h4_Sign Out"), STOP_ON_FAILURE): Object: 'Object Repository/01-Login and Forgot Password/h4_Sign Out' is clicked on

2022-10-07 20:49:15 - [MESSAGE][PASSED] - Object: 'Object Repository/01-Login and Forgot Password/h4_Sign Out' is clicked on

2022-10-07 20:49:15 - [TEST_STEP][PASSED] - delay(2): Delayed 2 second(s)

2022-10-07 20:49:17 - [MESSAGE][PASSED] - Delayed 2 second(s)

2022-10-07 20:49:17 - [TEST_STEP][PASSED] - verifyElementPresent(findTestObject("01-Login and Forgot Password/Login_Card"), 0): Object 'Object Repository/01-Login and Forgot Password/Login_Card' is present

2022-10-07 20:49:17 - [MESSAGE][WARNING] - Timeout '0' is invalid. Using default page load timeout: '30'

2022-10-07 20:49:18 - [MESSAGE][PASSED] - Object 'Object Repository/01-Login and Forgot Password/Login_Card' is present

2022-10-07 20:49:18 - [TEST_STEP][PASSED] - delay(3): Delayed 3 second(s)

2022-10-07 20:49:21 - [MESSAGE][PASSED] - Delayed 3 second(s)

2022-10-07 20:49:21 - [TEST_STEP][PASSED] - closeBrowser(): Browser is closed

2022-10-07 20:49:21 - [MESSAGE][PASSED] - Browser is closed

2022-10-07 20:49:21 - [TEST_STEP][PASSED] - openBrowser(""): Browser is opened with url: ''

2022-10-07 20:49:21 - [MESSAGE][INFO] - Starting 'Chrome' driver

2022-10-07 20:49:21 - [MESSAGE][INFO] - Action delay is set to 0 milliseconds

2022-10-07 20:49:23 - [MESSAGE][PASSED] - Browser is opened with url: ''

2022-10-07 20:49:23 - [TEST_STEP][PASSED] - navigateToUrl("https://lab.everleagues.com/"): Navigate to 'https://lab.everleagues.com/' successfully

2022-10-07 20:49:56 - [MESSAGE][PASSED] - Navigate to 'https://lab.everleagues.com/' successfully

2022-10-07 20:49:56 - [TEST_STEP][PASSED] - maximizeWindow(): Current window maximized

2022-10-07 20:49:56 - [MESSAGE][PASSED] - Current window maximized

2022-10-07 20:49:56 - [TEST_STEP][PASSED] - setText(findTestObject("02-Side Icons(Organization)/Add Contact/Email Field"), "autotester10@mailinator.com"): Text 'autotester10@mailinator.com' is set on object 'Object Repository/02-Side Icons(Organization)/Add Contact/Email Field'

2022-10-07 20:49:58 - [MESSAGE][PASSED] - Text 'autotester10@mailinator.com' is set on object 'Object Repository/02-Side Icons(Organization)/Add Contact/Email Field'

2022-10-07 20:49:58 - [TEST_STEP][PASSED] - setEncryptedText(findTestObject("02-Side Icons(Organization)/Add Contact/Password Field"), "8yFRyszE6U6jvsCn51OQbg=="): Text ****** has been set on object 'Object Repository/02-Side Icons(Organization)/Add Contact/Password Field'

2022-10-07 20:49:58 - [MESSAGE][PASSED] - Text ****** has been set on object 'Object Repository/02-Side Icons(Organization)/Add Contact/Password Field'

2022-10-07 20:49:58 - [TEST_STEP][PASSED] - click(findTestObject("02-Side Icons(Organization)/Add Contact/button_Sign in")): Object: 'Object Repository/02-Side Icons(Organization)/Add Contact/button_Sign in' is clicked on

2022-10-07 20:49:59 - [MESSAGE][PASSED] - Object: 'Object Repository/02-Side Icons(Organization)/Add Contact/button_Sign in' is clicked on

2022-10-07 20:49:59 - [TEST_STEP][PASSED] - delay(2): Delayed 2 second(s)

2022-10-07 20:50:01 - [MESSAGE][PASSED] - Delayed 2 second(s)

2022-10-07 20:50:01 - [TEST_STEP][PASSED] - click(findTestObject("06-Teams/For 2FA/button_Confirm_2FA")): Object: 'Object Repository/06-Teams/For 2FA/button_Confirm_2FA' is clicked on

2022-10-07 20:50:01 - [MESSAGE][PASSED] - Object: 'Object Repository/06-Teams/For 2FA/button_Confirm_2FA' is clicked on

2022-10-07 20:50:01 - [TEST_STEP][PASSED] - executeJavaScript("window.open();", []): Execute JavaScript 'window.open();' successfully

2022-10-07 20:50:01 - [MESSAGE][PASSED] - Execute JavaScript 'window.open();' successfully

2022-10-07 20:50:01 - [TEST_STEP][PASSED] - currentWindow = getWindowIndex(): Current window's index is: 0

2022-10-07 20:50:01 - [MESSAGE][PASSED] - Current window's index is: 0

2022-10-07 20:50:01 - [TEST_STEP][PASSED] - delay(3): Delayed 3 second(s)

2022-10-07 20:50:04 - [MESSAGE][PASSED] - Delayed 3 second(s)

2022-10-07 20:50:04 - [TEST_STEP][PASSED] - switchToWindowIndex(currentWindow + 1): Switched to window with index: '1'

2022-10-07 20:50:04 - [MESSAGE][PASSED] - Switched to window with index: '1'

2022-10-07 20:50:04 - [TEST_STEP][PASSED] - navigateToUrl("https://www.mailinator.com/"): Navigate to 'https://www.mailinator.com/' successfully

2022-10-07 20:50:06 - [MESSAGE][PASSED] - Navigate to 'https://www.mailinator.com/' successfully

2022-10-07 20:50:06 - [TEST_STEP][PASSED] - delay(3): Delayed 3 second(s)

2022-10-07 20:50:10 - [MESSAGE][PASSED] - Delayed 3 second(s)

2022-10-07 20:50:10 - [TEST_STEP][PASSED] - setText(findTestObject("00-Signup and Activation/zMailinator/input_LOGIN_search"), "autotester10@mailinator.com"): Text 'autotester10@mailinator.com' is set on object 'Object Repository/00-Signup and Activation/zMailinator/input_LOGIN_search'

2022-10-07 20:50:10 - [MESSAGE][PASSED] - Text 'autotester10@mailinator.com' is set on object 'Object Repository/00-Signup and Activation/zMailinator/input_LOGIN_search'

2022-10-07 20:50:10 - [TEST_STEP][PASSED] - click(findTestObject("00-Signup and Activation/zMailinator/gobutton"), STOP_ON_FAILURE): Object: 'Object Repository/00-Signup and Activation/zMailinator/gobutton' is clicked on

2022-10-07 20:50:12 - [MESSAGE][PASSED] - Object: 'Object Repository/00-Signup and Activation/zMailinator/gobutton' is clicked on

2022-10-07 20:50:12 - [TEST_STEP][PASSED] - delay(3): Delayed 3 second(s)

2022-10-07 20:50:15 - [MESSAGE][PASSED] - Delayed 3 second(s)

2022-10-07 20:50:15 - [TEST_STEP][PASSED] - click(findTestObject("00-Signup and Activation/zMailinator/Email - everleagues")): Object: 'Object Repository/00-Signup and Activation/zMailinator/Email - everleagues' is clicked on

2022-10-07 20:50:15 - [MESSAGE][PASSED] - Object: 'Object Repository/00-Signup and Activation/zMailinator/Email - everleagues' is clicked on

2022-10-07 20:50:15 - [TEST_STEP][PASSED] - delay(3): Delayed 3 second(s)

2022-10-07 20:50:18 - [MESSAGE][PASSED] - Delayed 3 second(s)

2022-10-07 20:50:18 - [TEST_STEP][PASSED] - codetwo = getText(findTestObject("Object Repository/06-Teams/For 2FA/2FA code")): Text of object 'Object Repository/06-Teams/For 2FA/2FA code' is: '358483'

2022-10-07 20:50:19 - [MESSAGE][PASSED] - Text of object 'Object Repository/06-Teams/For 2FA/2FA code' is: '358483'

2022-10-07 20:50:19 - [TEST_STEP][PASSED] - delay(3): Delayed 3 second(s)

2022-10-07 20:50:22 - [MESSAGE][PASSED] - Delayed 3 second(s)

2022-10-07 20:50:22 - [TEST_STEP][PASSED] - closeWindowTitle("Mailinator"): Window with title: 'Mailinator' is closed

2022-10-07 20:50:22 - [MESSAGE][PASSED] - Window with title: 'Mailinator' is closed

2022-10-07 20:50:22 - [TEST_STEP][PASSED] - delay(3): Delayed 3 second(s)

2022-10-07 20:50:25 - [MESSAGE][PASSED] - Delayed 3 second(s)

2022-10-07 20:50:25 - [TEST_STEP][PASSED] - switchToWindowIndex(0): Switched to window with index: '0'

2022-10-07 20:50:25 - [MESSAGE][PASSED] - Switched to window with index: '0'

2022-10-07 20:50:25 - [TEST_STEP][PASSED] - delay(3): Delayed 3 second(s)

2022-10-07 20:50:28 - [MESSAGE][PASSED] - Delayed 3 second(s)

2022-10-07 20:50:28 - [TEST_STEP][PASSED] - setText(findTestObject("Object Repository/06-Teams/For 2FA/input_Enter verification code_code"), codetwo): Text '358483' is set on object 'Object Repository/06-Teams/For 2FA/input_Enter verification code_code'

2022-10-07 20:50:29 - [MESSAGE][PASSED] - Text '358483' is set on object 'Object Repository/06-Teams/For 2FA/input_Enter verification code_code'

2022-10-07 20:50:29 - [TEST_STEP][PASSED] - delay(3): Delayed 3 second(s)

2022-10-07 20:50:32 - [MESSAGE][PASSED] - Delayed 3 second(s)

2022-10-07 20:50:32 - [TEST_STEP][PASSED] - click(findTestObject("06-Teams/For 2FA/button_Verify_2FA")): Object: 'Object Repository/06-Teams/For 2FA/button_Verify_2FA' is clicked on

2022-10-07 20:50:32 - [MESSAGE][PASSED] - Object: 'Object Repository/06-Teams/For 2FA/button_Verify_2FA' is clicked on

2022-10-07 20:50:32 - [TEST_STEP][PASSED] - delay(5): Delayed 5 second(s)

2022-10-07 20:50:37 - [MESSAGE][PASSED] - Delayed 5 second(s)

2022-10-07 20:50:37 - [TEST_STEP][PASSED] - executeJavaScript("window.open();", []): Execute JavaScript 'window.open();' successfully

2022-10-07 20:50:37 - [MESSAGE][PASSED] - Execute JavaScript 'window.open();' successfully

2022-10-07 20:50:37 - [TEST_STEP][PASSED] - currentWindow = getWindowIndex(): Current window's index is: 0

2022-10-07 20:50:37 - [MESSAGE][PASSED] - Current window's index is: 0

2022-10-07 20:50:37 - [TEST_STEP][PASSED] - delay(3): Delayed 3 second(s)

2022-10-07 20:50:40 - [MESSAGE][PASSED] - Delayed 3 second(s)

2022-10-07 20:50:40 - [TEST_STEP][PASSED] - switchToWindowIndex(currentWindow + 1): Switched to window with index: '1'

2022-10-07 20:50:40 - [MESSAGE][PASSED] - Switched to window with index: '1'

2022-10-07 20:50:40 - [TEST_STEP][PASSED] - navigateToUrl("https://www.mailinator.com/"): Navigate to 'https://www.mailinator.com/' successfully

2022-10-07 20:50:41 - [MESSAGE][PASSED] - Navigate to 'https://www.mailinator.com/' successfully

2022-10-07 20:50:41 - [TEST_STEP][PASSED] - delay(3): Delayed 3 second(s)

2022-10-07 20:50:44 - [MESSAGE][PASSED] - Delayed 3 second(s)

2022-10-07 20:50:44 - [TEST_STEP][PASSED] - setText(findTestObject("00-Signup and Activation/zMailinator/input_LOGIN_search"), "autotester10@mailinator.com"): Text 'autotester10@mailinator.com' is set on object 'Object Repository/00-Signup and Activation/zMailinator/input_LOGIN_search'

2022-10-07 20:50:45 - [MESSAGE][PASSED] - Text 'autotester10@mailinator.com' is set on object 'Object Repository/00-Signup and Activation/zMailinator/input_LOGIN_search'

2022-10-07 20:50:45 - [TEST_STEP][PASSED] - click(findTestObject("00-Signup and Activation/zMailinator/gobutton"), STOP_ON_FAILURE): Object: 'Object Repository/00-Signup and Activation/zMailinator/gobutton' is clicked on

2022-10-07 20:50:46 - [MESSAGE][PASSED] - Object: 'Object Repository/00-Signup and Activation/zMailinator/gobutton' is clicked on

2022-10-07 20:50:46 - [TEST_STEP][PASSED] - delay(3): Delayed 3 second(s)

2022-10-07 20:50:49 - [MESSAGE][PASSED] - Delayed 3 second(s)

2022-10-07 20:50:49 - [TEST_STEP][PASSED] - closeWindowTitle("Everleagues"): Window with title: 'Everleagues' is closed

2022-10-07 20:50:49 - [MESSAGE][PASSED] - Window with title: 'Everleagues' is closed

2022-10-07 20:50:49 - [TEST_STEP][PASSED] - switchToWindowIndex(0): Switched to window with index: '0'

2022-10-07 20:50:49 - [MESSAGE][PASSED] - Switched to window with index: '0'

2022-10-07 20:50:49 - [TEST_STEP][PASSED] - click(findTestObject("09-Settings/Users/Co worker/td_Invitation from GG Automation")): Object: 'Object Repository/09-Settings/Users/Co worker/td_Invitation from GG Automation' is clicked on

2022-10-07 20:50:49 - [MESSAGE][PASSED] - Object: 'Object Repository/09-Settings/Users/Co worker/td_Invitation from GG Automation' is clicked on

2022-10-07 20:50:49 - [TEST_STEP][PASSED] - click(findTestObject("09-Settings/Users/Co worker/a_Click here to join GG Automation on EverLeagues")): Object: 'Object Repository/09-Settings/Users/Co worker/a_Click here to join GG Automation on EverLeagues' is clicked on

2022-10-07 20:50:50 - [MESSAGE][PASSED] - Object: 'Object Repository/09-Settings/Users/Co worker/a_Click here to join GG Automation on EverLeagues' is clicked on

2022-10-07 20:50:50 - [TEST_STEP][PASSED] - closeWindowTitle("Mailinator"): Window with title: 'Mailinator' is closed

2022-10-07 20:50:51 - [MESSAGE][PASSED] - Window with title: 'Mailinator' is closed

2022-10-07 20:50:51 - [TEST_STEP][PASSED] - switchToWindowIndex(0): Switched to window with index: '0'

2022-10-07 20:50:51 - [MESSAGE][PASSED] - Switched to window with index: '0'

2022-10-07 20:50:51 - [TEST_STEP][PASSED] - verifyElementVisible(findTestObject("09-Settings/Users/Client/Invite modal")): Object 'Object Repository/09-Settings/Users/Client/Invite modal' is visible

2022-10-07 20:50:57 - [MESSAGE][PASSED] - Object 'Object Repository/09-Settings/Users/Client/Invite modal' is visible

2022-10-07 20:50:57 - [TEST_STEP][PASSED] - setText(findTestObject("09-Settings/Users/Client/Company field"), "QA Company"): Text 'QA Company' is set on object 'Object Repository/09-Settings/Users/Client/Company field'

2022-10-07 20:50:57 - [MESSAGE][PASSED] - Text 'QA Company' is set on object 'Object Repository/09-Settings/Users/Client/Company field'

2022-10-07 20:50:57 - [TEST_STEP][PASSED] - click(findTestObject("09-Settings/Users/Client/button_Accept")): Object: 'Object Repository/09-Settings/Users/Client/button_Accept' is clicked on

2022-10-07 20:50:58 - [MESSAGE][PASSED] - Object: 'Object Repository/09-Settings/Users/Client/button_Accept' is clicked on

2022-10-07 20:50:58 - [TEST_STEP][PASSED] - delay(10): Delayed 10 second(s)

2022-10-07 20:51:08 - [MESSAGE][PASSED] - Delayed 10 second(s)

2022-10-07 20:51:08 - [TEST_STEP][PASSED] - verifyElementVisible(findTestObject("09-Settings/Users/div_Joined as Partner")): Object 'Object Repository/09-Settings/Users/div_Joined as Partner' is visible

2022-10-07 20:51:08 - [MESSAGE][PASSED] - Object 'Object Repository/09-Settings/Users/div_Joined as Partner' is visible

2022-10-07 20:51:08 - [TEST_STEP][PASSED] - delay(3): Delayed 3 second(s)

2022-10-07 20:51:11 - [MESSAGE][PASSED] - Delayed 3 second(s)

2022-10-07 20:51:11 - [TEST_STEP][PASSED] - closeBrowser(): Browser is closed

2022-10-07 20:51:12 - [MESSAGE][PASSED] - Browser is closed]]></system-out>
         <system-err><![CDATA[]]></system-err>
      </testcase>
      <testcase name="Test Cases/09-Settings/05 - Users (Invite batch of users via CSV file)" time="159.304" classname="Test Cases/09-Settings/05 - Users (Invite batch of users via CSV file)" status="FAILED">
         <failure type="FAILED" message="Test Cases/09-Settings/05 - Users (Invite batch of users via CSV file) FAILED.
Reason:
com.kms.katalon.core.exception.StepFailedException: Unable to verify object 'Object Repository/09-Settings/Users/CSV Invite/div_Partner' is visible
	at com.kms.katalon.core.webui.keyword.internal.WebUIKeywordMain.stepFailed(WebUIKeywordMain.groovy:64)
	at com.kms.katalon.core.webui.keyword.internal.WebUIKeywordMain.runKeyword(WebUIKeywordMain.groovy:26)
	at com.kms.katalon.core.webui.keyword.builtin.VerifyElementVisibleKeyword.verifyElementVisible(VerifyElementVisibleKeyword.groovy:97)
	at com.kms.katalon.core.webui.keyword.builtin.VerifyElementVisibleKeyword.execute(VerifyElementVisibleKeyword.groovy:67)
	at com.kms.katalon.core.keyword.internal.KeywordExecutor.executeKeywordForPlatform(KeywordExecutor.groovy:74)
	at com.kms.katalon.core.webui.keyword.WebUiBuiltInKeywords.verifyElementVisible(WebUiBuiltInKeywords.groovy:376)
	at com.kms.katalon.core.webui.keyword.WebUiBuiltInKeywords$verifyElementVisible$11.call(Unknown Source)
	at 05 - Users (Invite batch of users via CSV file).run(05 - Users (Invite batch of users via CSV file):133)
	at com.kms.katalon.core.main.ScriptEngine.run(ScriptEngine.java:194)
	at com.kms.katalon.core.main.ScriptEngine.runScriptAsRawText(ScriptEngine.java:119)
	at com.kms.katalon.core.main.TestCaseExecutor.runScript(TestCaseExecutor.java:448)
	at com.kms.katalon.core.main.TestCaseExecutor.doExecute(TestCaseExecutor.java:439)
	at com.kms.katalon.core.main.TestCaseExecutor.processExecutionPhase(TestCaseExecutor.java:418)
	at com.kms.katalon.core.main.TestCaseExecutor.accessMainPhase(TestCaseExecutor.java:410)
	at com.kms.katalon.core.main.TestCaseExecutor.execute(TestCaseExecutor.java:285)
	at com.kms.katalon.core.common.CommonExecutor.accessTestCaseMainPhase(CommonExecutor.java:65)
	at com.kms.katalon.core.main.TestSuiteExecutor.accessTestSuiteMainPhase(TestSuiteExecutor.java:144)
	at com.kms.katalon.core.main.TestSuiteExecutor.execute(TestSuiteExecutor.java:106)
	at com.kms.katalon.core.main.TestCaseMain.startTestSuite(TestCaseMain.java:185)
	at com.kms.katalon.core.main.TestCaseMain$startTestSuite$0.call(Unknown Source)
	at TempTestSuite1665146041121.run(TempTestSuite1665146041121.groovy:36)
Caused by: com.kms.katalon.core.exception.StepFailedException: Web element with id: 'Object Repository/09-Settings/Users/CSV Invite/div_Partner' located by '//div[@class = 'td-data-table-cell-content-wrapper' and (text() = 'Partner' or . = 'Partner')]' not found
	at com.kms.katalon.core.webui.keyword.internal.WebUIKeywordMain.stepFailed(WebUIKeywordMain.groovy:64)
	at com.kms.katalon.core.webui.keyword.builtin.VerifyElementVisibleKeyword$_verifyElementVisible_closure1.doCall(VerifyElementVisibleKeyword.groovy:89)
	at com.kms.katalon.core.webui.keyword.builtin.VerifyElementVisibleKeyword$_verifyElementVisible_closure1.call(VerifyElementVisibleKeyword.groovy)
	at com.kms.katalon.core.webui.keyword.internal.WebUIKeywordMain.runKeyword(WebUIKeywordMain.groovy:20)
	... 19 more
"/>
         <system-out><![CDATA[2022-10-07 20:51:12 - [TEST_CASE][FAILED] - Test Cases/09-Settings/05 - Users (Invite batch of users via CSV file): Test Cases/09-Settings/05 - Users (Invite batch of users via CSV file) FAILED.
Reason:
com.kms.katalon.core.exception.StepFailedException: Unable to verify object 'Object Repository/09-Settings/Users/CSV Invite/div_Partner' is visible
	at com.kms.katalon.core.webui.keyword.internal.WebUIKeywordMain.stepFailed(WebUIKeywordMain.groovy:64)
	at com.kms.katalon.core.webui.keyword.internal.WebUIKeywordMain.runKeyword(WebUIKeywordMain.groovy:26)
	at com.kms.katalon.core.webui.keyword.builtin.VerifyElementVisibleKeyword.verifyElementVisible(VerifyElementVisibleKeyword.groovy:97)
	at com.kms.katalon.core.webui.keyword.builtin.VerifyElementVisibleKeyword.execute(VerifyElementVisibleKeyword.groovy:67)
	at com.kms.katalon.core.keyword.internal.KeywordExecutor.executeKeywordForPlatform(KeywordExecutor.groovy:74)
	at com.kms.katalon.core.webui.keyword.WebUiBuiltInKeywords.verifyElementVisible(WebUiBuiltInKeywords.groovy:376)
	at com.kms.katalon.core.webui.keyword.WebUiBuiltInKeywords$verifyElementVisible$11.call(Unknown Source)
	at 05 - Users (Invite batch of users via CSV file).run(05 - Users (Invite batch of users via CSV file):133)
	at com.kms.katalon.core.main.ScriptEngine.run(ScriptEngine.java:194)
	at com.kms.katalon.core.main.ScriptEngine.runScriptAsRawText(ScriptEngine.java:119)
	at com.kms.katalon.core.main.TestCaseExecutor.runScript(TestCaseExecutor.java:448)
	at com.kms.katalon.core.main.TestCaseExecutor.doExecute(TestCaseExecutor.java:439)
	at com.kms.katalon.core.main.TestCaseExecutor.processExecutionPhase(TestCaseExecutor.java:418)
	at com.kms.katalon.core.main.TestCaseExecutor.accessMainPhase(TestCaseExecutor.java:410)
	at com.kms.katalon.core.main.TestCaseExecutor.execute(TestCaseExecutor.java:285)
	at com.kms.katalon.core.common.CommonExecutor.accessTestCaseMainPhase(CommonExecutor.java:65)
	at com.kms.katalon.core.main.TestSuiteExecutor.accessTestSuiteMainPhase(TestSuiteExecutor.java:144)
	at com.kms.katalon.core.main.TestSuiteExecutor.execute(TestSuiteExecutor.java:106)
	at com.kms.katalon.core.main.TestCaseMain.startTestSuite(TestCaseMain.java:185)
	at com.kms.katalon.core.main.TestCaseMain$startTestSuite$0.call(Unknown Source)
	at TempTestSuite1665146041121.run(TempTestSuite1665146041121.groovy:36)
Caused by: com.kms.katalon.core.exception.StepFailedException: Web element with id: 'Object Repository/09-Settings/Users/CSV Invite/div_Partner' located by '//div[@class = 'td-data-table-cell-content-wrapper' and (text() = 'Partner' or . = 'Partner')]' not found
	at com.kms.katalon.core.webui.keyword.internal.WebUIKeywordMain.stepFailed(WebUIKeywordMain.groovy:64)
	at com.kms.katalon.core.webui.keyword.builtin.VerifyElementVisibleKeyword$_verifyElementVisible_closure1.doCall(VerifyElementVisibleKeyword.groovy:89)
	at com.kms.katalon.core.webui.keyword.builtin.VerifyElementVisibleKeyword$_verifyElementVisible_closure1.call(VerifyElementVisibleKeyword.groovy)
	at com.kms.katalon.core.webui.keyword.internal.WebUIKeywordMain.runKeyword(WebUIKeywordMain.groovy:20)
	... 19 more


2022-10-07 20:51:12 - [TEST_STEP][PASSED] - openBrowser(""): Browser is opened with url: ''

2022-10-07 20:51:12 - [MESSAGE][INFO] - Starting 'Chrome' driver

2022-10-07 20:51:12 - [MESSAGE][INFO] - Action delay is set to 0 milliseconds

2022-10-07 20:51:13 - [MESSAGE][PASSED] - Browser is opened with url: ''

2022-10-07 20:51:13 - [TEST_STEP][PASSED] - navigateToUrl("https://lab.everleagues.com/"): Navigate to 'https://lab.everleagues.com/' successfully

2022-10-07 20:51:48 - [MESSAGE][PASSED] - Navigate to 'https://lab.everleagues.com/' successfully

2022-10-07 20:51:48 - [TEST_STEP][PASSED] - maximizeWindow(): Current window maximized

2022-10-07 20:51:48 - [MESSAGE][PASSED] - Current window maximized

2022-10-07 20:51:48 - [TEST_STEP][PASSED] - setText(findTestObject("02-Side Icons(Organization)/Add Contact/Email Field"), "testuser02@mailinator.com"): Text 'testuser02@mailinator.com' is set on object 'Object Repository/02-Side Icons(Organization)/Add Contact/Email Field'

2022-10-07 20:51:49 - [MESSAGE][PASSED] - Text 'testuser02@mailinator.com' is set on object 'Object Repository/02-Side Icons(Organization)/Add Contact/Email Field'

2022-10-07 20:51:49 - [TEST_STEP][PASSED] - setEncryptedText(findTestObject("02-Side Icons(Organization)/Add Contact/Password Field"), "8yFRyszE6U6jvsCn51OQbg=="): Text ****** has been set on object 'Object Repository/02-Side Icons(Organization)/Add Contact/Password Field'

2022-10-07 20:51:50 - [MESSAGE][PASSED] - Text ****** has been set on object 'Object Repository/02-Side Icons(Organization)/Add Contact/Password Field'

2022-10-07 20:51:50 - [TEST_STEP][PASSED] - click(findTestObject("02-Side Icons(Organization)/Add Contact/button_Sign in")): Object: 'Object Repository/02-Side Icons(Organization)/Add Contact/button_Sign in' is clicked on

2022-10-07 20:51:51 - [MESSAGE][PASSED] - Object: 'Object Repository/02-Side Icons(Organization)/Add Contact/button_Sign in' is clicked on

2022-10-07 20:51:51 - [TEST_STEP][PASSED] - delay(2): Delayed 2 second(s)

2022-10-07 20:51:53 - [MESSAGE][PASSED] - Delayed 2 second(s)

2022-10-07 20:51:53 - [TEST_STEP][PASSED] - click(findTestObject("06-Teams/For 2FA/button_Confirm_2FA")): Object: 'Object Repository/06-Teams/For 2FA/button_Confirm_2FA' is clicked on

2022-10-07 20:51:53 - [MESSAGE][PASSED] - Object: 'Object Repository/06-Teams/For 2FA/button_Confirm_2FA' is clicked on

2022-10-07 20:51:53 - [TEST_STEP][PASSED] - executeJavaScript("window.open();", []): Execute JavaScript 'window.open();' successfully

2022-10-07 20:51:53 - [MESSAGE][PASSED] - Execute JavaScript 'window.open();' successfully

2022-10-07 20:51:53 - [TEST_STEP][PASSED] - currentWindow = getWindowIndex(): Current window's index is: 0

2022-10-07 20:51:53 - [MESSAGE][PASSED] - Current window's index is: 0

2022-10-07 20:51:53 - [TEST_STEP][PASSED] - delay(3): Delayed 3 second(s)

2022-10-07 20:51:56 - [MESSAGE][PASSED] - Delayed 3 second(s)

2022-10-07 20:51:56 - [TEST_STEP][PASSED] - switchToWindowIndex(currentWindow + 1): Switched to window with index: '1'

2022-10-07 20:51:56 - [MESSAGE][PASSED] - Switched to window with index: '1'

2022-10-07 20:51:56 - [TEST_STEP][PASSED] - navigateToUrl("https://www.mailinator.com/"): Navigate to 'https://www.mailinator.com/' successfully

2022-10-07 20:51:58 - [MESSAGE][PASSED] - Navigate to 'https://www.mailinator.com/' successfully

2022-10-07 20:51:58 - [TEST_STEP][PASSED] - delay(3): Delayed 3 second(s)

2022-10-07 20:52:01 - [MESSAGE][PASSED] - Delayed 3 second(s)

2022-10-07 20:52:01 - [TEST_STEP][PASSED] - setText(findTestObject("00-Signup and Activation/zMailinator/input_LOGIN_search"), "testuser02@mailinator.com"): Text 'testuser02@mailinator.com' is set on object 'Object Repository/00-Signup and Activation/zMailinator/input_LOGIN_search'

2022-10-07 20:52:02 - [MESSAGE][PASSED] - Text 'testuser02@mailinator.com' is set on object 'Object Repository/00-Signup and Activation/zMailinator/input_LOGIN_search'

2022-10-07 20:52:02 - [TEST_STEP][PASSED] - click(findTestObject("00-Signup and Activation/zMailinator/gobutton"), STOP_ON_FAILURE): Object: 'Object Repository/00-Signup and Activation/zMailinator/gobutton' is clicked on

2022-10-07 20:52:03 - [MESSAGE][PASSED] - Object: 'Object Repository/00-Signup and Activation/zMailinator/gobutton' is clicked on

2022-10-07 20:52:03 - [TEST_STEP][PASSED] - delay(3): Delayed 3 second(s)

2022-10-07 20:52:06 - [MESSAGE][PASSED] - Delayed 3 second(s)

2022-10-07 20:52:06 - [TEST_STEP][PASSED] - click(findTestObject("00-Signup and Activation/zMailinator/Email - everleagues")): Object: 'Object Repository/00-Signup and Activation/zMailinator/Email - everleagues' is clicked on

2022-10-07 20:52:07 - [MESSAGE][PASSED] - Object: 'Object Repository/00-Signup and Activation/zMailinator/Email - everleagues' is clicked on

2022-10-07 20:52:07 - [TEST_STEP][PASSED] - delay(3): Delayed 3 second(s)

2022-10-07 20:52:10 - [MESSAGE][PASSED] - Delayed 3 second(s)

2022-10-07 20:52:10 - [TEST_STEP][PASSED] - code = getText(findTestObject("Object Repository/06-Teams/For 2FA/2FA code")): Text of object 'Object Repository/06-Teams/For 2FA/2FA code' is: '744551'

2022-10-07 20:52:10 - [MESSAGE][PASSED] - Text of object 'Object Repository/06-Teams/For 2FA/2FA code' is: '744551'

2022-10-07 20:52:10 - [TEST_STEP][PASSED] - delay(3): Delayed 3 second(s)

2022-10-07 20:52:13 - [MESSAGE][PASSED] - Delayed 3 second(s)

2022-10-07 20:52:13 - [TEST_STEP][PASSED] - closeWindowTitle("Mailinator"): Window with title: 'Mailinator' is closed

2022-10-07 20:52:13 - [MESSAGE][PASSED] - Window with title: 'Mailinator' is closed

2022-10-07 20:52:13 - [TEST_STEP][PASSED] - delay(3): Delayed 3 second(s)

2022-10-07 20:52:16 - [MESSAGE][PASSED] - Delayed 3 second(s)

2022-10-07 20:52:16 - [TEST_STEP][PASSED] - switchToWindowIndex(0): Switched to window with index: '0'

2022-10-07 20:52:16 - [MESSAGE][PASSED] - Switched to window with index: '0'

2022-10-07 20:52:16 - [TEST_STEP][PASSED] - delay(3): Delayed 3 second(s)

2022-10-07 20:52:19 - [MESSAGE][PASSED] - Delayed 3 second(s)

2022-10-07 20:52:19 - [TEST_STEP][PASSED] - setText(findTestObject("Object Repository/06-Teams/For 2FA/input_Enter verification code_code"), code): Text '744551' is set on object 'Object Repository/06-Teams/For 2FA/input_Enter verification code_code'

2022-10-07 20:52:20 - [MESSAGE][PASSED] - Text '744551' is set on object 'Object Repository/06-Teams/For 2FA/input_Enter verification code_code'

2022-10-07 20:52:20 - [TEST_STEP][PASSED] - delay(3): Delayed 3 second(s)

2022-10-07 20:52:23 - [MESSAGE][PASSED] - Delayed 3 second(s)

2022-10-07 20:52:23 - [TEST_STEP][PASSED] - click(findTestObject("06-Teams/For 2FA/button_Verify_2FA")): Object: 'Object Repository/06-Teams/For 2FA/button_Verify_2FA' is clicked on

2022-10-07 20:52:24 - [MESSAGE][PASSED] - Object: 'Object Repository/06-Teams/For 2FA/button_Verify_2FA' is clicked on

2022-10-07 20:52:24 - [TEST_STEP][PASSED] - delay(5): Delayed 5 second(s)

2022-10-07 20:52:29 - [MESSAGE][PASSED] - Delayed 5 second(s)

2022-10-07 20:52:29 - [TEST_STEP][PASSED] - click(findTestObject("06-Teams/button_doublearrow")): Object: 'Object Repository/06-Teams/button_doublearrow' is clicked on

2022-10-07 20:52:29 - [MESSAGE][PASSED] - Object: 'Object Repository/06-Teams/button_doublearrow' is clicked on

2022-10-07 20:52:29 - [TEST_STEP][PASSED] - click(findTestObject("06-Teams/button_My Organizations")): Object: 'Object Repository/06-Teams/button_My Organizations' is clicked on

2022-10-07 20:52:30 - [MESSAGE][PASSED] - Object: 'Object Repository/06-Teams/button_My Organizations' is clicked on

2022-10-07 20:52:30 - [TEST_STEP][PASSED] - click(findTestObject("06-Teams/button_GG Automation")): Object: 'Object Repository/06-Teams/button_GG Automation' is clicked on

2022-10-07 20:52:30 - [MESSAGE][PASSED] - Object: 'Object Repository/06-Teams/button_GG Automation' is clicked on

2022-10-07 20:52:30 - [TEST_STEP][PASSED] - delay(4): Delayed 4 second(s)

2022-10-07 20:52:34 - [MESSAGE][PASSED] - Delayed 4 second(s)

2022-10-07 20:52:34 - [TEST_STEP][PASSED] - verifyElementVisible(findTestObject("06-Teams/span_GG Automation")): Object 'Object Repository/06-Teams/span_GG Automation' is visible

2022-10-07 20:52:35 - [MESSAGE][PASSED] - Object 'Object Repository/06-Teams/span_GG Automation' is visible

2022-10-07 20:52:35 - [TEST_STEP][PASSED] - delay(10): Delayed 10 second(s)

2022-10-07 20:52:45 - [MESSAGE][PASSED] - Delayed 10 second(s)

2022-10-07 20:52:45 - [TEST_STEP][PASSED] - click(findTestObject("03-Header Menu/Hamburger Button/div_Settings")): Object: 'Object Repository/03-Header Menu/Hamburger Button/div_Settings' is clicked on

2022-10-07 20:52:45 - [MESSAGE][PASSED] - Object: 'Object Repository/03-Header Menu/Hamburger Button/div_Settings' is clicked on

2022-10-07 20:52:45 - [TEST_STEP][PASSED] - delay(3): Delayed 3 second(s)

2022-10-07 20:52:48 - [MESSAGE][PASSED] - Delayed 3 second(s)

2022-10-07 20:52:48 - [TEST_STEP][PASSED] - click(findTestObject("09-Settings/Users/div_Users")): Object: 'Object Repository/09-Settings/Users/div_Users' is clicked on

2022-10-07 20:52:49 - [MESSAGE][PASSED] - Object: 'Object Repository/09-Settings/Users/div_Users' is clicked on

2022-10-07 20:52:49 - [TEST_STEP][PASSED] - delay(3): Delayed 3 second(s)

2022-10-07 20:52:52 - [MESSAGE][PASSED] - Delayed 3 second(s)

2022-10-07 20:52:52 - [TEST_STEP][PASSED] - click(findTestObject("09-Settings/Users/button_add")): Object: 'Object Repository/09-Settings/Users/button_add' is clicked on

2022-10-07 20:52:52 - [MESSAGE][PASSED] - Object: 'Object Repository/09-Settings/Users/button_add' is clicked on

2022-10-07 20:52:52 - [TEST_STEP][PASSED] - delay(3): Delayed 3 second(s)

2022-10-07 20:52:55 - [MESSAGE][PASSED] - Delayed 3 second(s)

2022-10-07 20:52:55 - [TEST_STEP][PASSED] - click(findTestObject("09-Settings/Users/Invite batch of users via CSV file")): Object: 'Object Repository/09-Settings/Users/Invite batch of users via CSV file' is clicked on

2022-10-07 20:52:56 - [MESSAGE][PASSED] - Object: 'Object Repository/09-Settings/Users/Invite batch of users via CSV file' is clicked on

2022-10-07 20:52:56 - [TEST_STEP][PASSED] - verifyElementVisible(findTestObject("09-Settings/Users/CSV Invite/Import CSV File modal")): Object 'Object Repository/09-Settings/Users/CSV Invite/Import CSV File modal' is visible

2022-10-07 20:52:57 - [MESSAGE][PASSED] - Object 'Object Repository/09-Settings/Users/CSV Invite/Import CSV File modal' is visible

2022-10-07 20:52:57 - [TEST_STEP][PASSED] - verifyElementNotClickable(findTestObject("09-Settings/Users/CSV Invite/button_Import")): Object 'Object Repository/09-Settings/Users/CSV Invite/button_Import' is NOT clickable

2022-10-07 20:52:57 - [MESSAGE][PASSED] - Object 'Object Repository/09-Settings/Users/CSV Invite/button_Import' is NOT clickable

2022-10-07 20:52:57 - [TEST_STEP][PASSED] - delay(3): Delayed 3 second(s)

2022-10-07 20:53:00 - [MESSAGE][PASSED] - Delayed 3 second(s)

2022-10-07 20:53:00 - [TEST_STEP][PASSED] - uploadpackage.Upload.uploadFile(findTestObject("Object Repository/09-Settings/Users/CSV Invite/button_Choose File"), "C:\Users\User\Desktop\EL automation\sample csv.csv"): uploadpackage.Upload.uploadFile is PASSED

2022-10-07 20:53:00 - [MESSAGE][PASSED] - Object: 'Object Repository/09-Settings/Users/CSV Invite/button_Choose File' is clicked on

2022-10-07 20:53:00 - [MESSAGE][PASSED] - uploadpackage.Upload.uploadFile is PASSED

2022-10-07 20:53:00 - [TEST_STEP][PASSED] - delay(3): Delayed 3 second(s)

2022-10-07 20:53:03 - [MESSAGE][PASSED] - Delayed 3 second(s)

2022-10-07 20:53:03 - [TEST_STEP][PASSED] - verifyElementVisible(findTestObject("09-Settings/Users/CSV Invite/div_Sample csv.csv")): Object 'Object Repository/09-Settings/Users/CSV Invite/div_Sample csv.csv' is visible

2022-10-07 20:53:04 - [MESSAGE][PASSED] - Object 'Object Repository/09-Settings/Users/CSV Invite/div_Sample csv.csv' is visible

2022-10-07 20:53:04 - [TEST_STEP][PASSED] - click(findTestObject("09-Settings/Users/CSV Invite/button_Import")): Object: 'Object Repository/09-Settings/Users/CSV Invite/button_Import' is clicked on

2022-10-07 20:53:04 - [MESSAGE][PASSED] - Object: 'Object Repository/09-Settings/Users/CSV Invite/button_Import' is clicked on

2022-10-07 20:53:04 - [TEST_STEP][PASSED] - delay(10): Delayed 10 second(s)

2022-10-07 20:53:14 - [MESSAGE][PASSED] - Delayed 10 second(s)

2022-10-07 20:53:14 - [TEST_STEP][PASSED] - verifyElementVisible(findTestObject("09-Settings/Users/CSV Invite/Success import modal")): Object 'Object Repository/09-Settings/Users/CSV Invite/Success import modal' is visible

2022-10-07 20:53:15 - [MESSAGE][PASSED] - Object 'Object Repository/09-Settings/Users/CSV Invite/Success import modal' is visible

2022-10-07 20:53:15 - [TEST_STEP][PASSED] - click(findTestObject("09-Settings/Users/CSV Invite/button_Close")): Object: 'Object Repository/09-Settings/Users/CSV Invite/button_Close' is clicked on

2022-10-07 20:53:15 - [MESSAGE][PASSED] - Object: 'Object Repository/09-Settings/Users/CSV Invite/button_Close' is clicked on

2022-10-07 20:53:15 - [TEST_STEP][PASSED] - click(findTestObject("09-Settings/Users/CSV Invite/Invited Users tab")): Object: 'Object Repository/09-Settings/Users/CSV Invite/Invited Users tab' is clicked on

2022-10-07 20:53:16 - [MESSAGE][PASSED] - Object: 'Object Repository/09-Settings/Users/CSV Invite/Invited Users tab' is clicked on

2022-10-07 20:53:16 - [TEST_STEP][PASSED] - delay(3): Delayed 3 second(s)

2022-10-07 20:53:19 - [MESSAGE][PASSED] - Delayed 3 second(s)

2022-10-07 20:53:19 - [TEST_STEP][PASSED] - verifyElementVisible(findTestObject("09-Settings/Users/CSV Invite/div_CTCSV test3")): Object 'Object Repository/09-Settings/Users/CSV Invite/div_CTCSV test3' is visible

2022-10-07 20:53:19 - [MESSAGE][PASSED] - Object 'Object Repository/09-Settings/Users/CSV Invite/div_CTCSV test3' is visible

2022-10-07 20:53:19 - [TEST_STEP][PASSED] - verifyElementVisible(findTestObject("09-Settings/Users/CSV Invite/div_autotester08mailinator.com")): Object 'Object Repository/09-Settings/Users/CSV Invite/div_autotester08mailinator.com' is visible

2022-10-07 20:53:20 - [MESSAGE][PASSED] - Object 'Object Repository/09-Settings/Users/CSV Invite/div_autotester08mailinator.com' is visible

2022-10-07 20:53:20 - [TEST_STEP][FAILED] - verifyElementVisible(findTestObject("09-Settings/Users/CSV Invite/div_Partner")): Unable to verify object 'Object Repository/09-Settings/Users/CSV Invite/div_Partner' is visible (Root cause: com.kms.katalon.core.exception.StepFailedException: Unable to verify object 'Object Repository/09-Settings/Users/CSV Invite/div_Partner' is visible
	at com.kms.katalon.core.webui.keyword.internal.WebUIKeywordMain.stepFailed(WebUIKeywordMain.groovy:64)
	at com.kms.katalon.core.webui.keyword.internal.WebUIKeywordMain.runKeyword(WebUIKeywordMain.groovy:26)
	at com.kms.katalon.core.webui.keyword.builtin.VerifyElementVisibleKeyword.verifyElementVisible(VerifyElementVisibleKeyword.groovy:97)
	at com.kms.katalon.core.webui.keyword.builtin.VerifyElementVisibleKeyword.execute(VerifyElementVisibleKeyword.groovy:67)
	at com.kms.katalon.core.keyword.internal.KeywordExecutor.executeKeywordForPlatform(KeywordExecutor.groovy:74)
	at com.kms.katalon.core.webui.keyword.WebUiBuiltInKeywords.verifyElementVisible(WebUiBuiltInKeywords.groovy:376)
	at com.kms.katalon.core.webui.keyword.WebUiBuiltInKeywords$verifyElementVisible$11.call(Unknown Source)
	at 05 - Users (Invite batch of users via CSV file).run(05 - Users (Invite batch of users via CSV file):133)
	at com.kms.katalon.core.main.ScriptEngine.run(ScriptEngine.java:194)
	at com.kms.katalon.core.main.ScriptEngine.runScriptAsRawText(ScriptEngine.java:119)
	at com.kms.katalon.core.main.TestCaseExecutor.runScript(TestCaseExecutor.java:448)
	at com.kms.katalon.core.main.TestCaseExecutor.doExecute(TestCaseExecutor.java:439)
	at com.kms.katalon.core.main.TestCaseExecutor.processExecutionPhase(TestCaseExecutor.java:418)
	at com.kms.katalon.core.main.TestCaseExecutor.accessMainPhase(TestCaseExecutor.java:410)
	at com.kms.katalon.core.main.TestCaseExecutor.execute(TestCaseExecutor.java:285)
	at com.kms.katalon.core.common.CommonExecutor.accessTestCaseMainPhase(CommonExecutor.java:65)
	at com.kms.katalon.core.main.TestSuiteExecutor.accessTestSuiteMainPhase(TestSuiteExecutor.java:144)
	at com.kms.katalon.core.main.TestSuiteExecutor.execute(TestSuiteExecutor.java:106)
	at com.kms.katalon.core.main.TestCaseMain.startTestSuite(TestCaseMain.java:185)
	at com.kms.katalon.core.main.TestCaseMain$startTestSuite$0.call(Unknown Source)
	at TempTestSuite1665146041121.run(TempTestSuite1665146041121.groovy:36)
Caused by: com.kms.katalon.core.exception.StepFailedException: Web element with id: 'Object Repository/09-Settings/Users/CSV Invite/div_Partner' located by '//div[@class = 'td-data-table-cell-content-wrapper' and (text() = 'Partner' or . = 'Partner')]' not found
	at com.kms.katalon.core.webui.keyword.internal.WebUIKeywordMain.stepFailed(WebUIKeywordMain.groovy:64)
	at com.kms.katalon.core.webui.keyword.builtin.VerifyElementVisibleKeyword$_verifyElementVisible_closure1.doCall(VerifyElementVisibleKeyword.groovy:89)
	at com.kms.katalon.core.webui.keyword.builtin.VerifyElementVisibleKeyword$_verifyElementVisible_closure1.call(VerifyElementVisibleKeyword.groovy)
	at com.kms.katalon.core.webui.keyword.internal.WebUIKeywordMain.runKeyword(WebUIKeywordMain.groovy:20)
	... 19 more
)

2022-10-07 20:53:51 - [MESSAGE][INFO] - Unable to find the element located by 'By.xpath: //div[@class = 'td-data-table-cell-content-wrapper' and (text() = 'Partner' or . = 'Partner')]'. Please recheck the objects properties to make sure the desired element is located. 

2022-10-07 20:53:51 - [MESSAGE][FAILED] - Web element with id: 'Object Repository/09-Settings/Users/CSV Invite/div_Partner' located by '//div[@class = 'td-data-table-cell-content-wrapper' and (text() = 'Partner' or . = 'Partner')]' not found (Root cause: com.kms.katalon.core.exception.StepFailedException: Web element with id: 'Object Repository/09-Settings/Users/CSV Invite/div_Partner' located by '//div[@class = 'td-data-table-cell-content-wrapper' and (text() = 'Partner' or . = 'Partner')]' not found
	at com.kms.katalon.core.webui.keyword.internal.WebUIKeywordMain.stepFailed(WebUIKeywordMain.groovy:64)
	at com.kms.katalon.core.webui.keyword.builtin.VerifyElementVisibleKeyword$_verifyElementVisible_closure1.doCall(VerifyElementVisibleKeyword.groovy:89)
	at com.kms.katalon.core.webui.keyword.builtin.VerifyElementVisibleKeyword$_verifyElementVisible_closure1.call(VerifyElementVisibleKeyword.groovy)
	at com.kms.katalon.core.webui.keyword.internal.WebUIKeywordMain.runKeyword(WebUIKeywordMain.groovy:20)
	at com.kms.katalon.core.webui.keyword.builtin.VerifyElementVisibleKeyword.verifyElementVisible(VerifyElementVisibleKeyword.groovy:97)
	at com.kms.katalon.core.webui.keyword.builtin.VerifyElementVisibleKeyword.execute(VerifyElementVisibleKeyword.groovy:67)
	at com.kms.katalon.core.keyword.internal.KeywordExecutor.executeKeywordForPlatform(KeywordExecutor.groovy:74)
	at com.kms.katalon.core.webui.keyword.WebUiBuiltInKeywords.verifyElementVisible(WebUiBuiltInKeywords.groovy:376)
	at com.kms.katalon.core.webui.keyword.WebUiBuiltInKeywords$verifyElementVisible$11.call(Unknown Source)
	at 05 - Users (Invite batch of users via CSV file).run(05 - Users (Invite batch of users via CSV file):133)
	at com.kms.katalon.core.main.ScriptEngine.run(ScriptEngine.java:194)
	at com.kms.katalon.core.main.ScriptEngine.runScriptAsRawText(ScriptEngine.java:119)
	at com.kms.katalon.core.main.TestCaseExecutor.runScript(TestCaseExecutor.java:448)
	at com.kms.katalon.core.main.TestCaseExecutor.doExecute(TestCaseExecutor.java:439)
	at com.kms.katalon.core.main.TestCaseExecutor.processExecutionPhase(TestCaseExecutor.java:418)
	at com.kms.katalon.core.main.TestCaseExecutor.accessMainPhase(TestCaseExecutor.java:410)
	at com.kms.katalon.core.main.TestCaseExecutor.execute(TestCaseExecutor.java:285)
	at com.kms.katalon.core.common.CommonExecutor.accessTestCaseMainPhase(CommonExecutor.java:65)
	at com.kms.katalon.core.main.TestSuiteExecutor.accessTestSuiteMainPhase(TestSuiteExecutor.java:144)
	at com.kms.katalon.core.main.TestSuiteExecutor.execute(TestSuiteExecutor.java:106)
	at com.kms.katalon.core.main.TestCaseMain.startTestSuite(TestCaseMain.java:185)
	at com.kms.katalon.core.main.TestCaseMain$startTestSuite$0.call(Unknown Source)
	at TempTestSuite1665146041121.run(TempTestSuite1665146041121.groovy:36)
)
[[ATTACHMENT|C:\\Users\\User\\Katalon Studio\\EverleaguesMain\\Reports\\20221007_203401\\TS-Organization\\09-Settings\\20221007_203401\\1665147231382.png]]

2022-10-07 20:53:51 - [MESSAGE][FAILED] - Unable to verify object 'Object Repository/09-Settings/Users/CSV Invite/div_Partner' is visible (Root cause: com.kms.katalon.core.exception.StepFailedException: Unable to verify object 'Object Repository/09-Settings/Users/CSV Invite/div_Partner' is visible
	at com.kms.katalon.core.webui.keyword.internal.WebUIKeywordMain.stepFailed(WebUIKeywordMain.groovy:64)
	at com.kms.katalon.core.webui.keyword.internal.WebUIKeywordMain.runKeyword(WebUIKeywordMain.groovy:26)
	at com.kms.katalon.core.webui.keyword.builtin.VerifyElementVisibleKeyword.verifyElementVisible(VerifyElementVisibleKeyword.groovy:97)
	at com.kms.katalon.core.webui.keyword.builtin.VerifyElementVisibleKeyword.execute(VerifyElementVisibleKeyword.groovy:67)
	at com.kms.katalon.core.keyword.internal.KeywordExecutor.executeKeywordForPlatform(KeywordExecutor.groovy:74)
	at com.kms.katalon.core.webui.keyword.WebUiBuiltInKeywords.verifyElementVisible(WebUiBuiltInKeywords.groovy:376)
	at com.kms.katalon.core.webui.keyword.WebUiBuiltInKeywords$verifyElementVisible$11.call(Unknown Source)
	at 05 - Users (Invite batch of users via CSV file).run(05 - Users (Invite batch of users via CSV file):133)
	at com.kms.katalon.core.main.ScriptEngine.run(ScriptEngine.java:194)
	at com.kms.katalon.core.main.ScriptEngine.runScriptAsRawText(ScriptEngine.java:119)
	at com.kms.katalon.core.main.TestCaseExecutor.runScript(TestCaseExecutor.java:448)
	at com.kms.katalon.core.main.TestCaseExecutor.doExecute(TestCaseExecutor.java:439)
	at com.kms.katalon.core.main.TestCaseExecutor.processExecutionPhase(TestCaseExecutor.java:418)
	at com.kms.katalon.core.main.TestCaseExecutor.accessMainPhase(TestCaseExecutor.java:410)
	at com.kms.katalon.core.main.TestCaseExecutor.execute(TestCaseExecutor.java:285)
	at com.kms.katalon.core.common.CommonExecutor.accessTestCaseMainPhase(CommonExecutor.java:65)
	at com.kms.katalon.core.main.TestSuiteExecutor.accessTestSuiteMainPhase(TestSuiteExecutor.java:144)
	at com.kms.katalon.core.main.TestSuiteExecutor.execute(TestSuiteExecutor.java:106)
	at com.kms.katalon.core.main.TestCaseMain.startTestSuite(TestCaseMain.java:185)
	at com.kms.katalon.core.main.TestCaseMain$startTestSuite$0.call(Unknown Source)
	at TempTestSuite1665146041121.run(TempTestSuite1665146041121.groovy:36)
Caused by: com.kms.katalon.core.exception.StepFailedException: Web element with id: 'Object Repository/09-Settings/Users/CSV Invite/div_Partner' located by '//div[@class = 'td-data-table-cell-content-wrapper' and (text() = 'Partner' or . = 'Partner')]' not found
	at com.kms.katalon.core.webui.keyword.internal.WebUIKeywordMain.stepFailed(WebUIKeywordMain.groovy:64)
	at com.kms.katalon.core.webui.keyword.builtin.VerifyElementVisibleKeyword$_verifyElementVisible_closure1.doCall(VerifyElementVisibleKeyword.groovy:89)
	at com.kms.katalon.core.webui.keyword.builtin.VerifyElementVisibleKeyword$_verifyElementVisible_closure1.call(VerifyElementVisibleKeyword.groovy)
	at com.kms.katalon.core.webui.keyword.internal.WebUIKeywordMain.runKeyword(WebUIKeywordMain.groovy:20)
	... 19 more
)
[[ATTACHMENT|C:\\Users\\User\\Katalon Studio\\EverleaguesMain\\Reports\\20221007_203401\\TS-Organization\\09-Settings\\20221007_203401\\1665147231586.png]]]]></system-out>
         <system-err><![CDATA[2022-10-07 20:51:12 - [TEST_CASE][FAILED] - Test Cases/09-Settings/05 - Users (Invite batch of users via CSV file): Test Cases/09-Settings/05 - Users (Invite batch of users via CSV file) FAILED.
Reason:
com.kms.katalon.core.exception.StepFailedException: Unable to verify object 'Object Repository/09-Settings/Users/CSV Invite/div_Partner' is visible
	at com.kms.katalon.core.webui.keyword.internal.WebUIKeywordMain.stepFailed(WebUIKeywordMain.groovy:64)
	at com.kms.katalon.core.webui.keyword.internal.WebUIKeywordMain.runKeyword(WebUIKeywordMain.groovy:26)
	at com.kms.katalon.core.webui.keyword.builtin.VerifyElementVisibleKeyword.verifyElementVisible(VerifyElementVisibleKeyword.groovy:97)
	at com.kms.katalon.core.webui.keyword.builtin.VerifyElementVisibleKeyword.execute(VerifyElementVisibleKeyword.groovy:67)
	at com.kms.katalon.core.keyword.internal.KeywordExecutor.executeKeywordForPlatform(KeywordExecutor.groovy:74)
	at com.kms.katalon.core.webui.keyword.WebUiBuiltInKeywords.verifyElementVisible(WebUiBuiltInKeywords.groovy:376)
	at com.kms.katalon.core.webui.keyword.WebUiBuiltInKeywords$verifyElementVisible$11.call(Unknown Source)
	at 05 - Users (Invite batch of users via CSV file).run(05 - Users (Invite batch of users via CSV file):133)
	at com.kms.katalon.core.main.ScriptEngine.run(ScriptEngine.java:194)
	at com.kms.katalon.core.main.ScriptEngine.runScriptAsRawText(ScriptEngine.java:119)
	at com.kms.katalon.core.main.TestCaseExecutor.runScript(TestCaseExecutor.java:448)
	at com.kms.katalon.core.main.TestCaseExecutor.doExecute(TestCaseExecutor.java:439)
	at com.kms.katalon.core.main.TestCaseExecutor.processExecutionPhase(TestCaseExecutor.java:418)
	at com.kms.katalon.core.main.TestCaseExecutor.accessMainPhase(TestCaseExecutor.java:410)
	at com.kms.katalon.core.main.TestCaseExecutor.execute(TestCaseExecutor.java:285)
	at com.kms.katalon.core.common.CommonExecutor.accessTestCaseMainPhase(CommonExecutor.java:65)
	at com.kms.katalon.core.main.TestSuiteExecutor.accessTestSuiteMainPhase(TestSuiteExecutor.java:144)
	at com.kms.katalon.core.main.TestSuiteExecutor.execute(TestSuiteExecutor.java:106)
	at com.kms.katalon.core.main.TestCaseMain.startTestSuite(TestCaseMain.java:185)
	at com.kms.katalon.core.main.TestCaseMain$startTestSuite$0.call(Unknown Source)
	at TempTestSuite1665146041121.run(TempTestSuite1665146041121.groovy:36)
Caused by: com.kms.katalon.core.exception.StepFailedException: Web element with id: 'Object Repository/09-Settings/Users/CSV Invite/div_Partner' located by '//div[@class = 'td-data-table-cell-content-wrapper' and (text() = 'Partner' or . = 'Partner')]' not found
	at com.kms.katalon.core.webui.keyword.internal.WebUIKeywordMain.stepFailed(WebUIKeywordMain.groovy:64)
	at com.kms.katalon.core.webui.keyword.builtin.VerifyElementVisibleKeyword$_verifyElementVisible_closure1.doCall(VerifyElementVisibleKeyword.groovy:89)
	at com.kms.katalon.core.webui.keyword.builtin.VerifyElementVisibleKeyword$_verifyElementVisible_closure1.call(VerifyElementVisibleKeyword.groovy)
	at com.kms.katalon.core.webui.keyword.internal.WebUIKeywordMain.runKeyword(WebUIKeywordMain.groovy:20)
	... 19 more]]></system-err>
      </testcase>
      <system-out><![CDATA[2022-10-07 20:34:03 - [TEST_SUITE][FAILED] - 09-Settings: Test Cases/09-Settings/05 - Users (Invite batch of users via CSV file) FAILED.
Reason:
com.kms.katalon.core.exception.StepFailedException: Unable to verify object 'Object Repository/09-Settings/Users/CSV Invite/div_Partner' is visible
	at com.kms.katalon.core.webui.keyword.internal.WebUIKeywordMain.stepFailed(WebUIKeywordMain.groovy:64)
	at com.kms.katalon.core.webui.keyword.internal.WebUIKeywordMain.runKeyword(WebUIKeywordMain.groovy:26)
	at com.kms.katalon.core.webui.keyword.builtin.VerifyElementVisibleKeyword.verifyElementVisible(VerifyElementVisibleKeyword.groovy:97)
	at com.kms.katalon.core.webui.keyword.builtin.VerifyElementVisibleKeyword.execute(VerifyElementVisibleKeyword.groovy:67)
	at com.kms.katalon.core.keyword.internal.KeywordExecutor.executeKeywordForPlatform(KeywordExecutor.groovy:74)
	at com.kms.katalon.core.webui.keyword.WebUiBuiltInKeywords.verifyElementVisible(WebUiBuiltInKeywords.groovy:376)
	at com.kms.katalon.core.webui.keyword.WebUiBuiltInKeywords$verifyElementVisible$11.call(Unknown Source)
	at 05 - Users (Invite batch of users via CSV file).run(05 - Users (Invite batch of users via CSV file):133)
	at com.kms.katalon.core.main.ScriptEngine.run(ScriptEngine.java:194)
	at com.kms.katalon.core.main.ScriptEngine.runScriptAsRawText(ScriptEngine.java:119)
	at com.kms.katalon.core.main.TestCaseExecutor.runScript(TestCaseExecutor.java:448)
	at com.kms.katalon.core.main.TestCaseExecutor.doExecute(TestCaseExecutor.java:439)
	at com.kms.katalon.core.main.TestCaseExecutor.processExecutionPhase(TestCaseExecutor.java:418)
	at com.kms.katalon.core.main.TestCaseExecutor.accessMainPhase(TestCaseExecutor.java:410)
	at com.kms.katalon.core.main.TestCaseExecutor.execute(TestCaseExecutor.java:285)
	at com.kms.katalon.core.common.CommonExecutor.accessTestCaseMainPhase(CommonExecutor.java:65)
	at com.kms.katalon.core.main.TestSuiteExecutor.accessTestSuiteMainPhase(TestSuiteExecutor.java:144)
	at com.kms.katalon.core.main.TestSuiteExecutor.execute(TestSuiteExecutor.java:106)
	at com.kms.katalon.core.main.TestCaseMain.startTestSuite(TestCaseMain.java:185)
	at com.kms.katalon.core.main.TestCaseMain$startTestSuite$0.call(Unknown Source)
	at TempTestSuite1665146041121.run(TempTestSuite1665146041121.groovy:36)
Caused by: com.kms.katalon.core.exception.StepFailedException: Web element with id: 'Object Repository/09-Settings/Users/CSV Invite/div_Partner' located by '//div[@class = 'td-data-table-cell-content-wrapper' and (text() = 'Partner' or . = 'Partner')]' not found
	at com.kms.katalon.core.webui.keyword.internal.WebUIKeywordMain.stepFailed(WebUIKeywordMain.groovy:64)
	at com.kms.katalon.core.webui.keyword.builtin.VerifyElementVisibleKeyword$_verifyElementVisible_closure1.doCall(VerifyElementVisibleKeyword.groovy:89)
	at com.kms.katalon.core.webui.keyword.builtin.VerifyElementVisibleKeyword$_verifyElementVisible_closure1.call(VerifyElementVisibleKeyword.groovy)
	at com.kms.katalon.core.webui.keyword.internal.WebUIKeywordMain.runKeyword(WebUIKeywordMain.groovy:20)
	... 19 more]]></system-out>
      <system-err><![CDATA[2022-10-07 20:34:03 - [TEST_SUITE][FAILED] - 09-Settings: Test Cases/09-Settings/05 - Users (Invite batch of users via CSV file) FAILED.
Reason:
com.kms.katalon.core.exception.StepFailedException: Unable to verify object 'Object Repository/09-Settings/Users/CSV Invite/div_Partner' is visible
	at com.kms.katalon.core.webui.keyword.internal.WebUIKeywordMain.stepFailed(WebUIKeywordMain.groovy:64)
	at com.kms.katalon.core.webui.keyword.internal.WebUIKeywordMain.runKeyword(WebUIKeywordMain.groovy:26)
	at com.kms.katalon.core.webui.keyword.builtin.VerifyElementVisibleKeyword.verifyElementVisible(VerifyElementVisibleKeyword.groovy:97)
	at com.kms.katalon.core.webui.keyword.builtin.VerifyElementVisibleKeyword.execute(VerifyElementVisibleKeyword.groovy:67)
	at com.kms.katalon.core.keyword.internal.KeywordExecutor.executeKeywordForPlatform(KeywordExecutor.groovy:74)
	at com.kms.katalon.core.webui.keyword.WebUiBuiltInKeywords.verifyElementVisible(WebUiBuiltInKeywords.groovy:376)
	at com.kms.katalon.core.webui.keyword.WebUiBuiltInKeywords$verifyElementVisible$11.call(Unknown Source)
	at 05 - Users (Invite batch of users via CSV file).run(05 - Users (Invite batch of users via CSV file):133)
	at com.kms.katalon.core.main.ScriptEngine.run(ScriptEngine.java:194)
	at com.kms.katalon.core.main.ScriptEngine.runScriptAsRawText(ScriptEngine.java:119)
	at com.kms.katalon.core.main.TestCaseExecutor.runScript(TestCaseExecutor.java:448)
	at com.kms.katalon.core.main.TestCaseExecutor.doExecute(TestCaseExecutor.java:439)
	at com.kms.katalon.core.main.TestCaseExecutor.processExecutionPhase(TestCaseExecutor.java:418)
	at com.kms.katalon.core.main.TestCaseExecutor.accessMainPhase(TestCaseExecutor.java:410)
	at com.kms.katalon.core.main.TestCaseExecutor.execute(TestCaseExecutor.java:285)
	at com.kms.katalon.core.common.CommonExecutor.accessTestCaseMainPhase(CommonExecutor.java:65)
	at com.kms.katalon.core.main.TestSuiteExecutor.accessTestSuiteMainPhase(TestSuiteExecutor.java:144)
	at com.kms.katalon.core.main.TestSuiteExecutor.execute(TestSuiteExecutor.java:106)
	at com.kms.katalon.core.main.TestCaseMain.startTestSuite(TestCaseMain.java:185)
	at com.kms.katalon.core.main.TestCaseMain$startTestSuite$0.call(Unknown Source)
	at TempTestSuite1665146041121.run(TempTestSuite1665146041121.groovy:36)
Caused by: com.kms.katalon.core.exception.StepFailedException: Web element with id: 'Object Repository/09-Settings/Users/CSV Invite/div_Partner' located by '//div[@class = 'td-data-table-cell-content-wrapper' and (text() = 'Partner' or . = 'Partner')]' not found
	at com.kms.katalon.core.webui.keyword.internal.WebUIKeywordMain.stepFailed(WebUIKeywordMain.groovy:64)
	at com.kms.katalon.core.webui.keyword.builtin.VerifyElementVisibleKeyword$_verifyElementVisible_closure1.doCall(VerifyElementVisibleKeyword.groovy:89)
	at com.kms.katalon.core.webui.keyword.builtin.VerifyElementVisibleKeyword$_verifyElementVisible_closure1.call(VerifyElementVisibleKeyword.groovy)
	at com.kms.katalon.core.webui.keyword.internal.WebUIKeywordMain.runKeyword(WebUIKeywordMain.groovy:20)
	... 19 more]]></system-err>
   </testsuite>
</testsuites>
