<?xml version="1.0" encoding="UTF-8"?>
<testsuites name="10-Open Video Conference" time="214.518" tests="5" failures="0" errors="0">
   <testsuite name="10-Open Video Conference" tests="5" failures="0" errors="0" time="214.518" skipped="0" timestamp="2022-11-04 17:19:23" hostname="User - DESKTOP-QCRNR4M" id="Test Suites/TS-Organization/10-Open Video Conference">
      <properties>
         <property name="deviceName" value=""/>
         <property name="devicePlatform" value=""/>
         <property name="logFolder" value="C:\\Users\\User\\Katalon Studio\\EverleaguesMain\\Reports\\20221104_171920\\TS-Organization\\10-Open Video Conference\\20221104_171920"/>
         <property name="logFiles" value="C:\\Users\\User\\Katalon Studio\\EverleaguesMain\\Reports\\20221104_171920\\TS-Organization\\10-Open Video Conference\\20221104_171920\\execution0.log"/>
         <property name="attachments" value=""/>
         <property name="hostName" value="User - DESKTOP-QCRNR4M"/>
         <property name="os" value="Windows 10 64bit"/>
         <property name="katalonVersion" value="8.4.1.208"/>
         <property name="browser" value="Chrome 107.0.0.0"/>
         <property name="hostAddress" value="192.168.5.124"/>
         <property name="sessionId" value="17f507c4fca6838705650a52293e48c8"/>
         <property name="seleniumVersion" value="3.141.59"/>
         <property name="proxyInformation" value="ProxyInformation { proxyOption=NO_PROXY, proxyServerType=HTTP, username=, password=********, proxyServerAddress=, proxyServerPort=0, executionList=&quot;&quot;, isApplyToDesiredCapabilities=true }"/>
         <property name="platform" value="Windows 10"/>
      </properties>
      <testcase name="Test Cases/10-Open Video Conference/01-Blank Fields" time="110.737" classname="Test Cases/10-Open Video Conference/01-Blank Fields" status="PASSED">
         <system-out><![CDATA[2022-11-04 17:19:23 - [TEST_CASE][PASSED] - Test Cases/10-Open Video Conference/01-Blank Fields: Test Cases/10-Open Video Conference/01-Blank Fields

2022-11-04 17:19:23 - [TEST_STEP][PASSED] - openBrowser(""): Browser is opened with url: ''

2022-11-04 17:19:24 - [MESSAGE][INFO] - Starting 'Chrome' driver

2022-11-04 17:19:24 - [MESSAGE][INFO] - Action delay is set to 0 milliseconds

2022-11-04 17:19:26 - [MESSAGE][PASSED] - Browser is opened with url: ''

2022-11-04 17:19:26 - [TEST_STEP][PASSED] - navigateToUrl("https://lab.everleagues.com/"): Navigate to 'https://lab.everleagues.com/' successfully

2022-11-04 17:19:39 - [MESSAGE][PASSED] - Navigate to 'https://lab.everleagues.com/' successfully

2022-11-04 17:19:39 - [TEST_STEP][PASSED] - maximizeWindow(): Current window maximized

2022-11-04 17:19:39 - [MESSAGE][PASSED] - Current window maximized

2022-11-04 17:19:39 - [TEST_STEP][PASSED] - setText(findTestObject("02-Side Icons(Organization)/Add Contact/Email Field"), "testuser02@mailinator.com"): Text 'testuser02@mailinator.com' is set on object 'Object Repository/02-Side Icons(Organization)/Add Contact/Email Field'

2022-11-04 17:19:40 - [MESSAGE][PASSED] - Text 'testuser02@mailinator.com' is set on object 'Object Repository/02-Side Icons(Organization)/Add Contact/Email Field'

2022-11-04 17:19:40 - [TEST_STEP][PASSED] - setEncryptedText(findTestObject("02-Side Icons(Organization)/Add Contact/Password Field"), "8yFRyszE6U6jvsCn51OQbg=="): Text ****** has been set on object 'Object Repository/02-Side Icons(Organization)/Add Contact/Password Field'

2022-11-04 17:19:41 - [MESSAGE][PASSED] - Text ****** has been set on object 'Object Repository/02-Side Icons(Organization)/Add Contact/Password Field'

2022-11-04 17:19:41 - [TEST_STEP][PASSED] - click(findTestObject("02-Side Icons(Organization)/Add Contact/button_Sign in")): Object: 'Object Repository/02-Side Icons(Organization)/Add Contact/button_Sign in' is clicked on

2022-11-04 17:19:42 - [MESSAGE][PASSED] - Object: 'Object Repository/02-Side Icons(Organization)/Add Contact/button_Sign in' is clicked on

2022-11-04 17:19:42 - [TEST_STEP][PASSED] - delay(2): Delayed 2 second(s)

2022-11-04 17:19:44 - [MESSAGE][PASSED] - Delayed 2 second(s)

2022-11-04 17:19:44 - [TEST_STEP][PASSED] - click(findTestObject("06-Teams/For 2FA/button_Confirm_2FA")): Object: 'Object Repository/06-Teams/For 2FA/button_Confirm_2FA' is clicked on

2022-11-04 17:19:44 - [MESSAGE][PASSED] - Object: 'Object Repository/06-Teams/For 2FA/button_Confirm_2FA' is clicked on

2022-11-04 17:19:44 - [TEST_STEP][PASSED] - executeJavaScript("window.open();", []): Execute JavaScript 'window.open();' successfully

2022-11-04 17:19:44 - [MESSAGE][PASSED] - Execute JavaScript 'window.open();' successfully

2022-11-04 17:19:44 - [TEST_STEP][PASSED] - currentWindow = getWindowIndex(): Current window's index is: 0

2022-11-04 17:19:44 - [MESSAGE][PASSED] - Current window's index is: 0

2022-11-04 17:19:44 - [TEST_STEP][PASSED] - delay(3): Delayed 3 second(s)

2022-11-04 17:19:47 - [MESSAGE][PASSED] - Delayed 3 second(s)

2022-11-04 17:19:47 - [TEST_STEP][PASSED] - switchToWindowIndex(currentWindow + 1): Switched to window with index: '1'

2022-11-04 17:19:47 - [MESSAGE][PASSED] - Switched to window with index: '1'

2022-11-04 17:19:47 - [TEST_STEP][PASSED] - navigateToUrl("https://www.mailinator.com/"): Navigate to 'https://www.mailinator.com/' successfully

2022-11-04 17:19:49 - [MESSAGE][PASSED] - Navigate to 'https://www.mailinator.com/' successfully

2022-11-04 17:19:49 - [TEST_STEP][PASSED] - delay(3): Delayed 3 second(s)

2022-11-04 17:19:52 - [MESSAGE][PASSED] - Delayed 3 second(s)

2022-11-04 17:19:52 - [TEST_STEP][PASSED] - setText(findTestObject("00-Signup and Activation/zMailinator/input_LOGIN_search"), "testuser02@mailinator.com"): Text 'testuser02@mailinator.com' is set on object 'Object Repository/00-Signup and Activation/zMailinator/input_LOGIN_search'

2022-11-04 17:19:53 - [MESSAGE][PASSED] - Text 'testuser02@mailinator.com' is set on object 'Object Repository/00-Signup and Activation/zMailinator/input_LOGIN_search'

2022-11-04 17:19:53 - [TEST_STEP][PASSED] - click(findTestObject("00-Signup and Activation/zMailinator/gobutton"), STOP_ON_FAILURE): Object: 'Object Repository/00-Signup and Activation/zMailinator/gobutton' is clicked on

2022-11-04 17:19:55 - [MESSAGE][PASSED] - Object: 'Object Repository/00-Signup and Activation/zMailinator/gobutton' is clicked on

2022-11-04 17:19:55 - [TEST_STEP][PASSED] - delay(3): Delayed 3 second(s)

2022-11-04 17:19:58 - [MESSAGE][PASSED] - Delayed 3 second(s)

2022-11-04 17:19:58 - [TEST_STEP][PASSED] - click(findTestObject("00-Signup and Activation/zMailinator/Email - everleagues")): Object: 'Object Repository/00-Signup and Activation/zMailinator/Email - everleagues' is clicked on

2022-11-04 17:19:58 - [MESSAGE][PASSED] - Object: 'Object Repository/00-Signup and Activation/zMailinator/Email - everleagues' is clicked on

2022-11-04 17:19:58 - [TEST_STEP][PASSED] - delay(3): Delayed 3 second(s)

2022-11-04 17:20:01 - [MESSAGE][PASSED] - Delayed 3 second(s)

2022-11-04 17:20:01 - [TEST_STEP][PASSED] - code = getText(findTestObject("Object Repository/06-Teams/For 2FA/2FA code")): Text of object 'Object Repository/06-Teams/For 2FA/2FA code' is: '388510'

2022-11-04 17:20:02 - [MESSAGE][PASSED] - Text of object 'Object Repository/06-Teams/For 2FA/2FA code' is: '388510'

2022-11-04 17:20:02 - [TEST_STEP][PASSED] - delay(3): Delayed 3 second(s)

2022-11-04 17:20:05 - [MESSAGE][PASSED] - Delayed 3 second(s)

2022-11-04 17:20:05 - [TEST_STEP][PASSED] - closeWindowTitle("Mailinator"): Window with title: 'Mailinator' is closed

2022-11-04 17:20:05 - [MESSAGE][PASSED] - Window with title: 'Mailinator' is closed

2022-11-04 17:20:05 - [TEST_STEP][PASSED] - delay(3): Delayed 3 second(s)

2022-11-04 17:20:08 - [MESSAGE][PASSED] - Delayed 3 second(s)

2022-11-04 17:20:08 - [TEST_STEP][PASSED] - switchToWindowIndex(0): Switched to window with index: '0'

2022-11-04 17:20:08 - [MESSAGE][PASSED] - Switched to window with index: '0'

2022-11-04 17:20:08 - [TEST_STEP][PASSED] - delay(3): Delayed 3 second(s)

2022-11-04 17:20:11 - [MESSAGE][PASSED] - Delayed 3 second(s)

2022-11-04 17:20:11 - [TEST_STEP][PASSED] - setText(findTestObject("Object Repository/06-Teams/For 2FA/input_Enter verification code_code"), code): Text '388510' is set on object 'Object Repository/06-Teams/For 2FA/input_Enter verification code_code'

2022-11-04 17:20:12 - [MESSAGE][PASSED] - Text '388510' is set on object 'Object Repository/06-Teams/For 2FA/input_Enter verification code_code'

2022-11-04 17:20:12 - [TEST_STEP][PASSED] - delay(3): Delayed 3 second(s)

2022-11-04 17:20:15 - [MESSAGE][PASSED] - Delayed 3 second(s)

2022-11-04 17:20:15 - [TEST_STEP][PASSED] - click(findTestObject("06-Teams/For 2FA/button_Verify_2FA")): Object: 'Object Repository/06-Teams/For 2FA/button_Verify_2FA' is clicked on

2022-11-04 17:20:16 - [MESSAGE][PASSED] - Object: 'Object Repository/06-Teams/For 2FA/button_Verify_2FA' is clicked on

2022-11-04 17:20:16 - [TEST_STEP][PASSED] - delay(5): Delayed 5 second(s)

2022-11-04 17:20:21 - [MESSAGE][PASSED] - Delayed 5 second(s)

2022-11-04 17:20:21 - [TEST_STEP][PASSED] - click(findTestObject("06-Teams/button_doublearrow")): Object: 'Object Repository/06-Teams/button_doublearrow' is clicked on

2022-11-04 17:20:22 - [MESSAGE][PASSED] - Object: 'Object Repository/06-Teams/button_doublearrow' is clicked on

2022-11-04 17:20:22 - [TEST_STEP][PASSED] - click(findTestObject("06-Teams/button_My Organizations")): Object: 'Object Repository/06-Teams/button_My Organizations' is clicked on

2022-11-04 17:20:22 - [MESSAGE][PASSED] - Object: 'Object Repository/06-Teams/button_My Organizations' is clicked on

2022-11-04 17:20:22 - [TEST_STEP][PASSED] - click(findTestObject("02-Side Icons(Organization)/Add Contact/button_Automation Test Org")): Object: 'Object Repository/02-Side Icons(Organization)/Add Contact/button_Automation Test Org' is clicked on

2022-11-04 17:20:23 - [MESSAGE][PASSED] - Object: 'Object Repository/02-Side Icons(Organization)/Add Contact/button_Automation Test Org' is clicked on

2022-11-04 17:20:23 - [TEST_STEP][PASSED] - delay(4): Delayed 4 second(s)

2022-11-04 17:20:27 - [MESSAGE][PASSED] - Delayed 4 second(s)

2022-11-04 17:20:27 - [TEST_STEP][PASSED] - verifyElementVisible(findTestObject("02-Side Icons(Organization)/Add Contact/span_Automation Test Org")): Object 'Object Repository/02-Side Icons(Organization)/Add Contact/span_Automation Test Org' is visible

2022-11-04 17:20:28 - [MESSAGE][PASSED] - Object 'Object Repository/02-Side Icons(Organization)/Add Contact/span_Automation Test Org' is visible

2022-11-04 17:20:28 - [TEST_STEP][PASSED] - delay(10): Delayed 10 second(s)

2022-11-04 17:20:38 - [MESSAGE][PASSED] - Delayed 10 second(s)

2022-11-04 17:20:38 - [TEST_STEP][PASSED] - click(findTestObject("03-Header Menu/Hamburger Button/div_Open Video Conference")): Object: 'Object Repository/03-Header Menu/Hamburger Button/div_Open Video Conference' is clicked on

2022-11-04 17:20:38 - [MESSAGE][PASSED] - Object: 'Object Repository/03-Header Menu/Hamburger Button/div_Open Video Conference' is clicked on

2022-11-04 17:20:38 - [TEST_STEP][PASSED] - verifyElementVisible(findTestObject("10-Open Video Conference/h4_OPEN VIDEO CONFERENCE")): Object 'Object Repository/10-Open Video Conference/h4_OPEN VIDEO CONFERENCE' is visible

2022-11-04 17:20:39 - [MESSAGE][PASSED] - Object 'Object Repository/10-Open Video Conference/h4_OPEN VIDEO CONFERENCE' is visible

2022-11-04 17:20:39 - [TEST_STEP][PASSED] - verifyElementVisible(findTestObject("10-Open Video Conference/span_warning")): Object 'Object Repository/10-Open Video Conference/span_warning' is visible

2022-11-04 17:20:40 - [MESSAGE][PASSED] - Object 'Object Repository/10-Open Video Conference/span_warning' is visible

2022-11-04 17:20:40 - [TEST_STEP][PASSED] - click(findTestObject("10-Open Video Conference/a_chat")): Object: 'Object Repository/10-Open Video Conference/a_chat' is clicked on

2022-11-04 17:20:41 - [MESSAGE][PASSED] - Object: 'Object Repository/10-Open Video Conference/a_chat' is clicked on

2022-11-04 17:20:41 - [TEST_STEP][PASSED] - delay(3): Delayed 3 second(s)

2022-11-04 17:20:44 - [MESSAGE][PASSED] - Delayed 3 second(s)

2022-11-04 17:20:44 - [TEST_STEP][PASSED] - click(findTestObject("03-Header Menu/Hamburger Button/div_Open Video Conference")): Object: 'Object Repository/03-Header Menu/Hamburger Button/div_Open Video Conference' is clicked on

2022-11-04 17:20:44 - [MESSAGE][PASSED] - Object: 'Object Repository/03-Header Menu/Hamburger Button/div_Open Video Conference' is clicked on

2022-11-04 17:20:44 - [TEST_STEP][PASSED] - delay(3): Delayed 3 second(s)

2022-11-04 17:20:47 - [MESSAGE][PASSED] - Delayed 3 second(s)

2022-11-04 17:20:47 - [TEST_STEP][PASSED] - verifyElementVisible(findTestObject("10-Open Video Conference/h5_Meeting Title")): Object 'Object Repository/10-Open Video Conference/h5_Meeting Title' is visible

2022-11-04 17:20:48 - [MESSAGE][PASSED] - Object 'Object Repository/10-Open Video Conference/h5_Meeting Title' is visible

2022-11-04 17:20:48 - [TEST_STEP][PASSED] - click(findTestObject("10-Open Video Conference/input_Meeting Title")): Object: 'Object Repository/10-Open Video Conference/input_Meeting Title' is clicked on

2022-11-04 17:20:48 - [MESSAGE][PASSED] - Object: 'Object Repository/10-Open Video Conference/input_Meeting Title' is clicked on

2022-11-04 17:20:48 - [TEST_STEP][PASSED] - click(findTestObject("10-Open Video Conference/div_Now")): Object: 'Object Repository/10-Open Video Conference/div_Now' is clicked on

2022-11-04 17:20:49 - [MESSAGE][PASSED] - Object: 'Object Repository/10-Open Video Conference/div_Now' is clicked on

2022-11-04 17:20:49 - [TEST_STEP][PASSED] - delay(3): Delayed 3 second(s)

2022-11-04 17:20:52 - [MESSAGE][PASSED] - Delayed 3 second(s)

2022-11-04 17:20:52 - [TEST_STEP][PASSED] - verifyElementVisible(findTestObject("10-Open Video Conference/h5_Current Contacts")): Object 'Object Repository/10-Open Video Conference/h5_Current Contacts' is visible

2022-11-04 17:20:52 - [MESSAGE][PASSED] - Object 'Object Repository/10-Open Video Conference/h5_Current Contacts' is visible

2022-11-04 17:20:52 - [TEST_STEP][PASSED] - click(findTestObject("10-Open Video Conference/input_Current Contacts_inputSearchContacts")): Object: 'Object Repository/10-Open Video Conference/input_Current Contacts_inputSearchContacts' is clicked on

2022-11-04 17:20:52 - [MESSAGE][PASSED] - Object: 'Object Repository/10-Open Video Conference/input_Current Contacts_inputSearchContacts' is clicked on

2022-11-04 17:20:52 - [TEST_STEP][PASSED] - click(findTestObject("10-Open Video Conference/div_Now")): Object: 'Object Repository/10-Open Video Conference/div_Now' is clicked on

2022-11-04 17:20:53 - [MESSAGE][PASSED] - Object: 'Object Repository/10-Open Video Conference/div_Now' is clicked on

2022-11-04 17:20:53 - [TEST_STEP][PASSED] - delay(3): Delayed 3 second(s)

2022-11-04 17:20:56 - [MESSAGE][PASSED] - Delayed 3 second(s)

2022-11-04 17:20:56 - [TEST_STEP][PASSED] - verifyElementVisible(findTestObject("10-Open Video Conference/h5_New Guests")): Object 'Object Repository/10-Open Video Conference/h5_New Guests' is visible

2022-11-04 17:20:57 - [MESSAGE][PASSED] - Object 'Object Repository/10-Open Video Conference/h5_New Guests' is visible

2022-11-04 17:20:57 - [TEST_STEP][PASSED] - click(findTestObject("10-Open Video Conference/mat-checkbox-Save all to contacts")): Object: 'Object Repository/10-Open Video Conference/mat-checkbox-Save all to contacts' is clicked on

2022-11-04 17:20:57 - [MESSAGE][PASSED] - Object: 'Object Repository/10-Open Video Conference/mat-checkbox-Save all to contacts' is clicked on

2022-11-04 17:20:57 - [TEST_STEP][PASSED] - click(findTestObject("10-Open Video Conference/mat-checkbox-Save all to contacts")): Object: 'Object Repository/10-Open Video Conference/mat-checkbox-Save all to contacts' is clicked on

2022-11-04 17:20:58 - [MESSAGE][PASSED] - Object: 'Object Repository/10-Open Video Conference/mat-checkbox-Save all to contacts' is clicked on

2022-11-04 17:20:58 - [TEST_STEP][PASSED] - click(findTestObject("10-Open Video Conference/div_Enter a valid phone number")): Object: 'Object Repository/10-Open Video Conference/div_Enter a valid phone number' is clicked on

2022-11-04 17:20:59 - [MESSAGE][PASSED] - Object: 'Object Repository/10-Open Video Conference/div_Enter a valid phone number' is clicked on

2022-11-04 17:20:59 - [TEST_STEP][PASSED] - click(findTestObject("10-Open Video Conference/div_Enter a valid phone number")): Object: 'Object Repository/10-Open Video Conference/div_Enter a valid phone number' is clicked on

2022-11-04 17:20:59 - [MESSAGE][PASSED] - Object: 'Object Repository/10-Open Video Conference/div_Enter a valid phone number' is clicked on

2022-11-04 17:20:59 - [TEST_STEP][PASSED] - delay(2): Delayed 2 second(s)

2022-11-04 17:21:01 - [MESSAGE][PASSED] - Delayed 2 second(s)

2022-11-04 17:21:01 - [TEST_STEP][PASSED] - click(findTestObject("10-Open Video Conference/input_Firstname")): Object: 'Object Repository/10-Open Video Conference/input_Firstname' is clicked on

2022-11-04 17:21:02 - [MESSAGE][PASSED] - Object: 'Object Repository/10-Open Video Conference/input_Firstname' is clicked on

2022-11-04 17:21:02 - [TEST_STEP][PASSED] - click(findTestObject("10-Open Video Conference/input_Lastname")): Object: 'Object Repository/10-Open Video Conference/input_Lastname' is clicked on

2022-11-04 17:21:02 - [MESSAGE][PASSED] - Object: 'Object Repository/10-Open Video Conference/input_Lastname' is clicked on

2022-11-04 17:21:02 - [TEST_STEP][PASSED] - click(findTestObject("10-Open Video Conference/input_emailPhonenumber")): Object: 'Object Repository/10-Open Video Conference/input_emailPhonenumber' is clicked on

2022-11-04 17:21:03 - [MESSAGE][PASSED] - Object: 'Object Repository/10-Open Video Conference/input_emailPhonenumber' is clicked on

2022-11-04 17:21:03 - [TEST_STEP][PASSED] - verifyElementVisible(findTestObject("10-Open Video Conference/mat-error_Field is required")): Object 'Object Repository/10-Open Video Conference/mat-error_Field is required' is visible

2022-11-04 17:21:03 - [MESSAGE][PASSED] - Object 'Object Repository/10-Open Video Conference/mat-error_Field is required' is visible

2022-11-04 17:21:03 - [TEST_STEP][PASSED] - clickOffset(findTestObject("10-Open Video Conference/input_Meeting Title"), 10, 10): Object: 'Object Repository/10-Open Video Conference/input_Meeting Title' is clicked on using offset x=10 and y=10

2022-11-04 17:21:04 - [MESSAGE][PASSED] - Object: 'Object Repository/10-Open Video Conference/input_Meeting Title' is clicked on using offset x=10 and y=10

2022-11-04 17:21:04 - [TEST_STEP][PASSED] - verifyElementVisible(findTestObject("10-Open Video Conference/error_Enter a valid emailEnter a valid phone number (eg 13330001234)")): Object 'Object Repository/10-Open Video Conference/error_Enter a valid emailEnter a valid phone number (eg 13330001234)' is visible

2022-11-04 17:21:04 - [MESSAGE][PASSED] - Object 'Object Repository/10-Open Video Conference/error_Enter a valid emailEnter a valid phone number (eg 13330001234)' is visible

2022-11-04 17:21:04 - [TEST_STEP][PASSED] - clickOffset(findTestObject("10-Open Video Conference/input_Lastname"), 10, 10): Object: 'Object Repository/10-Open Video Conference/input_Lastname' is clicked on using offset x=10 and y=10

2022-11-04 17:21:05 - [MESSAGE][PASSED] - Object: 'Object Repository/10-Open Video Conference/input_Lastname' is clicked on using offset x=10 and y=10

2022-11-04 17:21:05 - [TEST_STEP][PASSED] - delay(2): Delayed 2 second(s)

2022-11-04 17:21:07 - [MESSAGE][PASSED] - Delayed 2 second(s)

2022-11-04 17:21:07 - [TEST_STEP][PASSED] - click(findTestObject("10-Open Video Conference/div_Schedule")): Object: 'Object Repository/10-Open Video Conference/div_Schedule' is clicked on

2022-11-04 17:21:07 - [MESSAGE][PASSED] - Object: 'Object Repository/10-Open Video Conference/div_Schedule' is clicked on

2022-11-04 17:21:07 - [TEST_STEP][PASSED] - verifyElementVisible(findTestObject("10-Open Video Conference/button_Start Date")): Object 'Object Repository/10-Open Video Conference/button_Start Date' is visible

2022-11-04 17:21:08 - [MESSAGE][PASSED] - Object 'Object Repository/10-Open Video Conference/button_Start Date' is visible

2022-11-04 17:21:08 - [TEST_STEP][PASSED] - clickOffset(findTestObject("10-Open Video Conference/input_Meeting Title"), 10, 10): Object: 'Object Repository/10-Open Video Conference/input_Meeting Title' is clicked on using offset x=10 and y=10

2022-11-04 17:21:08 - [MESSAGE][PASSED] - Object: 'Object Repository/10-Open Video Conference/input_Meeting Title' is clicked on using offset x=10 and y=10

2022-11-04 17:21:08 - [TEST_STEP][PASSED] - verifyElementVisible(findTestObject("10-Open Video Conference/button_End Date")): Object 'Object Repository/10-Open Video Conference/button_End Date' is visible

2022-11-04 17:21:08 - [MESSAGE][PASSED] - Object 'Object Repository/10-Open Video Conference/button_End Date' is visible

2022-11-04 17:21:08 - [TEST_STEP][PASSED] - verifyElementNotClickable(findTestObject("10-Open Video Conference/button_Create meeting")): Object 'Object Repository/10-Open Video Conference/button_Create meeting' is NOT clickable

2022-11-04 17:21:09 - [MESSAGE][PASSED] - Object 'Object Repository/10-Open Video Conference/button_Create meeting' is NOT clickable

2022-11-04 17:21:09 - [TEST_STEP][PASSED] - clickOffset(findTestObject("10-Open Video Conference/input_Meeting Title"), 10, 10): Object: 'Object Repository/10-Open Video Conference/input_Meeting Title' is clicked on using offset x=10 and y=10

2022-11-04 17:21:09 - [MESSAGE][PASSED] - Object: 'Object Repository/10-Open Video Conference/input_Meeting Title' is clicked on using offset x=10 and y=10

2022-11-04 17:21:09 - [TEST_STEP][PASSED] - verifyElementVisible(findTestObject("10-Open Video Conference/div_recurrence_dropdown")): Object 'Object Repository/10-Open Video Conference/div_recurrence_dropdown' is visible

2022-11-04 17:21:10 - [MESSAGE][PASSED] - Object 'Object Repository/10-Open Video Conference/div_recurrence_dropdown' is visible

2022-11-04 17:21:10 - [TEST_STEP][PASSED] - delay(4): Delayed 4 second(s)

2022-11-04 17:21:14 - [MESSAGE][PASSED] - Delayed 4 second(s)]]></system-out>
         <system-err><![CDATA[]]></system-err>
      </testcase>
      <testcase name="Test Cases/10-Open Video Conference/02-Invalid email" time="6.828" classname="Test Cases/10-Open Video Conference/02-Invalid email" status="PASSED">
         <system-out><![CDATA[2022-11-04 17:21:14 - [TEST_CASE][PASSED] - Test Cases/10-Open Video Conference/02-Invalid email: Test Cases/10-Open Video Conference/02-Invalid email

2022-11-04 17:21:14 - [TEST_STEP][PASSED] - delay(3): Delayed 3 second(s)

2022-11-04 17:21:17 - [MESSAGE][PASSED] - Delayed 3 second(s)

2022-11-04 17:21:17 - [TEST_STEP][PASSED] - verifyElementVisible(findTestObject("10-Open Video Conference/h5_New Guests")): Object 'Object Repository/10-Open Video Conference/h5_New Guests' is visible

2022-11-04 17:21:17 - [MESSAGE][PASSED] - Object 'Object Repository/10-Open Video Conference/h5_New Guests' is visible

2022-11-04 17:21:17 - [TEST_STEP][PASSED] - setText(findTestObject("10-Open Video Conference/input_emailPhonenumber"), "invalidemail123.com"): Text 'invalidemail123.com' is set on object 'Object Repository/10-Open Video Conference/input_emailPhonenumber'

2022-11-04 17:21:18 - [MESSAGE][PASSED] - Text 'invalidemail123.com' is set on object 'Object Repository/10-Open Video Conference/input_emailPhonenumber'

2022-11-04 17:21:18 - [TEST_STEP][PASSED] - verifyElementVisible(findTestObject("10-Open Video Conference/mat-error_Enter a valid email")): Object 'Object Repository/10-Open Video Conference/mat-error_Enter a valid email' is visible

2022-11-04 17:21:18 - [MESSAGE][PASSED] - Object 'Object Repository/10-Open Video Conference/mat-error_Enter a valid email' is visible

2022-11-04 17:21:18 - [TEST_STEP][PASSED] - delay(2): Delayed 2 second(s)

2022-11-04 17:21:20 - [MESSAGE][PASSED] - Delayed 2 second(s)]]></system-out>
         <system-err><![CDATA[]]></system-err>
      </testcase>
      <testcase name="Test Cases/10-Open Video Conference/03-Invalid phone number" time="6.775" classname="Test Cases/10-Open Video Conference/03-Invalid phone number" status="PASSED">
         <system-out><![CDATA[2022-11-04 17:21:20 - [TEST_CASE][PASSED] - Test Cases/10-Open Video Conference/03-Invalid phone number: Test Cases/10-Open Video Conference/03-Invalid phone number

2022-11-04 17:21:21 - [TEST_STEP][PASSED] - delay(3): Delayed 3 second(s)

2022-11-04 17:21:24 - [MESSAGE][PASSED] - Delayed 3 second(s)

2022-11-04 17:21:24 - [TEST_STEP][PASSED] - verifyElementVisible(findTestObject("10-Open Video Conference/h5_New Guests")): Object 'Object Repository/10-Open Video Conference/h5_New Guests' is visible

2022-11-04 17:21:24 - [MESSAGE][PASSED] - Object 'Object Repository/10-Open Video Conference/h5_New Guests' is visible

2022-11-04 17:21:24 - [TEST_STEP][PASSED] - setText(findTestObject("10-Open Video Conference/input_emailPhonenumber"), "+123456789"): Text '+123456789' is set on object 'Object Repository/10-Open Video Conference/input_emailPhonenumber'

2022-11-04 17:21:25 - [MESSAGE][PASSED] - Text '+123456789' is set on object 'Object Repository/10-Open Video Conference/input_emailPhonenumber'

2022-11-04 17:21:25 - [TEST_STEP][PASSED] - verifyElementVisible(findTestObject("10-Open Video Conference/mat-error_Enter a valid phone number (eg 13330001234)")): Object 'Object Repository/10-Open Video Conference/mat-error_Enter a valid phone number (eg 13330001234)' is visible

2022-11-04 17:21:25 - [MESSAGE][PASSED] - Object 'Object Repository/10-Open Video Conference/mat-error_Enter a valid phone number (eg 13330001234)' is visible

2022-11-04 17:21:25 - [TEST_STEP][PASSED] - delay(2): Delayed 2 second(s)

2022-11-04 17:21:27 - [MESSAGE][PASSED] - Delayed 2 second(s)]]></system-out>
         <system-err><![CDATA[]]></system-err>
      </testcase>
      <testcase name="Test Cases/10-Open Video Conference/04-Schedule a Meeting(Now)" time="46.659" classname="Test Cases/10-Open Video Conference/04-Schedule a Meeting(Now)" status="PASSED">
         <system-out><![CDATA[2022-11-04 17:21:27 - [TEST_CASE][PASSED] - Test Cases/10-Open Video Conference/04-Schedule a Meeting(Now): Test Cases/10-Open Video Conference/04-Schedule a Meeting(Now)

2022-11-04 17:21:28 - [TEST_STEP][PASSED] - delay(3): Delayed 3 second(s)

2022-11-04 17:21:31 - [MESSAGE][PASSED] - Delayed 3 second(s)

2022-11-04 17:21:31 - [TEST_STEP][PASSED] - verifyElementVisible(findTestObject("10-Open Video Conference/h5_Meeting Title")): Object 'Object Repository/10-Open Video Conference/h5_Meeting Title' is visible

2022-11-04 17:21:31 - [MESSAGE][PASSED] - Object 'Object Repository/10-Open Video Conference/h5_Meeting Title' is visible

2022-11-04 17:21:31 - [TEST_STEP][PASSED] - setText(findTestObject("10-Open Video Conference/input_Meeting Title"), "Automation Meeting"): Text 'Automation Meeting' is set on object 'Object Repository/10-Open Video Conference/input_Meeting Title'

2022-11-04 17:21:32 - [MESSAGE][PASSED] - Text 'Automation Meeting' is set on object 'Object Repository/10-Open Video Conference/input_Meeting Title'

2022-11-04 17:21:32 - [TEST_STEP][PASSED] - click(findTestObject("10-Open Video Conference/div_Now")): Object: 'Object Repository/10-Open Video Conference/div_Now' is clicked on

2022-11-04 17:21:32 - [MESSAGE][PASSED] - Object: 'Object Repository/10-Open Video Conference/div_Now' is clicked on

2022-11-04 17:21:32 - [TEST_STEP][PASSED] - delay(3): Delayed 3 second(s)

2022-11-04 17:21:35 - [MESSAGE][PASSED] - Delayed 3 second(s)

2022-11-04 17:21:35 - [TEST_STEP][PASSED] - verifyElementVisible(findTestObject("10-Open Video Conference/h5_Current Contacts")): Object 'Object Repository/10-Open Video Conference/h5_Current Contacts' is visible

2022-11-04 17:21:36 - [MESSAGE][PASSED] - Object 'Object Repository/10-Open Video Conference/h5_Current Contacts' is visible

2022-11-04 17:21:36 - [TEST_STEP][PASSED] - click(findTestObject("10-Open Video Conference/input_Current Contacts_inputSearchContacts")): Object: 'Object Repository/10-Open Video Conference/input_Current Contacts_inputSearchContacts' is clicked on

2022-11-04 17:21:36 - [MESSAGE][PASSED] - Object: 'Object Repository/10-Open Video Conference/input_Current Contacts_inputSearchContacts' is clicked on

2022-11-04 17:21:36 - [TEST_STEP][PASSED] - click(findTestObject("10-Open Video Conference/span_GG tester")): Object: 'Object Repository/10-Open Video Conference/span_GG tester' is clicked on

2022-11-04 17:21:37 - [MESSAGE][PASSED] - Object: 'Object Repository/10-Open Video Conference/span_GG tester' is clicked on

2022-11-04 17:21:37 - [TEST_STEP][PASSED] - delay(2): Delayed 2 second(s)

2022-11-04 17:21:39 - [MESSAGE][PASSED] - Delayed 2 second(s)

2022-11-04 17:21:39 - [TEST_STEP][PASSED] - click(findTestObject("10-Open Video Conference/mat-icon_cancel")): Object: 'Object Repository/10-Open Video Conference/mat-icon_cancel' is clicked on

2022-11-04 17:21:39 - [MESSAGE][PASSED] - Object: 'Object Repository/10-Open Video Conference/mat-icon_cancel' is clicked on

2022-11-04 17:21:39 - [TEST_STEP][PASSED] - click(findTestObject("10-Open Video Conference/span_GG tester")): Object: 'Object Repository/10-Open Video Conference/span_GG tester' is clicked on

2022-11-04 17:21:40 - [MESSAGE][PASSED] - Object: 'Object Repository/10-Open Video Conference/span_GG tester' is clicked on

2022-11-04 17:21:40 - [TEST_STEP][PASSED] - clickOffset(findTestObject("10-Open Video Conference/h5_Current Contacts"), 10, 10): Object: 'Object Repository/10-Open Video Conference/h5_Current Contacts' is clicked on using offset x=10 and y=10

2022-11-04 17:21:40 - [MESSAGE][PASSED] - Object: 'Object Repository/10-Open Video Conference/h5_Current Contacts' is clicked on using offset x=10 and y=10

2022-11-04 17:21:40 - [TEST_STEP][PASSED] - delay(3): Delayed 3 second(s)

2022-11-04 17:21:43 - [MESSAGE][PASSED] - Delayed 3 second(s)

2022-11-04 17:21:43 - [TEST_STEP][PASSED] - verifyElementVisible(findTestObject("10-Open Video Conference/h5_New Guests")): Object 'Object Repository/10-Open Video Conference/h5_New Guests' is visible

2022-11-04 17:21:44 - [MESSAGE][PASSED] - Object 'Object Repository/10-Open Video Conference/h5_New Guests' is visible

2022-11-04 17:21:44 - [TEST_STEP][PASSED] - click(findTestObject("10-Open Video Conference/mat-checkbox-Save all to contacts")): Object: 'Object Repository/10-Open Video Conference/mat-checkbox-Save all to contacts' is clicked on

2022-11-04 17:21:44 - [MESSAGE][PASSED] - Object: 'Object Repository/10-Open Video Conference/mat-checkbox-Save all to contacts' is clicked on

2022-11-04 17:21:44 - [TEST_STEP][PASSED] - click(findTestObject("10-Open Video Conference/mat-checkbox-Save all to contacts")): Object: 'Object Repository/10-Open Video Conference/mat-checkbox-Save all to contacts' is clicked on

2022-11-04 17:21:45 - [MESSAGE][PASSED] - Object: 'Object Repository/10-Open Video Conference/mat-checkbox-Save all to contacts' is clicked on

2022-11-04 17:21:45 - [TEST_STEP][PASSED] - click(findTestObject("10-Open Video Conference/div_Enter a valid phone number")): Object: 'Object Repository/10-Open Video Conference/div_Enter a valid phone number' is clicked on

2022-11-04 17:21:45 - [MESSAGE][PASSED] - Object: 'Object Repository/10-Open Video Conference/div_Enter a valid phone number' is clicked on

2022-11-04 17:21:45 - [TEST_STEP][PASSED] - click(findTestObject("10-Open Video Conference/div_Enter a valid phone number")): Object: 'Object Repository/10-Open Video Conference/div_Enter a valid phone number' is clicked on

2022-11-04 17:21:46 - [MESSAGE][PASSED] - Object: 'Object Repository/10-Open Video Conference/div_Enter a valid phone number' is clicked on

2022-11-04 17:21:46 - [TEST_STEP][PASSED] - delay(2): Delayed 2 second(s)

2022-11-04 17:21:48 - [MESSAGE][PASSED] - Delayed 2 second(s)

2022-11-04 17:21:48 - [TEST_STEP][PASSED] - setText(findTestObject("10-Open Video Conference/input_Firstname"), "Automation"): Text 'Automation' is set on object 'Object Repository/10-Open Video Conference/input_Firstname'

2022-11-04 17:21:48 - [MESSAGE][PASSED] - Text 'Automation' is set on object 'Object Repository/10-Open Video Conference/input_Firstname'

2022-11-04 17:21:48 - [TEST_STEP][PASSED] - setText(findTestObject("10-Open Video Conference/input_Lastname"), "Tester"): Text 'Tester' is set on object 'Object Repository/10-Open Video Conference/input_Lastname'

2022-11-04 17:21:49 - [MESSAGE][PASSED] - Text 'Tester' is set on object 'Object Repository/10-Open Video Conference/input_Lastname'

2022-11-04 17:21:49 - [TEST_STEP][PASSED] - setText(findTestObject("10-Open Video Conference/input_emailPhonenumber"), "09785467654"): Text '09785467654' is set on object 'Object Repository/10-Open Video Conference/input_emailPhonenumber'

2022-11-04 17:21:50 - [MESSAGE][PASSED] - Text '09785467654' is set on object 'Object Repository/10-Open Video Conference/input_emailPhonenumber'

2022-11-04 17:21:50 - [TEST_STEP][PASSED] - click(findTestObject("10-Open Video Conference/button_remove_new guests")): Object: 'Object Repository/10-Open Video Conference/button_remove_new guests' is clicked on

2022-11-04 17:21:51 - [MESSAGE][PASSED] - Object: 'Object Repository/10-Open Video Conference/button_remove_new guests' is clicked on

2022-11-04 17:21:51 - [TEST_STEP][PASSED] - delay(3): Delayed 3 second(s)

2022-11-04 17:21:54 - [MESSAGE][PASSED] - Delayed 3 second(s)

2022-11-04 17:21:54 - [TEST_STEP][PASSED] - setText(findTestObject("10-Open Video Conference/input_Firstname"), "Automation"): Text 'Automation' is set on object 'Object Repository/10-Open Video Conference/input_Firstname'

2022-11-04 17:21:54 - [MESSAGE][PASSED] - Text 'Automation' is set on object 'Object Repository/10-Open Video Conference/input_Firstname'

2022-11-04 17:21:54 - [TEST_STEP][PASSED] - setText(findTestObject("10-Open Video Conference/input_Lastname"), "Tester"): Text 'Tester' is set on object 'Object Repository/10-Open Video Conference/input_Lastname'

2022-11-04 17:21:55 - [MESSAGE][PASSED] - Text 'Tester' is set on object 'Object Repository/10-Open Video Conference/input_Lastname'

2022-11-04 17:21:55 - [TEST_STEP][PASSED] - setText(findTestObject("10-Open Video Conference/input_emailPhonenumber"), "09785467654"): Text '09785467654' is set on object 'Object Repository/10-Open Video Conference/input_emailPhonenumber'

2022-11-04 17:21:56 - [MESSAGE][PASSED] - Text '09785467654' is set on object 'Object Repository/10-Open Video Conference/input_emailPhonenumber'

2022-11-04 17:21:56 - [TEST_STEP][PASSED] - delay(3): Delayed 3 second(s)

2022-11-04 17:21:59 - [MESSAGE][PASSED] - Delayed 3 second(s)

2022-11-04 17:21:59 - [TEST_STEP][PASSED] - click(findTestObject("10-Open Video Conference/button_add_new guests")): Object: 'Object Repository/10-Open Video Conference/button_add_new guests' is clicked on

2022-11-04 17:21:59 - [MESSAGE][PASSED] - Object: 'Object Repository/10-Open Video Conference/button_add_new guests' is clicked on

2022-11-04 17:21:59 - [TEST_STEP][PASSED] - delay(4): Delayed 4 second(s)

2022-11-04 17:22:03 - [MESSAGE][PASSED] - Delayed 4 second(s)

2022-11-04 17:22:03 - [TEST_STEP][PASSED] - click(findTestObject("10-Open Video Conference/button_Create meeting")): Object: 'Object Repository/10-Open Video Conference/button_Create meeting' is clicked on

2022-11-04 17:22:04 - [MESSAGE][PASSED] - Object: 'Object Repository/10-Open Video Conference/button_Create meeting' is clicked on

2022-11-04 17:22:04 - [TEST_STEP][PASSED] - delay(3): Delayed 3 second(s)

2022-11-04 17:22:07 - [MESSAGE][PASSED] - Delayed 3 second(s)

2022-11-04 17:22:07 - [TEST_STEP][PASSED] - verifyElementVisible(findTestObject("10-Open Video Conference/div_link_meetingroom")): Object 'Object Repository/10-Open Video Conference/div_link_meetingroom' is visible

2022-11-04 17:22:07 - [MESSAGE][PASSED] - Object 'Object Repository/10-Open Video Conference/div_link_meetingroom' is visible

2022-11-04 17:22:07 - [TEST_STEP][PASSED] - delay(2): Delayed 2 second(s)

2022-11-04 17:22:10 - [MESSAGE][PASSED] - Delayed 2 second(s)

2022-11-04 17:22:10 - [TEST_STEP][PASSED] - click(findTestObject("10-Open Video Conference/button_Create another meeting")): Object: 'Object Repository/10-Open Video Conference/button_Create another meeting' is clicked on

2022-11-04 17:22:10 - [MESSAGE][PASSED] - Object: 'Object Repository/10-Open Video Conference/button_Create another meeting' is clicked on

2022-11-04 17:22:10 - [TEST_STEP][PASSED] - delay(4): Delayed 4 second(s)

2022-11-04 17:22:14 - [MESSAGE][PASSED] - Delayed 4 second(s)]]></system-out>
         <system-err><![CDATA[]]></system-err>
      </testcase>
      <testcase name="Test Cases/10-Open Video Conference/05-Schedule a Meeting(Schedule)" time="43.229" classname="Test Cases/10-Open Video Conference/05-Schedule a Meeting(Schedule)" status="PASSED">
         <system-out><![CDATA[2022-11-04 17:22:14 - [TEST_CASE][PASSED] - Test Cases/10-Open Video Conference/05-Schedule a Meeting(Schedule): Test Cases/10-Open Video Conference/05-Schedule a Meeting(Schedule)

2022-11-04 17:22:14 - [TEST_STEP][PASSED] - delay(3): Delayed 3 second(s)

2022-11-04 17:22:17 - [MESSAGE][PASSED] - Delayed 3 second(s)

2022-11-04 17:22:17 - [TEST_STEP][PASSED] - verifyElementVisible(findTestObject("10-Open Video Conference/h5_Meeting Title")): Object 'Object Repository/10-Open Video Conference/h5_Meeting Title' is visible

2022-11-04 17:22:18 - [MESSAGE][PASSED] - Object 'Object Repository/10-Open Video Conference/h5_Meeting Title' is visible

2022-11-04 17:22:18 - [TEST_STEP][PASSED] - click(findTestObject("10-Open Video Conference/div_Schedule")): Object: 'Object Repository/10-Open Video Conference/div_Schedule' is clicked on

2022-11-04 17:22:18 - [MESSAGE][PASSED] - Object: 'Object Repository/10-Open Video Conference/div_Schedule' is clicked on

2022-11-04 17:22:18 - [TEST_STEP][PASSED] - setText(findTestObject("10-Open Video Conference/input_Meeting Title"), "Automation Meeting"): Text 'Automation Meeting' is set on object 'Object Repository/10-Open Video Conference/input_Meeting Title'

2022-11-04 17:22:19 - [MESSAGE][PASSED] - Text 'Automation Meeting' is set on object 'Object Repository/10-Open Video Conference/input_Meeting Title'

2022-11-04 17:22:19 - [TEST_STEP][PASSED] - delay(3): Delayed 3 second(s)

2022-11-04 17:22:22 - [MESSAGE][PASSED] - Delayed 3 second(s)

2022-11-04 17:22:22 - [TEST_STEP][PASSED] - click(findTestObject("10-Open Video Conference/button_Start Date")): Object: 'Object Repository/10-Open Video Conference/button_Start Date' is clicked on

2022-11-04 17:22:23 - [MESSAGE][PASSED] - Object: 'Object Repository/10-Open Video Conference/button_Start Date' is clicked on

2022-11-04 17:22:23 - [TEST_STEP][PASSED] - verifyElementVisible(findTestObject("05-Chat/08-Schedule a meeting/calendar modal")): Object 'Object Repository/05-Chat/08-Schedule a meeting/calendar modal' is visible

2022-11-04 17:22:23 - [MESSAGE][PASSED] - Object 'Object Repository/05-Chat/08-Schedule a meeting/calendar modal' is visible

2022-11-04 17:22:23 - [TEST_STEP][PASSED] - clickOffset(findTestObject("10-Open Video Conference/div_Schedule"), 10, 10): Object: 'Object Repository/10-Open Video Conference/div_Schedule' is clicked on using offset x=10 and y=10

2022-11-04 17:22:24 - [MESSAGE][PASSED] - Object: 'Object Repository/10-Open Video Conference/div_Schedule' is clicked on using offset x=10 and y=10

2022-11-04 17:22:24 - [TEST_STEP][PASSED] - delay(3): Delayed 3 second(s)

2022-11-04 17:22:27 - [MESSAGE][PASSED] - Delayed 3 second(s)

2022-11-04 17:22:27 - [TEST_STEP][PASSED] - click(findTestObject("10-Open Video Conference/button_End Date")): Object: 'Object Repository/10-Open Video Conference/button_End Date' is clicked on

2022-11-04 17:22:27 - [MESSAGE][PASSED] - Object: 'Object Repository/10-Open Video Conference/button_End Date' is clicked on

2022-11-04 17:22:27 - [TEST_STEP][PASSED] - verifyElementVisible(findTestObject("05-Chat/08-Schedule a meeting/calendar modal")): Object 'Object Repository/05-Chat/08-Schedule a meeting/calendar modal' is visible

2022-11-04 17:22:28 - [MESSAGE][PASSED] - Object 'Object Repository/05-Chat/08-Schedule a meeting/calendar modal' is visible

2022-11-04 17:22:28 - [TEST_STEP][PASSED] - clickOffset(findTestObject("10-Open Video Conference/div_Schedule"), 10, 10): Object: 'Object Repository/10-Open Video Conference/div_Schedule' is clicked on using offset x=10 and y=10

2022-11-04 17:22:28 - [MESSAGE][PASSED] - Object: 'Object Repository/10-Open Video Conference/div_Schedule' is clicked on using offset x=10 and y=10

2022-11-04 17:22:28 - [TEST_STEP][PASSED] - delay(3): Delayed 3 second(s)

2022-11-04 17:22:31 - [MESSAGE][PASSED] - Delayed 3 second(s)

2022-11-04 17:22:31 - [TEST_STEP][PASSED] - click(findTestObject("10-Open Video Conference/div_recurrence_dropdown")): Object: 'Object Repository/10-Open Video Conference/div_recurrence_dropdown' is clicked on

2022-11-04 17:22:32 - [MESSAGE][PASSED] - Object: 'Object Repository/10-Open Video Conference/div_recurrence_dropdown' is clicked on

2022-11-04 17:22:32 - [TEST_STEP][PASSED] - click(findTestObject("10-Open Video Conference/span_Does not repeat")): Object: 'Object Repository/10-Open Video Conference/span_Does not repeat' is clicked on

2022-11-04 17:22:32 - [MESSAGE][PASSED] - Object: 'Object Repository/10-Open Video Conference/span_Does not repeat' is clicked on

2022-11-04 17:22:32 - [TEST_STEP][PASSED] - delay(3): Delayed 3 second(s)

2022-11-04 17:22:35 - [MESSAGE][PASSED] - Delayed 3 second(s)

2022-11-04 17:22:35 - [TEST_STEP][PASSED] - verifyElementVisible(findTestObject("10-Open Video Conference/h5_Current Contacts")): Object 'Object Repository/10-Open Video Conference/h5_Current Contacts' is visible

2022-11-04 17:22:36 - [MESSAGE][PASSED] - Object 'Object Repository/10-Open Video Conference/h5_Current Contacts' is visible

2022-11-04 17:22:36 - [TEST_STEP][PASSED] - click(findTestObject("10-Open Video Conference/input_Current Contacts_inputSearchContacts")): Object: 'Object Repository/10-Open Video Conference/input_Current Contacts_inputSearchContacts' is clicked on

2022-11-04 17:22:36 - [MESSAGE][PASSED] - Object: 'Object Repository/10-Open Video Conference/input_Current Contacts_inputSearchContacts' is clicked on

2022-11-04 17:22:36 - [TEST_STEP][PASSED] - click(findTestObject("10-Open Video Conference/span_GG tester 2")): Object: 'Object Repository/10-Open Video Conference/span_GG tester 2' is clicked on

2022-11-04 17:22:37 - [MESSAGE][PASSED] - Object: 'Object Repository/10-Open Video Conference/span_GG tester 2' is clicked on

2022-11-04 17:22:37 - [TEST_STEP][PASSED] - clickOffset(findTestObject("10-Open Video Conference/h5_Current Contacts"), 10, 10): Object: 'Object Repository/10-Open Video Conference/h5_Current Contacts' is clicked on using offset x=10 and y=10

2022-11-04 17:22:37 - [MESSAGE][PASSED] - Object: 'Object Repository/10-Open Video Conference/h5_Current Contacts' is clicked on using offset x=10 and y=10

2022-11-04 17:22:37 - [TEST_STEP][PASSED] - delay(3): Delayed 3 second(s)

2022-11-04 17:22:40 - [MESSAGE][PASSED] - Delayed 3 second(s)

2022-11-04 17:22:40 - [TEST_STEP][PASSED] - verifyElementVisible(findTestObject("10-Open Video Conference/h5_New Guests")): Object 'Object Repository/10-Open Video Conference/h5_New Guests' is visible

2022-11-04 17:22:41 - [MESSAGE][PASSED] - Object 'Object Repository/10-Open Video Conference/h5_New Guests' is visible

2022-11-04 17:22:41 - [TEST_STEP][PASSED] - setText(findTestObject("10-Open Video Conference/input_Firstname"), "Automation"): Text 'Automation' is set on object 'Object Repository/10-Open Video Conference/input_Firstname'

2022-11-04 17:22:41 - [MESSAGE][PASSED] - Text 'Automation' is set on object 'Object Repository/10-Open Video Conference/input_Firstname'

2022-11-04 17:22:41 - [TEST_STEP][PASSED] - setText(findTestObject("10-Open Video Conference/input_Lastname"), "Tester"): Text 'Tester' is set on object 'Object Repository/10-Open Video Conference/input_Lastname'

2022-11-04 17:22:42 - [MESSAGE][PASSED] - Text 'Tester' is set on object 'Object Repository/10-Open Video Conference/input_Lastname'

2022-11-04 17:22:42 - [TEST_STEP][PASSED] - setText(findTestObject("10-Open Video Conference/input_emailPhonenumber"), "09785467654"): Text '09785467654' is set on object 'Object Repository/10-Open Video Conference/input_emailPhonenumber'

2022-11-04 17:22:43 - [MESSAGE][PASSED] - Text '09785467654' is set on object 'Object Repository/10-Open Video Conference/input_emailPhonenumber'

2022-11-04 17:22:43 - [TEST_STEP][PASSED] - delay(3): Delayed 3 second(s)

2022-11-04 17:22:46 - [MESSAGE][PASSED] - Delayed 3 second(s)

2022-11-04 17:22:46 - [TEST_STEP][PASSED] - click(findTestObject("10-Open Video Conference/button_Create meeting")): Object: 'Object Repository/10-Open Video Conference/button_Create meeting' is clicked on

2022-11-04 17:22:47 - [MESSAGE][PASSED] - Object: 'Object Repository/10-Open Video Conference/button_Create meeting' is clicked on

2022-11-04 17:22:47 - [TEST_STEP][PASSED] - delay(3): Delayed 3 second(s)

2022-11-04 17:22:50 - [MESSAGE][PASSED] - Delayed 3 second(s)

2022-11-04 17:22:50 - [TEST_STEP][PASSED] - verifyElementVisible(findTestObject("10-Open Video Conference/div_link_meetingroom")): Object 'Object Repository/10-Open Video Conference/div_link_meetingroom' is visible

2022-11-04 17:22:50 - [MESSAGE][PASSED] - Object 'Object Repository/10-Open Video Conference/div_link_meetingroom' is visible

2022-11-04 17:22:50 - [TEST_STEP][PASSED] - delay(2): Delayed 2 second(s)

2022-11-04 17:22:52 - [MESSAGE][PASSED] - Delayed 2 second(s)

2022-11-04 17:22:52 - [TEST_STEP][PASSED] - click(findTestObject("10-Open Video Conference/button_Create another meeting")): Object: 'Object Repository/10-Open Video Conference/button_Create another meeting' is clicked on

2022-11-04 17:22:52 - [MESSAGE][PASSED] - Object: 'Object Repository/10-Open Video Conference/button_Create another meeting' is clicked on

2022-11-04 17:22:52 - [TEST_STEP][PASSED] - delay(4): Delayed 4 second(s)

2022-11-04 17:22:56 - [MESSAGE][PASSED] - Delayed 4 second(s)

2022-11-04 17:22:56 - [TEST_STEP][PASSED] - closeBrowser(): Browser is closed

2022-11-04 17:22:57 - [MESSAGE][PASSED] - Browser is closed]]></system-out>
         <system-err><![CDATA[]]></system-err>
      </testcase>
      <system-out><![CDATA[2022-11-04 17:19:23 - [TEST_SUITE][PASSED] - 10-Open Video Conference: Test Cases/10-Open Video Conference/05-Schedule a Meeting(Schedule)]]></system-out>
      <system-err><![CDATA[]]></system-err>
   </testsuite>
</testsuites>
