<?xml version="1.0" encoding="UTF-8"?>
<testsuites name="09.5 - Settings (Organization)" time="234.84" tests="3" failures="0" errors="0">
   <testsuite name="09.5 - Settings (Organization)" tests="3" failures="0" errors="0" time="234.84" skipped="0" timestamp="2022-12-09 16:10:52" hostname="User - DESKTOP-QCRNR4M" id="Test Suites/TS-Organization/09.5 - Settings (Organization)">
      <properties>
         <property name="deviceName" value=""/>
         <property name="devicePlatform" value=""/>
         <property name="logFolder" value="C:\\Users\\User\\Katalon Studio\\EverleaguesMain\\Reports\\20221209_161049\\TS-Organization\\09.5 - Settings (Organization)\\20221209_161049"/>
         <property name="logFiles" value="C:\\Users\\User\\Katalon Studio\\EverleaguesMain\\Reports\\20221209_161049\\TS-Organization\\09.5 - Settings (Organization)\\20221209_161049\\execution0.log"/>
         <property name="attachments" value=""/>
         <property name="hostName" value="User - DESKTOP-QCRNR4M"/>
         <property name="os" value="Windows 10 64bit"/>
         <property name="katalonVersion" value="8.4.1.208"/>
         <property name="browser" value="Chrome 108.0.0.0"/>
         <property name="hostAddress" value="192.168.5.124"/>
         <property name="sessionId" value="99c9cc9f285c47ed161872df32d39bf3"/>
         <property name="seleniumVersion" value="3.141.59"/>
         <property name="proxyInformation" value="ProxyInformation { proxyOption=NO_PROXY, proxyServerType=HTTP, username=, password=********, proxyServerAddress=, proxyServerPort=0, executionList=&quot;&quot;, isApplyToDesiredCapabilities=true }"/>
         <property name="platform" value="Windows 10"/>
      </properties>
      <testcase name="Test Cases/09-Settings/23 - Organization - Profile Settings" time="142.147" classname="Test Cases/09-Settings/23 - Organization - Profile Settings" status="PASSED">
         <system-out><![CDATA[2022-12-09 16:10:52 - [TEST_CASE][PASSED] - Test Cases/09-Settings/23 - Organization - Profile Settings: Test Cases/09-Settings/23 - Organization - Profile Settings

2022-12-09 16:10:52 - [TEST_STEP][PASSED] - openBrowser(""): Browser is opened with url: ''

2022-12-09 16:10:53 - [MESSAGE][INFO] - Starting 'Chrome' driver

2022-12-09 16:10:53 - [MESSAGE][INFO] - Action delay is set to 0 milliseconds

2022-12-09 16:10:55 - [MESSAGE][PASSED] - Browser is opened with url: ''

2022-12-09 16:10:55 - [TEST_STEP][PASSED] - navigateToUrl("https://lab.everleagues.com/"): Navigate to 'https://lab.everleagues.com/' successfully

2022-12-09 16:11:06 - [MESSAGE][PASSED] - Navigate to 'https://lab.everleagues.com/' successfully

2022-12-09 16:11:06 - [TEST_STEP][PASSED] - maximizeWindow(): Current window maximized

2022-12-09 16:11:06 - [MESSAGE][PASSED] - Current window maximized

2022-12-09 16:11:06 - [TEST_STEP][PASSED] - setText(findTestObject("02-Side Icons(Organization)/Add Contact/Email Field"), "testuser02@mailinator.com"): Text 'testuser02@mailinator.com' is set on object 'Object Repository/02-Side Icons(Organization)/Add Contact/Email Field'

2022-12-09 16:11:07 - [MESSAGE][PASSED] - Text 'testuser02@mailinator.com' is set on object 'Object Repository/02-Side Icons(Organization)/Add Contact/Email Field'

2022-12-09 16:11:07 - [TEST_STEP][PASSED] - setEncryptedText(findTestObject("02-Side Icons(Organization)/Add Contact/Password Field"), "8yFRyszE6U6jvsCn51OQbg=="): Text ****** has been set on object 'Object Repository/02-Side Icons(Organization)/Add Contact/Password Field'

2022-12-09 16:11:07 - [MESSAGE][PASSED] - Text ****** has been set on object 'Object Repository/02-Side Icons(Organization)/Add Contact/Password Field'

2022-12-09 16:11:07 - [TEST_STEP][PASSED] - click(findTestObject("02-Side Icons(Organization)/Add Contact/button_Sign in")): Object: 'Object Repository/02-Side Icons(Organization)/Add Contact/button_Sign in' is clicked on

2022-12-09 16:11:08 - [MESSAGE][PASSED] - Object: 'Object Repository/02-Side Icons(Organization)/Add Contact/button_Sign in' is clicked on

2022-12-09 16:11:08 - [TEST_STEP][PASSED] - delay(2): Delayed 2 second(s)

2022-12-09 16:11:10 - [MESSAGE][PASSED] - Delayed 2 second(s)

2022-12-09 16:11:10 - [TEST_STEP][PASSED] - click(findTestObject("06-Teams/For 2FA/button_Confirm_2FA")): Object: 'Object Repository/06-Teams/For 2FA/button_Confirm_2FA' is clicked on

2022-12-09 16:11:11 - [MESSAGE][PASSED] - Object: 'Object Repository/06-Teams/For 2FA/button_Confirm_2FA' is clicked on

2022-12-09 16:11:11 - [TEST_STEP][PASSED] - executeJavaScript("window.open();", []): Execute JavaScript 'window.open();' successfully

2022-12-09 16:11:11 - [MESSAGE][PASSED] - Execute JavaScript 'window.open();' successfully

2022-12-09 16:11:11 - [TEST_STEP][PASSED] - currentWindow = getWindowIndex(): Current window's index is: 0

2022-12-09 16:11:11 - [MESSAGE][PASSED] - Current window's index is: 0

2022-12-09 16:11:11 - [TEST_STEP][PASSED] - delay(3): Delayed 3 second(s)

2022-12-09 16:11:14 - [MESSAGE][PASSED] - Delayed 3 second(s)

2022-12-09 16:11:14 - [TEST_STEP][PASSED] - switchToWindowIndex(currentWindow + 1): Switched to window with index: '1'

2022-12-09 16:11:14 - [MESSAGE][PASSED] - Switched to window with index: '1'

2022-12-09 16:11:14 - [TEST_STEP][PASSED] - navigateToUrl("https://www.mailinator.com/"): Navigate to 'https://www.mailinator.com/' successfully

2022-12-09 16:11:17 - [MESSAGE][PASSED] - Navigate to 'https://www.mailinator.com/' successfully

2022-12-09 16:11:17 - [TEST_STEP][PASSED] - delay(3): Delayed 3 second(s)

2022-12-09 16:11:20 - [MESSAGE][PASSED] - Delayed 3 second(s)

2022-12-09 16:11:20 - [TEST_STEP][PASSED] - setText(findTestObject("00-Signup and Activation/zMailinator/input_LOGIN_search"), "testuser02@mailinator.com"): Text 'testuser02@mailinator.com' is set on object 'Object Repository/00-Signup and Activation/zMailinator/input_LOGIN_search'

2022-12-09 16:11:20 - [MESSAGE][PASSED] - Text 'testuser02@mailinator.com' is set on object 'Object Repository/00-Signup and Activation/zMailinator/input_LOGIN_search'

2022-12-09 16:11:20 - [TEST_STEP][PASSED] - click(findTestObject("00-Signup and Activation/zMailinator/gobutton"), STOP_ON_FAILURE): Object: 'Object Repository/00-Signup and Activation/zMailinator/gobutton' is clicked on

2022-12-09 16:11:22 - [MESSAGE][PASSED] - Object: 'Object Repository/00-Signup and Activation/zMailinator/gobutton' is clicked on

2022-12-09 16:11:22 - [TEST_STEP][PASSED] - delay(3): Delayed 3 second(s)

2022-12-09 16:11:25 - [MESSAGE][PASSED] - Delayed 3 second(s)

2022-12-09 16:11:25 - [TEST_STEP][PASSED] - click(findTestObject("00-Signup and Activation/zMailinator/Email - everleagues")): Object: 'Object Repository/00-Signup and Activation/zMailinator/Email - everleagues' is clicked on

2022-12-09 16:11:25 - [MESSAGE][PASSED] - Object: 'Object Repository/00-Signup and Activation/zMailinator/Email - everleagues' is clicked on

2022-12-09 16:11:25 - [TEST_STEP][PASSED] - delay(3): Delayed 3 second(s)

2022-12-09 16:11:28 - [MESSAGE][PASSED] - Delayed 3 second(s)

2022-12-09 16:11:28 - [TEST_STEP][PASSED] - code = getText(findTestObject("Object Repository/06-Teams/For 2FA/2FA code")): Text of object 'Object Repository/06-Teams/For 2FA/2FA code' is: '285147'

2022-12-09 16:11:29 - [MESSAGE][PASSED] - Text of object 'Object Repository/06-Teams/For 2FA/2FA code' is: '285147'

2022-12-09 16:11:29 - [TEST_STEP][PASSED] - delay(3): Delayed 3 second(s)

2022-12-09 16:11:32 - [MESSAGE][PASSED] - Delayed 3 second(s)

2022-12-09 16:11:32 - [TEST_STEP][PASSED] - closeWindowTitle("Mailinator"): Window with title: 'Mailinator' is closed

2022-12-09 16:11:32 - [MESSAGE][PASSED] - Window with title: 'Mailinator' is closed

2022-12-09 16:11:32 - [TEST_STEP][PASSED] - delay(3): Delayed 3 second(s)

2022-12-09 16:11:35 - [MESSAGE][PASSED] - Delayed 3 second(s)

2022-12-09 16:11:35 - [TEST_STEP][PASSED] - switchToWindowIndex(0): Switched to window with index: '0'

2022-12-09 16:11:35 - [MESSAGE][PASSED] - Switched to window with index: '0'

2022-12-09 16:11:35 - [TEST_STEP][PASSED] - delay(3): Delayed 3 second(s)

2022-12-09 16:11:38 - [MESSAGE][PASSED] - Delayed 3 second(s)

2022-12-09 16:11:38 - [TEST_STEP][PASSED] - setText(findTestObject("Object Repository/06-Teams/For 2FA/input_Enter verification code_code"), code): Text '285147' is set on object 'Object Repository/06-Teams/For 2FA/input_Enter verification code_code'

2022-12-09 16:11:39 - [MESSAGE][PASSED] - Text '285147' is set on object 'Object Repository/06-Teams/For 2FA/input_Enter verification code_code'

2022-12-09 16:11:39 - [TEST_STEP][PASSED] - delay(3): Delayed 3 second(s)

2022-12-09 16:11:42 - [MESSAGE][PASSED] - Delayed 3 second(s)

2022-12-09 16:11:42 - [TEST_STEP][PASSED] - click(findTestObject("06-Teams/For 2FA/button_Verify_2FA")): Object: 'Object Repository/06-Teams/For 2FA/button_Verify_2FA' is clicked on

2022-12-09 16:11:42 - [MESSAGE][PASSED] - Object: 'Object Repository/06-Teams/For 2FA/button_Verify_2FA' is clicked on

2022-12-09 16:11:42 - [TEST_STEP][PASSED] - delay(5): Delayed 5 second(s)

2022-12-09 16:11:47 - [MESSAGE][PASSED] - Delayed 5 second(s)

2022-12-09 16:11:47 - [TEST_STEP][PASSED] - click(findTestObject("06-Teams/button_doublearrow")): Object: 'Object Repository/06-Teams/button_doublearrow' is clicked on

2022-12-09 16:11:48 - [MESSAGE][PASSED] - Object: 'Object Repository/06-Teams/button_doublearrow' is clicked on

2022-12-09 16:11:48 - [TEST_STEP][PASSED] - click(findTestObject("06-Teams/button_My Organizations")): Object: 'Object Repository/06-Teams/button_My Organizations' is clicked on

2022-12-09 16:11:48 - [MESSAGE][PASSED] - Object: 'Object Repository/06-Teams/button_My Organizations' is clicked on

2022-12-09 16:11:48 - [TEST_STEP][PASSED] - click(findTestObject("06-Teams/button_GG Automation")): Object: 'Object Repository/06-Teams/button_GG Automation' is clicked on

2022-12-09 16:11:49 - [MESSAGE][PASSED] - Object: 'Object Repository/06-Teams/button_GG Automation' is clicked on

2022-12-09 16:11:49 - [TEST_STEP][PASSED] - delay(4): Delayed 4 second(s)

2022-12-09 16:11:53 - [MESSAGE][PASSED] - Delayed 4 second(s)

2022-12-09 16:11:53 - [TEST_STEP][PASSED] - verifyElementVisible(findTestObject("06-Teams/span_GG Automation")): Object 'Object Repository/06-Teams/span_GG Automation' is visible

2022-12-09 16:11:54 - [MESSAGE][PASSED] - Object 'Object Repository/06-Teams/span_GG Automation' is visible

2022-12-09 16:11:54 - [TEST_STEP][PASSED] - delay(5): Delayed 5 second(s)

2022-12-09 16:11:59 - [MESSAGE][PASSED] - Delayed 5 second(s)

2022-12-09 16:11:59 - [TEST_STEP][PASSED] - click(findTestObject("03-Header Menu/Hamburger Button/div_Settings")): Object: 'Object Repository/03-Header Menu/Hamburger Button/div_Settings' is clicked on

2022-12-09 16:11:59 - [MESSAGE][PASSED] - Object: 'Object Repository/03-Header Menu/Hamburger Button/div_Settings' is clicked on

2022-12-09 16:11:59 - [TEST_STEP][PASSED] - verifyElementVisible(findTestObject("09-Settings/Users/div_Organization")): Object 'Object Repository/09-Settings/Users/div_Organization' is visible

2022-12-09 16:11:59 - [MESSAGE][PASSED] - Object 'Object Repository/09-Settings/Users/div_Organization' is visible

2022-12-09 16:11:59 - [TEST_STEP][PASSED] - verifyElementVisible(findTestObject("09-Settings/Users/div_Organization Units")): Object 'Object Repository/09-Settings/Users/div_Organization Units' is visible

2022-12-09 16:12:00 - [MESSAGE][PASSED] - Object 'Object Repository/09-Settings/Users/div_Organization Units' is visible

2022-12-09 16:12:00 - [TEST_STEP][PASSED] - verifyElementVisible(findTestObject("09-Settings/Users/div_Subscriptions")): Object 'Object Repository/09-Settings/Users/div_Subscriptions' is visible

2022-12-09 16:12:00 - [MESSAGE][PASSED] - Object 'Object Repository/09-Settings/Users/div_Subscriptions' is visible

2022-12-09 16:12:00 - [TEST_STEP][PASSED] - verifyElementVisible(findTestObject("09-Settings/Users/div_Users")): Object 'Object Repository/09-Settings/Users/div_Users' is visible

2022-12-09 16:12:01 - [MESSAGE][PASSED] - Object 'Object Repository/09-Settings/Users/div_Users' is visible

2022-12-09 16:12:01 - [TEST_STEP][PASSED] - delay(3): Delayed 3 second(s)

2022-12-09 16:12:04 - [MESSAGE][PASSED] - Delayed 3 second(s)

2022-12-09 16:12:04 - [TEST_STEP][PASSED] - click(findTestObject("09-Settings/Users/div_Organization")): Object: 'Object Repository/09-Settings/Users/div_Organization' is clicked on

2022-12-09 16:12:04 - [MESSAGE][PASSED] - Object: 'Object Repository/09-Settings/Users/div_Organization' is clicked on

2022-12-09 16:12:04 - [TEST_STEP][PASSED] - verifyElementVisible(findTestObject("09-Settings/Organization/h4_ORGANIZATION SETTINGS")): Object 'Object Repository/09-Settings/Organization/h4_ORGANIZATION SETTINGS' is visible

2022-12-09 16:12:05 - [MESSAGE][PASSED] - Object 'Object Repository/09-Settings/Organization/h4_ORGANIZATION SETTINGS' is visible

2022-12-09 16:12:05 - [TEST_STEP][PASSED] - click(findTestObject("09-Settings/Organization/div_Profile")): Object: 'Object Repository/09-Settings/Organization/div_Profile' is clicked on

2022-12-09 16:12:05 - [MESSAGE][PASSED] - Object: 'Object Repository/09-Settings/Organization/div_Profile' is clicked on

2022-12-09 16:12:05 - [TEST_STEP][PASSED] - verifyElementVisible(findTestObject("09-Settings/Organization/div_ProfileSettings page")): Object 'Object Repository/09-Settings/Organization/div_ProfileSettings page' is visible

2022-12-09 16:12:06 - [MESSAGE][PASSED] - Object 'Object Repository/09-Settings/Organization/div_ProfileSettings page' is visible

2022-12-09 16:12:06 - [TEST_STEP][PASSED] - delay(3): Delayed 3 second(s)

2022-12-09 16:12:09 - [MESSAGE][PASSED] - Delayed 3 second(s)

2022-12-09 16:12:09 - [TEST_STEP][PASSED] - verifyElementVisible(findTestObject("09-Settings/Organization/mat-card-title_Profile")): Object 'Object Repository/09-Settings/Organization/mat-card-title_Profile' is visible

2022-12-09 16:12:09 - [MESSAGE][PASSED] - Object 'Object Repository/09-Settings/Organization/mat-card-title_Profile' is visible

2022-12-09 16:12:09 - [TEST_STEP][PASSED] - verifyElementVisible(findTestObject("09-Settings/Organization/input_Industry")): Object 'Object Repository/09-Settings/Organization/input_Industry' is visible

2022-12-09 16:12:10 - [MESSAGE][PASSED] - Object 'Object Repository/09-Settings/Organization/input_Industry' is visible

2022-12-09 16:12:10 - [TEST_STEP][PASSED] - verifyElementVisible(findTestObject("09-Settings/Organization/input_Organization number")): Object 'Object Repository/09-Settings/Organization/input_Organization number' is visible

2022-12-09 16:12:10 - [MESSAGE][PASSED] - Object 'Object Repository/09-Settings/Organization/input_Organization number' is visible

2022-12-09 16:12:10 - [TEST_STEP][PASSED] - delay(3): Delayed 3 second(s)

2022-12-09 16:12:13 - [MESSAGE][PASSED] - Delayed 3 second(s)

2022-12-09 16:12:13 - [TEST_STEP][PASSED] - click(findTestObject("03-Header Menu/User Profile/View Profile/Profile Tab/Upload Icon")): Object: 'Object Repository/03-Header Menu/User Profile/View Profile/Profile Tab/Upload Icon' is clicked on

2022-12-09 16:12:14 - [MESSAGE][PASSED] - Object: 'Object Repository/03-Header Menu/User Profile/View Profile/Profile Tab/Upload Icon' is clicked on

2022-12-09 16:12:14 - [TEST_STEP][PASSED] - delay(2): Delayed 2 second(s)

2022-12-09 16:12:16 - [MESSAGE][PASSED] - Delayed 2 second(s)

2022-12-09 16:12:16 - [TEST_STEP][PASSED] - verifyElementVisible(findTestObject("03-Header Menu/User Profile/View Profile/Profile Tab/Upload User Image modal")): Object 'Object Repository/03-Header Menu/User Profile/View Profile/Profile Tab/Upload User Image modal' is visible

2022-12-09 16:12:16 - [MESSAGE][PASSED] - Object 'Object Repository/03-Header Menu/User Profile/View Profile/Profile Tab/Upload User Image modal' is visible

2022-12-09 16:12:16 - [TEST_STEP][PASSED] - verifyElementNotClickable(findTestObject("03-Header Menu/User Profile/View Profile/Profile Tab/button_Upload Image")): Object 'Object Repository/03-Header Menu/User Profile/View Profile/Profile Tab/button_Upload Image' is NOT clickable

2022-12-09 16:12:16 - [MESSAGE][PASSED] - Object 'Object Repository/03-Header Menu/User Profile/View Profile/Profile Tab/button_Upload Image' is NOT clickable

2022-12-09 16:12:16 - [TEST_STEP][PASSED] - delay(1): Delayed 1 second(s)

2022-12-09 16:12:17 - [MESSAGE][PASSED] - Delayed 1 second(s)

2022-12-09 16:12:17 - [TEST_STEP][PASSED] - click(findTestObject("03-Header Menu/User Profile/View Profile/Profile Tab/button_Cancel")): Object: 'Object Repository/03-Header Menu/User Profile/View Profile/Profile Tab/button_Cancel' is clicked on

2022-12-09 16:12:18 - [MESSAGE][PASSED] - Object: 'Object Repository/03-Header Menu/User Profile/View Profile/Profile Tab/button_Cancel' is clicked on

2022-12-09 16:12:18 - [TEST_STEP][PASSED] - delay(3): Delayed 3 second(s)

2022-12-09 16:12:21 - [MESSAGE][PASSED] - Delayed 3 second(s)

2022-12-09 16:12:21 - [TEST_STEP][PASSED] - click(findTestObject("03-Header Menu/User Profile/View Profile/Profile Tab/Upload Icon")): Object: 'Object Repository/03-Header Menu/User Profile/View Profile/Profile Tab/Upload Icon' is clicked on

2022-12-09 16:12:21 - [MESSAGE][PASSED] - Object: 'Object Repository/03-Header Menu/User Profile/View Profile/Profile Tab/Upload Icon' is clicked on

2022-12-09 16:12:21 - [TEST_STEP][PASSED] - uploadpackage.Upload.uploadFile(findTestObject("Object Repository/03-Header Menu/User Profile/View Profile/Profile Tab/button_folderBrowse"), "C:\Users\User\Desktop\EL automation\qa.jpg"): uploadpackage.Upload.uploadFile is PASSED

2022-12-09 16:12:22 - [MESSAGE][PASSED] - Object: 'Object Repository/03-Header Menu/User Profile/View Profile/Profile Tab/button_folderBrowse' is clicked on

2022-12-09 16:12:22 - [MESSAGE][PASSED] - uploadpackage.Upload.uploadFile is PASSED

2022-12-09 16:12:22 - [TEST_STEP][PASSED] - delay(2): Delayed 2 second(s)

2022-12-09 16:12:24 - [MESSAGE][PASSED] - Delayed 2 second(s)

2022-12-09 16:12:24 - [TEST_STEP][PASSED] - click(findTestObject("03-Header Menu/User Profile/View Profile/Profile Tab/button_Upload Image")): Object: 'Object Repository/03-Header Menu/User Profile/View Profile/Profile Tab/button_Upload Image' is clicked on

2022-12-09 16:12:24 - [MESSAGE][PASSED] - Object: 'Object Repository/03-Header Menu/User Profile/View Profile/Profile Tab/button_Upload Image' is clicked on

2022-12-09 16:12:24 - [TEST_STEP][PASSED] - verifyElementVisible(findTestObject("09-Settings/Organization/snack-bar-container_Successfully changed organization imageOK")): Object 'Object Repository/09-Settings/Organization/snack-bar-container_Successfully changed organization imageOK' is visible

2022-12-09 16:12:26 - [MESSAGE][PASSED] - Object 'Object Repository/09-Settings/Organization/snack-bar-container_Successfully changed organization imageOK' is visible

2022-12-09 16:12:26 - [TEST_STEP][PASSED] - click(findTestObject("09-Settings/Organization/input_name")): Object: 'Object Repository/09-Settings/Organization/input_name' is clicked on

2022-12-09 16:12:27 - [MESSAGE][PASSED] - Object: 'Object Repository/09-Settings/Organization/input_name' is clicked on

2022-12-09 16:12:27 - [TEST_STEP][PASSED] - setText(findTestObject("09-Settings/Organization/input_name"), "THIS IS AUTOMATION"): Text 'THIS IS AUTOMATION' is set on object 'Object Repository/09-Settings/Organization/input_name'

2022-12-09 16:12:27 - [MESSAGE][PASSED] - Text 'THIS IS AUTOMATION' is set on object 'Object Repository/09-Settings/Organization/input_name'

2022-12-09 16:12:27 - [TEST_STEP][PASSED] - delay(3): Delayed 3 second(s)

2022-12-09 16:12:30 - [MESSAGE][PASSED] - Delayed 3 second(s)

2022-12-09 16:12:30 - [TEST_STEP][PASSED] - click(findTestObject("09-Settings/Users/Active User/button_Save")): Object: 'Object Repository/09-Settings/Users/Active User/button_Save' is clicked on

2022-12-09 16:12:31 - [MESSAGE][PASSED] - Object: 'Object Repository/09-Settings/Users/Active User/button_Save' is clicked on

2022-12-09 16:12:31 - [TEST_STEP][PASSED] - verifyElementVisible(findTestObject("09-Settings/Organization/snack-bar-container_Settings savedOK")): Object 'Object Repository/09-Settings/Organization/snack-bar-container_Settings savedOK' is visible

2022-12-09 16:12:32 - [MESSAGE][PASSED] - Object 'Object Repository/09-Settings/Organization/snack-bar-container_Settings savedOK' is visible

2022-12-09 16:12:32 - [TEST_STEP][PASSED] - delay(3): Delayed 3 second(s)

2022-12-09 16:12:35 - [MESSAGE][PASSED] - Delayed 3 second(s)

2022-12-09 16:12:35 - [TEST_STEP][PASSED] - click(findTestObject("09-Settings/Organization/input_name")): Object: 'Object Repository/09-Settings/Organization/input_name' is clicked on

2022-12-09 16:12:36 - [MESSAGE][PASSED] - Object: 'Object Repository/09-Settings/Organization/input_name' is clicked on

2022-12-09 16:12:36 - [TEST_STEP][PASSED] - setText(findTestObject("09-Settings/Organization/input_name"), "GG Automation"): Text 'GG Automation' is set on object 'Object Repository/09-Settings/Organization/input_name'

2022-12-09 16:12:36 - [MESSAGE][PASSED] - Text 'GG Automation' is set on object 'Object Repository/09-Settings/Organization/input_name'

2022-12-09 16:12:36 - [TEST_STEP][PASSED] - delay(3): Delayed 3 second(s)

2022-12-09 16:12:39 - [MESSAGE][PASSED] - Delayed 3 second(s)

2022-12-09 16:12:39 - [TEST_STEP][PASSED] - click(findTestObject("09-Settings/Users/Active User/button_Save")): Object: 'Object Repository/09-Settings/Users/Active User/button_Save' is clicked on

2022-12-09 16:12:40 - [MESSAGE][PASSED] - Object: 'Object Repository/09-Settings/Users/Active User/button_Save' is clicked on

2022-12-09 16:12:40 - [TEST_STEP][PASSED] - verifyElementVisible(findTestObject("09-Settings/Organization/snack-bar-container_Settings savedOK")): Object 'Object Repository/09-Settings/Organization/snack-bar-container_Settings savedOK' is visible

2022-12-09 16:12:41 - [MESSAGE][PASSED] - Object 'Object Repository/09-Settings/Organization/snack-bar-container_Settings savedOK' is visible

2022-12-09 16:12:41 - [TEST_STEP][PASSED] - delay(3): Delayed 3 second(s)

2022-12-09 16:12:44 - [MESSAGE][PASSED] - Delayed 3 second(s)

2022-12-09 16:12:44 - [TEST_STEP][PASSED] - verifyElementVisible(findTestObject("09-Settings/Organization/mat-card_Address")): Object 'Object Repository/09-Settings/Organization/mat-card_Address' is visible

2022-12-09 16:12:45 - [MESSAGE][PASSED] - Object 'Object Repository/09-Settings/Organization/mat-card_Address' is visible

2022-12-09 16:12:45 - [TEST_STEP][PASSED] - verifyElementVisible(findTestObject("09-Settings/Organization/mat-card-title_Address")): Object 'Object Repository/09-Settings/Organization/mat-card-title_Address' is visible

2022-12-09 16:12:45 - [MESSAGE][PASSED] - Object 'Object Repository/09-Settings/Organization/mat-card-title_Address' is visible

2022-12-09 16:12:45 - [TEST_STEP][PASSED] - setText(findTestObject("09-Settings/Organization/input_Street"), "4711 Hardy Street"): Text '4711 Hardy Street' is set on object 'Object Repository/09-Settings/Organization/input_Street'

2022-12-09 16:12:46 - [MESSAGE][PASSED] - Text '4711 Hardy Street' is set on object 'Object Repository/09-Settings/Organization/input_Street'

2022-12-09 16:12:46 - [TEST_STEP][PASSED] - setText(findTestObject("09-Settings/Organization/input_City"), "Kelowna"): Text 'Kelowna' is set on object 'Object Repository/09-Settings/Organization/input_City'

2022-12-09 16:12:47 - [MESSAGE][PASSED] - Text 'Kelowna' is set on object 'Object Repository/09-Settings/Organization/input_City'

2022-12-09 16:12:47 - [TEST_STEP][PASSED] - setText(findTestObject("09-Settings/Organization/input_Zip"), "V1Y 8H2"): Text 'V1Y 8H2' is set on object 'Object Repository/09-Settings/Organization/input_Zip'

2022-12-09 16:12:47 - [MESSAGE][PASSED] - Text 'V1Y 8H2' is set on object 'Object Repository/09-Settings/Organization/input_Zip'

2022-12-09 16:12:47 - [TEST_STEP][PASSED] - setText(findTestObject("09-Settings/Organization/input_State"), "British Columbia"): Text 'British Columbia' is set on object 'Object Repository/09-Settings/Organization/input_State'

2022-12-09 16:12:48 - [MESSAGE][PASSED] - Text 'British Columbia' is set on object 'Object Repository/09-Settings/Organization/input_State'

2022-12-09 16:12:48 - [TEST_STEP][PASSED] - click(findTestObject("09-Settings/Organization/input_Country"), STOP_ON_FAILURE): Object: 'Object Repository/09-Settings/Organization/input_Country' is clicked on

2022-12-09 16:12:49 - [MESSAGE][PASSED] - Object: 'Object Repository/09-Settings/Organization/input_Country' is clicked on

2022-12-09 16:12:49 - [TEST_STEP][PASSED] - click(findTestObject("09-Settings/Organization/mat-option_united states"), STOP_ON_FAILURE): Object: 'Object Repository/09-Settings/Organization/mat-option_united states' is clicked on

2022-12-09 16:12:49 - [MESSAGE][PASSED] - Object: 'Object Repository/09-Settings/Organization/mat-option_united states' is clicked on

2022-12-09 16:12:49 - [TEST_STEP][PASSED] - delay(3): Delayed 3 second(s)

2022-12-09 16:12:52 - [MESSAGE][PASSED] - Delayed 3 second(s)

2022-12-09 16:12:52 - [TEST_STEP][PASSED] - click(findTestObject("09-Settings/Users/Active User/button_Save")): Object: 'Object Repository/09-Settings/Users/Active User/button_Save' is clicked on

2022-12-09 16:12:52 - [MESSAGE][PASSED] - Object: 'Object Repository/09-Settings/Users/Active User/button_Save' is clicked on

2022-12-09 16:12:52 - [TEST_STEP][PASSED] - verifyElementVisible(findTestObject("09-Settings/Organization/snack-bar-container_Settings savedOK")): Object 'Object Repository/09-Settings/Organization/snack-bar-container_Settings savedOK' is visible

2022-12-09 16:12:54 - [MESSAGE][PASSED] - Object 'Object Repository/09-Settings/Organization/snack-bar-container_Settings savedOK' is visible

2022-12-09 16:12:54 - [TEST_STEP][PASSED] - delay(3): Delayed 3 second(s)

2022-12-09 16:12:57 - [MESSAGE][PASSED] - Delayed 3 second(s)

2022-12-09 16:12:57 - [TEST_STEP][PASSED] - verifyElementVisible(findTestObject("09-Settings/Organization/mat-card_Contact")): Object 'Object Repository/09-Settings/Organization/mat-card_Contact' is visible

2022-12-09 16:12:57 - [MESSAGE][PASSED] - Object 'Object Repository/09-Settings/Organization/mat-card_Contact' is visible

2022-12-09 16:12:57 - [TEST_STEP][PASSED] - verifyElementVisible(findTestObject("09-Settings/Organization/mat-card-title_Contact")): Object 'Object Repository/09-Settings/Organization/mat-card-title_Contact' is visible

2022-12-09 16:12:58 - [MESSAGE][PASSED] - Object 'Object Repository/09-Settings/Organization/mat-card-title_Contact' is visible

2022-12-09 16:12:58 - [TEST_STEP][PASSED] - setText(findTestObject("09-Settings/Organization/input_Email"), "testuser02@mailinator.com"): Text 'testuser02@mailinator.com' is set on object 'Object Repository/09-Settings/Organization/input_Email'

2022-12-09 16:12:58 - [MESSAGE][PASSED] - Text 'testuser02@mailinator.com' is set on object 'Object Repository/09-Settings/Organization/input_Email'

2022-12-09 16:12:58 - [TEST_STEP][PASSED] - setText(findTestObject("09-Settings/Organization/input_Web"), "https://lab.everleagues.com"): Text 'https://lab.everleagues.com' is set on object 'Object Repository/09-Settings/Organization/input_Web'

2022-12-09 16:12:59 - [MESSAGE][PASSED] - Text 'https://lab.everleagues.com' is set on object 'Object Repository/09-Settings/Organization/input_Web'

2022-12-09 16:12:59 - [TEST_STEP][PASSED] - click(findTestObject("09-Settings/Organization/button_Phone")): Object: 'Object Repository/09-Settings/Organization/button_Phone' is clicked on

2022-12-09 16:13:00 - [MESSAGE][PASSED] - Object: 'Object Repository/09-Settings/Organization/button_Phone' is clicked on

2022-12-09 16:13:00 - [TEST_STEP][PASSED] - setText(findTestObject("09-Settings/Organization/input_phone search"), "PH"): Text 'PH' is set on object 'Object Repository/09-Settings/Organization/input_phone search'

2022-12-09 16:13:01 - [MESSAGE][PASSED] - Text 'PH' is set on object 'Object Repository/09-Settings/Organization/input_phone search'

2022-12-09 16:13:01 - [TEST_STEP][PASSED] - click(findTestObject("09-Settings/Organization/button_Philippines 63")): Object: 'Object Repository/09-Settings/Organization/button_Philippines 63' is clicked on

2022-12-09 16:13:01 - [MESSAGE][PASSED] - Object: 'Object Repository/09-Settings/Organization/button_Philippines 63' is clicked on

2022-12-09 16:13:01 - [TEST_STEP][PASSED] - setText(findTestObject("09-Settings/Organization/input_phone"), "9211234567"): Text '9211234567' is set on object 'Object Repository/09-Settings/Organization/input_phone'

2022-12-09 16:13:03 - [MESSAGE][PASSED] - Text '9211234567' is set on object 'Object Repository/09-Settings/Organization/input_phone'

2022-12-09 16:13:03 - [TEST_STEP][PASSED] - click(findTestObject("09-Settings/Organization/button_fax")): Object: 'Object Repository/09-Settings/Organization/button_fax' is clicked on

2022-12-09 16:13:04 - [MESSAGE][PASSED] - Object: 'Object Repository/09-Settings/Organization/button_fax' is clicked on

2022-12-09 16:13:04 - [TEST_STEP][PASSED] - setText(findTestObject("09-Settings/Organization/input_phone search"), "PH"): Text 'PH' is set on object 'Object Repository/09-Settings/Organization/input_phone search'

2022-12-09 16:13:04 - [MESSAGE][PASSED] - Text 'PH' is set on object 'Object Repository/09-Settings/Organization/input_phone search'

2022-12-09 16:13:04 - [TEST_STEP][PASSED] - click(findTestObject("09-Settings/Organization/button_Philippines 63")): Object: 'Object Repository/09-Settings/Organization/button_Philippines 63' is clicked on

2022-12-09 16:13:05 - [MESSAGE][PASSED] - Object: 'Object Repository/09-Settings/Organization/button_Philippines 63' is clicked on

2022-12-09 16:13:05 - [TEST_STEP][PASSED] - setText(findTestObject("09-Settings/Organization/input_fax"), "9211234567"): Text '9211234567' is set on object 'Object Repository/09-Settings/Organization/input_fax'

2022-12-09 16:13:06 - [MESSAGE][PASSED] - Text '9211234567' is set on object 'Object Repository/09-Settings/Organization/input_fax'

2022-12-09 16:13:06 - [TEST_STEP][PASSED] - delay(3): Delayed 3 second(s)

2022-12-09 16:13:09 - [MESSAGE][PASSED] - Delayed 3 second(s)

2022-12-09 16:13:09 - [TEST_STEP][PASSED] - click(findTestObject("09-Settings/Users/Active User/button_Save")): Object: 'Object Repository/09-Settings/Users/Active User/button_Save' is clicked on

2022-12-09 16:13:10 - [MESSAGE][PASSED] - Object: 'Object Repository/09-Settings/Users/Active User/button_Save' is clicked on

2022-12-09 16:13:10 - [TEST_STEP][PASSED] - verifyElementVisible(findTestObject("09-Settings/Organization/snack-bar-container_Settings savedOK")): Object 'Object Repository/09-Settings/Organization/snack-bar-container_Settings savedOK' is visible

2022-12-09 16:13:11 - [MESSAGE][PASSED] - Object 'Object Repository/09-Settings/Organization/snack-bar-container_Settings savedOK' is visible

2022-12-09 16:13:11 - [TEST_STEP][PASSED] - delay(3): Delayed 3 second(s)

2022-12-09 16:13:14 - [MESSAGE][PASSED] - Delayed 3 second(s)]]></system-out>
         <system-err><![CDATA[]]></system-err>
      </testcase>
      <testcase name="Test Cases/09-Settings/24 - Organization - Settings" time="74.497" classname="Test Cases/09-Settings/24 - Organization - Settings" status="PASSED">
         <system-out><![CDATA[2022-12-09 16:13:14 - [TEST_CASE][PASSED] - Test Cases/09-Settings/24 - Organization - Settings: Test Cases/09-Settings/24 - Organization - Settings

2022-12-09 16:13:14 - [TEST_STEP][PASSED] - delay(3): Delayed 3 second(s)

2022-12-09 16:13:17 - [MESSAGE][PASSED] - Delayed 3 second(s)

2022-12-09 16:13:17 - [TEST_STEP][PASSED] - click(findTestObject("09-Settings/Organization/div_Settings")): Object: 'Object Repository/09-Settings/Organization/div_Settings' is clicked on

2022-12-09 16:13:18 - [MESSAGE][PASSED] - Object: 'Object Repository/09-Settings/Organization/div_Settings' is clicked on

2022-12-09 16:13:18 - [TEST_STEP][PASSED] - verifyElementVisible(findTestObject("09-Settings/Organization/div_Settings page")): Object 'Object Repository/09-Settings/Organization/div_Settings page' is visible

2022-12-09 16:13:19 - [MESSAGE][PASSED] - Object 'Object Repository/09-Settings/Organization/div_Settings page' is visible

2022-12-09 16:13:19 - [TEST_STEP][PASSED] - delay(3): Delayed 3 second(s)

2022-12-09 16:13:22 - [MESSAGE][PASSED] - Delayed 3 second(s)

2022-12-09 16:13:22 - [TEST_STEP][PASSED] - verifyElementVisible(findTestObject("09-Settings/Organization/mat-card_Chat Message Settings")): Object 'Object Repository/09-Settings/Organization/mat-card_Chat Message Settings' is visible

2022-12-09 16:13:22 - [MESSAGE][PASSED] - Object 'Object Repository/09-Settings/Organization/mat-card_Chat Message Settings' is visible

2022-12-09 16:13:22 - [TEST_STEP][PASSED] - verifyElementVisible(findTestObject("09-Settings/Organization/mat-card-title_Chat Message Settings")): Object 'Object Repository/09-Settings/Organization/mat-card-title_Chat Message Settings' is visible

2022-12-09 16:13:23 - [MESSAGE][PASSED] - Object 'Object Repository/09-Settings/Organization/mat-card-title_Chat Message Settings' is visible

2022-12-09 16:13:23 - [TEST_STEP][PASSED] - click(findTestObject("09-Settings/Organization/toggle_Enable chat message editing")): Object: 'Object Repository/09-Settings/Organization/toggle_Enable chat message editing' is clicked on

2022-12-09 16:13:24 - [MESSAGE][PASSED] - Object: 'Object Repository/09-Settings/Organization/toggle_Enable chat message editing' is clicked on

2022-12-09 16:13:24 - [TEST_STEP][PASSED] - click(findTestObject("09-Settings/Organization/toggle_Enable chat message deletion")): Object: 'Object Repository/09-Settings/Organization/toggle_Enable chat message deletion' is clicked on

2022-12-09 16:13:24 - [MESSAGE][PASSED] - Object: 'Object Repository/09-Settings/Organization/toggle_Enable chat message deletion' is clicked on

2022-12-09 16:13:24 - [TEST_STEP][PASSED] - delay(3): Delayed 3 second(s)

2022-12-09 16:13:27 - [MESSAGE][PASSED] - Delayed 3 second(s)

2022-12-09 16:13:27 - [TEST_STEP][PASSED] - click(findTestObject("09-Settings/Organization/toggle_Enable chat message editing")): Object: 'Object Repository/09-Settings/Organization/toggle_Enable chat message editing' is clicked on

2022-12-09 16:13:27 - [MESSAGE][PASSED] - Object: 'Object Repository/09-Settings/Organization/toggle_Enable chat message editing' is clicked on

2022-12-09 16:13:27 - [TEST_STEP][PASSED] - click(findTestObject("09-Settings/Organization/toggle_Enable chat message deletion")): Object: 'Object Repository/09-Settings/Organization/toggle_Enable chat message deletion' is clicked on

2022-12-09 16:13:28 - [MESSAGE][PASSED] - Object: 'Object Repository/09-Settings/Organization/toggle_Enable chat message deletion' is clicked on

2022-12-09 16:13:28 - [TEST_STEP][PASSED] - delay(2): Delayed 2 second(s)

2022-12-09 16:13:30 - [MESSAGE][PASSED] - Delayed 2 second(s)

2022-12-09 16:13:30 - [TEST_STEP][PASSED] - refresh(STOP_ON_FAILURE): Refresh successfully

2022-12-09 16:13:32 - [MESSAGE][PASSED] - Refresh successfully

2022-12-09 16:13:32 - [TEST_STEP][PASSED] - click(findTestObject("09-Settings/Organization/div_Settings")): Object: 'Object Repository/09-Settings/Organization/div_Settings' is clicked on

2022-12-09 16:13:37 - [MESSAGE][PASSED] - Object: 'Object Repository/09-Settings/Organization/div_Settings' is clicked on

2022-12-09 16:13:37 - [TEST_STEP][PASSED] - delay(2): Delayed 2 second(s)

2022-12-09 16:13:39 - [MESSAGE][PASSED] - Delayed 2 second(s)

2022-12-09 16:13:39 - [TEST_STEP][PASSED] - verifyElementVisible(findTestObject("09-Settings/Organization/mat-card_Membership")): Object 'Object Repository/09-Settings/Organization/mat-card_Membership' is visible

2022-12-09 16:13:39 - [MESSAGE][PASSED] - Object 'Object Repository/09-Settings/Organization/mat-card_Membership' is visible

2022-12-09 16:13:39 - [TEST_STEP][PASSED] - verifyElementVisible(findTestObject("09-Settings/Organization/mat-card-title_Membership")): Object 'Object Repository/09-Settings/Organization/mat-card-title_Membership' is visible

2022-12-09 16:13:39 - [MESSAGE][PASSED] - Object 'Object Repository/09-Settings/Organization/mat-card-title_Membership' is visible

2022-12-09 16:13:39 - [TEST_STEP][PASSED] - verifyElementVisible(findTestObject("09-Settings/Organization/div_By enabling this option, all join requests via URL will be automatically approved")): Object 'Object Repository/09-Settings/Organization/div_By enabling this option, all join requests via URL will be automatically approved' is visible

2022-12-09 16:13:40 - [MESSAGE][PASSED] - Object 'Object Repository/09-Settings/Organization/div_By enabling this option, all join requests via URL will be automatically approved' is visible

2022-12-09 16:13:40 - [TEST_STEP][PASSED] - click(findTestObject("09-Settings/Organization/toggle_Enable auto approve")): Object: 'Object Repository/09-Settings/Organization/toggle_Enable auto approve' is clicked on

2022-12-09 16:13:40 - [MESSAGE][PASSED] - Object: 'Object Repository/09-Settings/Organization/toggle_Enable auto approve' is clicked on

2022-12-09 16:13:40 - [TEST_STEP][PASSED] - delay(2): Delayed 2 second(s)

2022-12-09 16:13:42 - [MESSAGE][PASSED] - Delayed 2 second(s)

2022-12-09 16:13:42 - [TEST_STEP][PASSED] - click(findTestObject("09-Settings/Organization/div_Settings")): Object: 'Object Repository/09-Settings/Organization/div_Settings' is clicked on

2022-12-09 16:13:42 - [MESSAGE][PASSED] - Object: 'Object Repository/09-Settings/Organization/div_Settings' is clicked on

2022-12-09 16:13:42 - [TEST_STEP][PASSED] - verifyElementVisible(findTestObject("09-Settings/Organization/mat-card_Tools")): Object 'Object Repository/09-Settings/Organization/mat-card_Tools' is visible

2022-12-09 16:13:43 - [MESSAGE][PASSED] - Object 'Object Repository/09-Settings/Organization/mat-card_Tools' is visible

2022-12-09 16:13:43 - [TEST_STEP][PASSED] - verifyElementVisible(findTestObject("09-Settings/Organization/mat-card-title_Tools")): Object 'Object Repository/09-Settings/Organization/mat-card-title_Tools' is visible

2022-12-09 16:13:43 - [MESSAGE][PASSED] - Object 'Object Repository/09-Settings/Organization/mat-card-title_Tools' is visible

2022-12-09 16:13:43 - [TEST_STEP][PASSED] - verifyElementVisible(findTestObject("09-Settings/Organization/div_Enable or disable tools by clicking on the toggle")): Object 'Object Repository/09-Settings/Organization/div_Enable or disable tools by clicking on the toggle' is visible

2022-12-09 16:13:44 - [MESSAGE][PASSED] - Object 'Object Repository/09-Settings/Organization/div_Enable or disable tools by clicking on the toggle' is visible

2022-12-09 16:13:44 - [TEST_STEP][PASSED] - click(findTestObject("09-Settings/Organization/toggle_EL Net")): Object: 'Object Repository/09-Settings/Organization/toggle_EL Net' is clicked on

2022-12-09 16:13:44 - [MESSAGE][PASSED] - Object: 'Object Repository/09-Settings/Organization/toggle_EL Net' is clicked on

2022-12-09 16:13:44 - [TEST_STEP][PASSED] - verifyElementVisible(findTestObject("09-Settings/Organization/snack-bar-container_ELNet tool disabled.OK")): Object 'Object Repository/09-Settings/Organization/snack-bar-container_ELNet tool disabled.OK' is visible

2022-12-09 16:13:45 - [MESSAGE][PASSED] - Object 'Object Repository/09-Settings/Organization/snack-bar-container_ELNet tool disabled.OK' is visible

2022-12-09 16:13:45 - [TEST_STEP][PASSED] - delay(3): Delayed 3 second(s)

2022-12-09 16:13:48 - [MESSAGE][PASSED] - Delayed 3 second(s)

2022-12-09 16:13:48 - [TEST_STEP][PASSED] - click(findTestObject("09-Settings/Organization/toggle_EL Sign")): Object: 'Object Repository/09-Settings/Organization/toggle_EL Sign' is clicked on

2022-12-09 16:13:49 - [MESSAGE][PASSED] - Object: 'Object Repository/09-Settings/Organization/toggle_EL Sign' is clicked on

2022-12-09 16:13:49 - [TEST_STEP][PASSED] - verifyElementVisible(findTestObject("09-Settings/Organization/snack-bar-container_ELSign tool disabled.OK")): Object 'Object Repository/09-Settings/Organization/snack-bar-container_ELSign tool disabled.OK' is visible

2022-12-09 16:13:50 - [MESSAGE][PASSED] - Object 'Object Repository/09-Settings/Organization/snack-bar-container_ELSign tool disabled.OK' is visible

2022-12-09 16:13:50 - [TEST_STEP][PASSED] - delay(3): Delayed 3 second(s)

2022-12-09 16:13:53 - [MESSAGE][PASSED] - Delayed 3 second(s)

2022-12-09 16:13:53 - [TEST_STEP][PASSED] - click(findTestObject("09-Settings/Organization/toggle_EL HealthCheck")): Object: 'Object Repository/09-Settings/Organization/toggle_EL HealthCheck' is clicked on

2022-12-09 16:13:53 - [MESSAGE][PASSED] - Object: 'Object Repository/09-Settings/Organization/toggle_EL HealthCheck' is clicked on

2022-12-09 16:13:53 - [TEST_STEP][PASSED] - verifyElementVisible(findTestObject("09-Settings/Organization/snack-bar-container_EL HealthCheck tool enabled.OK")): Object 'Object Repository/09-Settings/Organization/snack-bar-container_EL HealthCheck tool enabled.OK' is visible

2022-12-09 16:13:54 - [MESSAGE][PASSED] - Object 'Object Repository/09-Settings/Organization/snack-bar-container_EL HealthCheck tool enabled.OK' is visible

2022-12-09 16:13:54 - [TEST_STEP][PASSED] - delay(3): Delayed 3 second(s)

2022-12-09 16:13:57 - [MESSAGE][PASSED] - Delayed 3 second(s)

2022-12-09 16:13:57 - [TEST_STEP][PASSED] - click(findTestObject("09-Settings/Organization/toggle_Income and expense")): Object: 'Object Repository/09-Settings/Organization/toggle_Income and expense' is clicked on

2022-12-09 16:13:58 - [MESSAGE][PASSED] - Object: 'Object Repository/09-Settings/Organization/toggle_Income and expense' is clicked on

2022-12-09 16:13:58 - [TEST_STEP][PASSED] - verifyElementVisible(findTestObject("09-Settings/Organization/snack-bar-container_Income and Expense tool disabled.OK")): Object 'Object Repository/09-Settings/Organization/snack-bar-container_Income and Expense tool disabled.OK' is visible

2022-12-09 16:13:59 - [MESSAGE][PASSED] - Object 'Object Repository/09-Settings/Organization/snack-bar-container_Income and Expense tool disabled.OK' is visible

2022-12-09 16:13:59 - [TEST_STEP][PASSED] - delay(3): Delayed 3 second(s)

2022-12-09 16:14:02 - [MESSAGE][PASSED] - Delayed 3 second(s)

2022-12-09 16:14:02 - [TEST_STEP][PASSED] - click(findTestObject("09-Settings/Organization/toggle_PDF Converter")): Object: 'Object Repository/09-Settings/Organization/toggle_PDF Converter' is clicked on

2022-12-09 16:14:02 - [MESSAGE][PASSED] - Object: 'Object Repository/09-Settings/Organization/toggle_PDF Converter' is clicked on

2022-12-09 16:14:02 - [TEST_STEP][PASSED] - verifyElementVisible(findTestObject("09-Settings/Organization/snack-bar-container_PDF Converter tool disabled.OK")): Object 'Object Repository/09-Settings/Organization/snack-bar-container_PDF Converter tool disabled.OK' is visible

2022-12-09 16:14:03 - [MESSAGE][PASSED] - Object 'Object Repository/09-Settings/Organization/snack-bar-container_PDF Converter tool disabled.OK' is visible

2022-12-09 16:14:03 - [TEST_STEP][PASSED] - delay(3): Delayed 3 second(s)

2022-12-09 16:14:06 - [MESSAGE][PASSED] - Delayed 3 second(s)

2022-12-09 16:14:06 - [TEST_STEP][PASSED] - click(findTestObject("09-Settings/Organization/toggle_EL Net")): Object: 'Object Repository/09-Settings/Organization/toggle_EL Net' is clicked on

2022-12-09 16:14:07 - [MESSAGE][PASSED] - Object: 'Object Repository/09-Settings/Organization/toggle_EL Net' is clicked on

2022-12-09 16:14:07 - [TEST_STEP][PASSED] - verifyElementVisible(findTestObject("09-Settings/Organization/snack-bar-container_ELNet tool enabled.OK")): Object 'Object Repository/09-Settings/Organization/snack-bar-container_ELNet tool enabled.OK' is visible

2022-12-09 16:14:08 - [MESSAGE][PASSED] - Object 'Object Repository/09-Settings/Organization/snack-bar-container_ELNet tool enabled.OK' is visible

2022-12-09 16:14:08 - [TEST_STEP][PASSED] - delay(3): Delayed 3 second(s)

2022-12-09 16:14:11 - [MESSAGE][PASSED] - Delayed 3 second(s)

2022-12-09 16:14:11 - [TEST_STEP][PASSED] - click(findTestObject("09-Settings/Organization/toggle_EL Sign")): Object: 'Object Repository/09-Settings/Organization/toggle_EL Sign' is clicked on

2022-12-09 16:14:11 - [MESSAGE][PASSED] - Object: 'Object Repository/09-Settings/Organization/toggle_EL Sign' is clicked on

2022-12-09 16:14:11 - [TEST_STEP][PASSED] - verifyElementVisible(findTestObject("09-Settings/Organization/snack-bar-container_ELSign tool enabled.OK")): Object 'Object Repository/09-Settings/Organization/snack-bar-container_ELSign tool enabled.OK' is visible

2022-12-09 16:14:12 - [MESSAGE][PASSED] - Object 'Object Repository/09-Settings/Organization/snack-bar-container_ELSign tool enabled.OK' is visible

2022-12-09 16:14:12 - [TEST_STEP][PASSED] - delay(3): Delayed 3 second(s)

2022-12-09 16:14:15 - [MESSAGE][PASSED] - Delayed 3 second(s)

2022-12-09 16:14:15 - [TEST_STEP][PASSED] - click(findTestObject("09-Settings/Organization/toggle_EL HealthCheck")): Object: 'Object Repository/09-Settings/Organization/toggle_EL HealthCheck' is clicked on

2022-12-09 16:14:16 - [MESSAGE][PASSED] - Object: 'Object Repository/09-Settings/Organization/toggle_EL HealthCheck' is clicked on

2022-12-09 16:14:16 - [TEST_STEP][PASSED] - verifyElementVisible(findTestObject("09-Settings/Organization/snack-bar-container_EL HealthCheck tool disabled.OK")): Object 'Object Repository/09-Settings/Organization/snack-bar-container_EL HealthCheck tool disabled.OK' is visible

2022-12-09 16:14:17 - [MESSAGE][PASSED] - Object 'Object Repository/09-Settings/Organization/snack-bar-container_EL HealthCheck tool disabled.OK' is visible

2022-12-09 16:14:17 - [TEST_STEP][PASSED] - delay(3): Delayed 3 second(s)

2022-12-09 16:14:20 - [MESSAGE][PASSED] - Delayed 3 second(s)

2022-12-09 16:14:20 - [TEST_STEP][PASSED] - click(findTestObject("09-Settings/Organization/toggle_Income and expense")): Object: 'Object Repository/09-Settings/Organization/toggle_Income and expense' is clicked on

2022-12-09 16:14:20 - [MESSAGE][PASSED] - Object: 'Object Repository/09-Settings/Organization/toggle_Income and expense' is clicked on

2022-12-09 16:14:20 - [TEST_STEP][PASSED] - verifyElementVisible(findTestObject("09-Settings/Organization/snack-bar-container_Income and Expense tool enabled.OK")): Object 'Object Repository/09-Settings/Organization/snack-bar-container_Income and Expense tool enabled.OK' is visible

2022-12-09 16:14:21 - [MESSAGE][PASSED] - Object 'Object Repository/09-Settings/Organization/snack-bar-container_Income and Expense tool enabled.OK' is visible

2022-12-09 16:14:21 - [TEST_STEP][PASSED] - delay(3): Delayed 3 second(s)

2022-12-09 16:14:24 - [MESSAGE][PASSED] - Delayed 3 second(s)

2022-12-09 16:14:24 - [TEST_STEP][PASSED] - click(findTestObject("09-Settings/Organization/toggle_PDF Converter")): Object: 'Object Repository/09-Settings/Organization/toggle_PDF Converter' is clicked on

2022-12-09 16:14:24 - [MESSAGE][PASSED] - Object: 'Object Repository/09-Settings/Organization/toggle_PDF Converter' is clicked on

2022-12-09 16:14:24 - [TEST_STEP][PASSED] - verifyElementVisible(findTestObject("09-Settings/Organization/snack-bar-container_PDF Converter tool enabled.OK")): Object 'Object Repository/09-Settings/Organization/snack-bar-container_PDF Converter tool enabled.OK' is visible

2022-12-09 16:14:26 - [MESSAGE][PASSED] - Object 'Object Repository/09-Settings/Organization/snack-bar-container_PDF Converter tool enabled.OK' is visible

2022-12-09 16:14:26 - [TEST_STEP][PASSED] - delay(3): Delayed 3 second(s)

2022-12-09 16:14:29 - [MESSAGE][PASSED] - Delayed 3 second(s)]]></system-out>
         <system-err><![CDATA[]]></system-err>
      </testcase>
      <testcase name="Test Cases/09-Settings/25 - Organization - Delete Organization" time="17.894" classname="Test Cases/09-Settings/25 - Organization - Delete Organization" status="PASSED">
         <system-out><![CDATA[2022-12-09 16:14:29 - [TEST_CASE][PASSED] - Test Cases/09-Settings/25 - Organization - Delete Organization: Test Cases/09-Settings/25 - Organization - Delete Organization

2022-12-09 16:14:29 - [TEST_STEP][PASSED] - delay(3): Delayed 3 second(s)

2022-12-09 16:14:32 - [MESSAGE][PASSED] - Delayed 3 second(s)

2022-12-09 16:14:32 - [TEST_STEP][PASSED] - click(findTestObject("09-Settings/Organization/div_Profile")): Object: 'Object Repository/09-Settings/Organization/div_Profile' is clicked on

2022-12-09 16:14:32 - [MESSAGE][PASSED] - Object: 'Object Repository/09-Settings/Organization/div_Profile' is clicked on

2022-12-09 16:14:32 - [TEST_STEP][PASSED] - delay(3): Delayed 3 second(s)

2022-12-09 16:14:35 - [MESSAGE][PASSED] - Delayed 3 second(s)

2022-12-09 16:14:35 - [TEST_STEP][PASSED] - verifyElementVisible(findTestObject("09-Settings/Organization/mat-card_Profile")): Object 'Object Repository/09-Settings/Organization/mat-card_Profile' is visible

2022-12-09 16:14:36 - [MESSAGE][PASSED] - Object 'Object Repository/09-Settings/Organization/mat-card_Profile' is visible

2022-12-09 16:14:36 - [TEST_STEP][PASSED] - verifyElementVisible(findTestObject("09-Settings/Organization/mat-card_Address")): Object 'Object Repository/09-Settings/Organization/mat-card_Address' is visible

2022-12-09 16:14:36 - [MESSAGE][PASSED] - Object 'Object Repository/09-Settings/Organization/mat-card_Address' is visible

2022-12-09 16:14:36 - [TEST_STEP][PASSED] - verifyElementVisible(findTestObject("09-Settings/Organization/mat-card_Contact")): Object 'Object Repository/09-Settings/Organization/mat-card_Contact' is visible

2022-12-09 16:14:36 - [MESSAGE][PASSED] - Object 'Object Repository/09-Settings/Organization/mat-card_Contact' is visible

2022-12-09 16:14:36 - [TEST_STEP][PASSED] - delay(5): Delayed 5 second(s)

2022-12-09 16:14:41 - [MESSAGE][PASSED] - Delayed 5 second(s)

2022-12-09 16:14:41 - [TEST_STEP][PASSED] - click(findTestObject("09-Settings/Organization/button_Delete Organization")): Object: 'Object Repository/09-Settings/Organization/button_Delete Organization' is clicked on

2022-12-09 16:14:42 - [MESSAGE][PASSED] - Object: 'Object Repository/09-Settings/Organization/button_Delete Organization' is clicked on

2022-12-09 16:14:42 - [TEST_STEP][PASSED] - delay(4): Delayed 4 second(s)

2022-12-09 16:14:46 - [MESSAGE][PASSED] - Delayed 4 second(s)

2022-12-09 16:14:46 - [TEST_STEP][PASSED] - closeBrowser(): Browser is closed

2022-12-09 16:14:46 - [MESSAGE][PASSED] - Browser is closed]]></system-out>
         <system-err><![CDATA[]]></system-err>
      </testcase>
      <system-out><![CDATA[2022-12-09 16:10:52 - [TEST_SUITE][PASSED] - 09.5 - Settings (Organization): Test Cases/09-Settings/25 - Organization - Delete Organization]]></system-out>
      <system-err><![CDATA[]]></system-err>
   </testsuite>
</testsuites>
