<?xml version="1.0" encoding="UTF-8"?>
<testsuites name="00-Signup and Account Activation" time="112.663" tests="4" failures="0" errors="0">
   <testsuite name="00-Signup and Account Activation" tests="4" failures="0" errors="0" time="112.663" skipped="0" timestamp="2022-06-17 13:54:53" hostname="User - DESKTOP-QCRNR4M" id="Test Suites/TS-Organization/00-Signup and Account Activation">
      <properties>
         <property name="deviceName" value=""/>
         <property name="devicePlatform" value=""/>
         <property name="logFolder" value="C:\\Users\\User\\Katalon Studio\\EverleaguesMain\\Reports\\20220617_135451\\TS-Organization\\00-Signup and Account Activation\\20220617_135451"/>
         <property name="logFiles" value="C:\\Users\\User\\Katalon Studio\\EverleaguesMain\\Reports\\20220617_135451\\TS-Organization\\00-Signup and Account Activation\\20220617_135451\\execution0.log"/>
         <property name="attachments" value=""/>
         <property name="hostName" value="User - DESKTOP-QCRNR4M"/>
         <property name="os" value="Windows 10 64bit"/>
         <property name="katalonVersion" value="8.3.5.208"/>
         <property name="browser" value="Chrome 102.0.5005.115"/>
         <property name="hostAddress" value="192.168.5.89"/>
         <property name="sessionId" value="bf62617df61266cae9508d27c8d1d09e"/>
         <property name="seleniumVersion" value="3.141.59"/>
         <property name="proxyInformation" value="ProxyInformation { proxyOption=NO_PROXY, proxyServerType=HTTP, username=, password=********, proxyServerAddress=, proxyServerPort=0, executionList=&quot;&quot;, isApplyToDesiredCapabilities=true }"/>
         <property name="platform" value="Windows 10"/>
      </properties>
      <testcase name="Test Cases/00-SignUp and Account Activation/01-Signup(Credentials Blank)" time="25.09" classname="Test Cases/00-SignUp and Account Activation/01-Signup(Credentials Blank)" status="PASSED">
         <system-out><![CDATA[2022-06-17 13:54:54 - [TEST_CASE][PASSED] - Test Cases/00-SignUp and Account Activation/01-Signup(Credentials Blank): Test Cases/00-SignUp and Account Activation/01-Signup(Credentials Blank)

2022-06-17 13:54:54 - [TEST_STEP][PASSED] - openBrowser(""): Browser is opened with url: ''

2022-06-17 13:54:54 - [MESSAGE][INFO] - Starting 'Chrome' driver

2022-06-17 13:54:54 - [MESSAGE][INFO] - Action delay is set to 0 milliseconds

2022-06-17 13:54:57 - [MESSAGE][PASSED] - Browser is opened with url: ''

2022-06-17 13:54:57 - [TEST_STEP][PASSED] - navigateToUrl("https://lab.everleagues.com/"): Navigate to 'https://lab.everleagues.com/' successfully

2022-06-17 13:55:07 - [MESSAGE][PASSED] - Navigate to 'https://lab.everleagues.com/' successfully

2022-06-17 13:55:07 - [TEST_STEP][PASSED] - maximizeWindow(): Current window maximized

2022-06-17 13:55:07 - [MESSAGE][PASSED] - Current window maximized

2022-06-17 13:55:07 - [TEST_STEP][PASSED] - click(findTestObject("00-Signup and Activation/span_Sign up")): Object: 'Object Repository/00-Signup and Activation/span_Sign up' is clicked on

2022-06-17 13:55:08 - [MESSAGE][PASSED] - Object: 'Object Repository/00-Signup and Activation/span_Sign up' is clicked on

2022-06-17 13:55:08 - [TEST_STEP][PASSED] - delay(3): Delayed 3 second(s)

2022-06-17 13:55:11 - [MESSAGE][PASSED] - Delayed 3 second(s)

2022-06-17 13:55:11 - [TEST_STEP][PASSED] - verifyElementVisible(findTestObject("00-Signup and Activation/div_Already have an account Log In")): Object 'Object Repository/00-Signup and Activation/div_Already have an account Log In' is visible

2022-06-17 13:55:11 - [MESSAGE][PASSED] - Object 'Object Repository/00-Signup and Activation/div_Already have an account Log In' is visible

2022-06-17 13:55:11 - [TEST_STEP][PASSED] - delay(3): Delayed 3 second(s)

2022-06-17 13:55:14 - [MESSAGE][PASSED] - Delayed 3 second(s)

2022-06-17 13:55:14 - [TEST_STEP][PASSED] - verifyElementNotClickable(findTestObject("00-Signup and Activation/button_Sign up")): Object 'Object Repository/00-Signup and Activation/button_Sign up' is NOT clickable

2022-06-17 13:55:16 - [MESSAGE][PASSED] - Object 'Object Repository/00-Signup and Activation/button_Sign up' is NOT clickable

2022-06-17 13:55:16 - [TEST_STEP][PASSED] - delay(3): Delayed 3 second(s)

2022-06-17 13:55:19 - [MESSAGE][PASSED] - Delayed 3 second(s)]]></system-out>
         <system-err><![CDATA[]]></system-err>
      </testcase>
      <testcase name="Test Cases/00-SignUp and Account Activation/02-Signup(Wrong email)" time="9.507" classname="Test Cases/00-SignUp and Account Activation/02-Signup(Wrong email)" status="PASSED">
         <system-out><![CDATA[2022-06-17 13:55:19 - [TEST_CASE][PASSED] - Test Cases/00-SignUp and Account Activation/02-Signup(Wrong email): Test Cases/00-SignUp and Account Activation/02-Signup(Wrong email)

2022-06-17 13:55:19 - [TEST_STEP][PASSED] - delay(3): Delayed 3 second(s)

2022-06-17 13:55:22 - [MESSAGE][PASSED] - Delayed 3 second(s)

2022-06-17 13:55:22 - [TEST_STEP][PASSED] - setText(findTestObject("00-Signup and Activation/input_Email"), "QATESTinvalidemailformat"): Text 'QATESTinvalidemailformat' is set on object 'Object Repository/00-Signup and Activation/input_Email'

2022-06-17 13:55:23 - [MESSAGE][PASSED] - Text 'QATESTinvalidemailformat' is set on object 'Object Repository/00-Signup and Activation/input_Email'

2022-06-17 13:55:23 - [TEST_STEP][PASSED] - delay(2): Delayed 2 second(s)

2022-06-17 13:55:25 - [MESSAGE][PASSED] - Delayed 2 second(s)

2022-06-17 13:55:25 - [TEST_STEP][PASSED] - click(findTestObject("00-Signup and Activation/input_firstName")): Object: 'Object Repository/00-Signup and Activation/input_firstName' is clicked on

2022-06-17 13:55:25 - [MESSAGE][PASSED] - Object: 'Object Repository/00-Signup and Activation/input_firstName' is clicked on

2022-06-17 13:55:25 - [TEST_STEP][PASSED] - verifyElementPresent(findTestObject("00-Signup and Activation/error_valid email is required"), 0): Object 'Object Repository/00-Signup and Activation/error_valid email is required' is present

2022-06-17 13:55:25 - [MESSAGE][WARNING] - Timeout '0' is invalid. Using default page load timeout: '30'

2022-06-17 13:55:26 - [MESSAGE][PASSED] - Object 'Object Repository/00-Signup and Activation/error_valid email is required' is present

2022-06-17 13:55:26 - [TEST_STEP][PASSED] - delay(0): Delayed 0 second(s)

2022-06-17 13:55:26 - [MESSAGE][PASSED] - Delayed 0 second(s)

2022-06-17 13:55:26 - [TEST_STEP][PASSED] - setText(findTestObject("00-Signup and Activation/input_Email"), "testuser01@mailinator.com"): Text 'testuser01@mailinator.com' is set on object 'Object Repository/00-Signup and Activation/input_Email'

2022-06-17 13:55:27 - [MESSAGE][PASSED] - Text 'testuser01@mailinator.com' is set on object 'Object Repository/00-Signup and Activation/input_Email'

2022-06-17 13:55:27 - [TEST_STEP][PASSED] - delay(0): Delayed 0 second(s)

2022-06-17 13:55:27 - [MESSAGE][PASSED] - Delayed 0 second(s)

2022-06-17 13:55:27 - [TEST_STEP][PASSED] - click(findTestObject("00-Signup and Activation/input_firstName")): Object: 'Object Repository/00-Signup and Activation/input_firstName' is clicked on

2022-06-17 13:55:27 - [MESSAGE][PASSED] - Object: 'Object Repository/00-Signup and Activation/input_firstName' is clicked on

2022-06-17 13:55:27 - [TEST_STEP][PASSED] - verifyElementVisible(findTestObject("00-Signup and Activation/error_email already exists")): Object 'Object Repository/00-Signup and Activation/error_email already exists' is visible

2022-06-17 13:55:28 - [MESSAGE][PASSED] - Object 'Object Repository/00-Signup and Activation/error_email already exists' is visible

2022-06-17 13:55:28 - [TEST_STEP][PASSED] - delay(0): Delayed 0 second(s)

2022-06-17 13:55:28 - [MESSAGE][PASSED] - Delayed 0 second(s)]]></system-out>
         <system-err><![CDATA[]]></system-err>
      </testcase>
      <testcase name="Test Cases/00-SignUp and Account Activation/03-Signup(Correct Details)" time="45.471" classname="Test Cases/00-SignUp and Account Activation/03-Signup(Correct Details)" status="PASSED">
         <system-out><![CDATA[2022-06-17 13:55:28 - [TEST_CASE][PASSED] - Test Cases/00-SignUp and Account Activation/03-Signup(Correct Details): Test Cases/00-SignUp and Account Activation/03-Signup(Correct Details)

2022-06-17 13:55:28 - [TEST_STEP][PASSED] - delay(2): Delayed 2 second(s)

2022-06-17 13:55:30 - [MESSAGE][PASSED] - Delayed 2 second(s)

2022-06-17 13:55:30 - [TEST_STEP][PASSED] - setText(findTestObject("00-Signup and Activation/input_Email"), "autotester45@mailinator.com"): Text 'autotester45@mailinator.com' is set on object 'Object Repository/00-Signup and Activation/input_Email'

2022-06-17 13:55:31 - [MESSAGE][PASSED] - Text 'autotester45@mailinator.com' is set on object 'Object Repository/00-Signup and Activation/input_Email'

2022-06-17 13:55:31 - [TEST_STEP][PASSED] - setText(findTestObject("00-Signup and Activation/input_firstName"), "GG"): Text 'GG' is set on object 'Object Repository/00-Signup and Activation/input_firstName'

2022-06-17 13:55:33 - [MESSAGE][PASSED] - Text 'GG' is set on object 'Object Repository/00-Signup and Activation/input_firstName'

2022-06-17 13:55:33 - [TEST_STEP][PASSED] - setText(findTestObject("00-Signup and Activation/input_lastName"), "tester"): Text 'tester' is set on object 'Object Repository/00-Signup and Activation/input_lastName'

2022-06-17 13:55:34 - [MESSAGE][PASSED] - Text 'tester' is set on object 'Object Repository/00-Signup and Activation/input_lastName'

2022-06-17 13:55:34 - [TEST_STEP][PASSED] - delay(2): Delayed 2 second(s)

2022-06-17 13:55:36 - [MESSAGE][PASSED] - Delayed 2 second(s)

2022-06-17 13:55:36 - [TEST_STEP][PASSED] - click(findTestObject("Object Repository/00-Signup and Activation/button_Sign up")): Object: 'Object Repository/00-Signup and Activation/button_Sign up' is clicked on

2022-06-17 13:55:36 - [MESSAGE][PASSED] - Object: 'Object Repository/00-Signup and Activation/button_Sign up' is clicked on

2022-06-17 13:55:36 - [TEST_STEP][PASSED] - delay(2): Delayed 2 second(s)

2022-06-17 13:55:38 - [MESSAGE][PASSED] - Delayed 2 second(s)

2022-06-17 13:55:38 - [TEST_STEP][PASSED] - executeJavaScript("window.open();", []): Execute JavaScript 'window.open();' successfully

2022-06-17 13:55:38 - [MESSAGE][PASSED] - Execute JavaScript 'window.open();' successfully

2022-06-17 13:55:38 - [TEST_STEP][PASSED] - currentWindow = getWindowIndex(): Current window's index is: 0

2022-06-17 13:55:38 - [MESSAGE][PASSED] - Current window's index is: 0

2022-06-17 13:55:38 - [TEST_STEP][PASSED] - delay(3): Delayed 3 second(s)

2022-06-17 13:55:41 - [MESSAGE][PASSED] - Delayed 3 second(s)

2022-06-17 13:55:41 - [TEST_STEP][PASSED] - switchToWindowIndex(currentWindow + 1): Switched to window with index: '1'

2022-06-17 13:55:41 - [MESSAGE][PASSED] - Switched to window with index: '1'

2022-06-17 13:55:41 - [TEST_STEP][PASSED] - navigateToUrl("https://www.mailinator.com/"): Navigate to 'https://www.mailinator.com/' successfully

2022-06-17 13:55:43 - [MESSAGE][PASSED] - Navigate to 'https://www.mailinator.com/' successfully

2022-06-17 13:55:43 - [TEST_STEP][PASSED] - delay(3): Delayed 3 second(s)

2022-06-17 13:55:46 - [MESSAGE][PASSED] - Delayed 3 second(s)

2022-06-17 13:55:46 - [TEST_STEP][PASSED] - setText(findTestObject("00-Signup and Activation/zMailinator/input_LOGIN_search"), "autotester45@mailinator.com"): Text 'autotester45@mailinator.com' is set on object 'Object Repository/00-Signup and Activation/zMailinator/input_LOGIN_search'

2022-06-17 13:55:47 - [MESSAGE][PASSED] - Text 'autotester45@mailinator.com' is set on object 'Object Repository/00-Signup and Activation/zMailinator/input_LOGIN_search'

2022-06-17 13:55:47 - [TEST_STEP][PASSED] - click(findTestObject("00-Signup and Activation/zMailinator/gobutton"), STOP_ON_FAILURE): Object: 'Object Repository/00-Signup and Activation/zMailinator/gobutton' is clicked on

2022-06-17 13:55:48 - [MESSAGE][PASSED] - Object: 'Object Repository/00-Signup and Activation/zMailinator/gobutton' is clicked on

2022-06-17 13:55:48 - [TEST_STEP][PASSED] - delay(3): Delayed 3 second(s)

2022-06-17 13:55:51 - [MESSAGE][PASSED] - Delayed 3 second(s)

2022-06-17 13:55:51 - [TEST_STEP][PASSED] - click(findTestObject("00-Signup and Activation/zMailinator/Email - everleagues")): Object: 'Object Repository/00-Signup and Activation/zMailinator/Email - everleagues' is clicked on

2022-06-17 13:55:51 - [MESSAGE][PASSED] - Object: 'Object Repository/00-Signup and Activation/zMailinator/Email - everleagues' is clicked on

2022-06-17 13:55:51 - [TEST_STEP][PASSED] - delay(3): Delayed 3 second(s)

2022-06-17 13:55:54 - [MESSAGE][PASSED] - Delayed 3 second(s)

2022-06-17 13:55:54 - [TEST_STEP][PASSED] - code = getText(findTestObject("Object Repository/06-Teams/For 2FA/2FA code")): Text of object 'Object Repository/06-Teams/For 2FA/2FA code' is: '616806'

2022-06-17 13:55:55 - [MESSAGE][PASSED] - Text of object 'Object Repository/06-Teams/For 2FA/2FA code' is: '616806'

2022-06-17 13:55:55 - [TEST_STEP][PASSED] - delay(3): Delayed 3 second(s)

2022-06-17 13:55:58 - [MESSAGE][PASSED] - Delayed 3 second(s)

2022-06-17 13:55:58 - [TEST_STEP][PASSED] - closeWindowTitle("Mailinator"): Window with title: 'Mailinator' is closed

2022-06-17 13:55:58 - [MESSAGE][PASSED] - Window with title: 'Mailinator' is closed

2022-06-17 13:55:58 - [TEST_STEP][PASSED] - delay(3): Delayed 3 second(s)

2022-06-17 13:56:01 - [MESSAGE][PASSED] - Delayed 3 second(s)

2022-06-17 13:56:01 - [TEST_STEP][PASSED] - switchToWindowIndex(0): Switched to window with index: '0'

2022-06-17 13:56:01 - [MESSAGE][PASSED] - Switched to window with index: '0'

2022-06-17 13:56:01 - [TEST_STEP][PASSED] - delay(3): Delayed 3 second(s)

2022-06-17 13:56:04 - [MESSAGE][PASSED] - Delayed 3 second(s)

2022-06-17 13:56:04 - [TEST_STEP][PASSED] - setText(findTestObject("Object Repository/06-Teams/For 2FA/input_Enter verification code_code"), code): Text '616806' is set on object 'Object Repository/06-Teams/For 2FA/input_Enter verification code_code'

2022-06-17 13:56:05 - [MESSAGE][PASSED] - Text '616806' is set on object 'Object Repository/06-Teams/For 2FA/input_Enter verification code_code'

2022-06-17 13:56:05 - [TEST_STEP][PASSED] - delay(3): Delayed 3 second(s)

2022-06-17 13:56:08 - [MESSAGE][PASSED] - Delayed 3 second(s)

2022-06-17 13:56:08 - [TEST_STEP][PASSED] - click(findTestObject("06-Teams/For 2FA/button_Verify_2FA")): Object: 'Object Repository/06-Teams/For 2FA/button_Verify_2FA' is clicked on

2022-06-17 13:56:09 - [MESSAGE][PASSED] - Object: 'Object Repository/06-Teams/For 2FA/button_Verify_2FA' is clicked on

2022-06-17 13:56:09 - [TEST_STEP][PASSED] - delay(5): Delayed 5 second(s)

2022-06-17 13:56:14 - [MESSAGE][PASSED] - Delayed 5 second(s)]]></system-out>
         <system-err><![CDATA[]]></system-err>
      </testcase>
      <testcase name="Test Cases/00-SignUp and Account Activation/04-Set password" time="32.267" classname="Test Cases/00-SignUp and Account Activation/04-Set password" status="PASSED">
         <system-out><![CDATA[2022-06-17 13:56:14 - [TEST_CASE][PASSED] - Test Cases/00-SignUp and Account Activation/04-Set password: Test Cases/00-SignUp and Account Activation/04-Set password

2022-06-17 13:56:14 - [TEST_STEP][PASSED] - delay(2): Delayed 2 second(s)

2022-06-17 13:56:16 - [MESSAGE][PASSED] - Delayed 2 second(s)

2022-06-17 13:56:16 - [TEST_STEP][PASSED] - setEncryptedText(findTestObject("00-Signup and Activation/input_password"), "8yFRyszE6U6jvsCn51OQbg==", STOP_ON_FAILURE): Text ****** has been set on object 'Object Repository/00-Signup and Activation/input_password'

2022-06-17 13:56:16 - [MESSAGE][PASSED] - Text ****** has been set on object 'Object Repository/00-Signup and Activation/input_password'

2022-06-17 13:56:16 - [TEST_STEP][PASSED] - setEncryptedText(findTestObject("00-Signup and Activation/input_ConfirmPassword"), "8yFRyszE6U6jvsCn51OQbg==", STOP_ON_FAILURE): Text ****** has been set on object 'Object Repository/00-Signup and Activation/input_ConfirmPassword'

2022-06-17 13:56:17 - [MESSAGE][PASSED] - Text ****** has been set on object 'Object Repository/00-Signup and Activation/input_ConfirmPassword'

2022-06-17 13:56:17 - [TEST_STEP][PASSED] - delay(2): Delayed 2 second(s)

2022-06-17 13:56:19 - [MESSAGE][PASSED] - Delayed 2 second(s)

2022-06-17 13:56:19 - [TEST_STEP][PASSED] - click(findTestObject("00-Signup and Activation/show pass")): Object: 'Object Repository/00-Signup and Activation/show pass' is clicked on

2022-06-17 13:56:20 - [MESSAGE][PASSED] - Object: 'Object Repository/00-Signup and Activation/show pass' is clicked on

2022-06-17 13:56:20 - [TEST_STEP][PASSED] - click(findTestObject("00-Signup and Activation/show confirm pass")): Object: 'Object Repository/00-Signup and Activation/show confirm pass' is clicked on

2022-06-17 13:56:21 - [MESSAGE][PASSED] - Object: 'Object Repository/00-Signup and Activation/show confirm pass' is clicked on

2022-06-17 13:56:21 - [TEST_STEP][PASSED] - delay(2): Delayed 2 second(s)

2022-06-17 13:56:23 - [MESSAGE][PASSED] - Delayed 2 second(s)

2022-06-17 13:56:23 - [TEST_STEP][PASSED] - check(findTestObject("00-Signup and Activation/div_checkbox")): Object 'Object Repository/00-Signup and Activation/div_checkbox' is checked

2022-06-17 13:56:23 - [MESSAGE][PASSED] - Object 'Object Repository/00-Signup and Activation/div_checkbox' is checked

2022-06-17 13:56:23 - [TEST_STEP][PASSED] - delay(2): Delayed 2 second(s)

2022-06-17 13:56:25 - [MESSAGE][PASSED] - Delayed 2 second(s)

2022-06-17 13:56:25 - [TEST_STEP][PASSED] - click(findTestObject("00-Signup and Activation/button_Confirm")): Object: 'Object Repository/00-Signup and Activation/button_Confirm' is clicked on

2022-06-17 13:56:25 - [MESSAGE][PASSED] - Object: 'Object Repository/00-Signup and Activation/button_Confirm' is clicked on

2022-06-17 13:56:25 - [TEST_STEP][PASSED] - delay(10): Delayed 10 second(s)

2022-06-17 13:56:35 - [MESSAGE][PASSED] - Delayed 10 second(s)

2022-06-17 13:56:35 - [TEST_STEP][PASSED] - verifyElementVisible(findTestObject("00-Signup and Activation/h4_Welcome to Everleagues")): Object 'Object Repository/00-Signup and Activation/h4_Welcome to Everleagues' is visible

2022-06-17 13:56:36 - [MESSAGE][PASSED] - Object 'Object Repository/00-Signup and Activation/h4_Welcome to Everleagues' is visible

2022-06-17 13:56:36 - [TEST_STEP][PASSED] - verifyElementVisible(findTestObject("00-Signup and Activation/span_CREATE A BUSINESS ORGANIZATION")): Object 'Object Repository/00-Signup and Activation/span_CREATE A BUSINESS ORGANIZATION' is visible

2022-06-17 13:56:36 - [MESSAGE][PASSED] - Object 'Object Repository/00-Signup and Activation/span_CREATE A BUSINESS ORGANIZATION' is visible

2022-06-17 13:56:36 - [TEST_STEP][PASSED] - verifyElementVisible(findTestObject("00-Signup and Activation/span_INVITE FRIENDS  FAMILY")): Object 'Object Repository/00-Signup and Activation/span_INVITE FRIENDS  FAMILY' is visible

2022-06-17 13:56:37 - [MESSAGE][PASSED] - Object 'Object Repository/00-Signup and Activation/span_INVITE FRIENDS  FAMILY' is visible

2022-06-17 13:56:37 - [TEST_STEP][PASSED] - delay(3): Delayed 3 second(s)

2022-06-17 13:56:40 - [MESSAGE][PASSED] - Delayed 3 second(s)

2022-06-17 13:56:40 - [TEST_STEP][PASSED] - click(findTestObject("00-Signup and Activation/button_DO THIS LATER")): Object: 'Object Repository/00-Signup and Activation/button_DO THIS LATER' is clicked on

2022-06-17 13:56:40 - [MESSAGE][PASSED] - Object: 'Object Repository/00-Signup and Activation/button_DO THIS LATER' is clicked on

2022-06-17 13:56:40 - [TEST_STEP][PASSED] - delay(2): Delayed 2 second(s)

2022-06-17 13:56:42 - [MESSAGE][PASSED] - Delayed 2 second(s)

2022-06-17 13:56:42 - [TEST_STEP][PASSED] - verifyElementVisible(findTestObject("00-Signup and Activation/Create your first organization Card")): Object 'Object Repository/00-Signup and Activation/Create your first organization Card' is visible

2022-06-17 13:56:42 - [MESSAGE][PASSED] - Object 'Object Repository/00-Signup and Activation/Create your first organization Card' is visible

2022-06-17 13:56:42 - [TEST_STEP][PASSED] - verifyElementVisible(findTestObject("00-Signup and Activation/Still not sure where to start Card")): Object 'Object Repository/00-Signup and Activation/Still not sure where to start Card' is visible

2022-06-17 13:56:43 - [MESSAGE][PASSED] - Object 'Object Repository/00-Signup and Activation/Still not sure where to start Card' is visible

2022-06-17 13:56:43 - [TEST_STEP][PASSED] - verifyElementVisible(findTestObject("00-Signup and Activation/Welcome to Everleagues Card")): Object 'Object Repository/00-Signup and Activation/Welcome to Everleagues Card' is visible

2022-06-17 13:56:43 - [MESSAGE][PASSED] - Object 'Object Repository/00-Signup and Activation/Welcome to Everleagues Card' is visible

2022-06-17 13:56:43 - [TEST_STEP][PASSED] - delay(2): Delayed 2 second(s)

2022-06-17 13:56:45 - [MESSAGE][PASSED] - Delayed 2 second(s)

2022-06-17 13:56:45 - [TEST_STEP][PASSED] - closeBrowser(): Browser is closed

2022-06-17 13:56:46 - [MESSAGE][PASSED] - Browser is closed]]></system-out>
         <system-err><![CDATA[]]></system-err>
      </testcase>
      <system-out><![CDATA[2022-06-17 13:54:53 - [TEST_SUITE][PASSED] - 00-Signup and Account Activation: Test Cases/00-SignUp and Account Activation/04-Set password]]></system-out>
      <system-err><![CDATA[]]></system-err>
   </testsuite>
</testsuites>
