<?xml version="1.0" encoding="UTF-8"?>
<testsuites name="04-Add my Organizations" time="163.323" tests="3" failures="0" errors="0">
   <testsuite name="04-Add my Organizations" tests="3" failures="0" errors="0" time="163.323" skipped="0" timestamp="2022-07-05 18:50:00" hostname="User - DESKTOP-QCRNR4M" id="Test Suites/TS-Organization/04-Add my Organizations">
      <properties>
         <property name="deviceName" value=""/>
         <property name="devicePlatform" value=""/>
         <property name="logFolder" value="C:\\Users\\User\\Katalon Studio\\EverleaguesMain\\Reports\\20220705_184957\\TS-Organization\\04-Add my Organizations\\20220705_184958"/>
         <property name="logFiles" value="C:\\Users\\User\\Katalon Studio\\EverleaguesMain\\Reports\\20220705_184957\\TS-Organization\\04-Add my Organizations\\20220705_184958\\execution0.log"/>
         <property name="attachments" value=""/>
         <property name="hostName" value="User - DESKTOP-QCRNR4M"/>
         <property name="os" value="Windows 10 64bit"/>
         <property name="katalonVersion" value="8.3.5.208"/>
         <property name="browser" value="Chrome 103.0.5060.114"/>
         <property name="hostAddress" value="192.168.5.89"/>
         <property name="sessionId" value="eb6b2d6de7b5f356817be4ecd36fd60a"/>
         <property name="seleniumVersion" value="3.141.59"/>
         <property name="proxyInformation" value="ProxyInformation { proxyOption=NO_PROXY, proxyServerType=HTTP, username=, password=********, proxyServerAddress=, proxyServerPort=0, executionList=&quot;&quot;, isApplyToDesiredCapabilities=true }"/>
         <property name="platform" value="Windows 10"/>
      </properties>
      <testcase name="Test Cases/04-Add my Organizations/01- Free limited Plan (Blank fields)" time="111.111" classname="Test Cases/04-Add my Organizations/01- Free limited Plan (Blank fields)" status="PASSED">
         <system-out><![CDATA[2022-07-05 18:50:01 - [TEST_CASE][PASSED] - Test Cases/04-Add my Organizations/01- Free limited Plan (Blank fields): Test Cases/04-Add my Organizations/01- Free limited Plan (Blank fields)

2022-07-05 18:50:01 - [TEST_STEP][PASSED] - openBrowser(""): Browser is opened with url: ''

2022-07-05 18:50:01 - [MESSAGE][INFO] - Starting 'Chrome' driver

2022-07-05 18:50:01 - [MESSAGE][INFO] - Action delay is set to 0 milliseconds

2022-07-05 18:50:03 - [MESSAGE][PASSED] - Browser is opened with url: ''

2022-07-05 18:50:03 - [TEST_STEP][PASSED] - navigateToUrl("https://lab.everleagues.com/"): Navigate to 'https://lab.everleagues.com/' successfully

2022-07-05 18:50:58 - [MESSAGE][PASSED] - Navigate to 'https://lab.everleagues.com/' successfully

2022-07-05 18:50:58 - [TEST_STEP][PASSED] - maximizeWindow(): Current window maximized

2022-07-05 18:50:58 - [MESSAGE][PASSED] - Current window maximized

2022-07-05 18:50:58 - [TEST_STEP][PASSED] - setText(findTestObject("02-Side Icons(Organization)/Add Contact/Email Field"), "testuser02@mailinator.com"): Text 'testuser02@mailinator.com' is set on object 'Object Repository/02-Side Icons(Organization)/Add Contact/Email Field'

2022-07-05 18:50:59 - [MESSAGE][PASSED] - Text 'testuser02@mailinator.com' is set on object 'Object Repository/02-Side Icons(Organization)/Add Contact/Email Field'

2022-07-05 18:50:59 - [TEST_STEP][PASSED] - setEncryptedText(findTestObject("02-Side Icons(Organization)/Add Contact/Password Field"), "8yFRyszE6U6jvsCn51OQbg=="): Text ****** has been set on object 'Object Repository/02-Side Icons(Organization)/Add Contact/Password Field'

2022-07-05 18:51:00 - [MESSAGE][PASSED] - Text ****** has been set on object 'Object Repository/02-Side Icons(Organization)/Add Contact/Password Field'

2022-07-05 18:51:00 - [TEST_STEP][PASSED] - click(findTestObject("02-Side Icons(Organization)/Add Contact/button_Sign in")): Object: 'Object Repository/02-Side Icons(Organization)/Add Contact/button_Sign in' is clicked on

2022-07-05 18:51:00 - [MESSAGE][PASSED] - Object: 'Object Repository/02-Side Icons(Organization)/Add Contact/button_Sign in' is clicked on

2022-07-05 18:51:00 - [TEST_STEP][PASSED] - delay(2): Delayed 2 second(s)

2022-07-05 18:51:03 - [MESSAGE][PASSED] - Delayed 2 second(s)

2022-07-05 18:51:03 - [TEST_STEP][PASSED] - click(findTestObject("06-Teams/For 2FA/button_Confirm_2FA")): Object: 'Object Repository/06-Teams/For 2FA/button_Confirm_2FA' is clicked on

2022-07-05 18:51:03 - [MESSAGE][PASSED] - Object: 'Object Repository/06-Teams/For 2FA/button_Confirm_2FA' is clicked on

2022-07-05 18:51:03 - [TEST_STEP][PASSED] - executeJavaScript("window.open();", []): Execute JavaScript 'window.open();' successfully

2022-07-05 18:51:03 - [MESSAGE][PASSED] - Execute JavaScript 'window.open();' successfully

2022-07-05 18:51:03 - [TEST_STEP][PASSED] - currentWindow = getWindowIndex(): Current window's index is: 0

2022-07-05 18:51:03 - [MESSAGE][PASSED] - Current window's index is: 0

2022-07-05 18:51:03 - [TEST_STEP][PASSED] - delay(3): Delayed 3 second(s)

2022-07-05 18:51:06 - [MESSAGE][PASSED] - Delayed 3 second(s)

2022-07-05 18:51:06 - [TEST_STEP][PASSED] - switchToWindowIndex(currentWindow + 1): Switched to window with index: '1'

2022-07-05 18:51:06 - [MESSAGE][PASSED] - Switched to window with index: '1'

2022-07-05 18:51:06 - [TEST_STEP][PASSED] - navigateToUrl("https://www.mailinator.com/"): Navigate to 'https://www.mailinator.com/' successfully

2022-07-05 18:51:08 - [MESSAGE][PASSED] - Navigate to 'https://www.mailinator.com/' successfully

2022-07-05 18:51:08 - [TEST_STEP][PASSED] - delay(3): Delayed 3 second(s)

2022-07-05 18:51:11 - [MESSAGE][PASSED] - Delayed 3 second(s)

2022-07-05 18:51:11 - [TEST_STEP][PASSED] - setText(findTestObject("00-Signup and Activation/zMailinator/input_LOGIN_search"), "testuser02@mailinator.com"): Text 'testuser02@mailinator.com' is set on object 'Object Repository/00-Signup and Activation/zMailinator/input_LOGIN_search'

2022-07-05 18:51:12 - [MESSAGE][PASSED] - Text 'testuser02@mailinator.com' is set on object 'Object Repository/00-Signup and Activation/zMailinator/input_LOGIN_search'

2022-07-05 18:51:12 - [TEST_STEP][PASSED] - click(findTestObject("00-Signup and Activation/zMailinator/gobutton"), STOP_ON_FAILURE): Object: 'Object Repository/00-Signup and Activation/zMailinator/gobutton' is clicked on

2022-07-05 18:51:13 - [MESSAGE][PASSED] - Object: 'Object Repository/00-Signup and Activation/zMailinator/gobutton' is clicked on

2022-07-05 18:51:13 - [TEST_STEP][PASSED] - delay(3): Delayed 3 second(s)

2022-07-05 18:51:16 - [MESSAGE][PASSED] - Delayed 3 second(s)

2022-07-05 18:51:16 - [TEST_STEP][PASSED] - click(findTestObject("00-Signup and Activation/zMailinator/Email - everleagues")): Object: 'Object Repository/00-Signup and Activation/zMailinator/Email - everleagues' is clicked on

2022-07-05 18:51:17 - [MESSAGE][PASSED] - Object: 'Object Repository/00-Signup and Activation/zMailinator/Email - everleagues' is clicked on

2022-07-05 18:51:17 - [TEST_STEP][PASSED] - delay(3): Delayed 3 second(s)

2022-07-05 18:51:20 - [MESSAGE][PASSED] - Delayed 3 second(s)

2022-07-05 18:51:20 - [TEST_STEP][PASSED] - code = getText(findTestObject("Object Repository/06-Teams/For 2FA/2FA code")): Text of object 'Object Repository/06-Teams/For 2FA/2FA code' is: '000110'

2022-07-05 18:51:20 - [MESSAGE][PASSED] - Text of object 'Object Repository/06-Teams/For 2FA/2FA code' is: '000110'

2022-07-05 18:51:20 - [TEST_STEP][PASSED] - delay(3): Delayed 3 second(s)

2022-07-05 18:51:23 - [MESSAGE][PASSED] - Delayed 3 second(s)

2022-07-05 18:51:23 - [TEST_STEP][PASSED] - closeWindowTitle("Mailinator"): Window with title: 'Mailinator' is closed

2022-07-05 18:51:23 - [MESSAGE][PASSED] - Window with title: 'Mailinator' is closed

2022-07-05 18:51:23 - [TEST_STEP][PASSED] - delay(3): Delayed 3 second(s)

2022-07-05 18:51:26 - [MESSAGE][PASSED] - Delayed 3 second(s)

2022-07-05 18:51:26 - [TEST_STEP][PASSED] - switchToWindowIndex(0): Switched to window with index: '0'

2022-07-05 18:51:26 - [MESSAGE][PASSED] - Switched to window with index: '0'

2022-07-05 18:51:26 - [TEST_STEP][PASSED] - delay(3): Delayed 3 second(s)

2022-07-05 18:51:29 - [MESSAGE][PASSED] - Delayed 3 second(s)

2022-07-05 18:51:29 - [TEST_STEP][PASSED] - setText(findTestObject("Object Repository/06-Teams/For 2FA/input_Enter verification code_code"), code): Text '000110' is set on object 'Object Repository/06-Teams/For 2FA/input_Enter verification code_code'

2022-07-05 18:51:30 - [MESSAGE][PASSED] - Text '000110' is set on object 'Object Repository/06-Teams/For 2FA/input_Enter verification code_code'

2022-07-05 18:51:30 - [TEST_STEP][PASSED] - delay(3): Delayed 3 second(s)

2022-07-05 18:51:33 - [MESSAGE][PASSED] - Delayed 3 second(s)

2022-07-05 18:51:33 - [TEST_STEP][PASSED] - click(findTestObject("06-Teams/For 2FA/button_Verify_2FA")): Object: 'Object Repository/06-Teams/For 2FA/button_Verify_2FA' is clicked on

2022-07-05 18:51:34 - [MESSAGE][PASSED] - Object: 'Object Repository/06-Teams/For 2FA/button_Verify_2FA' is clicked on

2022-07-05 18:51:34 - [TEST_STEP][PASSED] - delay(5): Delayed 5 second(s)

2022-07-05 18:51:39 - [MESSAGE][PASSED] - Delayed 5 second(s)

2022-07-05 18:51:39 - [TEST_STEP][PASSED] - click(findTestObject("04-Add my Organizations/Free limited Plan/span_Add My Organization")): Object: 'Object Repository/04-Add my Organizations/Free limited Plan/span_Add My Organization' is clicked on

2022-07-05 18:51:40 - [MESSAGE][PASSED] - Object: 'Object Repository/04-Add my Organizations/Free limited Plan/span_Add My Organization' is clicked on

2022-07-05 18:51:40 - [TEST_STEP][PASSED] - verifyElementVisible(findTestObject("04-Add my Organizations/Free limited Plan/Add my org modal")): Object 'Object Repository/04-Add my Organizations/Free limited Plan/Add my org modal' is visible

2022-07-05 18:51:41 - [MESSAGE][PASSED] - Object 'Object Repository/04-Add my Organizations/Free limited Plan/Add my org modal' is visible

2022-07-05 18:51:41 - [TEST_STEP][PASSED] - delay(2): Delayed 2 second(s)

2022-07-05 18:51:43 - [MESSAGE][PASSED] - Delayed 2 second(s)

2022-07-05 18:51:43 - [TEST_STEP][PASSED] - click(findTestObject("04-Add my Organizations/Free limited Plan/input_orgName")): Object: 'Object Repository/04-Add my Organizations/Free limited Plan/input_orgName' is clicked on

2022-07-05 18:51:43 - [MESSAGE][PASSED] - Object: 'Object Repository/04-Add my Organizations/Free limited Plan/input_orgName' is clicked on

2022-07-05 18:51:43 - [TEST_STEP][PASSED] - click(findTestObject("04-Add my Organizations/Free limited Plan/input_org alias")): Object: 'Object Repository/04-Add my Organizations/Free limited Plan/input_org alias' is clicked on

2022-07-05 18:51:44 - [MESSAGE][PASSED] - Object: 'Object Repository/04-Add my Organizations/Free limited Plan/input_org alias' is clicked on

2022-07-05 18:51:44 - [TEST_STEP][PASSED] - click(findTestObject("04-Add my Organizations/Free limited Plan/div_Service Industry_select-arrow")): Object: 'Object Repository/04-Add my Organizations/Free limited Plan/div_Service Industry_select-arrow' is clicked on

2022-07-05 18:51:44 - [MESSAGE][PASSED] - Object: 'Object Repository/04-Add my Organizations/Free limited Plan/div_Service Industry_select-arrow' is clicked on

2022-07-05 18:51:44 - [TEST_STEP][PASSED] - sendKeys(findTestObject(null), Keys.chord(ESCAPE)): Keys 'ESCAPE + ' sent to object: 'tempBody'

2022-07-05 18:51:44 - [MESSAGE][WARNING] - Test object id is null

2022-07-05 18:51:44 - [MESSAGE][WARNING] - Test object with id 'Object Repository/' does not exist

2022-07-05 18:51:45 - [MESSAGE][PASSED] - Keys 'ESCAPE + ' sent to object: 'tempBody'

2022-07-05 18:51:45 - [TEST_STEP][PASSED] - delay(3): Delayed 3 second(s)

2022-07-05 18:51:48 - [MESSAGE][PASSED] - Delayed 3 second(s)

2022-07-05 18:51:48 - [TEST_STEP][PASSED] - verifyElementVisible(findTestObject("04-Add my Organizations/Free limited Plan/div_OrganizationName_error")): Object 'Object Repository/04-Add my Organizations/Free limited Plan/div_OrganizationName_error' is visible

2022-07-05 18:51:48 - [MESSAGE][PASSED] - Object 'Object Repository/04-Add my Organizations/Free limited Plan/div_OrganizationName_error' is visible

2022-07-05 18:51:48 - [TEST_STEP][PASSED] - verifyElementVisible(findTestObject("04-Add my Organizations/Free limited Plan/div_Organization Alias_error")): Object 'Object Repository/04-Add my Organizations/Free limited Plan/div_Organization Alias_error' is visible

2022-07-05 18:51:48 - [MESSAGE][PASSED] - Object 'Object Repository/04-Add my Organizations/Free limited Plan/div_Organization Alias_error' is visible

2022-07-05 18:51:48 - [TEST_STEP][PASSED] - verifyElementVisible(findTestObject("04-Add my Organizations/Free limited Plan/div_Service Industry_error")): Object 'Object Repository/04-Add my Organizations/Free limited Plan/div_Service Industry_error' is visible

2022-07-05 18:51:49 - [MESSAGE][PASSED] - Object 'Object Repository/04-Add my Organizations/Free limited Plan/div_Service Industry_error' is visible

2022-07-05 18:51:49 - [TEST_STEP][PASSED] - delay(3): Delayed 3 second(s)

2022-07-05 18:51:52 - [MESSAGE][PASSED] - Delayed 3 second(s)]]></system-out>
         <system-err><![CDATA[]]></system-err>
      </testcase>
      <testcase name="Test Cases/04-Add my Organizations/02- Free limited Plan (Used Org Alias)" time="5.582" classname="Test Cases/04-Add my Organizations/02- Free limited Plan (Used Org Alias)" status="PASSED">
         <system-out><![CDATA[2022-07-05 18:51:52 - [TEST_CASE][PASSED] - Test Cases/04-Add my Organizations/02- Free limited Plan (Used Org Alias): Test Cases/04-Add my Organizations/02- Free limited Plan (Used Org Alias)

2022-07-05 18:51:52 - [TEST_STEP][PASSED] - setText(findTestObject("04-Add my Organizations/Free limited Plan/input_org alias"), "1234"): Text '1234' is set on object 'Object Repository/04-Add my Organizations/Free limited Plan/input_org alias'

2022-07-05 18:51:53 - [MESSAGE][PASSED] - Text '1234' is set on object 'Object Repository/04-Add my Organizations/Free limited Plan/input_org alias'

2022-07-05 18:51:53 - [TEST_STEP][PASSED] - click(findTestObject("04-Add my Organizations/Free limited Plan/input_orgName")): Object: 'Object Repository/04-Add my Organizations/Free limited Plan/input_orgName' is clicked on

2022-07-05 18:51:54 - [MESSAGE][PASSED] - Object: 'Object Repository/04-Add my Organizations/Free limited Plan/input_orgName' is clicked on

2022-07-05 18:51:54 - [TEST_STEP][PASSED] - verifyElementVisible(findTestObject("04-Add my Organizations/Free limited Plan/mat-error_1234 already exists. Please enter another ID")): Object 'Object Repository/04-Add my Organizations/Free limited Plan/mat-error_1234 already exists. Please enter another ID' is visible

2022-07-05 18:51:54 - [MESSAGE][PASSED] - Object 'Object Repository/04-Add my Organizations/Free limited Plan/mat-error_1234 already exists. Please enter another ID' is visible

2022-07-05 18:51:54 - [TEST_STEP][PASSED] - delay(3): Delayed 3 second(s)

2022-07-05 18:51:57 - [MESSAGE][PASSED] - Delayed 3 second(s)]]></system-out>
         <system-err><![CDATA[]]></system-err>
      </testcase>
      <testcase name="Test Cases/04-Add my Organizations/03- Free limited Plan (Positive Scenarios)" time="46.3" classname="Test Cases/04-Add my Organizations/03- Free limited Plan (Positive Scenarios)" status="PASSED">
         <system-out><![CDATA[2022-07-05 18:51:57 - [TEST_CASE][PASSED] - Test Cases/04-Add my Organizations/03- Free limited Plan (Positive Scenarios): Test Cases/04-Add my Organizations/03- Free limited Plan (Positive Scenarios)

2022-07-05 18:51:58 - [TEST_STEP][PASSED] - delay(2): Delayed 2 second(s)

2022-07-05 18:52:00 - [MESSAGE][PASSED] - Delayed 2 second(s)

2022-07-05 18:52:00 - [TEST_STEP][PASSED] - setText(findTestObject("04-Add my Organizations/Free limited Plan/input_orgName"), "GG Automation"): Text 'GG Automation' is set on object 'Object Repository/04-Add my Organizations/Free limited Plan/input_orgName'

2022-07-05 18:52:01 - [MESSAGE][PASSED] - Text 'GG Automation' is set on object 'Object Repository/04-Add my Organizations/Free limited Plan/input_orgName'

2022-07-05 18:52:01 - [TEST_STEP][PASSED] - setText(findTestObject("04-Add my Organizations/Free limited Plan/input_org alias"), "GGAutoAlias"): Text 'GGAutoAlias' is set on object 'Object Repository/04-Add my Organizations/Free limited Plan/input_org alias'

2022-07-05 18:52:01 - [MESSAGE][PASSED] - Text 'GGAutoAlias' is set on object 'Object Repository/04-Add my Organizations/Free limited Plan/input_org alias'

2022-07-05 18:52:01 - [TEST_STEP][PASSED] - click(findTestObject("04-Add my Organizations/Free limited Plan/div_Service Industry_select-arrow"), STOP_ON_FAILURE): Object: 'Object Repository/04-Add my Organizations/Free limited Plan/div_Service Industry_select-arrow' is clicked on

2022-07-05 18:52:02 - [MESSAGE][PASSED] - Object: 'Object Repository/04-Add my Organizations/Free limited Plan/div_Service Industry_select-arrow' is clicked on

2022-07-05 18:52:02 - [TEST_STEP][PASSED] - delay(1): Delayed 1 second(s)

2022-07-05 18:52:03 - [MESSAGE][PASSED] - Delayed 1 second(s)

2022-07-05 18:52:03 - [TEST_STEP][PASSED] - verifyElementVisible(findTestObject("04-Add my Organizations/Free limited Plan/span_CPA_EA_Accounting Firms")): Object 'Object Repository/04-Add my Organizations/Free limited Plan/span_CPA_EA_Accounting Firms' is visible

2022-07-05 18:52:03 - [MESSAGE][PASSED] - Object 'Object Repository/04-Add my Organizations/Free limited Plan/span_CPA_EA_Accounting Firms' is visible

2022-07-05 18:52:03 - [TEST_STEP][PASSED] - verifyElementVisible(findTestObject("04-Add my Organizations/Free limited Plan/span_Law Firms")): Object 'Object Repository/04-Add my Organizations/Free limited Plan/span_Law Firms' is visible

2022-07-05 18:52:04 - [MESSAGE][PASSED] - Object 'Object Repository/04-Add my Organizations/Free limited Plan/span_Law Firms' is visible

2022-07-05 18:52:04 - [TEST_STEP][PASSED] - verifyElementVisible(findTestObject("04-Add my Organizations/Free limited Plan/span_Medical Service_Physian_Dentist Office")): Object 'Object Repository/04-Add my Organizations/Free limited Plan/span_Medical Service_Physian_Dentist Office' is visible

2022-07-05 18:52:04 - [MESSAGE][PASSED] - Object 'Object Repository/04-Add my Organizations/Free limited Plan/span_Medical Service_Physian_Dentist Office' is visible

2022-07-05 18:52:04 - [TEST_STEP][PASSED] - verifyElementVisible(findTestObject("04-Add my Organizations/Free limited Plan/span_Education")): Object 'Object Repository/04-Add my Organizations/Free limited Plan/span_Education' is visible

2022-07-05 18:52:04 - [MESSAGE][PASSED] - Object 'Object Repository/04-Add my Organizations/Free limited Plan/span_Education' is visible

2022-07-05 18:52:04 - [TEST_STEP][PASSED] - verifyElementVisible(findTestObject("04-Add my Organizations/Free limited Plan/span_Real Estate")): Object 'Object Repository/04-Add my Organizations/Free limited Plan/span_Real Estate' is visible

2022-07-05 18:52:05 - [MESSAGE][PASSED] - Object 'Object Repository/04-Add my Organizations/Free limited Plan/span_Real Estate' is visible

2022-07-05 18:52:05 - [TEST_STEP][PASSED] - verifyElementVisible(findTestObject("04-Add my Organizations/Free limited Plan/span_Other Service Business")): Object 'Object Repository/04-Add my Organizations/Free limited Plan/span_Other Service Business' is visible

2022-07-05 18:52:05 - [MESSAGE][PASSED] - Object 'Object Repository/04-Add my Organizations/Free limited Plan/span_Other Service Business' is visible

2022-07-05 18:52:05 - [TEST_STEP][PASSED] - verifyElementVisible(findTestObject("04-Add my Organizations/Free limited Plan/span_Product Business")): Object 'Object Repository/04-Add my Organizations/Free limited Plan/span_Product Business' is visible

2022-07-05 18:52:06 - [MESSAGE][PASSED] - Object 'Object Repository/04-Add my Organizations/Free limited Plan/span_Product Business' is visible

2022-07-05 18:52:06 - [TEST_STEP][PASSED] - verifyElementVisible(findTestObject("04-Add my Organizations/Free limited Plan/span_Community")): Object 'Object Repository/04-Add my Organizations/Free limited Plan/span_Community' is visible

2022-07-05 18:52:06 - [MESSAGE][PASSED] - Object 'Object Repository/04-Add my Organizations/Free limited Plan/span_Community' is visible

2022-07-05 18:52:06 - [TEST_STEP][PASSED] - verifyElementVisible(findTestObject("04-Add my Organizations/Free limited Plan/span_Non Profit Organizations")): Object 'Object Repository/04-Add my Organizations/Free limited Plan/span_Non Profit Organizations' is visible

2022-07-05 18:52:06 - [MESSAGE][PASSED] - Object 'Object Repository/04-Add my Organizations/Free limited Plan/span_Non Profit Organizations' is visible

2022-07-05 18:52:06 - [TEST_STEP][PASSED] - delay(1): Delayed 1 second(s)

2022-07-05 18:52:07 - [MESSAGE][PASSED] - Delayed 1 second(s)

2022-07-05 18:52:07 - [TEST_STEP][PASSED] - click(findTestObject("04-Add my Organizations/Free limited Plan/span_Other Service Business")): Object: 'Object Repository/04-Add my Organizations/Free limited Plan/span_Other Service Business' is clicked on

2022-07-05 18:52:08 - [MESSAGE][PASSED] - Object: 'Object Repository/04-Add my Organizations/Free limited Plan/span_Other Service Business' is clicked on

2022-07-05 18:52:08 - [TEST_STEP][PASSED] - click(findTestObject("04-Add my Organizations/Free limited Plan/Free limited plan radio button")): Object: 'Object Repository/04-Add my Organizations/Free limited Plan/Free limited plan radio button' is clicked on

2022-07-05 18:52:09 - [MESSAGE][PASSED] - Object: 'Object Repository/04-Add my Organizations/Free limited Plan/Free limited plan radio button' is clicked on

2022-07-05 18:52:09 - [TEST_STEP][PASSED] - delay(1): Delayed 1 second(s)

2022-07-05 18:52:10 - [MESSAGE][PASSED] - Delayed 1 second(s)

2022-07-05 18:52:10 - [TEST_STEP][PASSED] - click(findTestObject("04-Add my Organizations/Free limited Plan/span_Usage limit")): Object: 'Object Repository/04-Add my Organizations/Free limited Plan/span_Usage limit' is clicked on

2022-07-05 18:52:10 - [MESSAGE][PASSED] - Object: 'Object Repository/04-Add my Organizations/Free limited Plan/span_Usage limit' is clicked on

2022-07-05 18:52:10 - [TEST_STEP][PASSED] - switchToWindowIndex(1): Switched to window with index: '1'

2022-07-05 18:52:10 - [MESSAGE][PASSED] - Switched to window with index: '1'

2022-07-05 18:52:10 - [TEST_STEP][PASSED] - delay(5): Delayed 5 second(s)

2022-07-05 18:52:15 - [MESSAGE][PASSED] - Delayed 5 second(s)

2022-07-05 18:52:15 - [TEST_STEP][PASSED] - assert getUrl() == "https://www.everleagues.com/pricing": Current window's url is: 'https://www.everleagues.com/pricing'

2022-07-05 18:52:15 - [MESSAGE][PASSED] - Current window's url is: 'https://www.everleagues.com/pricing'

2022-07-05 18:52:15 - [TEST_STEP][PASSED] - closeWindowUrl("https://www.everleagues.com/pricing"): Window with url: 'https://www.everleagues.com/pricing' is closed

2022-07-05 18:52:16 - [MESSAGE][PASSED] - Window with url: 'https://www.everleagues.com/pricing' is closed

2022-07-05 18:52:16 - [TEST_STEP][PASSED] - switchToWindowIndex(0): Switched to window with index: '0'

2022-07-05 18:52:16 - [MESSAGE][PASSED] - Switched to window with index: '0'

2022-07-05 18:52:16 - [TEST_STEP][PASSED] - delay(1): Delayed 1 second(s)

2022-07-05 18:52:17 - [MESSAGE][PASSED] - Delayed 1 second(s)

2022-07-05 18:52:17 - [TEST_STEP][PASSED] - click(findTestObject("04-Add my Organizations/Free limited Plan/a_Software as a service (SaaS) subscription agreement")): Object: 'Object Repository/04-Add my Organizations/Free limited Plan/a_Software as a service (SaaS) subscription agreement' is clicked on

2022-07-05 18:52:17 - [MESSAGE][PASSED] - Object: 'Object Repository/04-Add my Organizations/Free limited Plan/a_Software as a service (SaaS) subscription agreement' is clicked on

2022-07-05 18:52:17 - [TEST_STEP][PASSED] - switchToWindowIndex(1): Switched to window with index: '1'

2022-07-05 18:52:17 - [MESSAGE][PASSED] - Switched to window with index: '1'

2022-07-05 18:52:17 - [TEST_STEP][PASSED] - delay(5): Delayed 5 second(s)

2022-07-05 18:52:22 - [MESSAGE][PASSED] - Delayed 5 second(s)

2022-07-05 18:52:22 - [TEST_STEP][PASSED] - assert getUrl() == "https://www.everleagues.com/saas-agreement/": Current window's url is: 'https://www.everleagues.com/saas-agreement/'

2022-07-05 18:52:24 - [MESSAGE][PASSED] - Current window's url is: 'https://www.everleagues.com/saas-agreement/'

2022-07-05 18:52:24 - [TEST_STEP][PASSED] - closeWindowUrl("https://www.everleagues.com/saas-agreement/"): Window with url: 'https://www.everleagues.com/saas-agreement/' is closed

2022-07-05 18:52:24 - [MESSAGE][PASSED] - Window with url: 'https://www.everleagues.com/saas-agreement/' is closed

2022-07-05 18:52:24 - [TEST_STEP][PASSED] - switchToWindowIndex(0): Switched to window with index: '0'

2022-07-05 18:52:24 - [MESSAGE][PASSED] - Switched to window with index: '0'

2022-07-05 18:52:24 - [TEST_STEP][PASSED] - delay(1): Delayed 1 second(s)

2022-07-05 18:52:25 - [MESSAGE][PASSED] - Delayed 1 second(s)

2022-07-05 18:52:25 - [TEST_STEP][PASSED] - click(findTestObject("04-Add my Organizations/Free limited Plan/SaaS checkbox")): Object: 'Object Repository/04-Add my Organizations/Free limited Plan/SaaS checkbox' is clicked on

2022-07-05 18:52:25 - [MESSAGE][PASSED] - Object: 'Object Repository/04-Add my Organizations/Free limited Plan/SaaS checkbox' is clicked on

2022-07-05 18:52:25 - [TEST_STEP][PASSED] - delay(1): Delayed 1 second(s)

2022-07-05 18:52:26 - [MESSAGE][PASSED] - Delayed 1 second(s)

2022-07-05 18:52:26 - [TEST_STEP][PASSED] - click(findTestObject("04-Add my Organizations/Free limited Plan/button_Create")): Object: 'Object Repository/04-Add my Organizations/Free limited Plan/button_Create' is clicked on

2022-07-05 18:52:27 - [MESSAGE][PASSED] - Object: 'Object Repository/04-Add my Organizations/Free limited Plan/button_Create' is clicked on

2022-07-05 18:52:27 - [TEST_STEP][PASSED] - delay(1): Delayed 1 second(s)

2022-07-05 18:52:28 - [MESSAGE][PASSED] - Delayed 1 second(s)

2022-07-05 18:52:28 - [TEST_STEP][PASSED] - verifyElementVisible(findTestObject("04-Add my Organizations/Free limited Plan/Congratulations msg")): Object 'Object Repository/04-Add my Organizations/Free limited Plan/Congratulations msg' is visible

2022-07-05 18:52:32 - [MESSAGE][PASSED] - Object 'Object Repository/04-Add my Organizations/Free limited Plan/Congratulations msg' is visible

2022-07-05 18:52:32 - [TEST_STEP][PASSED] - verifyElementVisible(findTestObject("04-Add my Organizations/Free limited Plan/button_SET UP")): Object 'Object Repository/04-Add my Organizations/Free limited Plan/button_SET UP' is visible

2022-07-05 18:52:35 - [MESSAGE][PASSED] - Object 'Object Repository/04-Add my Organizations/Free limited Plan/button_SET UP' is visible

2022-07-05 18:52:35 - [TEST_STEP][PASSED] - verifyElementVisible(findTestObject("04-Add my Organizations/Free limited Plan/button_INVITE EMPLOYEES etc")): Object 'Object Repository/04-Add my Organizations/Free limited Plan/button_INVITE EMPLOYEES etc' is visible

2022-07-05 18:52:35 - [MESSAGE][PASSED] - Object 'Object Repository/04-Add my Organizations/Free limited Plan/button_INVITE EMPLOYEES etc' is visible

2022-07-05 18:52:35 - [TEST_STEP][PASSED] - verifyElementVisible(findTestObject("04-Add my Organizations/Free limited Plan/button_SET UP TEAM")): Object 'Object Repository/04-Add my Organizations/Free limited Plan/button_SET UP TEAM' is visible

2022-07-05 18:52:36 - [MESSAGE][PASSED] - Object 'Object Repository/04-Add my Organizations/Free limited Plan/button_SET UP TEAM' is visible

2022-07-05 18:52:36 - [TEST_STEP][PASSED] - verifyElementVisible(findTestObject("04-Add my Organizations/Free limited Plan/button_LEARN MORE")): Object 'Object Repository/04-Add my Organizations/Free limited Plan/button_LEARN MORE' is visible

2022-07-05 18:52:36 - [MESSAGE][PASSED] - Object 'Object Repository/04-Add my Organizations/Free limited Plan/button_LEARN MORE' is visible

2022-07-05 18:52:36 - [TEST_STEP][PASSED] - delay(4): Delayed 4 second(s)

2022-07-05 18:52:40 - [MESSAGE][PASSED] - Delayed 4 second(s)

2022-07-05 18:52:40 - [TEST_STEP][PASSED] - click(findTestObject("04-Add my Organizations/Free limited Plan/button_DO THIS LATER")): Object: 'Object Repository/04-Add my Organizations/Free limited Plan/button_DO THIS LATER' is clicked on

2022-07-05 18:52:40 - [MESSAGE][PASSED] - Object: 'Object Repository/04-Add my Organizations/Free limited Plan/button_DO THIS LATER' is clicked on

2022-07-05 18:52:40 - [TEST_STEP][PASSED] - delay(1): Delayed 1 second(s)

2022-07-05 18:52:41 - [MESSAGE][PASSED] - Delayed 1 second(s)

2022-07-05 18:52:41 - [TEST_STEP][PASSED] - verifyElementVisible(findTestObject("04-Add my Organizations/Free limited Plan/span_GG Automation")): Object 'Object Repository/04-Add my Organizations/Free limited Plan/span_GG Automation' is visible

2022-07-05 18:52:42 - [MESSAGE][PASSED] - Object 'Object Repository/04-Add my Organizations/Free limited Plan/span_GG Automation' is visible

2022-07-05 18:52:42 - [TEST_STEP][PASSED] - delay(1): Delayed 1 second(s)

2022-07-05 18:52:43 - [MESSAGE][PASSED] - Delayed 1 second(s)

2022-07-05 18:52:43 - [TEST_STEP][PASSED] - closeBrowser(): Browser is closed

2022-07-05 18:52:44 - [MESSAGE][PASSED] - Browser is closed]]></system-out>
         <system-err><![CDATA[]]></system-err>
      </testcase>
      <system-out><![CDATA[2022-07-05 18:50:00 - [TEST_SUITE][PASSED] - 04-Add my Organizations: Test Cases/04-Add my Organizations/03- Free limited Plan (Positive Scenarios)]]></system-out>
      <system-err><![CDATA[]]></system-err>
   </testsuite>
</testsuites>
