<?xml version="1.0" encoding="UTF-8"?>
<testsuites name="11-Cloud Files" time="234.246" tests="7" failures="0" errors="0">
   <testsuite name="11-Cloud Files" tests="7" failures="0" errors="0" time="234.246" skipped="0" timestamp="2022-11-10 17:48:54" hostname="User - DESKTOP-QCRNR4M" id="Test Suites/TS-Organization/11-Cloud Files">
      <properties>
         <property name="deviceName" value=""/>
         <property name="devicePlatform" value=""/>
         <property name="logFolder" value="C:\\Users\\User\\Katalon Studio\\EverleaguesMain\\Reports\\20221110_174852\\TS-Organization\\11-Cloud Files\\20221110_174852"/>
         <property name="logFiles" value="C:\\Users\\User\\Katalon Studio\\EverleaguesMain\\Reports\\20221110_174852\\TS-Organization\\11-Cloud Files\\20221110_174852\\execution0.log"/>
         <property name="attachments" value=""/>
         <property name="hostName" value="User - DESKTOP-QCRNR4M"/>
         <property name="os" value="Windows 10 64bit"/>
         <property name="katalonVersion" value="8.4.1.208"/>
         <property name="browser" value="Chrome 107.0.0.0"/>
         <property name="hostAddress" value="192.168.5.124"/>
         <property name="sessionId" value="4d75760fd36dc3961dd0be0f6cd7ceef"/>
         <property name="seleniumVersion" value="3.141.59"/>
         <property name="proxyInformation" value="ProxyInformation { proxyOption=NO_PROXY, proxyServerType=HTTP, username=, password=********, proxyServerAddress=, proxyServerPort=0, executionList=&quot;&quot;, isApplyToDesiredCapabilities=true }"/>
         <property name="platform" value="Windows 10"/>
      </properties>
      <testcase name="Test Cases/11-Cloud Files/01-Create new folder" time="148.061" classname="Test Cases/11-Cloud Files/01-Create new folder" status="PASSED">
         <system-out><![CDATA[2022-11-10 17:48:54 - [TEST_CASE][PASSED] - Test Cases/11-Cloud Files/01-Create new folder: Test Cases/11-Cloud Files/01-Create new folder

2022-11-10 17:48:55 - [TEST_STEP][PASSED] - openBrowser(""): Browser is opened with url: ''

2022-11-10 17:48:55 - [MESSAGE][INFO] - Starting 'Chrome' driver

2022-11-10 17:48:55 - [MESSAGE][INFO] - Action delay is set to 0 milliseconds

2022-11-10 17:48:57 - [MESSAGE][PASSED] - Browser is opened with url: ''

2022-11-10 17:48:57 - [TEST_STEP][PASSED] - navigateToUrl("https://lab.everleagues.com/"): Navigate to 'https://lab.everleagues.com/' successfully

2022-11-10 17:49:46 - [MESSAGE][PASSED] - Navigate to 'https://lab.everleagues.com/' successfully

2022-11-10 17:49:46 - [TEST_STEP][PASSED] - maximizeWindow(): Current window maximized

2022-11-10 17:49:46 - [MESSAGE][PASSED] - Current window maximized

2022-11-10 17:49:46 - [TEST_STEP][PASSED] - setText(findTestObject("02-Side Icons(Organization)/Add Contact/Email Field"), "testuser02@mailinator.com"): Text 'testuser02@mailinator.com' is set on object 'Object Repository/02-Side Icons(Organization)/Add Contact/Email Field'

2022-11-10 17:49:47 - [MESSAGE][PASSED] - Text 'testuser02@mailinator.com' is set on object 'Object Repository/02-Side Icons(Organization)/Add Contact/Email Field'

2022-11-10 17:49:47 - [TEST_STEP][PASSED] - setEncryptedText(findTestObject("02-Side Icons(Organization)/Add Contact/Password Field"), "8yFRyszE6U6jvsCn51OQbg=="): Text ****** has been set on object 'Object Repository/02-Side Icons(Organization)/Add Contact/Password Field'

2022-11-10 17:49:47 - [MESSAGE][PASSED] - Text ****** has been set on object 'Object Repository/02-Side Icons(Organization)/Add Contact/Password Field'

2022-11-10 17:49:47 - [TEST_STEP][PASSED] - click(findTestObject("02-Side Icons(Organization)/Add Contact/button_Sign in")): Object: 'Object Repository/02-Side Icons(Organization)/Add Contact/button_Sign in' is clicked on

2022-11-10 17:49:48 - [MESSAGE][PASSED] - Object: 'Object Repository/02-Side Icons(Organization)/Add Contact/button_Sign in' is clicked on

2022-11-10 17:49:48 - [TEST_STEP][PASSED] - delay(2): Delayed 2 second(s)

2022-11-10 17:49:50 - [MESSAGE][PASSED] - Delayed 2 second(s)

2022-11-10 17:49:50 - [TEST_STEP][PASSED] - click(findTestObject("06-Teams/For 2FA/button_Confirm_2FA")): Object: 'Object Repository/06-Teams/For 2FA/button_Confirm_2FA' is clicked on

2022-11-10 17:49:50 - [MESSAGE][PASSED] - Object: 'Object Repository/06-Teams/For 2FA/button_Confirm_2FA' is clicked on

2022-11-10 17:49:50 - [TEST_STEP][PASSED] - executeJavaScript("window.open();", []): Execute JavaScript 'window.open();' successfully

2022-11-10 17:49:51 - [MESSAGE][PASSED] - Execute JavaScript 'window.open();' successfully

2022-11-10 17:49:51 - [TEST_STEP][PASSED] - currentWindow = getWindowIndex(): Current window's index is: 0

2022-11-10 17:49:51 - [MESSAGE][PASSED] - Current window's index is: 0

2022-11-10 17:49:51 - [TEST_STEP][PASSED] - delay(3): Delayed 3 second(s)

2022-11-10 17:49:54 - [MESSAGE][PASSED] - Delayed 3 second(s)

2022-11-10 17:49:54 - [TEST_STEP][PASSED] - switchToWindowIndex(currentWindow + 1): Switched to window with index: '1'

2022-11-10 17:49:54 - [MESSAGE][PASSED] - Switched to window with index: '1'

2022-11-10 17:49:54 - [TEST_STEP][PASSED] - navigateToUrl("https://www.mailinator.com/"): Navigate to 'https://www.mailinator.com/' successfully

2022-11-10 17:50:00 - [MESSAGE][PASSED] - Navigate to 'https://www.mailinator.com/' successfully

2022-11-10 17:50:00 - [TEST_STEP][PASSED] - delay(3): Delayed 3 second(s)

2022-11-10 17:50:03 - [MESSAGE][PASSED] - Delayed 3 second(s)

2022-11-10 17:50:03 - [TEST_STEP][PASSED] - setText(findTestObject("00-Signup and Activation/zMailinator/input_LOGIN_search"), "testuser02@mailinator.com"): Text 'testuser02@mailinator.com' is set on object 'Object Repository/00-Signup and Activation/zMailinator/input_LOGIN_search'

2022-11-10 17:50:04 - [MESSAGE][PASSED] - Text 'testuser02@mailinator.com' is set on object 'Object Repository/00-Signup and Activation/zMailinator/input_LOGIN_search'

2022-11-10 17:50:04 - [TEST_STEP][PASSED] - click(findTestObject("00-Signup and Activation/zMailinator/gobutton"), STOP_ON_FAILURE): Object: 'Object Repository/00-Signup and Activation/zMailinator/gobutton' is clicked on

2022-11-10 17:50:08 - [MESSAGE][PASSED] - Object: 'Object Repository/00-Signup and Activation/zMailinator/gobutton' is clicked on

2022-11-10 17:50:08 - [TEST_STEP][PASSED] - delay(3): Delayed 3 second(s)

2022-11-10 17:50:11 - [MESSAGE][PASSED] - Delayed 3 second(s)

2022-11-10 17:50:11 - [TEST_STEP][PASSED] - click(findTestObject("00-Signup and Activation/zMailinator/Email - everleagues")): Object: 'Object Repository/00-Signup and Activation/zMailinator/Email - everleagues' is clicked on

2022-11-10 17:50:12 - [MESSAGE][PASSED] - Object: 'Object Repository/00-Signup and Activation/zMailinator/Email - everleagues' is clicked on

2022-11-10 17:50:12 - [TEST_STEP][PASSED] - delay(3): Delayed 3 second(s)

2022-11-10 17:50:15 - [MESSAGE][PASSED] - Delayed 3 second(s)

2022-11-10 17:50:15 - [TEST_STEP][PASSED] - code = getText(findTestObject("Object Repository/06-Teams/For 2FA/2FA code")): Text of object 'Object Repository/06-Teams/For 2FA/2FA code' is: '810174'

2022-11-10 17:50:15 - [MESSAGE][PASSED] - Text of object 'Object Repository/06-Teams/For 2FA/2FA code' is: '810174'

2022-11-10 17:50:15 - [TEST_STEP][PASSED] - delay(3): Delayed 3 second(s)

2022-11-10 17:50:18 - [MESSAGE][PASSED] - Delayed 3 second(s)

2022-11-10 17:50:18 - [TEST_STEP][PASSED] - closeWindowTitle("Mailinator"): Window with title: 'Mailinator' is closed

2022-11-10 17:50:18 - [MESSAGE][PASSED] - Window with title: 'Mailinator' is closed

2022-11-10 17:50:18 - [TEST_STEP][PASSED] - delay(3): Delayed 3 second(s)

2022-11-10 17:50:21 - [MESSAGE][PASSED] - Delayed 3 second(s)

2022-11-10 17:50:21 - [TEST_STEP][PASSED] - switchToWindowIndex(0): Switched to window with index: '0'

2022-11-10 17:50:21 - [MESSAGE][PASSED] - Switched to window with index: '0'

2022-11-10 17:50:21 - [TEST_STEP][PASSED] - delay(3): Delayed 3 second(s)

2022-11-10 17:50:24 - [MESSAGE][PASSED] - Delayed 3 second(s)

2022-11-10 17:50:24 - [TEST_STEP][PASSED] - setText(findTestObject("Object Repository/06-Teams/For 2FA/input_Enter verification code_code"), code): Text '810174' is set on object 'Object Repository/06-Teams/For 2FA/input_Enter verification code_code'

2022-11-10 17:50:25 - [MESSAGE][PASSED] - Text '810174' is set on object 'Object Repository/06-Teams/For 2FA/input_Enter verification code_code'

2022-11-10 17:50:25 - [TEST_STEP][PASSED] - delay(3): Delayed 3 second(s)

2022-11-10 17:50:28 - [MESSAGE][PASSED] - Delayed 3 second(s)

2022-11-10 17:50:28 - [TEST_STEP][PASSED] - click(findTestObject("06-Teams/For 2FA/button_Verify_2FA")): Object: 'Object Repository/06-Teams/For 2FA/button_Verify_2FA' is clicked on

2022-11-10 17:50:29 - [MESSAGE][PASSED] - Object: 'Object Repository/06-Teams/For 2FA/button_Verify_2FA' is clicked on

2022-11-10 17:50:29 - [TEST_STEP][PASSED] - delay(5): Delayed 5 second(s)

2022-11-10 17:50:34 - [MESSAGE][PASSED] - Delayed 5 second(s)

2022-11-10 17:50:34 - [TEST_STEP][PASSED] - click(findTestObject("06-Teams/button_doublearrow")): Object: 'Object Repository/06-Teams/button_doublearrow' is clicked on

2022-11-10 17:50:40 - [MESSAGE][PASSED] - Object: 'Object Repository/06-Teams/button_doublearrow' is clicked on

2022-11-10 17:50:40 - [TEST_STEP][PASSED] - click(findTestObject("06-Teams/button_My Organizations")): Object: 'Object Repository/06-Teams/button_My Organizations' is clicked on

2022-11-10 17:50:41 - [MESSAGE][PASSED] - Object: 'Object Repository/06-Teams/button_My Organizations' is clicked on

2022-11-10 17:50:41 - [TEST_STEP][PASSED] - click(findTestObject("02-Side Icons(Organization)/Add Contact/button_Automation Test Org")): Object: 'Object Repository/02-Side Icons(Organization)/Add Contact/button_Automation Test Org' is clicked on

2022-11-10 17:50:42 - [MESSAGE][PASSED] - Object: 'Object Repository/02-Side Icons(Organization)/Add Contact/button_Automation Test Org' is clicked on

2022-11-10 17:50:42 - [TEST_STEP][PASSED] - delay(4): Delayed 4 second(s)

2022-11-10 17:50:46 - [MESSAGE][PASSED] - Delayed 4 second(s)

2022-11-10 17:50:46 - [TEST_STEP][PASSED] - verifyElementVisible(findTestObject("02-Side Icons(Organization)/Add Contact/span_Automation Test Org")): Object 'Object Repository/02-Side Icons(Organization)/Add Contact/span_Automation Test Org' is visible

2022-11-10 17:50:46 - [MESSAGE][PASSED] - Object 'Object Repository/02-Side Icons(Organization)/Add Contact/span_Automation Test Org' is visible

2022-11-10 17:50:46 - [TEST_STEP][PASSED] - delay(10): Delayed 10 second(s)

2022-11-10 17:50:56 - [MESSAGE][PASSED] - Delayed 10 second(s)

2022-11-10 17:50:56 - [TEST_STEP][PASSED] - click(findTestObject("03-Header Menu/Hamburger Button/div_Cloud Files")): Object: 'Object Repository/03-Header Menu/Hamburger Button/div_Cloud Files' is clicked on

2022-11-10 17:50:57 - [MESSAGE][PASSED] - Object: 'Object Repository/03-Header Menu/Hamburger Button/div_Cloud Files' is clicked on

2022-11-10 17:50:57 - [TEST_STEP][PASSED] - verifyElementVisible(findTestObject("11-Cloud Files/h4_CLOUD FILES")): Object 'Object Repository/11-Cloud Files/h4_CLOUD FILES' is visible

2022-11-10 17:50:59 - [MESSAGE][PASSED] - Object 'Object Repository/11-Cloud Files/h4_CLOUD FILES' is visible

2022-11-10 17:50:59 - [TEST_STEP][PASSED] - click(findTestObject("11-Cloud Files/a_My Files")): Object: 'Object Repository/11-Cloud Files/a_My Files' is clicked on

2022-11-10 17:51:00 - [MESSAGE][PASSED] - Object: 'Object Repository/11-Cloud Files/a_My Files' is clicked on

2022-11-10 17:51:00 - [TEST_STEP][PASSED] - delay(3): Delayed 3 second(s)

2022-11-10 17:51:03 - [MESSAGE][PASSED] - Delayed 3 second(s)

2022-11-10 17:51:03 - [TEST_STEP][PASSED] - click(findTestObject("11-Cloud Files/button_cloud_upload Upload Files  Create Folders")): Object: 'Object Repository/11-Cloud Files/button_cloud_upload Upload Files  Create Folders' is clicked on

2022-11-10 17:51:03 - [MESSAGE][PASSED] - Object: 'Object Repository/11-Cloud Files/button_cloud_upload Upload Files  Create Folders' is clicked on

2022-11-10 17:51:03 - [TEST_STEP][PASSED] - click(findTestObject("11-Cloud Files/button_create_new_folderNew Folder")): Object: 'Object Repository/11-Cloud Files/button_create_new_folderNew Folder' is clicked on

2022-11-10 17:51:04 - [MESSAGE][PASSED] - Object: 'Object Repository/11-Cloud Files/button_create_new_folderNew Folder' is clicked on

2022-11-10 17:51:04 - [TEST_STEP][PASSED] - verifyElementVisible(findTestObject("11-Cloud Files/mat-dialog-container_CreateNewFolder modal")): Object 'Object Repository/11-Cloud Files/mat-dialog-container_CreateNewFolder modal' is visible

2022-11-10 17:51:05 - [MESSAGE][PASSED] - Object 'Object Repository/11-Cloud Files/mat-dialog-container_CreateNewFolder modal' is visible

2022-11-10 17:51:05 - [TEST_STEP][PASSED] - verifyElementVisible(findTestObject("11-Cloud Files/h4_New folder")): Object 'Object Repository/11-Cloud Files/h4_New folder' is visible

2022-11-10 17:51:05 - [MESSAGE][PASSED] - Object 'Object Repository/11-Cloud Files/h4_New folder' is visible

2022-11-10 17:51:05 - [TEST_STEP][PASSED] - click(findTestObject("09-Settings/Users/Active User/button_Cancel_restore")): Object: 'Object Repository/09-Settings/Users/Active User/button_Cancel_restore' is clicked on

2022-11-10 17:51:05 - [MESSAGE][PASSED] - Object: 'Object Repository/09-Settings/Users/Active User/button_Cancel_restore' is clicked on

2022-11-10 17:51:05 - [TEST_STEP][PASSED] - delay(3): Delayed 3 second(s)

2022-11-10 17:51:08 - [MESSAGE][PASSED] - Delayed 3 second(s)

2022-11-10 17:51:08 - [TEST_STEP][PASSED] - click(findTestObject("11-Cloud Files/button_cloud_upload Upload Files  Create Folders")): Object: 'Object Repository/11-Cloud Files/button_cloud_upload Upload Files  Create Folders' is clicked on

2022-11-10 17:51:09 - [MESSAGE][PASSED] - Object: 'Object Repository/11-Cloud Files/button_cloud_upload Upload Files  Create Folders' is clicked on

2022-11-10 17:51:09 - [TEST_STEP][PASSED] - click(findTestObject("11-Cloud Files/button_create_new_folderNew Folder")): Object: 'Object Repository/11-Cloud Files/button_create_new_folderNew Folder' is clicked on

2022-11-10 17:51:10 - [MESSAGE][PASSED] - Object: 'Object Repository/11-Cloud Files/button_create_new_folderNew Folder' is clicked on

2022-11-10 17:51:10 - [TEST_STEP][PASSED] - verifyElementVisible(findTestObject("11-Cloud Files/mat-dialog-container_CreateNewFolder modal")): Object 'Object Repository/11-Cloud Files/mat-dialog-container_CreateNewFolder modal' is visible

2022-11-10 17:51:10 - [MESSAGE][PASSED] - Object 'Object Repository/11-Cloud Files/mat-dialog-container_CreateNewFolder modal' is visible

2022-11-10 17:51:10 - [TEST_STEP][PASSED] - verifyElementVisible(findTestObject("11-Cloud Files/h4_New folder")): Object 'Object Repository/11-Cloud Files/h4_New folder' is visible

2022-11-10 17:51:11 - [MESSAGE][PASSED] - Object 'Object Repository/11-Cloud Files/h4_New folder' is visible

2022-11-10 17:51:11 - [TEST_STEP][PASSED] - setText(findTestObject("11-Cloud Files/input_folderName"), "Automation folder"): Text 'Automation folder' is set on object 'Object Repository/11-Cloud Files/input_folderName'

2022-11-10 17:51:11 - [MESSAGE][PASSED] - Text 'Automation folder' is set on object 'Object Repository/11-Cloud Files/input_folderName'

2022-11-10 17:51:11 - [TEST_STEP][PASSED] - click(findTestObject("11-Cloud Files/button_Confirm")): Object: 'Object Repository/11-Cloud Files/button_Confirm' is clicked on

2022-11-10 17:51:12 - [MESSAGE][PASSED] - Object: 'Object Repository/11-Cloud Files/button_Confirm' is clicked on

2022-11-10 17:51:12 - [TEST_STEP][PASSED] - delay(3): Delayed 3 second(s)

2022-11-10 17:51:15 - [MESSAGE][PASSED] - Delayed 3 second(s)

2022-11-10 17:51:15 - [TEST_STEP][PASSED] - click(findTestObject("11-Cloud Files/mat-icon_refresh")): Object: 'Object Repository/11-Cloud Files/mat-icon_refresh' is clicked on

2022-11-10 17:51:15 - [MESSAGE][PASSED] - Object: 'Object Repository/11-Cloud Files/mat-icon_refresh' is clicked on

2022-11-10 17:51:15 - [TEST_STEP][PASSED] - verifyElementVisible(findTestObject("11-Cloud Files/td_Automation folder")): Object 'Object Repository/11-Cloud Files/td_Automation folder' is visible

2022-11-10 17:51:17 - [MESSAGE][PASSED] - Object 'Object Repository/11-Cloud Files/td_Automation folder' is visible

2022-11-10 17:51:17 - [TEST_STEP][PASSED] - delay(3): Delayed 3 second(s)

2022-11-10 17:51:20 - [MESSAGE][PASSED] - Delayed 3 second(s)

2022-11-10 17:51:20 - [TEST_STEP][PASSED] - setText(findTestObject("11-Cloud Files/input_Search cloudfiles"), "Automation folder"): Text 'Automation folder' is set on object 'Object Repository/11-Cloud Files/input_Search cloudfiles'

2022-11-10 17:51:21 - [MESSAGE][PASSED] - Text 'Automation folder' is set on object 'Object Repository/11-Cloud Files/input_Search cloudfiles'

2022-11-10 17:51:21 - [TEST_STEP][PASSED] - sendKeys(findTestObject("11-Cloud Files/input_Search cloudfiles"), Keys.chord(ENTER)): Keys 'ENTER + ' sent to object: 'Object Repository/11-Cloud Files/input_Search cloudfiles'

2022-11-10 17:51:21 - [MESSAGE][PASSED] - Keys 'ENTER + ' sent to object: 'Object Repository/11-Cloud Files/input_Search cloudfiles'

2022-11-10 17:51:21 - [TEST_STEP][PASSED] - verifyElementVisible(findTestObject("11-Cloud Files/td_Automation folder")): Object 'Object Repository/11-Cloud Files/td_Automation folder' is visible

2022-11-10 17:51:22 - [MESSAGE][PASSED] - Object 'Object Repository/11-Cloud Files/td_Automation folder' is visible

2022-11-10 17:51:22 - [TEST_STEP][PASSED] - click(findTestObject("11-Cloud Files/mat-icon_refresh")): Object: 'Object Repository/11-Cloud Files/mat-icon_refresh' is clicked on

2022-11-10 17:51:22 - [MESSAGE][PASSED] - Object: 'Object Repository/11-Cloud Files/mat-icon_refresh' is clicked on]]></system-out>
         <system-err><![CDATA[]]></system-err>
      </testcase>
      <testcase name="Test Cases/11-Cloud Files/02-Upload Local File" time="18.895" classname="Test Cases/11-Cloud Files/02-Upload Local File" status="PASSED">
         <system-out><![CDATA[2022-11-10 17:51:22 - [TEST_CASE][PASSED] - Test Cases/11-Cloud Files/02-Upload Local File: Test Cases/11-Cloud Files/02-Upload Local File

2022-11-10 17:51:23 - [TEST_STEP][PASSED] - delay(4): Delayed 4 second(s)

2022-11-10 17:51:27 - [MESSAGE][PASSED] - Delayed 4 second(s)

2022-11-10 17:51:27 - [TEST_STEP][PASSED] - click(findTestObject("11-Cloud Files/button_cloud_upload Upload Files  Create Folders")): Object: 'Object Repository/11-Cloud Files/button_cloud_upload Upload Files  Create Folders' is clicked on

2022-11-10 17:51:28 - [MESSAGE][PASSED] - Object: 'Object Repository/11-Cloud Files/button_cloud_upload Upload Files  Create Folders' is clicked on

2022-11-10 17:51:28 - [TEST_STEP][PASSED] - uploadpackage.Upload.uploadFile(findTestObject("Object Repository/11-Cloud Files/button_cloud_uploadUpload Local File"), "C:\Users\User\Desktop\EL automation\qa.jpg"): uploadpackage.Upload.uploadFile is PASSED

2022-11-10 17:51:28 - [MESSAGE][PASSED] - Object: 'Object Repository/11-Cloud Files/button_cloud_uploadUpload Local File' is clicked on

2022-11-10 17:51:29 - [MESSAGE][PASSED] - uploadpackage.Upload.uploadFile is PASSED

2022-11-10 17:51:29 - [TEST_STEP][PASSED] - delay(2): Delayed 2 second(s)

2022-11-10 17:51:31 - [MESSAGE][PASSED] - Delayed 2 second(s)

2022-11-10 17:51:31 - [TEST_STEP][PASSED] - verifyElementVisible(findTestObject("11-Cloud Files/mat-dialog-container_Upload local file modal")): Object 'Object Repository/11-Cloud Files/mat-dialog-container_Upload local file modal' is visible

2022-11-10 17:51:31 - [MESSAGE][PASSED] - Object 'Object Repository/11-Cloud Files/mat-dialog-container_Upload local file modal' is visible

2022-11-10 17:51:31 - [TEST_STEP][PASSED] - click(findTestObject("11-Cloud Files/button_Confirm")): Object: 'Object Repository/11-Cloud Files/button_Confirm' is clicked on

2022-11-10 17:51:31 - [MESSAGE][PASSED] - Object: 'Object Repository/11-Cloud Files/button_Confirm' is clicked on

2022-11-10 17:51:31 - [TEST_STEP][PASSED] - delay(3): Delayed 3 second(s)

2022-11-10 17:51:34 - [MESSAGE][PASSED] - Delayed 3 second(s)

2022-11-10 17:51:34 - [TEST_STEP][PASSED] - verifyElementVisible(findTestObject("11-Cloud Files/div_Upload completed clear")): Object 'Object Repository/11-Cloud Files/div_Upload completed clear' is visible

2022-11-10 17:51:41 - [MESSAGE][PASSED] - Object 'Object Repository/11-Cloud Files/div_Upload completed clear' is visible]]></system-out>
         <system-err><![CDATA[]]></system-err>
      </testcase>
      <testcase name="Test Cases/11-Cloud Files/03-Rename a folder" time="13.408" classname="Test Cases/11-Cloud Files/03-Rename a folder" status="PASSED">
         <system-out><![CDATA[2022-11-10 17:51:41 - [TEST_CASE][PASSED] - Test Cases/11-Cloud Files/03-Rename a folder: Test Cases/11-Cloud Files/03-Rename a folder

2022-11-10 17:51:42 - [TEST_STEP][PASSED] - delay(3): Delayed 3 second(s)

2022-11-10 17:51:45 - [MESSAGE][PASSED] - Delayed 3 second(s)

2022-11-10 17:51:45 - [TEST_STEP][PASSED] - rightClick(findTestObject("11-Cloud Files/td_Automation folder")): Object: 'Object Repository/11-Cloud Files/td_Automation folder' is right clicked on

2022-11-10 17:51:45 - [MESSAGE][PASSED] - Object: 'Object Repository/11-Cloud Files/td_Automation folder' is right clicked on

2022-11-10 17:51:45 - [TEST_STEP][PASSED] - click(findTestObject("11-Cloud Files/button_Rename")): Object: 'Object Repository/11-Cloud Files/button_Rename' is clicked on

2022-11-10 17:51:46 - [MESSAGE][PASSED] - Object: 'Object Repository/11-Cloud Files/button_Rename' is clicked on

2022-11-10 17:51:46 - [TEST_STEP][PASSED] - verifyElementVisible(findTestObject("11-Cloud Files/mat-dialog-container_RenameName nodal")): Object 'Object Repository/11-Cloud Files/mat-dialog-container_RenameName nodal' is visible

2022-11-10 17:51:46 - [MESSAGE][PASSED] - Object 'Object Repository/11-Cloud Files/mat-dialog-container_RenameName nodal' is visible

2022-11-10 17:51:46 - [TEST_STEP][PASSED] - click(findTestObject("09-Settings/Users/Active User/button_Cancel_restore")): Object: 'Object Repository/09-Settings/Users/Active User/button_Cancel_restore' is clicked on

2022-11-10 17:51:47 - [MESSAGE][PASSED] - Object: 'Object Repository/09-Settings/Users/Active User/button_Cancel_restore' is clicked on

2022-11-10 17:51:47 - [TEST_STEP][PASSED] - delay(3): Delayed 3 second(s)

2022-11-10 17:51:50 - [MESSAGE][PASSED] - Delayed 3 second(s)

2022-11-10 17:51:50 - [TEST_STEP][PASSED] - rightClick(findTestObject("11-Cloud Files/td_Automation folder")): Object: 'Object Repository/11-Cloud Files/td_Automation folder' is right clicked on

2022-11-10 17:51:50 - [MESSAGE][PASSED] - Object: 'Object Repository/11-Cloud Files/td_Automation folder' is right clicked on

2022-11-10 17:51:50 - [TEST_STEP][PASSED] - click(findTestObject("11-Cloud Files/button_Rename")): Object: 'Object Repository/11-Cloud Files/button_Rename' is clicked on

2022-11-10 17:51:51 - [MESSAGE][PASSED] - Object: 'Object Repository/11-Cloud Files/button_Rename' is clicked on

2022-11-10 17:51:51 - [TEST_STEP][PASSED] - verifyElementVisible(findTestObject("11-Cloud Files/mat-dialog-container_RenameName nodal")): Object 'Object Repository/11-Cloud Files/mat-dialog-container_RenameName nodal' is visible

2022-11-10 17:51:52 - [MESSAGE][PASSED] - Object 'Object Repository/11-Cloud Files/mat-dialog-container_RenameName nodal' is visible

2022-11-10 17:51:52 - [TEST_STEP][PASSED] - setText(findTestObject("11-Cloud Files/input_Rename"), "Automation folder EDIT"): Text 'Automation folder EDIT' is set on object 'Object Repository/11-Cloud Files/input_Rename'

2022-11-10 17:51:52 - [MESSAGE][PASSED] - Text 'Automation folder EDIT' is set on object 'Object Repository/11-Cloud Files/input_Rename'

2022-11-10 17:51:52 - [TEST_STEP][PASSED] - click(findTestObject("09-Settings/Users/Active User/button_Save")): Object: 'Object Repository/09-Settings/Users/Active User/button_Save' is clicked on

2022-11-10 17:51:53 - [MESSAGE][PASSED] - Object: 'Object Repository/09-Settings/Users/Active User/button_Save' is clicked on

2022-11-10 17:51:53 - [TEST_STEP][PASSED] - verifyElementVisible(findTestObject("11-Cloud Files/snack-bar-container_Successfully changed nameOK")): Object 'Object Repository/11-Cloud Files/snack-bar-container_Successfully changed nameOK' is visible

2022-11-10 17:51:55 - [MESSAGE][PASSED] - Object 'Object Repository/11-Cloud Files/snack-bar-container_Successfully changed nameOK' is visible]]></system-out>
         <system-err><![CDATA[]]></system-err>
      </testcase>
      <testcase name="Test Cases/11-Cloud Files/04-Rename a file" time="8.248" classname="Test Cases/11-Cloud Files/04-Rename a file" status="PASSED">
         <system-out><![CDATA[2022-11-10 17:51:55 - [TEST_CASE][PASSED] - Test Cases/11-Cloud Files/04-Rename a file: Test Cases/11-Cloud Files/04-Rename a file

2022-11-10 17:51:55 - [TEST_STEP][PASSED] - delay(3): Delayed 3 second(s)

2022-11-10 17:51:58 - [MESSAGE][PASSED] - Delayed 3 second(s)

2022-11-10 17:51:58 - [TEST_STEP][PASSED] - rightClick(findTestObject("11-Cloud Files/td_qa")): Object: 'Object Repository/11-Cloud Files/td_qa' is right clicked on

2022-11-10 17:51:59 - [MESSAGE][PASSED] - Object: 'Object Repository/11-Cloud Files/td_qa' is right clicked on

2022-11-10 17:51:59 - [TEST_STEP][PASSED] - click(findTestObject("11-Cloud Files/button_Rename")): Object: 'Object Repository/11-Cloud Files/button_Rename' is clicked on

2022-11-10 17:51:59 - [MESSAGE][PASSED] - Object: 'Object Repository/11-Cloud Files/button_Rename' is clicked on

2022-11-10 17:51:59 - [TEST_STEP][PASSED] - verifyElementVisible(findTestObject("11-Cloud Files/mat-dialog-container_RenameName nodal")): Object 'Object Repository/11-Cloud Files/mat-dialog-container_RenameName nodal' is visible

2022-11-10 17:52:00 - [MESSAGE][PASSED] - Object 'Object Repository/11-Cloud Files/mat-dialog-container_RenameName nodal' is visible

2022-11-10 17:52:00 - [TEST_STEP][PASSED] - setText(findTestObject("11-Cloud Files/input_Rename"), "qa EDIT"): Text 'qa EDIT' is set on object 'Object Repository/11-Cloud Files/input_Rename'

2022-11-10 17:52:01 - [MESSAGE][PASSED] - Text 'qa EDIT' is set on object 'Object Repository/11-Cloud Files/input_Rename'

2022-11-10 17:52:01 - [TEST_STEP][PASSED] - click(findTestObject("09-Settings/Users/Active User/button_Save")): Object: 'Object Repository/09-Settings/Users/Active User/button_Save' is clicked on

2022-11-10 17:52:01 - [MESSAGE][PASSED] - Object: 'Object Repository/09-Settings/Users/Active User/button_Save' is clicked on

2022-11-10 17:52:01 - [TEST_STEP][PASSED] - verifyElementVisible(findTestObject("11-Cloud Files/snack-bar-container_Successfully changed nameOK")): Object 'Object Repository/11-Cloud Files/snack-bar-container_Successfully changed nameOK' is visible

2022-11-10 17:52:03 - [MESSAGE][PASSED] - Object 'Object Repository/11-Cloud Files/snack-bar-container_Successfully changed nameOK' is visible]]></system-out>
         <system-err><![CDATA[]]></system-err>
      </testcase>
      <testcase name="Test Cases/11-Cloud Files/05-Download a file" time="7.662" classname="Test Cases/11-Cloud Files/05-Download a file" status="PASSED">
         <system-out><![CDATA[2022-11-10 17:52:03 - [TEST_CASE][PASSED] - Test Cases/11-Cloud Files/05-Download a file: Test Cases/11-Cloud Files/05-Download a file

2022-11-10 17:52:03 - [TEST_STEP][PASSED] - delay(3): Delayed 3 second(s)

2022-11-10 17:52:06 - [MESSAGE][PASSED] - Delayed 3 second(s)

2022-11-10 17:52:06 - [TEST_STEP][PASSED] - rightClick(findTestObject("11-Cloud Files/td_qa EDIT")): Object: 'Object Repository/11-Cloud Files/td_qa EDIT' is right clicked on

2022-11-10 17:52:07 - [MESSAGE][PASSED] - Object: 'Object Repository/11-Cloud Files/td_qa EDIT' is right clicked on

2022-11-10 17:52:07 - [TEST_STEP][PASSED] - click(findTestObject("11-Cloud Files/button_download")): Object: 'Object Repository/11-Cloud Files/button_download' is clicked on

2022-11-10 17:52:08 - [MESSAGE][PASSED] - Object: 'Object Repository/11-Cloud Files/button_download' is clicked on

2022-11-10 17:52:08 - [TEST_STEP][PASSED] - verifyElementVisible(findTestObject("11-Cloud Files/div_Done downloading qaclear")): Object 'Object Repository/11-Cloud Files/div_Done downloading qaclear' is visible

2022-11-10 17:52:11 - [MESSAGE][PASSED] - Object 'Object Repository/11-Cloud Files/div_Done downloading qaclear' is visible]]></system-out>
         <system-err><![CDATA[]]></system-err>
      </testcase>
      <testcase name="Test Cases/11-Cloud Files/06-Open a file" time="11.622" classname="Test Cases/11-Cloud Files/06-Open a file" status="PASSED">
         <system-out><![CDATA[2022-11-10 17:52:11 - [TEST_CASE][PASSED] - Test Cases/11-Cloud Files/06-Open a file: Test Cases/11-Cloud Files/06-Open a file

2022-11-10 17:52:11 - [TEST_STEP][PASSED] - delay(3): Delayed 3 second(s)

2022-11-10 17:52:14 - [MESSAGE][PASSED] - Delayed 3 second(s)

2022-11-10 17:52:14 - [TEST_STEP][PASSED] - rightClick(findTestObject("11-Cloud Files/td_qa EDIT")): Object: 'Object Repository/11-Cloud Files/td_qa EDIT' is right clicked on

2022-11-10 17:52:14 - [MESSAGE][PASSED] - Object: 'Object Repository/11-Cloud Files/td_qa EDIT' is right clicked on

2022-11-10 17:52:14 - [TEST_STEP][PASSED] - click(findTestObject("11-Cloud Files/button_Open")): Object: 'Object Repository/11-Cloud Files/button_Open' is clicked on

2022-11-10 17:52:15 - [MESSAGE][PASSED] - Object: 'Object Repository/11-Cloud Files/button_Open' is clicked on

2022-11-10 17:52:15 - [TEST_STEP][PASSED] - switchToWindowIndex(1): Switched to window with index: '1'

2022-11-10 17:52:17 - [MESSAGE][PASSED] - Switched to window with index: '1'

2022-11-10 17:52:17 - [TEST_STEP][PASSED] - closeWindowIndex(1): Window with index 1 is closed

2022-11-10 17:52:17 - [MESSAGE][PASSED] - Window with index 1 is closed

2022-11-10 17:52:17 - [TEST_STEP][PASSED] - switchToWindowIndex(0): Switched to window with index: '0'

2022-11-10 17:52:17 - [MESSAGE][PASSED] - Switched to window with index: '0'

2022-11-10 17:52:17 - [TEST_STEP][PASSED] - delay(5): Delayed 5 second(s)

2022-11-10 17:52:22 - [MESSAGE][PASSED] - Delayed 5 second(s)]]></system-out>
         <system-err><![CDATA[]]></system-err>
      </testcase>
      <testcase name="Test Cases/11-Cloud Files/07-Share a folder" time="26.05" classname="Test Cases/11-Cloud Files/07-Share a folder" status="PASSED">
         <system-out><![CDATA[2022-11-10 17:52:22 - [TEST_CASE][PASSED] - Test Cases/11-Cloud Files/07-Share a folder: Test Cases/11-Cloud Files/07-Share a folder

2022-11-10 17:52:23 - [TEST_STEP][PASSED] - rightClick(findTestObject("11-Cloud Files/td_Automation folder EDIT")): Object: 'Object Repository/11-Cloud Files/td_Automation folder EDIT' is right clicked on

2022-11-10 17:52:23 - [MESSAGE][PASSED] - Object: 'Object Repository/11-Cloud Files/td_Automation folder EDIT' is right clicked on

2022-11-10 17:52:23 - [TEST_STEP][PASSED] - click(findTestObject("11-Cloud Files/button_Share")): Object: 'Object Repository/11-Cloud Files/button_Share' is clicked on

2022-11-10 17:52:24 - [MESSAGE][PASSED] - Object: 'Object Repository/11-Cloud Files/button_Share' is clicked on

2022-11-10 17:52:24 - [TEST_STEP][PASSED] - verifyElementVisible(findTestObject("11-Cloud Files/mat-dialog-container_ShareFiles Modal")): Object 'Object Repository/11-Cloud Files/mat-dialog-container_ShareFiles Modal' is visible

2022-11-10 17:52:25 - [MESSAGE][PASSED] - Object 'Object Repository/11-Cloud Files/mat-dialog-container_ShareFiles Modal' is visible

2022-11-10 17:52:25 - [TEST_STEP][PASSED] - click(findTestObject("11-Cloud Files/mat-icon_close")): Object: 'Object Repository/11-Cloud Files/mat-icon_close' is clicked on

2022-11-10 17:52:25 - [MESSAGE][PASSED] - Object: 'Object Repository/11-Cloud Files/mat-icon_close' is clicked on

2022-11-10 17:52:25 - [TEST_STEP][PASSED] - delay(3): Delayed 3 second(s)

2022-11-10 17:52:28 - [MESSAGE][PASSED] - Delayed 3 second(s)

2022-11-10 17:52:28 - [TEST_STEP][PASSED] - rightClick(findTestObject("11-Cloud Files/td_Automation folder EDIT")): Object: 'Object Repository/11-Cloud Files/td_Automation folder EDIT' is right clicked on

2022-11-10 17:52:28 - [MESSAGE][PASSED] - Object: 'Object Repository/11-Cloud Files/td_Automation folder EDIT' is right clicked on

2022-11-10 17:52:28 - [TEST_STEP][PASSED] - click(findTestObject("11-Cloud Files/button_Share")): Object: 'Object Repository/11-Cloud Files/button_Share' is clicked on

2022-11-10 17:52:29 - [MESSAGE][PASSED] - Object: 'Object Repository/11-Cloud Files/button_Share' is clicked on

2022-11-10 17:52:29 - [TEST_STEP][PASSED] - verifyElementVisible(findTestObject("11-Cloud Files/mat-dialog-container_ShareFiles Modal")): Object 'Object Repository/11-Cloud Files/mat-dialog-container_ShareFiles Modal' is visible

2022-11-10 17:52:30 - [MESSAGE][PASSED] - Object 'Object Repository/11-Cloud Files/mat-dialog-container_ShareFiles Modal' is visible

2022-11-10 17:52:30 - [TEST_STEP][PASSED] - click(findTestObject("11-Cloud Files/input_Add Users")): Object: 'Object Repository/11-Cloud Files/input_Add Users' is clicked on

2022-11-10 17:52:30 - [MESSAGE][PASSED] - Object: 'Object Repository/11-Cloud Files/input_Add Users' is clicked on

2022-11-10 17:52:30 - [TEST_STEP][PASSED] - click(findTestObject("11-Cloud Files/mat-option_GTGG tester")): Object: 'Object Repository/11-Cloud Files/mat-option_GTGG tester' is clicked on

2022-11-10 17:52:31 - [MESSAGE][PASSED] - Object: 'Object Repository/11-Cloud Files/mat-option_GTGG tester' is clicked on

2022-11-10 17:52:31 - [TEST_STEP][PASSED] - click(findTestObject("10-Open Video Conference/mat-icon_cancel")): Object: 'Object Repository/10-Open Video Conference/mat-icon_cancel' is clicked on

2022-11-10 17:52:31 - [MESSAGE][PASSED] - Object: 'Object Repository/10-Open Video Conference/mat-icon_cancel' is clicked on

2022-11-10 17:52:31 - [TEST_STEP][PASSED] - delay(3): Delayed 3 second(s)

2022-11-10 17:52:34 - [MESSAGE][PASSED] - Delayed 3 second(s)

2022-11-10 17:52:34 - [TEST_STEP][PASSED] - click(findTestObject("11-Cloud Files/input_Add Users")): Object: 'Object Repository/11-Cloud Files/input_Add Users' is clicked on

2022-11-10 17:52:35 - [MESSAGE][PASSED] - Object: 'Object Repository/11-Cloud Files/input_Add Users' is clicked on

2022-11-10 17:52:35 - [TEST_STEP][PASSED] - click(findTestObject("11-Cloud Files/mat-option_GTGG tester 2")): Object: 'Object Repository/11-Cloud Files/mat-option_GTGG tester 2' is clicked on

2022-11-10 17:52:35 - [MESSAGE][PASSED] - Object: 'Object Repository/11-Cloud Files/mat-option_GTGG tester 2' is clicked on

2022-11-10 17:52:35 - [TEST_STEP][PASSED] - click(findTestObject("11-Cloud Files/mat-option_GTGG tester")): Object: 'Object Repository/11-Cloud Files/mat-option_GTGG tester' is clicked on

2022-11-10 17:52:35 - [MESSAGE][PASSED] - Object: 'Object Repository/11-Cloud Files/mat-option_GTGG tester' is clicked on

2022-11-10 17:52:35 - [TEST_STEP][PASSED] - clickOffset(findTestObject("11-Cloud Files/button_Copy Share Link"), 10, 10): Object: 'Object Repository/11-Cloud Files/button_Copy Share Link' is clicked on using offset x=10 and y=10

2022-11-10 17:52:36 - [MESSAGE][PASSED] - Object: 'Object Repository/11-Cloud Files/button_Copy Share Link' is clicked on using offset x=10 and y=10

2022-11-10 17:52:36 - [TEST_STEP][PASSED] - click(findTestObject("11-Cloud Files/div_mat-checkbox-notify-user")): Object: 'Object Repository/11-Cloud Files/div_mat-checkbox-notify-user' is clicked on

2022-11-10 17:52:38 - [MESSAGE][PASSED] - Object: 'Object Repository/11-Cloud Files/div_mat-checkbox-notify-user' is clicked on

2022-11-10 17:52:38 - [TEST_STEP][PASSED] - click(findTestObject("11-Cloud Files/div_mat-checkbox-notify-user")): Object: 'Object Repository/11-Cloud Files/div_mat-checkbox-notify-user' is clicked on

2022-11-10 17:52:38 - [MESSAGE][PASSED] - Object: 'Object Repository/11-Cloud Files/div_mat-checkbox-notify-user' is clicked on

2022-11-10 17:52:38 - [TEST_STEP][PASSED] - click(findTestObject("11-Cloud Files/div_dropdown")): Object: 'Object Repository/11-Cloud Files/div_dropdown' is clicked on

2022-11-10 17:52:39 - [MESSAGE][PASSED] - Object: 'Object Repository/11-Cloud Files/div_dropdown' is clicked on

2022-11-10 17:52:39 - [TEST_STEP][PASSED] - click(findTestObject("11-Cloud Files/span_Viewer")): Object: 'Object Repository/11-Cloud Files/span_Viewer' is clicked on

2022-11-10 17:52:39 - [MESSAGE][PASSED] - Object: 'Object Repository/11-Cloud Files/span_Viewer' is clicked on

2022-11-10 17:52:39 - [TEST_STEP][PASSED] - click(findTestObject("11-Cloud Files/button_Save")): Object: 'Object Repository/11-Cloud Files/button_Save' is clicked on

2022-11-10 17:52:40 - [MESSAGE][PASSED] - Object: 'Object Repository/11-Cloud Files/button_Save' is clicked on

2022-11-10 17:52:40 - [TEST_STEP][PASSED] - verifyElementVisible(findTestObject("11-Cloud Files/snack-bar-container_Shared folder access updated successfully.OK")): Object 'Object Repository/11-Cloud Files/snack-bar-container_Shared folder access updated successfully.OK' is visible

2022-11-10 17:52:44 - [MESSAGE][PASSED] - Object 'Object Repository/11-Cloud Files/snack-bar-container_Shared folder access updated successfully.OK' is visible

2022-11-10 17:52:44 - [TEST_STEP][PASSED] - delay(4): Delayed 4 second(s)

2022-11-10 17:52:48 - [MESSAGE][PASSED] - Delayed 4 second(s)

2022-11-10 17:52:48 - [TEST_STEP][PASSED] - closeBrowser(): Browser is closed

2022-11-10 17:52:48 - [MESSAGE][PASSED] - Browser is closed]]></system-out>
         <system-err><![CDATA[]]></system-err>
      </testcase>
      <system-out><![CDATA[2022-11-10 17:48:54 - [TEST_SUITE][PASSED] - 11-Cloud Files: Test Cases/11-Cloud Files/07-Share a folder]]></system-out>
      <system-err><![CDATA[]]></system-err>
   </testsuite>
</testsuites>
