<?xml version="1.0" encoding="UTF-8"?>
<testsuites name="02-Side Icons" time="134.517" tests="4" failures="0" errors="0">
   <testsuite name="02-Side Icons" tests="4" failures="0" errors="0" time="134.517" skipped="0" timestamp="2022-06-10 14:25:05" hostname="User - DESKTOP-QCRNR4M" id="Test Suites/TS-Organization/02-Side Icons">
      <properties>
         <property name="deviceName" value=""/>
         <property name="devicePlatform" value=""/>
         <property name="logFolder" value="C:\\Users\\User\\Katalon Studio\\EverleaguesMain\\Reports\\20220610_142501\\TS-Organization\\02-Side Icons\\20220610_142502"/>
         <property name="logFiles" value="C:\\Users\\User\\Katalon Studio\\EverleaguesMain\\Reports\\20220610_142501\\TS-Organization\\02-Side Icons\\20220610_142502\\execution0.log"/>
         <property name="attachments" value=""/>
         <property name="hostName" value="User - DESKTOP-QCRNR4M"/>
         <property name="os" value="Windows 10 64bit"/>
         <property name="katalonVersion" value="8.3.5.208"/>
         <property name="browser" value="Chrome 102.0.5005.115"/>
         <property name="hostAddress" value="192.168.5.89"/>
         <property name="sessionId" value="7482c6eb165295030572b5b2279afee2"/>
         <property name="seleniumVersion" value="3.141.59"/>
         <property name="proxyInformation" value="ProxyInformation { proxyOption=NO_PROXY, proxyServerType=HTTP, username=, password=********, proxyServerAddress=, proxyServerPort=0, executionList=&quot;&quot;, isApplyToDesiredCapabilities=true }"/>
         <property name="platform" value="Windows 10"/>
      </properties>
      <testcase name="Test Cases/02-Side Icons (Organization)/01- (Add Contact)" time="101.459" classname="Test Cases/02-Side Icons (Organization)/01- (Add Contact)" status="PASSED">
         <system-out><![CDATA[2022-06-10 14:25:05 - [TEST_CASE][PASSED] - Test Cases/02-Side Icons (Organization)/01- (Add Contact): Test Cases/02-Side Icons (Organization)/01- (Add Contact)

2022-06-10 14:25:06 - [TEST_STEP][PASSED] - openBrowser(""): Browser is opened with url: ''

2022-06-10 14:25:06 - [MESSAGE][INFO] - Starting 'Chrome' driver

2022-06-10 14:25:06 - [MESSAGE][INFO] - Action delay is set to 0 milliseconds

2022-06-10 14:25:08 - [MESSAGE][PASSED] - Browser is opened with url: ''

2022-06-10 14:25:08 - [TEST_STEP][PASSED] - navigateToUrl("https://lab.everleagues.com/login?returnUrl=%2Fmain%2Fdashboard"): Navigate to 'https://lab.everleagues.com/login?returnUrl=%2Fmain%2Fdashboard' successfully

2022-06-10 14:25:31 - [MESSAGE][PASSED] - Navigate to 'https://lab.everleagues.com/login?returnUrl=%2Fmain%2Fdashboard' successfully

2022-06-10 14:25:31 - [TEST_STEP][PASSED] - maximizeWindow(): Current window maximized

2022-06-10 14:25:31 - [MESSAGE][PASSED] - Current window maximized

2022-06-10 14:25:31 - [TEST_STEP][PASSED] - setText(findTestObject("02-Side Icons(Organization)/Add Contact/Email Field"), "testuser01@mailinator.com"): Text 'testuser01@mailinator.com' is set on object 'Object Repository/02-Side Icons(Organization)/Add Contact/Email Field'

2022-06-10 14:25:32 - [MESSAGE][PASSED] - Text 'testuser01@mailinator.com' is set on object 'Object Repository/02-Side Icons(Organization)/Add Contact/Email Field'

2022-06-10 14:25:32 - [TEST_STEP][PASSED] - setEncryptedText(findTestObject("02-Side Icons(Organization)/Add Contact/Password Field"), "8yFRyszE6U6jvsCn51OQbg=="): Text ****** has been set on object 'Object Repository/02-Side Icons(Organization)/Add Contact/Password Field'

2022-06-10 14:25:32 - [MESSAGE][PASSED] - Text ****** has been set on object 'Object Repository/02-Side Icons(Organization)/Add Contact/Password Field'

2022-06-10 14:25:32 - [TEST_STEP][PASSED] - click(findTestObject("02-Side Icons(Organization)/Add Contact/button_Sign in")): Object: 'Object Repository/02-Side Icons(Organization)/Add Contact/button_Sign in' is clicked on

2022-06-10 14:25:33 - [MESSAGE][PASSED] - Object: 'Object Repository/02-Side Icons(Organization)/Add Contact/button_Sign in' is clicked on

2022-06-10 14:25:33 - [TEST_STEP][PASSED] - delay(2): Delayed 2 second(s)

2022-06-10 14:25:35 - [MESSAGE][PASSED] - Delayed 2 second(s)

2022-06-10 14:25:35 - [TEST_STEP][PASSED] - click(findTestObject("06-Teams/For 2FA/button_Confirm_2FA")): Object: 'Object Repository/06-Teams/For 2FA/button_Confirm_2FA' is clicked on

2022-06-10 14:25:36 - [MESSAGE][PASSED] - Object: 'Object Repository/06-Teams/For 2FA/button_Confirm_2FA' is clicked on

2022-06-10 14:25:36 - [TEST_STEP][PASSED] - executeJavaScript("window.open();", []): Execute JavaScript 'window.open();' successfully

2022-06-10 14:25:36 - [MESSAGE][PASSED] - Execute JavaScript 'window.open();' successfully

2022-06-10 14:25:36 - [TEST_STEP][PASSED] - currentWindow = getWindowIndex(): Current window's index is: 0

2022-06-10 14:25:36 - [MESSAGE][PASSED] - Current window's index is: 0

2022-06-10 14:25:36 - [TEST_STEP][PASSED] - delay(3): Delayed 3 second(s)

2022-06-10 14:25:39 - [MESSAGE][PASSED] - Delayed 3 second(s)

2022-06-10 14:25:39 - [TEST_STEP][PASSED] - switchToWindowIndex(currentWindow + 1): Switched to window with index: '1'

2022-06-10 14:25:39 - [MESSAGE][PASSED] - Switched to window with index: '1'

2022-06-10 14:25:39 - [TEST_STEP][PASSED] - navigateToUrl("https://www.mailinator.com/"): Navigate to 'https://www.mailinator.com/' successfully

2022-06-10 14:25:42 - [MESSAGE][PASSED] - Navigate to 'https://www.mailinator.com/' successfully

2022-06-10 14:25:42 - [TEST_STEP][PASSED] - delay(3): Delayed 3 second(s)

2022-06-10 14:25:45 - [MESSAGE][PASSED] - Delayed 3 second(s)

2022-06-10 14:25:45 - [TEST_STEP][PASSED] - setText(findTestObject("00-Signup and Activation/zMailinator/input_LOGIN_search"), "testuser01@mailinator.com"): Text 'testuser01@mailinator.com' is set on object 'Object Repository/00-Signup and Activation/zMailinator/input_LOGIN_search'

2022-06-10 14:25:45 - [MESSAGE][PASSED] - Text 'testuser01@mailinator.com' is set on object 'Object Repository/00-Signup and Activation/zMailinator/input_LOGIN_search'

2022-06-10 14:25:45 - [TEST_STEP][PASSED] - click(findTestObject("00-Signup and Activation/zMailinator/gobutton"), STOP_ON_FAILURE): Object: 'Object Repository/00-Signup and Activation/zMailinator/gobutton' is clicked on

2022-06-10 14:25:46 - [MESSAGE][PASSED] - Object: 'Object Repository/00-Signup and Activation/zMailinator/gobutton' is clicked on

2022-06-10 14:25:46 - [TEST_STEP][PASSED] - delay(3): Delayed 3 second(s)

2022-06-10 14:25:49 - [MESSAGE][PASSED] - Delayed 3 second(s)

2022-06-10 14:25:49 - [TEST_STEP][PASSED] - click(findTestObject("00-Signup and Activation/zMailinator/Email - everleagues")): Object: 'Object Repository/00-Signup and Activation/zMailinator/Email - everleagues' is clicked on

2022-06-10 14:25:50 - [MESSAGE][PASSED] - Object: 'Object Repository/00-Signup and Activation/zMailinator/Email - everleagues' is clicked on

2022-06-10 14:25:50 - [TEST_STEP][PASSED] - delay(3): Delayed 3 second(s)

2022-06-10 14:25:53 - [MESSAGE][PASSED] - Delayed 3 second(s)

2022-06-10 14:25:53 - [TEST_STEP][PASSED] - code = getText(findTestObject("Object Repository/06-Teams/For 2FA/2FA code")): Text of object 'Object Repository/06-Teams/For 2FA/2FA code' is: '138834'

2022-06-10 14:25:53 - [MESSAGE][PASSED] - Text of object 'Object Repository/06-Teams/For 2FA/2FA code' is: '138834'

2022-06-10 14:25:53 - [TEST_STEP][PASSED] - delay(3): Delayed 3 second(s)

2022-06-10 14:25:56 - [MESSAGE][PASSED] - Delayed 3 second(s)

2022-06-10 14:25:56 - [TEST_STEP][PASSED] - closeWindowTitle("Mailinator"): Window with title: 'Mailinator' is closed

2022-06-10 14:25:56 - [MESSAGE][PASSED] - Window with title: 'Mailinator' is closed

2022-06-10 14:25:56 - [TEST_STEP][PASSED] - delay(3): Delayed 3 second(s)

2022-06-10 14:25:59 - [MESSAGE][PASSED] - Delayed 3 second(s)

2022-06-10 14:25:59 - [TEST_STEP][PASSED] - switchToWindowIndex(0): Switched to window with index: '0'

2022-06-10 14:25:59 - [MESSAGE][PASSED] - Switched to window with index: '0'

2022-06-10 14:25:59 - [TEST_STEP][PASSED] - delay(3): Delayed 3 second(s)

2022-06-10 14:26:02 - [MESSAGE][PASSED] - Delayed 3 second(s)

2022-06-10 14:26:02 - [TEST_STEP][PASSED] - setText(findTestObject("Object Repository/06-Teams/For 2FA/input_Enter verification code_code"), code): Text '138834' is set on object 'Object Repository/06-Teams/For 2FA/input_Enter verification code_code'

2022-06-10 14:26:03 - [MESSAGE][PASSED] - Text '138834' is set on object 'Object Repository/06-Teams/For 2FA/input_Enter verification code_code'

2022-06-10 14:26:03 - [TEST_STEP][PASSED] - delay(3): Delayed 3 second(s)

2022-06-10 14:26:06 - [MESSAGE][PASSED] - Delayed 3 second(s)

2022-06-10 14:26:06 - [TEST_STEP][PASSED] - click(findTestObject("06-Teams/For 2FA/button_Verify_2FA")): Object: 'Object Repository/06-Teams/For 2FA/button_Verify_2FA' is clicked on

2022-06-10 14:26:07 - [MESSAGE][PASSED] - Object: 'Object Repository/06-Teams/For 2FA/button_Verify_2FA' is clicked on

2022-06-10 14:26:07 - [TEST_STEP][PASSED] - delay(5): Delayed 5 second(s)

2022-06-10 14:26:12 - [MESSAGE][PASSED] - Delayed 5 second(s)

2022-06-10 14:26:12 - [TEST_STEP][PASSED] - click(findTestObject("02-Side Icons(Organization)/Add Contact/Side Menu double arrow icon")): Object: 'Object Repository/02-Side Icons(Organization)/Add Contact/Side Menu double arrow icon' is clicked on

2022-06-10 14:26:13 - [MESSAGE][PASSED] - Object: 'Object Repository/02-Side Icons(Organization)/Add Contact/Side Menu double arrow icon' is clicked on

2022-06-10 14:26:13 - [TEST_STEP][PASSED] - delay(2): Delayed 2 second(s)

2022-06-10 14:26:15 - [MESSAGE][PASSED] - Delayed 2 second(s)

2022-06-10 14:26:15 - [TEST_STEP][PASSED] - click(findTestObject("02-Side Icons(Organization)/Add Contact/button_My Organizations")): Object: 'Object Repository/02-Side Icons(Organization)/Add Contact/button_My Organizations' is clicked on

2022-06-10 14:26:15 - [MESSAGE][PASSED] - Object: 'Object Repository/02-Side Icons(Organization)/Add Contact/button_My Organizations' is clicked on

2022-06-10 14:26:15 - [TEST_STEP][PASSED] - delay(2): Delayed 2 second(s)

2022-06-10 14:26:17 - [MESSAGE][PASSED] - Delayed 2 second(s)

2022-06-10 14:26:17 - [TEST_STEP][PASSED] - click(findTestObject("02-Side Icons(Organization)/Add Contact/button_Automation Test Org")): Object: 'Object Repository/02-Side Icons(Organization)/Add Contact/button_Automation Test Org' is clicked on

2022-06-10 14:26:18 - [MESSAGE][PASSED] - Object: 'Object Repository/02-Side Icons(Organization)/Add Contact/button_Automation Test Org' is clicked on

2022-06-10 14:26:18 - [TEST_STEP][PASSED] - delay(2): Delayed 2 second(s)

2022-06-10 14:26:20 - [MESSAGE][PASSED] - Delayed 2 second(s)

2022-06-10 14:26:20 - [TEST_STEP][PASSED] - verifyElementVisible(findTestObject("02-Side Icons(Organization)/Add Contact/span_Automation Test Org")): Object 'Object Repository/02-Side Icons(Organization)/Add Contact/span_Automation Test Org' is visible

2022-06-10 14:26:20 - [MESSAGE][PASSED] - Object 'Object Repository/02-Side Icons(Organization)/Add Contact/span_Automation Test Org' is visible

2022-06-10 14:26:20 - [TEST_STEP][PASSED] - delay(3): Delayed 3 second(s)

2022-06-10 14:26:23 - [MESSAGE][PASSED] - Delayed 3 second(s)

2022-06-10 14:26:23 - [TEST_STEP][PASSED] - click(findTestObject("02-Side Icons(Organization)/Add Contact/button_add new user")): Object: 'Object Repository/02-Side Icons(Organization)/Add Contact/button_add new user' is clicked on

2022-06-10 14:26:24 - [MESSAGE][PASSED] - Object: 'Object Repository/02-Side Icons(Organization)/Add Contact/button_add new user' is clicked on

2022-06-10 14:26:24 - [TEST_STEP][PASSED] - delay(3): Delayed 3 second(s)

2022-06-10 14:26:27 - [MESSAGE][PASSED] - Delayed 3 second(s)

2022-06-10 14:26:27 - [TEST_STEP][PASSED] - verifyElementVisible(findTestObject("02-Side Icons(Organization)/Add Contact/User Invitation modal")): Object 'Object Repository/02-Side Icons(Organization)/Add Contact/User Invitation modal' is visible

2022-06-10 14:26:27 - [MESSAGE][PASSED] - Object 'Object Repository/02-Side Icons(Organization)/Add Contact/User Invitation modal' is visible

2022-06-10 14:26:27 - [TEST_STEP][PASSED] - delay(2): Delayed 2 second(s)

2022-06-10 14:26:29 - [MESSAGE][PASSED] - Delayed 2 second(s)

2022-06-10 14:26:29 - [TEST_STEP][PASSED] - click(findTestObject("02-Side Icons(Organization)/Add Contact/Invite a single user option")): Object: 'Object Repository/02-Side Icons(Organization)/Add Contact/Invite a single user option' is clicked on

2022-06-10 14:26:29 - [MESSAGE][PASSED] - Object: 'Object Repository/02-Side Icons(Organization)/Add Contact/Invite a single user option' is clicked on

2022-06-10 14:26:29 - [TEST_STEP][PASSED] - verifyElementVisible(findTestObject("02-Side Icons(Organization)/Add Contact/Invite New user modal")): Object 'Object Repository/02-Side Icons(Organization)/Add Contact/Invite New user modal' is visible

2022-06-10 14:26:31 - [MESSAGE][PASSED] - Object 'Object Repository/02-Side Icons(Organization)/Add Contact/Invite New user modal' is visible

2022-06-10 14:26:31 - [TEST_STEP][PASSED] - delay(2): Delayed 2 second(s)

2022-06-10 14:26:33 - [MESSAGE][PASSED] - Delayed 2 second(s)

2022-06-10 14:26:33 - [TEST_STEP][PASSED] - click(findTestObject("02-Side Icons(Organization)/Add Contact/button_Cancel")): Object: 'Object Repository/02-Side Icons(Organization)/Add Contact/button_Cancel' is clicked on

2022-06-10 14:26:33 - [MESSAGE][PASSED] - Object: 'Object Repository/02-Side Icons(Organization)/Add Contact/button_Cancel' is clicked on

2022-06-10 14:26:33 - [TEST_STEP][PASSED] - delay(2): Delayed 2 second(s)

2022-06-10 14:26:35 - [MESSAGE][PASSED] - Delayed 2 second(s)

2022-06-10 14:26:35 - [TEST_STEP][PASSED] - click(findTestObject("02-Side Icons(Organization)/Add Contact/button_add new user")): Object: 'Object Repository/02-Side Icons(Organization)/Add Contact/button_add new user' is clicked on

2022-06-10 14:26:35 - [MESSAGE][PASSED] - Object: 'Object Repository/02-Side Icons(Organization)/Add Contact/button_add new user' is clicked on

2022-06-10 14:26:35 - [TEST_STEP][PASSED] - delay(3): Delayed 3 second(s)

2022-06-10 14:26:38 - [MESSAGE][PASSED] - Delayed 3 second(s)

2022-06-10 14:26:38 - [TEST_STEP][PASSED] - verifyElementVisible(findTestObject("02-Side Icons(Organization)/Add Contact/User Invitation modal")): Object 'Object Repository/02-Side Icons(Organization)/Add Contact/User Invitation modal' is visible

2022-06-10 14:26:39 - [MESSAGE][PASSED] - Object 'Object Repository/02-Side Icons(Organization)/Add Contact/User Invitation modal' is visible

2022-06-10 14:26:39 - [TEST_STEP][PASSED] - delay(2): Delayed 2 second(s)

2022-06-10 14:26:41 - [MESSAGE][PASSED] - Delayed 2 second(s)

2022-06-10 14:26:41 - [TEST_STEP][PASSED] - click(findTestObject("02-Side Icons(Organization)/Add Contact/Invite batch user option")): Object: 'Object Repository/02-Side Icons(Organization)/Add Contact/Invite batch user option' is clicked on

2022-06-10 14:26:41 - [MESSAGE][PASSED] - Object: 'Object Repository/02-Side Icons(Organization)/Add Contact/Invite batch user option' is clicked on

2022-06-10 14:26:41 - [TEST_STEP][PASSED] - verifyElementVisible(findTestObject("02-Side Icons(Organization)/Add Contact/Import CSV file modal")): Object 'Object Repository/02-Side Icons(Organization)/Add Contact/Import CSV file modal' is visible

2022-06-10 14:26:42 - [MESSAGE][PASSED] - Object 'Object Repository/02-Side Icons(Organization)/Add Contact/Import CSV file modal' is visible

2022-06-10 14:26:42 - [TEST_STEP][PASSED] - delay(2): Delayed 2 second(s)

2022-06-10 14:26:44 - [MESSAGE][PASSED] - Delayed 2 second(s)

2022-06-10 14:26:44 - [TEST_STEP][PASSED] - click(findTestObject("02-Side Icons(Organization)/Add Contact/button_Cancel")): Object: 'Object Repository/02-Side Icons(Organization)/Add Contact/button_Cancel' is clicked on

2022-06-10 14:26:45 - [MESSAGE][PASSED] - Object: 'Object Repository/02-Side Icons(Organization)/Add Contact/button_Cancel' is clicked on

2022-06-10 14:26:45 - [TEST_STEP][PASSED] - delay(2): Delayed 2 second(s)

2022-06-10 14:26:47 - [MESSAGE][PASSED] - Delayed 2 second(s)]]></system-out>
         <system-err><![CDATA[]]></system-err>
      </testcase>
      <testcase name="Test Cases/02-Side Icons (Organization)/02-(2FA)" time="10.219" classname="Test Cases/02-Side Icons (Organization)/02-(2FA)" status="PASSED">
         <system-out><![CDATA[2022-06-10 14:26:47 - [TEST_CASE][PASSED] - Test Cases/02-Side Icons (Organization)/02-(2FA): Test Cases/02-Side Icons (Organization)/02-(2FA)

2022-06-10 14:26:47 - [TEST_STEP][PASSED] - delay(3): Delayed 3 second(s)

2022-06-10 14:26:50 - [MESSAGE][PASSED] - Delayed 3 second(s)

2022-06-10 14:26:50 - [TEST_STEP][PASSED] - click(findTestObject("02-Side Icons(Organization)/2FA/button_2FA")): Object: 'Object Repository/02-Side Icons(Organization)/2FA/button_2FA' is clicked on

2022-06-10 14:26:50 - [MESSAGE][PASSED] - Object: 'Object Repository/02-Side Icons(Organization)/2FA/button_2FA' is clicked on

2022-06-10 14:26:50 - [TEST_STEP][PASSED] - delay(3): Delayed 3 second(s)

2022-06-10 14:26:53 - [MESSAGE][PASSED] - Delayed 3 second(s)

2022-06-10 14:26:53 - [TEST_STEP][PASSED] - verifyElementVisible(findTestObject("02-Side Icons(Organization)/2FA/span_Two Factor Authentication")): Object 'Object Repository/02-Side Icons(Organization)/2FA/span_Two Factor Authentication' is visible

2022-06-10 14:26:54 - [MESSAGE][PASSED] - Object 'Object Repository/02-Side Icons(Organization)/2FA/span_Two Factor Authentication' is visible

2022-06-10 14:26:54 - [TEST_STEP][PASSED] - delay(3): Delayed 3 second(s)

2022-06-10 14:26:57 - [MESSAGE][PASSED] - Delayed 3 second(s)]]></system-out>
         <system-err><![CDATA[]]></system-err>
      </testcase>
      <testcase name="Test Cases/02-Side Icons (Organization)/03-(Client Assignment)" time="10.093" classname="Test Cases/02-Side Icons (Organization)/03-(Client Assignment)" status="PASSED">
         <system-out><![CDATA[2022-06-10 14:26:57 - [TEST_CASE][PASSED] - Test Cases/02-Side Icons (Organization)/03-(Client Assignment): Test Cases/02-Side Icons (Organization)/03-(Client Assignment)

2022-06-10 14:26:57 - [TEST_STEP][PASSED] - delay(2): Delayed 2 second(s)

2022-06-10 14:26:59 - [MESSAGE][PASSED] - Delayed 2 second(s)

2022-06-10 14:26:59 - [TEST_STEP][PASSED] - click(findTestObject("02-Side Icons(Organization)/Client Assignment/button_Client assignment")): Object: 'Object Repository/02-Side Icons(Organization)/Client Assignment/button_Client assignment' is clicked on

2022-06-10 14:27:00 - [MESSAGE][PASSED] - Object: 'Object Repository/02-Side Icons(Organization)/Client Assignment/button_Client assignment' is clicked on

2022-06-10 14:27:00 - [TEST_STEP][PASSED] - delay(3): Delayed 3 second(s)

2022-06-10 14:27:03 - [MESSAGE][PASSED] - Delayed 3 second(s)

2022-06-10 14:27:03 - [TEST_STEP][PASSED] - verifyElementVisible(findTestObject("02-Side Icons(Organization)/Client Assignment/h4_CLIENT ASSIGNMENT")): Object 'Object Repository/02-Side Icons(Organization)/Client Assignment/h4_CLIENT ASSIGNMENT' is visible

2022-06-10 14:27:03 - [MESSAGE][PASSED] - Object 'Object Repository/02-Side Icons(Organization)/Client Assignment/h4_CLIENT ASSIGNMENT' is visible

2022-06-10 14:27:03 - [TEST_STEP][PASSED] - verifyElementVisible(findTestObject("02-Side Icons(Organization)/Client Assignment/div_By Employee")): Object 'Object Repository/02-Side Icons(Organization)/Client Assignment/div_By Employee' is visible

2022-06-10 14:27:03 - [MESSAGE][PASSED] - Object 'Object Repository/02-Side Icons(Organization)/Client Assignment/div_By Employee' is visible

2022-06-10 14:27:03 - [TEST_STEP][PASSED] - verifyElementVisible(findTestObject("02-Side Icons(Organization)/Client Assignment/div_By Client")): Object 'Object Repository/02-Side Icons(Organization)/Client Assignment/div_By Client' is visible

2022-06-10 14:27:04 - [MESSAGE][PASSED] - Object 'Object Repository/02-Side Icons(Organization)/Client Assignment/div_By Client' is visible

2022-06-10 14:27:04 - [TEST_STEP][PASSED] - delay(3): Delayed 3 second(s)

2022-06-10 14:27:07 - [MESSAGE][PASSED] - Delayed 3 second(s)]]></system-out>
         <system-err><![CDATA[]]></system-err>
      </testcase>
      <testcase name="Test Cases/02-Side Icons (Organization)/04-(Hide Quick Shortcuts)" time="12.362" classname="Test Cases/02-Side Icons (Organization)/04-(Hide Quick Shortcuts)" status="PASSED">
         <system-out><![CDATA[2022-06-10 14:27:07 - [TEST_CASE][PASSED] - Test Cases/02-Side Icons (Organization)/04-(Hide Quick Shortcuts): Test Cases/02-Side Icons (Organization)/04-(Hide Quick Shortcuts)

2022-06-10 14:27:07 - [TEST_STEP][PASSED] - delay(2): Delayed 2 second(s)

2022-06-10 14:27:09 - [MESSAGE][PASSED] - Delayed 2 second(s)

2022-06-10 14:27:09 - [TEST_STEP][PASSED] - click(findTestObject("02-Side Icons(Organization)/Hide Quick Shortcuts/button_hide quick shortcuts")): Object: 'Object Repository/02-Side Icons(Organization)/Hide Quick Shortcuts/button_hide quick shortcuts' is clicked on

2022-06-10 14:27:10 - [MESSAGE][PASSED] - Object: 'Object Repository/02-Side Icons(Organization)/Hide Quick Shortcuts/button_hide quick shortcuts' is clicked on

2022-06-10 14:27:10 - [TEST_STEP][PASSED] - delay(3): Delayed 3 second(s)

2022-06-10 14:27:13 - [MESSAGE][PASSED] - Delayed 3 second(s)

2022-06-10 14:27:13 - [TEST_STEP][PASSED] - verifyElementNotPresent(findTestObject("02-Side Icons(Organization)/2FA/button_2FA"), 0): Web element with id: 'Object Repository/02-Side Icons(Organization)/2FA/button_2FA' located by 'By.xpath: //*[@type = 'button' and (text() = 'security' or . = 'security')]' is not present after '30' second(s)

2022-06-10 14:27:13 - [MESSAGE][WARNING] - Timeout '0' is invalid. Using default page load timeout: '30'

2022-06-10 14:27:13 - [MESSAGE][PASSED] - Web element with id: 'Object Repository/02-Side Icons(Organization)/2FA/button_2FA' located by 'By.xpath: //*[@type = 'button' and (text() = 'security' or . = 'security')]' is not present after '30' second(s)

2022-06-10 14:27:13 - [TEST_STEP][PASSED] - verifyElementNotPresent(findTestObject("02-Side Icons(Organization)/Add Contact/button_add new user"), 0): Web element with id: 'Object Repository/02-Side Icons(Organization)/Add Contact/button_add new user' located by 'By.xpath: //button[@type = 'button' and @ng-reflect-message = 'Invite New User' and (text() = 'person_add' or . = 'person_add')]' is not present after '30' second(s)

2022-06-10 14:27:13 - [MESSAGE][WARNING] - Timeout '0' is invalid. Using default page load timeout: '30'

2022-06-10 14:27:14 - [MESSAGE][PASSED] - Web element with id: 'Object Repository/02-Side Icons(Organization)/Add Contact/button_add new user' located by 'By.xpath: //button[@type = 'button' and @ng-reflect-message = 'Invite New User' and (text() = 'person_add' or . = 'person_add')]' is not present after '30' second(s)

2022-06-10 14:27:14 - [TEST_STEP][PASSED] - verifyElementNotPresent(findTestObject("02-Side Icons(Organization)/Client Assignment/button_Client assignment"), 0): Web element with id: 'Object Repository/02-Side Icons(Organization)/Client Assignment/button_Client assignment' located by 'By.xpath: //*[@type = 'button' and (text() = 'assignment_ind' or . = 'assignment_ind')]' is not present after '30' second(s)

2022-06-10 14:27:14 - [MESSAGE][WARNING] - Timeout '0' is invalid. Using default page load timeout: '30'

2022-06-10 14:27:14 - [MESSAGE][PASSED] - Web element with id: 'Object Repository/02-Side Icons(Organization)/Client Assignment/button_Client assignment' located by 'By.xpath: //*[@type = 'button' and (text() = 'assignment_ind' or . = 'assignment_ind')]' is not present after '30' second(s)

2022-06-10 14:27:14 - [TEST_STEP][PASSED] - delay(3): Delayed 3 second(s)

2022-06-10 14:27:17 - [MESSAGE][PASSED] - Delayed 3 second(s)

2022-06-10 14:27:17 - [TEST_STEP][PASSED] - click(findTestObject("02-Side Icons(Organization)/Hide Quick Shortcuts/button_Show quick shortcuts")): Object: 'Object Repository/02-Side Icons(Organization)/Hide Quick Shortcuts/button_Show quick shortcuts' is clicked on

2022-06-10 14:27:17 - [MESSAGE][PASSED] - Object: 'Object Repository/02-Side Icons(Organization)/Hide Quick Shortcuts/button_Show quick shortcuts' is clicked on

2022-06-10 14:27:17 - [TEST_STEP][PASSED] - verifyElementVisible(findTestObject("02-Side Icons(Organization)/2FA/button_2FA")): Object 'Object Repository/02-Side Icons(Organization)/2FA/button_2FA' is visible

2022-06-10 14:27:18 - [MESSAGE][PASSED] - Object 'Object Repository/02-Side Icons(Organization)/2FA/button_2FA' is visible

2022-06-10 14:27:18 - [TEST_STEP][PASSED] - verifyElementVisible(findTestObject("02-Side Icons(Organization)/Add Contact/button_add new user")): Object 'Object Repository/02-Side Icons(Organization)/Add Contact/button_add new user' is visible

2022-06-10 14:27:18 - [MESSAGE][PASSED] - Object 'Object Repository/02-Side Icons(Organization)/Add Contact/button_add new user' is visible

2022-06-10 14:27:18 - [TEST_STEP][PASSED] - verifyElementVisible(findTestObject("02-Side Icons(Organization)/Client Assignment/button_Client assignment")): Object 'Object Repository/02-Side Icons(Organization)/Client Assignment/button_Client assignment' is visible

2022-06-10 14:27:19 - [MESSAGE][PASSED] - Object 'Object Repository/02-Side Icons(Organization)/Client Assignment/button_Client assignment' is visible

2022-06-10 14:27:19 - [TEST_STEP][PASSED] - delay(0): Delayed 0 second(s)

2022-06-10 14:27:19 - [MESSAGE][PASSED] - Delayed 0 second(s)

2022-06-10 14:27:19 - [TEST_STEP][PASSED] - closeBrowser(): Browser is closed

2022-06-10 14:27:19 - [MESSAGE][PASSED] - Browser is closed]]></system-out>
         <system-err><![CDATA[]]></system-err>
      </testcase>
      <system-out><![CDATA[2022-06-10 14:25:05 - [TEST_SUITE][PASSED] - 02-Side Icons: Test Cases/02-Side Icons (Organization)/04-(Hide Quick Shortcuts)]]></system-out>
      <system-err><![CDATA[]]></system-err>
   </testsuite>
</testsuites>
