<?xml version="1.0" encoding="UTF-8"?>
<testsuites name="06.2 - Teams - Settings" time="620.9" tests="16" failures="0" errors="0">
   <testsuite name="06.2 - Teams - Settings" tests="16" failures="0" errors="0" time="620.9" skipped="0" timestamp="2023-07-12 15:38:10" hostname="Mike - LAPTOP-LF5VTH4H" id="Test Suites/TS-Organization/06.2 - Teams - Settings">
      <properties>
         <property name="deviceName" value=""/>
         <property name="devicePlatform" value=""/>
         <property name="logFolder" value="D:\\Users\\Michelle\\Project\\Everleagues\\Reports\\20230712_153801\\TS-Organization\\06.2 - Teams - Settings\\20230712_153801"/>
         <property name="logFiles" value="D:\\Users\\Michelle\\Project\\Everleagues\\Reports\\20230712_153801\\TS-Organization\\06.2 - Teams - Settings\\20230712_153801\\execution0.log"/>
         <property name="attachments" value=""/>
         <property name="hostName" value="Mike - LAPTOP-LF5VTH4H"/>
         <property name="os" value="Windows 11 64bit"/>
         <property name="katalonVersion" value="8.6.5.208"/>
         <property name="browser" value="Chrome 114.0.0.0"/>
         <property name="hostAddress" value="172.20.10.10"/>
         <property name="sessionId" value="729a8d958f8ba07d737e3b868c017ed5"/>
         <property name="seleniumVersion" value="3.141.59"/>
         <property name="proxyInformation" value="ProxyInformation { proxyOption=NO_PROXY, proxyServerType=HTTP, username=, password=********, proxyServerAddress=, proxyServerPort=0, executionList=&quot;&quot;, isApplyToDesiredCapabilities=true }"/>
         <property name="platform" value="Windows 11"/>
      </properties>
      <testcase name="Test Cases/06- Teams/03-Edit Team - Private (adding member)" time="107.442" classname="Test Cases/06- Teams/03-Edit Team - Private (adding member)" status="PASSED">
         <system-out><![CDATA[2023-07-12 15:38:10 - [TEST_CASE][PASSED] - Test Cases/06- Teams/03-Edit Team - Private (adding member): Test Cases/06- Teams/03-Edit Team - Private (adding member)

2023-07-12 15:38:11 - [TEST_STEP][PASSED] - openBrowser(""): Browser is opened with url: ''

2023-07-12 15:38:11 - [MESSAGE][INFO] - Starting 'Chrome' driver

2023-07-12 15:38:12 - [MESSAGE][INFO] - User set preference: ['args', '[--disable-web-security, --ignore-certificate-errors, --no-first-run, --disable-gpu]']

2023-07-12 15:38:12 - [MESSAGE][INFO] - Action delay is set to 0 milliseconds

2023-07-12 15:38:18 - [MESSAGE][PASSED] - Browser is opened with url: ''

2023-07-12 15:38:18 - [TEST_STEP][PASSED] - navigateToUrl(appURL): Navigate to 'https://lab.everleagues.com/login' successfully

2023-07-12 15:38:34 - [MESSAGE][PASSED] - Navigate to 'https://lab.everleagues.com/login' successfully

2023-07-12 15:38:34 - [TEST_STEP][PASSED] - maximizeWindow(): Current window maximized

2023-07-12 15:38:34 - [MESSAGE][PASSED] - Current window maximized

2023-07-12 15:38:34 - [TEST_STEP][PASSED] - setText(findTestObject("02-Side Icons(Organization)/Add Contact/Email Field"), email_with_subscription): Text 'testuser005@mailinator.com' is set on object 'Object Repository/02-Side Icons(Organization)/Add Contact/Email Field'

2023-07-12 15:38:36 - [MESSAGE][PASSED] - Text 'testuser005@mailinator.com' is set on object 'Object Repository/02-Side Icons(Organization)/Add Contact/Email Field'

2023-07-12 15:38:36 - [TEST_STEP][PASSED] - setEncryptedText(findTestObject("02-Side Icons(Organization)/Add Contact/Password Field"), password): Text ****** has been set on object 'Object Repository/02-Side Icons(Organization)/Add Contact/Password Field'

2023-07-12 15:38:36 - [MESSAGE][PASSED] - Text ****** has been set on object 'Object Repository/02-Side Icons(Organization)/Add Contact/Password Field'

2023-07-12 15:38:36 - [TEST_STEP][PASSED] - click(findTestObject("02-Side Icons(Organization)/Add Contact/button_Sign in")): Object: 'Object Repository/02-Side Icons(Organization)/Add Contact/button_Sign in' is clicked on

2023-07-12 15:38:38 - [MESSAGE][PASSED] - Object: 'Object Repository/02-Side Icons(Organization)/Add Contact/button_Sign in' is clicked on

2023-07-12 15:38:38 - [TEST_STEP][PASSED] - delay(delay_3seconds): Delayed 3 second(s)

2023-07-12 15:38:41 - [MESSAGE][PASSED] - Delayed 3 second(s)

2023-07-12 15:38:41 - [TEST_STEP][PASSED] - click(findTestObject("06-Teams/For 2FA/button_Confirm_2FA")): Object: 'Object Repository/06-Teams/For 2FA/button_Confirm_2FA' is clicked on

2023-07-12 15:38:42 - [MESSAGE][PASSED] - Object: 'Object Repository/06-Teams/For 2FA/button_Confirm_2FA' is clicked on

2023-07-12 15:38:42 - [TEST_STEP][PASSED] - executeJavaScript("window.open();", []): Execute JavaScript 'window.open();' successfully

2023-07-12 15:38:42 - [MESSAGE][PASSED] - Execute JavaScript 'window.open();' successfully

2023-07-12 15:38:42 - [TEST_STEP][PASSED] - currentWindow = getWindowIndex(): Current window's index is: 0

2023-07-12 15:38:42 - [MESSAGE][PASSED] - Current window's index is: 0

2023-07-12 15:38:42 - [TEST_STEP][PASSED] - delay(delay_3seconds): Delayed 3 second(s)

2023-07-12 15:38:45 - [MESSAGE][PASSED] - Delayed 3 second(s)

2023-07-12 15:38:45 - [TEST_STEP][PASSED] - switchToWindowIndex(currentWindow + 1): Switched to window with index: '1'

2023-07-12 15:38:45 - [MESSAGE][PASSED] - Switched to window with index: '1'

2023-07-12 15:38:45 - [TEST_STEP][PASSED] - navigateToUrl(app_mailinator): Navigate to 'https://www.mailinator.com/' successfully

2023-07-12 15:38:48 - [MESSAGE][PASSED] - Navigate to 'https://www.mailinator.com/' successfully

2023-07-12 15:38:48 - [TEST_STEP][PASSED] - delay(delay_3seconds): Delayed 3 second(s)

2023-07-12 15:38:51 - [MESSAGE][PASSED] - Delayed 3 second(s)

2023-07-12 15:38:51 - [TEST_STEP][PASSED] - setText(findTestObject("00-Signup and Activation/zMailinator/input_LOGIN_search"), email_for_searchmailinator_testuser05): Text 'testuser005@mailinator.com' is set on object 'Object Repository/00-Signup and Activation/zMailinator/input_LOGIN_search'

2023-07-12 15:38:52 - [MESSAGE][PASSED] - Text 'testuser005@mailinator.com' is set on object 'Object Repository/00-Signup and Activation/zMailinator/input_LOGIN_search'

2023-07-12 15:38:52 - [TEST_STEP][PASSED] - click(findTestObject("00-Signup and Activation/zMailinator/gobutton"), STOP_ON_FAILURE): Object: 'Object Repository/00-Signup and Activation/zMailinator/gobutton' is clicked on

2023-07-12 15:38:55 - [MESSAGE][PASSED] - Object: 'Object Repository/00-Signup and Activation/zMailinator/gobutton' is clicked on

2023-07-12 15:38:55 - [TEST_STEP][PASSED] - delay(delay_3seconds): Delayed 3 second(s)

2023-07-12 15:38:58 - [MESSAGE][PASSED] - Delayed 3 second(s)

2023-07-12 15:38:58 - [TEST_STEP][PASSED] - click(findTestObject("00-Signup and Activation/zMailinator/Email - everleagues")): Object: 'Object Repository/00-Signup and Activation/zMailinator/Email - everleagues' is clicked on

2023-07-12 15:38:58 - [MESSAGE][PASSED] - Object: 'Object Repository/00-Signup and Activation/zMailinator/Email - everleagues' is clicked on

2023-07-12 15:38:58 - [TEST_STEP][PASSED] - delay(delay_3seconds): Delayed 3 second(s)

2023-07-12 15:39:01 - [MESSAGE][PASSED] - Delayed 3 second(s)

2023-07-12 15:39:01 - [TEST_STEP][PASSED] - code = getText(findTestObject("Object Repository/06-Teams/For 2FA/2FA code")): Text of object 'Object Repository/06-Teams/For 2FA/2FA code' is: '606538'

2023-07-12 15:39:02 - [MESSAGE][PASSED] - Text of object 'Object Repository/06-Teams/For 2FA/2FA code' is: '606538'

2023-07-12 15:39:02 - [TEST_STEP][PASSED] - delay(delay_3seconds): Delayed 3 second(s)

2023-07-12 15:39:05 - [MESSAGE][PASSED] - Delayed 3 second(s)

2023-07-12 15:39:05 - [TEST_STEP][PASSED] - closeWindowTitle("Mailinator"): Window with title: 'Mailinator' is closed

2023-07-12 15:39:05 - [MESSAGE][PASSED] - Window with title: 'Mailinator' is closed

2023-07-12 15:39:05 - [TEST_STEP][PASSED] - delay(delay_3seconds): Delayed 3 second(s)

2023-07-12 15:39:08 - [MESSAGE][PASSED] - Delayed 3 second(s)

2023-07-12 15:39:08 - [TEST_STEP][PASSED] - switchToWindowIndex(0): Switched to window with index: '0'

2023-07-12 15:39:08 - [MESSAGE][PASSED] - Switched to window with index: '0'

2023-07-12 15:39:08 - [TEST_STEP][PASSED] - delay(delay_3seconds): Delayed 3 second(s)

2023-07-12 15:39:11 - [MESSAGE][PASSED] - Delayed 3 second(s)

2023-07-12 15:39:11 - [TEST_STEP][PASSED] - setText(findTestObject("Object Repository/06-Teams/For 2FA/input_Enter verification code_code"), code): Text '606538' is set on object 'Object Repository/06-Teams/For 2FA/input_Enter verification code_code'

2023-07-12 15:39:12 - [MESSAGE][PASSED] - Text '606538' is set on object 'Object Repository/06-Teams/For 2FA/input_Enter verification code_code'

2023-07-12 15:39:12 - [TEST_STEP][PASSED] - delay(delay_3seconds): Delayed 3 second(s)

2023-07-12 15:39:15 - [MESSAGE][PASSED] - Delayed 3 second(s)

2023-07-12 15:39:15 - [TEST_STEP][PASSED] - click(findTestObject("06-Teams/For 2FA/button_Verify_2FA")): Object: 'Object Repository/06-Teams/For 2FA/button_Verify_2FA' is clicked on

2023-07-12 15:39:16 - [MESSAGE][PASSED] - Object: 'Object Repository/06-Teams/For 2FA/button_Verify_2FA' is clicked on

2023-07-12 15:39:16 - [TEST_STEP][PASSED] - delay(delay_5seconds): Delayed 5 second(s)

2023-07-12 15:39:21 - [MESSAGE][PASSED] - Delayed 5 second(s)

2023-07-12 15:39:21 - [TEST_STEP][PASSED] - click(findTestObject("06-Teams/button_doublearrow")): Object: 'Object Repository/06-Teams/button_doublearrow' is clicked on

2023-07-12 15:39:23 - [MESSAGE][PASSED] - Object: 'Object Repository/06-Teams/button_doublearrow' is clicked on

2023-07-12 15:39:23 - [TEST_STEP][PASSED] - click(findTestObject("06-Teams/button_My Organizations")): Object: 'Object Repository/06-Teams/button_My Organizations' is clicked on

2023-07-12 15:39:24 - [MESSAGE][PASSED] - Object: 'Object Repository/06-Teams/button_My Organizations' is clicked on

2023-07-12 15:39:24 - [TEST_STEP][PASSED] - click(findTestObject("06-Teams/button_GG Automation")): Object: 'Object Repository/06-Teams/button_GG Automation' is clicked on

2023-07-12 15:39:25 - [MESSAGE][PASSED] - Object: 'Object Repository/06-Teams/button_GG Automation' is clicked on

2023-07-12 15:39:25 - [TEST_STEP][PASSED] - delay(delay_4seconds): Delayed 4 second(s)

2023-07-12 15:39:29 - [MESSAGE][PASSED] - Delayed 4 second(s)

2023-07-12 15:39:29 - [TEST_STEP][PASSED] - verifyElementVisible(findTestObject("06-Teams/span_GG Automation")): Object 'Object Repository/06-Teams/span_GG Automation' is visible

2023-07-12 15:39:30 - [MESSAGE][PASSED] - Object 'Object Repository/06-Teams/span_GG Automation' is visible

2023-07-12 15:39:30 - [TEST_STEP][PASSED] - delay(delay_2seconds): Delayed 2 second(s)

2023-07-12 15:39:32 - [MESSAGE][PASSED] - Delayed 2 second(s)

2023-07-12 15:39:32 - [TEST_STEP][PASSED] - click(findTestObject("03-Header Menu/Hamburger Button/div_Teams")): Object: 'Object Repository/03-Header Menu/Hamburger Button/div_Teams' is clicked on

2023-07-12 15:39:33 - [MESSAGE][PASSED] - Object: 'Object Repository/03-Header Menu/Hamburger Button/div_Teams' is clicked on

2023-07-12 15:39:33 - [TEST_STEP][PASSED] - delay(delay_2seconds): Delayed 2 second(s)

2023-07-12 15:39:35 - [MESSAGE][PASSED] - Delayed 2 second(s)

2023-07-12 15:39:35 - [TEST_STEP][PASSED] - verifyElementVisible(findTestObject("06-Teams/h4_TEAMS")): Object 'Object Repository/06-Teams/h4_TEAMS' is visible

2023-07-12 15:39:35 - [MESSAGE][PASSED] - Object 'Object Repository/06-Teams/h4_TEAMS' is visible

2023-07-12 15:39:35 - [TEST_STEP][PASSED] - delay(delay_3seconds): Delayed 3 second(s)

2023-07-12 15:39:38 - [MESSAGE][PASSED] - Delayed 3 second(s)

2023-07-12 15:39:38 - [TEST_STEP][PASSED] - click(findTestObject("06-Teams/03-Edit Team - Private/button_edit Auto Team Private")): Object: 'Object Repository/06-Teams/03-Edit Team - Private/button_edit Auto Team Private' is clicked on

2023-07-12 15:39:40 - [MESSAGE][PASSED] - Object: 'Object Repository/06-Teams/03-Edit Team - Private/button_edit Auto Team Private' is clicked on

2023-07-12 15:39:40 - [TEST_STEP][PASSED] - delay(delay_3seconds): Delayed 3 second(s)

2023-07-12 15:39:43 - [MESSAGE][PASSED] - Delayed 3 second(s)

2023-07-12 15:39:43 - [TEST_STEP][PASSED] - verifyElementVisible(findTestObject("06-Teams/03-Edit Team - Private/h4_Edit Auto Team Private")): Object 'Object Repository/06-Teams/03-Edit Team - Private/h4_Edit Auto Team Private' is visible

2023-07-12 15:39:44 - [MESSAGE][PASSED] - Object 'Object Repository/06-Teams/03-Edit Team - Private/h4_Edit Auto Team Private' is visible

2023-07-12 15:39:44 - [TEST_STEP][PASSED] - verifyElementVisible(findTestObject("06-Teams/03-Edit Team - Private/div_Members")): Object 'Object Repository/06-Teams/03-Edit Team - Private/div_Members' is visible

2023-07-12 15:39:44 - [MESSAGE][PASSED] - Object 'Object Repository/06-Teams/03-Edit Team - Private/div_Members' is visible

2023-07-12 15:39:44 - [TEST_STEP][PASSED] - verifyElementVisible(findTestObject("06-Teams/03-Edit Team - Private/div_Channels")): Object 'Object Repository/06-Teams/03-Edit Team - Private/div_Channels' is visible

2023-07-12 15:39:44 - [MESSAGE][PASSED] - Object 'Object Repository/06-Teams/03-Edit Team - Private/div_Channels' is visible

2023-07-12 15:39:44 - [TEST_STEP][PASSED] - verifyElementVisible(findTestObject("06-Teams/03-Edit Team - Private/div_Settings")): Object 'Object Repository/06-Teams/03-Edit Team - Private/div_Settings' is visible

2023-07-12 15:39:45 - [MESSAGE][PASSED] - Object 'Object Repository/06-Teams/03-Edit Team - Private/div_Settings' is visible

2023-07-12 15:39:45 - [TEST_STEP][PASSED] - delay(delay_3seconds): Delayed 3 second(s)

2023-07-12 15:39:48 - [MESSAGE][PASSED] - Delayed 3 second(s)

2023-07-12 15:39:48 - [TEST_STEP][PASSED] - click(findTestObject("06-Teams/03-Edit Team - Private/input_name or group")): Object: 'Object Repository/06-Teams/03-Edit Team - Private/input_name or group' is clicked on

2023-07-12 15:39:48 - [MESSAGE][PASSED] - Object: 'Object Repository/06-Teams/03-Edit Team - Private/input_name or group' is clicked on

2023-07-12 15:39:48 - [TEST_STEP][PASSED] - click(findTestObject("06-Teams/03-Edit Team - Private/select_GG tester 2")): Object: 'Object Repository/06-Teams/03-Edit Team - Private/select_GG tester 2' is clicked on

2023-07-12 15:39:50 - [MESSAGE][PASSED] - Object: 'Object Repository/06-Teams/03-Edit Team - Private/select_GG tester 2' is clicked on

2023-07-12 15:39:50 - [TEST_STEP][PASSED] - verifyElementVisible(findTestObject("06-Teams/03-Edit Team - Private/selected_GG tester 2")): Object 'Object Repository/06-Teams/03-Edit Team - Private/selected_GG tester 2' is visible

2023-07-12 15:39:50 - [MESSAGE][PASSED] - Object 'Object Repository/06-Teams/03-Edit Team - Private/selected_GG tester 2' is visible

2023-07-12 15:39:50 - [TEST_STEP][PASSED] - delay(delay_3seconds): Delayed 3 second(s)

2023-07-12 15:39:53 - [MESSAGE][PASSED] - Delayed 3 second(s)

2023-07-12 15:39:53 - [TEST_STEP][PASSED] - click(findTestObject("06-Teams/03-Edit Team - Private/div_INVITE")): Object: 'Object Repository/06-Teams/03-Edit Team - Private/div_INVITE' is clicked on

2023-07-12 15:39:54 - [MESSAGE][PASSED] - Object: 'Object Repository/06-Teams/03-Edit Team - Private/div_INVITE' is clicked on

2023-07-12 15:39:54 - [TEST_STEP][PASSED] - verifyElementVisible(findTestObject("06-Teams/03-Edit Team - Private/added_GTGG tester 2")): Object 'Object Repository/06-Teams/03-Edit Team - Private/added_GTGG tester 2' is visible

2023-07-12 15:39:55 - [MESSAGE][PASSED] - Object 'Object Repository/06-Teams/03-Edit Team - Private/added_GTGG tester 2' is visible

2023-07-12 15:39:55 - [TEST_STEP][PASSED] - delay(delay_3seconds): Delayed 3 second(s)

2023-07-12 15:39:58 - [MESSAGE][PASSED] - Delayed 3 second(s)]]></system-out>
         <system-err><![CDATA[]]></system-err>
      </testcase>
      <testcase name="Test Cases/06- Teams/04-Edit Team - Private (promoting member to admin)" time="18.738" classname="Test Cases/06- Teams/04-Edit Team - Private (promoting member to admin)" status="PASSED">
         <system-out><![CDATA[2023-07-12 15:39:58 - [TEST_CASE][PASSED] - Test Cases/06- Teams/04-Edit Team - Private (promoting member to admin): Test Cases/06- Teams/04-Edit Team - Private (promoting member to admin)

2023-07-12 15:39:58 - [TEST_STEP][PASSED] - mouseOver(findTestObject("06-Teams/03-Edit Team - Private/mouse over target element")): Object: 'Object Repository/06-Teams/03-Edit Team - Private/mouse over target element' is hovered

2023-07-12 15:40:00 - [MESSAGE][PASSED] - Object: 'Object Repository/06-Teams/03-Edit Team - Private/mouse over target element' is hovered

2023-07-12 15:40:00 - [TEST_STEP][PASSED] - delay(delay_2seconds): Delayed 2 second(s)

2023-07-12 15:40:02 - [MESSAGE][PASSED] - Delayed 2 second(s)

2023-07-12 15:40:02 - [TEST_STEP][PASSED] - click(findTestObject("06-Teams/03-Edit Team - Private/button_promote to admin")): Object: 'Object Repository/06-Teams/03-Edit Team - Private/button_promote to admin' is clicked on

2023-07-12 15:40:03 - [MESSAGE][PASSED] - Object: 'Object Repository/06-Teams/03-Edit Team - Private/button_promote to admin' is clicked on

2023-07-12 15:40:03 - [TEST_STEP][PASSED] - verifyElementVisible(findTestObject("06-Teams/03-Edit Team - Private/span_Admin")): Object 'Object Repository/06-Teams/03-Edit Team - Private/span_Admin' is visible

2023-07-12 15:40:14 - [MESSAGE][PASSED] - Object 'Object Repository/06-Teams/03-Edit Team - Private/span_Admin' is visible

2023-07-12 15:40:14 - [TEST_STEP][PASSED] - delay(delay_3seconds): Delayed 3 second(s)

2023-07-12 15:40:17 - [MESSAGE][PASSED] - Delayed 3 second(s)]]></system-out>
         <system-err><![CDATA[]]></system-err>
      </testcase>
      <testcase name="Test Cases/06- Teams/05-Edit Team - Private (removing a member)" time="7.751" classname="Test Cases/06- Teams/05-Edit Team - Private (removing a member)" status="PASSED">
         <system-out><![CDATA[2023-07-12 15:40:17 - [TEST_CASE][PASSED] - Test Cases/06- Teams/05-Edit Team - Private (removing a member): Test Cases/06- Teams/05-Edit Team - Private (removing a member)

2023-07-12 15:40:17 - [TEST_STEP][PASSED] - mouseOver(findTestObject("06-Teams/03-Edit Team - Private/mouse over target element 2")): Object: 'Object Repository/06-Teams/03-Edit Team - Private/mouse over target element 2' is hovered

2023-07-12 15:40:18 - [MESSAGE][PASSED] - Object: 'Object Repository/06-Teams/03-Edit Team - Private/mouse over target element 2' is hovered

2023-07-12 15:40:18 - [TEST_STEP][PASSED] - click(findTestObject("06-Teams/03-Edit Team - Private/button_remove member")): Object: 'Object Repository/06-Teams/03-Edit Team - Private/button_remove member' is clicked on

2023-07-12 15:40:18 - [MESSAGE][PASSED] - Object: 'Object Repository/06-Teams/03-Edit Team - Private/button_remove member' is clicked on

2023-07-12 15:40:18 - [TEST_STEP][PASSED] - verifyElementNotPresent(findTestObject("06-Teams/03-Edit Team - Private/added_GTGG tester 2"), 0): Web element with id: 'Object Repository/06-Teams/03-Edit Team - Private/added_GTGG tester 2' located by 'By.xpath: //td[(text() = 'GTGG tester 2' or . = 'GTGG tester 2')]' is not present after '30' second(s)

2023-07-12 15:40:18 - [MESSAGE][WARNING] - Timeout '0' is invalid. Using default page load timeout: '30'

2023-07-12 15:40:19 - [MESSAGE][PASSED] - Web element with id: 'Object Repository/06-Teams/03-Edit Team - Private/added_GTGG tester 2' located by 'By.xpath: //td[(text() = 'GTGG tester 2' or . = 'GTGG tester 2')]' is not present after '30' second(s)

2023-07-12 15:40:19 - [TEST_STEP][PASSED] - delay(delay_5seconds): Delayed 5 second(s)

2023-07-12 15:40:24 - [MESSAGE][PASSED] - Delayed 5 second(s)]]></system-out>
         <system-err><![CDATA[]]></system-err>
      </testcase>
      <testcase name="Test Cases/06- Teams/06-Edit Team - Private (adding a channel)" time="20.22" classname="Test Cases/06- Teams/06-Edit Team - Private (adding a channel)" status="PASSED">
         <system-out><![CDATA[2023-07-12 15:40:24 - [TEST_CASE][PASSED] - Test Cases/06- Teams/06-Edit Team - Private (adding a channel): Test Cases/06- Teams/06-Edit Team - Private (adding a channel)

2023-07-12 15:40:25 - [TEST_STEP][PASSED] - click(findTestObject("06-Teams/03-Edit Team - Private/div_Channels")): Object: 'Object Repository/06-Teams/03-Edit Team - Private/div_Channels' is clicked on

2023-07-12 15:40:25 - [MESSAGE][PASSED] - Object: 'Object Repository/06-Teams/03-Edit Team - Private/div_Channels' is clicked on

2023-07-12 15:40:25 - [TEST_STEP][PASSED] - click(findTestObject("06-Teams/03-Edit Team - Private/div_Showing channels in team_Add Channel")): Object: 'Object Repository/06-Teams/03-Edit Team - Private/div_Showing channels in team_Add Channel' is clicked on

2023-07-12 15:40:26 - [MESSAGE][PASSED] - Object: 'Object Repository/06-Teams/03-Edit Team - Private/div_Showing channels in team_Add Channel' is clicked on

2023-07-12 15:40:26 - [TEST_STEP][PASSED] - delay(delay_3seconds): Delayed 3 second(s)

2023-07-12 15:40:29 - [MESSAGE][PASSED] - Delayed 3 second(s)

2023-07-12 15:40:29 - [TEST_STEP][PASSED] - click(findTestObject("06-Teams/03-Edit Team - Private/div_Add Channel")): Object: 'Object Repository/06-Teams/03-Edit Team - Private/div_Add Channel' is clicked on

2023-07-12 15:40:30 - [MESSAGE][PASSED] - Object: 'Object Repository/06-Teams/03-Edit Team - Private/div_Add Channel' is clicked on

2023-07-12 15:40:30 - [TEST_STEP][PASSED] - verifyElementVisible(findTestObject("06-Teams/03-Edit Team - Private/add channel modal")): Object 'Object Repository/06-Teams/03-Edit Team - Private/add channel modal' is visible

2023-07-12 15:40:30 - [MESSAGE][PASSED] - Object 'Object Repository/06-Teams/03-Edit Team - Private/add channel modal' is visible

2023-07-12 15:40:30 - [TEST_STEP][PASSED] - verifyElementNotClickable(findTestObject("06-Teams/03-Edit Team - Private/button_Add")): Object 'Object Repository/06-Teams/03-Edit Team - Private/button_Add' is NOT clickable

2023-07-12 15:40:31 - [MESSAGE][PASSED] - Object 'Object Repository/06-Teams/03-Edit Team - Private/button_Add' is NOT clickable

2023-07-12 15:40:31 - [TEST_STEP][PASSED] - delay(delay_3seconds): Delayed 3 second(s)

2023-07-12 15:40:34 - [MESSAGE][PASSED] - Delayed 3 second(s)

2023-07-12 15:40:34 - [TEST_STEP][PASSED] - click(findTestObject("06-Teams/03-Edit Team - Private/input_channel name")): Object: 'Object Repository/06-Teams/03-Edit Team - Private/input_channel name' is clicked on

2023-07-12 15:40:34 - [MESSAGE][PASSED] - Object: 'Object Repository/06-Teams/03-Edit Team - Private/input_channel name' is clicked on

2023-07-12 15:40:34 - [TEST_STEP][PASSED] - click(findTestObject("06-Teams/03-Edit Team - Private/h4_Add Channel")): Object: 'Object Repository/06-Teams/03-Edit Team - Private/h4_Add Channel' is clicked on

2023-07-12 15:40:35 - [MESSAGE][PASSED] - Object: 'Object Repository/06-Teams/03-Edit Team - Private/h4_Add Channel' is clicked on

2023-07-12 15:40:35 - [TEST_STEP][PASSED] - verifyElementVisible(findTestObject("06-Teams/03-Edit Team - Private/div_Channel Name Field is required")): Object 'Object Repository/06-Teams/03-Edit Team - Private/div_Channel Name Field is required' is visible

2023-07-12 15:40:35 - [MESSAGE][PASSED] - Object 'Object Repository/06-Teams/03-Edit Team - Private/div_Channel Name Field is required' is visible

2023-07-12 15:40:35 - [TEST_STEP][PASSED] - delay(delay_3seconds): Delayed 3 second(s)

2023-07-12 15:40:38 - [MESSAGE][PASSED] - Delayed 3 second(s)

2023-07-12 15:40:38 - [TEST_STEP][PASSED] - setText(findTestObject("06-Teams/03-Edit Team - Private/input_channel name"), "Auto Channel"): Text 'Auto Channel' is set on object 'Object Repository/06-Teams/03-Edit Team - Private/input_channel name'

2023-07-12 15:40:40 - [MESSAGE][PASSED] - Text 'Auto Channel' is set on object 'Object Repository/06-Teams/03-Edit Team - Private/input_channel name'

2023-07-12 15:40:40 - [TEST_STEP][PASSED] - click(findTestObject("06-Teams/03-Edit Team - Private/button_Add")): Object: 'Object Repository/06-Teams/03-Edit Team - Private/button_Add' is clicked on

2023-07-12 15:40:40 - [MESSAGE][PASSED] - Object: 'Object Repository/06-Teams/03-Edit Team - Private/button_Add' is clicked on

2023-07-12 15:40:40 - [TEST_STEP][PASSED] - verifyElementVisible(findTestObject("06-Teams/03-Edit Team - Private/Successfully added channel to team")): Object 'Object Repository/06-Teams/03-Edit Team - Private/Successfully added channel to team' is visible

2023-07-12 15:40:42 - [MESSAGE][PASSED] - Object 'Object Repository/06-Teams/03-Edit Team - Private/Successfully added channel to team' is visible

2023-07-12 15:40:42 - [TEST_STEP][PASSED] - delay(delay_3seconds): Delayed 3 second(s)

2023-07-12 15:40:45 - [MESSAGE][PASSED] - Delayed 3 second(s)]]></system-out>
         <system-err><![CDATA[]]></system-err>
      </testcase>
      <testcase name="Test Cases/06- Teams/07-Edit Team - Private (editing a channel)" time="15.547" classname="Test Cases/06- Teams/07-Edit Team - Private (editing a channel)" status="PASSED">
         <system-out><![CDATA[2023-07-12 15:40:45 - [TEST_CASE][PASSED] - Test Cases/06- Teams/07-Edit Team - Private (editing a channel): Test Cases/06- Teams/07-Edit Team - Private (editing a channel)

2023-07-12 15:40:45 - [TEST_STEP][PASSED] - verifyElementVisible(findTestObject("06-Teams/03-Edit Team - Private/div_Auto Channel")): Object 'Object Repository/06-Teams/03-Edit Team - Private/div_Auto Channel' is visible

2023-07-12 15:40:45 - [MESSAGE][PASSED] - Object 'Object Repository/06-Teams/03-Edit Team - Private/div_Auto Channel' is visible

2023-07-12 15:40:45 - [TEST_STEP][PASSED] - delay(delay_3seconds): Delayed 3 second(s)

2023-07-12 15:40:48 - [MESSAGE][PASSED] - Delayed 3 second(s)

2023-07-12 15:40:48 - [TEST_STEP][PASSED] - click(findTestObject("06-Teams/03-Edit Team - Private/button_edit channel")): Object: 'Object Repository/06-Teams/03-Edit Team - Private/button_edit channel' is clicked on

2023-07-12 15:40:50 - [MESSAGE][PASSED] - Object: 'Object Repository/06-Teams/03-Edit Team - Private/button_edit channel' is clicked on

2023-07-12 15:40:50 - [TEST_STEP][PASSED] - verifyElementVisible(findTestObject("06-Teams/03-Edit Team - Private/Edit channel modal")): Object 'Object Repository/06-Teams/03-Edit Team - Private/Edit channel modal' is visible

2023-07-12 15:40:50 - [MESSAGE][PASSED] - Object 'Object Repository/06-Teams/03-Edit Team - Private/Edit channel modal' is visible

2023-07-12 15:40:50 - [TEST_STEP][PASSED] - verifyElementNotClickable(findTestObject("06-Teams/03-Edit Team - Private/button_Save")): Object 'Object Repository/06-Teams/03-Edit Team - Private/button_Save' is NOT clickable

2023-07-12 15:40:51 - [MESSAGE][PASSED] - Object 'Object Repository/06-Teams/03-Edit Team - Private/button_Save' is NOT clickable

2023-07-12 15:40:51 - [TEST_STEP][PASSED] - delay(delay_3seconds): Delayed 3 second(s)

2023-07-12 15:40:54 - [MESSAGE][PASSED] - Delayed 3 second(s)

2023-07-12 15:40:54 - [TEST_STEP][PASSED] - setText(findTestObject("06-Teams/03-Edit Team - Private/input_Edit Channel name"), "Auto Channel Edit"): Text 'Auto Channel Edit' is set on object 'Object Repository/06-Teams/03-Edit Team - Private/input_Edit Channel name'

2023-07-12 15:40:55 - [MESSAGE][PASSED] - Text 'Auto Channel Edit' is set on object 'Object Repository/06-Teams/03-Edit Team - Private/input_Edit Channel name'

2023-07-12 15:40:55 - [TEST_STEP][PASSED] - click(findTestObject("06-Teams/03-Edit Team - Private/button_Save")): Object: 'Object Repository/06-Teams/03-Edit Team - Private/button_Save' is clicked on

2023-07-12 15:40:55 - [MESSAGE][PASSED] - Object: 'Object Repository/06-Teams/03-Edit Team - Private/button_Save' is clicked on

2023-07-12 15:40:55 - [TEST_STEP][PASSED] - verifyElementVisible(findTestObject("06-Teams/03-Edit Team - Private/Successfully edited channel")): Object 'Object Repository/06-Teams/03-Edit Team - Private/Successfully edited channel' is visible

2023-07-12 15:40:57 - [MESSAGE][PASSED] - Object 'Object Repository/06-Teams/03-Edit Team - Private/Successfully edited channel' is visible

2023-07-12 15:40:57 - [TEST_STEP][PASSED] - delay(delay_3seconds): Delayed 3 second(s)

2023-07-12 15:41:00 - [MESSAGE][PASSED] - Delayed 3 second(s)]]></system-out>
         <system-err><![CDATA[]]></system-err>
      </testcase>
      <testcase name="Test Cases/06- Teams/08-Edit Team - Private (deleting a channel)" time="6.709" classname="Test Cases/06- Teams/08-Edit Team - Private (deleting a channel)" status="PASSED">
         <system-out><![CDATA[2023-07-12 15:41:00 - [TEST_CASE][PASSED] - Test Cases/06- Teams/08-Edit Team - Private (deleting a channel): Test Cases/06- Teams/08-Edit Team - Private (deleting a channel)

2023-07-12 15:41:01 - [TEST_STEP][PASSED] - click(findTestObject("06-Teams/03-Edit Team - Private/button_delete channel")): Object: 'Object Repository/06-Teams/03-Edit Team - Private/button_delete channel' is clicked on

2023-07-12 15:41:01 - [MESSAGE][PASSED] - Object: 'Object Repository/06-Teams/03-Edit Team - Private/button_delete channel' is clicked on

2023-07-12 15:41:01 - [TEST_STEP][PASSED] - verifyElementVisible(findTestObject("06-Teams/03-Edit Team - Private/Delete confirm modal")): Object 'Object Repository/06-Teams/03-Edit Team - Private/Delete confirm modal' is visible

2023-07-12 15:41:02 - [MESSAGE][PASSED] - Object 'Object Repository/06-Teams/03-Edit Team - Private/Delete confirm modal' is visible

2023-07-12 15:41:02 - [TEST_STEP][PASSED] - click(findTestObject("06-Teams/03-Edit Team - Private/button_delete")): Object: 'Object Repository/06-Teams/03-Edit Team - Private/button_delete' is clicked on

2023-07-12 15:41:03 - [MESSAGE][PASSED] - Object: 'Object Repository/06-Teams/03-Edit Team - Private/button_delete' is clicked on

2023-07-12 15:41:03 - [TEST_STEP][PASSED] - verifyElementVisible(findTestObject("06-Teams/03-Edit Team - Private/Successfully deleted channel")): Object 'Object Repository/06-Teams/03-Edit Team - Private/Successfully deleted channel' is visible

2023-07-12 15:41:04 - [MESSAGE][PASSED] - Object 'Object Repository/06-Teams/03-Edit Team - Private/Successfully deleted channel' is visible

2023-07-12 15:41:04 - [TEST_STEP][PASSED] - delay(delay_3seconds): Delayed 3 second(s)

2023-07-12 15:41:07 - [MESSAGE][PASSED] - Delayed 3 second(s)]]></system-out>
         <system-err><![CDATA[]]></system-err>
      </testcase>
      <testcase name="Test Cases/06- Teams/09-Edit Team - Private (settings)" time="9.583" classname="Test Cases/06- Teams/09-Edit Team - Private (settings)" status="PASSED">
         <system-out><![CDATA[2023-07-12 15:41:07 - [TEST_CASE][PASSED] - Test Cases/06- Teams/09-Edit Team - Private (settings): Test Cases/06- Teams/09-Edit Team - Private (settings)

2023-07-12 15:41:07 - [TEST_STEP][PASSED] - click(findTestObject("06-Teams/03-Edit Team - Private/div_Settings")): Object: 'Object Repository/06-Teams/03-Edit Team - Private/div_Settings' is clicked on

2023-07-12 15:41:08 - [MESSAGE][PASSED] - Object: 'Object Repository/06-Teams/03-Edit Team - Private/div_Settings' is clicked on

2023-07-12 15:41:08 - [TEST_STEP][PASSED] - delay(delay_3seconds): Delayed 3 second(s)

2023-07-12 15:41:11 - [MESSAGE][PASSED] - Delayed 3 second(s)

2023-07-12 15:41:11 - [TEST_STEP][PASSED] - verifyElementVisible(findTestObject("06-Teams/03-Edit Team - Private/Private_settings")): Object 'Object Repository/06-Teams/03-Edit Team - Private/Private_settings' is visible

2023-07-12 15:41:11 - [MESSAGE][PASSED] - Object 'Object Repository/06-Teams/03-Edit Team - Private/Private_settings' is visible

2023-07-12 15:41:11 - [TEST_STEP][PASSED] - delay(delay_3seconds): Delayed 3 second(s)

2023-07-12 15:41:14 - [MESSAGE][PASSED] - Delayed 3 second(s)

2023-07-12 15:41:14 - [TEST_STEP][PASSED] - closeBrowser(): Browser is closed

2023-07-12 15:41:17 - [MESSAGE][PASSED] - Browser is closed]]></system-out>
         <system-err><![CDATA[]]></system-err>
      </testcase>
      <testcase name="Test Cases/06- Teams/10-Edit Team- Public (adding a channel)" time="100.224" classname="Test Cases/06- Teams/10-Edit Team- Public (adding a channel)" status="PASSED">
         <system-out><![CDATA[2023-07-12 15:41:17 - [TEST_CASE][PASSED] - Test Cases/06- Teams/10-Edit Team- Public (adding a channel): Test Cases/06- Teams/10-Edit Team- Public (adding a channel)

2023-07-12 15:41:17 - [TEST_STEP][PASSED] - openBrowser(""): Browser is opened with url: ''

2023-07-12 15:41:17 - [MESSAGE][INFO] - Starting 'Chrome' driver

2023-07-12 15:41:17 - [MESSAGE][INFO] - User set preference: ['args', '[--disable-web-security, --ignore-certificate-errors, --no-first-run, --disable-gpu]']

2023-07-12 15:41:17 - [MESSAGE][INFO] - Action delay is set to 0 milliseconds

2023-07-12 15:41:19 - [MESSAGE][PASSED] - Browser is opened with url: ''

2023-07-12 15:41:19 - [TEST_STEP][PASSED] - navigateToUrl(appURL): Navigate to 'https://lab.everleagues.com/login' successfully

2023-07-12 15:41:30 - [MESSAGE][PASSED] - Navigate to 'https://lab.everleagues.com/login' successfully

2023-07-12 15:41:30 - [TEST_STEP][PASSED] - maximizeWindow(): Current window maximized

2023-07-12 15:41:30 - [MESSAGE][PASSED] - Current window maximized

2023-07-12 15:41:30 - [TEST_STEP][PASSED] - setText(findTestObject("02-Side Icons(Organization)/Add Contact/Email Field"), email_with_subscription): Text 'testuser005@mailinator.com' is set on object 'Object Repository/02-Side Icons(Organization)/Add Contact/Email Field'

2023-07-12 15:41:31 - [MESSAGE][PASSED] - Text 'testuser005@mailinator.com' is set on object 'Object Repository/02-Side Icons(Organization)/Add Contact/Email Field'

2023-07-12 15:41:31 - [TEST_STEP][PASSED] - setEncryptedText(findTestObject("02-Side Icons(Organization)/Add Contact/Password Field"), password): Text ****** has been set on object 'Object Repository/02-Side Icons(Organization)/Add Contact/Password Field'

2023-07-12 15:41:32 - [MESSAGE][PASSED] - Text ****** has been set on object 'Object Repository/02-Side Icons(Organization)/Add Contact/Password Field'

2023-07-12 15:41:32 - [TEST_STEP][PASSED] - click(findTestObject("02-Side Icons(Organization)/Add Contact/button_Sign in")): Object: 'Object Repository/02-Side Icons(Organization)/Add Contact/button_Sign in' is clicked on

2023-07-12 15:41:33 - [MESSAGE][PASSED] - Object: 'Object Repository/02-Side Icons(Organization)/Add Contact/button_Sign in' is clicked on

2023-07-12 15:41:33 - [TEST_STEP][PASSED] - delay(delay_3seconds): Delayed 3 second(s)

2023-07-12 15:41:36 - [MESSAGE][PASSED] - Delayed 3 second(s)

2023-07-12 15:41:36 - [TEST_STEP][PASSED] - click(findTestObject("06-Teams/For 2FA/button_Confirm_2FA")): Object: 'Object Repository/06-Teams/For 2FA/button_Confirm_2FA' is clicked on

2023-07-12 15:41:36 - [MESSAGE][PASSED] - Object: 'Object Repository/06-Teams/For 2FA/button_Confirm_2FA' is clicked on

2023-07-12 15:41:36 - [TEST_STEP][PASSED] - executeJavaScript("window.open();", []): Execute JavaScript 'window.open();' successfully

2023-07-12 15:41:36 - [MESSAGE][PASSED] - Execute JavaScript 'window.open();' successfully

2023-07-12 15:41:36 - [TEST_STEP][PASSED] - currentWindow = getWindowIndex(): Current window's index is: 0

2023-07-12 15:41:36 - [MESSAGE][PASSED] - Current window's index is: 0

2023-07-12 15:41:36 - [TEST_STEP][PASSED] - delay(delay_3seconds): Delayed 3 second(s)

2023-07-12 15:41:39 - [MESSAGE][PASSED] - Delayed 3 second(s)

2023-07-12 15:41:39 - [TEST_STEP][PASSED] - switchToWindowIndex(currentWindow + 1): Switched to window with index: '1'

2023-07-12 15:41:39 - [MESSAGE][PASSED] - Switched to window with index: '1'

2023-07-12 15:41:39 - [TEST_STEP][PASSED] - navigateToUrl(app_mailinator): Navigate to 'https://www.mailinator.com/' successfully

2023-07-12 15:41:44 - [MESSAGE][PASSED] - Navigate to 'https://www.mailinator.com/' successfully

2023-07-12 15:41:44 - [TEST_STEP][PASSED] - delay(delay_3seconds): Delayed 3 second(s)

2023-07-12 15:41:47 - [MESSAGE][PASSED] - Delayed 3 second(s)

2023-07-12 15:41:47 - [TEST_STEP][PASSED] - setText(findTestObject("00-Signup and Activation/zMailinator/input_LOGIN_search"), email_for_searchmailinator_testuser05): Text 'testuser005@mailinator.com' is set on object 'Object Repository/00-Signup and Activation/zMailinator/input_LOGIN_search'

2023-07-12 15:41:48 - [MESSAGE][PASSED] - Text 'testuser005@mailinator.com' is set on object 'Object Repository/00-Signup and Activation/zMailinator/input_LOGIN_search'

2023-07-12 15:41:48 - [TEST_STEP][PASSED] - click(findTestObject("00-Signup and Activation/zMailinator/gobutton"), STOP_ON_FAILURE): Object: 'Object Repository/00-Signup and Activation/zMailinator/gobutton' is clicked on

2023-07-12 15:41:52 - [MESSAGE][PASSED] - Object: 'Object Repository/00-Signup and Activation/zMailinator/gobutton' is clicked on

2023-07-12 15:41:52 - [TEST_STEP][PASSED] - delay(delay_3seconds): Delayed 3 second(s)

2023-07-12 15:41:55 - [MESSAGE][PASSED] - Delayed 3 second(s)

2023-07-12 15:41:55 - [TEST_STEP][PASSED] - click(findTestObject("00-Signup and Activation/zMailinator/Email - everleagues")): Object: 'Object Repository/00-Signup and Activation/zMailinator/Email - everleagues' is clicked on

2023-07-12 15:41:55 - [MESSAGE][PASSED] - Object: 'Object Repository/00-Signup and Activation/zMailinator/Email - everleagues' is clicked on

2023-07-12 15:41:55 - [TEST_STEP][PASSED] - delay(delay_3seconds): Delayed 3 second(s)

2023-07-12 15:41:58 - [MESSAGE][PASSED] - Delayed 3 second(s)

2023-07-12 15:41:58 - [TEST_STEP][PASSED] - code = getText(findTestObject("Object Repository/06-Teams/For 2FA/2FA code")): Text of object 'Object Repository/06-Teams/For 2FA/2FA code' is: '419926'

2023-07-12 15:41:59 - [MESSAGE][PASSED] - Text of object 'Object Repository/06-Teams/For 2FA/2FA code' is: '419926'

2023-07-12 15:41:59 - [TEST_STEP][PASSED] - delay(delay_3seconds): Delayed 3 second(s)

2023-07-12 15:42:02 - [MESSAGE][PASSED] - Delayed 3 second(s)

2023-07-12 15:42:02 - [TEST_STEP][PASSED] - closeWindowTitle("Mailinator"): Window with title: 'Mailinator' is closed

2023-07-12 15:42:02 - [MESSAGE][PASSED] - Window with title: 'Mailinator' is closed

2023-07-12 15:42:02 - [TEST_STEP][PASSED] - delay(delay_3seconds): Delayed 3 second(s)

2023-07-12 15:42:05 - [MESSAGE][PASSED] - Delayed 3 second(s)

2023-07-12 15:42:05 - [TEST_STEP][PASSED] - switchToWindowIndex(0): Switched to window with index: '0'

2023-07-12 15:42:05 - [MESSAGE][PASSED] - Switched to window with index: '0'

2023-07-12 15:42:05 - [TEST_STEP][PASSED] - delay(delay_3seconds): Delayed 3 second(s)

2023-07-12 15:42:08 - [MESSAGE][PASSED] - Delayed 3 second(s)

2023-07-12 15:42:08 - [TEST_STEP][PASSED] - setText(findTestObject("Object Repository/06-Teams/For 2FA/input_Enter verification code_code"), code): Text '419926' is set on object 'Object Repository/06-Teams/For 2FA/input_Enter verification code_code'

2023-07-12 15:42:09 - [MESSAGE][PASSED] - Text '419926' is set on object 'Object Repository/06-Teams/For 2FA/input_Enter verification code_code'

2023-07-12 15:42:09 - [TEST_STEP][PASSED] - delay(delay_3seconds): Delayed 3 second(s)

2023-07-12 15:42:12 - [MESSAGE][PASSED] - Delayed 3 second(s)

2023-07-12 15:42:12 - [TEST_STEP][PASSED] - click(findTestObject("06-Teams/For 2FA/button_Verify_2FA")): Object: 'Object Repository/06-Teams/For 2FA/button_Verify_2FA' is clicked on

2023-07-12 15:42:13 - [MESSAGE][PASSED] - Object: 'Object Repository/06-Teams/For 2FA/button_Verify_2FA' is clicked on

2023-07-12 15:42:13 - [TEST_STEP][PASSED] - delay(delay_5seconds): Delayed 5 second(s)

2023-07-12 15:42:18 - [MESSAGE][PASSED] - Delayed 5 second(s)

2023-07-12 15:42:18 - [TEST_STEP][PASSED] - click(findTestObject("06-Teams/button_doublearrow")): Object: 'Object Repository/06-Teams/button_doublearrow' is clicked on

2023-07-12 15:42:19 - [MESSAGE][PASSED] - Object: 'Object Repository/06-Teams/button_doublearrow' is clicked on

2023-07-12 15:42:19 - [TEST_STEP][PASSED] - click(findTestObject("06-Teams/button_My Organizations")): Object: 'Object Repository/06-Teams/button_My Organizations' is clicked on

2023-07-12 15:42:20 - [MESSAGE][PASSED] - Object: 'Object Repository/06-Teams/button_My Organizations' is clicked on

2023-07-12 15:42:20 - [TEST_STEP][PASSED] - click(findTestObject("06-Teams/button_GG Automation")): Object: 'Object Repository/06-Teams/button_GG Automation' is clicked on

2023-07-12 15:42:21 - [MESSAGE][PASSED] - Object: 'Object Repository/06-Teams/button_GG Automation' is clicked on

2023-07-12 15:42:21 - [TEST_STEP][PASSED] - delay(delay_4seconds): Delayed 4 second(s)

2023-07-12 15:42:25 - [MESSAGE][PASSED] - Delayed 4 second(s)

2023-07-12 15:42:25 - [TEST_STEP][PASSED] - verifyElementVisible(findTestObject("06-Teams/span_GG Automation")): Object 'Object Repository/06-Teams/span_GG Automation' is visible

2023-07-12 15:42:25 - [MESSAGE][PASSED] - Object 'Object Repository/06-Teams/span_GG Automation' is visible

2023-07-12 15:42:25 - [TEST_STEP][PASSED] - delay(delay_2seconds): Delayed 2 second(s)

2023-07-12 15:42:27 - [MESSAGE][PASSED] - Delayed 2 second(s)

2023-07-12 15:42:27 - [TEST_STEP][PASSED] - click(findTestObject("03-Header Menu/Hamburger Button/div_Teams")): Object: 'Object Repository/03-Header Menu/Hamburger Button/div_Teams' is clicked on

2023-07-12 15:42:28 - [MESSAGE][PASSED] - Object: 'Object Repository/03-Header Menu/Hamburger Button/div_Teams' is clicked on

2023-07-12 15:42:28 - [TEST_STEP][PASSED] - delay(delay_2seconds): Delayed 2 second(s)

2023-07-12 15:42:30 - [MESSAGE][PASSED] - Delayed 2 second(s)

2023-07-12 15:42:30 - [TEST_STEP][PASSED] - verifyElementVisible(findTestObject("06-Teams/h4_TEAMS")): Object 'Object Repository/06-Teams/h4_TEAMS' is visible

2023-07-12 15:42:31 - [MESSAGE][PASSED] - Object 'Object Repository/06-Teams/h4_TEAMS' is visible

2023-07-12 15:42:31 - [TEST_STEP][PASSED] - delay(delay_3seconds): Delayed 3 second(s)

2023-07-12 15:42:34 - [MESSAGE][PASSED] - Delayed 3 second(s)

2023-07-12 15:42:34 - [TEST_STEP][PASSED] - click(findTestObject("06-Teams/04-Edit Team-Public/button_edit Auto Team Public")): Object: 'Object Repository/06-Teams/04-Edit Team-Public/button_edit Auto Team Public' is clicked on

2023-07-12 15:42:34 - [MESSAGE][PASSED] - Object: 'Object Repository/06-Teams/04-Edit Team-Public/button_edit Auto Team Public' is clicked on

2023-07-12 15:42:34 - [TEST_STEP][PASSED] - verifyElementVisible(findTestObject("06-Teams/04-Edit Team-Public/h4_Edit Auto Team Public")): Object 'Object Repository/06-Teams/04-Edit Team-Public/h4_Edit Auto Team Public' is visible

2023-07-12 15:42:35 - [MESSAGE][PASSED] - Object 'Object Repository/06-Teams/04-Edit Team-Public/h4_Edit Auto Team Public' is visible

2023-07-12 15:42:35 - [TEST_STEP][PASSED] - delay(delay_3seconds): Delayed 3 second(s)

2023-07-12 15:42:38 - [MESSAGE][PASSED] - Delayed 3 second(s)

2023-07-12 15:42:38 - [TEST_STEP][PASSED] - click(findTestObject("06-Teams/03-Edit Team - Private/div_Add Channel")): Object: 'Object Repository/06-Teams/03-Edit Team - Private/div_Add Channel' is clicked on

2023-07-12 15:42:39 - [MESSAGE][PASSED] - Object: 'Object Repository/06-Teams/03-Edit Team - Private/div_Add Channel' is clicked on

2023-07-12 15:42:39 - [TEST_STEP][PASSED] - verifyElementVisible(findTestObject("06-Teams/03-Edit Team - Private/add channel modal")): Object 'Object Repository/06-Teams/03-Edit Team - Private/add channel modal' is visible

2023-07-12 15:42:39 - [MESSAGE][PASSED] - Object 'Object Repository/06-Teams/03-Edit Team - Private/add channel modal' is visible

2023-07-12 15:42:39 - [TEST_STEP][PASSED] - verifyElementNotClickable(findTestObject("06-Teams/03-Edit Team - Private/button_Add")): Object 'Object Repository/06-Teams/03-Edit Team - Private/button_Add' is NOT clickable

2023-07-12 15:42:39 - [MESSAGE][PASSED] - Object 'Object Repository/06-Teams/03-Edit Team - Private/button_Add' is NOT clickable

2023-07-12 15:42:39 - [TEST_STEP][PASSED] - delay(delay_3seconds): Delayed 3 second(s)

2023-07-12 15:42:42 - [MESSAGE][PASSED] - Delayed 3 second(s)

2023-07-12 15:42:42 - [TEST_STEP][PASSED] - click(findTestObject("06-Teams/03-Edit Team - Private/input_channel name")): Object: 'Object Repository/06-Teams/03-Edit Team - Private/input_channel name' is clicked on

2023-07-12 15:42:43 - [MESSAGE][PASSED] - Object: 'Object Repository/06-Teams/03-Edit Team - Private/input_channel name' is clicked on

2023-07-12 15:42:43 - [TEST_STEP][PASSED] - click(findTestObject("06-Teams/03-Edit Team - Private/h4_Add Channel")): Object: 'Object Repository/06-Teams/03-Edit Team - Private/h4_Add Channel' is clicked on

2023-07-12 15:42:43 - [MESSAGE][PASSED] - Object: 'Object Repository/06-Teams/03-Edit Team - Private/h4_Add Channel' is clicked on

2023-07-12 15:42:43 - [TEST_STEP][PASSED] - verifyElementVisible(findTestObject("06-Teams/03-Edit Team - Private/div_Channel Name Field is required")): Object 'Object Repository/06-Teams/03-Edit Team - Private/div_Channel Name Field is required' is visible

2023-07-12 15:42:44 - [MESSAGE][PASSED] - Object 'Object Repository/06-Teams/03-Edit Team - Private/div_Channel Name Field is required' is visible

2023-07-12 15:42:44 - [TEST_STEP][PASSED] - delay(delay_3seconds): Delayed 3 second(s)

2023-07-12 15:42:47 - [MESSAGE][PASSED] - Delayed 3 second(s)

2023-07-12 15:42:47 - [TEST_STEP][PASSED] - setText(findTestObject("06-Teams/03-Edit Team - Private/input_channel name"), create_channelname): Text 'Auto Channel' is set on object 'Object Repository/06-Teams/03-Edit Team - Private/input_channel name'

2023-07-12 15:42:49 - [MESSAGE][PASSED] - Text 'Auto Channel' is set on object 'Object Repository/06-Teams/03-Edit Team - Private/input_channel name'

2023-07-12 15:42:49 - [TEST_STEP][PASSED] - click(findTestObject("06-Teams/03-Edit Team - Private/button_Add")): Object: 'Object Repository/06-Teams/03-Edit Team - Private/button_Add' is clicked on

2023-07-12 15:42:49 - [MESSAGE][PASSED] - Object: 'Object Repository/06-Teams/03-Edit Team - Private/button_Add' is clicked on

2023-07-12 15:42:49 - [TEST_STEP][PASSED] - verifyElementVisible(findTestObject("06-Teams/03-Edit Team - Private/Successfully added channel to team")): Object 'Object Repository/06-Teams/03-Edit Team - Private/Successfully added channel to team' is visible

2023-07-12 15:42:50 - [MESSAGE][PASSED] - Object 'Object Repository/06-Teams/03-Edit Team - Private/Successfully added channel to team' is visible

2023-07-12 15:42:50 - [TEST_STEP][PASSED] - delay(delay_3seconds): Delayed 3 second(s)

2023-07-12 15:42:53 - [MESSAGE][PASSED] - Delayed 3 second(s)

2023-07-12 15:42:53 - [TEST_STEP][PASSED] - verifyElementVisible(findTestObject("06-Teams/03-Edit Team - Private/div_Auto Channel")): Object 'Object Repository/06-Teams/03-Edit Team - Private/div_Auto Channel' is visible

2023-07-12 15:42:54 - [MESSAGE][PASSED] - Object 'Object Repository/06-Teams/03-Edit Team - Private/div_Auto Channel' is visible

2023-07-12 15:42:54 - [TEST_STEP][PASSED] - delay(delay_3seconds): Delayed 3 second(s)

2023-07-12 15:42:57 - [MESSAGE][PASSED] - Delayed 3 second(s)]]></system-out>
         <system-err><![CDATA[]]></system-err>
      </testcase>
      <testcase name="Test Cases/06- Teams/11-Edit Team- Public (editing a channel)" time="11.411" classname="Test Cases/06- Teams/11-Edit Team- Public (editing a channel)" status="PASSED">
         <system-out><![CDATA[2023-07-12 15:42:57 - [TEST_CASE][PASSED] - Test Cases/06- Teams/11-Edit Team- Public (editing a channel): Test Cases/06- Teams/11-Edit Team- Public (editing a channel)

2023-07-12 15:42:57 - [TEST_STEP][PASSED] - click(findTestObject("06-Teams/03-Edit Team - Private/button_edit channel")): Object: 'Object Repository/06-Teams/03-Edit Team - Private/button_edit channel' is clicked on

2023-07-12 15:42:58 - [MESSAGE][PASSED] - Object: 'Object Repository/06-Teams/03-Edit Team - Private/button_edit channel' is clicked on

2023-07-12 15:42:58 - [TEST_STEP][PASSED] - verifyElementVisible(findTestObject("06-Teams/03-Edit Team - Private/Edit channel modal")): Object 'Object Repository/06-Teams/03-Edit Team - Private/Edit channel modal' is visible

2023-07-12 15:42:59 - [MESSAGE][PASSED] - Object 'Object Repository/06-Teams/03-Edit Team - Private/Edit channel modal' is visible

2023-07-12 15:42:59 - [TEST_STEP][PASSED] - verifyElementNotClickable(findTestObject("06-Teams/03-Edit Team - Private/button_Save")): Object 'Object Repository/06-Teams/03-Edit Team - Private/button_Save' is NOT clickable

2023-07-12 15:42:59 - [MESSAGE][PASSED] - Object 'Object Repository/06-Teams/03-Edit Team - Private/button_Save' is NOT clickable

2023-07-12 15:42:59 - [TEST_STEP][PASSED] - delay(delay_3seconds): Delayed 3 second(s)

2023-07-12 15:43:02 - [MESSAGE][PASSED] - Delayed 3 second(s)

2023-07-12 15:43:02 - [TEST_STEP][PASSED] - setText(findTestObject("06-Teams/03-Edit Team - Private/input_Edit Channel name"), edit_channelname): Text 'Auto Channel Edit' is set on object 'Object Repository/06-Teams/03-Edit Team - Private/input_Edit Channel name'

2023-07-12 15:43:04 - [MESSAGE][PASSED] - Text 'Auto Channel Edit' is set on object 'Object Repository/06-Teams/03-Edit Team - Private/input_Edit Channel name'

2023-07-12 15:43:04 - [TEST_STEP][PASSED] - click(findTestObject("06-Teams/03-Edit Team - Private/button_Save")): Object: 'Object Repository/06-Teams/03-Edit Team - Private/button_Save' is clicked on

2023-07-12 15:43:04 - [MESSAGE][PASSED] - Object: 'Object Repository/06-Teams/03-Edit Team - Private/button_Save' is clicked on

2023-07-12 15:43:04 - [TEST_STEP][PASSED] - verifyElementVisible(findTestObject("06-Teams/03-Edit Team - Private/Successfully edited channel")): Object 'Object Repository/06-Teams/03-Edit Team - Private/Successfully edited channel' is visible

2023-07-12 15:43:05 - [MESSAGE][PASSED] - Object 'Object Repository/06-Teams/03-Edit Team - Private/Successfully edited channel' is visible

2023-07-12 15:43:05 - [TEST_STEP][PASSED] - delay(delay_3seconds): Delayed 3 second(s)

2023-07-12 15:43:08 - [MESSAGE][PASSED] - Delayed 3 second(s)]]></system-out>
         <system-err><![CDATA[]]></system-err>
      </testcase>
      <testcase name="Test Cases/06- Teams/12-Edit Team- Public (deleting a channel)" time="6.53" classname="Test Cases/06- Teams/12-Edit Team- Public (deleting a channel)" status="PASSED">
         <system-out><![CDATA[2023-07-12 15:43:08 - [TEST_CASE][PASSED] - Test Cases/06- Teams/12-Edit Team- Public (deleting a channel): Test Cases/06- Teams/12-Edit Team- Public (deleting a channel)

2023-07-12 15:43:09 - [TEST_STEP][PASSED] - click(findTestObject("06-Teams/03-Edit Team - Private/button_delete channel")): Object: 'Object Repository/06-Teams/03-Edit Team - Private/button_delete channel' is clicked on

2023-07-12 15:43:09 - [MESSAGE][PASSED] - Object: 'Object Repository/06-Teams/03-Edit Team - Private/button_delete channel' is clicked on

2023-07-12 15:43:09 - [TEST_STEP][PASSED] - verifyElementVisible(findTestObject("06-Teams/03-Edit Team - Private/Delete confirm modal")): Object 'Object Repository/06-Teams/03-Edit Team - Private/Delete confirm modal' is visible

2023-07-12 15:43:10 - [MESSAGE][PASSED] - Object 'Object Repository/06-Teams/03-Edit Team - Private/Delete confirm modal' is visible

2023-07-12 15:43:10 - [TEST_STEP][PASSED] - click(findTestObject("06-Teams/03-Edit Team - Private/button_delete")): Object: 'Object Repository/06-Teams/03-Edit Team - Private/button_delete' is clicked on

2023-07-12 15:43:11 - [MESSAGE][PASSED] - Object: 'Object Repository/06-Teams/03-Edit Team - Private/button_delete' is clicked on

2023-07-12 15:43:11 - [TEST_STEP][PASSED] - verifyElementVisible(findTestObject("06-Teams/03-Edit Team - Private/Successfully deleted channel")): Object 'Object Repository/06-Teams/03-Edit Team - Private/Successfully deleted channel' is visible

2023-07-12 15:43:12 - [MESSAGE][PASSED] - Object 'Object Repository/06-Teams/03-Edit Team - Private/Successfully deleted channel' is visible

2023-07-12 15:43:12 - [TEST_STEP][PASSED] - delay(delay_3seconds): Delayed 3 second(s)

2023-07-12 15:43:15 - [MESSAGE][PASSED] - Delayed 3 second(s)]]></system-out>
         <system-err><![CDATA[]]></system-err>
      </testcase>
      <testcase name="Test Cases/06- Teams/13-Edit Team- Public (settings)" time="9.535" classname="Test Cases/06- Teams/13-Edit Team- Public (settings)" status="PASSED">
         <system-out><![CDATA[2023-07-12 15:43:15 - [TEST_CASE][PASSED] - Test Cases/06- Teams/13-Edit Team- Public (settings): Test Cases/06- Teams/13-Edit Team- Public (settings)

2023-07-12 15:43:15 - [TEST_STEP][PASSED] - click(findTestObject("06-Teams/03-Edit Team - Private/div_Settings")): Object: 'Object Repository/06-Teams/03-Edit Team - Private/div_Settings' is clicked on

2023-07-12 15:43:16 - [MESSAGE][PASSED] - Object: 'Object Repository/06-Teams/03-Edit Team - Private/div_Settings' is clicked on

2023-07-12 15:43:16 - [TEST_STEP][PASSED] - delay(delay_3seconds): Delayed 3 second(s)

2023-07-12 15:43:19 - [MESSAGE][PASSED] - Delayed 3 second(s)

2023-07-12 15:43:19 - [TEST_STEP][PASSED] - verifyElementVisible(findTestObject("06-Teams/04-Edit Team-Public/Public_settings")): Object 'Object Repository/06-Teams/04-Edit Team-Public/Public_settings' is visible

2023-07-12 15:43:19 - [MESSAGE][PASSED] - Object 'Object Repository/06-Teams/04-Edit Team-Public/Public_settings' is visible

2023-07-12 15:43:19 - [TEST_STEP][PASSED] - delay(delay_3seconds): Delayed 3 second(s)

2023-07-12 15:43:22 - [MESSAGE][PASSED] - Delayed 3 second(s)

2023-07-12 15:43:22 - [TEST_STEP][PASSED] - closeBrowser(): Browser is closed

2023-07-12 15:43:24 - [MESSAGE][PASSED] - Browser is closed]]></system-out>
         <system-err><![CDATA[]]></system-err>
      </testcase>
      <testcase name="Test Cases/06- Teams/14 - Teams - General Channel (attaching PDF)" time="100.746" classname="Test Cases/06- Teams/14 - Teams - General Channel (attaching PDF)" status="PASSED">
         <system-out><![CDATA[2023-07-12 15:43:24 - [TEST_CASE][PASSED] - Test Cases/06- Teams/14 - Teams - General Channel (attaching PDF): Test Cases/06- Teams/14 - Teams - General Channel (attaching PDF)

2023-07-12 15:43:25 - [TEST_STEP][PASSED] - openBrowser(""): Browser is opened with url: ''

2023-07-12 15:43:25 - [MESSAGE][INFO] - Starting 'Chrome' driver

2023-07-12 15:43:25 - [MESSAGE][INFO] - User set preference: ['args', '[--disable-web-security, --ignore-certificate-errors, --no-first-run, --disable-gpu]']

2023-07-12 15:43:25 - [MESSAGE][INFO] - Action delay is set to 0 milliseconds

2023-07-12 15:43:27 - [MESSAGE][PASSED] - Browser is opened with url: ''

2023-07-12 15:43:27 - [TEST_STEP][PASSED] - navigateToUrl(appURL): Navigate to 'https://lab.everleagues.com/login' successfully

2023-07-12 15:43:39 - [MESSAGE][PASSED] - Navigate to 'https://lab.everleagues.com/login' successfully

2023-07-12 15:43:39 - [TEST_STEP][PASSED] - maximizeWindow(): Current window maximized

2023-07-12 15:43:39 - [MESSAGE][PASSED] - Current window maximized

2023-07-12 15:43:39 - [TEST_STEP][PASSED] - callTestCase(findTestCase("01-Login and Forgot Password/04-Login(Valid Credentials-With Subscription)"), [:], STOP_ON_FAILURE): Call Test Case 'Test Cases/01-Login and Forgot Password/04-Login(Valid Credentials-With Subscription)' successfully

2023-07-12 15:43:39 - [TEST_CASE][PASSED] - Test Cases/01-Login and Forgot Password/04-Login(Valid Credentials-With Subscription): Test Cases/01-Login and Forgot Password/04-Login(Valid Credentials-With Subscription)

2023-07-12 15:43:40 - [TEST_STEP][PASSED] - setText(findTestObject("01-Login and Forgot Password/input_Email_email"), email_with_subscription): Text 'testuser005@mailinator.com' is set on object 'Object Repository/01-Login and Forgot Password/input_Email_email'

2023-07-12 15:43:41 - [MESSAGE][PASSED] - Text 'testuser005@mailinator.com' is set on object 'Object Repository/01-Login and Forgot Password/input_Email_email'

2023-07-12 15:43:41 - [TEST_STEP][PASSED] - setEncryptedText(findTestObject("01-Login and Forgot Password/input_Email_password"), password): Text ****** has been set on object 'Object Repository/01-Login and Forgot Password/input_Email_password'

2023-07-12 15:43:41 - [MESSAGE][PASSED] - Text ****** has been set on object 'Object Repository/01-Login and Forgot Password/input_Email_password'

2023-07-12 15:43:41 - [TEST_STEP][PASSED] - delay(delay_2seconds): Delayed 2 second(s)

2023-07-12 15:43:43 - [MESSAGE][PASSED] - Delayed 2 second(s)

2023-07-12 15:43:43 - [TEST_STEP][PASSED] - click(findTestObject("01-Login and Forgot Password/show pass button")): Object: 'Object Repository/01-Login and Forgot Password/show pass button' is clicked on

2023-07-12 15:43:44 - [MESSAGE][PASSED] - Object: 'Object Repository/01-Login and Forgot Password/show pass button' is clicked on

2023-07-12 15:43:44 - [TEST_STEP][PASSED] - delay(delay_3seconds): Delayed 3 second(s)

2023-07-12 15:43:47 - [MESSAGE][PASSED] - Delayed 3 second(s)

2023-07-12 15:43:47 - [TEST_STEP][PASSED] - click(findTestObject("01-Login and Forgot Password/button_Sign in")): Object: 'Object Repository/01-Login and Forgot Password/button_Sign in' is clicked on

2023-07-12 15:43:48 - [MESSAGE][PASSED] - Object: 'Object Repository/01-Login and Forgot Password/button_Sign in' is clicked on

2023-07-12 15:43:48 - [TEST_STEP][PASSED] - delay(delay_3seconds): Delayed 3 second(s)

2023-07-12 15:43:51 - [MESSAGE][PASSED] - Delayed 3 second(s)

2023-07-12 15:43:51 - [TEST_STEP][PASSED] - executeJavaScript("window.open();", []): Execute JavaScript 'window.open();' successfully

2023-07-12 15:43:51 - [MESSAGE][PASSED] - Execute JavaScript 'window.open();' successfully

2023-07-12 15:43:51 - [TEST_STEP][PASSED] - currentWindow = getWindowIndex(): Current window's index is: 0

2023-07-12 15:43:51 - [MESSAGE][PASSED] - Current window's index is: 0

2023-07-12 15:43:51 - [TEST_STEP][PASSED] - delay(delay_3seconds): Delayed 3 second(s)

2023-07-12 15:43:54 - [MESSAGE][PASSED] - Delayed 3 second(s)

2023-07-12 15:43:54 - [TEST_STEP][PASSED] - switchToWindowIndex(currentWindow + 1): Switched to window with index: '1'

2023-07-12 15:43:54 - [MESSAGE][PASSED] - Switched to window with index: '1'

2023-07-12 15:43:54 - [TEST_STEP][PASSED] - navigateToUrl(app_mailinator): Navigate to 'https://www.mailinator.com/' successfully

2023-07-12 15:43:58 - [MESSAGE][PASSED] - Navigate to 'https://www.mailinator.com/' successfully

2023-07-12 15:43:58 - [TEST_STEP][PASSED] - delay(delay_3seconds): Delayed 3 second(s)

2023-07-12 15:44:01 - [MESSAGE][PASSED] - Delayed 3 second(s)

2023-07-12 15:44:01 - [TEST_STEP][PASSED] - setText(findTestObject("00-Signup and Activation/zMailinator/input_LOGIN_search"), email_for_searchmailinator_testuser05): Text 'testuser005@mailinator.com' is set on object 'Object Repository/00-Signup and Activation/zMailinator/input_LOGIN_search'

2023-07-12 15:44:02 - [MESSAGE][PASSED] - Text 'testuser005@mailinator.com' is set on object 'Object Repository/00-Signup and Activation/zMailinator/input_LOGIN_search'

2023-07-12 15:44:02 - [TEST_STEP][PASSED] - click(findTestObject("00-Signup and Activation/zMailinator/gobutton"), STOP_ON_FAILURE): Object: 'Object Repository/00-Signup and Activation/zMailinator/gobutton' is clicked on

2023-07-12 15:44:06 - [MESSAGE][PASSED] - Object: 'Object Repository/00-Signup and Activation/zMailinator/gobutton' is clicked on

2023-07-12 15:44:06 - [TEST_STEP][PASSED] - delay(delay_3seconds): Delayed 3 second(s)

2023-07-12 15:44:09 - [MESSAGE][PASSED] - Delayed 3 second(s)

2023-07-12 15:44:09 - [TEST_STEP][PASSED] - click(findTestObject("00-Signup and Activation/zMailinator/Email - everleagues")): Object: 'Object Repository/00-Signup and Activation/zMailinator/Email - everleagues' is clicked on

2023-07-12 15:44:09 - [MESSAGE][PASSED] - Object: 'Object Repository/00-Signup and Activation/zMailinator/Email - everleagues' is clicked on

2023-07-12 15:44:09 - [TEST_STEP][PASSED] - delay(delay_3seconds): Delayed 3 second(s)

2023-07-12 15:44:12 - [MESSAGE][PASSED] - Delayed 3 second(s)

2023-07-12 15:44:12 - [TEST_STEP][PASSED] - code = getText(findTestObject("Object Repository/06-Teams/For 2FA/2FA code")): Text of object 'Object Repository/06-Teams/For 2FA/2FA code' is: '419926'

2023-07-12 15:44:13 - [MESSAGE][PASSED] - Text of object 'Object Repository/06-Teams/For 2FA/2FA code' is: '419926'

2023-07-12 15:44:13 - [TEST_STEP][PASSED] - delay(delay_3seconds): Delayed 3 second(s)

2023-07-12 15:44:16 - [MESSAGE][PASSED] - Delayed 3 second(s)

2023-07-12 15:44:16 - [TEST_STEP][PASSED] - closeWindowTitle("Mailinator"): Window with title: 'Mailinator' is closed

2023-07-12 15:44:16 - [MESSAGE][PASSED] - Window with title: 'Mailinator' is closed

2023-07-12 15:44:16 - [TEST_STEP][PASSED] - delay(delay_3seconds): Delayed 3 second(s)

2023-07-12 15:44:19 - [MESSAGE][PASSED] - Delayed 3 second(s)

2023-07-12 15:44:19 - [TEST_STEP][PASSED] - switchToWindowIndex(0): Switched to window with index: '0'

2023-07-12 15:44:19 - [MESSAGE][PASSED] - Switched to window with index: '0'

2023-07-12 15:44:19 - [TEST_STEP][PASSED] - delay(delay_3seconds): Delayed 3 second(s)

2023-07-12 15:44:22 - [MESSAGE][PASSED] - Delayed 3 second(s)

2023-07-12 15:44:22 - [TEST_STEP][PASSED] - click(findTestObject("06-Teams/For 2FA/button_Confirm_2FA")): Object: 'Object Repository/06-Teams/For 2FA/button_Confirm_2FA' is clicked on

2023-07-12 15:44:22 - [MESSAGE][PASSED] - Object: 'Object Repository/06-Teams/For 2FA/button_Confirm_2FA' is clicked on

2023-07-12 15:44:22 - [TEST_STEP][PASSED] - setText(findTestObject("Object Repository/06-Teams/For 2FA/input_Enter verification code_code"), code): Text '419926' is set on object 'Object Repository/06-Teams/For 2FA/input_Enter verification code_code'

2023-07-12 15:44:25 - [MESSAGE][PASSED] - Text '419926' is set on object 'Object Repository/06-Teams/For 2FA/input_Enter verification code_code'

2023-07-12 15:44:25 - [TEST_STEP][PASSED] - delay(delay_3seconds): Delayed 3 second(s)

2023-07-12 15:44:28 - [MESSAGE][PASSED] - Delayed 3 second(s)

2023-07-12 15:44:28 - [TEST_STEP][PASSED] - click(findTestObject("06-Teams/For 2FA/button_Verify_2FA")): Object: 'Object Repository/06-Teams/For 2FA/button_Verify_2FA' is clicked on

2023-07-12 15:44:29 - [MESSAGE][PASSED] - Object: 'Object Repository/06-Teams/For 2FA/button_Verify_2FA' is clicked on

2023-07-12 15:44:29 - [TEST_STEP][PASSED] - delay(delay_3seconds): Delayed 3 second(s)

2023-07-12 15:44:32 - [MESSAGE][PASSED] - Delayed 3 second(s)

2023-07-12 15:44:32 - [MESSAGE][PASSED] - Call Test Case 'Test Cases/01-Login and Forgot Password/04-Login(Valid Credentials-With Subscription)' successfully

2023-07-12 15:44:32 - [TEST_STEP][PASSED] - click(findTestObject("06-Teams/button_doublearrow")): Object: 'Object Repository/06-Teams/button_doublearrow' is clicked on

2023-07-12 15:44:37 - [MESSAGE][PASSED] - Object: 'Object Repository/06-Teams/button_doublearrow' is clicked on

2023-07-12 15:44:37 - [TEST_STEP][PASSED] - click(findTestObject("06-Teams/button_My Organizations")): Object: 'Object Repository/06-Teams/button_My Organizations' is clicked on

2023-07-12 15:44:37 - [MESSAGE][PASSED] - Object: 'Object Repository/06-Teams/button_My Organizations' is clicked on

2023-07-12 15:44:37 - [TEST_STEP][PASSED] - click(findTestObject("06-Teams/button_GG Automation")): Object: 'Object Repository/06-Teams/button_GG Automation' is clicked on

2023-07-12 15:44:38 - [MESSAGE][PASSED] - Object: 'Object Repository/06-Teams/button_GG Automation' is clicked on

2023-07-12 15:44:38 - [TEST_STEP][PASSED] - delay(delay_4seconds): Delayed 4 second(s)

2023-07-12 15:44:42 - [MESSAGE][PASSED] - Delayed 4 second(s)

2023-07-12 15:44:42 - [TEST_STEP][PASSED] - verifyElementVisible(findTestObject("06-Teams/span_GG Automation")): Object 'Object Repository/06-Teams/span_GG Automation' is visible

2023-07-12 15:44:42 - [MESSAGE][PASSED] - Object 'Object Repository/06-Teams/span_GG Automation' is visible

2023-07-12 15:44:42 - [TEST_STEP][PASSED] - delay(delay_2seconds): Delayed 2 second(s)

2023-07-12 15:44:44 - [MESSAGE][PASSED] - Delayed 2 second(s)

2023-07-12 15:44:44 - [TEST_STEP][PASSED] - click(findTestObject("03-Header Menu/Hamburger Button/div_Teams")): Object: 'Object Repository/03-Header Menu/Hamburger Button/div_Teams' is clicked on

2023-07-12 15:44:46 - [MESSAGE][PASSED] - Object: 'Object Repository/03-Header Menu/Hamburger Button/div_Teams' is clicked on

2023-07-12 15:44:46 - [TEST_STEP][PASSED] - delay(delay_2seconds): Delayed 2 second(s)

2023-07-12 15:44:48 - [MESSAGE][PASSED] - Delayed 2 second(s)

2023-07-12 15:44:48 - [TEST_STEP][PASSED] - verifyElementVisible(findTestObject("06-Teams/h4_TEAMS")): Object 'Object Repository/06-Teams/h4_TEAMS' is visible

2023-07-12 15:44:49 - [MESSAGE][PASSED] - Object 'Object Repository/06-Teams/h4_TEAMS' is visible

2023-07-12 15:44:49 - [TEST_STEP][PASSED] - delay(delay_3seconds): Delayed 3 second(s)

2023-07-12 15:44:52 - [MESSAGE][PASSED] - Delayed 3 second(s)

2023-07-12 15:44:52 - [TEST_STEP][PASSED] - click(findTestObject("06-Teams/05- Teams-General Channel/div_General")): Object: 'Object Repository/06-Teams/05- Teams-General Channel/div_General' is clicked on

2023-07-12 15:44:52 - [MESSAGE][PASSED] - Object: 'Object Repository/06-Teams/05- Teams-General Channel/div_General' is clicked on

2023-07-12 15:44:52 - [TEST_STEP][PASSED] - delay(delay_3seconds): Delayed 3 second(s)

2023-07-12 15:44:55 - [MESSAGE][PASSED] - Delayed 3 second(s)

2023-07-12 15:44:55 - [TEST_STEP][PASSED] - uploadFile(findTestObject("06-Teams/05- Teams-General Channel/button_attache_file"), upload_pdf_file): File 'D:\Users\EL automation\sample.pdf' sent to object: 'Object Repository/06-Teams/05- Teams-General Channel/button_attache_file'

2023-07-12 15:44:57 - [MESSAGE][PASSED] - File 'D:\Users\EL automation\sample.pdf' sent to object: 'Object Repository/06-Teams/05- Teams-General Channel/button_attache_file'

2023-07-12 15:44:57 - [TEST_STEP][PASSED] - verifyElementVisible(findTestObject("06-Teams/05- Teams-General Channel/added PDF")): Object 'Object Repository/06-Teams/05- Teams-General Channel/added PDF' is visible

2023-07-12 15:44:57 - [MESSAGE][PASSED] - Object 'Object Repository/06-Teams/05- Teams-General Channel/added PDF' is visible

2023-07-12 15:44:57 - [TEST_STEP][PASSED] - click(findTestObject("06-Teams/05- Teams-General Channel/button_send")): Object: 'Object Repository/06-Teams/05- Teams-General Channel/button_send' is clicked on

2023-07-12 15:44:58 - [MESSAGE][PASSED] - Object: 'Object Repository/06-Teams/05- Teams-General Channel/button_send' is clicked on

2023-07-12 15:44:58 - [TEST_STEP][PASSED] - verifyElementVisible(findTestObject("06-Teams/05- Teams-General Channel/added new post msg")): Object 'Object Repository/06-Teams/05- Teams-General Channel/added new post msg' is visible

2023-07-12 15:45:00 - [MESSAGE][PASSED] - Object 'Object Repository/06-Teams/05- Teams-General Channel/added new post msg' is visible

2023-07-12 15:45:00 - [TEST_STEP][PASSED] - verifyElementVisible(findTestObject("06-Teams/05- Teams-General Channel/posted pdf")): Object 'Object Repository/06-Teams/05- Teams-General Channel/posted pdf' is visible

2023-07-12 15:45:00 - [MESSAGE][PASSED] - Object 'Object Repository/06-Teams/05- Teams-General Channel/posted pdf' is visible

2023-07-12 15:45:00 - [TEST_STEP][PASSED] - delay(delay_5seconds): Delayed 5 second(s)

2023-07-12 15:45:05 - [MESSAGE][PASSED] - Delayed 5 second(s)]]></system-out>
         <system-err><![CDATA[]]></system-err>
      </testcase>
      <testcase name="Test Cases/06- Teams/15 - Teams - General Channel (Uploading Photo)" time="15.318" classname="Test Cases/06- Teams/15 - Teams - General Channel (Uploading Photo)" status="PASSED">
         <system-out><![CDATA[2023-07-12 15:45:05 - [TEST_CASE][PASSED] - Test Cases/06- Teams/15 - Teams - General Channel (Uploading Photo): Test Cases/06- Teams/15 - Teams - General Channel (Uploading Photo)

2023-07-12 15:45:06 - [TEST_STEP][PASSED] - uploadFile(findTestObject("06-Teams/05- Teams-General Channel/button_add image"), upload_file): File 'D:\Users\EL automation\qa.jpg' sent to object: 'Object Repository/06-Teams/05- Teams-General Channel/button_add image'

2023-07-12 15:45:07 - [MESSAGE][PASSED] - File 'D:\Users\EL automation\qa.jpg' sent to object: 'Object Repository/06-Teams/05- Teams-General Channel/button_add image'

2023-07-12 15:45:07 - [TEST_STEP][PASSED] - verifyElementVisible(findTestObject("06-Teams/05- Teams-General Channel/added image")): Object 'Object Repository/06-Teams/05- Teams-General Channel/added image' is visible

2023-07-12 15:45:07 - [MESSAGE][PASSED] - Object 'Object Repository/06-Teams/05- Teams-General Channel/added image' is visible

2023-07-12 15:45:07 - [TEST_STEP][PASSED] - delay(delay_3seconds): Delayed 3 second(s)

2023-07-12 15:45:10 - [MESSAGE][PASSED] - Delayed 3 second(s)

2023-07-12 15:45:10 - [TEST_STEP][PASSED] - click(findTestObject("06-Teams/05- Teams-General Channel/button_send")): Object: 'Object Repository/06-Teams/05- Teams-General Channel/button_send' is clicked on

2023-07-12 15:45:11 - [MESSAGE][PASSED] - Object: 'Object Repository/06-Teams/05- Teams-General Channel/button_send' is clicked on

2023-07-12 15:45:11 - [TEST_STEP][PASSED] - verifyElementVisible(findTestObject("06-Teams/05- Teams-General Channel/added new post msg")): Object 'Object Repository/06-Teams/05- Teams-General Channel/added new post msg' is visible

2023-07-12 15:45:12 - [MESSAGE][PASSED] - Object 'Object Repository/06-Teams/05- Teams-General Channel/added new post msg' is visible

2023-07-12 15:45:12 - [TEST_STEP][PASSED] - delay(delay_3seconds): Delayed 3 second(s)

2023-07-12 15:45:15 - [MESSAGE][PASSED] - Delayed 3 second(s)

2023-07-12 15:45:15 - [TEST_STEP][PASSED] - verifyElementVisible(findTestObject("06-Teams/05- Teams-General Channel/posted image")): Object 'Object Repository/06-Teams/05- Teams-General Channel/posted image' is visible

2023-07-12 15:45:16 - [MESSAGE][PASSED] - Object 'Object Repository/06-Teams/05- Teams-General Channel/posted image' is visible

2023-07-12 15:45:16 - [TEST_STEP][PASSED] - delay(delay_5seconds): Delayed 5 second(s)

2023-07-12 15:45:21 - [MESSAGE][PASSED] - Delayed 5 second(s)]]></system-out>
         <system-err><![CDATA[]]></system-err>
      </testcase>
      <testcase name="Test Cases/06- Teams/16 - Teams - General Channel (attaching Video)" time="46.848" classname="Test Cases/06- Teams/16 - Teams - General Channel (attaching Video)" status="PASSED">
         <system-out><![CDATA[2023-07-12 15:45:21 - [TEST_CASE][PASSED] - Test Cases/06- Teams/16 - Teams - General Channel (attaching Video): Test Cases/06- Teams/16 - Teams - General Channel (attaching Video)

2023-07-12 15:45:21 - [TEST_STEP][PASSED] - uploadFile(findTestObject("06-Teams/05- Teams-General Channel/button_attache_file"), upload_mp4_file): File 'D:\Users\EL automation\video.mp4' sent to object: 'Object Repository/06-Teams/05- Teams-General Channel/button_attache_file'

2023-07-12 15:45:21 - [MESSAGE][PASSED] - File 'D:\Users\EL automation\video.mp4' sent to object: 'Object Repository/06-Teams/05- Teams-General Channel/button_attache_file'

2023-07-12 15:45:21 - [TEST_STEP][PASSED] - verifyElementVisible(findTestObject("06-Teams/05- Teams-General Channel/added video")): Object 'Object Repository/06-Teams/05- Teams-General Channel/added video' is visible

2023-07-12 15:45:22 - [MESSAGE][PASSED] - Object 'Object Repository/06-Teams/05- Teams-General Channel/added video' is visible

2023-07-12 15:45:22 - [TEST_STEP][PASSED] - click(findTestObject("06-Teams/05- Teams-General Channel/button_send")): Object: 'Object Repository/06-Teams/05- Teams-General Channel/button_send' is clicked on

2023-07-12 15:45:22 - [MESSAGE][PASSED] - Object: 'Object Repository/06-Teams/05- Teams-General Channel/button_send' is clicked on

2023-07-12 15:45:22 - [TEST_STEP][PASSED] - delay(delay_5seconds): Delayed 5 second(s)

2023-07-12 15:45:27 - [MESSAGE][PASSED] - Delayed 5 second(s)

2023-07-12 15:45:27 - [TEST_STEP][PASSED] - verifyElementVisible(findTestObject("06-Teams/05- Teams-General Channel/posted video")): Object 'Object Repository/06-Teams/05- Teams-General Channel/posted video' is visible

2023-07-12 15:45:57 - [MESSAGE][PASSED] - Object 'Object Repository/06-Teams/05- Teams-General Channel/posted video' is visible

2023-07-12 15:45:57 - [TEST_STEP][PASSED] - delay(delay_10seconds): Delayed 10 second(s)

2023-07-12 15:46:07 - [MESSAGE][PASSED] - Delayed 10 second(s)]]></system-out>
         <system-err><![CDATA[]]></system-err>
      </testcase>
      <testcase name="Test Cases/06- Teams/17 - Teams - General Channel (Creating a post)" time="70.507" classname="Test Cases/06- Teams/17 - Teams - General Channel (Creating a post)" status="PASSED">
         <system-out><![CDATA[2023-07-12 15:46:08 - [TEST_CASE][PASSED] - Test Cases/06- Teams/17 - Teams - General Channel (Creating a post): Test Cases/06- Teams/17 - Teams - General Channel (Creating a post)

2023-07-12 15:46:08 - [TEST_STEP][PASSED] - delay(delay_3seconds): Delayed 3 second(s)

2023-07-12 15:46:11 - [MESSAGE][PASSED] - Delayed 3 second(s)

2023-07-12 15:46:11 - [TEST_STEP][PASSED] - setText(findTestObject("06-Teams/05- Teams-General Channel/Input field_post"), "This is automation"): Text 'This is automation' is set on object 'Object Repository/06-Teams/05- Teams-General Channel/Input field_post'

2023-07-12 15:46:16 - [MESSAGE][PASSED] - Text 'This is automation' is set on object 'Object Repository/06-Teams/05- Teams-General Channel/Input field_post'

2023-07-12 15:46:16 - [TEST_STEP][PASSED] - click(findTestObject("06-Teams/05- Teams-General Channel/button_send")): Object: 'Object Repository/06-Teams/05- Teams-General Channel/button_send' is clicked on

2023-07-12 15:46:17 - [MESSAGE][PASSED] - Object: 'Object Repository/06-Teams/05- Teams-General Channel/button_send' is clicked on

2023-07-12 15:46:17 - [TEST_STEP][PASSED] - delay(delay_2seconds): Delayed 2 second(s)

2023-07-12 15:46:19 - [MESSAGE][PASSED] - Delayed 2 second(s)

2023-07-12 15:46:19 - [TEST_STEP][PASSED] - verifyElementVisible(findTestObject("06-Teams/05- Teams-General Channel/posted_This is automation")): Object 'Object Repository/06-Teams/05- Teams-General Channel/posted_This is automation' is visible

2023-07-12 15:46:19 - [MESSAGE][PASSED] - Object 'Object Repository/06-Teams/05- Teams-General Channel/posted_This is automation' is visible

2023-07-12 15:46:19 - [TEST_STEP][PASSED] - delay(delay_3seconds): Delayed 3 second(s)

2023-07-12 15:46:22 - [MESSAGE][PASSED] - Delayed 3 second(s)

2023-07-12 15:46:22 - [TEST_STEP][PASSED] - click(findTestObject("06-Teams/05- Teams-General Channel/ellipsis 1")): Object: 'Object Repository/06-Teams/05- Teams-General Channel/ellipsis 1' is clicked on

2023-07-12 15:46:22 - [MESSAGE][PASSED] - Object: 'Object Repository/06-Teams/05- Teams-General Channel/ellipsis 1' is clicked on

2023-07-12 15:46:22 - [TEST_STEP][PASSED] - click(findTestObject("06-Teams/05- Teams-General Channel/button_Edit Post")): Object: 'Object Repository/06-Teams/05- Teams-General Channel/button_Edit Post' is clicked on

2023-07-12 15:46:23 - [MESSAGE][PASSED] - Object: 'Object Repository/06-Teams/05- Teams-General Channel/button_Edit Post' is clicked on

2023-07-12 15:46:23 - [TEST_STEP][PASSED] - setText(findTestObject("06-Teams/05- Teams-General Channel/Edit field"), "Automation Edit "): Text 'Automation Edit ' is set on object 'Object Repository/06-Teams/05- Teams-General Channel/Edit field'

2023-07-12 15:46:25 - [MESSAGE][PASSED] - Text 'Automation Edit ' is set on object 'Object Repository/06-Teams/05- Teams-General Channel/Edit field'

2023-07-12 15:46:25 - [TEST_STEP][PASSED] - click(findTestObject("06-Teams/05- Teams-General Channel/button_send edit")): Object: 'Object Repository/06-Teams/05- Teams-General Channel/button_send edit' is clicked on

2023-07-12 15:46:26 - [MESSAGE][PASSED] - Object: 'Object Repository/06-Teams/05- Teams-General Channel/button_send edit' is clicked on

2023-07-12 15:46:26 - [TEST_STEP][PASSED] - verifyElementVisible(findTestObject("06-Teams/05- Teams-General Channel/Successfully edited post msg")): Object 'Object Repository/06-Teams/05- Teams-General Channel/Successfully edited post msg' is visible

2023-07-12 15:46:28 - [MESSAGE][PASSED] - Object 'Object Repository/06-Teams/05- Teams-General Channel/Successfully edited post msg' is visible

2023-07-12 15:46:28 - [TEST_STEP][PASSED] - delay(delay_3seconds): Delayed 3 second(s)

2023-07-12 15:46:31 - [MESSAGE][PASSED] - Delayed 3 second(s)

2023-07-12 15:46:31 - [TEST_STEP][PASSED] - click(findTestObject("06-Teams/05- Teams-General Channel/Bold select")): Object: 'Object Repository/06-Teams/05- Teams-General Channel/Bold select' is clicked on

2023-07-12 15:46:31 - [MESSAGE][PASSED] - Object: 'Object Repository/06-Teams/05- Teams-General Channel/Bold select' is clicked on

2023-07-12 15:46:31 - [TEST_STEP][PASSED] - click(findTestObject("06-Teams/05- Teams-General Channel/Input field_post"), STOP_ON_FAILURE): Object: 'Object Repository/06-Teams/05- Teams-General Channel/Input field_post' is clicked on

2023-07-12 15:46:32 - [MESSAGE][PASSED] - Object: 'Object Repository/06-Teams/05- Teams-General Channel/Input field_post' is clicked on

2023-07-12 15:46:32 - [TEST_STEP][PASSED] - sendKeys(findTestObject("Object Repository/06-Teams/05- Teams-General Channel/Input field_post"), "Bold"): Keys 'Bold' sent to object: 'Object Repository/06-Teams/05- Teams-General Channel/Input field_post'

2023-07-12 15:46:32 - [MESSAGE][PASSED] - Keys 'Bold' sent to object: 'Object Repository/06-Teams/05- Teams-General Channel/Input field_post'

2023-07-12 15:46:32 - [TEST_STEP][PASSED] - click(findTestObject("06-Teams/05- Teams-General Channel/button_send")): Object: 'Object Repository/06-Teams/05- Teams-General Channel/button_send' is clicked on

2023-07-12 15:46:33 - [MESSAGE][PASSED] - Object: 'Object Repository/06-Teams/05- Teams-General Channel/button_send' is clicked on

2023-07-12 15:46:33 - [TEST_STEP][PASSED] - verifyElementVisible(findTestObject("06-Teams/05- Teams-General Channel/added new post msg")): Object 'Object Repository/06-Teams/05- Teams-General Channel/added new post msg' is visible

2023-07-12 15:46:34 - [MESSAGE][PASSED] - Object 'Object Repository/06-Teams/05- Teams-General Channel/added new post msg' is visible

2023-07-12 15:46:34 - [TEST_STEP][PASSED] - verifyElementVisible(findTestObject("06-Teams/05- Teams-General Channel/Bold")): Object 'Object Repository/06-Teams/05- Teams-General Channel/Bold' is visible

2023-07-12 15:46:34 - [MESSAGE][PASSED] - Object 'Object Repository/06-Teams/05- Teams-General Channel/Bold' is visible

2023-07-12 15:46:34 - [TEST_STEP][PASSED] - delay(delay_3seconds): Delayed 3 second(s)

2023-07-12 15:46:37 - [MESSAGE][PASSED] - Delayed 3 second(s)

2023-07-12 15:46:37 - [TEST_STEP][PASSED] - click(findTestObject("06-Teams/05- Teams-General Channel/Italic Select")): Object: 'Object Repository/06-Teams/05- Teams-General Channel/Italic Select' is clicked on

2023-07-12 15:46:38 - [MESSAGE][PASSED] - Object: 'Object Repository/06-Teams/05- Teams-General Channel/Italic Select' is clicked on

2023-07-12 15:46:38 - [TEST_STEP][PASSED] - click(findTestObject("06-Teams/05- Teams-General Channel/Input field_post"), STOP_ON_FAILURE): Object: 'Object Repository/06-Teams/05- Teams-General Channel/Input field_post' is clicked on

2023-07-12 15:46:38 - [MESSAGE][PASSED] - Object: 'Object Repository/06-Teams/05- Teams-General Channel/Input field_post' is clicked on

2023-07-12 15:46:38 - [TEST_STEP][PASSED] - sendKeys(findTestObject("Object Repository/06-Teams/05- Teams-General Channel/Input field_post"), "Italic"): Keys 'Italic' sent to object: 'Object Repository/06-Teams/05- Teams-General Channel/Input field_post'

2023-07-12 15:46:39 - [MESSAGE][PASSED] - Keys 'Italic' sent to object: 'Object Repository/06-Teams/05- Teams-General Channel/Input field_post'

2023-07-12 15:46:39 - [TEST_STEP][PASSED] - click(findTestObject("06-Teams/05- Teams-General Channel/button_send")): Object: 'Object Repository/06-Teams/05- Teams-General Channel/button_send' is clicked on

2023-07-12 15:46:39 - [MESSAGE][PASSED] - Object: 'Object Repository/06-Teams/05- Teams-General Channel/button_send' is clicked on

2023-07-12 15:46:39 - [TEST_STEP][PASSED] - verifyElementVisible(findTestObject("06-Teams/05- Teams-General Channel/added new post msg")): Object 'Object Repository/06-Teams/05- Teams-General Channel/added new post msg' is visible

2023-07-12 15:46:41 - [MESSAGE][PASSED] - Object 'Object Repository/06-Teams/05- Teams-General Channel/added new post msg' is visible

2023-07-12 15:46:41 - [TEST_STEP][PASSED] - verifyElementVisible(findTestObject("06-Teams/05- Teams-General Channel/Italic")): Object 'Object Repository/06-Teams/05- Teams-General Channel/Italic' is visible

2023-07-12 15:46:41 - [MESSAGE][PASSED] - Object 'Object Repository/06-Teams/05- Teams-General Channel/Italic' is visible

2023-07-12 15:46:41 - [TEST_STEP][PASSED] - delay(delay_3seconds): Delayed 3 second(s)

2023-07-12 15:46:44 - [MESSAGE][PASSED] - Delayed 3 second(s)

2023-07-12 15:46:44 - [TEST_STEP][PASSED] - click(findTestObject("06-Teams/05- Teams-General Channel/Underline select")): Object: 'Object Repository/06-Teams/05- Teams-General Channel/Underline select' is clicked on

2023-07-12 15:46:45 - [MESSAGE][PASSED] - Object: 'Object Repository/06-Teams/05- Teams-General Channel/Underline select' is clicked on

2023-07-12 15:46:45 - [TEST_STEP][PASSED] - click(findTestObject("06-Teams/05- Teams-General Channel/Input field_post"), STOP_ON_FAILURE): Object: 'Object Repository/06-Teams/05- Teams-General Channel/Input field_post' is clicked on

2023-07-12 15:46:45 - [MESSAGE][PASSED] - Object: 'Object Repository/06-Teams/05- Teams-General Channel/Input field_post' is clicked on

2023-07-12 15:46:45 - [TEST_STEP][PASSED] - sendKeys(findTestObject("Object Repository/06-Teams/05- Teams-General Channel/Input field_post"), "Underline"): Keys 'Underline' sent to object: 'Object Repository/06-Teams/05- Teams-General Channel/Input field_post'

2023-07-12 15:46:46 - [MESSAGE][PASSED] - Keys 'Underline' sent to object: 'Object Repository/06-Teams/05- Teams-General Channel/Input field_post'

2023-07-12 15:46:46 - [TEST_STEP][PASSED] - click(findTestObject("06-Teams/05- Teams-General Channel/button_send")): Object: 'Object Repository/06-Teams/05- Teams-General Channel/button_send' is clicked on

2023-07-12 15:46:47 - [MESSAGE][PASSED] - Object: 'Object Repository/06-Teams/05- Teams-General Channel/button_send' is clicked on

2023-07-12 15:46:47 - [TEST_STEP][PASSED] - verifyElementVisible(findTestObject("06-Teams/05- Teams-General Channel/added new post msg")): Object 'Object Repository/06-Teams/05- Teams-General Channel/added new post msg' is visible

2023-07-12 15:46:48 - [MESSAGE][PASSED] - Object 'Object Repository/06-Teams/05- Teams-General Channel/added new post msg' is visible

2023-07-12 15:46:48 - [TEST_STEP][PASSED] - verifyElementVisible(findTestObject("06-Teams/05- Teams-General Channel/Underline")): Object 'Object Repository/06-Teams/05- Teams-General Channel/Underline' is visible

2023-07-12 15:46:49 - [MESSAGE][PASSED] - Object 'Object Repository/06-Teams/05- Teams-General Channel/Underline' is visible

2023-07-12 15:46:49 - [TEST_STEP][PASSED] - delay(delay_3seconds): Delayed 3 second(s)

2023-07-12 15:46:52 - [MESSAGE][PASSED] - Delayed 3 second(s)

2023-07-12 15:46:52 - [TEST_STEP][PASSED] - click(findTestObject("06-Teams/05- Teams-General Channel/Strikethrough select")): Object: 'Object Repository/06-Teams/05- Teams-General Channel/Strikethrough select' is clicked on

2023-07-12 15:46:52 - [MESSAGE][PASSED] - Object: 'Object Repository/06-Teams/05- Teams-General Channel/Strikethrough select' is clicked on

2023-07-12 15:46:52 - [TEST_STEP][PASSED] - click(findTestObject("06-Teams/05- Teams-General Channel/Input field_post"), STOP_ON_FAILURE): Object: 'Object Repository/06-Teams/05- Teams-General Channel/Input field_post' is clicked on

2023-07-12 15:46:52 - [MESSAGE][PASSED] - Object: 'Object Repository/06-Teams/05- Teams-General Channel/Input field_post' is clicked on

2023-07-12 15:46:52 - [TEST_STEP][PASSED] - sendKeys(findTestObject("Object Repository/06-Teams/05- Teams-General Channel/Input field_post"), "Strikethrough"): Keys 'Strikethrough' sent to object: 'Object Repository/06-Teams/05- Teams-General Channel/Input field_post'

2023-07-12 15:46:53 - [MESSAGE][PASSED] - Keys 'Strikethrough' sent to object: 'Object Repository/06-Teams/05- Teams-General Channel/Input field_post'

2023-07-12 15:46:53 - [TEST_STEP][PASSED] - click(findTestObject("06-Teams/05- Teams-General Channel/button_send")): Object: 'Object Repository/06-Teams/05- Teams-General Channel/button_send' is clicked on

2023-07-12 15:46:54 - [MESSAGE][PASSED] - Object: 'Object Repository/06-Teams/05- Teams-General Channel/button_send' is clicked on

2023-07-12 15:46:54 - [TEST_STEP][PASSED] - verifyElementVisible(findTestObject("06-Teams/05- Teams-General Channel/added new post msg")): Object 'Object Repository/06-Teams/05- Teams-General Channel/added new post msg' is visible

2023-07-12 15:46:55 - [MESSAGE][PASSED] - Object 'Object Repository/06-Teams/05- Teams-General Channel/added new post msg' is visible

2023-07-12 15:46:55 - [TEST_STEP][PASSED] - verifyElementVisible(findTestObject("06-Teams/05- Teams-General Channel/Strikethrough")): Object 'Object Repository/06-Teams/05- Teams-General Channel/Strikethrough' is visible

2023-07-12 15:46:55 - [MESSAGE][PASSED] - Object 'Object Repository/06-Teams/05- Teams-General Channel/Strikethrough' is visible

2023-07-12 15:46:55 - [TEST_STEP][PASSED] - delay(delay_3seconds): Delayed 3 second(s)

2023-07-12 15:46:58 - [MESSAGE][PASSED] - Delayed 3 second(s)

2023-07-12 15:46:58 - [TEST_STEP][PASSED] - click(findTestObject("06-Teams/05- Teams-General Channel/Heading dropdown")): Object: 'Object Repository/06-Teams/05- Teams-General Channel/Heading dropdown' is clicked on

2023-07-12 15:46:59 - [MESSAGE][PASSED] - Object: 'Object Repository/06-Teams/05- Teams-General Channel/Heading dropdown' is clicked on

2023-07-12 15:46:59 - [TEST_STEP][PASSED] - verifyElementVisible(findTestObject("06-Teams/05- Teams-General Channel/div_Header 1")): Object 'Object Repository/06-Teams/05- Teams-General Channel/div_Header 1' is visible

2023-07-12 15:46:59 - [MESSAGE][PASSED] - Object 'Object Repository/06-Teams/05- Teams-General Channel/div_Header 1' is visible

2023-07-12 15:46:59 - [TEST_STEP][PASSED] - verifyElementVisible(findTestObject("06-Teams/05- Teams-General Channel/div_Header 2")): Object 'Object Repository/06-Teams/05- Teams-General Channel/div_Header 2' is visible

2023-07-12 15:47:00 - [MESSAGE][PASSED] - Object 'Object Repository/06-Teams/05- Teams-General Channel/div_Header 2' is visible

2023-07-12 15:47:00 - [TEST_STEP][PASSED] - verifyElementVisible(findTestObject("06-Teams/05- Teams-General Channel/div_Header 3")): Object 'Object Repository/06-Teams/05- Teams-General Channel/div_Header 3' is visible

2023-07-12 15:47:00 - [MESSAGE][PASSED] - Object 'Object Repository/06-Teams/05- Teams-General Channel/div_Header 3' is visible

2023-07-12 15:47:00 - [TEST_STEP][PASSED] - verifyElementVisible(findTestObject("06-Teams/05- Teams-General Channel/div_Header 4")): Object 'Object Repository/06-Teams/05- Teams-General Channel/div_Header 4' is visible

2023-07-12 15:47:00 - [MESSAGE][PASSED] - Object 'Object Repository/06-Teams/05- Teams-General Channel/div_Header 4' is visible

2023-07-12 15:47:00 - [TEST_STEP][PASSED] - verifyElementVisible(findTestObject("06-Teams/05- Teams-General Channel/div_Header 5")): Object 'Object Repository/06-Teams/05- Teams-General Channel/div_Header 5' is visible

2023-07-12 15:47:01 - [MESSAGE][PASSED] - Object 'Object Repository/06-Teams/05- Teams-General Channel/div_Header 5' is visible

2023-07-12 15:47:01 - [TEST_STEP][PASSED] - verifyElementVisible(findTestObject("06-Teams/05- Teams-General Channel/div_Header 6")): Object 'Object Repository/06-Teams/05- Teams-General Channel/div_Header 6' is visible

2023-07-12 15:47:01 - [MESSAGE][PASSED] - Object 'Object Repository/06-Teams/05- Teams-General Channel/div_Header 6' is visible

2023-07-12 15:47:01 - [TEST_STEP][PASSED] - delay(delay_3seconds): Delayed 3 second(s)

2023-07-12 15:47:04 - [MESSAGE][PASSED] - Delayed 3 second(s)

2023-07-12 15:47:04 - [TEST_STEP][PASSED] - click(findTestObject("06-Teams/05- Teams-General Channel/div_Header 4")): Object: 'Object Repository/06-Teams/05- Teams-General Channel/div_Header 4' is clicked on

2023-07-12 15:47:05 - [MESSAGE][PASSED] - Object: 'Object Repository/06-Teams/05- Teams-General Channel/div_Header 4' is clicked on

2023-07-12 15:47:05 - [TEST_STEP][PASSED] - click(findTestObject("06-Teams/05- Teams-General Channel/Input field_post"), STOP_ON_FAILURE): Object: 'Object Repository/06-Teams/05- Teams-General Channel/Input field_post' is clicked on

2023-07-12 15:47:05 - [MESSAGE][PASSED] - Object: 'Object Repository/06-Teams/05- Teams-General Channel/Input field_post' is clicked on

2023-07-12 15:47:05 - [TEST_STEP][PASSED] - sendKeys(findTestObject("Object Repository/06-Teams/05- Teams-General Channel/Input field_post"), "Four"): Keys 'Four' sent to object: 'Object Repository/06-Teams/05- Teams-General Channel/Input field_post'

2023-07-12 15:47:06 - [MESSAGE][PASSED] - Keys 'Four' sent to object: 'Object Repository/06-Teams/05- Teams-General Channel/Input field_post'

2023-07-12 15:47:06 - [TEST_STEP][PASSED] - click(findTestObject("06-Teams/05- Teams-General Channel/button_send")): Object: 'Object Repository/06-Teams/05- Teams-General Channel/button_send' is clicked on

2023-07-12 15:47:07 - [MESSAGE][PASSED] - Object: 'Object Repository/06-Teams/05- Teams-General Channel/button_send' is clicked on

2023-07-12 15:47:07 - [TEST_STEP][PASSED] - verifyElementVisible(findTestObject("06-Teams/05- Teams-General Channel/added new post msg")): Object 'Object Repository/06-Teams/05- Teams-General Channel/added new post msg' is visible

2023-07-12 15:47:08 - [MESSAGE][PASSED] - Object 'Object Repository/06-Teams/05- Teams-General Channel/added new post msg' is visible

2023-07-12 15:47:08 - [TEST_STEP][PASSED] - verifyElementVisible(findTestObject("06-Teams/05- Teams-General Channel/h4_Four")): Object 'Object Repository/06-Teams/05- Teams-General Channel/h4_Four' is visible

2023-07-12 15:47:08 - [MESSAGE][PASSED] - Object 'Object Repository/06-Teams/05- Teams-General Channel/h4_Four' is visible

2023-07-12 15:47:08 - [TEST_STEP][PASSED] - delay(delay_3seconds): Delayed 3 second(s)

2023-07-12 15:47:11 - [MESSAGE][PASSED] - Delayed 3 second(s)

2023-07-12 15:47:11 - [TEST_STEP][PASSED] - click(findTestObject("06-Teams/05- Teams-General Channel/Heading dropdown")): Object: 'Object Repository/06-Teams/05- Teams-General Channel/Heading dropdown' is clicked on

2023-07-12 15:47:11 - [MESSAGE][PASSED] - Object: 'Object Repository/06-Teams/05- Teams-General Channel/Heading dropdown' is clicked on

2023-07-12 15:47:11 - [TEST_STEP][PASSED] - click(findTestObject("06-Teams/05- Teams-General Channel/div_Header 5")): Object: 'Object Repository/06-Teams/05- Teams-General Channel/div_Header 5' is clicked on

2023-07-12 15:47:12 - [MESSAGE][PASSED] - Object: 'Object Repository/06-Teams/05- Teams-General Channel/div_Header 5' is clicked on

2023-07-12 15:47:12 - [TEST_STEP][PASSED] - click(findTestObject("06-Teams/05- Teams-General Channel/Input field_post"), STOP_ON_FAILURE): Object: 'Object Repository/06-Teams/05- Teams-General Channel/Input field_post' is clicked on

2023-07-12 15:47:12 - [MESSAGE][PASSED] - Object: 'Object Repository/06-Teams/05- Teams-General Channel/Input field_post' is clicked on

2023-07-12 15:47:12 - [TEST_STEP][PASSED] - sendKeys(findTestObject("Object Repository/06-Teams/05- Teams-General Channel/Input field_post"), "Five"): Keys 'Five' sent to object: 'Object Repository/06-Teams/05- Teams-General Channel/Input field_post'

2023-07-12 15:47:13 - [MESSAGE][PASSED] - Keys 'Five' sent to object: 'Object Repository/06-Teams/05- Teams-General Channel/Input field_post'

2023-07-12 15:47:13 - [TEST_STEP][PASSED] - click(findTestObject("06-Teams/05- Teams-General Channel/button_send")): Object: 'Object Repository/06-Teams/05- Teams-General Channel/button_send' is clicked on

2023-07-12 15:47:14 - [MESSAGE][PASSED] - Object: 'Object Repository/06-Teams/05- Teams-General Channel/button_send' is clicked on

2023-07-12 15:47:14 - [TEST_STEP][PASSED] - verifyElementVisible(findTestObject("06-Teams/05- Teams-General Channel/added new post msg")): Object 'Object Repository/06-Teams/05- Teams-General Channel/added new post msg' is visible

2023-07-12 15:47:15 - [MESSAGE][PASSED] - Object 'Object Repository/06-Teams/05- Teams-General Channel/added new post msg' is visible

2023-07-12 15:47:15 - [TEST_STEP][PASSED] - verifyElementVisible(findTestObject("06-Teams/05- Teams-General Channel/h5_Five")): Object 'Object Repository/06-Teams/05- Teams-General Channel/h5_Five' is visible

2023-07-12 15:47:15 - [MESSAGE][PASSED] - Object 'Object Repository/06-Teams/05- Teams-General Channel/h5_Five' is visible

2023-07-12 15:47:15 - [TEST_STEP][PASSED] - delay(delay_3seconds): Delayed 3 second(s)

2023-07-12 15:47:18 - [MESSAGE][PASSED] - Delayed 3 second(s)]]></system-out>
         <system-err><![CDATA[]]></system-err>
      </testcase>
      <testcase name="Test Cases/06- Teams/18 - Teams - General Channel (deleting a post)" time="72.536" classname="Test Cases/06- Teams/18 - Teams - General Channel (deleting a post)" status="PASSED">
         <system-out><![CDATA[2023-07-12 15:47:18 - [TEST_CASE][PASSED] - Test Cases/06- Teams/18 - Teams - General Channel (deleting a post): Test Cases/06- Teams/18 - Teams - General Channel (deleting a post)

2023-07-12 15:47:18 - [TEST_STEP][PASSED] - click(findTestObject("06-Teams/05- Teams-General Channel/ellipsis 1")): Object: 'Object Repository/06-Teams/05- Teams-General Channel/ellipsis 1' is clicked on

2023-07-12 15:47:19 - [MESSAGE][PASSED] - Object: 'Object Repository/06-Teams/05- Teams-General Channel/ellipsis 1' is clicked on

2023-07-12 15:47:19 - [TEST_STEP][PASSED] - click(findTestObject("06-Teams/05- Teams-General Channel/button_Delete Post")): Object: 'Object Repository/06-Teams/05- Teams-General Channel/button_Delete Post' is clicked on

2023-07-12 15:47:20 - [MESSAGE][PASSED] - Object: 'Object Repository/06-Teams/05- Teams-General Channel/button_Delete Post' is clicked on

2023-07-12 15:47:20 - [TEST_STEP][PASSED] - verifyElementVisible(findTestObject("06-Teams/05- Teams-General Channel/delete post box")): Object 'Object Repository/06-Teams/05- Teams-General Channel/delete post box' is visible

2023-07-12 15:47:20 - [MESSAGE][PASSED] - Object 'Object Repository/06-Teams/05- Teams-General Channel/delete post box' is visible

2023-07-12 15:47:20 - [TEST_STEP][PASSED] - click(findTestObject("06-Teams/05- Teams-General Channel/button_Delete")): Object: 'Object Repository/06-Teams/05- Teams-General Channel/button_Delete' is clicked on

2023-07-12 15:47:21 - [MESSAGE][PASSED] - Object: 'Object Repository/06-Teams/05- Teams-General Channel/button_Delete' is clicked on

2023-07-12 15:47:21 - [TEST_STEP][PASSED] - verifyElementVisible(findTestObject("06-Teams/05- Teams-General Channel/Successfully deleted post msg")): Object 'Object Repository/06-Teams/05- Teams-General Channel/Successfully deleted post msg' is visible

2023-07-12 15:47:22 - [MESSAGE][PASSED] - Object 'Object Repository/06-Teams/05- Teams-General Channel/Successfully deleted post msg' is visible

2023-07-12 15:47:22 - [TEST_STEP][PASSED] - delay(delay_3seconds): Delayed 3 second(s)

2023-07-12 15:47:25 - [MESSAGE][PASSED] - Delayed 3 second(s)

2023-07-12 15:47:25 - [TEST_STEP][PASSED] - click(findTestObject("06-Teams/05- Teams-General Channel/ellipsis 1")): Object: 'Object Repository/06-Teams/05- Teams-General Channel/ellipsis 1' is clicked on

2023-07-12 15:47:27 - [MESSAGE][PASSED] - Object: 'Object Repository/06-Teams/05- Teams-General Channel/ellipsis 1' is clicked on

2023-07-12 15:47:27 - [TEST_STEP][PASSED] - click(findTestObject("06-Teams/05- Teams-General Channel/button_Delete Post")): Object: 'Object Repository/06-Teams/05- Teams-General Channel/button_Delete Post' is clicked on

2023-07-12 15:47:28 - [MESSAGE][PASSED] - Object: 'Object Repository/06-Teams/05- Teams-General Channel/button_Delete Post' is clicked on

2023-07-12 15:47:28 - [TEST_STEP][PASSED] - verifyElementVisible(findTestObject("06-Teams/05- Teams-General Channel/delete post box")): Object 'Object Repository/06-Teams/05- Teams-General Channel/delete post box' is visible

2023-07-12 15:47:28 - [MESSAGE][PASSED] - Object 'Object Repository/06-Teams/05- Teams-General Channel/delete post box' is visible

2023-07-12 15:47:28 - [TEST_STEP][PASSED] - click(findTestObject("06-Teams/05- Teams-General Channel/button_Delete")): Object: 'Object Repository/06-Teams/05- Teams-General Channel/button_Delete' is clicked on

2023-07-12 15:47:29 - [MESSAGE][PASSED] - Object: 'Object Repository/06-Teams/05- Teams-General Channel/button_Delete' is clicked on

2023-07-12 15:47:29 - [TEST_STEP][PASSED] - verifyElementVisible(findTestObject("06-Teams/05- Teams-General Channel/Successfully deleted post msg")): Object 'Object Repository/06-Teams/05- Teams-General Channel/Successfully deleted post msg' is visible

2023-07-12 15:47:30 - [MESSAGE][PASSED] - Object 'Object Repository/06-Teams/05- Teams-General Channel/Successfully deleted post msg' is visible

2023-07-12 15:47:30 - [TEST_STEP][PASSED] - delay(delay_3seconds): Delayed 3 second(s)

2023-07-12 15:47:33 - [MESSAGE][PASSED] - Delayed 3 second(s)

2023-07-12 15:47:33 - [TEST_STEP][PASSED] - click(findTestObject("06-Teams/05- Teams-General Channel/ellipsis 1")): Object: 'Object Repository/06-Teams/05- Teams-General Channel/ellipsis 1' is clicked on

2023-07-12 15:47:34 - [MESSAGE][PASSED] - Object: 'Object Repository/06-Teams/05- Teams-General Channel/ellipsis 1' is clicked on

2023-07-12 15:47:34 - [TEST_STEP][PASSED] - click(findTestObject("06-Teams/05- Teams-General Channel/button_Delete Post")): Object: 'Object Repository/06-Teams/05- Teams-General Channel/button_Delete Post' is clicked on

2023-07-12 15:47:34 - [MESSAGE][PASSED] - Object: 'Object Repository/06-Teams/05- Teams-General Channel/button_Delete Post' is clicked on

2023-07-12 15:47:34 - [TEST_STEP][PASSED] - verifyElementVisible(findTestObject("06-Teams/05- Teams-General Channel/delete post box")): Object 'Object Repository/06-Teams/05- Teams-General Channel/delete post box' is visible

2023-07-12 15:47:35 - [MESSAGE][PASSED] - Object 'Object Repository/06-Teams/05- Teams-General Channel/delete post box' is visible

2023-07-12 15:47:35 - [TEST_STEP][PASSED] - click(findTestObject("06-Teams/05- Teams-General Channel/button_Delete")): Object: 'Object Repository/06-Teams/05- Teams-General Channel/button_Delete' is clicked on

2023-07-12 15:47:35 - [MESSAGE][PASSED] - Object: 'Object Repository/06-Teams/05- Teams-General Channel/button_Delete' is clicked on

2023-07-12 15:47:35 - [TEST_STEP][PASSED] - verifyElementVisible(findTestObject("06-Teams/05- Teams-General Channel/Successfully deleted post msg")): Object 'Object Repository/06-Teams/05- Teams-General Channel/Successfully deleted post msg' is visible

2023-07-12 15:47:37 - [MESSAGE][PASSED] - Object 'Object Repository/06-Teams/05- Teams-General Channel/Successfully deleted post msg' is visible

2023-07-12 15:47:37 - [TEST_STEP][PASSED] - delay(delay_3seconds): Delayed 3 second(s)

2023-07-12 15:47:40 - [MESSAGE][PASSED] - Delayed 3 second(s)

2023-07-12 15:47:40 - [TEST_STEP][PASSED] - click(findTestObject("06-Teams/05- Teams-General Channel/ellipsis 1")): Object: 'Object Repository/06-Teams/05- Teams-General Channel/ellipsis 1' is clicked on

2023-07-12 15:47:40 - [MESSAGE][PASSED] - Object: 'Object Repository/06-Teams/05- Teams-General Channel/ellipsis 1' is clicked on

2023-07-12 15:47:40 - [TEST_STEP][PASSED] - click(findTestObject("06-Teams/05- Teams-General Channel/button_Delete Post")): Object: 'Object Repository/06-Teams/05- Teams-General Channel/button_Delete Post' is clicked on

2023-07-12 15:47:41 - [MESSAGE][PASSED] - Object: 'Object Repository/06-Teams/05- Teams-General Channel/button_Delete Post' is clicked on

2023-07-12 15:47:41 - [TEST_STEP][PASSED] - verifyElementVisible(findTestObject("06-Teams/05- Teams-General Channel/delete post box")): Object 'Object Repository/06-Teams/05- Teams-General Channel/delete post box' is visible

2023-07-12 15:47:42 - [MESSAGE][PASSED] - Object 'Object Repository/06-Teams/05- Teams-General Channel/delete post box' is visible

2023-07-12 15:47:42 - [TEST_STEP][PASSED] - click(findTestObject("06-Teams/05- Teams-General Channel/button_Delete")): Object: 'Object Repository/06-Teams/05- Teams-General Channel/button_Delete' is clicked on

2023-07-12 15:47:42 - [MESSAGE][PASSED] - Object: 'Object Repository/06-Teams/05- Teams-General Channel/button_Delete' is clicked on

2023-07-12 15:47:42 - [TEST_STEP][PASSED] - verifyElementVisible(findTestObject("06-Teams/05- Teams-General Channel/Successfully deleted post msg")): Object 'Object Repository/06-Teams/05- Teams-General Channel/Successfully deleted post msg' is visible

2023-07-12 15:47:44 - [MESSAGE][PASSED] - Object 'Object Repository/06-Teams/05- Teams-General Channel/Successfully deleted post msg' is visible

2023-07-12 15:47:44 - [TEST_STEP][PASSED] - delay(delay_3seconds): Delayed 3 second(s)

2023-07-12 15:47:47 - [MESSAGE][PASSED] - Delayed 3 second(s)

2023-07-12 15:47:47 - [TEST_STEP][PASSED] - click(findTestObject("06-Teams/05- Teams-General Channel/ellipsis 1")): Object: 'Object Repository/06-Teams/05- Teams-General Channel/ellipsis 1' is clicked on

2023-07-12 15:47:47 - [MESSAGE][PASSED] - Object: 'Object Repository/06-Teams/05- Teams-General Channel/ellipsis 1' is clicked on

2023-07-12 15:47:47 - [TEST_STEP][PASSED] - click(findTestObject("06-Teams/05- Teams-General Channel/button_Delete Post")): Object: 'Object Repository/06-Teams/05- Teams-General Channel/button_Delete Post' is clicked on

2023-07-12 15:47:48 - [MESSAGE][PASSED] - Object: 'Object Repository/06-Teams/05- Teams-General Channel/button_Delete Post' is clicked on

2023-07-12 15:47:48 - [TEST_STEP][PASSED] - verifyElementVisible(findTestObject("06-Teams/05- Teams-General Channel/delete post box")): Object 'Object Repository/06-Teams/05- Teams-General Channel/delete post box' is visible

2023-07-12 15:47:49 - [MESSAGE][PASSED] - Object 'Object Repository/06-Teams/05- Teams-General Channel/delete post box' is visible

2023-07-12 15:47:49 - [TEST_STEP][PASSED] - click(findTestObject("06-Teams/05- Teams-General Channel/button_Delete")): Object: 'Object Repository/06-Teams/05- Teams-General Channel/button_Delete' is clicked on

2023-07-12 15:47:49 - [MESSAGE][PASSED] - Object: 'Object Repository/06-Teams/05- Teams-General Channel/button_Delete' is clicked on

2023-07-12 15:47:49 - [TEST_STEP][PASSED] - verifyElementVisible(findTestObject("06-Teams/05- Teams-General Channel/Successfully deleted post msg")): Object 'Object Repository/06-Teams/05- Teams-General Channel/Successfully deleted post msg' is visible

2023-07-12 15:47:51 - [MESSAGE][PASSED] - Object 'Object Repository/06-Teams/05- Teams-General Channel/Successfully deleted post msg' is visible

2023-07-12 15:47:51 - [TEST_STEP][PASSED] - delay(delay_3seconds): Delayed 3 second(s)

2023-07-12 15:47:54 - [MESSAGE][PASSED] - Delayed 3 second(s)

2023-07-12 15:47:54 - [TEST_STEP][PASSED] - click(findTestObject("06-Teams/05- Teams-General Channel/ellipsis 1")): Object: 'Object Repository/06-Teams/05- Teams-General Channel/ellipsis 1' is clicked on

2023-07-12 15:47:54 - [MESSAGE][PASSED] - Object: 'Object Repository/06-Teams/05- Teams-General Channel/ellipsis 1' is clicked on

2023-07-12 15:47:54 - [TEST_STEP][PASSED] - click(findTestObject("06-Teams/05- Teams-General Channel/button_Delete Post")): Object: 'Object Repository/06-Teams/05- Teams-General Channel/button_Delete Post' is clicked on

2023-07-12 15:47:55 - [MESSAGE][PASSED] - Object: 'Object Repository/06-Teams/05- Teams-General Channel/button_Delete Post' is clicked on

2023-07-12 15:47:55 - [TEST_STEP][PASSED] - verifyElementVisible(findTestObject("06-Teams/05- Teams-General Channel/delete post box")): Object 'Object Repository/06-Teams/05- Teams-General Channel/delete post box' is visible

2023-07-12 15:47:56 - [MESSAGE][PASSED] - Object 'Object Repository/06-Teams/05- Teams-General Channel/delete post box' is visible

2023-07-12 15:47:56 - [TEST_STEP][PASSED] - click(findTestObject("06-Teams/05- Teams-General Channel/button_Delete")): Object: 'Object Repository/06-Teams/05- Teams-General Channel/button_Delete' is clicked on

2023-07-12 15:47:57 - [MESSAGE][PASSED] - Object: 'Object Repository/06-Teams/05- Teams-General Channel/button_Delete' is clicked on

2023-07-12 15:47:57 - [TEST_STEP][PASSED] - verifyElementVisible(findTestObject("06-Teams/05- Teams-General Channel/Successfully deleted post msg")): Object 'Object Repository/06-Teams/05- Teams-General Channel/Successfully deleted post msg' is visible

2023-07-12 15:47:58 - [MESSAGE][PASSED] - Object 'Object Repository/06-Teams/05- Teams-General Channel/Successfully deleted post msg' is visible

2023-07-12 15:47:58 - [TEST_STEP][PASSED] - delay(delay_3seconds): Delayed 3 second(s)

2023-07-12 15:48:01 - [MESSAGE][PASSED] - Delayed 3 second(s)

2023-07-12 15:48:01 - [TEST_STEP][PASSED] - click(findTestObject("06-Teams/05- Teams-General Channel/ellipsis 1")): Object: 'Object Repository/06-Teams/05- Teams-General Channel/ellipsis 1' is clicked on

2023-07-12 15:48:01 - [MESSAGE][PASSED] - Object: 'Object Repository/06-Teams/05- Teams-General Channel/ellipsis 1' is clicked on

2023-07-12 15:48:01 - [TEST_STEP][PASSED] - click(findTestObject("06-Teams/05- Teams-General Channel/button_Delete Post")): Object: 'Object Repository/06-Teams/05- Teams-General Channel/button_Delete Post' is clicked on

2023-07-12 15:48:02 - [MESSAGE][PASSED] - Object: 'Object Repository/06-Teams/05- Teams-General Channel/button_Delete Post' is clicked on

2023-07-12 15:48:02 - [TEST_STEP][PASSED] - verifyElementVisible(findTestObject("06-Teams/05- Teams-General Channel/delete post box")): Object 'Object Repository/06-Teams/05- Teams-General Channel/delete post box' is visible

2023-07-12 15:48:03 - [MESSAGE][PASSED] - Object 'Object Repository/06-Teams/05- Teams-General Channel/delete post box' is visible

2023-07-12 15:48:03 - [TEST_STEP][PASSED] - click(findTestObject("06-Teams/05- Teams-General Channel/button_Delete")): Object: 'Object Repository/06-Teams/05- Teams-General Channel/button_Delete' is clicked on

2023-07-12 15:48:03 - [MESSAGE][PASSED] - Object: 'Object Repository/06-Teams/05- Teams-General Channel/button_Delete' is clicked on

2023-07-12 15:48:03 - [TEST_STEP][PASSED] - verifyElementVisible(findTestObject("06-Teams/05- Teams-General Channel/Successfully deleted post msg")): Object 'Object Repository/06-Teams/05- Teams-General Channel/Successfully deleted post msg' is visible

2023-07-12 15:48:05 - [MESSAGE][PASSED] - Object 'Object Repository/06-Teams/05- Teams-General Channel/Successfully deleted post msg' is visible

2023-07-12 15:48:05 - [TEST_STEP][PASSED] - delay(delay_3seconds): Delayed 3 second(s)

2023-07-12 15:48:08 - [MESSAGE][PASSED] - Delayed 3 second(s)

2023-07-12 15:48:08 - [TEST_STEP][PASSED] - click(findTestObject("06-Teams/05- Teams-General Channel/ellipsis 1")): Object: 'Object Repository/06-Teams/05- Teams-General Channel/ellipsis 1' is clicked on

2023-07-12 15:48:08 - [MESSAGE][PASSED] - Object: 'Object Repository/06-Teams/05- Teams-General Channel/ellipsis 1' is clicked on

2023-07-12 15:48:08 - [TEST_STEP][PASSED] - click(findTestObject("06-Teams/05- Teams-General Channel/button_Delete Post")): Object: 'Object Repository/06-Teams/05- Teams-General Channel/button_Delete Post' is clicked on

2023-07-12 15:48:09 - [MESSAGE][PASSED] - Object: 'Object Repository/06-Teams/05- Teams-General Channel/button_Delete Post' is clicked on

2023-07-12 15:48:09 - [TEST_STEP][PASSED] - verifyElementVisible(findTestObject("06-Teams/05- Teams-General Channel/delete post box")): Object 'Object Repository/06-Teams/05- Teams-General Channel/delete post box' is visible

2023-07-12 15:48:10 - [MESSAGE][PASSED] - Object 'Object Repository/06-Teams/05- Teams-General Channel/delete post box' is visible

2023-07-12 15:48:10 - [TEST_STEP][PASSED] - click(findTestObject("06-Teams/05- Teams-General Channel/button_Delete")): Object: 'Object Repository/06-Teams/05- Teams-General Channel/button_Delete' is clicked on

2023-07-12 15:48:10 - [MESSAGE][PASSED] - Object: 'Object Repository/06-Teams/05- Teams-General Channel/button_Delete' is clicked on

2023-07-12 15:48:10 - [TEST_STEP][PASSED] - verifyElementVisible(findTestObject("06-Teams/05- Teams-General Channel/Successfully deleted post msg")): Object 'Object Repository/06-Teams/05- Teams-General Channel/Successfully deleted post msg' is visible

2023-07-12 15:48:12 - [MESSAGE][PASSED] - Object 'Object Repository/06-Teams/05- Teams-General Channel/Successfully deleted post msg' is visible

2023-07-12 15:48:12 - [TEST_STEP][PASSED] - delay(delay_3seconds): Delayed 3 second(s)

2023-07-12 15:48:15 - [MESSAGE][PASSED] - Delayed 3 second(s)

2023-07-12 15:48:15 - [TEST_STEP][PASSED] - click(findTestObject("06-Teams/05- Teams-General Channel/ellipsis 1")): Object: 'Object Repository/06-Teams/05- Teams-General Channel/ellipsis 1' is clicked on

2023-07-12 15:48:16 - [MESSAGE][PASSED] - Object: 'Object Repository/06-Teams/05- Teams-General Channel/ellipsis 1' is clicked on

2023-07-12 15:48:16 - [TEST_STEP][PASSED] - click(findTestObject("06-Teams/05- Teams-General Channel/button_Delete Post")): Object: 'Object Repository/06-Teams/05- Teams-General Channel/button_Delete Post' is clicked on

2023-07-12 15:48:17 - [MESSAGE][PASSED] - Object: 'Object Repository/06-Teams/05- Teams-General Channel/button_Delete Post' is clicked on

2023-07-12 15:48:17 - [TEST_STEP][PASSED] - verifyElementVisible(findTestObject("06-Teams/05- Teams-General Channel/delete post box")): Object 'Object Repository/06-Teams/05- Teams-General Channel/delete post box' is visible

2023-07-12 15:48:18 - [MESSAGE][PASSED] - Object 'Object Repository/06-Teams/05- Teams-General Channel/delete post box' is visible

2023-07-12 15:48:18 - [TEST_STEP][PASSED] - click(findTestObject("06-Teams/05- Teams-General Channel/button_Delete")): Object: 'Object Repository/06-Teams/05- Teams-General Channel/button_Delete' is clicked on

2023-07-12 15:48:18 - [MESSAGE][PASSED] - Object: 'Object Repository/06-Teams/05- Teams-General Channel/button_Delete' is clicked on

2023-07-12 15:48:18 - [TEST_STEP][PASSED] - verifyElementVisible(findTestObject("06-Teams/05- Teams-General Channel/Successfully deleted post msg")): Object 'Object Repository/06-Teams/05- Teams-General Channel/Successfully deleted post msg' is visible

2023-07-12 15:48:19 - [MESSAGE][PASSED] - Object 'Object Repository/06-Teams/05- Teams-General Channel/Successfully deleted post msg' is visible

2023-07-12 15:48:19 - [TEST_STEP][PASSED] - delay(delay_3seconds): Delayed 3 second(s)

2023-07-12 15:48:22 - [MESSAGE][PASSED] - Delayed 3 second(s)

2023-07-12 15:48:22 - [TEST_STEP][PASSED] - click(findTestObject("06-Teams/05- Teams-General Channel/ellipsis 1")): Object: 'Object Repository/06-Teams/05- Teams-General Channel/ellipsis 1' is clicked on

2023-07-12 15:48:23 - [MESSAGE][PASSED] - Object: 'Object Repository/06-Teams/05- Teams-General Channel/ellipsis 1' is clicked on

2023-07-12 15:48:23 - [TEST_STEP][PASSED] - click(findTestObject("06-Teams/05- Teams-General Channel/button_Delete Post")): Object: 'Object Repository/06-Teams/05- Teams-General Channel/button_Delete Post' is clicked on

2023-07-12 15:48:24 - [MESSAGE][PASSED] - Object: 'Object Repository/06-Teams/05- Teams-General Channel/button_Delete Post' is clicked on

2023-07-12 15:48:24 - [TEST_STEP][PASSED] - verifyElementVisible(findTestObject("06-Teams/05- Teams-General Channel/delete post box")): Object 'Object Repository/06-Teams/05- Teams-General Channel/delete post box' is visible

2023-07-12 15:48:25 - [MESSAGE][PASSED] - Object 'Object Repository/06-Teams/05- Teams-General Channel/delete post box' is visible

2023-07-12 15:48:25 - [TEST_STEP][PASSED] - click(findTestObject("06-Teams/05- Teams-General Channel/button_Delete")): Object: 'Object Repository/06-Teams/05- Teams-General Channel/button_Delete' is clicked on

2023-07-12 15:48:25 - [MESSAGE][PASSED] - Object: 'Object Repository/06-Teams/05- Teams-General Channel/button_Delete' is clicked on

2023-07-12 15:48:25 - [TEST_STEP][PASSED] - verifyElementVisible(findTestObject("06-Teams/05- Teams-General Channel/Successfully deleted post msg")): Object 'Object Repository/06-Teams/05- Teams-General Channel/Successfully deleted post msg' is visible

2023-07-12 15:48:26 - [MESSAGE][PASSED] - Object 'Object Repository/06-Teams/05- Teams-General Channel/Successfully deleted post msg' is visible

2023-07-12 15:48:26 - [TEST_STEP][PASSED] - delay(delay_3seconds): Delayed 3 second(s)

2023-07-12 15:48:29 - [MESSAGE][PASSED] - Delayed 3 second(s)

2023-07-12 15:48:29 - [TEST_STEP][PASSED] - closeBrowser(): Browser is closed

2023-07-12 15:48:31 - [MESSAGE][PASSED] - Browser is closed]]></system-out>
         <system-err><![CDATA[]]></system-err>
      </testcase>
      <system-out><![CDATA[2023-07-12 15:38:10 - [TEST_SUITE][PASSED] - 06.2 - Teams - Settings: Test Cases/06- Teams/18 - Teams - General Channel (deleting a post)]]></system-out>
      <system-err><![CDATA[]]></system-err>
   </testsuite>
</testsuites>
