<?xml version="1.0" encoding="UTF-8"?>
<testsuites name="07-Directory" time="179.644" tests="6" failures="0" errors="0">
   <testsuite name="07-Directory" tests="6" failures="0" errors="0" time="179.644" skipped="0" timestamp="2022-06-21 18:05:29" hostname="User - DESKTOP-QCRNR4M" id="Test Suites/TS-Organization/07-Directory">
      <properties>
         <property name="deviceName" value=""/>
         <property name="devicePlatform" value=""/>
         <property name="logFolder" value="C:\\Users\\User\\Katalon Studio\\EverleaguesMain\\Reports\\20220621_180525\\TS-Organization\\07-Directory\\20220621_180526"/>
         <property name="logFiles" value="C:\\Users\\User\\Katalon Studio\\EverleaguesMain\\Reports\\20220621_180525\\TS-Organization\\07-Directory\\20220621_180526\\execution0.log"/>
         <property name="attachments" value=""/>
         <property name="hostName" value="User - DESKTOP-QCRNR4M"/>
         <property name="os" value="Windows 10 64bit"/>
         <property name="katalonVersion" value="8.3.5.208"/>
         <property name="browser" value="Chrome 102.0.5005.115"/>
         <property name="hostAddress" value="192.168.5.89"/>
         <property name="sessionId" value="85cf9eddee1412c3ea82bf97ab9bc72b"/>
         <property name="seleniumVersion" value="3.141.59"/>
         <property name="proxyInformation" value="ProxyInformation { proxyOption=NO_PROXY, proxyServerType=HTTP, username=, password=********, proxyServerAddress=, proxyServerPort=0, executionList=&quot;&quot;, isApplyToDesiredCapabilities=true }"/>
         <property name="platform" value="Windows 10"/>
      </properties>
      <testcase name="Test Cases/07-Directory/01 -Connections - Add New Contact (required field is blank)" time="87.852" classname="Test Cases/07-Directory/01 -Connections - Add New Contact (required field is blank)" status="PASSED">
         <system-out><![CDATA[2022-06-21 18:05:29 - [TEST_CASE][PASSED] - Test Cases/07-Directory/01 -Connections - Add New Contact (required field is blank): Test Cases/07-Directory/01 -Connections - Add New Contact (required field is blank)

2022-06-21 18:05:30 - [TEST_STEP][PASSED] - openBrowser(""): Browser is opened with url: ''

2022-06-21 18:05:30 - [MESSAGE][INFO] - Starting 'Chrome' driver

2022-06-21 18:05:30 - [MESSAGE][INFO] - Action delay is set to 0 milliseconds

2022-06-21 18:05:32 - [MESSAGE][PASSED] - Browser is opened with url: ''

2022-06-21 18:05:32 - [TEST_STEP][PASSED] - navigateToUrl("https://lab.everleagues.com/"): Navigate to 'https://lab.everleagues.com/' successfully

2022-06-21 18:05:43 - [MESSAGE][PASSED] - Navigate to 'https://lab.everleagues.com/' successfully

2022-06-21 18:05:43 - [TEST_STEP][PASSED] - maximizeWindow(): Current window maximized

2022-06-21 18:05:43 - [MESSAGE][PASSED] - Current window maximized

2022-06-21 18:05:43 - [TEST_STEP][PASSED] - setText(findTestObject("02-Side Icons(Organization)/Add Contact/Email Field"), "testuser02@mailinator.com"): Text 'testuser02@mailinator.com' is set on object 'Object Repository/02-Side Icons(Organization)/Add Contact/Email Field'

2022-06-21 18:05:44 - [MESSAGE][PASSED] - Text 'testuser02@mailinator.com' is set on object 'Object Repository/02-Side Icons(Organization)/Add Contact/Email Field'

2022-06-21 18:05:44 - [TEST_STEP][PASSED] - setEncryptedText(findTestObject("02-Side Icons(Organization)/Add Contact/Password Field"), "8yFRyszE6U6jvsCn51OQbg=="): Text ****** has been set on object 'Object Repository/02-Side Icons(Organization)/Add Contact/Password Field'

2022-06-21 18:05:45 - [MESSAGE][PASSED] - Text ****** has been set on object 'Object Repository/02-Side Icons(Organization)/Add Contact/Password Field'

2022-06-21 18:05:45 - [TEST_STEP][PASSED] - click(findTestObject("02-Side Icons(Organization)/Add Contact/button_Sign in")): Object: 'Object Repository/02-Side Icons(Organization)/Add Contact/button_Sign in' is clicked on

2022-06-21 18:05:45 - [MESSAGE][PASSED] - Object: 'Object Repository/02-Side Icons(Organization)/Add Contact/button_Sign in' is clicked on

2022-06-21 18:05:45 - [TEST_STEP][PASSED] - delay(3): Delayed 3 second(s)

2022-06-21 18:05:48 - [MESSAGE][PASSED] - Delayed 3 second(s)

2022-06-21 18:05:48 - [TEST_STEP][PASSED] - click(findTestObject("06-Teams/For 2FA/button_Confirm_2FA")): Object: 'Object Repository/06-Teams/For 2FA/button_Confirm_2FA' is clicked on

2022-06-21 18:05:49 - [MESSAGE][PASSED] - Object: 'Object Repository/06-Teams/For 2FA/button_Confirm_2FA' is clicked on

2022-06-21 18:05:49 - [TEST_STEP][PASSED] - executeJavaScript("window.open();", []): Execute JavaScript 'window.open();' successfully

2022-06-21 18:05:49 - [MESSAGE][PASSED] - Execute JavaScript 'window.open();' successfully

2022-06-21 18:05:49 - [TEST_STEP][PASSED] - currentWindow = getWindowIndex(): Current window's index is: 0

2022-06-21 18:05:49 - [MESSAGE][PASSED] - Current window's index is: 0

2022-06-21 18:05:49 - [TEST_STEP][PASSED] - delay(3): Delayed 3 second(s)

2022-06-21 18:05:52 - [MESSAGE][PASSED] - Delayed 3 second(s)

2022-06-21 18:05:52 - [TEST_STEP][PASSED] - switchToWindowIndex(currentWindow + 1): Switched to window with index: '1'

2022-06-21 18:05:52 - [MESSAGE][PASSED] - Switched to window with index: '1'

2022-06-21 18:05:52 - [TEST_STEP][PASSED] - navigateToUrl("https://www.mailinator.com/"): Navigate to 'https://www.mailinator.com/' successfully

2022-06-21 18:05:54 - [MESSAGE][PASSED] - Navigate to 'https://www.mailinator.com/' successfully

2022-06-21 18:05:54 - [TEST_STEP][PASSED] - delay(3): Delayed 3 second(s)

2022-06-21 18:05:57 - [MESSAGE][PASSED] - Delayed 3 second(s)

2022-06-21 18:05:57 - [TEST_STEP][PASSED] - setText(findTestObject("00-Signup and Activation/zMailinator/input_LOGIN_search"), "testuser02@mailinator.com"): Text 'testuser02@mailinator.com' is set on object 'Object Repository/00-Signup and Activation/zMailinator/input_LOGIN_search'

2022-06-21 18:05:58 - [MESSAGE][PASSED] - Text 'testuser02@mailinator.com' is set on object 'Object Repository/00-Signup and Activation/zMailinator/input_LOGIN_search'

2022-06-21 18:05:58 - [TEST_STEP][PASSED] - click(findTestObject("00-Signup and Activation/zMailinator/gobutton"), STOP_ON_FAILURE): Object: 'Object Repository/00-Signup and Activation/zMailinator/gobutton' is clicked on

2022-06-21 18:05:59 - [MESSAGE][PASSED] - Object: 'Object Repository/00-Signup and Activation/zMailinator/gobutton' is clicked on

2022-06-21 18:05:59 - [TEST_STEP][PASSED] - delay(3): Delayed 3 second(s)

2022-06-21 18:06:02 - [MESSAGE][PASSED] - Delayed 3 second(s)

2022-06-21 18:06:02 - [TEST_STEP][PASSED] - click(findTestObject("00-Signup and Activation/zMailinator/Email - everleagues")): Object: 'Object Repository/00-Signup and Activation/zMailinator/Email - everleagues' is clicked on

2022-06-21 18:06:02 - [MESSAGE][PASSED] - Object: 'Object Repository/00-Signup and Activation/zMailinator/Email - everleagues' is clicked on

2022-06-21 18:06:02 - [TEST_STEP][PASSED] - delay(3): Delayed 3 second(s)

2022-06-21 18:06:05 - [MESSAGE][PASSED] - Delayed 3 second(s)

2022-06-21 18:06:05 - [TEST_STEP][PASSED] - code = getText(findTestObject("Object Repository/06-Teams/For 2FA/2FA code")): Text of object 'Object Repository/06-Teams/For 2FA/2FA code' is: '538947'

2022-06-21 18:06:06 - [MESSAGE][PASSED] - Text of object 'Object Repository/06-Teams/For 2FA/2FA code' is: '538947'

2022-06-21 18:06:06 - [TEST_STEP][PASSED] - delay(3): Delayed 3 second(s)

2022-06-21 18:06:09 - [MESSAGE][PASSED] - Delayed 3 second(s)

2022-06-21 18:06:09 - [TEST_STEP][PASSED] - closeWindowTitle("Mailinator"): Window with title: 'Mailinator' is closed

2022-06-21 18:06:09 - [MESSAGE][PASSED] - Window with title: 'Mailinator' is closed

2022-06-21 18:06:09 - [TEST_STEP][PASSED] - delay(3): Delayed 3 second(s)

2022-06-21 18:06:12 - [MESSAGE][PASSED] - Delayed 3 second(s)

2022-06-21 18:06:12 - [TEST_STEP][PASSED] - switchToWindowIndex(0): Switched to window with index: '0'

2022-06-21 18:06:12 - [MESSAGE][PASSED] - Switched to window with index: '0'

2022-06-21 18:06:12 - [TEST_STEP][PASSED] - delay(3): Delayed 3 second(s)

2022-06-21 18:06:15 - [MESSAGE][PASSED] - Delayed 3 second(s)

2022-06-21 18:06:15 - [TEST_STEP][PASSED] - setText(findTestObject("Object Repository/06-Teams/For 2FA/input_Enter verification code_code"), code): Text '538947' is set on object 'Object Repository/06-Teams/For 2FA/input_Enter verification code_code'

2022-06-21 18:06:16 - [MESSAGE][PASSED] - Text '538947' is set on object 'Object Repository/06-Teams/For 2FA/input_Enter verification code_code'

2022-06-21 18:06:16 - [TEST_STEP][PASSED] - delay(3): Delayed 3 second(s)

2022-06-21 18:06:19 - [MESSAGE][PASSED] - Delayed 3 second(s)

2022-06-21 18:06:19 - [TEST_STEP][PASSED] - click(findTestObject("06-Teams/For 2FA/button_Verify_2FA")): Object: 'Object Repository/06-Teams/For 2FA/button_Verify_2FA' is clicked on

2022-06-21 18:06:19 - [MESSAGE][PASSED] - Object: 'Object Repository/06-Teams/For 2FA/button_Verify_2FA' is clicked on

2022-06-21 18:06:19 - [TEST_STEP][PASSED] - delay(5): Delayed 5 second(s)

2022-06-21 18:06:24 - [MESSAGE][PASSED] - Delayed 5 second(s)

2022-06-21 18:06:24 - [TEST_STEP][PASSED] - click(findTestObject("03-Header Menu/Hamburger Button/div_Directory")): Object: 'Object Repository/03-Header Menu/Hamburger Button/div_Directory' is clicked on

2022-06-21 18:06:25 - [MESSAGE][PASSED] - Object: 'Object Repository/03-Header Menu/Hamburger Button/div_Directory' is clicked on

2022-06-21 18:06:25 - [TEST_STEP][PASSED] - delay(3): Delayed 3 second(s)

2022-06-21 18:06:28 - [MESSAGE][PASSED] - Delayed 3 second(s)

2022-06-21 18:06:28 - [TEST_STEP][PASSED] - verifyElementVisible(findTestObject("07-Directory/Connections/div_Connections")): Object 'Object Repository/07-Directory/Connections/div_Connections' is visible

2022-06-21 18:06:28 - [MESSAGE][PASSED] - Object 'Object Repository/07-Directory/Connections/div_Connections' is visible

2022-06-21 18:06:28 - [TEST_STEP][PASSED] - verifyElementVisible(findTestObject("07-Directory/Connections/div_Labels")): Object 'Object Repository/07-Directory/Connections/div_Labels' is visible

2022-06-21 18:06:29 - [MESSAGE][PASSED] - Object 'Object Repository/07-Directory/Connections/div_Labels' is visible

2022-06-21 18:06:29 - [TEST_STEP][PASSED] - delay(3): Delayed 3 second(s)

2022-06-21 18:06:32 - [MESSAGE][PASSED] - Delayed 3 second(s)

2022-06-21 18:06:32 - [TEST_STEP][PASSED] - click(findTestObject("07-Directory/Connections/div_Connections")): Object: 'Object Repository/07-Directory/Connections/div_Connections' is clicked on

2022-06-21 18:06:32 - [MESSAGE][PASSED] - Object: 'Object Repository/07-Directory/Connections/div_Connections' is clicked on

2022-06-21 18:06:32 - [TEST_STEP][PASSED] - delay(3): Delayed 3 second(s)

2022-06-21 18:06:35 - [MESSAGE][PASSED] - Delayed 3 second(s)

2022-06-21 18:06:35 - [TEST_STEP][PASSED] - verifyElementVisible(findTestObject("07-Directory/Connections/h4_CONNECTIONS")): Object 'Object Repository/07-Directory/Connections/h4_CONNECTIONS' is visible

2022-06-21 18:06:36 - [MESSAGE][PASSED] - Object 'Object Repository/07-Directory/Connections/h4_CONNECTIONS' is visible

2022-06-21 18:06:36 - [TEST_STEP][PASSED] - verifyElementVisible(findTestObject("07-Directory/Connections/h5_Save your contacts here and throw your business cards away")): Object 'Object Repository/07-Directory/Connections/h5_Save your contacts here and throw your business cards away' is visible

2022-06-21 18:06:36 - [MESSAGE][PASSED] - Object 'Object Repository/07-Directory/Connections/h5_Save your contacts here and throw your business cards away' is visible

2022-06-21 18:06:36 - [TEST_STEP][PASSED] - verifyElementVisible(findTestObject("07-Directory/Connections/button_search")): Object 'Object Repository/07-Directory/Connections/button_search' is visible

2022-06-21 18:06:36 - [MESSAGE][PASSED] - Object 'Object Repository/07-Directory/Connections/button_search' is visible

2022-06-21 18:06:36 - [TEST_STEP][PASSED] - verifyElementVisible(findTestObject("07-Directory/Connections/button_add new contact")): Object 'Object Repository/07-Directory/Connections/button_add new contact' is visible

2022-06-21 18:06:37 - [MESSAGE][PASSED] - Object 'Object Repository/07-Directory/Connections/button_add new contact' is visible

2022-06-21 18:06:37 - [TEST_STEP][PASSED] - verifyElementVisible(findTestObject("07-Directory/Connections/button_Filter")): Object 'Object Repository/07-Directory/Connections/button_Filter' is visible

2022-06-21 18:06:38 - [MESSAGE][PASSED] - Object 'Object Repository/07-Directory/Connections/button_Filter' is visible

2022-06-21 18:06:38 - [TEST_STEP][PASSED] - delay(3): Delayed 3 second(s)

2022-06-21 18:06:41 - [MESSAGE][PASSED] - Delayed 3 second(s)

2022-06-21 18:06:41 - [TEST_STEP][PASSED] - click(findTestObject("07-Directory/Connections/button_add new contact")): Object: 'Object Repository/07-Directory/Connections/button_add new contact' is clicked on

2022-06-21 18:06:42 - [MESSAGE][PASSED] - Object: 'Object Repository/07-Directory/Connections/button_add new contact' is clicked on

2022-06-21 18:06:42 - [TEST_STEP][PASSED] - delay(3): Delayed 3 second(s)

2022-06-21 18:06:45 - [MESSAGE][PASSED] - Delayed 3 second(s)

2022-06-21 18:06:45 - [TEST_STEP][PASSED] - verifyElementVisible(findTestObject("07-Directory/Connections/Add new contact modal")): Object 'Object Repository/07-Directory/Connections/Add new contact modal' is visible

2022-06-21 18:06:45 - [MESSAGE][PASSED] - Object 'Object Repository/07-Directory/Connections/Add new contact modal' is visible

2022-06-21 18:06:45 - [TEST_STEP][PASSED] - delay(3): Delayed 3 second(s)

2022-06-21 18:06:48 - [MESSAGE][PASSED] - Delayed 3 second(s)

2022-06-21 18:06:48 - [TEST_STEP][PASSED] - click(findTestObject("07-Directory/Connections/input_firstName")): Object: 'Object Repository/07-Directory/Connections/input_firstName' is clicked on

2022-06-21 18:06:49 - [MESSAGE][PASSED] - Object: 'Object Repository/07-Directory/Connections/input_firstName' is clicked on

2022-06-21 18:06:49 - [TEST_STEP][PASSED] - click(findTestObject("07-Directory/Connections/input_lastName")): Object: 'Object Repository/07-Directory/Connections/input_lastName' is clicked on

2022-06-21 18:06:49 - [MESSAGE][PASSED] - Object: 'Object Repository/07-Directory/Connections/input_lastName' is clicked on

2022-06-21 18:06:49 - [TEST_STEP][PASSED] - click(findTestObject("07-Directory/Connections/input_Type_email")): Object: 'Object Repository/07-Directory/Connections/input_Type_email' is clicked on

2022-06-21 18:06:50 - [MESSAGE][PASSED] - Object: 'Object Repository/07-Directory/Connections/input_Type_email' is clicked on

2022-06-21 18:06:50 - [TEST_STEP][PASSED] - delay(3): Delayed 3 second(s)

2022-06-21 18:06:53 - [MESSAGE][PASSED] - Delayed 3 second(s)

2022-06-21 18:06:53 - [TEST_STEP][PASSED] - verifyElementVisible(findTestObject("07-Directory/Connections/div_First Name Field is required")): Object 'Object Repository/07-Directory/Connections/div_First Name Field is required' is visible

2022-06-21 18:06:53 - [MESSAGE][PASSED] - Object 'Object Repository/07-Directory/Connections/div_First Name Field is required' is visible

2022-06-21 18:06:53 - [TEST_STEP][PASSED] - verifyElementVisible(findTestObject("07-Directory/Connections/div_Last Name Field is required")): Object 'Object Repository/07-Directory/Connections/div_Last Name Field is required' is visible

2022-06-21 18:06:54 - [MESSAGE][PASSED] - Object 'Object Repository/07-Directory/Connections/div_Last Name Field is required' is visible

2022-06-21 18:06:54 - [TEST_STEP][PASSED] - verifyElementNotClickable(findTestObject("07-Directory/Connections/button_Create")): Object 'Object Repository/07-Directory/Connections/button_Create' is NOT clickable

2022-06-21 18:06:54 - [MESSAGE][PASSED] - Object 'Object Repository/07-Directory/Connections/button_Create' is NOT clickable

2022-06-21 18:06:54 - [TEST_STEP][PASSED] - delay(3): Delayed 3 second(s)

2022-06-21 18:06:57 - [MESSAGE][PASSED] - Delayed 3 second(s)]]></system-out>
         <system-err><![CDATA[]]></system-err>
      </testcase>
      <testcase name="Test Cases/07-Directory/02 -Connections - Add New Contact (Fill out required field)" time="8.946" classname="Test Cases/07-Directory/02 -Connections - Add New Contact (Fill out required field)" status="PASSED">
         <system-out><![CDATA[2022-06-21 18:06:57 - [TEST_CASE][PASSED] - Test Cases/07-Directory/02 -Connections - Add New Contact (Fill out required field): Test Cases/07-Directory/02 -Connections - Add New Contact (Fill out required field)

2022-06-21 18:06:57 - [TEST_STEP][PASSED] - setText(findTestObject("07-Directory/Connections/input_firstName"), "GG"): Text 'GG' is set on object 'Object Repository/07-Directory/Connections/input_firstName'

2022-06-21 18:06:58 - [MESSAGE][PASSED] - Text 'GG' is set on object 'Object Repository/07-Directory/Connections/input_firstName'

2022-06-21 18:06:58 - [TEST_STEP][PASSED] - setText(findTestObject("07-Directory/Connections/input_lastName"), "Auto"): Text 'Auto' is set on object 'Object Repository/07-Directory/Connections/input_lastName'

2022-06-21 18:06:59 - [MESSAGE][PASSED] - Text 'Auto' is set on object 'Object Repository/07-Directory/Connections/input_lastName'

2022-06-21 18:06:59 - [TEST_STEP][PASSED] - setText(findTestObject("07-Directory/Connections/input_Type_email"), "autotester02@mailinator.com"): Text 'autotester02@mailinator.com' is set on object 'Object Repository/07-Directory/Connections/input_Type_email'

2022-06-21 18:07:00 - [MESSAGE][PASSED] - Text 'autotester02@mailinator.com' is set on object 'Object Repository/07-Directory/Connections/input_Type_email'

2022-06-21 18:07:00 - [TEST_STEP][PASSED] - click(findTestObject("07-Directory/Connections/input_Type_phone")): Object: 'Object Repository/07-Directory/Connections/input_Type_phone' is clicked on

2022-06-21 18:07:01 - [MESSAGE][PASSED] - Object: 'Object Repository/07-Directory/Connections/input_Type_phone' is clicked on

2022-06-21 18:07:01 - [TEST_STEP][PASSED] - click(findTestObject("07-Directory/Connections/button_area code")): Object: 'Object Repository/07-Directory/Connections/button_area code' is clicked on

2022-06-21 18:07:03 - [MESSAGE][PASSED] - Object: 'Object Repository/07-Directory/Connections/button_area code' is clicked on

2022-06-21 18:07:03 - [TEST_STEP][PASSED] - delay(3): Delayed 3 second(s)

2022-06-21 18:07:06 - [MESSAGE][PASSED] - Delayed 3 second(s)]]></system-out>
         <system-err><![CDATA[]]></system-err>
      </testcase>
      <testcase name="Test Cases/07-Directory/03 -Connections - Add New Contact (add phone number)" time="8.635" classname="Test Cases/07-Directory/03 -Connections - Add New Contact (add phone number)" status="PASSED">
         <system-out><![CDATA[2022-06-21 18:07:06 - [TEST_CASE][PASSED] - Test Cases/07-Directory/03 -Connections - Add New Contact (add phone number): Test Cases/07-Directory/03 -Connections - Add New Contact (add phone number)

2022-06-21 18:07:06 - [TEST_STEP][PASSED] - verifyElementVisible(findTestObject("07-Directory/Connections/area code modal")): Object 'Object Repository/07-Directory/Connections/area code modal' is visible

2022-06-21 18:07:07 - [MESSAGE][PASSED] - Object 'Object Repository/07-Directory/Connections/area code modal' is visible

2022-06-21 18:07:07 - [TEST_STEP][PASSED] - click(findTestObject("07-Directory/Connections/button_United States 1")): Object: 'Object Repository/07-Directory/Connections/button_United States 1' is clicked on

2022-06-21 18:07:07 - [MESSAGE][PASSED] - Object: 'Object Repository/07-Directory/Connections/button_United States 1' is clicked on

2022-06-21 18:07:07 - [TEST_STEP][PASSED] - delay(3): Delayed 3 second(s)

2022-06-21 18:07:10 - [MESSAGE][PASSED] - Delayed 3 second(s)

2022-06-21 18:07:10 - [TEST_STEP][PASSED] - setText(findTestObject("07-Directory/Connections/input_Type_phone"), "2345678901"): Text '2345678901' is set on object 'Object Repository/07-Directory/Connections/input_Type_phone'

2022-06-21 18:07:12 - [MESSAGE][PASSED] - Text '2345678901' is set on object 'Object Repository/07-Directory/Connections/input_Type_phone'

2022-06-21 18:07:12 - [TEST_STEP][PASSED] - delay(3): Delayed 3 second(s)

2022-06-21 18:07:15 - [MESSAGE][PASSED] - Delayed 3 second(s)]]></system-out>
         <system-err><![CDATA[]]></system-err>
      </testcase>
      <testcase name="Test Cases/07-Directory/04 -Connections - Add New Contact (address required fields blank)" time="26.186" classname="Test Cases/07-Directory/04 -Connections - Add New Contact (address required fields blank)" status="PASSED">
         <system-out><![CDATA[2022-06-21 18:07:15 - [TEST_CASE][PASSED] - Test Cases/07-Directory/04 -Connections - Add New Contact (address required fields blank): Test Cases/07-Directory/04 -Connections - Add New Contact (address required fields blank)

2022-06-21 18:07:15 - [TEST_STEP][PASSED] - click(findTestObject("07-Directory/Connections/button_add_address")): Object: 'Object Repository/07-Directory/Connections/button_add_address' is clicked on

2022-06-21 18:07:15 - [MESSAGE][PASSED] - Object: 'Object Repository/07-Directory/Connections/button_add_address' is clicked on

2022-06-21 18:07:15 - [TEST_STEP][PASSED] - click(findTestObject("07-Directory/Connections/button_add_address")): Object: 'Object Repository/07-Directory/Connections/button_add_address' is clicked on

2022-06-21 18:07:16 - [MESSAGE][PASSED] - Object: 'Object Repository/07-Directory/Connections/button_add_address' is clicked on

2022-06-21 18:07:16 - [TEST_STEP][PASSED] - verifyElementVisible(findTestObject("07-Directory/Connections/Edit address modal")): Object 'Object Repository/07-Directory/Connections/Edit address modal' is visible

2022-06-21 18:07:17 - [MESSAGE][PASSED] - Object 'Object Repository/07-Directory/Connections/Edit address modal' is visible

2022-06-21 18:07:17 - [TEST_STEP][PASSED] - delay(3): Delayed 3 second(s)

2022-06-21 18:07:20 - [MESSAGE][PASSED] - Delayed 3 second(s)

2022-06-21 18:07:20 - [TEST_STEP][PASSED] - click(findTestObject("07-Directory/Connections/input_Edit Address_street1")): Object: 'Object Repository/07-Directory/Connections/input_Edit Address_street1' is clicked on

2022-06-21 18:07:20 - [MESSAGE][PASSED] - Object: 'Object Repository/07-Directory/Connections/input_Edit Address_street1' is clicked on

2022-06-21 18:07:20 - [TEST_STEP][PASSED] - click(findTestObject("07-Directory/Connections/input_Street 1_street2")): Object: 'Object Repository/07-Directory/Connections/input_Street 1_street2' is clicked on

2022-06-21 18:07:21 - [MESSAGE][PASSED] - Object: 'Object Repository/07-Directory/Connections/input_Street 1_street2' is clicked on

2022-06-21 18:07:21 - [TEST_STEP][PASSED] - click(findTestObject("07-Directory/Connections/input_Street 2_postcode")): Object: 'Object Repository/07-Directory/Connections/input_Street 2_postcode' is clicked on

2022-06-21 18:07:22 - [MESSAGE][PASSED] - Object: 'Object Repository/07-Directory/Connections/input_Street 2_postcode' is clicked on

2022-06-21 18:07:22 - [TEST_STEP][PASSED] - click(findTestObject("07-Directory/Connections/input_Zip  Postal Code_city")): Object: 'Object Repository/07-Directory/Connections/input_Zip  Postal Code_city' is clicked on

2022-06-21 18:07:23 - [MESSAGE][PASSED] - Object: 'Object Repository/07-Directory/Connections/input_Zip  Postal Code_city' is clicked on

2022-06-21 18:07:23 - [TEST_STEP][PASSED] - click(findTestObject("07-Directory/Connections/input_City_state")): Object: 'Object Repository/07-Directory/Connections/input_City_state' is clicked on

2022-06-21 18:07:23 - [MESSAGE][PASSED] - Object: 'Object Repository/07-Directory/Connections/input_City_state' is clicked on

2022-06-21 18:07:23 - [TEST_STEP][PASSED] - click(findTestObject("07-Directory/Connections/input_State_country")): Object: 'Object Repository/07-Directory/Connections/input_State_country' is clicked on

2022-06-21 18:07:24 - [MESSAGE][PASSED] - Object: 'Object Repository/07-Directory/Connections/input_State_country' is clicked on

2022-06-21 18:07:24 - [TEST_STEP][PASSED] - click(findTestObject("07-Directory/Connections/input_Country_addressLabel")): Object: 'Object Repository/07-Directory/Connections/input_Country_addressLabel' is clicked on

2022-06-21 18:07:25 - [MESSAGE][PASSED] - Object: 'Object Repository/07-Directory/Connections/input_Country_addressLabel' is clicked on

2022-06-21 18:07:25 - [TEST_STEP][PASSED] - delay(3): Delayed 3 second(s)

2022-06-21 18:07:28 - [MESSAGE][PASSED] - Delayed 3 second(s)

2022-06-21 18:07:28 - [TEST_STEP][PASSED] - verifyElementVisible(findTestObject("07-Directory/Connections/span_Work")): Object 'Object Repository/07-Directory/Connections/span_Work' is visible

2022-06-21 18:07:28 - [MESSAGE][PASSED] - Object 'Object Repository/07-Directory/Connections/span_Work' is visible

2022-06-21 18:07:28 - [TEST_STEP][PASSED] - verifyElementVisible(findTestObject("07-Directory/Connections/span_Personal")): Object 'Object Repository/07-Directory/Connections/span_Personal' is visible

2022-06-21 18:07:28 - [MESSAGE][PASSED] - Object 'Object Repository/07-Directory/Connections/span_Personal' is visible

2022-06-21 18:07:28 - [TEST_STEP][PASSED] - verifyElementVisible(findTestObject("07-Directory/Connections/span_Other")): Object 'Object Repository/07-Directory/Connections/span_Other' is visible

2022-06-21 18:07:29 - [MESSAGE][PASSED] - Object 'Object Repository/07-Directory/Connections/span_Other' is visible

2022-06-21 18:07:29 - [TEST_STEP][PASSED] - delay(3): Delayed 3 second(s)

2022-06-21 18:07:32 - [MESSAGE][PASSED] - Delayed 3 second(s)

2022-06-21 18:07:32 - [TEST_STEP][PASSED] - click(findTestObject("07-Directory/Connections/h4_Edit Address")): Object: 'Object Repository/07-Directory/Connections/h4_Edit Address' is clicked on

2022-06-21 18:07:32 - [MESSAGE][PASSED] - Object: 'Object Repository/07-Directory/Connections/h4_Edit Address' is clicked on

2022-06-21 18:07:32 - [TEST_STEP][PASSED] - delay(3): Delayed 3 second(s)

2022-06-21 18:07:35 - [MESSAGE][PASSED] - Delayed 3 second(s)

2022-06-21 18:07:35 - [TEST_STEP][PASSED] - verifyElementVisible(findTestObject("07-Directory/Connections/street 1 error")): Object 'Object Repository/07-Directory/Connections/street 1 error' is visible

2022-06-21 18:07:35 - [MESSAGE][PASSED] - Object 'Object Repository/07-Directory/Connections/street 1 error' is visible

2022-06-21 18:07:35 - [TEST_STEP][PASSED] - verifyElementVisible(findTestObject("07-Directory/Connections/post code error")): Object 'Object Repository/07-Directory/Connections/post code error' is visible

2022-06-21 18:07:36 - [MESSAGE][PASSED] - Object 'Object Repository/07-Directory/Connections/post code error' is visible

2022-06-21 18:07:36 - [TEST_STEP][PASSED] - verifyElementVisible(findTestObject("07-Directory/Connections/city error")): Object 'Object Repository/07-Directory/Connections/city error' is visible

2022-06-21 18:07:36 - [MESSAGE][PASSED] - Object 'Object Repository/07-Directory/Connections/city error' is visible

2022-06-21 18:07:36 - [TEST_STEP][PASSED] - verifyElementVisible(findTestObject("07-Directory/Connections/state error")): Object 'Object Repository/07-Directory/Connections/state error' is visible

2022-06-21 18:07:37 - [MESSAGE][PASSED] - Object 'Object Repository/07-Directory/Connections/state error' is visible

2022-06-21 18:07:37 - [TEST_STEP][PASSED] - verifyElementVisible(findTestObject("07-Directory/Connections/country error")): Object 'Object Repository/07-Directory/Connections/country error' is visible

2022-06-21 18:07:38 - [MESSAGE][PASSED] - Object 'Object Repository/07-Directory/Connections/country error' is visible

2022-06-21 18:07:38 - [TEST_STEP][PASSED] - delay(3): Delayed 3 second(s)

2022-06-21 18:07:41 - [MESSAGE][PASSED] - Delayed 3 second(s)]]></system-out>
         <system-err><![CDATA[]]></system-err>
      </testcase>
      <testcase name="Test Cases/07-Directory/05 -Connections - Add New Contact (add address successfully and add new contact successfully)" time="19.081" classname="Test Cases/07-Directory/05 -Connections - Add New Contact (add address successfully and add new contact successfully)" status="PASSED">
         <system-out><![CDATA[2022-06-21 18:07:41 - [TEST_CASE][PASSED] - Test Cases/07-Directory/05 -Connections - Add New Contact (add address successfully and add new contact successfully): Test Cases/07-Directory/05 -Connections - Add New Contact (add address successfully and add new contact successfully)

2022-06-21 18:07:41 - [TEST_STEP][PASSED] - setText(findTestObject("07-Directory/Connections/input_Edit Address_street1"), "Auto street 1"): Text 'Auto street 1' is set on object 'Object Repository/07-Directory/Connections/input_Edit Address_street1'

2022-06-21 18:07:43 - [MESSAGE][PASSED] - Text 'Auto street 1' is set on object 'Object Repository/07-Directory/Connections/input_Edit Address_street1'

2022-06-21 18:07:43 - [TEST_STEP][PASSED] - setText(findTestObject("07-Directory/Connections/input_Street 1_street2"), "Auto street 2"): Text 'Auto street 2' is set on object 'Object Repository/07-Directory/Connections/input_Street 1_street2'

2022-06-21 18:07:44 - [MESSAGE][PASSED] - Text 'Auto street 2' is set on object 'Object Repository/07-Directory/Connections/input_Street 1_street2'

2022-06-21 18:07:44 - [TEST_STEP][PASSED] - setText(findTestObject("07-Directory/Connections/input_Street 2_postcode"), "54321"): Text '54321' is set on object 'Object Repository/07-Directory/Connections/input_Street 2_postcode'

2022-06-21 18:07:45 - [MESSAGE][PASSED] - Text '54321' is set on object 'Object Repository/07-Directory/Connections/input_Street 2_postcode'

2022-06-21 18:07:45 - [TEST_STEP][PASSED] - setText(findTestObject("07-Directory/Connections/input_Zip  Postal Code_city"), "Auto city"): Text 'Auto city' is set on object 'Object Repository/07-Directory/Connections/input_Zip  Postal Code_city'

2022-06-21 18:07:46 - [MESSAGE][PASSED] - Text 'Auto city' is set on object 'Object Repository/07-Directory/Connections/input_Zip  Postal Code_city'

2022-06-21 18:07:46 - [TEST_STEP][PASSED] - setText(findTestObject("07-Directory/Connections/input_City_state"), "Auto state"): Text 'Auto state' is set on object 'Object Repository/07-Directory/Connections/input_City_state'

2022-06-21 18:07:47 - [MESSAGE][PASSED] - Text 'Auto state' is set on object 'Object Repository/07-Directory/Connections/input_City_state'

2022-06-21 18:07:47 - [TEST_STEP][PASSED] - setText(findTestObject("07-Directory/Connections/input_State_country"), "Auto country"): Text 'Auto country' is set on object 'Object Repository/07-Directory/Connections/input_State_country'

2022-06-21 18:07:48 - [MESSAGE][PASSED] - Text 'Auto country' is set on object 'Object Repository/07-Directory/Connections/input_State_country'

2022-06-21 18:07:48 - [TEST_STEP][PASSED] - click(findTestObject("07-Directory/Connections/input_Country_addressLabel"), STOP_ON_FAILURE): Object: 'Object Repository/07-Directory/Connections/input_Country_addressLabel' is clicked on

2022-06-21 18:07:49 - [MESSAGE][PASSED] - Object: 'Object Repository/07-Directory/Connections/input_Country_addressLabel' is clicked on

2022-06-21 18:07:49 - [TEST_STEP][PASSED] - delay(3): Delayed 3 second(s)

2022-06-21 18:07:52 - [MESSAGE][PASSED] - Delayed 3 second(s)

2022-06-21 18:07:52 - [TEST_STEP][PASSED] - click(findTestObject("07-Directory/Connections/span_Work")): Object: 'Object Repository/07-Directory/Connections/span_Work' is clicked on

2022-06-21 18:07:52 - [MESSAGE][PASSED] - Object: 'Object Repository/07-Directory/Connections/span_Work' is clicked on

2022-06-21 18:07:52 - [TEST_STEP][PASSED] - click(findTestObject("07-Directory/Connections/address_Save")): Object: 'Object Repository/07-Directory/Connections/address_Save' is clicked on

2022-06-21 18:07:53 - [MESSAGE][PASSED] - Object: 'Object Repository/07-Directory/Connections/address_Save' is clicked on

2022-06-21 18:07:53 - [TEST_STEP][PASSED] - delay(3): Delayed 3 second(s)

2022-06-21 18:07:56 - [MESSAGE][PASSED] - Delayed 3 second(s)

2022-06-21 18:07:56 - [TEST_STEP][PASSED] - verifyElementVisible(findTestObject("07-Directory/Connections/added address")): Object 'Object Repository/07-Directory/Connections/added address' is visible

2022-06-21 18:07:56 - [MESSAGE][PASSED] - Object 'Object Repository/07-Directory/Connections/added address' is visible

2022-06-21 18:07:56 - [TEST_STEP][PASSED] - click(findTestObject("07-Directory/Connections/button_Create")): Object: 'Object Repository/07-Directory/Connections/button_Create' is clicked on

2022-06-21 18:07:57 - [MESSAGE][PASSED] - Object: 'Object Repository/07-Directory/Connections/button_Create' is clicked on

2022-06-21 18:07:57 - [TEST_STEP][PASSED] - delay(3): Delayed 3 second(s)

2022-06-21 18:08:00 - [MESSAGE][PASSED] - Delayed 3 second(s)

2022-06-21 18:08:00 - [TEST_STEP][PASSED] - verifyElementVisible(findTestObject("07-Directory/Connections/div_added user")): Object 'Object Repository/07-Directory/Connections/div_added user' is visible

2022-06-21 18:08:00 - [MESSAGE][PASSED] - Object 'Object Repository/07-Directory/Connections/div_added user' is visible]]></system-out>
         <system-err><![CDATA[]]></system-err>
      </testcase>
      <testcase name="Test Cases/07-Directory/06- Connections - Invite contact as new user" time="28.545" classname="Test Cases/07-Directory/06- Connections - Invite contact as new user" status="PASSED">
         <system-out><![CDATA[2022-06-21 18:08:00 - [TEST_CASE][PASSED] - Test Cases/07-Directory/06- Connections - Invite contact as new user: Test Cases/07-Directory/06- Connections - Invite contact as new user

2022-06-21 18:08:00 - [TEST_STEP][PASSED] - delay(3): Delayed 3 second(s)

2022-06-21 18:08:03 - [MESSAGE][PASSED] - Delayed 3 second(s)

2022-06-21 18:08:03 - [TEST_STEP][PASSED] - click(findTestObject("07-Directory/Connections/div_added user")): Object: 'Object Repository/07-Directory/Connections/div_added user' is clicked on

2022-06-21 18:08:05 - [MESSAGE][PASSED] - Object: 'Object Repository/07-Directory/Connections/div_added user' is clicked on

2022-06-21 18:08:05 - [TEST_STEP][PASSED] - click(findTestObject("07-Directory/Connections/zContact Profile/button_invite")): Object: 'Object Repository/07-Directory/Connections/zContact Profile/button_invite' is clicked on

2022-06-21 18:08:06 - [MESSAGE][PASSED] - Object: 'Object Repository/07-Directory/Connections/zContact Profile/button_invite' is clicked on

2022-06-21 18:08:06 - [TEST_STEP][PASSED] - delay(3): Delayed 3 second(s)

2022-06-21 18:08:09 - [MESSAGE][PASSED] - Delayed 3 second(s)

2022-06-21 18:08:09 - [TEST_STEP][PASSED] - verifyElementVisible(findTestObject("07-Directory/Connections/zContact Profile/Invite new user modal")): Object 'Object Repository/07-Directory/Connections/zContact Profile/Invite new user modal' is visible

2022-06-21 18:08:09 - [MESSAGE][PASSED] - Object 'Object Repository/07-Directory/Connections/zContact Profile/Invite new user modal' is visible

2022-06-21 18:08:09 - [TEST_STEP][PASSED] - verifyElementNotClickable(findTestObject("07-Directory/Connections/zContact Profile/button_Send Invitation")): Object 'Object Repository/07-Directory/Connections/zContact Profile/button_Send Invitation' is NOT clickable

2022-06-21 18:08:10 - [MESSAGE][PASSED] - Object 'Object Repository/07-Directory/Connections/zContact Profile/button_Send Invitation' is NOT clickable

2022-06-21 18:08:10 - [TEST_STEP][PASSED] - delay(3): Delayed 3 second(s)

2022-06-21 18:08:13 - [MESSAGE][PASSED] - Delayed 3 second(s)

2022-06-21 18:08:13 - [TEST_STEP][PASSED] - click(findTestObject("07-Directory/Connections/zContact Profile/Role")): Object: 'Object Repository/07-Directory/Connections/zContact Profile/Role' is clicked on

2022-06-21 18:08:14 - [MESSAGE][PASSED] - Object: 'Object Repository/07-Directory/Connections/zContact Profile/Role' is clicked on

2022-06-21 18:08:14 - [TEST_STEP][PASSED] - clickOffset(findTestObject("07-Directory/Connections/zContact Profile/h4_Invite New User"), 100, 100): Object: 'Object Repository/07-Directory/Connections/zContact Profile/h4_Invite New User' is clicked on using offset x=100 and y=100

2022-06-21 18:08:14 - [MESSAGE][PASSED] - Object: 'Object Repository/07-Directory/Connections/zContact Profile/h4_Invite New User' is clicked on using offset x=100 and y=100

2022-06-21 18:08:14 - [TEST_STEP][PASSED] - verifyElementVisible(findTestObject("07-Directory/Connections/zContact Profile/Select a role error")): Object 'Object Repository/07-Directory/Connections/zContact Profile/Select a role error' is visible

2022-06-21 18:08:15 - [MESSAGE][PASSED] - Object 'Object Repository/07-Directory/Connections/zContact Profile/Select a role error' is visible

2022-06-21 18:08:15 - [TEST_STEP][PASSED] - delay(3): Delayed 3 second(s)

2022-06-21 18:08:18 - [MESSAGE][PASSED] - Delayed 3 second(s)

2022-06-21 18:08:18 - [TEST_STEP][PASSED] - click(findTestObject("07-Directory/Connections/zContact Profile/Role")): Object: 'Object Repository/07-Directory/Connections/zContact Profile/Role' is clicked on

2022-06-21 18:08:19 - [MESSAGE][PASSED] - Object: 'Object Repository/07-Directory/Connections/zContact Profile/Role' is clicked on

2022-06-21 18:08:19 - [TEST_STEP][PASSED] - verifyElementVisible(findTestObject("07-Directory/Connections/zContact Profile/span_Client")): Object 'Object Repository/07-Directory/Connections/zContact Profile/span_Client' is visible

2022-06-21 18:08:19 - [MESSAGE][PASSED] - Object 'Object Repository/07-Directory/Connections/zContact Profile/span_Client' is visible

2022-06-21 18:08:19 - [TEST_STEP][PASSED] - verifyElementVisible(findTestObject("07-Directory/Connections/zContact Profile/span_CoWorker")): Object 'Object Repository/07-Directory/Connections/zContact Profile/span_CoWorker' is visible

2022-06-21 18:08:20 - [MESSAGE][PASSED] - Object 'Object Repository/07-Directory/Connections/zContact Profile/span_CoWorker' is visible

2022-06-21 18:08:20 - [TEST_STEP][PASSED] - verifyElementVisible(findTestObject("07-Directory/Connections/zContact Profile/span_Partner")): Object 'Object Repository/07-Directory/Connections/zContact Profile/span_Partner' is visible

2022-06-21 18:08:20 - [MESSAGE][PASSED] - Object 'Object Repository/07-Directory/Connections/zContact Profile/span_Partner' is visible

2022-06-21 18:08:20 - [TEST_STEP][PASSED] - click(findTestObject("07-Directory/Connections/zContact Profile/span_CoWorker")): Object: 'Object Repository/07-Directory/Connections/zContact Profile/span_CoWorker' is clicked on

2022-06-21 18:08:22 - [MESSAGE][PASSED] - Object: 'Object Repository/07-Directory/Connections/zContact Profile/span_CoWorker' is clicked on

2022-06-21 18:08:22 - [TEST_STEP][PASSED] - delay(3): Delayed 3 second(s)

2022-06-21 18:08:25 - [MESSAGE][PASSED] - Delayed 3 second(s)

2022-06-21 18:08:25 - [TEST_STEP][PASSED] - click(findTestObject("07-Directory/Connections/zContact Profile/button_Send Invitation")): Object: 'Object Repository/07-Directory/Connections/zContact Profile/button_Send Invitation' is clicked on

2022-06-21 18:08:25 - [MESSAGE][PASSED] - Object: 'Object Repository/07-Directory/Connections/zContact Profile/button_Send Invitation' is clicked on

2022-06-21 18:08:25 - [TEST_STEP][PASSED] - verifyElementVisible(findTestObject("07-Directory/Connections/zContact Profile/Successfully invited user")): Object 'Object Repository/07-Directory/Connections/zContact Profile/Successfully invited user' is visible

2022-06-21 18:08:28 - [MESSAGE][PASSED] - Object 'Object Repository/07-Directory/Connections/zContact Profile/Successfully invited user' is visible

2022-06-21 18:08:28 - [TEST_STEP][PASSED] - closeBrowser(): Browser is closed

2022-06-21 18:08:29 - [MESSAGE][PASSED] - Browser is closed]]></system-out>
         <system-err><![CDATA[]]></system-err>
      </testcase>
      <system-out><![CDATA[2022-06-21 18:05:29 - [TEST_SUITE][PASSED] - 07-Directory: Test Cases/07-Directory/06- Connections - Invite contact as new user]]></system-out>
      <system-err><![CDATA[]]></system-err>
   </testsuite>
</testsuites>
