<?xml version="1.0" encoding="UTF-8"?>
<testsuites name="03-Header Menu" time="663.697" tests="18" failures="0" errors="0">
   <testsuite name="03-Header Menu" tests="18" failures="0" errors="0" time="663.697" skipped="0" timestamp="2022-10-07 18:36:26" hostname="User - DESKTOP-QCRNR4M" id="Test Suites/TS-Organization/03-Header Menu">
      <properties>
         <property name="deviceName" value=""/>
         <property name="devicePlatform" value=""/>
         <property name="logFolder" value="C:\\Users\\User\\Katalon Studio\\EverleaguesMain\\Reports\\20221007_183622\\TS-Organization\\03-Header Menu\\20221007_183623"/>
         <property name="logFiles" value="C:\\Users\\User\\Katalon Studio\\EverleaguesMain\\Reports\\20221007_183622\\TS-Organization\\03-Header Menu\\20221007_183623\\execution0.log"/>
         <property name="attachments" value=""/>
         <property name="hostName" value="User - DESKTOP-QCRNR4M"/>
         <property name="os" value="Windows 10 64bit"/>
         <property name="katalonVersion" value="8.4.1.208"/>
         <property name="browser" value="Chrome 106.0.0.0"/>
         <property name="hostAddress" value="192.168.5.124"/>
         <property name="sessionId" value="8d25af11694780cbc7b8e66631411ad5"/>
         <property name="seleniumVersion" value="3.141.59"/>
         <property name="proxyInformation" value="ProxyInformation { proxyOption=NO_PROXY, proxyServerType=HTTP, username=, password=********, proxyServerAddress=, proxyServerPort=0, executionList=&quot;&quot;, isApplyToDesiredCapabilities=true }"/>
         <property name="platform" value="Windows 10"/>
      </properties>
      <testcase name="Test Cases/03-Header Menu/01- Hamburger Button" time="101.118" classname="Test Cases/03-Header Menu/01- Hamburger Button" status="PASSED">
         <system-out><![CDATA[2022-10-07 18:36:26 - [TEST_CASE][PASSED] - Test Cases/03-Header Menu/01- Hamburger Button: Test Cases/03-Header Menu/01- Hamburger Button

2022-10-07 18:36:27 - [TEST_STEP][PASSED] - openBrowser(""): Browser is opened with url: ''

2022-10-07 18:36:27 - [MESSAGE][INFO] - Starting 'Chrome' driver

2022-10-07 18:36:27 - [MESSAGE][INFO] - Action delay is set to 0 milliseconds

2022-10-07 18:36:29 - [MESSAGE][PASSED] - Browser is opened with url: ''

2022-10-07 18:36:29 - [TEST_STEP][PASSED] - navigateToUrl("https://lab.everleagues.com/login?returnUrl=%2Fmain%2Fdashboard"): Navigate to 'https://lab.everleagues.com/login?returnUrl=%2Fmain%2Fdashboard' successfully

2022-10-07 18:36:52 - [MESSAGE][PASSED] - Navigate to 'https://lab.everleagues.com/login?returnUrl=%2Fmain%2Fdashboard' successfully

2022-10-07 18:36:52 - [TEST_STEP][PASSED] - maximizeWindow(): Current window maximized

2022-10-07 18:36:53 - [MESSAGE][PASSED] - Current window maximized

2022-10-07 18:36:53 - [TEST_STEP][PASSED] - setText(findTestObject("02-Side Icons(Organization)/Add Contact/Email Field"), "testuser01@mailinator.com"): Text 'testuser01@mailinator.com' is set on object 'Object Repository/02-Side Icons(Organization)/Add Contact/Email Field'

2022-10-07 18:36:53 - [MESSAGE][PASSED] - Text 'testuser01@mailinator.com' is set on object 'Object Repository/02-Side Icons(Organization)/Add Contact/Email Field'

2022-10-07 18:36:53 - [TEST_STEP][PASSED] - setEncryptedText(findTestObject("02-Side Icons(Organization)/Add Contact/Password Field"), "8yFRyszE6U6jvsCn51OQbg=="): Text ****** has been set on object 'Object Repository/02-Side Icons(Organization)/Add Contact/Password Field'

2022-10-07 18:36:54 - [MESSAGE][PASSED] - Text ****** has been set on object 'Object Repository/02-Side Icons(Organization)/Add Contact/Password Field'

2022-10-07 18:36:54 - [TEST_STEP][PASSED] - click(findTestObject("02-Side Icons(Organization)/Add Contact/button_Sign in")): Object: 'Object Repository/02-Side Icons(Organization)/Add Contact/button_Sign in' is clicked on

2022-10-07 18:36:55 - [MESSAGE][PASSED] - Object: 'Object Repository/02-Side Icons(Organization)/Add Contact/button_Sign in' is clicked on

2022-10-07 18:36:55 - [TEST_STEP][PASSED] - delay(2): Delayed 2 second(s)

2022-10-07 18:36:57 - [MESSAGE][PASSED] - Delayed 2 second(s)

2022-10-07 18:36:57 - [TEST_STEP][PASSED] - click(findTestObject("06-Teams/For 2FA/button_Confirm_2FA")): Object: 'Object Repository/06-Teams/For 2FA/button_Confirm_2FA' is clicked on

2022-10-07 18:36:57 - [MESSAGE][PASSED] - Object: 'Object Repository/06-Teams/For 2FA/button_Confirm_2FA' is clicked on

2022-10-07 18:36:57 - [TEST_STEP][PASSED] - executeJavaScript("window.open();", []): Execute JavaScript 'window.open();' successfully

2022-10-07 18:36:57 - [MESSAGE][PASSED] - Execute JavaScript 'window.open();' successfully

2022-10-07 18:36:57 - [TEST_STEP][PASSED] - currentWindow = getWindowIndex(): Current window's index is: 0

2022-10-07 18:36:57 - [MESSAGE][PASSED] - Current window's index is: 0

2022-10-07 18:36:57 - [TEST_STEP][PASSED] - delay(3): Delayed 3 second(s)

2022-10-07 18:37:00 - [MESSAGE][PASSED] - Delayed 3 second(s)

2022-10-07 18:37:00 - [TEST_STEP][PASSED] - switchToWindowIndex(currentWindow + 1): Switched to window with index: '1'

2022-10-07 18:37:00 - [MESSAGE][PASSED] - Switched to window with index: '1'

2022-10-07 18:37:00 - [TEST_STEP][PASSED] - navigateToUrl("https://www.mailinator.com/"): Navigate to 'https://www.mailinator.com/' successfully

2022-10-07 18:37:03 - [MESSAGE][PASSED] - Navigate to 'https://www.mailinator.com/' successfully

2022-10-07 18:37:03 - [TEST_STEP][PASSED] - delay(3): Delayed 3 second(s)

2022-10-07 18:37:06 - [MESSAGE][PASSED] - Delayed 3 second(s)

2022-10-07 18:37:06 - [TEST_STEP][PASSED] - setText(findTestObject("00-Signup and Activation/zMailinator/input_LOGIN_search"), "testuser01@mailinator.com"): Text 'testuser01@mailinator.com' is set on object 'Object Repository/00-Signup and Activation/zMailinator/input_LOGIN_search'

2022-10-07 18:37:06 - [MESSAGE][PASSED] - Text 'testuser01@mailinator.com' is set on object 'Object Repository/00-Signup and Activation/zMailinator/input_LOGIN_search'

2022-10-07 18:37:06 - [TEST_STEP][PASSED] - click(findTestObject("00-Signup and Activation/zMailinator/gobutton"), STOP_ON_FAILURE): Object: 'Object Repository/00-Signup and Activation/zMailinator/gobutton' is clicked on

2022-10-07 18:37:08 - [MESSAGE][PASSED] - Object: 'Object Repository/00-Signup and Activation/zMailinator/gobutton' is clicked on

2022-10-07 18:37:08 - [TEST_STEP][PASSED] - delay(3): Delayed 3 second(s)

2022-10-07 18:37:11 - [MESSAGE][PASSED] - Delayed 3 second(s)

2022-10-07 18:37:11 - [TEST_STEP][PASSED] - click(findTestObject("00-Signup and Activation/zMailinator/Email - everleagues")): Object: 'Object Repository/00-Signup and Activation/zMailinator/Email - everleagues' is clicked on

2022-10-07 18:37:11 - [MESSAGE][PASSED] - Object: 'Object Repository/00-Signup and Activation/zMailinator/Email - everleagues' is clicked on

2022-10-07 18:37:11 - [TEST_STEP][PASSED] - delay(3): Delayed 3 second(s)

2022-10-07 18:37:14 - [MESSAGE][PASSED] - Delayed 3 second(s)

2022-10-07 18:37:14 - [TEST_STEP][PASSED] - code = getText(findTestObject("Object Repository/06-Teams/For 2FA/2FA code")): Text of object 'Object Repository/06-Teams/For 2FA/2FA code' is: '831859'

2022-10-07 18:37:15 - [MESSAGE][PASSED] - Text of object 'Object Repository/06-Teams/For 2FA/2FA code' is: '831859'

2022-10-07 18:37:15 - [TEST_STEP][PASSED] - delay(3): Delayed 3 second(s)

2022-10-07 18:37:18 - [MESSAGE][PASSED] - Delayed 3 second(s)

2022-10-07 18:37:18 - [TEST_STEP][PASSED] - closeWindowTitle("Mailinator"): Window with title: 'Mailinator' is closed

2022-10-07 18:37:18 - [MESSAGE][PASSED] - Window with title: 'Mailinator' is closed

2022-10-07 18:37:18 - [TEST_STEP][PASSED] - delay(3): Delayed 3 second(s)

2022-10-07 18:37:21 - [MESSAGE][PASSED] - Delayed 3 second(s)

2022-10-07 18:37:21 - [TEST_STEP][PASSED] - switchToWindowIndex(0): Switched to window with index: '0'

2022-10-07 18:37:21 - [MESSAGE][PASSED] - Switched to window with index: '0'

2022-10-07 18:37:21 - [TEST_STEP][PASSED] - delay(3): Delayed 3 second(s)

2022-10-07 18:37:24 - [MESSAGE][PASSED] - Delayed 3 second(s)

2022-10-07 18:37:24 - [TEST_STEP][PASSED] - setText(findTestObject("Object Repository/06-Teams/For 2FA/input_Enter verification code_code"), code): Text '831859' is set on object 'Object Repository/06-Teams/For 2FA/input_Enter verification code_code'

2022-10-07 18:37:25 - [MESSAGE][PASSED] - Text '831859' is set on object 'Object Repository/06-Teams/For 2FA/input_Enter verification code_code'

2022-10-07 18:37:25 - [TEST_STEP][PASSED] - delay(3): Delayed 3 second(s)

2022-10-07 18:37:28 - [MESSAGE][PASSED] - Delayed 3 second(s)

2022-10-07 18:37:28 - [TEST_STEP][PASSED] - click(findTestObject("06-Teams/For 2FA/button_Verify_2FA")): Object: 'Object Repository/06-Teams/For 2FA/button_Verify_2FA' is clicked on

2022-10-07 18:37:29 - [MESSAGE][PASSED] - Object: 'Object Repository/06-Teams/For 2FA/button_Verify_2FA' is clicked on

2022-10-07 18:37:29 - [TEST_STEP][PASSED] - delay(5): Delayed 5 second(s)

2022-10-07 18:37:34 - [MESSAGE][PASSED] - Delayed 5 second(s)

2022-10-07 18:37:34 - [TEST_STEP][PASSED] - click(findTestObject("03-Header Menu/Hamburger Button/button_menu")): Object: 'Object Repository/03-Header Menu/Hamburger Button/button_menu' is clicked on

2022-10-07 18:37:34 - [MESSAGE][PASSED] - Object: 'Object Repository/03-Header Menu/Hamburger Button/button_menu' is clicked on

2022-10-07 18:37:34 - [TEST_STEP][PASSED] - delay(10): Delayed 10 second(s)

2022-10-07 18:37:44 - [MESSAGE][PASSED] - Delayed 10 second(s)

2022-10-07 18:37:44 - [TEST_STEP][PASSED] - verifyElementNotVisible(findTestObject("03-Header Menu/Hamburger Button/div_Add My Organization"), STOP_ON_FAILURE): Object 'Object Repository/03-Header Menu/Hamburger Button/div_Add My Organization' is NOT visible

2022-10-07 18:37:45 - [MESSAGE][PASSED] - Object 'Object Repository/03-Header Menu/Hamburger Button/div_Add My Organization' is NOT visible

2022-10-07 18:37:45 - [TEST_STEP][PASSED] - verifyElementNotVisible(findTestObject("03-Header Menu/Hamburger Button/div_Dashboard"), STOP_ON_FAILURE): Object 'Object Repository/03-Header Menu/Hamburger Button/div_Dashboard' is NOT visible

2022-10-07 18:37:45 - [MESSAGE][PASSED] - Object 'Object Repository/03-Header Menu/Hamburger Button/div_Dashboard' is NOT visible

2022-10-07 18:37:45 - [TEST_STEP][PASSED] - verifyElementNotVisible(findTestObject("03-Header Menu/Hamburger Button/div_Chat"), STOP_ON_FAILURE): Object 'Object Repository/03-Header Menu/Hamburger Button/div_Chat' is NOT visible

2022-10-07 18:37:45 - [MESSAGE][PASSED] - Object 'Object Repository/03-Header Menu/Hamburger Button/div_Chat' is NOT visible

2022-10-07 18:37:45 - [TEST_STEP][PASSED] - verifyElementNotVisible(findTestObject("03-Header Menu/Hamburger Button/div_Teams"), STOP_ON_FAILURE): Object 'Object Repository/03-Header Menu/Hamburger Button/div_Teams' is NOT visible

2022-10-07 18:37:46 - [MESSAGE][PASSED] - Object 'Object Repository/03-Header Menu/Hamburger Button/div_Teams' is NOT visible

2022-10-07 18:37:46 - [TEST_STEP][PASSED] - verifyElementNotVisible(findTestObject("03-Header Menu/Hamburger Button/div_Directory"), STOP_ON_FAILURE): Object 'Object Repository/03-Header Menu/Hamburger Button/div_Directory' is NOT visible

2022-10-07 18:37:46 - [MESSAGE][PASSED] - Object 'Object Repository/03-Header Menu/Hamburger Button/div_Directory' is NOT visible

2022-10-07 18:37:46 - [TEST_STEP][PASSED] - verifyElementNotVisible(findTestObject("03-Header Menu/Hamburger Button/div_Operation"), STOP_ON_FAILURE): Object 'Object Repository/03-Header Menu/Hamburger Button/div_Operation' is NOT visible

2022-10-07 18:37:46 - [MESSAGE][PASSED] - Object 'Object Repository/03-Header Menu/Hamburger Button/div_Operation' is NOT visible

2022-10-07 18:37:46 - [TEST_STEP][PASSED] - verifyElementNotVisible(findTestObject("03-Header Menu/Hamburger Button/div_Settings"), STOP_ON_FAILURE): Object 'Object Repository/03-Header Menu/Hamburger Button/div_Settings' is NOT visible

2022-10-07 18:37:47 - [MESSAGE][PASSED] - Object 'Object Repository/03-Header Menu/Hamburger Button/div_Settings' is NOT visible

2022-10-07 18:37:47 - [TEST_STEP][PASSED] - verifyElementNotVisible(findTestObject("03-Header Menu/Hamburger Button/div_Open Video Conference"), STOP_ON_FAILURE): Object 'Object Repository/03-Header Menu/Hamburger Button/div_Open Video Conference' is NOT visible

2022-10-07 18:37:47 - [MESSAGE][PASSED] - Object 'Object Repository/03-Header Menu/Hamburger Button/div_Open Video Conference' is NOT visible

2022-10-07 18:37:47 - [TEST_STEP][PASSED] - verifyElementNotVisible(findTestObject("03-Header Menu/Hamburger Button/div_Cloud Files"), STOP_ON_FAILURE): Object 'Object Repository/03-Header Menu/Hamburger Button/div_Cloud Files' is NOT visible

2022-10-07 18:37:48 - [MESSAGE][PASSED] - Object 'Object Repository/03-Header Menu/Hamburger Button/div_Cloud Files' is NOT visible

2022-10-07 18:37:48 - [TEST_STEP][PASSED] - verifyElementNotVisible(findTestObject("03-Header Menu/Hamburger Button/div_ELSign"), STOP_ON_FAILURE): Object 'Object Repository/03-Header Menu/Hamburger Button/div_ELSign' is NOT visible

2022-10-07 18:37:48 - [MESSAGE][PASSED] - Object 'Object Repository/03-Header Menu/Hamburger Button/div_ELSign' is NOT visible

2022-10-07 18:37:48 - [TEST_STEP][PASSED] - verifyElementNotVisible(findTestObject("03-Header Menu/Hamburger Button/div_Income and Expense"), STOP_ON_FAILURE): Object 'Object Repository/03-Header Menu/Hamburger Button/div_Income and Expense' is NOT visible

2022-10-07 18:37:49 - [MESSAGE][PASSED] - Object 'Object Repository/03-Header Menu/Hamburger Button/div_Income and Expense' is NOT visible

2022-10-07 18:37:49 - [TEST_STEP][PASSED] - verifyElementNotVisible(findTestObject("03-Header Menu/Hamburger Button/div_ELNet"), CONTINUE_ON_FAILURE): Object 'Object Repository/03-Header Menu/Hamburger Button/div_ELNet' is NOT visible

2022-10-07 18:37:49 - [MESSAGE][PASSED] - Object 'Object Repository/03-Header Menu/Hamburger Button/div_ELNet' is NOT visible

2022-10-07 18:37:49 - [TEST_STEP][PASSED] - verifyElementNotVisible(findTestObject("03-Header Menu/Hamburger Button/div_Help"), STOP_ON_FAILURE): Object 'Object Repository/03-Header Menu/Hamburger Button/div_Help' is NOT visible

2022-10-07 18:37:49 - [MESSAGE][PASSED] - Object 'Object Repository/03-Header Menu/Hamburger Button/div_Help' is NOT visible

2022-10-07 18:37:49 - [TEST_STEP][PASSED] - delay(10): Delayed 10 second(s)

2022-10-07 18:37:59 - [MESSAGE][PASSED] - Delayed 10 second(s)

2022-10-07 18:37:59 - [TEST_STEP][PASSED] - click(findTestObject("03-Header Menu/Hamburger Button/button_menu")): Object: 'Object Repository/03-Header Menu/Hamburger Button/button_menu' is clicked on

2022-10-07 18:38:00 - [MESSAGE][PASSED] - Object: 'Object Repository/03-Header Menu/Hamburger Button/button_menu' is clicked on

2022-10-07 18:38:00 - [TEST_STEP][PASSED] - verifyElementVisible(findTestObject("03-Header Menu/Hamburger Button/div_Add My Organization"), STOP_ON_FAILURE): Object 'Object Repository/03-Header Menu/Hamburger Button/div_Add My Organization' is visible

2022-10-07 18:38:00 - [MESSAGE][PASSED] - Object 'Object Repository/03-Header Menu/Hamburger Button/div_Add My Organization' is visible

2022-10-07 18:38:00 - [TEST_STEP][PASSED] - verifyElementVisible(findTestObject("03-Header Menu/Hamburger Button/div_Dashboard"), STOP_ON_FAILURE): Object 'Object Repository/03-Header Menu/Hamburger Button/div_Dashboard' is visible

2022-10-07 18:38:01 - [MESSAGE][PASSED] - Object 'Object Repository/03-Header Menu/Hamburger Button/div_Dashboard' is visible

2022-10-07 18:38:01 - [TEST_STEP][PASSED] - verifyElementVisible(findTestObject("03-Header Menu/Hamburger Button/div_Chat"), STOP_ON_FAILURE): Object 'Object Repository/03-Header Menu/Hamburger Button/div_Chat' is visible

2022-10-07 18:38:01 - [MESSAGE][PASSED] - Object 'Object Repository/03-Header Menu/Hamburger Button/div_Chat' is visible

2022-10-07 18:38:01 - [TEST_STEP][PASSED] - verifyElementVisible(findTestObject("03-Header Menu/Hamburger Button/div_Teams"), STOP_ON_FAILURE): Object 'Object Repository/03-Header Menu/Hamburger Button/div_Teams' is visible

2022-10-07 18:38:01 - [MESSAGE][PASSED] - Object 'Object Repository/03-Header Menu/Hamburger Button/div_Teams' is visible

2022-10-07 18:38:01 - [TEST_STEP][PASSED] - verifyElementVisible(findTestObject("03-Header Menu/Hamburger Button/div_Directory"), STOP_ON_FAILURE): Object 'Object Repository/03-Header Menu/Hamburger Button/div_Directory' is visible

2022-10-07 18:38:02 - [MESSAGE][PASSED] - Object 'Object Repository/03-Header Menu/Hamburger Button/div_Directory' is visible

2022-10-07 18:38:02 - [TEST_STEP][PASSED] - verifyElementVisible(findTestObject("03-Header Menu/Hamburger Button/div_Operation"), CONTINUE_ON_FAILURE): Object 'Object Repository/03-Header Menu/Hamburger Button/div_Operation' is visible

2022-10-07 18:38:02 - [MESSAGE][PASSED] - Object 'Object Repository/03-Header Menu/Hamburger Button/div_Operation' is visible

2022-10-07 18:38:02 - [TEST_STEP][PASSED] - verifyElementVisible(findTestObject("03-Header Menu/Hamburger Button/div_Settings"), CONTINUE_ON_FAILURE): Object 'Object Repository/03-Header Menu/Hamburger Button/div_Settings' is visible

2022-10-07 18:38:02 - [MESSAGE][PASSED] - Object 'Object Repository/03-Header Menu/Hamburger Button/div_Settings' is visible

2022-10-07 18:38:02 - [TEST_STEP][PASSED] - verifyElementVisible(findTestObject("03-Header Menu/Hamburger Button/div_Open Video Conference"), STOP_ON_FAILURE): Object 'Object Repository/03-Header Menu/Hamburger Button/div_Open Video Conference' is visible

2022-10-07 18:38:03 - [MESSAGE][PASSED] - Object 'Object Repository/03-Header Menu/Hamburger Button/div_Open Video Conference' is visible

2022-10-07 18:38:03 - [TEST_STEP][PASSED] - verifyElementVisible(findTestObject("03-Header Menu/Hamburger Button/div_Cloud Files"), STOP_ON_FAILURE): Object 'Object Repository/03-Header Menu/Hamburger Button/div_Cloud Files' is visible

2022-10-07 18:38:03 - [MESSAGE][PASSED] - Object 'Object Repository/03-Header Menu/Hamburger Button/div_Cloud Files' is visible

2022-10-07 18:38:03 - [TEST_STEP][PASSED] - verifyElementVisible(findTestObject("03-Header Menu/Hamburger Button/div_ELSign"), STOP_ON_FAILURE): Object 'Object Repository/03-Header Menu/Hamburger Button/div_ELSign' is visible

2022-10-07 18:38:03 - [MESSAGE][PASSED] - Object 'Object Repository/03-Header Menu/Hamburger Button/div_ELSign' is visible

2022-10-07 18:38:03 - [TEST_STEP][PASSED] - verifyElementVisible(findTestObject("03-Header Menu/Hamburger Button/div_Income and Expense"), STOP_ON_FAILURE): Object 'Object Repository/03-Header Menu/Hamburger Button/div_Income and Expense' is visible

2022-10-07 18:38:04 - [MESSAGE][PASSED] - Object 'Object Repository/03-Header Menu/Hamburger Button/div_Income and Expense' is visible

2022-10-07 18:38:04 - [TEST_STEP][PASSED] - verifyElementVisible(findTestObject("03-Header Menu/Hamburger Button/div_ELNet"), CONTINUE_ON_FAILURE): Object 'Object Repository/03-Header Menu/Hamburger Button/div_ELNet' is visible

2022-10-07 18:38:04 - [MESSAGE][PASSED] - Object 'Object Repository/03-Header Menu/Hamburger Button/div_ELNet' is visible

2022-10-07 18:38:04 - [TEST_STEP][PASSED] - verifyElementVisible(findTestObject("03-Header Menu/Hamburger Button/div_Help"), STOP_ON_FAILURE): Object 'Object Repository/03-Header Menu/Hamburger Button/div_Help' is visible

2022-10-07 18:38:04 - [MESSAGE][PASSED] - Object 'Object Repository/03-Header Menu/Hamburger Button/div_Help' is visible

2022-10-07 18:38:04 - [TEST_STEP][PASSED] - delay(3): Delayed 3 second(s)

2022-10-07 18:38:07 - [MESSAGE][PASSED] - Delayed 3 second(s)]]></system-out>
         <system-err><![CDATA[]]></system-err>
      </testcase>
      <testcase name="Test Cases/03-Header Menu/02- Language Selector" time="52.68" classname="Test Cases/03-Header Menu/02- Language Selector" status="PASSED">
         <system-out><![CDATA[2022-10-07 18:38:07 - [TEST_CASE][PASSED] - Test Cases/03-Header Menu/02- Language Selector: Test Cases/03-Header Menu/02- Language Selector

2022-10-07 18:38:08 - [TEST_STEP][PASSED] - click(findTestObject("03-Header Menu/Language/button_Language Selector")): Object: 'Object Repository/03-Header Menu/Language/button_Language Selector' is clicked on

2022-10-07 18:38:08 - [MESSAGE][PASSED] - Object: 'Object Repository/03-Header Menu/Language/button_Language Selector' is clicked on

2022-10-07 18:38:08 - [TEST_STEP][PASSED] - delay(2): Delayed 2 second(s)

2022-10-07 18:38:10 - [MESSAGE][PASSED] - Delayed 2 second(s)

2022-10-07 18:38:10 - [TEST_STEP][PASSED] - click(findTestObject("03-Header Menu/Language/button_chinese 1")): Object: 'Object Repository/03-Header Menu/Language/button_chinese 1' is clicked on

2022-10-07 18:38:10 - [MESSAGE][PASSED] - Object: 'Object Repository/03-Header Menu/Language/button_chinese 1' is clicked on

2022-10-07 18:38:10 - [TEST_STEP][PASSED] - delay(2): Delayed 2 second(s)

2022-10-07 18:38:13 - [MESSAGE][PASSED] - Delayed 2 second(s)

2022-10-07 18:38:13 - [TEST_STEP][PASSED] - verifyElementVisible(findTestObject("03-Header Menu/Language/Language Div/div_chinese1 dashboard")): Object 'Object Repository/03-Header Menu/Language/Language Div/div_chinese1 dashboard' is visible

2022-10-07 18:38:13 - [MESSAGE][PASSED] - Object 'Object Repository/03-Header Menu/Language/Language Div/div_chinese1 dashboard' is visible

2022-10-07 18:38:13 - [TEST_STEP][PASSED] - verifyElementVisible(findTestObject("03-Header Menu/Language/Language Div/div_chinese1 chat")): Object 'Object Repository/03-Header Menu/Language/Language Div/div_chinese1 chat' is visible

2022-10-07 18:38:13 - [MESSAGE][PASSED] - Object 'Object Repository/03-Header Menu/Language/Language Div/div_chinese1 chat' is visible

2022-10-07 18:38:13 - [TEST_STEP][PASSED] - verifyElementVisible(findTestObject("03-Header Menu/Language/Language Div/div_chinese1 teams")): Object 'Object Repository/03-Header Menu/Language/Language Div/div_chinese1 teams' is visible

2022-10-07 18:38:14 - [MESSAGE][PASSED] - Object 'Object Repository/03-Header Menu/Language/Language Div/div_chinese1 teams' is visible

2022-10-07 18:38:14 - [TEST_STEP][PASSED] - delay(2): Delayed 2 second(s)

2022-10-07 18:38:16 - [MESSAGE][PASSED] - Delayed 2 second(s)

2022-10-07 18:38:16 - [TEST_STEP][PASSED] - click(findTestObject("03-Header Menu/Language/button_Language Selector")): Object: 'Object Repository/03-Header Menu/Language/button_Language Selector' is clicked on

2022-10-07 18:38:16 - [MESSAGE][PASSED] - Object: 'Object Repository/03-Header Menu/Language/button_Language Selector' is clicked on

2022-10-07 18:38:16 - [TEST_STEP][PASSED] - delay(2): Delayed 2 second(s)

2022-10-07 18:38:18 - [MESSAGE][PASSED] - Delayed 2 second(s)

2022-10-07 18:38:18 - [TEST_STEP][PASSED] - click(findTestObject("03-Header Menu/Language/button_chinese 2")): Object: 'Object Repository/03-Header Menu/Language/button_chinese 2' is clicked on

2022-10-07 18:38:18 - [MESSAGE][PASSED] - Object: 'Object Repository/03-Header Menu/Language/button_chinese 2' is clicked on

2022-10-07 18:38:18 - [TEST_STEP][PASSED] - delay(2): Delayed 2 second(s)

2022-10-07 18:38:20 - [MESSAGE][PASSED] - Delayed 2 second(s)

2022-10-07 18:38:20 - [TEST_STEP][PASSED] - verifyElementVisible(findTestObject("03-Header Menu/Language/Language Div/div_chinese2 dashboard")): Object 'Object Repository/03-Header Menu/Language/Language Div/div_chinese2 dashboard' is visible

2022-10-07 18:38:21 - [MESSAGE][PASSED] - Object 'Object Repository/03-Header Menu/Language/Language Div/div_chinese2 dashboard' is visible

2022-10-07 18:38:21 - [TEST_STEP][PASSED] - verifyElementVisible(findTestObject("03-Header Menu/Language/Language Div/div_chinese2 chat")): Object 'Object Repository/03-Header Menu/Language/Language Div/div_chinese2 chat' is visible

2022-10-07 18:38:21 - [MESSAGE][PASSED] - Object 'Object Repository/03-Header Menu/Language/Language Div/div_chinese2 chat' is visible

2022-10-07 18:38:21 - [TEST_STEP][PASSED] - verifyElementVisible(findTestObject("03-Header Menu/Language/Language Div/div_chinese2 teams")): Object 'Object Repository/03-Header Menu/Language/Language Div/div_chinese2 teams' is visible

2022-10-07 18:38:21 - [MESSAGE][PASSED] - Object 'Object Repository/03-Header Menu/Language/Language Div/div_chinese2 teams' is visible

2022-10-07 18:38:21 - [TEST_STEP][PASSED] - delay(2): Delayed 2 second(s)

2022-10-07 18:38:23 - [MESSAGE][PASSED] - Delayed 2 second(s)

2022-10-07 18:38:23 - [TEST_STEP][PASSED] - click(findTestObject("03-Header Menu/Language/button_Language Selector")): Object: 'Object Repository/03-Header Menu/Language/button_Language Selector' is clicked on

2022-10-07 18:38:24 - [MESSAGE][PASSED] - Object: 'Object Repository/03-Header Menu/Language/button_Language Selector' is clicked on

2022-10-07 18:38:24 - [TEST_STEP][PASSED] - delay(2): Delayed 2 second(s)

2022-10-07 18:38:26 - [MESSAGE][PASSED] - Delayed 2 second(s)

2022-10-07 18:38:26 - [TEST_STEP][PASSED] - click(findTestObject("03-Header Menu/Language/button_chinese 3")): Object: 'Object Repository/03-Header Menu/Language/button_chinese 3' is clicked on

2022-10-07 18:38:26 - [MESSAGE][PASSED] - Object: 'Object Repository/03-Header Menu/Language/button_chinese 3' is clicked on

2022-10-07 18:38:26 - [TEST_STEP][PASSED] - delay(2): Delayed 2 second(s)

2022-10-07 18:38:28 - [MESSAGE][PASSED] - Delayed 2 second(s)

2022-10-07 18:38:28 - [TEST_STEP][PASSED] - verifyElementVisible(findTestObject("03-Header Menu/Language/Language Div/div_chinese3 dashboard")): Object 'Object Repository/03-Header Menu/Language/Language Div/div_chinese3 dashboard' is visible

2022-10-07 18:38:29 - [MESSAGE][PASSED] - Object 'Object Repository/03-Header Menu/Language/Language Div/div_chinese3 dashboard' is visible

2022-10-07 18:38:29 - [TEST_STEP][PASSED] - verifyElementVisible(findTestObject("03-Header Menu/Language/Language Div/div_chinese3 chat")): Object 'Object Repository/03-Header Menu/Language/Language Div/div_chinese3 chat' is visible

2022-10-07 18:38:29 - [MESSAGE][PASSED] - Object 'Object Repository/03-Header Menu/Language/Language Div/div_chinese3 chat' is visible

2022-10-07 18:38:29 - [TEST_STEP][PASSED] - verifyElementVisible(findTestObject("03-Header Menu/Language/Language Div/div_chinese3 teams")): Object 'Object Repository/03-Header Menu/Language/Language Div/div_chinese3 teams' is visible

2022-10-07 18:38:29 - [MESSAGE][PASSED] - Object 'Object Repository/03-Header Menu/Language/Language Div/div_chinese3 teams' is visible

2022-10-07 18:38:29 - [TEST_STEP][PASSED] - delay(2): Delayed 2 second(s)

2022-10-07 18:38:31 - [MESSAGE][PASSED] - Delayed 2 second(s)

2022-10-07 18:38:31 - [TEST_STEP][PASSED] - click(findTestObject("03-Header Menu/Language/button_Language Selector")): Object: 'Object Repository/03-Header Menu/Language/button_Language Selector' is clicked on

2022-10-07 18:38:32 - [MESSAGE][PASSED] - Object: 'Object Repository/03-Header Menu/Language/button_Language Selector' is clicked on

2022-10-07 18:38:32 - [TEST_STEP][PASSED] - delay(2): Delayed 2 second(s)

2022-10-07 18:38:34 - [MESSAGE][PASSED] - Delayed 2 second(s)

2022-10-07 18:38:34 - [TEST_STEP][PASSED] - click(findTestObject("03-Header Menu/Language/button_Espanol")): Object: 'Object Repository/03-Header Menu/Language/button_Espanol' is clicked on

2022-10-07 18:38:34 - [MESSAGE][PASSED] - Object: 'Object Repository/03-Header Menu/Language/button_Espanol' is clicked on

2022-10-07 18:38:34 - [TEST_STEP][PASSED] - delay(2): Delayed 2 second(s)

2022-10-07 18:38:36 - [MESSAGE][PASSED] - Delayed 2 second(s)

2022-10-07 18:38:36 - [TEST_STEP][PASSED] - verifyElementVisible(findTestObject("03-Header Menu/Language/Language Div/div_spanish_Panel")): Object 'Object Repository/03-Header Menu/Language/Language Div/div_spanish_Panel' is visible

2022-10-07 18:38:36 - [MESSAGE][PASSED] - Object 'Object Repository/03-Header Menu/Language/Language Div/div_spanish_Panel' is visible

2022-10-07 18:38:36 - [TEST_STEP][PASSED] - verifyElementVisible(findTestObject("03-Header Menu/Language/Language Div/div_spanish_Equipo")): Object 'Object Repository/03-Header Menu/Language/Language Div/div_spanish_Equipo' is visible

2022-10-07 18:38:37 - [MESSAGE][PASSED] - Object 'Object Repository/03-Header Menu/Language/Language Div/div_spanish_Equipo' is visible

2022-10-07 18:38:37 - [TEST_STEP][PASSED] - delay(2): Delayed 2 second(s)

2022-10-07 18:38:39 - [MESSAGE][PASSED] - Delayed 2 second(s)

2022-10-07 18:38:39 - [TEST_STEP][PASSED] - click(findTestObject("03-Header Menu/Language/button_Language Selector")): Object: 'Object Repository/03-Header Menu/Language/button_Language Selector' is clicked on

2022-10-07 18:38:39 - [MESSAGE][PASSED] - Object: 'Object Repository/03-Header Menu/Language/button_Language Selector' is clicked on

2022-10-07 18:38:39 - [TEST_STEP][PASSED] - delay(2): Delayed 2 second(s)

2022-10-07 18:38:41 - [MESSAGE][PASSED] - Delayed 2 second(s)

2022-10-07 18:38:41 - [TEST_STEP][PASSED] - click(findTestObject("03-Header Menu/Language/button_Italiano")): Object: 'Object Repository/03-Header Menu/Language/button_Italiano' is clicked on

2022-10-07 18:38:41 - [MESSAGE][PASSED] - Object: 'Object Repository/03-Header Menu/Language/button_Italiano' is clicked on

2022-10-07 18:38:41 - [TEST_STEP][PASSED] - delay(10): Delayed 10 second(s)

2022-10-07 18:38:51 - [MESSAGE][PASSED] - Delayed 10 second(s)

2022-10-07 18:38:51 - [TEST_STEP][PASSED] - verifyElementVisible(findTestObject("03-Header Menu/Language/Language Div/div_Pannello di controllo")): Object 'Object Repository/03-Header Menu/Language/Language Div/div_Pannello di controllo' is visible

2022-10-07 18:38:52 - [MESSAGE][PASSED] - Object 'Object Repository/03-Header Menu/Language/Language Div/div_Pannello di controllo' is visible

2022-10-07 18:38:52 - [TEST_STEP][PASSED] - verifyElementVisible(findTestObject("03-Header Menu/Language/Language Div/div_Impostazioni"), CONTINUE_ON_FAILURE): Object 'Object Repository/03-Header Menu/Language/Language Div/div_Impostazioni' is visible

2022-10-07 18:38:52 - [MESSAGE][PASSED] - Object 'Object Repository/03-Header Menu/Language/Language Div/div_Impostazioni' is visible

2022-10-07 18:38:52 - [TEST_STEP][PASSED] - click(findTestObject("03-Header Menu/Language/button_Language Selector")): Object: 'Object Repository/03-Header Menu/Language/button_Language Selector' is clicked on

2022-10-07 18:38:53 - [MESSAGE][PASSED] - Object: 'Object Repository/03-Header Menu/Language/button_Language Selector' is clicked on

2022-10-07 18:38:53 - [TEST_STEP][PASSED] - delay(2): Delayed 2 second(s)

2022-10-07 18:38:55 - [MESSAGE][PASSED] - Delayed 2 second(s)

2022-10-07 18:38:55 - [TEST_STEP][PASSED] - click(findTestObject("03-Header Menu/Language/button_English")): Object: 'Object Repository/03-Header Menu/Language/button_English' is clicked on

2022-10-07 18:38:55 - [MESSAGE][PASSED] - Object: 'Object Repository/03-Header Menu/Language/button_English' is clicked on

2022-10-07 18:38:55 - [TEST_STEP][PASSED] - delay(2): Delayed 2 second(s)

2022-10-07 18:38:57 - [MESSAGE][PASSED] - Delayed 2 second(s)

2022-10-07 18:38:57 - [TEST_STEP][PASSED] - verifyElementVisible(findTestObject("03-Header Menu/Language/Language Div/div_Dashboard")): Object 'Object Repository/03-Header Menu/Language/Language Div/div_Dashboard' is visible

2022-10-07 18:38:58 - [MESSAGE][PASSED] - Object 'Object Repository/03-Header Menu/Language/Language Div/div_Dashboard' is visible

2022-10-07 18:38:58 - [TEST_STEP][PASSED] - verifyElementVisible(findTestObject("03-Header Menu/Language/Language Div/div_Teams")): Object 'Object Repository/03-Header Menu/Language/Language Div/div_Teams' is visible

2022-10-07 18:38:58 - [MESSAGE][PASSED] - Object 'Object Repository/03-Header Menu/Language/Language Div/div_Teams' is visible

2022-10-07 18:38:58 - [TEST_STEP][PASSED] - delay(2): Delayed 2 second(s)

2022-10-07 18:39:00 - [MESSAGE][PASSED] - Delayed 2 second(s)]]></system-out>
         <system-err><![CDATA[]]></system-err>
      </testcase>
      <testcase name="Test Cases/03-Header Menu/03- Users Profile menu and notification button" time="16.865" classname="Test Cases/03-Header Menu/03- Users Profile menu and notification button" status="PASSED">
         <system-out><![CDATA[2022-10-07 18:39:00 - [TEST_CASE][PASSED] - Test Cases/03-Header Menu/03- Users Profile menu and notification button: Test Cases/03-Header Menu/03- Users Profile menu and notification button

2022-10-07 18:39:00 - [TEST_STEP][PASSED] - click(findTestObject("03-Header Menu/User Profile/Users Profile menu and notification button/button_notification bell"), CONTINUE_ON_FAILURE): Object: 'Object Repository/03-Header Menu/User Profile/Users Profile menu and notification button/button_notification bell' is clicked on

2022-10-07 18:39:01 - [MESSAGE][PASSED] - Object: 'Object Repository/03-Header Menu/User Profile/Users Profile menu and notification button/button_notification bell' is clicked on

2022-10-07 18:39:01 - [TEST_STEP][PASSED] - delay(2): Delayed 2 second(s)

2022-10-07 18:39:03 - [MESSAGE][PASSED] - Delayed 2 second(s)

2022-10-07 18:39:03 - [TEST_STEP][PASSED] - verifyElementVisible(findTestObject("03-Header Menu/User Profile/Users Profile menu and notification button/div_notification modal"), CONTINUE_ON_FAILURE): Object 'Object Repository/03-Header Menu/User Profile/Users Profile menu and notification button/div_notification modal' is visible

2022-10-07 18:39:03 - [MESSAGE][PASSED] - Object 'Object Repository/03-Header Menu/User Profile/Users Profile menu and notification button/div_notification modal' is visible

2022-10-07 18:39:03 - [TEST_STEP][PASSED] - delay(2): Delayed 2 second(s)

2022-10-07 18:39:05 - [MESSAGE][PASSED] - Delayed 2 second(s)

2022-10-07 18:39:05 - [TEST_STEP][PASSED] - clickOffset(findTestObject("03-Header Menu/User Profile/Users Profile menu and notification button/div_notification modal"), 100, 100, CONTINUE_ON_FAILURE): Object: 'Object Repository/03-Header Menu/User Profile/Users Profile menu and notification button/div_notification modal' is clicked on using offset x=100 and y=100

2022-10-07 18:39:06 - [MESSAGE][PASSED] - Object: 'Object Repository/03-Header Menu/User Profile/Users Profile menu and notification button/div_notification modal' is clicked on using offset x=100 and y=100

2022-10-07 18:39:06 - [TEST_STEP][PASSED] - click(findTestObject("03-Header Menu/User Profile/Users Profile menu and notification button/div_User drop down menu button")): Object: 'Object Repository/03-Header Menu/User Profile/Users Profile menu and notification button/div_User drop down menu button' is clicked on

2022-10-07 18:39:07 - [MESSAGE][PASSED] - Object: 'Object Repository/03-Header Menu/User Profile/Users Profile menu and notification button/div_User drop down menu button' is clicked on

2022-10-07 18:39:07 - [TEST_STEP][PASSED] - delay(1): Delayed 1 second(s)

2022-10-07 18:39:08 - [MESSAGE][PASSED] - Delayed 1 second(s)

2022-10-07 18:39:08 - [TEST_STEP][PASSED] - verifyElementVisible(findTestObject("03-Header Menu/User Profile/Users Profile menu and notification button/h4_View Profile")): Object 'Object Repository/03-Header Menu/User Profile/Users Profile menu and notification button/h4_View Profile' is visible

2022-10-07 18:39:08 - [MESSAGE][PASSED] - Object 'Object Repository/03-Header Menu/User Profile/Users Profile menu and notification button/h4_View Profile' is visible

2022-10-07 18:39:08 - [TEST_STEP][PASSED] - verifyElementVisible(findTestObject("03-Header Menu/User Profile/Users Profile menu and notification button/h4_Change Password")): Object 'Object Repository/03-Header Menu/User Profile/Users Profile menu and notification button/h4_Change Password' is visible

2022-10-07 18:39:08 - [MESSAGE][PASSED] - Object 'Object Repository/03-Header Menu/User Profile/Users Profile menu and notification button/h4_Change Password' is visible

2022-10-07 18:39:08 - [TEST_STEP][PASSED] - verifyElementVisible(findTestObject("03-Header Menu/User Profile/Users Profile menu and notification button/h4_Sign Out")): Object 'Object Repository/03-Header Menu/User Profile/Users Profile menu and notification button/h4_Sign Out' is visible

2022-10-07 18:39:09 - [MESSAGE][PASSED] - Object 'Object Repository/03-Header Menu/User Profile/Users Profile menu and notification button/h4_Sign Out' is visible

2022-10-07 18:39:09 - [TEST_STEP][PASSED] - delay(2): Delayed 2 second(s)

2022-10-07 18:39:11 - [MESSAGE][PASSED] - Delayed 2 second(s)

2022-10-07 18:39:11 - [TEST_STEP][PASSED] - click(findTestObject("03-Header Menu/User Profile/Users Profile menu and notification button/h4_Sign Out")): Object: 'Object Repository/03-Header Menu/User Profile/Users Profile menu and notification button/h4_Sign Out' is clicked on

2022-10-07 18:39:11 - [MESSAGE][PASSED] - Object: 'Object Repository/03-Header Menu/User Profile/Users Profile menu and notification button/h4_Sign Out' is clicked on

2022-10-07 18:39:11 - [TEST_STEP][PASSED] - verifyElementVisible(findTestObject("03-Header Menu/User Profile/Users Profile menu and notification button/Login card")): Object 'Object Repository/03-Header Menu/User Profile/Users Profile menu and notification button/Login card' is visible

2022-10-07 18:39:14 - [MESSAGE][PASSED] - Object 'Object Repository/03-Header Menu/User Profile/Users Profile menu and notification button/Login card' is visible

2022-10-07 18:39:14 - [TEST_STEP][PASSED] - delay(2): Delayed 2 second(s)

2022-10-07 18:39:16 - [MESSAGE][PASSED] - Delayed 2 second(s)

2022-10-07 18:39:16 - [TEST_STEP][PASSED] - closeBrowser(): Browser is closed

2022-10-07 18:39:17 - [MESSAGE][PASSED] - Browser is closed]]></system-out>
         <system-err><![CDATA[]]></system-err>
      </testcase>
      <testcase name="Test Cases/03-Header Menu/04- View Profile" time="64.992" classname="Test Cases/03-Header Menu/04- View Profile" status="PASSED">
         <system-out><![CDATA[2022-10-07 18:39:17 - [TEST_CASE][PASSED] - Test Cases/03-Header Menu/04- View Profile: Test Cases/03-Header Menu/04- View Profile

2022-10-07 18:39:17 - [TEST_STEP][PASSED] - openBrowser(""): Browser is opened with url: ''

2022-10-07 18:39:17 - [MESSAGE][INFO] - Starting 'Chrome' driver

2022-10-07 18:39:17 - [MESSAGE][INFO] - Action delay is set to 0 milliseconds

2022-10-07 18:39:18 - [MESSAGE][PASSED] - Browser is opened with url: ''

2022-10-07 18:39:18 - [TEST_STEP][PASSED] - navigateToUrl("https://lab.everleagues.com/"): Navigate to 'https://lab.everleagues.com/' successfully

2022-10-07 18:39:33 - [MESSAGE][PASSED] - Navigate to 'https://lab.everleagues.com/' successfully

2022-10-07 18:39:33 - [TEST_STEP][PASSED] - maximizeWindow(): Current window maximized

2022-10-07 18:39:33 - [MESSAGE][PASSED] - Current window maximized

2022-10-07 18:39:33 - [TEST_STEP][PASSED] - setText(findTestObject("02-Side Icons(Organization)/Add Contact/Email Field"), "testuser02@mailinator.com"): Text 'testuser02@mailinator.com' is set on object 'Object Repository/02-Side Icons(Organization)/Add Contact/Email Field'

2022-10-07 18:39:34 - [MESSAGE][PASSED] - Text 'testuser02@mailinator.com' is set on object 'Object Repository/02-Side Icons(Organization)/Add Contact/Email Field'

2022-10-07 18:39:34 - [TEST_STEP][PASSED] - setEncryptedText(findTestObject("02-Side Icons(Organization)/Add Contact/Password Field"), "8yFRyszE6U6jvsCn51OQbg=="): Text ****** has been set on object 'Object Repository/02-Side Icons(Organization)/Add Contact/Password Field'

2022-10-07 18:39:34 - [MESSAGE][PASSED] - Text ****** has been set on object 'Object Repository/02-Side Icons(Organization)/Add Contact/Password Field'

2022-10-07 18:39:34 - [TEST_STEP][PASSED] - click(findTestObject("02-Side Icons(Organization)/Add Contact/button_Sign in")): Object: 'Object Repository/02-Side Icons(Organization)/Add Contact/button_Sign in' is clicked on

2022-10-07 18:39:35 - [MESSAGE][PASSED] - Object: 'Object Repository/02-Side Icons(Organization)/Add Contact/button_Sign in' is clicked on

2022-10-07 18:39:35 - [TEST_STEP][PASSED] - delay(2): Delayed 2 second(s)

2022-10-07 18:39:37 - [MESSAGE][PASSED] - Delayed 2 second(s)

2022-10-07 18:39:37 - [TEST_STEP][PASSED] - click(findTestObject("06-Teams/For 2FA/button_Confirm_2FA")): Object: 'Object Repository/06-Teams/For 2FA/button_Confirm_2FA' is clicked on

2022-10-07 18:39:37 - [MESSAGE][PASSED] - Object: 'Object Repository/06-Teams/For 2FA/button_Confirm_2FA' is clicked on

2022-10-07 18:39:37 - [TEST_STEP][PASSED] - executeJavaScript("window.open();", []): Execute JavaScript 'window.open();' successfully

2022-10-07 18:39:37 - [MESSAGE][PASSED] - Execute JavaScript 'window.open();' successfully

2022-10-07 18:39:37 - [TEST_STEP][PASSED] - currentWindow = getWindowIndex(): Current window's index is: 0

2022-10-07 18:39:37 - [MESSAGE][PASSED] - Current window's index is: 0

2022-10-07 18:39:37 - [TEST_STEP][PASSED] - delay(3): Delayed 3 second(s)

2022-10-07 18:39:40 - [MESSAGE][PASSED] - Delayed 3 second(s)

2022-10-07 18:39:40 - [TEST_STEP][PASSED] - switchToWindowIndex(currentWindow + 1): Switched to window with index: '1'

2022-10-07 18:39:40 - [MESSAGE][PASSED] - Switched to window with index: '1'

2022-10-07 18:39:40 - [TEST_STEP][PASSED] - navigateToUrl("https://www.mailinator.com/"): Navigate to 'https://www.mailinator.com/' successfully

2022-10-07 18:39:43 - [MESSAGE][PASSED] - Navigate to 'https://www.mailinator.com/' successfully

2022-10-07 18:39:43 - [TEST_STEP][PASSED] - delay(3): Delayed 3 second(s)

2022-10-07 18:39:46 - [MESSAGE][PASSED] - Delayed 3 second(s)

2022-10-07 18:39:46 - [TEST_STEP][PASSED] - setText(findTestObject("00-Signup and Activation/zMailinator/input_LOGIN_search"), "testuser02@mailinator.com"): Text 'testuser02@mailinator.com' is set on object 'Object Repository/00-Signup and Activation/zMailinator/input_LOGIN_search'

2022-10-07 18:39:47 - [MESSAGE][PASSED] - Text 'testuser02@mailinator.com' is set on object 'Object Repository/00-Signup and Activation/zMailinator/input_LOGIN_search'

2022-10-07 18:39:47 - [TEST_STEP][PASSED] - click(findTestObject("00-Signup and Activation/zMailinator/gobutton"), STOP_ON_FAILURE): Object: 'Object Repository/00-Signup and Activation/zMailinator/gobutton' is clicked on

2022-10-07 18:39:48 - [MESSAGE][PASSED] - Object: 'Object Repository/00-Signup and Activation/zMailinator/gobutton' is clicked on

2022-10-07 18:39:48 - [TEST_STEP][PASSED] - delay(3): Delayed 3 second(s)

2022-10-07 18:39:51 - [MESSAGE][PASSED] - Delayed 3 second(s)

2022-10-07 18:39:51 - [TEST_STEP][PASSED] - click(findTestObject("00-Signup and Activation/zMailinator/Email - everleagues")): Object: 'Object Repository/00-Signup and Activation/zMailinator/Email - everleagues' is clicked on

2022-10-07 18:39:52 - [MESSAGE][PASSED] - Object: 'Object Repository/00-Signup and Activation/zMailinator/Email - everleagues' is clicked on

2022-10-07 18:39:52 - [TEST_STEP][PASSED] - delay(3): Delayed 3 second(s)

2022-10-07 18:39:55 - [MESSAGE][PASSED] - Delayed 3 second(s)

2022-10-07 18:39:55 - [TEST_STEP][PASSED] - code = getText(findTestObject("Object Repository/06-Teams/For 2FA/2FA code")): Text of object 'Object Repository/06-Teams/For 2FA/2FA code' is: '560693'

2022-10-07 18:39:55 - [MESSAGE][PASSED] - Text of object 'Object Repository/06-Teams/For 2FA/2FA code' is: '560693'

2022-10-07 18:39:55 - [TEST_STEP][PASSED] - delay(3): Delayed 3 second(s)

2022-10-07 18:39:58 - [MESSAGE][PASSED] - Delayed 3 second(s)

2022-10-07 18:39:58 - [TEST_STEP][PASSED] - closeWindowTitle("Mailinator"): Window with title: 'Mailinator' is closed

2022-10-07 18:39:58 - [MESSAGE][PASSED] - Window with title: 'Mailinator' is closed

2022-10-07 18:39:58 - [TEST_STEP][PASSED] - delay(3): Delayed 3 second(s)

2022-10-07 18:40:01 - [MESSAGE][PASSED] - Delayed 3 second(s)

2022-10-07 18:40:01 - [TEST_STEP][PASSED] - switchToWindowIndex(0): Switched to window with index: '0'

2022-10-07 18:40:01 - [MESSAGE][PASSED] - Switched to window with index: '0'

2022-10-07 18:40:01 - [TEST_STEP][PASSED] - delay(3): Delayed 3 second(s)

2022-10-07 18:40:04 - [MESSAGE][PASSED] - Delayed 3 second(s)

2022-10-07 18:40:04 - [TEST_STEP][PASSED] - setText(findTestObject("Object Repository/06-Teams/For 2FA/input_Enter verification code_code"), code): Text '560693' is set on object 'Object Repository/06-Teams/For 2FA/input_Enter verification code_code'

2022-10-07 18:40:05 - [MESSAGE][PASSED] - Text '560693' is set on object 'Object Repository/06-Teams/For 2FA/input_Enter verification code_code'

2022-10-07 18:40:05 - [TEST_STEP][PASSED] - delay(3): Delayed 3 second(s)

2022-10-07 18:40:08 - [MESSAGE][PASSED] - Delayed 3 second(s)

2022-10-07 18:40:08 - [TEST_STEP][PASSED] - click(findTestObject("06-Teams/For 2FA/button_Verify_2FA")): Object: 'Object Repository/06-Teams/For 2FA/button_Verify_2FA' is clicked on

2022-10-07 18:40:09 - [MESSAGE][PASSED] - Object: 'Object Repository/06-Teams/For 2FA/button_Verify_2FA' is clicked on

2022-10-07 18:40:09 - [TEST_STEP][PASSED] - delay(5): Delayed 5 second(s)

2022-10-07 18:40:14 - [MESSAGE][PASSED] - Delayed 5 second(s)

2022-10-07 18:40:14 - [TEST_STEP][PASSED] - click(findTestObject("03-Header Menu/User Profile/Users Profile menu and notification button/div_User drop down menu button")): Object: 'Object Repository/03-Header Menu/User Profile/Users Profile menu and notification button/div_User drop down menu button' is clicked on

2022-10-07 18:40:15 - [MESSAGE][PASSED] - Object: 'Object Repository/03-Header Menu/User Profile/Users Profile menu and notification button/div_User drop down menu button' is clicked on

2022-10-07 18:40:15 - [TEST_STEP][PASSED] - delay(1): Delayed 1 second(s)

2022-10-07 18:40:16 - [MESSAGE][PASSED] - Delayed 1 second(s)

2022-10-07 18:40:16 - [TEST_STEP][PASSED] - click(findTestObject("03-Header Menu/User Profile/Users Profile menu and notification button/h4_View Profile")): Object: 'Object Repository/03-Header Menu/User Profile/Users Profile menu and notification button/h4_View Profile' is clicked on

2022-10-07 18:40:17 - [MESSAGE][PASSED] - Object: 'Object Repository/03-Header Menu/User Profile/Users Profile menu and notification button/h4_View Profile' is clicked on

2022-10-07 18:40:17 - [TEST_STEP][PASSED] - delay(2): Delayed 2 second(s)

2022-10-07 18:40:19 - [MESSAGE][PASSED] - Delayed 2 second(s)

2022-10-07 18:40:19 - [TEST_STEP][PASSED] - verifyElementVisible(findTestObject("03-Header Menu/User Profile/View Profile/div_Contact Info")): Object 'Object Repository/03-Header Menu/User Profile/View Profile/div_Contact Info' is visible

2022-10-07 18:40:19 - [MESSAGE][PASSED] - Object 'Object Repository/03-Header Menu/User Profile/View Profile/div_Contact Info' is visible

2022-10-07 18:40:19 - [TEST_STEP][PASSED] - verifyElementVisible(findTestObject("03-Header Menu/User Profile/View Profile/div_Profile")): Object 'Object Repository/03-Header Menu/User Profile/View Profile/div_Profile' is visible

2022-10-07 18:40:19 - [MESSAGE][PASSED] - Object 'Object Repository/03-Header Menu/User Profile/View Profile/div_Profile' is visible

2022-10-07 18:40:19 - [TEST_STEP][PASSED] - verifyElementVisible(findTestObject("03-Header Menu/User Profile/View Profile/div_Security")): Object 'Object Repository/03-Header Menu/User Profile/View Profile/div_Security' is visible

2022-10-07 18:40:20 - [MESSAGE][PASSED] - Object 'Object Repository/03-Header Menu/User Profile/View Profile/div_Security' is visible

2022-10-07 18:40:20 - [TEST_STEP][PASSED] - verifyElementVisible(findTestObject("03-Header Menu/User Profile/View Profile/div_Settings")): Object 'Object Repository/03-Header Menu/User Profile/View Profile/div_Settings' is visible

2022-10-07 18:40:20 - [MESSAGE][PASSED] - Object 'Object Repository/03-Header Menu/User Profile/View Profile/div_Settings' is visible

2022-10-07 18:40:20 - [TEST_STEP][PASSED] - delay(2): Delayed 2 second(s)

2022-10-07 18:40:22 - [MESSAGE][PASSED] - Delayed 2 second(s)]]></system-out>
         <system-err><![CDATA[]]></system-err>
      </testcase>
      <testcase name="Test Cases/03-Header Menu/05 - Edit Profile Tab (No changes made)" time="7.334" classname="Test Cases/03-Header Menu/05 - Edit Profile Tab (No changes made)" status="PASSED">
         <system-out><![CDATA[2022-10-07 18:40:22 - [TEST_CASE][PASSED] - Test Cases/03-Header Menu/05 - Edit Profile Tab (No changes made): Test Cases/03-Header Menu/05 - Edit Profile Tab (No changes made)

2022-10-07 18:40:22 - [TEST_STEP][PASSED] - mouseOver(findTestObject("03-Header Menu/User Profile/View Profile/Profile Tab/img tray")): Object: 'Object Repository/03-Header Menu/User Profile/View Profile/Profile Tab/img tray' is hovered

2022-10-07 18:40:23 - [MESSAGE][PASSED] - Object: 'Object Repository/03-Header Menu/User Profile/View Profile/Profile Tab/img tray' is hovered

2022-10-07 18:40:23 - [TEST_STEP][PASSED] - click(findTestObject("03-Header Menu/User Profile/View Profile/Profile Tab/Upload Icon")): Object: 'Object Repository/03-Header Menu/User Profile/View Profile/Profile Tab/Upload Icon' is clicked on

2022-10-07 18:40:23 - [MESSAGE][PASSED] - Object: 'Object Repository/03-Header Menu/User Profile/View Profile/Profile Tab/Upload Icon' is clicked on

2022-10-07 18:40:23 - [TEST_STEP][PASSED] - delay(2): Delayed 2 second(s)

2022-10-07 18:40:25 - [MESSAGE][PASSED] - Delayed 2 second(s)

2022-10-07 18:40:25 - [TEST_STEP][PASSED] - verifyElementVisible(findTestObject("03-Header Menu/User Profile/View Profile/Profile Tab/Upload User Image modal")): Object 'Object Repository/03-Header Menu/User Profile/View Profile/Profile Tab/Upload User Image modal' is visible

2022-10-07 18:40:26 - [MESSAGE][PASSED] - Object 'Object Repository/03-Header Menu/User Profile/View Profile/Profile Tab/Upload User Image modal' is visible

2022-10-07 18:40:26 - [TEST_STEP][PASSED] - verifyElementNotClickable(findTestObject("03-Header Menu/User Profile/View Profile/Profile Tab/button_Upload Image")): Object 'Object Repository/03-Header Menu/User Profile/View Profile/Profile Tab/button_Upload Image' is NOT clickable

2022-10-07 18:40:26 - [MESSAGE][PASSED] - Object 'Object Repository/03-Header Menu/User Profile/View Profile/Profile Tab/button_Upload Image' is NOT clickable

2022-10-07 18:40:26 - [TEST_STEP][PASSED] - delay(1): Delayed 1 second(s)

2022-10-07 18:40:27 - [MESSAGE][PASSED] - Delayed 1 second(s)

2022-10-07 18:40:27 - [TEST_STEP][PASSED] - click(findTestObject("03-Header Menu/User Profile/View Profile/Profile Tab/button_Cancel")): Object: 'Object Repository/03-Header Menu/User Profile/View Profile/Profile Tab/button_Cancel' is clicked on

2022-10-07 18:40:27 - [MESSAGE][PASSED] - Object: 'Object Repository/03-Header Menu/User Profile/View Profile/Profile Tab/button_Cancel' is clicked on

2022-10-07 18:40:27 - [TEST_STEP][PASSED] - delay(2): Delayed 2 second(s)

2022-10-07 18:40:29 - [MESSAGE][PASSED] - Delayed 2 second(s)]]></system-out>
         <system-err><![CDATA[]]></system-err>
      </testcase>
      <testcase name="Test Cases/03-Header Menu/06- Edit Profile Tab (with changes)" time="32.4" classname="Test Cases/03-Header Menu/06- Edit Profile Tab (with changes)" status="PASSED">
         <system-out><![CDATA[2022-10-07 18:40:29 - [TEST_CASE][PASSED] - Test Cases/03-Header Menu/06- Edit Profile Tab (with changes): Test Cases/03-Header Menu/06- Edit Profile Tab (with changes)

2022-10-07 18:40:30 - [TEST_STEP][PASSED] - delay(3): Delayed 3 second(s)

2022-10-07 18:40:33 - [MESSAGE][PASSED] - Delayed 3 second(s)

2022-10-07 18:40:33 - [TEST_STEP][PASSED] - setText(findTestObject("03-Header Menu/User Profile/View Profile/Profile Tab/input_FirstName"), "THIS IS"): Text 'THIS IS' is set on object 'Object Repository/03-Header Menu/User Profile/View Profile/Profile Tab/input_FirstName'

2022-10-07 18:40:34 - [MESSAGE][PASSED] - Text 'THIS IS' is set on object 'Object Repository/03-Header Menu/User Profile/View Profile/Profile Tab/input_FirstName'

2022-10-07 18:40:34 - [TEST_STEP][PASSED] - setText(findTestObject("03-Header Menu/User Profile/View Profile/Profile Tab/input_LastName"), "AUTOMATION"): Text 'AUTOMATION' is set on object 'Object Repository/03-Header Menu/User Profile/View Profile/Profile Tab/input_LastName'

2022-10-07 18:40:34 - [MESSAGE][PASSED] - Text 'AUTOMATION' is set on object 'Object Repository/03-Header Menu/User Profile/View Profile/Profile Tab/input_LastName'

2022-10-07 18:40:34 - [TEST_STEP][PASSED] - delay(2): Delayed 2 second(s)

2022-10-07 18:40:36 - [MESSAGE][PASSED] - Delayed 2 second(s)

2022-10-07 18:40:36 - [TEST_STEP][PASSED] - click(findTestObject("03-Header Menu/User Profile/View Profile/Profile Tab/button_Save")): Object: 'Object Repository/03-Header Menu/User Profile/View Profile/Profile Tab/button_Save' is clicked on

2022-10-07 18:40:37 - [MESSAGE][PASSED] - Object: 'Object Repository/03-Header Menu/User Profile/View Profile/Profile Tab/button_Save' is clicked on

2022-10-07 18:40:37 - [TEST_STEP][PASSED] - verifyElementVisible(findTestObject("03-Header Menu/User Profile/View Profile/Profile Tab/success msg")): Object 'Object Repository/03-Header Menu/User Profile/View Profile/Profile Tab/success msg' is visible

2022-10-07 18:40:39 - [MESSAGE][PASSED] - Object 'Object Repository/03-Header Menu/User Profile/View Profile/Profile Tab/success msg' is visible

2022-10-07 18:40:39 - [TEST_STEP][PASSED] - delay(2): Delayed 2 second(s)

2022-10-07 18:40:41 - [MESSAGE][PASSED] - Delayed 2 second(s)

2022-10-07 18:40:41 - [TEST_STEP][PASSED] - setText(findTestObject("03-Header Menu/User Profile/View Profile/Profile Tab/input_FirstName"), "GG"): Text 'GG' is set on object 'Object Repository/03-Header Menu/User Profile/View Profile/Profile Tab/input_FirstName'

2022-10-07 18:40:42 - [MESSAGE][PASSED] - Text 'GG' is set on object 'Object Repository/03-Header Menu/User Profile/View Profile/Profile Tab/input_FirstName'

2022-10-07 18:40:42 - [TEST_STEP][PASSED] - setText(findTestObject("03-Header Menu/User Profile/View Profile/Profile Tab/input_LastName"), "TESTER"): Text 'TESTER' is set on object 'Object Repository/03-Header Menu/User Profile/View Profile/Profile Tab/input_LastName'

2022-10-07 18:40:43 - [MESSAGE][PASSED] - Text 'TESTER' is set on object 'Object Repository/03-Header Menu/User Profile/View Profile/Profile Tab/input_LastName'

2022-10-07 18:40:43 - [TEST_STEP][PASSED] - delay(2): Delayed 2 second(s)

2022-10-07 18:40:45 - [MESSAGE][PASSED] - Delayed 2 second(s)

2022-10-07 18:40:45 - [TEST_STEP][PASSED] - click(findTestObject("03-Header Menu/User Profile/View Profile/Profile Tab/button_Save")): Object: 'Object Repository/03-Header Menu/User Profile/View Profile/Profile Tab/button_Save' is clicked on

2022-10-07 18:40:45 - [MESSAGE][PASSED] - Object: 'Object Repository/03-Header Menu/User Profile/View Profile/Profile Tab/button_Save' is clicked on

2022-10-07 18:40:45 - [TEST_STEP][PASSED] - delay(3): Delayed 3 second(s)

2022-10-07 18:40:48 - [MESSAGE][PASSED] - Delayed 3 second(s)

2022-10-07 18:40:48 - [TEST_STEP][PASSED] - verifyElementVisible(findTestObject("03-Header Menu/User Profile/View Profile/Profile Tab/success msg")): Object 'Object Repository/03-Header Menu/User Profile/View Profile/Profile Tab/success msg' is visible

2022-10-07 18:40:49 - [MESSAGE][PASSED] - Object 'Object Repository/03-Header Menu/User Profile/View Profile/Profile Tab/success msg' is visible

2022-10-07 18:40:49 - [TEST_STEP][PASSED] - delay(2): Delayed 2 second(s)

2022-10-07 18:40:51 - [MESSAGE][PASSED] - Delayed 2 second(s)

2022-10-07 18:40:51 - [TEST_STEP][PASSED] - mouseOver(findTestObject("03-Header Menu/User Profile/View Profile/Profile Tab/img tray")): Object: 'Object Repository/03-Header Menu/User Profile/View Profile/Profile Tab/img tray' is hovered

2022-10-07 18:40:51 - [MESSAGE][PASSED] - Object: 'Object Repository/03-Header Menu/User Profile/View Profile/Profile Tab/img tray' is hovered

2022-10-07 18:40:51 - [TEST_STEP][PASSED] - click(findTestObject("03-Header Menu/User Profile/View Profile/Profile Tab/Upload Icon")): Object: 'Object Repository/03-Header Menu/User Profile/View Profile/Profile Tab/Upload Icon' is clicked on

2022-10-07 18:40:52 - [MESSAGE][PASSED] - Object: 'Object Repository/03-Header Menu/User Profile/View Profile/Profile Tab/Upload Icon' is clicked on

2022-10-07 18:40:52 - [TEST_STEP][PASSED] - uploadpackage.Upload.uploadFile(findTestObject("Object Repository/03-Header Menu/User Profile/View Profile/Profile Tab/button_folderBrowse"), "C:\Users\User\Desktop\EL automation\qa.jpg"): uploadpackage.Upload.uploadFile is PASSED

2022-10-07 18:40:53 - [MESSAGE][PASSED] - Object: 'Object Repository/03-Header Menu/User Profile/View Profile/Profile Tab/button_folderBrowse' is clicked on

2022-10-07 18:40:53 - [MESSAGE][PASSED] - uploadpackage.Upload.uploadFile is PASSED

2022-10-07 18:40:53 - [TEST_STEP][PASSED] - delay(2): Delayed 2 second(s)

2022-10-07 18:40:55 - [MESSAGE][PASSED] - Delayed 2 second(s)

2022-10-07 18:40:55 - [TEST_STEP][PASSED] - click(findTestObject("03-Header Menu/User Profile/View Profile/Profile Tab/button_Upload Image")): Object: 'Object Repository/03-Header Menu/User Profile/View Profile/Profile Tab/button_Upload Image' is clicked on

2022-10-07 18:40:55 - [MESSAGE][PASSED] - Object: 'Object Repository/03-Header Menu/User Profile/View Profile/Profile Tab/button_Upload Image' is clicked on

2022-10-07 18:40:55 - [TEST_STEP][PASSED] - delay(3): Delayed 3 second(s)

2022-10-07 18:40:58 - [MESSAGE][PASSED] - Delayed 3 second(s)

2022-10-07 18:40:58 - [TEST_STEP][PASSED] - verifyElementVisible(findTestObject("03-Header Menu/User Profile/View Profile/Contact Info/Successfully changed profile image")): Object 'Object Repository/03-Header Menu/User Profile/View Profile/Contact Info/Successfully changed profile image' is visible

2022-10-07 18:40:59 - [MESSAGE][PASSED] - Object 'Object Repository/03-Header Menu/User Profile/View Profile/Contact Info/Successfully changed profile image' is visible

2022-10-07 18:40:59 - [TEST_STEP][PASSED] - delay(3): Delayed 3 second(s)

2022-10-07 18:41:02 - [MESSAGE][PASSED] - Delayed 3 second(s)]]></system-out>
         <system-err><![CDATA[]]></system-err>
      </testcase>
      <testcase name="Test Cases/03-Header Menu/07- Security Tab (Blank phone number field)" time="21.34" classname="Test Cases/03-Header Menu/07- Security Tab (Blank phone number field)" status="PASSED">
         <system-out><![CDATA[2022-10-07 18:41:02 - [TEST_CASE][PASSED] - Test Cases/03-Header Menu/07- Security Tab (Blank phone number field): Test Cases/03-Header Menu/07- Security Tab (Blank phone number field)

2022-10-07 18:41:02 - [TEST_STEP][PASSED] - click(findTestObject("03-Header Menu/User Profile/View Profile/div_Security")): Object: 'Object Repository/03-Header Menu/User Profile/View Profile/div_Security' is clicked on

2022-10-07 18:41:02 - [MESSAGE][PASSED] - Object: 'Object Repository/03-Header Menu/User Profile/View Profile/div_Security' is clicked on

2022-10-07 18:41:02 - [TEST_STEP][PASSED] - delay(1): Delayed 1 second(s)

2022-10-07 18:41:03 - [MESSAGE][PASSED] - Delayed 1 second(s)

2022-10-07 18:41:03 - [TEST_STEP][PASSED] - verifyElementVisible(findTestObject("03-Header Menu/User Profile/View Profile/Security Tab (2FA)/title_2FA")): Object 'Object Repository/03-Header Menu/User Profile/View Profile/Security Tab (2FA)/title_2FA' is visible

2022-10-07 18:41:04 - [MESSAGE][PASSED] - Object 'Object Repository/03-Header Menu/User Profile/View Profile/Security Tab (2FA)/title_2FA' is visible

2022-10-07 18:41:04 - [TEST_STEP][PASSED] - verifyElementVisible(findTestObject("03-Header Menu/User Profile/View Profile/Security Tab (2FA)/2FA_toggle")): Object 'Object Repository/03-Header Menu/User Profile/View Profile/Security Tab (2FA)/2FA_toggle' is visible

2022-10-07 18:41:04 - [MESSAGE][PASSED] - Object 'Object Repository/03-Header Menu/User Profile/View Profile/Security Tab (2FA)/2FA_toggle' is visible

2022-10-07 18:41:04 - [TEST_STEP][PASSED] - verifyElementVisible(findTestObject("03-Header Menu/User Profile/View Profile/Security Tab (2FA)/input_Email")): Object 'Object Repository/03-Header Menu/User Profile/View Profile/Security Tab (2FA)/input_Email' is visible

2022-10-07 18:41:04 - [MESSAGE][PASSED] - Object 'Object Repository/03-Header Menu/User Profile/View Profile/Security Tab (2FA)/input_Email' is visible

2022-10-07 18:41:04 - [TEST_STEP][PASSED] - delay(1): Delayed 1 second(s)

2022-10-07 18:41:05 - [MESSAGE][PASSED] - Delayed 1 second(s)

2022-10-07 18:41:05 - [TEST_STEP][PASSED] - verifyElementNotPresent(findTestObject("03-Header Menu/User Profile/View Profile/Security Tab (2FA)/button_edit"), 0): Web element with id: 'Object Repository/03-Header Menu/User Profile/View Profile/Security Tab (2FA)/button_edit' located by 'By.xpath: //button[@type = 'button' and (text() = 'edit' or . = 'edit')]' is not present after '30' second(s)

2022-10-07 18:41:06 - [MESSAGE][WARNING] - Timeout '0' is invalid. Using default page load timeout: '30'

2022-10-07 18:41:06 - [MESSAGE][PASSED] - Web element with id: 'Object Repository/03-Header Menu/User Profile/View Profile/Security Tab (2FA)/button_edit' located by 'By.xpath: //button[@type = 'button' and (text() = 'edit' or . = 'edit')]' is not present after '30' second(s)

2022-10-07 18:41:06 - [TEST_STEP][PASSED] - delay(1): Delayed 1 second(s)

2022-10-07 18:41:07 - [MESSAGE][PASSED] - Delayed 1 second(s)

2022-10-07 18:41:07 - [TEST_STEP][PASSED] - click(findTestObject("03-Header Menu/User Profile/View Profile/Security Tab (2FA)/2FA_toggle")): Object: 'Object Repository/03-Header Menu/User Profile/View Profile/Security Tab (2FA)/2FA_toggle' is clicked on

2022-10-07 18:41:07 - [MESSAGE][PASSED] - Object: 'Object Repository/03-Header Menu/User Profile/View Profile/Security Tab (2FA)/2FA_toggle' is clicked on

2022-10-07 18:41:07 - [TEST_STEP][PASSED] - verifyElementVisible(findTestObject("03-Header Menu/User Profile/View Profile/Security Tab (2FA)/Success enable")): Object 'Object Repository/03-Header Menu/User Profile/View Profile/Security Tab (2FA)/Success enable' is visible

2022-10-07 18:41:08 - [MESSAGE][PASSED] - Object 'Object Repository/03-Header Menu/User Profile/View Profile/Security Tab (2FA)/Success enable' is visible

2022-10-07 18:41:08 - [TEST_STEP][PASSED] - delay(1): Delayed 1 second(s)

2022-10-07 18:41:09 - [MESSAGE][PASSED] - Delayed 1 second(s)

2022-10-07 18:41:09 - [TEST_STEP][PASSED] - click(findTestObject("03-Header Menu/User Profile/View Profile/Security Tab (2FA)/button_edit")): Object: 'Object Repository/03-Header Menu/User Profile/View Profile/Security Tab (2FA)/button_edit' is clicked on

2022-10-07 18:41:10 - [MESSAGE][PASSED] - Object: 'Object Repository/03-Header Menu/User Profile/View Profile/Security Tab (2FA)/button_edit' is clicked on

2022-10-07 18:41:10 - [TEST_STEP][PASSED] - verifyElementVisible(findTestObject("03-Header Menu/User Profile/View Profile/Security Tab (2FA)/2FA Phone Number modal")): Object 'Object Repository/03-Header Menu/User Profile/View Profile/Security Tab (2FA)/2FA Phone Number modal' is visible

2022-10-07 18:41:18 - [MESSAGE][PASSED] - Object 'Object Repository/03-Header Menu/User Profile/View Profile/Security Tab (2FA)/2FA Phone Number modal' is visible

2022-10-07 18:41:18 - [TEST_STEP][PASSED] - click(findTestObject("03-Header Menu/User Profile/View Profile/Security Tab (2FA)/h4_Edit 2FA Phone Number")): Object: 'Object Repository/03-Header Menu/User Profile/View Profile/Security Tab (2FA)/h4_Edit 2FA Phone Number' is clicked on

2022-10-07 18:41:19 - [MESSAGE][PASSED] - Object: 'Object Repository/03-Header Menu/User Profile/View Profile/Security Tab (2FA)/h4_Edit 2FA Phone Number' is clicked on

2022-10-07 18:41:19 - [TEST_STEP][PASSED] - delay(3): Delayed 3 second(s)

2022-10-07 18:41:22 - [MESSAGE][PASSED] - Delayed 3 second(s)

2022-10-07 18:41:22 - [TEST_STEP][PASSED] - verifyElementVisible(findTestObject("03-Header Menu/User Profile/View Profile/Security Tab (2FA)/Phone_Error")): Object 'Object Repository/03-Header Menu/User Profile/View Profile/Security Tab (2FA)/Phone_Error' is visible

2022-10-07 18:41:22 - [MESSAGE][PASSED] - Object 'Object Repository/03-Header Menu/User Profile/View Profile/Security Tab (2FA)/Phone_Error' is visible

2022-10-07 18:41:22 - [TEST_STEP][PASSED] - delay(1): Delayed 1 second(s)

2022-10-07 18:41:23 - [MESSAGE][PASSED] - Delayed 1 second(s)]]></system-out>
         <system-err><![CDATA[]]></system-err>
      </testcase>
      <testcase name="Test Cases/03-Header Menu/08-Security Tab (Wrong phone number)" time="16.476" classname="Test Cases/03-Header Menu/08-Security Tab (Wrong phone number)" status="PASSED">
         <system-out><![CDATA[2022-10-07 18:41:23 - [TEST_CASE][PASSED] - Test Cases/03-Header Menu/08-Security Tab (Wrong phone number): Test Cases/03-Header Menu/08-Security Tab (Wrong phone number)

2022-10-07 18:41:23 - [TEST_STEP][PASSED] - click(findTestObject("03-Header Menu/User Profile/View Profile/Security Tab (2FA)/button_area code")): Object: 'Object Repository/03-Header Menu/User Profile/View Profile/Security Tab (2FA)/button_area code' is clicked on

2022-10-07 18:41:24 - [MESSAGE][PASSED] - Object: 'Object Repository/03-Header Menu/User Profile/View Profile/Security Tab (2FA)/button_area code' is clicked on

2022-10-07 18:41:24 - [TEST_STEP][PASSED] - verifyElementVisible(findTestObject("03-Header Menu/User Profile/View Profile/Security Tab (2FA)/Area code modal")): Object 'Object Repository/03-Header Menu/User Profile/View Profile/Security Tab (2FA)/Area code modal' is visible

2022-10-07 18:41:24 - [MESSAGE][PASSED] - Object 'Object Repository/03-Header Menu/User Profile/View Profile/Security Tab (2FA)/Area code modal' is visible

2022-10-07 18:41:24 - [TEST_STEP][PASSED] - setText(findTestObject("03-Header Menu/User Profile/View Profile/Security Tab (2FA)/area code search"), "PH"): Text 'PH' is set on object 'Object Repository/03-Header Menu/User Profile/View Profile/Security Tab (2FA)/area code search'

2022-10-07 18:41:25 - [MESSAGE][PASSED] - Text 'PH' is set on object 'Object Repository/03-Header Menu/User Profile/View Profile/Security Tab (2FA)/area code search'

2022-10-07 18:41:25 - [TEST_STEP][PASSED] - click(findTestObject("03-Header Menu/User Profile/View Profile/Security Tab (2FA)/button_Philippines 63")): Object: 'Object Repository/03-Header Menu/User Profile/View Profile/Security Tab (2FA)/button_Philippines 63' is clicked on

2022-10-07 18:41:26 - [MESSAGE][PASSED] - Object: 'Object Repository/03-Header Menu/User Profile/View Profile/Security Tab (2FA)/button_Philippines 63' is clicked on

2022-10-07 18:41:26 - [TEST_STEP][PASSED] - setText(findTestObject("03-Header Menu/User Profile/View Profile/Security Tab (2FA)/input_phone number"), "212968902"): Text '212968902' is set on object 'Object Repository/03-Header Menu/User Profile/View Profile/Security Tab (2FA)/input_phone number'

2022-10-07 18:41:27 - [MESSAGE][PASSED] - Text '212968902' is set on object 'Object Repository/03-Header Menu/User Profile/View Profile/Security Tab (2FA)/input_phone number'

2022-10-07 18:41:27 - [TEST_STEP][PASSED] - delay(2): Delayed 2 second(s)

2022-10-07 18:41:29 - [MESSAGE][PASSED] - Delayed 2 second(s)

2022-10-07 18:41:29 - [TEST_STEP][PASSED] - click(findTestObject("03-Header Menu/User Profile/View Profile/Security Tab (2FA)/button_Next")): Object: 'Object Repository/03-Header Menu/User Profile/View Profile/Security Tab (2FA)/button_Next' is clicked on

2022-10-07 18:41:30 - [MESSAGE][PASSED] - Object: 'Object Repository/03-Header Menu/User Profile/View Profile/Security Tab (2FA)/button_Next' is clicked on

2022-10-07 18:41:30 - [TEST_STEP][PASSED] - delay(1): Delayed 1 second(s)

2022-10-07 18:41:31 - [MESSAGE][PASSED] - Delayed 1 second(s)

2022-10-07 18:41:31 - [TEST_STEP][PASSED] - verifyElementVisible(findTestObject("03-Header Menu/User Profile/View Profile/Security Tab (2FA)/div_Failed to send SMS")): Object 'Object Repository/03-Header Menu/User Profile/View Profile/Security Tab (2FA)/div_Failed to send SMS' is visible

2022-10-07 18:41:32 - [MESSAGE][PASSED] - Object 'Object Repository/03-Header Menu/User Profile/View Profile/Security Tab (2FA)/div_Failed to send SMS' is visible

2022-10-07 18:41:32 - [TEST_STEP][PASSED] - delay(2): Delayed 2 second(s)

2022-10-07 18:41:34 - [MESSAGE][PASSED] - Delayed 2 second(s)

2022-10-07 18:41:34 - [TEST_STEP][PASSED] - click(findTestObject("03-Header Menu/User Profile/View Profile/Security Tab (2FA)/button_Cancel")): Object: 'Object Repository/03-Header Menu/User Profile/View Profile/Security Tab (2FA)/button_Cancel' is clicked on

2022-10-07 18:41:34 - [MESSAGE][PASSED] - Object: 'Object Repository/03-Header Menu/User Profile/View Profile/Security Tab (2FA)/button_Cancel' is clicked on

2022-10-07 18:41:34 - [TEST_STEP][PASSED] - click(findTestObject("03-Header Menu/User Profile/View Profile/Security Tab (2FA)/2FA_toggle")): Object: 'Object Repository/03-Header Menu/User Profile/View Profile/Security Tab (2FA)/2FA_toggle' is clicked on

2022-10-07 18:41:35 - [MESSAGE][PASSED] - Object: 'Object Repository/03-Header Menu/User Profile/View Profile/Security Tab (2FA)/2FA_toggle' is clicked on

2022-10-07 18:41:35 - [TEST_STEP][PASSED] - delay(2): Delayed 2 second(s)

2022-10-07 18:41:37 - [MESSAGE][PASSED] - Delayed 2 second(s)

2022-10-07 18:41:37 - [TEST_STEP][PASSED] - verifyElementVisible(findTestObject("03-Header Menu/User Profile/View Profile/Security Tab (2FA)/Success disable")): Object 'Object Repository/03-Header Menu/User Profile/View Profile/Security Tab (2FA)/Success disable' is visible

2022-10-07 18:41:38 - [MESSAGE][PASSED] - Object 'Object Repository/03-Header Menu/User Profile/View Profile/Security Tab (2FA)/Success disable' is visible

2022-10-07 18:41:38 - [TEST_STEP][PASSED] - delay(2): Delayed 2 second(s)

2022-10-07 18:41:40 - [MESSAGE][PASSED] - Delayed 2 second(s)]]></system-out>
         <system-err><![CDATA[]]></system-err>
      </testcase>
      <testcase name="Test Cases/03-Header Menu/09- Security Tab (Enabling 2FA)" time="33.254" classname="Test Cases/03-Header Menu/09- Security Tab (Enabling 2FA)" status="PASSED">
         <system-out><![CDATA[2022-10-07 18:41:40 - [TEST_CASE][PASSED] - Test Cases/03-Header Menu/09- Security Tab (Enabling 2FA): Test Cases/03-Header Menu/09- Security Tab (Enabling 2FA)

2022-10-07 18:41:40 - [TEST_STEP][PASSED] - click(findTestObject("03-Header Menu/User Profile/View Profile/Security Tab (2FA)/2FA_toggle")): Object: 'Object Repository/03-Header Menu/User Profile/View Profile/Security Tab (2FA)/2FA_toggle' is clicked on

2022-10-07 18:41:40 - [MESSAGE][PASSED] - Object: 'Object Repository/03-Header Menu/User Profile/View Profile/Security Tab (2FA)/2FA_toggle' is clicked on

2022-10-07 18:41:40 - [TEST_STEP][PASSED] - verifyElementVisible(findTestObject("03-Header Menu/User Profile/View Profile/Security Tab (2FA)/Success enable")): Object 'Object Repository/03-Header Menu/User Profile/View Profile/Security Tab (2FA)/Success enable' is visible

2022-10-07 18:41:41 - [MESSAGE][PASSED] - Object 'Object Repository/03-Header Menu/User Profile/View Profile/Security Tab (2FA)/Success enable' is visible

2022-10-07 18:41:41 - [TEST_STEP][PASSED] - delay(1): Delayed 1 second(s)

2022-10-07 18:41:42 - [MESSAGE][PASSED] - Delayed 1 second(s)

2022-10-07 18:41:42 - [TEST_STEP][PASSED] - click(findTestObject("03-Header Menu/User Profile/View Profile/Security Tab (2FA)/button_edit")): Object: 'Object Repository/03-Header Menu/User Profile/View Profile/Security Tab (2FA)/button_edit' is clicked on

2022-10-07 18:41:43 - [MESSAGE][PASSED] - Object: 'Object Repository/03-Header Menu/User Profile/View Profile/Security Tab (2FA)/button_edit' is clicked on

2022-10-07 18:41:43 - [TEST_STEP][PASSED] - verifyElementVisible(findTestObject("03-Header Menu/User Profile/View Profile/Security Tab (2FA)/2FA Phone Number modal")): Object 'Object Repository/03-Header Menu/User Profile/View Profile/Security Tab (2FA)/2FA Phone Number modal' is visible

2022-10-07 18:41:57 - [MESSAGE][PASSED] - Object 'Object Repository/03-Header Menu/User Profile/View Profile/Security Tab (2FA)/2FA Phone Number modal' is visible

2022-10-07 18:41:57 - [TEST_STEP][PASSED] - delay(1): Delayed 1 second(s)

2022-10-07 18:41:58 - [MESSAGE][PASSED] - Delayed 1 second(s)

2022-10-07 18:41:58 - [TEST_STEP][PASSED] - click(findTestObject("03-Header Menu/User Profile/View Profile/Security Tab (2FA)/button_area code")): Object: 'Object Repository/03-Header Menu/User Profile/View Profile/Security Tab (2FA)/button_area code' is clicked on

2022-10-07 18:41:59 - [MESSAGE][PASSED] - Object: 'Object Repository/03-Header Menu/User Profile/View Profile/Security Tab (2FA)/button_area code' is clicked on

2022-10-07 18:41:59 - [TEST_STEP][PASSED] - verifyElementVisible(findTestObject("03-Header Menu/User Profile/View Profile/Security Tab (2FA)/Area code modal")): Object 'Object Repository/03-Header Menu/User Profile/View Profile/Security Tab (2FA)/Area code modal' is visible

2022-10-07 18:41:59 - [MESSAGE][PASSED] - Object 'Object Repository/03-Header Menu/User Profile/View Profile/Security Tab (2FA)/Area code modal' is visible

2022-10-07 18:41:59 - [TEST_STEP][PASSED] - setText(findTestObject("03-Header Menu/User Profile/View Profile/Security Tab (2FA)/area code search"), "PH"): Text 'PH' is set on object 'Object Repository/03-Header Menu/User Profile/View Profile/Security Tab (2FA)/area code search'

2022-10-07 18:42:00 - [MESSAGE][PASSED] - Text 'PH' is set on object 'Object Repository/03-Header Menu/User Profile/View Profile/Security Tab (2FA)/area code search'

2022-10-07 18:42:00 - [TEST_STEP][PASSED] - click(findTestObject("03-Header Menu/User Profile/View Profile/Security Tab (2FA)/button_Philippines 63")): Object: 'Object Repository/03-Header Menu/User Profile/View Profile/Security Tab (2FA)/button_Philippines 63' is clicked on

2022-10-07 18:42:01 - [MESSAGE][PASSED] - Object: 'Object Repository/03-Header Menu/User Profile/View Profile/Security Tab (2FA)/button_Philippines 63' is clicked on

2022-10-07 18:42:01 - [TEST_STEP][PASSED] - setText(findTestObject("03-Header Menu/User Profile/View Profile/Security Tab (2FA)/input_phone number"), "9212968902"): Text '9212968902' is set on object 'Object Repository/03-Header Menu/User Profile/View Profile/Security Tab (2FA)/input_phone number'

2022-10-07 18:42:02 - [MESSAGE][PASSED] - Text '9212968902' is set on object 'Object Repository/03-Header Menu/User Profile/View Profile/Security Tab (2FA)/input_phone number'

2022-10-07 18:42:02 - [TEST_STEP][PASSED] - delay(2): Delayed 2 second(s)

2022-10-07 18:42:04 - [MESSAGE][PASSED] - Delayed 2 second(s)

2022-10-07 18:42:04 - [TEST_STEP][PASSED] - click(findTestObject("03-Header Menu/User Profile/View Profile/Security Tab (2FA)/button_Next")): Object: 'Object Repository/03-Header Menu/User Profile/View Profile/Security Tab (2FA)/button_Next' is clicked on

2022-10-07 18:42:05 - [MESSAGE][PASSED] - Object: 'Object Repository/03-Header Menu/User Profile/View Profile/Security Tab (2FA)/button_Next' is clicked on

2022-10-07 18:42:05 - [TEST_STEP][PASSED] - delay(1): Delayed 1 second(s)

2022-10-07 18:42:06 - [MESSAGE][PASSED] - Delayed 1 second(s)

2022-10-07 18:42:06 - [TEST_STEP][PASSED] - verifyElementVisible(findTestObject("03-Header Menu/User Profile/View Profile/Security Tab (2FA)/ver_code_success")): Object 'Object Repository/03-Header Menu/User Profile/View Profile/Security Tab (2FA)/ver_code_success' is visible

2022-10-07 18:42:06 - [MESSAGE][PASSED] - Object 'Object Repository/03-Header Menu/User Profile/View Profile/Security Tab (2FA)/ver_code_success' is visible

2022-10-07 18:42:06 - [TEST_STEP][PASSED] - delay(2): Delayed 2 second(s)

2022-10-07 18:42:08 - [MESSAGE][PASSED] - Delayed 2 second(s)

2022-10-07 18:42:08 - [TEST_STEP][PASSED] - click(findTestObject("03-Header Menu/User Profile/View Profile/Security Tab (2FA)/button_Cancel")): Object: 'Object Repository/03-Header Menu/User Profile/View Profile/Security Tab (2FA)/button_Cancel' is clicked on

2022-10-07 18:42:09 - [MESSAGE][PASSED] - Object: 'Object Repository/03-Header Menu/User Profile/View Profile/Security Tab (2FA)/button_Cancel' is clicked on

2022-10-07 18:42:09 - [TEST_STEP][PASSED] - click(findTestObject("03-Header Menu/User Profile/View Profile/Security Tab (2FA)/2FA_toggle")): Object: 'Object Repository/03-Header Menu/User Profile/View Profile/Security Tab (2FA)/2FA_toggle' is clicked on

2022-10-07 18:42:10 - [MESSAGE][PASSED] - Object: 'Object Repository/03-Header Menu/User Profile/View Profile/Security Tab (2FA)/2FA_toggle' is clicked on

2022-10-07 18:42:10 - [TEST_STEP][PASSED] - verifyElementVisible(findTestObject("03-Header Menu/User Profile/View Profile/Security Tab (2FA)/Success disable")): Object 'Object Repository/03-Header Menu/User Profile/View Profile/Security Tab (2FA)/Success disable' is visible

2022-10-07 18:42:11 - [MESSAGE][PASSED] - Object 'Object Repository/03-Header Menu/User Profile/View Profile/Security Tab (2FA)/Success disable' is visible

2022-10-07 18:42:11 - [TEST_STEP][PASSED] - delay(2): Delayed 2 second(s)

2022-10-07 18:42:13 - [MESSAGE][PASSED] - Delayed 2 second(s)]]></system-out>
         <system-err><![CDATA[]]></system-err>
      </testcase>
      <testcase name="Test Cases/03-Header Menu/10- Settings (Timezone select)" time="17.139" classname="Test Cases/03-Header Menu/10- Settings (Timezone select)" status="PASSED">
         <system-out><![CDATA[2022-10-07 18:42:13 - [TEST_CASE][PASSED] - Test Cases/03-Header Menu/10- Settings (Timezone select): Test Cases/03-Header Menu/10- Settings (Timezone select)

2022-10-07 18:42:13 - [TEST_STEP][PASSED] - click(findTestObject("03-Header Menu/User Profile/View Profile/div_Settings")): Object: 'Object Repository/03-Header Menu/User Profile/View Profile/div_Settings' is clicked on

2022-10-07 18:42:14 - [MESSAGE][PASSED] - Object: 'Object Repository/03-Header Menu/User Profile/View Profile/div_Settings' is clicked on

2022-10-07 18:42:14 - [TEST_STEP][PASSED] - delay(1): Delayed 1 second(s)

2022-10-07 18:42:15 - [MESSAGE][PASSED] - Delayed 1 second(s)

2022-10-07 18:42:15 - [TEST_STEP][PASSED] - verifyElementVisible(findTestObject("03-Header Menu/User Profile/View Profile/Settings/Dashboard Card")): Object 'Object Repository/03-Header Menu/User Profile/View Profile/Settings/Dashboard Card' is visible

2022-10-07 18:42:15 - [MESSAGE][PASSED] - Object 'Object Repository/03-Header Menu/User Profile/View Profile/Settings/Dashboard Card' is visible

2022-10-07 18:42:15 - [TEST_STEP][PASSED] - verifyElementVisible(findTestObject("03-Header Menu/User Profile/View Profile/Settings/Email Frequency")): Object 'Object Repository/03-Header Menu/User Profile/View Profile/Settings/Email Frequency' is visible

2022-10-07 18:42:16 - [MESSAGE][PASSED] - Object 'Object Repository/03-Header Menu/User Profile/View Profile/Settings/Email Frequency' is visible

2022-10-07 18:42:16 - [TEST_STEP][PASSED] - verifyElementVisible(findTestObject("03-Header Menu/User Profile/View Profile/Settings/Timezone")): Object 'Object Repository/03-Header Menu/User Profile/View Profile/Settings/Timezone' is visible

2022-10-07 18:42:16 - [MESSAGE][PASSED] - Object 'Object Repository/03-Header Menu/User Profile/View Profile/Settings/Timezone' is visible

2022-10-07 18:42:16 - [TEST_STEP][PASSED] - delay(3): Delayed 3 second(s)

2022-10-07 18:42:19 - [MESSAGE][PASSED] - Delayed 3 second(s)

2022-10-07 18:42:19 - [TEST_STEP][PASSED] - click(findTestObject("03-Header Menu/User Profile/View Profile/Settings/Timezone selector")): Object: 'Object Repository/03-Header Menu/User Profile/View Profile/Settings/Timezone selector' is clicked on

2022-10-07 18:42:19 - [MESSAGE][PASSED] - Object: 'Object Repository/03-Header Menu/User Profile/View Profile/Settings/Timezone selector' is clicked on

2022-10-07 18:42:19 - [TEST_STEP][PASSED] - click(findTestObject("03-Header Menu/User Profile/View Profile/Settings/span_(UTC0800) Beijing, Chongqing, Hong Kong, Urumqi")): Object: 'Object Repository/03-Header Menu/User Profile/View Profile/Settings/span_(UTC0800) Beijing, Chongqing, Hong Kong, Urumqi' is clicked on

2022-10-07 18:42:20 - [MESSAGE][PASSED] - Object: 'Object Repository/03-Header Menu/User Profile/View Profile/Settings/span_(UTC0800) Beijing, Chongqing, Hong Kong, Urumqi' is clicked on

2022-10-07 18:42:20 - [TEST_STEP][PASSED] - click(findTestObject("03-Header Menu/User Profile/View Profile/Settings/button_Save")): Object: 'Object Repository/03-Header Menu/User Profile/View Profile/Settings/button_Save' is clicked on

2022-10-07 18:42:21 - [MESSAGE][PASSED] - Object: 'Object Repository/03-Header Menu/User Profile/View Profile/Settings/button_Save' is clicked on

2022-10-07 18:42:21 - [TEST_STEP][PASSED] - delay(1): Delayed 1 second(s)

2022-10-07 18:42:22 - [MESSAGE][PASSED] - Delayed 1 second(s)

2022-10-07 18:42:22 - [TEST_STEP][PASSED] - verifyElementVisible(findTestObject("03-Header Menu/User Profile/View Profile/Settings/Successfully msg")): Object 'Object Repository/03-Header Menu/User Profile/View Profile/Settings/Successfully msg' is visible

2022-10-07 18:42:22 - [MESSAGE][PASSED] - Object 'Object Repository/03-Header Menu/User Profile/View Profile/Settings/Successfully msg' is visible

2022-10-07 18:42:22 - [TEST_STEP][PASSED] - delay(2): Delayed 2 second(s)

2022-10-07 18:42:24 - [MESSAGE][PASSED] - Delayed 2 second(s)

2022-10-07 18:42:24 - [TEST_STEP][PASSED] - click(findTestObject("03-Header Menu/User Profile/View Profile/Settings/Timezone selector")): Object: 'Object Repository/03-Header Menu/User Profile/View Profile/Settings/Timezone selector' is clicked on

2022-10-07 18:42:25 - [MESSAGE][PASSED] - Object: 'Object Repository/03-Header Menu/User Profile/View Profile/Settings/Timezone selector' is clicked on

2022-10-07 18:42:25 - [TEST_STEP][PASSED] - click(findTestObject("03-Header Menu/User Profile/View Profile/Settings/span_(UTC0800) Kuala Lumpur, Singapore")): Object: 'Object Repository/03-Header Menu/User Profile/View Profile/Settings/span_(UTC0800) Kuala Lumpur, Singapore' is clicked on

2022-10-07 18:42:26 - [MESSAGE][PASSED] - Object: 'Object Repository/03-Header Menu/User Profile/View Profile/Settings/span_(UTC0800) Kuala Lumpur, Singapore' is clicked on

2022-10-07 18:42:26 - [TEST_STEP][PASSED] - click(findTestObject("03-Header Menu/User Profile/View Profile/Settings/button_Save")): Object: 'Object Repository/03-Header Menu/User Profile/View Profile/Settings/button_Save' is clicked on

2022-10-07 18:42:27 - [MESSAGE][PASSED] - Object: 'Object Repository/03-Header Menu/User Profile/View Profile/Settings/button_Save' is clicked on

2022-10-07 18:42:27 - [TEST_STEP][PASSED] - delay(1): Delayed 1 second(s)

2022-10-07 18:42:28 - [MESSAGE][PASSED] - Delayed 1 second(s)

2022-10-07 18:42:28 - [TEST_STEP][PASSED] - verifyElementVisible(findTestObject("03-Header Menu/User Profile/View Profile/Settings/Successfully msg")): Object 'Object Repository/03-Header Menu/User Profile/View Profile/Settings/Successfully msg' is visible

2022-10-07 18:42:28 - [MESSAGE][PASSED] - Object 'Object Repository/03-Header Menu/User Profile/View Profile/Settings/Successfully msg' is visible

2022-10-07 18:42:28 - [TEST_STEP][PASSED] - delay(2): Delayed 2 second(s)

2022-10-07 18:42:30 - [MESSAGE][PASSED] - Delayed 2 second(s)]]></system-out>
         <system-err><![CDATA[]]></system-err>
      </testcase>
      <testcase name="Test Cases/03-Header Menu/11-Settings (Email Frequency select)" time="32.269" classname="Test Cases/03-Header Menu/11-Settings (Email Frequency select)" status="PASSED">
         <system-out><![CDATA[2022-10-07 18:42:30 - [TEST_CASE][PASSED] - Test Cases/03-Header Menu/11-Settings (Email Frequency select): Test Cases/03-Header Menu/11-Settings (Email Frequency select)

2022-10-07 18:42:30 - [TEST_STEP][PASSED] - click(findTestObject("03-Header Menu/User Profile/View Profile/Settings/Email Frequency selector")): Object: 'Object Repository/03-Header Menu/User Profile/View Profile/Settings/Email Frequency selector' is clicked on

2022-10-07 18:42:31 - [MESSAGE][PASSED] - Object: 'Object Repository/03-Header Menu/User Profile/View Profile/Settings/Email Frequency selector' is clicked on

2022-10-07 18:42:31 - [TEST_STEP][PASSED] - click(findTestObject("03-Header Menu/User Profile/View Profile/Settings/span_None")): Object: 'Object Repository/03-Header Menu/User Profile/View Profile/Settings/span_None' is clicked on

2022-10-07 18:42:31 - [MESSAGE][PASSED] - Object: 'Object Repository/03-Header Menu/User Profile/View Profile/Settings/span_None' is clicked on

2022-10-07 18:42:31 - [TEST_STEP][PASSED] - click(findTestObject("03-Header Menu/User Profile/View Profile/Settings/button_Save")): Object: 'Object Repository/03-Header Menu/User Profile/View Profile/Settings/button_Save' is clicked on

2022-10-07 18:42:32 - [MESSAGE][PASSED] - Object: 'Object Repository/03-Header Menu/User Profile/View Profile/Settings/button_Save' is clicked on

2022-10-07 18:42:32 - [TEST_STEP][PASSED] - verifyElementVisible(findTestObject("03-Header Menu/User Profile/View Profile/Settings/Successfully msg")): Object 'Object Repository/03-Header Menu/User Profile/View Profile/Settings/Successfully msg' is visible

2022-10-07 18:42:34 - [MESSAGE][PASSED] - Object 'Object Repository/03-Header Menu/User Profile/View Profile/Settings/Successfully msg' is visible

2022-10-07 18:42:34 - [TEST_STEP][PASSED] - delay(2): Delayed 2 second(s)

2022-10-07 18:42:36 - [MESSAGE][PASSED] - Delayed 2 second(s)

2022-10-07 18:42:36 - [TEST_STEP][PASSED] - click(findTestObject("03-Header Menu/User Profile/View Profile/Settings/Email Frequency selector")): Object: 'Object Repository/03-Header Menu/User Profile/View Profile/Settings/Email Frequency selector' is clicked on

2022-10-07 18:42:36 - [MESSAGE][PASSED] - Object: 'Object Repository/03-Header Menu/User Profile/View Profile/Settings/Email Frequency selector' is clicked on

2022-10-07 18:42:36 - [TEST_STEP][PASSED] - click(findTestObject("03-Header Menu/User Profile/View Profile/Settings/span_Every 2 hours")): Object: 'Object Repository/03-Header Menu/User Profile/View Profile/Settings/span_Every 2 hours' is clicked on

2022-10-07 18:42:37 - [MESSAGE][PASSED] - Object: 'Object Repository/03-Header Menu/User Profile/View Profile/Settings/span_Every 2 hours' is clicked on

2022-10-07 18:42:37 - [TEST_STEP][PASSED] - click(findTestObject("03-Header Menu/User Profile/View Profile/Settings/button_Save")): Object: 'Object Repository/03-Header Menu/User Profile/View Profile/Settings/button_Save' is clicked on

2022-10-07 18:42:38 - [MESSAGE][PASSED] - Object: 'Object Repository/03-Header Menu/User Profile/View Profile/Settings/button_Save' is clicked on

2022-10-07 18:42:38 - [TEST_STEP][PASSED] - verifyElementVisible(findTestObject("03-Header Menu/User Profile/View Profile/Settings/Successfully msg")): Object 'Object Repository/03-Header Menu/User Profile/View Profile/Settings/Successfully msg' is visible

2022-10-07 18:42:39 - [MESSAGE][PASSED] - Object 'Object Repository/03-Header Menu/User Profile/View Profile/Settings/Successfully msg' is visible

2022-10-07 18:42:39 - [TEST_STEP][PASSED] - delay(2): Delayed 2 second(s)

2022-10-07 18:42:41 - [MESSAGE][PASSED] - Delayed 2 second(s)

2022-10-07 18:42:41 - [TEST_STEP][PASSED] - click(findTestObject("03-Header Menu/User Profile/View Profile/Settings/Email Frequency selector")): Object: 'Object Repository/03-Header Menu/User Profile/View Profile/Settings/Email Frequency selector' is clicked on

2022-10-07 18:42:41 - [MESSAGE][PASSED] - Object: 'Object Repository/03-Header Menu/User Profile/View Profile/Settings/Email Frequency selector' is clicked on

2022-10-07 18:42:41 - [TEST_STEP][PASSED] - click(findTestObject("03-Header Menu/User Profile/View Profile/Settings/span_Every 6 hours")): Object: 'Object Repository/03-Header Menu/User Profile/View Profile/Settings/span_Every 6 hours' is clicked on

2022-10-07 18:42:42 - [MESSAGE][PASSED] - Object: 'Object Repository/03-Header Menu/User Profile/View Profile/Settings/span_Every 6 hours' is clicked on

2022-10-07 18:42:42 - [TEST_STEP][PASSED] - click(findTestObject("03-Header Menu/User Profile/View Profile/Settings/button_Save")): Object: 'Object Repository/03-Header Menu/User Profile/View Profile/Settings/button_Save' is clicked on

2022-10-07 18:42:43 - [MESSAGE][PASSED] - Object: 'Object Repository/03-Header Menu/User Profile/View Profile/Settings/button_Save' is clicked on

2022-10-07 18:42:43 - [TEST_STEP][PASSED] - verifyElementVisible(findTestObject("03-Header Menu/User Profile/View Profile/Settings/Successfully msg")): Object 'Object Repository/03-Header Menu/User Profile/View Profile/Settings/Successfully msg' is visible

2022-10-07 18:42:45 - [MESSAGE][PASSED] - Object 'Object Repository/03-Header Menu/User Profile/View Profile/Settings/Successfully msg' is visible

2022-10-07 18:42:45 - [TEST_STEP][PASSED] - delay(2): Delayed 2 second(s)

2022-10-07 18:42:47 - [MESSAGE][PASSED] - Delayed 2 second(s)

2022-10-07 18:42:47 - [TEST_STEP][PASSED] - click(findTestObject("03-Header Menu/User Profile/View Profile/Settings/Email Frequency selector")): Object: 'Object Repository/03-Header Menu/User Profile/View Profile/Settings/Email Frequency selector' is clicked on

2022-10-07 18:42:47 - [MESSAGE][PASSED] - Object: 'Object Repository/03-Header Menu/User Profile/View Profile/Settings/Email Frequency selector' is clicked on

2022-10-07 18:42:47 - [TEST_STEP][PASSED] - click(findTestObject("03-Header Menu/User Profile/View Profile/Settings/span_Every 12 hours")): Object: 'Object Repository/03-Header Menu/User Profile/View Profile/Settings/span_Every 12 hours' is clicked on

2022-10-07 18:42:48 - [MESSAGE][PASSED] - Object: 'Object Repository/03-Header Menu/User Profile/View Profile/Settings/span_Every 12 hours' is clicked on

2022-10-07 18:42:48 - [TEST_STEP][PASSED] - click(findTestObject("03-Header Menu/User Profile/View Profile/Settings/button_Save")): Object: 'Object Repository/03-Header Menu/User Profile/View Profile/Settings/button_Save' is clicked on

2022-10-07 18:42:49 - [MESSAGE][PASSED] - Object: 'Object Repository/03-Header Menu/User Profile/View Profile/Settings/button_Save' is clicked on

2022-10-07 18:42:49 - [TEST_STEP][PASSED] - verifyElementVisible(findTestObject("03-Header Menu/User Profile/View Profile/Settings/Successfully msg")): Object 'Object Repository/03-Header Menu/User Profile/View Profile/Settings/Successfully msg' is visible

2022-10-07 18:42:50 - [MESSAGE][PASSED] - Object 'Object Repository/03-Header Menu/User Profile/View Profile/Settings/Successfully msg' is visible

2022-10-07 18:42:50 - [TEST_STEP][PASSED] - delay(2): Delayed 2 second(s)

2022-10-07 18:42:52 - [MESSAGE][PASSED] - Delayed 2 second(s)

2022-10-07 18:42:52 - [TEST_STEP][PASSED] - click(findTestObject("03-Header Menu/User Profile/View Profile/Settings/Email Frequency selector")): Object: 'Object Repository/03-Header Menu/User Profile/View Profile/Settings/Email Frequency selector' is clicked on

2022-10-07 18:42:52 - [MESSAGE][PASSED] - Object: 'Object Repository/03-Header Menu/User Profile/View Profile/Settings/Email Frequency selector' is clicked on

2022-10-07 18:42:52 - [TEST_STEP][PASSED] - click(findTestObject("03-Header Menu/User Profile/View Profile/Settings/span_Once a day (9pm local time)")): Object: 'Object Repository/03-Header Menu/User Profile/View Profile/Settings/span_Once a day (9pm local time)' is clicked on

2022-10-07 18:42:53 - [MESSAGE][PASSED] - Object: 'Object Repository/03-Header Menu/User Profile/View Profile/Settings/span_Once a day (9pm local time)' is clicked on

2022-10-07 18:42:53 - [TEST_STEP][PASSED] - click(findTestObject("03-Header Menu/User Profile/View Profile/Settings/button_Save")): Object: 'Object Repository/03-Header Menu/User Profile/View Profile/Settings/button_Save' is clicked on

2022-10-07 18:42:54 - [MESSAGE][PASSED] - Object: 'Object Repository/03-Header Menu/User Profile/View Profile/Settings/button_Save' is clicked on

2022-10-07 18:42:54 - [TEST_STEP][PASSED] - verifyElementVisible(findTestObject("03-Header Menu/User Profile/View Profile/Settings/Successfully msg")): Object 'Object Repository/03-Header Menu/User Profile/View Profile/Settings/Successfully msg' is visible

2022-10-07 18:42:55 - [MESSAGE][PASSED] - Object 'Object Repository/03-Header Menu/User Profile/View Profile/Settings/Successfully msg' is visible

2022-10-07 18:42:55 - [TEST_STEP][PASSED] - delay(2): Delayed 2 second(s)

2022-10-07 18:42:57 - [MESSAGE][PASSED] - Delayed 2 second(s)

2022-10-07 18:42:57 - [TEST_STEP][PASSED] - click(findTestObject("03-Header Menu/User Profile/View Profile/Settings/Email Frequency selector")): Object: 'Object Repository/03-Header Menu/User Profile/View Profile/Settings/Email Frequency selector' is clicked on

2022-10-07 18:42:57 - [MESSAGE][PASSED] - Object: 'Object Repository/03-Header Menu/User Profile/View Profile/Settings/Email Frequency selector' is clicked on

2022-10-07 18:42:57 - [TEST_STEP][PASSED] - click(findTestObject("03-Header Menu/User Profile/View Profile/Settings/span_Every 4 hours")): Object: 'Object Repository/03-Header Menu/User Profile/View Profile/Settings/span_Every 4 hours' is clicked on

2022-10-07 18:42:58 - [MESSAGE][PASSED] - Object: 'Object Repository/03-Header Menu/User Profile/View Profile/Settings/span_Every 4 hours' is clicked on

2022-10-07 18:42:58 - [TEST_STEP][PASSED] - click(findTestObject("03-Header Menu/User Profile/View Profile/Settings/button_Save")): Object: 'Object Repository/03-Header Menu/User Profile/View Profile/Settings/button_Save' is clicked on

2022-10-07 18:42:59 - [MESSAGE][PASSED] - Object: 'Object Repository/03-Header Menu/User Profile/View Profile/Settings/button_Save' is clicked on

2022-10-07 18:42:59 - [TEST_STEP][PASSED] - verifyElementVisible(findTestObject("03-Header Menu/User Profile/View Profile/Settings/Successfully msg")): Object 'Object Repository/03-Header Menu/User Profile/View Profile/Settings/Successfully msg' is visible

2022-10-07 18:43:00 - [MESSAGE][PASSED] - Object 'Object Repository/03-Header Menu/User Profile/View Profile/Settings/Successfully msg' is visible

2022-10-07 18:43:00 - [TEST_STEP][PASSED] - delay(2): Delayed 2 second(s)

2022-10-07 18:43:02 - [MESSAGE][PASSED] - Delayed 2 second(s)]]></system-out>
         <system-err><![CDATA[]]></system-err>
      </testcase>
      <testcase name="Test Cases/03-Header Menu/12- Contact Info (add-remove email)" time="20.897" classname="Test Cases/03-Header Menu/12- Contact Info (add-remove email)" status="PASSED">
         <system-out><![CDATA[2022-10-07 18:43:02 - [TEST_CASE][PASSED] - Test Cases/03-Header Menu/12- Contact Info (add-remove email): Test Cases/03-Header Menu/12- Contact Info (add-remove email)

2022-10-07 18:43:03 - [TEST_STEP][PASSED] - click(findTestObject("03-Header Menu/User Profile/View Profile/div_Contact Info")): Object: 'Object Repository/03-Header Menu/User Profile/View Profile/div_Contact Info' is clicked on

2022-10-07 18:43:04 - [MESSAGE][PASSED] - Object: 'Object Repository/03-Header Menu/User Profile/View Profile/div_Contact Info' is clicked on

2022-10-07 18:43:04 - [TEST_STEP][PASSED] - delay(1): Delayed 1 second(s)

2022-10-07 18:43:05 - [MESSAGE][PASSED] - Delayed 1 second(s)

2022-10-07 18:43:05 - [TEST_STEP][PASSED] - verifyElementVisible(findTestObject("03-Header Menu/User Profile/View Profile/Contact Info/div_Email")): Object 'Object Repository/03-Header Menu/User Profile/View Profile/Contact Info/div_Email' is visible

2022-10-07 18:43:05 - [MESSAGE][PASSED] - Object 'Object Repository/03-Header Menu/User Profile/View Profile/Contact Info/div_Email' is visible

2022-10-07 18:43:05 - [TEST_STEP][PASSED] - verifyElementVisible(findTestObject("03-Header Menu/User Profile/View Profile/Contact Info/div_Phone")): Object 'Object Repository/03-Header Menu/User Profile/View Profile/Contact Info/div_Phone' is visible

2022-10-07 18:43:05 - [MESSAGE][PASSED] - Object 'Object Repository/03-Header Menu/User Profile/View Profile/Contact Info/div_Phone' is visible

2022-10-07 18:43:05 - [TEST_STEP][PASSED] - verifyElementVisible(findTestObject("03-Header Menu/User Profile/View Profile/Contact Info/div_Address")): Object 'Object Repository/03-Header Menu/User Profile/View Profile/Contact Info/div_Address' is visible

2022-10-07 18:43:06 - [MESSAGE][PASSED] - Object 'Object Repository/03-Header Menu/User Profile/View Profile/Contact Info/div_Address' is visible

2022-10-07 18:43:06 - [TEST_STEP][PASSED] - delay(1): Delayed 1 second(s)

2022-10-07 18:43:07 - [MESSAGE][PASSED] - Delayed 1 second(s)

2022-10-07 18:43:07 - [TEST_STEP][PASSED] - setText(findTestObject("03-Header Menu/User Profile/View Profile/Contact Info/Positon Field"), "Auto"): Text 'Auto' is set on object 'Object Repository/03-Header Menu/User Profile/View Profile/Contact Info/Positon Field'

2022-10-07 18:43:07 - [MESSAGE][PASSED] - Text 'Auto' is set on object 'Object Repository/03-Header Menu/User Profile/View Profile/Contact Info/Positon Field'

2022-10-07 18:43:07 - [TEST_STEP][PASSED] - click(findTestObject("03-Header Menu/User Profile/View Profile/Contact Info/div_Email Type")): Object: 'Object Repository/03-Header Menu/User Profile/View Profile/Contact Info/div_Email Type' is clicked on

2022-10-07 18:43:08 - [MESSAGE][PASSED] - Object: 'Object Repository/03-Header Menu/User Profile/View Profile/Contact Info/div_Email Type' is clicked on

2022-10-07 18:43:08 - [TEST_STEP][PASSED] - verifyElementVisible(findTestObject("03-Header Menu/User Profile/View Profile/Contact Info/span_Work")): Object 'Object Repository/03-Header Menu/User Profile/View Profile/Contact Info/span_Work' is visible

2022-10-07 18:43:08 - [MESSAGE][PASSED] - Object 'Object Repository/03-Header Menu/User Profile/View Profile/Contact Info/span_Work' is visible

2022-10-07 18:43:08 - [TEST_STEP][PASSED] - verifyElementVisible(findTestObject("03-Header Menu/User Profile/View Profile/Contact Info/span_Personal")): Object 'Object Repository/03-Header Menu/User Profile/View Profile/Contact Info/span_Personal' is visible

2022-10-07 18:43:09 - [MESSAGE][PASSED] - Object 'Object Repository/03-Header Menu/User Profile/View Profile/Contact Info/span_Personal' is visible

2022-10-07 18:43:09 - [TEST_STEP][PASSED] - verifyElementVisible(findTestObject("03-Header Menu/User Profile/View Profile/Contact Info/span_Other")): Object 'Object Repository/03-Header Menu/User Profile/View Profile/Contact Info/span_Other' is visible

2022-10-07 18:43:09 - [MESSAGE][PASSED] - Object 'Object Repository/03-Header Menu/User Profile/View Profile/Contact Info/span_Other' is visible

2022-10-07 18:43:09 - [TEST_STEP][PASSED] - delay(1): Delayed 1 second(s)

2022-10-07 18:43:10 - [MESSAGE][PASSED] - Delayed 1 second(s)

2022-10-07 18:43:10 - [TEST_STEP][PASSED] - click(findTestObject("03-Header Menu/User Profile/View Profile/Contact Info/div_Email")): Object: 'Object Repository/03-Header Menu/User Profile/View Profile/Contact Info/div_Email' is clicked on

2022-10-07 18:43:10 - [MESSAGE][PASSED] - Object: 'Object Repository/03-Header Menu/User Profile/View Profile/Contact Info/div_Email' is clicked on

2022-10-07 18:43:10 - [TEST_STEP][PASSED] - click(findTestObject("03-Header Menu/User Profile/View Profile/Contact Info/add email button")): Object: 'Object Repository/03-Header Menu/User Profile/View Profile/Contact Info/add email button' is clicked on

2022-10-07 18:43:11 - [MESSAGE][PASSED] - Object: 'Object Repository/03-Header Menu/User Profile/View Profile/Contact Info/add email button' is clicked on

2022-10-07 18:43:11 - [TEST_STEP][PASSED] - setText(findTestObject("03-Header Menu/User Profile/View Profile/Contact Info/email field"), "auto@automation.com"): Text 'auto@automation.com' is set on object 'Object Repository/03-Header Menu/User Profile/View Profile/Contact Info/email field'

2022-10-07 18:43:12 - [MESSAGE][PASSED] - Text 'auto@automation.com' is set on object 'Object Repository/03-Header Menu/User Profile/View Profile/Contact Info/email field'

2022-10-07 18:43:12 - [TEST_STEP][PASSED] - sendKeys(findTestObject("03-Header Menu/User Profile/View Profile/Contact Info/email field"), Keys.chord(ENTER)): Keys 'ENTER + ' sent to object: 'Object Repository/03-Header Menu/User Profile/View Profile/Contact Info/email field'

2022-10-07 18:43:12 - [MESSAGE][PASSED] - Keys 'ENTER + ' sent to object: 'Object Repository/03-Header Menu/User Profile/View Profile/Contact Info/email field'

2022-10-07 18:43:12 - [TEST_STEP][PASSED] - click(findTestObject("03-Header Menu/User Profile/View Profile/Contact Info/button_Save")): Object: 'Object Repository/03-Header Menu/User Profile/View Profile/Contact Info/button_Save' is clicked on

2022-10-07 18:43:13 - [MESSAGE][PASSED] - Object: 'Object Repository/03-Header Menu/User Profile/View Profile/Contact Info/button_Save' is clicked on

2022-10-07 18:43:13 - [TEST_STEP][PASSED] - verifyElementVisible(findTestObject("03-Header Menu/User Profile/View Profile/Contact Info/Success Msg")): Object 'Object Repository/03-Header Menu/User Profile/View Profile/Contact Info/Success Msg' is visible

2022-10-07 18:43:14 - [MESSAGE][PASSED] - Object 'Object Repository/03-Header Menu/User Profile/View Profile/Contact Info/Success Msg' is visible

2022-10-07 18:43:14 - [TEST_STEP][PASSED] - delay(2): Delayed 2 second(s)

2022-10-07 18:43:16 - [MESSAGE][PASSED] - Delayed 2 second(s)

2022-10-07 18:43:16 - [TEST_STEP][PASSED] - mouseOver(findTestObject("03-Header Menu/User Profile/View Profile/Contact Info/email field")): Object: 'Object Repository/03-Header Menu/User Profile/View Profile/Contact Info/email field' is hovered

2022-10-07 18:43:16 - [MESSAGE][PASSED] - Object: 'Object Repository/03-Header Menu/User Profile/View Profile/Contact Info/email field' is hovered

2022-10-07 18:43:16 - [TEST_STEP][PASSED] - click(findTestObject("03-Header Menu/User Profile/View Profile/Contact Info/remove email")): Object: 'Object Repository/03-Header Menu/User Profile/View Profile/Contact Info/remove email' is clicked on

2022-10-07 18:43:17 - [MESSAGE][PASSED] - Object: 'Object Repository/03-Header Menu/User Profile/View Profile/Contact Info/remove email' is clicked on

2022-10-07 18:43:17 - [TEST_STEP][PASSED] - sendKeys(findTestObject("03-Header Menu/User Profile/View Profile/Contact Info/Positon Field"), Keys.chord(ENTER)): Keys 'ENTER + ' sent to object: 'Object Repository/03-Header Menu/User Profile/View Profile/Contact Info/Positon Field'

2022-10-07 18:43:17 - [MESSAGE][PASSED] - Keys 'ENTER + ' sent to object: 'Object Repository/03-Header Menu/User Profile/View Profile/Contact Info/Positon Field'

2022-10-07 18:43:17 - [TEST_STEP][PASSED] - delay(2): Delayed 2 second(s)

2022-10-07 18:43:19 - [MESSAGE][PASSED] - Delayed 2 second(s)

2022-10-07 18:43:19 - [TEST_STEP][PASSED] - click(findTestObject("03-Header Menu/User Profile/View Profile/Contact Info/button_Save")): Object: 'Object Repository/03-Header Menu/User Profile/View Profile/Contact Info/button_Save' is clicked on

2022-10-07 18:43:20 - [MESSAGE][PASSED] - Object: 'Object Repository/03-Header Menu/User Profile/View Profile/Contact Info/button_Save' is clicked on

2022-10-07 18:43:20 - [TEST_STEP][PASSED] - verifyElementVisible(findTestObject("03-Header Menu/User Profile/View Profile/Contact Info/Success Msg")): Object 'Object Repository/03-Header Menu/User Profile/View Profile/Contact Info/Success Msg' is visible

2022-10-07 18:43:21 - [MESSAGE][PASSED] - Object 'Object Repository/03-Header Menu/User Profile/View Profile/Contact Info/Success Msg' is visible

2022-10-07 18:43:21 - [TEST_STEP][PASSED] - delay(2): Delayed 2 second(s)

2022-10-07 18:43:23 - [MESSAGE][PASSED] - Delayed 2 second(s)]]></system-out>
         <system-err><![CDATA[]]></system-err>
      </testcase>
      <testcase name="Test Cases/03-Header Menu/13- Contact Info (add-remove phone number)" time="15.806" classname="Test Cases/03-Header Menu/13- Contact Info (add-remove phone number)" status="PASSED">
         <system-out><![CDATA[2022-10-07 18:43:23 - [TEST_CASE][PASSED] - Test Cases/03-Header Menu/13- Contact Info (add-remove phone number): Test Cases/03-Header Menu/13- Contact Info (add-remove phone number)

2022-10-07 18:43:23 - [TEST_STEP][PASSED] - click(findTestObject("03-Header Menu/User Profile/View Profile/Contact Info/phone field")): Object: 'Object Repository/03-Header Menu/User Profile/View Profile/Contact Info/phone field' is clicked on

2022-10-07 18:43:24 - [MESSAGE][PASSED] - Object: 'Object Repository/03-Header Menu/User Profile/View Profile/Contact Info/phone field' is clicked on

2022-10-07 18:43:24 - [TEST_STEP][PASSED] - click(findTestObject("03-Header Menu/User Profile/View Profile/Contact Info/area code selector")): Object: 'Object Repository/03-Header Menu/User Profile/View Profile/Contact Info/area code selector' is clicked on

2022-10-07 18:43:25 - [MESSAGE][PASSED] - Object: 'Object Repository/03-Header Menu/User Profile/View Profile/Contact Info/area code selector' is clicked on

2022-10-07 18:43:25 - [TEST_STEP][PASSED] - verifyElementVisible(findTestObject("03-Header Menu/User Profile/View Profile/Contact Info/area code modal")): Object 'Object Repository/03-Header Menu/User Profile/View Profile/Contact Info/area code modal' is visible

2022-10-07 18:43:25 - [MESSAGE][PASSED] - Object 'Object Repository/03-Header Menu/User Profile/View Profile/Contact Info/area code modal' is visible

2022-10-07 18:43:25 - [TEST_STEP][PASSED] - click(findTestObject("03-Header Menu/User Profile/View Profile/Contact Info/button_Philippines 63")): Object: 'Object Repository/03-Header Menu/User Profile/View Profile/Contact Info/button_Philippines 63' is clicked on

2022-10-07 18:43:26 - [MESSAGE][PASSED] - Object: 'Object Repository/03-Header Menu/User Profile/View Profile/Contact Info/button_Philippines 63' is clicked on

2022-10-07 18:43:26 - [TEST_STEP][PASSED] - setText(findTestObject("03-Header Menu/User Profile/View Profile/Contact Info/phone field"), "9211234567"): Text '9211234567' is set on object 'Object Repository/03-Header Menu/User Profile/View Profile/Contact Info/phone field'

2022-10-07 18:43:27 - [MESSAGE][PASSED] - Text '9211234567' is set on object 'Object Repository/03-Header Menu/User Profile/View Profile/Contact Info/phone field'

2022-10-07 18:43:27 - [TEST_STEP][PASSED] - sendKeys(findTestObject("03-Header Menu/User Profile/View Profile/Contact Info/Positon Field"), Keys.chord(ENTER)): Keys 'ENTER + ' sent to object: 'Object Repository/03-Header Menu/User Profile/View Profile/Contact Info/Positon Field'

2022-10-07 18:43:28 - [MESSAGE][PASSED] - Keys 'ENTER + ' sent to object: 'Object Repository/03-Header Menu/User Profile/View Profile/Contact Info/Positon Field'

2022-10-07 18:43:28 - [TEST_STEP][PASSED] - click(findTestObject("03-Header Menu/User Profile/View Profile/Contact Info/button_Save")): Object: 'Object Repository/03-Header Menu/User Profile/View Profile/Contact Info/button_Save' is clicked on

2022-10-07 18:43:28 - [MESSAGE][PASSED] - Object: 'Object Repository/03-Header Menu/User Profile/View Profile/Contact Info/button_Save' is clicked on

2022-10-07 18:43:28 - [TEST_STEP][PASSED] - delay(2): Delayed 2 second(s)

2022-10-07 18:43:30 - [MESSAGE][PASSED] - Delayed 2 second(s)

2022-10-07 18:43:30 - [TEST_STEP][PASSED] - verifyElementVisible(findTestObject("03-Header Menu/User Profile/View Profile/Contact Info/Success Msg")): Object 'Object Repository/03-Header Menu/User Profile/View Profile/Contact Info/Success Msg' is visible

2022-10-07 18:43:31 - [MESSAGE][PASSED] - Object 'Object Repository/03-Header Menu/User Profile/View Profile/Contact Info/Success Msg' is visible

2022-10-07 18:43:31 - [TEST_STEP][PASSED] - delay(2): Delayed 2 second(s)

2022-10-07 18:43:33 - [MESSAGE][PASSED] - Delayed 2 second(s)

2022-10-07 18:43:33 - [TEST_STEP][PASSED] - mouseOver(findTestObject("03-Header Menu/User Profile/View Profile/Contact Info/phone field")): Object: 'Object Repository/03-Header Menu/User Profile/View Profile/Contact Info/phone field' is hovered

2022-10-07 18:43:33 - [MESSAGE][PASSED] - Object: 'Object Repository/03-Header Menu/User Profile/View Profile/Contact Info/phone field' is hovered

2022-10-07 18:43:33 - [TEST_STEP][PASSED] - delay(1): Delayed 1 second(s)

2022-10-07 18:43:34 - [MESSAGE][PASSED] - Delayed 1 second(s)

2022-10-07 18:43:34 - [TEST_STEP][PASSED] - click(findTestObject("03-Header Menu/User Profile/View Profile/Contact Info/phone remove button")): Object: 'Object Repository/03-Header Menu/User Profile/View Profile/Contact Info/phone remove button' is clicked on

2022-10-07 18:43:35 - [MESSAGE][PASSED] - Object: 'Object Repository/03-Header Menu/User Profile/View Profile/Contact Info/phone remove button' is clicked on

2022-10-07 18:43:35 - [TEST_STEP][PASSED] - sendKeys(findTestObject("03-Header Menu/User Profile/View Profile/Contact Info/Positon Field"), Keys.chord(ENTER)): Keys 'ENTER + ' sent to object: 'Object Repository/03-Header Menu/User Profile/View Profile/Contact Info/Positon Field'

2022-10-07 18:43:35 - [MESSAGE][PASSED] - Keys 'ENTER + ' sent to object: 'Object Repository/03-Header Menu/User Profile/View Profile/Contact Info/Positon Field'

2022-10-07 18:43:35 - [TEST_STEP][PASSED] - click(findTestObject("03-Header Menu/User Profile/View Profile/Contact Info/button_Save")): Object: 'Object Repository/03-Header Menu/User Profile/View Profile/Contact Info/button_Save' is clicked on

2022-10-07 18:43:36 - [MESSAGE][PASSED] - Object: 'Object Repository/03-Header Menu/User Profile/View Profile/Contact Info/button_Save' is clicked on

2022-10-07 18:43:36 - [TEST_STEP][PASSED] - verifyElementVisible(findTestObject("03-Header Menu/User Profile/View Profile/Contact Info/Success Msg")): Object 'Object Repository/03-Header Menu/User Profile/View Profile/Contact Info/Success Msg' is visible

2022-10-07 18:43:37 - [MESSAGE][PASSED] - Object 'Object Repository/03-Header Menu/User Profile/View Profile/Contact Info/Success Msg' is visible

2022-10-07 18:43:37 - [TEST_STEP][PASSED] - delay(2): Delayed 2 second(s)

2022-10-07 18:43:39 - [MESSAGE][PASSED] - Delayed 2 second(s)]]></system-out>
         <system-err><![CDATA[]]></system-err>
      </testcase>
      <testcase name="Test Cases/03-Header Menu/14- Contact Info (add-remove address)" time="43.075" classname="Test Cases/03-Header Menu/14- Contact Info (add-remove address)" status="PASSED">
         <system-out><![CDATA[2022-10-07 18:43:39 - [TEST_CASE][PASSED] - Test Cases/03-Header Menu/14- Contact Info (add-remove address): Test Cases/03-Header Menu/14- Contact Info (add-remove address)

2022-10-07 18:43:39 - [TEST_STEP][PASSED] - delay(2): Delayed 2 second(s)

2022-10-07 18:43:41 - [MESSAGE][PASSED] - Delayed 2 second(s)

2022-10-07 18:43:41 - [TEST_STEP][PASSED] - click(findTestObject("03-Header Menu/User Profile/View Profile/div_Contact Info")): Object: 'Object Repository/03-Header Menu/User Profile/View Profile/div_Contact Info' is clicked on

2022-10-07 18:43:42 - [MESSAGE][PASSED] - Object: 'Object Repository/03-Header Menu/User Profile/View Profile/div_Contact Info' is clicked on

2022-10-07 18:43:42 - [TEST_STEP][PASSED] - delay(1): Delayed 1 second(s)

2022-10-07 18:43:43 - [MESSAGE][PASSED] - Delayed 1 second(s)

2022-10-07 18:43:43 - [TEST_STEP][PASSED] - click(findTestObject("03-Header Menu/User Profile/View Profile/Contact Info/add address button")): Object: 'Object Repository/03-Header Menu/User Profile/View Profile/Contact Info/add address button' is clicked on

2022-10-07 18:43:43 - [MESSAGE][PASSED] - Object: 'Object Repository/03-Header Menu/User Profile/View Profile/Contact Info/add address button' is clicked on

2022-10-07 18:43:43 - [TEST_STEP][PASSED] - verifyElementVisible(findTestObject("03-Header Menu/User Profile/View Profile/Contact Info/h4_Edit Address")): Object 'Object Repository/03-Header Menu/User Profile/View Profile/Contact Info/h4_Edit Address' is visible

2022-10-07 18:43:44 - [MESSAGE][PASSED] - Object 'Object Repository/03-Header Menu/User Profile/View Profile/Contact Info/h4_Edit Address' is visible

2022-10-07 18:43:44 - [TEST_STEP][PASSED] - delay(2): Delayed 2 second(s)

2022-10-07 18:43:46 - [MESSAGE][PASSED] - Delayed 2 second(s)

2022-10-07 18:43:46 - [TEST_STEP][PASSED] - click(findTestObject("03-Header Menu/User Profile/View Profile/Contact Info/input_street1")): Object: 'Object Repository/03-Header Menu/User Profile/View Profile/Contact Info/input_street1' is clicked on

2022-10-07 18:43:46 - [MESSAGE][PASSED] - Object: 'Object Repository/03-Header Menu/User Profile/View Profile/Contact Info/input_street1' is clicked on

2022-10-07 18:43:46 - [TEST_STEP][PASSED] - click(findTestObject("03-Header Menu/User Profile/View Profile/Contact Info/input_street2")): Object: 'Object Repository/03-Header Menu/User Profile/View Profile/Contact Info/input_street2' is clicked on

2022-10-07 18:43:46 - [MESSAGE][PASSED] - Object: 'Object Repository/03-Header Menu/User Profile/View Profile/Contact Info/input_street2' is clicked on

2022-10-07 18:43:46 - [TEST_STEP][PASSED] - click(findTestObject("03-Header Menu/User Profile/View Profile/Contact Info/input_postcode")): Object: 'Object Repository/03-Header Menu/User Profile/View Profile/Contact Info/input_postcode' is clicked on

2022-10-07 18:43:47 - [MESSAGE][PASSED] - Object: 'Object Repository/03-Header Menu/User Profile/View Profile/Contact Info/input_postcode' is clicked on

2022-10-07 18:43:47 - [TEST_STEP][PASSED] - click(findTestObject("03-Header Menu/User Profile/View Profile/Contact Info/input_city")): Object: 'Object Repository/03-Header Menu/User Profile/View Profile/Contact Info/input_city' is clicked on

2022-10-07 18:43:47 - [MESSAGE][PASSED] - Object: 'Object Repository/03-Header Menu/User Profile/View Profile/Contact Info/input_city' is clicked on

2022-10-07 18:43:47 - [TEST_STEP][PASSED] - click(findTestObject("03-Header Menu/User Profile/View Profile/Contact Info/input_state")): Object: 'Object Repository/03-Header Menu/User Profile/View Profile/Contact Info/input_state' is clicked on

2022-10-07 18:43:47 - [MESSAGE][PASSED] - Object: 'Object Repository/03-Header Menu/User Profile/View Profile/Contact Info/input_state' is clicked on

2022-10-07 18:43:47 - [TEST_STEP][PASSED] - click(findTestObject("03-Header Menu/User Profile/View Profile/Contact Info/input_country")): Object: 'Object Repository/03-Header Menu/User Profile/View Profile/Contact Info/input_country' is clicked on

2022-10-07 18:43:48 - [MESSAGE][PASSED] - Object: 'Object Repository/03-Header Menu/User Profile/View Profile/Contact Info/input_country' is clicked on

2022-10-07 18:43:48 - [TEST_STEP][PASSED] - click(findTestObject("03-Header Menu/User Profile/View Profile/Contact Info/input_address type")): Object: 'Object Repository/03-Header Menu/User Profile/View Profile/Contact Info/input_address type' is clicked on

2022-10-07 18:43:49 - [MESSAGE][PASSED] - Object: 'Object Repository/03-Header Menu/User Profile/View Profile/Contact Info/input_address type' is clicked on

2022-10-07 18:43:49 - [TEST_STEP][PASSED] - verifyElementVisible(findTestObject("03-Header Menu/User Profile/View Profile/Contact Info/span_Work")): Object 'Object Repository/03-Header Menu/User Profile/View Profile/Contact Info/span_Work' is visible

2022-10-07 18:43:49 - [MESSAGE][PASSED] - Object 'Object Repository/03-Header Menu/User Profile/View Profile/Contact Info/span_Work' is visible

2022-10-07 18:43:49 - [TEST_STEP][PASSED] - verifyElementVisible(findTestObject("03-Header Menu/User Profile/View Profile/Contact Info/span_Personal")): Object 'Object Repository/03-Header Menu/User Profile/View Profile/Contact Info/span_Personal' is visible

2022-10-07 18:43:50 - [MESSAGE][PASSED] - Object 'Object Repository/03-Header Menu/User Profile/View Profile/Contact Info/span_Personal' is visible

2022-10-07 18:43:50 - [TEST_STEP][PASSED] - verifyElementVisible(findTestObject("03-Header Menu/User Profile/View Profile/Contact Info/span_Other")): Object 'Object Repository/03-Header Menu/User Profile/View Profile/Contact Info/span_Other' is visible

2022-10-07 18:43:50 - [MESSAGE][PASSED] - Object 'Object Repository/03-Header Menu/User Profile/View Profile/Contact Info/span_Other' is visible

2022-10-07 18:43:50 - [TEST_STEP][PASSED] - verifyElementVisible(findTestObject("03-Header Menu/User Profile/View Profile/Contact Info/invalid street 1")): Object 'Object Repository/03-Header Menu/User Profile/View Profile/Contact Info/invalid street 1' is visible

2022-10-07 18:43:50 - [MESSAGE][PASSED] - Object 'Object Repository/03-Header Menu/User Profile/View Profile/Contact Info/invalid street 1' is visible

2022-10-07 18:43:50 - [TEST_STEP][PASSED] - verifyElementVisible(findTestObject("03-Header Menu/User Profile/View Profile/Contact Info/invalid ZIP")): Object 'Object Repository/03-Header Menu/User Profile/View Profile/Contact Info/invalid ZIP' is visible

2022-10-07 18:43:51 - [MESSAGE][PASSED] - Object 'Object Repository/03-Header Menu/User Profile/View Profile/Contact Info/invalid ZIP' is visible

2022-10-07 18:43:51 - [TEST_STEP][PASSED] - verifyElementVisible(findTestObject("03-Header Menu/User Profile/View Profile/Contact Info/invalid City")): Object 'Object Repository/03-Header Menu/User Profile/View Profile/Contact Info/invalid City' is visible

2022-10-07 18:43:51 - [MESSAGE][PASSED] - Object 'Object Repository/03-Header Menu/User Profile/View Profile/Contact Info/invalid City' is visible

2022-10-07 18:43:51 - [TEST_STEP][PASSED] - verifyElementVisible(findTestObject("03-Header Menu/User Profile/View Profile/Contact Info/invalid state")): Object 'Object Repository/03-Header Menu/User Profile/View Profile/Contact Info/invalid state' is visible

2022-10-07 18:43:51 - [MESSAGE][PASSED] - Object 'Object Repository/03-Header Menu/User Profile/View Profile/Contact Info/invalid state' is visible

2022-10-07 18:43:51 - [TEST_STEP][PASSED] - verifyElementVisible(findTestObject("03-Header Menu/User Profile/View Profile/Contact Info/invalid country")): Object 'Object Repository/03-Header Menu/User Profile/View Profile/Contact Info/invalid country' is visible

2022-10-07 18:43:52 - [MESSAGE][PASSED] - Object 'Object Repository/03-Header Menu/User Profile/View Profile/Contact Info/invalid country' is visible

2022-10-07 18:43:52 - [TEST_STEP][PASSED] - delay(2): Delayed 2 second(s)

2022-10-07 18:43:54 - [MESSAGE][PASSED] - Delayed 2 second(s)

2022-10-07 18:43:54 - [TEST_STEP][PASSED] - click(findTestObject("03-Header Menu/User Profile/View Profile/Contact Info/input_street1")): Object: 'Object Repository/03-Header Menu/User Profile/View Profile/Contact Info/input_street1' is clicked on

2022-10-07 18:43:54 - [MESSAGE][PASSED] - Object: 'Object Repository/03-Header Menu/User Profile/View Profile/Contact Info/input_street1' is clicked on

2022-10-07 18:43:54 - [TEST_STEP][PASSED] - verifyElementNotClickable(findTestObject("03-Header Menu/User Profile/View Profile/Contact Info/button_Save_address")): Object 'Object Repository/03-Header Menu/User Profile/View Profile/Contact Info/button_Save_address' is NOT clickable

2022-10-07 18:43:55 - [MESSAGE][PASSED] - Object 'Object Repository/03-Header Menu/User Profile/View Profile/Contact Info/button_Save_address' is NOT clickable

2022-10-07 18:43:55 - [TEST_STEP][PASSED] - click(findTestObject("03-Header Menu/User Profile/View Profile/Contact Info/button_Cancel")): Object: 'Object Repository/03-Header Menu/User Profile/View Profile/Contact Info/button_Cancel' is clicked on

2022-10-07 18:43:55 - [MESSAGE][PASSED] - Object: 'Object Repository/03-Header Menu/User Profile/View Profile/Contact Info/button_Cancel' is clicked on

2022-10-07 18:43:55 - [TEST_STEP][PASSED] - delay(2): Delayed 2 second(s)

2022-10-07 18:43:57 - [MESSAGE][PASSED] - Delayed 2 second(s)

2022-10-07 18:43:57 - [TEST_STEP][PASSED] - click(findTestObject("03-Header Menu/User Profile/View Profile/Contact Info/add address button")): Object: 'Object Repository/03-Header Menu/User Profile/View Profile/Contact Info/add address button' is clicked on

2022-10-07 18:43:57 - [MESSAGE][PASSED] - Object: 'Object Repository/03-Header Menu/User Profile/View Profile/Contact Info/add address button' is clicked on

2022-10-07 18:43:57 - [TEST_STEP][PASSED] - verifyElementVisible(findTestObject("03-Header Menu/User Profile/View Profile/Contact Info/h4_Edit Address")): Object 'Object Repository/03-Header Menu/User Profile/View Profile/Contact Info/h4_Edit Address' is visible

2022-10-07 18:43:58 - [MESSAGE][PASSED] - Object 'Object Repository/03-Header Menu/User Profile/View Profile/Contact Info/h4_Edit Address' is visible

2022-10-07 18:43:58 - [TEST_STEP][PASSED] - setText(findTestObject("03-Header Menu/User Profile/View Profile/Contact Info/input_street1"), "05 Test"): Text '05 Test' is set on object 'Object Repository/03-Header Menu/User Profile/View Profile/Contact Info/input_street1'

2022-10-07 18:43:59 - [MESSAGE][PASSED] - Text '05 Test' is set on object 'Object Repository/03-Header Menu/User Profile/View Profile/Contact Info/input_street1'

2022-10-07 18:43:59 - [TEST_STEP][PASSED] - setText(findTestObject("03-Header Menu/User Profile/View Profile/Contact Info/input_street2"), "corner Automation"): Text 'corner Automation' is set on object 'Object Repository/03-Header Menu/User Profile/View Profile/Contact Info/input_street2'

2022-10-07 18:44:00 - [MESSAGE][PASSED] - Text 'corner Automation' is set on object 'Object Repository/03-Header Menu/User Profile/View Profile/Contact Info/input_street2'

2022-10-07 18:44:00 - [TEST_STEP][PASSED] - setText(findTestObject("03-Header Menu/User Profile/View Profile/Contact Info/input_postcode"), "54321"): Text '54321' is set on object 'Object Repository/03-Header Menu/User Profile/View Profile/Contact Info/input_postcode'

2022-10-07 18:44:01 - [MESSAGE][PASSED] - Text '54321' is set on object 'Object Repository/03-Header Menu/User Profile/View Profile/Contact Info/input_postcode'

2022-10-07 18:44:01 - [TEST_STEP][PASSED] - setText(findTestObject("03-Header Menu/User Profile/View Profile/Contact Info/input_city"), "Test City"): Text 'Test City' is set on object 'Object Repository/03-Header Menu/User Profile/View Profile/Contact Info/input_city'

2022-10-07 18:44:02 - [MESSAGE][PASSED] - Text 'Test City' is set on object 'Object Repository/03-Header Menu/User Profile/View Profile/Contact Info/input_city'

2022-10-07 18:44:02 - [TEST_STEP][PASSED] - setText(findTestObject("03-Header Menu/User Profile/View Profile/Contact Info/input_state"), "Test State"): Text 'Test State' is set on object 'Object Repository/03-Header Menu/User Profile/View Profile/Contact Info/input_state'

2022-10-07 18:44:03 - [MESSAGE][PASSED] - Text 'Test State' is set on object 'Object Repository/03-Header Menu/User Profile/View Profile/Contact Info/input_state'

2022-10-07 18:44:03 - [TEST_STEP][PASSED] - setText(findTestObject("03-Header Menu/User Profile/View Profile/Contact Info/input_country"), "Test Country"): Text 'Test Country' is set on object 'Object Repository/03-Header Menu/User Profile/View Profile/Contact Info/input_country'

2022-10-07 18:44:03 - [MESSAGE][PASSED] - Text 'Test Country' is set on object 'Object Repository/03-Header Menu/User Profile/View Profile/Contact Info/input_country'

2022-10-07 18:44:03 - [TEST_STEP][PASSED] - click(findTestObject("03-Header Menu/User Profile/View Profile/Contact Info/input_address type")): Object: 'Object Repository/03-Header Menu/User Profile/View Profile/Contact Info/input_address type' is clicked on

2022-10-07 18:44:04 - [MESSAGE][PASSED] - Object: 'Object Repository/03-Header Menu/User Profile/View Profile/Contact Info/input_address type' is clicked on

2022-10-07 18:44:04 - [TEST_STEP][PASSED] - click(findTestObject("03-Header Menu/User Profile/View Profile/Contact Info/span_Work")): Object: 'Object Repository/03-Header Menu/User Profile/View Profile/Contact Info/span_Work' is clicked on

2022-10-07 18:44:04 - [MESSAGE][PASSED] - Object: 'Object Repository/03-Header Menu/User Profile/View Profile/Contact Info/span_Work' is clicked on

2022-10-07 18:44:04 - [TEST_STEP][PASSED] - delay(2): Delayed 2 second(s)

2022-10-07 18:44:06 - [MESSAGE][PASSED] - Delayed 2 second(s)

2022-10-07 18:44:06 - [TEST_STEP][PASSED] - click(findTestObject("03-Header Menu/User Profile/View Profile/Contact Info/button_Save_address")): Object: 'Object Repository/03-Header Menu/User Profile/View Profile/Contact Info/button_Save_address' is clicked on

2022-10-07 18:44:07 - [MESSAGE][PASSED] - Object: 'Object Repository/03-Header Menu/User Profile/View Profile/Contact Info/button_Save_address' is clicked on

2022-10-07 18:44:07 - [TEST_STEP][PASSED] - delay(2): Delayed 2 second(s)

2022-10-07 18:44:09 - [MESSAGE][PASSED] - Delayed 2 second(s)

2022-10-07 18:44:09 - [TEST_STEP][PASSED] - verifyElementVisible(findTestObject("03-Header Menu/User Profile/View Profile/Contact Info/Address Added")): Object 'Object Repository/03-Header Menu/User Profile/View Profile/Contact Info/Address Added' is visible

2022-10-07 18:44:09 - [MESSAGE][PASSED] - Object 'Object Repository/03-Header Menu/User Profile/View Profile/Contact Info/Address Added' is visible

2022-10-07 18:44:09 - [TEST_STEP][PASSED] - delay(2): Delayed 2 second(s)

2022-10-07 18:44:11 - [MESSAGE][PASSED] - Delayed 2 second(s)

2022-10-07 18:44:11 - [TEST_STEP][PASSED] - click(findTestObject("03-Header Menu/User Profile/View Profile/Contact Info/button_Save")): Object: 'Object Repository/03-Header Menu/User Profile/View Profile/Contact Info/button_Save' is clicked on

2022-10-07 18:44:12 - [MESSAGE][PASSED] - Object: 'Object Repository/03-Header Menu/User Profile/View Profile/Contact Info/button_Save' is clicked on

2022-10-07 18:44:12 - [TEST_STEP][PASSED] - verifyElementVisible(findTestObject("03-Header Menu/User Profile/View Profile/Contact Info/Success Msg")): Object 'Object Repository/03-Header Menu/User Profile/View Profile/Contact Info/Success Msg' is visible

2022-10-07 18:44:13 - [MESSAGE][PASSED] - Object 'Object Repository/03-Header Menu/User Profile/View Profile/Contact Info/Success Msg' is visible

2022-10-07 18:44:13 - [TEST_STEP][PASSED] - delay(2): Delayed 2 second(s)

2022-10-07 18:44:15 - [MESSAGE][PASSED] - Delayed 2 second(s)

2022-10-07 18:44:15 - [TEST_STEP][PASSED] - mouseOver(findTestObject("03-Header Menu/User Profile/View Profile/Contact Info/Mouse over target")): Object: 'Object Repository/03-Header Menu/User Profile/View Profile/Contact Info/Mouse over target' is hovered

2022-10-07 18:44:16 - [MESSAGE][PASSED] - Object: 'Object Repository/03-Header Menu/User Profile/View Profile/Contact Info/Mouse over target' is hovered

2022-10-07 18:44:16 - [TEST_STEP][PASSED] - click(findTestObject("03-Header Menu/User Profile/View Profile/Contact Info/button_remove_address")): Object: 'Object Repository/03-Header Menu/User Profile/View Profile/Contact Info/button_remove_address' is clicked on

2022-10-07 18:44:16 - [MESSAGE][PASSED] - Object: 'Object Repository/03-Header Menu/User Profile/View Profile/Contact Info/button_remove_address' is clicked on

2022-10-07 18:44:16 - [TEST_STEP][PASSED] - click(findTestObject("03-Header Menu/User Profile/View Profile/Contact Info/button_Save")): Object: 'Object Repository/03-Header Menu/User Profile/View Profile/Contact Info/button_Save' is clicked on

2022-10-07 18:44:17 - [MESSAGE][PASSED] - Object: 'Object Repository/03-Header Menu/User Profile/View Profile/Contact Info/button_Save' is clicked on

2022-10-07 18:44:17 - [TEST_STEP][PASSED] - verifyElementVisible(findTestObject("03-Header Menu/User Profile/View Profile/Contact Info/Success Msg")): Object 'Object Repository/03-Header Menu/User Profile/View Profile/Contact Info/Success Msg' is visible

2022-10-07 18:44:18 - [MESSAGE][PASSED] - Object 'Object Repository/03-Header Menu/User Profile/View Profile/Contact Info/Success Msg' is visible

2022-10-07 18:44:18 - [TEST_STEP][PASSED] - delay(3): Delayed 3 second(s)

2022-10-07 18:44:21 - [MESSAGE][PASSED] - Delayed 3 second(s)

2022-10-07 18:44:21 - [TEST_STEP][PASSED] - closeBrowser(): Browser is closed

2022-10-07 18:44:22 - [MESSAGE][PASSED] - Browser is closed]]></system-out>
         <system-err><![CDATA[]]></system-err>
      </testcase>
      <testcase name="Test Cases/03-Header Menu/15- Change Password (Blank Fields)" time="68.032" classname="Test Cases/03-Header Menu/15- Change Password (Blank Fields)" status="PASSED">
         <system-out><![CDATA[2022-10-07 18:44:22 - [TEST_CASE][PASSED] - Test Cases/03-Header Menu/15- Change Password (Blank Fields): Test Cases/03-Header Menu/15- Change Password (Blank Fields)

2022-10-07 18:44:22 - [TEST_STEP][PASSED] - openBrowser(""): Browser is opened with url: ''

2022-10-07 18:44:22 - [MESSAGE][INFO] - Starting 'Chrome' driver

2022-10-07 18:44:22 - [MESSAGE][INFO] - Action delay is set to 0 milliseconds

2022-10-07 18:44:23 - [MESSAGE][PASSED] - Browser is opened with url: ''

2022-10-07 18:44:23 - [TEST_STEP][PASSED] - navigateToUrl("https://lab.everleagues.com/login?returnUrl=%2Fmain%2Fdashboard"): Navigate to 'https://lab.everleagues.com/login?returnUrl=%2Fmain%2Fdashboard' successfully

2022-10-07 18:44:36 - [MESSAGE][PASSED] - Navigate to 'https://lab.everleagues.com/login?returnUrl=%2Fmain%2Fdashboard' successfully

2022-10-07 18:44:36 - [TEST_STEP][PASSED] - maximizeWindow(): Current window maximized

2022-10-07 18:44:36 - [MESSAGE][PASSED] - Current window maximized

2022-10-07 18:44:36 - [TEST_STEP][PASSED] - setText(findTestObject("02-Side Icons(Organization)/Add Contact/Email Field"), "testuser02@mailinator.com"): Text 'testuser02@mailinator.com' is set on object 'Object Repository/02-Side Icons(Organization)/Add Contact/Email Field'

2022-10-07 18:44:37 - [MESSAGE][PASSED] - Text 'testuser02@mailinator.com' is set on object 'Object Repository/02-Side Icons(Organization)/Add Contact/Email Field'

2022-10-07 18:44:37 - [TEST_STEP][PASSED] - setEncryptedText(findTestObject("02-Side Icons(Organization)/Add Contact/Password Field"), "8yFRyszE6U6jvsCn51OQbg=="): Text ****** has been set on object 'Object Repository/02-Side Icons(Organization)/Add Contact/Password Field'

2022-10-07 18:44:37 - [MESSAGE][PASSED] - Text ****** has been set on object 'Object Repository/02-Side Icons(Organization)/Add Contact/Password Field'

2022-10-07 18:44:37 - [TEST_STEP][PASSED] - click(findTestObject("02-Side Icons(Organization)/Add Contact/button_Sign in")): Object: 'Object Repository/02-Side Icons(Organization)/Add Contact/button_Sign in' is clicked on

2022-10-07 18:44:38 - [MESSAGE][PASSED] - Object: 'Object Repository/02-Side Icons(Organization)/Add Contact/button_Sign in' is clicked on

2022-10-07 18:44:38 - [TEST_STEP][PASSED] - delay(2): Delayed 2 second(s)

2022-10-07 18:44:40 - [MESSAGE][PASSED] - Delayed 2 second(s)

2022-10-07 18:44:40 - [TEST_STEP][PASSED] - click(findTestObject("06-Teams/For 2FA/button_Confirm_2FA")): Object: 'Object Repository/06-Teams/For 2FA/button_Confirm_2FA' is clicked on

2022-10-07 18:44:40 - [MESSAGE][PASSED] - Object: 'Object Repository/06-Teams/For 2FA/button_Confirm_2FA' is clicked on

2022-10-07 18:44:40 - [TEST_STEP][PASSED] - executeJavaScript("window.open();", []): Execute JavaScript 'window.open();' successfully

2022-10-07 18:44:40 - [MESSAGE][PASSED] - Execute JavaScript 'window.open();' successfully

2022-10-07 18:44:40 - [TEST_STEP][PASSED] - currentWindow = getWindowIndex(): Current window's index is: 0

2022-10-07 18:44:41 - [MESSAGE][PASSED] - Current window's index is: 0

2022-10-07 18:44:41 - [TEST_STEP][PASSED] - delay(3): Delayed 3 second(s)

2022-10-07 18:44:44 - [MESSAGE][PASSED] - Delayed 3 second(s)

2022-10-07 18:44:44 - [TEST_STEP][PASSED] - switchToWindowIndex(currentWindow + 1): Switched to window with index: '1'

2022-10-07 18:44:44 - [MESSAGE][PASSED] - Switched to window with index: '1'

2022-10-07 18:44:44 - [TEST_STEP][PASSED] - navigateToUrl("https://www.mailinator.com/"): Navigate to 'https://www.mailinator.com/' successfully

2022-10-07 18:44:46 - [MESSAGE][PASSED] - Navigate to 'https://www.mailinator.com/' successfully

2022-10-07 18:44:46 - [TEST_STEP][PASSED] - delay(3): Delayed 3 second(s)

2022-10-07 18:44:49 - [MESSAGE][PASSED] - Delayed 3 second(s)

2022-10-07 18:44:49 - [TEST_STEP][PASSED] - setText(findTestObject("00-Signup and Activation/zMailinator/input_LOGIN_search"), "testuser02@mailinator.com"): Text 'testuser02@mailinator.com' is set on object 'Object Repository/00-Signup and Activation/zMailinator/input_LOGIN_search'

2022-10-07 18:44:50 - [MESSAGE][PASSED] - Text 'testuser02@mailinator.com' is set on object 'Object Repository/00-Signup and Activation/zMailinator/input_LOGIN_search'

2022-10-07 18:44:50 - [TEST_STEP][PASSED] - click(findTestObject("00-Signup and Activation/zMailinator/gobutton"), STOP_ON_FAILURE): Object: 'Object Repository/00-Signup and Activation/zMailinator/gobutton' is clicked on

2022-10-07 18:44:51 - [MESSAGE][PASSED] - Object: 'Object Repository/00-Signup and Activation/zMailinator/gobutton' is clicked on

2022-10-07 18:44:51 - [TEST_STEP][PASSED] - delay(3): Delayed 3 second(s)

2022-10-07 18:44:54 - [MESSAGE][PASSED] - Delayed 3 second(s)

2022-10-07 18:44:54 - [TEST_STEP][PASSED] - click(findTestObject("00-Signup and Activation/zMailinator/Email - everleagues")): Object: 'Object Repository/00-Signup and Activation/zMailinator/Email - everleagues' is clicked on

2022-10-07 18:44:54 - [MESSAGE][PASSED] - Object: 'Object Repository/00-Signup and Activation/zMailinator/Email - everleagues' is clicked on

2022-10-07 18:44:54 - [TEST_STEP][PASSED] - delay(3): Delayed 3 second(s)

2022-10-07 18:44:57 - [MESSAGE][PASSED] - Delayed 3 second(s)

2022-10-07 18:44:57 - [TEST_STEP][PASSED] - code = getText(findTestObject("Object Repository/06-Teams/For 2FA/2FA code")): Text of object 'Object Repository/06-Teams/For 2FA/2FA code' is: '455180'

2022-10-07 18:44:58 - [MESSAGE][PASSED] - Text of object 'Object Repository/06-Teams/For 2FA/2FA code' is: '455180'

2022-10-07 18:44:58 - [TEST_STEP][PASSED] - delay(3): Delayed 3 second(s)

2022-10-07 18:45:01 - [MESSAGE][PASSED] - Delayed 3 second(s)

2022-10-07 18:45:01 - [TEST_STEP][PASSED] - closeWindowTitle("Mailinator"): Window with title: 'Mailinator' is closed

2022-10-07 18:45:01 - [MESSAGE][PASSED] - Window with title: 'Mailinator' is closed

2022-10-07 18:45:01 - [TEST_STEP][PASSED] - delay(3): Delayed 3 second(s)

2022-10-07 18:45:04 - [MESSAGE][PASSED] - Delayed 3 second(s)

2022-10-07 18:45:04 - [TEST_STEP][PASSED] - switchToWindowIndex(0): Switched to window with index: '0'

2022-10-07 18:45:04 - [MESSAGE][PASSED] - Switched to window with index: '0'

2022-10-07 18:45:04 - [TEST_STEP][PASSED] - delay(3): Delayed 3 second(s)

2022-10-07 18:45:07 - [MESSAGE][PASSED] - Delayed 3 second(s)

2022-10-07 18:45:07 - [TEST_STEP][PASSED] - setText(findTestObject("Object Repository/06-Teams/For 2FA/input_Enter verification code_code"), code): Text '455180' is set on object 'Object Repository/06-Teams/For 2FA/input_Enter verification code_code'

2022-10-07 18:45:08 - [MESSAGE][PASSED] - Text '455180' is set on object 'Object Repository/06-Teams/For 2FA/input_Enter verification code_code'

2022-10-07 18:45:08 - [TEST_STEP][PASSED] - delay(3): Delayed 3 second(s)

2022-10-07 18:45:11 - [MESSAGE][PASSED] - Delayed 3 second(s)

2022-10-07 18:45:11 - [TEST_STEP][PASSED] - click(findTestObject("06-Teams/For 2FA/button_Verify_2FA")): Object: 'Object Repository/06-Teams/For 2FA/button_Verify_2FA' is clicked on

2022-10-07 18:45:12 - [MESSAGE][PASSED] - Object: 'Object Repository/06-Teams/For 2FA/button_Verify_2FA' is clicked on

2022-10-07 18:45:12 - [TEST_STEP][PASSED] - delay(5): Delayed 5 second(s)

2022-10-07 18:45:17 - [MESSAGE][PASSED] - Delayed 5 second(s)

2022-10-07 18:45:17 - [TEST_STEP][PASSED] - click(findTestObject("03-Header Menu/User Profile/Users Profile menu and notification button/div_User drop down menu button")): Object: 'Object Repository/03-Header Menu/User Profile/Users Profile menu and notification button/div_User drop down menu button' is clicked on

2022-10-07 18:45:17 - [MESSAGE][PASSED] - Object: 'Object Repository/03-Header Menu/User Profile/Users Profile menu and notification button/div_User drop down menu button' is clicked on

2022-10-07 18:45:17 - [TEST_STEP][PASSED] - delay(2): Delayed 2 second(s)

2022-10-07 18:45:19 - [MESSAGE][PASSED] - Delayed 2 second(s)

2022-10-07 18:45:19 - [TEST_STEP][PASSED] - click(findTestObject("03-Header Menu/Header Menu Verifications/h4_Change Password")): Object: 'Object Repository/03-Header Menu/Header Menu Verifications/h4_Change Password' is clicked on

2022-10-07 18:45:20 - [MESSAGE][PASSED] - Object: 'Object Repository/03-Header Menu/Header Menu Verifications/h4_Change Password' is clicked on

2022-10-07 18:45:20 - [TEST_STEP][PASSED] - verifyElementVisible(findTestObject("03-Header Menu/User Profile/Change Password/h4_Change Password")): Object 'Object Repository/03-Header Menu/User Profile/Change Password/h4_Change Password' is visible

2022-10-07 18:45:21 - [MESSAGE][PASSED] - Object 'Object Repository/03-Header Menu/User Profile/Change Password/h4_Change Password' is visible

2022-10-07 18:45:21 - [TEST_STEP][PASSED] - delay(2): Delayed 2 second(s)

2022-10-07 18:45:23 - [MESSAGE][PASSED] - Delayed 2 second(s)

2022-10-07 18:45:23 - [TEST_STEP][PASSED] - click(findTestObject("03-Header Menu/User Profile/Change Password/input_Old password")): Object: 'Object Repository/03-Header Menu/User Profile/Change Password/input_Old password' is clicked on

2022-10-07 18:45:23 - [MESSAGE][PASSED] - Object: 'Object Repository/03-Header Menu/User Profile/Change Password/input_Old password' is clicked on

2022-10-07 18:45:23 - [TEST_STEP][PASSED] - click(findTestObject("03-Header Menu/User Profile/Change Password/input_new password")): Object: 'Object Repository/03-Header Menu/User Profile/Change Password/input_new password' is clicked on

2022-10-07 18:45:23 - [MESSAGE][PASSED] - Object: 'Object Repository/03-Header Menu/User Profile/Change Password/input_new password' is clicked on

2022-10-07 18:45:23 - [TEST_STEP][PASSED] - click(findTestObject("03-Header Menu/User Profile/Change Password/input_Confirm password")): Object: 'Object Repository/03-Header Menu/User Profile/Change Password/input_Confirm password' is clicked on

2022-10-07 18:45:24 - [MESSAGE][PASSED] - Object: 'Object Repository/03-Header Menu/User Profile/Change Password/input_Confirm password' is clicked on

2022-10-07 18:45:24 - [TEST_STEP][PASSED] - click(findTestObject("03-Header Menu/User Profile/Change Password/input_Old password")): Object: 'Object Repository/03-Header Menu/User Profile/Change Password/input_Old password' is clicked on

2022-10-07 18:45:24 - [MESSAGE][PASSED] - Object: 'Object Repository/03-Header Menu/User Profile/Change Password/input_Old password' is clicked on

2022-10-07 18:45:24 - [TEST_STEP][PASSED] - delay(2): Delayed 2 second(s)

2022-10-07 18:45:26 - [MESSAGE][PASSED] - Delayed 2 second(s)

2022-10-07 18:45:26 - [TEST_STEP][PASSED] - verifyElementVisible(findTestObject("03-Header Menu/User Profile/Change Password/error_Enter your password")): Object 'Object Repository/03-Header Menu/User Profile/Change Password/error_Enter your password' is visible

2022-10-07 18:45:27 - [MESSAGE][PASSED] - Object 'Object Repository/03-Header Menu/User Profile/Change Password/error_Enter your password' is visible

2022-10-07 18:45:27 - [TEST_STEP][PASSED] - verifyElementVisible(findTestObject("03-Header Menu/User Profile/Change Password/error_Password must be at least 8 characters")): Object 'Object Repository/03-Header Menu/User Profile/Change Password/error_Password must be at least 8 characters' is visible

2022-10-07 18:45:27 - [MESSAGE][PASSED] - Object 'Object Repository/03-Header Menu/User Profile/Change Password/error_Password must be at least 8 characters' is visible

2022-10-07 18:45:27 - [TEST_STEP][PASSED] - verifyElementVisible(findTestObject("03-Header Menu/User Profile/Change Password/error_Password does not match")): Object 'Object Repository/03-Header Menu/User Profile/Change Password/error_Password does not match' is visible

2022-10-07 18:45:27 - [MESSAGE][PASSED] - Object 'Object Repository/03-Header Menu/User Profile/Change Password/error_Password does not match' is visible

2022-10-07 18:45:27 - [TEST_STEP][PASSED] - verifyElementNotClickable(findTestObject("03-Header Menu/User Profile/Change Password/button_Change Password")): Object 'Object Repository/03-Header Menu/User Profile/Change Password/button_Change Password' is NOT clickable

2022-10-07 18:45:28 - [MESSAGE][PASSED] - Object 'Object Repository/03-Header Menu/User Profile/Change Password/button_Change Password' is NOT clickable

2022-10-07 18:45:28 - [TEST_STEP][PASSED] - click(findTestObject("03-Header Menu/User Profile/Change Password/button_Cancel")): Object: 'Object Repository/03-Header Menu/User Profile/Change Password/button_Cancel' is clicked on

2022-10-07 18:45:28 - [MESSAGE][PASSED] - Object: 'Object Repository/03-Header Menu/User Profile/Change Password/button_Cancel' is clicked on

2022-10-07 18:45:28 - [TEST_STEP][PASSED] - delay(2): Delayed 2 second(s)

2022-10-07 18:45:30 - [MESSAGE][PASSED] - Delayed 2 second(s)]]></system-out>
         <system-err><![CDATA[]]></system-err>
      </testcase>
      <testcase name="Test Cases/03-Header Menu/16- Change Password (Incorrect Old Password)" time="10.183" classname="Test Cases/03-Header Menu/16- Change Password (Incorrect Old Password)" status="PASSED">
         <system-out><![CDATA[2022-10-07 18:45:30 - [TEST_CASE][PASSED] - Test Cases/03-Header Menu/16- Change Password (Incorrect Old Password): Test Cases/03-Header Menu/16- Change Password (Incorrect Old Password)

2022-10-07 18:45:30 - [TEST_STEP][PASSED] - click(findTestObject("03-Header Menu/User Profile/Users Profile menu and notification button/div_User drop down menu button")): Object: 'Object Repository/03-Header Menu/User Profile/Users Profile menu and notification button/div_User drop down menu button' is clicked on

2022-10-07 18:45:31 - [MESSAGE][PASSED] - Object: 'Object Repository/03-Header Menu/User Profile/Users Profile menu and notification button/div_User drop down menu button' is clicked on

2022-10-07 18:45:31 - [TEST_STEP][PASSED] - delay(2): Delayed 2 second(s)

2022-10-07 18:45:33 - [MESSAGE][PASSED] - Delayed 2 second(s)

2022-10-07 18:45:33 - [TEST_STEP][PASSED] - click(findTestObject("03-Header Menu/Header Menu Verifications/h4_Change Password")): Object: 'Object Repository/03-Header Menu/Header Menu Verifications/h4_Change Password' is clicked on

2022-10-07 18:45:33 - [MESSAGE][PASSED] - Object: 'Object Repository/03-Header Menu/Header Menu Verifications/h4_Change Password' is clicked on

2022-10-07 18:45:33 - [TEST_STEP][PASSED] - delay(1): Delayed 1 second(s)

2022-10-07 18:45:34 - [MESSAGE][PASSED] - Delayed 1 second(s)

2022-10-07 18:45:34 - [TEST_STEP][PASSED] - setText(findTestObject("03-Header Menu/User Profile/Change Password/input_Old password"), "wrongoldpassword"): Text 'wrongoldpassword' is set on object 'Object Repository/03-Header Menu/User Profile/Change Password/input_Old password'

2022-10-07 18:45:35 - [MESSAGE][PASSED] - Text 'wrongoldpassword' is set on object 'Object Repository/03-Header Menu/User Profile/Change Password/input_Old password'

2022-10-07 18:45:35 - [TEST_STEP][PASSED] - setText(findTestObject("03-Header Menu/User Profile/Change Password/input_new password"), "Qazwsx123"): Text 'Qazwsx123' is set on object 'Object Repository/03-Header Menu/User Profile/Change Password/input_new password'

2022-10-07 18:45:36 - [MESSAGE][PASSED] - Text 'Qazwsx123' is set on object 'Object Repository/03-Header Menu/User Profile/Change Password/input_new password'

2022-10-07 18:45:36 - [TEST_STEP][PASSED] - setText(findTestObject("03-Header Menu/User Profile/Change Password/input_Confirm password"), "Qazwsx123"): Text 'Qazwsx123' is set on object 'Object Repository/03-Header Menu/User Profile/Change Password/input_Confirm password'

2022-10-07 18:45:36 - [MESSAGE][PASSED] - Text 'Qazwsx123' is set on object 'Object Repository/03-Header Menu/User Profile/Change Password/input_Confirm password'

2022-10-07 18:45:36 - [TEST_STEP][PASSED] - click(findTestObject("03-Header Menu/User Profile/Change Password/button_Change Password")): Object: 'Object Repository/03-Header Menu/User Profile/Change Password/button_Change Password' is clicked on

2022-10-07 18:45:37 - [MESSAGE][PASSED] - Object: 'Object Repository/03-Header Menu/User Profile/Change Password/button_Change Password' is clicked on

2022-10-07 18:45:37 - [TEST_STEP][PASSED] - verifyElementVisible(findTestObject("03-Header Menu/User Profile/Change Password/Failed to change password")): Object 'Object Repository/03-Header Menu/User Profile/Change Password/Failed to change password' is visible

2022-10-07 18:45:38 - [MESSAGE][PASSED] - Object 'Object Repository/03-Header Menu/User Profile/Change Password/Failed to change password' is visible

2022-10-07 18:45:38 - [TEST_STEP][PASSED] - delay(2): Delayed 2 second(s)

2022-10-07 18:45:40 - [MESSAGE][PASSED] - Delayed 2 second(s)]]></system-out>
         <system-err><![CDATA[]]></system-err>
      </testcase>
      <testcase name="Test Cases/03-Header Menu/17- Change Password (old and new didnt match)" time="9.953" classname="Test Cases/03-Header Menu/17- Change Password (old and new didnt match)" status="PASSED">
         <system-out><![CDATA[2022-10-07 18:45:40 - [TEST_CASE][PASSED] - Test Cases/03-Header Menu/17- Change Password (old and new didnt match): Test Cases/03-Header Menu/17- Change Password (old and new didnt match)

2022-10-07 18:45:41 - [TEST_STEP][PASSED] - click(findTestObject("03-Header Menu/User Profile/Users Profile menu and notification button/div_User drop down menu button")): Object: 'Object Repository/03-Header Menu/User Profile/Users Profile menu and notification button/div_User drop down menu button' is clicked on

2022-10-07 18:45:41 - [MESSAGE][PASSED] - Object: 'Object Repository/03-Header Menu/User Profile/Users Profile menu and notification button/div_User drop down menu button' is clicked on

2022-10-07 18:45:41 - [TEST_STEP][PASSED] - delay(2): Delayed 2 second(s)

2022-10-07 18:45:43 - [MESSAGE][PASSED] - Delayed 2 second(s)

2022-10-07 18:45:43 - [TEST_STEP][PASSED] - click(findTestObject("03-Header Menu/Header Menu Verifications/h4_Change Password")): Object: 'Object Repository/03-Header Menu/Header Menu Verifications/h4_Change Password' is clicked on

2022-10-07 18:45:44 - [MESSAGE][PASSED] - Object: 'Object Repository/03-Header Menu/Header Menu Verifications/h4_Change Password' is clicked on

2022-10-07 18:45:44 - [TEST_STEP][PASSED] - delay(1): Delayed 1 second(s)

2022-10-07 18:45:45 - [MESSAGE][PASSED] - Delayed 1 second(s)

2022-10-07 18:45:45 - [TEST_STEP][PASSED] - setEncryptedText(findTestObject("03-Header Menu/User Profile/Change Password/input_Old password"), "8yFRyszE6U6jvsCn51OQbg=="): Text ****** has been set on object 'Object Repository/03-Header Menu/User Profile/Change Password/input_Old password'

2022-10-07 18:45:45 - [MESSAGE][PASSED] - Text ****** has been set on object 'Object Repository/03-Header Menu/User Profile/Change Password/input_Old password'

2022-10-07 18:45:45 - [TEST_STEP][PASSED] - setText(findTestObject("03-Header Menu/User Profile/Change Password/input_new password"), "wrongformatpass"): Text 'wrongformatpass' is set on object 'Object Repository/03-Header Menu/User Profile/Change Password/input_new password'

2022-10-07 18:45:46 - [MESSAGE][PASSED] - Text 'wrongformatpass' is set on object 'Object Repository/03-Header Menu/User Profile/Change Password/input_new password'

2022-10-07 18:45:46 - [TEST_STEP][PASSED] - setText(findTestObject("03-Header Menu/User Profile/Change Password/input_Confirm password"), "newpassdontmatch"): Text 'newpassdontmatch' is set on object 'Object Repository/03-Header Menu/User Profile/Change Password/input_Confirm password'

2022-10-07 18:45:47 - [MESSAGE][PASSED] - Text 'newpassdontmatch' is set on object 'Object Repository/03-Header Menu/User Profile/Change Password/input_Confirm password'

2022-10-07 18:45:47 - [TEST_STEP][PASSED] - click(findTestObject("03-Header Menu/User Profile/Change Password/input_Old password")): Object: 'Object Repository/03-Header Menu/User Profile/Change Password/input_Old password' is clicked on

2022-10-07 18:45:47 - [MESSAGE][PASSED] - Object: 'Object Repository/03-Header Menu/User Profile/Change Password/input_Old password' is clicked on

2022-10-07 18:45:47 - [TEST_STEP][PASSED] - verifyElementVisible(findTestObject("03-Header Menu/User Profile/Change Password/error_Password must be at least 8 characters")): Object 'Object Repository/03-Header Menu/User Profile/Change Password/error_Password must be at least 8 characters' is visible

2022-10-07 18:45:48 - [MESSAGE][PASSED] - Object 'Object Repository/03-Header Menu/User Profile/Change Password/error_Password must be at least 8 characters' is visible

2022-10-07 18:45:48 - [TEST_STEP][PASSED] - verifyElementVisible(findTestObject("03-Header Menu/User Profile/Change Password/error_Password does not match")): Object 'Object Repository/03-Header Menu/User Profile/Change Password/error_Password does not match' is visible

2022-10-07 18:45:48 - [MESSAGE][PASSED] - Object 'Object Repository/03-Header Menu/User Profile/Change Password/error_Password does not match' is visible

2022-10-07 18:45:48 - [TEST_STEP][PASSED] - verifyElementNotClickable(findTestObject("03-Header Menu/User Profile/Change Password/button_Change Password")): Object 'Object Repository/03-Header Menu/User Profile/Change Password/button_Change Password' is NOT clickable

2022-10-07 18:45:48 - [MESSAGE][PASSED] - Object 'Object Repository/03-Header Menu/User Profile/Change Password/button_Change Password' is NOT clickable

2022-10-07 18:45:48 - [TEST_STEP][PASSED] - delay(2): Delayed 2 second(s)

2022-10-07 18:45:50 - [MESSAGE][PASSED] - Delayed 2 second(s)]]></system-out>
         <system-err><![CDATA[]]></system-err>
      </testcase>
      <testcase name="Test Cases/03-Header Menu/18-Change Password(Positive Scenario)" time="99.456" classname="Test Cases/03-Header Menu/18-Change Password(Positive Scenario)" status="PASSED">
         <system-out><![CDATA[2022-10-07 18:45:50 - [TEST_CASE][PASSED] - Test Cases/03-Header Menu/18-Change Password(Positive Scenario): Test Cases/03-Header Menu/18-Change Password(Positive Scenario)

2022-10-07 18:45:51 - [TEST_STEP][PASSED] - setEncryptedText(findTestObject("03-Header Menu/User Profile/Change Password/input_Old password"), "8yFRyszE6U6jvsCn51OQbg=="): Text ****** has been set on object 'Object Repository/03-Header Menu/User Profile/Change Password/input_Old password'

2022-10-07 18:45:51 - [MESSAGE][PASSED] - Text ****** has been set on object 'Object Repository/03-Header Menu/User Profile/Change Password/input_Old password'

2022-10-07 18:45:51 - [TEST_STEP][PASSED] - setEncryptedText(findTestObject("03-Header Menu/User Profile/Change Password/input_new password"), "SYb/3ow/20+o2oI9OaGCEA=="): Text ****** has been set on object 'Object Repository/03-Header Menu/User Profile/Change Password/input_new password'

2022-10-07 18:45:51 - [MESSAGE][PASSED] - Text ****** has been set on object 'Object Repository/03-Header Menu/User Profile/Change Password/input_new password'

2022-10-07 18:45:51 - [TEST_STEP][PASSED] - setEncryptedText(findTestObject("03-Header Menu/User Profile/Change Password/input_Confirm password"), "SYb/3ow/20+o2oI9OaGCEA=="): Text ****** has been set on object 'Object Repository/03-Header Menu/User Profile/Change Password/input_Confirm password'

2022-10-07 18:45:52 - [MESSAGE][PASSED] - Text ****** has been set on object 'Object Repository/03-Header Menu/User Profile/Change Password/input_Confirm password'

2022-10-07 18:45:52 - [TEST_STEP][PASSED] - click(findTestObject("03-Header Menu/User Profile/Change Password/button_Change Password")): Object: 'Object Repository/03-Header Menu/User Profile/Change Password/button_Change Password' is clicked on

2022-10-07 18:45:53 - [MESSAGE][PASSED] - Object: 'Object Repository/03-Header Menu/User Profile/Change Password/button_Change Password' is clicked on

2022-10-07 18:45:53 - [TEST_STEP][PASSED] - verifyElementVisible(findTestObject("03-Header Menu/User Profile/Change Password/Successfully changed password")): Object 'Object Repository/03-Header Menu/User Profile/Change Password/Successfully changed password' is visible

2022-10-07 18:45:54 - [MESSAGE][PASSED] - Object 'Object Repository/03-Header Menu/User Profile/Change Password/Successfully changed password' is visible

2022-10-07 18:45:54 - [TEST_STEP][PASSED] - delay(2): Delayed 2 second(s)

2022-10-07 18:45:56 - [MESSAGE][PASSED] - Delayed 2 second(s)

2022-10-07 18:45:56 - [TEST_STEP][PASSED] - click(findTestObject("03-Header Menu/User Profile/Users Profile menu and notification button/div_User drop down menu button")): Object: 'Object Repository/03-Header Menu/User Profile/Users Profile menu and notification button/div_User drop down menu button' is clicked on

2022-10-07 18:45:56 - [MESSAGE][PASSED] - Object: 'Object Repository/03-Header Menu/User Profile/Users Profile menu and notification button/div_User drop down menu button' is clicked on

2022-10-07 18:45:56 - [TEST_STEP][PASSED] - delay(2): Delayed 2 second(s)

2022-10-07 18:45:58 - [MESSAGE][PASSED] - Delayed 2 second(s)

2022-10-07 18:45:58 - [TEST_STEP][PASSED] - click(findTestObject("03-Header Menu/Header Menu Verifications/h4_Sign Out")): Object: 'Object Repository/03-Header Menu/Header Menu Verifications/h4_Sign Out' is clicked on

2022-10-07 18:45:59 - [MESSAGE][PASSED] - Object: 'Object Repository/03-Header Menu/Header Menu Verifications/h4_Sign Out' is clicked on

2022-10-07 18:45:59 - [TEST_STEP][PASSED] - delay(2): Delayed 2 second(s)

2022-10-07 18:46:01 - [MESSAGE][PASSED] - Delayed 2 second(s)

2022-10-07 18:46:01 - [TEST_STEP][PASSED] - closeBrowser(): Browser is closed

2022-10-07 18:46:01 - [MESSAGE][PASSED] - Browser is closed

2022-10-07 18:46:01 - [TEST_STEP][PASSED] - openBrowser(""): Browser is opened with url: ''

2022-10-07 18:46:01 - [MESSAGE][INFO] - Starting 'Chrome' driver

2022-10-07 18:46:01 - [MESSAGE][INFO] - Action delay is set to 0 milliseconds

2022-10-07 18:46:03 - [MESSAGE][PASSED] - Browser is opened with url: ''

2022-10-07 18:46:03 - [TEST_STEP][PASSED] - navigateToUrl("https://lab.everleagues.com/"): Navigate to 'https://lab.everleagues.com/' successfully

2022-10-07 18:46:36 - [MESSAGE][PASSED] - Navigate to 'https://lab.everleagues.com/' successfully

2022-10-07 18:46:36 - [TEST_STEP][PASSED] - maximizeWindow(): Current window maximized

2022-10-07 18:46:36 - [MESSAGE][PASSED] - Current window maximized

2022-10-07 18:46:36 - [TEST_STEP][PASSED] - setText(findTestObject("02-Side Icons(Organization)/Add Contact/Email Field"), "testuser02@mailinator.com"): Text 'testuser02@mailinator.com' is set on object 'Object Repository/02-Side Icons(Organization)/Add Contact/Email Field'

2022-10-07 18:46:37 - [MESSAGE][PASSED] - Text 'testuser02@mailinator.com' is set on object 'Object Repository/02-Side Icons(Organization)/Add Contact/Email Field'

2022-10-07 18:46:37 - [TEST_STEP][PASSED] - setEncryptedText(findTestObject("02-Side Icons(Organization)/Add Contact/Password Field"), "SYb/3ow/20+o2oI9OaGCEA=="): Text ****** has been set on object 'Object Repository/02-Side Icons(Organization)/Add Contact/Password Field'

2022-10-07 18:46:37 - [MESSAGE][PASSED] - Text ****** has been set on object 'Object Repository/02-Side Icons(Organization)/Add Contact/Password Field'

2022-10-07 18:46:37 - [TEST_STEP][PASSED] - click(findTestObject("02-Side Icons(Organization)/Add Contact/button_Sign in")): Object: 'Object Repository/02-Side Icons(Organization)/Add Contact/button_Sign in' is clicked on

2022-10-07 18:46:38 - [MESSAGE][PASSED] - Object: 'Object Repository/02-Side Icons(Organization)/Add Contact/button_Sign in' is clicked on

2022-10-07 18:46:38 - [TEST_STEP][PASSED] - delay(2): Delayed 2 second(s)

2022-10-07 18:46:40 - [MESSAGE][PASSED] - Delayed 2 second(s)

2022-10-07 18:46:40 - [TEST_STEP][PASSED] - click(findTestObject("06-Teams/For 2FA/button_Confirm_2FA")): Object: 'Object Repository/06-Teams/For 2FA/button_Confirm_2FA' is clicked on

2022-10-07 18:46:41 - [MESSAGE][PASSED] - Object: 'Object Repository/06-Teams/For 2FA/button_Confirm_2FA' is clicked on

2022-10-07 18:46:41 - [TEST_STEP][PASSED] - executeJavaScript("window.open();", []): Execute JavaScript 'window.open();' successfully

2022-10-07 18:46:41 - [MESSAGE][PASSED] - Execute JavaScript 'window.open();' successfully

2022-10-07 18:46:41 - [TEST_STEP][PASSED] - currentWindow = getWindowIndex(): Current window's index is: 0

2022-10-07 18:46:41 - [MESSAGE][PASSED] - Current window's index is: 0

2022-10-07 18:46:41 - [TEST_STEP][PASSED] - delay(3): Delayed 3 second(s)

2022-10-07 18:46:44 - [MESSAGE][PASSED] - Delayed 3 second(s)

2022-10-07 18:46:44 - [TEST_STEP][PASSED] - switchToWindowIndex(currentWindow + 1): Switched to window with index: '1'

2022-10-07 18:46:44 - [MESSAGE][PASSED] - Switched to window with index: '1'

2022-10-07 18:46:44 - [TEST_STEP][PASSED] - navigateToUrl("https://www.mailinator.com/"): Navigate to 'https://www.mailinator.com/' successfully

2022-10-07 18:46:46 - [MESSAGE][PASSED] - Navigate to 'https://www.mailinator.com/' successfully

2022-10-07 18:46:46 - [TEST_STEP][PASSED] - delay(3): Delayed 3 second(s)

2022-10-07 18:46:49 - [MESSAGE][PASSED] - Delayed 3 second(s)

2022-10-07 18:46:49 - [TEST_STEP][PASSED] - setText(findTestObject("00-Signup and Activation/zMailinator/input_LOGIN_search"), "testuser02@mailinator.com"): Text 'testuser02@mailinator.com' is set on object 'Object Repository/00-Signup and Activation/zMailinator/input_LOGIN_search'

2022-10-07 18:46:49 - [MESSAGE][PASSED] - Text 'testuser02@mailinator.com' is set on object 'Object Repository/00-Signup and Activation/zMailinator/input_LOGIN_search'

2022-10-07 18:46:49 - [TEST_STEP][PASSED] - click(findTestObject("00-Signup and Activation/zMailinator/gobutton"), STOP_ON_FAILURE): Object: 'Object Repository/00-Signup and Activation/zMailinator/gobutton' is clicked on

2022-10-07 18:46:51 - [MESSAGE][PASSED] - Object: 'Object Repository/00-Signup and Activation/zMailinator/gobutton' is clicked on

2022-10-07 18:46:51 - [TEST_STEP][PASSED] - delay(3): Delayed 3 second(s)

2022-10-07 18:46:54 - [MESSAGE][PASSED] - Delayed 3 second(s)

2022-10-07 18:46:54 - [TEST_STEP][PASSED] - click(findTestObject("00-Signup and Activation/zMailinator/Email - everleagues")): Object: 'Object Repository/00-Signup and Activation/zMailinator/Email - everleagues' is clicked on

2022-10-07 18:46:54 - [MESSAGE][PASSED] - Object: 'Object Repository/00-Signup and Activation/zMailinator/Email - everleagues' is clicked on

2022-10-07 18:46:54 - [TEST_STEP][PASSED] - delay(3): Delayed 3 second(s)

2022-10-07 18:46:57 - [MESSAGE][PASSED] - Delayed 3 second(s)

2022-10-07 18:46:57 - [TEST_STEP][PASSED] - code = getText(findTestObject("Object Repository/06-Teams/For 2FA/2FA code")): Text of object 'Object Repository/06-Teams/For 2FA/2FA code' is: '567213'

2022-10-07 18:46:58 - [MESSAGE][PASSED] - Text of object 'Object Repository/06-Teams/For 2FA/2FA code' is: '567213'

2022-10-07 18:46:58 - [TEST_STEP][PASSED] - delay(3): Delayed 3 second(s)

2022-10-07 18:47:01 - [MESSAGE][PASSED] - Delayed 3 second(s)

2022-10-07 18:47:01 - [TEST_STEP][PASSED] - closeWindowTitle("Mailinator"): Window with title: 'Mailinator' is closed

2022-10-07 18:47:01 - [MESSAGE][PASSED] - Window with title: 'Mailinator' is closed

2022-10-07 18:47:01 - [TEST_STEP][PASSED] - delay(3): Delayed 3 second(s)

2022-10-07 18:47:04 - [MESSAGE][PASSED] - Delayed 3 second(s)

2022-10-07 18:47:04 - [TEST_STEP][PASSED] - switchToWindowIndex(0): Switched to window with index: '0'

2022-10-07 18:47:04 - [MESSAGE][PASSED] - Switched to window with index: '0'

2022-10-07 18:47:04 - [TEST_STEP][PASSED] - delay(3): Delayed 3 second(s)

2022-10-07 18:47:07 - [MESSAGE][PASSED] - Delayed 3 second(s)

2022-10-07 18:47:07 - [TEST_STEP][PASSED] - setText(findTestObject("Object Repository/06-Teams/For 2FA/input_Enter verification code_code"), code): Text '567213' is set on object 'Object Repository/06-Teams/For 2FA/input_Enter verification code_code'

2022-10-07 18:47:08 - [MESSAGE][PASSED] - Text '567213' is set on object 'Object Repository/06-Teams/For 2FA/input_Enter verification code_code'

2022-10-07 18:47:08 - [TEST_STEP][PASSED] - delay(3): Delayed 3 second(s)

2022-10-07 18:47:11 - [MESSAGE][PASSED] - Delayed 3 second(s)

2022-10-07 18:47:11 - [TEST_STEP][PASSED] - click(findTestObject("06-Teams/For 2FA/button_Verify_2FA")): Object: 'Object Repository/06-Teams/For 2FA/button_Verify_2FA' is clicked on

2022-10-07 18:47:12 - [MESSAGE][PASSED] - Object: 'Object Repository/06-Teams/For 2FA/button_Verify_2FA' is clicked on

2022-10-07 18:47:12 - [TEST_STEP][PASSED] - delay(5): Delayed 5 second(s)

2022-10-07 18:47:17 - [MESSAGE][PASSED] - Delayed 5 second(s)

2022-10-07 18:47:17 - [TEST_STEP][PASSED] - click(findTestObject("03-Header Menu/User Profile/Users Profile menu and notification button/div_User drop down menu button")): Object: 'Object Repository/03-Header Menu/User Profile/Users Profile menu and notification button/div_User drop down menu button' is clicked on

2022-10-07 18:47:18 - [MESSAGE][PASSED] - Object: 'Object Repository/03-Header Menu/User Profile/Users Profile menu and notification button/div_User drop down menu button' is clicked on

2022-10-07 18:47:18 - [TEST_STEP][PASSED] - delay(2): Delayed 2 second(s)

2022-10-07 18:47:20 - [MESSAGE][PASSED] - Delayed 2 second(s)

2022-10-07 18:47:20 - [TEST_STEP][PASSED] - click(findTestObject("03-Header Menu/Header Menu Verifications/h4_Change Password")): Object: 'Object Repository/03-Header Menu/Header Menu Verifications/h4_Change Password' is clicked on

2022-10-07 18:47:21 - [MESSAGE][PASSED] - Object: 'Object Repository/03-Header Menu/Header Menu Verifications/h4_Change Password' is clicked on

2022-10-07 18:47:21 - [TEST_STEP][PASSED] - verifyElementVisible(findTestObject("03-Header Menu/User Profile/Change Password/h4_Change Password")): Object 'Object Repository/03-Header Menu/User Profile/Change Password/h4_Change Password' is visible

2022-10-07 18:47:22 - [MESSAGE][PASSED] - Object 'Object Repository/03-Header Menu/User Profile/Change Password/h4_Change Password' is visible

2022-10-07 18:47:22 - [TEST_STEP][PASSED] - delay(2): Delayed 2 second(s)

2022-10-07 18:47:24 - [MESSAGE][PASSED] - Delayed 2 second(s)

2022-10-07 18:47:24 - [TEST_STEP][PASSED] - setEncryptedText(findTestObject("03-Header Menu/User Profile/Change Password/input_Old password"), "SYb/3ow/20+o2oI9OaGCEA=="): Text ****** has been set on object 'Object Repository/03-Header Menu/User Profile/Change Password/input_Old password'

2022-10-07 18:47:24 - [MESSAGE][PASSED] - Text ****** has been set on object 'Object Repository/03-Header Menu/User Profile/Change Password/input_Old password'

2022-10-07 18:47:24 - [TEST_STEP][PASSED] - setEncryptedText(findTestObject("03-Header Menu/User Profile/Change Password/input_new password"), "8yFRyszE6U6jvsCn51OQbg=="): Text ****** has been set on object 'Object Repository/03-Header Menu/User Profile/Change Password/input_new password'

2022-10-07 18:47:25 - [MESSAGE][PASSED] - Text ****** has been set on object 'Object Repository/03-Header Menu/User Profile/Change Password/input_new password'

2022-10-07 18:47:25 - [TEST_STEP][PASSED] - setEncryptedText(findTestObject("03-Header Menu/User Profile/Change Password/input_Confirm password"), "8yFRyszE6U6jvsCn51OQbg=="): Text ****** has been set on object 'Object Repository/03-Header Menu/User Profile/Change Password/input_Confirm password'

2022-10-07 18:47:25 - [MESSAGE][PASSED] - Text ****** has been set on object 'Object Repository/03-Header Menu/User Profile/Change Password/input_Confirm password'

2022-10-07 18:47:25 - [TEST_STEP][PASSED] - click(findTestObject("03-Header Menu/User Profile/Change Password/button_Change Password")): Object: 'Object Repository/03-Header Menu/User Profile/Change Password/button_Change Password' is clicked on

2022-10-07 18:47:26 - [MESSAGE][PASSED] - Object: 'Object Repository/03-Header Menu/User Profile/Change Password/button_Change Password' is clicked on

2022-10-07 18:47:26 - [TEST_STEP][PASSED] - verifyElementVisible(findTestObject("03-Header Menu/User Profile/Change Password/Successfully changed password")): Object 'Object Repository/03-Header Menu/User Profile/Change Password/Successfully changed password' is visible

2022-10-07 18:47:27 - [MESSAGE][PASSED] - Object 'Object Repository/03-Header Menu/User Profile/Change Password/Successfully changed password' is visible

2022-10-07 18:47:27 - [TEST_STEP][PASSED] - delay(2): Delayed 2 second(s)

2022-10-07 18:47:29 - [MESSAGE][PASSED] - Delayed 2 second(s)

2022-10-07 18:47:29 - [TEST_STEP][PASSED] - closeBrowser(): Browser is closed

2022-10-07 18:47:30 - [MESSAGE][PASSED] - Browser is closed]]></system-out>
         <system-err><![CDATA[]]></system-err>
      </testcase>
      <system-out><![CDATA[2022-10-07 18:36:26 - [TEST_SUITE][PASSED] - 03-Header Menu: Test Cases/03-Header Menu/18-Change Password(Positive Scenario)]]></system-out>
      <system-err><![CDATA[]]></system-err>
   </testsuite>
</testsuites>
