<?xml version="1.0" encoding="UTF-8"?>
<testsuites name="09.1 - Settings (Invite users)" time="1374.032" tests="5" failures="0" errors="0">
   <testsuite name="09.1 - Settings (Invite users)" tests="5" failures="0" errors="0" time="1374.032" skipped="0" timestamp="2022-12-23 13:35:36" hostname="asus - DESKTOP-3L3J9C1" id="Test Suites/TS-Organization/09.1 - Settings (Invite users)">
      <properties>
         <property name="deviceName" value=""/>
         <property name="devicePlatform" value=""/>
         <property name="logFolder" value="C:\\Users\\asus\\Katalon Studio\\Everleagues\\Everleagues\\Reports\\20221223_133522\\TS-Organization\\09.1 - Settings (Invite users)\\20221223_133522"/>
         <property name="logFiles" value="C:\\Users\\asus\\Katalon Studio\\Everleagues\\Everleagues\\Reports\\20221223_133522\\TS-Organization\\09.1 - Settings (Invite users)\\20221223_133522\\execution0.log"/>
         <property name="attachments" value=""/>
         <property name="hostName" value="asus - DESKTOP-3L3J9C1"/>
         <property name="os" value="Windows 10 64bit"/>
         <property name="katalonVersion" value="8.4.1.208"/>
         <property name="browser" value="Chrome 108.0.0.0"/>
         <property name="hostAddress" value="192.168.5.82"/>
         <property name="sessionId" value="f0043228f03c256824d9f4cd1bdaaa63"/>
         <property name="seleniumVersion" value="3.141.59"/>
         <property name="proxyInformation" value="ProxyInformation { proxyOption=NO_PROXY, proxyServerType=HTTP, username=, password=********, proxyServerAddress=, proxyServerPort=0, executionList=&quot;&quot;, isApplyToDesiredCapabilities=true }"/>
         <property name="platform" value="Windows 10"/>
      </properties>
      <testcase name="Test Cases/09-Settings/01 - Users (Invite new user but field are blank)" time="141.153" classname="Test Cases/09-Settings/01 - Users (Invite new user but field are blank)" status="PASSED">
         <system-out><![CDATA[2022-12-23 13:35:38 - [TEST_CASE][PASSED] - Test Cases/09-Settings/01 - Users (Invite new user but field are blank): Test Cases/09-Settings/01 - Users (Invite new user but field are blank)

2022-12-23 13:35:40 - [TEST_STEP][PASSED] - openBrowser(""): Browser is opened with url: ''

2022-12-23 13:35:41 - [MESSAGE][INFO] - Starting 'Chrome' driver

2022-12-23 13:35:42 - [MESSAGE][INFO] - Action delay is set to 0 milliseconds

2022-12-23 13:35:52 - [MESSAGE][PASSED] - Browser is opened with url: ''

2022-12-23 13:35:52 - [TEST_STEP][PASSED] - navigateToUrl("https://lab.everleagues.com/"): Navigate to 'https://lab.everleagues.com/' successfully

2022-12-23 13:36:11 - [MESSAGE][PASSED] - Navigate to 'https://lab.everleagues.com/' successfully

2022-12-23 13:36:11 - [TEST_STEP][PASSED] - maximizeWindow(): Current window maximized

2022-12-23 13:36:11 - [MESSAGE][PASSED] - Current window maximized

2022-12-23 13:36:11 - [TEST_STEP][PASSED] - setText(findTestObject("02-Side Icons(Organization)/Add Contact/Email Field"), "testuser02@mailinator.com"): Text 'testuser02@mailinator.com' is set on object 'Object Repository/02-Side Icons(Organization)/Add Contact/Email Field'

2022-12-23 13:36:16 - [MESSAGE][PASSED] - Text 'testuser02@mailinator.com' is set on object 'Object Repository/02-Side Icons(Organization)/Add Contact/Email Field'

2022-12-23 13:36:16 - [TEST_STEP][PASSED] - setEncryptedText(findTestObject("02-Side Icons(Organization)/Add Contact/Password Field"), "8yFRyszE6U6jvsCn51OQbg=="): Text ****** has been set on object 'Object Repository/02-Side Icons(Organization)/Add Contact/Password Field'

2022-12-23 13:36:17 - [MESSAGE][PASSED] - Text ****** has been set on object 'Object Repository/02-Side Icons(Organization)/Add Contact/Password Field'

2022-12-23 13:36:17 - [TEST_STEP][PASSED] - click(findTestObject("02-Side Icons(Organization)/Add Contact/button_Sign in")): Object: 'Object Repository/02-Side Icons(Organization)/Add Contact/button_Sign in' is clicked on

2022-12-23 13:36:19 - [MESSAGE][PASSED] - Object: 'Object Repository/02-Side Icons(Organization)/Add Contact/button_Sign in' is clicked on

2022-12-23 13:36:19 - [TEST_STEP][PASSED] - delay(2): Delayed 2 second(s)

2022-12-23 13:36:21 - [MESSAGE][PASSED] - Delayed 2 second(s)

2022-12-23 13:36:21 - [TEST_STEP][PASSED] - click(findTestObject("06-Teams/For 2FA/button_Confirm_2FA")): Object: 'Object Repository/06-Teams/For 2FA/button_Confirm_2FA' is clicked on

2022-12-23 13:36:22 - [MESSAGE][PASSED] - Object: 'Object Repository/06-Teams/For 2FA/button_Confirm_2FA' is clicked on

2022-12-23 13:36:22 - [TEST_STEP][PASSED] - executeJavaScript("window.open();", []): Execute JavaScript 'window.open();' successfully

2022-12-23 13:36:22 - [MESSAGE][PASSED] - Execute JavaScript 'window.open();' successfully

2022-12-23 13:36:22 - [TEST_STEP][PASSED] - currentWindow = getWindowIndex(): Current window's index is: 0

2022-12-23 13:36:23 - [MESSAGE][PASSED] - Current window's index is: 0

2022-12-23 13:36:23 - [TEST_STEP][PASSED] - delay(3): Delayed 3 second(s)

2022-12-23 13:36:26 - [MESSAGE][PASSED] - Delayed 3 second(s)

2022-12-23 13:36:26 - [TEST_STEP][PASSED] - switchToWindowIndex(currentWindow + 1): Switched to window with index: '1'

2022-12-23 13:36:26 - [MESSAGE][PASSED] - Switched to window with index: '1'

2022-12-23 13:36:26 - [TEST_STEP][PASSED] - navigateToUrl("https://www.mailinator.com/"): Navigate to 'https://www.mailinator.com/' successfully

2022-12-23 13:36:37 - [MESSAGE][PASSED] - Navigate to 'https://www.mailinator.com/' successfully

2022-12-23 13:36:37 - [TEST_STEP][PASSED] - delay(3): Delayed 3 second(s)

2022-12-23 13:36:40 - [MESSAGE][PASSED] - Delayed 3 second(s)

2022-12-23 13:36:40 - [TEST_STEP][PASSED] - setText(findTestObject("00-Signup and Activation/zMailinator/input_LOGIN_search"), "testuser02@mailinator.com"): Text 'testuser02@mailinator.com' is set on object 'Object Repository/00-Signup and Activation/zMailinator/input_LOGIN_search'

2022-12-23 13:36:41 - [MESSAGE][PASSED] - Text 'testuser02@mailinator.com' is set on object 'Object Repository/00-Signup and Activation/zMailinator/input_LOGIN_search'

2022-12-23 13:36:41 - [TEST_STEP][PASSED] - click(findTestObject("00-Signup and Activation/zMailinator/gobutton"), STOP_ON_FAILURE): Object: 'Object Repository/00-Signup and Activation/zMailinator/gobutton' is clicked on

2022-12-23 13:36:44 - [MESSAGE][PASSED] - Object: 'Object Repository/00-Signup and Activation/zMailinator/gobutton' is clicked on

2022-12-23 13:36:44 - [TEST_STEP][PASSED] - delay(3): Delayed 3 second(s)

2022-12-23 13:36:47 - [MESSAGE][PASSED] - Delayed 3 second(s)

2022-12-23 13:36:47 - [TEST_STEP][PASSED] - click(findTestObject("00-Signup and Activation/zMailinator/Email - everleagues")): Object: 'Object Repository/00-Signup and Activation/zMailinator/Email - everleagues' is clicked on

2022-12-23 13:36:48 - [MESSAGE][PASSED] - Object: 'Object Repository/00-Signup and Activation/zMailinator/Email - everleagues' is clicked on

2022-12-23 13:36:48 - [TEST_STEP][PASSED] - delay(3): Delayed 3 second(s)

2022-12-23 13:36:51 - [MESSAGE][PASSED] - Delayed 3 second(s)

2022-12-23 13:36:51 - [TEST_STEP][PASSED] - code = getText(findTestObject("Object Repository/06-Teams/For 2FA/2FA code")): Text of object 'Object Repository/06-Teams/For 2FA/2FA code' is: '247945'

2022-12-23 13:36:52 - [MESSAGE][PASSED] - Text of object 'Object Repository/06-Teams/For 2FA/2FA code' is: '247945'

2022-12-23 13:36:52 - [TEST_STEP][PASSED] - delay(3): Delayed 3 second(s)

2022-12-23 13:36:55 - [MESSAGE][PASSED] - Delayed 3 second(s)

2022-12-23 13:36:55 - [TEST_STEP][PASSED] - closeWindowTitle("Mailinator"): Window with title: 'Mailinator' is closed

2022-12-23 13:36:56 - [MESSAGE][PASSED] - Window with title: 'Mailinator' is closed

2022-12-23 13:36:56 - [TEST_STEP][PASSED] - delay(3): Delayed 3 second(s)

2022-12-23 13:36:59 - [MESSAGE][PASSED] - Delayed 3 second(s)

2022-12-23 13:36:59 - [TEST_STEP][PASSED] - switchToWindowIndex(0): Switched to window with index: '0'

2022-12-23 13:36:59 - [MESSAGE][PASSED] - Switched to window with index: '0'

2022-12-23 13:36:59 - [TEST_STEP][PASSED] - delay(3): Delayed 3 second(s)

2022-12-23 13:37:02 - [MESSAGE][PASSED] - Delayed 3 second(s)

2022-12-23 13:37:02 - [TEST_STEP][PASSED] - setText(findTestObject("Object Repository/06-Teams/For 2FA/input_Enter verification code_code"), code): Text '247945' is set on object 'Object Repository/06-Teams/For 2FA/input_Enter verification code_code'

2022-12-23 13:37:04 - [MESSAGE][PASSED] - Text '247945' is set on object 'Object Repository/06-Teams/For 2FA/input_Enter verification code_code'

2022-12-23 13:37:04 - [TEST_STEP][PASSED] - delay(3): Delayed 3 second(s)

2022-12-23 13:37:07 - [MESSAGE][PASSED] - Delayed 3 second(s)

2022-12-23 13:37:07 - [TEST_STEP][PASSED] - click(findTestObject("06-Teams/For 2FA/button_Verify_2FA")): Object: 'Object Repository/06-Teams/For 2FA/button_Verify_2FA' is clicked on

2022-12-23 13:37:08 - [MESSAGE][PASSED] - Object: 'Object Repository/06-Teams/For 2FA/button_Verify_2FA' is clicked on

2022-12-23 13:37:08 - [TEST_STEP][PASSED] - delay(5): Delayed 5 second(s)

2022-12-23 13:37:13 - [MESSAGE][PASSED] - Delayed 5 second(s)

2022-12-23 13:37:13 - [TEST_STEP][PASSED] - click(findTestObject("06-Teams/button_doublearrow")): Object: 'Object Repository/06-Teams/button_doublearrow' is clicked on

2022-12-23 13:37:15 - [MESSAGE][PASSED] - Object: 'Object Repository/06-Teams/button_doublearrow' is clicked on

2022-12-23 13:37:15 - [TEST_STEP][PASSED] - click(findTestObject("06-Teams/button_My Organizations")): Object: 'Object Repository/06-Teams/button_My Organizations' is clicked on

2022-12-23 13:37:16 - [MESSAGE][PASSED] - Object: 'Object Repository/06-Teams/button_My Organizations' is clicked on

2022-12-23 13:37:16 - [TEST_STEP][PASSED] - click(findTestObject("06-Teams/button_GG Automation")): Object: 'Object Repository/06-Teams/button_GG Automation' is clicked on

2022-12-23 13:37:17 - [MESSAGE][PASSED] - Object: 'Object Repository/06-Teams/button_GG Automation' is clicked on

2022-12-23 13:37:17 - [TEST_STEP][PASSED] - delay(4): Delayed 4 second(s)

2022-12-23 13:37:21 - [MESSAGE][PASSED] - Delayed 4 second(s)

2022-12-23 13:37:21 - [TEST_STEP][PASSED] - verifyElementVisible(findTestObject("06-Teams/span_GG Automation")): Object 'Object Repository/06-Teams/span_GG Automation' is visible

2022-12-23 13:37:22 - [MESSAGE][PASSED] - Object 'Object Repository/06-Teams/span_GG Automation' is visible

2022-12-23 13:37:22 - [TEST_STEP][PASSED] - delay(5): Delayed 5 second(s)

2022-12-23 13:37:27 - [MESSAGE][PASSED] - Delayed 5 second(s)

2022-12-23 13:37:27 - [TEST_STEP][PASSED] - click(findTestObject("03-Header Menu/Hamburger Button/div_Settings")): Object: 'Object Repository/03-Header Menu/Hamburger Button/div_Settings' is clicked on

2022-12-23 13:37:27 - [MESSAGE][PASSED] - Object: 'Object Repository/03-Header Menu/Hamburger Button/div_Settings' is clicked on

2022-12-23 13:37:27 - [TEST_STEP][PASSED] - verifyElementVisible(findTestObject("09-Settings/Users/div_Organization")): Object 'Object Repository/09-Settings/Users/div_Organization' is visible

2022-12-23 13:37:28 - [MESSAGE][PASSED] - Object 'Object Repository/09-Settings/Users/div_Organization' is visible

2022-12-23 13:37:28 - [TEST_STEP][PASSED] - verifyElementVisible(findTestObject("09-Settings/Users/div_Organization Units")): Object 'Object Repository/09-Settings/Users/div_Organization Units' is visible

2022-12-23 13:37:29 - [MESSAGE][PASSED] - Object 'Object Repository/09-Settings/Users/div_Organization Units' is visible

2022-12-23 13:37:29 - [TEST_STEP][PASSED] - scrollToElement(findTestObject("09-Settings/Users/div_Subscriptions"), 0): Scroll to object 'Object Repository/09-Settings/Users/div_Subscriptions' successfully

2022-12-23 13:37:29 - [MESSAGE][WARNING] - Timeout '0' is invalid. Using default page load timeout: '30'

2022-12-23 13:37:30 - [MESSAGE][PASSED] - Scroll to object 'Object Repository/09-Settings/Users/div_Subscriptions' successfully

2022-12-23 13:37:30 - [TEST_STEP][PASSED] - verifyElementVisible(findTestObject("09-Settings/Users/div_Subscriptions")): Object 'Object Repository/09-Settings/Users/div_Subscriptions' is visible

2022-12-23 13:37:30 - [MESSAGE][PASSED] - Object 'Object Repository/09-Settings/Users/div_Subscriptions' is visible

2022-12-23 13:37:30 - [TEST_STEP][PASSED] - verifyElementVisible(findTestObject("09-Settings/Users/div_Users")): Object 'Object Repository/09-Settings/Users/div_Users' is visible

2022-12-23 13:37:31 - [MESSAGE][PASSED] - Object 'Object Repository/09-Settings/Users/div_Users' is visible

2022-12-23 13:37:31 - [TEST_STEP][PASSED] - delay(3): Delayed 3 second(s)

2022-12-23 13:37:34 - [MESSAGE][PASSED] - Delayed 3 second(s)

2022-12-23 13:37:34 - [TEST_STEP][PASSED] - click(findTestObject("09-Settings/Users/div_Users")): Object: 'Object Repository/09-Settings/Users/div_Users' is clicked on

2022-12-23 13:37:37 - [MESSAGE][PASSED] - Object: 'Object Repository/09-Settings/Users/div_Users' is clicked on

2022-12-23 13:37:37 - [TEST_STEP][PASSED] - verifyElementVisible(findTestObject("09-Settings/Users/h4_USERS")): Object 'Object Repository/09-Settings/Users/h4_USERS' is visible

2022-12-23 13:37:38 - [MESSAGE][PASSED] - Object 'Object Repository/09-Settings/Users/h4_USERS' is visible

2022-12-23 13:37:38 - [TEST_STEP][PASSED] - verifyElementVisible(findTestObject("09-Settings/Users/User Page")): Object 'Object Repository/09-Settings/Users/User Page' is visible

2022-12-23 13:37:39 - [MESSAGE][PASSED] - Object 'Object Repository/09-Settings/Users/User Page' is visible

2022-12-23 13:37:39 - [TEST_STEP][PASSED] - delay(3): Delayed 3 second(s)

2022-12-23 13:37:42 - [MESSAGE][PASSED] - Delayed 3 second(s)

2022-12-23 13:37:42 - [TEST_STEP][PASSED] - click(findTestObject("09-Settings/Users/button_add")): Object: 'Object Repository/09-Settings/Users/button_add' is clicked on

2022-12-23 13:37:43 - [MESSAGE][PASSED] - Object: 'Object Repository/09-Settings/Users/button_add' is clicked on

2022-12-23 13:37:43 - [TEST_STEP][PASSED] - verifyElementVisible(findTestObject("09-Settings/Users/User Invitation modal")): Object 'Object Repository/09-Settings/Users/User Invitation modal' is visible

2022-12-23 13:37:44 - [MESSAGE][PASSED] - Object 'Object Repository/09-Settings/Users/User Invitation modal' is visible

2022-12-23 13:37:44 - [TEST_STEP][PASSED] - delay(3): Delayed 3 second(s)

2022-12-23 13:37:47 - [MESSAGE][PASSED] - Delayed 3 second(s)

2022-12-23 13:37:47 - [TEST_STEP][PASSED] - click(findTestObject("09-Settings/Users/add Invite a single user")): Object: 'Object Repository/09-Settings/Users/add Invite a single user' is clicked on

2022-12-23 13:37:48 - [MESSAGE][PASSED] - Object: 'Object Repository/09-Settings/Users/add Invite a single user' is clicked on

2022-12-23 13:37:48 - [TEST_STEP][PASSED] - verifyElementVisible(findTestObject("09-Settings/Users/Invite new user modal")): Object 'Object Repository/09-Settings/Users/Invite new user modal' is visible

2022-12-23 13:37:50 - [MESSAGE][PASSED] - Object 'Object Repository/09-Settings/Users/Invite new user modal' is visible

2022-12-23 13:37:50 - [TEST_STEP][PASSED] - click(findTestObject("09-Settings/Users/input_email")): Object: 'Object Repository/09-Settings/Users/input_email' is clicked on

2022-12-23 13:37:51 - [MESSAGE][PASSED] - Object: 'Object Repository/09-Settings/Users/input_email' is clicked on

2022-12-23 13:37:51 - [TEST_STEP][PASSED] - click(findTestObject("09-Settings/Users/input_firstName")): Object: 'Object Repository/09-Settings/Users/input_firstName' is clicked on

2022-12-23 13:37:52 - [MESSAGE][PASSED] - Object: 'Object Repository/09-Settings/Users/input_firstName' is clicked on

2022-12-23 13:37:52 - [TEST_STEP][PASSED] - click(findTestObject("09-Settings/Users/input_lastName")): Object: 'Object Repository/09-Settings/Users/input_lastName' is clicked on

2022-12-23 13:37:54 - [MESSAGE][PASSED] - Object: 'Object Repository/09-Settings/Users/input_lastName' is clicked on

2022-12-23 13:37:54 - [TEST_STEP][PASSED] - click(findTestObject("09-Settings/Users/span_Role")): Object: 'Object Repository/09-Settings/Users/span_Role' is clicked on

2022-12-23 13:37:55 - [MESSAGE][PASSED] - Object: 'Object Repository/09-Settings/Users/span_Role' is clicked on

2022-12-23 13:37:55 - [TEST_STEP][PASSED] - clickOffset(findTestObject("09-Settings/Users/h4_Invite New User"), 100, 100): Object: 'Object Repository/09-Settings/Users/h4_Invite New User' is clicked on using offset x=100 and y=100

2022-12-23 13:37:56 - [MESSAGE][PASSED] - Object: 'Object Repository/09-Settings/Users/h4_Invite New User' is clicked on using offset x=100 and y=100

2022-12-23 13:37:56 - [TEST_STEP][PASSED] - verifyElementVisible(findTestObject("09-Settings/Users/Email required")): Object 'Object Repository/09-Settings/Users/Email required' is visible

2022-12-23 13:37:57 - [MESSAGE][PASSED] - Object 'Object Repository/09-Settings/Users/Email required' is visible

2022-12-23 13:37:57 - [TEST_STEP][PASSED] - verifyElementVisible(findTestObject("09-Settings/Users/Firstname required")): Object 'Object Repository/09-Settings/Users/Firstname required' is visible

2022-12-23 13:37:58 - [MESSAGE][PASSED] - Object 'Object Repository/09-Settings/Users/Firstname required' is visible

2022-12-23 13:37:58 - [TEST_STEP][PASSED] - verifyElementVisible(findTestObject("09-Settings/Users/last name required")): Object 'Object Repository/09-Settings/Users/last name required' is visible

2022-12-23 13:37:58 - [MESSAGE][PASSED] - Object 'Object Repository/09-Settings/Users/last name required' is visible

2022-12-23 13:37:58 - [TEST_STEP][PASSED] - verifyElementVisible(findTestObject("09-Settings/Users/error_Select a role")): Object 'Object Repository/09-Settings/Users/error_Select a role' is visible

2022-12-23 13:37:59 - [MESSAGE][PASSED] - Object 'Object Repository/09-Settings/Users/error_Select a role' is visible]]></system-out>
         <system-err><![CDATA[]]></system-err>
      </testcase>
      <testcase name="Test Cases/09-Settings/02 - Users (Invite new user as co worker)" time="181.59" classname="Test Cases/09-Settings/02 - Users (Invite new user as co worker)" status="PASSED">
         <system-out><![CDATA[2022-12-23 13:37:59 - [TEST_CASE][PASSED] - Test Cases/09-Settings/02 - Users (Invite new user as co worker): Test Cases/09-Settings/02 - Users (Invite new user as co worker)

2022-12-23 13:38:02 - [TEST_STEP][PASSED] - delay(3): Delayed 3 second(s)

2022-12-23 13:38:05 - [MESSAGE][PASSED] - Delayed 3 second(s)

2022-12-23 13:38:05 - [TEST_STEP][PASSED] - setText(findTestObject("09-Settings/Users/input_email"), "autotester04@mailinator.com"): Text 'autotester04@mailinator.com' is set on object 'Object Repository/09-Settings/Users/input_email'

2022-12-23 13:38:08 - [MESSAGE][PASSED] - Text 'autotester04@mailinator.com' is set on object 'Object Repository/09-Settings/Users/input_email'

2022-12-23 13:38:08 - [TEST_STEP][PASSED] - setText(findTestObject("09-Settings/Users/input_firstName"), "GG"): Text 'GG' is set on object 'Object Repository/09-Settings/Users/input_firstName'

2022-12-23 13:38:10 - [MESSAGE][PASSED] - Text 'GG' is set on object 'Object Repository/09-Settings/Users/input_firstName'

2022-12-23 13:38:10 - [TEST_STEP][PASSED] - setText(findTestObject("09-Settings/Users/input_lastName"), "Auto Contact 2"): Text 'Auto Contact 2' is set on object 'Object Repository/09-Settings/Users/input_lastName'

2022-12-23 13:38:12 - [MESSAGE][PASSED] - Text 'Auto Contact 2' is set on object 'Object Repository/09-Settings/Users/input_lastName'

2022-12-23 13:38:12 - [TEST_STEP][PASSED] - click(findTestObject("09-Settings/Users/span_Role")): Object: 'Object Repository/09-Settings/Users/span_Role' is clicked on

2022-12-23 13:38:13 - [MESSAGE][PASSED] - Object: 'Object Repository/09-Settings/Users/span_Role' is clicked on

2022-12-23 13:38:13 - [TEST_STEP][PASSED] - click(findTestObject("09-Settings/Users/span_CoWorker")): Object: 'Object Repository/09-Settings/Users/span_CoWorker' is clicked on

2022-12-23 13:38:14 - [MESSAGE][PASSED] - Object: 'Object Repository/09-Settings/Users/span_CoWorker' is clicked on

2022-12-23 13:38:14 - [TEST_STEP][PASSED] - click(findTestObject("09-Settings/Users/button_Send Invitation")): Object: 'Object Repository/09-Settings/Users/button_Send Invitation' is clicked on

2022-12-23 13:38:17 - [MESSAGE][PASSED] - Object: 'Object Repository/09-Settings/Users/button_Send Invitation' is clicked on

2022-12-23 13:38:17 - [TEST_STEP][PASSED] - delay(2): Delayed 2 second(s)

2022-12-23 13:38:19 - [MESSAGE][PASSED] - Delayed 2 second(s)

2022-12-23 13:38:19 - [TEST_STEP][PASSED] - verifyElementVisible(findTestObject("07-Directory/Connections/zContact Profile/Successfully invited user")): Object 'Object Repository/07-Directory/Connections/zContact Profile/Successfully invited user' is visible

2022-12-23 13:38:21 - [MESSAGE][PASSED] - Object 'Object Repository/07-Directory/Connections/zContact Profile/Successfully invited user' is visible

2022-12-23 13:38:21 - [TEST_STEP][PASSED] - delay(2): Delayed 2 second(s)

2022-12-23 13:38:23 - [MESSAGE][PASSED] - Delayed 2 second(s)

2022-12-23 13:38:23 - [TEST_STEP][PASSED] - executeJavaScript("window.open();", []): Execute JavaScript 'window.open();' successfully

2022-12-23 13:38:23 - [MESSAGE][PASSED] - Execute JavaScript 'window.open();' successfully

2022-12-23 13:38:23 - [TEST_STEP][PASSED] - currentWindow = getWindowIndex(): Current window's index is: 0

2022-12-23 13:38:24 - [MESSAGE][PASSED] - Current window's index is: 0

2022-12-23 13:38:24 - [TEST_STEP][PASSED] - delay(3): Delayed 3 second(s)

2022-12-23 13:38:27 - [MESSAGE][PASSED] - Delayed 3 second(s)

2022-12-23 13:38:27 - [TEST_STEP][PASSED] - switchToWindowIndex(currentWindow + 1): Switched to window with index: '1'

2022-12-23 13:38:27 - [MESSAGE][PASSED] - Switched to window with index: '1'

2022-12-23 13:38:27 - [TEST_STEP][PASSED] - navigateToUrl("https://www.mailinator.com/"): Navigate to 'https://www.mailinator.com/' successfully

2022-12-23 13:38:34 - [MESSAGE][PASSED] - Navigate to 'https://www.mailinator.com/' successfully

2022-12-23 13:38:34 - [TEST_STEP][PASSED] - delay(3): Delayed 3 second(s)

2022-12-23 13:38:37 - [MESSAGE][PASSED] - Delayed 3 second(s)

2022-12-23 13:38:37 - [TEST_STEP][PASSED] - setText(findTestObject("00-Signup and Activation/zMailinator/input_LOGIN_search"), "autotester04@mailinator.com"): Text 'autotester04@mailinator.com' is set on object 'Object Repository/00-Signup and Activation/zMailinator/input_LOGIN_search'

2022-12-23 13:38:38 - [MESSAGE][PASSED] - Text 'autotester04@mailinator.com' is set on object 'Object Repository/00-Signup and Activation/zMailinator/input_LOGIN_search'

2022-12-23 13:38:38 - [TEST_STEP][PASSED] - click(findTestObject("00-Signup and Activation/zMailinator/gobutton"), STOP_ON_FAILURE): Object: 'Object Repository/00-Signup and Activation/zMailinator/gobutton' is clicked on

2022-12-23 13:38:41 - [MESSAGE][PASSED] - Object: 'Object Repository/00-Signup and Activation/zMailinator/gobutton' is clicked on

2022-12-23 13:38:41 - [TEST_STEP][PASSED] - delay(3): Delayed 3 second(s)

2022-12-23 13:38:44 - [MESSAGE][PASSED] - Delayed 3 second(s)

2022-12-23 13:38:44 - [TEST_STEP][PASSED] - closeWindowTitle("Everleagues"): Window with title: 'Everleagues' is closed

2022-12-23 13:38:45 - [MESSAGE][PASSED] - Window with title: 'Everleagues' is closed

2022-12-23 13:38:45 - [TEST_STEP][PASSED] - switchToWindowIndex(0): Switched to window with index: '0'

2022-12-23 13:38:45 - [MESSAGE][PASSED] - Switched to window with index: '0'

2022-12-23 13:38:45 - [TEST_STEP][PASSED] - click(findTestObject("09-Settings/Users/Co worker/td_Invitation from GG Automation")): Object: 'Object Repository/09-Settings/Users/Co worker/td_Invitation from GG Automation' is clicked on

2022-12-23 13:38:46 - [MESSAGE][PASSED] - Object: 'Object Repository/09-Settings/Users/Co worker/td_Invitation from GG Automation' is clicked on

2022-12-23 13:38:46 - [TEST_STEP][PASSED] - click(findTestObject("09-Settings/Users/Co worker/a_Click here to join GG Automation on EverLeagues")): Object: 'Object Repository/09-Settings/Users/Co worker/a_Click here to join GG Automation on EverLeagues' is clicked on

2022-12-23 13:38:47 - [MESSAGE][PASSED] - Object: 'Object Repository/09-Settings/Users/Co worker/a_Click here to join GG Automation on EverLeagues' is clicked on

2022-12-23 13:38:47 - [TEST_STEP][PASSED] - closeWindowTitle("Mailinator"): Window with title: 'Mailinator' is closed

2022-12-23 13:38:47 - [MESSAGE][PASSED] - Window with title: 'Mailinator' is closed

2022-12-23 13:38:47 - [TEST_STEP][PASSED] - switchToWindowIndex(0): Switched to window with index: '0'

2022-12-23 13:38:48 - [MESSAGE][PASSED] - Switched to window with index: '0'

2022-12-23 13:38:48 - [TEST_STEP][PASSED] - verifyElementVisible(findTestObject("09-Settings/Users/Co worker/Logout before proceed modal")): Object 'Object Repository/09-Settings/Users/Co worker/Logout before proceed modal' is visible

2022-12-23 13:39:09 - [MESSAGE][PASSED] - Object 'Object Repository/09-Settings/Users/Co worker/Logout before proceed modal' is visible

2022-12-23 13:39:09 - [TEST_STEP][PASSED] - click(findTestObject("09-Settings/Users/Co worker/button_Yes")): Object: 'Object Repository/09-Settings/Users/Co worker/button_Yes' is clicked on

2022-12-23 13:39:10 - [MESSAGE][PASSED] - Object: 'Object Repository/09-Settings/Users/Co worker/button_Yes' is clicked on

2022-12-23 13:39:10 - [TEST_STEP][PASSED] - delay(3): Delayed 3 second(s)

2022-12-23 13:39:13 - [MESSAGE][PASSED] - Delayed 3 second(s)

2022-12-23 13:39:13 - [TEST_STEP][PASSED] - setText(findTestObject("09-Settings/Users/Co worker/input_Email_email"), "autotester04@mailinator.com"): Text 'autotester04@mailinator.com' is set on object 'Object Repository/09-Settings/Users/Co worker/input_Email_email'

2022-12-23 13:39:17 - [MESSAGE][PASSED] - Text 'autotester04@mailinator.com' is set on object 'Object Repository/09-Settings/Users/Co worker/input_Email_email'

2022-12-23 13:39:17 - [TEST_STEP][PASSED] - setEncryptedText(findTestObject("09-Settings/Users/Co worker/input__password"), "8yFRyszE6U6jvsCn51OQbg=="): Text ****** has been set on object 'Object Repository/09-Settings/Users/Co worker/input__password'

2022-12-23 13:39:19 - [MESSAGE][PASSED] - Text ****** has been set on object 'Object Repository/09-Settings/Users/Co worker/input__password'

2022-12-23 13:39:19 - [TEST_STEP][PASSED] - click(findTestObject("02-Side Icons(Organization)/Add Contact/button_Sign in")): Object: 'Object Repository/02-Side Icons(Organization)/Add Contact/button_Sign in' is clicked on

2022-12-23 13:39:20 - [MESSAGE][PASSED] - Object: 'Object Repository/02-Side Icons(Organization)/Add Contact/button_Sign in' is clicked on

2022-12-23 13:39:20 - [TEST_STEP][PASSED] - delay(2): Delayed 2 second(s)

2022-12-23 13:39:22 - [MESSAGE][PASSED] - Delayed 2 second(s)

2022-12-23 13:39:22 - [TEST_STEP][PASSED] - click(findTestObject("06-Teams/For 2FA/button_Confirm_2FA")): Object: 'Object Repository/06-Teams/For 2FA/button_Confirm_2FA' is clicked on

2022-12-23 13:39:23 - [MESSAGE][PASSED] - Object: 'Object Repository/06-Teams/For 2FA/button_Confirm_2FA' is clicked on

2022-12-23 13:39:23 - [TEST_STEP][PASSED] - executeJavaScript("window.open();", []): Execute JavaScript 'window.open();' successfully

2022-12-23 13:39:23 - [MESSAGE][PASSED] - Execute JavaScript 'window.open();' successfully

2022-12-23 13:39:23 - [TEST_STEP][PASSED] - currentWindow = getWindowIndex(): Current window's index is: 0

2022-12-23 13:39:23 - [MESSAGE][PASSED] - Current window's index is: 0

2022-12-23 13:39:23 - [TEST_STEP][PASSED] - delay(3): Delayed 3 second(s)

2022-12-23 13:39:26 - [MESSAGE][PASSED] - Delayed 3 second(s)

2022-12-23 13:39:26 - [TEST_STEP][PASSED] - switchToWindowIndex(currentWindow + 1): Switched to window with index: '1'

2022-12-23 13:39:26 - [MESSAGE][PASSED] - Switched to window with index: '1'

2022-12-23 13:39:26 - [TEST_STEP][PASSED] - navigateToUrl("https://www.mailinator.com/"): Navigate to 'https://www.mailinator.com/' successfully

2022-12-23 13:39:32 - [MESSAGE][PASSED] - Navigate to 'https://www.mailinator.com/' successfully

2022-12-23 13:39:32 - [TEST_STEP][PASSED] - delay(3): Delayed 3 second(s)

2022-12-23 13:39:35 - [MESSAGE][PASSED] - Delayed 3 second(s)

2022-12-23 13:39:35 - [TEST_STEP][PASSED] - setText(findTestObject("00-Signup and Activation/zMailinator/input_LOGIN_search"), "autotester04@mailinator.com"): Text 'autotester04@mailinator.com' is set on object 'Object Repository/00-Signup and Activation/zMailinator/input_LOGIN_search'

2022-12-23 13:39:37 - [MESSAGE][PASSED] - Text 'autotester04@mailinator.com' is set on object 'Object Repository/00-Signup and Activation/zMailinator/input_LOGIN_search'

2022-12-23 13:39:37 - [TEST_STEP][PASSED] - click(findTestObject("00-Signup and Activation/zMailinator/gobutton"), STOP_ON_FAILURE): Object: 'Object Repository/00-Signup and Activation/zMailinator/gobutton' is clicked on

2022-12-23 13:39:39 - [MESSAGE][PASSED] - Object: 'Object Repository/00-Signup and Activation/zMailinator/gobutton' is clicked on

2022-12-23 13:39:39 - [TEST_STEP][PASSED] - delay(3): Delayed 3 second(s)

2022-12-23 13:39:42 - [MESSAGE][PASSED] - Delayed 3 second(s)

2022-12-23 13:39:42 - [TEST_STEP][PASSED] - click(findTestObject("00-Signup and Activation/zMailinator/Email - everleagues")): Object: 'Object Repository/00-Signup and Activation/zMailinator/Email - everleagues' is clicked on

2022-12-23 13:39:43 - [MESSAGE][PASSED] - Object: 'Object Repository/00-Signup and Activation/zMailinator/Email - everleagues' is clicked on

2022-12-23 13:39:43 - [TEST_STEP][PASSED] - delay(3): Delayed 3 second(s)

2022-12-23 13:39:46 - [MESSAGE][PASSED] - Delayed 3 second(s)

2022-12-23 13:39:46 - [TEST_STEP][PASSED] - codetwo = getText(findTestObject("Object Repository/06-Teams/For 2FA/2FA code")): Text of object 'Object Repository/06-Teams/For 2FA/2FA code' is: '854824'

2022-12-23 13:39:47 - [MESSAGE][PASSED] - Text of object 'Object Repository/06-Teams/For 2FA/2FA code' is: '854824'

2022-12-23 13:39:47 - [TEST_STEP][PASSED] - delay(3): Delayed 3 second(s)

2022-12-23 13:39:50 - [MESSAGE][PASSED] - Delayed 3 second(s)

2022-12-23 13:39:50 - [TEST_STEP][PASSED] - closeWindowTitle("Mailinator"): Window with title: 'Mailinator' is closed

2022-12-23 13:39:51 - [MESSAGE][PASSED] - Window with title: 'Mailinator' is closed

2022-12-23 13:39:51 - [TEST_STEP][PASSED] - delay(3): Delayed 3 second(s)

2022-12-23 13:39:54 - [MESSAGE][PASSED] - Delayed 3 second(s)

2022-12-23 13:39:54 - [TEST_STEP][PASSED] - switchToWindowIndex(0): Switched to window with index: '0'

2022-12-23 13:39:54 - [MESSAGE][PASSED] - Switched to window with index: '0'

2022-12-23 13:39:54 - [TEST_STEP][PASSED] - delay(3): Delayed 3 second(s)

2022-12-23 13:39:57 - [MESSAGE][PASSED] - Delayed 3 second(s)

2022-12-23 13:39:57 - [TEST_STEP][PASSED] - setText(findTestObject("Object Repository/06-Teams/For 2FA/input_Enter verification code_code"), codetwo): Text '854824' is set on object 'Object Repository/06-Teams/For 2FA/input_Enter verification code_code'

2022-12-23 13:39:59 - [MESSAGE][PASSED] - Text '854824' is set on object 'Object Repository/06-Teams/For 2FA/input_Enter verification code_code'

2022-12-23 13:39:59 - [TEST_STEP][PASSED] - delay(3): Delayed 3 second(s)

2022-12-23 13:40:02 - [MESSAGE][PASSED] - Delayed 3 second(s)

2022-12-23 13:40:02 - [TEST_STEP][PASSED] - click(findTestObject("06-Teams/For 2FA/button_Verify_2FA")): Object: 'Object Repository/06-Teams/For 2FA/button_Verify_2FA' is clicked on

2022-12-23 13:40:03 - [MESSAGE][PASSED] - Object: 'Object Repository/06-Teams/For 2FA/button_Verify_2FA' is clicked on

2022-12-23 13:40:03 - [TEST_STEP][PASSED] - delay(5): Delayed 5 second(s)

2022-12-23 13:40:08 - [MESSAGE][PASSED] - Delayed 5 second(s)

2022-12-23 13:40:08 - [TEST_STEP][PASSED] - executeJavaScript("window.open();", []): Execute JavaScript 'window.open();' successfully

2022-12-23 13:40:08 - [MESSAGE][PASSED] - Execute JavaScript 'window.open();' successfully

2022-12-23 13:40:08 - [TEST_STEP][PASSED] - currentWindow = getWindowIndex(): Current window's index is: 0

2022-12-23 13:40:08 - [MESSAGE][PASSED] - Current window's index is: 0

2022-12-23 13:40:08 - [TEST_STEP][PASSED] - delay(3): Delayed 3 second(s)

2022-12-23 13:40:11 - [MESSAGE][PASSED] - Delayed 3 second(s)

2022-12-23 13:40:11 - [TEST_STEP][PASSED] - switchToWindowIndex(currentWindow + 1): Switched to window with index: '1'

2022-12-23 13:40:11 - [MESSAGE][PASSED] - Switched to window with index: '1'

2022-12-23 13:40:11 - [TEST_STEP][PASSED] - navigateToUrl("https://www.mailinator.com/"): Navigate to 'https://www.mailinator.com/' successfully

2022-12-23 13:40:15 - [MESSAGE][PASSED] - Navigate to 'https://www.mailinator.com/' successfully

2022-12-23 13:40:15 - [TEST_STEP][PASSED] - delay(3): Delayed 3 second(s)

2022-12-23 13:40:18 - [MESSAGE][PASSED] - Delayed 3 second(s)

2022-12-23 13:40:18 - [TEST_STEP][PASSED] - setText(findTestObject("00-Signup and Activation/zMailinator/input_LOGIN_search"), "autotester04@mailinator.com"): Text 'autotester04@mailinator.com' is set on object 'Object Repository/00-Signup and Activation/zMailinator/input_LOGIN_search'

2022-12-23 13:40:20 - [MESSAGE][PASSED] - Text 'autotester04@mailinator.com' is set on object 'Object Repository/00-Signup and Activation/zMailinator/input_LOGIN_search'

2022-12-23 13:40:20 - [TEST_STEP][PASSED] - click(findTestObject("00-Signup and Activation/zMailinator/gobutton"), STOP_ON_FAILURE): Object: 'Object Repository/00-Signup and Activation/zMailinator/gobutton' is clicked on

2022-12-23 13:40:24 - [MESSAGE][PASSED] - Object: 'Object Repository/00-Signup and Activation/zMailinator/gobutton' is clicked on

2022-12-23 13:40:24 - [TEST_STEP][PASSED] - delay(3): Delayed 3 second(s)

2022-12-23 13:40:27 - [MESSAGE][PASSED] - Delayed 3 second(s)

2022-12-23 13:40:27 - [TEST_STEP][PASSED] - closeWindowTitle("Everleagues"): Window with title: 'Everleagues' is closed

2022-12-23 13:40:27 - [MESSAGE][PASSED] - Window with title: 'Everleagues' is closed

2022-12-23 13:40:27 - [TEST_STEP][PASSED] - switchToWindowIndex(0): Switched to window with index: '0'

2022-12-23 13:40:27 - [MESSAGE][PASSED] - Switched to window with index: '0'

2022-12-23 13:40:27 - [TEST_STEP][PASSED] - click(findTestObject("09-Settings/Users/Co worker/td_Invitation from GG Automation")): Object: 'Object Repository/09-Settings/Users/Co worker/td_Invitation from GG Automation' is clicked on

2022-12-23 13:40:28 - [MESSAGE][PASSED] - Object: 'Object Repository/09-Settings/Users/Co worker/td_Invitation from GG Automation' is clicked on

2022-12-23 13:40:28 - [TEST_STEP][PASSED] - click(findTestObject("09-Settings/Users/Co worker/a_Click here to join GG Automation on EverLeagues")): Object: 'Object Repository/09-Settings/Users/Co worker/a_Click here to join GG Automation on EverLeagues' is clicked on

2022-12-23 13:40:29 - [MESSAGE][PASSED] - Object: 'Object Repository/09-Settings/Users/Co worker/a_Click here to join GG Automation on EverLeagues' is clicked on

2022-12-23 13:40:29 - [TEST_STEP][PASSED] - delay(3): Delayed 3 second(s)

2022-12-23 13:40:33 - [MESSAGE][PASSED] - Delayed 3 second(s)

2022-12-23 13:40:33 - [TEST_STEP][PASSED] - closeWindowTitle("Mailinator"): Window with title: 'Mailinator' is closed

2022-12-23 13:40:40 - [MESSAGE][PASSED] - Window with title: 'Mailinator' is closed

2022-12-23 13:40:40 - [TEST_STEP][PASSED] - switchToWindowIndex(0): Switched to window with index: '0'

2022-12-23 13:40:41 - [MESSAGE][PASSED] - Switched to window with index: '0'

2022-12-23 13:40:41 - [TEST_STEP][PASSED] - verifyElementVisible(findTestObject("09-Settings/Users/Co worker/Invite modal")): Object 'Object Repository/09-Settings/Users/Co worker/Invite modal' is visible

2022-12-23 13:40:49 - [MESSAGE][PASSED] - Object 'Object Repository/09-Settings/Users/Co worker/Invite modal' is visible

2022-12-23 13:40:49 - [TEST_STEP][PASSED] - click(findTestObject("09-Settings/Users/Co worker/button_Accept")): Object: 'Object Repository/09-Settings/Users/Co worker/button_Accept' is clicked on

2022-12-23 13:40:50 - [MESSAGE][PASSED] - Object: 'Object Repository/09-Settings/Users/Co worker/button_Accept' is clicked on

2022-12-23 13:40:50 - [TEST_STEP][PASSED] - delay(5): Delayed 5 second(s)

2022-12-23 13:40:55 - [MESSAGE][PASSED] - Delayed 5 second(s)

2022-12-23 13:40:55 - [TEST_STEP][PASSED] - verifyElementVisible(findTestObject("09-Settings/Users/Co worker/div_Joined as CoWorker")): Object 'Object Repository/09-Settings/Users/Co worker/div_Joined as CoWorker' is visible

2022-12-23 13:40:56 - [MESSAGE][PASSED] - Object 'Object Repository/09-Settings/Users/Co worker/div_Joined as CoWorker' is visible

2022-12-23 13:40:56 - [TEST_STEP][PASSED] - closeBrowser(): Browser is closed

2022-12-23 13:41:01 - [MESSAGE][PASSED] - Browser is closed]]></system-out>
         <system-err><![CDATA[]]></system-err>
      </testcase>
      <testcase name="Test Cases/09-Settings/03 - Users (Invite new user as client)" time="498.005" classname="Test Cases/09-Settings/03 - Users (Invite new user as client)" status="PASSED">
         <system-out><![CDATA[2022-12-23 13:41:01 - [TEST_CASE][PASSED] - Test Cases/09-Settings/03 - Users (Invite new user as client): Test Cases/09-Settings/03 - Users (Invite new user as client)

2022-12-23 13:41:03 - [TEST_STEP][PASSED] - openBrowser(""): Browser is opened with url: ''

2022-12-23 13:41:03 - [MESSAGE][INFO] - Starting 'Chrome' driver

2022-12-23 13:41:03 - [MESSAGE][INFO] - Action delay is set to 0 milliseconds

2022-12-23 13:41:06 - [MESSAGE][PASSED] - Browser is opened with url: ''

2022-12-23 13:41:06 - [TEST_STEP][PASSED] - navigateToUrl("https://lab.everleagues.com/"): Navigate to 'https://lab.everleagues.com/' successfully

2022-12-23 13:45:03 - [MESSAGE][PASSED] - Navigate to 'https://lab.everleagues.com/' successfully

2022-12-23 13:45:03 - [TEST_STEP][PASSED] - maximizeWindow(): Current window maximized

2022-12-23 13:45:04 - [MESSAGE][PASSED] - Current window maximized

2022-12-23 13:45:04 - [TEST_STEP][PASSED] - setText(findTestObject("02-Side Icons(Organization)/Add Contact/Email Field"), "testuser02@mailinator.com"): Text 'testuser02@mailinator.com' is set on object 'Object Repository/02-Side Icons(Organization)/Add Contact/Email Field'

2022-12-23 13:45:05 - [MESSAGE][PASSED] - Text 'testuser02@mailinator.com' is set on object 'Object Repository/02-Side Icons(Organization)/Add Contact/Email Field'

2022-12-23 13:45:05 - [TEST_STEP][PASSED] - setEncryptedText(findTestObject("02-Side Icons(Organization)/Add Contact/Password Field"), "8yFRyszE6U6jvsCn51OQbg=="): Text ****** has been set on object 'Object Repository/02-Side Icons(Organization)/Add Contact/Password Field'

2022-12-23 13:45:07 - [MESSAGE][PASSED] - Text ****** has been set on object 'Object Repository/02-Side Icons(Organization)/Add Contact/Password Field'

2022-12-23 13:45:07 - [TEST_STEP][PASSED] - click(findTestObject("02-Side Icons(Organization)/Add Contact/button_Sign in")): Object: 'Object Repository/02-Side Icons(Organization)/Add Contact/button_Sign in' is clicked on

2022-12-23 13:45:08 - [MESSAGE][PASSED] - Object: 'Object Repository/02-Side Icons(Organization)/Add Contact/button_Sign in' is clicked on

2022-12-23 13:45:08 - [TEST_STEP][PASSED] - delay(2): Delayed 2 second(s)

2022-12-23 13:45:10 - [MESSAGE][PASSED] - Delayed 2 second(s)

2022-12-23 13:45:10 - [TEST_STEP][PASSED] - click(findTestObject("06-Teams/For 2FA/button_Confirm_2FA")): Object: 'Object Repository/06-Teams/For 2FA/button_Confirm_2FA' is clicked on

2022-12-23 13:45:11 - [MESSAGE][PASSED] - Object: 'Object Repository/06-Teams/For 2FA/button_Confirm_2FA' is clicked on

2022-12-23 13:45:11 - [TEST_STEP][PASSED] - executeJavaScript("window.open();", []): Execute JavaScript 'window.open();' successfully

2022-12-23 13:45:12 - [MESSAGE][PASSED] - Execute JavaScript 'window.open();' successfully

2022-12-23 13:45:12 - [TEST_STEP][PASSED] - currentWindow = getWindowIndex(): Current window's index is: 0

2022-12-23 13:45:12 - [MESSAGE][PASSED] - Current window's index is: 0

2022-12-23 13:45:12 - [TEST_STEP][PASSED] - delay(3): Delayed 3 second(s)

2022-12-23 13:45:15 - [MESSAGE][PASSED] - Delayed 3 second(s)

2022-12-23 13:45:15 - [TEST_STEP][PASSED] - switchToWindowIndex(currentWindow + 1): Switched to window with index: '1'

2022-12-23 13:45:15 - [MESSAGE][PASSED] - Switched to window with index: '1'

2022-12-23 13:45:15 - [TEST_STEP][PASSED] - navigateToUrl("https://www.mailinator.com/"): Navigate to 'https://www.mailinator.com/' successfully

2022-12-23 13:45:24 - [MESSAGE][PASSED] - Navigate to 'https://www.mailinator.com/' successfully

2022-12-23 13:45:24 - [TEST_STEP][PASSED] - delay(3): Delayed 3 second(s)

2022-12-23 13:45:27 - [MESSAGE][PASSED] - Delayed 3 second(s)

2022-12-23 13:45:27 - [TEST_STEP][PASSED] - setText(findTestObject("00-Signup and Activation/zMailinator/input_LOGIN_search"), "testuser02@mailinator.com"): Text 'testuser02@mailinator.com' is set on object 'Object Repository/00-Signup and Activation/zMailinator/input_LOGIN_search'

2022-12-23 13:45:29 - [MESSAGE][PASSED] - Text 'testuser02@mailinator.com' is set on object 'Object Repository/00-Signup and Activation/zMailinator/input_LOGIN_search'

2022-12-23 13:45:29 - [TEST_STEP][PASSED] - click(findTestObject("00-Signup and Activation/zMailinator/gobutton"), STOP_ON_FAILURE): Object: 'Object Repository/00-Signup and Activation/zMailinator/gobutton' is clicked on

2022-12-23 13:45:34 - [MESSAGE][PASSED] - Object: 'Object Repository/00-Signup and Activation/zMailinator/gobutton' is clicked on

2022-12-23 13:45:34 - [TEST_STEP][PASSED] - delay(3): Delayed 3 second(s)

2022-12-23 13:45:37 - [MESSAGE][PASSED] - Delayed 3 second(s)

2022-12-23 13:45:37 - [TEST_STEP][PASSED] - click(findTestObject("00-Signup and Activation/zMailinator/Email - everleagues")): Object: 'Object Repository/00-Signup and Activation/zMailinator/Email - everleagues' is clicked on

2022-12-23 13:45:38 - [MESSAGE][PASSED] - Object: 'Object Repository/00-Signup and Activation/zMailinator/Email - everleagues' is clicked on

2022-12-23 13:45:38 - [TEST_STEP][PASSED] - delay(3): Delayed 3 second(s)

2022-12-23 13:45:41 - [MESSAGE][PASSED] - Delayed 3 second(s)

2022-12-23 13:45:41 - [TEST_STEP][PASSED] - code = getText(findTestObject("Object Repository/06-Teams/For 2FA/2FA code")): Text of object 'Object Repository/06-Teams/For 2FA/2FA code' is: '403943'

2022-12-23 13:45:42 - [MESSAGE][PASSED] - Text of object 'Object Repository/06-Teams/For 2FA/2FA code' is: '403943'

2022-12-23 13:45:42 - [TEST_STEP][PASSED] - delay(3): Delayed 3 second(s)

2022-12-23 13:45:45 - [MESSAGE][PASSED] - Delayed 3 second(s)

2022-12-23 13:45:45 - [TEST_STEP][PASSED] - closeWindowTitle("Mailinator"): Window with title: 'Mailinator' is closed

2022-12-23 13:45:45 - [MESSAGE][PASSED] - Window with title: 'Mailinator' is closed

2022-12-23 13:45:46 - [TEST_STEP][PASSED] - delay(3): Delayed 3 second(s)

2022-12-23 13:45:49 - [MESSAGE][PASSED] - Delayed 3 second(s)

2022-12-23 13:45:49 - [TEST_STEP][PASSED] - switchToWindowIndex(0): Switched to window with index: '0'

2022-12-23 13:45:49 - [MESSAGE][PASSED] - Switched to window with index: '0'

2022-12-23 13:45:49 - [TEST_STEP][PASSED] - delay(3): Delayed 3 second(s)

2022-12-23 13:45:52 - [MESSAGE][PASSED] - Delayed 3 second(s)

2022-12-23 13:45:52 - [TEST_STEP][PASSED] - setText(findTestObject("Object Repository/06-Teams/For 2FA/input_Enter verification code_code"), code): Text '403943' is set on object 'Object Repository/06-Teams/For 2FA/input_Enter verification code_code'

2022-12-23 13:45:55 - [MESSAGE][PASSED] - Text '403943' is set on object 'Object Repository/06-Teams/For 2FA/input_Enter verification code_code'

2022-12-23 13:45:55 - [TEST_STEP][PASSED] - delay(3): Delayed 3 second(s)

2022-12-23 13:45:58 - [MESSAGE][PASSED] - Delayed 3 second(s)

2022-12-23 13:45:58 - [TEST_STEP][PASSED] - click(findTestObject("06-Teams/For 2FA/button_Verify_2FA")): Object: 'Object Repository/06-Teams/For 2FA/button_Verify_2FA' is clicked on

2022-12-23 13:45:59 - [MESSAGE][PASSED] - Object: 'Object Repository/06-Teams/For 2FA/button_Verify_2FA' is clicked on

2022-12-23 13:45:59 - [TEST_STEP][PASSED] - delay(5): Delayed 5 second(s)

2022-12-23 13:46:04 - [MESSAGE][PASSED] - Delayed 5 second(s)

2022-12-23 13:46:04 - [TEST_STEP][PASSED] - click(findTestObject("06-Teams/button_doublearrow")): Object: 'Object Repository/06-Teams/button_doublearrow' is clicked on

2022-12-23 13:46:08 - [MESSAGE][PASSED] - Object: 'Object Repository/06-Teams/button_doublearrow' is clicked on

2022-12-23 13:46:08 - [TEST_STEP][PASSED] - click(findTestObject("06-Teams/button_My Organizations")): Object: 'Object Repository/06-Teams/button_My Organizations' is clicked on

2022-12-23 13:46:09 - [MESSAGE][PASSED] - Object: 'Object Repository/06-Teams/button_My Organizations' is clicked on

2022-12-23 13:46:09 - [TEST_STEP][PASSED] - click(findTestObject("06-Teams/button_GG Automation")): Object: 'Object Repository/06-Teams/button_GG Automation' is clicked on

2022-12-23 13:46:10 - [MESSAGE][PASSED] - Object: 'Object Repository/06-Teams/button_GG Automation' is clicked on

2022-12-23 13:46:10 - [TEST_STEP][PASSED] - delay(4): Delayed 4 second(s)

2022-12-23 13:46:14 - [MESSAGE][PASSED] - Delayed 4 second(s)

2022-12-23 13:46:14 - [TEST_STEP][PASSED] - verifyElementVisible(findTestObject("06-Teams/span_GG Automation")): Object 'Object Repository/06-Teams/span_GG Automation' is visible

2022-12-23 13:46:14 - [MESSAGE][PASSED] - Object 'Object Repository/06-Teams/span_GG Automation' is visible

2022-12-23 13:46:14 - [TEST_STEP][PASSED] - delay(5): Delayed 5 second(s)

2022-12-23 13:46:19 - [MESSAGE][PASSED] - Delayed 5 second(s)

2022-12-23 13:46:19 - [TEST_STEP][PASSED] - click(findTestObject("03-Header Menu/Hamburger Button/div_Settings")): Object: 'Object Repository/03-Header Menu/Hamburger Button/div_Settings' is clicked on

2022-12-23 13:46:20 - [MESSAGE][PASSED] - Object: 'Object Repository/03-Header Menu/Hamburger Button/div_Settings' is clicked on

2022-12-23 13:46:20 - [TEST_STEP][PASSED] - delay(3): Delayed 3 second(s)

2022-12-23 13:46:23 - [MESSAGE][PASSED] - Delayed 3 second(s)

2022-12-23 13:46:23 - [TEST_STEP][PASSED] - scrollToElement(findTestObject("09-Settings/Users/div_Users"), 0): Scroll to object 'Object Repository/09-Settings/Users/div_Users' successfully

2022-12-23 13:46:24 - [MESSAGE][WARNING] - Timeout '0' is invalid. Using default page load timeout: '30'

2022-12-23 13:46:24 - [MESSAGE][PASSED] - Scroll to object 'Object Repository/09-Settings/Users/div_Users' successfully

2022-12-23 13:46:24 - [TEST_STEP][PASSED] - click(findTestObject("09-Settings/Users/div_Users")): Object: 'Object Repository/09-Settings/Users/div_Users' is clicked on

2022-12-23 13:46:26 - [MESSAGE][PASSED] - Object: 'Object Repository/09-Settings/Users/div_Users' is clicked on

2022-12-23 13:46:26 - [TEST_STEP][PASSED] - delay(3): Delayed 3 second(s)

2022-12-23 13:46:29 - [MESSAGE][PASSED] - Delayed 3 second(s)

2022-12-23 13:46:29 - [TEST_STEP][PASSED] - click(findTestObject("09-Settings/Users/button_add")): Object: 'Object Repository/09-Settings/Users/button_add' is clicked on

2022-12-23 13:46:30 - [MESSAGE][PASSED] - Object: 'Object Repository/09-Settings/Users/button_add' is clicked on

2022-12-23 13:46:30 - [TEST_STEP][PASSED] - delay(3): Delayed 3 second(s)

2022-12-23 13:46:33 - [MESSAGE][PASSED] - Delayed 3 second(s)

2022-12-23 13:46:33 - [TEST_STEP][PASSED] - click(findTestObject("09-Settings/Users/add Invite a single user")): Object: 'Object Repository/09-Settings/Users/add Invite a single user' is clicked on

2022-12-23 13:46:34 - [MESSAGE][PASSED] - Object: 'Object Repository/09-Settings/Users/add Invite a single user' is clicked on

2022-12-23 13:46:34 - [TEST_STEP][PASSED] - delay(3): Delayed 3 second(s)

2022-12-23 13:46:37 - [MESSAGE][PASSED] - Delayed 3 second(s)

2022-12-23 13:46:37 - [TEST_STEP][PASSED] - setText(findTestObject("09-Settings/Users/input_email"), "autotester09@mailinator.com"): Text 'autotester09@mailinator.com' is set on object 'Object Repository/09-Settings/Users/input_email'

2022-12-23 13:46:40 - [MESSAGE][PASSED] - Text 'autotester09@mailinator.com' is set on object 'Object Repository/09-Settings/Users/input_email'

2022-12-23 13:46:40 - [TEST_STEP][PASSED] - setText(findTestObject("09-Settings/Users/input_firstName"), "GG"): Text 'GG' is set on object 'Object Repository/09-Settings/Users/input_firstName'

2022-12-23 13:46:41 - [MESSAGE][PASSED] - Text 'GG' is set on object 'Object Repository/09-Settings/Users/input_firstName'

2022-12-23 13:46:41 - [TEST_STEP][PASSED] - setText(findTestObject("09-Settings/Users/input_lastName"), "Client"): Text 'Client' is set on object 'Object Repository/09-Settings/Users/input_lastName'

2022-12-23 13:46:43 - [MESSAGE][PASSED] - Text 'Client' is set on object 'Object Repository/09-Settings/Users/input_lastName'

2022-12-23 13:46:43 - [TEST_STEP][PASSED] - click(findTestObject("09-Settings/Users/span_Role")): Object: 'Object Repository/09-Settings/Users/span_Role' is clicked on

2022-12-23 13:46:44 - [MESSAGE][PASSED] - Object: 'Object Repository/09-Settings/Users/span_Role' is clicked on

2022-12-23 13:46:44 - [TEST_STEP][PASSED] - click(findTestObject("09-Settings/Users/span_Client")): Object: 'Object Repository/09-Settings/Users/span_Client' is clicked on

2022-12-23 13:46:45 - [MESSAGE][PASSED] - Object: 'Object Repository/09-Settings/Users/span_Client' is clicked on

2022-12-23 13:46:45 - [TEST_STEP][PASSED] - click(findTestObject("09-Settings/Users/button_Send Invitation")): Object: 'Object Repository/09-Settings/Users/button_Send Invitation' is clicked on

2022-12-23 13:46:46 - [MESSAGE][PASSED] - Object: 'Object Repository/09-Settings/Users/button_Send Invitation' is clicked on

2022-12-23 13:46:46 - [TEST_STEP][PASSED] - delay(2): Delayed 2 second(s)

2022-12-23 13:46:48 - [MESSAGE][PASSED] - Delayed 2 second(s)

2022-12-23 13:46:48 - [TEST_STEP][PASSED] - verifyElementVisible(findTestObject("07-Directory/Connections/zContact Profile/Successfully invited user")): Object 'Object Repository/07-Directory/Connections/zContact Profile/Successfully invited user' is visible

2022-12-23 13:46:51 - [MESSAGE][PASSED] - Object 'Object Repository/07-Directory/Connections/zContact Profile/Successfully invited user' is visible

2022-12-23 13:46:51 - [TEST_STEP][PASSED] - delay(2): Delayed 2 second(s)

2022-12-23 13:46:53 - [MESSAGE][PASSED] - Delayed 2 second(s)

2022-12-23 13:46:53 - [TEST_STEP][PASSED] - click(findTestObject("01-Login and Forgot Password/User menu drop")): Object: 'Object Repository/01-Login and Forgot Password/User menu drop' is clicked on

2022-12-23 13:46:54 - [MESSAGE][PASSED] - Object: 'Object Repository/01-Login and Forgot Password/User menu drop' is clicked on

2022-12-23 13:46:54 - [TEST_STEP][PASSED] - delay(2): Delayed 2 second(s)

2022-12-23 13:46:56 - [MESSAGE][PASSED] - Delayed 2 second(s)

2022-12-23 13:46:56 - [TEST_STEP][PASSED] - click(findTestObject("01-Login and Forgot Password/h4_Sign Out"), STOP_ON_FAILURE): Object: 'Object Repository/01-Login and Forgot Password/h4_Sign Out' is clicked on

2022-12-23 13:46:57 - [MESSAGE][PASSED] - Object: 'Object Repository/01-Login and Forgot Password/h4_Sign Out' is clicked on

2022-12-23 13:46:57 - [TEST_STEP][PASSED] - delay(2): Delayed 2 second(s)

2022-12-23 13:46:59 - [MESSAGE][PASSED] - Delayed 2 second(s)

2022-12-23 13:46:59 - [TEST_STEP][PASSED] - verifyElementPresent(findTestObject("01-Login and Forgot Password/Login_Card"), 0): Object 'Object Repository/01-Login and Forgot Password/Login_Card' is present

2022-12-23 13:47:00 - [MESSAGE][WARNING] - Timeout '0' is invalid. Using default page load timeout: '30'

2022-12-23 13:47:00 - [MESSAGE][PASSED] - Object 'Object Repository/01-Login and Forgot Password/Login_Card' is present

2022-12-23 13:47:00 - [TEST_STEP][PASSED] - delay(3): Delayed 3 second(s)

2022-12-23 13:47:03 - [MESSAGE][PASSED] - Delayed 3 second(s)

2022-12-23 13:47:03 - [TEST_STEP][PASSED] - closeBrowser(): Browser is closed

2022-12-23 13:47:04 - [MESSAGE][PASSED] - Browser is closed

2022-12-23 13:47:04 - [TEST_STEP][PASSED] - openBrowser(""): Browser is opened with url: ''

2022-12-23 13:47:04 - [MESSAGE][INFO] - Starting 'Chrome' driver

2022-12-23 13:47:04 - [MESSAGE][INFO] - Action delay is set to 0 milliseconds

2022-12-23 13:47:07 - [MESSAGE][PASSED] - Browser is opened with url: ''

2022-12-23 13:47:07 - [TEST_STEP][PASSED] - navigateToUrl("https://lab.everleagues.com/"): Navigate to 'https://lab.everleagues.com/' successfully

2022-12-23 13:47:26 - [MESSAGE][PASSED] - Navigate to 'https://lab.everleagues.com/' successfully

2022-12-23 13:47:26 - [TEST_STEP][PASSED] - maximizeWindow(): Current window maximized

2022-12-23 13:47:26 - [MESSAGE][PASSED] - Current window maximized

2022-12-23 13:47:26 - [TEST_STEP][PASSED] - setText(findTestObject("02-Side Icons(Organization)/Add Contact/Email Field"), "autotester09@mailinator.com"): Text 'autotester09@mailinator.com' is set on object 'Object Repository/02-Side Icons(Organization)/Add Contact/Email Field'

2022-12-23 13:47:28 - [MESSAGE][PASSED] - Text 'autotester09@mailinator.com' is set on object 'Object Repository/02-Side Icons(Organization)/Add Contact/Email Field'

2022-12-23 13:47:28 - [TEST_STEP][PASSED] - setEncryptedText(findTestObject("02-Side Icons(Organization)/Add Contact/Password Field"), "8yFRyszE6U6jvsCn51OQbg=="): Text ****** has been set on object 'Object Repository/02-Side Icons(Organization)/Add Contact/Password Field'

2022-12-23 13:47:29 - [MESSAGE][PASSED] - Text ****** has been set on object 'Object Repository/02-Side Icons(Organization)/Add Contact/Password Field'

2022-12-23 13:47:29 - [TEST_STEP][PASSED] - click(findTestObject("02-Side Icons(Organization)/Add Contact/button_Sign in")): Object: 'Object Repository/02-Side Icons(Organization)/Add Contact/button_Sign in' is clicked on

2022-12-23 13:47:30 - [MESSAGE][PASSED] - Object: 'Object Repository/02-Side Icons(Organization)/Add Contact/button_Sign in' is clicked on

2022-12-23 13:47:30 - [TEST_STEP][PASSED] - delay(2): Delayed 2 second(s)

2022-12-23 13:47:32 - [MESSAGE][PASSED] - Delayed 2 second(s)

2022-12-23 13:47:32 - [TEST_STEP][PASSED] - click(findTestObject("06-Teams/For 2FA/button_Confirm_2FA")): Object: 'Object Repository/06-Teams/For 2FA/button_Confirm_2FA' is clicked on

2022-12-23 13:47:33 - [MESSAGE][PASSED] - Object: 'Object Repository/06-Teams/For 2FA/button_Confirm_2FA' is clicked on

2022-12-23 13:47:33 - [TEST_STEP][PASSED] - executeJavaScript("window.open();", []): Execute JavaScript 'window.open();' successfully

2022-12-23 13:47:33 - [MESSAGE][PASSED] - Execute JavaScript 'window.open();' successfully

2022-12-23 13:47:33 - [TEST_STEP][PASSED] - currentWindow = getWindowIndex(): Current window's index is: 0

2022-12-23 13:47:33 - [MESSAGE][PASSED] - Current window's index is: 0

2022-12-23 13:47:33 - [TEST_STEP][PASSED] - delay(3): Delayed 3 second(s)

2022-12-23 13:47:36 - [MESSAGE][PASSED] - Delayed 3 second(s)

2022-12-23 13:47:36 - [TEST_STEP][PASSED] - switchToWindowIndex(currentWindow + 1): Switched to window with index: '1'

2022-12-23 13:47:36 - [MESSAGE][PASSED] - Switched to window with index: '1'

2022-12-23 13:47:36 - [TEST_STEP][PASSED] - navigateToUrl("https://www.mailinator.com/"): Navigate to 'https://www.mailinator.com/' successfully

2022-12-23 13:47:44 - [MESSAGE][PASSED] - Navigate to 'https://www.mailinator.com/' successfully

2022-12-23 13:47:44 - [TEST_STEP][PASSED] - delay(3): Delayed 3 second(s)

2022-12-23 13:47:47 - [MESSAGE][PASSED] - Delayed 3 second(s)

2022-12-23 13:47:47 - [TEST_STEP][PASSED] - setText(findTestObject("00-Signup and Activation/zMailinator/input_LOGIN_search"), "autotester09@mailinator.com"): Text 'autotester09@mailinator.com' is set on object 'Object Repository/00-Signup and Activation/zMailinator/input_LOGIN_search'

2022-12-23 13:47:49 - [MESSAGE][PASSED] - Text 'autotester09@mailinator.com' is set on object 'Object Repository/00-Signup and Activation/zMailinator/input_LOGIN_search'

2022-12-23 13:47:49 - [TEST_STEP][PASSED] - click(findTestObject("00-Signup and Activation/zMailinator/gobutton"), STOP_ON_FAILURE): Object: 'Object Repository/00-Signup and Activation/zMailinator/gobutton' is clicked on

2022-12-23 13:47:53 - [MESSAGE][PASSED] - Object: 'Object Repository/00-Signup and Activation/zMailinator/gobutton' is clicked on

2022-12-23 13:47:53 - [TEST_STEP][PASSED] - delay(3): Delayed 3 second(s)

2022-12-23 13:47:56 - [MESSAGE][PASSED] - Delayed 3 second(s)

2022-12-23 13:47:56 - [TEST_STEP][PASSED] - click(findTestObject("00-Signup and Activation/zMailinator/Email - everleagues")): Object: 'Object Repository/00-Signup and Activation/zMailinator/Email - everleagues' is clicked on

2022-12-23 13:47:56 - [MESSAGE][PASSED] - Object: 'Object Repository/00-Signup and Activation/zMailinator/Email - everleagues' is clicked on

2022-12-23 13:47:56 - [TEST_STEP][PASSED] - delay(3): Delayed 3 second(s)

2022-12-23 13:47:59 - [MESSAGE][PASSED] - Delayed 3 second(s)

2022-12-23 13:47:59 - [TEST_STEP][PASSED] - codetwo = getText(findTestObject("Object Repository/06-Teams/For 2FA/2FA code")): Text of object 'Object Repository/06-Teams/For 2FA/2FA code' is: '408435'

2022-12-23 13:48:00 - [MESSAGE][PASSED] - Text of object 'Object Repository/06-Teams/For 2FA/2FA code' is: '408435'

2022-12-23 13:48:00 - [TEST_STEP][PASSED] - delay(3): Delayed 3 second(s)

2022-12-23 13:48:03 - [MESSAGE][PASSED] - Delayed 3 second(s)

2022-12-23 13:48:03 - [TEST_STEP][PASSED] - closeWindowTitle("Mailinator"): Window with title: 'Mailinator' is closed

2022-12-23 13:48:04 - [MESSAGE][PASSED] - Window with title: 'Mailinator' is closed

2022-12-23 13:48:04 - [TEST_STEP][PASSED] - delay(3): Delayed 3 second(s)

2022-12-23 13:48:07 - [MESSAGE][PASSED] - Delayed 3 second(s)

2022-12-23 13:48:07 - [TEST_STEP][PASSED] - switchToWindowIndex(0): Switched to window with index: '0'

2022-12-23 13:48:07 - [MESSAGE][PASSED] - Switched to window with index: '0'

2022-12-23 13:48:07 - [TEST_STEP][PASSED] - delay(3): Delayed 3 second(s)

2022-12-23 13:48:10 - [MESSAGE][PASSED] - Delayed 3 second(s)

2022-12-23 13:48:10 - [TEST_STEP][PASSED] - setText(findTestObject("Object Repository/06-Teams/For 2FA/input_Enter verification code_code"), codetwo): Text '408435' is set on object 'Object Repository/06-Teams/For 2FA/input_Enter verification code_code'

2022-12-23 13:48:11 - [MESSAGE][PASSED] - Text '408435' is set on object 'Object Repository/06-Teams/For 2FA/input_Enter verification code_code'

2022-12-23 13:48:11 - [TEST_STEP][PASSED] - delay(3): Delayed 3 second(s)

2022-12-23 13:48:15 - [MESSAGE][PASSED] - Delayed 3 second(s)

2022-12-23 13:48:15 - [TEST_STEP][PASSED] - click(findTestObject("06-Teams/For 2FA/button_Verify_2FA")): Object: 'Object Repository/06-Teams/For 2FA/button_Verify_2FA' is clicked on

2022-12-23 13:48:16 - [MESSAGE][PASSED] - Object: 'Object Repository/06-Teams/For 2FA/button_Verify_2FA' is clicked on

2022-12-23 13:48:16 - [TEST_STEP][PASSED] - delay(5): Delayed 5 second(s)

2022-12-23 13:48:21 - [MESSAGE][PASSED] - Delayed 5 second(s)

2022-12-23 13:48:21 - [TEST_STEP][PASSED] - executeJavaScript("window.open();", []): Execute JavaScript 'window.open();' successfully

2022-12-23 13:48:21 - [MESSAGE][PASSED] - Execute JavaScript 'window.open();' successfully

2022-12-23 13:48:21 - [TEST_STEP][PASSED] - currentWindow = getWindowIndex(): Current window's index is: 0

2022-12-23 13:48:21 - [MESSAGE][PASSED] - Current window's index is: 0

2022-12-23 13:48:21 - [TEST_STEP][PASSED] - delay(3): Delayed 3 second(s)

2022-12-23 13:48:24 - [MESSAGE][PASSED] - Delayed 3 second(s)

2022-12-23 13:48:24 - [TEST_STEP][PASSED] - switchToWindowIndex(currentWindow + 1): Switched to window with index: '1'

2022-12-23 13:48:24 - [MESSAGE][PASSED] - Switched to window with index: '1'

2022-12-23 13:48:24 - [TEST_STEP][PASSED] - navigateToUrl("https://www.mailinator.com/"): Navigate to 'https://www.mailinator.com/' successfully

2022-12-23 13:48:30 - [MESSAGE][PASSED] - Navigate to 'https://www.mailinator.com/' successfully

2022-12-23 13:48:30 - [TEST_STEP][PASSED] - delay(3): Delayed 3 second(s)

2022-12-23 13:48:33 - [MESSAGE][PASSED] - Delayed 3 second(s)

2022-12-23 13:48:33 - [TEST_STEP][PASSED] - setText(findTestObject("00-Signup and Activation/zMailinator/input_LOGIN_search"), "autotester09@mailinator.com"): Text 'autotester09@mailinator.com' is set on object 'Object Repository/00-Signup and Activation/zMailinator/input_LOGIN_search'

2022-12-23 13:48:34 - [MESSAGE][PASSED] - Text 'autotester09@mailinator.com' is set on object 'Object Repository/00-Signup and Activation/zMailinator/input_LOGIN_search'

2022-12-23 13:48:34 - [TEST_STEP][PASSED] - click(findTestObject("00-Signup and Activation/zMailinator/gobutton"), STOP_ON_FAILURE): Object: 'Object Repository/00-Signup and Activation/zMailinator/gobutton' is clicked on

2022-12-23 13:48:37 - [MESSAGE][PASSED] - Object: 'Object Repository/00-Signup and Activation/zMailinator/gobutton' is clicked on

2022-12-23 13:48:37 - [TEST_STEP][PASSED] - delay(3): Delayed 3 second(s)

2022-12-23 13:48:40 - [MESSAGE][PASSED] - Delayed 3 second(s)

2022-12-23 13:48:40 - [TEST_STEP][PASSED] - closeWindowTitle("Everleagues"): Window with title: 'Everleagues' is closed

2022-12-23 13:48:40 - [MESSAGE][PASSED] - Window with title: 'Everleagues' is closed

2022-12-23 13:48:40 - [TEST_STEP][PASSED] - switchToWindowIndex(0): Switched to window with index: '0'

2022-12-23 13:48:40 - [MESSAGE][PASSED] - Switched to window with index: '0'

2022-12-23 13:48:40 - [TEST_STEP][PASSED] - click(findTestObject("09-Settings/Users/Co worker/td_Invitation from GG Automation")): Object: 'Object Repository/09-Settings/Users/Co worker/td_Invitation from GG Automation' is clicked on

2022-12-23 13:48:41 - [MESSAGE][PASSED] - Object: 'Object Repository/09-Settings/Users/Co worker/td_Invitation from GG Automation' is clicked on

2022-12-23 13:48:41 - [TEST_STEP][PASSED] - click(findTestObject("09-Settings/Users/Co worker/a_Click here to join GG Automation on EverLeagues")): Object: 'Object Repository/09-Settings/Users/Co worker/a_Click here to join GG Automation on EverLeagues' is clicked on

2022-12-23 13:48:43 - [MESSAGE][PASSED] - Object: 'Object Repository/09-Settings/Users/Co worker/a_Click here to join GG Automation on EverLeagues' is clicked on

2022-12-23 13:48:43 - [TEST_STEP][PASSED] - closeWindowTitle("Mailinator"): Window with title: 'Mailinator' is closed

2022-12-23 13:48:43 - [MESSAGE][PASSED] - Window with title: 'Mailinator' is closed

2022-12-23 13:48:43 - [TEST_STEP][PASSED] - switchToWindowIndex(0): Switched to window with index: '0'

2022-12-23 13:48:43 - [MESSAGE][PASSED] - Switched to window with index: '0'

2022-12-23 13:48:43 - [TEST_STEP][PASSED] - verifyElementVisible(findTestObject("09-Settings/Users/Client/Invite modal")): Object 'Object Repository/09-Settings/Users/Client/Invite modal' is visible

2022-12-23 13:49:03 - [MESSAGE][PASSED] - Object 'Object Repository/09-Settings/Users/Client/Invite modal' is visible

2022-12-23 13:49:03 - [TEST_STEP][PASSED] - setText(findTestObject("09-Settings/Users/Client/Company field"), "QA Company"): Text 'QA Company' is set on object 'Object Repository/09-Settings/Users/Client/Company field'

2022-12-23 13:49:05 - [MESSAGE][PASSED] - Text 'QA Company' is set on object 'Object Repository/09-Settings/Users/Client/Company field'

2022-12-23 13:49:05 - [TEST_STEP][PASSED] - click(findTestObject("09-Settings/Users/Client/button_Accept")): Object: 'Object Repository/09-Settings/Users/Client/button_Accept' is clicked on

2022-12-23 13:49:06 - [MESSAGE][PASSED] - Object: 'Object Repository/09-Settings/Users/Client/button_Accept' is clicked on

2022-12-23 13:49:06 - [TEST_STEP][PASSED] - delay(5): Delayed 5 second(s)

2022-12-23 13:49:11 - [MESSAGE][PASSED] - Delayed 5 second(s)

2022-12-23 13:49:11 - [TEST_STEP][PASSED] - verifyElementVisible(findTestObject("09-Settings/Users/Client/div_Joined as CLIENT")): Object 'Object Repository/09-Settings/Users/Client/div_Joined as CLIENT' is visible

2022-12-23 13:49:14 - [MESSAGE][PASSED] - Object 'Object Repository/09-Settings/Users/Client/div_Joined as CLIENT' is visible

2022-12-23 13:49:14 - [TEST_STEP][PASSED] - delay(3): Delayed 3 second(s)

2022-12-23 13:49:17 - [MESSAGE][PASSED] - Delayed 3 second(s)

2022-12-23 13:49:17 - [TEST_STEP][PASSED] - closeBrowser(): Browser is closed

2022-12-23 13:49:19 - [MESSAGE][PASSED] - Browser is closed]]></system-out>
         <system-err><![CDATA[]]></system-err>
      </testcase>
      <testcase name="Test Cases/09-Settings/04 - Users (Invite new user as partner)" time="408.203" classname="Test Cases/09-Settings/04 - Users (Invite new user as partner)" status="PASSED">
         <system-out><![CDATA[2022-12-23 13:49:19 - [TEST_CASE][PASSED] - Test Cases/09-Settings/04 - Users (Invite new user as partner): Test Cases/09-Settings/04 - Users (Invite new user as partner)

2022-12-23 13:49:20 - [TEST_STEP][PASSED] - openBrowser(""): Browser is opened with url: ''

2022-12-23 13:49:21 - [MESSAGE][INFO] - Starting 'Chrome' driver

2022-12-23 13:49:21 - [MESSAGE][INFO] - Action delay is set to 0 milliseconds

2022-12-23 13:49:23 - [MESSAGE][PASSED] - Browser is opened with url: ''

2022-12-23 13:49:23 - [TEST_STEP][PASSED] - navigateToUrl("https://lab.everleagues.com/"): Navigate to 'https://lab.everleagues.com/' successfully

2022-12-23 13:52:03 - [MESSAGE][PASSED] - Navigate to 'https://lab.everleagues.com/' successfully

2022-12-23 13:52:03 - [TEST_STEP][PASSED] - maximizeWindow(): Current window maximized

2022-12-23 13:52:03 - [MESSAGE][PASSED] - Current window maximized

2022-12-23 13:52:03 - [TEST_STEP][PASSED] - setText(findTestObject("02-Side Icons(Organization)/Add Contact/Email Field"), "testuser02@mailinator.com"): Text 'testuser02@mailinator.com' is set on object 'Object Repository/02-Side Icons(Organization)/Add Contact/Email Field'

2022-12-23 13:52:05 - [MESSAGE][PASSED] - Text 'testuser02@mailinator.com' is set on object 'Object Repository/02-Side Icons(Organization)/Add Contact/Email Field'

2022-12-23 13:52:05 - [TEST_STEP][PASSED] - setEncryptedText(findTestObject("02-Side Icons(Organization)/Add Contact/Password Field"), "8yFRyszE6U6jvsCn51OQbg=="): Text ****** has been set on object 'Object Repository/02-Side Icons(Organization)/Add Contact/Password Field'

2022-12-23 13:52:05 - [MESSAGE][PASSED] - Text ****** has been set on object 'Object Repository/02-Side Icons(Organization)/Add Contact/Password Field'

2022-12-23 13:52:05 - [TEST_STEP][PASSED] - click(findTestObject("02-Side Icons(Organization)/Add Contact/button_Sign in")): Object: 'Object Repository/02-Side Icons(Organization)/Add Contact/button_Sign in' is clicked on

2022-12-23 13:52:06 - [MESSAGE][PASSED] - Object: 'Object Repository/02-Side Icons(Organization)/Add Contact/button_Sign in' is clicked on

2022-12-23 13:52:06 - [TEST_STEP][PASSED] - delay(2): Delayed 2 second(s)

2022-12-23 13:52:08 - [MESSAGE][PASSED] - Delayed 2 second(s)

2022-12-23 13:52:08 - [TEST_STEP][PASSED] - click(findTestObject("06-Teams/For 2FA/button_Confirm_2FA")): Object: 'Object Repository/06-Teams/For 2FA/button_Confirm_2FA' is clicked on

2022-12-23 13:52:09 - [MESSAGE][PASSED] - Object: 'Object Repository/06-Teams/For 2FA/button_Confirm_2FA' is clicked on

2022-12-23 13:52:09 - [TEST_STEP][PASSED] - executeJavaScript("window.open();", []): Execute JavaScript 'window.open();' successfully

2022-12-23 13:52:10 - [MESSAGE][PASSED] - Execute JavaScript 'window.open();' successfully

2022-12-23 13:52:10 - [TEST_STEP][PASSED] - currentWindow = getWindowIndex(): Current window's index is: 0

2022-12-23 13:52:10 - [MESSAGE][PASSED] - Current window's index is: 0

2022-12-23 13:52:10 - [TEST_STEP][PASSED] - delay(3): Delayed 3 second(s)

2022-12-23 13:52:13 - [MESSAGE][PASSED] - Delayed 3 second(s)

2022-12-23 13:52:13 - [TEST_STEP][PASSED] - switchToWindowIndex(currentWindow + 1): Switched to window with index: '1'

2022-12-23 13:52:13 - [MESSAGE][PASSED] - Switched to window with index: '1'

2022-12-23 13:52:13 - [TEST_STEP][PASSED] - navigateToUrl("https://www.mailinator.com/"): Navigate to 'https://www.mailinator.com/' successfully

2022-12-23 13:52:20 - [MESSAGE][PASSED] - Navigate to 'https://www.mailinator.com/' successfully

2022-12-23 13:52:20 - [TEST_STEP][PASSED] - delay(3): Delayed 3 second(s)

2022-12-23 13:52:23 - [MESSAGE][PASSED] - Delayed 3 second(s)

2022-12-23 13:52:23 - [TEST_STEP][PASSED] - setText(findTestObject("00-Signup and Activation/zMailinator/input_LOGIN_search"), "testuser02@mailinator.com"): Text 'testuser02@mailinator.com' is set on object 'Object Repository/00-Signup and Activation/zMailinator/input_LOGIN_search'

2022-12-23 13:52:25 - [MESSAGE][PASSED] - Text 'testuser02@mailinator.com' is set on object 'Object Repository/00-Signup and Activation/zMailinator/input_LOGIN_search'

2022-12-23 13:52:25 - [TEST_STEP][PASSED] - click(findTestObject("00-Signup and Activation/zMailinator/gobutton"), STOP_ON_FAILURE): Object: 'Object Repository/00-Signup and Activation/zMailinator/gobutton' is clicked on

2022-12-23 13:52:28 - [MESSAGE][PASSED] - Object: 'Object Repository/00-Signup and Activation/zMailinator/gobutton' is clicked on

2022-12-23 13:52:28 - [TEST_STEP][PASSED] - delay(3): Delayed 3 second(s)

2022-12-23 13:52:31 - [MESSAGE][PASSED] - Delayed 3 second(s)

2022-12-23 13:52:31 - [TEST_STEP][PASSED] - click(findTestObject("00-Signup and Activation/zMailinator/Email - everleagues")): Object: 'Object Repository/00-Signup and Activation/zMailinator/Email - everleagues' is clicked on

2022-12-23 13:52:32 - [MESSAGE][PASSED] - Object: 'Object Repository/00-Signup and Activation/zMailinator/Email - everleagues' is clicked on

2022-12-23 13:52:32 - [TEST_STEP][PASSED] - delay(3): Delayed 3 second(s)

2022-12-23 13:52:35 - [MESSAGE][PASSED] - Delayed 3 second(s)

2022-12-23 13:52:35 - [TEST_STEP][PASSED] - code = getText(findTestObject("Object Repository/06-Teams/For 2FA/2FA code")): Text of object 'Object Repository/06-Teams/For 2FA/2FA code' is: '282629'

2022-12-23 13:52:36 - [MESSAGE][PASSED] - Text of object 'Object Repository/06-Teams/For 2FA/2FA code' is: '282629'

2022-12-23 13:52:36 - [TEST_STEP][PASSED] - delay(3): Delayed 3 second(s)

2022-12-23 13:52:39 - [MESSAGE][PASSED] - Delayed 3 second(s)

2022-12-23 13:52:39 - [TEST_STEP][PASSED] - closeWindowTitle("Mailinator"): Window with title: 'Mailinator' is closed

2022-12-23 13:52:40 - [MESSAGE][PASSED] - Window with title: 'Mailinator' is closed

2022-12-23 13:52:40 - [TEST_STEP][PASSED] - delay(3): Delayed 3 second(s)

2022-12-23 13:52:43 - [MESSAGE][PASSED] - Delayed 3 second(s)

2022-12-23 13:52:43 - [TEST_STEP][PASSED] - switchToWindowIndex(0): Switched to window with index: '0'

2022-12-23 13:52:43 - [MESSAGE][PASSED] - Switched to window with index: '0'

2022-12-23 13:52:43 - [TEST_STEP][PASSED] - delay(3): Delayed 3 second(s)

2022-12-23 13:52:46 - [MESSAGE][PASSED] - Delayed 3 second(s)

2022-12-23 13:52:46 - [TEST_STEP][PASSED] - setText(findTestObject("Object Repository/06-Teams/For 2FA/input_Enter verification code_code"), code): Text '282629' is set on object 'Object Repository/06-Teams/For 2FA/input_Enter verification code_code'

2022-12-23 13:52:47 - [MESSAGE][PASSED] - Text '282629' is set on object 'Object Repository/06-Teams/For 2FA/input_Enter verification code_code'

2022-12-23 13:52:47 - [TEST_STEP][PASSED] - delay(3): Delayed 3 second(s)

2022-12-23 13:52:50 - [MESSAGE][PASSED] - Delayed 3 second(s)

2022-12-23 13:52:50 - [TEST_STEP][PASSED] - click(findTestObject("06-Teams/For 2FA/button_Verify_2FA")): Object: 'Object Repository/06-Teams/For 2FA/button_Verify_2FA' is clicked on

2022-12-23 13:52:51 - [MESSAGE][PASSED] - Object: 'Object Repository/06-Teams/For 2FA/button_Verify_2FA' is clicked on

2022-12-23 13:52:51 - [TEST_STEP][PASSED] - delay(5): Delayed 5 second(s)

2022-12-23 13:52:56 - [MESSAGE][PASSED] - Delayed 5 second(s)

2022-12-23 13:52:56 - [TEST_STEP][PASSED] - click(findTestObject("06-Teams/button_doublearrow")): Object: 'Object Repository/06-Teams/button_doublearrow' is clicked on

2022-12-23 13:52:57 - [MESSAGE][PASSED] - Object: 'Object Repository/06-Teams/button_doublearrow' is clicked on

2022-12-23 13:52:57 - [TEST_STEP][PASSED] - click(findTestObject("06-Teams/button_My Organizations")): Object: 'Object Repository/06-Teams/button_My Organizations' is clicked on

2022-12-23 13:52:58 - [MESSAGE][PASSED] - Object: 'Object Repository/06-Teams/button_My Organizations' is clicked on

2022-12-23 13:52:58 - [TEST_STEP][PASSED] - click(findTestObject("06-Teams/button_GG Automation")): Object: 'Object Repository/06-Teams/button_GG Automation' is clicked on

2022-12-23 13:53:00 - [MESSAGE][PASSED] - Object: 'Object Repository/06-Teams/button_GG Automation' is clicked on

2022-12-23 13:53:00 - [TEST_STEP][PASSED] - delay(4): Delayed 4 second(s)

2022-12-23 13:53:04 - [MESSAGE][PASSED] - Delayed 4 second(s)

2022-12-23 13:53:04 - [TEST_STEP][PASSED] - verifyElementVisible(findTestObject("06-Teams/span_GG Automation")): Object 'Object Repository/06-Teams/span_GG Automation' is visible

2022-12-23 13:53:04 - [MESSAGE][PASSED] - Object 'Object Repository/06-Teams/span_GG Automation' is visible

2022-12-23 13:53:04 - [TEST_STEP][PASSED] - delay(5): Delayed 5 second(s)

2022-12-23 13:53:09 - [MESSAGE][PASSED] - Delayed 5 second(s)

2022-12-23 13:53:09 - [TEST_STEP][PASSED] - click(findTestObject("03-Header Menu/Hamburger Button/div_Settings")): Object: 'Object Repository/03-Header Menu/Hamburger Button/div_Settings' is clicked on

2022-12-23 13:53:10 - [MESSAGE][PASSED] - Object: 'Object Repository/03-Header Menu/Hamburger Button/div_Settings' is clicked on

2022-12-23 13:53:10 - [TEST_STEP][PASSED] - delay(3): Delayed 3 second(s)

2022-12-23 13:53:13 - [MESSAGE][PASSED] - Delayed 3 second(s)

2022-12-23 13:53:13 - [TEST_STEP][PASSED] - scrollToElement(findTestObject("09-Settings/Users/div_Users"), 0): Scroll to object 'Object Repository/09-Settings/Users/div_Users' successfully

2022-12-23 13:53:14 - [MESSAGE][WARNING] - Timeout '0' is invalid. Using default page load timeout: '30'

2022-12-23 13:53:14 - [MESSAGE][PASSED] - Scroll to object 'Object Repository/09-Settings/Users/div_Users' successfully

2022-12-23 13:53:14 - [TEST_STEP][PASSED] - click(findTestObject("09-Settings/Users/div_Users")): Object: 'Object Repository/09-Settings/Users/div_Users' is clicked on

2022-12-23 13:53:16 - [MESSAGE][PASSED] - Object: 'Object Repository/09-Settings/Users/div_Users' is clicked on

2022-12-23 13:53:16 - [TEST_STEP][PASSED] - delay(3): Delayed 3 second(s)

2022-12-23 13:53:19 - [MESSAGE][PASSED] - Delayed 3 second(s)

2022-12-23 13:53:19 - [TEST_STEP][PASSED] - click(findTestObject("09-Settings/Users/button_add")): Object: 'Object Repository/09-Settings/Users/button_add' is clicked on

2022-12-23 13:53:20 - [MESSAGE][PASSED] - Object: 'Object Repository/09-Settings/Users/button_add' is clicked on

2022-12-23 13:53:20 - [TEST_STEP][PASSED] - delay(3): Delayed 3 second(s)

2022-12-23 13:53:23 - [MESSAGE][PASSED] - Delayed 3 second(s)

2022-12-23 13:53:23 - [TEST_STEP][PASSED] - click(findTestObject("09-Settings/Users/add Invite a single user")): Object: 'Object Repository/09-Settings/Users/add Invite a single user' is clicked on

2022-12-23 13:53:24 - [MESSAGE][PASSED] - Object: 'Object Repository/09-Settings/Users/add Invite a single user' is clicked on

2022-12-23 13:53:24 - [TEST_STEP][PASSED] - delay(3): Delayed 3 second(s)

2022-12-23 13:53:27 - [MESSAGE][PASSED] - Delayed 3 second(s)

2022-12-23 13:53:27 - [TEST_STEP][PASSED] - setText(findTestObject("09-Settings/Users/input_email"), "autotester10@mailinator.com"): Text 'autotester10@mailinator.com' is set on object 'Object Repository/09-Settings/Users/input_email'

2022-12-23 13:53:30 - [MESSAGE][PASSED] - Text 'autotester10@mailinator.com' is set on object 'Object Repository/09-Settings/Users/input_email'

2022-12-23 13:53:30 - [TEST_STEP][PASSED] - setText(findTestObject("09-Settings/Users/input_firstName"), "GG"): Text 'GG' is set on object 'Object Repository/09-Settings/Users/input_firstName'

2022-12-23 13:53:31 - [MESSAGE][PASSED] - Text 'GG' is set on object 'Object Repository/09-Settings/Users/input_firstName'

2022-12-23 13:53:31 - [TEST_STEP][PASSED] - setText(findTestObject("09-Settings/Users/input_lastName"), "Partner"): Text 'Partner' is set on object 'Object Repository/09-Settings/Users/input_lastName'

2022-12-23 13:53:33 - [MESSAGE][PASSED] - Text 'Partner' is set on object 'Object Repository/09-Settings/Users/input_lastName'

2022-12-23 13:53:33 - [TEST_STEP][PASSED] - click(findTestObject("09-Settings/Users/span_Role")): Object: 'Object Repository/09-Settings/Users/span_Role' is clicked on

2022-12-23 13:53:34 - [MESSAGE][PASSED] - Object: 'Object Repository/09-Settings/Users/span_Role' is clicked on

2022-12-23 13:53:34 - [TEST_STEP][PASSED] - click(findTestObject("09-Settings/Users/span_Partner")): Object: 'Object Repository/09-Settings/Users/span_Partner' is clicked on

2022-12-23 13:53:35 - [MESSAGE][PASSED] - Object: 'Object Repository/09-Settings/Users/span_Partner' is clicked on

2022-12-23 13:53:35 - [TEST_STEP][PASSED] - click(findTestObject("09-Settings/Users/button_Send Invitation")): Object: 'Object Repository/09-Settings/Users/button_Send Invitation' is clicked on

2022-12-23 13:53:36 - [MESSAGE][PASSED] - Object: 'Object Repository/09-Settings/Users/button_Send Invitation' is clicked on

2022-12-23 13:53:36 - [TEST_STEP][PASSED] - delay(2): Delayed 2 second(s)

2022-12-23 13:53:38 - [MESSAGE][PASSED] - Delayed 2 second(s)

2022-12-23 13:53:38 - [TEST_STEP][PASSED] - verifyElementVisible(findTestObject("07-Directory/Connections/zContact Profile/Successfully invited user")): Object 'Object Repository/07-Directory/Connections/zContact Profile/Successfully invited user' is visible

2022-12-23 13:53:40 - [MESSAGE][PASSED] - Object 'Object Repository/07-Directory/Connections/zContact Profile/Successfully invited user' is visible

2022-12-23 13:53:40 - [TEST_STEP][PASSED] - delay(2): Delayed 2 second(s)

2022-12-23 13:53:42 - [MESSAGE][PASSED] - Delayed 2 second(s)

2022-12-23 13:53:42 - [TEST_STEP][PASSED] - click(findTestObject("01-Login and Forgot Password/User menu drop")): Object: 'Object Repository/01-Login and Forgot Password/User menu drop' is clicked on

2022-12-23 13:53:43 - [MESSAGE][PASSED] - Object: 'Object Repository/01-Login and Forgot Password/User menu drop' is clicked on

2022-12-23 13:53:43 - [TEST_STEP][PASSED] - delay(2): Delayed 2 second(s)

2022-12-23 13:53:45 - [MESSAGE][PASSED] - Delayed 2 second(s)

2022-12-23 13:53:45 - [TEST_STEP][PASSED] - click(findTestObject("01-Login and Forgot Password/h4_Sign Out"), STOP_ON_FAILURE): Object: 'Object Repository/01-Login and Forgot Password/h4_Sign Out' is clicked on

2022-12-23 13:53:46 - [MESSAGE][PASSED] - Object: 'Object Repository/01-Login and Forgot Password/h4_Sign Out' is clicked on

2022-12-23 13:53:46 - [TEST_STEP][PASSED] - delay(2): Delayed 2 second(s)

2022-12-23 13:53:48 - [MESSAGE][PASSED] - Delayed 2 second(s)

2022-12-23 13:53:48 - [TEST_STEP][PASSED] - verifyElementPresent(findTestObject("01-Login and Forgot Password/Login_Card"), 0): Object 'Object Repository/01-Login and Forgot Password/Login_Card' is present

2022-12-23 13:53:49 - [MESSAGE][WARNING] - Timeout '0' is invalid. Using default page load timeout: '30'

2022-12-23 13:53:49 - [MESSAGE][PASSED] - Object 'Object Repository/01-Login and Forgot Password/Login_Card' is present

2022-12-23 13:53:49 - [TEST_STEP][PASSED] - delay(3): Delayed 3 second(s)

2022-12-23 13:53:52 - [MESSAGE][PASSED] - Delayed 3 second(s)

2022-12-23 13:53:52 - [TEST_STEP][PASSED] - closeBrowser(): Browser is closed

2022-12-23 13:53:54 - [MESSAGE][PASSED] - Browser is closed

2022-12-23 13:53:54 - [TEST_STEP][PASSED] - openBrowser(""): Browser is opened with url: ''

2022-12-23 13:53:54 - [MESSAGE][INFO] - Starting 'Chrome' driver

2022-12-23 13:53:54 - [MESSAGE][INFO] - Action delay is set to 0 milliseconds

2022-12-23 13:53:56 - [MESSAGE][PASSED] - Browser is opened with url: ''

2022-12-23 13:53:56 - [TEST_STEP][PASSED] - navigateToUrl("https://lab.everleagues.com/"): Navigate to 'https://lab.everleagues.com/' successfully

2022-12-23 13:54:16 - [MESSAGE][PASSED] - Navigate to 'https://lab.everleagues.com/' successfully

2022-12-23 13:54:16 - [TEST_STEP][PASSED] - maximizeWindow(): Current window maximized

2022-12-23 13:54:16 - [MESSAGE][PASSED] - Current window maximized

2022-12-23 13:54:16 - [TEST_STEP][PASSED] - setText(findTestObject("02-Side Icons(Organization)/Add Contact/Email Field"), "autotester10@mailinator.com"): Text 'autotester10@mailinator.com' is set on object 'Object Repository/02-Side Icons(Organization)/Add Contact/Email Field'

2022-12-23 13:54:17 - [MESSAGE][PASSED] - Text 'autotester10@mailinator.com' is set on object 'Object Repository/02-Side Icons(Organization)/Add Contact/Email Field'

2022-12-23 13:54:17 - [TEST_STEP][PASSED] - setEncryptedText(findTestObject("02-Side Icons(Organization)/Add Contact/Password Field"), "8yFRyszE6U6jvsCn51OQbg=="): Text ****** has been set on object 'Object Repository/02-Side Icons(Organization)/Add Contact/Password Field'

2022-12-23 13:54:19 - [MESSAGE][PASSED] - Text ****** has been set on object 'Object Repository/02-Side Icons(Organization)/Add Contact/Password Field'

2022-12-23 13:54:19 - [TEST_STEP][PASSED] - click(findTestObject("02-Side Icons(Organization)/Add Contact/button_Sign in")): Object: 'Object Repository/02-Side Icons(Organization)/Add Contact/button_Sign in' is clicked on

2022-12-23 13:54:21 - [MESSAGE][PASSED] - Object: 'Object Repository/02-Side Icons(Organization)/Add Contact/button_Sign in' is clicked on

2022-12-23 13:54:21 - [TEST_STEP][PASSED] - delay(2): Delayed 2 second(s)

2022-12-23 13:54:23 - [MESSAGE][PASSED] - Delayed 2 second(s)

2022-12-23 13:54:23 - [TEST_STEP][PASSED] - click(findTestObject("06-Teams/For 2FA/button_Confirm_2FA")): Object: 'Object Repository/06-Teams/For 2FA/button_Confirm_2FA' is clicked on

2022-12-23 13:54:24 - [MESSAGE][PASSED] - Object: 'Object Repository/06-Teams/For 2FA/button_Confirm_2FA' is clicked on

2022-12-23 13:54:24 - [TEST_STEP][PASSED] - executeJavaScript("window.open();", []): Execute JavaScript 'window.open();' successfully

2022-12-23 13:54:24 - [MESSAGE][PASSED] - Execute JavaScript 'window.open();' successfully

2022-12-23 13:54:24 - [TEST_STEP][PASSED] - currentWindow = getWindowIndex(): Current window's index is: 0

2022-12-23 13:54:24 - [MESSAGE][PASSED] - Current window's index is: 0

2022-12-23 13:54:24 - [TEST_STEP][PASSED] - delay(3): Delayed 3 second(s)

2022-12-23 13:54:27 - [MESSAGE][PASSED] - Delayed 3 second(s)

2022-12-23 13:54:27 - [TEST_STEP][PASSED] - switchToWindowIndex(currentWindow + 1): Switched to window with index: '1'

2022-12-23 13:54:27 - [MESSAGE][PASSED] - Switched to window with index: '1'

2022-12-23 13:54:27 - [TEST_STEP][PASSED] - navigateToUrl("https://www.mailinator.com/"): Navigate to 'https://www.mailinator.com/' successfully

2022-12-23 13:54:34 - [MESSAGE][PASSED] - Navigate to 'https://www.mailinator.com/' successfully

2022-12-23 13:54:34 - [TEST_STEP][PASSED] - delay(3): Delayed 3 second(s)

2022-12-23 13:54:37 - [MESSAGE][PASSED] - Delayed 3 second(s)

2022-12-23 13:54:37 - [TEST_STEP][PASSED] - setText(findTestObject("00-Signup and Activation/zMailinator/input_LOGIN_search"), "autotester10@mailinator.com"): Text 'autotester10@mailinator.com' is set on object 'Object Repository/00-Signup and Activation/zMailinator/input_LOGIN_search'

2022-12-23 13:54:38 - [MESSAGE][PASSED] - Text 'autotester10@mailinator.com' is set on object 'Object Repository/00-Signup and Activation/zMailinator/input_LOGIN_search'

2022-12-23 13:54:38 - [TEST_STEP][PASSED] - click(findTestObject("00-Signup and Activation/zMailinator/gobutton"), STOP_ON_FAILURE): Object: 'Object Repository/00-Signup and Activation/zMailinator/gobutton' is clicked on

2022-12-23 13:54:42 - [MESSAGE][PASSED] - Object: 'Object Repository/00-Signup and Activation/zMailinator/gobutton' is clicked on

2022-12-23 13:54:42 - [TEST_STEP][PASSED] - delay(3): Delayed 3 second(s)

2022-12-23 13:54:45 - [MESSAGE][PASSED] - Delayed 3 second(s)

2022-12-23 13:54:45 - [TEST_STEP][PASSED] - click(findTestObject("00-Signup and Activation/zMailinator/Email - everleagues")): Object: 'Object Repository/00-Signup and Activation/zMailinator/Email - everleagues' is clicked on

2022-12-23 13:54:46 - [MESSAGE][PASSED] - Object: 'Object Repository/00-Signup and Activation/zMailinator/Email - everleagues' is clicked on

2022-12-23 13:54:46 - [TEST_STEP][PASSED] - delay(3): Delayed 3 second(s)

2022-12-23 13:54:49 - [MESSAGE][PASSED] - Delayed 3 second(s)

2022-12-23 13:54:49 - [TEST_STEP][PASSED] - codetwo = getText(findTestObject("Object Repository/06-Teams/For 2FA/2FA code")): Text of object 'Object Repository/06-Teams/For 2FA/2FA code' is: '949386'

2022-12-23 13:54:50 - [MESSAGE][PASSED] - Text of object 'Object Repository/06-Teams/For 2FA/2FA code' is: '949386'

2022-12-23 13:54:50 - [TEST_STEP][PASSED] - delay(3): Delayed 3 second(s)

2022-12-23 13:54:53 - [MESSAGE][PASSED] - Delayed 3 second(s)

2022-12-23 13:54:53 - [TEST_STEP][PASSED] - closeWindowTitle("Mailinator"): Window with title: 'Mailinator' is closed

2022-12-23 13:54:53 - [MESSAGE][PASSED] - Window with title: 'Mailinator' is closed

2022-12-23 13:54:53 - [TEST_STEP][PASSED] - delay(3): Delayed 3 second(s)

2022-12-23 13:54:56 - [MESSAGE][PASSED] - Delayed 3 second(s)

2022-12-23 13:54:56 - [TEST_STEP][PASSED] - switchToWindowIndex(0): Switched to window with index: '0'

2022-12-23 13:54:56 - [MESSAGE][PASSED] - Switched to window with index: '0'

2022-12-23 13:54:56 - [TEST_STEP][PASSED] - delay(3): Delayed 3 second(s)

2022-12-23 13:54:59 - [MESSAGE][PASSED] - Delayed 3 second(s)

2022-12-23 13:54:59 - [TEST_STEP][PASSED] - setText(findTestObject("Object Repository/06-Teams/For 2FA/input_Enter verification code_code"), codetwo): Text '949386' is set on object 'Object Repository/06-Teams/For 2FA/input_Enter verification code_code'

2022-12-23 13:55:01 - [MESSAGE][PASSED] - Text '949386' is set on object 'Object Repository/06-Teams/For 2FA/input_Enter verification code_code'

2022-12-23 13:55:01 - [TEST_STEP][PASSED] - delay(3): Delayed 3 second(s)

2022-12-23 13:55:04 - [MESSAGE][PASSED] - Delayed 3 second(s)

2022-12-23 13:55:04 - [TEST_STEP][PASSED] - click(findTestObject("06-Teams/For 2FA/button_Verify_2FA")): Object: 'Object Repository/06-Teams/For 2FA/button_Verify_2FA' is clicked on

2022-12-23 13:55:05 - [MESSAGE][PASSED] - Object: 'Object Repository/06-Teams/For 2FA/button_Verify_2FA' is clicked on

2022-12-23 13:55:05 - [TEST_STEP][PASSED] - delay(5): Delayed 5 second(s)

2022-12-23 13:55:10 - [MESSAGE][PASSED] - Delayed 5 second(s)

2022-12-23 13:55:10 - [TEST_STEP][PASSED] - executeJavaScript("window.open();", []): Execute JavaScript 'window.open();' successfully

2022-12-23 13:55:10 - [MESSAGE][PASSED] - Execute JavaScript 'window.open();' successfully

2022-12-23 13:55:10 - [TEST_STEP][PASSED] - currentWindow = getWindowIndex(): Current window's index is: 0

2022-12-23 13:55:10 - [MESSAGE][PASSED] - Current window's index is: 0

2022-12-23 13:55:10 - [TEST_STEP][PASSED] - delay(3): Delayed 3 second(s)

2022-12-23 13:55:13 - [MESSAGE][PASSED] - Delayed 3 second(s)

2022-12-23 13:55:13 - [TEST_STEP][PASSED] - switchToWindowIndex(currentWindow + 1): Switched to window with index: '1'

2022-12-23 13:55:13 - [MESSAGE][PASSED] - Switched to window with index: '1'

2022-12-23 13:55:13 - [TEST_STEP][PASSED] - navigateToUrl("https://www.mailinator.com/"): Navigate to 'https://www.mailinator.com/' successfully

2022-12-23 13:55:18 - [MESSAGE][PASSED] - Navigate to 'https://www.mailinator.com/' successfully

2022-12-23 13:55:18 - [TEST_STEP][PASSED] - delay(3): Delayed 3 second(s)

2022-12-23 13:55:21 - [MESSAGE][PASSED] - Delayed 3 second(s)

2022-12-23 13:55:21 - [TEST_STEP][PASSED] - setText(findTestObject("00-Signup and Activation/zMailinator/input_LOGIN_search"), "autotester10@mailinator.com"): Text 'autotester10@mailinator.com' is set on object 'Object Repository/00-Signup and Activation/zMailinator/input_LOGIN_search'

2022-12-23 13:55:22 - [MESSAGE][PASSED] - Text 'autotester10@mailinator.com' is set on object 'Object Repository/00-Signup and Activation/zMailinator/input_LOGIN_search'

2022-12-23 13:55:22 - [TEST_STEP][PASSED] - click(findTestObject("00-Signup and Activation/zMailinator/gobutton"), STOP_ON_FAILURE): Object: 'Object Repository/00-Signup and Activation/zMailinator/gobutton' is clicked on

2022-12-23 13:55:26 - [MESSAGE][PASSED] - Object: 'Object Repository/00-Signup and Activation/zMailinator/gobutton' is clicked on

2022-12-23 13:55:26 - [TEST_STEP][PASSED] - delay(3): Delayed 3 second(s)

2022-12-23 13:55:29 - [MESSAGE][PASSED] - Delayed 3 second(s)

2022-12-23 13:55:29 - [TEST_STEP][PASSED] - closeWindowTitle("Everleagues"): Window with title: 'Everleagues' is closed

2022-12-23 13:55:29 - [MESSAGE][PASSED] - Window with title: 'Everleagues' is closed

2022-12-23 13:55:29 - [TEST_STEP][PASSED] - switchToWindowIndex(0): Switched to window with index: '0'

2022-12-23 13:55:29 - [MESSAGE][PASSED] - Switched to window with index: '0'

2022-12-23 13:55:29 - [TEST_STEP][PASSED] - click(findTestObject("09-Settings/Users/Co worker/td_Invitation from GG Automation")): Object: 'Object Repository/09-Settings/Users/Co worker/td_Invitation from GG Automation' is clicked on

2022-12-23 13:55:30 - [MESSAGE][PASSED] - Object: 'Object Repository/09-Settings/Users/Co worker/td_Invitation from GG Automation' is clicked on

2022-12-23 13:55:30 - [TEST_STEP][PASSED] - click(findTestObject("09-Settings/Users/Co worker/a_Click here to join GG Automation on EverLeagues")): Object: 'Object Repository/09-Settings/Users/Co worker/a_Click here to join GG Automation on EverLeagues' is clicked on

2022-12-23 13:55:32 - [MESSAGE][PASSED] - Object: 'Object Repository/09-Settings/Users/Co worker/a_Click here to join GG Automation on EverLeagues' is clicked on

2022-12-23 13:55:32 - [TEST_STEP][PASSED] - closeWindowTitle("Mailinator"): Window with title: 'Mailinator' is closed

2022-12-23 13:55:32 - [MESSAGE][PASSED] - Window with title: 'Mailinator' is closed

2022-12-23 13:55:32 - [TEST_STEP][PASSED] - switchToWindowIndex(0): Switched to window with index: '0'

2022-12-23 13:55:32 - [MESSAGE][PASSED] - Switched to window with index: '0'

2022-12-23 13:55:32 - [TEST_STEP][PASSED] - verifyElementVisible(findTestObject("09-Settings/Users/Client/Invite modal")): Object 'Object Repository/09-Settings/Users/Client/Invite modal' is visible

2022-12-23 13:55:52 - [MESSAGE][PASSED] - Object 'Object Repository/09-Settings/Users/Client/Invite modal' is visible

2022-12-23 13:55:52 - [TEST_STEP][PASSED] - setText(findTestObject("09-Settings/Users/Client/Company field"), "QA Company"): Text 'QA Company' is set on object 'Object Repository/09-Settings/Users/Client/Company field'

2022-12-23 13:55:54 - [MESSAGE][PASSED] - Text 'QA Company' is set on object 'Object Repository/09-Settings/Users/Client/Company field'

2022-12-23 13:55:54 - [TEST_STEP][PASSED] - click(findTestObject("09-Settings/Users/Client/button_Accept")): Object: 'Object Repository/09-Settings/Users/Client/button_Accept' is clicked on

2022-12-23 13:55:55 - [MESSAGE][PASSED] - Object: 'Object Repository/09-Settings/Users/Client/button_Accept' is clicked on

2022-12-23 13:55:55 - [TEST_STEP][PASSED] - delay(5): Delayed 5 second(s)

2022-12-23 13:56:00 - [MESSAGE][PASSED] - Delayed 5 second(s)

2022-12-23 13:56:00 - [TEST_STEP][PASSED] - verifyElementVisible(findTestObject("09-Settings/Users/div_Joined as Partner")): Object 'Object Repository/09-Settings/Users/div_Joined as Partner' is visible

2022-12-23 13:56:02 - [MESSAGE][PASSED] - Object 'Object Repository/09-Settings/Users/div_Joined as Partner' is visible

2022-12-23 13:56:02 - [TEST_STEP][PASSED] - delay(3): Delayed 3 second(s)

2022-12-23 13:56:05 - [MESSAGE][PASSED] - Delayed 3 second(s)

2022-12-23 13:56:05 - [TEST_STEP][PASSED] - closeBrowser(): Browser is closed

2022-12-23 13:56:07 - [MESSAGE][PASSED] - Browser is closed]]></system-out>
         <system-err><![CDATA[]]></system-err>
      </testcase>
      <testcase name="Test Cases/09-Settings/05 - Users (Invite batch of users via CSV file)" time="143.471" classname="Test Cases/09-Settings/05 - Users (Invite batch of users via CSV file)" status="PASSED">
         <system-out><![CDATA[2022-12-23 13:56:07 - [TEST_CASE][PASSED] - Test Cases/09-Settings/05 - Users (Invite batch of users via CSV file): Test Cases/09-Settings/05 - Users (Invite batch of users via CSV file)

2022-12-23 13:56:09 - [TEST_STEP][PASSED] - openBrowser(""): Browser is opened with url: ''

2022-12-23 13:56:09 - [MESSAGE][INFO] - Starting 'Chrome' driver

2022-12-23 13:56:09 - [MESSAGE][INFO] - Action delay is set to 0 milliseconds

2022-12-23 13:56:11 - [MESSAGE][PASSED] - Browser is opened with url: ''

2022-12-23 13:56:11 - [TEST_STEP][PASSED] - navigateToUrl("https://lab.everleagues.com/"): Navigate to 'https://lab.everleagues.com/' successfully

2022-12-23 13:56:31 - [MESSAGE][PASSED] - Navigate to 'https://lab.everleagues.com/' successfully

2022-12-23 13:56:31 - [TEST_STEP][PASSED] - maximizeWindow(): Current window maximized

2022-12-23 13:56:31 - [MESSAGE][PASSED] - Current window maximized

2022-12-23 13:56:31 - [TEST_STEP][PASSED] - setText(findTestObject("02-Side Icons(Organization)/Add Contact/Email Field"), "testuser02@mailinator.com"): Text 'testuser02@mailinator.com' is set on object 'Object Repository/02-Side Icons(Organization)/Add Contact/Email Field'

2022-12-23 13:56:33 - [MESSAGE][PASSED] - Text 'testuser02@mailinator.com' is set on object 'Object Repository/02-Side Icons(Organization)/Add Contact/Email Field'

2022-12-23 13:56:33 - [TEST_STEP][PASSED] - setEncryptedText(findTestObject("02-Side Icons(Organization)/Add Contact/Password Field"), "8yFRyszE6U6jvsCn51OQbg=="): Text ****** has been set on object 'Object Repository/02-Side Icons(Organization)/Add Contact/Password Field'

2022-12-23 13:56:34 - [MESSAGE][PASSED] - Text ****** has been set on object 'Object Repository/02-Side Icons(Organization)/Add Contact/Password Field'

2022-12-23 13:56:34 - [TEST_STEP][PASSED] - click(findTestObject("02-Side Icons(Organization)/Add Contact/button_Sign in")): Object: 'Object Repository/02-Side Icons(Organization)/Add Contact/button_Sign in' is clicked on

2022-12-23 13:56:35 - [MESSAGE][PASSED] - Object: 'Object Repository/02-Side Icons(Organization)/Add Contact/button_Sign in' is clicked on

2022-12-23 13:56:35 - [TEST_STEP][PASSED] - delay(2): Delayed 2 second(s)

2022-12-23 13:56:37 - [MESSAGE][PASSED] - Delayed 2 second(s)

2022-12-23 13:56:37 - [TEST_STEP][PASSED] - click(findTestObject("06-Teams/For 2FA/button_Confirm_2FA")): Object: 'Object Repository/06-Teams/For 2FA/button_Confirm_2FA' is clicked on

2022-12-23 13:56:38 - [MESSAGE][PASSED] - Object: 'Object Repository/06-Teams/For 2FA/button_Confirm_2FA' is clicked on

2022-12-23 13:56:38 - [TEST_STEP][PASSED] - executeJavaScript("window.open();", []): Execute JavaScript 'window.open();' successfully

2022-12-23 13:56:38 - [MESSAGE][PASSED] - Execute JavaScript 'window.open();' successfully

2022-12-23 13:56:38 - [TEST_STEP][PASSED] - currentWindow = getWindowIndex(): Current window's index is: 0

2022-12-23 13:56:38 - [MESSAGE][PASSED] - Current window's index is: 0

2022-12-23 13:56:38 - [TEST_STEP][PASSED] - delay(3): Delayed 3 second(s)

2022-12-23 13:56:41 - [MESSAGE][PASSED] - Delayed 3 second(s)

2022-12-23 13:56:41 - [TEST_STEP][PASSED] - switchToWindowIndex(currentWindow + 1): Switched to window with index: '1'

2022-12-23 13:56:41 - [MESSAGE][PASSED] - Switched to window with index: '1'

2022-12-23 13:56:41 - [TEST_STEP][PASSED] - navigateToUrl("https://www.mailinator.com/"): Navigate to 'https://www.mailinator.com/' successfully

2022-12-23 13:56:47 - [MESSAGE][PASSED] - Navigate to 'https://www.mailinator.com/' successfully

2022-12-23 13:56:47 - [TEST_STEP][PASSED] - delay(3): Delayed 3 second(s)

2022-12-23 13:56:50 - [MESSAGE][PASSED] - Delayed 3 second(s)

2022-12-23 13:56:50 - [TEST_STEP][PASSED] - setText(findTestObject("00-Signup and Activation/zMailinator/input_LOGIN_search"), "testuser02@mailinator.com"): Text 'testuser02@mailinator.com' is set on object 'Object Repository/00-Signup and Activation/zMailinator/input_LOGIN_search'

2022-12-23 13:56:51 - [MESSAGE][PASSED] - Text 'testuser02@mailinator.com' is set on object 'Object Repository/00-Signup and Activation/zMailinator/input_LOGIN_search'

2022-12-23 13:56:51 - [TEST_STEP][PASSED] - click(findTestObject("00-Signup and Activation/zMailinator/gobutton"), STOP_ON_FAILURE): Object: 'Object Repository/00-Signup and Activation/zMailinator/gobutton' is clicked on

2022-12-23 13:56:56 - [MESSAGE][PASSED] - Object: 'Object Repository/00-Signup and Activation/zMailinator/gobutton' is clicked on

2022-12-23 13:56:56 - [TEST_STEP][PASSED] - delay(3): Delayed 3 second(s)

2022-12-23 13:56:59 - [MESSAGE][PASSED] - Delayed 3 second(s)

2022-12-23 13:56:59 - [TEST_STEP][PASSED] - click(findTestObject("00-Signup and Activation/zMailinator/Email - everleagues")): Object: 'Object Repository/00-Signup and Activation/zMailinator/Email - everleagues' is clicked on

2022-12-23 13:57:00 - [MESSAGE][PASSED] - Object: 'Object Repository/00-Signup and Activation/zMailinator/Email - everleagues' is clicked on

2022-12-23 13:57:00 - [TEST_STEP][PASSED] - delay(3): Delayed 3 second(s)

2022-12-23 13:57:03 - [MESSAGE][PASSED] - Delayed 3 second(s)

2022-12-23 13:57:03 - [TEST_STEP][PASSED] - code = getText(findTestObject("Object Repository/06-Teams/For 2FA/2FA code")): Text of object 'Object Repository/06-Teams/For 2FA/2FA code' is: '686068'

2022-12-23 13:57:04 - [MESSAGE][PASSED] - Text of object 'Object Repository/06-Teams/For 2FA/2FA code' is: '686068'

2022-12-23 13:57:04 - [TEST_STEP][PASSED] - delay(3): Delayed 3 second(s)

2022-12-23 13:57:07 - [MESSAGE][PASSED] - Delayed 3 second(s)

2022-12-23 13:57:07 - [TEST_STEP][PASSED] - closeWindowTitle("Mailinator"): Window with title: 'Mailinator' is closed

2022-12-23 13:57:08 - [MESSAGE][PASSED] - Window with title: 'Mailinator' is closed

2022-12-23 13:57:08 - [TEST_STEP][PASSED] - delay(3): Delayed 3 second(s)

2022-12-23 13:57:11 - [MESSAGE][PASSED] - Delayed 3 second(s)

2022-12-23 13:57:11 - [TEST_STEP][PASSED] - switchToWindowIndex(0): Switched to window with index: '0'

2022-12-23 13:57:11 - [MESSAGE][PASSED] - Switched to window with index: '0'

2022-12-23 13:57:11 - [TEST_STEP][PASSED] - delay(3): Delayed 3 second(s)

2022-12-23 13:57:14 - [MESSAGE][PASSED] - Delayed 3 second(s)

2022-12-23 13:57:14 - [TEST_STEP][PASSED] - setText(findTestObject("Object Repository/06-Teams/For 2FA/input_Enter verification code_code"), code): Text '686068' is set on object 'Object Repository/06-Teams/For 2FA/input_Enter verification code_code'

2022-12-23 13:57:15 - [MESSAGE][PASSED] - Text '686068' is set on object 'Object Repository/06-Teams/For 2FA/input_Enter verification code_code'

2022-12-23 13:57:15 - [TEST_STEP][PASSED] - delay(3): Delayed 3 second(s)

2022-12-23 13:57:18 - [MESSAGE][PASSED] - Delayed 3 second(s)

2022-12-23 13:57:18 - [TEST_STEP][PASSED] - click(findTestObject("06-Teams/For 2FA/button_Verify_2FA")): Object: 'Object Repository/06-Teams/For 2FA/button_Verify_2FA' is clicked on

2022-12-23 13:57:20 - [MESSAGE][PASSED] - Object: 'Object Repository/06-Teams/For 2FA/button_Verify_2FA' is clicked on

2022-12-23 13:57:20 - [TEST_STEP][PASSED] - delay(5): Delayed 5 second(s)

2022-12-23 13:57:25 - [MESSAGE][PASSED] - Delayed 5 second(s)

2022-12-23 13:57:25 - [TEST_STEP][PASSED] - click(findTestObject("06-Teams/button_doublearrow")): Object: 'Object Repository/06-Teams/button_doublearrow' is clicked on

2022-12-23 13:57:27 - [MESSAGE][PASSED] - Object: 'Object Repository/06-Teams/button_doublearrow' is clicked on

2022-12-23 13:57:27 - [TEST_STEP][PASSED] - click(findTestObject("06-Teams/button_My Organizations")): Object: 'Object Repository/06-Teams/button_My Organizations' is clicked on

2022-12-23 13:57:28 - [MESSAGE][PASSED] - Object: 'Object Repository/06-Teams/button_My Organizations' is clicked on

2022-12-23 13:57:28 - [TEST_STEP][PASSED] - click(findTestObject("06-Teams/button_GG Automation")): Object: 'Object Repository/06-Teams/button_GG Automation' is clicked on

2022-12-23 13:57:30 - [MESSAGE][PASSED] - Object: 'Object Repository/06-Teams/button_GG Automation' is clicked on

2022-12-23 13:57:30 - [TEST_STEP][PASSED] - delay(4): Delayed 4 second(s)

2022-12-23 13:57:34 - [MESSAGE][PASSED] - Delayed 4 second(s)

2022-12-23 13:57:34 - [TEST_STEP][PASSED] - verifyElementVisible(findTestObject("06-Teams/span_GG Automation")): Object 'Object Repository/06-Teams/span_GG Automation' is visible

2022-12-23 13:57:35 - [MESSAGE][PASSED] - Object 'Object Repository/06-Teams/span_GG Automation' is visible

2022-12-23 13:57:35 - [TEST_STEP][PASSED] - delay(5): Delayed 5 second(s)

2022-12-23 13:57:40 - [MESSAGE][PASSED] - Delayed 5 second(s)

2022-12-23 13:57:40 - [TEST_STEP][PASSED] - click(findTestObject("03-Header Menu/Hamburger Button/div_Settings")): Object: 'Object Repository/03-Header Menu/Hamburger Button/div_Settings' is clicked on

2022-12-23 13:57:40 - [MESSAGE][PASSED] - Object: 'Object Repository/03-Header Menu/Hamburger Button/div_Settings' is clicked on

2022-12-23 13:57:40 - [TEST_STEP][PASSED] - delay(3): Delayed 3 second(s)

2022-12-23 13:57:43 - [MESSAGE][PASSED] - Delayed 3 second(s)

2022-12-23 13:57:43 - [TEST_STEP][PASSED] - scrollToElement(findTestObject("09-Settings/Users/div_Users"), 0): Scroll to object 'Object Repository/09-Settings/Users/div_Users' successfully

2022-12-23 13:57:44 - [MESSAGE][WARNING] - Timeout '0' is invalid. Using default page load timeout: '30'

2022-12-23 13:57:44 - [MESSAGE][PASSED] - Scroll to object 'Object Repository/09-Settings/Users/div_Users' successfully

2022-12-23 13:57:44 - [TEST_STEP][PASSED] - click(findTestObject("09-Settings/Users/div_Users")): Object: 'Object Repository/09-Settings/Users/div_Users' is clicked on

2022-12-23 13:57:47 - [MESSAGE][PASSED] - Object: 'Object Repository/09-Settings/Users/div_Users' is clicked on

2022-12-23 13:57:47 - [TEST_STEP][PASSED] - delay(3): Delayed 3 second(s)

2022-12-23 13:57:50 - [MESSAGE][PASSED] - Delayed 3 second(s)

2022-12-23 13:57:50 - [TEST_STEP][PASSED] - click(findTestObject("09-Settings/Users/button_add")): Object: 'Object Repository/09-Settings/Users/button_add' is clicked on

2022-12-23 13:57:51 - [MESSAGE][PASSED] - Object: 'Object Repository/09-Settings/Users/button_add' is clicked on

2022-12-23 13:57:51 - [TEST_STEP][PASSED] - delay(3): Delayed 3 second(s)

2022-12-23 13:57:54 - [MESSAGE][PASSED] - Delayed 3 second(s)

2022-12-23 13:57:54 - [TEST_STEP][PASSED] - click(findTestObject("09-Settings/Users/Invite batch of users via CSV file")): Object: 'Object Repository/09-Settings/Users/Invite batch of users via CSV file' is clicked on

2022-12-23 13:57:55 - [MESSAGE][PASSED] - Object: 'Object Repository/09-Settings/Users/Invite batch of users via CSV file' is clicked on

2022-12-23 13:57:55 - [TEST_STEP][PASSED] - verifyElementVisible(findTestObject("09-Settings/Users/CSV Invite/Import CSV File modal")): Object 'Object Repository/09-Settings/Users/CSV Invite/Import CSV File modal' is visible

2022-12-23 13:57:56 - [MESSAGE][PASSED] - Object 'Object Repository/09-Settings/Users/CSV Invite/Import CSV File modal' is visible

2022-12-23 13:57:56 - [TEST_STEP][PASSED] - verifyElementNotClickable(findTestObject("09-Settings/Users/CSV Invite/button_Import")): Object 'Object Repository/09-Settings/Users/CSV Invite/button_Import' is NOT clickable

2022-12-23 13:57:57 - [MESSAGE][PASSED] - Object 'Object Repository/09-Settings/Users/CSV Invite/button_Import' is NOT clickable

2022-12-23 13:57:57 - [TEST_STEP][PASSED] - delay(3): Delayed 3 second(s)

2022-12-23 13:58:00 - [MESSAGE][PASSED] - Delayed 3 second(s)

2022-12-23 13:58:00 - [TEST_STEP][PASSED] - uploadpackage.Upload.uploadFile(findTestObject("Object Repository/09-Settings/Users/CSV Invite/button_Choose File"), "C:\Users\asus\Desktop\EL automation\sample csv.csv"): uploadpackage.Upload.uploadFile is PASSED

2022-12-23 13:58:01 - [MESSAGE][PASSED] - Object: 'Object Repository/09-Settings/Users/CSV Invite/button_Choose File' is clicked on

2022-12-23 13:58:02 - [MESSAGE][PASSED] - uploadpackage.Upload.uploadFile is PASSED

2022-12-23 13:58:02 - [TEST_STEP][PASSED] - delay(3): Delayed 3 second(s)

2022-12-23 13:58:05 - [MESSAGE][PASSED] - Delayed 3 second(s)

2022-12-23 13:58:05 - [TEST_STEP][PASSED] - verifyElementVisible(findTestObject("09-Settings/Users/CSV Invite/div_Sample csv.csv")): Object 'Object Repository/09-Settings/Users/CSV Invite/div_Sample csv.csv' is visible

2022-12-23 13:58:07 - [MESSAGE][PASSED] - Object 'Object Repository/09-Settings/Users/CSV Invite/div_Sample csv.csv' is visible

2022-12-23 13:58:07 - [TEST_STEP][PASSED] - click(findTestObject("09-Settings/Users/CSV Invite/button_Import")): Object: 'Object Repository/09-Settings/Users/CSV Invite/button_Import' is clicked on

2022-12-23 13:58:08 - [MESSAGE][PASSED] - Object: 'Object Repository/09-Settings/Users/CSV Invite/button_Import' is clicked on

2022-12-23 13:58:08 - [TEST_STEP][PASSED] - delay(5): Delayed 5 second(s)

2022-12-23 13:58:13 - [MESSAGE][PASSED] - Delayed 5 second(s)

2022-12-23 13:58:13 - [TEST_STEP][PASSED] - verifyElementVisible(findTestObject("09-Settings/Users/CSV Invite/Success import modal")): Object 'Object Repository/09-Settings/Users/CSV Invite/Success import modal' is visible

2022-12-23 13:58:14 - [MESSAGE][PASSED] - Object 'Object Repository/09-Settings/Users/CSV Invite/Success import modal' is visible

2022-12-23 13:58:14 - [TEST_STEP][PASSED] - click(findTestObject("09-Settings/Users/CSV Invite/button_Close")): Object: 'Object Repository/09-Settings/Users/CSV Invite/button_Close' is clicked on

2022-12-23 13:58:14 - [MESSAGE][PASSED] - Object: 'Object Repository/09-Settings/Users/CSV Invite/button_Close' is clicked on

2022-12-23 13:58:14 - [TEST_STEP][PASSED] - click(findTestObject("09-Settings/Users/CSV Invite/Invited Users tab")): Object: 'Object Repository/09-Settings/Users/CSV Invite/Invited Users tab' is clicked on

2022-12-23 13:58:16 - [MESSAGE][PASSED] - Object: 'Object Repository/09-Settings/Users/CSV Invite/Invited Users tab' is clicked on

2022-12-23 13:58:16 - [TEST_STEP][PASSED] - delay(3): Delayed 3 second(s)

2022-12-23 13:58:19 - [MESSAGE][PASSED] - Delayed 3 second(s)

2022-12-23 13:58:19 - [TEST_STEP][PASSED] - verifyElementVisible(findTestObject("09-Settings/Users/CSV Invite/div_CTCSV test3")): Object 'Object Repository/09-Settings/Users/CSV Invite/div_CTCSV test3' is visible

2022-12-23 13:58:20 - [MESSAGE][PASSED] - Object 'Object Repository/09-Settings/Users/CSV Invite/div_CTCSV test3' is visible

2022-12-23 13:58:20 - [TEST_STEP][PASSED] - verifyElementVisible(findTestObject("09-Settings/Users/CSV Invite/div_autotester08mailinator.com")): Object 'Object Repository/09-Settings/Users/CSV Invite/div_autotester08mailinator.com' is visible

2022-12-23 13:58:20 - [MESSAGE][PASSED] - Object 'Object Repository/09-Settings/Users/CSV Invite/div_autotester08mailinator.com' is visible

2022-12-23 13:58:20 - [TEST_STEP][PASSED] - verifyElementVisible(findTestObject("09-Settings/Users/CSV Invite/div_Partner")): Object 'Object Repository/09-Settings/Users/CSV Invite/div_Partner' is visible

2022-12-23 13:58:21 - [MESSAGE][PASSED] - Object 'Object Repository/09-Settings/Users/CSV Invite/div_Partner' is visible

2022-12-23 13:58:21 - [TEST_STEP][PASSED] - verifyElementVisible(findTestObject("09-Settings/Users/CSV Invite/div_CTCSV test2")): Object 'Object Repository/09-Settings/Users/CSV Invite/div_CTCSV test2' is visible

2022-12-23 13:58:22 - [MESSAGE][PASSED] - Object 'Object Repository/09-Settings/Users/CSV Invite/div_CTCSV test2' is visible

2022-12-23 13:58:22 - [TEST_STEP][PASSED] - verifyElementVisible(findTestObject("09-Settings/Users/CSV Invite/div_autotester07mailinator.com")): Object 'Object Repository/09-Settings/Users/CSV Invite/div_autotester07mailinator.com' is visible

2022-12-23 13:58:23 - [MESSAGE][PASSED] - Object 'Object Repository/09-Settings/Users/CSV Invite/div_autotester07mailinator.com' is visible

2022-12-23 13:58:23 - [TEST_STEP][PASSED] - verifyElementVisible(findTestObject("09-Settings/Users/CSV Invite/div_Client")): Object 'Object Repository/09-Settings/Users/CSV Invite/div_Client' is visible

2022-12-23 13:58:24 - [MESSAGE][PASSED] - Object 'Object Repository/09-Settings/Users/CSV Invite/div_Client' is visible

2022-12-23 13:58:24 - [TEST_STEP][PASSED] - verifyElementVisible(findTestObject("09-Settings/Users/CSV Invite/div_CTCSV test1")): Object 'Object Repository/09-Settings/Users/CSV Invite/div_CTCSV test1' is visible

2022-12-23 13:58:24 - [MESSAGE][PASSED] - Object 'Object Repository/09-Settings/Users/CSV Invite/div_CTCSV test1' is visible

2022-12-23 13:58:24 - [TEST_STEP][PASSED] - verifyElementVisible(findTestObject("09-Settings/Users/CSV Invite/div_autotester06mailinator.com")): Object 'Object Repository/09-Settings/Users/CSV Invite/div_autotester06mailinator.com' is visible

2022-12-23 13:58:25 - [MESSAGE][PASSED] - Object 'Object Repository/09-Settings/Users/CSV Invite/div_autotester06mailinator.com' is visible

2022-12-23 13:58:25 - [TEST_STEP][PASSED] - verifyElementVisible(findTestObject("09-Settings/Users/CSV Invite/div_Coworker")): Object 'Object Repository/09-Settings/Users/CSV Invite/div_Coworker' is visible

2022-12-23 13:58:26 - [MESSAGE][PASSED] - Object 'Object Repository/09-Settings/Users/CSV Invite/div_Coworker' is visible

2022-12-23 13:58:26 - [TEST_STEP][PASSED] - delay(3): Delayed 3 second(s)

2022-12-23 13:58:29 - [MESSAGE][PASSED] - Delayed 3 second(s)

2022-12-23 13:58:29 - [TEST_STEP][PASSED] - closeBrowser(): Browser is closed

2022-12-23 13:58:30 - [MESSAGE][PASSED] - Browser is closed]]></system-out>
         <system-err><![CDATA[]]></system-err>
      </testcase>
      <system-out><![CDATA[2022-12-23 13:35:36 - [TEST_SUITE][PASSED] - 09.1 - Settings (Invite users): Test Cases/09-Settings/05 - Users (Invite batch of users via CSV file)]]></system-out>
      <system-err><![CDATA[]]></system-err>
   </testsuite>
</testsuites>
