<?xml version="1.0" encoding="UTF-8"?>
<testsuites name="03-Header Menu" time="674.639" tests="18" failures="0" errors="0">
   <testsuite name="03-Header Menu" tests="18" failures="0" errors="0" time="674.639" skipped="0" timestamp="2022-11-16 15:41:54" hostname="User - DESKTOP-QCRNR4M" id="Test Suites/TS-Organization/03-Header Menu">
      <properties>
         <property name="deviceName" value=""/>
         <property name="devicePlatform" value=""/>
         <property name="logFolder" value="C:\\Users\\User\\Katalon Studio\\EverleaguesMain\\Reports\\20221116_154151\\TS-Organization\\03-Header Menu\\20221116_154151"/>
         <property name="logFiles" value="C:\\Users\\User\\Katalon Studio\\EverleaguesMain\\Reports\\20221116_154151\\TS-Organization\\03-Header Menu\\20221116_154151\\execution0.log"/>
         <property name="attachments" value=""/>
         <property name="hostName" value="User - DESKTOP-QCRNR4M"/>
         <property name="os" value="Windows 10 64bit"/>
         <property name="katalonVersion" value="8.4.1.208"/>
         <property name="browser" value="Chrome 107.0.0.0"/>
         <property name="hostAddress" value="192.168.5.124"/>
         <property name="sessionId" value="46d583e5f5d42c119f5a5c77db5de571"/>
         <property name="seleniumVersion" value="3.141.59"/>
         <property name="proxyInformation" value="ProxyInformation { proxyOption=NO_PROXY, proxyServerType=HTTP, username=, password=********, proxyServerAddress=, proxyServerPort=0, executionList=&quot;&quot;, isApplyToDesiredCapabilities=true }"/>
         <property name="platform" value="Windows 10"/>
      </properties>
      <testcase name="Test Cases/03-Header Menu/01- Hamburger Button" time="93.671" classname="Test Cases/03-Header Menu/01- Hamburger Button" status="PASSED">
         <system-out><![CDATA[2022-11-16 15:41:54 - [TEST_CASE][PASSED] - Test Cases/03-Header Menu/01- Hamburger Button: Test Cases/03-Header Menu/01- Hamburger Button

2022-11-16 15:41:55 - [TEST_STEP][PASSED] - openBrowser(""): Browser is opened with url: ''

2022-11-16 15:41:55 - [MESSAGE][INFO] - Starting 'Chrome' driver

2022-11-16 15:41:55 - [MESSAGE][INFO] - Action delay is set to 0 milliseconds

2022-11-16 15:41:57 - [MESSAGE][PASSED] - Browser is opened with url: ''

2022-11-16 15:41:57 - [TEST_STEP][PASSED] - navigateToUrl("https://lab.everleagues.com/login?returnUrl=%2Fmain%2Fdashboard"): Navigate to 'https://lab.everleagues.com/login?returnUrl=%2Fmain%2Fdashboard' successfully

2022-11-16 15:42:23 - [MESSAGE][PASSED] - Navigate to 'https://lab.everleagues.com/login?returnUrl=%2Fmain%2Fdashboard' successfully

2022-11-16 15:42:23 - [TEST_STEP][PASSED] - maximizeWindow(): Current window maximized

2022-11-16 15:42:23 - [MESSAGE][PASSED] - Current window maximized

2022-11-16 15:42:23 - [TEST_STEP][PASSED] - setText(findTestObject("02-Side Icons(Organization)/Add Contact/Email Field"), "testuser01@mailinator.com"): Text 'testuser01@mailinator.com' is set on object 'Object Repository/02-Side Icons(Organization)/Add Contact/Email Field'

2022-11-16 15:42:24 - [MESSAGE][PASSED] - Text 'testuser01@mailinator.com' is set on object 'Object Repository/02-Side Icons(Organization)/Add Contact/Email Field'

2022-11-16 15:42:24 - [TEST_STEP][PASSED] - setEncryptedText(findTestObject("02-Side Icons(Organization)/Add Contact/Password Field"), "8yFRyszE6U6jvsCn51OQbg=="): Text ****** has been set on object 'Object Repository/02-Side Icons(Organization)/Add Contact/Password Field'

2022-11-16 15:42:24 - [MESSAGE][PASSED] - Text ****** has been set on object 'Object Repository/02-Side Icons(Organization)/Add Contact/Password Field'

2022-11-16 15:42:24 - [TEST_STEP][PASSED] - click(findTestObject("02-Side Icons(Organization)/Add Contact/button_Sign in")): Object: 'Object Repository/02-Side Icons(Organization)/Add Contact/button_Sign in' is clicked on

2022-11-16 15:42:25 - [MESSAGE][PASSED] - Object: 'Object Repository/02-Side Icons(Organization)/Add Contact/button_Sign in' is clicked on

2022-11-16 15:42:25 - [TEST_STEP][PASSED] - delay(2): Delayed 2 second(s)

2022-11-16 15:42:27 - [MESSAGE][PASSED] - Delayed 2 second(s)

2022-11-16 15:42:27 - [TEST_STEP][PASSED] - click(findTestObject("06-Teams/For 2FA/button_Confirm_2FA")): Object: 'Object Repository/06-Teams/For 2FA/button_Confirm_2FA' is clicked on

2022-11-16 15:42:27 - [MESSAGE][PASSED] - Object: 'Object Repository/06-Teams/For 2FA/button_Confirm_2FA' is clicked on

2022-11-16 15:42:27 - [TEST_STEP][PASSED] - executeJavaScript("window.open();", []): Execute JavaScript 'window.open();' successfully

2022-11-16 15:42:27 - [MESSAGE][PASSED] - Execute JavaScript 'window.open();' successfully

2022-11-16 15:42:27 - [TEST_STEP][PASSED] - currentWindow = getWindowIndex(): Current window's index is: 0

2022-11-16 15:42:27 - [MESSAGE][PASSED] - Current window's index is: 0

2022-11-16 15:42:27 - [TEST_STEP][PASSED] - delay(3): Delayed 3 second(s)

2022-11-16 15:42:30 - [MESSAGE][PASSED] - Delayed 3 second(s)

2022-11-16 15:42:30 - [TEST_STEP][PASSED] - switchToWindowIndex(currentWindow + 1): Switched to window with index: '1'

2022-11-16 15:42:30 - [MESSAGE][PASSED] - Switched to window with index: '1'

2022-11-16 15:42:30 - [TEST_STEP][PASSED] - navigateToUrl("https://www.mailinator.com/"): Navigate to 'https://www.mailinator.com/' successfully

2022-11-16 15:42:32 - [MESSAGE][PASSED] - Navigate to 'https://www.mailinator.com/' successfully

2022-11-16 15:42:32 - [TEST_STEP][PASSED] - delay(3): Delayed 3 second(s)

2022-11-16 15:42:35 - [MESSAGE][PASSED] - Delayed 3 second(s)

2022-11-16 15:42:35 - [TEST_STEP][PASSED] - setText(findTestObject("00-Signup and Activation/zMailinator/input_LOGIN_search"), "testuser01@mailinator.com"): Text 'testuser01@mailinator.com' is set on object 'Object Repository/00-Signup and Activation/zMailinator/input_LOGIN_search'

2022-11-16 15:42:36 - [MESSAGE][PASSED] - Text 'testuser01@mailinator.com' is set on object 'Object Repository/00-Signup and Activation/zMailinator/input_LOGIN_search'

2022-11-16 15:42:36 - [TEST_STEP][PASSED] - click(findTestObject("00-Signup and Activation/zMailinator/gobutton"), STOP_ON_FAILURE): Object: 'Object Repository/00-Signup and Activation/zMailinator/gobutton' is clicked on

2022-11-16 15:42:38 - [MESSAGE][PASSED] - Object: 'Object Repository/00-Signup and Activation/zMailinator/gobutton' is clicked on

2022-11-16 15:42:38 - [TEST_STEP][PASSED] - delay(3): Delayed 3 second(s)

2022-11-16 15:42:41 - [MESSAGE][PASSED] - Delayed 3 second(s)

2022-11-16 15:42:41 - [TEST_STEP][PASSED] - click(findTestObject("00-Signup and Activation/zMailinator/Email - everleagues")): Object: 'Object Repository/00-Signup and Activation/zMailinator/Email - everleagues' is clicked on

2022-11-16 15:42:41 - [MESSAGE][PASSED] - Object: 'Object Repository/00-Signup and Activation/zMailinator/Email - everleagues' is clicked on

2022-11-16 15:42:41 - [TEST_STEP][PASSED] - delay(3): Delayed 3 second(s)

2022-11-16 15:42:44 - [MESSAGE][PASSED] - Delayed 3 second(s)

2022-11-16 15:42:44 - [TEST_STEP][PASSED] - code = getText(findTestObject("Object Repository/06-Teams/For 2FA/2FA code")): Text of object 'Object Repository/06-Teams/For 2FA/2FA code' is: '822710'

2022-11-16 15:42:45 - [MESSAGE][PASSED] - Text of object 'Object Repository/06-Teams/For 2FA/2FA code' is: '822710'

2022-11-16 15:42:45 - [TEST_STEP][PASSED] - delay(3): Delayed 3 second(s)

2022-11-16 15:42:48 - [MESSAGE][PASSED] - Delayed 3 second(s)

2022-11-16 15:42:48 - [TEST_STEP][PASSED] - closeWindowTitle("Mailinator"): Window with title: 'Mailinator' is closed

2022-11-16 15:42:48 - [MESSAGE][PASSED] - Window with title: 'Mailinator' is closed

2022-11-16 15:42:48 - [TEST_STEP][PASSED] - delay(3): Delayed 3 second(s)

2022-11-16 15:42:51 - [MESSAGE][PASSED] - Delayed 3 second(s)

2022-11-16 15:42:51 - [TEST_STEP][PASSED] - switchToWindowIndex(0): Switched to window with index: '0'

2022-11-16 15:42:51 - [MESSAGE][PASSED] - Switched to window with index: '0'

2022-11-16 15:42:51 - [TEST_STEP][PASSED] - delay(3): Delayed 3 second(s)

2022-11-16 15:42:54 - [MESSAGE][PASSED] - Delayed 3 second(s)

2022-11-16 15:42:54 - [TEST_STEP][PASSED] - setText(findTestObject("Object Repository/06-Teams/For 2FA/input_Enter verification code_code"), code): Text '822710' is set on object 'Object Repository/06-Teams/For 2FA/input_Enter verification code_code'

2022-11-16 15:42:55 - [MESSAGE][PASSED] - Text '822710' is set on object 'Object Repository/06-Teams/For 2FA/input_Enter verification code_code'

2022-11-16 15:42:55 - [TEST_STEP][PASSED] - delay(3): Delayed 3 second(s)

2022-11-16 15:42:58 - [MESSAGE][PASSED] - Delayed 3 second(s)

2022-11-16 15:42:58 - [TEST_STEP][PASSED] - click(findTestObject("06-Teams/For 2FA/button_Verify_2FA")): Object: 'Object Repository/06-Teams/For 2FA/button_Verify_2FA' is clicked on

2022-11-16 15:42:59 - [MESSAGE][PASSED] - Object: 'Object Repository/06-Teams/For 2FA/button_Verify_2FA' is clicked on

2022-11-16 15:42:59 - [TEST_STEP][PASSED] - delay(5): Delayed 5 second(s)

2022-11-16 15:43:04 - [MESSAGE][PASSED] - Delayed 5 second(s)

2022-11-16 15:43:04 - [TEST_STEP][PASSED] - click(findTestObject("03-Header Menu/Hamburger Button/button_menu")): Object: 'Object Repository/03-Header Menu/Hamburger Button/button_menu' is clicked on

2022-11-16 15:43:05 - [MESSAGE][PASSED] - Object: 'Object Repository/03-Header Menu/Hamburger Button/button_menu' is clicked on

2022-11-16 15:43:05 - [TEST_STEP][PASSED] - delay(5): Delayed 5 second(s)

2022-11-16 15:43:10 - [MESSAGE][PASSED] - Delayed 5 second(s)

2022-11-16 15:43:10 - [TEST_STEP][PASSED] - verifyElementNotVisible(findTestObject("03-Header Menu/Hamburger Button/div_Add My Organization"), STOP_ON_FAILURE): Object 'Object Repository/03-Header Menu/Hamburger Button/div_Add My Organization' is NOT visible

2022-11-16 15:43:10 - [MESSAGE][PASSED] - Object 'Object Repository/03-Header Menu/Hamburger Button/div_Add My Organization' is NOT visible

2022-11-16 15:43:10 - [TEST_STEP][PASSED] - verifyElementNotVisible(findTestObject("03-Header Menu/Hamburger Button/div_Dashboard"), STOP_ON_FAILURE): Object 'Object Repository/03-Header Menu/Hamburger Button/div_Dashboard' is NOT visible

2022-11-16 15:43:11 - [MESSAGE][PASSED] - Object 'Object Repository/03-Header Menu/Hamburger Button/div_Dashboard' is NOT visible

2022-11-16 15:43:11 - [TEST_STEP][PASSED] - verifyElementNotVisible(findTestObject("03-Header Menu/Hamburger Button/div_Chat"), STOP_ON_FAILURE): Object 'Object Repository/03-Header Menu/Hamburger Button/div_Chat' is NOT visible

2022-11-16 15:43:11 - [MESSAGE][PASSED] - Object 'Object Repository/03-Header Menu/Hamburger Button/div_Chat' is NOT visible

2022-11-16 15:43:11 - [TEST_STEP][PASSED] - verifyElementNotVisible(findTestObject("03-Header Menu/Hamburger Button/div_Teams"), STOP_ON_FAILURE): Object 'Object Repository/03-Header Menu/Hamburger Button/div_Teams' is NOT visible

2022-11-16 15:43:11 - [MESSAGE][PASSED] - Object 'Object Repository/03-Header Menu/Hamburger Button/div_Teams' is NOT visible

2022-11-16 15:43:11 - [TEST_STEP][PASSED] - verifyElementNotVisible(findTestObject("03-Header Menu/Hamburger Button/div_Directory"), STOP_ON_FAILURE): Object 'Object Repository/03-Header Menu/Hamburger Button/div_Directory' is NOT visible

2022-11-16 15:43:12 - [MESSAGE][PASSED] - Object 'Object Repository/03-Header Menu/Hamburger Button/div_Directory' is NOT visible

2022-11-16 15:43:12 - [TEST_STEP][PASSED] - verifyElementNotVisible(findTestObject("03-Header Menu/Hamburger Button/div_Operation"), STOP_ON_FAILURE): Object 'Object Repository/03-Header Menu/Hamburger Button/div_Operation' is NOT visible

2022-11-16 15:43:12 - [MESSAGE][PASSED] - Object 'Object Repository/03-Header Menu/Hamburger Button/div_Operation' is NOT visible

2022-11-16 15:43:12 - [TEST_STEP][PASSED] - verifyElementNotVisible(findTestObject("03-Header Menu/Hamburger Button/div_Settings"), STOP_ON_FAILURE): Object 'Object Repository/03-Header Menu/Hamburger Button/div_Settings' is NOT visible

2022-11-16 15:43:13 - [MESSAGE][PASSED] - Object 'Object Repository/03-Header Menu/Hamburger Button/div_Settings' is NOT visible

2022-11-16 15:43:13 - [TEST_STEP][PASSED] - verifyElementNotVisible(findTestObject("03-Header Menu/Hamburger Button/div_Open Video Conference"), STOP_ON_FAILURE): Object 'Object Repository/03-Header Menu/Hamburger Button/div_Open Video Conference' is NOT visible

2022-11-16 15:43:13 - [MESSAGE][PASSED] - Object 'Object Repository/03-Header Menu/Hamburger Button/div_Open Video Conference' is NOT visible

2022-11-16 15:43:13 - [TEST_STEP][PASSED] - verifyElementNotVisible(findTestObject("03-Header Menu/Hamburger Button/div_Cloud Files"), STOP_ON_FAILURE): Object 'Object Repository/03-Header Menu/Hamburger Button/div_Cloud Files' is NOT visible

2022-11-16 15:43:13 - [MESSAGE][PASSED] - Object 'Object Repository/03-Header Menu/Hamburger Button/div_Cloud Files' is NOT visible

2022-11-16 15:43:13 - [TEST_STEP][PASSED] - verifyElementNotVisible(findTestObject("03-Header Menu/Hamburger Button/div_ELSign"), STOP_ON_FAILURE): Object 'Object Repository/03-Header Menu/Hamburger Button/div_ELSign' is NOT visible

2022-11-16 15:43:14 - [MESSAGE][PASSED] - Object 'Object Repository/03-Header Menu/Hamburger Button/div_ELSign' is NOT visible

2022-11-16 15:43:14 - [TEST_STEP][PASSED] - verifyElementNotVisible(findTestObject("03-Header Menu/Hamburger Button/div_Income and Expense"), STOP_ON_FAILURE): Object 'Object Repository/03-Header Menu/Hamburger Button/div_Income and Expense' is NOT visible

2022-11-16 15:43:14 - [MESSAGE][PASSED] - Object 'Object Repository/03-Header Menu/Hamburger Button/div_Income and Expense' is NOT visible

2022-11-16 15:43:14 - [TEST_STEP][PASSED] - verifyElementNotVisible(findTestObject("03-Header Menu/Hamburger Button/div_ELNet"), CONTINUE_ON_FAILURE): Object 'Object Repository/03-Header Menu/Hamburger Button/div_ELNet' is NOT visible

2022-11-16 15:43:15 - [MESSAGE][PASSED] - Object 'Object Repository/03-Header Menu/Hamburger Button/div_ELNet' is NOT visible

2022-11-16 15:43:15 - [TEST_STEP][PASSED] - verifyElementNotVisible(findTestObject("03-Header Menu/Hamburger Button/div_Help"), STOP_ON_FAILURE): Object 'Object Repository/03-Header Menu/Hamburger Button/div_Help' is NOT visible

2022-11-16 15:43:15 - [MESSAGE][PASSED] - Object 'Object Repository/03-Header Menu/Hamburger Button/div_Help' is NOT visible

2022-11-16 15:43:15 - [TEST_STEP][PASSED] - delay(5): Delayed 5 second(s)

2022-11-16 15:43:20 - [MESSAGE][PASSED] - Delayed 5 second(s)

2022-11-16 15:43:20 - [TEST_STEP][PASSED] - click(findTestObject("03-Header Menu/Hamburger Button/button_menu")): Object: 'Object Repository/03-Header Menu/Hamburger Button/button_menu' is clicked on

2022-11-16 15:43:20 - [MESSAGE][PASSED] - Object: 'Object Repository/03-Header Menu/Hamburger Button/button_menu' is clicked on

2022-11-16 15:43:20 - [TEST_STEP][PASSED] - verifyElementVisible(findTestObject("03-Header Menu/Hamburger Button/div_Add My Organization"), STOP_ON_FAILURE): Object 'Object Repository/03-Header Menu/Hamburger Button/div_Add My Organization' is visible

2022-11-16 15:43:21 - [MESSAGE][PASSED] - Object 'Object Repository/03-Header Menu/Hamburger Button/div_Add My Organization' is visible

2022-11-16 15:43:21 - [TEST_STEP][PASSED] - verifyElementVisible(findTestObject("03-Header Menu/Hamburger Button/div_Dashboard"), STOP_ON_FAILURE): Object 'Object Repository/03-Header Menu/Hamburger Button/div_Dashboard' is visible

2022-11-16 15:43:21 - [MESSAGE][PASSED] - Object 'Object Repository/03-Header Menu/Hamburger Button/div_Dashboard' is visible

2022-11-16 15:43:21 - [TEST_STEP][PASSED] - verifyElementVisible(findTestObject("03-Header Menu/Hamburger Button/div_Chat"), STOP_ON_FAILURE): Object 'Object Repository/03-Header Menu/Hamburger Button/div_Chat' is visible

2022-11-16 15:43:22 - [MESSAGE][PASSED] - Object 'Object Repository/03-Header Menu/Hamburger Button/div_Chat' is visible

2022-11-16 15:43:22 - [TEST_STEP][PASSED] - verifyElementVisible(findTestObject("03-Header Menu/Hamburger Button/div_Teams"), STOP_ON_FAILURE): Object 'Object Repository/03-Header Menu/Hamburger Button/div_Teams' is visible

2022-11-16 15:43:22 - [MESSAGE][PASSED] - Object 'Object Repository/03-Header Menu/Hamburger Button/div_Teams' is visible

2022-11-16 15:43:22 - [TEST_STEP][PASSED] - verifyElementVisible(findTestObject("03-Header Menu/Hamburger Button/div_Directory"), STOP_ON_FAILURE): Object 'Object Repository/03-Header Menu/Hamburger Button/div_Directory' is visible

2022-11-16 15:43:22 - [MESSAGE][PASSED] - Object 'Object Repository/03-Header Menu/Hamburger Button/div_Directory' is visible

2022-11-16 15:43:22 - [TEST_STEP][PASSED] - verifyElementVisible(findTestObject("03-Header Menu/Hamburger Button/div_Operation"), CONTINUE_ON_FAILURE): Object 'Object Repository/03-Header Menu/Hamburger Button/div_Operation' is visible

2022-11-16 15:43:23 - [MESSAGE][PASSED] - Object 'Object Repository/03-Header Menu/Hamburger Button/div_Operation' is visible

2022-11-16 15:43:23 - [TEST_STEP][PASSED] - verifyElementVisible(findTestObject("03-Header Menu/Hamburger Button/div_Settings"), CONTINUE_ON_FAILURE): Object 'Object Repository/03-Header Menu/Hamburger Button/div_Settings' is visible

2022-11-16 15:43:23 - [MESSAGE][PASSED] - Object 'Object Repository/03-Header Menu/Hamburger Button/div_Settings' is visible

2022-11-16 15:43:23 - [TEST_STEP][PASSED] - verifyElementVisible(findTestObject("03-Header Menu/Hamburger Button/div_Open Video Conference"), STOP_ON_FAILURE): Object 'Object Repository/03-Header Menu/Hamburger Button/div_Open Video Conference' is visible

2022-11-16 15:43:23 - [MESSAGE][PASSED] - Object 'Object Repository/03-Header Menu/Hamburger Button/div_Open Video Conference' is visible

2022-11-16 15:43:23 - [TEST_STEP][PASSED] - verifyElementVisible(findTestObject("03-Header Menu/Hamburger Button/div_Cloud Files"), STOP_ON_FAILURE): Object 'Object Repository/03-Header Menu/Hamburger Button/div_Cloud Files' is visible

2022-11-16 15:43:24 - [MESSAGE][PASSED] - Object 'Object Repository/03-Header Menu/Hamburger Button/div_Cloud Files' is visible

2022-11-16 15:43:24 - [TEST_STEP][PASSED] - verifyElementVisible(findTestObject("03-Header Menu/Hamburger Button/div_ELSign"), STOP_ON_FAILURE): Object 'Object Repository/03-Header Menu/Hamburger Button/div_ELSign' is visible

2022-11-16 15:43:24 - [MESSAGE][PASSED] - Object 'Object Repository/03-Header Menu/Hamburger Button/div_ELSign' is visible

2022-11-16 15:43:24 - [TEST_STEP][PASSED] - verifyElementVisible(findTestObject("03-Header Menu/Hamburger Button/div_Income and Expense"), STOP_ON_FAILURE): Object 'Object Repository/03-Header Menu/Hamburger Button/div_Income and Expense' is visible

2022-11-16 15:43:24 - [MESSAGE][PASSED] - Object 'Object Repository/03-Header Menu/Hamburger Button/div_Income and Expense' is visible

2022-11-16 15:43:24 - [TEST_STEP][PASSED] - verifyElementVisible(findTestObject("03-Header Menu/Hamburger Button/div_ELNet"), CONTINUE_ON_FAILURE): Object 'Object Repository/03-Header Menu/Hamburger Button/div_ELNet' is visible

2022-11-16 15:43:25 - [MESSAGE][PASSED] - Object 'Object Repository/03-Header Menu/Hamburger Button/div_ELNet' is visible

2022-11-16 15:43:25 - [TEST_STEP][PASSED] - verifyElementVisible(findTestObject("03-Header Menu/Hamburger Button/div_Help"), STOP_ON_FAILURE): Object 'Object Repository/03-Header Menu/Hamburger Button/div_Help' is visible

2022-11-16 15:43:25 - [MESSAGE][PASSED] - Object 'Object Repository/03-Header Menu/Hamburger Button/div_Help' is visible

2022-11-16 15:43:25 - [TEST_STEP][PASSED] - delay(3): Delayed 3 second(s)

2022-11-16 15:43:28 - [MESSAGE][PASSED] - Delayed 3 second(s)]]></system-out>
         <system-err><![CDATA[]]></system-err>
      </testcase>
      <testcase name="Test Cases/03-Header Menu/02- Language Selector" time="52.948" classname="Test Cases/03-Header Menu/02- Language Selector" status="PASSED">
         <system-out><![CDATA[2022-11-16 15:43:28 - [TEST_CASE][PASSED] - Test Cases/03-Header Menu/02- Language Selector: Test Cases/03-Header Menu/02- Language Selector

2022-11-16 15:43:28 - [TEST_STEP][PASSED] - click(findTestObject("03-Header Menu/Language/button_Language Selector")): Object: 'Object Repository/03-Header Menu/Language/button_Language Selector' is clicked on

2022-11-16 15:43:29 - [MESSAGE][PASSED] - Object: 'Object Repository/03-Header Menu/Language/button_Language Selector' is clicked on

2022-11-16 15:43:29 - [TEST_STEP][PASSED] - delay(2): Delayed 2 second(s)

2022-11-16 15:43:31 - [MESSAGE][PASSED] - Delayed 2 second(s)

2022-11-16 15:43:31 - [TEST_STEP][PASSED] - click(findTestObject("03-Header Menu/Language/button_chinese 1")): Object: 'Object Repository/03-Header Menu/Language/button_chinese 1' is clicked on

2022-11-16 15:43:31 - [MESSAGE][PASSED] - Object: 'Object Repository/03-Header Menu/Language/button_chinese 1' is clicked on

2022-11-16 15:43:31 - [TEST_STEP][PASSED] - delay(2): Delayed 2 second(s)

2022-11-16 15:43:33 - [MESSAGE][PASSED] - Delayed 2 second(s)

2022-11-16 15:43:33 - [TEST_STEP][PASSED] - verifyElementVisible(findTestObject("03-Header Menu/Language/Language Div/div_chinese1 dashboard")): Object 'Object Repository/03-Header Menu/Language/Language Div/div_chinese1 dashboard' is visible

2022-11-16 15:43:34 - [MESSAGE][PASSED] - Object 'Object Repository/03-Header Menu/Language/Language Div/div_chinese1 dashboard' is visible

2022-11-16 15:43:34 - [TEST_STEP][PASSED] - verifyElementVisible(findTestObject("03-Header Menu/Language/Language Div/div_chinese1 chat")): Object 'Object Repository/03-Header Menu/Language/Language Div/div_chinese1 chat' is visible

2022-11-16 15:43:34 - [MESSAGE][PASSED] - Object 'Object Repository/03-Header Menu/Language/Language Div/div_chinese1 chat' is visible

2022-11-16 15:43:34 - [TEST_STEP][PASSED] - verifyElementVisible(findTestObject("03-Header Menu/Language/Language Div/div_chinese1 teams")): Object 'Object Repository/03-Header Menu/Language/Language Div/div_chinese1 teams' is visible

2022-11-16 15:43:35 - [MESSAGE][PASSED] - Object 'Object Repository/03-Header Menu/Language/Language Div/div_chinese1 teams' is visible

2022-11-16 15:43:35 - [TEST_STEP][PASSED] - delay(2): Delayed 2 second(s)

2022-11-16 15:43:37 - [MESSAGE][PASSED] - Delayed 2 second(s)

2022-11-16 15:43:37 - [TEST_STEP][PASSED] - click(findTestObject("03-Header Menu/Language/button_Language Selector")): Object: 'Object Repository/03-Header Menu/Language/button_Language Selector' is clicked on

2022-11-16 15:43:37 - [MESSAGE][PASSED] - Object: 'Object Repository/03-Header Menu/Language/button_Language Selector' is clicked on

2022-11-16 15:43:37 - [TEST_STEP][PASSED] - delay(2): Delayed 2 second(s)

2022-11-16 15:43:39 - [MESSAGE][PASSED] - Delayed 2 second(s)

2022-11-16 15:43:39 - [TEST_STEP][PASSED] - click(findTestObject("03-Header Menu/Language/button_chinese 2")): Object: 'Object Repository/03-Header Menu/Language/button_chinese 2' is clicked on

2022-11-16 15:43:40 - [MESSAGE][PASSED] - Object: 'Object Repository/03-Header Menu/Language/button_chinese 2' is clicked on

2022-11-16 15:43:40 - [TEST_STEP][PASSED] - delay(2): Delayed 2 second(s)

2022-11-16 15:43:42 - [MESSAGE][PASSED] - Delayed 2 second(s)

2022-11-16 15:43:42 - [TEST_STEP][PASSED] - verifyElementVisible(findTestObject("03-Header Menu/Language/Language Div/div_chinese2 dashboard")): Object 'Object Repository/03-Header Menu/Language/Language Div/div_chinese2 dashboard' is visible

2022-11-16 15:43:42 - [MESSAGE][PASSED] - Object 'Object Repository/03-Header Menu/Language/Language Div/div_chinese2 dashboard' is visible

2022-11-16 15:43:42 - [TEST_STEP][PASSED] - verifyElementVisible(findTestObject("03-Header Menu/Language/Language Div/div_chinese2 chat")): Object 'Object Repository/03-Header Menu/Language/Language Div/div_chinese2 chat' is visible

2022-11-16 15:43:42 - [MESSAGE][PASSED] - Object 'Object Repository/03-Header Menu/Language/Language Div/div_chinese2 chat' is visible

2022-11-16 15:43:42 - [TEST_STEP][PASSED] - verifyElementVisible(findTestObject("03-Header Menu/Language/Language Div/div_chinese2 teams")): Object 'Object Repository/03-Header Menu/Language/Language Div/div_chinese2 teams' is visible

2022-11-16 15:43:43 - [MESSAGE][PASSED] - Object 'Object Repository/03-Header Menu/Language/Language Div/div_chinese2 teams' is visible

2022-11-16 15:43:43 - [TEST_STEP][PASSED] - delay(2): Delayed 2 second(s)

2022-11-16 15:43:45 - [MESSAGE][PASSED] - Delayed 2 second(s)

2022-11-16 15:43:45 - [TEST_STEP][PASSED] - click(findTestObject("03-Header Menu/Language/button_Language Selector")): Object: 'Object Repository/03-Header Menu/Language/button_Language Selector' is clicked on

2022-11-16 15:43:45 - [MESSAGE][PASSED] - Object: 'Object Repository/03-Header Menu/Language/button_Language Selector' is clicked on

2022-11-16 15:43:45 - [TEST_STEP][PASSED] - delay(2): Delayed 2 second(s)

2022-11-16 15:43:47 - [MESSAGE][PASSED] - Delayed 2 second(s)

2022-11-16 15:43:47 - [TEST_STEP][PASSED] - click(findTestObject("03-Header Menu/Language/button_chinese 3")): Object: 'Object Repository/03-Header Menu/Language/button_chinese 3' is clicked on

2022-11-16 15:43:47 - [MESSAGE][PASSED] - Object: 'Object Repository/03-Header Menu/Language/button_chinese 3' is clicked on

2022-11-16 15:43:47 - [TEST_STEP][PASSED] - delay(2): Delayed 2 second(s)

2022-11-16 15:43:49 - [MESSAGE][PASSED] - Delayed 2 second(s)

2022-11-16 15:43:49 - [TEST_STEP][PASSED] - verifyElementVisible(findTestObject("03-Header Menu/Language/Language Div/div_chinese3 dashboard")): Object 'Object Repository/03-Header Menu/Language/Language Div/div_chinese3 dashboard' is visible

2022-11-16 15:43:50 - [MESSAGE][PASSED] - Object 'Object Repository/03-Header Menu/Language/Language Div/div_chinese3 dashboard' is visible

2022-11-16 15:43:50 - [TEST_STEP][PASSED] - verifyElementVisible(findTestObject("03-Header Menu/Language/Language Div/div_chinese3 chat")): Object 'Object Repository/03-Header Menu/Language/Language Div/div_chinese3 chat' is visible

2022-11-16 15:43:50 - [MESSAGE][PASSED] - Object 'Object Repository/03-Header Menu/Language/Language Div/div_chinese3 chat' is visible

2022-11-16 15:43:50 - [TEST_STEP][PASSED] - verifyElementVisible(findTestObject("03-Header Menu/Language/Language Div/div_chinese3 teams")): Object 'Object Repository/03-Header Menu/Language/Language Div/div_chinese3 teams' is visible

2022-11-16 15:43:50 - [MESSAGE][PASSED] - Object 'Object Repository/03-Header Menu/Language/Language Div/div_chinese3 teams' is visible

2022-11-16 15:43:50 - [TEST_STEP][PASSED] - delay(2): Delayed 2 second(s)

2022-11-16 15:43:52 - [MESSAGE][PASSED] - Delayed 2 second(s)

2022-11-16 15:43:52 - [TEST_STEP][PASSED] - click(findTestObject("03-Header Menu/Language/button_Language Selector")): Object: 'Object Repository/03-Header Menu/Language/button_Language Selector' is clicked on

2022-11-16 15:43:53 - [MESSAGE][PASSED] - Object: 'Object Repository/03-Header Menu/Language/button_Language Selector' is clicked on

2022-11-16 15:43:53 - [TEST_STEP][PASSED] - delay(2): Delayed 2 second(s)

2022-11-16 15:43:55 - [MESSAGE][PASSED] - Delayed 2 second(s)

2022-11-16 15:43:55 - [TEST_STEP][PASSED] - click(findTestObject("03-Header Menu/Language/button_Espanol")): Object: 'Object Repository/03-Header Menu/Language/button_Espanol' is clicked on

2022-11-16 15:43:55 - [MESSAGE][PASSED] - Object: 'Object Repository/03-Header Menu/Language/button_Espanol' is clicked on

2022-11-16 15:43:55 - [TEST_STEP][PASSED] - delay(2): Delayed 2 second(s)

2022-11-16 15:43:57 - [MESSAGE][PASSED] - Delayed 2 second(s)

2022-11-16 15:43:57 - [TEST_STEP][PASSED] - verifyElementVisible(findTestObject("03-Header Menu/Language/Language Div/div_spanish_Panel")): Object 'Object Repository/03-Header Menu/Language/Language Div/div_spanish_Panel' is visible

2022-11-16 15:43:58 - [MESSAGE][PASSED] - Object 'Object Repository/03-Header Menu/Language/Language Div/div_spanish_Panel' is visible

2022-11-16 15:43:58 - [TEST_STEP][PASSED] - verifyElementVisible(findTestObject("03-Header Menu/Language/Language Div/div_spanish_Equipo")): Object 'Object Repository/03-Header Menu/Language/Language Div/div_spanish_Equipo' is visible

2022-11-16 15:43:58 - [MESSAGE][PASSED] - Object 'Object Repository/03-Header Menu/Language/Language Div/div_spanish_Equipo' is visible

2022-11-16 15:43:58 - [TEST_STEP][PASSED] - delay(2): Delayed 2 second(s)

2022-11-16 15:44:00 - [MESSAGE][PASSED] - Delayed 2 second(s)

2022-11-16 15:44:00 - [TEST_STEP][PASSED] - click(findTestObject("03-Header Menu/Language/button_Language Selector")): Object: 'Object Repository/03-Header Menu/Language/button_Language Selector' is clicked on

2022-11-16 15:44:00 - [MESSAGE][PASSED] - Object: 'Object Repository/03-Header Menu/Language/button_Language Selector' is clicked on

2022-11-16 15:44:00 - [TEST_STEP][PASSED] - delay(2): Delayed 2 second(s)

2022-11-16 15:44:02 - [MESSAGE][PASSED] - Delayed 2 second(s)

2022-11-16 15:44:02 - [TEST_STEP][PASSED] - click(findTestObject("03-Header Menu/Language/button_Italiano")): Object: 'Object Repository/03-Header Menu/Language/button_Italiano' is clicked on

2022-11-16 15:44:03 - [MESSAGE][PASSED] - Object: 'Object Repository/03-Header Menu/Language/button_Italiano' is clicked on

2022-11-16 15:44:03 - [TEST_STEP][PASSED] - delay(10): Delayed 10 second(s)

2022-11-16 15:44:13 - [MESSAGE][PASSED] - Delayed 10 second(s)

2022-11-16 15:44:13 - [TEST_STEP][PASSED] - verifyElementVisible(findTestObject("03-Header Menu/Language/Language Div/div_Pannello di controllo")): Object 'Object Repository/03-Header Menu/Language/Language Div/div_Pannello di controllo' is visible

2022-11-16 15:44:13 - [MESSAGE][PASSED] - Object 'Object Repository/03-Header Menu/Language/Language Div/div_Pannello di controllo' is visible

2022-11-16 15:44:13 - [TEST_STEP][PASSED] - verifyElementVisible(findTestObject("03-Header Menu/Language/Language Div/div_Impostazioni"), CONTINUE_ON_FAILURE): Object 'Object Repository/03-Header Menu/Language/Language Div/div_Impostazioni' is visible

2022-11-16 15:44:13 - [MESSAGE][PASSED] - Object 'Object Repository/03-Header Menu/Language/Language Div/div_Impostazioni' is visible

2022-11-16 15:44:13 - [TEST_STEP][PASSED] - click(findTestObject("03-Header Menu/Language/button_Language Selector")): Object: 'Object Repository/03-Header Menu/Language/button_Language Selector' is clicked on

2022-11-16 15:44:14 - [MESSAGE][PASSED] - Object: 'Object Repository/03-Header Menu/Language/button_Language Selector' is clicked on

2022-11-16 15:44:14 - [TEST_STEP][PASSED] - delay(2): Delayed 2 second(s)

2022-11-16 15:44:16 - [MESSAGE][PASSED] - Delayed 2 second(s)

2022-11-16 15:44:16 - [TEST_STEP][PASSED] - click(findTestObject("03-Header Menu/Language/button_English")): Object: 'Object Repository/03-Header Menu/Language/button_English' is clicked on

2022-11-16 15:44:16 - [MESSAGE][PASSED] - Object: 'Object Repository/03-Header Menu/Language/button_English' is clicked on

2022-11-16 15:44:16 - [TEST_STEP][PASSED] - delay(2): Delayed 2 second(s)

2022-11-16 15:44:18 - [MESSAGE][PASSED] - Delayed 2 second(s)

2022-11-16 15:44:18 - [TEST_STEP][PASSED] - verifyElementVisible(findTestObject("03-Header Menu/Language/Language Div/div_Dashboard")): Object 'Object Repository/03-Header Menu/Language/Language Div/div_Dashboard' is visible

2022-11-16 15:44:18 - [MESSAGE][PASSED] - Object 'Object Repository/03-Header Menu/Language/Language Div/div_Dashboard' is visible

2022-11-16 15:44:18 - [TEST_STEP][PASSED] - verifyElementVisible(findTestObject("03-Header Menu/Language/Language Div/div_Teams")): Object 'Object Repository/03-Header Menu/Language/Language Div/div_Teams' is visible

2022-11-16 15:44:19 - [MESSAGE][PASSED] - Object 'Object Repository/03-Header Menu/Language/Language Div/div_Teams' is visible

2022-11-16 15:44:19 - [TEST_STEP][PASSED] - delay(2): Delayed 2 second(s)

2022-11-16 15:44:21 - [MESSAGE][PASSED] - Delayed 2 second(s)]]></system-out>
         <system-err><![CDATA[]]></system-err>
      </testcase>
      <testcase name="Test Cases/03-Header Menu/03- Users Profile menu and notification button" time="15.958" classname="Test Cases/03-Header Menu/03- Users Profile menu and notification button" status="PASSED">
         <system-out><![CDATA[2022-11-16 15:44:21 - [TEST_CASE][PASSED] - Test Cases/03-Header Menu/03- Users Profile menu and notification button: Test Cases/03-Header Menu/03- Users Profile menu and notification button

2022-11-16 15:44:21 - [TEST_STEP][PASSED] - click(findTestObject("03-Header Menu/User Profile/Users Profile menu and notification button/button_notification bell"), CONTINUE_ON_FAILURE): Object: 'Object Repository/03-Header Menu/User Profile/Users Profile menu and notification button/button_notification bell' is clicked on

2022-11-16 15:44:22 - [MESSAGE][PASSED] - Object: 'Object Repository/03-Header Menu/User Profile/Users Profile menu and notification button/button_notification bell' is clicked on

2022-11-16 15:44:22 - [TEST_STEP][PASSED] - delay(2): Delayed 2 second(s)

2022-11-16 15:44:24 - [MESSAGE][PASSED] - Delayed 2 second(s)

2022-11-16 15:44:24 - [TEST_STEP][PASSED] - verifyElementVisible(findTestObject("03-Header Menu/User Profile/Users Profile menu and notification button/div_notification modal"), CONTINUE_ON_FAILURE): Object 'Object Repository/03-Header Menu/User Profile/Users Profile menu and notification button/div_notification modal' is visible

2022-11-16 15:44:24 - [MESSAGE][PASSED] - Object 'Object Repository/03-Header Menu/User Profile/Users Profile menu and notification button/div_notification modal' is visible

2022-11-16 15:44:24 - [TEST_STEP][PASSED] - delay(2): Delayed 2 second(s)

2022-11-16 15:44:26 - [MESSAGE][PASSED] - Delayed 2 second(s)

2022-11-16 15:44:26 - [TEST_STEP][PASSED] - clickOffset(findTestObject("03-Header Menu/User Profile/Users Profile menu and notification button/div_notification modal"), 100, 100, CONTINUE_ON_FAILURE): Object: 'Object Repository/03-Header Menu/User Profile/Users Profile menu and notification button/div_notification modal' is clicked on using offset x=100 and y=100

2022-11-16 15:44:26 - [MESSAGE][PASSED] - Object: 'Object Repository/03-Header Menu/User Profile/Users Profile menu and notification button/div_notification modal' is clicked on using offset x=100 and y=100

2022-11-16 15:44:26 - [TEST_STEP][PASSED] - click(findTestObject("03-Header Menu/User Profile/Users Profile menu and notification button/div_User drop down menu button")): Object: 'Object Repository/03-Header Menu/User Profile/Users Profile menu and notification button/div_User drop down menu button' is clicked on

2022-11-16 15:44:27 - [MESSAGE][PASSED] - Object: 'Object Repository/03-Header Menu/User Profile/Users Profile menu and notification button/div_User drop down menu button' is clicked on

2022-11-16 15:44:27 - [TEST_STEP][PASSED] - delay(1): Delayed 1 second(s)

2022-11-16 15:44:29 - [MESSAGE][PASSED] - Delayed 1 second(s)

2022-11-16 15:44:29 - [TEST_STEP][PASSED] - verifyElementVisible(findTestObject("03-Header Menu/User Profile/Users Profile menu and notification button/h4_View Profile")): Object 'Object Repository/03-Header Menu/User Profile/Users Profile menu and notification button/h4_View Profile' is visible

2022-11-16 15:44:29 - [MESSAGE][PASSED] - Object 'Object Repository/03-Header Menu/User Profile/Users Profile menu and notification button/h4_View Profile' is visible

2022-11-16 15:44:29 - [TEST_STEP][PASSED] - verifyElementVisible(findTestObject("03-Header Menu/User Profile/Users Profile menu and notification button/h4_Change Password")): Object 'Object Repository/03-Header Menu/User Profile/Users Profile menu and notification button/h4_Change Password' is visible

2022-11-16 15:44:29 - [MESSAGE][PASSED] - Object 'Object Repository/03-Header Menu/User Profile/Users Profile menu and notification button/h4_Change Password' is visible

2022-11-16 15:44:29 - [TEST_STEP][PASSED] - verifyElementVisible(findTestObject("03-Header Menu/User Profile/Users Profile menu and notification button/h4_Sign Out")): Object 'Object Repository/03-Header Menu/User Profile/Users Profile menu and notification button/h4_Sign Out' is visible

2022-11-16 15:44:30 - [MESSAGE][PASSED] - Object 'Object Repository/03-Header Menu/User Profile/Users Profile menu and notification button/h4_Sign Out' is visible

2022-11-16 15:44:30 - [TEST_STEP][PASSED] - delay(2): Delayed 2 second(s)

2022-11-16 15:44:32 - [MESSAGE][PASSED] - Delayed 2 second(s)

2022-11-16 15:44:32 - [TEST_STEP][PASSED] - click(findTestObject("03-Header Menu/User Profile/Users Profile menu and notification button/h4_Sign Out")): Object: 'Object Repository/03-Header Menu/User Profile/Users Profile menu and notification button/h4_Sign Out' is clicked on

2022-11-16 15:44:32 - [MESSAGE][PASSED] - Object: 'Object Repository/03-Header Menu/User Profile/Users Profile menu and notification button/h4_Sign Out' is clicked on

2022-11-16 15:44:32 - [TEST_STEP][PASSED] - verifyElementVisible(findTestObject("03-Header Menu/User Profile/Users Profile menu and notification button/Login card")): Object 'Object Repository/03-Header Menu/User Profile/Users Profile menu and notification button/Login card' is visible

2022-11-16 15:44:34 - [MESSAGE][PASSED] - Object 'Object Repository/03-Header Menu/User Profile/Users Profile menu and notification button/Login card' is visible

2022-11-16 15:44:34 - [TEST_STEP][PASSED] - delay(2): Delayed 2 second(s)

2022-11-16 15:44:36 - [MESSAGE][PASSED] - Delayed 2 second(s)

2022-11-16 15:44:36 - [TEST_STEP][PASSED] - closeBrowser(): Browser is closed

2022-11-16 15:44:37 - [MESSAGE][PASSED] - Browser is closed]]></system-out>
         <system-err><![CDATA[]]></system-err>
      </testcase>
      <testcase name="Test Cases/03-Header Menu/04- View Profile" time="62.495" classname="Test Cases/03-Header Menu/04- View Profile" status="PASSED">
         <system-out><![CDATA[2022-11-16 15:44:37 - [TEST_CASE][PASSED] - Test Cases/03-Header Menu/04- View Profile: Test Cases/03-Header Menu/04- View Profile

2022-11-16 15:44:37 - [TEST_STEP][PASSED] - openBrowser(""): Browser is opened with url: ''

2022-11-16 15:44:37 - [MESSAGE][INFO] - Starting 'Chrome' driver

2022-11-16 15:44:37 - [MESSAGE][INFO] - Action delay is set to 0 milliseconds

2022-11-16 15:44:38 - [MESSAGE][PASSED] - Browser is opened with url: ''

2022-11-16 15:44:38 - [TEST_STEP][PASSED] - navigateToUrl("https://lab.everleagues.com/"): Navigate to 'https://lab.everleagues.com/' successfully

2022-11-16 15:44:49 - [MESSAGE][PASSED] - Navigate to 'https://lab.everleagues.com/' successfully

2022-11-16 15:44:49 - [TEST_STEP][PASSED] - maximizeWindow(): Current window maximized

2022-11-16 15:44:49 - [MESSAGE][PASSED] - Current window maximized

2022-11-16 15:44:49 - [TEST_STEP][PASSED] - setText(findTestObject("02-Side Icons(Organization)/Add Contact/Email Field"), "testuser02@mailinator.com"): Text 'testuser02@mailinator.com' is set on object 'Object Repository/02-Side Icons(Organization)/Add Contact/Email Field'

2022-11-16 15:44:50 - [MESSAGE][PASSED] - Text 'testuser02@mailinator.com' is set on object 'Object Repository/02-Side Icons(Organization)/Add Contact/Email Field'

2022-11-16 15:44:50 - [TEST_STEP][PASSED] - setEncryptedText(findTestObject("02-Side Icons(Organization)/Add Contact/Password Field"), "8yFRyszE6U6jvsCn51OQbg=="): Text ****** has been set on object 'Object Repository/02-Side Icons(Organization)/Add Contact/Password Field'

2022-11-16 15:44:51 - [MESSAGE][PASSED] - Text ****** has been set on object 'Object Repository/02-Side Icons(Organization)/Add Contact/Password Field'

2022-11-16 15:44:51 - [TEST_STEP][PASSED] - click(findTestObject("02-Side Icons(Organization)/Add Contact/button_Sign in")): Object: 'Object Repository/02-Side Icons(Organization)/Add Contact/button_Sign in' is clicked on

2022-11-16 15:44:51 - [MESSAGE][PASSED] - Object: 'Object Repository/02-Side Icons(Organization)/Add Contact/button_Sign in' is clicked on

2022-11-16 15:44:51 - [TEST_STEP][PASSED] - delay(2): Delayed 2 second(s)

2022-11-16 15:44:53 - [MESSAGE][PASSED] - Delayed 2 second(s)

2022-11-16 15:44:53 - [TEST_STEP][PASSED] - click(findTestObject("06-Teams/For 2FA/button_Confirm_2FA")): Object: 'Object Repository/06-Teams/For 2FA/button_Confirm_2FA' is clicked on

2022-11-16 15:44:54 - [MESSAGE][PASSED] - Object: 'Object Repository/06-Teams/For 2FA/button_Confirm_2FA' is clicked on

2022-11-16 15:44:54 - [TEST_STEP][PASSED] - executeJavaScript("window.open();", []): Execute JavaScript 'window.open();' successfully

2022-11-16 15:44:54 - [MESSAGE][PASSED] - Execute JavaScript 'window.open();' successfully

2022-11-16 15:44:54 - [TEST_STEP][PASSED] - currentWindow = getWindowIndex(): Current window's index is: 0

2022-11-16 15:44:54 - [MESSAGE][PASSED] - Current window's index is: 0

2022-11-16 15:44:54 - [TEST_STEP][PASSED] - delay(3): Delayed 3 second(s)

2022-11-16 15:44:57 - [MESSAGE][PASSED] - Delayed 3 second(s)

2022-11-16 15:44:57 - [TEST_STEP][PASSED] - switchToWindowIndex(currentWindow + 1): Switched to window with index: '1'

2022-11-16 15:44:57 - [MESSAGE][PASSED] - Switched to window with index: '1'

2022-11-16 15:44:57 - [TEST_STEP][PASSED] - navigateToUrl("https://www.mailinator.com/"): Navigate to 'https://www.mailinator.com/' successfully

2022-11-16 15:44:59 - [MESSAGE][PASSED] - Navigate to 'https://www.mailinator.com/' successfully

2022-11-16 15:44:59 - [TEST_STEP][PASSED] - delay(3): Delayed 3 second(s)

2022-11-16 15:45:02 - [MESSAGE][PASSED] - Delayed 3 second(s)

2022-11-16 15:45:02 - [TEST_STEP][PASSED] - setText(findTestObject("00-Signup and Activation/zMailinator/input_LOGIN_search"), "testuser02@mailinator.com"): Text 'testuser02@mailinator.com' is set on object 'Object Repository/00-Signup and Activation/zMailinator/input_LOGIN_search'

2022-11-16 15:45:03 - [MESSAGE][PASSED] - Text 'testuser02@mailinator.com' is set on object 'Object Repository/00-Signup and Activation/zMailinator/input_LOGIN_search'

2022-11-16 15:45:03 - [TEST_STEP][PASSED] - click(findTestObject("00-Signup and Activation/zMailinator/gobutton"), STOP_ON_FAILURE): Object: 'Object Repository/00-Signup and Activation/zMailinator/gobutton' is clicked on

2022-11-16 15:45:04 - [MESSAGE][PASSED] - Object: 'Object Repository/00-Signup and Activation/zMailinator/gobutton' is clicked on

2022-11-16 15:45:04 - [TEST_STEP][PASSED] - delay(3): Delayed 3 second(s)

2022-11-16 15:45:07 - [MESSAGE][PASSED] - Delayed 3 second(s)

2022-11-16 15:45:07 - [TEST_STEP][PASSED] - click(findTestObject("00-Signup and Activation/zMailinator/Email - everleagues")): Object: 'Object Repository/00-Signup and Activation/zMailinator/Email - everleagues' is clicked on

2022-11-16 15:45:08 - [MESSAGE][PASSED] - Object: 'Object Repository/00-Signup and Activation/zMailinator/Email - everleagues' is clicked on

2022-11-16 15:45:08 - [TEST_STEP][PASSED] - delay(3): Delayed 3 second(s)

2022-11-16 15:45:11 - [MESSAGE][PASSED] - Delayed 3 second(s)

2022-11-16 15:45:11 - [TEST_STEP][PASSED] - code = getText(findTestObject("Object Repository/06-Teams/For 2FA/2FA code")): Text of object 'Object Repository/06-Teams/For 2FA/2FA code' is: '881825'

2022-11-16 15:45:11 - [MESSAGE][PASSED] - Text of object 'Object Repository/06-Teams/For 2FA/2FA code' is: '881825'

2022-11-16 15:45:11 - [TEST_STEP][PASSED] - delay(3): Delayed 3 second(s)

2022-11-16 15:45:14 - [MESSAGE][PASSED] - Delayed 3 second(s)

2022-11-16 15:45:14 - [TEST_STEP][PASSED] - closeWindowTitle("Mailinator"): Window with title: 'Mailinator' is closed

2022-11-16 15:45:15 - [MESSAGE][PASSED] - Window with title: 'Mailinator' is closed

2022-11-16 15:45:15 - [TEST_STEP][PASSED] - delay(3): Delayed 3 second(s)

2022-11-16 15:45:18 - [MESSAGE][PASSED] - Delayed 3 second(s)

2022-11-16 15:45:18 - [TEST_STEP][PASSED] - switchToWindowIndex(0): Switched to window with index: '0'

2022-11-16 15:45:18 - [MESSAGE][PASSED] - Switched to window with index: '0'

2022-11-16 15:45:18 - [TEST_STEP][PASSED] - delay(3): Delayed 3 second(s)

2022-11-16 15:45:21 - [MESSAGE][PASSED] - Delayed 3 second(s)

2022-11-16 15:45:21 - [TEST_STEP][PASSED] - setText(findTestObject("Object Repository/06-Teams/For 2FA/input_Enter verification code_code"), code): Text '881825' is set on object 'Object Repository/06-Teams/For 2FA/input_Enter verification code_code'

2022-11-16 15:45:21 - [MESSAGE][PASSED] - Text '881825' is set on object 'Object Repository/06-Teams/For 2FA/input_Enter verification code_code'

2022-11-16 15:45:21 - [TEST_STEP][PASSED] - delay(3): Delayed 3 second(s)

2022-11-16 15:45:24 - [MESSAGE][PASSED] - Delayed 3 second(s)

2022-11-16 15:45:24 - [TEST_STEP][PASSED] - click(findTestObject("06-Teams/For 2FA/button_Verify_2FA")): Object: 'Object Repository/06-Teams/For 2FA/button_Verify_2FA' is clicked on

2022-11-16 15:45:25 - [MESSAGE][PASSED] - Object: 'Object Repository/06-Teams/For 2FA/button_Verify_2FA' is clicked on

2022-11-16 15:45:25 - [TEST_STEP][PASSED] - delay(5): Delayed 5 second(s)

2022-11-16 15:45:30 - [MESSAGE][PASSED] - Delayed 5 second(s)

2022-11-16 15:45:30 - [TEST_STEP][PASSED] - click(findTestObject("03-Header Menu/User Profile/Users Profile menu and notification button/div_User drop down menu button")): Object: 'Object Repository/03-Header Menu/User Profile/Users Profile menu and notification button/div_User drop down menu button' is clicked on

2022-11-16 15:45:32 - [MESSAGE][PASSED] - Object: 'Object Repository/03-Header Menu/User Profile/Users Profile menu and notification button/div_User drop down menu button' is clicked on

2022-11-16 15:45:32 - [TEST_STEP][PASSED] - delay(1): Delayed 1 second(s)

2022-11-16 15:45:33 - [MESSAGE][PASSED] - Delayed 1 second(s)

2022-11-16 15:45:33 - [TEST_STEP][PASSED] - click(findTestObject("03-Header Menu/User Profile/Users Profile menu and notification button/h4_View Profile")): Object: 'Object Repository/03-Header Menu/User Profile/Users Profile menu and notification button/h4_View Profile' is clicked on

2022-11-16 15:45:34 - [MESSAGE][PASSED] - Object: 'Object Repository/03-Header Menu/User Profile/Users Profile menu and notification button/h4_View Profile' is clicked on

2022-11-16 15:45:34 - [TEST_STEP][PASSED] - delay(2): Delayed 2 second(s)

2022-11-16 15:45:36 - [MESSAGE][PASSED] - Delayed 2 second(s)

2022-11-16 15:45:36 - [TEST_STEP][PASSED] - verifyElementVisible(findTestObject("03-Header Menu/User Profile/View Profile/div_Contact Info")): Object 'Object Repository/03-Header Menu/User Profile/View Profile/div_Contact Info' is visible

2022-11-16 15:45:36 - [MESSAGE][PASSED] - Object 'Object Repository/03-Header Menu/User Profile/View Profile/div_Contact Info' is visible

2022-11-16 15:45:36 - [TEST_STEP][PASSED] - verifyElementVisible(findTestObject("03-Header Menu/User Profile/View Profile/div_Profile")): Object 'Object Repository/03-Header Menu/User Profile/View Profile/div_Profile' is visible

2022-11-16 15:45:36 - [MESSAGE][PASSED] - Object 'Object Repository/03-Header Menu/User Profile/View Profile/div_Profile' is visible

2022-11-16 15:45:36 - [TEST_STEP][PASSED] - verifyElementVisible(findTestObject("03-Header Menu/User Profile/View Profile/div_Security")): Object 'Object Repository/03-Header Menu/User Profile/View Profile/div_Security' is visible

2022-11-16 15:45:37 - [MESSAGE][PASSED] - Object 'Object Repository/03-Header Menu/User Profile/View Profile/div_Security' is visible

2022-11-16 15:45:37 - [TEST_STEP][PASSED] - verifyElementVisible(findTestObject("03-Header Menu/User Profile/View Profile/div_Settings")): Object 'Object Repository/03-Header Menu/User Profile/View Profile/div_Settings' is visible

2022-11-16 15:45:37 - [MESSAGE][PASSED] - Object 'Object Repository/03-Header Menu/User Profile/View Profile/div_Settings' is visible

2022-11-16 15:45:37 - [TEST_STEP][PASSED] - delay(2): Delayed 2 second(s)

2022-11-16 15:45:39 - [MESSAGE][PASSED] - Delayed 2 second(s)]]></system-out>
         <system-err><![CDATA[]]></system-err>
      </testcase>
      <testcase name="Test Cases/03-Header Menu/05 - Edit Profile Tab (No changes made)" time="7.269" classname="Test Cases/03-Header Menu/05 - Edit Profile Tab (No changes made)" status="PASSED">
         <system-out><![CDATA[2022-11-16 15:45:39 - [TEST_CASE][PASSED] - Test Cases/03-Header Menu/05 - Edit Profile Tab (No changes made): Test Cases/03-Header Menu/05 - Edit Profile Tab (No changes made)

2022-11-16 15:45:40 - [TEST_STEP][PASSED] - mouseOver(findTestObject("03-Header Menu/User Profile/View Profile/Profile Tab/img tray")): Object: 'Object Repository/03-Header Menu/User Profile/View Profile/Profile Tab/img tray' is hovered

2022-11-16 15:45:40 - [MESSAGE][PASSED] - Object: 'Object Repository/03-Header Menu/User Profile/View Profile/Profile Tab/img tray' is hovered

2022-11-16 15:45:40 - [TEST_STEP][PASSED] - click(findTestObject("03-Header Menu/User Profile/View Profile/Profile Tab/Upload Icon")): Object: 'Object Repository/03-Header Menu/User Profile/View Profile/Profile Tab/Upload Icon' is clicked on

2022-11-16 15:45:41 - [MESSAGE][PASSED] - Object: 'Object Repository/03-Header Menu/User Profile/View Profile/Profile Tab/Upload Icon' is clicked on

2022-11-16 15:45:41 - [TEST_STEP][PASSED] - delay(2): Delayed 2 second(s)

2022-11-16 15:45:43 - [MESSAGE][PASSED] - Delayed 2 second(s)

2022-11-16 15:45:43 - [TEST_STEP][PASSED] - verifyElementVisible(findTestObject("03-Header Menu/User Profile/View Profile/Profile Tab/Upload User Image modal")): Object 'Object Repository/03-Header Menu/User Profile/View Profile/Profile Tab/Upload User Image modal' is visible

2022-11-16 15:45:43 - [MESSAGE][PASSED] - Object 'Object Repository/03-Header Menu/User Profile/View Profile/Profile Tab/Upload User Image modal' is visible

2022-11-16 15:45:43 - [TEST_STEP][PASSED] - verifyElementNotClickable(findTestObject("03-Header Menu/User Profile/View Profile/Profile Tab/button_Upload Image")): Object 'Object Repository/03-Header Menu/User Profile/View Profile/Profile Tab/button_Upload Image' is NOT clickable

2022-11-16 15:45:43 - [MESSAGE][PASSED] - Object 'Object Repository/03-Header Menu/User Profile/View Profile/Profile Tab/button_Upload Image' is NOT clickable

2022-11-16 15:45:43 - [TEST_STEP][PASSED] - delay(1): Delayed 1 second(s)

2022-11-16 15:45:44 - [MESSAGE][PASSED] - Delayed 1 second(s)

2022-11-16 15:45:44 - [TEST_STEP][PASSED] - click(findTestObject("03-Header Menu/User Profile/View Profile/Profile Tab/button_Cancel")): Object: 'Object Repository/03-Header Menu/User Profile/View Profile/Profile Tab/button_Cancel' is clicked on

2022-11-16 15:45:45 - [MESSAGE][PASSED] - Object: 'Object Repository/03-Header Menu/User Profile/View Profile/Profile Tab/button_Cancel' is clicked on

2022-11-16 15:45:45 - [TEST_STEP][PASSED] - delay(2): Delayed 2 second(s)

2022-11-16 15:45:47 - [MESSAGE][PASSED] - Delayed 2 second(s)]]></system-out>
         <system-err><![CDATA[]]></system-err>
      </testcase>
      <testcase name="Test Cases/03-Header Menu/06- Edit Profile Tab (with changes)" time="32.494" classname="Test Cases/03-Header Menu/06- Edit Profile Tab (with changes)" status="PASSED">
         <system-out><![CDATA[2022-11-16 15:45:47 - [TEST_CASE][PASSED] - Test Cases/03-Header Menu/06- Edit Profile Tab (with changes): Test Cases/03-Header Menu/06- Edit Profile Tab (with changes)

2022-11-16 15:45:47 - [TEST_STEP][PASSED] - delay(3): Delayed 3 second(s)

2022-11-16 15:45:50 - [MESSAGE][PASSED] - Delayed 3 second(s)

2022-11-16 15:45:50 - [TEST_STEP][PASSED] - setText(findTestObject("03-Header Menu/User Profile/View Profile/Profile Tab/input_FirstName"), "THIS IS"): Text 'THIS IS' is set on object 'Object Repository/03-Header Menu/User Profile/View Profile/Profile Tab/input_FirstName'

2022-11-16 15:45:51 - [MESSAGE][PASSED] - Text 'THIS IS' is set on object 'Object Repository/03-Header Menu/User Profile/View Profile/Profile Tab/input_FirstName'

2022-11-16 15:45:51 - [TEST_STEP][PASSED] - setText(findTestObject("03-Header Menu/User Profile/View Profile/Profile Tab/input_LastName"), "AUTOMATION"): Text 'AUTOMATION' is set on object 'Object Repository/03-Header Menu/User Profile/View Profile/Profile Tab/input_LastName'

2022-11-16 15:45:52 - [MESSAGE][PASSED] - Text 'AUTOMATION' is set on object 'Object Repository/03-Header Menu/User Profile/View Profile/Profile Tab/input_LastName'

2022-11-16 15:45:52 - [TEST_STEP][PASSED] - delay(2): Delayed 2 second(s)

2022-11-16 15:45:54 - [MESSAGE][PASSED] - Delayed 2 second(s)

2022-11-16 15:45:54 - [TEST_STEP][PASSED] - click(findTestObject("03-Header Menu/User Profile/View Profile/Profile Tab/button_Save")): Object: 'Object Repository/03-Header Menu/User Profile/View Profile/Profile Tab/button_Save' is clicked on

2022-11-16 15:45:54 - [MESSAGE][PASSED] - Object: 'Object Repository/03-Header Menu/User Profile/View Profile/Profile Tab/button_Save' is clicked on

2022-11-16 15:45:54 - [TEST_STEP][PASSED] - verifyElementVisible(findTestObject("03-Header Menu/User Profile/View Profile/Profile Tab/success msg")): Object 'Object Repository/03-Header Menu/User Profile/View Profile/Profile Tab/success msg' is visible

2022-11-16 15:45:57 - [MESSAGE][PASSED] - Object 'Object Repository/03-Header Menu/User Profile/View Profile/Profile Tab/success msg' is visible

2022-11-16 15:45:57 - [TEST_STEP][PASSED] - delay(2): Delayed 2 second(s)

2022-11-16 15:45:59 - [MESSAGE][PASSED] - Delayed 2 second(s)

2022-11-16 15:45:59 - [TEST_STEP][PASSED] - setText(findTestObject("03-Header Menu/User Profile/View Profile/Profile Tab/input_FirstName"), "GG"): Text 'GG' is set on object 'Object Repository/03-Header Menu/User Profile/View Profile/Profile Tab/input_FirstName'

2022-11-16 15:46:00 - [MESSAGE][PASSED] - Text 'GG' is set on object 'Object Repository/03-Header Menu/User Profile/View Profile/Profile Tab/input_FirstName'

2022-11-16 15:46:00 - [TEST_STEP][PASSED] - setText(findTestObject("03-Header Menu/User Profile/View Profile/Profile Tab/input_LastName"), "TESTER"): Text 'TESTER' is set on object 'Object Repository/03-Header Menu/User Profile/View Profile/Profile Tab/input_LastName'

2022-11-16 15:46:01 - [MESSAGE][PASSED] - Text 'TESTER' is set on object 'Object Repository/03-Header Menu/User Profile/View Profile/Profile Tab/input_LastName'

2022-11-16 15:46:01 - [TEST_STEP][PASSED] - delay(2): Delayed 2 second(s)

2022-11-16 15:46:03 - [MESSAGE][PASSED] - Delayed 2 second(s)

2022-11-16 15:46:03 - [TEST_STEP][PASSED] - click(findTestObject("03-Header Menu/User Profile/View Profile/Profile Tab/button_Save")): Object: 'Object Repository/03-Header Menu/User Profile/View Profile/Profile Tab/button_Save' is clicked on

2022-11-16 15:46:03 - [MESSAGE][PASSED] - Object: 'Object Repository/03-Header Menu/User Profile/View Profile/Profile Tab/button_Save' is clicked on

2022-11-16 15:46:03 - [TEST_STEP][PASSED] - delay(3): Delayed 3 second(s)

2022-11-16 15:46:06 - [MESSAGE][PASSED] - Delayed 3 second(s)

2022-11-16 15:46:06 - [TEST_STEP][PASSED] - verifyElementVisible(findTestObject("03-Header Menu/User Profile/View Profile/Profile Tab/success msg")): Object 'Object Repository/03-Header Menu/User Profile/View Profile/Profile Tab/success msg' is visible

2022-11-16 15:46:06 - [MESSAGE][PASSED] - Object 'Object Repository/03-Header Menu/User Profile/View Profile/Profile Tab/success msg' is visible

2022-11-16 15:46:06 - [TEST_STEP][PASSED] - delay(2): Delayed 2 second(s)

2022-11-16 15:46:08 - [MESSAGE][PASSED] - Delayed 2 second(s)

2022-11-16 15:46:08 - [TEST_STEP][PASSED] - mouseOver(findTestObject("03-Header Menu/User Profile/View Profile/Profile Tab/img tray")): Object: 'Object Repository/03-Header Menu/User Profile/View Profile/Profile Tab/img tray' is hovered

2022-11-16 15:46:09 - [MESSAGE][PASSED] - Object: 'Object Repository/03-Header Menu/User Profile/View Profile/Profile Tab/img tray' is hovered

2022-11-16 15:46:09 - [TEST_STEP][PASSED] - click(findTestObject("03-Header Menu/User Profile/View Profile/Profile Tab/Upload Icon")): Object: 'Object Repository/03-Header Menu/User Profile/View Profile/Profile Tab/Upload Icon' is clicked on

2022-11-16 15:46:09 - [MESSAGE][PASSED] - Object: 'Object Repository/03-Header Menu/User Profile/View Profile/Profile Tab/Upload Icon' is clicked on

2022-11-16 15:46:09 - [TEST_STEP][PASSED] - uploadpackage.Upload.uploadFile(findTestObject("Object Repository/03-Header Menu/User Profile/View Profile/Profile Tab/button_folderBrowse"), "C:\Users\User\Desktop\EL automation\qa.jpg"): uploadpackage.Upload.uploadFile is PASSED

2022-11-16 15:46:10 - [MESSAGE][PASSED] - Object: 'Object Repository/03-Header Menu/User Profile/View Profile/Profile Tab/button_folderBrowse' is clicked on

2022-11-16 15:46:10 - [MESSAGE][PASSED] - uploadpackage.Upload.uploadFile is PASSED

2022-11-16 15:46:10 - [TEST_STEP][PASSED] - delay(2): Delayed 2 second(s)

2022-11-16 15:46:12 - [MESSAGE][PASSED] - Delayed 2 second(s)

2022-11-16 15:46:12 - [TEST_STEP][PASSED] - click(findTestObject("03-Header Menu/User Profile/View Profile/Profile Tab/button_Upload Image")): Object: 'Object Repository/03-Header Menu/User Profile/View Profile/Profile Tab/button_Upload Image' is clicked on

2022-11-16 15:46:13 - [MESSAGE][PASSED] - Object: 'Object Repository/03-Header Menu/User Profile/View Profile/Profile Tab/button_Upload Image' is clicked on

2022-11-16 15:46:13 - [TEST_STEP][PASSED] - delay(3): Delayed 3 second(s)

2022-11-16 15:46:16 - [MESSAGE][PASSED] - Delayed 3 second(s)

2022-11-16 15:46:16 - [TEST_STEP][PASSED] - verifyElementVisible(findTestObject("03-Header Menu/User Profile/View Profile/Contact Info/Successfully changed profile image")): Object 'Object Repository/03-Header Menu/User Profile/View Profile/Contact Info/Successfully changed profile image' is visible

2022-11-16 15:46:16 - [MESSAGE][PASSED] - Object 'Object Repository/03-Header Menu/User Profile/View Profile/Contact Info/Successfully changed profile image' is visible

2022-11-16 15:46:16 - [TEST_STEP][PASSED] - delay(3): Delayed 3 second(s)

2022-11-16 15:46:19 - [MESSAGE][PASSED] - Delayed 3 second(s)]]></system-out>
         <system-err><![CDATA[]]></system-err>
      </testcase>
      <testcase name="Test Cases/03-Header Menu/07- Security Tab (Blank phone number field)" time="19.702" classname="Test Cases/03-Header Menu/07- Security Tab (Blank phone number field)" status="PASSED">
         <system-out><![CDATA[2022-11-16 15:46:19 - [TEST_CASE][PASSED] - Test Cases/03-Header Menu/07- Security Tab (Blank phone number field): Test Cases/03-Header Menu/07- Security Tab (Blank phone number field)

2022-11-16 15:46:20 - [TEST_STEP][PASSED] - click(findTestObject("03-Header Menu/User Profile/View Profile/div_Security")): Object: 'Object Repository/03-Header Menu/User Profile/View Profile/div_Security' is clicked on

2022-11-16 15:46:20 - [MESSAGE][PASSED] - Object: 'Object Repository/03-Header Menu/User Profile/View Profile/div_Security' is clicked on

2022-11-16 15:46:20 - [TEST_STEP][PASSED] - delay(1): Delayed 1 second(s)

2022-11-16 15:46:21 - [MESSAGE][PASSED] - Delayed 1 second(s)

2022-11-16 15:46:21 - [TEST_STEP][PASSED] - verifyElementVisible(findTestObject("03-Header Menu/User Profile/View Profile/Security Tab (2FA)/title_2FA")): Object 'Object Repository/03-Header Menu/User Profile/View Profile/Security Tab (2FA)/title_2FA' is visible

2022-11-16 15:46:21 - [MESSAGE][PASSED] - Object 'Object Repository/03-Header Menu/User Profile/View Profile/Security Tab (2FA)/title_2FA' is visible

2022-11-16 15:46:21 - [TEST_STEP][PASSED] - verifyElementVisible(findTestObject("03-Header Menu/User Profile/View Profile/Security Tab (2FA)/2FA_toggle")): Object 'Object Repository/03-Header Menu/User Profile/View Profile/Security Tab (2FA)/2FA_toggle' is visible

2022-11-16 15:46:22 - [MESSAGE][PASSED] - Object 'Object Repository/03-Header Menu/User Profile/View Profile/Security Tab (2FA)/2FA_toggle' is visible

2022-11-16 15:46:22 - [TEST_STEP][PASSED] - verifyElementVisible(findTestObject("03-Header Menu/User Profile/View Profile/Security Tab (2FA)/input_Email")): Object 'Object Repository/03-Header Menu/User Profile/View Profile/Security Tab (2FA)/input_Email' is visible

2022-11-16 15:46:22 - [MESSAGE][PASSED] - Object 'Object Repository/03-Header Menu/User Profile/View Profile/Security Tab (2FA)/input_Email' is visible

2022-11-16 15:46:22 - [TEST_STEP][PASSED] - delay(1): Delayed 1 second(s)

2022-11-16 15:46:23 - [MESSAGE][PASSED] - Delayed 1 second(s)

2022-11-16 15:46:23 - [TEST_STEP][PASSED] - verifyElementNotPresent(findTestObject("03-Header Menu/User Profile/View Profile/Security Tab (2FA)/button_edit"), 0): Web element with id: 'Object Repository/03-Header Menu/User Profile/View Profile/Security Tab (2FA)/button_edit' located by 'By.xpath: //button[@type = 'button' and (text() = 'edit' or . = 'edit')]' is not present after '30' second(s)

2022-11-16 15:46:23 - [MESSAGE][WARNING] - Timeout '0' is invalid. Using default page load timeout: '30'

2022-11-16 15:46:24 - [MESSAGE][PASSED] - Web element with id: 'Object Repository/03-Header Menu/User Profile/View Profile/Security Tab (2FA)/button_edit' located by 'By.xpath: //button[@type = 'button' and (text() = 'edit' or . = 'edit')]' is not present after '30' second(s)

2022-11-16 15:46:24 - [TEST_STEP][PASSED] - delay(1): Delayed 1 second(s)

2022-11-16 15:46:25 - [MESSAGE][PASSED] - Delayed 1 second(s)

2022-11-16 15:46:25 - [TEST_STEP][PASSED] - click(findTestObject("03-Header Menu/User Profile/View Profile/Security Tab (2FA)/2FA_toggle")): Object: 'Object Repository/03-Header Menu/User Profile/View Profile/Security Tab (2FA)/2FA_toggle' is clicked on

2022-11-16 15:46:25 - [MESSAGE][PASSED] - Object: 'Object Repository/03-Header Menu/User Profile/View Profile/Security Tab (2FA)/2FA_toggle' is clicked on

2022-11-16 15:46:25 - [TEST_STEP][PASSED] - verifyElementVisible(findTestObject("03-Header Menu/User Profile/View Profile/Security Tab (2FA)/Success enable")): Object 'Object Repository/03-Header Menu/User Profile/View Profile/Security Tab (2FA)/Success enable' is visible

2022-11-16 15:46:26 - [MESSAGE][PASSED] - Object 'Object Repository/03-Header Menu/User Profile/View Profile/Security Tab (2FA)/Success enable' is visible

2022-11-16 15:46:26 - [TEST_STEP][PASSED] - delay(1): Delayed 1 second(s)

2022-11-16 15:46:27 - [MESSAGE][PASSED] - Delayed 1 second(s)

2022-11-16 15:46:27 - [TEST_STEP][PASSED] - click(findTestObject("03-Header Menu/User Profile/View Profile/Security Tab (2FA)/button_edit")): Object: 'Object Repository/03-Header Menu/User Profile/View Profile/Security Tab (2FA)/button_edit' is clicked on

2022-11-16 15:46:27 - [MESSAGE][PASSED] - Object: 'Object Repository/03-Header Menu/User Profile/View Profile/Security Tab (2FA)/button_edit' is clicked on

2022-11-16 15:46:27 - [TEST_STEP][PASSED] - verifyElementVisible(findTestObject("03-Header Menu/User Profile/View Profile/Security Tab (2FA)/2FA Phone Number modal")): Object 'Object Repository/03-Header Menu/User Profile/View Profile/Security Tab (2FA)/2FA Phone Number modal' is visible

2022-11-16 15:46:34 - [MESSAGE][PASSED] - Object 'Object Repository/03-Header Menu/User Profile/View Profile/Security Tab (2FA)/2FA Phone Number modal' is visible

2022-11-16 15:46:34 - [TEST_STEP][PASSED] - verifyElementVisible(findTestObject("03-Header Menu/User Profile/View Profile/Security Tab (2FA)/h4_Edit 2FA Phone Number")): Object 'Object Repository/03-Header Menu/User Profile/View Profile/Security Tab (2FA)/h4_Edit 2FA Phone Number' is visible

2022-11-16 15:46:34 - [MESSAGE][PASSED] - Object 'Object Repository/03-Header Menu/User Profile/View Profile/Security Tab (2FA)/h4_Edit 2FA Phone Number' is visible

2022-11-16 15:46:34 - [TEST_STEP][PASSED] - sendKeys(findTestObject("03-Header Menu/User Profile/View Profile/Security Tab (2FA)/input_phone number"), Keys.chord(ENTER)): Keys 'ENTER + ' sent to object: 'Object Repository/03-Header Menu/User Profile/View Profile/Security Tab (2FA)/input_phone number'

2022-11-16 15:46:35 - [MESSAGE][PASSED] - Keys 'ENTER + ' sent to object: 'Object Repository/03-Header Menu/User Profile/View Profile/Security Tab (2FA)/input_phone number'

2022-11-16 15:46:35 - [TEST_STEP][PASSED] - delay(3): Delayed 3 second(s)

2022-11-16 15:46:38 - [MESSAGE][PASSED] - Delayed 3 second(s)

2022-11-16 15:46:38 - [TEST_STEP][PASSED] - verifyElementVisible(findTestObject("03-Header Menu/User Profile/View Profile/Security Tab (2FA)/Phone_Error")): Object 'Object Repository/03-Header Menu/User Profile/View Profile/Security Tab (2FA)/Phone_Error' is visible

2022-11-16 15:46:38 - [MESSAGE][PASSED] - Object 'Object Repository/03-Header Menu/User Profile/View Profile/Security Tab (2FA)/Phone_Error' is visible

2022-11-16 15:46:38 - [TEST_STEP][PASSED] - delay(1): Delayed 1 second(s)

2022-11-16 15:46:39 - [MESSAGE][PASSED] - Delayed 1 second(s)]]></system-out>
         <system-err><![CDATA[]]></system-err>
      </testcase>
      <testcase name="Test Cases/03-Header Menu/08-Security Tab (Wrong phone number)" time="16.063" classname="Test Cases/03-Header Menu/08-Security Tab (Wrong phone number)" status="PASSED">
         <system-out><![CDATA[2022-11-16 15:46:39 - [TEST_CASE][PASSED] - Test Cases/03-Header Menu/08-Security Tab (Wrong phone number): Test Cases/03-Header Menu/08-Security Tab (Wrong phone number)

2022-11-16 15:46:39 - [TEST_STEP][PASSED] - click(findTestObject("03-Header Menu/User Profile/View Profile/Security Tab (2FA)/button_area code")): Object: 'Object Repository/03-Header Menu/User Profile/View Profile/Security Tab (2FA)/button_area code' is clicked on

2022-11-16 15:46:40 - [MESSAGE][PASSED] - Object: 'Object Repository/03-Header Menu/User Profile/View Profile/Security Tab (2FA)/button_area code' is clicked on

2022-11-16 15:46:40 - [TEST_STEP][PASSED] - verifyElementVisible(findTestObject("03-Header Menu/User Profile/View Profile/Security Tab (2FA)/Area code modal")): Object 'Object Repository/03-Header Menu/User Profile/View Profile/Security Tab (2FA)/Area code modal' is visible

2022-11-16 15:46:40 - [MESSAGE][PASSED] - Object 'Object Repository/03-Header Menu/User Profile/View Profile/Security Tab (2FA)/Area code modal' is visible

2022-11-16 15:46:40 - [TEST_STEP][PASSED] - setText(findTestObject("03-Header Menu/User Profile/View Profile/Security Tab (2FA)/area code search"), "PH"): Text 'PH' is set on object 'Object Repository/03-Header Menu/User Profile/View Profile/Security Tab (2FA)/area code search'

2022-11-16 15:46:41 - [MESSAGE][PASSED] - Text 'PH' is set on object 'Object Repository/03-Header Menu/User Profile/View Profile/Security Tab (2FA)/area code search'

2022-11-16 15:46:41 - [TEST_STEP][PASSED] - click(findTestObject("03-Header Menu/User Profile/View Profile/Security Tab (2FA)/button_Philippines 63")): Object: 'Object Repository/03-Header Menu/User Profile/View Profile/Security Tab (2FA)/button_Philippines 63' is clicked on

2022-11-16 15:46:42 - [MESSAGE][PASSED] - Object: 'Object Repository/03-Header Menu/User Profile/View Profile/Security Tab (2FA)/button_Philippines 63' is clicked on

2022-11-16 15:46:42 - [TEST_STEP][PASSED] - setText(findTestObject("03-Header Menu/User Profile/View Profile/Security Tab (2FA)/input_phone number"), "212968902"): Text '212968902' is set on object 'Object Repository/03-Header Menu/User Profile/View Profile/Security Tab (2FA)/input_phone number'

2022-11-16 15:46:43 - [MESSAGE][PASSED] - Text '212968902' is set on object 'Object Repository/03-Header Menu/User Profile/View Profile/Security Tab (2FA)/input_phone number'

2022-11-16 15:46:43 - [TEST_STEP][PASSED] - delay(2): Delayed 2 second(s)

2022-11-16 15:46:45 - [MESSAGE][PASSED] - Delayed 2 second(s)

2022-11-16 15:46:45 - [TEST_STEP][PASSED] - click(findTestObject("03-Header Menu/User Profile/View Profile/Security Tab (2FA)/button_Next")): Object: 'Object Repository/03-Header Menu/User Profile/View Profile/Security Tab (2FA)/button_Next' is clicked on

2022-11-16 15:46:46 - [MESSAGE][PASSED] - Object: 'Object Repository/03-Header Menu/User Profile/View Profile/Security Tab (2FA)/button_Next' is clicked on

2022-11-16 15:46:46 - [TEST_STEP][PASSED] - delay(1): Delayed 1 second(s)

2022-11-16 15:46:47 - [MESSAGE][PASSED] - Delayed 1 second(s)

2022-11-16 15:46:47 - [TEST_STEP][PASSED] - verifyElementVisible(findTestObject("03-Header Menu/User Profile/View Profile/Security Tab (2FA)/div_Failed to send SMS")): Object 'Object Repository/03-Header Menu/User Profile/View Profile/Security Tab (2FA)/div_Failed to send SMS' is visible

2022-11-16 15:46:47 - [MESSAGE][PASSED] - Object 'Object Repository/03-Header Menu/User Profile/View Profile/Security Tab (2FA)/div_Failed to send SMS' is visible

2022-11-16 15:46:47 - [TEST_STEP][PASSED] - delay(2): Delayed 2 second(s)

2022-11-16 15:46:49 - [MESSAGE][PASSED] - Delayed 2 second(s)

2022-11-16 15:46:49 - [TEST_STEP][PASSED] - click(findTestObject("03-Header Menu/User Profile/View Profile/Security Tab (2FA)/button_Cancel")): Object: 'Object Repository/03-Header Menu/User Profile/View Profile/Security Tab (2FA)/button_Cancel' is clicked on

2022-11-16 15:46:50 - [MESSAGE][PASSED] - Object: 'Object Repository/03-Header Menu/User Profile/View Profile/Security Tab (2FA)/button_Cancel' is clicked on

2022-11-16 15:46:50 - [TEST_STEP][PASSED] - click(findTestObject("03-Header Menu/User Profile/View Profile/Security Tab (2FA)/2FA_toggle")): Object: 'Object Repository/03-Header Menu/User Profile/View Profile/Security Tab (2FA)/2FA_toggle' is clicked on

2022-11-16 15:46:51 - [MESSAGE][PASSED] - Object: 'Object Repository/03-Header Menu/User Profile/View Profile/Security Tab (2FA)/2FA_toggle' is clicked on

2022-11-16 15:46:51 - [TEST_STEP][PASSED] - delay(2): Delayed 2 second(s)

2022-11-16 15:46:53 - [MESSAGE][PASSED] - Delayed 2 second(s)

2022-11-16 15:46:53 - [TEST_STEP][PASSED] - verifyElementVisible(findTestObject("03-Header Menu/User Profile/View Profile/Security Tab (2FA)/Success disable")): Object 'Object Repository/03-Header Menu/User Profile/View Profile/Security Tab (2FA)/Success disable' is visible

2022-11-16 15:46:53 - [MESSAGE][PASSED] - Object 'Object Repository/03-Header Menu/User Profile/View Profile/Security Tab (2FA)/Success disable' is visible

2022-11-16 15:46:53 - [TEST_STEP][PASSED] - delay(2): Delayed 2 second(s)

2022-11-16 15:46:55 - [MESSAGE][PASSED] - Delayed 2 second(s)]]></system-out>
         <system-err><![CDATA[]]></system-err>
      </testcase>
      <testcase name="Test Cases/03-Header Menu/09- Security Tab (Enabling 2FA)" time="21.672" classname="Test Cases/03-Header Menu/09- Security Tab (Enabling 2FA)" status="PASSED">
         <system-out><![CDATA[2022-11-16 15:46:55 - [TEST_CASE][PASSED] - Test Cases/03-Header Menu/09- Security Tab (Enabling 2FA): Test Cases/03-Header Menu/09- Security Tab (Enabling 2FA)

2022-11-16 15:46:55 - [TEST_STEP][PASSED] - click(findTestObject("03-Header Menu/User Profile/View Profile/Security Tab (2FA)/2FA_toggle")): Object: 'Object Repository/03-Header Menu/User Profile/View Profile/Security Tab (2FA)/2FA_toggle' is clicked on

2022-11-16 15:46:56 - [MESSAGE][PASSED] - Object: 'Object Repository/03-Header Menu/User Profile/View Profile/Security Tab (2FA)/2FA_toggle' is clicked on

2022-11-16 15:46:56 - [TEST_STEP][PASSED] - verifyElementVisible(findTestObject("03-Header Menu/User Profile/View Profile/Security Tab (2FA)/Success enable")): Object 'Object Repository/03-Header Menu/User Profile/View Profile/Security Tab (2FA)/Success enable' is visible

2022-11-16 15:46:57 - [MESSAGE][PASSED] - Object 'Object Repository/03-Header Menu/User Profile/View Profile/Security Tab (2FA)/Success enable' is visible

2022-11-16 15:46:57 - [TEST_STEP][PASSED] - delay(1): Delayed 1 second(s)

2022-11-16 15:46:58 - [MESSAGE][PASSED] - Delayed 1 second(s)

2022-11-16 15:46:58 - [TEST_STEP][PASSED] - click(findTestObject("03-Header Menu/User Profile/View Profile/Security Tab (2FA)/button_edit")): Object: 'Object Repository/03-Header Menu/User Profile/View Profile/Security Tab (2FA)/button_edit' is clicked on

2022-11-16 15:46:58 - [MESSAGE][PASSED] - Object: 'Object Repository/03-Header Menu/User Profile/View Profile/Security Tab (2FA)/button_edit' is clicked on

2022-11-16 15:46:58 - [TEST_STEP][PASSED] - verifyElementVisible(findTestObject("03-Header Menu/User Profile/View Profile/Security Tab (2FA)/2FA Phone Number modal")): Object 'Object Repository/03-Header Menu/User Profile/View Profile/Security Tab (2FA)/2FA Phone Number modal' is visible

2022-11-16 15:47:01 - [MESSAGE][PASSED] - Object 'Object Repository/03-Header Menu/User Profile/View Profile/Security Tab (2FA)/2FA Phone Number modal' is visible

2022-11-16 15:47:01 - [TEST_STEP][PASSED] - sendKeys(findTestObject("03-Header Menu/User Profile/View Profile/Security Tab (2FA)/input_phone number"), Keys.chord(ENTER)): Keys 'ENTER + ' sent to object: 'Object Repository/03-Header Menu/User Profile/View Profile/Security Tab (2FA)/input_phone number'

2022-11-16 15:47:01 - [MESSAGE][PASSED] - Keys 'ENTER + ' sent to object: 'Object Repository/03-Header Menu/User Profile/View Profile/Security Tab (2FA)/input_phone number'

2022-11-16 15:47:01 - [TEST_STEP][PASSED] - delay(1): Delayed 1 second(s)

2022-11-16 15:47:02 - [MESSAGE][PASSED] - Delayed 1 second(s)

2022-11-16 15:47:02 - [TEST_STEP][PASSED] - click(findTestObject("03-Header Menu/User Profile/View Profile/Security Tab (2FA)/button_area code")): Object: 'Object Repository/03-Header Menu/User Profile/View Profile/Security Tab (2FA)/button_area code' is clicked on

2022-11-16 15:47:02 - [MESSAGE][PASSED] - Object: 'Object Repository/03-Header Menu/User Profile/View Profile/Security Tab (2FA)/button_area code' is clicked on

2022-11-16 15:47:02 - [TEST_STEP][PASSED] - verifyElementVisible(findTestObject("03-Header Menu/User Profile/View Profile/Security Tab (2FA)/Area code modal")): Object 'Object Repository/03-Header Menu/User Profile/View Profile/Security Tab (2FA)/Area code modal' is visible

2022-11-16 15:47:03 - [MESSAGE][PASSED] - Object 'Object Repository/03-Header Menu/User Profile/View Profile/Security Tab (2FA)/Area code modal' is visible

2022-11-16 15:47:03 - [TEST_STEP][PASSED] - setText(findTestObject("03-Header Menu/User Profile/View Profile/Security Tab (2FA)/area code search"), "PH"): Text 'PH' is set on object 'Object Repository/03-Header Menu/User Profile/View Profile/Security Tab (2FA)/area code search'

2022-11-16 15:47:04 - [MESSAGE][PASSED] - Text 'PH' is set on object 'Object Repository/03-Header Menu/User Profile/View Profile/Security Tab (2FA)/area code search'

2022-11-16 15:47:04 - [TEST_STEP][PASSED] - click(findTestObject("03-Header Menu/User Profile/View Profile/Security Tab (2FA)/button_Philippines 63")): Object: 'Object Repository/03-Header Menu/User Profile/View Profile/Security Tab (2FA)/button_Philippines 63' is clicked on

2022-11-16 15:47:05 - [MESSAGE][PASSED] - Object: 'Object Repository/03-Header Menu/User Profile/View Profile/Security Tab (2FA)/button_Philippines 63' is clicked on

2022-11-16 15:47:05 - [TEST_STEP][PASSED] - setText(findTestObject("03-Header Menu/User Profile/View Profile/Security Tab (2FA)/input_phone number"), "9212968902"): Text '9212968902' is set on object 'Object Repository/03-Header Menu/User Profile/View Profile/Security Tab (2FA)/input_phone number'

2022-11-16 15:47:06 - [MESSAGE][PASSED] - Text '9212968902' is set on object 'Object Repository/03-Header Menu/User Profile/View Profile/Security Tab (2FA)/input_phone number'

2022-11-16 15:47:06 - [TEST_STEP][PASSED] - delay(2): Delayed 2 second(s)

2022-11-16 15:47:08 - [MESSAGE][PASSED] - Delayed 2 second(s)

2022-11-16 15:47:08 - [TEST_STEP][PASSED] - click(findTestObject("03-Header Menu/User Profile/View Profile/Security Tab (2FA)/button_Next")): Object: 'Object Repository/03-Header Menu/User Profile/View Profile/Security Tab (2FA)/button_Next' is clicked on

2022-11-16 15:47:09 - [MESSAGE][PASSED] - Object: 'Object Repository/03-Header Menu/User Profile/View Profile/Security Tab (2FA)/button_Next' is clicked on

2022-11-16 15:47:09 - [TEST_STEP][PASSED] - delay(1): Delayed 1 second(s)

2022-11-16 15:47:10 - [MESSAGE][PASSED] - Delayed 1 second(s)

2022-11-16 15:47:10 - [TEST_STEP][PASSED] - verifyElementVisible(findTestObject("03-Header Menu/User Profile/View Profile/Security Tab (2FA)/ver_code_success")): Object 'Object Repository/03-Header Menu/User Profile/View Profile/Security Tab (2FA)/ver_code_success' is visible

2022-11-16 15:47:10 - [MESSAGE][PASSED] - Object 'Object Repository/03-Header Menu/User Profile/View Profile/Security Tab (2FA)/ver_code_success' is visible

2022-11-16 15:47:10 - [TEST_STEP][PASSED] - delay(2): Delayed 2 second(s)

2022-11-16 15:47:12 - [MESSAGE][PASSED] - Delayed 2 second(s)

2022-11-16 15:47:12 - [TEST_STEP][PASSED] - click(findTestObject("03-Header Menu/User Profile/View Profile/Security Tab (2FA)/button_Cancel")): Object: 'Object Repository/03-Header Menu/User Profile/View Profile/Security Tab (2FA)/button_Cancel' is clicked on

2022-11-16 15:47:13 - [MESSAGE][PASSED] - Object: 'Object Repository/03-Header Menu/User Profile/View Profile/Security Tab (2FA)/button_Cancel' is clicked on

2022-11-16 15:47:13 - [TEST_STEP][PASSED] - click(findTestObject("03-Header Menu/User Profile/View Profile/Security Tab (2FA)/2FA_toggle")): Object: 'Object Repository/03-Header Menu/User Profile/View Profile/Security Tab (2FA)/2FA_toggle' is clicked on

2022-11-16 15:47:14 - [MESSAGE][PASSED] - Object: 'Object Repository/03-Header Menu/User Profile/View Profile/Security Tab (2FA)/2FA_toggle' is clicked on

2022-11-16 15:47:14 - [TEST_STEP][PASSED] - verifyElementVisible(findTestObject("03-Header Menu/User Profile/View Profile/Security Tab (2FA)/Success disable")): Object 'Object Repository/03-Header Menu/User Profile/View Profile/Security Tab (2FA)/Success disable' is visible

2022-11-16 15:47:15 - [MESSAGE][PASSED] - Object 'Object Repository/03-Header Menu/User Profile/View Profile/Security Tab (2FA)/Success disable' is visible

2022-11-16 15:47:15 - [TEST_STEP][PASSED] - delay(2): Delayed 2 second(s)

2022-11-16 15:47:17 - [MESSAGE][PASSED] - Delayed 2 second(s)]]></system-out>
         <system-err><![CDATA[]]></system-err>
      </testcase>
      <testcase name="Test Cases/03-Header Menu/10- Settings (Timezone select)" time="16.952" classname="Test Cases/03-Header Menu/10- Settings (Timezone select)" status="PASSED">
         <system-out><![CDATA[2022-11-16 15:47:17 - [TEST_CASE][PASSED] - Test Cases/03-Header Menu/10- Settings (Timezone select): Test Cases/03-Header Menu/10- Settings (Timezone select)

2022-11-16 15:47:17 - [TEST_STEP][PASSED] - click(findTestObject("03-Header Menu/User Profile/View Profile/div_Settings")): Object: 'Object Repository/03-Header Menu/User Profile/View Profile/div_Settings' is clicked on

2022-11-16 15:47:18 - [MESSAGE][PASSED] - Object: 'Object Repository/03-Header Menu/User Profile/View Profile/div_Settings' is clicked on

2022-11-16 15:47:18 - [TEST_STEP][PASSED] - delay(1): Delayed 1 second(s)

2022-11-16 15:47:19 - [MESSAGE][PASSED] - Delayed 1 second(s)

2022-11-16 15:47:19 - [TEST_STEP][PASSED] - verifyElementVisible(findTestObject("03-Header Menu/User Profile/View Profile/Settings/Dashboard Card")): Object 'Object Repository/03-Header Menu/User Profile/View Profile/Settings/Dashboard Card' is visible

2022-11-16 15:47:19 - [MESSAGE][PASSED] - Object 'Object Repository/03-Header Menu/User Profile/View Profile/Settings/Dashboard Card' is visible

2022-11-16 15:47:19 - [TEST_STEP][PASSED] - verifyElementVisible(findTestObject("03-Header Menu/User Profile/View Profile/Settings/Email Frequency")): Object 'Object Repository/03-Header Menu/User Profile/View Profile/Settings/Email Frequency' is visible

2022-11-16 15:47:19 - [MESSAGE][PASSED] - Object 'Object Repository/03-Header Menu/User Profile/View Profile/Settings/Email Frequency' is visible

2022-11-16 15:47:19 - [TEST_STEP][PASSED] - verifyElementVisible(findTestObject("03-Header Menu/User Profile/View Profile/Settings/Timezone")): Object 'Object Repository/03-Header Menu/User Profile/View Profile/Settings/Timezone' is visible

2022-11-16 15:47:20 - [MESSAGE][PASSED] - Object 'Object Repository/03-Header Menu/User Profile/View Profile/Settings/Timezone' is visible

2022-11-16 15:47:20 - [TEST_STEP][PASSED] - delay(3): Delayed 3 second(s)

2022-11-16 15:47:23 - [MESSAGE][PASSED] - Delayed 3 second(s)

2022-11-16 15:47:23 - [TEST_STEP][PASSED] - click(findTestObject("03-Header Menu/User Profile/View Profile/Settings/Timezone selector")): Object: 'Object Repository/03-Header Menu/User Profile/View Profile/Settings/Timezone selector' is clicked on

2022-11-16 15:47:23 - [MESSAGE][PASSED] - Object: 'Object Repository/03-Header Menu/User Profile/View Profile/Settings/Timezone selector' is clicked on

2022-11-16 15:47:23 - [TEST_STEP][PASSED] - click(findTestObject("03-Header Menu/User Profile/View Profile/Settings/span_(UTC0800) Beijing, Chongqing, Hong Kong, Urumqi")): Object: 'Object Repository/03-Header Menu/User Profile/View Profile/Settings/span_(UTC0800) Beijing, Chongqing, Hong Kong, Urumqi' is clicked on

2022-11-16 15:47:24 - [MESSAGE][PASSED] - Object: 'Object Repository/03-Header Menu/User Profile/View Profile/Settings/span_(UTC0800) Beijing, Chongqing, Hong Kong, Urumqi' is clicked on

2022-11-16 15:47:24 - [TEST_STEP][PASSED] - click(findTestObject("03-Header Menu/User Profile/View Profile/Settings/button_Save")): Object: 'Object Repository/03-Header Menu/User Profile/View Profile/Settings/button_Save' is clicked on

2022-11-16 15:47:25 - [MESSAGE][PASSED] - Object: 'Object Repository/03-Header Menu/User Profile/View Profile/Settings/button_Save' is clicked on

2022-11-16 15:47:25 - [TEST_STEP][PASSED] - delay(1): Delayed 1 second(s)

2022-11-16 15:47:26 - [MESSAGE][PASSED] - Delayed 1 second(s)

2022-11-16 15:47:26 - [TEST_STEP][PASSED] - verifyElementVisible(findTestObject("03-Header Menu/User Profile/View Profile/Settings/Successfully msg")): Object 'Object Repository/03-Header Menu/User Profile/View Profile/Settings/Successfully msg' is visible

2022-11-16 15:47:26 - [MESSAGE][PASSED] - Object 'Object Repository/03-Header Menu/User Profile/View Profile/Settings/Successfully msg' is visible

2022-11-16 15:47:26 - [TEST_STEP][PASSED] - delay(2): Delayed 2 second(s)

2022-11-16 15:47:28 - [MESSAGE][PASSED] - Delayed 2 second(s)

2022-11-16 15:47:28 - [TEST_STEP][PASSED] - click(findTestObject("03-Header Menu/User Profile/View Profile/Settings/Timezone selector")): Object: 'Object Repository/03-Header Menu/User Profile/View Profile/Settings/Timezone selector' is clicked on

2022-11-16 15:47:29 - [MESSAGE][PASSED] - Object: 'Object Repository/03-Header Menu/User Profile/View Profile/Settings/Timezone selector' is clicked on

2022-11-16 15:47:29 - [TEST_STEP][PASSED] - click(findTestObject("03-Header Menu/User Profile/View Profile/Settings/span_(UTC0800) Kuala Lumpur, Singapore")): Object: 'Object Repository/03-Header Menu/User Profile/View Profile/Settings/span_(UTC0800) Kuala Lumpur, Singapore' is clicked on

2022-11-16 15:47:29 - [MESSAGE][PASSED] - Object: 'Object Repository/03-Header Menu/User Profile/View Profile/Settings/span_(UTC0800) Kuala Lumpur, Singapore' is clicked on

2022-11-16 15:47:29 - [TEST_STEP][PASSED] - click(findTestObject("03-Header Menu/User Profile/View Profile/Settings/button_Save")): Object: 'Object Repository/03-Header Menu/User Profile/View Profile/Settings/button_Save' is clicked on

2022-11-16 15:47:30 - [MESSAGE][PASSED] - Object: 'Object Repository/03-Header Menu/User Profile/View Profile/Settings/button_Save' is clicked on

2022-11-16 15:47:30 - [TEST_STEP][PASSED] - delay(1): Delayed 1 second(s)

2022-11-16 15:47:31 - [MESSAGE][PASSED] - Delayed 1 second(s)

2022-11-16 15:47:31 - [TEST_STEP][PASSED] - verifyElementVisible(findTestObject("03-Header Menu/User Profile/View Profile/Settings/Successfully msg")): Object 'Object Repository/03-Header Menu/User Profile/View Profile/Settings/Successfully msg' is visible

2022-11-16 15:47:32 - [MESSAGE][PASSED] - Object 'Object Repository/03-Header Menu/User Profile/View Profile/Settings/Successfully msg' is visible

2022-11-16 15:47:32 - [TEST_STEP][PASSED] - delay(2): Delayed 2 second(s)

2022-11-16 15:47:34 - [MESSAGE][PASSED] - Delayed 2 second(s)]]></system-out>
         <system-err><![CDATA[]]></system-err>
      </testcase>
      <testcase name="Test Cases/03-Header Menu/11-Settings (Email Frequency select)" time="31.793" classname="Test Cases/03-Header Menu/11-Settings (Email Frequency select)" status="PASSED">
         <system-out><![CDATA[2022-11-16 15:47:34 - [TEST_CASE][PASSED] - Test Cases/03-Header Menu/11-Settings (Email Frequency select): Test Cases/03-Header Menu/11-Settings (Email Frequency select)

2022-11-16 15:47:34 - [TEST_STEP][PASSED] - click(findTestObject("03-Header Menu/User Profile/View Profile/Settings/Email Frequency selector")): Object: 'Object Repository/03-Header Menu/User Profile/View Profile/Settings/Email Frequency selector' is clicked on

2022-11-16 15:47:34 - [MESSAGE][PASSED] - Object: 'Object Repository/03-Header Menu/User Profile/View Profile/Settings/Email Frequency selector' is clicked on

2022-11-16 15:47:34 - [TEST_STEP][PASSED] - click(findTestObject("03-Header Menu/User Profile/View Profile/Settings/span_None")): Object: 'Object Repository/03-Header Menu/User Profile/View Profile/Settings/span_None' is clicked on

2022-11-16 15:47:35 - [MESSAGE][PASSED] - Object: 'Object Repository/03-Header Menu/User Profile/View Profile/Settings/span_None' is clicked on

2022-11-16 15:47:35 - [TEST_STEP][PASSED] - click(findTestObject("03-Header Menu/User Profile/View Profile/Settings/button_Save")): Object: 'Object Repository/03-Header Menu/User Profile/View Profile/Settings/button_Save' is clicked on

2022-11-16 15:47:36 - [MESSAGE][PASSED] - Object: 'Object Repository/03-Header Menu/User Profile/View Profile/Settings/button_Save' is clicked on

2022-11-16 15:47:36 - [TEST_STEP][PASSED] - verifyElementVisible(findTestObject("03-Header Menu/User Profile/View Profile/Settings/Successfully msg")): Object 'Object Repository/03-Header Menu/User Profile/View Profile/Settings/Successfully msg' is visible

2022-11-16 15:47:37 - [MESSAGE][PASSED] - Object 'Object Repository/03-Header Menu/User Profile/View Profile/Settings/Successfully msg' is visible

2022-11-16 15:47:37 - [TEST_STEP][PASSED] - delay(2): Delayed 2 second(s)

2022-11-16 15:47:39 - [MESSAGE][PASSED] - Delayed 2 second(s)

2022-11-16 15:47:39 - [TEST_STEP][PASSED] - click(findTestObject("03-Header Menu/User Profile/View Profile/Settings/Email Frequency selector")): Object: 'Object Repository/03-Header Menu/User Profile/View Profile/Settings/Email Frequency selector' is clicked on

2022-11-16 15:47:40 - [MESSAGE][PASSED] - Object: 'Object Repository/03-Header Menu/User Profile/View Profile/Settings/Email Frequency selector' is clicked on

2022-11-16 15:47:40 - [TEST_STEP][PASSED] - click(findTestObject("03-Header Menu/User Profile/View Profile/Settings/span_Every 2 hours")): Object: 'Object Repository/03-Header Menu/User Profile/View Profile/Settings/span_Every 2 hours' is clicked on

2022-11-16 15:47:41 - [MESSAGE][PASSED] - Object: 'Object Repository/03-Header Menu/User Profile/View Profile/Settings/span_Every 2 hours' is clicked on

2022-11-16 15:47:41 - [TEST_STEP][PASSED] - click(findTestObject("03-Header Menu/User Profile/View Profile/Settings/button_Save")): Object: 'Object Repository/03-Header Menu/User Profile/View Profile/Settings/button_Save' is clicked on

2022-11-16 15:47:42 - [MESSAGE][PASSED] - Object: 'Object Repository/03-Header Menu/User Profile/View Profile/Settings/button_Save' is clicked on

2022-11-16 15:47:42 - [TEST_STEP][PASSED] - verifyElementVisible(findTestObject("03-Header Menu/User Profile/View Profile/Settings/Successfully msg")): Object 'Object Repository/03-Header Menu/User Profile/View Profile/Settings/Successfully msg' is visible

2022-11-16 15:47:43 - [MESSAGE][PASSED] - Object 'Object Repository/03-Header Menu/User Profile/View Profile/Settings/Successfully msg' is visible

2022-11-16 15:47:43 - [TEST_STEP][PASSED] - delay(2): Delayed 2 second(s)

2022-11-16 15:47:45 - [MESSAGE][PASSED] - Delayed 2 second(s)

2022-11-16 15:47:45 - [TEST_STEP][PASSED] - click(findTestObject("03-Header Menu/User Profile/View Profile/Settings/Email Frequency selector")): Object: 'Object Repository/03-Header Menu/User Profile/View Profile/Settings/Email Frequency selector' is clicked on

2022-11-16 15:47:46 - [MESSAGE][PASSED] - Object: 'Object Repository/03-Header Menu/User Profile/View Profile/Settings/Email Frequency selector' is clicked on

2022-11-16 15:47:46 - [TEST_STEP][PASSED] - click(findTestObject("03-Header Menu/User Profile/View Profile/Settings/span_Every 6 hours")): Object: 'Object Repository/03-Header Menu/User Profile/View Profile/Settings/span_Every 6 hours' is clicked on

2022-11-16 15:47:46 - [MESSAGE][PASSED] - Object: 'Object Repository/03-Header Menu/User Profile/View Profile/Settings/span_Every 6 hours' is clicked on

2022-11-16 15:47:46 - [TEST_STEP][PASSED] - click(findTestObject("03-Header Menu/User Profile/View Profile/Settings/button_Save")): Object: 'Object Repository/03-Header Menu/User Profile/View Profile/Settings/button_Save' is clicked on

2022-11-16 15:47:47 - [MESSAGE][PASSED] - Object: 'Object Repository/03-Header Menu/User Profile/View Profile/Settings/button_Save' is clicked on

2022-11-16 15:47:47 - [TEST_STEP][PASSED] - verifyElementVisible(findTestObject("03-Header Menu/User Profile/View Profile/Settings/Successfully msg")): Object 'Object Repository/03-Header Menu/User Profile/View Profile/Settings/Successfully msg' is visible

2022-11-16 15:47:48 - [MESSAGE][PASSED] - Object 'Object Repository/03-Header Menu/User Profile/View Profile/Settings/Successfully msg' is visible

2022-11-16 15:47:48 - [TEST_STEP][PASSED] - delay(2): Delayed 2 second(s)

2022-11-16 15:47:50 - [MESSAGE][PASSED] - Delayed 2 second(s)

2022-11-16 15:47:50 - [TEST_STEP][PASSED] - click(findTestObject("03-Header Menu/User Profile/View Profile/Settings/Email Frequency selector")): Object: 'Object Repository/03-Header Menu/User Profile/View Profile/Settings/Email Frequency selector' is clicked on

2022-11-16 15:47:51 - [MESSAGE][PASSED] - Object: 'Object Repository/03-Header Menu/User Profile/View Profile/Settings/Email Frequency selector' is clicked on

2022-11-16 15:47:51 - [TEST_STEP][PASSED] - click(findTestObject("03-Header Menu/User Profile/View Profile/Settings/span_Every 12 hours")): Object: 'Object Repository/03-Header Menu/User Profile/View Profile/Settings/span_Every 12 hours' is clicked on

2022-11-16 15:47:51 - [MESSAGE][PASSED] - Object: 'Object Repository/03-Header Menu/User Profile/View Profile/Settings/span_Every 12 hours' is clicked on

2022-11-16 15:47:51 - [TEST_STEP][PASSED] - click(findTestObject("03-Header Menu/User Profile/View Profile/Settings/button_Save")): Object: 'Object Repository/03-Header Menu/User Profile/View Profile/Settings/button_Save' is clicked on

2022-11-16 15:47:52 - [MESSAGE][PASSED] - Object: 'Object Repository/03-Header Menu/User Profile/View Profile/Settings/button_Save' is clicked on

2022-11-16 15:47:52 - [TEST_STEP][PASSED] - verifyElementVisible(findTestObject("03-Header Menu/User Profile/View Profile/Settings/Successfully msg")): Object 'Object Repository/03-Header Menu/User Profile/View Profile/Settings/Successfully msg' is visible

2022-11-16 15:47:53 - [MESSAGE][PASSED] - Object 'Object Repository/03-Header Menu/User Profile/View Profile/Settings/Successfully msg' is visible

2022-11-16 15:47:53 - [TEST_STEP][PASSED] - delay(2): Delayed 2 second(s)

2022-11-16 15:47:55 - [MESSAGE][PASSED] - Delayed 2 second(s)

2022-11-16 15:47:55 - [TEST_STEP][PASSED] - click(findTestObject("03-Header Menu/User Profile/View Profile/Settings/Email Frequency selector")): Object: 'Object Repository/03-Header Menu/User Profile/View Profile/Settings/Email Frequency selector' is clicked on

2022-11-16 15:47:56 - [MESSAGE][PASSED] - Object: 'Object Repository/03-Header Menu/User Profile/View Profile/Settings/Email Frequency selector' is clicked on

2022-11-16 15:47:56 - [TEST_STEP][PASSED] - click(findTestObject("03-Header Menu/User Profile/View Profile/Settings/span_Once a day (9pm local time)")): Object: 'Object Repository/03-Header Menu/User Profile/View Profile/Settings/span_Once a day (9pm local time)' is clicked on

2022-11-16 15:47:56 - [MESSAGE][PASSED] - Object: 'Object Repository/03-Header Menu/User Profile/View Profile/Settings/span_Once a day (9pm local time)' is clicked on

2022-11-16 15:47:56 - [TEST_STEP][PASSED] - click(findTestObject("03-Header Menu/User Profile/View Profile/Settings/button_Save")): Object: 'Object Repository/03-Header Menu/User Profile/View Profile/Settings/button_Save' is clicked on

2022-11-16 15:47:57 - [MESSAGE][PASSED] - Object: 'Object Repository/03-Header Menu/User Profile/View Profile/Settings/button_Save' is clicked on

2022-11-16 15:47:57 - [TEST_STEP][PASSED] - verifyElementVisible(findTestObject("03-Header Menu/User Profile/View Profile/Settings/Successfully msg")): Object 'Object Repository/03-Header Menu/User Profile/View Profile/Settings/Successfully msg' is visible

2022-11-16 15:47:58 - [MESSAGE][PASSED] - Object 'Object Repository/03-Header Menu/User Profile/View Profile/Settings/Successfully msg' is visible

2022-11-16 15:47:58 - [TEST_STEP][PASSED] - delay(2): Delayed 2 second(s)

2022-11-16 15:48:00 - [MESSAGE][PASSED] - Delayed 2 second(s)

2022-11-16 15:48:00 - [TEST_STEP][PASSED] - click(findTestObject("03-Header Menu/User Profile/View Profile/Settings/Email Frequency selector")): Object: 'Object Repository/03-Header Menu/User Profile/View Profile/Settings/Email Frequency selector' is clicked on

2022-11-16 15:48:01 - [MESSAGE][PASSED] - Object: 'Object Repository/03-Header Menu/User Profile/View Profile/Settings/Email Frequency selector' is clicked on

2022-11-16 15:48:01 - [TEST_STEP][PASSED] - click(findTestObject("03-Header Menu/User Profile/View Profile/Settings/span_Every 4 hours")): Object: 'Object Repository/03-Header Menu/User Profile/View Profile/Settings/span_Every 4 hours' is clicked on

2022-11-16 15:48:02 - [MESSAGE][PASSED] - Object: 'Object Repository/03-Header Menu/User Profile/View Profile/Settings/span_Every 4 hours' is clicked on

2022-11-16 15:48:02 - [TEST_STEP][PASSED] - click(findTestObject("03-Header Menu/User Profile/View Profile/Settings/button_Save")): Object: 'Object Repository/03-Header Menu/User Profile/View Profile/Settings/button_Save' is clicked on

2022-11-16 15:48:03 - [MESSAGE][PASSED] - Object: 'Object Repository/03-Header Menu/User Profile/View Profile/Settings/button_Save' is clicked on

2022-11-16 15:48:03 - [TEST_STEP][PASSED] - verifyElementVisible(findTestObject("03-Header Menu/User Profile/View Profile/Settings/Successfully msg")): Object 'Object Repository/03-Header Menu/User Profile/View Profile/Settings/Successfully msg' is visible

2022-11-16 15:48:03 - [MESSAGE][PASSED] - Object 'Object Repository/03-Header Menu/User Profile/View Profile/Settings/Successfully msg' is visible

2022-11-16 15:48:03 - [TEST_STEP][PASSED] - delay(2): Delayed 2 second(s)

2022-11-16 15:48:05 - [MESSAGE][PASSED] - Delayed 2 second(s)]]></system-out>
         <system-err><![CDATA[]]></system-err>
      </testcase>
      <testcase name="Test Cases/03-Header Menu/12- Contact Info (add-remove email)" time="24.098" classname="Test Cases/03-Header Menu/12- Contact Info (add-remove email)" status="PASSED">
         <system-out><![CDATA[2022-11-16 15:48:05 - [TEST_CASE][PASSED] - Test Cases/03-Header Menu/12- Contact Info (add-remove email): Test Cases/03-Header Menu/12- Contact Info (add-remove email)

2022-11-16 15:48:06 - [TEST_STEP][PASSED] - click(findTestObject("03-Header Menu/User Profile/View Profile/div_Contact Info")): Object: 'Object Repository/03-Header Menu/User Profile/View Profile/div_Contact Info' is clicked on

2022-11-16 15:48:07 - [MESSAGE][PASSED] - Object: 'Object Repository/03-Header Menu/User Profile/View Profile/div_Contact Info' is clicked on

2022-11-16 15:48:07 - [TEST_STEP][PASSED] - delay(1): Delayed 1 second(s)

2022-11-16 15:48:08 - [MESSAGE][PASSED] - Delayed 1 second(s)

2022-11-16 15:48:08 - [TEST_STEP][PASSED] - verifyElementVisible(findTestObject("03-Header Menu/User Profile/View Profile/Contact Info/div_Email")): Object 'Object Repository/03-Header Menu/User Profile/View Profile/Contact Info/div_Email' is visible

2022-11-16 15:48:08 - [MESSAGE][PASSED] - Object 'Object Repository/03-Header Menu/User Profile/View Profile/Contact Info/div_Email' is visible

2022-11-16 15:48:08 - [TEST_STEP][PASSED] - verifyElementVisible(findTestObject("03-Header Menu/User Profile/View Profile/Contact Info/div_Phone")): Object 'Object Repository/03-Header Menu/User Profile/View Profile/Contact Info/div_Phone' is visible

2022-11-16 15:48:09 - [MESSAGE][PASSED] - Object 'Object Repository/03-Header Menu/User Profile/View Profile/Contact Info/div_Phone' is visible

2022-11-16 15:48:09 - [TEST_STEP][PASSED] - verifyElementVisible(findTestObject("03-Header Menu/User Profile/View Profile/Contact Info/div_Address")): Object 'Object Repository/03-Header Menu/User Profile/View Profile/Contact Info/div_Address' is visible

2022-11-16 15:48:09 - [MESSAGE][PASSED] - Object 'Object Repository/03-Header Menu/User Profile/View Profile/Contact Info/div_Address' is visible

2022-11-16 15:48:09 - [TEST_STEP][PASSED] - delay(1): Delayed 1 second(s)

2022-11-16 15:48:10 - [MESSAGE][PASSED] - Delayed 1 second(s)

2022-11-16 15:48:10 - [TEST_STEP][PASSED] - setText(findTestObject("03-Header Menu/User Profile/View Profile/Contact Info/Positon Field"), "Auto"): Text 'Auto' is set on object 'Object Repository/03-Header Menu/User Profile/View Profile/Contact Info/Positon Field'

2022-11-16 15:48:13 - [MESSAGE][PASSED] - Text 'Auto' is set on object 'Object Repository/03-Header Menu/User Profile/View Profile/Contact Info/Positon Field'

2022-11-16 15:48:13 - [TEST_STEP][PASSED] - click(findTestObject("03-Header Menu/User Profile/View Profile/Contact Info/div_Email Type")): Object: 'Object Repository/03-Header Menu/User Profile/View Profile/Contact Info/div_Email Type' is clicked on

2022-11-16 15:48:13 - [MESSAGE][PASSED] - Object: 'Object Repository/03-Header Menu/User Profile/View Profile/Contact Info/div_Email Type' is clicked on

2022-11-16 15:48:13 - [TEST_STEP][PASSED] - verifyElementVisible(findTestObject("03-Header Menu/User Profile/View Profile/Contact Info/span_Work")): Object 'Object Repository/03-Header Menu/User Profile/View Profile/Contact Info/span_Work' is visible

2022-11-16 15:48:14 - [MESSAGE][PASSED] - Object 'Object Repository/03-Header Menu/User Profile/View Profile/Contact Info/span_Work' is visible

2022-11-16 15:48:14 - [TEST_STEP][PASSED] - verifyElementVisible(findTestObject("03-Header Menu/User Profile/View Profile/Contact Info/span_Personal")): Object 'Object Repository/03-Header Menu/User Profile/View Profile/Contact Info/span_Personal' is visible

2022-11-16 15:48:14 - [MESSAGE][PASSED] - Object 'Object Repository/03-Header Menu/User Profile/View Profile/Contact Info/span_Personal' is visible

2022-11-16 15:48:14 - [TEST_STEP][PASSED] - verifyElementVisible(findTestObject("03-Header Menu/User Profile/View Profile/Contact Info/span_Other")): Object 'Object Repository/03-Header Menu/User Profile/View Profile/Contact Info/span_Other' is visible

2022-11-16 15:48:14 - [MESSAGE][PASSED] - Object 'Object Repository/03-Header Menu/User Profile/View Profile/Contact Info/span_Other' is visible

2022-11-16 15:48:14 - [TEST_STEP][PASSED] - delay(1): Delayed 1 second(s)

2022-11-16 15:48:15 - [MESSAGE][PASSED] - Delayed 1 second(s)

2022-11-16 15:48:15 - [TEST_STEP][PASSED] - click(findTestObject("03-Header Menu/User Profile/View Profile/Contact Info/div_Email")): Object: 'Object Repository/03-Header Menu/User Profile/View Profile/Contact Info/div_Email' is clicked on

2022-11-16 15:48:16 - [MESSAGE][PASSED] - Object: 'Object Repository/03-Header Menu/User Profile/View Profile/Contact Info/div_Email' is clicked on

2022-11-16 15:48:16 - [TEST_STEP][PASSED] - click(findTestObject("03-Header Menu/User Profile/View Profile/Contact Info/add email button")): Object: 'Object Repository/03-Header Menu/User Profile/View Profile/Contact Info/add email button' is clicked on

2022-11-16 15:48:16 - [MESSAGE][PASSED] - Object: 'Object Repository/03-Header Menu/User Profile/View Profile/Contact Info/add email button' is clicked on

2022-11-16 15:48:16 - [TEST_STEP][PASSED] - setText(findTestObject("03-Header Menu/User Profile/View Profile/Contact Info/email field"), "auto@automation.com"): Text 'auto@automation.com' is set on object 'Object Repository/03-Header Menu/User Profile/View Profile/Contact Info/email field'

2022-11-16 15:48:17 - [MESSAGE][PASSED] - Text 'auto@automation.com' is set on object 'Object Repository/03-Header Menu/User Profile/View Profile/Contact Info/email field'

2022-11-16 15:48:17 - [TEST_STEP][PASSED] - sendKeys(findTestObject("03-Header Menu/User Profile/View Profile/Contact Info/email field"), Keys.chord(ENTER)): Keys 'ENTER + ' sent to object: 'Object Repository/03-Header Menu/User Profile/View Profile/Contact Info/email field'

2022-11-16 15:48:18 - [MESSAGE][PASSED] - Keys 'ENTER + ' sent to object: 'Object Repository/03-Header Menu/User Profile/View Profile/Contact Info/email field'

2022-11-16 15:48:18 - [TEST_STEP][PASSED] - click(findTestObject("03-Header Menu/User Profile/View Profile/Contact Info/button_Save")): Object: 'Object Repository/03-Header Menu/User Profile/View Profile/Contact Info/button_Save' is clicked on

2022-11-16 15:48:18 - [MESSAGE][PASSED] - Object: 'Object Repository/03-Header Menu/User Profile/View Profile/Contact Info/button_Save' is clicked on

2022-11-16 15:48:18 - [TEST_STEP][PASSED] - verifyElementVisible(findTestObject("03-Header Menu/User Profile/View Profile/Contact Info/Success Msg")): Object 'Object Repository/03-Header Menu/User Profile/View Profile/Contact Info/Success Msg' is visible

2022-11-16 15:48:20 - [MESSAGE][PASSED] - Object 'Object Repository/03-Header Menu/User Profile/View Profile/Contact Info/Success Msg' is visible

2022-11-16 15:48:20 - [TEST_STEP][PASSED] - delay(2): Delayed 2 second(s)

2022-11-16 15:48:22 - [MESSAGE][PASSED] - Delayed 2 second(s)

2022-11-16 15:48:22 - [TEST_STEP][PASSED] - mouseOver(findTestObject("03-Header Menu/User Profile/View Profile/Contact Info/email field")): Object: 'Object Repository/03-Header Menu/User Profile/View Profile/Contact Info/email field' is hovered

2022-11-16 15:48:22 - [MESSAGE][PASSED] - Object: 'Object Repository/03-Header Menu/User Profile/View Profile/Contact Info/email field' is hovered

2022-11-16 15:48:22 - [TEST_STEP][PASSED] - click(findTestObject("03-Header Menu/User Profile/View Profile/Contact Info/remove email")): Object: 'Object Repository/03-Header Menu/User Profile/View Profile/Contact Info/remove email' is clicked on

2022-11-16 15:48:23 - [MESSAGE][PASSED] - Object: 'Object Repository/03-Header Menu/User Profile/View Profile/Contact Info/remove email' is clicked on

2022-11-16 15:48:23 - [TEST_STEP][PASSED] - sendKeys(findTestObject("03-Header Menu/User Profile/View Profile/Contact Info/Positon Field"), Keys.chord(ENTER)): Keys 'ENTER + ' sent to object: 'Object Repository/03-Header Menu/User Profile/View Profile/Contact Info/Positon Field'

2022-11-16 15:48:23 - [MESSAGE][PASSED] - Keys 'ENTER + ' sent to object: 'Object Repository/03-Header Menu/User Profile/View Profile/Contact Info/Positon Field'

2022-11-16 15:48:23 - [TEST_STEP][PASSED] - delay(2): Delayed 2 second(s)

2022-11-16 15:48:25 - [MESSAGE][PASSED] - Delayed 2 second(s)

2022-11-16 15:48:25 - [TEST_STEP][PASSED] - click(findTestObject("03-Header Menu/User Profile/View Profile/Contact Info/button_Save")): Object: 'Object Repository/03-Header Menu/User Profile/View Profile/Contact Info/button_Save' is clicked on

2022-11-16 15:48:26 - [MESSAGE][PASSED] - Object: 'Object Repository/03-Header Menu/User Profile/View Profile/Contact Info/button_Save' is clicked on

2022-11-16 15:48:26 - [TEST_STEP][PASSED] - verifyElementVisible(findTestObject("03-Header Menu/User Profile/View Profile/Contact Info/Success Msg")): Object 'Object Repository/03-Header Menu/User Profile/View Profile/Contact Info/Success Msg' is visible

2022-11-16 15:48:28 - [MESSAGE][PASSED] - Object 'Object Repository/03-Header Menu/User Profile/View Profile/Contact Info/Success Msg' is visible

2022-11-16 15:48:28 - [TEST_STEP][PASSED] - delay(2): Delayed 2 second(s)

2022-11-16 15:48:30 - [MESSAGE][PASSED] - Delayed 2 second(s)]]></system-out>
         <system-err><![CDATA[]]></system-err>
      </testcase>
      <testcase name="Test Cases/03-Header Menu/13- Contact Info (add-remove phone number)" time="15.258" classname="Test Cases/03-Header Menu/13- Contact Info (add-remove phone number)" status="PASSED">
         <system-out><![CDATA[2022-11-16 15:48:30 - [TEST_CASE][PASSED] - Test Cases/03-Header Menu/13- Contact Info (add-remove phone number): Test Cases/03-Header Menu/13- Contact Info (add-remove phone number)

2022-11-16 15:48:30 - [TEST_STEP][PASSED] - click(findTestObject("03-Header Menu/User Profile/View Profile/Contact Info/phone field")): Object: 'Object Repository/03-Header Menu/User Profile/View Profile/Contact Info/phone field' is clicked on

2022-11-16 15:48:30 - [MESSAGE][PASSED] - Object: 'Object Repository/03-Header Menu/User Profile/View Profile/Contact Info/phone field' is clicked on

2022-11-16 15:48:30 - [TEST_STEP][PASSED] - click(findTestObject("03-Header Menu/User Profile/View Profile/Contact Info/area code selector")): Object: 'Object Repository/03-Header Menu/User Profile/View Profile/Contact Info/area code selector' is clicked on

2022-11-16 15:48:31 - [MESSAGE][PASSED] - Object: 'Object Repository/03-Header Menu/User Profile/View Profile/Contact Info/area code selector' is clicked on

2022-11-16 15:48:31 - [TEST_STEP][PASSED] - verifyElementVisible(findTestObject("03-Header Menu/User Profile/View Profile/Contact Info/area code modal")): Object 'Object Repository/03-Header Menu/User Profile/View Profile/Contact Info/area code modal' is visible

2022-11-16 15:48:31 - [MESSAGE][PASSED] - Object 'Object Repository/03-Header Menu/User Profile/View Profile/Contact Info/area code modal' is visible

2022-11-16 15:48:31 - [TEST_STEP][PASSED] - click(findTestObject("03-Header Menu/User Profile/View Profile/Contact Info/button_Philippines 63")): Object: 'Object Repository/03-Header Menu/User Profile/View Profile/Contact Info/button_Philippines 63' is clicked on

2022-11-16 15:48:32 - [MESSAGE][PASSED] - Object: 'Object Repository/03-Header Menu/User Profile/View Profile/Contact Info/button_Philippines 63' is clicked on

2022-11-16 15:48:32 - [TEST_STEP][PASSED] - setText(findTestObject("03-Header Menu/User Profile/View Profile/Contact Info/phone field"), "9211234567"): Text '9211234567' is set on object 'Object Repository/03-Header Menu/User Profile/View Profile/Contact Info/phone field'

2022-11-16 15:48:33 - [MESSAGE][PASSED] - Text '9211234567' is set on object 'Object Repository/03-Header Menu/User Profile/View Profile/Contact Info/phone field'

2022-11-16 15:48:33 - [TEST_STEP][PASSED] - sendKeys(findTestObject("03-Header Menu/User Profile/View Profile/Contact Info/Positon Field"), Keys.chord(ENTER)): Keys 'ENTER + ' sent to object: 'Object Repository/03-Header Menu/User Profile/View Profile/Contact Info/Positon Field'

2022-11-16 15:48:34 - [MESSAGE][PASSED] - Keys 'ENTER + ' sent to object: 'Object Repository/03-Header Menu/User Profile/View Profile/Contact Info/Positon Field'

2022-11-16 15:48:34 - [TEST_STEP][PASSED] - click(findTestObject("03-Header Menu/User Profile/View Profile/Contact Info/button_Save")): Object: 'Object Repository/03-Header Menu/User Profile/View Profile/Contact Info/button_Save' is clicked on

2022-11-16 15:48:34 - [MESSAGE][PASSED] - Object: 'Object Repository/03-Header Menu/User Profile/View Profile/Contact Info/button_Save' is clicked on

2022-11-16 15:48:34 - [TEST_STEP][PASSED] - delay(2): Delayed 2 second(s)

2022-11-16 15:48:36 - [MESSAGE][PASSED] - Delayed 2 second(s)

2022-11-16 15:48:36 - [TEST_STEP][PASSED] - verifyElementVisible(findTestObject("03-Header Menu/User Profile/View Profile/Contact Info/Success Msg")): Object 'Object Repository/03-Header Menu/User Profile/View Profile/Contact Info/Success Msg' is visible

2022-11-16 15:48:37 - [MESSAGE][PASSED] - Object 'Object Repository/03-Header Menu/User Profile/View Profile/Contact Info/Success Msg' is visible

2022-11-16 15:48:37 - [TEST_STEP][PASSED] - delay(2): Delayed 2 second(s)

2022-11-16 15:48:39 - [MESSAGE][PASSED] - Delayed 2 second(s)

2022-11-16 15:48:39 - [TEST_STEP][PASSED] - mouseOver(findTestObject("03-Header Menu/User Profile/View Profile/Contact Info/phone field")): Object: 'Object Repository/03-Header Menu/User Profile/View Profile/Contact Info/phone field' is hovered

2022-11-16 15:48:39 - [MESSAGE][PASSED] - Object: 'Object Repository/03-Header Menu/User Profile/View Profile/Contact Info/phone field' is hovered

2022-11-16 15:48:39 - [TEST_STEP][PASSED] - delay(1): Delayed 1 second(s)

2022-11-16 15:48:40 - [MESSAGE][PASSED] - Delayed 1 second(s)

2022-11-16 15:48:40 - [TEST_STEP][PASSED] - click(findTestObject("03-Header Menu/User Profile/View Profile/Contact Info/phone remove button")): Object: 'Object Repository/03-Header Menu/User Profile/View Profile/Contact Info/phone remove button' is clicked on

2022-11-16 15:48:40 - [MESSAGE][PASSED] - Object: 'Object Repository/03-Header Menu/User Profile/View Profile/Contact Info/phone remove button' is clicked on

2022-11-16 15:48:40 - [TEST_STEP][PASSED] - sendKeys(findTestObject("03-Header Menu/User Profile/View Profile/Contact Info/Positon Field"), Keys.chord(ENTER)): Keys 'ENTER + ' sent to object: 'Object Repository/03-Header Menu/User Profile/View Profile/Contact Info/Positon Field'

2022-11-16 15:48:41 - [MESSAGE][PASSED] - Keys 'ENTER + ' sent to object: 'Object Repository/03-Header Menu/User Profile/View Profile/Contact Info/Positon Field'

2022-11-16 15:48:41 - [TEST_STEP][PASSED] - click(findTestObject("03-Header Menu/User Profile/View Profile/Contact Info/button_Save")): Object: 'Object Repository/03-Header Menu/User Profile/View Profile/Contact Info/button_Save' is clicked on

2022-11-16 15:48:41 - [MESSAGE][PASSED] - Object: 'Object Repository/03-Header Menu/User Profile/View Profile/Contact Info/button_Save' is clicked on

2022-11-16 15:48:41 - [TEST_STEP][PASSED] - verifyElementVisible(findTestObject("03-Header Menu/User Profile/View Profile/Contact Info/Success Msg")): Object 'Object Repository/03-Header Menu/User Profile/View Profile/Contact Info/Success Msg' is visible

2022-11-16 15:48:43 - [MESSAGE][PASSED] - Object 'Object Repository/03-Header Menu/User Profile/View Profile/Contact Info/Success Msg' is visible

2022-11-16 15:48:43 - [TEST_STEP][PASSED] - delay(2): Delayed 2 second(s)

2022-11-16 15:48:45 - [MESSAGE][PASSED] - Delayed 2 second(s)]]></system-out>
         <system-err><![CDATA[]]></system-err>
      </testcase>
      <testcase name="Test Cases/03-Header Menu/14- Contact Info (add-remove address)" time="45.479" classname="Test Cases/03-Header Menu/14- Contact Info (add-remove address)" status="PASSED">
         <system-out><![CDATA[2022-11-16 15:48:45 - [TEST_CASE][PASSED] - Test Cases/03-Header Menu/14- Contact Info (add-remove address): Test Cases/03-Header Menu/14- Contact Info (add-remove address)

2022-11-16 15:48:45 - [TEST_STEP][PASSED] - delay(2): Delayed 2 second(s)

2022-11-16 15:48:47 - [MESSAGE][PASSED] - Delayed 2 second(s)

2022-11-16 15:48:47 - [TEST_STEP][PASSED] - click(findTestObject("03-Header Menu/User Profile/View Profile/div_Contact Info")): Object: 'Object Repository/03-Header Menu/User Profile/View Profile/div_Contact Info' is clicked on

2022-11-16 15:48:48 - [MESSAGE][PASSED] - Object: 'Object Repository/03-Header Menu/User Profile/View Profile/div_Contact Info' is clicked on

2022-11-16 15:48:48 - [TEST_STEP][PASSED] - delay(1): Delayed 1 second(s)

2022-11-16 15:48:49 - [MESSAGE][PASSED] - Delayed 1 second(s)

2022-11-16 15:48:49 - [TEST_STEP][PASSED] - click(findTestObject("03-Header Menu/User Profile/View Profile/Contact Info/add address button")): Object: 'Object Repository/03-Header Menu/User Profile/View Profile/Contact Info/add address button' is clicked on

2022-11-16 15:48:49 - [MESSAGE][PASSED] - Object: 'Object Repository/03-Header Menu/User Profile/View Profile/Contact Info/add address button' is clicked on

2022-11-16 15:48:49 - [TEST_STEP][PASSED] - verifyElementVisible(findTestObject("03-Header Menu/User Profile/View Profile/Contact Info/h4_Edit Address")): Object 'Object Repository/03-Header Menu/User Profile/View Profile/Contact Info/h4_Edit Address' is visible

2022-11-16 15:48:50 - [MESSAGE][PASSED] - Object 'Object Repository/03-Header Menu/User Profile/View Profile/Contact Info/h4_Edit Address' is visible

2022-11-16 15:48:50 - [TEST_STEP][PASSED] - delay(2): Delayed 2 second(s)

2022-11-16 15:48:52 - [MESSAGE][PASSED] - Delayed 2 second(s)

2022-11-16 15:48:52 - [TEST_STEP][PASSED] - click(findTestObject("03-Header Menu/User Profile/View Profile/Contact Info/input_street1")): Object: 'Object Repository/03-Header Menu/User Profile/View Profile/Contact Info/input_street1' is clicked on

2022-11-16 15:48:52 - [MESSAGE][PASSED] - Object: 'Object Repository/03-Header Menu/User Profile/View Profile/Contact Info/input_street1' is clicked on

2022-11-16 15:48:52 - [TEST_STEP][PASSED] - click(findTestObject("03-Header Menu/User Profile/View Profile/Contact Info/input_street2")): Object: 'Object Repository/03-Header Menu/User Profile/View Profile/Contact Info/input_street2' is clicked on

2022-11-16 15:48:52 - [MESSAGE][PASSED] - Object: 'Object Repository/03-Header Menu/User Profile/View Profile/Contact Info/input_street2' is clicked on

2022-11-16 15:48:52 - [TEST_STEP][PASSED] - click(findTestObject("03-Header Menu/User Profile/View Profile/Contact Info/input_postcode")): Object: 'Object Repository/03-Header Menu/User Profile/View Profile/Contact Info/input_postcode' is clicked on

2022-11-16 15:48:53 - [MESSAGE][PASSED] - Object: 'Object Repository/03-Header Menu/User Profile/View Profile/Contact Info/input_postcode' is clicked on

2022-11-16 15:48:53 - [TEST_STEP][PASSED] - click(findTestObject("03-Header Menu/User Profile/View Profile/Contact Info/input_city")): Object: 'Object Repository/03-Header Menu/User Profile/View Profile/Contact Info/input_city' is clicked on

2022-11-16 15:48:53 - [MESSAGE][PASSED] - Object: 'Object Repository/03-Header Menu/User Profile/View Profile/Contact Info/input_city' is clicked on

2022-11-16 15:48:53 - [TEST_STEP][PASSED] - click(findTestObject("03-Header Menu/User Profile/View Profile/Contact Info/input_state")): Object: 'Object Repository/03-Header Menu/User Profile/View Profile/Contact Info/input_state' is clicked on

2022-11-16 15:48:54 - [MESSAGE][PASSED] - Object: 'Object Repository/03-Header Menu/User Profile/View Profile/Contact Info/input_state' is clicked on

2022-11-16 15:48:54 - [TEST_STEP][PASSED] - click(findTestObject("03-Header Menu/User Profile/View Profile/Contact Info/input_country")): Object: 'Object Repository/03-Header Menu/User Profile/View Profile/Contact Info/input_country' is clicked on

2022-11-16 15:48:54 - [MESSAGE][PASSED] - Object: 'Object Repository/03-Header Menu/User Profile/View Profile/Contact Info/input_country' is clicked on

2022-11-16 15:48:54 - [TEST_STEP][PASSED] - doubleClick(findTestObject("03-Header Menu/User Profile/View Profile/Contact Info/input_state")): Object: 'Object Repository/03-Header Menu/User Profile/View Profile/Contact Info/input_state' is double clicked on

2022-11-16 15:48:55 - [MESSAGE][PASSED] - Object: 'Object Repository/03-Header Menu/User Profile/View Profile/Contact Info/input_state' is double clicked on

2022-11-16 15:48:55 - [TEST_STEP][PASSED] - click(findTestObject("03-Header Menu/User Profile/View Profile/Contact Info/input_address type")): Object: 'Object Repository/03-Header Menu/User Profile/View Profile/Contact Info/input_address type' is clicked on

2022-11-16 15:48:56 - [MESSAGE][PASSED] - Object: 'Object Repository/03-Header Menu/User Profile/View Profile/Contact Info/input_address type' is clicked on

2022-11-16 15:48:56 - [TEST_STEP][PASSED] - verifyElementVisible(findTestObject("03-Header Menu/User Profile/View Profile/Contact Info/span_Work")): Object 'Object Repository/03-Header Menu/User Profile/View Profile/Contact Info/span_Work' is visible

2022-11-16 15:48:56 - [MESSAGE][PASSED] - Object 'Object Repository/03-Header Menu/User Profile/View Profile/Contact Info/span_Work' is visible

2022-11-16 15:48:56 - [TEST_STEP][PASSED] - verifyElementVisible(findTestObject("03-Header Menu/User Profile/View Profile/Contact Info/span_Personal")): Object 'Object Repository/03-Header Menu/User Profile/View Profile/Contact Info/span_Personal' is visible

2022-11-16 15:48:57 - [MESSAGE][PASSED] - Object 'Object Repository/03-Header Menu/User Profile/View Profile/Contact Info/span_Personal' is visible

2022-11-16 15:48:57 - [TEST_STEP][PASSED] - verifyElementVisible(findTestObject("03-Header Menu/User Profile/View Profile/Contact Info/span_Other")): Object 'Object Repository/03-Header Menu/User Profile/View Profile/Contact Info/span_Other' is visible

2022-11-16 15:48:57 - [MESSAGE][PASSED] - Object 'Object Repository/03-Header Menu/User Profile/View Profile/Contact Info/span_Other' is visible

2022-11-16 15:48:57 - [TEST_STEP][PASSED] - verifyElementVisible(findTestObject("03-Header Menu/User Profile/View Profile/Contact Info/invalid street 1")): Object 'Object Repository/03-Header Menu/User Profile/View Profile/Contact Info/invalid street 1' is visible

2022-11-16 15:48:57 - [MESSAGE][PASSED] - Object 'Object Repository/03-Header Menu/User Profile/View Profile/Contact Info/invalid street 1' is visible

2022-11-16 15:48:57 - [TEST_STEP][PASSED] - verifyElementVisible(findTestObject("03-Header Menu/User Profile/View Profile/Contact Info/invalid ZIP")): Object 'Object Repository/03-Header Menu/User Profile/View Profile/Contact Info/invalid ZIP' is visible

2022-11-16 15:48:58 - [MESSAGE][PASSED] - Object 'Object Repository/03-Header Menu/User Profile/View Profile/Contact Info/invalid ZIP' is visible

2022-11-16 15:48:58 - [TEST_STEP][PASSED] - verifyElementVisible(findTestObject("03-Header Menu/User Profile/View Profile/Contact Info/invalid City")): Object 'Object Repository/03-Header Menu/User Profile/View Profile/Contact Info/invalid City' is visible

2022-11-16 15:48:58 - [MESSAGE][PASSED] - Object 'Object Repository/03-Header Menu/User Profile/View Profile/Contact Info/invalid City' is visible

2022-11-16 15:48:58 - [TEST_STEP][PASSED] - verifyElementVisible(findTestObject("03-Header Menu/User Profile/View Profile/Contact Info/invalid state")): Object 'Object Repository/03-Header Menu/User Profile/View Profile/Contact Info/invalid state' is visible

2022-11-16 15:48:58 - [MESSAGE][PASSED] - Object 'Object Repository/03-Header Menu/User Profile/View Profile/Contact Info/invalid state' is visible

2022-11-16 15:48:58 - [TEST_STEP][PASSED] - delay(2): Delayed 2 second(s)

2022-11-16 15:49:00 - [MESSAGE][PASSED] - Delayed 2 second(s)

2022-11-16 15:49:00 - [TEST_STEP][PASSED] - click(findTestObject("03-Header Menu/User Profile/View Profile/Contact Info/input_street1")): Object: 'Object Repository/03-Header Menu/User Profile/View Profile/Contact Info/input_street1' is clicked on

2022-11-16 15:49:01 - [MESSAGE][PASSED] - Object: 'Object Repository/03-Header Menu/User Profile/View Profile/Contact Info/input_street1' is clicked on

2022-11-16 15:49:01 - [TEST_STEP][PASSED] - verifyElementNotClickable(findTestObject("03-Header Menu/User Profile/View Profile/Contact Info/button_Save_address")): Object 'Object Repository/03-Header Menu/User Profile/View Profile/Contact Info/button_Save_address' is NOT clickable

2022-11-16 15:49:01 - [MESSAGE][PASSED] - Object 'Object Repository/03-Header Menu/User Profile/View Profile/Contact Info/button_Save_address' is NOT clickable

2022-11-16 15:49:01 - [TEST_STEP][PASSED] - click(findTestObject("03-Header Menu/User Profile/View Profile/Contact Info/button_Cancel")): Object: 'Object Repository/03-Header Menu/User Profile/View Profile/Contact Info/button_Cancel' is clicked on

2022-11-16 15:49:02 - [MESSAGE][PASSED] - Object: 'Object Repository/03-Header Menu/User Profile/View Profile/Contact Info/button_Cancel' is clicked on

2022-11-16 15:49:02 - [TEST_STEP][PASSED] - delay(2): Delayed 2 second(s)

2022-11-16 15:49:04 - [MESSAGE][PASSED] - Delayed 2 second(s)

2022-11-16 15:49:04 - [TEST_STEP][PASSED] - click(findTestObject("03-Header Menu/User Profile/View Profile/Contact Info/add address button")): Object: 'Object Repository/03-Header Menu/User Profile/View Profile/Contact Info/add address button' is clicked on

2022-11-16 15:49:04 - [MESSAGE][PASSED] - Object: 'Object Repository/03-Header Menu/User Profile/View Profile/Contact Info/add address button' is clicked on

2022-11-16 15:49:04 - [TEST_STEP][PASSED] - verifyElementVisible(findTestObject("03-Header Menu/User Profile/View Profile/Contact Info/h4_Edit Address")): Object 'Object Repository/03-Header Menu/User Profile/View Profile/Contact Info/h4_Edit Address' is visible

2022-11-16 15:49:05 - [MESSAGE][PASSED] - Object 'Object Repository/03-Header Menu/User Profile/View Profile/Contact Info/h4_Edit Address' is visible

2022-11-16 15:49:05 - [TEST_STEP][PASSED] - setText(findTestObject("03-Header Menu/User Profile/View Profile/Contact Info/input_street1"), "05 Test"): Text '05 Test' is set on object 'Object Repository/03-Header Menu/User Profile/View Profile/Contact Info/input_street1'

2022-11-16 15:49:06 - [MESSAGE][PASSED] - Text '05 Test' is set on object 'Object Repository/03-Header Menu/User Profile/View Profile/Contact Info/input_street1'

2022-11-16 15:49:06 - [TEST_STEP][PASSED] - setText(findTestObject("03-Header Menu/User Profile/View Profile/Contact Info/input_street2"), "corner Automation"): Text 'corner Automation' is set on object 'Object Repository/03-Header Menu/User Profile/View Profile/Contact Info/input_street2'

2022-11-16 15:49:07 - [MESSAGE][PASSED] - Text 'corner Automation' is set on object 'Object Repository/03-Header Menu/User Profile/View Profile/Contact Info/input_street2'

2022-11-16 15:49:07 - [TEST_STEP][PASSED] - setText(findTestObject("03-Header Menu/User Profile/View Profile/Contact Info/input_postcode"), "54321"): Text '54321' is set on object 'Object Repository/03-Header Menu/User Profile/View Profile/Contact Info/input_postcode'

2022-11-16 15:49:08 - [MESSAGE][PASSED] - Text '54321' is set on object 'Object Repository/03-Header Menu/User Profile/View Profile/Contact Info/input_postcode'

2022-11-16 15:49:08 - [TEST_STEP][PASSED] - setText(findTestObject("03-Header Menu/User Profile/View Profile/Contact Info/input_city"), "Test City"): Text 'Test City' is set on object 'Object Repository/03-Header Menu/User Profile/View Profile/Contact Info/input_city'

2022-11-16 15:49:08 - [MESSAGE][PASSED] - Text 'Test City' is set on object 'Object Repository/03-Header Menu/User Profile/View Profile/Contact Info/input_city'

2022-11-16 15:49:08 - [TEST_STEP][PASSED] - setText(findTestObject("03-Header Menu/User Profile/View Profile/Contact Info/input_state"), "Test State"): Text 'Test State' is set on object 'Object Repository/03-Header Menu/User Profile/View Profile/Contact Info/input_state'

2022-11-16 15:49:09 - [MESSAGE][PASSED] - Text 'Test State' is set on object 'Object Repository/03-Header Menu/User Profile/View Profile/Contact Info/input_state'

2022-11-16 15:49:09 - [TEST_STEP][PASSED] - click(findTestObject("03-Header Menu/User Profile/View Profile/Contact Info/input_country"), STOP_ON_FAILURE): Object: 'Object Repository/03-Header Menu/User Profile/View Profile/Contact Info/input_country' is clicked on

2022-11-16 15:49:10 - [MESSAGE][PASSED] - Object: 'Object Repository/03-Header Menu/User Profile/View Profile/Contact Info/input_country' is clicked on

2022-11-16 15:49:10 - [TEST_STEP][PASSED] - click(findTestObject("03-Header Menu/User Profile/View Profile/Contact Info/span_United States"), STOP_ON_FAILURE): Object: 'Object Repository/03-Header Menu/User Profile/View Profile/Contact Info/span_United States' is clicked on

2022-11-16 15:49:10 - [MESSAGE][PASSED] - Object: 'Object Repository/03-Header Menu/User Profile/View Profile/Contact Info/span_United States' is clicked on

2022-11-16 15:49:10 - [TEST_STEP][PASSED] - click(findTestObject("03-Header Menu/User Profile/View Profile/Contact Info/input_address type")): Object: 'Object Repository/03-Header Menu/User Profile/View Profile/Contact Info/input_address type' is clicked on

2022-11-16 15:49:12 - [MESSAGE][PASSED] - Object: 'Object Repository/03-Header Menu/User Profile/View Profile/Contact Info/input_address type' is clicked on

2022-11-16 15:49:12 - [TEST_STEP][PASSED] - click(findTestObject("03-Header Menu/User Profile/View Profile/Contact Info/span_Work")): Object: 'Object Repository/03-Header Menu/User Profile/View Profile/Contact Info/span_Work' is clicked on

2022-11-16 15:49:12 - [MESSAGE][PASSED] - Object: 'Object Repository/03-Header Menu/User Profile/View Profile/Contact Info/span_Work' is clicked on

2022-11-16 15:49:12 - [TEST_STEP][PASSED] - delay(2): Delayed 2 second(s)

2022-11-16 15:49:14 - [MESSAGE][PASSED] - Delayed 2 second(s)

2022-11-16 15:49:14 - [TEST_STEP][PASSED] - click(findTestObject("03-Header Menu/User Profile/View Profile/Contact Info/button_Save_address")): Object: 'Object Repository/03-Header Menu/User Profile/View Profile/Contact Info/button_Save_address' is clicked on

2022-11-16 15:49:15 - [MESSAGE][PASSED] - Object: 'Object Repository/03-Header Menu/User Profile/View Profile/Contact Info/button_Save_address' is clicked on

2022-11-16 15:49:15 - [TEST_STEP][PASSED] - delay(2): Delayed 2 second(s)

2022-11-16 15:49:17 - [MESSAGE][PASSED] - Delayed 2 second(s)

2022-11-16 15:49:17 - [TEST_STEP][PASSED] - verifyElementVisible(findTestObject("03-Header Menu/User Profile/View Profile/Contact Info/Address Added")): Object 'Object Repository/03-Header Menu/User Profile/View Profile/Contact Info/Address Added' is visible

2022-11-16 15:49:17 - [MESSAGE][PASSED] - Object 'Object Repository/03-Header Menu/User Profile/View Profile/Contact Info/Address Added' is visible

2022-11-16 15:49:17 - [TEST_STEP][PASSED] - delay(2): Delayed 2 second(s)

2022-11-16 15:49:19 - [MESSAGE][PASSED] - Delayed 2 second(s)

2022-11-16 15:49:19 - [TEST_STEP][PASSED] - click(findTestObject("03-Header Menu/User Profile/View Profile/Contact Info/button_Save")): Object: 'Object Repository/03-Header Menu/User Profile/View Profile/Contact Info/button_Save' is clicked on

2022-11-16 15:49:20 - [MESSAGE][PASSED] - Object: 'Object Repository/03-Header Menu/User Profile/View Profile/Contact Info/button_Save' is clicked on

2022-11-16 15:49:20 - [TEST_STEP][PASSED] - verifyElementVisible(findTestObject("03-Header Menu/User Profile/View Profile/Contact Info/Success Msg")): Object 'Object Repository/03-Header Menu/User Profile/View Profile/Contact Info/Success Msg' is visible

2022-11-16 15:49:21 - [MESSAGE][PASSED] - Object 'Object Repository/03-Header Menu/User Profile/View Profile/Contact Info/Success Msg' is visible

2022-11-16 15:49:21 - [TEST_STEP][PASSED] - delay(2): Delayed 2 second(s)

2022-11-16 15:49:23 - [MESSAGE][PASSED] - Delayed 2 second(s)

2022-11-16 15:49:23 - [TEST_STEP][PASSED] - mouseOver(findTestObject("03-Header Menu/User Profile/View Profile/Contact Info/Mouse over target")): Object: 'Object Repository/03-Header Menu/User Profile/View Profile/Contact Info/Mouse over target' is hovered

2022-11-16 15:49:24 - [MESSAGE][PASSED] - Object: 'Object Repository/03-Header Menu/User Profile/View Profile/Contact Info/Mouse over target' is hovered

2022-11-16 15:49:24 - [TEST_STEP][PASSED] - click(findTestObject("03-Header Menu/User Profile/View Profile/Contact Info/button_remove_address")): Object: 'Object Repository/03-Header Menu/User Profile/View Profile/Contact Info/button_remove_address' is clicked on

2022-11-16 15:49:25 - [MESSAGE][PASSED] - Object: 'Object Repository/03-Header Menu/User Profile/View Profile/Contact Info/button_remove_address' is clicked on

2022-11-16 15:49:25 - [TEST_STEP][PASSED] - click(findTestObject("03-Header Menu/User Profile/View Profile/Contact Info/button_Save")): Object: 'Object Repository/03-Header Menu/User Profile/View Profile/Contact Info/button_Save' is clicked on

2022-11-16 15:49:25 - [MESSAGE][PASSED] - Object: 'Object Repository/03-Header Menu/User Profile/View Profile/Contact Info/button_Save' is clicked on

2022-11-16 15:49:25 - [TEST_STEP][PASSED] - verifyElementVisible(findTestObject("03-Header Menu/User Profile/View Profile/Contact Info/Success Msg")): Object 'Object Repository/03-Header Menu/User Profile/View Profile/Contact Info/Success Msg' is visible

2022-11-16 15:49:27 - [MESSAGE][PASSED] - Object 'Object Repository/03-Header Menu/User Profile/View Profile/Contact Info/Success Msg' is visible

2022-11-16 15:49:27 - [TEST_STEP][PASSED] - delay(3): Delayed 3 second(s)

2022-11-16 15:49:30 - [MESSAGE][PASSED] - Delayed 3 second(s)

2022-11-16 15:49:30 - [TEST_STEP][PASSED] - closeBrowser(): Browser is closed

2022-11-16 15:49:30 - [MESSAGE][PASSED] - Browser is closed]]></system-out>
         <system-err><![CDATA[]]></system-err>
      </testcase>
      <testcase name="Test Cases/03-Header Menu/15- Change Password (Blank Fields)" time="86.79" classname="Test Cases/03-Header Menu/15- Change Password (Blank Fields)" status="PASSED">
         <system-out><![CDATA[2022-11-16 15:49:30 - [TEST_CASE][PASSED] - Test Cases/03-Header Menu/15- Change Password (Blank Fields): Test Cases/03-Header Menu/15- Change Password (Blank Fields)

2022-11-16 15:49:31 - [TEST_STEP][PASSED] - openBrowser(""): Browser is opened with url: ''

2022-11-16 15:49:31 - [MESSAGE][INFO] - Starting 'Chrome' driver

2022-11-16 15:49:31 - [MESSAGE][INFO] - Action delay is set to 0 milliseconds

2022-11-16 15:49:32 - [MESSAGE][PASSED] - Browser is opened with url: ''

2022-11-16 15:49:32 - [TEST_STEP][PASSED] - navigateToUrl("https://lab.everleagues.com/login?returnUrl=%2Fmain%2Fdashboard"): Navigate to 'https://lab.everleagues.com/login?returnUrl=%2Fmain%2Fdashboard' successfully

2022-11-16 15:50:00 - [MESSAGE][PASSED] - Navigate to 'https://lab.everleagues.com/login?returnUrl=%2Fmain%2Fdashboard' successfully

2022-11-16 15:50:00 - [TEST_STEP][PASSED] - maximizeWindow(): Current window maximized

2022-11-16 15:50:00 - [MESSAGE][PASSED] - Current window maximized

2022-11-16 15:50:00 - [TEST_STEP][PASSED] - setText(findTestObject("02-Side Icons(Organization)/Add Contact/Email Field"), "testuser02@mailinator.com"): Text 'testuser02@mailinator.com' is set on object 'Object Repository/02-Side Icons(Organization)/Add Contact/Email Field'

2022-11-16 15:50:01 - [MESSAGE][PASSED] - Text 'testuser02@mailinator.com' is set on object 'Object Repository/02-Side Icons(Organization)/Add Contact/Email Field'

2022-11-16 15:50:01 - [TEST_STEP][PASSED] - setEncryptedText(findTestObject("02-Side Icons(Organization)/Add Contact/Password Field"), "8yFRyszE6U6jvsCn51OQbg=="): Text ****** has been set on object 'Object Repository/02-Side Icons(Organization)/Add Contact/Password Field'

2022-11-16 15:50:01 - [MESSAGE][PASSED] - Text ****** has been set on object 'Object Repository/02-Side Icons(Organization)/Add Contact/Password Field'

2022-11-16 15:50:01 - [TEST_STEP][PASSED] - click(findTestObject("02-Side Icons(Organization)/Add Contact/button_Sign in")): Object: 'Object Repository/02-Side Icons(Organization)/Add Contact/button_Sign in' is clicked on

2022-11-16 15:50:03 - [MESSAGE][PASSED] - Object: 'Object Repository/02-Side Icons(Organization)/Add Contact/button_Sign in' is clicked on

2022-11-16 15:50:03 - [TEST_STEP][PASSED] - delay(2): Delayed 2 second(s)

2022-11-16 15:50:05 - [MESSAGE][PASSED] - Delayed 2 second(s)

2022-11-16 15:50:05 - [TEST_STEP][PASSED] - click(findTestObject("06-Teams/For 2FA/button_Confirm_2FA")): Object: 'Object Repository/06-Teams/For 2FA/button_Confirm_2FA' is clicked on

2022-11-16 15:50:05 - [MESSAGE][PASSED] - Object: 'Object Repository/06-Teams/For 2FA/button_Confirm_2FA' is clicked on

2022-11-16 15:50:05 - [TEST_STEP][PASSED] - executeJavaScript("window.open();", []): Execute JavaScript 'window.open();' successfully

2022-11-16 15:50:05 - [MESSAGE][PASSED] - Execute JavaScript 'window.open();' successfully

2022-11-16 15:50:05 - [TEST_STEP][PASSED] - currentWindow = getWindowIndex(): Current window's index is: 0

2022-11-16 15:50:05 - [MESSAGE][PASSED] - Current window's index is: 0

2022-11-16 15:50:05 - [TEST_STEP][PASSED] - delay(3): Delayed 3 second(s)

2022-11-16 15:50:08 - [MESSAGE][PASSED] - Delayed 3 second(s)

2022-11-16 15:50:08 - [TEST_STEP][PASSED] - switchToWindowIndex(currentWindow + 1): Switched to window with index: '1'

2022-11-16 15:50:08 - [MESSAGE][PASSED] - Switched to window with index: '1'

2022-11-16 15:50:08 - [TEST_STEP][PASSED] - navigateToUrl("https://www.mailinator.com/"): Navigate to 'https://www.mailinator.com/' successfully

2022-11-16 15:50:10 - [MESSAGE][PASSED] - Navigate to 'https://www.mailinator.com/' successfully

2022-11-16 15:50:10 - [TEST_STEP][PASSED] - delay(3): Delayed 3 second(s)

2022-11-16 15:50:13 - [MESSAGE][PASSED] - Delayed 3 second(s)

2022-11-16 15:50:13 - [TEST_STEP][PASSED] - setText(findTestObject("00-Signup and Activation/zMailinator/input_LOGIN_search"), "testuser02@mailinator.com"): Text 'testuser02@mailinator.com' is set on object 'Object Repository/00-Signup and Activation/zMailinator/input_LOGIN_search'

2022-11-16 15:50:14 - [MESSAGE][PASSED] - Text 'testuser02@mailinator.com' is set on object 'Object Repository/00-Signup and Activation/zMailinator/input_LOGIN_search'

2022-11-16 15:50:14 - [TEST_STEP][PASSED] - click(findTestObject("00-Signup and Activation/zMailinator/gobutton"), STOP_ON_FAILURE): Object: 'Object Repository/00-Signup and Activation/zMailinator/gobutton' is clicked on

2022-11-16 15:50:15 - [MESSAGE][PASSED] - Object: 'Object Repository/00-Signup and Activation/zMailinator/gobutton' is clicked on

2022-11-16 15:50:15 - [TEST_STEP][PASSED] - delay(3): Delayed 3 second(s)

2022-11-16 15:50:18 - [MESSAGE][PASSED] - Delayed 3 second(s)

2022-11-16 15:50:18 - [TEST_STEP][PASSED] - click(findTestObject("00-Signup and Activation/zMailinator/Email - everleagues")): Object: 'Object Repository/00-Signup and Activation/zMailinator/Email - everleagues' is clicked on

2022-11-16 15:50:19 - [MESSAGE][PASSED] - Object: 'Object Repository/00-Signup and Activation/zMailinator/Email - everleagues' is clicked on

2022-11-16 15:50:19 - [TEST_STEP][PASSED] - delay(3): Delayed 3 second(s)

2022-11-16 15:50:22 - [MESSAGE][PASSED] - Delayed 3 second(s)

2022-11-16 15:50:22 - [TEST_STEP][PASSED] - code = getText(findTestObject("Object Repository/06-Teams/For 2FA/2FA code")): Text of object 'Object Repository/06-Teams/For 2FA/2FA code' is: '391198'

2022-11-16 15:50:23 - [MESSAGE][PASSED] - Text of object 'Object Repository/06-Teams/For 2FA/2FA code' is: '391198'

2022-11-16 15:50:23 - [TEST_STEP][PASSED] - delay(3): Delayed 3 second(s)

2022-11-16 15:50:26 - [MESSAGE][PASSED] - Delayed 3 second(s)

2022-11-16 15:50:26 - [TEST_STEP][PASSED] - closeWindowTitle("Mailinator"): Window with title: 'Mailinator' is closed

2022-11-16 15:50:26 - [MESSAGE][PASSED] - Window with title: 'Mailinator' is closed

2022-11-16 15:50:26 - [TEST_STEP][PASSED] - delay(3): Delayed 3 second(s)

2022-11-16 15:50:29 - [MESSAGE][PASSED] - Delayed 3 second(s)

2022-11-16 15:50:29 - [TEST_STEP][PASSED] - switchToWindowIndex(0): Switched to window with index: '0'

2022-11-16 15:50:29 - [MESSAGE][PASSED] - Switched to window with index: '0'

2022-11-16 15:50:29 - [TEST_STEP][PASSED] - delay(3): Delayed 3 second(s)

2022-11-16 15:50:32 - [MESSAGE][PASSED] - Delayed 3 second(s)

2022-11-16 15:50:32 - [TEST_STEP][PASSED] - setText(findTestObject("Object Repository/06-Teams/For 2FA/input_Enter verification code_code"), code): Text '391198' is set on object 'Object Repository/06-Teams/For 2FA/input_Enter verification code_code'

2022-11-16 15:50:32 - [MESSAGE][PASSED] - Text '391198' is set on object 'Object Repository/06-Teams/For 2FA/input_Enter verification code_code'

2022-11-16 15:50:32 - [TEST_STEP][PASSED] - delay(3): Delayed 3 second(s)

2022-11-16 15:50:35 - [MESSAGE][PASSED] - Delayed 3 second(s)

2022-11-16 15:50:35 - [TEST_STEP][PASSED] - click(findTestObject("06-Teams/For 2FA/button_Verify_2FA")): Object: 'Object Repository/06-Teams/For 2FA/button_Verify_2FA' is clicked on

2022-11-16 15:50:36 - [MESSAGE][PASSED] - Object: 'Object Repository/06-Teams/For 2FA/button_Verify_2FA' is clicked on

2022-11-16 15:50:36 - [TEST_STEP][PASSED] - delay(5): Delayed 5 second(s)

2022-11-16 15:50:41 - [MESSAGE][PASSED] - Delayed 5 second(s)

2022-11-16 15:50:41 - [TEST_STEP][PASSED] - click(findTestObject("03-Header Menu/User Profile/Users Profile menu and notification button/div_User drop down menu button")): Object: 'Object Repository/03-Header Menu/User Profile/Users Profile menu and notification button/div_User drop down menu button' is clicked on

2022-11-16 15:50:41 - [MESSAGE][PASSED] - Object: 'Object Repository/03-Header Menu/User Profile/Users Profile menu and notification button/div_User drop down menu button' is clicked on

2022-11-16 15:50:41 - [TEST_STEP][PASSED] - delay(2): Delayed 2 second(s)

2022-11-16 15:50:43 - [MESSAGE][PASSED] - Delayed 2 second(s)

2022-11-16 15:50:43 - [TEST_STEP][PASSED] - click(findTestObject("03-Header Menu/Header Menu Verifications/h4_Change Password")): Object: 'Object Repository/03-Header Menu/Header Menu Verifications/h4_Change Password' is clicked on

2022-11-16 15:50:46 - [MESSAGE][PASSED] - Object: 'Object Repository/03-Header Menu/Header Menu Verifications/h4_Change Password' is clicked on

2022-11-16 15:50:46 - [TEST_STEP][PASSED] - verifyElementVisible(findTestObject("03-Header Menu/User Profile/Change Password/h4_Change Password")): Object 'Object Repository/03-Header Menu/User Profile/Change Password/h4_Change Password' is visible

2022-11-16 15:50:47 - [MESSAGE][PASSED] - Object 'Object Repository/03-Header Menu/User Profile/Change Password/h4_Change Password' is visible

2022-11-16 15:50:47 - [TEST_STEP][PASSED] - delay(2): Delayed 2 second(s)

2022-11-16 15:50:49 - [MESSAGE][PASSED] - Delayed 2 second(s)

2022-11-16 15:50:49 - [TEST_STEP][PASSED] - click(findTestObject("03-Header Menu/User Profile/Change Password/input_Old password")): Object: 'Object Repository/03-Header Menu/User Profile/Change Password/input_Old password' is clicked on

2022-11-16 15:50:50 - [MESSAGE][PASSED] - Object: 'Object Repository/03-Header Menu/User Profile/Change Password/input_Old password' is clicked on

2022-11-16 15:50:50 - [TEST_STEP][PASSED] - click(findTestObject("03-Header Menu/User Profile/Change Password/input_new password")): Object: 'Object Repository/03-Header Menu/User Profile/Change Password/input_new password' is clicked on

2022-11-16 15:50:50 - [MESSAGE][PASSED] - Object: 'Object Repository/03-Header Menu/User Profile/Change Password/input_new password' is clicked on

2022-11-16 15:50:50 - [TEST_STEP][PASSED] - click(findTestObject("03-Header Menu/User Profile/Change Password/input_Confirm password")): Object: 'Object Repository/03-Header Menu/User Profile/Change Password/input_Confirm password' is clicked on

2022-11-16 15:50:50 - [MESSAGE][PASSED] - Object: 'Object Repository/03-Header Menu/User Profile/Change Password/input_Confirm password' is clicked on

2022-11-16 15:50:50 - [TEST_STEP][PASSED] - click(findTestObject("03-Header Menu/User Profile/Change Password/input_Old password")): Object: 'Object Repository/03-Header Menu/User Profile/Change Password/input_Old password' is clicked on

2022-11-16 15:50:51 - [MESSAGE][PASSED] - Object: 'Object Repository/03-Header Menu/User Profile/Change Password/input_Old password' is clicked on

2022-11-16 15:50:51 - [TEST_STEP][PASSED] - delay(2): Delayed 2 second(s)

2022-11-16 15:50:53 - [MESSAGE][PASSED] - Delayed 2 second(s)

2022-11-16 15:50:53 - [TEST_STEP][PASSED] - verifyElementVisible(findTestObject("03-Header Menu/User Profile/Change Password/error_Enter your password")): Object 'Object Repository/03-Header Menu/User Profile/Change Password/error_Enter your password' is visible

2022-11-16 15:50:54 - [MESSAGE][PASSED] - Object 'Object Repository/03-Header Menu/User Profile/Change Password/error_Enter your password' is visible

2022-11-16 15:50:54 - [TEST_STEP][PASSED] - verifyElementVisible(findTestObject("03-Header Menu/User Profile/Change Password/error_Password must be at least 8 characters")): Object 'Object Repository/03-Header Menu/User Profile/Change Password/error_Password must be at least 8 characters' is visible

2022-11-16 15:50:54 - [MESSAGE][PASSED] - Object 'Object Repository/03-Header Menu/User Profile/Change Password/error_Password must be at least 8 characters' is visible

2022-11-16 15:50:54 - [TEST_STEP][PASSED] - verifyElementVisible(findTestObject("03-Header Menu/User Profile/Change Password/error_Password does not match")): Object 'Object Repository/03-Header Menu/User Profile/Change Password/error_Password does not match' is visible

2022-11-16 15:50:54 - [MESSAGE][PASSED] - Object 'Object Repository/03-Header Menu/User Profile/Change Password/error_Password does not match' is visible

2022-11-16 15:50:54 - [TEST_STEP][PASSED] - verifyElementNotClickable(findTestObject("03-Header Menu/User Profile/Change Password/button_Change Password")): Object 'Object Repository/03-Header Menu/User Profile/Change Password/button_Change Password' is NOT clickable

2022-11-16 15:50:55 - [MESSAGE][PASSED] - Object 'Object Repository/03-Header Menu/User Profile/Change Password/button_Change Password' is NOT clickable

2022-11-16 15:50:55 - [TEST_STEP][PASSED] - click(findTestObject("03-Header Menu/User Profile/Change Password/button_Cancel")): Object: 'Object Repository/03-Header Menu/User Profile/Change Password/button_Cancel' is clicked on

2022-11-16 15:50:55 - [MESSAGE][PASSED] - Object: 'Object Repository/03-Header Menu/User Profile/Change Password/button_Cancel' is clicked on

2022-11-16 15:50:55 - [TEST_STEP][PASSED] - delay(2): Delayed 2 second(s)

2022-11-16 15:50:57 - [MESSAGE][PASSED] - Delayed 2 second(s)]]></system-out>
         <system-err><![CDATA[]]></system-err>
      </testcase>
      <testcase name="Test Cases/03-Header Menu/16- Change Password (Incorrect Old Password)" time="11.199" classname="Test Cases/03-Header Menu/16- Change Password (Incorrect Old Password)" status="PASSED">
         <system-out><![CDATA[2022-11-16 15:50:57 - [TEST_CASE][PASSED] - Test Cases/03-Header Menu/16- Change Password (Incorrect Old Password): Test Cases/03-Header Menu/16- Change Password (Incorrect Old Password)

2022-11-16 15:50:57 - [TEST_STEP][PASSED] - click(findTestObject("03-Header Menu/User Profile/Users Profile menu and notification button/div_User drop down menu button")): Object: 'Object Repository/03-Header Menu/User Profile/Users Profile menu and notification button/div_User drop down menu button' is clicked on

2022-11-16 15:50:58 - [MESSAGE][PASSED] - Object: 'Object Repository/03-Header Menu/User Profile/Users Profile menu and notification button/div_User drop down menu button' is clicked on

2022-11-16 15:50:58 - [TEST_STEP][PASSED] - delay(2): Delayed 2 second(s)

2022-11-16 15:51:00 - [MESSAGE][PASSED] - Delayed 2 second(s)

2022-11-16 15:51:00 - [TEST_STEP][PASSED] - click(findTestObject("03-Header Menu/Header Menu Verifications/h4_Change Password")): Object: 'Object Repository/03-Header Menu/Header Menu Verifications/h4_Change Password' is clicked on

2022-11-16 15:51:00 - [MESSAGE][PASSED] - Object: 'Object Repository/03-Header Menu/Header Menu Verifications/h4_Change Password' is clicked on

2022-11-16 15:51:00 - [TEST_STEP][PASSED] - delay(1): Delayed 1 second(s)

2022-11-16 15:51:01 - [MESSAGE][PASSED] - Delayed 1 second(s)

2022-11-16 15:51:01 - [TEST_STEP][PASSED] - setText(findTestObject("03-Header Menu/User Profile/Change Password/input_Old password"), "wrongoldpassword"): Text 'wrongoldpassword' is set on object 'Object Repository/03-Header Menu/User Profile/Change Password/input_Old password'

2022-11-16 15:51:02 - [MESSAGE][PASSED] - Text 'wrongoldpassword' is set on object 'Object Repository/03-Header Menu/User Profile/Change Password/input_Old password'

2022-11-16 15:51:02 - [TEST_STEP][PASSED] - setText(findTestObject("03-Header Menu/User Profile/Change Password/input_new password"), "Qazwsx123"): Text 'Qazwsx123' is set on object 'Object Repository/03-Header Menu/User Profile/Change Password/input_new password'

2022-11-16 15:51:03 - [MESSAGE][PASSED] - Text 'Qazwsx123' is set on object 'Object Repository/03-Header Menu/User Profile/Change Password/input_new password'

2022-11-16 15:51:03 - [TEST_STEP][PASSED] - setText(findTestObject("03-Header Menu/User Profile/Change Password/input_Confirm password"), "Qazwsx123"): Text 'Qazwsx123' is set on object 'Object Repository/03-Header Menu/User Profile/Change Password/input_Confirm password'

2022-11-16 15:51:04 - [MESSAGE][PASSED] - Text 'Qazwsx123' is set on object 'Object Repository/03-Header Menu/User Profile/Change Password/input_Confirm password'

2022-11-16 15:51:04 - [TEST_STEP][PASSED] - click(findTestObject("03-Header Menu/User Profile/Change Password/button_Change Password")): Object: 'Object Repository/03-Header Menu/User Profile/Change Password/button_Change Password' is clicked on

2022-11-16 15:51:05 - [MESSAGE][PASSED] - Object: 'Object Repository/03-Header Menu/User Profile/Change Password/button_Change Password' is clicked on

2022-11-16 15:51:05 - [TEST_STEP][PASSED] - verifyElementVisible(findTestObject("03-Header Menu/User Profile/Change Password/Failed to change password")): Object 'Object Repository/03-Header Menu/User Profile/Change Password/Failed to change password' is visible

2022-11-16 15:51:06 - [MESSAGE][PASSED] - Object 'Object Repository/03-Header Menu/User Profile/Change Password/Failed to change password' is visible

2022-11-16 15:51:06 - [TEST_STEP][PASSED] - click(findTestObject("09-Settings/Users/Active User/button_Cancel_restore")): Object: 'Object Repository/09-Settings/Users/Active User/button_Cancel_restore' is clicked on

2022-11-16 15:51:06 - [MESSAGE][PASSED] - Object: 'Object Repository/09-Settings/Users/Active User/button_Cancel_restore' is clicked on

2022-11-16 15:51:06 - [TEST_STEP][PASSED] - delay(2): Delayed 2 second(s)

2022-11-16 15:51:08 - [MESSAGE][PASSED] - Delayed 2 second(s)]]></system-out>
         <system-err><![CDATA[]]></system-err>
      </testcase>
      <testcase name="Test Cases/03-Header Menu/17- Change Password (old and new didnt match)" time="10.158" classname="Test Cases/03-Header Menu/17- Change Password (old and new didnt match)" status="PASSED">
         <system-out><![CDATA[2022-11-16 15:51:08 - [TEST_CASE][PASSED] - Test Cases/03-Header Menu/17- Change Password (old and new didnt match): Test Cases/03-Header Menu/17- Change Password (old and new didnt match)

2022-11-16 15:51:09 - [TEST_STEP][PASSED] - click(findTestObject("03-Header Menu/User Profile/Users Profile menu and notification button/div_User drop down menu button")): Object: 'Object Repository/03-Header Menu/User Profile/Users Profile menu and notification button/div_User drop down menu button' is clicked on

2022-11-16 15:51:09 - [MESSAGE][PASSED] - Object: 'Object Repository/03-Header Menu/User Profile/Users Profile menu and notification button/div_User drop down menu button' is clicked on

2022-11-16 15:51:09 - [TEST_STEP][PASSED] - delay(2): Delayed 2 second(s)

2022-11-16 15:51:11 - [MESSAGE][PASSED] - Delayed 2 second(s)

2022-11-16 15:51:11 - [TEST_STEP][PASSED] - click(findTestObject("03-Header Menu/Header Menu Verifications/h4_Change Password")): Object: 'Object Repository/03-Header Menu/Header Menu Verifications/h4_Change Password' is clicked on

2022-11-16 15:51:11 - [MESSAGE][PASSED] - Object: 'Object Repository/03-Header Menu/Header Menu Verifications/h4_Change Password' is clicked on

2022-11-16 15:51:11 - [TEST_STEP][PASSED] - delay(1): Delayed 1 second(s)

2022-11-16 15:51:12 - [MESSAGE][PASSED] - Delayed 1 second(s)

2022-11-16 15:51:12 - [TEST_STEP][PASSED] - setEncryptedText(findTestObject("03-Header Menu/User Profile/Change Password/input_Old password"), "8yFRyszE6U6jvsCn51OQbg=="): Text ****** has been set on object 'Object Repository/03-Header Menu/User Profile/Change Password/input_Old password'

2022-11-16 15:51:13 - [MESSAGE][PASSED] - Text ****** has been set on object 'Object Repository/03-Header Menu/User Profile/Change Password/input_Old password'

2022-11-16 15:51:13 - [TEST_STEP][PASSED] - setText(findTestObject("03-Header Menu/User Profile/Change Password/input_new password"), "wrongformatpass"): Text 'wrongformatpass' is set on object 'Object Repository/03-Header Menu/User Profile/Change Password/input_new password'

2022-11-16 15:51:14 - [MESSAGE][PASSED] - Text 'wrongformatpass' is set on object 'Object Repository/03-Header Menu/User Profile/Change Password/input_new password'

2022-11-16 15:51:14 - [TEST_STEP][PASSED] - setText(findTestObject("03-Header Menu/User Profile/Change Password/input_Confirm password"), "newpassdontmatch"): Text 'newpassdontmatch' is set on object 'Object Repository/03-Header Menu/User Profile/Change Password/input_Confirm password'

2022-11-16 15:51:15 - [MESSAGE][PASSED] - Text 'newpassdontmatch' is set on object 'Object Repository/03-Header Menu/User Profile/Change Password/input_Confirm password'

2022-11-16 15:51:15 - [TEST_STEP][PASSED] - click(findTestObject("03-Header Menu/User Profile/Change Password/input_Old password")): Object: 'Object Repository/03-Header Menu/User Profile/Change Password/input_Old password' is clicked on

2022-11-16 15:51:15 - [MESSAGE][PASSED] - Object: 'Object Repository/03-Header Menu/User Profile/Change Password/input_Old password' is clicked on

2022-11-16 15:51:15 - [TEST_STEP][PASSED] - verifyElementVisible(findTestObject("03-Header Menu/User Profile/Change Password/error_Password must be at least 8 characters")): Object 'Object Repository/03-Header Menu/User Profile/Change Password/error_Password must be at least 8 characters' is visible

2022-11-16 15:51:16 - [MESSAGE][PASSED] - Object 'Object Repository/03-Header Menu/User Profile/Change Password/error_Password must be at least 8 characters' is visible

2022-11-16 15:51:16 - [TEST_STEP][PASSED] - verifyElementVisible(findTestObject("03-Header Menu/User Profile/Change Password/error_Password does not match")): Object 'Object Repository/03-Header Menu/User Profile/Change Password/error_Password does not match' is visible

2022-11-16 15:51:16 - [MESSAGE][PASSED] - Object 'Object Repository/03-Header Menu/User Profile/Change Password/error_Password does not match' is visible

2022-11-16 15:51:16 - [TEST_STEP][PASSED] - verifyElementNotClickable(findTestObject("03-Header Menu/User Profile/Change Password/button_Change Password")): Object 'Object Repository/03-Header Menu/User Profile/Change Password/button_Change Password' is NOT clickable

2022-11-16 15:51:16 - [MESSAGE][PASSED] - Object 'Object Repository/03-Header Menu/User Profile/Change Password/button_Change Password' is NOT clickable

2022-11-16 15:51:16 - [TEST_STEP][PASSED] - delay(2): Delayed 2 second(s)

2022-11-16 15:51:18 - [MESSAGE][PASSED] - Delayed 2 second(s)]]></system-out>
         <system-err><![CDATA[]]></system-err>
      </testcase>
      <testcase name="Test Cases/03-Header Menu/18-Change Password(Positive Scenario)" time="110.265" classname="Test Cases/03-Header Menu/18-Change Password(Positive Scenario)" status="PASSED">
         <system-out><![CDATA[2022-11-16 15:51:18 - [TEST_CASE][PASSED] - Test Cases/03-Header Menu/18-Change Password(Positive Scenario): Test Cases/03-Header Menu/18-Change Password(Positive Scenario)

2022-11-16 15:51:19 - [TEST_STEP][PASSED] - setEncryptedText(findTestObject("03-Header Menu/User Profile/Change Password/input_Old password"), "8yFRyszE6U6jvsCn51OQbg=="): Text ****** has been set on object 'Object Repository/03-Header Menu/User Profile/Change Password/input_Old password'

2022-11-16 15:51:20 - [MESSAGE][PASSED] - Text ****** has been set on object 'Object Repository/03-Header Menu/User Profile/Change Password/input_Old password'

2022-11-16 15:51:20 - [TEST_STEP][PASSED] - setEncryptedText(findTestObject("03-Header Menu/User Profile/Change Password/input_new password"), "SYb/3ow/20+o2oI9OaGCEA=="): Text ****** has been set on object 'Object Repository/03-Header Menu/User Profile/Change Password/input_new password'

2022-11-16 15:51:20 - [MESSAGE][PASSED] - Text ****** has been set on object 'Object Repository/03-Header Menu/User Profile/Change Password/input_new password'

2022-11-16 15:51:20 - [TEST_STEP][PASSED] - setEncryptedText(findTestObject("03-Header Menu/User Profile/Change Password/input_Confirm password"), "SYb/3ow/20+o2oI9OaGCEA=="): Text ****** has been set on object 'Object Repository/03-Header Menu/User Profile/Change Password/input_Confirm password'

2022-11-16 15:51:21 - [MESSAGE][PASSED] - Text ****** has been set on object 'Object Repository/03-Header Menu/User Profile/Change Password/input_Confirm password'

2022-11-16 15:51:21 - [TEST_STEP][PASSED] - click(findTestObject("03-Header Menu/User Profile/Change Password/button_Change Password")): Object: 'Object Repository/03-Header Menu/User Profile/Change Password/button_Change Password' is clicked on

2022-11-16 15:51:22 - [MESSAGE][PASSED] - Object: 'Object Repository/03-Header Menu/User Profile/Change Password/button_Change Password' is clicked on

2022-11-16 15:51:22 - [TEST_STEP][PASSED] - verifyElementVisible(findTestObject("03-Header Menu/User Profile/Change Password/Successfully changed password")): Object 'Object Repository/03-Header Menu/User Profile/Change Password/Successfully changed password' is visible

2022-11-16 15:51:23 - [MESSAGE][PASSED] - Object 'Object Repository/03-Header Menu/User Profile/Change Password/Successfully changed password' is visible

2022-11-16 15:51:23 - [TEST_STEP][PASSED] - delay(2): Delayed 2 second(s)

2022-11-16 15:51:25 - [MESSAGE][PASSED] - Delayed 2 second(s)

2022-11-16 15:51:25 - [TEST_STEP][PASSED] - click(findTestObject("03-Header Menu/User Profile/Users Profile menu and notification button/div_User drop down menu button")): Object: 'Object Repository/03-Header Menu/User Profile/Users Profile menu and notification button/div_User drop down menu button' is clicked on

2022-11-16 15:51:26 - [MESSAGE][PASSED] - Object: 'Object Repository/03-Header Menu/User Profile/Users Profile menu and notification button/div_User drop down menu button' is clicked on

2022-11-16 15:51:26 - [TEST_STEP][PASSED] - delay(2): Delayed 2 second(s)

2022-11-16 15:51:28 - [MESSAGE][PASSED] - Delayed 2 second(s)

2022-11-16 15:51:28 - [TEST_STEP][PASSED] - click(findTestObject("03-Header Menu/Header Menu Verifications/h4_Sign Out")): Object: 'Object Repository/03-Header Menu/Header Menu Verifications/h4_Sign Out' is clicked on

2022-11-16 15:51:29 - [MESSAGE][PASSED] - Object: 'Object Repository/03-Header Menu/Header Menu Verifications/h4_Sign Out' is clicked on

2022-11-16 15:51:29 - [TEST_STEP][PASSED] - delay(2): Delayed 2 second(s)

2022-11-16 15:51:31 - [MESSAGE][PASSED] - Delayed 2 second(s)

2022-11-16 15:51:31 - [TEST_STEP][PASSED] - closeBrowser(): Browser is closed

2022-11-16 15:51:31 - [MESSAGE][PASSED] - Browser is closed

2022-11-16 15:51:31 - [TEST_STEP][PASSED] - openBrowser(""): Browser is opened with url: ''

2022-11-16 15:51:31 - [MESSAGE][INFO] - Starting 'Chrome' driver

2022-11-16 15:51:31 - [MESSAGE][INFO] - Action delay is set to 0 milliseconds

2022-11-16 15:51:32 - [MESSAGE][PASSED] - Browser is opened with url: ''

2022-11-16 15:51:32 - [TEST_STEP][PASSED] - navigateToUrl("https://lab.everleagues.com/"): Navigate to 'https://lab.everleagues.com/' successfully

2022-11-16 15:52:15 - [MESSAGE][PASSED] - Navigate to 'https://lab.everleagues.com/' successfully

2022-11-16 15:52:15 - [TEST_STEP][PASSED] - maximizeWindow(): Current window maximized

2022-11-16 15:52:15 - [MESSAGE][PASSED] - Current window maximized

2022-11-16 15:52:15 - [TEST_STEP][PASSED] - setText(findTestObject("02-Side Icons(Organization)/Add Contact/Email Field"), "testuser02@mailinator.com"): Text 'testuser02@mailinator.com' is set on object 'Object Repository/02-Side Icons(Organization)/Add Contact/Email Field'

2022-11-16 15:52:16 - [MESSAGE][PASSED] - Text 'testuser02@mailinator.com' is set on object 'Object Repository/02-Side Icons(Organization)/Add Contact/Email Field'

2022-11-16 15:52:16 - [TEST_STEP][PASSED] - setEncryptedText(findTestObject("02-Side Icons(Organization)/Add Contact/Password Field"), "SYb/3ow/20+o2oI9OaGCEA=="): Text ****** has been set on object 'Object Repository/02-Side Icons(Organization)/Add Contact/Password Field'

2022-11-16 15:52:16 - [MESSAGE][PASSED] - Text ****** has been set on object 'Object Repository/02-Side Icons(Organization)/Add Contact/Password Field'

2022-11-16 15:52:16 - [TEST_STEP][PASSED] - click(findTestObject("02-Side Icons(Organization)/Add Contact/button_Sign in")): Object: 'Object Repository/02-Side Icons(Organization)/Add Contact/button_Sign in' is clicked on

2022-11-16 15:52:17 - [MESSAGE][PASSED] - Object: 'Object Repository/02-Side Icons(Organization)/Add Contact/button_Sign in' is clicked on

2022-11-16 15:52:17 - [TEST_STEP][PASSED] - delay(2): Delayed 2 second(s)

2022-11-16 15:52:19 - [MESSAGE][PASSED] - Delayed 2 second(s)

2022-11-16 15:52:19 - [TEST_STEP][PASSED] - click(findTestObject("06-Teams/For 2FA/button_Confirm_2FA")): Object: 'Object Repository/06-Teams/For 2FA/button_Confirm_2FA' is clicked on

2022-11-16 15:52:19 - [MESSAGE][PASSED] - Object: 'Object Repository/06-Teams/For 2FA/button_Confirm_2FA' is clicked on

2022-11-16 15:52:19 - [TEST_STEP][PASSED] - executeJavaScript("window.open();", []): Execute JavaScript 'window.open();' successfully

2022-11-16 15:52:20 - [MESSAGE][PASSED] - Execute JavaScript 'window.open();' successfully

2022-11-16 15:52:20 - [TEST_STEP][PASSED] - currentWindow = getWindowIndex(): Current window's index is: 0

2022-11-16 15:52:20 - [MESSAGE][PASSED] - Current window's index is: 0

2022-11-16 15:52:20 - [TEST_STEP][PASSED] - delay(3): Delayed 3 second(s)

2022-11-16 15:52:23 - [MESSAGE][PASSED] - Delayed 3 second(s)

2022-11-16 15:52:23 - [TEST_STEP][PASSED] - switchToWindowIndex(currentWindow + 1): Switched to window with index: '1'

2022-11-16 15:52:23 - [MESSAGE][PASSED] - Switched to window with index: '1'

2022-11-16 15:52:23 - [TEST_STEP][PASSED] - navigateToUrl("https://www.mailinator.com/"): Navigate to 'https://www.mailinator.com/' successfully

2022-11-16 15:52:25 - [MESSAGE][PASSED] - Navigate to 'https://www.mailinator.com/' successfully

2022-11-16 15:52:25 - [TEST_STEP][PASSED] - delay(3): Delayed 3 second(s)

2022-11-16 15:52:28 - [MESSAGE][PASSED] - Delayed 3 second(s)

2022-11-16 15:52:28 - [TEST_STEP][PASSED] - setText(findTestObject("00-Signup and Activation/zMailinator/input_LOGIN_search"), "testuser02@mailinator.com"): Text 'testuser02@mailinator.com' is set on object 'Object Repository/00-Signup and Activation/zMailinator/input_LOGIN_search'

2022-11-16 15:52:28 - [MESSAGE][PASSED] - Text 'testuser02@mailinator.com' is set on object 'Object Repository/00-Signup and Activation/zMailinator/input_LOGIN_search'

2022-11-16 15:52:28 - [TEST_STEP][PASSED] - click(findTestObject("00-Signup and Activation/zMailinator/gobutton"), STOP_ON_FAILURE): Object: 'Object Repository/00-Signup and Activation/zMailinator/gobutton' is clicked on

2022-11-16 15:52:31 - [MESSAGE][PASSED] - Object: 'Object Repository/00-Signup and Activation/zMailinator/gobutton' is clicked on

2022-11-16 15:52:31 - [TEST_STEP][PASSED] - delay(3): Delayed 3 second(s)

2022-11-16 15:52:34 - [MESSAGE][PASSED] - Delayed 3 second(s)

2022-11-16 15:52:34 - [TEST_STEP][PASSED] - click(findTestObject("00-Signup and Activation/zMailinator/Email - everleagues")): Object: 'Object Repository/00-Signup and Activation/zMailinator/Email - everleagues' is clicked on

2022-11-16 15:52:34 - [MESSAGE][PASSED] - Object: 'Object Repository/00-Signup and Activation/zMailinator/Email - everleagues' is clicked on

2022-11-16 15:52:34 - [TEST_STEP][PASSED] - delay(3): Delayed 3 second(s)

2022-11-16 15:52:37 - [MESSAGE][PASSED] - Delayed 3 second(s)

2022-11-16 15:52:37 - [TEST_STEP][PASSED] - code = getText(findTestObject("Object Repository/06-Teams/For 2FA/2FA code")): Text of object 'Object Repository/06-Teams/For 2FA/2FA code' is: '770649'

2022-11-16 15:52:37 - [MESSAGE][PASSED] - Text of object 'Object Repository/06-Teams/For 2FA/2FA code' is: '770649'

2022-11-16 15:52:37 - [TEST_STEP][PASSED] - delay(3): Delayed 3 second(s)

2022-11-16 15:52:40 - [MESSAGE][PASSED] - Delayed 3 second(s)

2022-11-16 15:52:40 - [TEST_STEP][PASSED] - closeWindowTitle("Mailinator"): Window with title: 'Mailinator' is closed

2022-11-16 15:52:41 - [MESSAGE][PASSED] - Window with title: 'Mailinator' is closed

2022-11-16 15:52:41 - [TEST_STEP][PASSED] - delay(3): Delayed 3 second(s)

2022-11-16 15:52:44 - [MESSAGE][PASSED] - Delayed 3 second(s)

2022-11-16 15:52:44 - [TEST_STEP][PASSED] - switchToWindowIndex(0): Switched to window with index: '0'

2022-11-16 15:52:44 - [MESSAGE][PASSED] - Switched to window with index: '0'

2022-11-16 15:52:44 - [TEST_STEP][PASSED] - delay(3): Delayed 3 second(s)

2022-11-16 15:52:47 - [MESSAGE][PASSED] - Delayed 3 second(s)

2022-11-16 15:52:47 - [TEST_STEP][PASSED] - setText(findTestObject("Object Repository/06-Teams/For 2FA/input_Enter verification code_code"), code): Text '770649' is set on object 'Object Repository/06-Teams/For 2FA/input_Enter verification code_code'

2022-11-16 15:52:47 - [MESSAGE][PASSED] - Text '770649' is set on object 'Object Repository/06-Teams/For 2FA/input_Enter verification code_code'

2022-11-16 15:52:47 - [TEST_STEP][PASSED] - delay(3): Delayed 3 second(s)

2022-11-16 15:52:50 - [MESSAGE][PASSED] - Delayed 3 second(s)

2022-11-16 15:52:50 - [TEST_STEP][PASSED] - click(findTestObject("06-Teams/For 2FA/button_Verify_2FA")): Object: 'Object Repository/06-Teams/For 2FA/button_Verify_2FA' is clicked on

2022-11-16 15:52:51 - [MESSAGE][PASSED] - Object: 'Object Repository/06-Teams/For 2FA/button_Verify_2FA' is clicked on

2022-11-16 15:52:51 - [TEST_STEP][PASSED] - delay(5): Delayed 5 second(s)

2022-11-16 15:52:56 - [MESSAGE][PASSED] - Delayed 5 second(s)

2022-11-16 15:52:56 - [TEST_STEP][PASSED] - click(findTestObject("03-Header Menu/User Profile/Users Profile menu and notification button/div_User drop down menu button")): Object: 'Object Repository/03-Header Menu/User Profile/Users Profile menu and notification button/div_User drop down menu button' is clicked on

2022-11-16 15:52:57 - [MESSAGE][PASSED] - Object: 'Object Repository/03-Header Menu/User Profile/Users Profile menu and notification button/div_User drop down menu button' is clicked on

2022-11-16 15:52:57 - [TEST_STEP][PASSED] - delay(2): Delayed 2 second(s)

2022-11-16 15:52:59 - [MESSAGE][PASSED] - Delayed 2 second(s)

2022-11-16 15:52:59 - [TEST_STEP][PASSED] - click(findTestObject("03-Header Menu/Header Menu Verifications/h4_Change Password")): Object: 'Object Repository/03-Header Menu/Header Menu Verifications/h4_Change Password' is clicked on

2022-11-16 15:52:59 - [MESSAGE][PASSED] - Object: 'Object Repository/03-Header Menu/Header Menu Verifications/h4_Change Password' is clicked on

2022-11-16 15:52:59 - [TEST_STEP][PASSED] - verifyElementVisible(findTestObject("03-Header Menu/User Profile/Change Password/h4_Change Password")): Object 'Object Repository/03-Header Menu/User Profile/Change Password/h4_Change Password' is visible

2022-11-16 15:53:00 - [MESSAGE][PASSED] - Object 'Object Repository/03-Header Menu/User Profile/Change Password/h4_Change Password' is visible

2022-11-16 15:53:00 - [TEST_STEP][PASSED] - delay(2): Delayed 2 second(s)

2022-11-16 15:53:02 - [MESSAGE][PASSED] - Delayed 2 second(s)

2022-11-16 15:53:02 - [TEST_STEP][PASSED] - setEncryptedText(findTestObject("03-Header Menu/User Profile/Change Password/input_Old password"), "SYb/3ow/20+o2oI9OaGCEA=="): Text ****** has been set on object 'Object Repository/03-Header Menu/User Profile/Change Password/input_Old password'

2022-11-16 15:53:03 - [MESSAGE][PASSED] - Text ****** has been set on object 'Object Repository/03-Header Menu/User Profile/Change Password/input_Old password'

2022-11-16 15:53:03 - [TEST_STEP][PASSED] - setEncryptedText(findTestObject("03-Header Menu/User Profile/Change Password/input_new password"), "8yFRyszE6U6jvsCn51OQbg=="): Text ****** has been set on object 'Object Repository/03-Header Menu/User Profile/Change Password/input_new password'

2022-11-16 15:53:03 - [MESSAGE][PASSED] - Text ****** has been set on object 'Object Repository/03-Header Menu/User Profile/Change Password/input_new password'

2022-11-16 15:53:03 - [TEST_STEP][PASSED] - setEncryptedText(findTestObject("03-Header Menu/User Profile/Change Password/input_Confirm password"), "8yFRyszE6U6jvsCn51OQbg=="): Text ****** has been set on object 'Object Repository/03-Header Menu/User Profile/Change Password/input_Confirm password'

2022-11-16 15:53:04 - [MESSAGE][PASSED] - Text ****** has been set on object 'Object Repository/03-Header Menu/User Profile/Change Password/input_Confirm password'

2022-11-16 15:53:04 - [TEST_STEP][PASSED] - click(findTestObject("03-Header Menu/User Profile/Change Password/button_Change Password")): Object: 'Object Repository/03-Header Menu/User Profile/Change Password/button_Change Password' is clicked on

2022-11-16 15:53:04 - [MESSAGE][PASSED] - Object: 'Object Repository/03-Header Menu/User Profile/Change Password/button_Change Password' is clicked on

2022-11-16 15:53:04 - [TEST_STEP][PASSED] - verifyElementVisible(findTestObject("03-Header Menu/User Profile/Change Password/Successfully changed password")): Object 'Object Repository/03-Header Menu/User Profile/Change Password/Successfully changed password' is visible

2022-11-16 15:53:06 - [MESSAGE][PASSED] - Object 'Object Repository/03-Header Menu/User Profile/Change Password/Successfully changed password' is visible

2022-11-16 15:53:06 - [TEST_STEP][PASSED] - delay(2): Delayed 2 second(s)

2022-11-16 15:53:08 - [MESSAGE][PASSED] - Delayed 2 second(s)

2022-11-16 15:53:08 - [TEST_STEP][PASSED] - closeBrowser(): Browser is closed

2022-11-16 15:53:09 - [MESSAGE][PASSED] - Browser is closed]]></system-out>
         <system-err><![CDATA[]]></system-err>
      </testcase>
      <system-out><![CDATA[2022-11-16 15:41:54 - [TEST_SUITE][PASSED] - 03-Header Menu: Test Cases/03-Header Menu/18-Change Password(Positive Scenario)]]></system-out>
      <system-err><![CDATA[]]></system-err>
   </testsuite>
</testsuites>
