<?xml version="1.0" encoding="UTF-8"?>
<testsuites name="02-Side Icons" time="253.737" tests="4" failures="0" errors="0">
   <testsuite name="02-Side Icons" tests="4" failures="0" errors="0" time="253.737" skipped="0" timestamp="2023-02-13 11:33:48" hostname="asus - DESKTOP-3L3J9C1" id="Test Suites/TS-Organization/02-Side Icons">
      <properties>
         <property name="deviceName" value=""/>
         <property name="devicePlatform" value=""/>
         <property name="logFolder" value="C:\\Users\\asus\\Katalon Studio\\Everleagues\\Everleagues\\Reports\\20230213_113334\\TS-Organization\\02-Side Icons\\20230213_113334"/>
         <property name="logFiles" value="C:\\Users\\asus\\Katalon Studio\\Everleagues\\Everleagues\\Reports\\20230213_113334\\TS-Organization\\02-Side Icons\\20230213_113334\\execution0.log"/>
         <property name="attachments" value=""/>
         <property name="hostName" value="asus - DESKTOP-3L3J9C1"/>
         <property name="os" value="Windows 10 64bit"/>
         <property name="katalonVersion" value="8.4.1.208"/>
         <property name="browser" value="Chrome 109.0.0.0"/>
         <property name="hostAddress" value="10.5.0.2"/>
         <property name="sessionId" value="069405be00d2a586042aaf148bb638f3"/>
         <property name="seleniumVersion" value="3.141.59"/>
         <property name="proxyInformation" value="ProxyInformation { proxyOption=NO_PROXY, proxyServerType=HTTP, username=, password=********, proxyServerAddress=, proxyServerPort=0, executionList=&quot;&quot;, isApplyToDesiredCapabilities=true }"/>
         <property name="platform" value="Windows 10"/>
      </properties>
      <testcase name="Test Cases/02-Side Icons (Organization)/01- (Add Contact)" time="190.997" classname="Test Cases/02-Side Icons (Organization)/01- (Add Contact)" status="PASSED">
         <system-out><![CDATA[2023-02-13 11:33:49 - [TEST_CASE][PASSED] - Test Cases/02-Side Icons (Organization)/01- (Add Contact): Test Cases/02-Side Icons (Organization)/01- (Add Contact)

2023-02-13 11:33:52 - [TEST_STEP][PASSED] - openBrowser(""): Browser is opened with url: ''

2023-02-13 11:33:54 - [MESSAGE][INFO] - Starting 'Chrome' driver

2023-02-13 11:33:54 - [MESSAGE][INFO] - Action delay is set to 0 milliseconds

2023-02-13 11:34:08 - [MESSAGE][PASSED] - Browser is opened with url: ''

2023-02-13 11:34:08 - [TEST_STEP][PASSED] - navigateToUrl("https://lab.everleagues.com/login?returnUrl=%2Fmain%2Fdashboard"): Navigate to 'https://lab.everleagues.com/login?returnUrl=%2Fmain%2Fdashboard' successfully

2023-02-13 11:34:36 - [MESSAGE][PASSED] - Navigate to 'https://lab.everleagues.com/login?returnUrl=%2Fmain%2Fdashboard' successfully

2023-02-13 11:34:36 - [TEST_STEP][PASSED] - maximizeWindow(): Current window maximized

2023-02-13 11:34:37 - [MESSAGE][PASSED] - Current window maximized

2023-02-13 11:34:37 - [TEST_STEP][PASSED] - callTestCase(findTestCase("01-Login and Forgot Password/04-Login(Valid Credentials-With Subscription)"), [:], STOP_ON_FAILURE): Call Test Case 'Test Cases/01-Login and Forgot Password/04-Login(Valid Credentials-With Subscription)' successfully

2023-02-13 11:34:37 - [TEST_CASE][PASSED] - Test Cases/01-Login and Forgot Password/04-Login(Valid Credentials-With Subscription): Test Cases/01-Login and Forgot Password/04-Login(Valid Credentials-With Subscription)

2023-02-13 11:34:39 - [TEST_STEP][PASSED] - setText(findTestObject("01-Login and Forgot Password/input_Email_email"), "testuser02@mailinator.com"): Text 'testuser02@mailinator.com' is set on object 'Object Repository/01-Login and Forgot Password/input_Email_email'

2023-02-13 11:34:43 - [MESSAGE][PASSED] - Text 'testuser02@mailinator.com' is set on object 'Object Repository/01-Login and Forgot Password/input_Email_email'

2023-02-13 11:34:43 - [TEST_STEP][PASSED] - setEncryptedText(findTestObject("01-Login and Forgot Password/input_Email_password"), "8yFRyszE6U6jvsCn51OQbg=="): Text ****** has been set on object 'Object Repository/01-Login and Forgot Password/input_Email_password'

2023-02-13 11:34:45 - [MESSAGE][PASSED] - Text ****** has been set on object 'Object Repository/01-Login and Forgot Password/input_Email_password'

2023-02-13 11:34:45 - [TEST_STEP][PASSED] - delay(2): Delayed 2 second(s)

2023-02-13 11:34:47 - [MESSAGE][PASSED] - Delayed 2 second(s)

2023-02-13 11:34:47 - [TEST_STEP][PASSED] - click(findTestObject("01-Login and Forgot Password/show pass button")): Object: 'Object Repository/01-Login and Forgot Password/show pass button' is clicked on

2023-02-13 11:34:48 - [MESSAGE][PASSED] - Object: 'Object Repository/01-Login and Forgot Password/show pass button' is clicked on

2023-02-13 11:34:48 - [TEST_STEP][PASSED] - delay(3): Delayed 3 second(s)

2023-02-13 11:34:51 - [MESSAGE][PASSED] - Delayed 3 second(s)

2023-02-13 11:34:51 - [TEST_STEP][PASSED] - click(findTestObject("01-Login and Forgot Password/button_Sign in")): Object: 'Object Repository/01-Login and Forgot Password/button_Sign in' is clicked on

2023-02-13 11:34:54 - [MESSAGE][PASSED] - Object: 'Object Repository/01-Login and Forgot Password/button_Sign in' is clicked on

2023-02-13 11:34:54 - [TEST_STEP][PASSED] - delay(3): Delayed 3 second(s)

2023-02-13 11:34:57 - [MESSAGE][PASSED] - Delayed 3 second(s)

2023-02-13 11:34:57 - [TEST_STEP][PASSED] - click(findTestObject("06-Teams/For 2FA/button_Confirm_2FA")): Object: 'Object Repository/06-Teams/For 2FA/button_Confirm_2FA' is clicked on

2023-02-13 11:34:58 - [MESSAGE][PASSED] - Object: 'Object Repository/06-Teams/For 2FA/button_Confirm_2FA' is clicked on

2023-02-13 11:34:58 - [TEST_STEP][PASSED] - executeJavaScript("window.open();", []): Execute JavaScript 'window.open();' successfully

2023-02-13 11:35:00 - [MESSAGE][PASSED] - Execute JavaScript 'window.open();' successfully

2023-02-13 11:35:00 - [TEST_STEP][PASSED] - currentWindow = getWindowIndex(): Current window's index is: 0

2023-02-13 11:35:00 - [MESSAGE][PASSED] - Current window's index is: 0

2023-02-13 11:35:00 - [TEST_STEP][PASSED] - delay(3): Delayed 3 second(s)

2023-02-13 11:35:03 - [MESSAGE][PASSED] - Delayed 3 second(s)

2023-02-13 11:35:03 - [TEST_STEP][PASSED] - switchToWindowIndex(currentWindow + 1): Switched to window with index: '1'

2023-02-13 11:35:03 - [MESSAGE][PASSED] - Switched to window with index: '1'

2023-02-13 11:35:03 - [TEST_STEP][PASSED] - navigateToUrl("https://www.mailinator.com/"): Navigate to 'https://www.mailinator.com/' successfully

2023-02-13 11:35:21 - [MESSAGE][PASSED] - Navigate to 'https://www.mailinator.com/' successfully

2023-02-13 11:35:21 - [TEST_STEP][PASSED] - delay(3): Delayed 3 second(s)

2023-02-13 11:35:24 - [MESSAGE][PASSED] - Delayed 3 second(s)

2023-02-13 11:35:24 - [TEST_STEP][PASSED] - setText(findTestObject("00-Signup and Activation/zMailinator/input_LOGIN_search"), "testuser02@mailinator.com"): Text 'testuser02@mailinator.com' is set on object 'Object Repository/00-Signup and Activation/zMailinator/input_LOGIN_search'

2023-02-13 11:35:26 - [MESSAGE][PASSED] - Text 'testuser02@mailinator.com' is set on object 'Object Repository/00-Signup and Activation/zMailinator/input_LOGIN_search'

2023-02-13 11:35:26 - [TEST_STEP][PASSED] - click(findTestObject("00-Signup and Activation/zMailinator/gobutton"), STOP_ON_FAILURE): Object: 'Object Repository/00-Signup and Activation/zMailinator/gobutton' is clicked on

2023-02-13 11:35:32 - [MESSAGE][PASSED] - Object: 'Object Repository/00-Signup and Activation/zMailinator/gobutton' is clicked on

2023-02-13 11:35:32 - [TEST_STEP][PASSED] - delay(3): Delayed 3 second(s)

2023-02-13 11:35:35 - [MESSAGE][PASSED] - Delayed 3 second(s)

2023-02-13 11:35:35 - [TEST_STEP][PASSED] - click(findTestObject("00-Signup and Activation/zMailinator/Email - everleagues")): Object: 'Object Repository/00-Signup and Activation/zMailinator/Email - everleagues' is clicked on

2023-02-13 11:35:37 - [MESSAGE][PASSED] - Object: 'Object Repository/00-Signup and Activation/zMailinator/Email - everleagues' is clicked on

2023-02-13 11:35:37 - [TEST_STEP][PASSED] - delay(3): Delayed 3 second(s)

2023-02-13 11:35:40 - [MESSAGE][PASSED] - Delayed 3 second(s)

2023-02-13 11:35:40 - [TEST_STEP][PASSED] - code = getText(findTestObject("Object Repository/06-Teams/For 2FA/2FA code")): Text of object 'Object Repository/06-Teams/For 2FA/2FA code' is: '006854'

2023-02-13 11:35:42 - [MESSAGE][PASSED] - Text of object 'Object Repository/06-Teams/For 2FA/2FA code' is: '006854'

2023-02-13 11:35:42 - [TEST_STEP][PASSED] - delay(3): Delayed 3 second(s)

2023-02-13 11:35:45 - [MESSAGE][PASSED] - Delayed 3 second(s)

2023-02-13 11:35:45 - [TEST_STEP][PASSED] - closeWindowTitle("Mailinator"): Window with title: 'Mailinator' is closed

2023-02-13 11:35:46 - [MESSAGE][PASSED] - Window with title: 'Mailinator' is closed

2023-02-13 11:35:46 - [TEST_STEP][PASSED] - delay(3): Delayed 3 second(s)

2023-02-13 11:35:49 - [MESSAGE][PASSED] - Delayed 3 second(s)

2023-02-13 11:35:49 - [TEST_STEP][PASSED] - switchToWindowIndex(0): Switched to window with index: '0'

2023-02-13 11:35:49 - [MESSAGE][PASSED] - Switched to window with index: '0'

2023-02-13 11:35:49 - [TEST_STEP][PASSED] - delay(3): Delayed 3 second(s)

2023-02-13 11:35:52 - [MESSAGE][PASSED] - Delayed 3 second(s)

2023-02-13 11:35:52 - [TEST_STEP][PASSED] - setText(findTestObject("Object Repository/06-Teams/For 2FA/input_Enter verification code_code"), code): Text '006854' is set on object 'Object Repository/06-Teams/For 2FA/input_Enter verification code_code'

2023-02-13 11:35:55 - [MESSAGE][PASSED] - Text '006854' is set on object 'Object Repository/06-Teams/For 2FA/input_Enter verification code_code'

2023-02-13 11:35:55 - [TEST_STEP][PASSED] - delay(3): Delayed 3 second(s)

2023-02-13 11:35:58 - [MESSAGE][PASSED] - Delayed 3 second(s)

2023-02-13 11:35:58 - [TEST_STEP][PASSED] - click(findTestObject("06-Teams/For 2FA/button_Verify_2FA")): Object: 'Object Repository/06-Teams/For 2FA/button_Verify_2FA' is clicked on

2023-02-13 11:36:01 - [MESSAGE][PASSED] - Object: 'Object Repository/06-Teams/For 2FA/button_Verify_2FA' is clicked on

2023-02-13 11:36:01 - [TEST_STEP][PASSED] - delay(3): Delayed 3 second(s)

2023-02-13 11:36:04 - [MESSAGE][PASSED] - Delayed 3 second(s)

2023-02-13 11:36:06 - [MESSAGE][PASSED] - Call Test Case 'Test Cases/01-Login and Forgot Password/04-Login(Valid Credentials-With Subscription)' successfully

2023-02-13 11:36:06 - [TEST_STEP][PASSED] - click(findTestObject("02-Side Icons(Organization)/Add Contact/Side Menu double arrow icon")): Object: 'Object Repository/02-Side Icons(Organization)/Add Contact/Side Menu double arrow icon' is clicked on

2023-02-13 11:36:14 - [MESSAGE][PASSED] - Object: 'Object Repository/02-Side Icons(Organization)/Add Contact/Side Menu double arrow icon' is clicked on

2023-02-13 11:36:14 - [TEST_STEP][PASSED] - delay(2): Delayed 2 second(s)

2023-02-13 11:36:16 - [MESSAGE][PASSED] - Delayed 2 second(s)

2023-02-13 11:36:16 - [TEST_STEP][PASSED] - click(findTestObject("02-Side Icons(Organization)/Add Contact/button_My Organizations")): Object: 'Object Repository/02-Side Icons(Organization)/Add Contact/button_My Organizations' is clicked on

2023-02-13 11:36:17 - [MESSAGE][PASSED] - Object: 'Object Repository/02-Side Icons(Organization)/Add Contact/button_My Organizations' is clicked on

2023-02-13 11:36:17 - [TEST_STEP][PASSED] - delay(2): Delayed 2 second(s)

2023-02-13 11:36:19 - [MESSAGE][PASSED] - Delayed 2 second(s)

2023-02-13 11:36:19 - [TEST_STEP][PASSED] - click(findTestObject("02-Side Icons(Organization)/Add Contact/button_Automation Test Org")): Object: 'Object Repository/02-Side Icons(Organization)/Add Contact/button_Automation Test Org' is clicked on

2023-02-13 11:36:20 - [MESSAGE][PASSED] - Object: 'Object Repository/02-Side Icons(Organization)/Add Contact/button_Automation Test Org' is clicked on

2023-02-13 11:36:20 - [TEST_STEP][PASSED] - delay(2): Delayed 2 second(s)

2023-02-13 11:36:22 - [MESSAGE][PASSED] - Delayed 2 second(s)

2023-02-13 11:36:22 - [TEST_STEP][PASSED] - verifyElementVisible(findTestObject("02-Side Icons(Organization)/Add Contact/span_Automation Test Org")): Object 'Object Repository/02-Side Icons(Organization)/Add Contact/span_Automation Test Org' is visible

2023-02-13 11:36:23 - [MESSAGE][PASSED] - Object 'Object Repository/02-Side Icons(Organization)/Add Contact/span_Automation Test Org' is visible

2023-02-13 11:36:23 - [TEST_STEP][PASSED] - delay(3): Delayed 3 second(s)

2023-02-13 11:36:26 - [MESSAGE][PASSED] - Delayed 3 second(s)

2023-02-13 11:36:26 - [TEST_STEP][PASSED] - click(findTestObject("02-Side Icons(Organization)/Add Contact/button_add new user")): Object: 'Object Repository/02-Side Icons(Organization)/Add Contact/button_add new user' is clicked on

2023-02-13 11:36:29 - [MESSAGE][PASSED] - Object: 'Object Repository/02-Side Icons(Organization)/Add Contact/button_add new user' is clicked on

2023-02-13 11:36:29 - [TEST_STEP][PASSED] - delay(3): Delayed 3 second(s)

2023-02-13 11:36:32 - [MESSAGE][PASSED] - Delayed 3 second(s)

2023-02-13 11:36:32 - [TEST_STEP][PASSED] - verifyElementVisible(findTestObject("02-Side Icons(Organization)/Add Contact/User Invitation modal")): Object 'Object Repository/02-Side Icons(Organization)/Add Contact/User Invitation modal' is visible

2023-02-13 11:36:33 - [MESSAGE][PASSED] - Object 'Object Repository/02-Side Icons(Organization)/Add Contact/User Invitation modal' is visible

2023-02-13 11:36:33 - [TEST_STEP][PASSED] - delay(2): Delayed 2 second(s)

2023-02-13 11:36:35 - [MESSAGE][PASSED] - Delayed 2 second(s)

2023-02-13 11:36:35 - [TEST_STEP][PASSED] - click(findTestObject("02-Side Icons(Organization)/Add Contact/Invite a single user option")): Object: 'Object Repository/02-Side Icons(Organization)/Add Contact/Invite a single user option' is clicked on

2023-02-13 11:36:36 - [MESSAGE][PASSED] - Object: 'Object Repository/02-Side Icons(Organization)/Add Contact/Invite a single user option' is clicked on

2023-02-13 11:36:36 - [TEST_STEP][PASSED] - verifyElementVisible(findTestObject("02-Side Icons(Organization)/Add Contact/Invite New user modal")): Object 'Object Repository/02-Side Icons(Organization)/Add Contact/Invite New user modal' is visible

2023-02-13 11:36:40 - [MESSAGE][PASSED] - Object 'Object Repository/02-Side Icons(Organization)/Add Contact/Invite New user modal' is visible

2023-02-13 11:36:40 - [TEST_STEP][PASSED] - delay(2): Delayed 2 second(s)

2023-02-13 11:36:42 - [MESSAGE][PASSED] - Delayed 2 second(s)

2023-02-13 11:36:42 - [TEST_STEP][PASSED] - click(findTestObject("02-Side Icons(Organization)/Add Contact/button_Cancel")): Object: 'Object Repository/02-Side Icons(Organization)/Add Contact/button_Cancel' is clicked on

2023-02-13 11:36:43 - [MESSAGE][PASSED] - Object: 'Object Repository/02-Side Icons(Organization)/Add Contact/button_Cancel' is clicked on

2023-02-13 11:36:43 - [TEST_STEP][PASSED] - delay(2): Delayed 2 second(s)

2023-02-13 11:36:45 - [MESSAGE][PASSED] - Delayed 2 second(s)

2023-02-13 11:36:45 - [TEST_STEP][PASSED] - click(findTestObject("02-Side Icons(Organization)/Add Contact/button_add new user")): Object: 'Object Repository/02-Side Icons(Organization)/Add Contact/button_add new user' is clicked on

2023-02-13 11:36:46 - [MESSAGE][PASSED] - Object: 'Object Repository/02-Side Icons(Organization)/Add Contact/button_add new user' is clicked on

2023-02-13 11:36:46 - [TEST_STEP][PASSED] - delay(3): Delayed 3 second(s)

2023-02-13 11:36:49 - [MESSAGE][PASSED] - Delayed 3 second(s)

2023-02-13 11:36:49 - [TEST_STEP][PASSED] - verifyElementVisible(findTestObject("02-Side Icons(Organization)/Add Contact/User Invitation modal")): Object 'Object Repository/02-Side Icons(Organization)/Add Contact/User Invitation modal' is visible

2023-02-13 11:36:50 - [MESSAGE][PASSED] - Object 'Object Repository/02-Side Icons(Organization)/Add Contact/User Invitation modal' is visible

2023-02-13 11:36:50 - [TEST_STEP][PASSED] - delay(2): Delayed 2 second(s)

2023-02-13 11:36:52 - [MESSAGE][PASSED] - Delayed 2 second(s)

2023-02-13 11:36:52 - [TEST_STEP][PASSED] - click(findTestObject("02-Side Icons(Organization)/Add Contact/Invite batch user option")): Object: 'Object Repository/02-Side Icons(Organization)/Add Contact/Invite batch user option' is clicked on

2023-02-13 11:36:53 - [MESSAGE][PASSED] - Object: 'Object Repository/02-Side Icons(Organization)/Add Contact/Invite batch user option' is clicked on

2023-02-13 11:36:53 - [TEST_STEP][PASSED] - verifyElementVisible(findTestObject("02-Side Icons(Organization)/Add Contact/Import CSV file modal")): Object 'Object Repository/02-Side Icons(Organization)/Add Contact/Import CSV file modal' is visible

2023-02-13 11:36:54 - [MESSAGE][PASSED] - Object 'Object Repository/02-Side Icons(Organization)/Add Contact/Import CSV file modal' is visible

2023-02-13 11:36:54 - [TEST_STEP][PASSED] - delay(2): Delayed 2 second(s)

2023-02-13 11:36:56 - [MESSAGE][PASSED] - Delayed 2 second(s)

2023-02-13 11:36:56 - [TEST_STEP][PASSED] - click(findTestObject("02-Side Icons(Organization)/Add Contact/button_Cancel")): Object: 'Object Repository/02-Side Icons(Organization)/Add Contact/button_Cancel' is clicked on

2023-02-13 11:36:58 - [MESSAGE][PASSED] - Object: 'Object Repository/02-Side Icons(Organization)/Add Contact/button_Cancel' is clicked on

2023-02-13 11:36:58 - [TEST_STEP][PASSED] - delay(2): Delayed 2 second(s)

2023-02-13 11:37:00 - [MESSAGE][PASSED] - Delayed 2 second(s)]]></system-out>
         <system-err><![CDATA[]]></system-err>
      </testcase>
      <testcase name="Test Cases/02-Side Icons (Organization)/02-(2FA)" time="13.337" classname="Test Cases/02-Side Icons (Organization)/02-(2FA)" status="PASSED">
         <system-out><![CDATA[2023-02-13 11:37:00 - [TEST_CASE][PASSED] - Test Cases/02-Side Icons (Organization)/02-(2FA): Test Cases/02-Side Icons (Organization)/02-(2FA)

2023-02-13 11:37:02 - [TEST_STEP][PASSED] - delay(3): Delayed 3 second(s)

2023-02-13 11:37:05 - [MESSAGE][PASSED] - Delayed 3 second(s)

2023-02-13 11:37:05 - [TEST_STEP][PASSED] - click(findTestObject("02-Side Icons(Organization)/2FA/button_2FA")): Object: 'Object Repository/02-Side Icons(Organization)/2FA/button_2FA' is clicked on

2023-02-13 11:37:07 - [MESSAGE][PASSED] - Object: 'Object Repository/02-Side Icons(Organization)/2FA/button_2FA' is clicked on

2023-02-13 11:37:07 - [TEST_STEP][PASSED] - delay(3): Delayed 3 second(s)

2023-02-13 11:37:10 - [MESSAGE][PASSED] - Delayed 3 second(s)

2023-02-13 11:37:10 - [TEST_STEP][PASSED] - verifyElementVisible(findTestObject("02-Side Icons(Organization)/2FA/span_Two Factor Authentication")): Object 'Object Repository/02-Side Icons(Organization)/2FA/span_Two Factor Authentication' is visible

2023-02-13 11:37:11 - [MESSAGE][PASSED] - Object 'Object Repository/02-Side Icons(Organization)/2FA/span_Two Factor Authentication' is visible

2023-02-13 11:37:11 - [TEST_STEP][PASSED] - delay(3): Delayed 3 second(s)

2023-02-13 11:37:14 - [MESSAGE][PASSED] - Delayed 3 second(s)]]></system-out>
         <system-err><![CDATA[]]></system-err>
      </testcase>
      <testcase name="Test Cases/02-Side Icons (Organization)/03-(Client Assignment)" time="27.055" classname="Test Cases/02-Side Icons (Organization)/03-(Client Assignment)" status="PASSED">
         <system-out><![CDATA[2023-02-13 11:37:14 - [TEST_CASE][PASSED] - Test Cases/02-Side Icons (Organization)/03-(Client Assignment): Test Cases/02-Side Icons (Organization)/03-(Client Assignment)

2023-02-13 11:37:16 - [TEST_STEP][PASSED] - delay(2): Delayed 2 second(s)

2023-02-13 11:37:18 - [MESSAGE][PASSED] - Delayed 2 second(s)

2023-02-13 11:37:18 - [TEST_STEP][PASSED] - click(findTestObject("02-Side Icons(Organization)/Client Assignment/button_Client assignment")): Object: 'Object Repository/02-Side Icons(Organization)/Client Assignment/button_Client assignment' is clicked on

2023-02-13 11:37:31 - [MESSAGE][PASSED] - Object: 'Object Repository/02-Side Icons(Organization)/Client Assignment/button_Client assignment' is clicked on

2023-02-13 11:37:31 - [TEST_STEP][PASSED] - delay(3): Delayed 3 second(s)

2023-02-13 11:37:34 - [MESSAGE][PASSED] - Delayed 3 second(s)

2023-02-13 11:37:34 - [TEST_STEP][PASSED] - verifyElementVisible(findTestObject("02-Side Icons(Organization)/Client Assignment/h4_CLIENT ASSIGNMENT")): Object 'Object Repository/02-Side Icons(Organization)/Client Assignment/h4_CLIENT ASSIGNMENT' is visible

2023-02-13 11:37:35 - [MESSAGE][PASSED] - Object 'Object Repository/02-Side Icons(Organization)/Client Assignment/h4_CLIENT ASSIGNMENT' is visible

2023-02-13 11:37:35 - [TEST_STEP][PASSED] - verifyElementVisible(findTestObject("02-Side Icons(Organization)/Client Assignment/div_By Employee")): Object 'Object Repository/02-Side Icons(Organization)/Client Assignment/div_By Employee' is visible

2023-02-13 11:37:36 - [MESSAGE][PASSED] - Object 'Object Repository/02-Side Icons(Organization)/Client Assignment/div_By Employee' is visible

2023-02-13 11:37:36 - [TEST_STEP][PASSED] - verifyElementVisible(findTestObject("02-Side Icons(Organization)/Client Assignment/div_By Client")): Object 'Object Repository/02-Side Icons(Organization)/Client Assignment/div_By Client' is visible

2023-02-13 11:37:38 - [MESSAGE][PASSED] - Object 'Object Repository/02-Side Icons(Organization)/Client Assignment/div_By Client' is visible

2023-02-13 11:37:38 - [TEST_STEP][PASSED] - delay(3): Delayed 3 second(s)

2023-02-13 11:37:41 - [MESSAGE][PASSED] - Delayed 3 second(s)]]></system-out>
         <system-err><![CDATA[]]></system-err>
      </testcase>
      <testcase name="Test Cases/02-Side Icons (Organization)/04-(Hide Quick Shortcuts)" time="20.64" classname="Test Cases/02-Side Icons (Organization)/04-(Hide Quick Shortcuts)" status="PASSED">
         <system-out><![CDATA[2023-02-13 11:37:41 - [TEST_CASE][PASSED] - Test Cases/02-Side Icons (Organization)/04-(Hide Quick Shortcuts): Test Cases/02-Side Icons (Organization)/04-(Hide Quick Shortcuts)

2023-02-13 11:37:43 - [TEST_STEP][PASSED] - delay(2): Delayed 2 second(s)

2023-02-13 11:37:45 - [MESSAGE][PASSED] - Delayed 2 second(s)

2023-02-13 11:37:45 - [TEST_STEP][PASSED] - click(findTestObject("02-Side Icons(Organization)/Hide Quick Shortcuts/button_hide quick shortcuts")): Object: 'Object Repository/02-Side Icons(Organization)/Hide Quick Shortcuts/button_hide quick shortcuts' is clicked on

2023-02-13 11:37:46 - [MESSAGE][PASSED] - Object: 'Object Repository/02-Side Icons(Organization)/Hide Quick Shortcuts/button_hide quick shortcuts' is clicked on

2023-02-13 11:37:46 - [TEST_STEP][PASSED] - delay(3): Delayed 3 second(s)

2023-02-13 11:37:49 - [MESSAGE][PASSED] - Delayed 3 second(s)

2023-02-13 11:37:49 - [TEST_STEP][PASSED] - verifyElementNotPresent(findTestObject("02-Side Icons(Organization)/2FA/button_2FA"), 0): Web element with id: 'Object Repository/02-Side Icons(Organization)/2FA/button_2FA' located by 'By.xpath: //*[@type = 'button' and (text() = 'security' or . = 'security')]' is not present after '30' second(s)

2023-02-13 11:37:50 - [MESSAGE][WARNING] - Timeout '0' is invalid. Using default page load timeout: '30'

2023-02-13 11:37:51 - [MESSAGE][PASSED] - Web element with id: 'Object Repository/02-Side Icons(Organization)/2FA/button_2FA' located by 'By.xpath: //*[@type = 'button' and (text() = 'security' or . = 'security')]' is not present after '30' second(s)

2023-02-13 11:37:51 - [TEST_STEP][PASSED] - verifyElementNotPresent(findTestObject("02-Side Icons(Organization)/Add Contact/button_add new user"), 0): Web element with id: 'Object Repository/02-Side Icons(Organization)/Add Contact/button_add new user' located by 'By.xpath: //button[@type = 'button' and @ng-reflect-message = 'Invite New User' and (text() = 'person_add' or . = 'person_add')]' is not present after '30' second(s)

2023-02-13 11:37:51 - [MESSAGE][WARNING] - Timeout '0' is invalid. Using default page load timeout: '30'

2023-02-13 11:37:52 - [MESSAGE][PASSED] - Web element with id: 'Object Repository/02-Side Icons(Organization)/Add Contact/button_add new user' located by 'By.xpath: //button[@type = 'button' and @ng-reflect-message = 'Invite New User' and (text() = 'person_add' or . = 'person_add')]' is not present after '30' second(s)

2023-02-13 11:37:52 - [TEST_STEP][PASSED] - verifyElementNotPresent(findTestObject("02-Side Icons(Organization)/Client Assignment/button_Client assignment"), 0): Web element with id: 'Object Repository/02-Side Icons(Organization)/Client Assignment/button_Client assignment' located by 'By.xpath: //button[@permission-type='OU_DELEGATECLIENT_CREATE']' is not present after '30' second(s)

2023-02-13 11:37:52 - [MESSAGE][WARNING] - Timeout '0' is invalid. Using default page load timeout: '30'

2023-02-13 11:37:53 - [MESSAGE][PASSED] - Web element with id: 'Object Repository/02-Side Icons(Organization)/Client Assignment/button_Client assignment' located by 'By.xpath: //button[@permission-type='OU_DELEGATECLIENT_CREATE']' is not present after '30' second(s)

2023-02-13 11:37:53 - [TEST_STEP][PASSED] - delay(3): Delayed 3 second(s)

2023-02-13 11:37:56 - [MESSAGE][PASSED] - Delayed 3 second(s)

2023-02-13 11:37:56 - [TEST_STEP][PASSED] - click(findTestObject("02-Side Icons(Organization)/Hide Quick Shortcuts/button_Show quick shortcuts")): Object: 'Object Repository/02-Side Icons(Organization)/Hide Quick Shortcuts/button_Show quick shortcuts' is clicked on

2023-02-13 11:37:57 - [MESSAGE][PASSED] - Object: 'Object Repository/02-Side Icons(Organization)/Hide Quick Shortcuts/button_Show quick shortcuts' is clicked on

2023-02-13 11:37:57 - [TEST_STEP][PASSED] - verifyElementVisible(findTestObject("02-Side Icons(Organization)/2FA/button_2FA")): Object 'Object Repository/02-Side Icons(Organization)/2FA/button_2FA' is visible

2023-02-13 11:37:58 - [MESSAGE][PASSED] - Object 'Object Repository/02-Side Icons(Organization)/2FA/button_2FA' is visible

2023-02-13 11:37:58 - [TEST_STEP][PASSED] - verifyElementVisible(findTestObject("02-Side Icons(Organization)/Add Contact/button_add new user")): Object 'Object Repository/02-Side Icons(Organization)/Add Contact/button_add new user' is visible

2023-02-13 11:37:59 - [MESSAGE][PASSED] - Object 'Object Repository/02-Side Icons(Organization)/Add Contact/button_add new user' is visible

2023-02-13 11:37:59 - [TEST_STEP][PASSED] - verifyElementVisible(findTestObject("02-Side Icons(Organization)/Client Assignment/button_Client assignment")): Object 'Object Repository/02-Side Icons(Organization)/Client Assignment/button_Client assignment' is visible

2023-02-13 11:37:59 - [MESSAGE][PASSED] - Object 'Object Repository/02-Side Icons(Organization)/Client Assignment/button_Client assignment' is visible

2023-02-13 11:37:59 - [TEST_STEP][PASSED] - delay(0): Delayed 0 second(s)

2023-02-13 11:37:59 - [MESSAGE][PASSED] - Delayed 0 second(s)

2023-02-13 11:37:59 - [TEST_STEP][PASSED] - closeBrowser(): Browser is closed

2023-02-13 11:38:02 - [MESSAGE][PASSED] - Browser is closed]]></system-out>
         <system-err><![CDATA[]]></system-err>
      </testcase>
      <system-out><![CDATA[2023-02-13 11:33:48 - [TEST_SUITE][PASSED] - 02-Side Icons: Test Cases/02-Side Icons (Organization)/04-(Hide Quick Shortcuts)]]></system-out>
      <system-err><![CDATA[]]></system-err>
   </testsuite>
</testsuites>
